[2025-06-13T20:28:00.466-0400] {processor.py:186} INFO - Started process (PID=24507) to work on /Users/pranavr/.pyenv/versions/3.11.6/lib/python3.11/site-packages/airflow/example_dags/example_outlet_event_extra.py
[2025-06-13T20:28:00.468-0400] {processor.py:914} INFO - Processing file /Users/pranavr/.pyenv/versions/3.11.6/lib/python3.11/site-packages/airflow/example_dags/example_outlet_event_extra.py for tasks to queue
[2025-06-13T20:28:00.468-0400] {logging_mixin.py:190} INFO - [2025-06-13T20:28:00.468-0400] {dagbag.py:588} INFO - Filling up the DagBag from /Users/pranavr/.pyenv/versions/3.11.6/lib/python3.11/site-packages/airflow/example_dags/example_outlet_event_extra.py
[2025-06-13T20:28:00.522-0400] {processor.py:925} INFO - DAG(s) 'dataset_with_extra_by_context', 'dataset_with_extra_from_classic_operator', 'dataset_with_extra_by_yield' retrieved from /Users/pranavr/.pyenv/versions/3.11.6/lib/python3.11/site-packages/airflow/example_dags/example_outlet_event_extra.py
[2025-06-13T20:28:00.608-0400] {logging_mixin.py:190} INFO - [2025-06-13T20:28:00.608-0400] {dag.py:3239} INFO - Sync 3 DAGs
[2025-06-13T20:28:00.617-0400] {logging_mixin.py:190} INFO - [2025-06-13T20:28:00.617-0400] {dag.py:4180} INFO - Setting next_dagrun for dataset_with_extra_by_context to 2025-06-13T00:00:00+00:00, run_after=2025-06-14T00:00:00+00:00
[2025-06-13T20:28:00.619-0400] {logging_mixin.py:190} INFO - [2025-06-13T20:28:00.619-0400] {dag.py:4180} INFO - Setting next_dagrun for dataset_with_extra_by_yield to 2025-06-13T00:00:00+00:00, run_after=2025-06-14T00:00:00+00:00
[2025-06-13T20:28:00.620-0400] {logging_mixin.py:190} INFO - [2025-06-13T20:28:00.620-0400] {dag.py:4180} INFO - Setting next_dagrun for dataset_with_extra_from_classic_operator to 2025-06-13T00:00:00+00:00, run_after=2025-06-14T00:00:00+00:00
[2025-06-13T20:28:00.632-0400] {processor.py:208} INFO - Processing /Users/pranavr/.pyenv/versions/3.11.6/lib/python3.11/site-packages/airflow/example_dags/example_outlet_event_extra.py took 167.554 seconds
[2025-06-13T21:27:29.264-0400] {processor.py:186} INFO - Started process (PID=26520) to work on /Users/pranavr/.pyenv/versions/3.11.6/lib/python3.11/site-packages/airflow/example_dags/example_outlet_event_extra.py
[2025-06-13T21:27:29.266-0400] {processor.py:914} INFO - Processing file /Users/pranavr/.pyenv/versions/3.11.6/lib/python3.11/site-packages/airflow/example_dags/example_outlet_event_extra.py for tasks to queue
[2025-06-13T21:27:29.267-0400] {logging_mixin.py:190} INFO - [2025-06-13T21:27:29.267-0400] {dagbag.py:588} INFO - Filling up the DagBag from /Users/pranavr/.pyenv/versions/3.11.6/lib/python3.11/site-packages/airflow/example_dags/example_outlet_event_extra.py
[2025-06-13T21:27:29.315-0400] {processor.py:925} INFO - DAG(s) 'dataset_with_extra_from_classic_operator', 'dataset_with_extra_by_yield', 'dataset_with_extra_by_context' retrieved from /Users/pranavr/.pyenv/versions/3.11.6/lib/python3.11/site-packages/airflow/example_dags/example_outlet_event_extra.py
[2025-06-13T21:27:29.392-0400] {logging_mixin.py:190} INFO - [2025-06-13T21:27:29.392-0400] {dag.py:3239} INFO - Sync 3 DAGs
[2025-06-13T21:27:29.400-0400] {logging_mixin.py:190} INFO - [2025-06-13T21:27:29.400-0400] {dag.py:4180} INFO - Setting next_dagrun for dataset_with_extra_by_context to 2025-06-13T00:00:00+00:00, run_after=2025-06-14T00:00:00+00:00
[2025-06-13T21:27:29.402-0400] {logging_mixin.py:190} INFO - [2025-06-13T21:27:29.402-0400] {dag.py:4180} INFO - Setting next_dagrun for dataset_with_extra_by_yield to 2025-06-13T00:00:00+00:00, run_after=2025-06-14T00:00:00+00:00
[2025-06-13T21:27:29.403-0400] {logging_mixin.py:190} INFO - [2025-06-13T21:27:29.403-0400] {dag.py:4180} INFO - Setting next_dagrun for dataset_with_extra_from_classic_operator to 2025-06-13T00:00:00+00:00, run_after=2025-06-14T00:00:00+00:00
[2025-06-13T21:27:29.413-0400] {processor.py:208} INFO - Processing /Users/pranavr/.pyenv/versions/3.11.6/lib/python3.11/site-packages/airflow/example_dags/example_outlet_event_extra.py took 150.025 seconds
[2025-06-13T21:29:33.558-0400] {processor.py:186} INFO - Started process (PID=26813) to work on /Users/pranavr/.pyenv/versions/3.11.6/lib/python3.11/site-packages/airflow/example_dags/example_outlet_event_extra.py
[2025-06-13T21:29:33.561-0400] {processor.py:914} INFO - Processing file /Users/pranavr/.pyenv/versions/3.11.6/lib/python3.11/site-packages/airflow/example_dags/example_outlet_event_extra.py for tasks to queue
[2025-06-13T21:29:33.561-0400] {logging_mixin.py:190} INFO - [2025-06-13T21:29:33.561-0400] {dagbag.py:588} INFO - Filling up the DagBag from /Users/pranavr/.pyenv/versions/3.11.6/lib/python3.11/site-packages/airflow/example_dags/example_outlet_event_extra.py
[2025-06-13T21:29:33.606-0400] {processor.py:925} INFO - DAG(s) 'dataset_with_extra_from_classic_operator', 'dataset_with_extra_by_yield', 'dataset_with_extra_by_context' retrieved from /Users/pranavr/.pyenv/versions/3.11.6/lib/python3.11/site-packages/airflow/example_dags/example_outlet_event_extra.py
[2025-06-13T21:29:33.688-0400] {logging_mixin.py:190} INFO - [2025-06-13T21:29:33.688-0400] {dag.py:3239} INFO - Sync 3 DAGs
[2025-06-13T21:29:33.696-0400] {logging_mixin.py:190} INFO - [2025-06-13T21:29:33.696-0400] {dag.py:4180} INFO - Setting next_dagrun for dataset_with_extra_by_context to 2025-06-13T00:00:00+00:00, run_after=2025-06-14T00:00:00+00:00
[2025-06-13T21:29:33.699-0400] {logging_mixin.py:190} INFO - [2025-06-13T21:29:33.699-0400] {dag.py:4180} INFO - Setting next_dagrun for dataset_with_extra_by_yield to 2025-06-13T00:00:00+00:00, run_after=2025-06-14T00:00:00+00:00
[2025-06-13T21:29:33.700-0400] {logging_mixin.py:190} INFO - [2025-06-13T21:29:33.700-0400] {dag.py:4180} INFO - Setting next_dagrun for dataset_with_extra_from_classic_operator to 2025-06-13T00:00:00+00:00, run_after=2025-06-14T00:00:00+00:00
[2025-06-13T21:29:33.709-0400] {processor.py:208} INFO - Processing /Users/pranavr/.pyenv/versions/3.11.6/lib/python3.11/site-packages/airflow/example_dags/example_outlet_event_extra.py took 152.382 seconds
[2025-06-13T21:32:55.221-0400] {processor.py:186} INFO - Started process (PID=27224) to work on /Users/pranavr/.pyenv/versions/3.11.6/lib/python3.11/site-packages/airflow/example_dags/example_outlet_event_extra.py
[2025-06-13T21:32:55.224-0400] {processor.py:914} INFO - Processing file /Users/pranavr/.pyenv/versions/3.11.6/lib/python3.11/site-packages/airflow/example_dags/example_outlet_event_extra.py for tasks to queue
[2025-06-13T21:32:55.224-0400] {logging_mixin.py:190} INFO - [2025-06-13T21:32:55.224-0400] {dagbag.py:588} INFO - Filling up the DagBag from /Users/pranavr/.pyenv/versions/3.11.6/lib/python3.11/site-packages/airflow/example_dags/example_outlet_event_extra.py
[2025-06-13T21:32:55.275-0400] {processor.py:925} INFO - DAG(s) 'dataset_with_extra_from_classic_operator', 'dataset_with_extra_by_context', 'dataset_with_extra_by_yield' retrieved from /Users/pranavr/.pyenv/versions/3.11.6/lib/python3.11/site-packages/airflow/example_dags/example_outlet_event_extra.py
[2025-06-13T21:32:55.388-0400] {logging_mixin.py:190} INFO - [2025-06-13T21:32:55.387-0400] {dag.py:3239} INFO - Sync 3 DAGs
[2025-06-13T21:32:55.398-0400] {logging_mixin.py:190} INFO - [2025-06-13T21:32:55.398-0400] {dag.py:4180} INFO - Setting next_dagrun for dataset_with_extra_by_context to 2025-06-13T00:00:00+00:00, run_after=2025-06-14T00:00:00+00:00
[2025-06-13T21:32:55.400-0400] {logging_mixin.py:190} INFO - [2025-06-13T21:32:55.400-0400] {dag.py:4180} INFO - Setting next_dagrun for dataset_with_extra_by_yield to 2025-06-13T00:00:00+00:00, run_after=2025-06-14T00:00:00+00:00
[2025-06-13T21:32:55.402-0400] {logging_mixin.py:190} INFO - [2025-06-13T21:32:55.402-0400] {dag.py:4180} INFO - Setting next_dagrun for dataset_with_extra_from_classic_operator to 2025-06-13T00:00:00+00:00, run_after=2025-06-14T00:00:00+00:00
[2025-06-13T21:32:55.415-0400] {processor.py:208} INFO - Processing /Users/pranavr/.pyenv/versions/3.11.6/lib/python3.11/site-packages/airflow/example_dags/example_outlet_event_extra.py took 195.125 seconds
[2025-06-13T21:40:24.731-0400] {processor.py:186} INFO - Started process (PID=28413) to work on /Users/pranavr/.pyenv/versions/3.11.6/lib/python3.11/site-packages/airflow/example_dags/example_outlet_event_extra.py
[2025-06-13T21:40:24.734-0400] {processor.py:914} INFO - Processing file /Users/pranavr/.pyenv/versions/3.11.6/lib/python3.11/site-packages/airflow/example_dags/example_outlet_event_extra.py for tasks to queue
[2025-06-13T21:40:24.734-0400] {logging_mixin.py:190} INFO - [2025-06-13T21:40:24.734-0400] {dagbag.py:588} INFO - Filling up the DagBag from /Users/pranavr/.pyenv/versions/3.11.6/lib/python3.11/site-packages/airflow/example_dags/example_outlet_event_extra.py
[2025-06-13T21:40:24.781-0400] {processor.py:925} INFO - DAG(s) 'dataset_with_extra_by_yield', 'dataset_with_extra_from_classic_operator', 'dataset_with_extra_by_context' retrieved from /Users/pranavr/.pyenv/versions/3.11.6/lib/python3.11/site-packages/airflow/example_dags/example_outlet_event_extra.py
[2025-06-13T21:40:24.866-0400] {logging_mixin.py:190} INFO - [2025-06-13T21:40:24.865-0400] {dag.py:3239} INFO - Sync 3 DAGs
[2025-06-13T21:40:24.874-0400] {logging_mixin.py:190} INFO - [2025-06-13T21:40:24.874-0400] {dag.py:4180} INFO - Setting next_dagrun for dataset_with_extra_by_context to 2025-06-13T00:00:00+00:00, run_after=2025-06-14T00:00:00+00:00
[2025-06-13T21:40:24.876-0400] {logging_mixin.py:190} INFO - [2025-06-13T21:40:24.876-0400] {dag.py:4180} INFO - Setting next_dagrun for dataset_with_extra_by_yield to 2025-06-13T00:00:00+00:00, run_after=2025-06-14T00:00:00+00:00
[2025-06-13T21:40:24.877-0400] {logging_mixin.py:190} INFO - [2025-06-13T21:40:24.877-0400] {dag.py:4180} INFO - Setting next_dagrun for dataset_with_extra_from_classic_operator to 2025-06-13T00:00:00+00:00, run_after=2025-06-14T00:00:00+00:00
[2025-06-13T21:40:24.886-0400] {processor.py:208} INFO - Processing /Users/pranavr/.pyenv/versions/3.11.6/lib/python3.11/site-packages/airflow/example_dags/example_outlet_event_extra.py took 155.684 seconds
[2025-06-13T21:42:27.031-0400] {processor.py:186} INFO - Started process (PID=29006) to work on /Users/pranavr/.pyenv/versions/3.11.6/lib/python3.11/site-packages/airflow/example_dags/example_outlet_event_extra.py
[2025-06-13T21:42:27.033-0400] {processor.py:914} INFO - Processing file /Users/pranavr/.pyenv/versions/3.11.6/lib/python3.11/site-packages/airflow/example_dags/example_outlet_event_extra.py for tasks to queue
[2025-06-13T21:42:27.034-0400] {logging_mixin.py:190} INFO - [2025-06-13T21:42:27.034-0400] {dagbag.py:588} INFO - Filling up the DagBag from /Users/pranavr/.pyenv/versions/3.11.6/lib/python3.11/site-packages/airflow/example_dags/example_outlet_event_extra.py
[2025-06-13T21:42:27.082-0400] {processor.py:925} INFO - DAG(s) 'dataset_with_extra_from_classic_operator', 'dataset_with_extra_by_yield', 'dataset_with_extra_by_context' retrieved from /Users/pranavr/.pyenv/versions/3.11.6/lib/python3.11/site-packages/airflow/example_dags/example_outlet_event_extra.py
[2025-06-13T21:42:27.169-0400] {logging_mixin.py:190} INFO - [2025-06-13T21:42:27.169-0400] {dag.py:3239} INFO - Sync 3 DAGs
[2025-06-13T21:42:27.177-0400] {logging_mixin.py:190} INFO - [2025-06-13T21:42:27.177-0400] {dag.py:4180} INFO - Setting next_dagrun for dataset_with_extra_by_context to 2025-06-13T00:00:00+00:00, run_after=2025-06-14T00:00:00+00:00
[2025-06-13T21:42:27.179-0400] {logging_mixin.py:190} INFO - [2025-06-13T21:42:27.179-0400] {dag.py:4180} INFO - Setting next_dagrun for dataset_with_extra_by_yield to 2025-06-13T00:00:00+00:00, run_after=2025-06-14T00:00:00+00:00
[2025-06-13T21:42:27.180-0400] {logging_mixin.py:190} INFO - [2025-06-13T21:42:27.179-0400] {dag.py:4180} INFO - Setting next_dagrun for dataset_with_extra_from_classic_operator to 2025-06-13T00:00:00+00:00, run_after=2025-06-14T00:00:00+00:00
[2025-06-13T21:42:27.191-0400] {processor.py:208} INFO - Processing /Users/pranavr/.pyenv/versions/3.11.6/lib/python3.11/site-packages/airflow/example_dags/example_outlet_event_extra.py took 160.950 seconds
