[2025-06-13T21:28:15.394-0400] {processor.py:186} INFO - Started process (PID=26633) to work on /Users/pranavr/.pyenv/versions/3.11.6/lib/python3.11/site-packages/airflow/example_dags/example_bash_operator.py
[2025-06-13T21:28:15.397-0400] {processor.py:914} INFO - Processing file /Users/pranavr/.pyenv/versions/3.11.6/lib/python3.11/site-packages/airflow/example_dags/example_bash_operator.py for tasks to queue
[2025-06-13T21:28:15.397-0400] {logging_mixin.py:190} INFO - [2025-06-13T21:28:15.397-0400] {dagbag.py:588} INFO - Filling up the DagBag from /Users/pranavr/.pyenv/versions/3.11.6/lib/python3.11/site-packages/airflow/example_dags/example_bash_operator.py
[2025-06-13T21:28:15.405-0400] {processor.py:925} INFO - DAG(s) 'example_bash_operator' retrieved from /Users/pranavr/.pyenv/versions/3.11.6/lib/python3.11/site-packages/airflow/example_dags/example_bash_operator.py
[2025-06-13T21:28:15.497-0400] {logging_mixin.py:190} INFO - [2025-06-13T21:28:15.497-0400] {dag.py:3239} INFO - Sync 1 DAGs
[2025-06-13T21:28:15.504-0400] {logging_mixin.py:190} INFO - [2025-06-13T21:28:15.504-0400] {dag.py:4180} INFO - Setting next_dagrun for example_bash_operator to 2025-06-13T00:00:00+00:00, run_after=2025-06-14T00:00:00+00:00
[2025-06-13T21:28:15.515-0400] {processor.py:208} INFO - Processing /Users/pranavr/.pyenv/versions/3.11.6/lib/python3.11/site-packages/airflow/example_dags/example_bash_operator.py took 123.075 seconds
[2025-06-13T21:31:25.787-0400] {processor.py:186} INFO - Started process (PID=27036) to work on /Users/pranavr/.pyenv/versions/3.11.6/lib/python3.11/site-packages/airflow/example_dags/example_bash_operator.py
[2025-06-13T21:31:25.789-0400] {processor.py:914} INFO - Processing file /Users/pranavr/.pyenv/versions/3.11.6/lib/python3.11/site-packages/airflow/example_dags/example_bash_operator.py for tasks to queue
[2025-06-13T21:31:25.790-0400] {logging_mixin.py:190} INFO - [2025-06-13T21:31:25.789-0400] {dagbag.py:588} INFO - Filling up the DagBag from /Users/pranavr/.pyenv/versions/3.11.6/lib/python3.11/site-packages/airflow/example_dags/example_bash_operator.py
[2025-06-13T21:31:25.799-0400] {processor.py:925} INFO - DAG(s) 'example_bash_operator' retrieved from /Users/pranavr/.pyenv/versions/3.11.6/lib/python3.11/site-packages/airflow/example_dags/example_bash_operator.py
[2025-06-13T21:31:25.896-0400] {logging_mixin.py:190} INFO - [2025-06-13T21:31:25.896-0400] {dag.py:3239} INFO - Sync 1 DAGs
[2025-06-13T21:31:25.905-0400] {logging_mixin.py:190} INFO - [2025-06-13T21:31:25.905-0400] {dag.py:4180} INFO - Setting next_dagrun for example_bash_operator to 2025-06-13T00:00:00+00:00, run_after=2025-06-14T00:00:00+00:00
[2025-06-13T21:31:25.914-0400] {processor.py:208} INFO - Processing /Users/pranavr/.pyenv/versions/3.11.6/lib/python3.11/site-packages/airflow/example_dags/example_bash_operator.py took 129.338 seconds
[2025-06-13T21:35:01.363-0400] {processor.py:186} INFO - Started process (PID=27378) to work on /Users/pranavr/.pyenv/versions/3.11.6/lib/python3.11/site-packages/airflow/example_dags/example_bash_operator.py
[2025-06-13T21:35:01.365-0400] {processor.py:914} INFO - Processing file /Users/pranavr/.pyenv/versions/3.11.6/lib/python3.11/site-packages/airflow/example_dags/example_bash_operator.py for tasks to queue
[2025-06-13T21:35:01.366-0400] {logging_mixin.py:190} INFO - [2025-06-13T21:35:01.366-0400] {dagbag.py:588} INFO - Filling up the DagBag from /Users/pranavr/.pyenv/versions/3.11.6/lib/python3.11/site-packages/airflow/example_dags/example_bash_operator.py
[2025-06-13T21:35:01.373-0400] {processor.py:925} INFO - DAG(s) 'example_bash_operator' retrieved from /Users/pranavr/.pyenv/versions/3.11.6/lib/python3.11/site-packages/airflow/example_dags/example_bash_operator.py
[2025-06-13T21:35:01.456-0400] {logging_mixin.py:190} INFO - [2025-06-13T21:35:01.456-0400] {dag.py:3239} INFO - Sync 1 DAGs
[2025-06-13T21:35:01.464-0400] {logging_mixin.py:190} INFO - [2025-06-13T21:35:01.464-0400] {dag.py:4180} INFO - Setting next_dagrun for example_bash_operator to 2025-06-13T00:00:00+00:00, run_after=2025-06-14T00:00:00+00:00
[2025-06-13T21:35:01.475-0400] {processor.py:208} INFO - Processing /Users/pranavr/.pyenv/versions/3.11.6/lib/python3.11/site-packages/airflow/example_dags/example_bash_operator.py took 113.282 seconds
[2025-06-13T21:41:09.573-0400] {processor.py:186} INFO - Started process (PID=28716) to work on /Users/pranavr/.pyenv/versions/3.11.6/lib/python3.11/site-packages/airflow/example_dags/example_bash_operator.py
[2025-06-13T21:41:09.575-0400] {processor.py:914} INFO - Processing file /Users/pranavr/.pyenv/versions/3.11.6/lib/python3.11/site-packages/airflow/example_dags/example_bash_operator.py for tasks to queue
[2025-06-13T21:41:09.576-0400] {logging_mixin.py:190} INFO - [2025-06-13T21:41:09.576-0400] {dagbag.py:588} INFO - Filling up the DagBag from /Users/pranavr/.pyenv/versions/3.11.6/lib/python3.11/site-packages/airflow/example_dags/example_bash_operator.py
[2025-06-13T21:41:09.583-0400] {processor.py:925} INFO - DAG(s) 'example_bash_operator' retrieved from /Users/pranavr/.pyenv/versions/3.11.6/lib/python3.11/site-packages/airflow/example_dags/example_bash_operator.py
[2025-06-13T21:41:09.673-0400] {logging_mixin.py:190} INFO - [2025-06-13T21:41:09.673-0400] {dag.py:3239} INFO - Sync 1 DAGs
[2025-06-13T21:41:09.683-0400] {logging_mixin.py:190} INFO - [2025-06-13T21:41:09.683-0400] {dag.py:4180} INFO - Setting next_dagrun for example_bash_operator to 2025-06-13T00:00:00+00:00, run_after=2025-06-14T00:00:00+00:00
[2025-06-13T21:41:09.693-0400] {processor.py:208} INFO - Processing /Users/pranavr/.pyenv/versions/3.11.6/lib/python3.11/site-packages/airflow/example_dags/example_bash_operator.py took 121.135 seconds
