[2025-06-13T20:27:48.477-0400] {processor.py:186} INFO - Started process (PID=24451) to work on /Users/pranavr/.pyenv/versions/3.11.6/lib/python3.11/site-packages/airflow/example_dags/example_python_operator.py
[2025-06-13T20:27:48.479-0400] {processor.py:914} INFO - Processing file /Users/pranavr/.pyenv/versions/3.11.6/lib/python3.11/site-packages/airflow/example_dags/example_python_operator.py for tasks to queue
[2025-06-13T20:27:48.480-0400] {logging_mixin.py:190} INFO - [2025-06-13T20:27:48.480-0400] {dagbag.py:588} INFO - Filling up the DagBag from /Users/pranavr/.pyenv/versions/3.11.6/lib/python3.11/site-packages/airflow/example_dags/example_python_operator.py
[2025-06-13T20:27:48.497-0400] {logging_mixin.py:190} INFO - [2025-06-13T20:27:48.496-0400] {example_python_operator.py:93} WARNING - The virtalenv_python example task requires virtualenv, please install it.
[2025-06-13T20:27:48.501-0400] {processor.py:925} INFO - DAG(s) 'example_python_operator' retrieved from /Users/pranavr/.pyenv/versions/3.11.6/lib/python3.11/site-packages/airflow/example_dags/example_python_operator.py
[2025-06-13T20:27:48.592-0400] {logging_mixin.py:190} INFO - [2025-06-13T20:27:48.592-0400] {dag.py:3239} INFO - Sync 1 DAGs
[2025-06-13T20:27:48.597-0400] {logging_mixin.py:190} INFO - [2025-06-13T20:27:48.597-0400] {dag.py:4180} INFO - Setting next_dagrun for example_python_operator to None, run_after=None
[2025-06-13T20:27:48.608-0400] {processor.py:208} INFO - Processing /Users/pranavr/.pyenv/versions/3.11.6/lib/python3.11/site-packages/airflow/example_dags/example_python_operator.py took 132.385 seconds
[2025-06-13T21:27:19.259-0400] {processor.py:186} INFO - Started process (PID=26469) to work on /Users/pranavr/.pyenv/versions/3.11.6/lib/python3.11/site-packages/airflow/example_dags/example_python_operator.py
[2025-06-13T21:27:19.262-0400] {processor.py:914} INFO - Processing file /Users/pranavr/.pyenv/versions/3.11.6/lib/python3.11/site-packages/airflow/example_dags/example_python_operator.py for tasks to queue
[2025-06-13T21:27:19.263-0400] {logging_mixin.py:190} INFO - [2025-06-13T21:27:19.263-0400] {dagbag.py:588} INFO - Filling up the DagBag from /Users/pranavr/.pyenv/versions/3.11.6/lib/python3.11/site-packages/airflow/example_dags/example_python_operator.py
[2025-06-13T21:27:19.277-0400] {logging_mixin.py:190} INFO - [2025-06-13T21:27:19.277-0400] {example_python_operator.py:93} WARNING - The virtalenv_python example task requires virtualenv, please install it.
[2025-06-13T21:27:19.285-0400] {processor.py:925} INFO - DAG(s) 'example_python_operator' retrieved from /Users/pranavr/.pyenv/versions/3.11.6/lib/python3.11/site-packages/airflow/example_dags/example_python_operator.py
[2025-06-13T21:27:19.363-0400] {logging_mixin.py:190} INFO - [2025-06-13T21:27:19.363-0400] {dag.py:3239} INFO - Sync 1 DAGs
[2025-06-13T21:27:19.368-0400] {logging_mixin.py:190} INFO - [2025-06-13T21:27:19.368-0400] {dag.py:4180} INFO - Setting next_dagrun for example_python_operator to None, run_after=None
[2025-06-13T21:27:19.377-0400] {processor.py:208} INFO - Processing /Users/pranavr/.pyenv/versions/3.11.6/lib/python3.11/site-packages/airflow/example_dags/example_python_operator.py took 119.732 seconds
[2025-06-13T21:29:23.375-0400] {processor.py:186} INFO - Started process (PID=26801) to work on /Users/pranavr/.pyenv/versions/3.11.6/lib/python3.11/site-packages/airflow/example_dags/example_python_operator.py
[2025-06-13T21:29:23.377-0400] {processor.py:914} INFO - Processing file /Users/pranavr/.pyenv/versions/3.11.6/lib/python3.11/site-packages/airflow/example_dags/example_python_operator.py for tasks to queue
[2025-06-13T21:29:23.378-0400] {logging_mixin.py:190} INFO - [2025-06-13T21:29:23.378-0400] {dagbag.py:588} INFO - Filling up the DagBag from /Users/pranavr/.pyenv/versions/3.11.6/lib/python3.11/site-packages/airflow/example_dags/example_python_operator.py
[2025-06-13T21:29:23.389-0400] {logging_mixin.py:190} INFO - [2025-06-13T21:29:23.388-0400] {example_python_operator.py:93} WARNING - The virtalenv_python example task requires virtualenv, please install it.
[2025-06-13T21:29:23.392-0400] {processor.py:925} INFO - DAG(s) 'example_python_operator' retrieved from /Users/pranavr/.pyenv/versions/3.11.6/lib/python3.11/site-packages/airflow/example_dags/example_python_operator.py
[2025-06-13T21:29:23.468-0400] {logging_mixin.py:190} INFO - [2025-06-13T21:29:23.468-0400] {dag.py:3239} INFO - Sync 1 DAGs
[2025-06-13T21:29:23.473-0400] {logging_mixin.py:190} INFO - [2025-06-13T21:29:23.473-0400] {dag.py:4180} INFO - Setting next_dagrun for example_python_operator to None, run_after=None
[2025-06-13T21:29:23.482-0400] {processor.py:208} INFO - Processing /Users/pranavr/.pyenv/versions/3.11.6/lib/python3.11/site-packages/airflow/example_dags/example_python_operator.py took 108.491 seconds
[2025-06-13T21:32:43.509-0400] {processor.py:186} INFO - Started process (PID=27212) to work on /Users/pranavr/.pyenv/versions/3.11.6/lib/python3.11/site-packages/airflow/example_dags/example_python_operator.py
[2025-06-13T21:32:43.512-0400] {processor.py:914} INFO - Processing file /Users/pranavr/.pyenv/versions/3.11.6/lib/python3.11/site-packages/airflow/example_dags/example_python_operator.py for tasks to queue
[2025-06-13T21:32:43.512-0400] {logging_mixin.py:190} INFO - [2025-06-13T21:32:43.512-0400] {dagbag.py:588} INFO - Filling up the DagBag from /Users/pranavr/.pyenv/versions/3.11.6/lib/python3.11/site-packages/airflow/example_dags/example_python_operator.py
[2025-06-13T21:32:43.535-0400] {logging_mixin.py:190} INFO - [2025-06-13T21:32:43.535-0400] {example_python_operator.py:93} WARNING - The virtalenv_python example task requires virtualenv, please install it.
[2025-06-13T21:32:43.537-0400] {processor.py:925} INFO - DAG(s) 'example_python_operator' retrieved from /Users/pranavr/.pyenv/versions/3.11.6/lib/python3.11/site-packages/airflow/example_dags/example_python_operator.py
[2025-06-13T21:32:43.626-0400] {logging_mixin.py:190} INFO - [2025-06-13T21:32:43.626-0400] {dag.py:3239} INFO - Sync 1 DAGs
[2025-06-13T21:32:43.631-0400] {logging_mixin.py:190} INFO - [2025-06-13T21:32:43.631-0400] {dag.py:4180} INFO - Setting next_dagrun for example_python_operator to None, run_after=None
[2025-06-13T21:32:43.641-0400] {processor.py:208} INFO - Processing /Users/pranavr/.pyenv/versions/3.11.6/lib/python3.11/site-packages/airflow/example_dags/example_python_operator.py took 133.157 seconds
[2025-06-13T21:34:32.024-0400] {processor.py:186} INFO - Started process (PID=27344) to work on /Users/pranavr/.pyenv/versions/3.11.6/lib/python3.11/site-packages/airflow/example_dags/example_python_operator.py
[2025-06-13T21:34:32.052-0400] {processor.py:914} INFO - Processing file /Users/pranavr/.pyenv/versions/3.11.6/lib/python3.11/site-packages/airflow/example_dags/example_python_operator.py for tasks to queue
[2025-06-13T21:34:32.053-0400] {logging_mixin.py:190} INFO - [2025-06-13T21:34:32.053-0400] {dagbag.py:588} INFO - Filling up the DagBag from /Users/pranavr/.pyenv/versions/3.11.6/lib/python3.11/site-packages/airflow/example_dags/example_python_operator.py
[2025-06-13T21:34:32.075-0400] {logging_mixin.py:190} INFO - [2025-06-13T21:34:32.074-0400] {example_python_operator.py:93} WARNING - The virtalenv_python example task requires virtualenv, please install it.
[2025-06-13T21:34:32.077-0400] {processor.py:925} INFO - DAG(s) 'example_python_operator' retrieved from /Users/pranavr/.pyenv/versions/3.11.6/lib/python3.11/site-packages/airflow/example_dags/example_python_operator.py
[2025-06-13T21:34:32.170-0400] {logging_mixin.py:190} INFO - [2025-06-13T21:34:32.170-0400] {dag.py:3239} INFO - Sync 1 DAGs
[2025-06-13T21:34:32.178-0400] {logging_mixin.py:190} INFO - [2025-06-13T21:34:32.178-0400] {dag.py:4180} INFO - Setting next_dagrun for example_python_operator to None, run_after=None
[2025-06-13T21:34:32.191-0400] {processor.py:208} INFO - Processing /Users/pranavr/.pyenv/versions/3.11.6/lib/python3.11/site-packages/airflow/example_dags/example_python_operator.py took 168.550 seconds
[2025-06-13T21:40:14.585-0400] {processor.py:186} INFO - Started process (PID=28388) to work on /Users/pranavr/.pyenv/versions/3.11.6/lib/python3.11/site-packages/airflow/example_dags/example_python_operator.py
[2025-06-13T21:40:14.587-0400] {processor.py:914} INFO - Processing file /Users/pranavr/.pyenv/versions/3.11.6/lib/python3.11/site-packages/airflow/example_dags/example_python_operator.py for tasks to queue
[2025-06-13T21:40:14.587-0400] {logging_mixin.py:190} INFO - [2025-06-13T21:40:14.587-0400] {dagbag.py:588} INFO - Filling up the DagBag from /Users/pranavr/.pyenv/versions/3.11.6/lib/python3.11/site-packages/airflow/example_dags/example_python_operator.py
[2025-06-13T21:40:14.598-0400] {logging_mixin.py:190} INFO - [2025-06-13T21:40:14.598-0400] {example_python_operator.py:93} WARNING - The virtalenv_python example task requires virtualenv, please install it.
[2025-06-13T21:40:14.600-0400] {processor.py:925} INFO - DAG(s) 'example_python_operator' retrieved from /Users/pranavr/.pyenv/versions/3.11.6/lib/python3.11/site-packages/airflow/example_dags/example_python_operator.py
[2025-06-13T21:40:14.680-0400] {logging_mixin.py:190} INFO - [2025-06-13T21:40:14.680-0400] {dag.py:3239} INFO - Sync 1 DAGs
[2025-06-13T21:40:14.686-0400] {logging_mixin.py:190} INFO - [2025-06-13T21:40:14.686-0400] {dag.py:4180} INFO - Setting next_dagrun for example_python_operator to None, run_after=None
[2025-06-13T21:40:14.694-0400] {processor.py:208} INFO - Processing /Users/pranavr/.pyenv/versions/3.11.6/lib/python3.11/site-packages/airflow/example_dags/example_python_operator.py took 110.836 seconds
[2025-06-13T21:42:17.275-0400] {processor.py:186} INFO - Started process (PID=28845) to work on /Users/pranavr/.pyenv/versions/3.11.6/lib/python3.11/site-packages/airflow/example_dags/example_python_operator.py
[2025-06-13T21:42:17.277-0400] {processor.py:914} INFO - Processing file /Users/pranavr/.pyenv/versions/3.11.6/lib/python3.11/site-packages/airflow/example_dags/example_python_operator.py for tasks to queue
[2025-06-13T21:42:17.278-0400] {logging_mixin.py:190} INFO - [2025-06-13T21:42:17.277-0400] {dagbag.py:588} INFO - Filling up the DagBag from /Users/pranavr/.pyenv/versions/3.11.6/lib/python3.11/site-packages/airflow/example_dags/example_python_operator.py
[2025-06-13T21:42:17.289-0400] {logging_mixin.py:190} INFO - [2025-06-13T21:42:17.289-0400] {example_python_operator.py:93} WARNING - The virtalenv_python example task requires virtualenv, please install it.
[2025-06-13T21:42:17.291-0400] {processor.py:925} INFO - DAG(s) 'example_python_operator' retrieved from /Users/pranavr/.pyenv/versions/3.11.6/lib/python3.11/site-packages/airflow/example_dags/example_python_operator.py
[2025-06-13T21:42:17.377-0400] {logging_mixin.py:190} INFO - [2025-06-13T21:42:17.377-0400] {dag.py:3239} INFO - Sync 1 DAGs
[2025-06-13T21:42:17.382-0400] {logging_mixin.py:190} INFO - [2025-06-13T21:42:17.382-0400] {dag.py:4180} INFO - Setting next_dagrun for example_python_operator to None, run_after=None
[2025-06-13T21:42:17.390-0400] {processor.py:208} INFO - Processing /Users/pranavr/.pyenv/versions/3.11.6/lib/python3.11/site-packages/airflow/example_dags/example_python_operator.py took 116.315 seconds
