[2025-06-13T20:07:45.208-0400] {processor.py:186} INFO - Started process (PID=24393) to work on /Users/pranavr/.pyenv/versions/3.11.6/lib/python3.11/site-packages/airflow/example_dags/example_setup_teardown_taskflow.py
[2025-06-13T20:07:45.210-0400] {processor.py:914} INFO - Processing file /Users/pranavr/.pyenv/versions/3.11.6/lib/python3.11/site-packages/airflow/example_dags/example_setup_teardown_taskflow.py for tasks to queue
[2025-06-13T20:07:45.210-0400] {logging_mixin.py:190} INFO - [2025-06-13T20:07:45.210-0400] {dagbag.py:588} INFO - Filling up the DagBag from /Users/pranavr/.pyenv/versions/3.11.6/lib/python3.11/site-packages/airflow/example_dags/example_setup_teardown_taskflow.py
[2025-06-13T20:07:45.239-0400] {processor.py:925} INFO - DAG(s) 'example_setup_teardown_taskflow' retrieved from /Users/pranavr/.pyenv/versions/3.11.6/lib/python3.11/site-packages/airflow/example_dags/example_setup_teardown_taskflow.py
[2025-06-13T20:07:45.319-0400] {logging_mixin.py:190} INFO - [2025-06-13T20:07:45.319-0400] {dag.py:3239} INFO - Sync 1 DAGs
[2025-06-13T20:07:45.325-0400] {logging_mixin.py:190} INFO - [2025-06-13T20:07:45.325-0400] {dag.py:4180} INFO - Setting next_dagrun for example_setup_teardown_taskflow to None, run_after=None
[2025-06-13T20:07:45.335-0400] {processor.py:208} INFO - Processing /Users/pranavr/.pyenv/versions/3.11.6/lib/python3.11/site-packages/airflow/example_dags/example_setup_teardown_taskflow.py took 128.786 seconds
[2025-06-13T21:26:31.483-0400] {processor.py:186} INFO - Started process (PID=26383) to work on /Users/pranavr/.pyenv/versions/3.11.6/lib/python3.11/site-packages/airflow/example_dags/example_setup_teardown_taskflow.py
[2025-06-13T21:26:31.485-0400] {processor.py:914} INFO - Processing file /Users/pranavr/.pyenv/versions/3.11.6/lib/python3.11/site-packages/airflow/example_dags/example_setup_teardown_taskflow.py for tasks to queue
[2025-06-13T21:26:31.486-0400] {logging_mixin.py:190} INFO - [2025-06-13T21:26:31.486-0400] {dagbag.py:588} INFO - Filling up the DagBag from /Users/pranavr/.pyenv/versions/3.11.6/lib/python3.11/site-packages/airflow/example_dags/example_setup_teardown_taskflow.py
[2025-06-13T21:26:31.504-0400] {processor.py:925} INFO - DAG(s) 'example_setup_teardown_taskflow' retrieved from /Users/pranavr/.pyenv/versions/3.11.6/lib/python3.11/site-packages/airflow/example_dags/example_setup_teardown_taskflow.py
[2025-06-13T21:26:31.589-0400] {logging_mixin.py:190} INFO - [2025-06-13T21:26:31.589-0400] {dag.py:3239} INFO - Sync 1 DAGs
[2025-06-13T21:26:31.596-0400] {logging_mixin.py:190} INFO - [2025-06-13T21:26:31.596-0400] {dag.py:4180} INFO - Setting next_dagrun for example_setup_teardown_taskflow to None, run_after=None
[2025-06-13T21:26:31.608-0400] {processor.py:208} INFO - Processing /Users/pranavr/.pyenv/versions/3.11.6/lib/python3.11/site-packages/airflow/example_dags/example_setup_teardown_taskflow.py took 128.812 seconds
[2025-06-13T21:29:15.167-0400] {processor.py:186} INFO - Started process (PID=26792) to work on /Users/pranavr/.pyenv/versions/3.11.6/lib/python3.11/site-packages/airflow/example_dags/example_setup_teardown_taskflow.py
[2025-06-13T21:29:15.169-0400] {processor.py:914} INFO - Processing file /Users/pranavr/.pyenv/versions/3.11.6/lib/python3.11/site-packages/airflow/example_dags/example_setup_teardown_taskflow.py for tasks to queue
[2025-06-13T21:29:15.170-0400] {logging_mixin.py:190} INFO - [2025-06-13T21:29:15.170-0400] {dagbag.py:588} INFO - Filling up the DagBag from /Users/pranavr/.pyenv/versions/3.11.6/lib/python3.11/site-packages/airflow/example_dags/example_setup_teardown_taskflow.py
[2025-06-13T21:29:15.188-0400] {processor.py:925} INFO - DAG(s) 'example_setup_teardown_taskflow' retrieved from /Users/pranavr/.pyenv/versions/3.11.6/lib/python3.11/site-packages/airflow/example_dags/example_setup_teardown_taskflow.py
[2025-06-13T21:29:15.272-0400] {logging_mixin.py:190} INFO - [2025-06-13T21:29:15.272-0400] {dag.py:3239} INFO - Sync 1 DAGs
[2025-06-13T21:29:15.280-0400] {logging_mixin.py:190} INFO - [2025-06-13T21:29:15.280-0400] {dag.py:4180} INFO - Setting next_dagrun for example_setup_teardown_taskflow to None, run_after=None
[2025-06-13T21:29:15.290-0400] {processor.py:208} INFO - Processing /Users/pranavr/.pyenv/versions/3.11.6/lib/python3.11/site-packages/airflow/example_dags/example_setup_teardown_taskflow.py took 125.440 seconds
[2025-06-13T21:30:48.777-0400] {processor.py:186} INFO - Started process (PID=26949) to work on /Users/pranavr/.pyenv/versions/3.11.6/lib/python3.11/site-packages/airflow/example_dags/example_setup_teardown_taskflow.py
[2025-06-13T21:30:48.782-0400] {processor.py:914} INFO - Processing file /Users/pranavr/.pyenv/versions/3.11.6/lib/python3.11/site-packages/airflow/example_dags/example_setup_teardown_taskflow.py for tasks to queue
[2025-06-13T21:30:48.784-0400] {logging_mixin.py:190} INFO - [2025-06-13T21:30:48.784-0400] {dagbag.py:588} INFO - Filling up the DagBag from /Users/pranavr/.pyenv/versions/3.11.6/lib/python3.11/site-packages/airflow/example_dags/example_setup_teardown_taskflow.py
[2025-06-13T21:30:48.814-0400] {processor.py:925} INFO - DAG(s) 'example_setup_teardown_taskflow' retrieved from /Users/pranavr/.pyenv/versions/3.11.6/lib/python3.11/site-packages/airflow/example_dags/example_setup_teardown_taskflow.py
[2025-06-13T21:30:48.908-0400] {logging_mixin.py:190} INFO - [2025-06-13T21:30:48.907-0400] {dag.py:3239} INFO - Sync 1 DAGs
[2025-06-13T21:30:48.914-0400] {logging_mixin.py:190} INFO - [2025-06-13T21:30:48.914-0400] {dag.py:4180} INFO - Setting next_dagrun for example_setup_teardown_taskflow to None, run_after=None
[2025-06-13T21:30:48.924-0400] {processor.py:208} INFO - Processing /Users/pranavr/.pyenv/versions/3.11.6/lib/python3.11/site-packages/airflow/example_dags/example_setup_teardown_taskflow.py took 149.577 seconds
[2025-06-13T21:32:27.391-0400] {processor.py:186} INFO - Started process (PID=27176) to work on /Users/pranavr/.pyenv/versions/3.11.6/lib/python3.11/site-packages/airflow/example_dags/example_setup_teardown_taskflow.py
[2025-06-13T21:32:27.393-0400] {processor.py:914} INFO - Processing file /Users/pranavr/.pyenv/versions/3.11.6/lib/python3.11/site-packages/airflow/example_dags/example_setup_teardown_taskflow.py for tasks to queue
[2025-06-13T21:32:27.394-0400] {logging_mixin.py:190} INFO - [2025-06-13T21:32:27.394-0400] {dagbag.py:588} INFO - Filling up the DagBag from /Users/pranavr/.pyenv/versions/3.11.6/lib/python3.11/site-packages/airflow/example_dags/example_setup_teardown_taskflow.py
[2025-06-13T21:32:27.415-0400] {processor.py:925} INFO - DAG(s) 'example_setup_teardown_taskflow' retrieved from /Users/pranavr/.pyenv/versions/3.11.6/lib/python3.11/site-packages/airflow/example_dags/example_setup_teardown_taskflow.py
[2025-06-13T21:32:27.509-0400] {logging_mixin.py:190} INFO - [2025-06-13T21:32:27.509-0400] {dag.py:3239} INFO - Sync 1 DAGs
[2025-06-13T21:32:27.514-0400] {logging_mixin.py:190} INFO - [2025-06-13T21:32:27.514-0400] {dag.py:4180} INFO - Setting next_dagrun for example_setup_teardown_taskflow to None, run_after=None
[2025-06-13T21:32:27.524-0400] {processor.py:208} INFO - Processing /Users/pranavr/.pyenv/versions/3.11.6/lib/python3.11/site-packages/airflow/example_dags/example_setup_teardown_taskflow.py took 135.330 seconds
[2025-06-13T21:34:19.966-0400] {processor.py:186} INFO - Started process (PID=27336) to work on /Users/pranavr/.pyenv/versions/3.11.6/lib/python3.11/site-packages/airflow/example_dags/example_setup_teardown_taskflow.py
[2025-06-13T21:34:19.968-0400] {processor.py:914} INFO - Processing file /Users/pranavr/.pyenv/versions/3.11.6/lib/python3.11/site-packages/airflow/example_dags/example_setup_teardown_taskflow.py for tasks to queue
[2025-06-13T21:34:19.969-0400] {logging_mixin.py:190} INFO - [2025-06-13T21:34:19.969-0400] {dagbag.py:588} INFO - Filling up the DagBag from /Users/pranavr/.pyenv/versions/3.11.6/lib/python3.11/site-packages/airflow/example_dags/example_setup_teardown_taskflow.py
[2025-06-13T21:34:19.994-0400] {processor.py:925} INFO - DAG(s) 'example_setup_teardown_taskflow' retrieved from /Users/pranavr/.pyenv/versions/3.11.6/lib/python3.11/site-packages/airflow/example_dags/example_setup_teardown_taskflow.py
[2025-06-13T21:34:20.070-0400] {logging_mixin.py:190} INFO - [2025-06-13T21:34:20.070-0400] {dag.py:3239} INFO - Sync 1 DAGs
[2025-06-13T21:34:20.075-0400] {logging_mixin.py:190} INFO - [2025-06-13T21:34:20.075-0400] {dag.py:4180} INFO - Setting next_dagrun for example_setup_teardown_taskflow to None, run_after=None
[2025-06-13T21:34:20.086-0400] {processor.py:208} INFO - Processing /Users/pranavr/.pyenv/versions/3.11.6/lib/python3.11/site-packages/airflow/example_dags/example_setup_teardown_taskflow.py took 121.006 seconds
[2025-06-13T21:36:00.662-0400] {processor.py:186} INFO - Started process (PID=27661) to work on /Users/pranavr/.pyenv/versions/3.11.6/lib/python3.11/site-packages/airflow/example_dags/example_setup_teardown_taskflow.py
[2025-06-13T21:36:00.665-0400] {processor.py:914} INFO - Processing file /Users/pranavr/.pyenv/versions/3.11.6/lib/python3.11/site-packages/airflow/example_dags/example_setup_teardown_taskflow.py for tasks to queue
[2025-06-13T21:36:00.665-0400] {logging_mixin.py:190} INFO - [2025-06-13T21:36:00.665-0400] {dagbag.py:588} INFO - Filling up the DagBag from /Users/pranavr/.pyenv/versions/3.11.6/lib/python3.11/site-packages/airflow/example_dags/example_setup_teardown_taskflow.py
[2025-06-13T21:36:00.692-0400] {processor.py:925} INFO - DAG(s) 'example_setup_teardown_taskflow' retrieved from /Users/pranavr/.pyenv/versions/3.11.6/lib/python3.11/site-packages/airflow/example_dags/example_setup_teardown_taskflow.py
[2025-06-13T21:36:00.775-0400] {logging_mixin.py:190} INFO - [2025-06-13T21:36:00.774-0400] {dag.py:3239} INFO - Sync 1 DAGs
[2025-06-13T21:36:00.781-0400] {logging_mixin.py:190} INFO - [2025-06-13T21:36:00.781-0400] {dag.py:4180} INFO - Setting next_dagrun for example_setup_teardown_taskflow to None, run_after=None
[2025-06-13T21:36:00.791-0400] {processor.py:208} INFO - Processing /Users/pranavr/.pyenv/versions/3.11.6/lib/python3.11/site-packages/airflow/example_dags/example_setup_teardown_taskflow.py took 130.286 seconds
[2025-06-13T21:40:05.993-0400] {processor.py:186} INFO - Started process (PID=28334) to work on /Users/pranavr/.pyenv/versions/3.11.6/lib/python3.11/site-packages/airflow/example_dags/example_setup_teardown_taskflow.py
[2025-06-13T21:40:05.996-0400] {processor.py:914} INFO - Processing file /Users/pranavr/.pyenv/versions/3.11.6/lib/python3.11/site-packages/airflow/example_dags/example_setup_teardown_taskflow.py for tasks to queue
[2025-06-13T21:40:05.996-0400] {logging_mixin.py:190} INFO - [2025-06-13T21:40:05.996-0400] {dagbag.py:588} INFO - Filling up the DagBag from /Users/pranavr/.pyenv/versions/3.11.6/lib/python3.11/site-packages/airflow/example_dags/example_setup_teardown_taskflow.py
[2025-06-13T21:40:06.013-0400] {processor.py:925} INFO - DAG(s) 'example_setup_teardown_taskflow' retrieved from /Users/pranavr/.pyenv/versions/3.11.6/lib/python3.11/site-packages/airflow/example_dags/example_setup_teardown_taskflow.py
[2025-06-13T21:40:06.090-0400] {logging_mixin.py:190} INFO - [2025-06-13T21:40:06.090-0400] {dag.py:3239} INFO - Sync 1 DAGs
[2025-06-13T21:40:06.096-0400] {logging_mixin.py:190} INFO - [2025-06-13T21:40:06.096-0400] {dag.py:4180} INFO - Setting next_dagrun for example_setup_teardown_taskflow to None, run_after=None
[2025-06-13T21:40:06.105-0400] {processor.py:208} INFO - Processing /Users/pranavr/.pyenv/versions/3.11.6/lib/python3.11/site-packages/airflow/example_dags/example_setup_teardown_taskflow.py took 113.023 seconds
[2025-06-13T21:42:08.028-0400] {processor.py:186} INFO - Started process (PID=28830) to work on /Users/pranavr/.pyenv/versions/3.11.6/lib/python3.11/site-packages/airflow/example_dags/example_setup_teardown_taskflow.py
[2025-06-13T21:42:08.030-0400] {processor.py:914} INFO - Processing file /Users/pranavr/.pyenv/versions/3.11.6/lib/python3.11/site-packages/airflow/example_dags/example_setup_teardown_taskflow.py for tasks to queue
[2025-06-13T21:42:08.031-0400] {logging_mixin.py:190} INFO - [2025-06-13T21:42:08.031-0400] {dagbag.py:588} INFO - Filling up the DagBag from /Users/pranavr/.pyenv/versions/3.11.6/lib/python3.11/site-packages/airflow/example_dags/example_setup_teardown_taskflow.py
[2025-06-13T21:42:08.048-0400] {processor.py:925} INFO - DAG(s) 'example_setup_teardown_taskflow' retrieved from /Users/pranavr/.pyenv/versions/3.11.6/lib/python3.11/site-packages/airflow/example_dags/example_setup_teardown_taskflow.py
[2025-06-13T21:42:08.133-0400] {logging_mixin.py:190} INFO - [2025-06-13T21:42:08.132-0400] {dag.py:3239} INFO - Sync 1 DAGs
[2025-06-13T21:42:08.138-0400] {logging_mixin.py:190} INFO - [2025-06-13T21:42:08.138-0400] {dag.py:4180} INFO - Setting next_dagrun for example_setup_teardown_taskflow to None, run_after=None
[2025-06-13T21:42:08.146-0400] {processor.py:208} INFO - Processing /Users/pranavr/.pyenv/versions/3.11.6/lib/python3.11/site-packages/airflow/example_dags/example_setup_teardown_taskflow.py took 119.213 seconds
