[2025-06-13T21:28:04.946-0400] {processor.py:186} INFO - Started process (PID=26601) to work on /Users/pranavr/.pyenv/versions/3.11.6/lib/python3.11/site-packages/airflow/example_dags/example_branch_operator_decorator.py
[2025-06-13T21:28:04.948-0400] {processor.py:914} INFO - Processing file /Users/pranavr/.pyenv/versions/3.11.6/lib/python3.11/site-packages/airflow/example_dags/example_branch_operator_decorator.py for tasks to queue
[2025-06-13T21:28:04.949-0400] {logging_mixin.py:190} INFO - [2025-06-13T21:28:04.949-0400] {dagbag.py:588} INFO - Filling up the DagBag from /Users/pranavr/.pyenv/versions/3.11.6/lib/python3.11/site-packages/airflow/example_dags/example_branch_operator_decorator.py
[2025-06-13T21:28:04.965-0400] {processor.py:927} WARNING - No viable dags retrieved from /Users/pranavr/.pyenv/versions/3.11.6/lib/python3.11/site-packages/airflow/example_dags/example_branch_operator_decorator.py
[2025-06-13T21:28:05.058-0400] {processor.py:208} INFO - Processing /Users/pranavr/.pyenv/versions/3.11.6/lib/python3.11/site-packages/airflow/example_dags/example_branch_operator_decorator.py took 113.915 seconds
[2025-06-13T21:31:14.743-0400] {processor.py:186} INFO - Started process (PID=27015) to work on /Users/pranavr/.pyenv/versions/3.11.6/lib/python3.11/site-packages/airflow/example_dags/example_branch_operator_decorator.py
[2025-06-13T21:31:14.745-0400] {processor.py:914} INFO - Processing file /Users/pranavr/.pyenv/versions/3.11.6/lib/python3.11/site-packages/airflow/example_dags/example_branch_operator_decorator.py for tasks to queue
[2025-06-13T21:31:14.746-0400] {logging_mixin.py:190} INFO - [2025-06-13T21:31:14.746-0400] {dagbag.py:588} INFO - Filling up the DagBag from /Users/pranavr/.pyenv/versions/3.11.6/lib/python3.11/site-packages/airflow/example_dags/example_branch_operator_decorator.py
[2025-06-13T21:31:14.764-0400] {processor.py:927} WARNING - No viable dags retrieved from /Users/pranavr/.pyenv/versions/3.11.6/lib/python3.11/site-packages/airflow/example_dags/example_branch_operator_decorator.py
[2025-06-13T21:31:14.840-0400] {processor.py:208} INFO - Processing /Users/pranavr/.pyenv/versions/3.11.6/lib/python3.11/site-packages/airflow/example_dags/example_branch_operator_decorator.py took 98.541 seconds
[2025-06-13T21:34:51.392-0400] {processor.py:186} INFO - Started process (PID=27367) to work on /Users/pranavr/.pyenv/versions/3.11.6/lib/python3.11/site-packages/airflow/example_dags/example_branch_operator_decorator.py
[2025-06-13T21:34:51.394-0400] {processor.py:914} INFO - Processing file /Users/pranavr/.pyenv/versions/3.11.6/lib/python3.11/site-packages/airflow/example_dags/example_branch_operator_decorator.py for tasks to queue
[2025-06-13T21:34:51.395-0400] {logging_mixin.py:190} INFO - [2025-06-13T21:34:51.395-0400] {dagbag.py:588} INFO - Filling up the DagBag from /Users/pranavr/.pyenv/versions/3.11.6/lib/python3.11/site-packages/airflow/example_dags/example_branch_operator_decorator.py
[2025-06-13T21:34:51.411-0400] {processor.py:927} WARNING - No viable dags retrieved from /Users/pranavr/.pyenv/versions/3.11.6/lib/python3.11/site-packages/airflow/example_dags/example_branch_operator_decorator.py
[2025-06-13T21:34:51.511-0400] {processor.py:208} INFO - Processing /Users/pranavr/.pyenv/versions/3.11.6/lib/python3.11/site-packages/airflow/example_dags/example_branch_operator_decorator.py took 120.983 seconds
[2025-06-13T21:40:59.413-0400] {processor.py:186} INFO - Started process (PID=28698) to work on /Users/pranavr/.pyenv/versions/3.11.6/lib/python3.11/site-packages/airflow/example_dags/example_branch_operator_decorator.py
[2025-06-13T21:40:59.416-0400] {processor.py:914} INFO - Processing file /Users/pranavr/.pyenv/versions/3.11.6/lib/python3.11/site-packages/airflow/example_dags/example_branch_operator_decorator.py for tasks to queue
[2025-06-13T21:40:59.416-0400] {logging_mixin.py:190} INFO - [2025-06-13T21:40:59.416-0400] {dagbag.py:588} INFO - Filling up the DagBag from /Users/pranavr/.pyenv/versions/3.11.6/lib/python3.11/site-packages/airflow/example_dags/example_branch_operator_decorator.py
[2025-06-13T21:40:59.426-0400] {processor.py:927} WARNING - No viable dags retrieved from /Users/pranavr/.pyenv/versions/3.11.6/lib/python3.11/site-packages/airflow/example_dags/example_branch_operator_decorator.py
[2025-06-13T21:40:59.495-0400] {processor.py:208} INFO - Processing /Users/pranavr/.pyenv/versions/3.11.6/lib/python3.11/site-packages/airflow/example_dags/example_branch_operator_decorator.py took 82.934 seconds
