[2025-06-13T21:27:56.280-0400] {processor.py:186} INFO - Started process (PID=26576) to work on /Users/pranavr/.pyenv/versions/3.11.6/lib/python3.11/site-packages/airflow/example_dags/example_dataset_alias.py
[2025-06-13T21:27:56.284-0400] {processor.py:914} INFO - Processing file /Users/pranavr/.pyenv/versions/3.11.6/lib/python3.11/site-packages/airflow/example_dags/example_dataset_alias.py for tasks to queue
[2025-06-13T21:27:56.284-0400] {logging_mixin.py:190} INFO - [2025-06-13T21:27:56.284-0400] {dagbag.py:588} INFO - Filling up the DagBag from /Users/pranavr/.pyenv/versions/3.11.6/lib/python3.11/site-packages/airflow/example_dags/example_dataset_alias.py
[2025-06-13T21:27:56.442-0400] {processor.py:925} INFO - DAG(s) 'dataset_alias_example_alias_producer', 'dataset_s3_bucket_consumer', 'dataset_alias_example_alias_consumer', 'dataset_s3_bucket_producer' retrieved from /Users/pranavr/.pyenv/versions/3.11.6/lib/python3.11/site-packages/airflow/example_dags/example_dataset_alias.py
[2025-06-13T21:27:56.456-0400] {logging_mixin.py:190} INFO - [2025-06-13T21:27:56.456-0400] {dag.py:3239} INFO - Sync 4 DAGs
[2025-06-13T21:27:56.464-0400] {logging_mixin.py:190} INFO - [2025-06-13T21:27:56.464-0400] {dag.py:4180} INFO - Setting next_dagrun for dataset_alias_example_alias_consumer to None, run_after=None
[2025-06-13T21:27:56.465-0400] {logging_mixin.py:190} INFO - [2025-06-13T21:27:56.465-0400] {dag.py:4180} INFO - Setting next_dagrun for dataset_alias_example_alias_producer to None, run_after=None
[2025-06-13T21:27:56.466-0400] {logging_mixin.py:190} INFO - [2025-06-13T21:27:56.466-0400] {dag.py:4180} INFO - Setting next_dagrun for dataset_s3_bucket_consumer to None, run_after=None
[2025-06-13T21:27:56.466-0400] {logging_mixin.py:190} INFO - [2025-06-13T21:27:56.466-0400] {dag.py:4180} INFO - Setting next_dagrun for dataset_s3_bucket_producer to None, run_after=None
[2025-06-13T21:27:56.475-0400] {processor.py:208} INFO - Processing /Users/pranavr/.pyenv/versions/3.11.6/lib/python3.11/site-packages/airflow/example_dags/example_dataset_alias.py took 198.977 seconds
[2025-06-13T21:31:06.436-0400] {processor.py:186} INFO - Started process (PID=26995) to work on /Users/pranavr/.pyenv/versions/3.11.6/lib/python3.11/site-packages/airflow/example_dags/example_dataset_alias.py
[2025-06-13T21:31:06.441-0400] {processor.py:914} INFO - Processing file /Users/pranavr/.pyenv/versions/3.11.6/lib/python3.11/site-packages/airflow/example_dags/example_dataset_alias.py for tasks to queue
[2025-06-13T21:31:06.442-0400] {logging_mixin.py:190} INFO - [2025-06-13T21:31:06.442-0400] {dagbag.py:588} INFO - Filling up the DagBag from /Users/pranavr/.pyenv/versions/3.11.6/lib/python3.11/site-packages/airflow/example_dags/example_dataset_alias.py
[2025-06-13T21:31:06.557-0400] {processor.py:925} INFO - DAG(s) 'dataset_alias_example_alias_consumer', 'dataset_alias_example_alias_producer', 'dataset_s3_bucket_consumer', 'dataset_s3_bucket_producer' retrieved from /Users/pranavr/.pyenv/versions/3.11.6/lib/python3.11/site-packages/airflow/example_dags/example_dataset_alias.py
[2025-06-13T21:31:06.575-0400] {logging_mixin.py:190} INFO - [2025-06-13T21:31:06.575-0400] {dag.py:3239} INFO - Sync 4 DAGs
[2025-06-13T21:31:06.583-0400] {logging_mixin.py:190} INFO - [2025-06-13T21:31:06.583-0400] {dag.py:4180} INFO - Setting next_dagrun for dataset_alias_example_alias_consumer to None, run_after=None
[2025-06-13T21:31:06.584-0400] {logging_mixin.py:190} INFO - [2025-06-13T21:31:06.584-0400] {dag.py:4180} INFO - Setting next_dagrun for dataset_alias_example_alias_producer to None, run_after=None
[2025-06-13T21:31:06.584-0400] {logging_mixin.py:190} INFO - [2025-06-13T21:31:06.584-0400] {dag.py:4180} INFO - Setting next_dagrun for dataset_s3_bucket_consumer to None, run_after=None
[2025-06-13T21:31:06.584-0400] {logging_mixin.py:190} INFO - [2025-06-13T21:31:06.584-0400] {dag.py:4180} INFO - Setting next_dagrun for dataset_s3_bucket_producer to None, run_after=None
[2025-06-13T21:31:06.594-0400] {processor.py:208} INFO - Processing /Users/pranavr/.pyenv/versions/3.11.6/lib/python3.11/site-packages/airflow/example_dags/example_dataset_alias.py took 160.709 seconds
[2025-06-13T21:34:42.362-0400] {processor.py:186} INFO - Started process (PID=27358) to work on /Users/pranavr/.pyenv/versions/3.11.6/lib/python3.11/site-packages/airflow/example_dags/example_dataset_alias.py
[2025-06-13T21:34:42.364-0400] {processor.py:914} INFO - Processing file /Users/pranavr/.pyenv/versions/3.11.6/lib/python3.11/site-packages/airflow/example_dags/example_dataset_alias.py for tasks to queue
[2025-06-13T21:34:42.364-0400] {logging_mixin.py:190} INFO - [2025-06-13T21:34:42.364-0400] {dagbag.py:588} INFO - Filling up the DagBag from /Users/pranavr/.pyenv/versions/3.11.6/lib/python3.11/site-packages/airflow/example_dags/example_dataset_alias.py
[2025-06-13T21:34:42.474-0400] {processor.py:925} INFO - DAG(s) 'dataset_alias_example_alias_producer', 'dataset_s3_bucket_consumer', 'dataset_alias_example_alias_consumer', 'dataset_s3_bucket_producer' retrieved from /Users/pranavr/.pyenv/versions/3.11.6/lib/python3.11/site-packages/airflow/example_dags/example_dataset_alias.py
[2025-06-13T21:34:42.484-0400] {logging_mixin.py:190} INFO - [2025-06-13T21:34:42.484-0400] {dag.py:3239} INFO - Sync 4 DAGs
[2025-06-13T21:34:42.491-0400] {logging_mixin.py:190} INFO - [2025-06-13T21:34:42.491-0400] {dag.py:4180} INFO - Setting next_dagrun for dataset_alias_example_alias_consumer to None, run_after=None
[2025-06-13T21:34:42.492-0400] {logging_mixin.py:190} INFO - [2025-06-13T21:34:42.492-0400] {dag.py:4180} INFO - Setting next_dagrun for dataset_alias_example_alias_producer to None, run_after=None
[2025-06-13T21:34:42.492-0400] {logging_mixin.py:190} INFO - [2025-06-13T21:34:42.492-0400] {dag.py:4180} INFO - Setting next_dagrun for dataset_s3_bucket_consumer to None, run_after=None
[2025-06-13T21:34:42.493-0400] {logging_mixin.py:190} INFO - [2025-06-13T21:34:42.493-0400] {dag.py:4180} INFO - Setting next_dagrun for dataset_s3_bucket_producer to None, run_after=None
[2025-06-13T21:34:42.502-0400] {processor.py:208} INFO - Processing /Users/pranavr/.pyenv/versions/3.11.6/lib/python3.11/site-packages/airflow/example_dags/example_dataset_alias.py took 142.013 seconds
[2025-06-13T21:40:51.278-0400] {processor.py:186} INFO - Started process (PID=28626) to work on /Users/pranavr/.pyenv/versions/3.11.6/lib/python3.11/site-packages/airflow/example_dags/example_dataset_alias.py
[2025-06-13T21:40:51.280-0400] {processor.py:914} INFO - Processing file /Users/pranavr/.pyenv/versions/3.11.6/lib/python3.11/site-packages/airflow/example_dags/example_dataset_alias.py for tasks to queue
[2025-06-13T21:40:51.281-0400] {logging_mixin.py:190} INFO - [2025-06-13T21:40:51.281-0400] {dagbag.py:588} INFO - Filling up the DagBag from /Users/pranavr/.pyenv/versions/3.11.6/lib/python3.11/site-packages/airflow/example_dags/example_dataset_alias.py
[2025-06-13T21:40:51.389-0400] {processor.py:925} INFO - DAG(s) 'dataset_alias_example_alias_consumer', 'dataset_alias_example_alias_producer', 'dataset_s3_bucket_producer', 'dataset_s3_bucket_consumer' retrieved from /Users/pranavr/.pyenv/versions/3.11.6/lib/python3.11/site-packages/airflow/example_dags/example_dataset_alias.py
[2025-06-13T21:40:51.400-0400] {logging_mixin.py:190} INFO - [2025-06-13T21:40:51.400-0400] {dag.py:3239} INFO - Sync 4 DAGs
[2025-06-13T21:40:51.407-0400] {logging_mixin.py:190} INFO - [2025-06-13T21:40:51.407-0400] {dag.py:4180} INFO - Setting next_dagrun for dataset_alias_example_alias_consumer to None, run_after=None
[2025-06-13T21:40:51.408-0400] {logging_mixin.py:190} INFO - [2025-06-13T21:40:51.408-0400] {dag.py:4180} INFO - Setting next_dagrun for dataset_alias_example_alias_producer to None, run_after=None
[2025-06-13T21:40:51.409-0400] {logging_mixin.py:190} INFO - [2025-06-13T21:40:51.409-0400] {dag.py:4180} INFO - Setting next_dagrun for dataset_s3_bucket_consumer to None, run_after=None
[2025-06-13T21:40:51.409-0400] {logging_mixin.py:190} INFO - [2025-06-13T21:40:51.409-0400] {dag.py:4180} INFO - Setting next_dagrun for dataset_s3_bucket_producer to None, run_after=None
[2025-06-13T21:40:51.419-0400] {processor.py:208} INFO - Processing /Users/pranavr/.pyenv/versions/3.11.6/lib/python3.11/site-packages/airflow/example_dags/example_dataset_alias.py took 143.262 seconds
