[2025-06-13T20:07:36.629-0400] {processor.py:186} INFO - Started process (PID=24361) to work on /Users/pranavr/.pyenv/versions/3.11.6/lib/python3.11/site-packages/airflow/example_dags/example_sla_dag.py
[2025-06-13T20:07:36.631-0400] {processor.py:914} INFO - Processing file /Users/pranavr/.pyenv/versions/3.11.6/lib/python3.11/site-packages/airflow/example_dags/example_sla_dag.py for tasks to queue
[2025-06-13T20:07:36.631-0400] {logging_mixin.py:190} INFO - [2025-06-13T20:07:36.631-0400] {dagbag.py:588} INFO - Filling up the DagBag from /Users/pranavr/.pyenv/versions/3.11.6/lib/python3.11/site-packages/airflow/example_dags/example_sla_dag.py
[2025-06-13T20:07:36.654-0400] {processor.py:925} INFO - DAG(s) 'example_sla_dag' retrieved from /Users/pranavr/.pyenv/versions/3.11.6/lib/python3.11/site-packages/airflow/example_dags/example_sla_dag.py
[2025-06-13T20:07:36.732-0400] {logging_mixin.py:190} INFO - [2025-06-13T20:07:36.732-0400] {dag.py:3239} INFO - Sync 1 DAGs
[2025-06-13T20:07:36.742-0400] {logging_mixin.py:190} INFO - [2025-06-13T20:07:36.742-0400] {dag.py:4180} INFO - Setting next_dagrun for example_sla_dag to 2025-06-14T00:04:00+00:00, run_after=2025-06-14T00:06:00+00:00
[2025-06-13T20:07:36.751-0400] {processor.py:208} INFO - Processing /Users/pranavr/.pyenv/versions/3.11.6/lib/python3.11/site-packages/airflow/example_dags/example_sla_dag.py took 123.215 seconds
[2025-06-13T21:26:23.148-0400] {processor.py:186} INFO - Started process (PID=26375) to work on /Users/pranavr/.pyenv/versions/3.11.6/lib/python3.11/site-packages/airflow/example_dags/example_sla_dag.py
[2025-06-13T21:26:23.150-0400] {processor.py:914} INFO - Processing file /Users/pranavr/.pyenv/versions/3.11.6/lib/python3.11/site-packages/airflow/example_dags/example_sla_dag.py for tasks to queue
[2025-06-13T21:26:23.151-0400] {logging_mixin.py:190} INFO - [2025-06-13T21:26:23.151-0400] {dagbag.py:588} INFO - Filling up the DagBag from /Users/pranavr/.pyenv/versions/3.11.6/lib/python3.11/site-packages/airflow/example_dags/example_sla_dag.py
[2025-06-13T21:26:23.174-0400] {processor.py:925} INFO - DAG(s) 'example_sla_dag' retrieved from /Users/pranavr/.pyenv/versions/3.11.6/lib/python3.11/site-packages/airflow/example_dags/example_sla_dag.py
[2025-06-13T21:26:23.248-0400] {logging_mixin.py:190} INFO - [2025-06-13T21:26:23.247-0400] {dag.py:3239} INFO - Sync 1 DAGs
[2025-06-13T21:26:23.258-0400] {logging_mixin.py:190} INFO - [2025-06-13T21:26:23.258-0400] {dag.py:4180} INFO - Setting next_dagrun for example_sla_dag to 2025-06-14T01:24:00+00:00, run_after=2025-06-14T01:26:00+00:00
[2025-06-13T21:26:23.267-0400] {processor.py:208} INFO - Processing /Users/pranavr/.pyenv/versions/3.11.6/lib/python3.11/site-packages/airflow/example_dags/example_sla_dag.py took 120.227 seconds
[2025-06-13T21:29:07.160-0400] {processor.py:186} INFO - Started process (PID=26776) to work on /Users/pranavr/.pyenv/versions/3.11.6/lib/python3.11/site-packages/airflow/example_dags/example_sla_dag.py
[2025-06-13T21:29:07.162-0400] {processor.py:914} INFO - Processing file /Users/pranavr/.pyenv/versions/3.11.6/lib/python3.11/site-packages/airflow/example_dags/example_sla_dag.py for tasks to queue
[2025-06-13T21:29:07.163-0400] {logging_mixin.py:190} INFO - [2025-06-13T21:29:07.163-0400] {dagbag.py:588} INFO - Filling up the DagBag from /Users/pranavr/.pyenv/versions/3.11.6/lib/python3.11/site-packages/airflow/example_dags/example_sla_dag.py
[2025-06-13T21:29:07.187-0400] {processor.py:925} INFO - DAG(s) 'example_sla_dag' retrieved from /Users/pranavr/.pyenv/versions/3.11.6/lib/python3.11/site-packages/airflow/example_dags/example_sla_dag.py
[2025-06-13T21:29:07.265-0400] {logging_mixin.py:190} INFO - [2025-06-13T21:29:07.264-0400] {dag.py:3239} INFO - Sync 1 DAGs
[2025-06-13T21:29:07.274-0400] {logging_mixin.py:190} INFO - [2025-06-13T21:29:07.273-0400] {dag.py:4180} INFO - Setting next_dagrun for example_sla_dag to 2025-06-14T01:26:00+00:00, run_after=2025-06-14T01:28:00+00:00
[2025-06-13T21:29:07.283-0400] {processor.py:208} INFO - Processing /Users/pranavr/.pyenv/versions/3.11.6/lib/python3.11/site-packages/airflow/example_dags/example_sla_dag.py took 124.212 seconds
[2025-06-13T21:30:40.610-0400] {processor.py:186} INFO - Started process (PID=26941) to work on /Users/pranavr/.pyenv/versions/3.11.6/lib/python3.11/site-packages/airflow/example_dags/example_sla_dag.py
[2025-06-13T21:30:40.613-0400] {processor.py:914} INFO - Processing file /Users/pranavr/.pyenv/versions/3.11.6/lib/python3.11/site-packages/airflow/example_dags/example_sla_dag.py for tasks to queue
[2025-06-13T21:30:40.613-0400] {logging_mixin.py:190} INFO - [2025-06-13T21:30:40.613-0400] {dagbag.py:588} INFO - Filling up the DagBag from /Users/pranavr/.pyenv/versions/3.11.6/lib/python3.11/site-packages/airflow/example_dags/example_sla_dag.py
[2025-06-13T21:30:40.635-0400] {processor.py:925} INFO - DAG(s) 'example_sla_dag' retrieved from /Users/pranavr/.pyenv/versions/3.11.6/lib/python3.11/site-packages/airflow/example_dags/example_sla_dag.py
[2025-06-13T21:30:40.717-0400] {logging_mixin.py:190} INFO - [2025-06-13T21:30:40.717-0400] {dag.py:3239} INFO - Sync 1 DAGs
[2025-06-13T21:30:40.728-0400] {logging_mixin.py:190} INFO - [2025-06-13T21:30:40.728-0400] {dag.py:4180} INFO - Setting next_dagrun for example_sla_dag to 2025-06-14T01:28:00+00:00, run_after=2025-06-14T01:30:00+00:00
[2025-06-13T21:30:40.736-0400] {processor.py:208} INFO - Processing /Users/pranavr/.pyenv/versions/3.11.6/lib/python3.11/site-packages/airflow/example_dags/example_sla_dag.py took 126.847 seconds
[2025-06-13T21:32:17.883-0400] {processor.py:186} INFO - Started process (PID=27156) to work on /Users/pranavr/.pyenv/versions/3.11.6/lib/python3.11/site-packages/airflow/example_dags/example_sla_dag.py
[2025-06-13T21:32:17.886-0400] {processor.py:914} INFO - Processing file /Users/pranavr/.pyenv/versions/3.11.6/lib/python3.11/site-packages/airflow/example_dags/example_sla_dag.py for tasks to queue
[2025-06-13T21:32:17.886-0400] {logging_mixin.py:190} INFO - [2025-06-13T21:32:17.886-0400] {dagbag.py:588} INFO - Filling up the DagBag from /Users/pranavr/.pyenv/versions/3.11.6/lib/python3.11/site-packages/airflow/example_dags/example_sla_dag.py
[2025-06-13T21:32:17.908-0400] {processor.py:925} INFO - DAG(s) 'example_sla_dag' retrieved from /Users/pranavr/.pyenv/versions/3.11.6/lib/python3.11/site-packages/airflow/example_dags/example_sla_dag.py
[2025-06-13T21:32:17.992-0400] {logging_mixin.py:190} INFO - [2025-06-13T21:32:17.992-0400] {dag.py:3239} INFO - Sync 1 DAGs
[2025-06-13T21:32:18.001-0400] {logging_mixin.py:190} INFO - [2025-06-13T21:32:18.001-0400] {dag.py:4180} INFO - Setting next_dagrun for example_sla_dag to 2025-06-14T01:30:00+00:00, run_after=2025-06-14T01:32:00+00:00
[2025-06-13T21:32:18.015-0400] {processor.py:208} INFO - Processing /Users/pranavr/.pyenv/versions/3.11.6/lib/python3.11/site-packages/airflow/example_dags/example_sla_dag.py took 132.942 seconds
[2025-06-13T21:34:10.158-0400] {processor.py:186} INFO - Started process (PID=27321) to work on /Users/pranavr/.pyenv/versions/3.11.6/lib/python3.11/site-packages/airflow/example_dags/example_sla_dag.py
[2025-06-13T21:34:10.162-0400] {processor.py:914} INFO - Processing file /Users/pranavr/.pyenv/versions/3.11.6/lib/python3.11/site-packages/airflow/example_dags/example_sla_dag.py for tasks to queue
[2025-06-13T21:34:10.164-0400] {logging_mixin.py:190} INFO - [2025-06-13T21:34:10.164-0400] {dagbag.py:588} INFO - Filling up the DagBag from /Users/pranavr/.pyenv/versions/3.11.6/lib/python3.11/site-packages/airflow/example_dags/example_sla_dag.py
[2025-06-13T21:34:10.187-0400] {processor.py:925} INFO - DAG(s) 'example_sla_dag' retrieved from /Users/pranavr/.pyenv/versions/3.11.6/lib/python3.11/site-packages/airflow/example_dags/example_sla_dag.py
[2025-06-13T21:34:10.322-0400] {logging_mixin.py:190} INFO - [2025-06-13T21:34:10.321-0400] {dag.py:3239} INFO - Sync 1 DAGs
[2025-06-13T21:34:10.332-0400] {logging_mixin.py:190} INFO - [2025-06-13T21:34:10.332-0400] {dag.py:4180} INFO - Setting next_dagrun for example_sla_dag to 2025-06-14T01:32:00+00:00, run_after=2025-06-14T01:34:00+00:00
[2025-06-13T21:34:10.347-0400] {processor.py:208} INFO - Processing /Users/pranavr/.pyenv/versions/3.11.6/lib/python3.11/site-packages/airflow/example_dags/example_sla_dag.py took 190.255 seconds
[2025-06-13T21:35:53.169-0400] {processor.py:186} INFO - Started process (PID=27568) to work on /Users/pranavr/.pyenv/versions/3.11.6/lib/python3.11/site-packages/airflow/example_dags/example_sla_dag.py
[2025-06-13T21:35:53.172-0400] {processor.py:914} INFO - Processing file /Users/pranavr/.pyenv/versions/3.11.6/lib/python3.11/site-packages/airflow/example_dags/example_sla_dag.py for tasks to queue
[2025-06-13T21:35:53.172-0400] {logging_mixin.py:190} INFO - [2025-06-13T21:35:53.172-0400] {dagbag.py:588} INFO - Filling up the DagBag from /Users/pranavr/.pyenv/versions/3.11.6/lib/python3.11/site-packages/airflow/example_dags/example_sla_dag.py
[2025-06-13T21:35:53.193-0400] {processor.py:925} INFO - DAG(s) 'example_sla_dag' retrieved from /Users/pranavr/.pyenv/versions/3.11.6/lib/python3.11/site-packages/airflow/example_dags/example_sla_dag.py
[2025-06-13T21:35:53.284-0400] {logging_mixin.py:190} INFO - [2025-06-13T21:35:53.283-0400] {dag.py:3239} INFO - Sync 1 DAGs
[2025-06-13T21:35:53.294-0400] {logging_mixin.py:190} INFO - [2025-06-13T21:35:53.294-0400] {dag.py:4180} INFO - Setting next_dagrun for example_sla_dag to 2025-06-14T01:32:00+00:00, run_after=2025-06-14T01:34:00+00:00
[2025-06-13T21:35:53.302-0400] {processor.py:208} INFO - Processing /Users/pranavr/.pyenv/versions/3.11.6/lib/python3.11/site-packages/airflow/example_dags/example_sla_dag.py took 134.340 seconds
[2025-06-13T21:39:58.932-0400] {processor.py:186} INFO - Started process (PID=28316) to work on /Users/pranavr/.pyenv/versions/3.11.6/lib/python3.11/site-packages/airflow/example_dags/example_sla_dag.py
[2025-06-13T21:39:58.934-0400] {processor.py:914} INFO - Processing file /Users/pranavr/.pyenv/versions/3.11.6/lib/python3.11/site-packages/airflow/example_dags/example_sla_dag.py for tasks to queue
[2025-06-13T21:39:58.935-0400] {logging_mixin.py:190} INFO - [2025-06-13T21:39:58.935-0400] {dagbag.py:588} INFO - Filling up the DagBag from /Users/pranavr/.pyenv/versions/3.11.6/lib/python3.11/site-packages/airflow/example_dags/example_sla_dag.py
[2025-06-13T21:39:58.955-0400] {processor.py:925} INFO - DAG(s) 'example_sla_dag' retrieved from /Users/pranavr/.pyenv/versions/3.11.6/lib/python3.11/site-packages/airflow/example_dags/example_sla_dag.py
[2025-06-13T21:39:59.035-0400] {logging_mixin.py:190} INFO - [2025-06-13T21:39:59.035-0400] {dag.py:3239} INFO - Sync 1 DAGs
[2025-06-13T21:39:59.044-0400] {logging_mixin.py:190} INFO - [2025-06-13T21:39:59.044-0400] {dag.py:4180} INFO - Setting next_dagrun for example_sla_dag to 2025-06-14T01:36:00+00:00, run_after=2025-06-14T01:38:00+00:00
[2025-06-13T21:39:59.052-0400] {processor.py:208} INFO - Processing /Users/pranavr/.pyenv/versions/3.11.6/lib/python3.11/site-packages/airflow/example_dags/example_sla_dag.py took 121.095 seconds
[2025-06-13T21:41:59.364-0400] {processor.py:186} INFO - Started process (PID=28814) to work on /Users/pranavr/.pyenv/versions/3.11.6/lib/python3.11/site-packages/airflow/example_dags/example_sla_dag.py
[2025-06-13T21:41:59.366-0400] {processor.py:914} INFO - Processing file /Users/pranavr/.pyenv/versions/3.11.6/lib/python3.11/site-packages/airflow/example_dags/example_sla_dag.py for tasks to queue
[2025-06-13T21:41:59.367-0400] {logging_mixin.py:190} INFO - [2025-06-13T21:41:59.367-0400] {dagbag.py:588} INFO - Filling up the DagBag from /Users/pranavr/.pyenv/versions/3.11.6/lib/python3.11/site-packages/airflow/example_dags/example_sla_dag.py
[2025-06-13T21:41:59.391-0400] {processor.py:925} INFO - DAG(s) 'example_sla_dag' retrieved from /Users/pranavr/.pyenv/versions/3.11.6/lib/python3.11/site-packages/airflow/example_dags/example_sla_dag.py
[2025-06-13T21:41:59.473-0400] {logging_mixin.py:190} INFO - [2025-06-13T21:41:59.473-0400] {dag.py:3239} INFO - Sync 1 DAGs
[2025-06-13T21:41:59.484-0400] {logging_mixin.py:190} INFO - [2025-06-13T21:41:59.483-0400] {dag.py:4180} INFO - Setting next_dagrun for example_sla_dag to 2025-06-14T01:38:00+00:00, run_after=2025-06-14T01:40:00+00:00
[2025-06-13T21:41:59.494-0400] {processor.py:208} INFO - Processing /Users/pranavr/.pyenv/versions/3.11.6/lib/python3.11/site-packages/airflow/example_dags/example_sla_dag.py took 133.234 seconds
