[2025-06-13T21:28:11.427-0400] {processor.py:186} INFO - Started process (PID=26624) to work on /Users/pranavr/.pyenv/versions/3.11.6/lib/python3.11/site-packages/airflow/example_dags/example_branch_day_of_week_operator.py
[2025-06-13T21:28:11.429-0400] {processor.py:914} INFO - Processing file /Users/pranavr/.pyenv/versions/3.11.6/lib/python3.11/site-packages/airflow/example_dags/example_branch_day_of_week_operator.py for tasks to queue
[2025-06-13T21:28:11.429-0400] {logging_mixin.py:190} INFO - [2025-06-13T21:28:11.429-0400] {dagbag.py:588} INFO - Filling up the DagBag from /Users/pranavr/.pyenv/versions/3.11.6/lib/python3.11/site-packages/airflow/example_dags/example_branch_day_of_week_operator.py
[2025-06-13T21:28:11.436-0400] {processor.py:925} INFO - DAG(s) 'example_weekday_branch_operator' retrieved from /Users/pranavr/.pyenv/versions/3.11.6/lib/python3.11/site-packages/airflow/example_dags/example_branch_day_of_week_operator.py
[2025-06-13T21:28:11.517-0400] {logging_mixin.py:190} INFO - [2025-06-13T21:28:11.516-0400] {dag.py:3239} INFO - Sync 1 DAGs
[2025-06-13T21:28:11.526-0400] {logging_mixin.py:190} INFO - [2025-06-13T21:28:11.526-0400] {dag.py:4180} INFO - Setting next_dagrun for example_weekday_branch_operator to 2025-06-13T00:00:00+00:00, run_after=2025-06-14T00:00:00+00:00
[2025-06-13T21:28:11.534-0400] {processor.py:208} INFO - Processing /Users/pranavr/.pyenv/versions/3.11.6/lib/python3.11/site-packages/airflow/example_dags/example_branch_day_of_week_operator.py took 108.536 seconds
[2025-06-13T21:31:21.111-0400] {processor.py:186} INFO - Started process (PID=27029) to work on /Users/pranavr/.pyenv/versions/3.11.6/lib/python3.11/site-packages/airflow/example_dags/example_branch_day_of_week_operator.py
[2025-06-13T21:31:21.114-0400] {processor.py:914} INFO - Processing file /Users/pranavr/.pyenv/versions/3.11.6/lib/python3.11/site-packages/airflow/example_dags/example_branch_day_of_week_operator.py for tasks to queue
[2025-06-13T21:31:21.115-0400] {logging_mixin.py:190} INFO - [2025-06-13T21:31:21.115-0400] {dagbag.py:588} INFO - Filling up the DagBag from /Users/pranavr/.pyenv/versions/3.11.6/lib/python3.11/site-packages/airflow/example_dags/example_branch_day_of_week_operator.py
[2025-06-13T21:31:21.122-0400] {processor.py:925} INFO - DAG(s) 'example_weekday_branch_operator' retrieved from /Users/pranavr/.pyenv/versions/3.11.6/lib/python3.11/site-packages/airflow/example_dags/example_branch_day_of_week_operator.py
[2025-06-13T21:31:21.234-0400] {logging_mixin.py:190} INFO - [2025-06-13T21:31:21.234-0400] {dag.py:3239} INFO - Sync 1 DAGs
[2025-06-13T21:31:21.244-0400] {logging_mixin.py:190} INFO - [2025-06-13T21:31:21.244-0400] {dag.py:4180} INFO - Setting next_dagrun for example_weekday_branch_operator to 2025-06-13T00:00:00+00:00, run_after=2025-06-14T00:00:00+00:00
[2025-06-13T21:31:21.255-0400] {processor.py:208} INFO - Processing /Users/pranavr/.pyenv/versions/3.11.6/lib/python3.11/site-packages/airflow/example_dags/example_branch_day_of_week_operator.py took 148.983 seconds
[2025-06-13T21:34:56.951-0400] {processor.py:186} INFO - Started process (PID=27374) to work on /Users/pranavr/.pyenv/versions/3.11.6/lib/python3.11/site-packages/airflow/example_dags/example_branch_day_of_week_operator.py
[2025-06-13T21:34:56.955-0400] {processor.py:914} INFO - Processing file /Users/pranavr/.pyenv/versions/3.11.6/lib/python3.11/site-packages/airflow/example_dags/example_branch_day_of_week_operator.py for tasks to queue
[2025-06-13T21:34:56.957-0400] {logging_mixin.py:190} INFO - [2025-06-13T21:34:56.957-0400] {dagbag.py:588} INFO - Filling up the DagBag from /Users/pranavr/.pyenv/versions/3.11.6/lib/python3.11/site-packages/airflow/example_dags/example_branch_day_of_week_operator.py
[2025-06-13T21:34:56.964-0400] {processor.py:925} INFO - DAG(s) 'example_weekday_branch_operator' retrieved from /Users/pranavr/.pyenv/versions/3.11.6/lib/python3.11/site-packages/airflow/example_dags/example_branch_day_of_week_operator.py
[2025-06-13T21:34:57.088-0400] {logging_mixin.py:190} INFO - [2025-06-13T21:34:57.088-0400] {dag.py:3239} INFO - Sync 1 DAGs
[2025-06-13T21:34:57.099-0400] {logging_mixin.py:190} INFO - [2025-06-13T21:34:57.099-0400] {dag.py:4180} INFO - Setting next_dagrun for example_weekday_branch_operator to 2025-06-13T00:00:00+00:00, run_after=2025-06-14T00:00:00+00:00
[2025-06-13T21:34:57.143-0400] {processor.py:208} INFO - Processing /Users/pranavr/.pyenv/versions/3.11.6/lib/python3.11/site-packages/airflow/example_dags/example_branch_day_of_week_operator.py took 199.098 seconds
[2025-06-13T21:41:05.382-0400] {processor.py:186} INFO - Started process (PID=28708) to work on /Users/pranavr/.pyenv/versions/3.11.6/lib/python3.11/site-packages/airflow/example_dags/example_branch_day_of_week_operator.py
[2025-06-13T21:41:05.385-0400] {processor.py:914} INFO - Processing file /Users/pranavr/.pyenv/versions/3.11.6/lib/python3.11/site-packages/airflow/example_dags/example_branch_day_of_week_operator.py for tasks to queue
[2025-06-13T21:41:05.386-0400] {logging_mixin.py:190} INFO - [2025-06-13T21:41:05.386-0400] {dagbag.py:588} INFO - Filling up the DagBag from /Users/pranavr/.pyenv/versions/3.11.6/lib/python3.11/site-packages/airflow/example_dags/example_branch_day_of_week_operator.py
[2025-06-13T21:41:05.392-0400] {processor.py:925} INFO - DAG(s) 'example_weekday_branch_operator' retrieved from /Users/pranavr/.pyenv/versions/3.11.6/lib/python3.11/site-packages/airflow/example_dags/example_branch_day_of_week_operator.py
[2025-06-13T21:41:05.477-0400] {logging_mixin.py:190} INFO - [2025-06-13T21:41:05.477-0400] {dag.py:3239} INFO - Sync 1 DAGs
[2025-06-13T21:41:05.485-0400] {logging_mixin.py:190} INFO - [2025-06-13T21:41:05.485-0400] {dag.py:4180} INFO - Setting next_dagrun for example_weekday_branch_operator to 2025-06-13T00:00:00+00:00, run_after=2025-06-14T00:00:00+00:00
[2025-06-13T21:41:05.495-0400] {processor.py:208} INFO - Processing /Users/pranavr/.pyenv/versions/3.11.6/lib/python3.11/site-packages/airflow/example_dags/example_branch_day_of_week_operator.py took 113.969 seconds
