[2025-06-13T21:28:09.052-0400] {processor.py:186} INFO - Started process (PID=26614) to work on /Users/pranavr/.pyenv/versions/3.11.6/lib/python3.11/site-packages/airflow/example_dags/example_branch_labels.py
[2025-06-13T21:28:09.054-0400] {processor.py:914} INFO - Processing file /Users/pranavr/.pyenv/versions/3.11.6/lib/python3.11/site-packages/airflow/example_dags/example_branch_labels.py for tasks to queue
[2025-06-13T21:28:09.055-0400] {logging_mixin.py:190} INFO - [2025-06-13T21:28:09.055-0400] {dagbag.py:588} INFO - Filling up the DagBag from /Users/pranavr/.pyenv/versions/3.11.6/lib/python3.11/site-packages/airflow/example_dags/example_branch_labels.py
[2025-06-13T21:28:09.066-0400] {processor.py:925} INFO - DAG(s) 'example_branch_labels' retrieved from /Users/pranavr/.pyenv/versions/3.11.6/lib/python3.11/site-packages/airflow/example_dags/example_branch_labels.py
[2025-06-13T21:28:09.153-0400] {logging_mixin.py:190} INFO - [2025-06-13T21:28:09.153-0400] {dag.py:3239} INFO - Sync 1 DAGs
[2025-06-13T21:28:09.163-0400] {logging_mixin.py:190} INFO - [2025-06-13T21:28:09.163-0400] {dag.py:4180} INFO - Setting next_dagrun for example_branch_labels to 2025-06-13T00:00:00+00:00, run_after=2025-06-14T00:00:00+00:00
[2025-06-13T21:28:09.172-0400] {processor.py:208} INFO - Processing /Users/pranavr/.pyenv/versions/3.11.6/lib/python3.11/site-packages/airflow/example_dags/example_branch_labels.py took 121.781 seconds
[2025-06-13T21:31:18.954-0400] {processor.py:186} INFO - Started process (PID=27023) to work on /Users/pranavr/.pyenv/versions/3.11.6/lib/python3.11/site-packages/airflow/example_dags/example_branch_labels.py
[2025-06-13T21:31:18.959-0400] {processor.py:914} INFO - Processing file /Users/pranavr/.pyenv/versions/3.11.6/lib/python3.11/site-packages/airflow/example_dags/example_branch_labels.py for tasks to queue
[2025-06-13T21:31:18.962-0400] {logging_mixin.py:190} INFO - [2025-06-13T21:31:18.962-0400] {dagbag.py:588} INFO - Filling up the DagBag from /Users/pranavr/.pyenv/versions/3.11.6/lib/python3.11/site-packages/airflow/example_dags/example_branch_labels.py
[2025-06-13T21:31:18.972-0400] {processor.py:925} INFO - DAG(s) 'example_branch_labels' retrieved from /Users/pranavr/.pyenv/versions/3.11.6/lib/python3.11/site-packages/airflow/example_dags/example_branch_labels.py
[2025-06-13T21:31:19.057-0400] {logging_mixin.py:190} INFO - [2025-06-13T21:31:19.057-0400] {dag.py:3239} INFO - Sync 1 DAGs
[2025-06-13T21:31:19.065-0400] {logging_mixin.py:190} INFO - [2025-06-13T21:31:19.065-0400] {dag.py:4180} INFO - Setting next_dagrun for example_branch_labels to 2025-06-13T00:00:00+00:00, run_after=2025-06-14T00:00:00+00:00
[2025-06-13T21:31:19.075-0400] {processor.py:208} INFO - Processing /Users/pranavr/.pyenv/versions/3.11.6/lib/python3.11/site-packages/airflow/example_dags/example_branch_labels.py took 121.671 seconds
[2025-06-13T21:34:55.160-0400] {processor.py:186} INFO - Started process (PID=27372) to work on /Users/pranavr/.pyenv/versions/3.11.6/lib/python3.11/site-packages/airflow/example_dags/example_branch_labels.py
[2025-06-13T21:34:55.166-0400] {processor.py:914} INFO - Processing file /Users/pranavr/.pyenv/versions/3.11.6/lib/python3.11/site-packages/airflow/example_dags/example_branch_labels.py for tasks to queue
[2025-06-13T21:34:55.167-0400] {logging_mixin.py:190} INFO - [2025-06-13T21:34:55.167-0400] {dagbag.py:588} INFO - Filling up the DagBag from /Users/pranavr/.pyenv/versions/3.11.6/lib/python3.11/site-packages/airflow/example_dags/example_branch_labels.py
[2025-06-13T21:34:55.183-0400] {processor.py:925} INFO - DAG(s) 'example_branch_labels' retrieved from /Users/pranavr/.pyenv/versions/3.11.6/lib/python3.11/site-packages/airflow/example_dags/example_branch_labels.py
[2025-06-13T21:34:55.264-0400] {logging_mixin.py:190} INFO - [2025-06-13T21:34:55.264-0400] {dag.py:3239} INFO - Sync 1 DAGs
[2025-06-13T21:34:55.273-0400] {logging_mixin.py:190} INFO - [2025-06-13T21:34:55.273-0400] {dag.py:4180} INFO - Setting next_dagrun for example_branch_labels to 2025-06-13T00:00:00+00:00, run_after=2025-06-14T00:00:00+00:00
[2025-06-13T21:34:55.284-0400] {processor.py:208} INFO - Processing /Users/pranavr/.pyenv/versions/3.11.6/lib/python3.11/site-packages/airflow/example_dags/example_branch_labels.py took 125.605 seconds
[2025-06-13T21:41:03.416-0400] {processor.py:186} INFO - Started process (PID=28706) to work on /Users/pranavr/.pyenv/versions/3.11.6/lib/python3.11/site-packages/airflow/example_dags/example_branch_labels.py
[2025-06-13T21:41:03.418-0400] {processor.py:914} INFO - Processing file /Users/pranavr/.pyenv/versions/3.11.6/lib/python3.11/site-packages/airflow/example_dags/example_branch_labels.py for tasks to queue
[2025-06-13T21:41:03.419-0400] {logging_mixin.py:190} INFO - [2025-06-13T21:41:03.419-0400] {dagbag.py:588} INFO - Filling up the DagBag from /Users/pranavr/.pyenv/versions/3.11.6/lib/python3.11/site-packages/airflow/example_dags/example_branch_labels.py
[2025-06-13T21:41:03.425-0400] {processor.py:925} INFO - DAG(s) 'example_branch_labels' retrieved from /Users/pranavr/.pyenv/versions/3.11.6/lib/python3.11/site-packages/airflow/example_dags/example_branch_labels.py
[2025-06-13T21:41:03.500-0400] {logging_mixin.py:190} INFO - [2025-06-13T21:41:03.499-0400] {dag.py:3239} INFO - Sync 1 DAGs
[2025-06-13T21:41:03.508-0400] {logging_mixin.py:190} INFO - [2025-06-13T21:41:03.508-0400] {dag.py:4180} INFO - Setting next_dagrun for example_branch_labels to 2025-06-13T00:00:00+00:00, run_after=2025-06-14T00:00:00+00:00
[2025-06-13T21:41:03.521-0400] {processor.py:208} INFO - Processing /Users/pranavr/.pyenv/versions/3.11.6/lib/python3.11/site-packages/airflow/example_dags/example_branch_labels.py took 107.250 seconds
