[2025-06-13T20:28:14.864-0400] {processor.py:186} INFO - Started process (PID=24560) to work on /Users/pranavr/.pyenv/versions/3.11.6/lib/python3.11/site-packages/airflow/example_dags/example_external_task_marker_dag.py
[2025-06-13T20:28:14.866-0400] {processor.py:914} INFO - Processing file /Users/pranavr/.pyenv/versions/3.11.6/lib/python3.11/site-packages/airflow/example_dags/example_external_task_marker_dag.py for tasks to queue
[2025-06-13T20:28:14.867-0400] {logging_mixin.py:190} INFO - [2025-06-13T20:28:14.867-0400] {dagbag.py:588} INFO - Filling up the DagBag from /Users/pranavr/.pyenv/versions/3.11.6/lib/python3.11/site-packages/airflow/example_dags/example_external_task_marker_dag.py
[2025-06-13T20:28:14.876-0400] {processor.py:925} INFO - DAG(s) 'example_external_task_marker_child', 'example_external_task_marker_parent' retrieved from /Users/pranavr/.pyenv/versions/3.11.6/lib/python3.11/site-packages/airflow/example_dags/example_external_task_marker_dag.py
[2025-06-13T20:28:15.463-0400] {logging_mixin.py:190} INFO - [2025-06-13T20:28:15.463-0400] {dag.py:3239} INFO - Sync 2 DAGs
[2025-06-13T20:28:15.469-0400] {logging_mixin.py:190} INFO - [2025-06-13T20:28:15.468-0400] {dag.py:4180} INFO - Setting next_dagrun for example_external_task_marker_child to None, run_after=None
[2025-06-13T20:28:15.470-0400] {logging_mixin.py:190} INFO - [2025-06-13T20:28:15.470-0400] {dag.py:4180} INFO - Setting next_dagrun for example_external_task_marker_parent to None, run_after=None
[2025-06-13T20:28:15.480-0400] {processor.py:208} INFO - Processing /Users/pranavr/.pyenv/versions/3.11.6/lib/python3.11/site-packages/airflow/example_dags/example_external_task_marker_dag.py took 617.381 seconds
[2025-06-13T21:27:42.936-0400] {processor.py:186} INFO - Started process (PID=26541) to work on /Users/pranavr/.pyenv/versions/3.11.6/lib/python3.11/site-packages/airflow/example_dags/example_external_task_marker_dag.py
[2025-06-13T21:27:42.938-0400] {processor.py:914} INFO - Processing file /Users/pranavr/.pyenv/versions/3.11.6/lib/python3.11/site-packages/airflow/example_dags/example_external_task_marker_dag.py for tasks to queue
[2025-06-13T21:27:42.939-0400] {logging_mixin.py:190} INFO - [2025-06-13T21:27:42.939-0400] {dagbag.py:588} INFO - Filling up the DagBag from /Users/pranavr/.pyenv/versions/3.11.6/lib/python3.11/site-packages/airflow/example_dags/example_external_task_marker_dag.py
[2025-06-13T21:27:42.946-0400] {processor.py:925} INFO - DAG(s) 'example_external_task_marker_child', 'example_external_task_marker_parent' retrieved from /Users/pranavr/.pyenv/versions/3.11.6/lib/python3.11/site-packages/airflow/example_dags/example_external_task_marker_dag.py
[2025-06-13T21:27:43.556-0400] {logging_mixin.py:190} INFO - [2025-06-13T21:27:43.555-0400] {dag.py:3239} INFO - Sync 2 DAGs
[2025-06-13T21:27:43.563-0400] {logging_mixin.py:190} INFO - [2025-06-13T21:27:43.562-0400] {dag.py:4180} INFO - Setting next_dagrun for example_external_task_marker_child to None, run_after=None
[2025-06-13T21:27:43.564-0400] {logging_mixin.py:190} INFO - [2025-06-13T21:27:43.564-0400] {dag.py:4180} INFO - Setting next_dagrun for example_external_task_marker_parent to None, run_after=None
[2025-06-13T21:27:43.571-0400] {processor.py:208} INFO - Processing /Users/pranavr/.pyenv/versions/3.11.6/lib/python3.11/site-packages/airflow/example_dags/example_external_task_marker_dag.py took 637.826 seconds
[2025-06-13T21:29:48.100-0400] {processor.py:186} INFO - Started process (PID=26840) to work on /Users/pranavr/.pyenv/versions/3.11.6/lib/python3.11/site-packages/airflow/example_dags/example_external_task_marker_dag.py
[2025-06-13T21:29:48.102-0400] {processor.py:914} INFO - Processing file /Users/pranavr/.pyenv/versions/3.11.6/lib/python3.11/site-packages/airflow/example_dags/example_external_task_marker_dag.py for tasks to queue
[2025-06-13T21:29:48.103-0400] {logging_mixin.py:190} INFO - [2025-06-13T21:29:48.103-0400] {dagbag.py:588} INFO - Filling up the DagBag from /Users/pranavr/.pyenv/versions/3.11.6/lib/python3.11/site-packages/airflow/example_dags/example_external_task_marker_dag.py
[2025-06-13T21:29:48.110-0400] {processor.py:925} INFO - DAG(s) 'example_external_task_marker_child', 'example_external_task_marker_parent' retrieved from /Users/pranavr/.pyenv/versions/3.11.6/lib/python3.11/site-packages/airflow/example_dags/example_external_task_marker_dag.py
[2025-06-13T21:29:48.586-0400] {logging_mixin.py:190} INFO - [2025-06-13T21:29:48.585-0400] {dag.py:3239} INFO - Sync 2 DAGs
[2025-06-13T21:29:48.593-0400] {logging_mixin.py:190} INFO - [2025-06-13T21:29:48.593-0400] {dag.py:4180} INFO - Setting next_dagrun for example_external_task_marker_child to None, run_after=None
[2025-06-13T21:29:48.595-0400] {logging_mixin.py:190} INFO - [2025-06-13T21:29:48.595-0400] {dag.py:4180} INFO - Setting next_dagrun for example_external_task_marker_parent to None, run_after=None
[2025-06-13T21:29:48.607-0400] {processor.py:208} INFO - Processing /Users/pranavr/.pyenv/versions/3.11.6/lib/python3.11/site-packages/airflow/example_dags/example_external_task_marker_dag.py took 522.763 seconds
[2025-06-13T21:33:10.027-0400] {processor.py:186} INFO - Started process (PID=27238) to work on /Users/pranavr/.pyenv/versions/3.11.6/lib/python3.11/site-packages/airflow/example_dags/example_external_task_marker_dag.py
[2025-06-13T21:33:10.030-0400] {processor.py:914} INFO - Processing file /Users/pranavr/.pyenv/versions/3.11.6/lib/python3.11/site-packages/airflow/example_dags/example_external_task_marker_dag.py for tasks to queue
[2025-06-13T21:33:10.030-0400] {logging_mixin.py:190} INFO - [2025-06-13T21:33:10.030-0400] {dagbag.py:588} INFO - Filling up the DagBag from /Users/pranavr/.pyenv/versions/3.11.6/lib/python3.11/site-packages/airflow/example_dags/example_external_task_marker_dag.py
[2025-06-13T21:33:10.037-0400] {processor.py:925} INFO - DAG(s) 'example_external_task_marker_parent', 'example_external_task_marker_child' retrieved from /Users/pranavr/.pyenv/versions/3.11.6/lib/python3.11/site-packages/airflow/example_dags/example_external_task_marker_dag.py
[2025-06-13T21:33:10.425-0400] {logging_mixin.py:190} INFO - [2025-06-13T21:33:10.425-0400] {dag.py:3239} INFO - Sync 2 DAGs
[2025-06-13T21:33:10.430-0400] {logging_mixin.py:190} INFO - [2025-06-13T21:33:10.430-0400] {dag.py:4180} INFO - Setting next_dagrun for example_external_task_marker_child to None, run_after=None
[2025-06-13T21:33:10.432-0400] {logging_mixin.py:190} INFO - [2025-06-13T21:33:10.432-0400] {dag.py:4180} INFO - Setting next_dagrun for example_external_task_marker_parent to None, run_after=None
[2025-06-13T21:33:10.441-0400] {processor.py:208} INFO - Processing /Users/pranavr/.pyenv/versions/3.11.6/lib/python3.11/site-packages/airflow/example_dags/example_external_task_marker_dag.py took 414.570 seconds
[2025-06-13T21:40:39.018-0400] {processor.py:186} INFO - Started process (PID=28600) to work on /Users/pranavr/.pyenv/versions/3.11.6/lib/python3.11/site-packages/airflow/example_dags/example_external_task_marker_dag.py
[2025-06-13T21:40:39.020-0400] {processor.py:914} INFO - Processing file /Users/pranavr/.pyenv/versions/3.11.6/lib/python3.11/site-packages/airflow/example_dags/example_external_task_marker_dag.py for tasks to queue
[2025-06-13T21:40:39.020-0400] {logging_mixin.py:190} INFO - [2025-06-13T21:40:39.020-0400] {dagbag.py:588} INFO - Filling up the DagBag from /Users/pranavr/.pyenv/versions/3.11.6/lib/python3.11/site-packages/airflow/example_dags/example_external_task_marker_dag.py
[2025-06-13T21:40:39.027-0400] {processor.py:925} INFO - DAG(s) 'example_external_task_marker_parent', 'example_external_task_marker_child' retrieved from /Users/pranavr/.pyenv/versions/3.11.6/lib/python3.11/site-packages/airflow/example_dags/example_external_task_marker_dag.py
[2025-06-13T21:40:39.423-0400] {logging_mixin.py:190} INFO - [2025-06-13T21:40:39.422-0400] {dag.py:3239} INFO - Sync 2 DAGs
[2025-06-13T21:40:39.428-0400] {logging_mixin.py:190} INFO - [2025-06-13T21:40:39.428-0400] {dag.py:4180} INFO - Setting next_dagrun for example_external_task_marker_child to None, run_after=None
[2025-06-13T21:40:39.430-0400] {logging_mixin.py:190} INFO - [2025-06-13T21:40:39.430-0400] {dag.py:4180} INFO - Setting next_dagrun for example_external_task_marker_parent to None, run_after=None
[2025-06-13T21:40:39.438-0400] {processor.py:208} INFO - Processing /Users/pranavr/.pyenv/versions/3.11.6/lib/python3.11/site-packages/airflow/example_dags/example_external_task_marker_dag.py took 422.183 seconds
[2025-06-13T21:42:41.546-0400] {processor.py:186} INFO - Started process (PID=29034) to work on /Users/pranavr/.pyenv/versions/3.11.6/lib/python3.11/site-packages/airflow/example_dags/example_external_task_marker_dag.py
[2025-06-13T21:42:41.549-0400] {processor.py:914} INFO - Processing file /Users/pranavr/.pyenv/versions/3.11.6/lib/python3.11/site-packages/airflow/example_dags/example_external_task_marker_dag.py for tasks to queue
[2025-06-13T21:42:41.550-0400] {logging_mixin.py:190} INFO - [2025-06-13T21:42:41.549-0400] {dagbag.py:588} INFO - Filling up the DagBag from /Users/pranavr/.pyenv/versions/3.11.6/lib/python3.11/site-packages/airflow/example_dags/example_external_task_marker_dag.py
[2025-06-13T21:42:41.562-0400] {processor.py:925} INFO - DAG(s) 'example_external_task_marker_child', 'example_external_task_marker_parent' retrieved from /Users/pranavr/.pyenv/versions/3.11.6/lib/python3.11/site-packages/airflow/example_dags/example_external_task_marker_dag.py
[2025-06-13T21:42:42.022-0400] {logging_mixin.py:190} INFO - [2025-06-13T21:42:42.021-0400] {dag.py:3239} INFO - Sync 2 DAGs
[2025-06-13T21:42:42.027-0400] {logging_mixin.py:190} INFO - [2025-06-13T21:42:42.027-0400] {dag.py:4180} INFO - Setting next_dagrun for example_external_task_marker_child to None, run_after=None
[2025-06-13T21:42:42.028-0400] {logging_mixin.py:190} INFO - [2025-06-13T21:42:42.028-0400] {dag.py:4180} INFO - Setting next_dagrun for example_external_task_marker_parent to None, run_after=None
[2025-06-13T21:42:42.036-0400] {processor.py:208} INFO - Processing /Users/pranavr/.pyenv/versions/3.11.6/lib/python3.11/site-packages/airflow/example_dags/example_external_task_marker_dag.py took 491.761 seconds
