[2025-06-13T20:07:47.159-0400] {processor.py:186} INFO - Started process (PID=24403) to work on /Users/pranavr/.pyenv/versions/3.11.6/lib/python3.11/site-packages/airflow/example_dags/example_setup_teardown.py
[2025-06-13T20:07:47.161-0400] {processor.py:914} INFO - Processing file /Users/pranavr/.pyenv/versions/3.11.6/lib/python3.11/site-packages/airflow/example_dags/example_setup_teardown.py for tasks to queue
[2025-06-13T20:07:47.162-0400] {logging_mixin.py:190} INFO - [2025-06-13T20:07:47.161-0400] {dagbag.py:588} INFO - Filling up the DagBag from /Users/pranavr/.pyenv/versions/3.11.6/lib/python3.11/site-packages/airflow/example_dags/example_setup_teardown.py
[2025-06-13T20:07:47.168-0400] {processor.py:925} INFO - DAG(s) 'example_setup_teardown' retrieved from /Users/pranavr/.pyenv/versions/3.11.6/lib/python3.11/site-packages/airflow/example_dags/example_setup_teardown.py
[2025-06-13T20:07:47.249-0400] {logging_mixin.py:190} INFO - [2025-06-13T20:07:47.249-0400] {dag.py:3239} INFO - Sync 1 DAGs
[2025-06-13T20:07:47.255-0400] {logging_mixin.py:190} INFO - [2025-06-13T20:07:47.255-0400] {dag.py:4180} INFO - Setting next_dagrun for example_setup_teardown to None, run_after=None
[2025-06-13T20:07:47.264-0400] {processor.py:208} INFO - Processing /Users/pranavr/.pyenv/versions/3.11.6/lib/python3.11/site-packages/airflow/example_dags/example_setup_teardown.py took 107.439 seconds
[2025-06-13T21:26:33.328-0400] {processor.py:186} INFO - Started process (PID=26386) to work on /Users/pranavr/.pyenv/versions/3.11.6/lib/python3.11/site-packages/airflow/example_dags/example_setup_teardown.py
[2025-06-13T21:26:33.330-0400] {processor.py:914} INFO - Processing file /Users/pranavr/.pyenv/versions/3.11.6/lib/python3.11/site-packages/airflow/example_dags/example_setup_teardown.py for tasks to queue
[2025-06-13T21:26:33.331-0400] {logging_mixin.py:190} INFO - [2025-06-13T21:26:33.331-0400] {dagbag.py:588} INFO - Filling up the DagBag from /Users/pranavr/.pyenv/versions/3.11.6/lib/python3.11/site-packages/airflow/example_dags/example_setup_teardown.py
[2025-06-13T21:26:33.337-0400] {processor.py:925} INFO - DAG(s) 'example_setup_teardown' retrieved from /Users/pranavr/.pyenv/versions/3.11.6/lib/python3.11/site-packages/airflow/example_dags/example_setup_teardown.py
[2025-06-13T21:26:33.428-0400] {logging_mixin.py:190} INFO - [2025-06-13T21:26:33.428-0400] {dag.py:3239} INFO - Sync 1 DAGs
[2025-06-13T21:26:33.432-0400] {logging_mixin.py:190} INFO - [2025-06-13T21:26:33.432-0400] {dag.py:4180} INFO - Setting next_dagrun for example_setup_teardown to None, run_after=None
[2025-06-13T21:26:33.440-0400] {processor.py:208} INFO - Processing /Users/pranavr/.pyenv/versions/3.11.6/lib/python3.11/site-packages/airflow/example_dags/example_setup_teardown.py took 114.067 seconds
[2025-06-13T21:29:17.288-0400] {processor.py:186} INFO - Started process (PID=26794) to work on /Users/pranavr/.pyenv/versions/3.11.6/lib/python3.11/site-packages/airflow/example_dags/example_setup_teardown.py
[2025-06-13T21:29:17.290-0400] {processor.py:914} INFO - Processing file /Users/pranavr/.pyenv/versions/3.11.6/lib/python3.11/site-packages/airflow/example_dags/example_setup_teardown.py for tasks to queue
[2025-06-13T21:29:17.291-0400] {logging_mixin.py:190} INFO - [2025-06-13T21:29:17.291-0400] {dagbag.py:588} INFO - Filling up the DagBag from /Users/pranavr/.pyenv/versions/3.11.6/lib/python3.11/site-packages/airflow/example_dags/example_setup_teardown.py
[2025-06-13T21:29:17.299-0400] {processor.py:925} INFO - DAG(s) 'example_setup_teardown' retrieved from /Users/pranavr/.pyenv/versions/3.11.6/lib/python3.11/site-packages/airflow/example_dags/example_setup_teardown.py
[2025-06-13T21:29:17.381-0400] {logging_mixin.py:190} INFO - [2025-06-13T21:29:17.381-0400] {dag.py:3239} INFO - Sync 1 DAGs
[2025-06-13T21:29:17.386-0400] {logging_mixin.py:190} INFO - [2025-06-13T21:29:17.386-0400] {dag.py:4180} INFO - Setting next_dagrun for example_setup_teardown to None, run_after=None
[2025-06-13T21:29:17.394-0400] {processor.py:208} INFO - Processing /Users/pranavr/.pyenv/versions/3.11.6/lib/python3.11/site-packages/airflow/example_dags/example_setup_teardown.py took 106.652 seconds
[2025-06-13T21:30:51.104-0400] {processor.py:186} INFO - Started process (PID=26951) to work on /Users/pranavr/.pyenv/versions/3.11.6/lib/python3.11/site-packages/airflow/example_dags/example_setup_teardown.py
[2025-06-13T21:30:51.109-0400] {processor.py:914} INFO - Processing file /Users/pranavr/.pyenv/versions/3.11.6/lib/python3.11/site-packages/airflow/example_dags/example_setup_teardown.py for tasks to queue
[2025-06-13T21:30:51.110-0400] {logging_mixin.py:190} INFO - [2025-06-13T21:30:51.110-0400] {dagbag.py:588} INFO - Filling up the DagBag from /Users/pranavr/.pyenv/versions/3.11.6/lib/python3.11/site-packages/airflow/example_dags/example_setup_teardown.py
[2025-06-13T21:30:51.116-0400] {processor.py:925} INFO - DAG(s) 'example_setup_teardown' retrieved from /Users/pranavr/.pyenv/versions/3.11.6/lib/python3.11/site-packages/airflow/example_dags/example_setup_teardown.py
[2025-06-13T21:30:51.226-0400] {logging_mixin.py:190} INFO - [2025-06-13T21:30:51.226-0400] {dag.py:3239} INFO - Sync 1 DAGs
[2025-06-13T21:30:51.230-0400] {logging_mixin.py:190} INFO - [2025-06-13T21:30:51.230-0400] {dag.py:4180} INFO - Setting next_dagrun for example_setup_teardown to None, run_after=None
[2025-06-13T21:30:51.241-0400] {processor.py:208} INFO - Processing /Users/pranavr/.pyenv/versions/3.11.6/lib/python3.11/site-packages/airflow/example_dags/example_setup_teardown.py took 140.314 seconds
[2025-06-13T21:32:31.837-0400] {processor.py:186} INFO - Started process (PID=27193) to work on /Users/pranavr/.pyenv/versions/3.11.6/lib/python3.11/site-packages/airflow/example_dags/example_setup_teardown.py
[2025-06-13T21:32:31.839-0400] {processor.py:914} INFO - Processing file /Users/pranavr/.pyenv/versions/3.11.6/lib/python3.11/site-packages/airflow/example_dags/example_setup_teardown.py for tasks to queue
[2025-06-13T21:32:31.840-0400] {logging_mixin.py:190} INFO - [2025-06-13T21:32:31.840-0400] {dagbag.py:588} INFO - Filling up the DagBag from /Users/pranavr/.pyenv/versions/3.11.6/lib/python3.11/site-packages/airflow/example_dags/example_setup_teardown.py
[2025-06-13T21:32:31.845-0400] {processor.py:925} INFO - DAG(s) 'example_setup_teardown' retrieved from /Users/pranavr/.pyenv/versions/3.11.6/lib/python3.11/site-packages/airflow/example_dags/example_setup_teardown.py
[2025-06-13T21:32:31.925-0400] {logging_mixin.py:190} INFO - [2025-06-13T21:32:31.924-0400] {dag.py:3239} INFO - Sync 1 DAGs
[2025-06-13T21:32:31.930-0400] {logging_mixin.py:190} INFO - [2025-06-13T21:32:31.930-0400] {dag.py:4180} INFO - Setting next_dagrun for example_setup_teardown to None, run_after=None
[2025-06-13T21:32:31.939-0400] {processor.py:208} INFO - Processing /Users/pranavr/.pyenv/versions/3.11.6/lib/python3.11/site-packages/airflow/example_dags/example_setup_teardown.py took 103.929 seconds
[2025-06-13T21:34:21.526-0400] {processor.py:186} INFO - Started process (PID=27338) to work on /Users/pranavr/.pyenv/versions/3.11.6/lib/python3.11/site-packages/airflow/example_dags/example_setup_teardown.py
[2025-06-13T21:34:21.533-0400] {processor.py:914} INFO - Processing file /Users/pranavr/.pyenv/versions/3.11.6/lib/python3.11/site-packages/airflow/example_dags/example_setup_teardown.py for tasks to queue
[2025-06-13T21:34:21.534-0400] {logging_mixin.py:190} INFO - [2025-06-13T21:34:21.534-0400] {dagbag.py:588} INFO - Filling up the DagBag from /Users/pranavr/.pyenv/versions/3.11.6/lib/python3.11/site-packages/airflow/example_dags/example_setup_teardown.py
[2025-06-13T21:34:21.539-0400] {processor.py:925} INFO - DAG(s) 'example_setup_teardown' retrieved from /Users/pranavr/.pyenv/versions/3.11.6/lib/python3.11/site-packages/airflow/example_dags/example_setup_teardown.py
[2025-06-13T21:34:21.634-0400] {logging_mixin.py:190} INFO - [2025-06-13T21:34:21.634-0400] {dag.py:3239} INFO - Sync 1 DAGs
[2025-06-13T21:34:21.640-0400] {logging_mixin.py:190} INFO - [2025-06-13T21:34:21.639-0400] {dag.py:4180} INFO - Setting next_dagrun for example_setup_teardown to None, run_after=None
[2025-06-13T21:34:21.655-0400] {processor.py:208} INFO - Processing /Users/pranavr/.pyenv/versions/3.11.6/lib/python3.11/site-packages/airflow/example_dags/example_setup_teardown.py took 132.820 seconds
[2025-06-13T21:40:08.055-0400] {processor.py:186} INFO - Started process (PID=28336) to work on /Users/pranavr/.pyenv/versions/3.11.6/lib/python3.11/site-packages/airflow/example_dags/example_setup_teardown.py
[2025-06-13T21:40:08.057-0400] {processor.py:914} INFO - Processing file /Users/pranavr/.pyenv/versions/3.11.6/lib/python3.11/site-packages/airflow/example_dags/example_setup_teardown.py for tasks to queue
[2025-06-13T21:40:08.058-0400] {logging_mixin.py:190} INFO - [2025-06-13T21:40:08.058-0400] {dagbag.py:588} INFO - Filling up the DagBag from /Users/pranavr/.pyenv/versions/3.11.6/lib/python3.11/site-packages/airflow/example_dags/example_setup_teardown.py
[2025-06-13T21:40:08.062-0400] {processor.py:925} INFO - DAG(s) 'example_setup_teardown' retrieved from /Users/pranavr/.pyenv/versions/3.11.6/lib/python3.11/site-packages/airflow/example_dags/example_setup_teardown.py
[2025-06-13T21:40:08.147-0400] {logging_mixin.py:190} INFO - [2025-06-13T21:40:08.147-0400] {dag.py:3239} INFO - Sync 1 DAGs
[2025-06-13T21:40:08.152-0400] {logging_mixin.py:190} INFO - [2025-06-13T21:40:08.151-0400] {dag.py:4180} INFO - Setting next_dagrun for example_setup_teardown to None, run_after=None
[2025-06-13T21:40:08.161-0400] {processor.py:208} INFO - Processing /Users/pranavr/.pyenv/versions/3.11.6/lib/python3.11/site-packages/airflow/example_dags/example_setup_teardown.py took 107.725 seconds
[2025-06-13T21:42:09.904-0400] {processor.py:186} INFO - Started process (PID=28832) to work on /Users/pranavr/.pyenv/versions/3.11.6/lib/python3.11/site-packages/airflow/example_dags/example_setup_teardown.py
[2025-06-13T21:42:09.906-0400] {processor.py:914} INFO - Processing file /Users/pranavr/.pyenv/versions/3.11.6/lib/python3.11/site-packages/airflow/example_dags/example_setup_teardown.py for tasks to queue
[2025-06-13T21:42:09.907-0400] {logging_mixin.py:190} INFO - [2025-06-13T21:42:09.907-0400] {dagbag.py:588} INFO - Filling up the DagBag from /Users/pranavr/.pyenv/versions/3.11.6/lib/python3.11/site-packages/airflow/example_dags/example_setup_teardown.py
[2025-06-13T21:42:09.911-0400] {processor.py:925} INFO - DAG(s) 'example_setup_teardown' retrieved from /Users/pranavr/.pyenv/versions/3.11.6/lib/python3.11/site-packages/airflow/example_dags/example_setup_teardown.py
[2025-06-13T21:42:09.995-0400] {logging_mixin.py:190} INFO - [2025-06-13T21:42:09.995-0400] {dag.py:3239} INFO - Sync 1 DAGs
[2025-06-13T21:42:10.001-0400] {logging_mixin.py:190} INFO - [2025-06-13T21:42:10.000-0400] {dag.py:4180} INFO - Setting next_dagrun for example_setup_teardown to None, run_after=None
[2025-06-13T21:42:10.010-0400] {processor.py:208} INFO - Processing /Users/pranavr/.pyenv/versions/3.11.6/lib/python3.11/site-packages/airflow/example_dags/example_setup_teardown.py took 107.248 seconds
