[2025-06-13T20:28:10.793-0400] {processor.py:186} INFO - Started process (PID=24548) to work on /Users/pranavr/.pyenv/versions/3.11.6/lib/python3.11/site-packages/airflow/example_dags/example_kubernetes_executor.py
[2025-06-13T20:28:10.796-0400] {processor.py:914} INFO - Processing file /Users/pranavr/.pyenv/versions/3.11.6/lib/python3.11/site-packages/airflow/example_dags/example_kubernetes_executor.py for tasks to queue
[2025-06-13T20:28:10.797-0400] {logging_mixin.py:190} INFO - [2025-06-13T20:28:10.796-0400] {dagbag.py:588} INFO - Filling up the DagBag from /Users/pranavr/.pyenv/versions/3.11.6/lib/python3.11/site-packages/airflow/example_dags/example_kubernetes_executor.py
[2025-06-13T20:28:10.823-0400] {logging_mixin.py:190} INFO - [2025-06-13T20:28:10.823-0400] {example_kubernetes_executor.py:39} WARNING - The example_kubernetes_executor example DAG requires the kubernetes provider. Please install it with: pip install apache-airflow[cncf.kubernetes]
[2025-06-13T20:28:10.823-0400] {processor.py:927} WARNING - No viable dags retrieved from /Users/pranavr/.pyenv/versions/3.11.6/lib/python3.11/site-packages/airflow/example_dags/example_kubernetes_executor.py
[2025-06-13T20:28:10.912-0400] {processor.py:208} INFO - Processing /Users/pranavr/.pyenv/versions/3.11.6/lib/python3.11/site-packages/airflow/example_dags/example_kubernetes_executor.py took 120.928 seconds
[2025-06-13T21:27:39.038-0400] {processor.py:186} INFO - Started process (PID=26535) to work on /Users/pranavr/.pyenv/versions/3.11.6/lib/python3.11/site-packages/airflow/example_dags/example_kubernetes_executor.py
[2025-06-13T21:27:39.041-0400] {processor.py:914} INFO - Processing file /Users/pranavr/.pyenv/versions/3.11.6/lib/python3.11/site-packages/airflow/example_dags/example_kubernetes_executor.py for tasks to queue
[2025-06-13T21:27:39.041-0400] {logging_mixin.py:190} INFO - [2025-06-13T21:27:39.041-0400] {dagbag.py:588} INFO - Filling up the DagBag from /Users/pranavr/.pyenv/versions/3.11.6/lib/python3.11/site-packages/airflow/example_dags/example_kubernetes_executor.py
[2025-06-13T21:27:39.058-0400] {logging_mixin.py:190} INFO - [2025-06-13T21:27:39.058-0400] {example_kubernetes_executor.py:39} WARNING - The example_kubernetes_executor example DAG requires the kubernetes provider. Please install it with: pip install apache-airflow[cncf.kubernetes]
[2025-06-13T21:27:39.058-0400] {processor.py:927} WARNING - No viable dags retrieved from /Users/pranavr/.pyenv/versions/3.11.6/lib/python3.11/site-packages/airflow/example_dags/example_kubernetes_executor.py
[2025-06-13T21:27:39.142-0400] {processor.py:208} INFO - Processing /Users/pranavr/.pyenv/versions/3.11.6/lib/python3.11/site-packages/airflow/example_dags/example_kubernetes_executor.py took 105.549 seconds
[2025-06-13T21:29:44.005-0400] {processor.py:186} INFO - Started process (PID=26832) to work on /Users/pranavr/.pyenv/versions/3.11.6/lib/python3.11/site-packages/airflow/example_dags/example_kubernetes_executor.py
[2025-06-13T21:29:44.007-0400] {processor.py:914} INFO - Processing file /Users/pranavr/.pyenv/versions/3.11.6/lib/python3.11/site-packages/airflow/example_dags/example_kubernetes_executor.py for tasks to queue
[2025-06-13T21:29:44.008-0400] {logging_mixin.py:190} INFO - [2025-06-13T21:29:44.008-0400] {dagbag.py:588} INFO - Filling up the DagBag from /Users/pranavr/.pyenv/versions/3.11.6/lib/python3.11/site-packages/airflow/example_dags/example_kubernetes_executor.py
[2025-06-13T21:29:44.036-0400] {logging_mixin.py:190} INFO - [2025-06-13T21:29:44.036-0400] {example_kubernetes_executor.py:39} WARNING - The example_kubernetes_executor example DAG requires the kubernetes provider. Please install it with: pip install apache-airflow[cncf.kubernetes]
[2025-06-13T21:29:44.036-0400] {processor.py:927} WARNING - No viable dags retrieved from /Users/pranavr/.pyenv/versions/3.11.6/lib/python3.11/site-packages/airflow/example_dags/example_kubernetes_executor.py
[2025-06-13T21:29:44.122-0400] {processor.py:208} INFO - Processing /Users/pranavr/.pyenv/versions/3.11.6/lib/python3.11/site-packages/airflow/example_dags/example_kubernetes_executor.py took 118.111 seconds
[2025-06-13T21:33:06.090-0400] {processor.py:186} INFO - Started process (PID=27234) to work on /Users/pranavr/.pyenv/versions/3.11.6/lib/python3.11/site-packages/airflow/example_dags/example_kubernetes_executor.py
[2025-06-13T21:33:06.092-0400] {processor.py:914} INFO - Processing file /Users/pranavr/.pyenv/versions/3.11.6/lib/python3.11/site-packages/airflow/example_dags/example_kubernetes_executor.py for tasks to queue
[2025-06-13T21:33:06.093-0400] {logging_mixin.py:190} INFO - [2025-06-13T21:33:06.093-0400] {dagbag.py:588} INFO - Filling up the DagBag from /Users/pranavr/.pyenv/versions/3.11.6/lib/python3.11/site-packages/airflow/example_dags/example_kubernetes_executor.py
[2025-06-13T21:33:06.113-0400] {logging_mixin.py:190} INFO - [2025-06-13T21:33:06.113-0400] {example_kubernetes_executor.py:39} WARNING - The example_kubernetes_executor example DAG requires the kubernetes provider. Please install it with: pip install apache-airflow[cncf.kubernetes]
[2025-06-13T21:33:06.114-0400] {processor.py:927} WARNING - No viable dags retrieved from /Users/pranavr/.pyenv/versions/3.11.6/lib/python3.11/site-packages/airflow/example_dags/example_kubernetes_executor.py
[2025-06-13T21:33:06.225-0400] {processor.py:208} INFO - Processing /Users/pranavr/.pyenv/versions/3.11.6/lib/python3.11/site-packages/airflow/example_dags/example_kubernetes_executor.py took 136.886 seconds
[2025-06-13T21:40:35.074-0400] {processor.py:186} INFO - Started process (PID=28515) to work on /Users/pranavr/.pyenv/versions/3.11.6/lib/python3.11/site-packages/airflow/example_dags/example_kubernetes_executor.py
[2025-06-13T21:40:35.076-0400] {processor.py:914} INFO - Processing file /Users/pranavr/.pyenv/versions/3.11.6/lib/python3.11/site-packages/airflow/example_dags/example_kubernetes_executor.py for tasks to queue
[2025-06-13T21:40:35.077-0400] {logging_mixin.py:190} INFO - [2025-06-13T21:40:35.077-0400] {dagbag.py:588} INFO - Filling up the DagBag from /Users/pranavr/.pyenv/versions/3.11.6/lib/python3.11/site-packages/airflow/example_dags/example_kubernetes_executor.py
[2025-06-13T21:40:35.095-0400] {logging_mixin.py:190} INFO - [2025-06-13T21:40:35.094-0400] {example_kubernetes_executor.py:39} WARNING - The example_kubernetes_executor example DAG requires the kubernetes provider. Please install it with: pip install apache-airflow[cncf.kubernetes]
[2025-06-13T21:40:35.095-0400] {processor.py:927} WARNING - No viable dags retrieved from /Users/pranavr/.pyenv/versions/3.11.6/lib/python3.11/site-packages/airflow/example_dags/example_kubernetes_executor.py
[2025-06-13T21:40:35.167-0400] {processor.py:208} INFO - Processing /Users/pranavr/.pyenv/versions/3.11.6/lib/python3.11/site-packages/airflow/example_dags/example_kubernetes_executor.py took 94.260 seconds
[2025-06-13T21:42:37.574-0400] {processor.py:186} INFO - Started process (PID=29029) to work on /Users/pranavr/.pyenv/versions/3.11.6/lib/python3.11/site-packages/airflow/example_dags/example_kubernetes_executor.py
[2025-06-13T21:42:37.577-0400] {processor.py:914} INFO - Processing file /Users/pranavr/.pyenv/versions/3.11.6/lib/python3.11/site-packages/airflow/example_dags/example_kubernetes_executor.py for tasks to queue
[2025-06-13T21:42:37.579-0400] {logging_mixin.py:190} INFO - [2025-06-13T21:42:37.579-0400] {dagbag.py:588} INFO - Filling up the DagBag from /Users/pranavr/.pyenv/versions/3.11.6/lib/python3.11/site-packages/airflow/example_dags/example_kubernetes_executor.py
[2025-06-13T21:42:37.603-0400] {logging_mixin.py:190} INFO - [2025-06-13T21:42:37.603-0400] {example_kubernetes_executor.py:39} WARNING - The example_kubernetes_executor example DAG requires the kubernetes provider. Please install it with: pip install apache-airflow[cncf.kubernetes]
[2025-06-13T21:42:37.603-0400] {processor.py:927} WARNING - No viable dags retrieved from /Users/pranavr/.pyenv/versions/3.11.6/lib/python3.11/site-packages/airflow/example_dags/example_kubernetes_executor.py
[2025-06-13T21:42:37.686-0400] {processor.py:208} INFO - Processing /Users/pranavr/.pyenv/versions/3.11.6/lib/python3.11/site-packages/airflow/example_dags/example_kubernetes_executor.py took 115.354 seconds
