[2025-06-13T21:28:00.983-0400] {processor.py:186} INFO - Started process (PID=26580) to work on /Users/pranavr/.pyenv/versions/3.11.6/lib/python3.11/site-packages/airflow/example_dags/example_complex.py
[2025-06-13T21:28:00.985-0400] {processor.py:914} INFO - Processing file /Users/pranavr/.pyenv/versions/3.11.6/lib/python3.11/site-packages/airflow/example_dags/example_complex.py for tasks to queue
[2025-06-13T21:28:00.987-0400] {logging_mixin.py:190} INFO - [2025-06-13T21:28:00.986-0400] {dagbag.py:588} INFO - Filling up the DagBag from /Users/pranavr/.pyenv/versions/3.11.6/lib/python3.11/site-packages/airflow/example_dags/example_complex.py
[2025-06-13T21:28:00.997-0400] {processor.py:925} INFO - DAG(s) 'example_complex' retrieved from /Users/pranavr/.pyenv/versions/3.11.6/lib/python3.11/site-packages/airflow/example_dags/example_complex.py
[2025-06-13T21:28:01.085-0400] {logging_mixin.py:190} INFO - [2025-06-13T21:28:01.085-0400] {dag.py:3239} INFO - Sync 1 DAGs
[2025-06-13T21:28:01.090-0400] {logging_mixin.py:190} INFO - [2025-06-13T21:28:01.090-0400] {dag.py:4180} INFO - Setting next_dagrun for example_complex to None, run_after=None
[2025-06-13T21:28:01.100-0400] {processor.py:208} INFO - Processing /Users/pranavr/.pyenv/versions/3.11.6/lib/python3.11/site-packages/airflow/example_dags/example_complex.py took 122.288 seconds
[2025-06-13T21:31:10.544-0400] {processor.py:186} INFO - Started process (PID=27003) to work on /Users/pranavr/.pyenv/versions/3.11.6/lib/python3.11/site-packages/airflow/example_dags/example_complex.py
[2025-06-13T21:31:10.546-0400] {processor.py:914} INFO - Processing file /Users/pranavr/.pyenv/versions/3.11.6/lib/python3.11/site-packages/airflow/example_dags/example_complex.py for tasks to queue
[2025-06-13T21:31:10.547-0400] {logging_mixin.py:190} INFO - [2025-06-13T21:31:10.547-0400] {dagbag.py:588} INFO - Filling up the DagBag from /Users/pranavr/.pyenv/versions/3.11.6/lib/python3.11/site-packages/airflow/example_dags/example_complex.py
[2025-06-13T21:31:10.555-0400] {processor.py:925} INFO - DAG(s) 'example_complex' retrieved from /Users/pranavr/.pyenv/versions/3.11.6/lib/python3.11/site-packages/airflow/example_dags/example_complex.py
[2025-06-13T21:31:10.643-0400] {logging_mixin.py:190} INFO - [2025-06-13T21:31:10.643-0400] {dag.py:3239} INFO - Sync 1 DAGs
[2025-06-13T21:31:10.648-0400] {logging_mixin.py:190} INFO - [2025-06-13T21:31:10.648-0400] {dag.py:4180} INFO - Setting next_dagrun for example_complex to None, run_after=None
[2025-06-13T21:31:10.659-0400] {processor.py:208} INFO - Processing /Users/pranavr/.pyenv/versions/3.11.6/lib/python3.11/site-packages/airflow/example_dags/example_complex.py took 116.567 seconds
[2025-06-13T21:34:46.466-0400] {processor.py:186} INFO - Started process (PID=27362) to work on /Users/pranavr/.pyenv/versions/3.11.6/lib/python3.11/site-packages/airflow/example_dags/example_complex.py
[2025-06-13T21:34:46.469-0400] {processor.py:914} INFO - Processing file /Users/pranavr/.pyenv/versions/3.11.6/lib/python3.11/site-packages/airflow/example_dags/example_complex.py for tasks to queue
[2025-06-13T21:34:46.470-0400] {logging_mixin.py:190} INFO - [2025-06-13T21:34:46.470-0400] {dagbag.py:588} INFO - Filling up the DagBag from /Users/pranavr/.pyenv/versions/3.11.6/lib/python3.11/site-packages/airflow/example_dags/example_complex.py
[2025-06-13T21:34:46.478-0400] {processor.py:925} INFO - DAG(s) 'example_complex' retrieved from /Users/pranavr/.pyenv/versions/3.11.6/lib/python3.11/site-packages/airflow/example_dags/example_complex.py
[2025-06-13T21:34:46.638-0400] {logging_mixin.py:190} INFO - [2025-06-13T21:34:46.637-0400] {dag.py:3239} INFO - Sync 1 DAGs
[2025-06-13T21:34:46.643-0400] {logging_mixin.py:190} INFO - [2025-06-13T21:34:46.643-0400] {dag.py:4180} INFO - Setting next_dagrun for example_complex to None, run_after=None
[2025-06-13T21:34:46.653-0400] {processor.py:208} INFO - Processing /Users/pranavr/.pyenv/versions/3.11.6/lib/python3.11/site-packages/airflow/example_dags/example_complex.py took 189.650 seconds
[2025-06-13T21:40:55.311-0400] {processor.py:186} INFO - Started process (PID=28692) to work on /Users/pranavr/.pyenv/versions/3.11.6/lib/python3.11/site-packages/airflow/example_dags/example_complex.py
[2025-06-13T21:40:55.314-0400] {processor.py:914} INFO - Processing file /Users/pranavr/.pyenv/versions/3.11.6/lib/python3.11/site-packages/airflow/example_dags/example_complex.py for tasks to queue
[2025-06-13T21:40:55.314-0400] {logging_mixin.py:190} INFO - [2025-06-13T21:40:55.314-0400] {dagbag.py:588} INFO - Filling up the DagBag from /Users/pranavr/.pyenv/versions/3.11.6/lib/python3.11/site-packages/airflow/example_dags/example_complex.py
[2025-06-13T21:40:55.323-0400] {processor.py:925} INFO - DAG(s) 'example_complex' retrieved from /Users/pranavr/.pyenv/versions/3.11.6/lib/python3.11/site-packages/airflow/example_dags/example_complex.py
[2025-06-13T21:40:55.408-0400] {logging_mixin.py:190} INFO - [2025-06-13T21:40:55.408-0400] {dag.py:3239} INFO - Sync 1 DAGs
[2025-06-13T21:40:55.413-0400] {logging_mixin.py:190} INFO - [2025-06-13T21:40:55.413-0400] {dag.py:4180} INFO - Setting next_dagrun for example_complex to None, run_after=None
[2025-06-13T21:40:55.420-0400] {processor.py:208} INFO - Processing /Users/pranavr/.pyenv/versions/3.11.6/lib/python3.11/site-packages/airflow/example_dags/example_complex.py took 111.307 seconds
