[2025-06-13T20:07:30.152-0400] {processor.py:186} INFO - Started process (PID=24351) to work on /Users/pranavr/.pyenv/versions/3.11.6/lib/python3.11/site-packages/airflow/example_dags/example_task_group_decorator.py
[2025-06-13T20:07:30.154-0400] {processor.py:914} INFO - Processing file /Users/pranavr/.pyenv/versions/3.11.6/lib/python3.11/site-packages/airflow/example_dags/example_task_group_decorator.py for tasks to queue
[2025-06-13T20:07:30.155-0400] {logging_mixin.py:190} INFO - [2025-06-13T20:07:30.155-0400] {dagbag.py:588} INFO - Filling up the DagBag from /Users/pranavr/.pyenv/versions/3.11.6/lib/python3.11/site-packages/airflow/example_dags/example_task_group_decorator.py
[2025-06-13T20:07:30.183-0400] {processor.py:925} INFO - DAG(s) 'example_task_group_decorator' retrieved from /Users/pranavr/.pyenv/versions/3.11.6/lib/python3.11/site-packages/airflow/example_dags/example_task_group_decorator.py
[2025-06-13T20:07:30.270-0400] {logging_mixin.py:190} INFO - [2025-06-13T20:07:30.270-0400] {dag.py:3239} INFO - Sync 1 DAGs
[2025-06-13T20:07:30.275-0400] {logging_mixin.py:190} INFO - [2025-06-13T20:07:30.275-0400] {dag.py:4180} INFO - Setting next_dagrun for example_task_group_decorator to None, run_after=None
[2025-06-13T20:07:30.286-0400] {processor.py:208} INFO - Processing /Users/pranavr/.pyenv/versions/3.11.6/lib/python3.11/site-packages/airflow/example_dags/example_task_group_decorator.py took 134.567 seconds
[2025-06-13T21:26:16.285-0400] {processor.py:186} INFO - Started process (PID=26367) to work on /Users/pranavr/.pyenv/versions/3.11.6/lib/python3.11/site-packages/airflow/example_dags/example_task_group_decorator.py
[2025-06-13T21:26:16.287-0400] {processor.py:914} INFO - Processing file /Users/pranavr/.pyenv/versions/3.11.6/lib/python3.11/site-packages/airflow/example_dags/example_task_group_decorator.py for tasks to queue
[2025-06-13T21:26:16.288-0400] {logging_mixin.py:190} INFO - [2025-06-13T21:26:16.288-0400] {dagbag.py:588} INFO - Filling up the DagBag from /Users/pranavr/.pyenv/versions/3.11.6/lib/python3.11/site-packages/airflow/example_dags/example_task_group_decorator.py
[2025-06-13T21:26:16.324-0400] {processor.py:925} INFO - DAG(s) 'example_task_group_decorator' retrieved from /Users/pranavr/.pyenv/versions/3.11.6/lib/python3.11/site-packages/airflow/example_dags/example_task_group_decorator.py
[2025-06-13T21:26:16.422-0400] {logging_mixin.py:190} INFO - [2025-06-13T21:26:16.422-0400] {dag.py:3239} INFO - Sync 1 DAGs
[2025-06-13T21:26:16.428-0400] {logging_mixin.py:190} INFO - [2025-06-13T21:26:16.428-0400] {dag.py:4180} INFO - Setting next_dagrun for example_task_group_decorator to None, run_after=None
[2025-06-13T21:26:16.437-0400] {processor.py:208} INFO - Processing /Users/pranavr/.pyenv/versions/3.11.6/lib/python3.11/site-packages/airflow/example_dags/example_task_group_decorator.py took 153.301 seconds
[2025-06-13T21:28:59.384-0400] {processor.py:186} INFO - Started process (PID=26768) to work on /Users/pranavr/.pyenv/versions/3.11.6/lib/python3.11/site-packages/airflow/example_dags/example_task_group_decorator.py
[2025-06-13T21:28:59.386-0400] {processor.py:914} INFO - Processing file /Users/pranavr/.pyenv/versions/3.11.6/lib/python3.11/site-packages/airflow/example_dags/example_task_group_decorator.py for tasks to queue
[2025-06-13T21:28:59.387-0400] {logging_mixin.py:190} INFO - [2025-06-13T21:28:59.387-0400] {dagbag.py:588} INFO - Filling up the DagBag from /Users/pranavr/.pyenv/versions/3.11.6/lib/python3.11/site-packages/airflow/example_dags/example_task_group_decorator.py
[2025-06-13T21:28:59.419-0400] {processor.py:925} INFO - DAG(s) 'example_task_group_decorator' retrieved from /Users/pranavr/.pyenv/versions/3.11.6/lib/python3.11/site-packages/airflow/example_dags/example_task_group_decorator.py
[2025-06-13T21:28:59.502-0400] {logging_mixin.py:190} INFO - [2025-06-13T21:28:59.502-0400] {dag.py:3239} INFO - Sync 1 DAGs
[2025-06-13T21:28:59.508-0400] {logging_mixin.py:190} INFO - [2025-06-13T21:28:59.507-0400] {dag.py:4180} INFO - Setting next_dagrun for example_task_group_decorator to None, run_after=None
[2025-06-13T21:28:59.516-0400] {processor.py:208} INFO - Processing /Users/pranavr/.pyenv/versions/3.11.6/lib/python3.11/site-packages/airflow/example_dags/example_task_group_decorator.py took 133.146 seconds
[2025-06-13T21:30:34.088-0400] {processor.py:186} INFO - Started process (PID=26933) to work on /Users/pranavr/.pyenv/versions/3.11.6/lib/python3.11/site-packages/airflow/example_dags/example_task_group_decorator.py
[2025-06-13T21:30:34.090-0400] {processor.py:914} INFO - Processing file /Users/pranavr/.pyenv/versions/3.11.6/lib/python3.11/site-packages/airflow/example_dags/example_task_group_decorator.py for tasks to queue
[2025-06-13T21:30:34.091-0400] {logging_mixin.py:190} INFO - [2025-06-13T21:30:34.091-0400] {dagbag.py:588} INFO - Filling up the DagBag from /Users/pranavr/.pyenv/versions/3.11.6/lib/python3.11/site-packages/airflow/example_dags/example_task_group_decorator.py
[2025-06-13T21:30:34.118-0400] {processor.py:925} INFO - DAG(s) 'example_task_group_decorator' retrieved from /Users/pranavr/.pyenv/versions/3.11.6/lib/python3.11/site-packages/airflow/example_dags/example_task_group_decorator.py
[2025-06-13T21:30:34.199-0400] {logging_mixin.py:190} INFO - [2025-06-13T21:30:34.198-0400] {dag.py:3239} INFO - Sync 1 DAGs
[2025-06-13T21:30:34.204-0400] {logging_mixin.py:190} INFO - [2025-06-13T21:30:34.203-0400] {dag.py:4180} INFO - Setting next_dagrun for example_task_group_decorator to None, run_after=None
[2025-06-13T21:30:34.212-0400] {processor.py:208} INFO - Processing /Users/pranavr/.pyenv/versions/3.11.6/lib/python3.11/site-packages/airflow/example_dags/example_task_group_decorator.py took 125.625 seconds
[2025-06-13T21:32:12.445-0400] {processor.py:186} INFO - Started process (PID=27141) to work on /Users/pranavr/.pyenv/versions/3.11.6/lib/python3.11/site-packages/airflow/example_dags/example_task_group_decorator.py
[2025-06-13T21:32:12.449-0400] {processor.py:914} INFO - Processing file /Users/pranavr/.pyenv/versions/3.11.6/lib/python3.11/site-packages/airflow/example_dags/example_task_group_decorator.py for tasks to queue
[2025-06-13T21:32:12.450-0400] {logging_mixin.py:190} INFO - [2025-06-13T21:32:12.450-0400] {dagbag.py:588} INFO - Filling up the DagBag from /Users/pranavr/.pyenv/versions/3.11.6/lib/python3.11/site-packages/airflow/example_dags/example_task_group_decorator.py
[2025-06-13T21:32:12.478-0400] {processor.py:925} INFO - DAG(s) 'example_task_group_decorator' retrieved from /Users/pranavr/.pyenv/versions/3.11.6/lib/python3.11/site-packages/airflow/example_dags/example_task_group_decorator.py
[2025-06-13T21:32:12.564-0400] {logging_mixin.py:190} INFO - [2025-06-13T21:32:12.564-0400] {dag.py:3239} INFO - Sync 1 DAGs
[2025-06-13T21:32:12.568-0400] {logging_mixin.py:190} INFO - [2025-06-13T21:32:12.568-0400] {dag.py:4180} INFO - Setting next_dagrun for example_task_group_decorator to None, run_after=None
[2025-06-13T21:32:12.577-0400] {processor.py:208} INFO - Processing /Users/pranavr/.pyenv/versions/3.11.6/lib/python3.11/site-packages/airflow/example_dags/example_task_group_decorator.py took 133.440 seconds
[2025-06-13T21:34:01.204-0400] {processor.py:186} INFO - Started process (PID=27315) to work on /Users/pranavr/.pyenv/versions/3.11.6/lib/python3.11/site-packages/airflow/example_dags/example_task_group_decorator.py
[2025-06-13T21:34:01.209-0400] {processor.py:914} INFO - Processing file /Users/pranavr/.pyenv/versions/3.11.6/lib/python3.11/site-packages/airflow/example_dags/example_task_group_decorator.py for tasks to queue
[2025-06-13T21:34:01.211-0400] {logging_mixin.py:190} INFO - [2025-06-13T21:34:01.211-0400] {dagbag.py:588} INFO - Filling up the DagBag from /Users/pranavr/.pyenv/versions/3.11.6/lib/python3.11/site-packages/airflow/example_dags/example_task_group_decorator.py
[2025-06-13T21:34:01.251-0400] {processor.py:925} INFO - DAG(s) 'example_task_group_decorator' retrieved from /Users/pranavr/.pyenv/versions/3.11.6/lib/python3.11/site-packages/airflow/example_dags/example_task_group_decorator.py
[2025-06-13T21:34:01.337-0400] {logging_mixin.py:190} INFO - [2025-06-13T21:34:01.337-0400] {dag.py:3239} INFO - Sync 1 DAGs
[2025-06-13T21:34:01.343-0400] {logging_mixin.py:190} INFO - [2025-06-13T21:34:01.343-0400] {dag.py:4180} INFO - Setting next_dagrun for example_task_group_decorator to None, run_after=None
[2025-06-13T21:34:01.353-0400] {processor.py:208} INFO - Processing /Users/pranavr/.pyenv/versions/3.11.6/lib/python3.11/site-packages/airflow/example_dags/example_task_group_decorator.py took 154.117 seconds
[2025-06-13T21:35:46.642-0400] {processor.py:186} INFO - Started process (PID=27454) to work on /Users/pranavr/.pyenv/versions/3.11.6/lib/python3.11/site-packages/airflow/example_dags/example_task_group_decorator.py
[2025-06-13T21:35:46.645-0400] {processor.py:914} INFO - Processing file /Users/pranavr/.pyenv/versions/3.11.6/lib/python3.11/site-packages/airflow/example_dags/example_task_group_decorator.py for tasks to queue
[2025-06-13T21:35:46.645-0400] {logging_mixin.py:190} INFO - [2025-06-13T21:35:46.645-0400] {dagbag.py:588} INFO - Filling up the DagBag from /Users/pranavr/.pyenv/versions/3.11.6/lib/python3.11/site-packages/airflow/example_dags/example_task_group_decorator.py
[2025-06-13T21:35:46.667-0400] {processor.py:925} INFO - DAG(s) 'example_task_group_decorator' retrieved from /Users/pranavr/.pyenv/versions/3.11.6/lib/python3.11/site-packages/airflow/example_dags/example_task_group_decorator.py
[2025-06-13T21:35:46.749-0400] {logging_mixin.py:190} INFO - [2025-06-13T21:35:46.748-0400] {dag.py:3239} INFO - Sync 1 DAGs
[2025-06-13T21:35:46.753-0400] {logging_mixin.py:190} INFO - [2025-06-13T21:35:46.753-0400] {dag.py:4180} INFO - Setting next_dagrun for example_task_group_decorator to None, run_after=None
[2025-06-13T21:35:46.762-0400] {processor.py:208} INFO - Processing /Users/pranavr/.pyenv/versions/3.11.6/lib/python3.11/site-packages/airflow/example_dags/example_task_group_decorator.py took 122.952 seconds
[2025-06-13T21:39:52.812-0400] {processor.py:186} INFO - Started process (PID=28291) to work on /Users/pranavr/.pyenv/versions/3.11.6/lib/python3.11/site-packages/airflow/example_dags/example_task_group_decorator.py
[2025-06-13T21:39:52.814-0400] {processor.py:914} INFO - Processing file /Users/pranavr/.pyenv/versions/3.11.6/lib/python3.11/site-packages/airflow/example_dags/example_task_group_decorator.py for tasks to queue
[2025-06-13T21:39:52.815-0400] {logging_mixin.py:190} INFO - [2025-06-13T21:39:52.815-0400] {dagbag.py:588} INFO - Filling up the DagBag from /Users/pranavr/.pyenv/versions/3.11.6/lib/python3.11/site-packages/airflow/example_dags/example_task_group_decorator.py
[2025-06-13T21:39:52.835-0400] {processor.py:925} INFO - DAG(s) 'example_task_group_decorator' retrieved from /Users/pranavr/.pyenv/versions/3.11.6/lib/python3.11/site-packages/airflow/example_dags/example_task_group_decorator.py
[2025-06-13T21:39:52.917-0400] {logging_mixin.py:190} INFO - [2025-06-13T21:39:52.917-0400] {dag.py:3239} INFO - Sync 1 DAGs
[2025-06-13T21:39:52.922-0400] {logging_mixin.py:190} INFO - [2025-06-13T21:39:52.922-0400] {dag.py:4180} INFO - Setting next_dagrun for example_task_group_decorator to None, run_after=None
[2025-06-13T21:39:52.930-0400] {processor.py:208} INFO - Processing /Users/pranavr/.pyenv/versions/3.11.6/lib/python3.11/site-packages/airflow/example_dags/example_task_group_decorator.py took 119.540 seconds
[2025-06-13T21:41:52.804-0400] {processor.py:186} INFO - Started process (PID=28801) to work on /Users/pranavr/.pyenv/versions/3.11.6/lib/python3.11/site-packages/airflow/example_dags/example_task_group_decorator.py
[2025-06-13T21:41:52.807-0400] {processor.py:914} INFO - Processing file /Users/pranavr/.pyenv/versions/3.11.6/lib/python3.11/site-packages/airflow/example_dags/example_task_group_decorator.py for tasks to queue
[2025-06-13T21:41:52.809-0400] {logging_mixin.py:190} INFO - [2025-06-13T21:41:52.809-0400] {dagbag.py:588} INFO - Filling up the DagBag from /Users/pranavr/.pyenv/versions/3.11.6/lib/python3.11/site-packages/airflow/example_dags/example_task_group_decorator.py
[2025-06-13T21:41:52.847-0400] {processor.py:925} INFO - DAG(s) 'example_task_group_decorator' retrieved from /Users/pranavr/.pyenv/versions/3.11.6/lib/python3.11/site-packages/airflow/example_dags/example_task_group_decorator.py
[2025-06-13T21:41:52.931-0400] {logging_mixin.py:190} INFO - [2025-06-13T21:41:52.931-0400] {dag.py:3239} INFO - Sync 1 DAGs
[2025-06-13T21:41:52.936-0400] {logging_mixin.py:190} INFO - [2025-06-13T21:41:52.936-0400] {dag.py:4180} INFO - Setting next_dagrun for example_task_group_decorator to None, run_after=None
[2025-06-13T21:41:52.947-0400] {processor.py:208} INFO - Processing /Users/pranavr/.pyenv/versions/3.11.6/lib/python3.11/site-packages/airflow/example_dags/example_task_group_decorator.py took 144.402 seconds
[2025-06-13T21:43:24.855-0400] {processor.py:186} INFO - Started process (PID=29143) to work on /Users/pranavr/.pyenv/versions/3.11.6/lib/python3.11/site-packages/airflow/example_dags/example_task_group_decorator.py
[2025-06-13T21:43:24.857-0400] {processor.py:914} INFO - Processing file /Users/pranavr/.pyenv/versions/3.11.6/lib/python3.11/site-packages/airflow/example_dags/example_task_group_decorator.py for tasks to queue
[2025-06-13T21:43:24.858-0400] {logging_mixin.py:190} INFO - [2025-06-13T21:43:24.858-0400] {dagbag.py:588} INFO - Filling up the DagBag from /Users/pranavr/.pyenv/versions/3.11.6/lib/python3.11/site-packages/airflow/example_dags/example_task_group_decorator.py
[2025-06-13T21:43:24.881-0400] {processor.py:925} INFO - DAG(s) 'example_task_group_decorator' retrieved from /Users/pranavr/.pyenv/versions/3.11.6/lib/python3.11/site-packages/airflow/example_dags/example_task_group_decorator.py
[2025-06-13T21:43:24.958-0400] {logging_mixin.py:190} INFO - [2025-06-13T21:43:24.958-0400] {dag.py:3239} INFO - Sync 1 DAGs
[2025-06-13T21:43:24.963-0400] {logging_mixin.py:190} INFO - [2025-06-13T21:43:24.963-0400] {dag.py:4180} INFO - Setting next_dagrun for example_task_group_decorator to None, run_after=None
[2025-06-13T21:43:24.972-0400] {processor.py:208} INFO - Processing /Users/pranavr/.pyenv/versions/3.11.6/lib/python3.11/site-packages/airflow/example_dags/example_task_group_decorator.py took 118.702 seconds
