[2025-06-13T20:07:33.937-0400] {processor.py:186} INFO - Started process (PID=24359) to work on /Users/pranavr/.pyenv/versions/3.11.6/lib/python3.11/site-packages/airflow/example_dags/example_subdag_operator.py
[2025-06-13T20:07:33.939-0400] {processor.py:914} INFO - Processing file /Users/pranavr/.pyenv/versions/3.11.6/lib/python3.11/site-packages/airflow/example_dags/example_subdag_operator.py for tasks to queue
[2025-06-13T20:07:33.939-0400] {logging_mixin.py:190} INFO - [2025-06-13T20:07:33.939-0400] {dagbag.py:588} INFO - Filling up the DagBag from /Users/pranavr/.pyenv/versions/3.11.6/lib/python3.11/site-packages/airflow/example_dags/example_subdag_operator.py
[2025-06-13T20:07:34.020-0400] {processor.py:925} INFO - DAG(s) 'example_subdag_operator.section-1', 'example_subdag_operator.section-2', 'example_subdag_operator' retrieved from /Users/pranavr/.pyenv/versions/3.11.6/lib/python3.11/site-packages/airflow/example_dags/example_subdag_operator.py
[2025-06-13T20:07:34.452-0400] {logging_mixin.py:190} INFO - [2025-06-13T20:07:34.452-0400] {dag.py:3239} INFO - Sync 3 DAGs
[2025-06-13T20:07:34.461-0400] {logging_mixin.py:190} INFO - [2025-06-13T20:07:34.461-0400] {dag.py:4180} INFO - Setting next_dagrun for example_subdag_operator to 2022-01-01T00:00:00+00:00, run_after=2022-01-01T00:00:00+00:00
[2025-06-13T20:07:34.463-0400] {logging_mixin.py:190} INFO - [2025-06-13T20:07:34.463-0400] {dag.py:4180} INFO - Setting next_dagrun for example_subdag_operator.section-1 to None, run_after=None
[2025-06-13T20:07:34.464-0400] {logging_mixin.py:190} INFO - [2025-06-13T20:07:34.464-0400] {dag.py:4180} INFO - Setting next_dagrun for example_subdag_operator.section-2 to None, run_after=None
[2025-06-13T20:07:34.467-0400] {logging_mixin.py:190} INFO - [2025-06-13T20:07:34.466-0400] {dag.py:3239} INFO - Sync 2 DAGs
[2025-06-13T20:07:34.510-0400] {logging_mixin.py:190} INFO - [2025-06-13T20:07:34.510-0400] {dag.py:4180} INFO - Setting next_dagrun for example_subdag_operator.section-1 to None, run_after=None
[2025-06-13T20:07:34.510-0400] {logging_mixin.py:190} INFO - [2025-06-13T20:07:34.510-0400] {dag.py:4180} INFO - Setting next_dagrun for example_subdag_operator.section-2 to None, run_after=None
[2025-06-13T20:07:34.515-0400] {processor.py:208} INFO - Processing /Users/pranavr/.pyenv/versions/3.11.6/lib/python3.11/site-packages/airflow/example_dags/example_subdag_operator.py took 579.070 seconds
[2025-06-13T21:26:20.605-0400] {processor.py:186} INFO - Started process (PID=26373) to work on /Users/pranavr/.pyenv/versions/3.11.6/lib/python3.11/site-packages/airflow/example_dags/example_subdag_operator.py
[2025-06-13T21:26:20.608-0400] {processor.py:914} INFO - Processing file /Users/pranavr/.pyenv/versions/3.11.6/lib/python3.11/site-packages/airflow/example_dags/example_subdag_operator.py for tasks to queue
[2025-06-13T21:26:20.608-0400] {logging_mixin.py:190} INFO - [2025-06-13T21:26:20.608-0400] {dagbag.py:588} INFO - Filling up the DagBag from /Users/pranavr/.pyenv/versions/3.11.6/lib/python3.11/site-packages/airflow/example_dags/example_subdag_operator.py
[2025-06-13T21:26:20.704-0400] {processor.py:925} INFO - DAG(s) 'example_subdag_operator.section-1', 'example_subdag_operator.section-2', 'example_subdag_operator' retrieved from /Users/pranavr/.pyenv/versions/3.11.6/lib/python3.11/site-packages/airflow/example_dags/example_subdag_operator.py
[2025-06-13T21:26:21.075-0400] {logging_mixin.py:190} INFO - [2025-06-13T21:26:21.075-0400] {dag.py:3239} INFO - Sync 3 DAGs
[2025-06-13T21:26:21.083-0400] {logging_mixin.py:190} INFO - [2025-06-13T21:26:21.082-0400] {dag.py:4180} INFO - Setting next_dagrun for example_subdag_operator to 2022-01-01T00:00:00+00:00, run_after=2022-01-01T00:00:00+00:00
[2025-06-13T21:26:21.084-0400] {logging_mixin.py:190} INFO - [2025-06-13T21:26:21.084-0400] {dag.py:4180} INFO - Setting next_dagrun for example_subdag_operator.section-1 to None, run_after=None
[2025-06-13T21:26:21.085-0400] {logging_mixin.py:190} INFO - [2025-06-13T21:26:21.085-0400] {dag.py:4180} INFO - Setting next_dagrun for example_subdag_operator.section-2 to None, run_after=None
[2025-06-13T21:26:21.087-0400] {logging_mixin.py:190} INFO - [2025-06-13T21:26:21.087-0400] {dag.py:3239} INFO - Sync 2 DAGs
[2025-06-13T21:26:21.137-0400] {logging_mixin.py:190} INFO - [2025-06-13T21:26:21.137-0400] {dag.py:4180} INFO - Setting next_dagrun for example_subdag_operator.section-1 to None, run_after=None
[2025-06-13T21:26:21.137-0400] {logging_mixin.py:190} INFO - [2025-06-13T21:26:21.137-0400] {dag.py:4180} INFO - Setting next_dagrun for example_subdag_operator.section-2 to None, run_after=None
[2025-06-13T21:26:21.143-0400] {processor.py:208} INFO - Processing /Users/pranavr/.pyenv/versions/3.11.6/lib/python3.11/site-packages/airflow/example_dags/example_subdag_operator.py took 539.804 seconds
[2025-06-13T21:29:04.395-0400] {processor.py:186} INFO - Started process (PID=26773) to work on /Users/pranavr/.pyenv/versions/3.11.6/lib/python3.11/site-packages/airflow/example_dags/example_subdag_operator.py
[2025-06-13T21:29:04.397-0400] {processor.py:914} INFO - Processing file /Users/pranavr/.pyenv/versions/3.11.6/lib/python3.11/site-packages/airflow/example_dags/example_subdag_operator.py for tasks to queue
[2025-06-13T21:29:04.397-0400] {logging_mixin.py:190} INFO - [2025-06-13T21:29:04.397-0400] {dagbag.py:588} INFO - Filling up the DagBag from /Users/pranavr/.pyenv/versions/3.11.6/lib/python3.11/site-packages/airflow/example_dags/example_subdag_operator.py
[2025-06-13T21:29:04.512-0400] {processor.py:925} INFO - DAG(s) 'example_subdag_operator.section-1', 'example_subdag_operator.section-2', 'example_subdag_operator' retrieved from /Users/pranavr/.pyenv/versions/3.11.6/lib/python3.11/site-packages/airflow/example_dags/example_subdag_operator.py
[2025-06-13T21:29:05.026-0400] {logging_mixin.py:190} INFO - [2025-06-13T21:29:05.025-0400] {dag.py:3239} INFO - Sync 3 DAGs
[2025-06-13T21:29:05.035-0400] {logging_mixin.py:190} INFO - [2025-06-13T21:29:05.034-0400] {dag.py:4180} INFO - Setting next_dagrun for example_subdag_operator to 2022-01-01T00:00:00+00:00, run_after=2022-01-01T00:00:00+00:00
[2025-06-13T21:29:05.037-0400] {logging_mixin.py:190} INFO - [2025-06-13T21:29:05.037-0400] {dag.py:4180} INFO - Setting next_dagrun for example_subdag_operator.section-1 to None, run_after=None
[2025-06-13T21:29:05.037-0400] {logging_mixin.py:190} INFO - [2025-06-13T21:29:05.037-0400] {dag.py:4180} INFO - Setting next_dagrun for example_subdag_operator.section-2 to None, run_after=None
[2025-06-13T21:29:05.040-0400] {logging_mixin.py:190} INFO - [2025-06-13T21:29:05.040-0400] {dag.py:3239} INFO - Sync 2 DAGs
[2025-06-13T21:29:05.102-0400] {logging_mixin.py:190} INFO - [2025-06-13T21:29:05.102-0400] {dag.py:4180} INFO - Setting next_dagrun for example_subdag_operator.section-1 to None, run_after=None
[2025-06-13T21:29:05.102-0400] {logging_mixin.py:190} INFO - [2025-06-13T21:29:05.102-0400] {dag.py:4180} INFO - Setting next_dagrun for example_subdag_operator.section-2 to None, run_after=None
[2025-06-13T21:29:05.108-0400] {processor.py:208} INFO - Processing /Users/pranavr/.pyenv/versions/3.11.6/lib/python3.11/site-packages/airflow/example_dags/example_subdag_operator.py took 714.577 seconds
[2025-06-13T21:30:38.086-0400] {processor.py:186} INFO - Started process (PID=26939) to work on /Users/pranavr/.pyenv/versions/3.11.6/lib/python3.11/site-packages/airflow/example_dags/example_subdag_operator.py
[2025-06-13T21:30:38.088-0400] {processor.py:914} INFO - Processing file /Users/pranavr/.pyenv/versions/3.11.6/lib/python3.11/site-packages/airflow/example_dags/example_subdag_operator.py for tasks to queue
[2025-06-13T21:30:38.089-0400] {logging_mixin.py:190} INFO - [2025-06-13T21:30:38.089-0400] {dagbag.py:588} INFO - Filling up the DagBag from /Users/pranavr/.pyenv/versions/3.11.6/lib/python3.11/site-packages/airflow/example_dags/example_subdag_operator.py
[2025-06-13T21:30:38.181-0400] {processor.py:925} INFO - DAG(s) 'example_subdag_operator.section-1', 'example_subdag_operator.section-2', 'example_subdag_operator' retrieved from /Users/pranavr/.pyenv/versions/3.11.6/lib/python3.11/site-packages/airflow/example_dags/example_subdag_operator.py
[2025-06-13T21:30:38.476-0400] {logging_mixin.py:190} INFO - [2025-06-13T21:30:38.476-0400] {dag.py:3239} INFO - Sync 3 DAGs
[2025-06-13T21:30:38.484-0400] {logging_mixin.py:190} INFO - [2025-06-13T21:30:38.484-0400] {dag.py:4180} INFO - Setting next_dagrun for example_subdag_operator to 2022-01-01T00:00:00+00:00, run_after=2022-01-01T00:00:00+00:00
[2025-06-13T21:30:38.486-0400] {logging_mixin.py:190} INFO - [2025-06-13T21:30:38.486-0400] {dag.py:4180} INFO - Setting next_dagrun for example_subdag_operator.section-1 to None, run_after=None
[2025-06-13T21:30:38.486-0400] {logging_mixin.py:190} INFO - [2025-06-13T21:30:38.486-0400] {dag.py:4180} INFO - Setting next_dagrun for example_subdag_operator.section-2 to None, run_after=None
[2025-06-13T21:30:38.489-0400] {logging_mixin.py:190} INFO - [2025-06-13T21:30:38.489-0400] {dag.py:3239} INFO - Sync 2 DAGs
[2025-06-13T21:30:38.545-0400] {logging_mixin.py:190} INFO - [2025-06-13T21:30:38.545-0400] {dag.py:4180} INFO - Setting next_dagrun for example_subdag_operator.section-1 to None, run_after=None
[2025-06-13T21:30:38.545-0400] {logging_mixin.py:190} INFO - [2025-06-13T21:30:38.545-0400] {dag.py:4180} INFO - Setting next_dagrun for example_subdag_operator.section-2 to None, run_after=None
[2025-06-13T21:30:38.553-0400] {processor.py:208} INFO - Processing /Users/pranavr/.pyenv/versions/3.11.6/lib/python3.11/site-packages/airflow/example_dags/example_subdag_operator.py took 468.302 seconds
[2025-06-13T21:32:16.052-0400] {processor.py:186} INFO - Started process (PID=27153) to work on /Users/pranavr/.pyenv/versions/3.11.6/lib/python3.11/site-packages/airflow/example_dags/example_subdag_operator.py
[2025-06-13T21:32:16.054-0400] {processor.py:914} INFO - Processing file /Users/pranavr/.pyenv/versions/3.11.6/lib/python3.11/site-packages/airflow/example_dags/example_subdag_operator.py for tasks to queue
[2025-06-13T21:32:16.055-0400] {logging_mixin.py:190} INFO - [2025-06-13T21:32:16.055-0400] {dagbag.py:588} INFO - Filling up the DagBag from /Users/pranavr/.pyenv/versions/3.11.6/lib/python3.11/site-packages/airflow/example_dags/example_subdag_operator.py
[2025-06-13T21:32:16.138-0400] {processor.py:925} INFO - DAG(s) 'example_subdag_operator.section-1', 'example_subdag_operator.section-2', 'example_subdag_operator' retrieved from /Users/pranavr/.pyenv/versions/3.11.6/lib/python3.11/site-packages/airflow/example_dags/example_subdag_operator.py
[2025-06-13T21:32:16.514-0400] {logging_mixin.py:190} INFO - [2025-06-13T21:32:16.512-0400] {dag.py:3239} INFO - Sync 3 DAGs
[2025-06-13T21:32:16.527-0400] {logging_mixin.py:190} INFO - [2025-06-13T21:32:16.527-0400] {dag.py:4180} INFO - Setting next_dagrun for example_subdag_operator to 2022-01-01T00:00:00+00:00, run_after=2022-01-01T00:00:00+00:00
[2025-06-13T21:32:16.530-0400] {logging_mixin.py:190} INFO - [2025-06-13T21:32:16.530-0400] {dag.py:4180} INFO - Setting next_dagrun for example_subdag_operator.section-1 to None, run_after=None
[2025-06-13T21:32:16.530-0400] {logging_mixin.py:190} INFO - [2025-06-13T21:32:16.530-0400] {dag.py:4180} INFO - Setting next_dagrun for example_subdag_operator.section-2 to None, run_after=None
[2025-06-13T21:32:16.534-0400] {logging_mixin.py:190} INFO - [2025-06-13T21:32:16.534-0400] {dag.py:3239} INFO - Sync 2 DAGs
[2025-06-13T21:32:16.598-0400] {logging_mixin.py:190} INFO - [2025-06-13T21:32:16.598-0400] {dag.py:4180} INFO - Setting next_dagrun for example_subdag_operator.section-1 to None, run_after=None
[2025-06-13T21:32:16.598-0400] {logging_mixin.py:190} INFO - [2025-06-13T21:32:16.598-0400] {dag.py:4180} INFO - Setting next_dagrun for example_subdag_operator.section-2 to None, run_after=None
[2025-06-13T21:32:16.604-0400] {processor.py:208} INFO - Processing /Users/pranavr/.pyenv/versions/3.11.6/lib/python3.11/site-packages/airflow/example_dags/example_subdag_operator.py took 557.040 seconds
[2025-06-13T21:34:07.498-0400] {processor.py:186} INFO - Started process (PID=27319) to work on /Users/pranavr/.pyenv/versions/3.11.6/lib/python3.11/site-packages/airflow/example_dags/example_subdag_operator.py
[2025-06-13T21:34:07.500-0400] {processor.py:914} INFO - Processing file /Users/pranavr/.pyenv/versions/3.11.6/lib/python3.11/site-packages/airflow/example_dags/example_subdag_operator.py for tasks to queue
[2025-06-13T21:34:07.501-0400] {logging_mixin.py:190} INFO - [2025-06-13T21:34:07.501-0400] {dagbag.py:588} INFO - Filling up the DagBag from /Users/pranavr/.pyenv/versions/3.11.6/lib/python3.11/site-packages/airflow/example_dags/example_subdag_operator.py
[2025-06-13T21:34:07.634-0400] {processor.py:925} INFO - DAG(s) 'example_subdag_operator.section-1', 'example_subdag_operator.section-2', 'example_subdag_operator' retrieved from /Users/pranavr/.pyenv/versions/3.11.6/lib/python3.11/site-packages/airflow/example_dags/example_subdag_operator.py
[2025-06-13T21:34:08.009-0400] {logging_mixin.py:190} INFO - [2025-06-13T21:34:08.008-0400] {dag.py:3239} INFO - Sync 3 DAGs
[2025-06-13T21:34:08.019-0400] {logging_mixin.py:190} INFO - [2025-06-13T21:34:08.018-0400] {dag.py:4180} INFO - Setting next_dagrun for example_subdag_operator to 2022-01-01T00:00:00+00:00, run_after=2022-01-01T00:00:00+00:00
[2025-06-13T21:34:08.021-0400] {logging_mixin.py:190} INFO - [2025-06-13T21:34:08.021-0400] {dag.py:4180} INFO - Setting next_dagrun for example_subdag_operator.section-1 to None, run_after=None
[2025-06-13T21:34:08.022-0400] {logging_mixin.py:190} INFO - [2025-06-13T21:34:08.022-0400] {dag.py:4180} INFO - Setting next_dagrun for example_subdag_operator.section-2 to None, run_after=None
[2025-06-13T21:34:08.025-0400] {logging_mixin.py:190} INFO - [2025-06-13T21:34:08.025-0400] {dag.py:3239} INFO - Sync 2 DAGs
[2025-06-13T21:34:08.091-0400] {logging_mixin.py:190} INFO - [2025-06-13T21:34:08.091-0400] {dag.py:4180} INFO - Setting next_dagrun for example_subdag_operator.section-1 to None, run_after=None
[2025-06-13T21:34:08.091-0400] {logging_mixin.py:190} INFO - [2025-06-13T21:34:08.091-0400] {dag.py:4180} INFO - Setting next_dagrun for example_subdag_operator.section-2 to None, run_after=None
[2025-06-13T21:34:08.097-0400] {processor.py:208} INFO - Processing /Users/pranavr/.pyenv/versions/3.11.6/lib/python3.11/site-packages/airflow/example_dags/example_subdag_operator.py took 600.599 seconds
[2025-06-13T21:35:50.700-0400] {processor.py:186} INFO - Started process (PID=27561) to work on /Users/pranavr/.pyenv/versions/3.11.6/lib/python3.11/site-packages/airflow/example_dags/example_subdag_operator.py
[2025-06-13T21:35:50.703-0400] {processor.py:914} INFO - Processing file /Users/pranavr/.pyenv/versions/3.11.6/lib/python3.11/site-packages/airflow/example_dags/example_subdag_operator.py for tasks to queue
[2025-06-13T21:35:50.703-0400] {logging_mixin.py:190} INFO - [2025-06-13T21:35:50.703-0400] {dagbag.py:588} INFO - Filling up the DagBag from /Users/pranavr/.pyenv/versions/3.11.6/lib/python3.11/site-packages/airflow/example_dags/example_subdag_operator.py
[2025-06-13T21:35:50.795-0400] {processor.py:925} INFO - DAG(s) 'example_subdag_operator.section-1', 'example_subdag_operator.section-2', 'example_subdag_operator' retrieved from /Users/pranavr/.pyenv/versions/3.11.6/lib/python3.11/site-packages/airflow/example_dags/example_subdag_operator.py
[2025-06-13T21:35:51.084-0400] {logging_mixin.py:190} INFO - [2025-06-13T21:35:51.084-0400] {dag.py:3239} INFO - Sync 3 DAGs
[2025-06-13T21:35:51.093-0400] {logging_mixin.py:190} INFO - [2025-06-13T21:35:51.093-0400] {dag.py:4180} INFO - Setting next_dagrun for example_subdag_operator to 2022-01-01T00:00:00+00:00, run_after=2022-01-01T00:00:00+00:00
[2025-06-13T21:35:51.095-0400] {logging_mixin.py:190} INFO - [2025-06-13T21:35:51.095-0400] {dag.py:4180} INFO - Setting next_dagrun for example_subdag_operator.section-1 to None, run_after=None
[2025-06-13T21:35:51.095-0400] {logging_mixin.py:190} INFO - [2025-06-13T21:35:51.095-0400] {dag.py:4180} INFO - Setting next_dagrun for example_subdag_operator.section-2 to None, run_after=None
[2025-06-13T21:35:51.098-0400] {logging_mixin.py:190} INFO - [2025-06-13T21:35:51.097-0400] {dag.py:3239} INFO - Sync 2 DAGs
[2025-06-13T21:35:51.144-0400] {logging_mixin.py:190} INFO - [2025-06-13T21:35:51.144-0400] {dag.py:4180} INFO - Setting next_dagrun for example_subdag_operator.section-1 to None, run_after=None
[2025-06-13T21:35:51.144-0400] {logging_mixin.py:190} INFO - [2025-06-13T21:35:51.144-0400] {dag.py:4180} INFO - Setting next_dagrun for example_subdag_operator.section-2 to None, run_after=None
[2025-06-13T21:35:51.150-0400] {processor.py:208} INFO - Processing /Users/pranavr/.pyenv/versions/3.11.6/lib/python3.11/site-packages/airflow/example_dags/example_subdag_operator.py took 451.976 seconds
[2025-06-13T21:39:56.554-0400] {processor.py:186} INFO - Started process (PID=28308) to work on /Users/pranavr/.pyenv/versions/3.11.6/lib/python3.11/site-packages/airflow/example_dags/example_subdag_operator.py
[2025-06-13T21:39:56.557-0400] {processor.py:914} INFO - Processing file /Users/pranavr/.pyenv/versions/3.11.6/lib/python3.11/site-packages/airflow/example_dags/example_subdag_operator.py for tasks to queue
[2025-06-13T21:39:56.557-0400] {logging_mixin.py:190} INFO - [2025-06-13T21:39:56.557-0400] {dagbag.py:588} INFO - Filling up the DagBag from /Users/pranavr/.pyenv/versions/3.11.6/lib/python3.11/site-packages/airflow/example_dags/example_subdag_operator.py
[2025-06-13T21:39:56.637-0400] {processor.py:925} INFO - DAG(s) 'example_subdag_operator.section-1', 'example_subdag_operator.section-2', 'example_subdag_operator' retrieved from /Users/pranavr/.pyenv/versions/3.11.6/lib/python3.11/site-packages/airflow/example_dags/example_subdag_operator.py
[2025-06-13T21:39:56.865-0400] {logging_mixin.py:190} INFO - [2025-06-13T21:39:56.865-0400] {dag.py:3239} INFO - Sync 3 DAGs
[2025-06-13T21:39:56.874-0400] {logging_mixin.py:190} INFO - [2025-06-13T21:39:56.874-0400] {dag.py:4180} INFO - Setting next_dagrun for example_subdag_operator to 2022-01-01T00:00:00+00:00, run_after=2022-01-01T00:00:00+00:00
[2025-06-13T21:39:56.877-0400] {logging_mixin.py:190} INFO - [2025-06-13T21:39:56.877-0400] {dag.py:4180} INFO - Setting next_dagrun for example_subdag_operator.section-1 to None, run_after=None
[2025-06-13T21:39:56.877-0400] {logging_mixin.py:190} INFO - [2025-06-13T21:39:56.877-0400] {dag.py:4180} INFO - Setting next_dagrun for example_subdag_operator.section-2 to None, run_after=None
[2025-06-13T21:39:56.880-0400] {logging_mixin.py:190} INFO - [2025-06-13T21:39:56.880-0400] {dag.py:3239} INFO - Sync 2 DAGs
[2025-06-13T21:39:56.925-0400] {logging_mixin.py:190} INFO - [2025-06-13T21:39:56.925-0400] {dag.py:4180} INFO - Setting next_dagrun for example_subdag_operator.section-1 to None, run_after=None
[2025-06-13T21:39:56.925-0400] {logging_mixin.py:190} INFO - [2025-06-13T21:39:56.925-0400] {dag.py:4180} INFO - Setting next_dagrun for example_subdag_operator.section-2 to None, run_after=None
[2025-06-13T21:39:56.931-0400] {processor.py:208} INFO - Processing /Users/pranavr/.pyenv/versions/3.11.6/lib/python3.11/site-packages/airflow/example_dags/example_subdag_operator.py took 378.552 seconds
[2025-06-13T21:41:56.828-0400] {processor.py:186} INFO - Started process (PID=28809) to work on /Users/pranavr/.pyenv/versions/3.11.6/lib/python3.11/site-packages/airflow/example_dags/example_subdag_operator.py
[2025-06-13T21:41:56.831-0400] {processor.py:914} INFO - Processing file /Users/pranavr/.pyenv/versions/3.11.6/lib/python3.11/site-packages/airflow/example_dags/example_subdag_operator.py for tasks to queue
[2025-06-13T21:41:56.831-0400] {logging_mixin.py:190} INFO - [2025-06-13T21:41:56.831-0400] {dagbag.py:588} INFO - Filling up the DagBag from /Users/pranavr/.pyenv/versions/3.11.6/lib/python3.11/site-packages/airflow/example_dags/example_subdag_operator.py
[2025-06-13T21:41:56.915-0400] {processor.py:925} INFO - DAG(s) 'example_subdag_operator.section-1', 'example_subdag_operator.section-2', 'example_subdag_operator' retrieved from /Users/pranavr/.pyenv/versions/3.11.6/lib/python3.11/site-packages/airflow/example_dags/example_subdag_operator.py
[2025-06-13T21:41:57.226-0400] {logging_mixin.py:190} INFO - [2025-06-13T21:41:57.225-0400] {dag.py:3239} INFO - Sync 3 DAGs
[2025-06-13T21:41:57.234-0400] {logging_mixin.py:190} INFO - [2025-06-13T21:41:57.234-0400] {dag.py:4180} INFO - Setting next_dagrun for example_subdag_operator to 2022-01-01T00:00:00+00:00, run_after=2022-01-01T00:00:00+00:00
[2025-06-13T21:41:57.237-0400] {logging_mixin.py:190} INFO - [2025-06-13T21:41:57.237-0400] {dag.py:4180} INFO - Setting next_dagrun for example_subdag_operator.section-1 to None, run_after=None
[2025-06-13T21:41:57.237-0400] {logging_mixin.py:190} INFO - [2025-06-13T21:41:57.237-0400] {dag.py:4180} INFO - Setting next_dagrun for example_subdag_operator.section-2 to None, run_after=None
[2025-06-13T21:41:57.240-0400] {logging_mixin.py:190} INFO - [2025-06-13T21:41:57.240-0400] {dag.py:3239} INFO - Sync 2 DAGs
[2025-06-13T21:41:57.290-0400] {logging_mixin.py:190} INFO - [2025-06-13T21:41:57.290-0400] {dag.py:4180} INFO - Setting next_dagrun for example_subdag_operator.section-1 to None, run_after=None
[2025-06-13T21:41:57.290-0400] {logging_mixin.py:190} INFO - [2025-06-13T21:41:57.290-0400] {dag.py:4180} INFO - Setting next_dagrun for example_subdag_operator.section-2 to None, run_after=None
[2025-06-13T21:41:57.297-0400] {processor.py:208} INFO - Processing /Users/pranavr/.pyenv/versions/3.11.6/lib/python3.11/site-packages/airflow/example_dags/example_subdag_operator.py took 469.826 seconds
