[2025-06-13T20:27:55.514-0400] {processor.py:186} INFO - Started process (PID=24487) to work on /Users/pranavr/.pyenv/versions/3.11.6/lib/python3.11/site-packages/airflow/example_dags/example_params_ui_tutorial.py
[2025-06-13T20:27:55.516-0400] {processor.py:914} INFO - Processing file /Users/pranavr/.pyenv/versions/3.11.6/lib/python3.11/site-packages/airflow/example_dags/example_params_ui_tutorial.py for tasks to queue
[2025-06-13T20:27:55.517-0400] {logging_mixin.py:190} INFO - [2025-06-13T20:27:55.517-0400] {dagbag.py:588} INFO - Filling up the DagBag from /Users/pranavr/.pyenv/versions/3.11.6/lib/python3.11/site-packages/airflow/example_dags/example_params_ui_tutorial.py
[2025-06-13T20:27:55.553-0400] {processor.py:925} INFO - DAG(s) 'example_params_ui_tutorial' retrieved from /Users/pranavr/.pyenv/versions/3.11.6/lib/python3.11/site-packages/airflow/example_dags/example_params_ui_tutorial.py
[2025-06-13T20:27:55.664-0400] {logging_mixin.py:190} INFO - [2025-06-13T20:27:55.664-0400] {dag.py:3239} INFO - Sync 1 DAGs
[2025-06-13T20:27:55.670-0400] {logging_mixin.py:190} INFO - [2025-06-13T20:27:55.670-0400] {dag.py:4180} INFO - Setting next_dagrun for example_params_ui_tutorial to None, run_after=None
[2025-06-13T20:27:55.680-0400] {processor.py:208} INFO - Processing /Users/pranavr/.pyenv/versions/3.11.6/lib/python3.11/site-packages/airflow/example_dags/example_params_ui_tutorial.py took 167.494 seconds
[2025-06-13T21:27:25.401-0400] {processor.py:186} INFO - Started process (PID=26491) to work on /Users/pranavr/.pyenv/versions/3.11.6/lib/python3.11/site-packages/airflow/example_dags/example_params_ui_tutorial.py
[2025-06-13T21:27:25.403-0400] {processor.py:914} INFO - Processing file /Users/pranavr/.pyenv/versions/3.11.6/lib/python3.11/site-packages/airflow/example_dags/example_params_ui_tutorial.py for tasks to queue
[2025-06-13T21:27:25.403-0400] {logging_mixin.py:190} INFO - [2025-06-13T21:27:25.403-0400] {dagbag.py:588} INFO - Filling up the DagBag from /Users/pranavr/.pyenv/versions/3.11.6/lib/python3.11/site-packages/airflow/example_dags/example_params_ui_tutorial.py
[2025-06-13T21:27:25.427-0400] {processor.py:925} INFO - DAG(s) 'example_params_ui_tutorial' retrieved from /Users/pranavr/.pyenv/versions/3.11.6/lib/python3.11/site-packages/airflow/example_dags/example_params_ui_tutorial.py
[2025-06-13T21:27:25.531-0400] {logging_mixin.py:190} INFO - [2025-06-13T21:27:25.530-0400] {dag.py:3239} INFO - Sync 1 DAGs
[2025-06-13T21:27:25.536-0400] {logging_mixin.py:190} INFO - [2025-06-13T21:27:25.536-0400] {dag.py:4180} INFO - Setting next_dagrun for example_params_ui_tutorial to None, run_after=None
[2025-06-13T21:27:25.543-0400] {processor.py:208} INFO - Processing /Users/pranavr/.pyenv/versions/3.11.6/lib/python3.11/site-packages/airflow/example_dags/example_params_ui_tutorial.py took 144.202 seconds
[2025-06-13T21:29:29.447-0400] {processor.py:186} INFO - Started process (PID=26808) to work on /Users/pranavr/.pyenv/versions/3.11.6/lib/python3.11/site-packages/airflow/example_dags/example_params_ui_tutorial.py
[2025-06-13T21:29:29.449-0400] {processor.py:914} INFO - Processing file /Users/pranavr/.pyenv/versions/3.11.6/lib/python3.11/site-packages/airflow/example_dags/example_params_ui_tutorial.py for tasks to queue
[2025-06-13T21:29:29.449-0400] {logging_mixin.py:190} INFO - [2025-06-13T21:29:29.449-0400] {dagbag.py:588} INFO - Filling up the DagBag from /Users/pranavr/.pyenv/versions/3.11.6/lib/python3.11/site-packages/airflow/example_dags/example_params_ui_tutorial.py
[2025-06-13T21:29:29.468-0400] {processor.py:925} INFO - DAG(s) 'example_params_ui_tutorial' retrieved from /Users/pranavr/.pyenv/versions/3.11.6/lib/python3.11/site-packages/airflow/example_dags/example_params_ui_tutorial.py
[2025-06-13T21:29:29.558-0400] {logging_mixin.py:190} INFO - [2025-06-13T21:29:29.558-0400] {dag.py:3239} INFO - Sync 1 DAGs
[2025-06-13T21:29:29.563-0400] {logging_mixin.py:190} INFO - [2025-06-13T21:29:29.563-0400] {dag.py:4180} INFO - Setting next_dagrun for example_params_ui_tutorial to None, run_after=None
[2025-06-13T21:29:29.573-0400] {processor.py:208} INFO - Processing /Users/pranavr/.pyenv/versions/3.11.6/lib/python3.11/site-packages/airflow/example_dags/example_params_ui_tutorial.py took 127.246 seconds
[2025-06-13T21:32:50.182-0400] {processor.py:186} INFO - Started process (PID=27219) to work on /Users/pranavr/.pyenv/versions/3.11.6/lib/python3.11/site-packages/airflow/example_dags/example_params_ui_tutorial.py
[2025-06-13T21:32:50.191-0400] {processor.py:914} INFO - Processing file /Users/pranavr/.pyenv/versions/3.11.6/lib/python3.11/site-packages/airflow/example_dags/example_params_ui_tutorial.py for tasks to queue
[2025-06-13T21:32:50.192-0400] {logging_mixin.py:190} INFO - [2025-06-13T21:32:50.192-0400] {dagbag.py:588} INFO - Filling up the DagBag from /Users/pranavr/.pyenv/versions/3.11.6/lib/python3.11/site-packages/airflow/example_dags/example_params_ui_tutorial.py
[2025-06-13T21:32:50.224-0400] {processor.py:925} INFO - DAG(s) 'example_params_ui_tutorial' retrieved from /Users/pranavr/.pyenv/versions/3.11.6/lib/python3.11/site-packages/airflow/example_dags/example_params_ui_tutorial.py
[2025-06-13T21:32:50.354-0400] {logging_mixin.py:190} INFO - [2025-06-13T21:32:50.354-0400] {dag.py:3239} INFO - Sync 1 DAGs
[2025-06-13T21:32:50.360-0400] {logging_mixin.py:190} INFO - [2025-06-13T21:32:50.360-0400] {dag.py:4180} INFO - Setting next_dagrun for example_params_ui_tutorial to None, run_after=None
[2025-06-13T21:32:50.373-0400] {processor.py:208} INFO - Processing /Users/pranavr/.pyenv/versions/3.11.6/lib/python3.11/site-packages/airflow/example_dags/example_params_ui_tutorial.py took 196.910 seconds
[2025-06-13T21:40:20.736-0400] {processor.py:186} INFO - Started process (PID=28403) to work on /Users/pranavr/.pyenv/versions/3.11.6/lib/python3.11/site-packages/airflow/example_dags/example_params_ui_tutorial.py
[2025-06-13T21:40:20.738-0400] {processor.py:914} INFO - Processing file /Users/pranavr/.pyenv/versions/3.11.6/lib/python3.11/site-packages/airflow/example_dags/example_params_ui_tutorial.py for tasks to queue
[2025-06-13T21:40:20.739-0400] {logging_mixin.py:190} INFO - [2025-06-13T21:40:20.739-0400] {dagbag.py:588} INFO - Filling up the DagBag from /Users/pranavr/.pyenv/versions/3.11.6/lib/python3.11/site-packages/airflow/example_dags/example_params_ui_tutorial.py
[2025-06-13T21:40:20.757-0400] {processor.py:925} INFO - DAG(s) 'example_params_ui_tutorial' retrieved from /Users/pranavr/.pyenv/versions/3.11.6/lib/python3.11/site-packages/airflow/example_dags/example_params_ui_tutorial.py
[2025-06-13T21:40:20.846-0400] {logging_mixin.py:190} INFO - [2025-06-13T21:40:20.846-0400] {dag.py:3239} INFO - Sync 1 DAGs
[2025-06-13T21:40:20.851-0400] {logging_mixin.py:190} INFO - [2025-06-13T21:40:20.851-0400] {dag.py:4180} INFO - Setting next_dagrun for example_params_ui_tutorial to None, run_after=None
[2025-06-13T21:40:20.860-0400] {processor.py:208} INFO - Processing /Users/pranavr/.pyenv/versions/3.11.6/lib/python3.11/site-packages/airflow/example_dags/example_params_ui_tutorial.py took 125.473 seconds
[2025-06-13T21:42:23.237-0400] {processor.py:186} INFO - Started process (PID=28917) to work on /Users/pranavr/.pyenv/versions/3.11.6/lib/python3.11/site-packages/airflow/example_dags/example_params_ui_tutorial.py
[2025-06-13T21:42:23.239-0400] {processor.py:914} INFO - Processing file /Users/pranavr/.pyenv/versions/3.11.6/lib/python3.11/site-packages/airflow/example_dags/example_params_ui_tutorial.py for tasks to queue
[2025-06-13T21:42:23.241-0400] {logging_mixin.py:190} INFO - [2025-06-13T21:42:23.241-0400] {dagbag.py:588} INFO - Filling up the DagBag from /Users/pranavr/.pyenv/versions/3.11.6/lib/python3.11/site-packages/airflow/example_dags/example_params_ui_tutorial.py
[2025-06-13T21:42:23.265-0400] {processor.py:925} INFO - DAG(s) 'example_params_ui_tutorial' retrieved from /Users/pranavr/.pyenv/versions/3.11.6/lib/python3.11/site-packages/airflow/example_dags/example_params_ui_tutorial.py
[2025-06-13T21:42:23.359-0400] {logging_mixin.py:190} INFO - [2025-06-13T21:42:23.358-0400] {dag.py:3239} INFO - Sync 1 DAGs
[2025-06-13T21:42:23.363-0400] {logging_mixin.py:190} INFO - [2025-06-13T21:42:23.363-0400] {dag.py:4180} INFO - Setting next_dagrun for example_params_ui_tutorial to None, run_after=None
[2025-06-13T21:42:23.371-0400] {processor.py:208} INFO - Processing /Users/pranavr/.pyenv/versions/3.11.6/lib/python3.11/site-packages/airflow/example_dags/example_params_ui_tutorial.py took 135.688 seconds
