[2025-06-13T21:28:13.949-0400] {processor.py:186} INFO - Started process (PID=26629) to work on /Users/pranavr/.pyenv/versions/3.11.6/lib/python3.11/site-packages/airflow/example_dags/example_branch_datetime_operator.py
[2025-06-13T21:28:13.952-0400] {processor.py:914} INFO - Processing file /Users/pranavr/.pyenv/versions/3.11.6/lib/python3.11/site-packages/airflow/example_dags/example_branch_datetime_operator.py for tasks to queue
[2025-06-13T21:28:13.952-0400] {logging_mixin.py:190} INFO - [2025-06-13T21:28:13.952-0400] {dagbag.py:588} INFO - Filling up the DagBag from /Users/pranavr/.pyenv/versions/3.11.6/lib/python3.11/site-packages/airflow/example_dags/example_branch_datetime_operator.py
[2025-06-13T21:28:13.962-0400] {processor.py:925} INFO - DAG(s) 'example_branch_datetime_operator_2', 'example_branch_datetime_operator', 'example_branch_datetime_operator_3' retrieved from /Users/pranavr/.pyenv/versions/3.11.6/lib/python3.11/site-packages/airflow/example_dags/example_branch_datetime_operator.py
[2025-06-13T21:28:14.085-0400] {logging_mixin.py:190} INFO - [2025-06-13T21:28:14.085-0400] {dag.py:3239} INFO - Sync 3 DAGs
[2025-06-13T21:28:14.096-0400] {logging_mixin.py:190} INFO - [2025-06-13T21:28:14.096-0400] {dag.py:4180} INFO - Setting next_dagrun for example_branch_datetime_operator to 2025-06-13T00:00:00+00:00, run_after=2025-06-14T00:00:00+00:00
[2025-06-13T21:28:14.099-0400] {logging_mixin.py:190} INFO - [2025-06-13T21:28:14.099-0400] {dag.py:4180} INFO - Setting next_dagrun for example_branch_datetime_operator_2 to 2025-06-13T00:00:00+00:00, run_after=2025-06-14T00:00:00+00:00
[2025-06-13T21:28:14.100-0400] {logging_mixin.py:190} INFO - [2025-06-13T21:28:14.100-0400] {dag.py:4180} INFO - Setting next_dagrun for example_branch_datetime_operator_3 to 2025-06-13T00:00:00+00:00, run_after=2025-06-14T00:00:00+00:00
[2025-06-13T21:28:14.110-0400] {processor.py:208} INFO - Processing /Users/pranavr/.pyenv/versions/3.11.6/lib/python3.11/site-packages/airflow/example_dags/example_branch_datetime_operator.py took 162.845 seconds
[2025-06-13T21:31:23.524-0400] {processor.py:186} INFO - Started process (PID=27032) to work on /Users/pranavr/.pyenv/versions/3.11.6/lib/python3.11/site-packages/airflow/example_dags/example_branch_datetime_operator.py
[2025-06-13T21:31:23.528-0400] {processor.py:914} INFO - Processing file /Users/pranavr/.pyenv/versions/3.11.6/lib/python3.11/site-packages/airflow/example_dags/example_branch_datetime_operator.py for tasks to queue
[2025-06-13T21:31:23.530-0400] {logging_mixin.py:190} INFO - [2025-06-13T21:31:23.530-0400] {dagbag.py:588} INFO - Filling up the DagBag from /Users/pranavr/.pyenv/versions/3.11.6/lib/python3.11/site-packages/airflow/example_dags/example_branch_datetime_operator.py
[2025-06-13T21:31:23.539-0400] {processor.py:925} INFO - DAG(s) 'example_branch_datetime_operator_2', 'example_branch_datetime_operator', 'example_branch_datetime_operator_3' retrieved from /Users/pranavr/.pyenv/versions/3.11.6/lib/python3.11/site-packages/airflow/example_dags/example_branch_datetime_operator.py
[2025-06-13T21:31:23.640-0400] {logging_mixin.py:190} INFO - [2025-06-13T21:31:23.640-0400] {dag.py:3239} INFO - Sync 3 DAGs
[2025-06-13T21:31:23.649-0400] {logging_mixin.py:190} INFO - [2025-06-13T21:31:23.649-0400] {dag.py:4180} INFO - Setting next_dagrun for example_branch_datetime_operator to 2025-06-13T00:00:00+00:00, run_after=2025-06-14T00:00:00+00:00
[2025-06-13T21:31:23.652-0400] {logging_mixin.py:190} INFO - [2025-06-13T21:31:23.652-0400] {dag.py:4180} INFO - Setting next_dagrun for example_branch_datetime_operator_2 to 2025-06-13T00:00:00+00:00, run_after=2025-06-14T00:00:00+00:00
[2025-06-13T21:31:23.653-0400] {logging_mixin.py:190} INFO - [2025-06-13T21:31:23.653-0400] {dag.py:4180} INFO - Setting next_dagrun for example_branch_datetime_operator_3 to 2025-06-13T00:00:00+00:00, run_after=2025-06-14T00:00:00+00:00
[2025-06-13T21:31:23.668-0400] {processor.py:208} INFO - Processing /Users/pranavr/.pyenv/versions/3.11.6/lib/python3.11/site-packages/airflow/example_dags/example_branch_datetime_operator.py took 146.466 seconds
[2025-06-13T21:34:59.192-0400] {processor.py:186} INFO - Started process (PID=27376) to work on /Users/pranavr/.pyenv/versions/3.11.6/lib/python3.11/site-packages/airflow/example_dags/example_branch_datetime_operator.py
[2025-06-13T21:34:59.195-0400] {processor.py:914} INFO - Processing file /Users/pranavr/.pyenv/versions/3.11.6/lib/python3.11/site-packages/airflow/example_dags/example_branch_datetime_operator.py for tasks to queue
[2025-06-13T21:34:59.195-0400] {logging_mixin.py:190} INFO - [2025-06-13T21:34:59.195-0400] {dagbag.py:588} INFO - Filling up the DagBag from /Users/pranavr/.pyenv/versions/3.11.6/lib/python3.11/site-packages/airflow/example_dags/example_branch_datetime_operator.py
[2025-06-13T21:34:59.202-0400] {processor.py:925} INFO - DAG(s) 'example_branch_datetime_operator', 'example_branch_datetime_operator_2', 'example_branch_datetime_operator_3' retrieved from /Users/pranavr/.pyenv/versions/3.11.6/lib/python3.11/site-packages/airflow/example_dags/example_branch_datetime_operator.py
[2025-06-13T21:34:59.282-0400] {logging_mixin.py:190} INFO - [2025-06-13T21:34:59.282-0400] {dag.py:3239} INFO - Sync 3 DAGs
[2025-06-13T21:34:59.290-0400] {logging_mixin.py:190} INFO - [2025-06-13T21:34:59.290-0400] {dag.py:4180} INFO - Setting next_dagrun for example_branch_datetime_operator to 2025-06-13T00:00:00+00:00, run_after=2025-06-14T00:00:00+00:00
[2025-06-13T21:34:59.292-0400] {logging_mixin.py:190} INFO - [2025-06-13T21:34:59.292-0400] {dag.py:4180} INFO - Setting next_dagrun for example_branch_datetime_operator_2 to 2025-06-13T00:00:00+00:00, run_after=2025-06-14T00:00:00+00:00
[2025-06-13T21:34:59.292-0400] {logging_mixin.py:190} INFO - [2025-06-13T21:34:59.292-0400] {dag.py:4180} INFO - Setting next_dagrun for example_branch_datetime_operator_3 to 2025-06-13T00:00:00+00:00, run_after=2025-06-14T00:00:00+00:00
[2025-06-13T21:34:59.299-0400] {processor.py:208} INFO - Processing /Users/pranavr/.pyenv/versions/3.11.6/lib/python3.11/site-packages/airflow/example_dags/example_branch_datetime_operator.py took 108.522 seconds
[2025-06-13T21:41:07.454-0400] {processor.py:186} INFO - Started process (PID=28714) to work on /Users/pranavr/.pyenv/versions/3.11.6/lib/python3.11/site-packages/airflow/example_dags/example_branch_datetime_operator.py
[2025-06-13T21:41:07.459-0400] {processor.py:914} INFO - Processing file /Users/pranavr/.pyenv/versions/3.11.6/lib/python3.11/site-packages/airflow/example_dags/example_branch_datetime_operator.py for tasks to queue
[2025-06-13T21:41:07.460-0400] {logging_mixin.py:190} INFO - [2025-06-13T21:41:07.460-0400] {dagbag.py:588} INFO - Filling up the DagBag from /Users/pranavr/.pyenv/versions/3.11.6/lib/python3.11/site-packages/airflow/example_dags/example_branch_datetime_operator.py
[2025-06-13T21:41:07.466-0400] {processor.py:925} INFO - DAG(s) 'example_branch_datetime_operator_2', 'example_branch_datetime_operator', 'example_branch_datetime_operator_3' retrieved from /Users/pranavr/.pyenv/versions/3.11.6/lib/python3.11/site-packages/airflow/example_dags/example_branch_datetime_operator.py
[2025-06-13T21:41:07.554-0400] {logging_mixin.py:190} INFO - [2025-06-13T21:41:07.554-0400] {dag.py:3239} INFO - Sync 3 DAGs
[2025-06-13T21:41:07.563-0400] {logging_mixin.py:190} INFO - [2025-06-13T21:41:07.563-0400] {dag.py:4180} INFO - Setting next_dagrun for example_branch_datetime_operator to 2025-06-13T00:00:00+00:00, run_after=2025-06-14T00:00:00+00:00
[2025-06-13T21:41:07.566-0400] {logging_mixin.py:190} INFO - [2025-06-13T21:41:07.566-0400] {dag.py:4180} INFO - Setting next_dagrun for example_branch_datetime_operator_2 to 2025-06-13T00:00:00+00:00, run_after=2025-06-14T00:00:00+00:00
[2025-06-13T21:41:07.567-0400] {logging_mixin.py:190} INFO - [2025-06-13T21:41:07.567-0400] {dag.py:4180} INFO - Setting next_dagrun for example_branch_datetime_operator_3 to 2025-06-13T00:00:00+00:00, run_after=2025-06-14T00:00:00+00:00
[2025-06-13T21:41:07.575-0400] {processor.py:208} INFO - Processing /Users/pranavr/.pyenv/versions/3.11.6/lib/python3.11/site-packages/airflow/example_dags/example_branch_datetime_operator.py took 123.692 seconds
