[2025-06-13T20:07:40.771-0400] {processor.py:186} INFO - Started process (PID=24374) to work on /Users/pranavr/.pyenv/versions/3.11.6/lib/python3.11/site-packages/airflow/example_dags/example_short_circuit_operator.py
[2025-06-13T20:07:40.773-0400] {processor.py:914} INFO - Processing file /Users/pranavr/.pyenv/versions/3.11.6/lib/python3.11/site-packages/airflow/example_dags/example_short_circuit_operator.py for tasks to queue
[2025-06-13T20:07:40.774-0400] {logging_mixin.py:190} INFO - [2025-06-13T20:07:40.774-0400] {dagbag.py:588} INFO - Filling up the DagBag from /Users/pranavr/.pyenv/versions/3.11.6/lib/python3.11/site-packages/airflow/example_dags/example_short_circuit_operator.py
[2025-06-13T20:07:40.789-0400] {processor.py:925} INFO - DAG(s) 'example_short_circuit_operator' retrieved from /Users/pranavr/.pyenv/versions/3.11.6/lib/python3.11/site-packages/airflow/example_dags/example_short_circuit_operator.py
[2025-06-13T20:07:40.866-0400] {logging_mixin.py:190} INFO - [2025-06-13T20:07:40.866-0400] {dag.py:3239} INFO - Sync 1 DAGs
[2025-06-13T20:07:40.872-0400] {logging_mixin.py:190} INFO - [2025-06-13T20:07:40.872-0400] {dag.py:4180} INFO - Setting next_dagrun for example_short_circuit_operator to None, run_after=None
[2025-06-13T20:07:40.881-0400] {processor.py:208} INFO - Processing /Users/pranavr/.pyenv/versions/3.11.6/lib/python3.11/site-packages/airflow/example_dags/example_short_circuit_operator.py took 112.322 seconds
[2025-06-13T21:26:27.190-0400] {processor.py:186} INFO - Started process (PID=26379) to work on /Users/pranavr/.pyenv/versions/3.11.6/lib/python3.11/site-packages/airflow/example_dags/example_short_circuit_operator.py
[2025-06-13T21:26:27.193-0400] {processor.py:914} INFO - Processing file /Users/pranavr/.pyenv/versions/3.11.6/lib/python3.11/site-packages/airflow/example_dags/example_short_circuit_operator.py for tasks to queue
[2025-06-13T21:26:27.194-0400] {logging_mixin.py:190} INFO - [2025-06-13T21:26:27.194-0400] {dagbag.py:588} INFO - Filling up the DagBag from /Users/pranavr/.pyenv/versions/3.11.6/lib/python3.11/site-packages/airflow/example_dags/example_short_circuit_operator.py
[2025-06-13T21:26:27.212-0400] {processor.py:925} INFO - DAG(s) 'example_short_circuit_operator' retrieved from /Users/pranavr/.pyenv/versions/3.11.6/lib/python3.11/site-packages/airflow/example_dags/example_short_circuit_operator.py
[2025-06-13T21:26:27.305-0400] {logging_mixin.py:190} INFO - [2025-06-13T21:26:27.305-0400] {dag.py:3239} INFO - Sync 1 DAGs
[2025-06-13T21:26:27.310-0400] {logging_mixin.py:190} INFO - [2025-06-13T21:26:27.310-0400] {dag.py:4180} INFO - Setting next_dagrun for example_short_circuit_operator to None, run_after=None
[2025-06-13T21:26:27.319-0400] {processor.py:208} INFO - Processing /Users/pranavr/.pyenv/versions/3.11.6/lib/python3.11/site-packages/airflow/example_dags/example_short_circuit_operator.py took 129.717 seconds
[2025-06-13T21:29:11.138-0400] {processor.py:186} INFO - Started process (PID=26783) to work on /Users/pranavr/.pyenv/versions/3.11.6/lib/python3.11/site-packages/airflow/example_dags/example_short_circuit_operator.py
[2025-06-13T21:29:11.140-0400] {processor.py:914} INFO - Processing file /Users/pranavr/.pyenv/versions/3.11.6/lib/python3.11/site-packages/airflow/example_dags/example_short_circuit_operator.py for tasks to queue
[2025-06-13T21:29:11.141-0400] {logging_mixin.py:190} INFO - [2025-06-13T21:29:11.141-0400] {dagbag.py:588} INFO - Filling up the DagBag from /Users/pranavr/.pyenv/versions/3.11.6/lib/python3.11/site-packages/airflow/example_dags/example_short_circuit_operator.py
[2025-06-13T21:29:11.156-0400] {processor.py:925} INFO - DAG(s) 'example_short_circuit_operator' retrieved from /Users/pranavr/.pyenv/versions/3.11.6/lib/python3.11/site-packages/airflow/example_dags/example_short_circuit_operator.py
[2025-06-13T21:29:11.239-0400] {logging_mixin.py:190} INFO - [2025-06-13T21:29:11.239-0400] {dag.py:3239} INFO - Sync 1 DAGs
[2025-06-13T21:29:11.244-0400] {logging_mixin.py:190} INFO - [2025-06-13T21:29:11.244-0400] {dag.py:4180} INFO - Setting next_dagrun for example_short_circuit_operator to None, run_after=None
[2025-06-13T21:29:11.252-0400] {processor.py:208} INFO - Processing /Users/pranavr/.pyenv/versions/3.11.6/lib/python3.11/site-packages/airflow/example_dags/example_short_circuit_operator.py took 117.528 seconds
[2025-06-13T21:30:44.569-0400] {processor.py:186} INFO - Started process (PID=26945) to work on /Users/pranavr/.pyenv/versions/3.11.6/lib/python3.11/site-packages/airflow/example_dags/example_short_circuit_operator.py
[2025-06-13T21:30:44.572-0400] {processor.py:914} INFO - Processing file /Users/pranavr/.pyenv/versions/3.11.6/lib/python3.11/site-packages/airflow/example_dags/example_short_circuit_operator.py for tasks to queue
[2025-06-13T21:30:44.572-0400] {logging_mixin.py:190} INFO - [2025-06-13T21:30:44.572-0400] {dagbag.py:588} INFO - Filling up the DagBag from /Users/pranavr/.pyenv/versions/3.11.6/lib/python3.11/site-packages/airflow/example_dags/example_short_circuit_operator.py
[2025-06-13T21:30:44.585-0400] {processor.py:925} INFO - DAG(s) 'example_short_circuit_operator' retrieved from /Users/pranavr/.pyenv/versions/3.11.6/lib/python3.11/site-packages/airflow/example_dags/example_short_circuit_operator.py
[2025-06-13T21:30:44.673-0400] {logging_mixin.py:190} INFO - [2025-06-13T21:30:44.673-0400] {dag.py:3239} INFO - Sync 1 DAGs
[2025-06-13T21:30:44.678-0400] {logging_mixin.py:190} INFO - [2025-06-13T21:30:44.678-0400] {dag.py:4180} INFO - Setting next_dagrun for example_short_circuit_operator to None, run_after=None
[2025-06-13T21:30:44.686-0400] {processor.py:208} INFO - Processing /Users/pranavr/.pyenv/versions/3.11.6/lib/python3.11/site-packages/airflow/example_dags/example_short_circuit_operator.py took 118.050 seconds
[2025-06-13T21:32:22.324-0400] {processor.py:186} INFO - Started process (PID=27164) to work on /Users/pranavr/.pyenv/versions/3.11.6/lib/python3.11/site-packages/airflow/example_dags/example_short_circuit_operator.py
[2025-06-13T21:32:22.326-0400] {processor.py:914} INFO - Processing file /Users/pranavr/.pyenv/versions/3.11.6/lib/python3.11/site-packages/airflow/example_dags/example_short_circuit_operator.py for tasks to queue
[2025-06-13T21:32:22.327-0400] {logging_mixin.py:190} INFO - [2025-06-13T21:32:22.327-0400] {dagbag.py:588} INFO - Filling up the DagBag from /Users/pranavr/.pyenv/versions/3.11.6/lib/python3.11/site-packages/airflow/example_dags/example_short_circuit_operator.py
[2025-06-13T21:32:22.349-0400] {processor.py:925} INFO - DAG(s) 'example_short_circuit_operator' retrieved from /Users/pranavr/.pyenv/versions/3.11.6/lib/python3.11/site-packages/airflow/example_dags/example_short_circuit_operator.py
[2025-06-13T21:32:22.434-0400] {logging_mixin.py:190} INFO - [2025-06-13T21:32:22.434-0400] {dag.py:3239} INFO - Sync 1 DAGs
[2025-06-13T21:32:22.440-0400] {logging_mixin.py:190} INFO - [2025-06-13T21:32:22.439-0400] {dag.py:4180} INFO - Setting next_dagrun for example_short_circuit_operator to None, run_after=None
[2025-06-13T21:32:22.448-0400] {processor.py:208} INFO - Processing /Users/pranavr/.pyenv/versions/3.11.6/lib/python3.11/site-packages/airflow/example_dags/example_short_circuit_operator.py took 125.862 seconds
[2025-06-13T21:34:16.182-0400] {processor.py:186} INFO - Started process (PID=27332) to work on /Users/pranavr/.pyenv/versions/3.11.6/lib/python3.11/site-packages/airflow/example_dags/example_short_circuit_operator.py
[2025-06-13T21:34:16.186-0400] {processor.py:914} INFO - Processing file /Users/pranavr/.pyenv/versions/3.11.6/lib/python3.11/site-packages/airflow/example_dags/example_short_circuit_operator.py for tasks to queue
[2025-06-13T21:34:16.187-0400] {logging_mixin.py:190} INFO - [2025-06-13T21:34:16.187-0400] {dagbag.py:588} INFO - Filling up the DagBag from /Users/pranavr/.pyenv/versions/3.11.6/lib/python3.11/site-packages/airflow/example_dags/example_short_circuit_operator.py
[2025-06-13T21:34:16.208-0400] {processor.py:925} INFO - DAG(s) 'example_short_circuit_operator' retrieved from /Users/pranavr/.pyenv/versions/3.11.6/lib/python3.11/site-packages/airflow/example_dags/example_short_circuit_operator.py
[2025-06-13T21:34:16.346-0400] {logging_mixin.py:190} INFO - [2025-06-13T21:34:16.346-0400] {dag.py:3239} INFO - Sync 1 DAGs
[2025-06-13T21:34:16.353-0400] {logging_mixin.py:190} INFO - [2025-06-13T21:34:16.353-0400] {dag.py:4180} INFO - Setting next_dagrun for example_short_circuit_operator to None, run_after=None
[2025-06-13T21:34:16.363-0400] {processor.py:208} INFO - Processing /Users/pranavr/.pyenv/versions/3.11.6/lib/python3.11/site-packages/airflow/example_dags/example_short_circuit_operator.py took 183.856 seconds
[2025-06-13T21:35:56.722-0400] {processor.py:186} INFO - Started process (PID=27617) to work on /Users/pranavr/.pyenv/versions/3.11.6/lib/python3.11/site-packages/airflow/example_dags/example_short_circuit_operator.py
[2025-06-13T21:35:56.724-0400] {processor.py:914} INFO - Processing file /Users/pranavr/.pyenv/versions/3.11.6/lib/python3.11/site-packages/airflow/example_dags/example_short_circuit_operator.py for tasks to queue
[2025-06-13T21:35:56.725-0400] {logging_mixin.py:190} INFO - [2025-06-13T21:35:56.725-0400] {dagbag.py:588} INFO - Filling up the DagBag from /Users/pranavr/.pyenv/versions/3.11.6/lib/python3.11/site-packages/airflow/example_dags/example_short_circuit_operator.py
[2025-06-13T21:35:56.738-0400] {processor.py:925} INFO - DAG(s) 'example_short_circuit_operator' retrieved from /Users/pranavr/.pyenv/versions/3.11.6/lib/python3.11/site-packages/airflow/example_dags/example_short_circuit_operator.py
[2025-06-13T21:35:56.827-0400] {logging_mixin.py:190} INFO - [2025-06-13T21:35:56.827-0400] {dag.py:3239} INFO - Sync 1 DAGs
[2025-06-13T21:35:56.832-0400] {logging_mixin.py:190} INFO - [2025-06-13T21:35:56.832-0400] {dag.py:4180} INFO - Setting next_dagrun for example_short_circuit_operator to None, run_after=None
[2025-06-13T21:35:56.840-0400] {processor.py:208} INFO - Processing /Users/pranavr/.pyenv/versions/3.11.6/lib/python3.11/site-packages/airflow/example_dags/example_short_circuit_operator.py took 119.652 seconds
[2025-06-13T21:40:02.658-0400] {processor.py:186} INFO - Started process (PID=28324) to work on /Users/pranavr/.pyenv/versions/3.11.6/lib/python3.11/site-packages/airflow/example_dags/example_short_circuit_operator.py
[2025-06-13T21:40:02.660-0400] {processor.py:914} INFO - Processing file /Users/pranavr/.pyenv/versions/3.11.6/lib/python3.11/site-packages/airflow/example_dags/example_short_circuit_operator.py for tasks to queue
[2025-06-13T21:40:02.661-0400] {logging_mixin.py:190} INFO - [2025-06-13T21:40:02.661-0400] {dagbag.py:588} INFO - Filling up the DagBag from /Users/pranavr/.pyenv/versions/3.11.6/lib/python3.11/site-packages/airflow/example_dags/example_short_circuit_operator.py
[2025-06-13T21:40:02.675-0400] {processor.py:925} INFO - DAG(s) 'example_short_circuit_operator' retrieved from /Users/pranavr/.pyenv/versions/3.11.6/lib/python3.11/site-packages/airflow/example_dags/example_short_circuit_operator.py
[2025-06-13T21:40:02.768-0400] {logging_mixin.py:190} INFO - [2025-06-13T21:40:02.768-0400] {dag.py:3239} INFO - Sync 1 DAGs
[2025-06-13T21:40:02.774-0400] {logging_mixin.py:190} INFO - [2025-06-13T21:40:02.773-0400] {dag.py:4180} INFO - Setting next_dagrun for example_short_circuit_operator to None, run_after=None
[2025-06-13T21:40:02.783-0400] {processor.py:208} INFO - Processing /Users/pranavr/.pyenv/versions/3.11.6/lib/python3.11/site-packages/airflow/example_dags/example_short_circuit_operator.py took 126.621 seconds
[2025-06-13T21:42:03.803-0400] {processor.py:186} INFO - Started process (PID=28822) to work on /Users/pranavr/.pyenv/versions/3.11.6/lib/python3.11/site-packages/airflow/example_dags/example_short_circuit_operator.py
[2025-06-13T21:42:03.805-0400] {processor.py:914} INFO - Processing file /Users/pranavr/.pyenv/versions/3.11.6/lib/python3.11/site-packages/airflow/example_dags/example_short_circuit_operator.py for tasks to queue
[2025-06-13T21:42:03.806-0400] {logging_mixin.py:190} INFO - [2025-06-13T21:42:03.806-0400] {dagbag.py:588} INFO - Filling up the DagBag from /Users/pranavr/.pyenv/versions/3.11.6/lib/python3.11/site-packages/airflow/example_dags/example_short_circuit_operator.py
[2025-06-13T21:42:03.820-0400] {processor.py:925} INFO - DAG(s) 'example_short_circuit_operator' retrieved from /Users/pranavr/.pyenv/versions/3.11.6/lib/python3.11/site-packages/airflow/example_dags/example_short_circuit_operator.py
[2025-06-13T21:42:03.919-0400] {logging_mixin.py:190} INFO - [2025-06-13T21:42:03.919-0400] {dag.py:3239} INFO - Sync 1 DAGs
[2025-06-13T21:42:03.924-0400] {logging_mixin.py:190} INFO - [2025-06-13T21:42:03.924-0400] {dag.py:4180} INFO - Setting next_dagrun for example_short_circuit_operator to None, run_after=None
[2025-06-13T21:42:03.934-0400] {processor.py:208} INFO - Processing /Users/pranavr/.pyenv/versions/3.11.6/lib/python3.11/site-packages/airflow/example_dags/example_short_circuit_operator.py took 132.058 seconds
