[2025-06-13T21:27:52.046-0400] {processor.py:186} INFO - Started process (PID=26567) to work on /Users/pranavr/.pyenv/versions/3.11.6/lib/python3.11/site-packages/airflow/example_dags/example_datasets.py
[2025-06-13T21:27:52.048-0400] {processor.py:914} INFO - Processing file /Users/pranavr/.pyenv/versions/3.11.6/lib/python3.11/site-packages/airflow/example_dags/example_datasets.py for tasks to queue
[2025-06-13T21:27:52.050-0400] {logging_mixin.py:190} INFO - [2025-06-13T21:27:52.049-0400] {dagbag.py:588} INFO - Filling up the DagBag from /Users/pranavr/.pyenv/versions/3.11.6/lib/python3.11/site-packages/airflow/example_dags/example_datasets.py
[2025-06-13T21:27:52.077-0400] {processor.py:925} INFO - DAG(s) 'consume_1_or_2_with_dataset_expressions', 'dataset_produces_2', 'dataset_consumes_unknown_never_scheduled', 'consume_1_and_2_with_dataset_expressions', 'dataset_consumes_1_never_scheduled', 'conditional_dataset_and_time_based_timetable', 'dataset_produces_1', 'dataset_consumes_1_and_2', 'consume_1_or_both_2_and_3_with_dataset_expressions', 'dataset_consumes_1' retrieved from /Users/pranavr/.pyenv/versions/3.11.6/lib/python3.11/site-packages/airflow/example_dags/example_datasets.py
[2025-06-13T21:27:52.175-0400] {logging_mixin.py:190} INFO - [2025-06-13T21:27:52.175-0400] {dag.py:3239} INFO - Sync 10 DAGs
[2025-06-13T21:27:52.184-0400] {logging_mixin.py:190} INFO - [2025-06-13T21:27:52.184-0400] {dag.py:4180} INFO - Setting next_dagrun for conditional_dataset_and_time_based_timetable to 2025-06-11T01:00:00+00:00, run_after=2025-06-11T01:00:00+00:00
[2025-06-13T21:27:52.186-0400] {logging_mixin.py:190} INFO - [2025-06-13T21:27:52.186-0400] {dag.py:4180} INFO - Setting next_dagrun for consume_1_and_2_with_dataset_expressions to None, run_after=None
[2025-06-13T21:27:52.186-0400] {logging_mixin.py:190} INFO - [2025-06-13T21:27:52.186-0400] {dag.py:4180} INFO - Setting next_dagrun for consume_1_or_2_with_dataset_expressions to None, run_after=None
[2025-06-13T21:27:52.186-0400] {logging_mixin.py:190} INFO - [2025-06-13T21:27:52.186-0400] {dag.py:4180} INFO - Setting next_dagrun for consume_1_or_both_2_and_3_with_dataset_expressions to None, run_after=None
[2025-06-13T21:27:52.187-0400] {logging_mixin.py:190} INFO - [2025-06-13T21:27:52.187-0400] {dag.py:4180} INFO - Setting next_dagrun for dataset_consumes_1 to None, run_after=None
[2025-06-13T21:27:52.187-0400] {logging_mixin.py:190} INFO - [2025-06-13T21:27:52.187-0400] {dag.py:4180} INFO - Setting next_dagrun for dataset_consumes_1_and_2 to None, run_after=None
[2025-06-13T21:27:52.187-0400] {logging_mixin.py:190} INFO - [2025-06-13T21:27:52.187-0400] {dag.py:4180} INFO - Setting next_dagrun for dataset_consumes_1_never_scheduled to None, run_after=None
[2025-06-13T21:27:52.188-0400] {logging_mixin.py:190} INFO - [2025-06-13T21:27:52.188-0400] {dag.py:4180} INFO - Setting next_dagrun for dataset_consumes_unknown_never_scheduled to None, run_after=None
[2025-06-13T21:27:52.189-0400] {logging_mixin.py:190} INFO - [2025-06-13T21:27:52.189-0400] {dag.py:4180} INFO - Setting next_dagrun for dataset_produces_1 to 2025-06-13T00:00:00+00:00, run_after=2025-06-14T00:00:00+00:00
[2025-06-13T21:27:52.189-0400] {logging_mixin.py:190} INFO - [2025-06-13T21:27:52.189-0400] {dag.py:4180} INFO - Setting next_dagrun for dataset_produces_2 to None, run_after=None
[2025-06-13T21:27:52.201-0400] {processor.py:208} INFO - Processing /Users/pranavr/.pyenv/versions/3.11.6/lib/python3.11/site-packages/airflow/example_dags/example_datasets.py took 157.625 seconds
[2025-06-13T21:31:02.112-0400] {processor.py:186} INFO - Started process (PID=26987) to work on /Users/pranavr/.pyenv/versions/3.11.6/lib/python3.11/site-packages/airflow/example_dags/example_datasets.py
[2025-06-13T21:31:02.115-0400] {processor.py:914} INFO - Processing file /Users/pranavr/.pyenv/versions/3.11.6/lib/python3.11/site-packages/airflow/example_dags/example_datasets.py for tasks to queue
[2025-06-13T21:31:02.116-0400] {logging_mixin.py:190} INFO - [2025-06-13T21:31:02.116-0400] {dagbag.py:588} INFO - Filling up the DagBag from /Users/pranavr/.pyenv/versions/3.11.6/lib/python3.11/site-packages/airflow/example_dags/example_datasets.py
[2025-06-13T21:31:02.160-0400] {processor.py:925} INFO - DAG(s) 'dataset_consumes_1_and_2', 'dataset_consumes_unknown_never_scheduled', 'consume_1_and_2_with_dataset_expressions', 'dataset_produces_1', 'dataset_produces_2', 'consume_1_or_both_2_and_3_with_dataset_expressions', 'conditional_dataset_and_time_based_timetable', 'dataset_consumes_1_never_scheduled', 'consume_1_or_2_with_dataset_expressions', 'dataset_consumes_1' retrieved from /Users/pranavr/.pyenv/versions/3.11.6/lib/python3.11/site-packages/airflow/example_dags/example_datasets.py
[2025-06-13T21:31:02.263-0400] {logging_mixin.py:190} INFO - [2025-06-13T21:31:02.263-0400] {dag.py:3239} INFO - Sync 10 DAGs
[2025-06-13T21:31:02.273-0400] {logging_mixin.py:190} INFO - [2025-06-13T21:31:02.273-0400] {dag.py:4180} INFO - Setting next_dagrun for conditional_dataset_and_time_based_timetable to 2025-06-11T01:00:00+00:00, run_after=2025-06-11T01:00:00+00:00
[2025-06-13T21:31:02.276-0400] {logging_mixin.py:190} INFO - [2025-06-13T21:31:02.276-0400] {dag.py:4180} INFO - Setting next_dagrun for consume_1_and_2_with_dataset_expressions to None, run_after=None
[2025-06-13T21:31:02.276-0400] {logging_mixin.py:190} INFO - [2025-06-13T21:31:02.276-0400] {dag.py:4180} INFO - Setting next_dagrun for consume_1_or_2_with_dataset_expressions to None, run_after=None
[2025-06-13T21:31:02.277-0400] {logging_mixin.py:190} INFO - [2025-06-13T21:31:02.277-0400] {dag.py:4180} INFO - Setting next_dagrun for consume_1_or_both_2_and_3_with_dataset_expressions to None, run_after=None
[2025-06-13T21:31:02.277-0400] {logging_mixin.py:190} INFO - [2025-06-13T21:31:02.277-0400] {dag.py:4180} INFO - Setting next_dagrun for dataset_consumes_1 to None, run_after=None
[2025-06-13T21:31:02.277-0400] {logging_mixin.py:190} INFO - [2025-06-13T21:31:02.277-0400] {dag.py:4180} INFO - Setting next_dagrun for dataset_consumes_1_and_2 to None, run_after=None
[2025-06-13T21:31:02.277-0400] {logging_mixin.py:190} INFO - [2025-06-13T21:31:02.277-0400] {dag.py:4180} INFO - Setting next_dagrun for dataset_consumes_1_never_scheduled to None, run_after=None
[2025-06-13T21:31:02.278-0400] {logging_mixin.py:190} INFO - [2025-06-13T21:31:02.278-0400] {dag.py:4180} INFO - Setting next_dagrun for dataset_consumes_unknown_never_scheduled to None, run_after=None
[2025-06-13T21:31:02.278-0400] {logging_mixin.py:190} INFO - [2025-06-13T21:31:02.278-0400] {dag.py:4180} INFO - Setting next_dagrun for dataset_produces_1 to 2025-06-13T00:00:00+00:00, run_after=2025-06-14T00:00:00+00:00
[2025-06-13T21:31:02.279-0400] {logging_mixin.py:190} INFO - [2025-06-13T21:31:02.279-0400] {dag.py:4180} INFO - Setting next_dagrun for dataset_produces_2 to None, run_after=None
[2025-06-13T21:31:02.293-0400] {processor.py:208} INFO - Processing /Users/pranavr/.pyenv/versions/3.11.6/lib/python3.11/site-packages/airflow/example_dags/example_datasets.py took 182.156 seconds
[2025-06-13T21:34:38.611-0400] {processor.py:186} INFO - Started process (PID=27353) to work on /Users/pranavr/.pyenv/versions/3.11.6/lib/python3.11/site-packages/airflow/example_dags/example_datasets.py
[2025-06-13T21:34:38.614-0400] {processor.py:914} INFO - Processing file /Users/pranavr/.pyenv/versions/3.11.6/lib/python3.11/site-packages/airflow/example_dags/example_datasets.py for tasks to queue
[2025-06-13T21:34:38.615-0400] {logging_mixin.py:190} INFO - [2025-06-13T21:34:38.614-0400] {dagbag.py:588} INFO - Filling up the DagBag from /Users/pranavr/.pyenv/versions/3.11.6/lib/python3.11/site-packages/airflow/example_dags/example_datasets.py
[2025-06-13T21:34:38.654-0400] {processor.py:925} INFO - DAG(s) 'dataset_consumes_unknown_never_scheduled', 'consume_1_or_both_2_and_3_with_dataset_expressions', 'consume_1_or_2_with_dataset_expressions', 'dataset_produces_2', 'conditional_dataset_and_time_based_timetable', 'dataset_consumes_1_and_2', 'consume_1_and_2_with_dataset_expressions', 'dataset_consumes_1', 'dataset_produces_1', 'dataset_consumes_1_never_scheduled' retrieved from /Users/pranavr/.pyenv/versions/3.11.6/lib/python3.11/site-packages/airflow/example_dags/example_datasets.py
[2025-06-13T21:34:38.762-0400] {logging_mixin.py:190} INFO - [2025-06-13T21:34:38.762-0400] {dag.py:3239} INFO - Sync 10 DAGs
[2025-06-13T21:34:38.774-0400] {logging_mixin.py:190} INFO - [2025-06-13T21:34:38.774-0400] {dag.py:4180} INFO - Setting next_dagrun for conditional_dataset_and_time_based_timetable to 2025-06-11T01:00:00+00:00, run_after=2025-06-11T01:00:00+00:00
[2025-06-13T21:34:38.776-0400] {logging_mixin.py:190} INFO - [2025-06-13T21:34:38.776-0400] {dag.py:4180} INFO - Setting next_dagrun for consume_1_and_2_with_dataset_expressions to None, run_after=None
[2025-06-13T21:34:38.776-0400] {logging_mixin.py:190} INFO - [2025-06-13T21:34:38.776-0400] {dag.py:4180} INFO - Setting next_dagrun for consume_1_or_2_with_dataset_expressions to None, run_after=None
[2025-06-13T21:34:38.777-0400] {logging_mixin.py:190} INFO - [2025-06-13T21:34:38.777-0400] {dag.py:4180} INFO - Setting next_dagrun for consume_1_or_both_2_and_3_with_dataset_expressions to None, run_after=None
[2025-06-13T21:34:38.777-0400] {logging_mixin.py:190} INFO - [2025-06-13T21:34:38.777-0400] {dag.py:4180} INFO - Setting next_dagrun for dataset_consumes_1 to None, run_after=None
[2025-06-13T21:34:38.778-0400] {logging_mixin.py:190} INFO - [2025-06-13T21:34:38.778-0400] {dag.py:4180} INFO - Setting next_dagrun for dataset_consumes_1_and_2 to None, run_after=None
[2025-06-13T21:34:38.778-0400] {logging_mixin.py:190} INFO - [2025-06-13T21:34:38.778-0400] {dag.py:4180} INFO - Setting next_dagrun for dataset_consumes_1_never_scheduled to None, run_after=None
[2025-06-13T21:34:38.778-0400] {logging_mixin.py:190} INFO - [2025-06-13T21:34:38.778-0400] {dag.py:4180} INFO - Setting next_dagrun for dataset_consumes_unknown_never_scheduled to None, run_after=None
[2025-06-13T21:34:38.779-0400] {logging_mixin.py:190} INFO - [2025-06-13T21:34:38.779-0400] {dag.py:4180} INFO - Setting next_dagrun for dataset_produces_1 to 2025-06-13T00:00:00+00:00, run_after=2025-06-14T00:00:00+00:00
[2025-06-13T21:34:38.779-0400] {logging_mixin.py:190} INFO - [2025-06-13T21:34:38.779-0400] {dag.py:4180} INFO - Setting next_dagrun for dataset_produces_2 to None, run_after=None
[2025-06-13T21:34:38.792-0400] {processor.py:208} INFO - Processing /Users/pranavr/.pyenv/versions/3.11.6/lib/python3.11/site-packages/airflow/example_dags/example_datasets.py took 184.048 seconds
[2025-06-13T21:40:47.214-0400] {processor.py:186} INFO - Started process (PID=28616) to work on /Users/pranavr/.pyenv/versions/3.11.6/lib/python3.11/site-packages/airflow/example_dags/example_datasets.py
[2025-06-13T21:40:47.216-0400] {processor.py:914} INFO - Processing file /Users/pranavr/.pyenv/versions/3.11.6/lib/python3.11/site-packages/airflow/example_dags/example_datasets.py for tasks to queue
[2025-06-13T21:40:47.217-0400] {logging_mixin.py:190} INFO - [2025-06-13T21:40:47.217-0400] {dagbag.py:588} INFO - Filling up the DagBag from /Users/pranavr/.pyenv/versions/3.11.6/lib/python3.11/site-packages/airflow/example_dags/example_datasets.py
[2025-06-13T21:40:47.241-0400] {processor.py:925} INFO - DAG(s) 'dataset_consumes_unknown_never_scheduled', 'consume_1_or_both_2_and_3_with_dataset_expressions', 'consume_1_and_2_with_dataset_expressions', 'consume_1_or_2_with_dataset_expressions', 'dataset_consumes_1', 'dataset_produces_2', 'conditional_dataset_and_time_based_timetable', 'dataset_produces_1', 'dataset_consumes_1_never_scheduled', 'dataset_consumes_1_and_2' retrieved from /Users/pranavr/.pyenv/versions/3.11.6/lib/python3.11/site-packages/airflow/example_dags/example_datasets.py
[2025-06-13T21:40:47.319-0400] {logging_mixin.py:190} INFO - [2025-06-13T21:40:47.318-0400] {dag.py:3239} INFO - Sync 10 DAGs
[2025-06-13T21:40:47.327-0400] {logging_mixin.py:190} INFO - [2025-06-13T21:40:47.327-0400] {dag.py:4180} INFO - Setting next_dagrun for conditional_dataset_and_time_based_timetable to 2025-06-11T01:00:00+00:00, run_after=2025-06-11T01:00:00+00:00
[2025-06-13T21:40:47.329-0400] {logging_mixin.py:190} INFO - [2025-06-13T21:40:47.329-0400] {dag.py:4180} INFO - Setting next_dagrun for consume_1_and_2_with_dataset_expressions to None, run_after=None
[2025-06-13T21:40:47.329-0400] {logging_mixin.py:190} INFO - [2025-06-13T21:40:47.329-0400] {dag.py:4180} INFO - Setting next_dagrun for consume_1_or_2_with_dataset_expressions to None, run_after=None
[2025-06-13T21:40:47.329-0400] {logging_mixin.py:190} INFO - [2025-06-13T21:40:47.329-0400] {dag.py:4180} INFO - Setting next_dagrun for consume_1_or_both_2_and_3_with_dataset_expressions to None, run_after=None
[2025-06-13T21:40:47.329-0400] {logging_mixin.py:190} INFO - [2025-06-13T21:40:47.329-0400] {dag.py:4180} INFO - Setting next_dagrun for dataset_consumes_1 to None, run_after=None
[2025-06-13T21:40:47.330-0400] {logging_mixin.py:190} INFO - [2025-06-13T21:40:47.330-0400] {dag.py:4180} INFO - Setting next_dagrun for dataset_consumes_1_and_2 to None, run_after=None
[2025-06-13T21:40:47.330-0400] {logging_mixin.py:190} INFO - [2025-06-13T21:40:47.330-0400] {dag.py:4180} INFO - Setting next_dagrun for dataset_consumes_1_never_scheduled to None, run_after=None
[2025-06-13T21:40:47.330-0400] {logging_mixin.py:190} INFO - [2025-06-13T21:40:47.330-0400] {dag.py:4180} INFO - Setting next_dagrun for dataset_consumes_unknown_never_scheduled to None, run_after=None
[2025-06-13T21:40:47.331-0400] {logging_mixin.py:190} INFO - [2025-06-13T21:40:47.331-0400] {dag.py:4180} INFO - Setting next_dagrun for dataset_produces_1 to 2025-06-13T00:00:00+00:00, run_after=2025-06-14T00:00:00+00:00
[2025-06-13T21:40:47.331-0400] {logging_mixin.py:190} INFO - [2025-06-13T21:40:47.331-0400] {dag.py:4180} INFO - Setting next_dagrun for dataset_produces_2 to None, run_after=None
[2025-06-13T21:40:47.343-0400] {processor.py:208} INFO - Processing /Users/pranavr/.pyenv/versions/3.11.6/lib/python3.11/site-packages/airflow/example_dags/example_datasets.py took 129.792 seconds
