[2025-06-13T21:27:54.642-0400] {processor.py:186} INFO - Started process (PID=26571) to work on /Users/pranavr/.pyenv/versions/3.11.6/lib/python3.11/site-packages/airflow/example_dags/example_dataset_alias_with_no_taskflow.py
[2025-06-13T21:27:54.647-0400] {processor.py:914} INFO - Processing file /Users/pranavr/.pyenv/versions/3.11.6/lib/python3.11/site-packages/airflow/example_dags/example_dataset_alias_with_no_taskflow.py for tasks to queue
[2025-06-13T21:27:54.647-0400] {logging_mixin.py:190} INFO - [2025-06-13T21:27:54.647-0400] {dagbag.py:588} INFO - Filling up the DagBag from /Users/pranavr/.pyenv/versions/3.11.6/lib/python3.11/site-packages/airflow/example_dags/example_dataset_alias_with_no_taskflow.py
[2025-06-13T21:27:54.794-0400] {processor.py:925} INFO - DAG(s) 'dataset_alias_example_alias_consumer_with_no_taskflow', 'dataset_alias_example_alias_producer_with_no_taskflow', 'dataset_s3_bucket_producer_with_no_taskflow', 'dataset_s3_bucket_consumer_with_no_taskflow' retrieved from /Users/pranavr/.pyenv/versions/3.11.6/lib/python3.11/site-packages/airflow/example_dags/example_dataset_alias_with_no_taskflow.py
[2025-06-13T21:27:54.807-0400] {logging_mixin.py:190} INFO - [2025-06-13T21:27:54.807-0400] {dag.py:3239} INFO - Sync 4 DAGs
[2025-06-13T21:27:54.816-0400] {logging_mixin.py:190} INFO - [2025-06-13T21:27:54.816-0400] {dag.py:4180} INFO - Setting next_dagrun for dataset_alias_example_alias_consumer_with_no_taskflow to None, run_after=None
[2025-06-13T21:27:54.817-0400] {logging_mixin.py:190} INFO - [2025-06-13T21:27:54.817-0400] {dag.py:4180} INFO - Setting next_dagrun for dataset_alias_example_alias_producer_with_no_taskflow to None, run_after=None
[2025-06-13T21:27:54.817-0400] {logging_mixin.py:190} INFO - [2025-06-13T21:27:54.817-0400] {dag.py:4180} INFO - Setting next_dagrun for dataset_s3_bucket_consumer_with_no_taskflow to None, run_after=None
[2025-06-13T21:27:54.817-0400] {logging_mixin.py:190} INFO - [2025-06-13T21:27:54.817-0400] {dag.py:4180} INFO - Setting next_dagrun for dataset_s3_bucket_producer_with_no_taskflow to None, run_after=None
[2025-06-13T21:27:54.829-0400] {processor.py:208} INFO - Processing /Users/pranavr/.pyenv/versions/3.11.6/lib/python3.11/site-packages/airflow/example_dags/example_dataset_alias_with_no_taskflow.py took 188.676 seconds
[2025-06-13T21:31:04.293-0400] {processor.py:186} INFO - Started process (PID=26993) to work on /Users/pranavr/.pyenv/versions/3.11.6/lib/python3.11/site-packages/airflow/example_dags/example_dataset_alias_with_no_taskflow.py
[2025-06-13T21:31:04.295-0400] {processor.py:914} INFO - Processing file /Users/pranavr/.pyenv/versions/3.11.6/lib/python3.11/site-packages/airflow/example_dags/example_dataset_alias_with_no_taskflow.py for tasks to queue
[2025-06-13T21:31:04.296-0400] {logging_mixin.py:190} INFO - [2025-06-13T21:31:04.296-0400] {dagbag.py:588} INFO - Filling up the DagBag from /Users/pranavr/.pyenv/versions/3.11.6/lib/python3.11/site-packages/airflow/example_dags/example_dataset_alias_with_no_taskflow.py
[2025-06-13T21:31:04.403-0400] {processor.py:925} INFO - DAG(s) 'dataset_s3_bucket_producer_with_no_taskflow', 'dataset_alias_example_alias_consumer_with_no_taskflow', 'dataset_alias_example_alias_producer_with_no_taskflow', 'dataset_s3_bucket_consumer_with_no_taskflow' retrieved from /Users/pranavr/.pyenv/versions/3.11.6/lib/python3.11/site-packages/airflow/example_dags/example_dataset_alias_with_no_taskflow.py
[2025-06-13T21:31:04.419-0400] {logging_mixin.py:190} INFO - [2025-06-13T21:31:04.419-0400] {dag.py:3239} INFO - Sync 4 DAGs
[2025-06-13T21:31:04.427-0400] {logging_mixin.py:190} INFO - [2025-06-13T21:31:04.427-0400] {dag.py:4180} INFO - Setting next_dagrun for dataset_alias_example_alias_consumer_with_no_taskflow to None, run_after=None
[2025-06-13T21:31:04.428-0400] {logging_mixin.py:190} INFO - [2025-06-13T21:31:04.428-0400] {dag.py:4180} INFO - Setting next_dagrun for dataset_alias_example_alias_producer_with_no_taskflow to None, run_after=None
[2025-06-13T21:31:04.428-0400] {logging_mixin.py:190} INFO - [2025-06-13T21:31:04.428-0400] {dag.py:4180} INFO - Setting next_dagrun for dataset_s3_bucket_consumer_with_no_taskflow to None, run_after=None
[2025-06-13T21:31:04.429-0400] {logging_mixin.py:190} INFO - [2025-06-13T21:31:04.429-0400] {dag.py:4180} INFO - Setting next_dagrun for dataset_s3_bucket_producer_with_no_taskflow to None, run_after=None
[2025-06-13T21:31:04.437-0400] {processor.py:208} INFO - Processing /Users/pranavr/.pyenv/versions/3.11.6/lib/python3.11/site-packages/airflow/example_dags/example_dataset_alias_with_no_taskflow.py took 144.964 seconds
[2025-06-13T21:34:40.121-0400] {processor.py:186} INFO - Started process (PID=27356) to work on /Users/pranavr/.pyenv/versions/3.11.6/lib/python3.11/site-packages/airflow/example_dags/example_dataset_alias_with_no_taskflow.py
[2025-06-13T21:34:40.127-0400] {processor.py:914} INFO - Processing file /Users/pranavr/.pyenv/versions/3.11.6/lib/python3.11/site-packages/airflow/example_dags/example_dataset_alias_with_no_taskflow.py for tasks to queue
[2025-06-13T21:34:40.127-0400] {logging_mixin.py:190} INFO - [2025-06-13T21:34:40.127-0400] {dagbag.py:588} INFO - Filling up the DagBag from /Users/pranavr/.pyenv/versions/3.11.6/lib/python3.11/site-packages/airflow/example_dags/example_dataset_alias_with_no_taskflow.py
[2025-06-13T21:34:40.237-0400] {processor.py:925} INFO - DAG(s) 'dataset_alias_example_alias_producer_with_no_taskflow', 'dataset_s3_bucket_consumer_with_no_taskflow', 'dataset_s3_bucket_producer_with_no_taskflow', 'dataset_alias_example_alias_consumer_with_no_taskflow' retrieved from /Users/pranavr/.pyenv/versions/3.11.6/lib/python3.11/site-packages/airflow/example_dags/example_dataset_alias_with_no_taskflow.py
[2025-06-13T21:34:40.253-0400] {logging_mixin.py:190} INFO - [2025-06-13T21:34:40.253-0400] {dag.py:3239} INFO - Sync 4 DAGs
[2025-06-13T21:34:40.260-0400] {logging_mixin.py:190} INFO - [2025-06-13T21:34:40.260-0400] {dag.py:4180} INFO - Setting next_dagrun for dataset_alias_example_alias_consumer_with_no_taskflow to None, run_after=None
[2025-06-13T21:34:40.261-0400] {logging_mixin.py:190} INFO - [2025-06-13T21:34:40.261-0400] {dag.py:4180} INFO - Setting next_dagrun for dataset_alias_example_alias_producer_with_no_taskflow to None, run_after=None
[2025-06-13T21:34:40.262-0400] {logging_mixin.py:190} INFO - [2025-06-13T21:34:40.262-0400] {dag.py:4180} INFO - Setting next_dagrun for dataset_s3_bucket_consumer_with_no_taskflow to None, run_after=None
[2025-06-13T21:34:40.262-0400] {logging_mixin.py:190} INFO - [2025-06-13T21:34:40.262-0400] {dag.py:4180} INFO - Setting next_dagrun for dataset_s3_bucket_producer_with_no_taskflow to None, run_after=None
[2025-06-13T21:34:40.271-0400] {processor.py:208} INFO - Processing /Users/pranavr/.pyenv/versions/3.11.6/lib/python3.11/site-packages/airflow/example_dags/example_dataset_alias_with_no_taskflow.py took 152.424 seconds
[2025-06-13T21:40:49.165-0400] {processor.py:186} INFO - Started process (PID=28620) to work on /Users/pranavr/.pyenv/versions/3.11.6/lib/python3.11/site-packages/airflow/example_dags/example_dataset_alias_with_no_taskflow.py
[2025-06-13T21:40:49.167-0400] {processor.py:914} INFO - Processing file /Users/pranavr/.pyenv/versions/3.11.6/lib/python3.11/site-packages/airflow/example_dags/example_dataset_alias_with_no_taskflow.py for tasks to queue
[2025-06-13T21:40:49.168-0400] {logging_mixin.py:190} INFO - [2025-06-13T21:40:49.168-0400] {dagbag.py:588} INFO - Filling up the DagBag from /Users/pranavr/.pyenv/versions/3.11.6/lib/python3.11/site-packages/airflow/example_dags/example_dataset_alias_with_no_taskflow.py
[2025-06-13T21:40:49.272-0400] {processor.py:925} INFO - DAG(s) 'dataset_s3_bucket_consumer_with_no_taskflow', 'dataset_alias_example_alias_consumer_with_no_taskflow', 'dataset_s3_bucket_producer_with_no_taskflow', 'dataset_alias_example_alias_producer_with_no_taskflow' retrieved from /Users/pranavr/.pyenv/versions/3.11.6/lib/python3.11/site-packages/airflow/example_dags/example_dataset_alias_with_no_taskflow.py
[2025-06-13T21:40:49.284-0400] {logging_mixin.py:190} INFO - [2025-06-13T21:40:49.284-0400] {dag.py:3239} INFO - Sync 4 DAGs
[2025-06-13T21:40:49.292-0400] {logging_mixin.py:190} INFO - [2025-06-13T21:40:49.292-0400] {dag.py:4180} INFO - Setting next_dagrun for dataset_alias_example_alias_consumer_with_no_taskflow to None, run_after=None
[2025-06-13T21:40:49.292-0400] {logging_mixin.py:190} INFO - [2025-06-13T21:40:49.292-0400] {dag.py:4180} INFO - Setting next_dagrun for dataset_alias_example_alias_producer_with_no_taskflow to None, run_after=None
[2025-06-13T21:40:49.293-0400] {logging_mixin.py:190} INFO - [2025-06-13T21:40:49.293-0400] {dag.py:4180} INFO - Setting next_dagrun for dataset_s3_bucket_consumer_with_no_taskflow to None, run_after=None
[2025-06-13T21:40:49.293-0400] {logging_mixin.py:190} INFO - [2025-06-13T21:40:49.293-0400] {dag.py:4180} INFO - Setting next_dagrun for dataset_s3_bucket_producer_with_no_taskflow to None, run_after=None
[2025-06-13T21:40:49.302-0400] {processor.py:208} INFO - Processing /Users/pranavr/.pyenv/versions/3.11.6/lib/python3.11/site-packages/airflow/example_dags/example_dataset_alias_with_no_taskflow.py took 138.061 seconds
