[2025-06-13T21:28:02.663-0400] {processor.py:186} INFO - Started process (PID=26582) to work on /Users/pranavr/.pyenv/versions/3.11.6/lib/python3.11/site-packages/airflow/example_dags/example_branch_python_dop_operator_3.py
[2025-06-13T21:28:02.665-0400] {processor.py:914} INFO - Processing file /Users/pranavr/.pyenv/versions/3.11.6/lib/python3.11/site-packages/airflow/example_dags/example_branch_python_dop_operator_3.py for tasks to queue
[2025-06-13T21:28:02.666-0400] {logging_mixin.py:190} INFO - [2025-06-13T21:28:02.666-0400] {dagbag.py:588} INFO - Filling up the DagBag from /Users/pranavr/.pyenv/versions/3.11.6/lib/python3.11/site-packages/airflow/example_dags/example_branch_python_dop_operator_3.py
[2025-06-13T21:28:02.695-0400] {processor.py:925} INFO - DAG(s) 'example_branch_dop_operator_v3' retrieved from /Users/pranavr/.pyenv/versions/3.11.6/lib/python3.11/site-packages/airflow/example_dags/example_branch_python_dop_operator_3.py
[2025-06-13T21:28:02.789-0400] {logging_mixin.py:190} INFO - [2025-06-13T21:28:02.788-0400] {dag.py:3239} INFO - Sync 1 DAGs
[2025-06-13T21:28:02.798-0400] {logging_mixin.py:190} INFO - [2025-06-13T21:28:02.798-0400] {dag.py:4180} INFO - Setting next_dagrun for example_branch_dop_operator_v3 to 2025-06-14T01:27:00+00:00, run_after=2025-06-14T01:28:00+00:00
[2025-06-13T21:28:02.807-0400] {processor.py:208} INFO - Processing /Users/pranavr/.pyenv/versions/3.11.6/lib/python3.11/site-packages/airflow/example_dags/example_branch_python_dop_operator_3.py took 146.833 seconds
[2025-06-13T21:31:12.555-0400] {processor.py:186} INFO - Started process (PID=27007) to work on /Users/pranavr/.pyenv/versions/3.11.6/lib/python3.11/site-packages/airflow/example_dags/example_branch_python_dop_operator_3.py
[2025-06-13T21:31:12.559-0400] {processor.py:914} INFO - Processing file /Users/pranavr/.pyenv/versions/3.11.6/lib/python3.11/site-packages/airflow/example_dags/example_branch_python_dop_operator_3.py for tasks to queue
[2025-06-13T21:31:12.562-0400] {logging_mixin.py:190} INFO - [2025-06-13T21:31:12.562-0400] {dagbag.py:588} INFO - Filling up the DagBag from /Users/pranavr/.pyenv/versions/3.11.6/lib/python3.11/site-packages/airflow/example_dags/example_branch_python_dop_operator_3.py
[2025-06-13T21:31:12.586-0400] {processor.py:925} INFO - DAG(s) 'example_branch_dop_operator_v3' retrieved from /Users/pranavr/.pyenv/versions/3.11.6/lib/python3.11/site-packages/airflow/example_dags/example_branch_python_dop_operator_3.py
[2025-06-13T21:31:12.686-0400] {logging_mixin.py:190} INFO - [2025-06-13T21:31:12.686-0400] {dag.py:3239} INFO - Sync 1 DAGs
[2025-06-13T21:31:12.697-0400] {logging_mixin.py:190} INFO - [2025-06-13T21:31:12.697-0400] {dag.py:4180} INFO - Setting next_dagrun for example_branch_dop_operator_v3 to 2025-06-14T01:30:00+00:00, run_after=2025-06-14T01:31:00+00:00
[2025-06-13T21:31:12.707-0400] {processor.py:208} INFO - Processing /Users/pranavr/.pyenv/versions/3.11.6/lib/python3.11/site-packages/airflow/example_dags/example_branch_python_dop_operator_3.py took 158.432 seconds
[2025-06-13T21:34:48.889-0400] {processor.py:186} INFO - Started process (PID=27365) to work on /Users/pranavr/.pyenv/versions/3.11.6/lib/python3.11/site-packages/airflow/example_dags/example_branch_python_dop_operator_3.py
[2025-06-13T21:34:48.891-0400] {processor.py:914} INFO - Processing file /Users/pranavr/.pyenv/versions/3.11.6/lib/python3.11/site-packages/airflow/example_dags/example_branch_python_dop_operator_3.py for tasks to queue
[2025-06-13T21:34:48.892-0400] {logging_mixin.py:190} INFO - [2025-06-13T21:34:48.892-0400] {dagbag.py:588} INFO - Filling up the DagBag from /Users/pranavr/.pyenv/versions/3.11.6/lib/python3.11/site-packages/airflow/example_dags/example_branch_python_dop_operator_3.py
[2025-06-13T21:34:48.914-0400] {processor.py:925} INFO - DAG(s) 'example_branch_dop_operator_v3' retrieved from /Users/pranavr/.pyenv/versions/3.11.6/lib/python3.11/site-packages/airflow/example_dags/example_branch_python_dop_operator_3.py
[2025-06-13T21:34:49.030-0400] {logging_mixin.py:190} INFO - [2025-06-13T21:34:49.030-0400] {dag.py:3239} INFO - Sync 1 DAGs
[2025-06-13T21:34:49.045-0400] {logging_mixin.py:190} INFO - [2025-06-13T21:34:49.045-0400] {dag.py:4180} INFO - Setting next_dagrun for example_branch_dop_operator_v3 to 2025-06-14T01:33:00+00:00, run_after=2025-06-14T01:34:00+00:00
[2025-06-13T21:34:49.055-0400] {processor.py:208} INFO - Processing /Users/pranavr/.pyenv/versions/3.11.6/lib/python3.11/site-packages/airflow/example_dags/example_branch_python_dop_operator_3.py took 168.179 seconds
[2025-06-13T21:40:57.376-0400] {processor.py:186} INFO - Started process (PID=28694) to work on /Users/pranavr/.pyenv/versions/3.11.6/lib/python3.11/site-packages/airflow/example_dags/example_branch_python_dop_operator_3.py
[2025-06-13T21:40:57.379-0400] {processor.py:914} INFO - Processing file /Users/pranavr/.pyenv/versions/3.11.6/lib/python3.11/site-packages/airflow/example_dags/example_branch_python_dop_operator_3.py for tasks to queue
[2025-06-13T21:40:57.379-0400] {logging_mixin.py:190} INFO - [2025-06-13T21:40:57.379-0400] {dagbag.py:588} INFO - Filling up the DagBag from /Users/pranavr/.pyenv/versions/3.11.6/lib/python3.11/site-packages/airflow/example_dags/example_branch_python_dop_operator_3.py
[2025-06-13T21:40:57.402-0400] {processor.py:925} INFO - DAG(s) 'example_branch_dop_operator_v3' retrieved from /Users/pranavr/.pyenv/versions/3.11.6/lib/python3.11/site-packages/airflow/example_dags/example_branch_python_dop_operator_3.py
[2025-06-13T21:40:57.478-0400] {logging_mixin.py:190} INFO - [2025-06-13T21:40:57.477-0400] {dag.py:3239} INFO - Sync 1 DAGs
[2025-06-13T21:40:57.489-0400] {logging_mixin.py:190} INFO - [2025-06-13T21:40:57.489-0400] {dag.py:4180} INFO - Setting next_dagrun for example_branch_dop_operator_v3 to 2025-06-14T01:39:00+00:00, run_after=2025-06-14T01:40:00+00:00
[2025-06-13T21:40:57.499-0400] {processor.py:208} INFO - Processing /Users/pranavr/.pyenv/versions/3.11.6/lib/python3.11/site-packages/airflow/example_dags/example_branch_python_dop_operator_3.py took 124.410 seconds
