[2025-06-13T21:27:47.493-0400] {processor.py:186} INFO - Started process (PID=26545) to work on /Users/pranavr/.pyenv/versions/3.11.6/lib/python3.11/site-packages/airflow/example_dags/example_dynamic_task_mapping.py
[2025-06-13T21:27:47.495-0400] {processor.py:914} INFO - Processing file /Users/pranavr/.pyenv/versions/3.11.6/lib/python3.11/site-packages/airflow/example_dags/example_dynamic_task_mapping.py for tasks to queue
[2025-06-13T21:27:47.495-0400] {logging_mixin.py:190} INFO - [2025-06-13T21:27:47.495-0400] {dagbag.py:588} INFO - Filling up the DagBag from /Users/pranavr/.pyenv/versions/3.11.6/lib/python3.11/site-packages/airflow/example_dags/example_dynamic_task_mapping.py
[2025-06-13T21:27:47.515-0400] {processor.py:925} INFO - DAG(s) 'example_dynamic_task_mapping' retrieved from /Users/pranavr/.pyenv/versions/3.11.6/lib/python3.11/site-packages/airflow/example_dags/example_dynamic_task_mapping.py
[2025-06-13T21:27:47.590-0400] {logging_mixin.py:190} INFO - [2025-06-13T21:27:47.590-0400] {dag.py:3239} INFO - Sync 1 DAGs
[2025-06-13T21:27:47.595-0400] {logging_mixin.py:190} INFO - [2025-06-13T21:27:47.595-0400] {dag.py:4180} INFO - Setting next_dagrun for example_dynamic_task_mapping to None, run_after=None
[2025-06-13T21:27:47.604-0400] {processor.py:208} INFO - Processing /Users/pranavr/.pyenv/versions/3.11.6/lib/python3.11/site-packages/airflow/example_dags/example_dynamic_task_mapping.py took 112.434 seconds
[2025-06-13T21:30:58.729-0400] {processor.py:186} INFO - Started process (PID=26980) to work on /Users/pranavr/.pyenv/versions/3.11.6/lib/python3.11/site-packages/airflow/example_dags/example_dynamic_task_mapping.py
[2025-06-13T21:30:58.733-0400] {processor.py:914} INFO - Processing file /Users/pranavr/.pyenv/versions/3.11.6/lib/python3.11/site-packages/airflow/example_dags/example_dynamic_task_mapping.py for tasks to queue
[2025-06-13T21:30:58.735-0400] {logging_mixin.py:190} INFO - [2025-06-13T21:30:58.735-0400] {dagbag.py:588} INFO - Filling up the DagBag from /Users/pranavr/.pyenv/versions/3.11.6/lib/python3.11/site-packages/airflow/example_dags/example_dynamic_task_mapping.py
[2025-06-13T21:30:58.752-0400] {processor.py:925} INFO - DAG(s) 'example_dynamic_task_mapping' retrieved from /Users/pranavr/.pyenv/versions/3.11.6/lib/python3.11/site-packages/airflow/example_dags/example_dynamic_task_mapping.py
[2025-06-13T21:30:58.830-0400] {logging_mixin.py:190} INFO - [2025-06-13T21:30:58.830-0400] {dag.py:3239} INFO - Sync 1 DAGs
[2025-06-13T21:30:58.835-0400] {logging_mixin.py:190} INFO - [2025-06-13T21:30:58.835-0400] {dag.py:4180} INFO - Setting next_dagrun for example_dynamic_task_mapping to None, run_after=None
[2025-06-13T21:30:58.843-0400] {processor.py:208} INFO - Processing /Users/pranavr/.pyenv/versions/3.11.6/lib/python3.11/site-packages/airflow/example_dags/example_dynamic_task_mapping.py took 116.935 seconds
[2025-06-13T21:34:33.916-0400] {processor.py:186} INFO - Started process (PID=27348) to work on /Users/pranavr/.pyenv/versions/3.11.6/lib/python3.11/site-packages/airflow/example_dags/example_dynamic_task_mapping.py
[2025-06-13T21:34:33.921-0400] {processor.py:914} INFO - Processing file /Users/pranavr/.pyenv/versions/3.11.6/lib/python3.11/site-packages/airflow/example_dags/example_dynamic_task_mapping.py for tasks to queue
[2025-06-13T21:34:33.921-0400] {logging_mixin.py:190} INFO - [2025-06-13T21:34:33.921-0400] {dagbag.py:588} INFO - Filling up the DagBag from /Users/pranavr/.pyenv/versions/3.11.6/lib/python3.11/site-packages/airflow/example_dags/example_dynamic_task_mapping.py
[2025-06-13T21:34:33.938-0400] {processor.py:925} INFO - DAG(s) 'example_dynamic_task_mapping' retrieved from /Users/pranavr/.pyenv/versions/3.11.6/lib/python3.11/site-packages/airflow/example_dags/example_dynamic_task_mapping.py
[2025-06-13T21:34:34.028-0400] {logging_mixin.py:190} INFO - [2025-06-13T21:34:34.028-0400] {dag.py:3239} INFO - Sync 1 DAGs
[2025-06-13T21:34:34.038-0400] {logging_mixin.py:190} INFO - [2025-06-13T21:34:34.038-0400] {dag.py:4180} INFO - Setting next_dagrun for example_dynamic_task_mapping to None, run_after=None
[2025-06-13T21:34:34.048-0400] {processor.py:208} INFO - Processing /Users/pranavr/.pyenv/versions/3.11.6/lib/python3.11/site-packages/airflow/example_dags/example_dynamic_task_mapping.py took 135.995 seconds
[2025-06-13T21:40:43.021-0400] {processor.py:186} INFO - Started process (PID=28606) to work on /Users/pranavr/.pyenv/versions/3.11.6/lib/python3.11/site-packages/airflow/example_dags/example_dynamic_task_mapping.py
[2025-06-13T21:40:43.024-0400] {processor.py:914} INFO - Processing file /Users/pranavr/.pyenv/versions/3.11.6/lib/python3.11/site-packages/airflow/example_dags/example_dynamic_task_mapping.py for tasks to queue
[2025-06-13T21:40:43.024-0400] {logging_mixin.py:190} INFO - [2025-06-13T21:40:43.024-0400] {dagbag.py:588} INFO - Filling up the DagBag from /Users/pranavr/.pyenv/versions/3.11.6/lib/python3.11/site-packages/airflow/example_dags/example_dynamic_task_mapping.py
[2025-06-13T21:40:43.043-0400] {processor.py:925} INFO - DAG(s) 'example_dynamic_task_mapping' retrieved from /Users/pranavr/.pyenv/versions/3.11.6/lib/python3.11/site-packages/airflow/example_dags/example_dynamic_task_mapping.py
[2025-06-13T21:40:43.127-0400] {logging_mixin.py:190} INFO - [2025-06-13T21:40:43.127-0400] {dag.py:3239} INFO - Sync 1 DAGs
[2025-06-13T21:40:43.133-0400] {logging_mixin.py:190} INFO - [2025-06-13T21:40:43.133-0400] {dag.py:4180} INFO - Setting next_dagrun for example_dynamic_task_mapping to None, run_after=None
[2025-06-13T21:40:43.140-0400] {processor.py:208} INFO - Processing /Users/pranavr/.pyenv/versions/3.11.6/lib/python3.11/site-packages/airflow/example_dags/example_dynamic_task_mapping.py took 120.586 seconds
