[2025-06-13T20:07:32.416-0400] {processor.py:186} INFO - Started process (PID=24356) to work on /Users/pranavr/.pyenv/versions/3.11.6/lib/python3.11/site-packages/airflow/example_dags/example_task_group.py
[2025-06-13T20:07:32.418-0400] {processor.py:914} INFO - Processing file /Users/pranavr/.pyenv/versions/3.11.6/lib/python3.11/site-packages/airflow/example_dags/example_task_group.py for tasks to queue
[2025-06-13T20:07:32.418-0400] {logging_mixin.py:190} INFO - [2025-06-13T20:07:32.418-0400] {dagbag.py:588} INFO - Filling up the DagBag from /Users/pranavr/.pyenv/versions/3.11.6/lib/python3.11/site-packages/airflow/example_dags/example_task_group.py
[2025-06-13T20:07:32.424-0400] {processor.py:925} INFO - DAG(s) 'example_task_group' retrieved from /Users/pranavr/.pyenv/versions/3.11.6/lib/python3.11/site-packages/airflow/example_dags/example_task_group.py
[2025-06-13T20:07:32.504-0400] {logging_mixin.py:190} INFO - [2025-06-13T20:07:32.504-0400] {dag.py:3239} INFO - Sync 1 DAGs
[2025-06-13T20:07:32.510-0400] {logging_mixin.py:190} INFO - [2025-06-13T20:07:32.510-0400] {dag.py:4180} INFO - Setting next_dagrun for example_task_group to None, run_after=None
[2025-06-13T20:07:32.518-0400] {processor.py:208} INFO - Processing /Users/pranavr/.pyenv/versions/3.11.6/lib/python3.11/site-packages/airflow/example_dags/example_task_group.py took 103.511 seconds
[2025-06-13T21:26:18.473-0400] {processor.py:186} INFO - Started process (PID=26369) to work on /Users/pranavr/.pyenv/versions/3.11.6/lib/python3.11/site-packages/airflow/example_dags/example_task_group.py
[2025-06-13T21:26:18.475-0400] {processor.py:914} INFO - Processing file /Users/pranavr/.pyenv/versions/3.11.6/lib/python3.11/site-packages/airflow/example_dags/example_task_group.py for tasks to queue
[2025-06-13T21:26:18.476-0400] {logging_mixin.py:190} INFO - [2025-06-13T21:26:18.476-0400] {dagbag.py:588} INFO - Filling up the DagBag from /Users/pranavr/.pyenv/versions/3.11.6/lib/python3.11/site-packages/airflow/example_dags/example_task_group.py
[2025-06-13T21:26:18.482-0400] {processor.py:925} INFO - DAG(s) 'example_task_group' retrieved from /Users/pranavr/.pyenv/versions/3.11.6/lib/python3.11/site-packages/airflow/example_dags/example_task_group.py
[2025-06-13T21:26:18.560-0400] {logging_mixin.py:190} INFO - [2025-06-13T21:26:18.560-0400] {dag.py:3239} INFO - Sync 1 DAGs
[2025-06-13T21:26:18.565-0400] {logging_mixin.py:190} INFO - [2025-06-13T21:26:18.565-0400] {dag.py:4180} INFO - Setting next_dagrun for example_task_group to None, run_after=None
[2025-06-13T21:26:18.574-0400] {processor.py:208} INFO - Processing /Users/pranavr/.pyenv/versions/3.11.6/lib/python3.11/site-packages/airflow/example_dags/example_task_group.py took 102.525 seconds
[2025-06-13T21:29:02.094-0400] {processor.py:186} INFO - Started process (PID=26771) to work on /Users/pranavr/.pyenv/versions/3.11.6/lib/python3.11/site-packages/airflow/example_dags/example_task_group.py
[2025-06-13T21:29:02.097-0400] {processor.py:914} INFO - Processing file /Users/pranavr/.pyenv/versions/3.11.6/lib/python3.11/site-packages/airflow/example_dags/example_task_group.py for tasks to queue
[2025-06-13T21:29:02.099-0400] {logging_mixin.py:190} INFO - [2025-06-13T21:29:02.099-0400] {dagbag.py:588} INFO - Filling up the DagBag from /Users/pranavr/.pyenv/versions/3.11.6/lib/python3.11/site-packages/airflow/example_dags/example_task_group.py
[2025-06-13T21:29:02.106-0400] {processor.py:925} INFO - DAG(s) 'example_task_group' retrieved from /Users/pranavr/.pyenv/versions/3.11.6/lib/python3.11/site-packages/airflow/example_dags/example_task_group.py
[2025-06-13T21:29:02.217-0400] {logging_mixin.py:190} INFO - [2025-06-13T21:29:02.217-0400] {dag.py:3239} INFO - Sync 1 DAGs
[2025-06-13T21:29:02.225-0400] {logging_mixin.py:190} INFO - [2025-06-13T21:29:02.224-0400] {dag.py:4180} INFO - Setting next_dagrun for example_task_group to None, run_after=None
[2025-06-13T21:29:02.236-0400] {processor.py:208} INFO - Processing /Users/pranavr/.pyenv/versions/3.11.6/lib/python3.11/site-packages/airflow/example_dags/example_task_group.py took 144.490 seconds
[2025-06-13T21:30:36.303-0400] {processor.py:186} INFO - Started process (PID=26937) to work on /Users/pranavr/.pyenv/versions/3.11.6/lib/python3.11/site-packages/airflow/example_dags/example_task_group.py
[2025-06-13T21:30:36.305-0400] {processor.py:914} INFO - Processing file /Users/pranavr/.pyenv/versions/3.11.6/lib/python3.11/site-packages/airflow/example_dags/example_task_group.py for tasks to queue
[2025-06-13T21:30:36.305-0400] {logging_mixin.py:190} INFO - [2025-06-13T21:30:36.305-0400] {dagbag.py:588} INFO - Filling up the DagBag from /Users/pranavr/.pyenv/versions/3.11.6/lib/python3.11/site-packages/airflow/example_dags/example_task_group.py
[2025-06-13T21:30:36.310-0400] {processor.py:925} INFO - DAG(s) 'example_task_group' retrieved from /Users/pranavr/.pyenv/versions/3.11.6/lib/python3.11/site-packages/airflow/example_dags/example_task_group.py
[2025-06-13T21:30:36.396-0400] {logging_mixin.py:190} INFO - [2025-06-13T21:30:36.396-0400] {dag.py:3239} INFO - Sync 1 DAGs
[2025-06-13T21:30:36.404-0400] {logging_mixin.py:190} INFO - [2025-06-13T21:30:36.404-0400] {dag.py:4180} INFO - Setting next_dagrun for example_task_group to None, run_after=None
[2025-06-13T21:30:36.412-0400] {processor.py:208} INFO - Processing /Users/pranavr/.pyenv/versions/3.11.6/lib/python3.11/site-packages/airflow/example_dags/example_task_group.py took 110.612 seconds
[2025-06-13T21:32:14.603-0400] {processor.py:186} INFO - Started process (PID=27148) to work on /Users/pranavr/.pyenv/versions/3.11.6/lib/python3.11/site-packages/airflow/example_dags/example_task_group.py
[2025-06-13T21:32:14.607-0400] {processor.py:914} INFO - Processing file /Users/pranavr/.pyenv/versions/3.11.6/lib/python3.11/site-packages/airflow/example_dags/example_task_group.py for tasks to queue
[2025-06-13T21:32:14.608-0400] {logging_mixin.py:190} INFO - [2025-06-13T21:32:14.608-0400] {dagbag.py:588} INFO - Filling up the DagBag from /Users/pranavr/.pyenv/versions/3.11.6/lib/python3.11/site-packages/airflow/example_dags/example_task_group.py
[2025-06-13T21:32:14.619-0400] {processor.py:925} INFO - DAG(s) 'example_task_group' retrieved from /Users/pranavr/.pyenv/versions/3.11.6/lib/python3.11/site-packages/airflow/example_dags/example_task_group.py
[2025-06-13T21:32:14.710-0400] {logging_mixin.py:190} INFO - [2025-06-13T21:32:14.710-0400] {dag.py:3239} INFO - Sync 1 DAGs
[2025-06-13T21:32:14.715-0400] {logging_mixin.py:190} INFO - [2025-06-13T21:32:14.715-0400] {dag.py:4180} INFO - Setting next_dagrun for example_task_group to None, run_after=None
[2025-06-13T21:32:14.725-0400] {processor.py:208} INFO - Processing /Users/pranavr/.pyenv/versions/3.11.6/lib/python3.11/site-packages/airflow/example_dags/example_task_group.py took 122.853 seconds
[2025-06-13T21:34:04.129-0400] {processor.py:186} INFO - Started process (PID=27317) to work on /Users/pranavr/.pyenv/versions/3.11.6/lib/python3.11/site-packages/airflow/example_dags/example_task_group.py
[2025-06-13T21:34:04.133-0400] {processor.py:914} INFO - Processing file /Users/pranavr/.pyenv/versions/3.11.6/lib/python3.11/site-packages/airflow/example_dags/example_task_group.py for tasks to queue
[2025-06-13T21:34:04.135-0400] {logging_mixin.py:190} INFO - [2025-06-13T21:34:04.134-0400] {dagbag.py:588} INFO - Filling up the DagBag from /Users/pranavr/.pyenv/versions/3.11.6/lib/python3.11/site-packages/airflow/example_dags/example_task_group.py
[2025-06-13T21:34:04.142-0400] {processor.py:925} INFO - DAG(s) 'example_task_group' retrieved from /Users/pranavr/.pyenv/versions/3.11.6/lib/python3.11/site-packages/airflow/example_dags/example_task_group.py
[2025-06-13T21:34:04.278-0400] {logging_mixin.py:190} INFO - [2025-06-13T21:34:04.278-0400] {dag.py:3239} INFO - Sync 1 DAGs
[2025-06-13T21:34:04.283-0400] {logging_mixin.py:190} INFO - [2025-06-13T21:34:04.283-0400] {dag.py:4180} INFO - Setting next_dagrun for example_task_group to None, run_after=None
[2025-06-13T21:34:04.302-0400] {processor.py:208} INFO - Processing /Users/pranavr/.pyenv/versions/3.11.6/lib/python3.11/site-packages/airflow/example_dags/example_task_group.py took 175.946 seconds
[2025-06-13T21:35:48.419-0400] {processor.py:186} INFO - Started process (PID=27456) to work on /Users/pranavr/.pyenv/versions/3.11.6/lib/python3.11/site-packages/airflow/example_dags/example_task_group.py
[2025-06-13T21:35:48.421-0400] {processor.py:914} INFO - Processing file /Users/pranavr/.pyenv/versions/3.11.6/lib/python3.11/site-packages/airflow/example_dags/example_task_group.py for tasks to queue
[2025-06-13T21:35:48.422-0400] {logging_mixin.py:190} INFO - [2025-06-13T21:35:48.422-0400] {dagbag.py:588} INFO - Filling up the DagBag from /Users/pranavr/.pyenv/versions/3.11.6/lib/python3.11/site-packages/airflow/example_dags/example_task_group.py
[2025-06-13T21:35:48.427-0400] {processor.py:925} INFO - DAG(s) 'example_task_group' retrieved from /Users/pranavr/.pyenv/versions/3.11.6/lib/python3.11/site-packages/airflow/example_dags/example_task_group.py
[2025-06-13T21:35:48.515-0400] {logging_mixin.py:190} INFO - [2025-06-13T21:35:48.515-0400] {dag.py:3239} INFO - Sync 1 DAGs
[2025-06-13T21:35:48.520-0400] {logging_mixin.py:190} INFO - [2025-06-13T21:35:48.520-0400] {dag.py:4180} INFO - Setting next_dagrun for example_task_group to None, run_after=None
[2025-06-13T21:35:48.528-0400] {processor.py:208} INFO - Processing /Users/pranavr/.pyenv/versions/3.11.6/lib/python3.11/site-packages/airflow/example_dags/example_task_group.py took 112.340 seconds
[2025-06-13T21:39:54.503-0400] {processor.py:186} INFO - Started process (PID=28293) to work on /Users/pranavr/.pyenv/versions/3.11.6/lib/python3.11/site-packages/airflow/example_dags/example_task_group.py
[2025-06-13T21:39:54.505-0400] {processor.py:914} INFO - Processing file /Users/pranavr/.pyenv/versions/3.11.6/lib/python3.11/site-packages/airflow/example_dags/example_task_group.py for tasks to queue
[2025-06-13T21:39:54.506-0400] {logging_mixin.py:190} INFO - [2025-06-13T21:39:54.506-0400] {dagbag.py:588} INFO - Filling up the DagBag from /Users/pranavr/.pyenv/versions/3.11.6/lib/python3.11/site-packages/airflow/example_dags/example_task_group.py
[2025-06-13T21:39:54.511-0400] {processor.py:925} INFO - DAG(s) 'example_task_group' retrieved from /Users/pranavr/.pyenv/versions/3.11.6/lib/python3.11/site-packages/airflow/example_dags/example_task_group.py
[2025-06-13T21:39:54.591-0400] {logging_mixin.py:190} INFO - [2025-06-13T21:39:54.591-0400] {dag.py:3239} INFO - Sync 1 DAGs
[2025-06-13T21:39:54.596-0400] {logging_mixin.py:190} INFO - [2025-06-13T21:39:54.596-0400] {dag.py:4180} INFO - Setting next_dagrun for example_task_group to None, run_after=None
[2025-06-13T21:39:54.606-0400] {processor.py:208} INFO - Processing /Users/pranavr/.pyenv/versions/3.11.6/lib/python3.11/site-packages/airflow/example_dags/example_task_group.py took 103.657 seconds
[2025-06-13T21:41:55.033-0400] {processor.py:186} INFO - Started process (PID=28803) to work on /Users/pranavr/.pyenv/versions/3.11.6/lib/python3.11/site-packages/airflow/example_dags/example_task_group.py
[2025-06-13T21:41:55.036-0400] {processor.py:914} INFO - Processing file /Users/pranavr/.pyenv/versions/3.11.6/lib/python3.11/site-packages/airflow/example_dags/example_task_group.py for tasks to queue
[2025-06-13T21:41:55.036-0400] {logging_mixin.py:190} INFO - [2025-06-13T21:41:55.036-0400] {dagbag.py:588} INFO - Filling up the DagBag from /Users/pranavr/.pyenv/versions/3.11.6/lib/python3.11/site-packages/airflow/example_dags/example_task_group.py
[2025-06-13T21:41:55.041-0400] {processor.py:925} INFO - DAG(s) 'example_task_group' retrieved from /Users/pranavr/.pyenv/versions/3.11.6/lib/python3.11/site-packages/airflow/example_dags/example_task_group.py
[2025-06-13T21:41:55.146-0400] {logging_mixin.py:190} INFO - [2025-06-13T21:41:55.146-0400] {dag.py:3239} INFO - Sync 1 DAGs
[2025-06-13T21:41:55.150-0400] {logging_mixin.py:190} INFO - [2025-06-13T21:41:55.150-0400] {dag.py:4180} INFO - Setting next_dagrun for example_task_group to None, run_after=None
[2025-06-13T21:41:55.159-0400] {processor.py:208} INFO - Processing /Users/pranavr/.pyenv/versions/3.11.6/lib/python3.11/site-packages/airflow/example_dags/example_task_group.py took 127.106 seconds
[2025-06-13T21:43:26.956-0400] {processor.py:186} INFO - Started process (PID=29145) to work on /Users/pranavr/.pyenv/versions/3.11.6/lib/python3.11/site-packages/airflow/example_dags/example_task_group.py
[2025-06-13T21:43:26.958-0400] {processor.py:914} INFO - Processing file /Users/pranavr/.pyenv/versions/3.11.6/lib/python3.11/site-packages/airflow/example_dags/example_task_group.py for tasks to queue
[2025-06-13T21:43:26.959-0400] {logging_mixin.py:190} INFO - [2025-06-13T21:43:26.959-0400] {dagbag.py:588} INFO - Filling up the DagBag from /Users/pranavr/.pyenv/versions/3.11.6/lib/python3.11/site-packages/airflow/example_dags/example_task_group.py
[2025-06-13T21:43:26.964-0400] {processor.py:925} INFO - DAG(s) 'example_task_group' retrieved from /Users/pranavr/.pyenv/versions/3.11.6/lib/python3.11/site-packages/airflow/example_dags/example_task_group.py
[2025-06-13T21:43:27.061-0400] {logging_mixin.py:190} INFO - [2025-06-13T21:43:27.060-0400] {dag.py:3239} INFO - Sync 1 DAGs
[2025-06-13T21:43:27.065-0400] {logging_mixin.py:190} INFO - [2025-06-13T21:43:27.065-0400] {dag.py:4180} INFO - Setting next_dagrun for example_task_group to None, run_after=None
[2025-06-13T21:43:27.073-0400] {processor.py:208} INFO - Processing /Users/pranavr/.pyenv/versions/3.11.6/lib/python3.11/site-packages/airflow/example_dags/example_task_group.py took 118.285 seconds
