[2025-06-13T21:26:10.207-0400] {processor.py:186} INFO - Started process (PID=26355) to work on /Users/pranavr/.pyenv/versions/3.11.6/lib/python3.11/site-packages/airflow/example_dags/example_trigger_target_dag.py
[2025-06-13T21:26:10.209-0400] {processor.py:914} INFO - Processing file /Users/pranavr/.pyenv/versions/3.11.6/lib/python3.11/site-packages/airflow/example_dags/example_trigger_target_dag.py for tasks to queue
[2025-06-13T21:26:10.209-0400] {logging_mixin.py:190} INFO - [2025-06-13T21:26:10.209-0400] {dagbag.py:588} INFO - Filling up the DagBag from /Users/pranavr/.pyenv/versions/3.11.6/lib/python3.11/site-packages/airflow/example_dags/example_trigger_target_dag.py
[2025-06-13T21:26:10.228-0400] {processor.py:925} INFO - DAG(s) 'example_trigger_target_dag' retrieved from /Users/pranavr/.pyenv/versions/3.11.6/lib/python3.11/site-packages/airflow/example_dags/example_trigger_target_dag.py
[2025-06-13T21:26:10.311-0400] {logging_mixin.py:190} INFO - [2025-06-13T21:26:10.311-0400] {dag.py:3239} INFO - Sync 1 DAGs
[2025-06-13T21:26:10.317-0400] {logging_mixin.py:190} INFO - [2025-06-13T21:26:10.317-0400] {dag.py:4180} INFO - Setting next_dagrun for example_trigger_target_dag to None, run_after=None
[2025-06-13T21:26:10.325-0400] {processor.py:208} INFO - Processing /Users/pranavr/.pyenv/versions/3.11.6/lib/python3.11/site-packages/airflow/example_dags/example_trigger_target_dag.py took 118.741 seconds
[2025-06-13T21:28:52.865-0400] {processor.py:186} INFO - Started process (PID=26747) to work on /Users/pranavr/.pyenv/versions/3.11.6/lib/python3.11/site-packages/airflow/example_dags/example_trigger_target_dag.py
[2025-06-13T21:28:52.868-0400] {processor.py:914} INFO - Processing file /Users/pranavr/.pyenv/versions/3.11.6/lib/python3.11/site-packages/airflow/example_dags/example_trigger_target_dag.py for tasks to queue
[2025-06-13T21:28:52.868-0400] {logging_mixin.py:190} INFO - [2025-06-13T21:28:52.868-0400] {dagbag.py:588} INFO - Filling up the DagBag from /Users/pranavr/.pyenv/versions/3.11.6/lib/python3.11/site-packages/airflow/example_dags/example_trigger_target_dag.py
[2025-06-13T21:28:52.886-0400] {processor.py:925} INFO - DAG(s) 'example_trigger_target_dag' retrieved from /Users/pranavr/.pyenv/versions/3.11.6/lib/python3.11/site-packages/airflow/example_dags/example_trigger_target_dag.py
[2025-06-13T21:28:52.973-0400] {logging_mixin.py:190} INFO - [2025-06-13T21:28:52.973-0400] {dag.py:3239} INFO - Sync 1 DAGs
[2025-06-13T21:28:52.978-0400] {logging_mixin.py:190} INFO - [2025-06-13T21:28:52.978-0400] {dag.py:4180} INFO - Setting next_dagrun for example_trigger_target_dag to None, run_after=None
[2025-06-13T21:28:52.987-0400] {processor.py:208} INFO - Processing /Users/pranavr/.pyenv/versions/3.11.6/lib/python3.11/site-packages/airflow/example_dags/example_trigger_target_dag.py took 123.266 seconds
[2025-06-13T21:30:27.530-0400] {processor.py:186} INFO - Started process (PID=26920) to work on /Users/pranavr/.pyenv/versions/3.11.6/lib/python3.11/site-packages/airflow/example_dags/example_trigger_target_dag.py
[2025-06-13T21:30:27.533-0400] {processor.py:914} INFO - Processing file /Users/pranavr/.pyenv/versions/3.11.6/lib/python3.11/site-packages/airflow/example_dags/example_trigger_target_dag.py for tasks to queue
[2025-06-13T21:30:27.534-0400] {logging_mixin.py:190} INFO - [2025-06-13T21:30:27.534-0400] {dagbag.py:588} INFO - Filling up the DagBag from /Users/pranavr/.pyenv/versions/3.11.6/lib/python3.11/site-packages/airflow/example_dags/example_trigger_target_dag.py
[2025-06-13T21:30:27.556-0400] {processor.py:925} INFO - DAG(s) 'example_trigger_target_dag' retrieved from /Users/pranavr/.pyenv/versions/3.11.6/lib/python3.11/site-packages/airflow/example_dags/example_trigger_target_dag.py
[2025-06-13T21:30:27.635-0400] {logging_mixin.py:190} INFO - [2025-06-13T21:30:27.635-0400] {dag.py:3239} INFO - Sync 1 DAGs
[2025-06-13T21:30:27.641-0400] {logging_mixin.py:190} INFO - [2025-06-13T21:30:27.641-0400] {dag.py:4180} INFO - Setting next_dagrun for example_trigger_target_dag to None, run_after=None
[2025-06-13T21:30:27.650-0400] {processor.py:208} INFO - Processing /Users/pranavr/.pyenv/versions/3.11.6/lib/python3.11/site-packages/airflow/example_dags/example_trigger_target_dag.py took 124.572 seconds
[2025-06-13T21:32:05.522-0400] {processor.py:186} INFO - Started process (PID=27125) to work on /Users/pranavr/.pyenv/versions/3.11.6/lib/python3.11/site-packages/airflow/example_dags/example_trigger_target_dag.py
[2025-06-13T21:32:05.524-0400] {processor.py:914} INFO - Processing file /Users/pranavr/.pyenv/versions/3.11.6/lib/python3.11/site-packages/airflow/example_dags/example_trigger_target_dag.py for tasks to queue
[2025-06-13T21:32:05.524-0400] {logging_mixin.py:190} INFO - [2025-06-13T21:32:05.524-0400] {dagbag.py:588} INFO - Filling up the DagBag from /Users/pranavr/.pyenv/versions/3.11.6/lib/python3.11/site-packages/airflow/example_dags/example_trigger_target_dag.py
[2025-06-13T21:32:05.552-0400] {processor.py:925} INFO - DAG(s) 'example_trigger_target_dag' retrieved from /Users/pranavr/.pyenv/versions/3.11.6/lib/python3.11/site-packages/airflow/example_dags/example_trigger_target_dag.py
[2025-06-13T21:32:05.630-0400] {logging_mixin.py:190} INFO - [2025-06-13T21:32:05.630-0400] {dag.py:3239} INFO - Sync 1 DAGs
[2025-06-13T21:32:05.635-0400] {logging_mixin.py:190} INFO - [2025-06-13T21:32:05.635-0400] {dag.py:4180} INFO - Setting next_dagrun for example_trigger_target_dag to None, run_after=None
[2025-06-13T21:32:05.645-0400] {processor.py:208} INFO - Processing /Users/pranavr/.pyenv/versions/3.11.6/lib/python3.11/site-packages/airflow/example_dags/example_trigger_target_dag.py took 124.832 seconds
[2025-06-13T21:33:53.442-0400] {processor.py:186} INFO - Started process (PID=27288) to work on /Users/pranavr/.pyenv/versions/3.11.6/lib/python3.11/site-packages/airflow/example_dags/example_trigger_target_dag.py
[2025-06-13T21:33:53.448-0400] {processor.py:914} INFO - Processing file /Users/pranavr/.pyenv/versions/3.11.6/lib/python3.11/site-packages/airflow/example_dags/example_trigger_target_dag.py for tasks to queue
[2025-06-13T21:33:53.450-0400] {logging_mixin.py:190} INFO - [2025-06-13T21:33:53.450-0400] {dagbag.py:588} INFO - Filling up the DagBag from /Users/pranavr/.pyenv/versions/3.11.6/lib/python3.11/site-packages/airflow/example_dags/example_trigger_target_dag.py
[2025-06-13T21:33:53.472-0400] {processor.py:925} INFO - DAG(s) 'example_trigger_target_dag' retrieved from /Users/pranavr/.pyenv/versions/3.11.6/lib/python3.11/site-packages/airflow/example_dags/example_trigger_target_dag.py
[2025-06-13T21:33:53.594-0400] {logging_mixin.py:190} INFO - [2025-06-13T21:33:53.594-0400] {dag.py:3239} INFO - Sync 1 DAGs
[2025-06-13T21:33:53.600-0400] {logging_mixin.py:190} INFO - [2025-06-13T21:33:53.600-0400] {dag.py:4180} INFO - Setting next_dagrun for example_trigger_target_dag to None, run_after=None
[2025-06-13T21:33:53.611-0400] {processor.py:208} INFO - Processing /Users/pranavr/.pyenv/versions/3.11.6/lib/python3.11/site-packages/airflow/example_dags/example_trigger_target_dag.py took 175.932 seconds
[2025-06-13T21:35:40.824-0400] {processor.py:186} INFO - Started process (PID=27444) to work on /Users/pranavr/.pyenv/versions/3.11.6/lib/python3.11/site-packages/airflow/example_dags/example_trigger_target_dag.py
[2025-06-13T21:35:40.827-0400] {processor.py:914} INFO - Processing file /Users/pranavr/.pyenv/versions/3.11.6/lib/python3.11/site-packages/airflow/example_dags/example_trigger_target_dag.py for tasks to queue
[2025-06-13T21:35:40.837-0400] {logging_mixin.py:190} INFO - [2025-06-13T21:35:40.834-0400] {dagbag.py:588} INFO - Filling up the DagBag from /Users/pranavr/.pyenv/versions/3.11.6/lib/python3.11/site-packages/airflow/example_dags/example_trigger_target_dag.py
[2025-06-13T21:35:40.856-0400] {processor.py:925} INFO - DAG(s) 'example_trigger_target_dag' retrieved from /Users/pranavr/.pyenv/versions/3.11.6/lib/python3.11/site-packages/airflow/example_dags/example_trigger_target_dag.py
[2025-06-13T21:35:40.936-0400] {logging_mixin.py:190} INFO - [2025-06-13T21:35:40.936-0400] {dag.py:3239} INFO - Sync 1 DAGs
[2025-06-13T21:35:40.941-0400] {logging_mixin.py:190} INFO - [2025-06-13T21:35:40.941-0400] {dag.py:4180} INFO - Setting next_dagrun for example_trigger_target_dag to None, run_after=None
[2025-06-13T21:35:40.951-0400] {processor.py:208} INFO - Processing /Users/pranavr/.pyenv/versions/3.11.6/lib/python3.11/site-packages/airflow/example_dags/example_trigger_target_dag.py took 127.872 seconds
[2025-06-13T21:39:46.573-0400] {processor.py:186} INFO - Started process (PID=28280) to work on /Users/pranavr/.pyenv/versions/3.11.6/lib/python3.11/site-packages/airflow/example_dags/example_trigger_target_dag.py
[2025-06-13T21:39:46.575-0400] {processor.py:914} INFO - Processing file /Users/pranavr/.pyenv/versions/3.11.6/lib/python3.11/site-packages/airflow/example_dags/example_trigger_target_dag.py for tasks to queue
[2025-06-13T21:39:46.576-0400] {logging_mixin.py:190} INFO - [2025-06-13T21:39:46.576-0400] {dagbag.py:588} INFO - Filling up the DagBag from /Users/pranavr/.pyenv/versions/3.11.6/lib/python3.11/site-packages/airflow/example_dags/example_trigger_target_dag.py
[2025-06-13T21:39:46.593-0400] {processor.py:925} INFO - DAG(s) 'example_trigger_target_dag' retrieved from /Users/pranavr/.pyenv/versions/3.11.6/lib/python3.11/site-packages/airflow/example_dags/example_trigger_target_dag.py
[2025-06-13T21:39:46.688-0400] {logging_mixin.py:190} INFO - [2025-06-13T21:39:46.688-0400] {dag.py:3239} INFO - Sync 1 DAGs
[2025-06-13T21:39:46.693-0400] {logging_mixin.py:190} INFO - [2025-06-13T21:39:46.692-0400] {dag.py:4180} INFO - Setting next_dagrun for example_trigger_target_dag to None, run_after=None
[2025-06-13T21:39:46.701-0400] {processor.py:208} INFO - Processing /Users/pranavr/.pyenv/versions/3.11.6/lib/python3.11/site-packages/airflow/example_dags/example_trigger_target_dag.py took 129.733 seconds
[2025-06-13T21:41:46.203-0400] {processor.py:186} INFO - Started process (PID=28790) to work on /Users/pranavr/.pyenv/versions/3.11.6/lib/python3.11/site-packages/airflow/example_dags/example_trigger_target_dag.py
[2025-06-13T21:41:46.205-0400] {processor.py:914} INFO - Processing file /Users/pranavr/.pyenv/versions/3.11.6/lib/python3.11/site-packages/airflow/example_dags/example_trigger_target_dag.py for tasks to queue
[2025-06-13T21:41:46.206-0400] {logging_mixin.py:190} INFO - [2025-06-13T21:41:46.206-0400] {dagbag.py:588} INFO - Filling up the DagBag from /Users/pranavr/.pyenv/versions/3.11.6/lib/python3.11/site-packages/airflow/example_dags/example_trigger_target_dag.py
[2025-06-13T21:41:46.231-0400] {processor.py:925} INFO - DAG(s) 'example_trigger_target_dag' retrieved from /Users/pranavr/.pyenv/versions/3.11.6/lib/python3.11/site-packages/airflow/example_dags/example_trigger_target_dag.py
[2025-06-13T21:41:46.317-0400] {logging_mixin.py:190} INFO - [2025-06-13T21:41:46.317-0400] {dag.py:3239} INFO - Sync 1 DAGs
[2025-06-13T21:41:46.322-0400] {logging_mixin.py:190} INFO - [2025-06-13T21:41:46.322-0400] {dag.py:4180} INFO - Setting next_dagrun for example_trigger_target_dag to None, run_after=None
[2025-06-13T21:41:46.330-0400] {processor.py:208} INFO - Processing /Users/pranavr/.pyenv/versions/3.11.6/lib/python3.11/site-packages/airflow/example_dags/example_trigger_target_dag.py took 128.961 seconds
[2025-06-13T21:43:18.304-0400] {processor.py:186} INFO - Started process (PID=29133) to work on /Users/pranavr/.pyenv/versions/3.11.6/lib/python3.11/site-packages/airflow/example_dags/example_trigger_target_dag.py
[2025-06-13T21:43:18.306-0400] {processor.py:914} INFO - Processing file /Users/pranavr/.pyenv/versions/3.11.6/lib/python3.11/site-packages/airflow/example_dags/example_trigger_target_dag.py for tasks to queue
[2025-06-13T21:43:18.307-0400] {logging_mixin.py:190} INFO - [2025-06-13T21:43:18.307-0400] {dagbag.py:588} INFO - Filling up the DagBag from /Users/pranavr/.pyenv/versions/3.11.6/lib/python3.11/site-packages/airflow/example_dags/example_trigger_target_dag.py
[2025-06-13T21:43:18.324-0400] {processor.py:925} INFO - DAG(s) 'example_trigger_target_dag' retrieved from /Users/pranavr/.pyenv/versions/3.11.6/lib/python3.11/site-packages/airflow/example_dags/example_trigger_target_dag.py
[2025-06-13T21:43:18.411-0400] {logging_mixin.py:190} INFO - [2025-06-13T21:43:18.411-0400] {dag.py:3239} INFO - Sync 1 DAGs
[2025-06-13T21:43:18.418-0400] {logging_mixin.py:190} INFO - [2025-06-13T21:43:18.418-0400] {dag.py:4180} INFO - Setting next_dagrun for example_trigger_target_dag to None, run_after=None
[2025-06-13T21:43:18.429-0400] {processor.py:208} INFO - Processing /Users/pranavr/.pyenv/versions/3.11.6/lib/python3.11/site-packages/airflow/example_dags/example_trigger_target_dag.py took 131.368 seconds
