[2025-06-13T20:28:12.917-0400] {processor.py:186} INFO - Started process (PID=24555) to work on /Users/pranavr/.pyenv/versions/3.11.6/lib/python3.11/site-packages/airflow/example_dags/example_inlet_event_extra.py
[2025-06-13T20:28:12.919-0400] {processor.py:914} INFO - Processing file /Users/pranavr/.pyenv/versions/3.11.6/lib/python3.11/site-packages/airflow/example_dags/example_inlet_event_extra.py for tasks to queue
[2025-06-13T20:28:12.919-0400] {logging_mixin.py:190} INFO - [2025-06-13T20:28:12.919-0400] {dagbag.py:588} INFO - Filling up the DagBag from /Users/pranavr/.pyenv/versions/3.11.6/lib/python3.11/site-packages/airflow/example_dags/example_inlet_event_extra.py
[2025-06-13T20:28:12.968-0400] {processor.py:925} INFO - DAG(s) 'read_dataset_event', 'read_dataset_event_from_classic' retrieved from /Users/pranavr/.pyenv/versions/3.11.6/lib/python3.11/site-packages/airflow/example_dags/example_inlet_event_extra.py
[2025-06-13T20:28:13.057-0400] {logging_mixin.py:190} INFO - [2025-06-13T20:28:13.057-0400] {dag.py:3239} INFO - Sync 2 DAGs
[2025-06-13T20:28:13.065-0400] {logging_mixin.py:190} INFO - [2025-06-13T20:28:13.065-0400] {dag.py:4180} INFO - Setting next_dagrun for read_dataset_event to 2025-06-13T00:00:00+00:00, run_after=2025-06-14T00:00:00+00:00
[2025-06-13T20:28:13.067-0400] {logging_mixin.py:190} INFO - [2025-06-13T20:28:13.067-0400] {dag.py:4180} INFO - Setting next_dagrun for read_dataset_event_from_classic to 2025-06-13T00:00:00+00:00, run_after=2025-06-14T00:00:00+00:00
[2025-06-13T20:28:13.076-0400] {processor.py:208} INFO - Processing /Users/pranavr/.pyenv/versions/3.11.6/lib/python3.11/site-packages/airflow/example_dags/example_inlet_event_extra.py took 161.185 seconds
[2025-06-13T21:27:41.286-0400] {processor.py:186} INFO - Started process (PID=26539) to work on /Users/pranavr/.pyenv/versions/3.11.6/lib/python3.11/site-packages/airflow/example_dags/example_inlet_event_extra.py
[2025-06-13T21:27:41.290-0400] {processor.py:914} INFO - Processing file /Users/pranavr/.pyenv/versions/3.11.6/lib/python3.11/site-packages/airflow/example_dags/example_inlet_event_extra.py for tasks to queue
[2025-06-13T21:27:41.291-0400] {logging_mixin.py:190} INFO - [2025-06-13T21:27:41.291-0400] {dagbag.py:588} INFO - Filling up the DagBag from /Users/pranavr/.pyenv/versions/3.11.6/lib/python3.11/site-packages/airflow/example_dags/example_inlet_event_extra.py
[2025-06-13T21:27:41.337-0400] {processor.py:925} INFO - DAG(s) 'read_dataset_event_from_classic', 'read_dataset_event' retrieved from /Users/pranavr/.pyenv/versions/3.11.6/lib/python3.11/site-packages/airflow/example_dags/example_inlet_event_extra.py
[2025-06-13T21:27:41.421-0400] {logging_mixin.py:190} INFO - [2025-06-13T21:27:41.421-0400] {dag.py:3239} INFO - Sync 2 DAGs
[2025-06-13T21:27:41.429-0400] {logging_mixin.py:190} INFO - [2025-06-13T21:27:41.429-0400] {dag.py:4180} INFO - Setting next_dagrun for read_dataset_event to 2025-06-13T00:00:00+00:00, run_after=2025-06-14T00:00:00+00:00
[2025-06-13T21:27:41.431-0400] {logging_mixin.py:190} INFO - [2025-06-13T21:27:41.431-0400] {dag.py:4180} INFO - Setting next_dagrun for read_dataset_event_from_classic to 2025-06-13T00:00:00+00:00, run_after=2025-06-14T00:00:00+00:00
[2025-06-13T21:27:41.437-0400] {processor.py:208} INFO - Processing /Users/pranavr/.pyenv/versions/3.11.6/lib/python3.11/site-packages/airflow/example_dags/example_inlet_event_extra.py took 153.651 seconds
[2025-06-13T21:29:46.540-0400] {processor.py:186} INFO - Started process (PID=26834) to work on /Users/pranavr/.pyenv/versions/3.11.6/lib/python3.11/site-packages/airflow/example_dags/example_inlet_event_extra.py
[2025-06-13T21:29:46.544-0400] {processor.py:914} INFO - Processing file /Users/pranavr/.pyenv/versions/3.11.6/lib/python3.11/site-packages/airflow/example_dags/example_inlet_event_extra.py for tasks to queue
[2025-06-13T21:29:46.545-0400] {logging_mixin.py:190} INFO - [2025-06-13T21:29:46.545-0400] {dagbag.py:588} INFO - Filling up the DagBag from /Users/pranavr/.pyenv/versions/3.11.6/lib/python3.11/site-packages/airflow/example_dags/example_inlet_event_extra.py
[2025-06-13T21:29:46.600-0400] {processor.py:925} INFO - DAG(s) 'read_dataset_event_from_classic', 'read_dataset_event' retrieved from /Users/pranavr/.pyenv/versions/3.11.6/lib/python3.11/site-packages/airflow/example_dags/example_inlet_event_extra.py
[2025-06-13T21:29:46.696-0400] {logging_mixin.py:190} INFO - [2025-06-13T21:29:46.696-0400] {dag.py:3239} INFO - Sync 2 DAGs
[2025-06-13T21:29:46.706-0400] {logging_mixin.py:190} INFO - [2025-06-13T21:29:46.706-0400] {dag.py:4180} INFO - Setting next_dagrun for read_dataset_event to 2025-06-13T00:00:00+00:00, run_after=2025-06-14T00:00:00+00:00
[2025-06-13T21:29:46.708-0400] {logging_mixin.py:190} INFO - [2025-06-13T21:29:46.708-0400] {dag.py:4180} INFO - Setting next_dagrun for read_dataset_event_from_classic to 2025-06-13T00:00:00+00:00, run_after=2025-06-14T00:00:00+00:00
[2025-06-13T21:29:46.717-0400] {processor.py:208} INFO - Processing /Users/pranavr/.pyenv/versions/3.11.6/lib/python3.11/site-packages/airflow/example_dags/example_inlet_event_extra.py took 180.259 seconds
[2025-06-13T21:33:08.210-0400] {processor.py:186} INFO - Started process (PID=27236) to work on /Users/pranavr/.pyenv/versions/3.11.6/lib/python3.11/site-packages/airflow/example_dags/example_inlet_event_extra.py
[2025-06-13T21:33:08.212-0400] {processor.py:914} INFO - Processing file /Users/pranavr/.pyenv/versions/3.11.6/lib/python3.11/site-packages/airflow/example_dags/example_inlet_event_extra.py for tasks to queue
[2025-06-13T21:33:08.213-0400] {logging_mixin.py:190} INFO - [2025-06-13T21:33:08.213-0400] {dagbag.py:588} INFO - Filling up the DagBag from /Users/pranavr/.pyenv/versions/3.11.6/lib/python3.11/site-packages/airflow/example_dags/example_inlet_event_extra.py
[2025-06-13T21:33:08.254-0400] {processor.py:925} INFO - DAG(s) 'read_dataset_event_from_classic', 'read_dataset_event' retrieved from /Users/pranavr/.pyenv/versions/3.11.6/lib/python3.11/site-packages/airflow/example_dags/example_inlet_event_extra.py
[2025-06-13T21:33:08.340-0400] {logging_mixin.py:190} INFO - [2025-06-13T21:33:08.340-0400] {dag.py:3239} INFO - Sync 2 DAGs
[2025-06-13T21:33:08.349-0400] {logging_mixin.py:190} INFO - [2025-06-13T21:33:08.349-0400] {dag.py:4180} INFO - Setting next_dagrun for read_dataset_event to 2025-06-13T00:00:00+00:00, run_after=2025-06-14T00:00:00+00:00
[2025-06-13T21:33:08.351-0400] {logging_mixin.py:190} INFO - [2025-06-13T21:33:08.351-0400] {dag.py:4180} INFO - Setting next_dagrun for read_dataset_event_from_classic to 2025-06-13T00:00:00+00:00, run_after=2025-06-14T00:00:00+00:00
[2025-06-13T21:33:08.361-0400] {processor.py:208} INFO - Processing /Users/pranavr/.pyenv/versions/3.11.6/lib/python3.11/site-packages/airflow/example_dags/example_inlet_event_extra.py took 152.055 seconds
[2025-06-13T21:40:36.916-0400] {processor.py:186} INFO - Started process (PID=28558) to work on /Users/pranavr/.pyenv/versions/3.11.6/lib/python3.11/site-packages/airflow/example_dags/example_inlet_event_extra.py
[2025-06-13T21:40:36.918-0400] {processor.py:914} INFO - Processing file /Users/pranavr/.pyenv/versions/3.11.6/lib/python3.11/site-packages/airflow/example_dags/example_inlet_event_extra.py for tasks to queue
[2025-06-13T21:40:36.919-0400] {logging_mixin.py:190} INFO - [2025-06-13T21:40:36.919-0400] {dagbag.py:588} INFO - Filling up the DagBag from /Users/pranavr/.pyenv/versions/3.11.6/lib/python3.11/site-packages/airflow/example_dags/example_inlet_event_extra.py
[2025-06-13T21:40:36.962-0400] {processor.py:925} INFO - DAG(s) 'read_dataset_event', 'read_dataset_event_from_classic' retrieved from /Users/pranavr/.pyenv/versions/3.11.6/lib/python3.11/site-packages/airflow/example_dags/example_inlet_event_extra.py
[2025-06-13T21:40:37.042-0400] {logging_mixin.py:190} INFO - [2025-06-13T21:40:37.042-0400] {dag.py:3239} INFO - Sync 2 DAGs
[2025-06-13T21:40:37.051-0400] {logging_mixin.py:190} INFO - [2025-06-13T21:40:37.050-0400] {dag.py:4180} INFO - Setting next_dagrun for read_dataset_event to 2025-06-13T00:00:00+00:00, run_after=2025-06-14T00:00:00+00:00
[2025-06-13T21:40:37.052-0400] {logging_mixin.py:190} INFO - [2025-06-13T21:40:37.052-0400] {dag.py:4180} INFO - Setting next_dagrun for read_dataset_event_from_classic to 2025-06-13T00:00:00+00:00, run_after=2025-06-14T00:00:00+00:00
[2025-06-13T21:40:37.060-0400] {processor.py:208} INFO - Processing /Users/pranavr/.pyenv/versions/3.11.6/lib/python3.11/site-packages/airflow/example_dags/example_inlet_event_extra.py took 145.106 seconds
[2025-06-13T21:42:39.331-0400] {processor.py:186} INFO - Started process (PID=29032) to work on /Users/pranavr/.pyenv/versions/3.11.6/lib/python3.11/site-packages/airflow/example_dags/example_inlet_event_extra.py
[2025-06-13T21:42:39.333-0400] {processor.py:914} INFO - Processing file /Users/pranavr/.pyenv/versions/3.11.6/lib/python3.11/site-packages/airflow/example_dags/example_inlet_event_extra.py for tasks to queue
[2025-06-13T21:42:39.335-0400] {logging_mixin.py:190} INFO - [2025-06-13T21:42:39.335-0400] {dagbag.py:588} INFO - Filling up the DagBag from /Users/pranavr/.pyenv/versions/3.11.6/lib/python3.11/site-packages/airflow/example_dags/example_inlet_event_extra.py
[2025-06-13T21:42:39.380-0400] {processor.py:925} INFO - DAG(s) 'read_dataset_event_from_classic', 'read_dataset_event' retrieved from /Users/pranavr/.pyenv/versions/3.11.6/lib/python3.11/site-packages/airflow/example_dags/example_inlet_event_extra.py
[2025-06-13T21:42:39.457-0400] {logging_mixin.py:190} INFO - [2025-06-13T21:42:39.457-0400] {dag.py:3239} INFO - Sync 2 DAGs
[2025-06-13T21:42:39.466-0400] {logging_mixin.py:190} INFO - [2025-06-13T21:42:39.466-0400] {dag.py:4180} INFO - Setting next_dagrun for read_dataset_event to 2025-06-13T00:00:00+00:00, run_after=2025-06-14T00:00:00+00:00
[2025-06-13T21:42:39.468-0400] {logging_mixin.py:190} INFO - [2025-06-13T21:42:39.468-0400] {dag.py:4180} INFO - Setting next_dagrun for read_dataset_event_from_classic to 2025-06-13T00:00:00+00:00, run_after=2025-06-14T00:00:00+00:00
[2025-06-13T21:42:39.476-0400] {processor.py:208} INFO - Processing /Users/pranavr/.pyenv/versions/3.11.6/lib/python3.11/site-packages/airflow/example_dags/example_inlet_event_extra.py took 146.674 seconds
