[2025-06-13T21:27:49.618-0400] {processor.py:186} INFO - Started process (PID=26549) to work on /Users/pranavr/.pyenv/versions/3.11.6/lib/python3.11/site-packages/airflow/example_dags/example_display_name.py
[2025-06-13T21:27:49.623-0400] {processor.py:914} INFO - Processing file /Users/pranavr/.pyenv/versions/3.11.6/lib/python3.11/site-packages/airflow/example_dags/example_display_name.py for tasks to queue
[2025-06-13T21:27:49.630-0400] {logging_mixin.py:190} INFO - [2025-06-13T21:27:49.630-0400] {dagbag.py:588} INFO - Filling up the DagBag from /Users/pranavr/.pyenv/versions/3.11.6/lib/python3.11/site-packages/airflow/example_dags/example_display_name.py
[2025-06-13T21:27:49.649-0400] {processor.py:925} INFO - DAG(s) 'example_display_name' retrieved from /Users/pranavr/.pyenv/versions/3.11.6/lib/python3.11/site-packages/airflow/example_dags/example_display_name.py
[2025-06-13T21:27:49.737-0400] {logging_mixin.py:190} INFO - [2025-06-13T21:27:49.737-0400] {dag.py:3239} INFO - Sync 1 DAGs
[2025-06-13T21:27:49.743-0400] {logging_mixin.py:190} INFO - [2025-06-13T21:27:49.743-0400] {dag.py:4180} INFO - Setting next_dagrun for example_display_name to None, run_after=None
[2025-06-13T21:27:49.752-0400] {processor.py:208} INFO - Processing /Users/pranavr/.pyenv/versions/3.11.6/lib/python3.11/site-packages/airflow/example_dags/example_display_name.py took 136.123 seconds
[2025-06-13T21:30:59.911-0400] {processor.py:186} INFO - Started process (PID=26985) to work on /Users/pranavr/.pyenv/versions/3.11.6/lib/python3.11/site-packages/airflow/example_dags/example_display_name.py
[2025-06-13T21:30:59.913-0400] {processor.py:914} INFO - Processing file /Users/pranavr/.pyenv/versions/3.11.6/lib/python3.11/site-packages/airflow/example_dags/example_display_name.py for tasks to queue
[2025-06-13T21:30:59.914-0400] {logging_mixin.py:190} INFO - [2025-06-13T21:30:59.913-0400] {dagbag.py:588} INFO - Filling up the DagBag from /Users/pranavr/.pyenv/versions/3.11.6/lib/python3.11/site-packages/airflow/example_dags/example_display_name.py
[2025-06-13T21:30:59.937-0400] {processor.py:925} INFO - DAG(s) 'example_display_name' retrieved from /Users/pranavr/.pyenv/versions/3.11.6/lib/python3.11/site-packages/airflow/example_dags/example_display_name.py
[2025-06-13T21:31:00.024-0400] {logging_mixin.py:190} INFO - [2025-06-13T21:31:00.024-0400] {dag.py:3239} INFO - Sync 1 DAGs
[2025-06-13T21:31:00.030-0400] {logging_mixin.py:190} INFO - [2025-06-13T21:31:00.029-0400] {dag.py:4180} INFO - Setting next_dagrun for example_display_name to None, run_after=None
[2025-06-13T21:31:00.039-0400] {processor.py:208} INFO - Processing /Users/pranavr/.pyenv/versions/3.11.6/lib/python3.11/site-packages/airflow/example_dags/example_display_name.py took 129.780 seconds
[2025-06-13T21:34:36.148-0400] {processor.py:186} INFO - Started process (PID=27351) to work on /Users/pranavr/.pyenv/versions/3.11.6/lib/python3.11/site-packages/airflow/example_dags/example_display_name.py
[2025-06-13T21:34:36.150-0400] {processor.py:914} INFO - Processing file /Users/pranavr/.pyenv/versions/3.11.6/lib/python3.11/site-packages/airflow/example_dags/example_display_name.py for tasks to queue
[2025-06-13T21:34:36.150-0400] {logging_mixin.py:190} INFO - [2025-06-13T21:34:36.150-0400] {dagbag.py:588} INFO - Filling up the DagBag from /Users/pranavr/.pyenv/versions/3.11.6/lib/python3.11/site-packages/airflow/example_dags/example_display_name.py
[2025-06-13T21:34:36.168-0400] {processor.py:925} INFO - DAG(s) 'example_display_name' retrieved from /Users/pranavr/.pyenv/versions/3.11.6/lib/python3.11/site-packages/airflow/example_dags/example_display_name.py
[2025-06-13T21:34:36.250-0400] {logging_mixin.py:190} INFO - [2025-06-13T21:34:36.249-0400] {dag.py:3239} INFO - Sync 1 DAGs
[2025-06-13T21:34:36.255-0400] {logging_mixin.py:190} INFO - [2025-06-13T21:34:36.255-0400] {dag.py:4180} INFO - Setting next_dagrun for example_display_name to None, run_after=None
[2025-06-13T21:34:36.264-0400] {processor.py:208} INFO - Processing /Users/pranavr/.pyenv/versions/3.11.6/lib/python3.11/site-packages/airflow/example_dags/example_display_name.py took 118.050 seconds
[2025-06-13T21:40:45.124-0400] {processor.py:186} INFO - Started process (PID=28612) to work on /Users/pranavr/.pyenv/versions/3.11.6/lib/python3.11/site-packages/airflow/example_dags/example_display_name.py
[2025-06-13T21:40:45.126-0400] {processor.py:914} INFO - Processing file /Users/pranavr/.pyenv/versions/3.11.6/lib/python3.11/site-packages/airflow/example_dags/example_display_name.py for tasks to queue
[2025-06-13T21:40:45.127-0400] {logging_mixin.py:190} INFO - [2025-06-13T21:40:45.127-0400] {dagbag.py:588} INFO - Filling up the DagBag from /Users/pranavr/.pyenv/versions/3.11.6/lib/python3.11/site-packages/airflow/example_dags/example_display_name.py
[2025-06-13T21:40:45.153-0400] {processor.py:925} INFO - DAG(s) 'example_display_name' retrieved from /Users/pranavr/.pyenv/versions/3.11.6/lib/python3.11/site-packages/airflow/example_dags/example_display_name.py
[2025-06-13T21:40:45.235-0400] {logging_mixin.py:190} INFO - [2025-06-13T21:40:45.234-0400] {dag.py:3239} INFO - Sync 1 DAGs
[2025-06-13T21:40:45.242-0400] {logging_mixin.py:190} INFO - [2025-06-13T21:40:45.242-0400] {dag.py:4180} INFO - Setting next_dagrun for example_display_name to None, run_after=None
[2025-06-13T21:40:45.257-0400] {processor.py:208} INFO - Processing /Users/pranavr/.pyenv/versions/3.11.6/lib/python3.11/site-packages/airflow/example_dags/example_display_name.py took 134.551 seconds
