[2025-06-13T20:28:06.869-0400] {processor.py:186} INFO - Started process (PID=24525) to work on /Users/pranavr/.pyenv/versions/3.11.6/lib/python3.11/site-packages/airflow/example_dags/example_latest_only_with_trigger.py
[2025-06-13T20:28:06.871-0400] {processor.py:914} INFO - Processing file /Users/pranavr/.pyenv/versions/3.11.6/lib/python3.11/site-packages/airflow/example_dags/example_latest_only_with_trigger.py for tasks to queue
[2025-06-13T20:28:06.872-0400] {logging_mixin.py:190} INFO - [2025-06-13T20:28:06.872-0400] {dagbag.py:588} INFO - Filling up the DagBag from /Users/pranavr/.pyenv/versions/3.11.6/lib/python3.11/site-packages/airflow/example_dags/example_latest_only_with_trigger.py
[2025-06-13T20:28:06.878-0400] {processor.py:925} INFO - DAG(s) 'latest_only_with_trigger' retrieved from /Users/pranavr/.pyenv/versions/3.11.6/lib/python3.11/site-packages/airflow/example_dags/example_latest_only_with_trigger.py
[2025-06-13T20:28:06.958-0400] {logging_mixin.py:190} INFO - [2025-06-13T20:28:06.958-0400] {dag.py:3239} INFO - Sync 1 DAGs
[2025-06-13T20:28:06.967-0400] {logging_mixin.py:190} INFO - [2025-06-13T20:28:06.966-0400] {dag.py:4180} INFO - Setting next_dagrun for latest_only_with_trigger to 2025-06-13T20:00:00+00:00, run_after=2025-06-14T00:00:00+00:00
[2025-06-13T20:28:06.976-0400] {processor.py:208} INFO - Processing /Users/pranavr/.pyenv/versions/3.11.6/lib/python3.11/site-packages/airflow/example_dags/example_latest_only_with_trigger.py took 108.699 seconds
[2025-06-13T21:27:34.849-0400] {processor.py:186} INFO - Started process (PID=26531) to work on /Users/pranavr/.pyenv/versions/3.11.6/lib/python3.11/site-packages/airflow/example_dags/example_latest_only_with_trigger.py
[2025-06-13T21:27:34.852-0400] {processor.py:914} INFO - Processing file /Users/pranavr/.pyenv/versions/3.11.6/lib/python3.11/site-packages/airflow/example_dags/example_latest_only_with_trigger.py for tasks to queue
[2025-06-13T21:27:34.852-0400] {logging_mixin.py:190} INFO - [2025-06-13T21:27:34.852-0400] {dagbag.py:588} INFO - Filling up the DagBag from /Users/pranavr/.pyenv/versions/3.11.6/lib/python3.11/site-packages/airflow/example_dags/example_latest_only_with_trigger.py
[2025-06-13T21:27:34.856-0400] {processor.py:925} INFO - DAG(s) 'latest_only_with_trigger' retrieved from /Users/pranavr/.pyenv/versions/3.11.6/lib/python3.11/site-packages/airflow/example_dags/example_latest_only_with_trigger.py
[2025-06-13T21:27:34.932-0400] {logging_mixin.py:190} INFO - [2025-06-13T21:27:34.932-0400] {dag.py:3239} INFO - Sync 1 DAGs
[2025-06-13T21:27:34.941-0400] {logging_mixin.py:190} INFO - [2025-06-13T21:27:34.940-0400] {dag.py:4180} INFO - Setting next_dagrun for latest_only_with_trigger to 2025-06-13T20:00:00+00:00, run_after=2025-06-14T00:00:00+00:00
[2025-06-13T21:27:34.950-0400] {processor.py:208} INFO - Processing /Users/pranavr/.pyenv/versions/3.11.6/lib/python3.11/site-packages/airflow/example_dags/example_latest_only_with_trigger.py took 102.216 seconds
[2025-06-13T21:29:40.054-0400] {processor.py:186} INFO - Started process (PID=26819) to work on /Users/pranavr/.pyenv/versions/3.11.6/lib/python3.11/site-packages/airflow/example_dags/example_latest_only_with_trigger.py
[2025-06-13T21:29:40.056-0400] {processor.py:914} INFO - Processing file /Users/pranavr/.pyenv/versions/3.11.6/lib/python3.11/site-packages/airflow/example_dags/example_latest_only_with_trigger.py for tasks to queue
[2025-06-13T21:29:40.057-0400] {logging_mixin.py:190} INFO - [2025-06-13T21:29:40.057-0400] {dagbag.py:588} INFO - Filling up the DagBag from /Users/pranavr/.pyenv/versions/3.11.6/lib/python3.11/site-packages/airflow/example_dags/example_latest_only_with_trigger.py
[2025-06-13T21:29:40.063-0400] {processor.py:925} INFO - DAG(s) 'latest_only_with_trigger' retrieved from /Users/pranavr/.pyenv/versions/3.11.6/lib/python3.11/site-packages/airflow/example_dags/example_latest_only_with_trigger.py
[2025-06-13T21:29:40.160-0400] {logging_mixin.py:190} INFO - [2025-06-13T21:29:40.160-0400] {dag.py:3239} INFO - Sync 1 DAGs
[2025-06-13T21:29:40.168-0400] {logging_mixin.py:190} INFO - [2025-06-13T21:29:40.167-0400] {dag.py:4180} INFO - Setting next_dagrun for latest_only_with_trigger to 2025-06-13T20:00:00+00:00, run_after=2025-06-14T00:00:00+00:00
[2025-06-13T21:29:40.176-0400] {processor.py:208} INFO - Processing /Users/pranavr/.pyenv/versions/3.11.6/lib/python3.11/site-packages/airflow/example_dags/example_latest_only_with_trigger.py took 123.442 seconds
[2025-06-13T21:33:02.737-0400] {processor.py:186} INFO - Started process (PID=27230) to work on /Users/pranavr/.pyenv/versions/3.11.6/lib/python3.11/site-packages/airflow/example_dags/example_latest_only_with_trigger.py
[2025-06-13T21:33:02.739-0400] {processor.py:914} INFO - Processing file /Users/pranavr/.pyenv/versions/3.11.6/lib/python3.11/site-packages/airflow/example_dags/example_latest_only_with_trigger.py for tasks to queue
[2025-06-13T21:33:02.740-0400] {logging_mixin.py:190} INFO - [2025-06-13T21:33:02.740-0400] {dagbag.py:588} INFO - Filling up the DagBag from /Users/pranavr/.pyenv/versions/3.11.6/lib/python3.11/site-packages/airflow/example_dags/example_latest_only_with_trigger.py
[2025-06-13T21:33:02.746-0400] {processor.py:925} INFO - DAG(s) 'latest_only_with_trigger' retrieved from /Users/pranavr/.pyenv/versions/3.11.6/lib/python3.11/site-packages/airflow/example_dags/example_latest_only_with_trigger.py
[2025-06-13T21:33:02.844-0400] {logging_mixin.py:190} INFO - [2025-06-13T21:33:02.843-0400] {dag.py:3239} INFO - Sync 1 DAGs
[2025-06-13T21:33:02.853-0400] {logging_mixin.py:190} INFO - [2025-06-13T21:33:02.853-0400] {dag.py:4180} INFO - Setting next_dagrun for latest_only_with_trigger to 2025-06-13T20:00:00+00:00, run_after=2025-06-14T00:00:00+00:00
[2025-06-13T21:33:02.862-0400] {processor.py:208} INFO - Processing /Users/pranavr/.pyenv/versions/3.11.6/lib/python3.11/site-packages/airflow/example_dags/example_latest_only_with_trigger.py took 126.733 seconds
[2025-06-13T21:40:30.829-0400] {processor.py:186} INFO - Started process (PID=28427) to work on /Users/pranavr/.pyenv/versions/3.11.6/lib/python3.11/site-packages/airflow/example_dags/example_latest_only_with_trigger.py
[2025-06-13T21:40:30.831-0400] {processor.py:914} INFO - Processing file /Users/pranavr/.pyenv/versions/3.11.6/lib/python3.11/site-packages/airflow/example_dags/example_latest_only_with_trigger.py for tasks to queue
[2025-06-13T21:40:30.831-0400] {logging_mixin.py:190} INFO - [2025-06-13T21:40:30.831-0400] {dagbag.py:588} INFO - Filling up the DagBag from /Users/pranavr/.pyenv/versions/3.11.6/lib/python3.11/site-packages/airflow/example_dags/example_latest_only_with_trigger.py
[2025-06-13T21:40:30.835-0400] {processor.py:925} INFO - DAG(s) 'latest_only_with_trigger' retrieved from /Users/pranavr/.pyenv/versions/3.11.6/lib/python3.11/site-packages/airflow/example_dags/example_latest_only_with_trigger.py
[2025-06-13T21:40:30.918-0400] {logging_mixin.py:190} INFO - [2025-06-13T21:40:30.918-0400] {dag.py:3239} INFO - Sync 1 DAGs
[2025-06-13T21:40:30.930-0400] {logging_mixin.py:190} INFO - [2025-06-13T21:40:30.930-0400] {dag.py:4180} INFO - Setting next_dagrun for latest_only_with_trigger to 2025-06-13T20:00:00+00:00, run_after=2025-06-14T00:00:00+00:00
[2025-06-13T21:40:30.937-0400] {processor.py:208} INFO - Processing /Users/pranavr/.pyenv/versions/3.11.6/lib/python3.11/site-packages/airflow/example_dags/example_latest_only_with_trigger.py took 110.180 seconds
[2025-06-13T21:42:33.173-0400] {processor.py:186} INFO - Started process (PID=29021) to work on /Users/pranavr/.pyenv/versions/3.11.6/lib/python3.11/site-packages/airflow/example_dags/example_latest_only_with_trigger.py
[2025-06-13T21:42:33.176-0400] {processor.py:914} INFO - Processing file /Users/pranavr/.pyenv/versions/3.11.6/lib/python3.11/site-packages/airflow/example_dags/example_latest_only_with_trigger.py for tasks to queue
[2025-06-13T21:42:33.176-0400] {logging_mixin.py:190} INFO - [2025-06-13T21:42:33.176-0400] {dagbag.py:588} INFO - Filling up the DagBag from /Users/pranavr/.pyenv/versions/3.11.6/lib/python3.11/site-packages/airflow/example_dags/example_latest_only_with_trigger.py
[2025-06-13T21:42:33.182-0400] {processor.py:925} INFO - DAG(s) 'latest_only_with_trigger' retrieved from /Users/pranavr/.pyenv/versions/3.11.6/lib/python3.11/site-packages/airflow/example_dags/example_latest_only_with_trigger.py
[2025-06-13T21:42:33.258-0400] {logging_mixin.py:190} INFO - [2025-06-13T21:42:33.258-0400] {dag.py:3239} INFO - Sync 1 DAGs
[2025-06-13T21:42:33.265-0400] {logging_mixin.py:190} INFO - [2025-06-13T21:42:33.265-0400] {dag.py:4180} INFO - Setting next_dagrun for latest_only_with_trigger to 2025-06-13T20:00:00+00:00, run_after=2025-06-14T00:00:00+00:00
[2025-06-13T21:42:33.274-0400] {processor.py:208} INFO - Processing /Users/pranavr/.pyenv/versions/3.11.6/lib/python3.11/site-packages/airflow/example_dags/example_latest_only_with_trigger.py took 102.385 seconds
