[2025-06-13T20:27:44.253-0400] {processor.py:186} INFO - Started process (PID=24415) to work on /Users/pranavr/.pyenv/versions/3.11.6/lib/python3.11/site-packages/airflow/example_dags/example_sensor_decorator.py
[2025-06-13T20:27:44.255-0400] {processor.py:914} INFO - Processing file /Users/pranavr/.pyenv/versions/3.11.6/lib/python3.11/site-packages/airflow/example_dags/example_sensor_decorator.py for tasks to queue
[2025-06-13T20:27:44.256-0400] {logging_mixin.py:190} INFO - [2025-06-13T20:27:44.256-0400] {dagbag.py:588} INFO - Filling up the DagBag from /Users/pranavr/.pyenv/versions/3.11.6/lib/python3.11/site-packages/airflow/example_dags/example_sensor_decorator.py
[2025-06-13T20:27:44.289-0400] {processor.py:925} INFO - DAG(s) 'example_sensor_decorator' retrieved from /Users/pranavr/.pyenv/versions/3.11.6/lib/python3.11/site-packages/airflow/example_dags/example_sensor_decorator.py
[2025-06-13T20:27:44.975-0400] {logging_mixin.py:190} INFO - [2025-06-13T20:27:44.975-0400] {dag.py:3239} INFO - Sync 1 DAGs
[2025-06-13T20:27:45.049-0400] {logging_mixin.py:190} INFO - [2025-06-13T20:27:45.049-0400] {dag.py:4180} INFO - Setting next_dagrun for example_sensor_decorator to None, run_after=None
[2025-06-13T20:27:45.060-0400] {processor.py:208} INFO - Processing /Users/pranavr/.pyenv/versions/3.11.6/lib/python3.11/site-packages/airflow/example_dags/example_sensor_decorator.py took 808.563 seconds
[2025-06-13T21:27:17.679-0400] {processor.py:186} INFO - Started process (PID=26463) to work on /Users/pranavr/.pyenv/versions/3.11.6/lib/python3.11/site-packages/airflow/example_dags/example_sensor_decorator.py
[2025-06-13T21:27:17.682-0400] {processor.py:914} INFO - Processing file /Users/pranavr/.pyenv/versions/3.11.6/lib/python3.11/site-packages/airflow/example_dags/example_sensor_decorator.py for tasks to queue
[2025-06-13T21:27:17.682-0400] {logging_mixin.py:190} INFO - [2025-06-13T21:27:17.682-0400] {dagbag.py:588} INFO - Filling up the DagBag from /Users/pranavr/.pyenv/versions/3.11.6/lib/python3.11/site-packages/airflow/example_dags/example_sensor_decorator.py
[2025-06-13T21:27:17.714-0400] {processor.py:925} INFO - DAG(s) 'example_sensor_decorator' retrieved from /Users/pranavr/.pyenv/versions/3.11.6/lib/python3.11/site-packages/airflow/example_dags/example_sensor_decorator.py
[2025-06-13T21:27:18.107-0400] {logging_mixin.py:190} INFO - [2025-06-13T21:27:18.107-0400] {dag.py:3239} INFO - Sync 1 DAGs
[2025-06-13T21:27:18.159-0400] {logging_mixin.py:190} INFO - [2025-06-13T21:27:18.159-0400] {dag.py:4180} INFO - Setting next_dagrun for example_sensor_decorator to None, run_after=None
[2025-06-13T21:27:18.169-0400] {processor.py:208} INFO - Processing /Users/pranavr/.pyenv/versions/3.11.6/lib/python3.11/site-packages/airflow/example_dags/example_sensor_decorator.py took 491.674 seconds
[2025-06-13T21:29:21.116-0400] {processor.py:186} INFO - Started process (PID=26798) to work on /Users/pranavr/.pyenv/versions/3.11.6/lib/python3.11/site-packages/airflow/example_dags/example_sensor_decorator.py
[2025-06-13T21:29:21.119-0400] {processor.py:914} INFO - Processing file /Users/pranavr/.pyenv/versions/3.11.6/lib/python3.11/site-packages/airflow/example_dags/example_sensor_decorator.py for tasks to queue
[2025-06-13T21:29:21.119-0400] {logging_mixin.py:190} INFO - [2025-06-13T21:29:21.119-0400] {dagbag.py:588} INFO - Filling up the DagBag from /Users/pranavr/.pyenv/versions/3.11.6/lib/python3.11/site-packages/airflow/example_dags/example_sensor_decorator.py
[2025-06-13T21:29:21.135-0400] {processor.py:925} INFO - DAG(s) 'example_sensor_decorator' retrieved from /Users/pranavr/.pyenv/versions/3.11.6/lib/python3.11/site-packages/airflow/example_dags/example_sensor_decorator.py
[2025-06-13T21:29:21.425-0400] {logging_mixin.py:190} INFO - [2025-06-13T21:29:21.425-0400] {dag.py:3239} INFO - Sync 1 DAGs
[2025-06-13T21:29:21.476-0400] {logging_mixin.py:190} INFO - [2025-06-13T21:29:21.476-0400] {dag.py:4180} INFO - Setting next_dagrun for example_sensor_decorator to None, run_after=None
[2025-06-13T21:29:21.487-0400] {processor.py:208} INFO - Processing /Users/pranavr/.pyenv/versions/3.11.6/lib/python3.11/site-packages/airflow/example_dags/example_sensor_decorator.py took 372.572 seconds
[2025-06-13T21:30:55.905-0400] {processor.py:186} INFO - Started process (PID=26973) to work on /Users/pranavr/.pyenv/versions/3.11.6/lib/python3.11/site-packages/airflow/example_dags/example_sensor_decorator.py
[2025-06-13T21:30:55.907-0400] {processor.py:914} INFO - Processing file /Users/pranavr/.pyenv/versions/3.11.6/lib/python3.11/site-packages/airflow/example_dags/example_sensor_decorator.py for tasks to queue
[2025-06-13T21:30:55.908-0400] {logging_mixin.py:190} INFO - [2025-06-13T21:30:55.908-0400] {dagbag.py:588} INFO - Filling up the DagBag from /Users/pranavr/.pyenv/versions/3.11.6/lib/python3.11/site-packages/airflow/example_dags/example_sensor_decorator.py
[2025-06-13T21:30:55.927-0400] {processor.py:925} INFO - DAG(s) 'example_sensor_decorator' retrieved from /Users/pranavr/.pyenv/versions/3.11.6/lib/python3.11/site-packages/airflow/example_dags/example_sensor_decorator.py
[2025-06-13T21:30:56.274-0400] {logging_mixin.py:190} INFO - [2025-06-13T21:30:56.274-0400] {dag.py:3239} INFO - Sync 1 DAGs
[2025-06-13T21:30:56.346-0400] {logging_mixin.py:190} INFO - [2025-06-13T21:30:56.346-0400] {dag.py:4180} INFO - Setting next_dagrun for example_sensor_decorator to None, run_after=None
[2025-06-13T21:30:56.361-0400] {processor.py:208} INFO - Processing /Users/pranavr/.pyenv/versions/3.11.6/lib/python3.11/site-packages/airflow/example_dags/example_sensor_decorator.py took 458.276 seconds
[2025-06-13T21:32:40.317-0400] {processor.py:186} INFO - Started process (PID=27205) to work on /Users/pranavr/.pyenv/versions/3.11.6/lib/python3.11/site-packages/airflow/example_dags/example_sensor_decorator.py
[2025-06-13T21:32:40.320-0400] {processor.py:914} INFO - Processing file /Users/pranavr/.pyenv/versions/3.11.6/lib/python3.11/site-packages/airflow/example_dags/example_sensor_decorator.py for tasks to queue
[2025-06-13T21:32:40.321-0400] {logging_mixin.py:190} INFO - [2025-06-13T21:32:40.321-0400] {dagbag.py:588} INFO - Filling up the DagBag from /Users/pranavr/.pyenv/versions/3.11.6/lib/python3.11/site-packages/airflow/example_dags/example_sensor_decorator.py
[2025-06-13T21:32:40.381-0400] {processor.py:925} INFO - DAG(s) 'example_sensor_decorator' retrieved from /Users/pranavr/.pyenv/versions/3.11.6/lib/python3.11/site-packages/airflow/example_dags/example_sensor_decorator.py
[2025-06-13T21:32:40.979-0400] {logging_mixin.py:190} INFO - [2025-06-13T21:32:40.979-0400] {dag.py:3239} INFO - Sync 1 DAGs
[2025-06-13T21:32:41.032-0400] {logging_mixin.py:190} INFO - [2025-06-13T21:32:41.032-0400] {dag.py:4180} INFO - Setting next_dagrun for example_sensor_decorator to None, run_after=None
[2025-06-13T21:32:41.047-0400] {processor.py:208} INFO - Processing /Users/pranavr/.pyenv/versions/3.11.6/lib/python3.11/site-packages/airflow/example_dags/example_sensor_decorator.py took 735.180 seconds
[2025-06-13T21:34:26.888-0400] {processor.py:186} INFO - Started process (PID=27342) to work on /Users/pranavr/.pyenv/versions/3.11.6/lib/python3.11/site-packages/airflow/example_dags/example_sensor_decorator.py
[2025-06-13T21:34:26.890-0400] {processor.py:914} INFO - Processing file /Users/pranavr/.pyenv/versions/3.11.6/lib/python3.11/site-packages/airflow/example_dags/example_sensor_decorator.py for tasks to queue
[2025-06-13T21:34:26.891-0400] {logging_mixin.py:190} INFO - [2025-06-13T21:34:26.891-0400] {dagbag.py:588} INFO - Filling up the DagBag from /Users/pranavr/.pyenv/versions/3.11.6/lib/python3.11/site-packages/airflow/example_dags/example_sensor_decorator.py
[2025-06-13T21:34:26.918-0400] {processor.py:925} INFO - DAG(s) 'example_sensor_decorator' retrieved from /Users/pranavr/.pyenv/versions/3.11.6/lib/python3.11/site-packages/airflow/example_dags/example_sensor_decorator.py
[2025-06-13T21:34:27.301-0400] {logging_mixin.py:190} INFO - [2025-06-13T21:34:27.300-0400] {dag.py:3239} INFO - Sync 1 DAGs
[2025-06-13T21:34:27.360-0400] {logging_mixin.py:190} INFO - [2025-06-13T21:34:27.360-0400] {dag.py:4180} INFO - Setting next_dagrun for example_sensor_decorator to None, run_after=None
[2025-06-13T21:34:27.370-0400] {processor.py:208} INFO - Processing /Users/pranavr/.pyenv/versions/3.11.6/lib/python3.11/site-packages/airflow/example_dags/example_sensor_decorator.py took 484.556 seconds
[2025-06-13T21:40:12.164-0400] {processor.py:186} INFO - Started process (PID=28384) to work on /Users/pranavr/.pyenv/versions/3.11.6/lib/python3.11/site-packages/airflow/example_dags/example_sensor_decorator.py
[2025-06-13T21:40:12.167-0400] {processor.py:914} INFO - Processing file /Users/pranavr/.pyenv/versions/3.11.6/lib/python3.11/site-packages/airflow/example_dags/example_sensor_decorator.py for tasks to queue
[2025-06-13T21:40:12.167-0400] {logging_mixin.py:190} INFO - [2025-06-13T21:40:12.167-0400] {dagbag.py:588} INFO - Filling up the DagBag from /Users/pranavr/.pyenv/versions/3.11.6/lib/python3.11/site-packages/airflow/example_dags/example_sensor_decorator.py
[2025-06-13T21:40:12.185-0400] {processor.py:925} INFO - DAG(s) 'example_sensor_decorator' retrieved from /Users/pranavr/.pyenv/versions/3.11.6/lib/python3.11/site-packages/airflow/example_dags/example_sensor_decorator.py
[2025-06-13T21:40:12.500-0400] {logging_mixin.py:190} INFO - [2025-06-13T21:40:12.500-0400] {dag.py:3239} INFO - Sync 1 DAGs
[2025-06-13T21:40:12.544-0400] {logging_mixin.py:190} INFO - [2025-06-13T21:40:12.543-0400] {dag.py:4180} INFO - Setting next_dagrun for example_sensor_decorator to None, run_after=None
[2025-06-13T21:40:12.551-0400] {processor.py:208} INFO - Processing /Users/pranavr/.pyenv/versions/3.11.6/lib/python3.11/site-packages/airflow/example_dags/example_sensor_decorator.py took 388.341 seconds
[2025-06-13T21:42:14.639-0400] {processor.py:186} INFO - Started process (PID=28841) to work on /Users/pranavr/.pyenv/versions/3.11.6/lib/python3.11/site-packages/airflow/example_dags/example_sensor_decorator.py
[2025-06-13T21:42:14.641-0400] {processor.py:914} INFO - Processing file /Users/pranavr/.pyenv/versions/3.11.6/lib/python3.11/site-packages/airflow/example_dags/example_sensor_decorator.py for tasks to queue
[2025-06-13T21:42:14.642-0400] {logging_mixin.py:190} INFO - [2025-06-13T21:42:14.642-0400] {dagbag.py:588} INFO - Filling up the DagBag from /Users/pranavr/.pyenv/versions/3.11.6/lib/python3.11/site-packages/airflow/example_dags/example_sensor_decorator.py
[2025-06-13T21:42:14.666-0400] {processor.py:925} INFO - DAG(s) 'example_sensor_decorator' retrieved from /Users/pranavr/.pyenv/versions/3.11.6/lib/python3.11/site-packages/airflow/example_dags/example_sensor_decorator.py
[2025-06-13T21:42:14.995-0400] {logging_mixin.py:190} INFO - [2025-06-13T21:42:14.994-0400] {dag.py:3239} INFO - Sync 1 DAGs
[2025-06-13T21:42:15.039-0400] {logging_mixin.py:190} INFO - [2025-06-13T21:42:15.039-0400] {dag.py:4180} INFO - Setting next_dagrun for example_sensor_decorator to None, run_after=None
[2025-06-13T21:42:15.048-0400] {processor.py:208} INFO - Processing /Users/pranavr/.pyenv/versions/3.11.6/lib/python3.11/site-packages/airflow/example_dags/example_sensor_decorator.py took 410.970 seconds
