[2025-06-13T21:26:07.753-0400] {processor.py:186} INFO - Started process (PID=26353) to work on /Users/pranavr/.pyenv/versions/3.11.6/lib/python3.11/site-packages/airflow/example_dags/example_workday_timetable.py
[2025-06-13T21:26:07.758-0400] {processor.py:914} INFO - Processing file /Users/pranavr/.pyenv/versions/3.11.6/lib/python3.11/site-packages/airflow/example_dags/example_workday_timetable.py for tasks to queue
[2025-06-13T21:26:07.760-0400] {logging_mixin.py:190} INFO - [2025-06-13T21:26:07.760-0400] {dagbag.py:588} INFO - Filling up the DagBag from /Users/pranavr/.pyenv/versions/3.11.6/lib/python3.11/site-packages/airflow/example_dags/example_workday_timetable.py
[2025-06-13T21:26:08.037-0400] {processor.py:925} INFO - DAG(s) 'example_workday_timetable' retrieved from /Users/pranavr/.pyenv/versions/3.11.6/lib/python3.11/site-packages/airflow/example_dags/example_workday_timetable.py
[2025-06-13T21:26:08.082-0400] {logging_mixin.py:190} INFO - [2025-06-13T21:26:08.082-0400] {dag.py:3239} INFO - Sync 1 DAGs
[2025-06-13T21:26:08.110-0400] {logging_mixin.py:190} INFO - [2025-06-13T21:26:08.110-0400] {dag.py:4180} INFO - Setting next_dagrun for example_workday_timetable to 2021-01-04T00:00:00+00:00, run_after=2021-01-05T00:00:00+00:00
[2025-06-13T21:26:08.162-0400] {processor.py:208} INFO - Processing /Users/pranavr/.pyenv/versions/3.11.6/lib/python3.11/site-packages/airflow/example_dags/example_workday_timetable.py took 414.577 seconds
[2025-06-13T21:28:50.628-0400] {processor.py:186} INFO - Started process (PID=26728) to work on /Users/pranavr/.pyenv/versions/3.11.6/lib/python3.11/site-packages/airflow/example_dags/example_workday_timetable.py
[2025-06-13T21:28:50.630-0400] {processor.py:914} INFO - Processing file /Users/pranavr/.pyenv/versions/3.11.6/lib/python3.11/site-packages/airflow/example_dags/example_workday_timetable.py for tasks to queue
[2025-06-13T21:28:50.632-0400] {logging_mixin.py:190} INFO - [2025-06-13T21:28:50.631-0400] {dagbag.py:588} INFO - Filling up the DagBag from /Users/pranavr/.pyenv/versions/3.11.6/lib/python3.11/site-packages/airflow/example_dags/example_workday_timetable.py
[2025-06-13T21:28:51.176-0400] {processor.py:925} INFO - DAG(s) 'example_workday_timetable' retrieved from /Users/pranavr/.pyenv/versions/3.11.6/lib/python3.11/site-packages/airflow/example_dags/example_workday_timetable.py
[2025-06-13T21:28:51.226-0400] {logging_mixin.py:190} INFO - [2025-06-13T21:28:51.225-0400] {dag.py:3239} INFO - Sync 1 DAGs
[2025-06-13T21:28:51.251-0400] {logging_mixin.py:190} INFO - [2025-06-13T21:28:51.251-0400] {dag.py:4180} INFO - Setting next_dagrun for example_workday_timetable to 2021-01-04T00:00:00+00:00, run_after=2021-01-05T00:00:00+00:00
[2025-06-13T21:28:51.306-0400] {processor.py:208} INFO - Processing /Users/pranavr/.pyenv/versions/3.11.6/lib/python3.11/site-packages/airflow/example_dags/example_workday_timetable.py took 680.181 seconds
[2025-06-13T21:30:24.794-0400] {processor.py:186} INFO - Started process (PID=26913) to work on /Users/pranavr/.pyenv/versions/3.11.6/lib/python3.11/site-packages/airflow/example_dags/example_workday_timetable.py
[2025-06-13T21:30:24.796-0400] {processor.py:914} INFO - Processing file /Users/pranavr/.pyenv/versions/3.11.6/lib/python3.11/site-packages/airflow/example_dags/example_workday_timetable.py for tasks to queue
[2025-06-13T21:30:24.796-0400] {logging_mixin.py:190} INFO - [2025-06-13T21:30:24.796-0400] {dagbag.py:588} INFO - Filling up the DagBag from /Users/pranavr/.pyenv/versions/3.11.6/lib/python3.11/site-packages/airflow/example_dags/example_workday_timetable.py
[2025-06-13T21:30:25.374-0400] {processor.py:925} INFO - DAG(s) 'example_workday_timetable' retrieved from /Users/pranavr/.pyenv/versions/3.11.6/lib/python3.11/site-packages/airflow/example_dags/example_workday_timetable.py
[2025-06-13T21:30:25.438-0400] {logging_mixin.py:190} INFO - [2025-06-13T21:30:25.437-0400] {dag.py:3239} INFO - Sync 1 DAGs
[2025-06-13T21:30:25.468-0400] {logging_mixin.py:190} INFO - [2025-06-13T21:30:25.468-0400] {dag.py:4180} INFO - Setting next_dagrun for example_workday_timetable to 2021-01-04T00:00:00+00:00, run_after=2021-01-05T00:00:00+00:00
[2025-06-13T21:30:25.542-0400] {processor.py:208} INFO - Processing /Users/pranavr/.pyenv/versions/3.11.6/lib/python3.11/site-packages/airflow/example_dags/example_workday_timetable.py took 749.383 seconds
[2025-06-13T21:32:03.605-0400] {processor.py:186} INFO - Started process (PID=27122) to work on /Users/pranavr/.pyenv/versions/3.11.6/lib/python3.11/site-packages/airflow/example_dags/example_workday_timetable.py
[2025-06-13T21:32:03.609-0400] {processor.py:914} INFO - Processing file /Users/pranavr/.pyenv/versions/3.11.6/lib/python3.11/site-packages/airflow/example_dags/example_workday_timetable.py for tasks to queue
[2025-06-13T21:32:03.609-0400] {logging_mixin.py:190} INFO - [2025-06-13T21:32:03.609-0400] {dagbag.py:588} INFO - Filling up the DagBag from /Users/pranavr/.pyenv/versions/3.11.6/lib/python3.11/site-packages/airflow/example_dags/example_workday_timetable.py
[2025-06-13T21:32:04.171-0400] {processor.py:925} INFO - DAG(s) 'example_workday_timetable' retrieved from /Users/pranavr/.pyenv/versions/3.11.6/lib/python3.11/site-packages/airflow/example_dags/example_workday_timetable.py
[2025-06-13T21:32:04.221-0400] {logging_mixin.py:190} INFO - [2025-06-13T21:32:04.221-0400] {dag.py:3239} INFO - Sync 1 DAGs
[2025-06-13T21:32:04.245-0400] {logging_mixin.py:190} INFO - [2025-06-13T21:32:04.245-0400] {dag.py:4180} INFO - Setting next_dagrun for example_workday_timetable to 2021-01-04T00:00:00+00:00, run_after=2021-01-05T00:00:00+00:00
[2025-06-13T21:32:04.309-0400] {processor.py:208} INFO - Processing /Users/pranavr/.pyenv/versions/3.11.6/lib/python3.11/site-packages/airflow/example_dags/example_workday_timetable.py took 706.399 seconds
[2025-06-13T21:33:49.842-0400] {processor.py:186} INFO - Started process (PID=27279) to work on /Users/pranavr/.pyenv/versions/3.11.6/lib/python3.11/site-packages/airflow/example_dags/example_workday_timetable.py
[2025-06-13T21:33:49.844-0400] {processor.py:914} INFO - Processing file /Users/pranavr/.pyenv/versions/3.11.6/lib/python3.11/site-packages/airflow/example_dags/example_workday_timetable.py for tasks to queue
[2025-06-13T21:33:49.845-0400] {logging_mixin.py:190} INFO - [2025-06-13T21:33:49.845-0400] {dagbag.py:588} INFO - Filling up the DagBag from /Users/pranavr/.pyenv/versions/3.11.6/lib/python3.11/site-packages/airflow/example_dags/example_workday_timetable.py
[2025-06-13T21:33:50.587-0400] {processor.py:925} INFO - DAG(s) 'example_workday_timetable' retrieved from /Users/pranavr/.pyenv/versions/3.11.6/lib/python3.11/site-packages/airflow/example_dags/example_workday_timetable.py
[2025-06-13T21:33:50.672-0400] {logging_mixin.py:190} INFO - [2025-06-13T21:33:50.672-0400] {dag.py:3239} INFO - Sync 1 DAGs
[2025-06-13T21:33:50.708-0400] {logging_mixin.py:190} INFO - [2025-06-13T21:33:50.708-0400] {dag.py:4180} INFO - Setting next_dagrun for example_workday_timetable to 2021-01-04T00:00:00+00:00, run_after=2021-01-05T00:00:00+00:00
[2025-06-13T21:33:50.808-0400] {processor.py:208} INFO - Processing /Users/pranavr/.pyenv/versions/3.11.6/lib/python3.11/site-packages/airflow/example_dags/example_workday_timetable.py took 967.724 seconds
[2025-06-13T21:35:38.313-0400] {processor.py:186} INFO - Started process (PID=27436) to work on /Users/pranavr/.pyenv/versions/3.11.6/lib/python3.11/site-packages/airflow/example_dags/example_workday_timetable.py
[2025-06-13T21:35:38.316-0400] {processor.py:914} INFO - Processing file /Users/pranavr/.pyenv/versions/3.11.6/lib/python3.11/site-packages/airflow/example_dags/example_workday_timetable.py for tasks to queue
[2025-06-13T21:35:38.316-0400] {logging_mixin.py:190} INFO - [2025-06-13T21:35:38.316-0400] {dagbag.py:588} INFO - Filling up the DagBag from /Users/pranavr/.pyenv/versions/3.11.6/lib/python3.11/site-packages/airflow/example_dags/example_workday_timetable.py
[2025-06-13T21:35:38.629-0400] {processor.py:925} INFO - DAG(s) 'example_workday_timetable' retrieved from /Users/pranavr/.pyenv/versions/3.11.6/lib/python3.11/site-packages/airflow/example_dags/example_workday_timetable.py
[2025-06-13T21:35:38.674-0400] {logging_mixin.py:190} INFO - [2025-06-13T21:35:38.674-0400] {dag.py:3239} INFO - Sync 1 DAGs
[2025-06-13T21:35:38.700-0400] {logging_mixin.py:190} INFO - [2025-06-13T21:35:38.700-0400] {dag.py:4180} INFO - Setting next_dagrun for example_workday_timetable to 2021-01-04T00:00:00+00:00, run_after=2021-01-05T00:00:00+00:00
[2025-06-13T21:35:38.760-0400] {processor.py:208} INFO - Processing /Users/pranavr/.pyenv/versions/3.11.6/lib/python3.11/site-packages/airflow/example_dags/example_workday_timetable.py took 447.651 seconds
[2025-06-13T21:39:44.133-0400] {processor.py:186} INFO - Started process (PID=28278) to work on /Users/pranavr/.pyenv/versions/3.11.6/lib/python3.11/site-packages/airflow/example_dags/example_workday_timetable.py
[2025-06-13T21:39:44.135-0400] {processor.py:914} INFO - Processing file /Users/pranavr/.pyenv/versions/3.11.6/lib/python3.11/site-packages/airflow/example_dags/example_workday_timetable.py for tasks to queue
[2025-06-13T21:39:44.136-0400] {logging_mixin.py:190} INFO - [2025-06-13T21:39:44.136-0400] {dagbag.py:588} INFO - Filling up the DagBag from /Users/pranavr/.pyenv/versions/3.11.6/lib/python3.11/site-packages/airflow/example_dags/example_workday_timetable.py
[2025-06-13T21:39:44.390-0400] {processor.py:925} INFO - DAG(s) 'example_workday_timetable' retrieved from /Users/pranavr/.pyenv/versions/3.11.6/lib/python3.11/site-packages/airflow/example_dags/example_workday_timetable.py
[2025-06-13T21:39:44.435-0400] {logging_mixin.py:190} INFO - [2025-06-13T21:39:44.434-0400] {dag.py:3239} INFO - Sync 1 DAGs
[2025-06-13T21:39:44.472-0400] {logging_mixin.py:190} INFO - [2025-06-13T21:39:44.472-0400] {dag.py:4180} INFO - Setting next_dagrun for example_workday_timetable to 2021-01-04T00:00:00+00:00, run_after=2021-01-05T00:00:00+00:00
[2025-06-13T21:39:44.530-0400] {processor.py:208} INFO - Processing /Users/pranavr/.pyenv/versions/3.11.6/lib/python3.11/site-packages/airflow/example_dags/example_workday_timetable.py took 398.244 seconds
[2025-06-13T21:41:43.680-0400] {processor.py:186} INFO - Started process (PID=28784) to work on /Users/pranavr/.pyenv/versions/3.11.6/lib/python3.11/site-packages/airflow/example_dags/example_workday_timetable.py
[2025-06-13T21:41:43.682-0400] {processor.py:914} INFO - Processing file /Users/pranavr/.pyenv/versions/3.11.6/lib/python3.11/site-packages/airflow/example_dags/example_workday_timetable.py for tasks to queue
[2025-06-13T21:41:43.683-0400] {logging_mixin.py:190} INFO - [2025-06-13T21:41:43.683-0400] {dagbag.py:588} INFO - Filling up the DagBag from /Users/pranavr/.pyenv/versions/3.11.6/lib/python3.11/site-packages/airflow/example_dags/example_workday_timetable.py
[2025-06-13T21:41:44.009-0400] {processor.py:925} INFO - DAG(s) 'example_workday_timetable' retrieved from /Users/pranavr/.pyenv/versions/3.11.6/lib/python3.11/site-packages/airflow/example_dags/example_workday_timetable.py
[2025-06-13T21:41:44.056-0400] {logging_mixin.py:190} INFO - [2025-06-13T21:41:44.056-0400] {dag.py:3239} INFO - Sync 1 DAGs
[2025-06-13T21:41:44.075-0400] {logging_mixin.py:190} INFO - [2025-06-13T21:41:44.075-0400] {dag.py:4180} INFO - Setting next_dagrun for example_workday_timetable to 2021-01-04T00:00:00+00:00, run_after=2021-01-05T00:00:00+00:00
[2025-06-13T21:41:44.153-0400] {processor.py:208} INFO - Processing /Users/pranavr/.pyenv/versions/3.11.6/lib/python3.11/site-packages/airflow/example_dags/example_workday_timetable.py took 475.679 seconds
[2025-06-13T21:43:15.732-0400] {processor.py:186} INFO - Started process (PID=29125) to work on /Users/pranavr/.pyenv/versions/3.11.6/lib/python3.11/site-packages/airflow/example_dags/example_workday_timetable.py
[2025-06-13T21:43:15.734-0400] {processor.py:914} INFO - Processing file /Users/pranavr/.pyenv/versions/3.11.6/lib/python3.11/site-packages/airflow/example_dags/example_workday_timetable.py for tasks to queue
[2025-06-13T21:43:15.735-0400] {logging_mixin.py:190} INFO - [2025-06-13T21:43:15.734-0400] {dagbag.py:588} INFO - Filling up the DagBag from /Users/pranavr/.pyenv/versions/3.11.6/lib/python3.11/site-packages/airflow/example_dags/example_workday_timetable.py
[2025-06-13T21:43:16.115-0400] {processor.py:925} INFO - DAG(s) 'example_workday_timetable' retrieved from /Users/pranavr/.pyenv/versions/3.11.6/lib/python3.11/site-packages/airflow/example_dags/example_workday_timetable.py
[2025-06-13T21:43:16.162-0400] {logging_mixin.py:190} INFO - [2025-06-13T21:43:16.162-0400] {dag.py:3239} INFO - Sync 1 DAGs
[2025-06-13T21:43:16.188-0400] {logging_mixin.py:190} INFO - [2025-06-13T21:43:16.188-0400] {dag.py:4180} INFO - Setting next_dagrun for example_workday_timetable to 2021-01-04T00:00:00+00:00, run_after=2021-01-05T00:00:00+00:00
[2025-06-13T21:43:16.242-0400] {processor.py:208} INFO - Processing /Users/pranavr/.pyenv/versions/3.11.6/lib/python3.11/site-packages/airflow/example_dags/example_workday_timetable.py took 511.840 seconds
