[2025-06-13T21:26:12.308-0400] {processor.py:186} INFO - Started process (PID=26358) to work on /Users/pranavr/.pyenv/versions/3.11.6/lib/python3.11/site-packages/airflow/example_dags/example_trigger_controller_dag.py
[2025-06-13T21:26:12.310-0400] {processor.py:914} INFO - Processing file /Users/pranavr/.pyenv/versions/3.11.6/lib/python3.11/site-packages/airflow/example_dags/example_trigger_controller_dag.py for tasks to queue
[2025-06-13T21:26:12.310-0400] {logging_mixin.py:190} INFO - [2025-06-13T21:26:12.310-0400] {dagbag.py:588} INFO - Filling up the DagBag from /Users/pranavr/.pyenv/versions/3.11.6/lib/python3.11/site-packages/airflow/example_dags/example_trigger_controller_dag.py
[2025-06-13T21:26:12.316-0400] {processor.py:925} INFO - DAG(s) 'example_trigger_controller_dag' retrieved from /Users/pranavr/.pyenv/versions/3.11.6/lib/python3.11/site-packages/airflow/example_dags/example_trigger_controller_dag.py
[2025-06-13T21:26:12.396-0400] {logging_mixin.py:190} INFO - [2025-06-13T21:26:12.396-0400] {dag.py:3239} INFO - Sync 1 DAGs
[2025-06-13T21:26:12.406-0400] {logging_mixin.py:190} INFO - [2025-06-13T21:26:12.406-0400] {dag.py:4180} INFO - Setting next_dagrun for example_trigger_controller_dag to 2021-01-01T00:00:00+00:00, run_after=2021-01-01T00:00:00+00:00
[2025-06-13T21:26:12.415-0400] {processor.py:208} INFO - Processing /Users/pranavr/.pyenv/versions/3.11.6/lib/python3.11/site-packages/airflow/example_dags/example_trigger_controller_dag.py took 108.526 seconds
[2025-06-13T21:28:54.969-0400] {processor.py:186} INFO - Started process (PID=26761) to work on /Users/pranavr/.pyenv/versions/3.11.6/lib/python3.11/site-packages/airflow/example_dags/example_trigger_controller_dag.py
[2025-06-13T21:28:54.971-0400] {processor.py:914} INFO - Processing file /Users/pranavr/.pyenv/versions/3.11.6/lib/python3.11/site-packages/airflow/example_dags/example_trigger_controller_dag.py for tasks to queue
[2025-06-13T21:28:54.972-0400] {logging_mixin.py:190} INFO - [2025-06-13T21:28:54.972-0400] {dagbag.py:588} INFO - Filling up the DagBag from /Users/pranavr/.pyenv/versions/3.11.6/lib/python3.11/site-packages/airflow/example_dags/example_trigger_controller_dag.py
[2025-06-13T21:28:54.978-0400] {processor.py:925} INFO - DAG(s) 'example_trigger_controller_dag' retrieved from /Users/pranavr/.pyenv/versions/3.11.6/lib/python3.11/site-packages/airflow/example_dags/example_trigger_controller_dag.py
[2025-06-13T21:28:55.063-0400] {logging_mixin.py:190} INFO - [2025-06-13T21:28:55.062-0400] {dag.py:3239} INFO - Sync 1 DAGs
[2025-06-13T21:28:55.072-0400] {logging_mixin.py:190} INFO - [2025-06-13T21:28:55.072-0400] {dag.py:4180} INFO - Setting next_dagrun for example_trigger_controller_dag to 2021-01-01T00:00:00+00:00, run_after=2021-01-01T00:00:00+00:00
[2025-06-13T21:28:55.081-0400] {processor.py:208} INFO - Processing /Users/pranavr/.pyenv/versions/3.11.6/lib/python3.11/site-packages/airflow/example_dags/example_trigger_controller_dag.py took 114.624 seconds
[2025-06-13T21:30:29.658-0400] {processor.py:186} INFO - Started process (PID=26923) to work on /Users/pranavr/.pyenv/versions/3.11.6/lib/python3.11/site-packages/airflow/example_dags/example_trigger_controller_dag.py
[2025-06-13T21:30:29.660-0400] {processor.py:914} INFO - Processing file /Users/pranavr/.pyenv/versions/3.11.6/lib/python3.11/site-packages/airflow/example_dags/example_trigger_controller_dag.py for tasks to queue
[2025-06-13T21:30:29.661-0400] {logging_mixin.py:190} INFO - [2025-06-13T21:30:29.661-0400] {dagbag.py:588} INFO - Filling up the DagBag from /Users/pranavr/.pyenv/versions/3.11.6/lib/python3.11/site-packages/airflow/example_dags/example_trigger_controller_dag.py
[2025-06-13T21:30:29.666-0400] {processor.py:925} INFO - DAG(s) 'example_trigger_controller_dag' retrieved from /Users/pranavr/.pyenv/versions/3.11.6/lib/python3.11/site-packages/airflow/example_dags/example_trigger_controller_dag.py
[2025-06-13T21:30:29.747-0400] {logging_mixin.py:190} INFO - [2025-06-13T21:30:29.747-0400] {dag.py:3239} INFO - Sync 1 DAGs
[2025-06-13T21:30:29.756-0400] {logging_mixin.py:190} INFO - [2025-06-13T21:30:29.756-0400] {dag.py:4180} INFO - Setting next_dagrun for example_trigger_controller_dag to 2021-01-01T00:00:00+00:00, run_after=2021-01-01T00:00:00+00:00
[2025-06-13T21:30:29.767-0400] {processor.py:208} INFO - Processing /Users/pranavr/.pyenv/versions/3.11.6/lib/python3.11/site-packages/airflow/example_dags/example_trigger_controller_dag.py took 110.252 seconds
[2025-06-13T21:32:07.759-0400] {processor.py:186} INFO - Started process (PID=27128) to work on /Users/pranavr/.pyenv/versions/3.11.6/lib/python3.11/site-packages/airflow/example_dags/example_trigger_controller_dag.py
[2025-06-13T21:32:07.762-0400] {processor.py:914} INFO - Processing file /Users/pranavr/.pyenv/versions/3.11.6/lib/python3.11/site-packages/airflow/example_dags/example_trigger_controller_dag.py for tasks to queue
[2025-06-13T21:32:07.763-0400] {logging_mixin.py:190} INFO - [2025-06-13T21:32:07.763-0400] {dagbag.py:588} INFO - Filling up the DagBag from /Users/pranavr/.pyenv/versions/3.11.6/lib/python3.11/site-packages/airflow/example_dags/example_trigger_controller_dag.py
[2025-06-13T21:32:07.770-0400] {processor.py:925} INFO - DAG(s) 'example_trigger_controller_dag' retrieved from /Users/pranavr/.pyenv/versions/3.11.6/lib/python3.11/site-packages/airflow/example_dags/example_trigger_controller_dag.py
[2025-06-13T21:32:07.860-0400] {logging_mixin.py:190} INFO - [2025-06-13T21:32:07.860-0400] {dag.py:3239} INFO - Sync 1 DAGs
[2025-06-13T21:32:07.870-0400] {logging_mixin.py:190} INFO - [2025-06-13T21:32:07.870-0400] {dag.py:4180} INFO - Setting next_dagrun for example_trigger_controller_dag to 2021-01-01T00:00:00+00:00, run_after=2021-01-01T00:00:00+00:00
[2025-06-13T21:32:07.878-0400] {processor.py:208} INFO - Processing /Users/pranavr/.pyenv/versions/3.11.6/lib/python3.11/site-packages/airflow/example_dags/example_trigger_controller_dag.py took 120.046 seconds
[2025-06-13T21:33:55.776-0400] {processor.py:186} INFO - Started process (PID=27307) to work on /Users/pranavr/.pyenv/versions/3.11.6/lib/python3.11/site-packages/airflow/example_dags/example_trigger_controller_dag.py
[2025-06-13T21:33:55.778-0400] {processor.py:914} INFO - Processing file /Users/pranavr/.pyenv/versions/3.11.6/lib/python3.11/site-packages/airflow/example_dags/example_trigger_controller_dag.py for tasks to queue
[2025-06-13T21:33:55.778-0400] {logging_mixin.py:190} INFO - [2025-06-13T21:33:55.778-0400] {dagbag.py:588} INFO - Filling up the DagBag from /Users/pranavr/.pyenv/versions/3.11.6/lib/python3.11/site-packages/airflow/example_dags/example_trigger_controller_dag.py
[2025-06-13T21:33:55.785-0400] {processor.py:925} INFO - DAG(s) 'example_trigger_controller_dag' retrieved from /Users/pranavr/.pyenv/versions/3.11.6/lib/python3.11/site-packages/airflow/example_dags/example_trigger_controller_dag.py
[2025-06-13T21:33:55.871-0400] {logging_mixin.py:190} INFO - [2025-06-13T21:33:55.871-0400] {dag.py:3239} INFO - Sync 1 DAGs
[2025-06-13T21:33:55.879-0400] {logging_mixin.py:190} INFO - [2025-06-13T21:33:55.879-0400] {dag.py:4180} INFO - Setting next_dagrun for example_trigger_controller_dag to 2021-01-01T00:00:00+00:00, run_after=2021-01-01T00:00:00+00:00
[2025-06-13T21:33:55.886-0400] {processor.py:208} INFO - Processing /Users/pranavr/.pyenv/versions/3.11.6/lib/python3.11/site-packages/airflow/example_dags/example_trigger_controller_dag.py took 112.081 seconds
[2025-06-13T21:35:42.326-0400] {processor.py:186} INFO - Started process (PID=27446) to work on /Users/pranavr/.pyenv/versions/3.11.6/lib/python3.11/site-packages/airflow/example_dags/example_trigger_controller_dag.py
[2025-06-13T21:35:42.328-0400] {processor.py:914} INFO - Processing file /Users/pranavr/.pyenv/versions/3.11.6/lib/python3.11/site-packages/airflow/example_dags/example_trigger_controller_dag.py for tasks to queue
[2025-06-13T21:35:42.329-0400] {logging_mixin.py:190} INFO - [2025-06-13T21:35:42.329-0400] {dagbag.py:588} INFO - Filling up the DagBag from /Users/pranavr/.pyenv/versions/3.11.6/lib/python3.11/site-packages/airflow/example_dags/example_trigger_controller_dag.py
[2025-06-13T21:35:42.334-0400] {processor.py:925} INFO - DAG(s) 'example_trigger_controller_dag' retrieved from /Users/pranavr/.pyenv/versions/3.11.6/lib/python3.11/site-packages/airflow/example_dags/example_trigger_controller_dag.py
[2025-06-13T21:35:42.410-0400] {logging_mixin.py:190} INFO - [2025-06-13T21:35:42.409-0400] {dag.py:3239} INFO - Sync 1 DAGs
[2025-06-13T21:35:42.419-0400] {logging_mixin.py:190} INFO - [2025-06-13T21:35:42.418-0400] {dag.py:4180} INFO - Setting next_dagrun for example_trigger_controller_dag to 2021-01-01T00:00:00+00:00, run_after=2021-01-01T00:00:00+00:00
[2025-06-13T21:35:42.427-0400] {processor.py:208} INFO - Processing /Users/pranavr/.pyenv/versions/3.11.6/lib/python3.11/site-packages/airflow/example_dags/example_trigger_controller_dag.py took 102.413 seconds
[2025-06-13T21:39:48.335-0400] {processor.py:186} INFO - Started process (PID=28282) to work on /Users/pranavr/.pyenv/versions/3.11.6/lib/python3.11/site-packages/airflow/example_dags/example_trigger_controller_dag.py
[2025-06-13T21:39:48.338-0400] {processor.py:914} INFO - Processing file /Users/pranavr/.pyenv/versions/3.11.6/lib/python3.11/site-packages/airflow/example_dags/example_trigger_controller_dag.py for tasks to queue
[2025-06-13T21:39:48.339-0400] {logging_mixin.py:190} INFO - [2025-06-13T21:39:48.338-0400] {dagbag.py:588} INFO - Filling up the DagBag from /Users/pranavr/.pyenv/versions/3.11.6/lib/python3.11/site-packages/airflow/example_dags/example_trigger_controller_dag.py
[2025-06-13T21:39:48.345-0400] {processor.py:925} INFO - DAG(s) 'example_trigger_controller_dag' retrieved from /Users/pranavr/.pyenv/versions/3.11.6/lib/python3.11/site-packages/airflow/example_dags/example_trigger_controller_dag.py
[2025-06-13T21:39:48.430-0400] {logging_mixin.py:190} INFO - [2025-06-13T21:39:48.430-0400] {dag.py:3239} INFO - Sync 1 DAGs
[2025-06-13T21:39:48.440-0400] {logging_mixin.py:190} INFO - [2025-06-13T21:39:48.439-0400] {dag.py:4180} INFO - Setting next_dagrun for example_trigger_controller_dag to 2021-01-01T00:00:00+00:00, run_after=2021-01-01T00:00:00+00:00
[2025-06-13T21:39:48.449-0400] {processor.py:208} INFO - Processing /Users/pranavr/.pyenv/versions/3.11.6/lib/python3.11/site-packages/airflow/example_dags/example_trigger_controller_dag.py took 115.913 seconds
[2025-06-13T21:41:48.321-0400] {processor.py:186} INFO - Started process (PID=28792) to work on /Users/pranavr/.pyenv/versions/3.11.6/lib/python3.11/site-packages/airflow/example_dags/example_trigger_controller_dag.py
[2025-06-13T21:41:48.323-0400] {processor.py:914} INFO - Processing file /Users/pranavr/.pyenv/versions/3.11.6/lib/python3.11/site-packages/airflow/example_dags/example_trigger_controller_dag.py for tasks to queue
[2025-06-13T21:41:48.324-0400] {logging_mixin.py:190} INFO - [2025-06-13T21:41:48.324-0400] {dagbag.py:588} INFO - Filling up the DagBag from /Users/pranavr/.pyenv/versions/3.11.6/lib/python3.11/site-packages/airflow/example_dags/example_trigger_controller_dag.py
[2025-06-13T21:41:48.329-0400] {processor.py:925} INFO - DAG(s) 'example_trigger_controller_dag' retrieved from /Users/pranavr/.pyenv/versions/3.11.6/lib/python3.11/site-packages/airflow/example_dags/example_trigger_controller_dag.py
[2025-06-13T21:41:48.409-0400] {logging_mixin.py:190} INFO - [2025-06-13T21:41:48.409-0400] {dag.py:3239} INFO - Sync 1 DAGs
[2025-06-13T21:41:48.417-0400] {logging_mixin.py:190} INFO - [2025-06-13T21:41:48.417-0400] {dag.py:4180} INFO - Setting next_dagrun for example_trigger_controller_dag to 2021-01-01T00:00:00+00:00, run_after=2021-01-01T00:00:00+00:00
[2025-06-13T21:41:48.426-0400] {processor.py:208} INFO - Processing /Users/pranavr/.pyenv/versions/3.11.6/lib/python3.11/site-packages/airflow/example_dags/example_trigger_controller_dag.py took 106.998 seconds
[2025-06-13T21:43:20.349-0400] {processor.py:186} INFO - Started process (PID=29135) to work on /Users/pranavr/.pyenv/versions/3.11.6/lib/python3.11/site-packages/airflow/example_dags/example_trigger_controller_dag.py
[2025-06-13T21:43:20.351-0400] {processor.py:914} INFO - Processing file /Users/pranavr/.pyenv/versions/3.11.6/lib/python3.11/site-packages/airflow/example_dags/example_trigger_controller_dag.py for tasks to queue
[2025-06-13T21:43:20.351-0400] {logging_mixin.py:190} INFO - [2025-06-13T21:43:20.351-0400] {dagbag.py:588} INFO - Filling up the DagBag from /Users/pranavr/.pyenv/versions/3.11.6/lib/python3.11/site-packages/airflow/example_dags/example_trigger_controller_dag.py
[2025-06-13T21:43:20.356-0400] {processor.py:925} INFO - DAG(s) 'example_trigger_controller_dag' retrieved from /Users/pranavr/.pyenv/versions/3.11.6/lib/python3.11/site-packages/airflow/example_dags/example_trigger_controller_dag.py
[2025-06-13T21:43:20.433-0400] {logging_mixin.py:190} INFO - [2025-06-13T21:43:20.433-0400] {dag.py:3239} INFO - Sync 1 DAGs
[2025-06-13T21:43:20.440-0400] {logging_mixin.py:190} INFO - [2025-06-13T21:43:20.440-0400] {dag.py:4180} INFO - Setting next_dagrun for example_trigger_controller_dag to 2021-01-01T00:00:00+00:00, run_after=2021-01-01T00:00:00+00:00
[2025-06-13T21:43:20.450-0400] {processor.py:208} INFO - Processing /Users/pranavr/.pyenv/versions/3.11.6/lib/python3.11/site-packages/airflow/example_dags/example_trigger_controller_dag.py took 102.937 seconds
