[2025-06-13T21:27:58.594-0400] {processor.py:186} INFO - Started process (PID=26578) to work on /Users/pranavr/.pyenv/versions/3.11.6/lib/python3.11/site-packages/airflow/example_dags/example_dag_decorator.py
[2025-06-13T21:27:58.596-0400] {processor.py:914} INFO - Processing file /Users/pranavr/.pyenv/versions/3.11.6/lib/python3.11/site-packages/airflow/example_dags/example_dag_decorator.py for tasks to queue
[2025-06-13T21:27:58.597-0400] {logging_mixin.py:190} INFO - [2025-06-13T21:27:58.597-0400] {dagbag.py:588} INFO - Filling up the DagBag from /Users/pranavr/.pyenv/versions/3.11.6/lib/python3.11/site-packages/airflow/example_dags/example_dag_decorator.py
[2025-06-13T21:27:58.725-0400] {processor.py:925} INFO - DAG(s) 'example_dag_decorator' retrieved from /Users/pranavr/.pyenv/versions/3.11.6/lib/python3.11/site-packages/airflow/example_dags/example_dag_decorator.py
[2025-06-13T21:27:58.830-0400] {logging_mixin.py:190} INFO - [2025-06-13T21:27:58.829-0400] {dag.py:3239} INFO - Sync 1 DAGs
[2025-06-13T21:27:58.834-0400] {logging_mixin.py:190} INFO - [2025-06-13T21:27:58.834-0400] {dag.py:4180} INFO - Setting next_dagrun for example_dag_decorator to None, run_after=None
[2025-06-13T21:27:58.844-0400] {processor.py:208} INFO - Processing /Users/pranavr/.pyenv/versions/3.11.6/lib/python3.11/site-packages/airflow/example_dags/example_dag_decorator.py took 251.340 seconds
[2025-06-13T21:31:08.311-0400] {processor.py:186} INFO - Started process (PID=27001) to work on /Users/pranavr/.pyenv/versions/3.11.6/lib/python3.11/site-packages/airflow/example_dags/example_dag_decorator.py
[2025-06-13T21:31:08.313-0400] {processor.py:914} INFO - Processing file /Users/pranavr/.pyenv/versions/3.11.6/lib/python3.11/site-packages/airflow/example_dags/example_dag_decorator.py for tasks to queue
[2025-06-13T21:31:08.314-0400] {logging_mixin.py:190} INFO - [2025-06-13T21:31:08.314-0400] {dagbag.py:588} INFO - Filling up the DagBag from /Users/pranavr/.pyenv/versions/3.11.6/lib/python3.11/site-packages/airflow/example_dags/example_dag_decorator.py
[2025-06-13T21:31:08.422-0400] {processor.py:925} INFO - DAG(s) 'example_dag_decorator' retrieved from /Users/pranavr/.pyenv/versions/3.11.6/lib/python3.11/site-packages/airflow/example_dags/example_dag_decorator.py
[2025-06-13T21:31:08.516-0400] {logging_mixin.py:190} INFO - [2025-06-13T21:31:08.516-0400] {dag.py:3239} INFO - Sync 1 DAGs
[2025-06-13T21:31:08.520-0400] {logging_mixin.py:190} INFO - [2025-06-13T21:31:08.520-0400] {dag.py:4180} INFO - Setting next_dagrun for example_dag_decorator to None, run_after=None
[2025-06-13T21:31:08.529-0400] {processor.py:208} INFO - Processing /Users/pranavr/.pyenv/versions/3.11.6/lib/python3.11/site-packages/airflow/example_dags/example_dag_decorator.py took 219.832 seconds
[2025-06-13T21:34:44.667-0400] {processor.py:186} INFO - Started process (PID=27360) to work on /Users/pranavr/.pyenv/versions/3.11.6/lib/python3.11/site-packages/airflow/example_dags/example_dag_decorator.py
[2025-06-13T21:34:44.669-0400] {processor.py:914} INFO - Processing file /Users/pranavr/.pyenv/versions/3.11.6/lib/python3.11/site-packages/airflow/example_dags/example_dag_decorator.py for tasks to queue
[2025-06-13T21:34:44.670-0400] {logging_mixin.py:190} INFO - [2025-06-13T21:34:44.670-0400] {dagbag.py:588} INFO - Filling up the DagBag from /Users/pranavr/.pyenv/versions/3.11.6/lib/python3.11/site-packages/airflow/example_dags/example_dag_decorator.py
[2025-06-13T21:34:44.859-0400] {processor.py:925} INFO - DAG(s) 'example_dag_decorator' retrieved from /Users/pranavr/.pyenv/versions/3.11.6/lib/python3.11/site-packages/airflow/example_dags/example_dag_decorator.py
[2025-06-13T21:34:44.977-0400] {logging_mixin.py:190} INFO - [2025-06-13T21:34:44.977-0400] {dag.py:3239} INFO - Sync 1 DAGs
[2025-06-13T21:34:44.982-0400] {logging_mixin.py:190} INFO - [2025-06-13T21:34:44.982-0400] {dag.py:4180} INFO - Setting next_dagrun for example_dag_decorator to None, run_after=None
[2025-06-13T21:34:44.992-0400] {processor.py:208} INFO - Processing /Users/pranavr/.pyenv/versions/3.11.6/lib/python3.11/site-packages/airflow/example_dags/example_dag_decorator.py took 327.600 seconds
[2025-06-13T21:40:53.392-0400] {processor.py:186} INFO - Started process (PID=28686) to work on /Users/pranavr/.pyenv/versions/3.11.6/lib/python3.11/site-packages/airflow/example_dags/example_dag_decorator.py
[2025-06-13T21:40:53.395-0400] {processor.py:914} INFO - Processing file /Users/pranavr/.pyenv/versions/3.11.6/lib/python3.11/site-packages/airflow/example_dags/example_dag_decorator.py for tasks to queue
[2025-06-13T21:40:53.396-0400] {logging_mixin.py:190} INFO - [2025-06-13T21:40:53.396-0400] {dagbag.py:588} INFO - Filling up the DagBag from /Users/pranavr/.pyenv/versions/3.11.6/lib/python3.11/site-packages/airflow/example_dags/example_dag_decorator.py
[2025-06-13T21:40:53.537-0400] {processor.py:925} INFO - DAG(s) 'example_dag_decorator' retrieved from /Users/pranavr/.pyenv/versions/3.11.6/lib/python3.11/site-packages/airflow/example_dags/example_dag_decorator.py
[2025-06-13T21:40:53.626-0400] {logging_mixin.py:190} INFO - [2025-06-13T21:40:53.625-0400] {dag.py:3239} INFO - Sync 1 DAGs
[2025-06-13T21:40:53.630-0400] {logging_mixin.py:190} INFO - [2025-06-13T21:40:53.630-0400] {dag.py:4180} INFO - Setting next_dagrun for example_dag_decorator to None, run_after=None
[2025-06-13T21:40:53.637-0400] {processor.py:208} INFO - Processing /Users/pranavr/.pyenv/versions/3.11.6/lib/python3.11/site-packages/airflow/example_dags/example_dag_decorator.py took 246.994 seconds
