[2025-06-13T20:07:27.257-0400] {processor.py:186} INFO - Started process (PID=24346) to work on /Users/pranavr/.pyenv/versions/3.11.6/lib/python3.11/site-packages/airflow/example_dags/example_time_delta_sensor_async.py
[2025-06-13T20:07:27.259-0400] {processor.py:914} INFO - Processing file /Users/pranavr/.pyenv/versions/3.11.6/lib/python3.11/site-packages/airflow/example_dags/example_time_delta_sensor_async.py for tasks to queue
[2025-06-13T20:07:27.260-0400] {logging_mixin.py:190} INFO - [2025-06-13T20:07:27.260-0400] {dagbag.py:588} INFO - Filling up the DagBag from /Users/pranavr/.pyenv/versions/3.11.6/lib/python3.11/site-packages/airflow/example_dags/example_time_delta_sensor_async.py
[2025-06-13T20:07:27.265-0400] {processor.py:925} INFO - DAG(s) 'example_time_delta_sensor_async' retrieved from /Users/pranavr/.pyenv/versions/3.11.6/lib/python3.11/site-packages/airflow/example_dags/example_time_delta_sensor_async.py
[2025-06-13T20:07:27.810-0400] {logging_mixin.py:190} INFO - [2025-06-13T20:07:27.810-0400] {dag.py:3239} INFO - Sync 1 DAGs
[2025-06-13T20:07:27.816-0400] {logging_mixin.py:190} INFO - [2025-06-13T20:07:27.816-0400] {dag.py:4180} INFO - Setting next_dagrun for example_time_delta_sensor_async to None, run_after=None
[2025-06-13T20:07:27.826-0400] {processor.py:208} INFO - Processing /Users/pranavr/.pyenv/versions/3.11.6/lib/python3.11/site-packages/airflow/example_dags/example_time_delta_sensor_async.py took 570.479 seconds
[2025-06-13T21:26:14.304-0400] {processor.py:186} INFO - Started process (PID=26362) to work on /Users/pranavr/.pyenv/versions/3.11.6/lib/python3.11/site-packages/airflow/example_dags/example_time_delta_sensor_async.py
[2025-06-13T21:26:14.307-0400] {processor.py:914} INFO - Processing file /Users/pranavr/.pyenv/versions/3.11.6/lib/python3.11/site-packages/airflow/example_dags/example_time_delta_sensor_async.py for tasks to queue
[2025-06-13T21:26:14.307-0400] {logging_mixin.py:190} INFO - [2025-06-13T21:26:14.307-0400] {dagbag.py:588} INFO - Filling up the DagBag from /Users/pranavr/.pyenv/versions/3.11.6/lib/python3.11/site-packages/airflow/example_dags/example_time_delta_sensor_async.py
[2025-06-13T21:26:14.311-0400] {processor.py:925} INFO - DAG(s) 'example_time_delta_sensor_async' retrieved from /Users/pranavr/.pyenv/versions/3.11.6/lib/python3.11/site-packages/airflow/example_dags/example_time_delta_sensor_async.py
[2025-06-13T21:26:14.667-0400] {logging_mixin.py:190} INFO - [2025-06-13T21:26:14.667-0400] {dag.py:3239} INFO - Sync 1 DAGs
[2025-06-13T21:26:14.673-0400] {logging_mixin.py:190} INFO - [2025-06-13T21:26:14.672-0400] {dag.py:4180} INFO - Setting next_dagrun for example_time_delta_sensor_async to None, run_after=None
[2025-06-13T21:26:14.772-0400] {processor.py:208} INFO - Processing /Users/pranavr/.pyenv/versions/3.11.6/lib/python3.11/site-packages/airflow/example_dags/example_time_delta_sensor_async.py took 468.541 seconds
[2025-06-13T21:28:57.111-0400] {processor.py:186} INFO - Started process (PID=26764) to work on /Users/pranavr/.pyenv/versions/3.11.6/lib/python3.11/site-packages/airflow/example_dags/example_time_delta_sensor_async.py
[2025-06-13T21:28:57.113-0400] {processor.py:914} INFO - Processing file /Users/pranavr/.pyenv/versions/3.11.6/lib/python3.11/site-packages/airflow/example_dags/example_time_delta_sensor_async.py for tasks to queue
[2025-06-13T21:28:57.113-0400] {logging_mixin.py:190} INFO - [2025-06-13T21:28:57.113-0400] {dagbag.py:588} INFO - Filling up the DagBag from /Users/pranavr/.pyenv/versions/3.11.6/lib/python3.11/site-packages/airflow/example_dags/example_time_delta_sensor_async.py
[2025-06-13T21:28:57.119-0400] {processor.py:925} INFO - DAG(s) 'example_time_delta_sensor_async' retrieved from /Users/pranavr/.pyenv/versions/3.11.6/lib/python3.11/site-packages/airflow/example_dags/example_time_delta_sensor_async.py
[2025-06-13T21:28:57.539-0400] {logging_mixin.py:190} INFO - [2025-06-13T21:28:57.538-0400] {dag.py:3239} INFO - Sync 1 DAGs
[2025-06-13T21:28:57.544-0400] {logging_mixin.py:190} INFO - [2025-06-13T21:28:57.544-0400] {dag.py:4180} INFO - Setting next_dagrun for example_time_delta_sensor_async to None, run_after=None
[2025-06-13T21:28:57.552-0400] {processor.py:208} INFO - Processing /Users/pranavr/.pyenv/versions/3.11.6/lib/python3.11/site-packages/airflow/example_dags/example_time_delta_sensor_async.py took 443.354 seconds
[2025-06-13T21:30:31.622-0400] {processor.py:186} INFO - Started process (PID=26930) to work on /Users/pranavr/.pyenv/versions/3.11.6/lib/python3.11/site-packages/airflow/example_dags/example_time_delta_sensor_async.py
[2025-06-13T21:30:31.627-0400] {processor.py:914} INFO - Processing file /Users/pranavr/.pyenv/versions/3.11.6/lib/python3.11/site-packages/airflow/example_dags/example_time_delta_sensor_async.py for tasks to queue
[2025-06-13T21:30:31.628-0400] {logging_mixin.py:190} INFO - [2025-06-13T21:30:31.628-0400] {dagbag.py:588} INFO - Filling up the DagBag from /Users/pranavr/.pyenv/versions/3.11.6/lib/python3.11/site-packages/airflow/example_dags/example_time_delta_sensor_async.py
[2025-06-13T21:30:31.633-0400] {processor.py:925} INFO - DAG(s) 'example_time_delta_sensor_async' retrieved from /Users/pranavr/.pyenv/versions/3.11.6/lib/python3.11/site-packages/airflow/example_dags/example_time_delta_sensor_async.py
[2025-06-13T21:30:32.057-0400] {logging_mixin.py:190} INFO - [2025-06-13T21:30:32.057-0400] {dag.py:3239} INFO - Sync 1 DAGs
[2025-06-13T21:30:32.062-0400] {logging_mixin.py:190} INFO - [2025-06-13T21:30:32.062-0400] {dag.py:4180} INFO - Setting next_dagrun for example_time_delta_sensor_async to None, run_after=None
[2025-06-13T21:30:32.071-0400] {processor.py:208} INFO - Processing /Users/pranavr/.pyenv/versions/3.11.6/lib/python3.11/site-packages/airflow/example_dags/example_time_delta_sensor_async.py took 452.291 seconds
[2025-06-13T21:32:10.033-0400] {processor.py:186} INFO - Started process (PID=27137) to work on /Users/pranavr/.pyenv/versions/3.11.6/lib/python3.11/site-packages/airflow/example_dags/example_time_delta_sensor_async.py
[2025-06-13T21:32:10.035-0400] {processor.py:914} INFO - Processing file /Users/pranavr/.pyenv/versions/3.11.6/lib/python3.11/site-packages/airflow/example_dags/example_time_delta_sensor_async.py for tasks to queue
[2025-06-13T21:32:10.036-0400] {logging_mixin.py:190} INFO - [2025-06-13T21:32:10.035-0400] {dagbag.py:588} INFO - Filling up the DagBag from /Users/pranavr/.pyenv/versions/3.11.6/lib/python3.11/site-packages/airflow/example_dags/example_time_delta_sensor_async.py
[2025-06-13T21:32:10.040-0400] {processor.py:925} INFO - DAG(s) 'example_time_delta_sensor_async' retrieved from /Users/pranavr/.pyenv/versions/3.11.6/lib/python3.11/site-packages/airflow/example_dags/example_time_delta_sensor_async.py
[2025-06-13T21:32:10.401-0400] {logging_mixin.py:190} INFO - [2025-06-13T21:32:10.401-0400] {dag.py:3239} INFO - Sync 1 DAGs
[2025-06-13T21:32:10.407-0400] {logging_mixin.py:190} INFO - [2025-06-13T21:32:10.407-0400] {dag.py:4180} INFO - Setting next_dagrun for example_time_delta_sensor_async to None, run_after=None
[2025-06-13T21:32:10.417-0400] {processor.py:208} INFO - Processing /Users/pranavr/.pyenv/versions/3.11.6/lib/python3.11/site-packages/airflow/example_dags/example_time_delta_sensor_async.py took 385.131 seconds
[2025-06-13T21:33:58.113-0400] {processor.py:186} INFO - Started process (PID=27313) to work on /Users/pranavr/.pyenv/versions/3.11.6/lib/python3.11/site-packages/airflow/example_dags/example_time_delta_sensor_async.py
[2025-06-13T21:33:58.115-0400] {processor.py:914} INFO - Processing file /Users/pranavr/.pyenv/versions/3.11.6/lib/python3.11/site-packages/airflow/example_dags/example_time_delta_sensor_async.py for tasks to queue
[2025-06-13T21:33:58.116-0400] {logging_mixin.py:190} INFO - [2025-06-13T21:33:58.116-0400] {dagbag.py:588} INFO - Filling up the DagBag from /Users/pranavr/.pyenv/versions/3.11.6/lib/python3.11/site-packages/airflow/example_dags/example_time_delta_sensor_async.py
[2025-06-13T21:33:58.124-0400] {processor.py:925} INFO - DAG(s) 'example_time_delta_sensor_async' retrieved from /Users/pranavr/.pyenv/versions/3.11.6/lib/python3.11/site-packages/airflow/example_dags/example_time_delta_sensor_async.py
[2025-06-13T21:33:58.663-0400] {logging_mixin.py:190} INFO - [2025-06-13T21:33:58.662-0400] {dag.py:3239} INFO - Sync 1 DAGs
[2025-06-13T21:33:58.673-0400] {logging_mixin.py:190} INFO - [2025-06-13T21:33:58.672-0400] {dag.py:4180} INFO - Setting next_dagrun for example_time_delta_sensor_async to None, run_after=None
[2025-06-13T21:33:58.696-0400] {processor.py:208} INFO - Processing /Users/pranavr/.pyenv/versions/3.11.6/lib/python3.11/site-packages/airflow/example_dags/example_time_delta_sensor_async.py took 585.137 seconds
[2025-06-13T21:35:44.098-0400] {processor.py:186} INFO - Started process (PID=27448) to work on /Users/pranavr/.pyenv/versions/3.11.6/lib/python3.11/site-packages/airflow/example_dags/example_time_delta_sensor_async.py
[2025-06-13T21:35:44.100-0400] {processor.py:914} INFO - Processing file /Users/pranavr/.pyenv/versions/3.11.6/lib/python3.11/site-packages/airflow/example_dags/example_time_delta_sensor_async.py for tasks to queue
[2025-06-13T21:35:44.101-0400] {logging_mixin.py:190} INFO - [2025-06-13T21:35:44.101-0400] {dagbag.py:588} INFO - Filling up the DagBag from /Users/pranavr/.pyenv/versions/3.11.6/lib/python3.11/site-packages/airflow/example_dags/example_time_delta_sensor_async.py
[2025-06-13T21:35:44.106-0400] {processor.py:925} INFO - DAG(s) 'example_time_delta_sensor_async' retrieved from /Users/pranavr/.pyenv/versions/3.11.6/lib/python3.11/site-packages/airflow/example_dags/example_time_delta_sensor_async.py
[2025-06-13T21:35:44.553-0400] {logging_mixin.py:190} INFO - [2025-06-13T21:35:44.553-0400] {dag.py:3239} INFO - Sync 1 DAGs
[2025-06-13T21:35:44.560-0400] {logging_mixin.py:190} INFO - [2025-06-13T21:35:44.560-0400] {dag.py:4180} INFO - Setting next_dagrun for example_time_delta_sensor_async to None, run_after=None
[2025-06-13T21:35:44.568-0400] {processor.py:208} INFO - Processing /Users/pranavr/.pyenv/versions/3.11.6/lib/python3.11/site-packages/airflow/example_dags/example_time_delta_sensor_async.py took 472.239 seconds
[2025-06-13T21:39:50.488-0400] {processor.py:186} INFO - Started process (PID=28288) to work on /Users/pranavr/.pyenv/versions/3.11.6/lib/python3.11/site-packages/airflow/example_dags/example_time_delta_sensor_async.py
[2025-06-13T21:39:50.490-0400] {processor.py:914} INFO - Processing file /Users/pranavr/.pyenv/versions/3.11.6/lib/python3.11/site-packages/airflow/example_dags/example_time_delta_sensor_async.py for tasks to queue
[2025-06-13T21:39:50.490-0400] {logging_mixin.py:190} INFO - [2025-06-13T21:39:50.490-0400] {dagbag.py:588} INFO - Filling up the DagBag from /Users/pranavr/.pyenv/versions/3.11.6/lib/python3.11/site-packages/airflow/example_dags/example_time_delta_sensor_async.py
[2025-06-13T21:39:50.498-0400] {processor.py:925} INFO - DAG(s) 'example_time_delta_sensor_async' retrieved from /Users/pranavr/.pyenv/versions/3.11.6/lib/python3.11/site-packages/airflow/example_dags/example_time_delta_sensor_async.py
[2025-06-13T21:39:50.805-0400] {logging_mixin.py:190} INFO - [2025-06-13T21:39:50.805-0400] {dag.py:3239} INFO - Sync 1 DAGs
[2025-06-13T21:39:50.810-0400] {logging_mixin.py:190} INFO - [2025-06-13T21:39:50.810-0400] {dag.py:4180} INFO - Setting next_dagrun for example_time_delta_sensor_async to None, run_after=None
[2025-06-13T21:39:50.818-0400] {processor.py:208} INFO - Processing /Users/pranavr/.pyenv/versions/3.11.6/lib/python3.11/site-packages/airflow/example_dags/example_time_delta_sensor_async.py took 332.357 seconds
[2025-06-13T21:41:50.293-0400] {processor.py:186} INFO - Started process (PID=28798) to work on /Users/pranavr/.pyenv/versions/3.11.6/lib/python3.11/site-packages/airflow/example_dags/example_time_delta_sensor_async.py
[2025-06-13T21:41:50.295-0400] {processor.py:914} INFO - Processing file /Users/pranavr/.pyenv/versions/3.11.6/lib/python3.11/site-packages/airflow/example_dags/example_time_delta_sensor_async.py for tasks to queue
[2025-06-13T21:41:50.296-0400] {logging_mixin.py:190} INFO - [2025-06-13T21:41:50.296-0400] {dagbag.py:588} INFO - Filling up the DagBag from /Users/pranavr/.pyenv/versions/3.11.6/lib/python3.11/site-packages/airflow/example_dags/example_time_delta_sensor_async.py
[2025-06-13T21:41:50.304-0400] {processor.py:925} INFO - DAG(s) 'example_time_delta_sensor_async' retrieved from /Users/pranavr/.pyenv/versions/3.11.6/lib/python3.11/site-packages/airflow/example_dags/example_time_delta_sensor_async.py
[2025-06-13T21:41:50.702-0400] {logging_mixin.py:190} INFO - [2025-06-13T21:41:50.702-0400] {dag.py:3239} INFO - Sync 1 DAGs
[2025-06-13T21:41:50.707-0400] {logging_mixin.py:190} INFO - [2025-06-13T21:41:50.707-0400] {dag.py:4180} INFO - Setting next_dagrun for example_time_delta_sensor_async to None, run_after=None
[2025-06-13T21:41:50.718-0400] {processor.py:208} INFO - Processing /Users/pranavr/.pyenv/versions/3.11.6/lib/python3.11/site-packages/airflow/example_dags/example_time_delta_sensor_async.py took 429.979 seconds
[2025-06-13T21:43:22.356-0400] {processor.py:186} INFO - Started process (PID=29137) to work on /Users/pranavr/.pyenv/versions/3.11.6/lib/python3.11/site-packages/airflow/example_dags/example_time_delta_sensor_async.py
[2025-06-13T21:43:22.358-0400] {processor.py:914} INFO - Processing file /Users/pranavr/.pyenv/versions/3.11.6/lib/python3.11/site-packages/airflow/example_dags/example_time_delta_sensor_async.py for tasks to queue
[2025-06-13T21:43:22.359-0400] {logging_mixin.py:190} INFO - [2025-06-13T21:43:22.359-0400] {dagbag.py:588} INFO - Filling up the DagBag from /Users/pranavr/.pyenv/versions/3.11.6/lib/python3.11/site-packages/airflow/example_dags/example_time_delta_sensor_async.py
[2025-06-13T21:43:22.363-0400] {processor.py:925} INFO - DAG(s) 'example_time_delta_sensor_async' retrieved from /Users/pranavr/.pyenv/versions/3.11.6/lib/python3.11/site-packages/airflow/example_dags/example_time_delta_sensor_async.py
[2025-06-13T21:43:22.787-0400] {logging_mixin.py:190} INFO - [2025-06-13T21:43:22.787-0400] {dag.py:3239} INFO - Sync 1 DAGs
[2025-06-13T21:43:22.792-0400] {logging_mixin.py:190} INFO - [2025-06-13T21:43:22.792-0400] {dag.py:4180} INFO - Setting next_dagrun for example_time_delta_sensor_async to None, run_after=None
[2025-06-13T21:43:22.805-0400] {processor.py:208} INFO - Processing /Users/pranavr/.pyenv/versions/3.11.6/lib/python3.11/site-packages/airflow/example_dags/example_time_delta_sensor_async.py took 450.523 seconds
