[2025-06-13T20:07:42.989-0400] {processor.py:186} INFO - Started process (PID=24387) to work on /Users/pranavr/.pyenv/versions/3.11.6/lib/python3.11/site-packages/airflow/example_dags/example_short_circuit_decorator.py
[2025-06-13T20:07:42.991-0400] {processor.py:914} INFO - Processing file /Users/pranavr/.pyenv/versions/3.11.6/lib/python3.11/site-packages/airflow/example_dags/example_short_circuit_decorator.py for tasks to queue
[2025-06-13T20:07:42.992-0400] {logging_mixin.py:190} INFO - [2025-06-13T20:07:42.992-0400] {dagbag.py:588} INFO - Filling up the DagBag from /Users/pranavr/.pyenv/versions/3.11.6/lib/python3.11/site-packages/airflow/example_dags/example_short_circuit_decorator.py
[2025-06-13T20:07:43.014-0400] {processor.py:925} INFO - DAG(s) 'example_short_circuit_decorator' retrieved from /Users/pranavr/.pyenv/versions/3.11.6/lib/python3.11/site-packages/airflow/example_dags/example_short_circuit_decorator.py
[2025-06-13T20:07:43.094-0400] {logging_mixin.py:190} INFO - [2025-06-13T20:07:43.093-0400] {dag.py:3239} INFO - Sync 1 DAGs
[2025-06-13T20:07:43.100-0400] {logging_mixin.py:190} INFO - [2025-06-13T20:07:43.100-0400] {dag.py:4180} INFO - Setting next_dagrun for example_short_circuit_decorator to None, run_after=None
[2025-06-13T20:07:43.109-0400] {processor.py:208} INFO - Processing /Users/pranavr/.pyenv/versions/3.11.6/lib/python3.11/site-packages/airflow/example_dags/example_short_circuit_decorator.py took 121.265 seconds
[2025-06-13T21:26:29.361-0400] {processor.py:186} INFO - Started process (PID=26381) to work on /Users/pranavr/.pyenv/versions/3.11.6/lib/python3.11/site-packages/airflow/example_dags/example_short_circuit_decorator.py
[2025-06-13T21:26:29.363-0400] {processor.py:914} INFO - Processing file /Users/pranavr/.pyenv/versions/3.11.6/lib/python3.11/site-packages/airflow/example_dags/example_short_circuit_decorator.py for tasks to queue
[2025-06-13T21:26:29.364-0400] {logging_mixin.py:190} INFO - [2025-06-13T21:26:29.364-0400] {dagbag.py:588} INFO - Filling up the DagBag from /Users/pranavr/.pyenv/versions/3.11.6/lib/python3.11/site-packages/airflow/example_dags/example_short_circuit_decorator.py
[2025-06-13T21:26:29.391-0400] {processor.py:925} INFO - DAG(s) 'example_short_circuit_decorator' retrieved from /Users/pranavr/.pyenv/versions/3.11.6/lib/python3.11/site-packages/airflow/example_dags/example_short_circuit_decorator.py
[2025-06-13T21:26:29.480-0400] {logging_mixin.py:190} INFO - [2025-06-13T21:26:29.480-0400] {dag.py:3239} INFO - Sync 1 DAGs
[2025-06-13T21:26:29.486-0400] {logging_mixin.py:190} INFO - [2025-06-13T21:26:29.485-0400] {dag.py:4180} INFO - Setting next_dagrun for example_short_circuit_decorator to None, run_after=None
[2025-06-13T21:26:29.494-0400] {processor.py:208} INFO - Processing /Users/pranavr/.pyenv/versions/3.11.6/lib/python3.11/site-packages/airflow/example_dags/example_short_circuit_decorator.py took 134.229 seconds
[2025-06-13T21:29:13.210-0400] {processor.py:186} INFO - Started process (PID=26787) to work on /Users/pranavr/.pyenv/versions/3.11.6/lib/python3.11/site-packages/airflow/example_dags/example_short_circuit_decorator.py
[2025-06-13T21:29:13.213-0400] {processor.py:914} INFO - Processing file /Users/pranavr/.pyenv/versions/3.11.6/lib/python3.11/site-packages/airflow/example_dags/example_short_circuit_decorator.py for tasks to queue
[2025-06-13T21:29:13.213-0400] {logging_mixin.py:190} INFO - [2025-06-13T21:29:13.213-0400] {dagbag.py:588} INFO - Filling up the DagBag from /Users/pranavr/.pyenv/versions/3.11.6/lib/python3.11/site-packages/airflow/example_dags/example_short_circuit_decorator.py
[2025-06-13T21:29:13.239-0400] {processor.py:925} INFO - DAG(s) 'example_short_circuit_decorator' retrieved from /Users/pranavr/.pyenv/versions/3.11.6/lib/python3.11/site-packages/airflow/example_dags/example_short_circuit_decorator.py
[2025-06-13T21:29:13.320-0400] {logging_mixin.py:190} INFO - [2025-06-13T21:29:13.320-0400] {dag.py:3239} INFO - Sync 1 DAGs
[2025-06-13T21:29:13.325-0400] {logging_mixin.py:190} INFO - [2025-06-13T21:29:13.325-0400] {dag.py:4180} INFO - Setting next_dagrun for example_short_circuit_decorator to None, run_after=None
[2025-06-13T21:29:13.333-0400] {processor.py:208} INFO - Processing /Users/pranavr/.pyenv/versions/3.11.6/lib/python3.11/site-packages/airflow/example_dags/example_short_circuit_decorator.py took 124.973 seconds
[2025-06-13T21:30:46.660-0400] {processor.py:186} INFO - Started process (PID=26947) to work on /Users/pranavr/.pyenv/versions/3.11.6/lib/python3.11/site-packages/airflow/example_dags/example_short_circuit_decorator.py
[2025-06-13T21:30:46.662-0400] {processor.py:914} INFO - Processing file /Users/pranavr/.pyenv/versions/3.11.6/lib/python3.11/site-packages/airflow/example_dags/example_short_circuit_decorator.py for tasks to queue
[2025-06-13T21:30:46.663-0400] {logging_mixin.py:190} INFO - [2025-06-13T21:30:46.663-0400] {dagbag.py:588} INFO - Filling up the DagBag from /Users/pranavr/.pyenv/versions/3.11.6/lib/python3.11/site-packages/airflow/example_dags/example_short_circuit_decorator.py
[2025-06-13T21:30:46.680-0400] {processor.py:925} INFO - DAG(s) 'example_short_circuit_decorator' retrieved from /Users/pranavr/.pyenv/versions/3.11.6/lib/python3.11/site-packages/airflow/example_dags/example_short_circuit_decorator.py
[2025-06-13T21:30:46.758-0400] {logging_mixin.py:190} INFO - [2025-06-13T21:30:46.758-0400] {dag.py:3239} INFO - Sync 1 DAGs
[2025-06-13T21:30:46.763-0400] {logging_mixin.py:190} INFO - [2025-06-13T21:30:46.763-0400] {dag.py:4180} INFO - Setting next_dagrun for example_short_circuit_decorator to None, run_after=None
[2025-06-13T21:30:46.772-0400] {processor.py:208} INFO - Processing /Users/pranavr/.pyenv/versions/3.11.6/lib/python3.11/site-packages/airflow/example_dags/example_short_circuit_decorator.py took 113.737 seconds
[2025-06-13T21:32:24.697-0400] {processor.py:186} INFO - Started process (PID=27172) to work on /Users/pranavr/.pyenv/versions/3.11.6/lib/python3.11/site-packages/airflow/example_dags/example_short_circuit_decorator.py
[2025-06-13T21:32:24.699-0400] {processor.py:914} INFO - Processing file /Users/pranavr/.pyenv/versions/3.11.6/lib/python3.11/site-packages/airflow/example_dags/example_short_circuit_decorator.py for tasks to queue
[2025-06-13T21:32:24.700-0400] {logging_mixin.py:190} INFO - [2025-06-13T21:32:24.700-0400] {dagbag.py:588} INFO - Filling up the DagBag from /Users/pranavr/.pyenv/versions/3.11.6/lib/python3.11/site-packages/airflow/example_dags/example_short_circuit_decorator.py
[2025-06-13T21:32:24.725-0400] {processor.py:925} INFO - DAG(s) 'example_short_circuit_decorator' retrieved from /Users/pranavr/.pyenv/versions/3.11.6/lib/python3.11/site-packages/airflow/example_dags/example_short_circuit_decorator.py
[2025-06-13T21:32:24.815-0400] {logging_mixin.py:190} INFO - [2025-06-13T21:32:24.814-0400] {dag.py:3239} INFO - Sync 1 DAGs
[2025-06-13T21:32:24.820-0400] {logging_mixin.py:190} INFO - [2025-06-13T21:32:24.820-0400] {dag.py:4180} INFO - Setting next_dagrun for example_short_circuit_decorator to None, run_after=None
[2025-06-13T21:32:24.829-0400] {processor.py:208} INFO - Processing /Users/pranavr/.pyenv/versions/3.11.6/lib/python3.11/site-packages/airflow/example_dags/example_short_circuit_decorator.py took 133.007 seconds
[2025-06-13T21:34:18.702-0400] {processor.py:186} INFO - Started process (PID=27334) to work on /Users/pranavr/.pyenv/versions/3.11.6/lib/python3.11/site-packages/airflow/example_dags/example_short_circuit_decorator.py
[2025-06-13T21:34:18.705-0400] {processor.py:914} INFO - Processing file /Users/pranavr/.pyenv/versions/3.11.6/lib/python3.11/site-packages/airflow/example_dags/example_short_circuit_decorator.py for tasks to queue
[2025-06-13T21:34:18.706-0400] {logging_mixin.py:190} INFO - [2025-06-13T21:34:18.706-0400] {dagbag.py:588} INFO - Filling up the DagBag from /Users/pranavr/.pyenv/versions/3.11.6/lib/python3.11/site-packages/airflow/example_dags/example_short_circuit_decorator.py
[2025-06-13T21:34:18.735-0400] {processor.py:925} INFO - DAG(s) 'example_short_circuit_decorator' retrieved from /Users/pranavr/.pyenv/versions/3.11.6/lib/python3.11/site-packages/airflow/example_dags/example_short_circuit_decorator.py
[2025-06-13T21:34:18.830-0400] {logging_mixin.py:190} INFO - [2025-06-13T21:34:18.830-0400] {dag.py:3239} INFO - Sync 1 DAGs
[2025-06-13T21:34:18.837-0400] {logging_mixin.py:190} INFO - [2025-06-13T21:34:18.837-0400] {dag.py:4180} INFO - Setting next_dagrun for example_short_circuit_decorator to None, run_after=None
[2025-06-13T21:34:18.851-0400] {processor.py:208} INFO - Processing /Users/pranavr/.pyenv/versions/3.11.6/lib/python3.11/site-packages/airflow/example_dags/example_short_circuit_decorator.py took 149.895 seconds
[2025-06-13T21:35:58.785-0400] {processor.py:186} INFO - Started process (PID=27656) to work on /Users/pranavr/.pyenv/versions/3.11.6/lib/python3.11/site-packages/airflow/example_dags/example_short_circuit_decorator.py
[2025-06-13T21:35:58.787-0400] {processor.py:914} INFO - Processing file /Users/pranavr/.pyenv/versions/3.11.6/lib/python3.11/site-packages/airflow/example_dags/example_short_circuit_decorator.py for tasks to queue
[2025-06-13T21:35:58.788-0400] {logging_mixin.py:190} INFO - [2025-06-13T21:35:58.788-0400] {dagbag.py:588} INFO - Filling up the DagBag from /Users/pranavr/.pyenv/versions/3.11.6/lib/python3.11/site-packages/airflow/example_dags/example_short_circuit_decorator.py
[2025-06-13T21:35:58.807-0400] {processor.py:925} INFO - DAG(s) 'example_short_circuit_decorator' retrieved from /Users/pranavr/.pyenv/versions/3.11.6/lib/python3.11/site-packages/airflow/example_dags/example_short_circuit_decorator.py
[2025-06-13T21:35:58.886-0400] {logging_mixin.py:190} INFO - [2025-06-13T21:35:58.885-0400] {dag.py:3239} INFO - Sync 1 DAGs
[2025-06-13T21:35:58.891-0400] {logging_mixin.py:190} INFO - [2025-06-13T21:35:58.891-0400] {dag.py:4180} INFO - Setting next_dagrun for example_short_circuit_decorator to None, run_after=None
[2025-06-13T21:35:58.900-0400] {processor.py:208} INFO - Processing /Users/pranavr/.pyenv/versions/3.11.6/lib/python3.11/site-packages/airflow/example_dags/example_short_circuit_decorator.py took 116.026 seconds
[2025-06-13T21:40:03.899-0400] {processor.py:186} INFO - Started process (PID=28328) to work on /Users/pranavr/.pyenv/versions/3.11.6/lib/python3.11/site-packages/airflow/example_dags/example_short_circuit_decorator.py
[2025-06-13T21:40:03.902-0400] {processor.py:914} INFO - Processing file /Users/pranavr/.pyenv/versions/3.11.6/lib/python3.11/site-packages/airflow/example_dags/example_short_circuit_decorator.py for tasks to queue
[2025-06-13T21:40:03.902-0400] {logging_mixin.py:190} INFO - [2025-06-13T21:40:03.902-0400] {dagbag.py:588} INFO - Filling up the DagBag from /Users/pranavr/.pyenv/versions/3.11.6/lib/python3.11/site-packages/airflow/example_dags/example_short_circuit_decorator.py
[2025-06-13T21:40:03.920-0400] {processor.py:925} INFO - DAG(s) 'example_short_circuit_decorator' retrieved from /Users/pranavr/.pyenv/versions/3.11.6/lib/python3.11/site-packages/airflow/example_dags/example_short_circuit_decorator.py
[2025-06-13T21:40:03.996-0400] {logging_mixin.py:190} INFO - [2025-06-13T21:40:03.996-0400] {dag.py:3239} INFO - Sync 1 DAGs
[2025-06-13T21:40:04.001-0400] {logging_mixin.py:190} INFO - [2025-06-13T21:40:04.001-0400] {dag.py:4180} INFO - Setting next_dagrun for example_short_circuit_decorator to None, run_after=None
[2025-06-13T21:40:04.008-0400] {processor.py:208} INFO - Processing /Users/pranavr/.pyenv/versions/3.11.6/lib/python3.11/site-packages/airflow/example_dags/example_short_circuit_decorator.py took 111.742 seconds
[2025-06-13T21:42:05.928-0400] {processor.py:186} INFO - Started process (PID=28824) to work on /Users/pranavr/.pyenv/versions/3.11.6/lib/python3.11/site-packages/airflow/example_dags/example_short_circuit_decorator.py
[2025-06-13T21:42:05.932-0400] {processor.py:914} INFO - Processing file /Users/pranavr/.pyenv/versions/3.11.6/lib/python3.11/site-packages/airflow/example_dags/example_short_circuit_decorator.py for tasks to queue
[2025-06-13T21:42:05.933-0400] {logging_mixin.py:190} INFO - [2025-06-13T21:42:05.933-0400] {dagbag.py:588} INFO - Filling up the DagBag from /Users/pranavr/.pyenv/versions/3.11.6/lib/python3.11/site-packages/airflow/example_dags/example_short_circuit_decorator.py
[2025-06-13T21:42:05.954-0400] {processor.py:925} INFO - DAG(s) 'example_short_circuit_decorator' retrieved from /Users/pranavr/.pyenv/versions/3.11.6/lib/python3.11/site-packages/airflow/example_dags/example_short_circuit_decorator.py
[2025-06-13T21:42:06.037-0400] {logging_mixin.py:190} INFO - [2025-06-13T21:42:06.037-0400] {dag.py:3239} INFO - Sync 1 DAGs
[2025-06-13T21:42:06.043-0400] {logging_mixin.py:190} INFO - [2025-06-13T21:42:06.043-0400] {dag.py:4180} INFO - Setting next_dagrun for example_short_circuit_decorator to None, run_after=None
[2025-06-13T21:42:06.055-0400] {processor.py:208} INFO - Processing /Users/pranavr/.pyenv/versions/3.11.6/lib/python3.11/site-packages/airflow/example_dags/example_short_circuit_decorator.py took 130.187 seconds
