[2025-06-13T21:25:56.677-0400] {processor.py:186} INFO - Started process (PID=26337) to work on /Users/pranavr/.pyenv/versions/3.11.6/lib/python3.11/site-packages/airflow/example_dags/tutorial_objectstorage.py
[2025-06-13T21:25:56.679-0400] {processor.py:914} INFO - Processing file /Users/pranavr/.pyenv/versions/3.11.6/lib/python3.11/site-packages/airflow/example_dags/tutorial_objectstorage.py for tasks to queue
[2025-06-13T21:25:56.680-0400] {logging_mixin.py:190} INFO - [2025-06-13T21:25:56.680-0400] {dagbag.py:588} INFO - Filling up the DagBag from /Users/pranavr/.pyenv/versions/3.11.6/lib/python3.11/site-packages/airflow/example_dags/tutorial_objectstorage.py
[2025-06-13T21:25:56.708-0400] {processor.py:925} INFO - DAG(s) 'tutorial_objectstorage' retrieved from /Users/pranavr/.pyenv/versions/3.11.6/lib/python3.11/site-packages/airflow/example_dags/tutorial_objectstorage.py
[2025-06-13T21:25:56.819-0400] {logging_mixin.py:190} INFO - [2025-06-13T21:25:56.819-0400] {dag.py:3239} INFO - Sync 1 DAGs
[2025-06-13T21:25:56.825-0400] {logging_mixin.py:190} INFO - [2025-06-13T21:25:56.825-0400] {dag.py:4180} INFO - Setting next_dagrun for tutorial_objectstorage to None, run_after=None
[2025-06-13T21:25:56.837-0400] {processor.py:208} INFO - Processing /Users/pranavr/.pyenv/versions/3.11.6/lib/python3.11/site-packages/airflow/example_dags/tutorial_objectstorage.py took 162.894 seconds
[2025-06-13T21:28:40.633-0400] {processor.py:186} INFO - Started process (PID=26662) to work on /Users/pranavr/.pyenv/versions/3.11.6/lib/python3.11/site-packages/airflow/example_dags/tutorial_objectstorage.py
[2025-06-13T21:28:40.637-0400] {processor.py:914} INFO - Processing file /Users/pranavr/.pyenv/versions/3.11.6/lib/python3.11/site-packages/airflow/example_dags/tutorial_objectstorage.py for tasks to queue
[2025-06-13T21:28:40.638-0400] {logging_mixin.py:190} INFO - [2025-06-13T21:28:40.637-0400] {dagbag.py:588} INFO - Filling up the DagBag from /Users/pranavr/.pyenv/versions/3.11.6/lib/python3.11/site-packages/airflow/example_dags/tutorial_objectstorage.py
[2025-06-13T21:28:40.667-0400] {processor.py:925} INFO - DAG(s) 'tutorial_objectstorage' retrieved from /Users/pranavr/.pyenv/versions/3.11.6/lib/python3.11/site-packages/airflow/example_dags/tutorial_objectstorage.py
[2025-06-13T21:28:40.748-0400] {logging_mixin.py:190} INFO - [2025-06-13T21:28:40.747-0400] {dag.py:3239} INFO - Sync 1 DAGs
[2025-06-13T21:28:40.754-0400] {logging_mixin.py:190} INFO - [2025-06-13T21:28:40.753-0400] {dag.py:4180} INFO - Setting next_dagrun for tutorial_objectstorage to None, run_after=None
[2025-06-13T21:28:40.762-0400] {processor.py:208} INFO - Processing /Users/pranavr/.pyenv/versions/3.11.6/lib/python3.11/site-packages/airflow/example_dags/tutorial_objectstorage.py took 131.014 seconds
[2025-06-13T21:30:14.937-0400] {processor.py:186} INFO - Started process (PID=26890) to work on /Users/pranavr/.pyenv/versions/3.11.6/lib/python3.11/site-packages/airflow/example_dags/tutorial_objectstorage.py
[2025-06-13T21:30:14.940-0400] {processor.py:914} INFO - Processing file /Users/pranavr/.pyenv/versions/3.11.6/lib/python3.11/site-packages/airflow/example_dags/tutorial_objectstorage.py for tasks to queue
[2025-06-13T21:30:14.940-0400] {logging_mixin.py:190} INFO - [2025-06-13T21:30:14.940-0400] {dagbag.py:588} INFO - Filling up the DagBag from /Users/pranavr/.pyenv/versions/3.11.6/lib/python3.11/site-packages/airflow/example_dags/tutorial_objectstorage.py
[2025-06-13T21:30:14.964-0400] {processor.py:925} INFO - DAG(s) 'tutorial_objectstorage' retrieved from /Users/pranavr/.pyenv/versions/3.11.6/lib/python3.11/site-packages/airflow/example_dags/tutorial_objectstorage.py
[2025-06-13T21:30:15.039-0400] {logging_mixin.py:190} INFO - [2025-06-13T21:30:15.039-0400] {dag.py:3239} INFO - Sync 1 DAGs
[2025-06-13T21:30:15.046-0400] {logging_mixin.py:190} INFO - [2025-06-13T21:30:15.045-0400] {dag.py:4180} INFO - Setting next_dagrun for tutorial_objectstorage to None, run_after=None
[2025-06-13T21:30:15.055-0400] {processor.py:208} INFO - Processing /Users/pranavr/.pyenv/versions/3.11.6/lib/python3.11/site-packages/airflow/example_dags/tutorial_objectstorage.py took 118.723 seconds
[2025-06-13T21:31:52.008-0400] {processor.py:186} INFO - Started process (PID=27088) to work on /Users/pranavr/.pyenv/versions/3.11.6/lib/python3.11/site-packages/airflow/example_dags/tutorial_objectstorage.py
[2025-06-13T21:31:52.011-0400] {processor.py:914} INFO - Processing file /Users/pranavr/.pyenv/versions/3.11.6/lib/python3.11/site-packages/airflow/example_dags/tutorial_objectstorage.py for tasks to queue
[2025-06-13T21:31:52.012-0400] {logging_mixin.py:190} INFO - [2025-06-13T21:31:52.012-0400] {dagbag.py:588} INFO - Filling up the DagBag from /Users/pranavr/.pyenv/versions/3.11.6/lib/python3.11/site-packages/airflow/example_dags/tutorial_objectstorage.py
[2025-06-13T21:31:52.035-0400] {processor.py:925} INFO - DAG(s) 'tutorial_objectstorage' retrieved from /Users/pranavr/.pyenv/versions/3.11.6/lib/python3.11/site-packages/airflow/example_dags/tutorial_objectstorage.py
[2025-06-13T21:31:52.131-0400] {logging_mixin.py:190} INFO - [2025-06-13T21:31:52.131-0400] {dag.py:3239} INFO - Sync 1 DAGs
[2025-06-13T21:31:52.137-0400] {logging_mixin.py:190} INFO - [2025-06-13T21:31:52.137-0400] {dag.py:4180} INFO - Setting next_dagrun for tutorial_objectstorage to None, run_after=None
[2025-06-13T21:31:52.147-0400] {processor.py:208} INFO - Processing /Users/pranavr/.pyenv/versions/3.11.6/lib/python3.11/site-packages/airflow/example_dags/tutorial_objectstorage.py took 140.765 seconds
[2025-06-13T21:33:35.751-0400] {processor.py:186} INFO - Started process (PID=27266) to work on /Users/pranavr/.pyenv/versions/3.11.6/lib/python3.11/site-packages/airflow/example_dags/tutorial_objectstorage.py
[2025-06-13T21:33:35.755-0400] {processor.py:914} INFO - Processing file /Users/pranavr/.pyenv/versions/3.11.6/lib/python3.11/site-packages/airflow/example_dags/tutorial_objectstorage.py for tasks to queue
[2025-06-13T21:33:35.755-0400] {logging_mixin.py:190} INFO - [2025-06-13T21:33:35.755-0400] {dagbag.py:588} INFO - Filling up the DagBag from /Users/pranavr/.pyenv/versions/3.11.6/lib/python3.11/site-packages/airflow/example_dags/tutorial_objectstorage.py
[2025-06-13T21:33:35.795-0400] {processor.py:925} INFO - DAG(s) 'tutorial_objectstorage' retrieved from /Users/pranavr/.pyenv/versions/3.11.6/lib/python3.11/site-packages/airflow/example_dags/tutorial_objectstorage.py
[2025-06-13T21:33:35.883-0400] {logging_mixin.py:190} INFO - [2025-06-13T21:33:35.883-0400] {dag.py:3239} INFO - Sync 1 DAGs
[2025-06-13T21:33:35.888-0400] {logging_mixin.py:190} INFO - [2025-06-13T21:33:35.888-0400] {dag.py:4180} INFO - Setting next_dagrun for tutorial_objectstorage to None, run_after=None
[2025-06-13T21:33:35.898-0400] {processor.py:208} INFO - Processing /Users/pranavr/.pyenv/versions/3.11.6/lib/python3.11/site-packages/airflow/example_dags/tutorial_objectstorage.py took 148.743 seconds
[2025-06-13T21:35:28.016-0400] {processor.py:186} INFO - Started process (PID=27415) to work on /Users/pranavr/.pyenv/versions/3.11.6/lib/python3.11/site-packages/airflow/example_dags/tutorial_objectstorage.py
[2025-06-13T21:35:28.021-0400] {processor.py:914} INFO - Processing file /Users/pranavr/.pyenv/versions/3.11.6/lib/python3.11/site-packages/airflow/example_dags/tutorial_objectstorage.py for tasks to queue
[2025-06-13T21:35:28.022-0400] {logging_mixin.py:190} INFO - [2025-06-13T21:35:28.022-0400] {dagbag.py:588} INFO - Filling up the DagBag from /Users/pranavr/.pyenv/versions/3.11.6/lib/python3.11/site-packages/airflow/example_dags/tutorial_objectstorage.py
[2025-06-13T21:35:28.042-0400] {processor.py:925} INFO - DAG(s) 'tutorial_objectstorage' retrieved from /Users/pranavr/.pyenv/versions/3.11.6/lib/python3.11/site-packages/airflow/example_dags/tutorial_objectstorage.py
[2025-06-13T21:35:28.122-0400] {logging_mixin.py:190} INFO - [2025-06-13T21:35:28.121-0400] {dag.py:3239} INFO - Sync 1 DAGs
[2025-06-13T21:35:28.127-0400] {logging_mixin.py:190} INFO - [2025-06-13T21:35:28.126-0400] {dag.py:4180} INFO - Setting next_dagrun for tutorial_objectstorage to None, run_after=None
[2025-06-13T21:35:28.135-0400] {processor.py:208} INFO - Processing /Users/pranavr/.pyenv/versions/3.11.6/lib/python3.11/site-packages/airflow/example_dags/tutorial_objectstorage.py took 119.685 seconds
[2025-06-13T21:38:14.021-0400] {processor.py:186} INFO - Started process (PID=28030) to work on /Users/pranavr/.pyenv/versions/3.11.6/lib/python3.11/site-packages/airflow/example_dags/tutorial_objectstorage.py
[2025-06-13T21:38:14.024-0400] {processor.py:914} INFO - Processing file /Users/pranavr/.pyenv/versions/3.11.6/lib/python3.11/site-packages/airflow/example_dags/tutorial_objectstorage.py for tasks to queue
[2025-06-13T21:38:14.025-0400] {logging_mixin.py:190} INFO - [2025-06-13T21:38:14.025-0400] {dagbag.py:588} INFO - Filling up the DagBag from /Users/pranavr/.pyenv/versions/3.11.6/lib/python3.11/site-packages/airflow/example_dags/tutorial_objectstorage.py
[2025-06-13T21:38:14.047-0400] {processor.py:925} INFO - DAG(s) 'tutorial_objectstorage' retrieved from /Users/pranavr/.pyenv/versions/3.11.6/lib/python3.11/site-packages/airflow/example_dags/tutorial_objectstorage.py
[2025-06-13T21:38:14.142-0400] {logging_mixin.py:190} INFO - [2025-06-13T21:38:14.142-0400] {dag.py:3239} INFO - Sync 1 DAGs
[2025-06-13T21:38:14.147-0400] {logging_mixin.py:190} INFO - [2025-06-13T21:38:14.147-0400] {dag.py:4180} INFO - Setting next_dagrun for tutorial_objectstorage to None, run_after=None
[2025-06-13T21:38:14.155-0400] {processor.py:208} INFO - Processing /Users/pranavr/.pyenv/versions/3.11.6/lib/python3.11/site-packages/airflow/example_dags/tutorial_objectstorage.py took 135.047 seconds
[2025-06-13T21:39:34.161-0400] {processor.py:186} INFO - Started process (PID=28239) to work on /Users/pranavr/.pyenv/versions/3.11.6/lib/python3.11/site-packages/airflow/example_dags/tutorial_objectstorage.py
[2025-06-13T21:39:34.164-0400] {processor.py:914} INFO - Processing file /Users/pranavr/.pyenv/versions/3.11.6/lib/python3.11/site-packages/airflow/example_dags/tutorial_objectstorage.py for tasks to queue
[2025-06-13T21:39:34.176-0400] {logging_mixin.py:190} INFO - [2025-06-13T21:39:34.175-0400] {dagbag.py:588} INFO - Filling up the DagBag from /Users/pranavr/.pyenv/versions/3.11.6/lib/python3.11/site-packages/airflow/example_dags/tutorial_objectstorage.py
[2025-06-13T21:39:34.219-0400] {processor.py:925} INFO - DAG(s) 'tutorial_objectstorage' retrieved from /Users/pranavr/.pyenv/versions/3.11.6/lib/python3.11/site-packages/airflow/example_dags/tutorial_objectstorage.py
[2025-06-13T21:39:34.331-0400] {logging_mixin.py:190} INFO - [2025-06-13T21:39:34.331-0400] {dag.py:3239} INFO - Sync 1 DAGs
[2025-06-13T21:39:34.339-0400] {logging_mixin.py:190} INFO - [2025-06-13T21:39:34.339-0400] {dag.py:4180} INFO - Setting next_dagrun for tutorial_objectstorage to None, run_after=None
[2025-06-13T21:39:34.354-0400] {processor.py:208} INFO - Processing /Users/pranavr/.pyenv/versions/3.11.6/lib/python3.11/site-packages/airflow/example_dags/tutorial_objectstorage.py took 194.651 seconds
[2025-06-13T21:41:34.214-0400] {processor.py:186} INFO - Started process (PID=28766) to work on /Users/pranavr/.pyenv/versions/3.11.6/lib/python3.11/site-packages/airflow/example_dags/tutorial_objectstorage.py
[2025-06-13T21:41:34.222-0400] {processor.py:914} INFO - Processing file /Users/pranavr/.pyenv/versions/3.11.6/lib/python3.11/site-packages/airflow/example_dags/tutorial_objectstorage.py for tasks to queue
[2025-06-13T21:41:34.222-0400] {logging_mixin.py:190} INFO - [2025-06-13T21:41:34.222-0400] {dagbag.py:588} INFO - Filling up the DagBag from /Users/pranavr/.pyenv/versions/3.11.6/lib/python3.11/site-packages/airflow/example_dags/tutorial_objectstorage.py
[2025-06-13T21:41:34.249-0400] {processor.py:925} INFO - DAG(s) 'tutorial_objectstorage' retrieved from /Users/pranavr/.pyenv/versions/3.11.6/lib/python3.11/site-packages/airflow/example_dags/tutorial_objectstorage.py
[2025-06-13T21:41:34.338-0400] {logging_mixin.py:190} INFO - [2025-06-13T21:41:34.338-0400] {dag.py:3239} INFO - Sync 1 DAGs
[2025-06-13T21:41:34.342-0400] {logging_mixin.py:190} INFO - [2025-06-13T21:41:34.342-0400] {dag.py:4180} INFO - Setting next_dagrun for tutorial_objectstorage to None, run_after=None
[2025-06-13T21:41:34.351-0400] {processor.py:208} INFO - Processing /Users/pranavr/.pyenv/versions/3.11.6/lib/python3.11/site-packages/airflow/example_dags/tutorial_objectstorage.py took 139.630 seconds
[2025-06-13T21:43:05.591-0400] {processor.py:186} INFO - Started process (PID=29109) to work on /Users/pranavr/.pyenv/versions/3.11.6/lib/python3.11/site-packages/airflow/example_dags/tutorial_objectstorage.py
[2025-06-13T21:43:05.594-0400] {processor.py:914} INFO - Processing file /Users/pranavr/.pyenv/versions/3.11.6/lib/python3.11/site-packages/airflow/example_dags/tutorial_objectstorage.py for tasks to queue
[2025-06-13T21:43:05.594-0400] {logging_mixin.py:190} INFO - [2025-06-13T21:43:05.594-0400] {dagbag.py:588} INFO - Filling up the DagBag from /Users/pranavr/.pyenv/versions/3.11.6/lib/python3.11/site-packages/airflow/example_dags/tutorial_objectstorage.py
[2025-06-13T21:43:05.614-0400] {processor.py:925} INFO - DAG(s) 'tutorial_objectstorage' retrieved from /Users/pranavr/.pyenv/versions/3.11.6/lib/python3.11/site-packages/airflow/example_dags/tutorial_objectstorage.py
[2025-06-13T21:43:05.697-0400] {logging_mixin.py:190} INFO - [2025-06-13T21:43:05.697-0400] {dag.py:3239} INFO - Sync 1 DAGs
[2025-06-13T21:43:05.704-0400] {logging_mixin.py:190} INFO - [2025-06-13T21:43:05.704-0400] {dag.py:4180} INFO - Setting next_dagrun for tutorial_objectstorage to None, run_after=None
[2025-06-13T21:43:05.713-0400] {processor.py:208} INFO - Processing /Users/pranavr/.pyenv/versions/3.11.6/lib/python3.11/site-packages/airflow/example_dags/tutorial_objectstorage.py took 123.077 seconds
