[2025-06-13T21:25:51.403-0400] {processor.py:186} INFO - Started process (PID=26328) to work on /Users/pranavr/.pyenv/versions/3.11.6/lib/python3.11/site-packages/airflow/example_dags/tutorial_taskflow_api_virtualenv.py
[2025-06-13T21:25:51.405-0400] {processor.py:914} INFO - Processing file /Users/pranavr/.pyenv/versions/3.11.6/lib/python3.11/site-packages/airflow/example_dags/tutorial_taskflow_api_virtualenv.py for tasks to queue
[2025-06-13T21:25:51.406-0400] {logging_mixin.py:190} INFO - [2025-06-13T21:25:51.406-0400] {dagbag.py:588} INFO - Filling up the DagBag from /Users/pranavr/.pyenv/versions/3.11.6/lib/python3.11/site-packages/airflow/example_dags/tutorial_taskflow_api_virtualenv.py
[2025-06-13T21:25:51.459-0400] {logging_mixin.py:190} INFO - [2025-06-13T21:25:51.459-0400] {tutorial_taskflow_api_virtualenv.py:29} WARNING - The tutorial_taskflow_api_virtualenv example DAG requires virtualenv, please install it.
[2025-06-13T21:25:51.459-0400] {processor.py:927} WARNING - No viable dags retrieved from /Users/pranavr/.pyenv/versions/3.11.6/lib/python3.11/site-packages/airflow/example_dags/tutorial_taskflow_api_virtualenv.py
[2025-06-13T21:25:51.535-0400] {processor.py:208} INFO - Processing /Users/pranavr/.pyenv/versions/3.11.6/lib/python3.11/site-packages/airflow/example_dags/tutorial_taskflow_api_virtualenv.py took 133.964 seconds
[2025-06-13T21:28:36.627-0400] {processor.py:186} INFO - Started process (PID=26658) to work on /Users/pranavr/.pyenv/versions/3.11.6/lib/python3.11/site-packages/airflow/example_dags/tutorial_taskflow_api_virtualenv.py
[2025-06-13T21:28:36.629-0400] {processor.py:914} INFO - Processing file /Users/pranavr/.pyenv/versions/3.11.6/lib/python3.11/site-packages/airflow/example_dags/tutorial_taskflow_api_virtualenv.py for tasks to queue
[2025-06-13T21:28:36.631-0400] {logging_mixin.py:190} INFO - [2025-06-13T21:28:36.630-0400] {dagbag.py:588} INFO - Filling up the DagBag from /Users/pranavr/.pyenv/versions/3.11.6/lib/python3.11/site-packages/airflow/example_dags/tutorial_taskflow_api_virtualenv.py
[2025-06-13T21:28:36.647-0400] {logging_mixin.py:190} INFO - [2025-06-13T21:28:36.647-0400] {tutorial_taskflow_api_virtualenv.py:29} WARNING - The tutorial_taskflow_api_virtualenv example DAG requires virtualenv, please install it.
[2025-06-13T21:28:36.647-0400] {processor.py:927} WARNING - No viable dags retrieved from /Users/pranavr/.pyenv/versions/3.11.6/lib/python3.11/site-packages/airflow/example_dags/tutorial_taskflow_api_virtualenv.py
[2025-06-13T21:28:36.729-0400] {processor.py:208} INFO - Processing /Users/pranavr/.pyenv/versions/3.11.6/lib/python3.11/site-packages/airflow/example_dags/tutorial_taskflow_api_virtualenv.py took 103.149 seconds
[2025-06-13T21:30:09.919-0400] {processor.py:186} INFO - Started process (PID=26879) to work on /Users/pranavr/.pyenv/versions/3.11.6/lib/python3.11/site-packages/airflow/example_dags/tutorial_taskflow_api_virtualenv.py
[2025-06-13T21:30:09.923-0400] {processor.py:914} INFO - Processing file /Users/pranavr/.pyenv/versions/3.11.6/lib/python3.11/site-packages/airflow/example_dags/tutorial_taskflow_api_virtualenv.py for tasks to queue
[2025-06-13T21:30:09.924-0400] {logging_mixin.py:190} INFO - [2025-06-13T21:30:09.923-0400] {dagbag.py:588} INFO - Filling up the DagBag from /Users/pranavr/.pyenv/versions/3.11.6/lib/python3.11/site-packages/airflow/example_dags/tutorial_taskflow_api_virtualenv.py
[2025-06-13T21:30:09.949-0400] {logging_mixin.py:190} INFO - [2025-06-13T21:30:09.948-0400] {tutorial_taskflow_api_virtualenv.py:29} WARNING - The tutorial_taskflow_api_virtualenv example DAG requires virtualenv, please install it.
[2025-06-13T21:30:09.949-0400] {processor.py:927} WARNING - No viable dags retrieved from /Users/pranavr/.pyenv/versions/3.11.6/lib/python3.11/site-packages/airflow/example_dags/tutorial_taskflow_api_virtualenv.py
[2025-06-13T21:30:10.043-0400] {processor.py:208} INFO - Processing /Users/pranavr/.pyenv/versions/3.11.6/lib/python3.11/site-packages/airflow/example_dags/tutorial_taskflow_api_virtualenv.py took 128.260 seconds
[2025-06-13T21:31:47.918-0400] {processor.py:186} INFO - Started process (PID=27080) to work on /Users/pranavr/.pyenv/versions/3.11.6/lib/python3.11/site-packages/airflow/example_dags/tutorial_taskflow_api_virtualenv.py
[2025-06-13T21:31:47.921-0400] {processor.py:914} INFO - Processing file /Users/pranavr/.pyenv/versions/3.11.6/lib/python3.11/site-packages/airflow/example_dags/tutorial_taskflow_api_virtualenv.py for tasks to queue
[2025-06-13T21:31:47.921-0400] {logging_mixin.py:190} INFO - [2025-06-13T21:31:47.921-0400] {dagbag.py:588} INFO - Filling up the DagBag from /Users/pranavr/.pyenv/versions/3.11.6/lib/python3.11/site-packages/airflow/example_dags/tutorial_taskflow_api_virtualenv.py
[2025-06-13T21:31:47.945-0400] {logging_mixin.py:190} INFO - [2025-06-13T21:31:47.945-0400] {tutorial_taskflow_api_virtualenv.py:29} WARNING - The tutorial_taskflow_api_virtualenv example DAG requires virtualenv, please install it.
[2025-06-13T21:31:47.945-0400] {processor.py:927} WARNING - No viable dags retrieved from /Users/pranavr/.pyenv/versions/3.11.6/lib/python3.11/site-packages/airflow/example_dags/tutorial_taskflow_api_virtualenv.py
[2025-06-13T21:31:48.020-0400] {processor.py:208} INFO - Processing /Users/pranavr/.pyenv/versions/3.11.6/lib/python3.11/site-packages/airflow/example_dags/tutorial_taskflow_api_virtualenv.py took 103.558 seconds
[2025-06-13T21:33:31.715-0400] {processor.py:186} INFO - Started process (PID=27261) to work on /Users/pranavr/.pyenv/versions/3.11.6/lib/python3.11/site-packages/airflow/example_dags/tutorial_taskflow_api_virtualenv.py
[2025-06-13T21:33:31.717-0400] {processor.py:914} INFO - Processing file /Users/pranavr/.pyenv/versions/3.11.6/lib/python3.11/site-packages/airflow/example_dags/tutorial_taskflow_api_virtualenv.py for tasks to queue
[2025-06-13T21:33:31.718-0400] {logging_mixin.py:190} INFO - [2025-06-13T21:33:31.718-0400] {dagbag.py:588} INFO - Filling up the DagBag from /Users/pranavr/.pyenv/versions/3.11.6/lib/python3.11/site-packages/airflow/example_dags/tutorial_taskflow_api_virtualenv.py
[2025-06-13T21:33:31.739-0400] {logging_mixin.py:190} INFO - [2025-06-13T21:33:31.739-0400] {tutorial_taskflow_api_virtualenv.py:29} WARNING - The tutorial_taskflow_api_virtualenv example DAG requires virtualenv, please install it.
[2025-06-13T21:33:31.739-0400] {processor.py:927} WARNING - No viable dags retrieved from /Users/pranavr/.pyenv/versions/3.11.6/lib/python3.11/site-packages/airflow/example_dags/tutorial_taskflow_api_virtualenv.py
[2025-06-13T21:33:31.831-0400] {processor.py:208} INFO - Processing /Users/pranavr/.pyenv/versions/3.11.6/lib/python3.11/site-packages/airflow/example_dags/tutorial_taskflow_api_virtualenv.py took 118.077 seconds
[2025-06-13T21:35:24.450-0400] {processor.py:186} INFO - Started process (PID=27411) to work on /Users/pranavr/.pyenv/versions/3.11.6/lib/python3.11/site-packages/airflow/example_dags/tutorial_taskflow_api_virtualenv.py
[2025-06-13T21:35:24.454-0400] {processor.py:914} INFO - Processing file /Users/pranavr/.pyenv/versions/3.11.6/lib/python3.11/site-packages/airflow/example_dags/tutorial_taskflow_api_virtualenv.py for tasks to queue
[2025-06-13T21:35:24.457-0400] {logging_mixin.py:190} INFO - [2025-06-13T21:35:24.457-0400] {dagbag.py:588} INFO - Filling up the DagBag from /Users/pranavr/.pyenv/versions/3.11.6/lib/python3.11/site-packages/airflow/example_dags/tutorial_taskflow_api_virtualenv.py
[2025-06-13T21:35:24.474-0400] {logging_mixin.py:190} INFO - [2025-06-13T21:35:24.474-0400] {tutorial_taskflow_api_virtualenv.py:29} WARNING - The tutorial_taskflow_api_virtualenv example DAG requires virtualenv, please install it.
[2025-06-13T21:35:24.474-0400] {processor.py:927} WARNING - No viable dags retrieved from /Users/pranavr/.pyenv/versions/3.11.6/lib/python3.11/site-packages/airflow/example_dags/tutorial_taskflow_api_virtualenv.py
[2025-06-13T21:35:24.562-0400] {processor.py:208} INFO - Processing /Users/pranavr/.pyenv/versions/3.11.6/lib/python3.11/site-packages/airflow/example_dags/tutorial_taskflow_api_virtualenv.py took 114.334 seconds
[2025-06-13T21:38:09.454-0400] {processor.py:186} INFO - Started process (PID=28023) to work on /Users/pranavr/.pyenv/versions/3.11.6/lib/python3.11/site-packages/airflow/example_dags/tutorial_taskflow_api_virtualenv.py
[2025-06-13T21:38:09.456-0400] {processor.py:914} INFO - Processing file /Users/pranavr/.pyenv/versions/3.11.6/lib/python3.11/site-packages/airflow/example_dags/tutorial_taskflow_api_virtualenv.py for tasks to queue
[2025-06-13T21:38:09.457-0400] {logging_mixin.py:190} INFO - [2025-06-13T21:38:09.457-0400] {dagbag.py:588} INFO - Filling up the DagBag from /Users/pranavr/.pyenv/versions/3.11.6/lib/python3.11/site-packages/airflow/example_dags/tutorial_taskflow_api_virtualenv.py
[2025-06-13T21:38:09.474-0400] {logging_mixin.py:190} INFO - [2025-06-13T21:38:09.474-0400] {tutorial_taskflow_api_virtualenv.py:29} WARNING - The tutorial_taskflow_api_virtualenv example DAG requires virtualenv, please install it.
[2025-06-13T21:38:09.474-0400] {processor.py:927} WARNING - No viable dags retrieved from /Users/pranavr/.pyenv/versions/3.11.6/lib/python3.11/site-packages/airflow/example_dags/tutorial_taskflow_api_virtualenv.py
[2025-06-13T21:38:09.551-0400] {processor.py:208} INFO - Processing /Users/pranavr/.pyenv/versions/3.11.6/lib/python3.11/site-packages/airflow/example_dags/tutorial_taskflow_api_virtualenv.py took 98.318 seconds
[2025-06-13T21:39:29.709-0400] {processor.py:186} INFO - Started process (PID=28229) to work on /Users/pranavr/.pyenv/versions/3.11.6/lib/python3.11/site-packages/airflow/example_dags/tutorial_taskflow_api_virtualenv.py
[2025-06-13T21:39:29.711-0400] {processor.py:914} INFO - Processing file /Users/pranavr/.pyenv/versions/3.11.6/lib/python3.11/site-packages/airflow/example_dags/tutorial_taskflow_api_virtualenv.py for tasks to queue
[2025-06-13T21:39:29.711-0400] {logging_mixin.py:190} INFO - [2025-06-13T21:39:29.711-0400] {dagbag.py:588} INFO - Filling up the DagBag from /Users/pranavr/.pyenv/versions/3.11.6/lib/python3.11/site-packages/airflow/example_dags/tutorial_taskflow_api_virtualenv.py
[2025-06-13T21:39:29.727-0400] {logging_mixin.py:190} INFO - [2025-06-13T21:39:29.726-0400] {tutorial_taskflow_api_virtualenv.py:29} WARNING - The tutorial_taskflow_api_virtualenv example DAG requires virtualenv, please install it.
[2025-06-13T21:39:29.727-0400] {processor.py:927} WARNING - No viable dags retrieved from /Users/pranavr/.pyenv/versions/3.11.6/lib/python3.11/site-packages/airflow/example_dags/tutorial_taskflow_api_virtualenv.py
[2025-06-13T21:39:29.801-0400] {processor.py:208} INFO - Processing /Users/pranavr/.pyenv/versions/3.11.6/lib/python3.11/site-packages/airflow/example_dags/tutorial_taskflow_api_virtualenv.py took 93.302 seconds
[2025-06-13T21:41:29.444-0400] {processor.py:186} INFO - Started process (PID=28757) to work on /Users/pranavr/.pyenv/versions/3.11.6/lib/python3.11/site-packages/airflow/example_dags/tutorial_taskflow_api_virtualenv.py
[2025-06-13T21:41:29.446-0400] {processor.py:914} INFO - Processing file /Users/pranavr/.pyenv/versions/3.11.6/lib/python3.11/site-packages/airflow/example_dags/tutorial_taskflow_api_virtualenv.py for tasks to queue
[2025-06-13T21:41:29.447-0400] {logging_mixin.py:190} INFO - [2025-06-13T21:41:29.447-0400] {dagbag.py:588} INFO - Filling up the DagBag from /Users/pranavr/.pyenv/versions/3.11.6/lib/python3.11/site-packages/airflow/example_dags/tutorial_taskflow_api_virtualenv.py
[2025-06-13T21:41:29.470-0400] {logging_mixin.py:190} INFO - [2025-06-13T21:41:29.470-0400] {tutorial_taskflow_api_virtualenv.py:29} WARNING - The tutorial_taskflow_api_virtualenv example DAG requires virtualenv, please install it.
[2025-06-13T21:41:29.470-0400] {processor.py:927} WARNING - No viable dags retrieved from /Users/pranavr/.pyenv/versions/3.11.6/lib/python3.11/site-packages/airflow/example_dags/tutorial_taskflow_api_virtualenv.py
[2025-06-13T21:41:29.555-0400] {processor.py:208} INFO - Processing /Users/pranavr/.pyenv/versions/3.11.6/lib/python3.11/site-packages/airflow/example_dags/tutorial_taskflow_api_virtualenv.py took 112.472 seconds
[2025-06-13T21:43:01.679-0400] {processor.py:186} INFO - Started process (PID=29101) to work on /Users/pranavr/.pyenv/versions/3.11.6/lib/python3.11/site-packages/airflow/example_dags/tutorial_taskflow_api_virtualenv.py
[2025-06-13T21:43:01.682-0400] {processor.py:914} INFO - Processing file /Users/pranavr/.pyenv/versions/3.11.6/lib/python3.11/site-packages/airflow/example_dags/tutorial_taskflow_api_virtualenv.py for tasks to queue
[2025-06-13T21:43:01.682-0400] {logging_mixin.py:190} INFO - [2025-06-13T21:43:01.682-0400] {dagbag.py:588} INFO - Filling up the DagBag from /Users/pranavr/.pyenv/versions/3.11.6/lib/python3.11/site-packages/airflow/example_dags/tutorial_taskflow_api_virtualenv.py
[2025-06-13T21:43:01.698-0400] {logging_mixin.py:190} INFO - [2025-06-13T21:43:01.698-0400] {tutorial_taskflow_api_virtualenv.py:29} WARNING - The tutorial_taskflow_api_virtualenv example DAG requires virtualenv, please install it.
[2025-06-13T21:43:01.698-0400] {processor.py:927} WARNING - No viable dags retrieved from /Users/pranavr/.pyenv/versions/3.11.6/lib/python3.11/site-packages/airflow/example_dags/tutorial_taskflow_api_virtualenv.py
[2025-06-13T21:43:01.777-0400] {processor.py:208} INFO - Processing /Users/pranavr/.pyenv/versions/3.11.6/lib/python3.11/site-packages/airflow/example_dags/tutorial_taskflow_api_virtualenv.py took 98.803 seconds
