[2025-06-13T21:25:49.256-0400] {processor.py:186} INFO - Started process (PID=26322) to work on /Users/pranavr/.pyenv/versions/3.11.6/lib/python3.11/site-packages/airflow/example_dags/tutorial_taskflow_templates.py
[2025-06-13T21:25:49.258-0400] {processor.py:914} INFO - Processing file /Users/pranavr/.pyenv/versions/3.11.6/lib/python3.11/site-packages/airflow/example_dags/tutorial_taskflow_templates.py for tasks to queue
[2025-06-13T21:25:49.259-0400] {logging_mixin.py:190} INFO - [2025-06-13T21:25:49.259-0400] {dagbag.py:588} INFO - Filling up the DagBag from /Users/pranavr/.pyenv/versions/3.11.6/lib/python3.11/site-packages/airflow/example_dags/tutorial_taskflow_templates.py
[2025-06-13T21:25:49.283-0400] {processor.py:925} INFO - DAG(s) 'tutorial_taskflow_templates' retrieved from /Users/pranavr/.pyenv/versions/3.11.6/lib/python3.11/site-packages/airflow/example_dags/tutorial_taskflow_templates.py
[2025-06-13T21:25:49.374-0400] {logging_mixin.py:190} INFO - [2025-06-13T21:25:49.373-0400] {dag.py:3239} INFO - Sync 1 DAGs
[2025-06-13T21:25:49.383-0400] {logging_mixin.py:190} INFO - [2025-06-13T21:25:49.383-0400] {dag.py:4180} INFO - Setting next_dagrun for tutorial_taskflow_templates to 2025-06-13T00:00:00+00:00, run_after=2025-06-14T00:00:00+00:00
[2025-06-13T21:25:49.393-0400] {processor.py:208} INFO - Processing /Users/pranavr/.pyenv/versions/3.11.6/lib/python3.11/site-packages/airflow/example_dags/tutorial_taskflow_templates.py took 138.595 seconds
[2025-06-13T21:28:34.458-0400] {processor.py:186} INFO - Started process (PID=26656) to work on /Users/pranavr/.pyenv/versions/3.11.6/lib/python3.11/site-packages/airflow/example_dags/tutorial_taskflow_templates.py
[2025-06-13T21:28:34.460-0400] {processor.py:914} INFO - Processing file /Users/pranavr/.pyenv/versions/3.11.6/lib/python3.11/site-packages/airflow/example_dags/tutorial_taskflow_templates.py for tasks to queue
[2025-06-13T21:28:34.461-0400] {logging_mixin.py:190} INFO - [2025-06-13T21:28:34.461-0400] {dagbag.py:588} INFO - Filling up the DagBag from /Users/pranavr/.pyenv/versions/3.11.6/lib/python3.11/site-packages/airflow/example_dags/tutorial_taskflow_templates.py
[2025-06-13T21:28:34.490-0400] {processor.py:925} INFO - DAG(s) 'tutorial_taskflow_templates' retrieved from /Users/pranavr/.pyenv/versions/3.11.6/lib/python3.11/site-packages/airflow/example_dags/tutorial_taskflow_templates.py
[2025-06-13T21:28:34.569-0400] {logging_mixin.py:190} INFO - [2025-06-13T21:28:34.569-0400] {dag.py:3239} INFO - Sync 1 DAGs
[2025-06-13T21:28:34.578-0400] {logging_mixin.py:190} INFO - [2025-06-13T21:28:34.578-0400] {dag.py:4180} INFO - Setting next_dagrun for tutorial_taskflow_templates to 2025-06-13T00:00:00+00:00, run_after=2025-06-14T00:00:00+00:00
[2025-06-13T21:28:34.588-0400] {processor.py:208} INFO - Processing /Users/pranavr/.pyenv/versions/3.11.6/lib/python3.11/site-packages/airflow/example_dags/tutorial_taskflow_templates.py took 131.035 seconds
[2025-06-13T21:30:08.107-0400] {processor.py:186} INFO - Started process (PID=26873) to work on /Users/pranavr/.pyenv/versions/3.11.6/lib/python3.11/site-packages/airflow/example_dags/tutorial_taskflow_templates.py
[2025-06-13T21:30:08.109-0400] {processor.py:914} INFO - Processing file /Users/pranavr/.pyenv/versions/3.11.6/lib/python3.11/site-packages/airflow/example_dags/tutorial_taskflow_templates.py for tasks to queue
[2025-06-13T21:30:08.110-0400] {logging_mixin.py:190} INFO - [2025-06-13T21:30:08.110-0400] {dagbag.py:588} INFO - Filling up the DagBag from /Users/pranavr/.pyenv/versions/3.11.6/lib/python3.11/site-packages/airflow/example_dags/tutorial_taskflow_templates.py
[2025-06-13T21:30:08.140-0400] {processor.py:925} INFO - DAG(s) 'tutorial_taskflow_templates' retrieved from /Users/pranavr/.pyenv/versions/3.11.6/lib/python3.11/site-packages/airflow/example_dags/tutorial_taskflow_templates.py
[2025-06-13T21:30:08.235-0400] {logging_mixin.py:190} INFO - [2025-06-13T21:30:08.234-0400] {dag.py:3239} INFO - Sync 1 DAGs
[2025-06-13T21:30:08.244-0400] {logging_mixin.py:190} INFO - [2025-06-13T21:30:08.244-0400] {dag.py:4180} INFO - Setting next_dagrun for tutorial_taskflow_templates to 2025-06-13T00:00:00+00:00, run_after=2025-06-14T00:00:00+00:00
[2025-06-13T21:30:08.254-0400] {processor.py:208} INFO - Processing /Users/pranavr/.pyenv/versions/3.11.6/lib/python3.11/site-packages/airflow/example_dags/tutorial_taskflow_templates.py took 150.352 seconds
[2025-06-13T21:31:45.471-0400] {processor.py:186} INFO - Started process (PID=27074) to work on /Users/pranavr/.pyenv/versions/3.11.6/lib/python3.11/site-packages/airflow/example_dags/tutorial_taskflow_templates.py
[2025-06-13T21:31:45.473-0400] {processor.py:914} INFO - Processing file /Users/pranavr/.pyenv/versions/3.11.6/lib/python3.11/site-packages/airflow/example_dags/tutorial_taskflow_templates.py for tasks to queue
[2025-06-13T21:31:45.474-0400] {logging_mixin.py:190} INFO - [2025-06-13T21:31:45.474-0400] {dagbag.py:588} INFO - Filling up the DagBag from /Users/pranavr/.pyenv/versions/3.11.6/lib/python3.11/site-packages/airflow/example_dags/tutorial_taskflow_templates.py
[2025-06-13T21:31:45.516-0400] {processor.py:925} INFO - DAG(s) 'tutorial_taskflow_templates' retrieved from /Users/pranavr/.pyenv/versions/3.11.6/lib/python3.11/site-packages/airflow/example_dags/tutorial_taskflow_templates.py
[2025-06-13T21:31:45.609-0400] {logging_mixin.py:190} INFO - [2025-06-13T21:31:45.609-0400] {dag.py:3239} INFO - Sync 1 DAGs
[2025-06-13T21:31:45.618-0400] {logging_mixin.py:190} INFO - [2025-06-13T21:31:45.618-0400] {dag.py:4180} INFO - Setting next_dagrun for tutorial_taskflow_templates to 2025-06-13T00:00:00+00:00, run_after=2025-06-14T00:00:00+00:00
[2025-06-13T21:31:45.627-0400] {processor.py:208} INFO - Processing /Users/pranavr/.pyenv/versions/3.11.6/lib/python3.11/site-packages/airflow/example_dags/tutorial_taskflow_templates.py took 157.801 seconds
[2025-06-13T21:33:29.394-0400] {processor.py:186} INFO - Started process (PID=27259) to work on /Users/pranavr/.pyenv/versions/3.11.6/lib/python3.11/site-packages/airflow/example_dags/tutorial_taskflow_templates.py
[2025-06-13T21:33:29.396-0400] {processor.py:914} INFO - Processing file /Users/pranavr/.pyenv/versions/3.11.6/lib/python3.11/site-packages/airflow/example_dags/tutorial_taskflow_templates.py for tasks to queue
[2025-06-13T21:33:29.397-0400] {logging_mixin.py:190} INFO - [2025-06-13T21:33:29.397-0400] {dagbag.py:588} INFO - Filling up the DagBag from /Users/pranavr/.pyenv/versions/3.11.6/lib/python3.11/site-packages/airflow/example_dags/tutorial_taskflow_templates.py
[2025-06-13T21:33:29.434-0400] {processor.py:925} INFO - DAG(s) 'tutorial_taskflow_templates' retrieved from /Users/pranavr/.pyenv/versions/3.11.6/lib/python3.11/site-packages/airflow/example_dags/tutorial_taskflow_templates.py
[2025-06-13T21:33:29.528-0400] {logging_mixin.py:190} INFO - [2025-06-13T21:33:29.528-0400] {dag.py:3239} INFO - Sync 1 DAGs
[2025-06-13T21:33:29.538-0400] {logging_mixin.py:190} INFO - [2025-06-13T21:33:29.538-0400] {dag.py:4180} INFO - Setting next_dagrun for tutorial_taskflow_templates to 2025-06-13T00:00:00+00:00, run_after=2025-06-14T00:00:00+00:00
[2025-06-13T21:33:29.549-0400] {processor.py:208} INFO - Processing /Users/pranavr/.pyenv/versions/3.11.6/lib/python3.11/site-packages/airflow/example_dags/tutorial_taskflow_templates.py took 157.106 seconds
[2025-06-13T21:35:22.384-0400] {processor.py:186} INFO - Started process (PID=27405) to work on /Users/pranavr/.pyenv/versions/3.11.6/lib/python3.11/site-packages/airflow/example_dags/tutorial_taskflow_templates.py
[2025-06-13T21:35:22.386-0400] {processor.py:914} INFO - Processing file /Users/pranavr/.pyenv/versions/3.11.6/lib/python3.11/site-packages/airflow/example_dags/tutorial_taskflow_templates.py for tasks to queue
[2025-06-13T21:35:22.387-0400] {logging_mixin.py:190} INFO - [2025-06-13T21:35:22.387-0400] {dagbag.py:588} INFO - Filling up the DagBag from /Users/pranavr/.pyenv/versions/3.11.6/lib/python3.11/site-packages/airflow/example_dags/tutorial_taskflow_templates.py
[2025-06-13T21:35:22.413-0400] {processor.py:925} INFO - DAG(s) 'tutorial_taskflow_templates' retrieved from /Users/pranavr/.pyenv/versions/3.11.6/lib/python3.11/site-packages/airflow/example_dags/tutorial_taskflow_templates.py
[2025-06-13T21:35:22.494-0400] {logging_mixin.py:190} INFO - [2025-06-13T21:35:22.493-0400] {dag.py:3239} INFO - Sync 1 DAGs
[2025-06-13T21:35:22.502-0400] {logging_mixin.py:190} INFO - [2025-06-13T21:35:22.502-0400] {dag.py:4180} INFO - Setting next_dagrun for tutorial_taskflow_templates to 2025-06-13T00:00:00+00:00, run_after=2025-06-14T00:00:00+00:00
[2025-06-13T21:35:22.511-0400] {processor.py:208} INFO - Processing /Users/pranavr/.pyenv/versions/3.11.6/lib/python3.11/site-packages/airflow/example_dags/tutorial_taskflow_templates.py took 128.348 seconds
[2025-06-13T21:38:07.038-0400] {processor.py:186} INFO - Started process (PID=28018) to work on /Users/pranavr/.pyenv/versions/3.11.6/lib/python3.11/site-packages/airflow/example_dags/tutorial_taskflow_templates.py
[2025-06-13T21:38:07.040-0400] {processor.py:914} INFO - Processing file /Users/pranavr/.pyenv/versions/3.11.6/lib/python3.11/site-packages/airflow/example_dags/tutorial_taskflow_templates.py for tasks to queue
[2025-06-13T21:38:07.041-0400] {logging_mixin.py:190} INFO - [2025-06-13T21:38:07.041-0400] {dagbag.py:588} INFO - Filling up the DagBag from /Users/pranavr/.pyenv/versions/3.11.6/lib/python3.11/site-packages/airflow/example_dags/tutorial_taskflow_templates.py
[2025-06-13T21:38:07.074-0400] {processor.py:925} INFO - DAG(s) 'tutorial_taskflow_templates' retrieved from /Users/pranavr/.pyenv/versions/3.11.6/lib/python3.11/site-packages/airflow/example_dags/tutorial_taskflow_templates.py
[2025-06-13T21:38:07.167-0400] {logging_mixin.py:190} INFO - [2025-06-13T21:38:07.167-0400] {dag.py:3239} INFO - Sync 1 DAGs
[2025-06-13T21:38:07.177-0400] {logging_mixin.py:190} INFO - [2025-06-13T21:38:07.177-0400] {dag.py:4180} INFO - Setting next_dagrun for tutorial_taskflow_templates to 2025-06-13T00:00:00+00:00, run_after=2025-06-14T00:00:00+00:00
[2025-06-13T21:38:07.388-0400] {processor.py:208} INFO - Processing /Users/pranavr/.pyenv/versions/3.11.6/lib/python3.11/site-packages/airflow/example_dags/tutorial_taskflow_templates.py took 351.658 seconds
[2025-06-13T21:39:27.534-0400] {processor.py:186} INFO - Started process (PID=28227) to work on /Users/pranavr/.pyenv/versions/3.11.6/lib/python3.11/site-packages/airflow/example_dags/tutorial_taskflow_templates.py
[2025-06-13T21:39:27.536-0400] {processor.py:914} INFO - Processing file /Users/pranavr/.pyenv/versions/3.11.6/lib/python3.11/site-packages/airflow/example_dags/tutorial_taskflow_templates.py for tasks to queue
[2025-06-13T21:39:27.536-0400] {logging_mixin.py:190} INFO - [2025-06-13T21:39:27.536-0400] {dagbag.py:588} INFO - Filling up the DagBag from /Users/pranavr/.pyenv/versions/3.11.6/lib/python3.11/site-packages/airflow/example_dags/tutorial_taskflow_templates.py
[2025-06-13T21:39:27.562-0400] {processor.py:925} INFO - DAG(s) 'tutorial_taskflow_templates' retrieved from /Users/pranavr/.pyenv/versions/3.11.6/lib/python3.11/site-packages/airflow/example_dags/tutorial_taskflow_templates.py
[2025-06-13T21:39:27.639-0400] {logging_mixin.py:190} INFO - [2025-06-13T21:39:27.639-0400] {dag.py:3239} INFO - Sync 1 DAGs
[2025-06-13T21:39:27.648-0400] {logging_mixin.py:190} INFO - [2025-06-13T21:39:27.648-0400] {dag.py:4180} INFO - Setting next_dagrun for tutorial_taskflow_templates to 2025-06-13T00:00:00+00:00, run_after=2025-06-14T00:00:00+00:00
[2025-06-13T21:39:27.656-0400] {processor.py:208} INFO - Processing /Users/pranavr/.pyenv/versions/3.11.6/lib/python3.11/site-packages/airflow/example_dags/tutorial_taskflow_templates.py took 124.244 seconds
[2025-06-13T21:41:27.295-0400] {processor.py:186} INFO - Started process (PID=28751) to work on /Users/pranavr/.pyenv/versions/3.11.6/lib/python3.11/site-packages/airflow/example_dags/tutorial_taskflow_templates.py
[2025-06-13T21:41:27.298-0400] {processor.py:914} INFO - Processing file /Users/pranavr/.pyenv/versions/3.11.6/lib/python3.11/site-packages/airflow/example_dags/tutorial_taskflow_templates.py for tasks to queue
[2025-06-13T21:41:27.298-0400] {logging_mixin.py:190} INFO - [2025-06-13T21:41:27.298-0400] {dagbag.py:588} INFO - Filling up the DagBag from /Users/pranavr/.pyenv/versions/3.11.6/lib/python3.11/site-packages/airflow/example_dags/tutorial_taskflow_templates.py
[2025-06-13T21:41:27.332-0400] {processor.py:925} INFO - DAG(s) 'tutorial_taskflow_templates' retrieved from /Users/pranavr/.pyenv/versions/3.11.6/lib/python3.11/site-packages/airflow/example_dags/tutorial_taskflow_templates.py
[2025-06-13T21:41:27.410-0400] {logging_mixin.py:190} INFO - [2025-06-13T21:41:27.410-0400] {dag.py:3239} INFO - Sync 1 DAGs
[2025-06-13T21:41:27.420-0400] {logging_mixin.py:190} INFO - [2025-06-13T21:41:27.420-0400] {dag.py:4180} INFO - Setting next_dagrun for tutorial_taskflow_templates to 2025-06-13T00:00:00+00:00, run_after=2025-06-14T00:00:00+00:00
[2025-06-13T21:41:27.432-0400] {processor.py:208} INFO - Processing /Users/pranavr/.pyenv/versions/3.11.6/lib/python3.11/site-packages/airflow/example_dags/tutorial_taskflow_templates.py took 138.299 seconds
[2025-06-13T21:42:59.557-0400] {processor.py:186} INFO - Started process (PID=29095) to work on /Users/pranavr/.pyenv/versions/3.11.6/lib/python3.11/site-packages/airflow/example_dags/tutorial_taskflow_templates.py
[2025-06-13T21:42:59.559-0400] {processor.py:914} INFO - Processing file /Users/pranavr/.pyenv/versions/3.11.6/lib/python3.11/site-packages/airflow/example_dags/tutorial_taskflow_templates.py for tasks to queue
[2025-06-13T21:42:59.560-0400] {logging_mixin.py:190} INFO - [2025-06-13T21:42:59.560-0400] {dagbag.py:588} INFO - Filling up the DagBag from /Users/pranavr/.pyenv/versions/3.11.6/lib/python3.11/site-packages/airflow/example_dags/tutorial_taskflow_templates.py
[2025-06-13T21:42:59.592-0400] {processor.py:925} INFO - DAG(s) 'tutorial_taskflow_templates' retrieved from /Users/pranavr/.pyenv/versions/3.11.6/lib/python3.11/site-packages/airflow/example_dags/tutorial_taskflow_templates.py
[2025-06-13T21:42:59.677-0400] {logging_mixin.py:190} INFO - [2025-06-13T21:42:59.677-0400] {dag.py:3239} INFO - Sync 1 DAGs
[2025-06-13T21:42:59.688-0400] {logging_mixin.py:190} INFO - [2025-06-13T21:42:59.687-0400] {dag.py:4180} INFO - Setting next_dagrun for tutorial_taskflow_templates to 2025-06-13T00:00:00+00:00, run_after=2025-06-14T00:00:00+00:00
[2025-06-13T21:42:59.698-0400] {processor.py:208} INFO - Processing /Users/pranavr/.pyenv/versions/3.11.6/lib/python3.11/site-packages/airflow/example_dags/tutorial_taskflow_templates.py took 142.058 seconds
