[2025-06-13T21:25:37.719-0400] {processor.py:186} INFO - Started process (PID=26248) to work on /Users/pranavr/drift-retrainer/dags/drift_detection_dag.py
[2025-06-13T21:25:37.721-0400] {processor.py:914} INFO - Processing file /Users/pranavr/drift-retrainer/dags/drift_detection_dag.py for tasks to queue
[2025-06-13T21:25:37.722-0400] {logging_mixin.py:190} INFO - [2025-06-13T21:25:37.722-0400] {dagbag.py:588} INFO - Filling up the DagBag from /Users/pranavr/drift-retrainer/dags/drift_detection_dag.py
[2025-06-13T21:25:37.728-0400] {processor.py:925} INFO - DAG(s) 'drift_detection' retrieved from /Users/pranavr/drift-retrainer/dags/drift_detection_dag.py
[2025-06-13T21:25:37.806-0400] {logging_mixin.py:190} INFO - [2025-06-13T21:25:37.806-0400] {dag.py:3239} INFO - Sync 1 DAGs
[2025-06-13T21:25:37.814-0400] {logging_mixin.py:190} INFO - [2025-06-13T21:25:37.814-0400] {dag.py:4180} INFO - Setting next_dagrun for drift_detection to 2025-06-14T00:00:00+00:00, run_after=2025-06-14T01:00:00+00:00
[2025-06-13T21:25:37.823-0400] {processor.py:208} INFO - Processing /Users/pranavr/drift-retrainer/dags/drift_detection_dag.py took 105.295 seconds
[2025-06-13T21:28:22.673-0400] {processor.py:186} INFO - Started process (PID=26643) to work on /Users/pranavr/drift-retrainer/dags/drift_detection_dag.py
[2025-06-13T21:28:22.676-0400] {processor.py:914} INFO - Processing file /Users/pranavr/drift-retrainer/dags/drift_detection_dag.py for tasks to queue
[2025-06-13T21:28:22.676-0400] {logging_mixin.py:190} INFO - [2025-06-13T21:28:22.676-0400] {dagbag.py:588} INFO - Filling up the DagBag from /Users/pranavr/drift-retrainer/dags/drift_detection_dag.py
[2025-06-13T21:28:22.681-0400] {processor.py:925} INFO - DAG(s) 'drift_detection' retrieved from /Users/pranavr/drift-retrainer/dags/drift_detection_dag.py
[2025-06-13T21:28:22.753-0400] {logging_mixin.py:190} INFO - [2025-06-13T21:28:22.753-0400] {dag.py:3239} INFO - Sync 1 DAGs
[2025-06-13T21:28:22.761-0400] {logging_mixin.py:190} INFO - [2025-06-13T21:28:22.760-0400] {dag.py:4180} INFO - Setting next_dagrun for drift_detection to 2025-06-14T01:00:00+00:00, run_after=2025-06-14T02:00:00+00:00
[2025-06-13T21:28:22.769-0400] {processor.py:208} INFO - Processing /Users/pranavr/drift-retrainer/dags/drift_detection_dag.py took 96.396 seconds
[2025-06-13T21:29:55.203-0400] {processor.py:186} INFO - Started process (PID=26852) to work on /Users/pranavr/drift-retrainer/dags/drift_detection_dag.py
[2025-06-13T21:29:55.206-0400] {processor.py:914} INFO - Processing file /Users/pranavr/drift-retrainer/dags/drift_detection_dag.py for tasks to queue
[2025-06-13T21:29:55.206-0400] {logging_mixin.py:190} INFO - [2025-06-13T21:29:55.206-0400] {dagbag.py:588} INFO - Filling up the DagBag from /Users/pranavr/drift-retrainer/dags/drift_detection_dag.py
[2025-06-13T21:29:55.211-0400] {processor.py:925} INFO - DAG(s) 'drift_detection' retrieved from /Users/pranavr/drift-retrainer/dags/drift_detection_dag.py
[2025-06-13T21:29:55.303-0400] {logging_mixin.py:190} INFO - [2025-06-13T21:29:55.303-0400] {dag.py:3239} INFO - Sync 1 DAGs
[2025-06-13T21:29:55.312-0400] {logging_mixin.py:190} INFO - [2025-06-13T21:29:55.312-0400] {dag.py:4180} INFO - Setting next_dagrun for drift_detection to 2025-06-14T01:00:00+00:00, run_after=2025-06-14T02:00:00+00:00
[2025-06-13T21:29:55.321-0400] {processor.py:208} INFO - Processing /Users/pranavr/drift-retrainer/dags/drift_detection_dag.py took 119.286 seconds
[2025-06-13T21:31:29.762-0400] {processor.py:186} INFO - Started process (PID=27046) to work on /Users/pranavr/drift-retrainer/dags/drift_detection_dag.py
[2025-06-13T21:31:29.766-0400] {processor.py:914} INFO - Processing file /Users/pranavr/drift-retrainer/dags/drift_detection_dag.py for tasks to queue
[2025-06-13T21:31:29.766-0400] {logging_mixin.py:190} INFO - [2025-06-13T21:31:29.766-0400] {dagbag.py:588} INFO - Filling up the DagBag from /Users/pranavr/drift-retrainer/dags/drift_detection_dag.py
[2025-06-13T21:31:29.775-0400] {processor.py:925} INFO - DAG(s) 'drift_detection' retrieved from /Users/pranavr/drift-retrainer/dags/drift_detection_dag.py
[2025-06-13T21:31:29.878-0400] {logging_mixin.py:190} INFO - [2025-06-13T21:31:29.878-0400] {dag.py:3239} INFO - Sync 1 DAGs
[2025-06-13T21:31:29.887-0400] {logging_mixin.py:190} INFO - [2025-06-13T21:31:29.887-0400] {dag.py:4180} INFO - Setting next_dagrun for drift_detection to 2025-06-14T01:00:00+00:00, run_after=2025-06-14T02:00:00+00:00
[2025-06-13T21:31:29.895-0400] {processor.py:208} INFO - Processing /Users/pranavr/drift-retrainer/dags/drift_detection_dag.py took 134.222 seconds
[2025-06-13T21:33:14.681-0400] {processor.py:186} INFO - Started process (PID=27243) to work on /Users/pranavr/drift-retrainer/dags/drift_detection_dag.py
[2025-06-13T21:33:14.685-0400] {processor.py:914} INFO - Processing file /Users/pranavr/drift-retrainer/dags/drift_detection_dag.py for tasks to queue
[2025-06-13T21:33:14.685-0400] {logging_mixin.py:190} INFO - [2025-06-13T21:33:14.685-0400] {dagbag.py:588} INFO - Filling up the DagBag from /Users/pranavr/drift-retrainer/dags/drift_detection_dag.py
[2025-06-13T21:33:14.697-0400] {processor.py:925} INFO - DAG(s) 'drift_detection' retrieved from /Users/pranavr/drift-retrainer/dags/drift_detection_dag.py
[2025-06-13T21:33:14.779-0400] {logging_mixin.py:190} INFO - [2025-06-13T21:33:14.778-0400] {dag.py:3239} INFO - Sync 1 DAGs
[2025-06-13T21:33:14.790-0400] {logging_mixin.py:190} INFO - [2025-06-13T21:33:14.790-0400] {dag.py:4180} INFO - Setting next_dagrun for drift_detection to 2025-06-14T01:00:00+00:00, run_after=2025-06-14T02:00:00+00:00
[2025-06-13T21:33:14.804-0400] {processor.py:208} INFO - Processing /Users/pranavr/drift-retrainer/dags/drift_detection_dag.py took 125.204 seconds
[2025-06-13T21:35:05.227-0400] {processor.py:186} INFO - Started process (PID=27384) to work on /Users/pranavr/drift-retrainer/dags/drift_detection_dag.py
[2025-06-13T21:35:05.231-0400] {processor.py:914} INFO - Processing file /Users/pranavr/drift-retrainer/dags/drift_detection_dag.py for tasks to queue
[2025-06-13T21:35:05.232-0400] {logging_mixin.py:190} INFO - [2025-06-13T21:35:05.231-0400] {dagbag.py:588} INFO - Filling up the DagBag from /Users/pranavr/drift-retrainer/dags/drift_detection_dag.py
[2025-06-13T21:35:05.240-0400] {processor.py:925} INFO - DAG(s) 'drift_detection' retrieved from /Users/pranavr/drift-retrainer/dags/drift_detection_dag.py
[2025-06-13T21:35:05.333-0400] {logging_mixin.py:190} INFO - [2025-06-13T21:35:05.332-0400] {dag.py:3239} INFO - Sync 1 DAGs
[2025-06-13T21:35:05.341-0400] {logging_mixin.py:190} INFO - [2025-06-13T21:35:05.341-0400] {dag.py:4180} INFO - Setting next_dagrun for drift_detection to 2025-06-14T01:00:00+00:00, run_after=2025-06-14T02:00:00+00:00
[2025-06-13T21:35:05.352-0400] {processor.py:208} INFO - Processing /Users/pranavr/drift-retrainer/dags/drift_detection_dag.py took 126.897 seconds
[2025-06-13T21:37:52.787-0400] {processor.py:186} INFO - Started process (PID=27941) to work on /Users/pranavr/drift-retrainer/dags/drift_detection_dag.py
[2025-06-13T21:37:52.789-0400] {processor.py:914} INFO - Processing file /Users/pranavr/drift-retrainer/dags/drift_detection_dag.py for tasks to queue
[2025-06-13T21:37:52.790-0400] {logging_mixin.py:190} INFO - [2025-06-13T21:37:52.790-0400] {dagbag.py:588} INFO - Filling up the DagBag from /Users/pranavr/drift-retrainer/dags/drift_detection_dag.py
[2025-06-13T21:37:52.797-0400] {processor.py:925} INFO - DAG(s) 'drift_detection' retrieved from /Users/pranavr/drift-retrainer/dags/drift_detection_dag.py
[2025-06-13T21:37:52.881-0400] {logging_mixin.py:190} INFO - [2025-06-13T21:37:52.880-0400] {dag.py:3239} INFO - Sync 1 DAGs
[2025-06-13T21:37:52.889-0400] {logging_mixin.py:190} INFO - [2025-06-13T21:37:52.889-0400] {dag.py:4180} INFO - Setting next_dagrun for drift_detection to 2025-06-14T01:00:00+00:00, run_after=2025-06-14T02:00:00+00:00
[2025-06-13T21:37:52.897-0400] {processor.py:208} INFO - Processing /Users/pranavr/drift-retrainer/dags/drift_detection_dag.py took 111.663 seconds
[2025-06-13T21:39:13.540-0400] {processor.py:186} INFO - Started process (PID=28196) to work on /Users/pranavr/drift-retrainer/dags/drift_detection_dag.py
[2025-06-13T21:39:13.542-0400] {processor.py:914} INFO - Processing file /Users/pranavr/drift-retrainer/dags/drift_detection_dag.py for tasks to queue
[2025-06-13T21:39:13.543-0400] {logging_mixin.py:190} INFO - [2025-06-13T21:39:13.543-0400] {dagbag.py:588} INFO - Filling up the DagBag from /Users/pranavr/drift-retrainer/dags/drift_detection_dag.py
[2025-06-13T21:39:13.551-0400] {processor.py:925} INFO - DAG(s) 'drift_detection' retrieved from /Users/pranavr/drift-retrainer/dags/drift_detection_dag.py
[2025-06-13T21:39:13.632-0400] {logging_mixin.py:190} INFO - [2025-06-13T21:39:13.632-0400] {dag.py:3239} INFO - Sync 1 DAGs
[2025-06-13T21:39:13.640-0400] {logging_mixin.py:190} INFO - [2025-06-13T21:39:13.640-0400] {dag.py:4180} INFO - Setting next_dagrun for drift_detection to 2025-06-14T01:00:00+00:00, run_after=2025-06-14T02:00:00+00:00
[2025-06-13T21:39:13.649-0400] {processor.py:208} INFO - Processing /Users/pranavr/drift-retrainer/dags/drift_detection_dag.py took 110.212 seconds
[2025-06-13T21:41:13.525-0400] {processor.py:186} INFO - Started process (PID=28725) to work on /Users/pranavr/drift-retrainer/dags/drift_detection_dag.py
[2025-06-13T21:41:13.527-0400] {processor.py:914} INFO - Processing file /Users/pranavr/drift-retrainer/dags/drift_detection_dag.py for tasks to queue
[2025-06-13T21:41:13.528-0400] {logging_mixin.py:190} INFO - [2025-06-13T21:41:13.528-0400] {dagbag.py:588} INFO - Filling up the DagBag from /Users/pranavr/drift-retrainer/dags/drift_detection_dag.py
[2025-06-13T21:41:13.533-0400] {processor.py:925} INFO - DAG(s) 'drift_detection' retrieved from /Users/pranavr/drift-retrainer/dags/drift_detection_dag.py
[2025-06-13T21:41:13.610-0400] {logging_mixin.py:190} INFO - [2025-06-13T21:41:13.609-0400] {dag.py:3239} INFO - Sync 1 DAGs
[2025-06-13T21:41:13.617-0400] {logging_mixin.py:190} INFO - [2025-06-13T21:41:13.617-0400] {dag.py:4180} INFO - Setting next_dagrun for drift_detection to 2025-06-14T01:00:00+00:00, run_after=2025-06-14T02:00:00+00:00
[2025-06-13T21:41:13.625-0400] {processor.py:208} INFO - Processing /Users/pranavr/drift-retrainer/dags/drift_detection_dag.py took 101.483 seconds
[2025-06-13T21:42:45.457-0400] {processor.py:186} INFO - Started process (PID=29039) to work on /Users/pranavr/drift-retrainer/dags/drift_detection_dag.py
[2025-06-13T21:42:45.459-0400] {processor.py:914} INFO - Processing file /Users/pranavr/drift-retrainer/dags/drift_detection_dag.py for tasks to queue
[2025-06-13T21:42:45.459-0400] {logging_mixin.py:190} INFO - [2025-06-13T21:42:45.459-0400] {dagbag.py:588} INFO - Filling up the DagBag from /Users/pranavr/drift-retrainer/dags/drift_detection_dag.py
[2025-06-13T21:42:45.464-0400] {processor.py:925} INFO - DAG(s) 'drift_detection' retrieved from /Users/pranavr/drift-retrainer/dags/drift_detection_dag.py
[2025-06-13T21:42:45.546-0400] {logging_mixin.py:190} INFO - [2025-06-13T21:42:45.546-0400] {dag.py:3239} INFO - Sync 1 DAGs
[2025-06-13T21:42:45.555-0400] {logging_mixin.py:190} INFO - [2025-06-13T21:42:45.555-0400] {dag.py:4180} INFO - Setting next_dagrun for drift_detection to 2025-06-14T01:00:00+00:00, run_after=2025-06-14T02:00:00+00:00
[2025-06-13T21:42:45.564-0400] {processor.py:208} INFO - Processing /Users/pranavr/drift-retrainer/dags/drift_detection_dag.py took 108.658 seconds
