[2025-06-13T21:25:35.287-0400] {processor.py:186} INFO - Started process (PID=26242) to work on /Users/pranavr/drift-retrainer/dags/retraining_dag.py
[2025-06-13T21:25:35.289-0400] {processor.py:914} INFO - Processing file /Users/pranavr/drift-retrainer/dags/retraining_dag.py for tasks to queue
[2025-06-13T21:25:35.289-0400] {logging_mixin.py:190} INFO - [2025-06-13T21:25:35.289-0400] {dagbag.py:588} INFO - Filling up the DagBag from /Users/pranavr/drift-retrainer/dags/retraining_dag.py
[2025-06-13T21:25:35.298-0400] {processor.py:925} INFO - DAG(s) 'retrain_pipeline' retrieved from /Users/pranavr/drift-retrainer/dags/retraining_dag.py
[2025-06-13T21:25:35.606-0400] {logging_mixin.py:190} INFO - [2025-06-13T21:25:35.606-0400] {dag.py:3239} INFO - Sync 1 DAGs
[2025-06-13T21:25:35.613-0400] {logging_mixin.py:190} INFO - [2025-06-13T21:25:35.613-0400] {dag.py:4180} INFO - Setting next_dagrun for retrain_pipeline to 2025-06-14T00:00:00+00:00, run_after=2025-06-14T01:00:00+00:00
[2025-06-13T21:25:35.674-0400] {processor.py:208} INFO - Processing /Users/pranavr/drift-retrainer/dags/retraining_dag.py took 388.402 seconds
[2025-06-13T21:28:18.498-0400] {processor.py:186} INFO - Started process (PID=26639) to work on /Users/pranavr/drift-retrainer/dags/retraining_dag.py
[2025-06-13T21:28:18.500-0400] {processor.py:914} INFO - Processing file /Users/pranavr/drift-retrainer/dags/retraining_dag.py for tasks to queue
[2025-06-13T21:28:18.501-0400] {logging_mixin.py:190} INFO - [2025-06-13T21:28:18.501-0400] {dagbag.py:588} INFO - Filling up the DagBag from /Users/pranavr/drift-retrainer/dags/retraining_dag.py
[2025-06-13T21:28:18.511-0400] {processor.py:925} INFO - DAG(s) 'retrain_pipeline' retrieved from /Users/pranavr/drift-retrainer/dags/retraining_dag.py
[2025-06-13T21:28:19.162-0400] {logging_mixin.py:190} INFO - [2025-06-13T21:28:19.161-0400] {dag.py:3239} INFO - Sync 1 DAGs
[2025-06-13T21:28:19.173-0400] {logging_mixin.py:190} INFO - [2025-06-13T21:28:19.172-0400] {dag.py:4180} INFO - Setting next_dagrun for retrain_pipeline to 2025-06-14T00:00:00+00:00, run_after=2025-06-14T01:00:00+00:00
[2025-06-13T21:28:19.261-0400] {processor.py:208} INFO - Processing /Users/pranavr/drift-retrainer/dags/retraining_dag.py took 764.051 seconds
[2025-06-13T21:29:53.093-0400] {processor.py:186} INFO - Started process (PID=26849) to work on /Users/pranavr/drift-retrainer/dags/retraining_dag.py
[2025-06-13T21:29:53.097-0400] {processor.py:914} INFO - Processing file /Users/pranavr/drift-retrainer/dags/retraining_dag.py for tasks to queue
[2025-06-13T21:29:53.098-0400] {logging_mixin.py:190} INFO - [2025-06-13T21:29:53.098-0400] {dagbag.py:588} INFO - Filling up the DagBag from /Users/pranavr/drift-retrainer/dags/retraining_dag.py
[2025-06-13T21:29:53.106-0400] {processor.py:925} INFO - DAG(s) 'retrain_pipeline' retrieved from /Users/pranavr/drift-retrainer/dags/retraining_dag.py
[2025-06-13T21:29:53.537-0400] {logging_mixin.py:190} INFO - [2025-06-13T21:29:53.536-0400] {dag.py:3239} INFO - Sync 1 DAGs
[2025-06-13T21:29:53.553-0400] {logging_mixin.py:190} INFO - [2025-06-13T21:29:53.553-0400] {dag.py:4180} INFO - Setting next_dagrun for retrain_pipeline to 2025-06-14T00:00:00+00:00, run_after=2025-06-14T01:00:00+00:00
[2025-06-13T21:29:53.624-0400] {processor.py:208} INFO - Processing /Users/pranavr/drift-retrainer/dags/retraining_dag.py took 532.728 seconds
[2025-06-13T21:31:32.018-0400] {processor.py:186} INFO - Started process (PID=27048) to work on /Users/pranavr/drift-retrainer/dags/retraining_dag.py
[2025-06-13T21:31:32.021-0400] {processor.py:914} INFO - Processing file /Users/pranavr/drift-retrainer/dags/retraining_dag.py for tasks to queue
[2025-06-13T21:31:32.022-0400] {logging_mixin.py:190} INFO - [2025-06-13T21:31:32.022-0400] {dagbag.py:588} INFO - Filling up the DagBag from /Users/pranavr/drift-retrainer/dags/retraining_dag.py
[2025-06-13T21:31:32.032-0400] {processor.py:925} INFO - DAG(s) 'retrain_pipeline' retrieved from /Users/pranavr/drift-retrainer/dags/retraining_dag.py
[2025-06-13T21:31:32.539-0400] {logging_mixin.py:190} INFO - [2025-06-13T21:31:32.538-0400] {dag.py:3239} INFO - Sync 1 DAGs
[2025-06-13T21:31:32.552-0400] {logging_mixin.py:190} INFO - [2025-06-13T21:31:32.552-0400] {dag.py:4180} INFO - Setting next_dagrun for retrain_pipeline to 2025-06-14T00:00:00+00:00, run_after=2025-06-14T01:00:00+00:00
[2025-06-13T21:31:32.627-0400] {processor.py:208} INFO - Processing /Users/pranavr/drift-retrainer/dags/retraining_dag.py took 610.329 seconds
[2025-06-13T21:33:16.531-0400] {processor.py:186} INFO - Started process (PID=27247) to work on /Users/pranavr/drift-retrainer/dags/retraining_dag.py
[2025-06-13T21:33:16.533-0400] {processor.py:914} INFO - Processing file /Users/pranavr/drift-retrainer/dags/retraining_dag.py for tasks to queue
[2025-06-13T21:33:16.533-0400] {logging_mixin.py:190} INFO - [2025-06-13T21:33:16.533-0400] {dagbag.py:588} INFO - Filling up the DagBag from /Users/pranavr/drift-retrainer/dags/retraining_dag.py
[2025-06-13T21:33:16.539-0400] {processor.py:925} INFO - DAG(s) 'retrain_pipeline' retrieved from /Users/pranavr/drift-retrainer/dags/retraining_dag.py
[2025-06-13T21:33:16.934-0400] {logging_mixin.py:190} INFO - [2025-06-13T21:33:16.933-0400] {dag.py:3239} INFO - Sync 1 DAGs
[2025-06-13T21:33:16.943-0400] {logging_mixin.py:190} INFO - [2025-06-13T21:33:16.943-0400] {dag.py:4180} INFO - Setting next_dagrun for retrain_pipeline to 2025-06-14T00:00:00+00:00, run_after=2025-06-14T01:00:00+00:00
[2025-06-13T21:33:16.999-0400] {processor.py:208} INFO - Processing /Users/pranavr/drift-retrainer/dags/retraining_dag.py took 470.467 seconds
[2025-06-13T21:35:07.644-0400] {processor.py:186} INFO - Started process (PID=27386) to work on /Users/pranavr/drift-retrainer/dags/retraining_dag.py
[2025-06-13T21:35:07.648-0400] {processor.py:914} INFO - Processing file /Users/pranavr/drift-retrainer/dags/retraining_dag.py for tasks to queue
[2025-06-13T21:35:07.649-0400] {logging_mixin.py:190} INFO - [2025-06-13T21:35:07.649-0400] {dagbag.py:588} INFO - Filling up the DagBag from /Users/pranavr/drift-retrainer/dags/retraining_dag.py
[2025-06-13T21:35:07.658-0400] {processor.py:925} INFO - DAG(s) 'retrain_pipeline' retrieved from /Users/pranavr/drift-retrainer/dags/retraining_dag.py
[2025-06-13T21:35:08.519-0400] {logging_mixin.py:190} INFO - [2025-06-13T21:35:08.512-0400] {dag.py:3239} INFO - Sync 1 DAGs
[2025-06-13T21:35:08.557-0400] {logging_mixin.py:190} INFO - [2025-06-13T21:35:08.557-0400] {dag.py:4180} INFO - Setting next_dagrun for retrain_pipeline to 2025-06-14T00:00:00+00:00, run_after=2025-06-14T01:00:00+00:00
[2025-06-13T21:35:08.708-0400] {processor.py:208} INFO - Processing /Users/pranavr/drift-retrainer/dags/retraining_dag.py took 1070.886 seconds
[2025-06-13T21:37:54.908-0400] {processor.py:186} INFO - Started process (PID=27988) to work on /Users/pranavr/drift-retrainer/dags/retraining_dag.py
[2025-06-13T21:37:54.913-0400] {processor.py:914} INFO - Processing file /Users/pranavr/drift-retrainer/dags/retraining_dag.py for tasks to queue
[2025-06-13T21:37:54.913-0400] {logging_mixin.py:190} INFO - [2025-06-13T21:37:54.913-0400] {dagbag.py:588} INFO - Filling up the DagBag from /Users/pranavr/drift-retrainer/dags/retraining_dag.py
[2025-06-13T21:37:54.919-0400] {processor.py:925} INFO - DAG(s) 'retrain_pipeline' retrieved from /Users/pranavr/drift-retrainer/dags/retraining_dag.py
[2025-06-13T21:37:55.218-0400] {logging_mixin.py:190} INFO - [2025-06-13T21:37:55.218-0400] {dag.py:3239} INFO - Sync 1 DAGs
[2025-06-13T21:37:55.227-0400] {logging_mixin.py:190} INFO - [2025-06-13T21:37:55.227-0400] {dag.py:4180} INFO - Setting next_dagrun for retrain_pipeline to 2025-06-14T00:00:00+00:00, run_after=2025-06-14T01:00:00+00:00
[2025-06-13T21:37:55.280-0400] {processor.py:208} INFO - Processing /Users/pranavr/drift-retrainer/dags/retraining_dag.py took 376.931 seconds
[2025-06-13T21:39:15.673-0400] {processor.py:186} INFO - Started process (PID=28204) to work on /Users/pranavr/drift-retrainer/dags/retraining_dag.py
[2025-06-13T21:39:15.676-0400] {processor.py:914} INFO - Processing file /Users/pranavr/drift-retrainer/dags/retraining_dag.py for tasks to queue
[2025-06-13T21:39:15.677-0400] {logging_mixin.py:190} INFO - [2025-06-13T21:39:15.677-0400] {dagbag.py:588} INFO - Filling up the DagBag from /Users/pranavr/drift-retrainer/dags/retraining_dag.py
[2025-06-13T21:39:15.684-0400] {processor.py:925} INFO - DAG(s) 'retrain_pipeline' retrieved from /Users/pranavr/drift-retrainer/dags/retraining_dag.py
[2025-06-13T21:39:15.985-0400] {logging_mixin.py:190} INFO - [2025-06-13T21:39:15.985-0400] {dag.py:3239} INFO - Sync 1 DAGs
[2025-06-13T21:39:15.993-0400] {logging_mixin.py:190} INFO - [2025-06-13T21:39:15.993-0400] {dag.py:4180} INFO - Setting next_dagrun for retrain_pipeline to 2025-06-14T00:00:00+00:00, run_after=2025-06-14T01:00:00+00:00
[2025-06-13T21:39:16.042-0400] {processor.py:208} INFO - Processing /Users/pranavr/drift-retrainer/dags/retraining_dag.py took 369.951 seconds
[2025-06-13T21:41:15.619-0400] {processor.py:186} INFO - Started process (PID=28727) to work on /Users/pranavr/drift-retrainer/dags/retraining_dag.py
[2025-06-13T21:41:15.626-0400] {processor.py:914} INFO - Processing file /Users/pranavr/drift-retrainer/dags/retraining_dag.py for tasks to queue
[2025-06-13T21:41:15.627-0400] {logging_mixin.py:190} INFO - [2025-06-13T21:41:15.627-0400] {dagbag.py:588} INFO - Filling up the DagBag from /Users/pranavr/drift-retrainer/dags/retraining_dag.py
[2025-06-13T21:41:15.635-0400] {processor.py:925} INFO - DAG(s) 'retrain_pipeline' retrieved from /Users/pranavr/drift-retrainer/dags/retraining_dag.py
[2025-06-13T21:41:16.059-0400] {logging_mixin.py:190} INFO - [2025-06-13T21:41:16.058-0400] {dag.py:3239} INFO - Sync 1 DAGs
[2025-06-13T21:41:16.067-0400] {logging_mixin.py:190} INFO - [2025-06-13T21:41:16.067-0400] {dag.py:4180} INFO - Setting next_dagrun for retrain_pipeline to 2025-06-14T00:00:00+00:00, run_after=2025-06-14T01:00:00+00:00
[2025-06-13T21:41:16.121-0400] {processor.py:208} INFO - Processing /Users/pranavr/drift-retrainer/dags/retraining_dag.py took 503.975 seconds
[2025-06-13T21:42:47.481-0400] {processor.py:186} INFO - Started process (PID=29042) to work on /Users/pranavr/drift-retrainer/dags/retraining_dag.py
[2025-06-13T21:42:47.484-0400] {processor.py:914} INFO - Processing file /Users/pranavr/drift-retrainer/dags/retraining_dag.py for tasks to queue
[2025-06-13T21:42:47.485-0400] {logging_mixin.py:190} INFO - [2025-06-13T21:42:47.485-0400] {dagbag.py:588} INFO - Filling up the DagBag from /Users/pranavr/drift-retrainer/dags/retraining_dag.py
[2025-06-13T21:42:47.491-0400] {processor.py:925} INFO - DAG(s) 'retrain_pipeline' retrieved from /Users/pranavr/drift-retrainer/dags/retraining_dag.py
[2025-06-13T21:42:47.834-0400] {logging_mixin.py:190} INFO - [2025-06-13T21:42:47.834-0400] {dag.py:3239} INFO - Sync 1 DAGs
[2025-06-13T21:42:47.842-0400] {logging_mixin.py:190} INFO - [2025-06-13T21:42:47.842-0400] {dag.py:4180} INFO - Setting next_dagrun for retrain_pipeline to 2025-06-14T00:00:00+00:00, run_after=2025-06-14T01:00:00+00:00
[2025-06-13T21:42:47.897-0400] {processor.py:208} INFO - Processing /Users/pranavr/drift-retrainer/dags/retraining_dag.py took 417.433 seconds
