[2025-06-11T23:44:14.462-0400] {processor.py:186} INFO - Started process (PID=54289) to work on /Users/pranavr/.pyenv/versions/3.11.6/lib/python3.11/site-packages/airflow/example_dags/example_dataset_alias_with_no_taskflow.py
[2025-06-11T23:44:14.464-0400] {processor.py:914} INFO - Processing file /Users/pranavr/.pyenv/versions/3.11.6/lib/python3.11/site-packages/airflow/example_dags/example_dataset_alias_with_no_taskflow.py for tasks to queue
[2025-06-11T23:44:14.464-0400] {logging_mixin.py:190} INFO - [2025-06-11T23:44:14.464-0400] {dagbag.py:588} INFO - Filling up the DagBag from /Users/pranavr/.pyenv/versions/3.11.6/lib/python3.11/site-packages/airflow/example_dags/example_dataset_alias_with_no_taskflow.py
[2025-06-11T23:44:14.553-0400] {processor.py:925} INFO - DAG(s) 'dataset_alias_example_alias_producer_with_no_taskflow', 'dataset_alias_example_alias_consumer_with_no_taskflow', 'dataset_s3_bucket_consumer_with_no_taskflow', 'dataset_s3_bucket_producer_with_no_taskflow' retrieved from /Users/pranavr/.pyenv/versions/3.11.6/lib/python3.11/site-packages/airflow/example_dags/example_dataset_alias_with_no_taskflow.py
[2025-06-11T23:44:14.594-0400] {logging_mixin.py:190} INFO - [2025-06-11T23:44:14.593-0400] {override.py:1930} INFO - Created Permission View: can delete on DAG:dataset_alias_example_alias_producer_with_no_taskflow
[2025-06-11T23:44:14.598-0400] {logging_mixin.py:190} INFO - [2025-06-11T23:44:14.598-0400] {override.py:1930} INFO - Created Permission View: can read on DAG:dataset_alias_example_alias_producer_with_no_taskflow
[2025-06-11T23:44:14.600-0400] {logging_mixin.py:190} INFO - [2025-06-11T23:44:14.600-0400] {override.py:1930} INFO - Created Permission View: can edit on DAG:dataset_alias_example_alias_producer_with_no_taskflow
[2025-06-11T23:44:14.603-0400] {logging_mixin.py:190} INFO - [2025-06-11T23:44:14.602-0400] {override.py:1930} INFO - Created Permission View: can create on DAG Run:dataset_alias_example_alias_producer_with_no_taskflow
[2025-06-11T23:44:14.605-0400] {logging_mixin.py:190} INFO - [2025-06-11T23:44:14.605-0400] {override.py:1930} INFO - Created Permission View: menu access on DAG Run:dataset_alias_example_alias_producer_with_no_taskflow
[2025-06-11T23:44:14.607-0400] {logging_mixin.py:190} INFO - [2025-06-11T23:44:14.607-0400] {override.py:1930} INFO - Created Permission View: can delete on DAG Run:dataset_alias_example_alias_producer_with_no_taskflow
[2025-06-11T23:44:14.609-0400] {logging_mixin.py:190} INFO - [2025-06-11T23:44:14.609-0400] {override.py:1930} INFO - Created Permission View: can read on DAG Run:dataset_alias_example_alias_producer_with_no_taskflow
[2025-06-11T23:44:14.614-0400] {logging_mixin.py:190} INFO - [2025-06-11T23:44:14.614-0400] {override.py:1930} INFO - Created Permission View: can delete on DAG:dataset_alias_example_alias_consumer_with_no_taskflow
[2025-06-11T23:44:14.616-0400] {logging_mixin.py:190} INFO - [2025-06-11T23:44:14.616-0400] {override.py:1930} INFO - Created Permission View: can read on DAG:dataset_alias_example_alias_consumer_with_no_taskflow
[2025-06-11T23:44:14.618-0400] {logging_mixin.py:190} INFO - [2025-06-11T23:44:14.618-0400] {override.py:1930} INFO - Created Permission View: can edit on DAG:dataset_alias_example_alias_consumer_with_no_taskflow
[2025-06-11T23:44:14.621-0400] {logging_mixin.py:190} INFO - [2025-06-11T23:44:14.621-0400] {override.py:1930} INFO - Created Permission View: can create on DAG Run:dataset_alias_example_alias_consumer_with_no_taskflow
[2025-06-11T23:44:14.623-0400] {logging_mixin.py:190} INFO - [2025-06-11T23:44:14.623-0400] {override.py:1930} INFO - Created Permission View: menu access on DAG Run:dataset_alias_example_alias_consumer_with_no_taskflow
[2025-06-11T23:44:14.625-0400] {logging_mixin.py:190} INFO - [2025-06-11T23:44:14.624-0400] {override.py:1930} INFO - Created Permission View: can delete on DAG Run:dataset_alias_example_alias_consumer_with_no_taskflow
[2025-06-11T23:44:14.627-0400] {logging_mixin.py:190} INFO - [2025-06-11T23:44:14.627-0400] {override.py:1930} INFO - Created Permission View: can read on DAG Run:dataset_alias_example_alias_consumer_with_no_taskflow
[2025-06-11T23:44:14.631-0400] {logging_mixin.py:190} INFO - [2025-06-11T23:44:14.631-0400] {override.py:1930} INFO - Created Permission View: can delete on DAG:dataset_s3_bucket_consumer_with_no_taskflow
[2025-06-11T23:44:14.633-0400] {logging_mixin.py:190} INFO - [2025-06-11T23:44:14.633-0400] {override.py:1930} INFO - Created Permission View: can read on DAG:dataset_s3_bucket_consumer_with_no_taskflow
[2025-06-11T23:44:14.635-0400] {logging_mixin.py:190} INFO - [2025-06-11T23:44:14.635-0400] {override.py:1930} INFO - Created Permission View: can edit on DAG:dataset_s3_bucket_consumer_with_no_taskflow
[2025-06-11T23:44:14.637-0400] {logging_mixin.py:190} INFO - [2025-06-11T23:44:14.637-0400] {override.py:1930} INFO - Created Permission View: can create on DAG Run:dataset_s3_bucket_consumer_with_no_taskflow
[2025-06-11T23:44:14.639-0400] {logging_mixin.py:190} INFO - [2025-06-11T23:44:14.639-0400] {override.py:1930} INFO - Created Permission View: menu access on DAG Run:dataset_s3_bucket_consumer_with_no_taskflow
[2025-06-11T23:44:14.641-0400] {logging_mixin.py:190} INFO - [2025-06-11T23:44:14.641-0400] {override.py:1930} INFO - Created Permission View: can delete on DAG Run:dataset_s3_bucket_consumer_with_no_taskflow
[2025-06-11T23:44:14.643-0400] {logging_mixin.py:190} INFO - [2025-06-11T23:44:14.643-0400] {override.py:1930} INFO - Created Permission View: can read on DAG Run:dataset_s3_bucket_consumer_with_no_taskflow
[2025-06-11T23:44:14.647-0400] {logging_mixin.py:190} INFO - [2025-06-11T23:44:14.647-0400] {override.py:1930} INFO - Created Permission View: can delete on DAG:dataset_s3_bucket_producer_with_no_taskflow
[2025-06-11T23:44:14.649-0400] {logging_mixin.py:190} INFO - [2025-06-11T23:44:14.649-0400] {override.py:1930} INFO - Created Permission View: can read on DAG:dataset_s3_bucket_producer_with_no_taskflow
[2025-06-11T23:44:14.651-0400] {logging_mixin.py:190} INFO - [2025-06-11T23:44:14.651-0400] {override.py:1930} INFO - Created Permission View: can edit on DAG:dataset_s3_bucket_producer_with_no_taskflow
[2025-06-11T23:44:14.653-0400] {logging_mixin.py:190} INFO - [2025-06-11T23:44:14.653-0400] {override.py:1930} INFO - Created Permission View: can create on DAG Run:dataset_s3_bucket_producer_with_no_taskflow
[2025-06-11T23:44:14.656-0400] {logging_mixin.py:190} INFO - [2025-06-11T23:44:14.655-0400] {override.py:1930} INFO - Created Permission View: menu access on DAG Run:dataset_s3_bucket_producer_with_no_taskflow
[2025-06-11T23:44:14.657-0400] {logging_mixin.py:190} INFO - [2025-06-11T23:44:14.657-0400] {override.py:1930} INFO - Created Permission View: can delete on DAG Run:dataset_s3_bucket_producer_with_no_taskflow
[2025-06-11T23:44:14.659-0400] {logging_mixin.py:190} INFO - [2025-06-11T23:44:14.659-0400] {override.py:1930} INFO - Created Permission View: can read on DAG Run:dataset_s3_bucket_producer_with_no_taskflow
[2025-06-11T23:44:14.659-0400] {logging_mixin.py:190} INFO - [2025-06-11T23:44:14.659-0400] {dag.py:3239} INFO - Sync 4 DAGs
[2025-06-11T23:44:14.664-0400] {logging_mixin.py:190} INFO - [2025-06-11T23:44:14.663-0400] {dag.py:3262} INFO - Creating ORM DAG for dataset_s3_bucket_consumer_with_no_taskflow
[2025-06-11T23:44:14.664-0400] {logging_mixin.py:190} INFO - [2025-06-11T23:44:14.664-0400] {dag.py:3262} INFO - Creating ORM DAG for dataset_alias_example_alias_consumer_with_no_taskflow
[2025-06-11T23:44:14.664-0400] {logging_mixin.py:190} INFO - [2025-06-11T23:44:14.664-0400] {dag.py:3262} INFO - Creating ORM DAG for dataset_s3_bucket_producer_with_no_taskflow
[2025-06-11T23:44:14.664-0400] {logging_mixin.py:190} INFO - [2025-06-11T23:44:14.664-0400] {dag.py:3262} INFO - Creating ORM DAG for dataset_alias_example_alias_producer_with_no_taskflow
[2025-06-11T23:44:14.667-0400] {logging_mixin.py:190} INFO - [2025-06-11T23:44:14.667-0400] {dag.py:4180} INFO - Setting next_dagrun for dataset_alias_example_alias_consumer_with_no_taskflow to None, run_after=None
[2025-06-11T23:44:14.667-0400] {logging_mixin.py:190} INFO - [2025-06-11T23:44:14.667-0400] {dag.py:4180} INFO - Setting next_dagrun for dataset_alias_example_alias_producer_with_no_taskflow to None, run_after=None
[2025-06-11T23:44:14.667-0400] {logging_mixin.py:190} INFO - [2025-06-11T23:44:14.667-0400] {dag.py:4180} INFO - Setting next_dagrun for dataset_s3_bucket_consumer_with_no_taskflow to None, run_after=None
[2025-06-11T23:44:14.668-0400] {logging_mixin.py:190} INFO - [2025-06-11T23:44:14.668-0400] {dag.py:4180} INFO - Setting next_dagrun for dataset_s3_bucket_producer_with_no_taskflow to None, run_after=None
[2025-06-11T23:44:14.912-0400] {processor.py:208} INFO - Processing /Users/pranavr/.pyenv/versions/3.11.6/lib/python3.11/site-packages/airflow/example_dags/example_dataset_alias_with_no_taskflow.py took 0.451 seconds
