[2025-06-11T23:44:16.825-0400] {processor.py:186} INFO - Started process (PID=54293) to work on /Users/pranavr/.pyenv/versions/3.11.6/lib/python3.11/site-packages/airflow/example_dags/example_dataset_alias.py
[2025-06-11T23:44:16.827-0400] {processor.py:914} INFO - Processing file /Users/pranavr/.pyenv/versions/3.11.6/lib/python3.11/site-packages/airflow/example_dags/example_dataset_alias.py for tasks to queue
[2025-06-11T23:44:16.827-0400] {logging_mixin.py:190} INFO - [2025-06-11T23:44:16.827-0400] {dagbag.py:588} INFO - Filling up the DagBag from /Users/pranavr/.pyenv/versions/3.11.6/lib/python3.11/site-packages/airflow/example_dags/example_dataset_alias.py
[2025-06-11T23:44:16.919-0400] {processor.py:925} INFO - DAG(s) 'dataset_s3_bucket_consumer', 'dataset_s3_bucket_producer', 'dataset_alias_example_alias_consumer', 'dataset_alias_example_alias_producer' retrieved from /Users/pranavr/.pyenv/versions/3.11.6/lib/python3.11/site-packages/airflow/example_dags/example_dataset_alias.py
[2025-06-11T23:44:16.958-0400] {logging_mixin.py:190} INFO - [2025-06-11T23:44:16.958-0400] {override.py:1930} INFO - Created Permission View: can delete on DAG:dataset_s3_bucket_consumer
[2025-06-11T23:44:16.962-0400] {logging_mixin.py:190} INFO - [2025-06-11T23:44:16.962-0400] {override.py:1930} INFO - Created Permission View: can edit on DAG:dataset_s3_bucket_consumer
[2025-06-11T23:44:16.964-0400] {logging_mixin.py:190} INFO - [2025-06-11T23:44:16.964-0400] {override.py:1930} INFO - Created Permission View: can read on DAG:dataset_s3_bucket_consumer
[2025-06-11T23:44:16.967-0400] {logging_mixin.py:190} INFO - [2025-06-11T23:44:16.967-0400] {override.py:1930} INFO - Created Permission View: can create on DAG Run:dataset_s3_bucket_consumer
[2025-06-11T23:44:16.969-0400] {logging_mixin.py:190} INFO - [2025-06-11T23:44:16.969-0400] {override.py:1930} INFO - Created Permission View: can delete on DAG Run:dataset_s3_bucket_consumer
[2025-06-11T23:44:16.971-0400] {logging_mixin.py:190} INFO - [2025-06-11T23:44:16.971-0400] {override.py:1930} INFO - Created Permission View: menu access on DAG Run:dataset_s3_bucket_consumer
[2025-06-11T23:44:16.973-0400] {logging_mixin.py:190} INFO - [2025-06-11T23:44:16.973-0400] {override.py:1930} INFO - Created Permission View: can read on DAG Run:dataset_s3_bucket_consumer
[2025-06-11T23:44:16.978-0400] {logging_mixin.py:190} INFO - [2025-06-11T23:44:16.978-0400] {override.py:1930} INFO - Created Permission View: can delete on DAG:dataset_s3_bucket_producer
[2025-06-11T23:44:16.980-0400] {logging_mixin.py:190} INFO - [2025-06-11T23:44:16.980-0400] {override.py:1930} INFO - Created Permission View: can edit on DAG:dataset_s3_bucket_producer
[2025-06-11T23:44:16.982-0400] {logging_mixin.py:190} INFO - [2025-06-11T23:44:16.982-0400] {override.py:1930} INFO - Created Permission View: can read on DAG:dataset_s3_bucket_producer
[2025-06-11T23:44:16.984-0400] {logging_mixin.py:190} INFO - [2025-06-11T23:44:16.984-0400] {override.py:1930} INFO - Created Permission View: can create on DAG Run:dataset_s3_bucket_producer
[2025-06-11T23:44:16.986-0400] {logging_mixin.py:190} INFO - [2025-06-11T23:44:16.986-0400] {override.py:1930} INFO - Created Permission View: can delete on DAG Run:dataset_s3_bucket_producer
[2025-06-11T23:44:16.988-0400] {logging_mixin.py:190} INFO - [2025-06-11T23:44:16.988-0400] {override.py:1930} INFO - Created Permission View: menu access on DAG Run:dataset_s3_bucket_producer
[2025-06-11T23:44:16.990-0400] {logging_mixin.py:190} INFO - [2025-06-11T23:44:16.990-0400] {override.py:1930} INFO - Created Permission View: can read on DAG Run:dataset_s3_bucket_producer
[2025-06-11T23:44:16.995-0400] {logging_mixin.py:190} INFO - [2025-06-11T23:44:16.995-0400] {override.py:1930} INFO - Created Permission View: can delete on DAG:dataset_alias_example_alias_consumer
[2025-06-11T23:44:16.997-0400] {logging_mixin.py:190} INFO - [2025-06-11T23:44:16.997-0400] {override.py:1930} INFO - Created Permission View: can edit on DAG:dataset_alias_example_alias_consumer
[2025-06-11T23:44:17.000-0400] {logging_mixin.py:190} INFO - [2025-06-11T23:44:16.999-0400] {override.py:1930} INFO - Created Permission View: can read on DAG:dataset_alias_example_alias_consumer
[2025-06-11T23:44:17.002-0400] {logging_mixin.py:190} INFO - [2025-06-11T23:44:17.002-0400] {override.py:1930} INFO - Created Permission View: can create on DAG Run:dataset_alias_example_alias_consumer
[2025-06-11T23:44:17.004-0400] {logging_mixin.py:190} INFO - [2025-06-11T23:44:17.004-0400] {override.py:1930} INFO - Created Permission View: can delete on DAG Run:dataset_alias_example_alias_consumer
[2025-06-11T23:44:17.006-0400] {logging_mixin.py:190} INFO - [2025-06-11T23:44:17.006-0400] {override.py:1930} INFO - Created Permission View: menu access on DAG Run:dataset_alias_example_alias_consumer
[2025-06-11T23:44:17.008-0400] {logging_mixin.py:190} INFO - [2025-06-11T23:44:17.008-0400] {override.py:1930} INFO - Created Permission View: can read on DAG Run:dataset_alias_example_alias_consumer
[2025-06-11T23:44:17.013-0400] {logging_mixin.py:190} INFO - [2025-06-11T23:44:17.013-0400] {override.py:1930} INFO - Created Permission View: can delete on DAG:dataset_alias_example_alias_producer
[2025-06-11T23:44:17.015-0400] {logging_mixin.py:190} INFO - [2025-06-11T23:44:17.015-0400] {override.py:1930} INFO - Created Permission View: can edit on DAG:dataset_alias_example_alias_producer
[2025-06-11T23:44:17.017-0400] {logging_mixin.py:190} INFO - [2025-06-11T23:44:17.017-0400] {override.py:1930} INFO - Created Permission View: can read on DAG:dataset_alias_example_alias_producer
[2025-06-11T23:44:17.020-0400] {logging_mixin.py:190} INFO - [2025-06-11T23:44:17.020-0400] {override.py:1930} INFO - Created Permission View: can create on DAG Run:dataset_alias_example_alias_producer
[2025-06-11T23:44:17.022-0400] {logging_mixin.py:190} INFO - [2025-06-11T23:44:17.022-0400] {override.py:1930} INFO - Created Permission View: can delete on DAG Run:dataset_alias_example_alias_producer
[2025-06-11T23:44:17.024-0400] {logging_mixin.py:190} INFO - [2025-06-11T23:44:17.024-0400] {override.py:1930} INFO - Created Permission View: menu access on DAG Run:dataset_alias_example_alias_producer
[2025-06-11T23:44:17.026-0400] {logging_mixin.py:190} INFO - [2025-06-11T23:44:17.026-0400] {override.py:1930} INFO - Created Permission View: can read on DAG Run:dataset_alias_example_alias_producer
[2025-06-11T23:44:17.026-0400] {logging_mixin.py:190} INFO - [2025-06-11T23:44:17.026-0400] {dag.py:3239} INFO - Sync 4 DAGs
[2025-06-11T23:44:17.030-0400] {logging_mixin.py:190} INFO - [2025-06-11T23:44:17.030-0400] {dag.py:3262} INFO - Creating ORM DAG for dataset_s3_bucket_producer
[2025-06-11T23:44:17.031-0400] {logging_mixin.py:190} INFO - [2025-06-11T23:44:17.031-0400] {dag.py:3262} INFO - Creating ORM DAG for dataset_alias_example_alias_producer
[2025-06-11T23:44:17.031-0400] {logging_mixin.py:190} INFO - [2025-06-11T23:44:17.031-0400] {dag.py:3262} INFO - Creating ORM DAG for dataset_alias_example_alias_consumer
[2025-06-11T23:44:17.031-0400] {logging_mixin.py:190} INFO - [2025-06-11T23:44:17.031-0400] {dag.py:3262} INFO - Creating ORM DAG for dataset_s3_bucket_consumer
[2025-06-11T23:44:17.034-0400] {logging_mixin.py:190} INFO - [2025-06-11T23:44:17.034-0400] {dag.py:4180} INFO - Setting next_dagrun for dataset_alias_example_alias_consumer to None, run_after=None
[2025-06-11T23:44:17.034-0400] {logging_mixin.py:190} INFO - [2025-06-11T23:44:17.034-0400] {dag.py:4180} INFO - Setting next_dagrun for dataset_alias_example_alias_producer to None, run_after=None
[2025-06-11T23:44:17.034-0400] {logging_mixin.py:190} INFO - [2025-06-11T23:44:17.034-0400] {dag.py:4180} INFO - Setting next_dagrun for dataset_s3_bucket_consumer to None, run_after=None
[2025-06-11T23:44:17.034-0400] {logging_mixin.py:190} INFO - [2025-06-11T23:44:17.034-0400] {dag.py:4180} INFO - Setting next_dagrun for dataset_s3_bucket_producer to None, run_after=None
[2025-06-11T23:44:17.305-0400] {processor.py:208} INFO - Processing /Users/pranavr/.pyenv/versions/3.11.6/lib/python3.11/site-packages/airflow/example_dags/example_dataset_alias.py took 0.482 seconds
