[2025-06-11T23:44:32.358-0400] {processor.py:186} INFO - Started process (PID=54335) to work on /Users/pranavr/.pyenv/versions/3.11.6/lib/python3.11/site-packages/airflow/example_dags/example_branch_datetime_operator.py
[2025-06-11T23:44:32.360-0400] {processor.py:914} INFO - Processing file /Users/pranavr/.pyenv/versions/3.11.6/lib/python3.11/site-packages/airflow/example_dags/example_branch_datetime_operator.py for tasks to queue
[2025-06-11T23:44:32.360-0400] {logging_mixin.py:190} INFO - [2025-06-11T23:44:32.360-0400] {dagbag.py:588} INFO - Filling up the DagBag from /Users/pranavr/.pyenv/versions/3.11.6/lib/python3.11/site-packages/airflow/example_dags/example_branch_datetime_operator.py
[2025-06-11T23:44:32.366-0400] {processor.py:925} INFO - DAG(s) 'example_branch_datetime_operator_3', 'example_branch_datetime_operator_2', 'example_branch_datetime_operator' retrieved from /Users/pranavr/.pyenv/versions/3.11.6/lib/python3.11/site-packages/airflow/example_dags/example_branch_datetime_operator.py
[2025-06-11T23:44:32.473-0400] {logging_mixin.py:190} INFO - [2025-06-11T23:44:32.473-0400] {override.py:1930} INFO - Created Permission View: can edit on DAG:example_branch_datetime_operator_3
[2025-06-11T23:44:32.477-0400] {logging_mixin.py:190} INFO - [2025-06-11T23:44:32.477-0400] {override.py:1930} INFO - Created Permission View: can delete on DAG:example_branch_datetime_operator_3
[2025-06-11T23:44:32.479-0400] {logging_mixin.py:190} INFO - [2025-06-11T23:44:32.479-0400] {override.py:1930} INFO - Created Permission View: can read on DAG:example_branch_datetime_operator_3
[2025-06-11T23:44:32.482-0400] {logging_mixin.py:190} INFO - [2025-06-11T23:44:32.482-0400] {override.py:1930} INFO - Created Permission View: can delete on DAG Run:example_branch_datetime_operator_3
[2025-06-11T23:44:32.484-0400] {logging_mixin.py:190} INFO - [2025-06-11T23:44:32.484-0400] {override.py:1930} INFO - Created Permission View: can create on DAG Run:example_branch_datetime_operator_3
[2025-06-11T23:44:32.486-0400] {logging_mixin.py:190} INFO - [2025-06-11T23:44:32.486-0400] {override.py:1930} INFO - Created Permission View: menu access on DAG Run:example_branch_datetime_operator_3
[2025-06-11T23:44:32.488-0400] {logging_mixin.py:190} INFO - [2025-06-11T23:44:32.488-0400] {override.py:1930} INFO - Created Permission View: can read on DAG Run:example_branch_datetime_operator_3
[2025-06-11T23:44:32.493-0400] {logging_mixin.py:190} INFO - [2025-06-11T23:44:32.493-0400] {override.py:1930} INFO - Created Permission View: can edit on DAG:example_branch_datetime_operator_2
[2025-06-11T23:44:32.495-0400] {logging_mixin.py:190} INFO - [2025-06-11T23:44:32.495-0400] {override.py:1930} INFO - Created Permission View: can delete on DAG:example_branch_datetime_operator_2
[2025-06-11T23:44:32.496-0400] {logging_mixin.py:190} INFO - [2025-06-11T23:44:32.496-0400] {override.py:1930} INFO - Created Permission View: can read on DAG:example_branch_datetime_operator_2
[2025-06-11T23:44:32.499-0400] {logging_mixin.py:190} INFO - [2025-06-11T23:44:32.499-0400] {override.py:1930} INFO - Created Permission View: can delete on DAG Run:example_branch_datetime_operator_2
[2025-06-11T23:44:32.501-0400] {logging_mixin.py:190} INFO - [2025-06-11T23:44:32.501-0400] {override.py:1930} INFO - Created Permission View: can create on DAG Run:example_branch_datetime_operator_2
[2025-06-11T23:44:32.503-0400] {logging_mixin.py:190} INFO - [2025-06-11T23:44:32.503-0400] {override.py:1930} INFO - Created Permission View: menu access on DAG Run:example_branch_datetime_operator_2
[2025-06-11T23:44:32.505-0400] {logging_mixin.py:190} INFO - [2025-06-11T23:44:32.505-0400] {override.py:1930} INFO - Created Permission View: can read on DAG Run:example_branch_datetime_operator_2
[2025-06-11T23:44:32.510-0400] {logging_mixin.py:190} INFO - [2025-06-11T23:44:32.510-0400] {override.py:1930} INFO - Created Permission View: can edit on DAG:example_branch_datetime_operator
[2025-06-11T23:44:32.512-0400] {logging_mixin.py:190} INFO - [2025-06-11T23:44:32.512-0400] {override.py:1930} INFO - Created Permission View: can delete on DAG:example_branch_datetime_operator
[2025-06-11T23:44:32.514-0400] {logging_mixin.py:190} INFO - [2025-06-11T23:44:32.514-0400] {override.py:1930} INFO - Created Permission View: can read on DAG:example_branch_datetime_operator
[2025-06-11T23:44:32.517-0400] {logging_mixin.py:190} INFO - [2025-06-11T23:44:32.517-0400] {override.py:1930} INFO - Created Permission View: can delete on DAG Run:example_branch_datetime_operator
[2025-06-11T23:44:32.519-0400] {logging_mixin.py:190} INFO - [2025-06-11T23:44:32.519-0400] {override.py:1930} INFO - Created Permission View: can create on DAG Run:example_branch_datetime_operator
[2025-06-11T23:44:32.521-0400] {logging_mixin.py:190} INFO - [2025-06-11T23:44:32.521-0400] {override.py:1930} INFO - Created Permission View: menu access on DAG Run:example_branch_datetime_operator
[2025-06-11T23:44:32.523-0400] {logging_mixin.py:190} INFO - [2025-06-11T23:44:32.523-0400] {override.py:1930} INFO - Created Permission View: can read on DAG Run:example_branch_datetime_operator
[2025-06-11T23:44:32.523-0400] {logging_mixin.py:190} INFO - [2025-06-11T23:44:32.523-0400] {dag.py:3239} INFO - Sync 3 DAGs
[2025-06-11T23:44:32.528-0400] {logging_mixin.py:190} INFO - [2025-06-11T23:44:32.528-0400] {dag.py:3262} INFO - Creating ORM DAG for example_branch_datetime_operator_2
[2025-06-11T23:44:32.528-0400] {logging_mixin.py:190} INFO - [2025-06-11T23:44:32.528-0400] {dag.py:3262} INFO - Creating ORM DAG for example_branch_datetime_operator
[2025-06-11T23:44:32.528-0400] {logging_mixin.py:190} INFO - [2025-06-11T23:44:32.528-0400] {dag.py:3262} INFO - Creating ORM DAG for example_branch_datetime_operator_3
[2025-06-11T23:44:32.531-0400] {logging_mixin.py:190} INFO - [2025-06-11T23:44:32.531-0400] {dag.py:4180} INFO - Setting next_dagrun for example_branch_datetime_operator to 2025-06-11T00:00:00+00:00, run_after=2025-06-12T00:00:00+00:00
[2025-06-11T23:44:32.532-0400] {logging_mixin.py:190} INFO - [2025-06-11T23:44:32.532-0400] {dag.py:4180} INFO - Setting next_dagrun for example_branch_datetime_operator_2 to 2025-06-11T00:00:00+00:00, run_after=2025-06-12T00:00:00+00:00
[2025-06-11T23:44:32.532-0400] {logging_mixin.py:190} INFO - [2025-06-11T23:44:32.532-0400] {dag.py:4180} INFO - Setting next_dagrun for example_branch_datetime_operator_3 to 2025-06-11T00:00:00+00:00, run_after=2025-06-12T00:00:00+00:00
[2025-06-11T23:44:32.540-0400] {processor.py:208} INFO - Processing /Users/pranavr/.pyenv/versions/3.11.6/lib/python3.11/site-packages/airflow/example_dags/example_branch_datetime_operator.py took 0.183 seconds
