[2025-06-11T23:44:04.962-0400] {processor.py:186} INFO - Started process (PID=54267) to work on /Users/pranavr/.pyenv/versions/3.11.6/lib/python3.11/site-packages/airflow/example_dags/example_external_task_marker_dag.py
[2025-06-11T23:44:04.964-0400] {processor.py:914} INFO - Processing file /Users/pranavr/.pyenv/versions/3.11.6/lib/python3.11/site-packages/airflow/example_dags/example_external_task_marker_dag.py for tasks to queue
[2025-06-11T23:44:04.965-0400] {logging_mixin.py:190} INFO - [2025-06-11T23:44:04.964-0400] {dagbag.py:588} INFO - Filling up the DagBag from /Users/pranavr/.pyenv/versions/3.11.6/lib/python3.11/site-packages/airflow/example_dags/example_external_task_marker_dag.py
[2025-06-11T23:44:04.970-0400] {processor.py:925} INFO - DAG(s) 'example_external_task_marker_child', 'example_external_task_marker_parent' retrieved from /Users/pranavr/.pyenv/versions/3.11.6/lib/python3.11/site-packages/airflow/example_dags/example_external_task_marker_dag.py
[2025-06-11T23:44:05.346-0400] {logging_mixin.py:190} INFO - [2025-06-11T23:44:05.346-0400] {override.py:1930} INFO - Created Permission View: can read on DAG:example_external_task_marker_child
[2025-06-11T23:44:05.349-0400] {logging_mixin.py:190} INFO - [2025-06-11T23:44:05.349-0400] {override.py:1930} INFO - Created Permission View: can edit on DAG:example_external_task_marker_child
[2025-06-11T23:44:05.352-0400] {logging_mixin.py:190} INFO - [2025-06-11T23:44:05.352-0400] {override.py:1930} INFO - Created Permission View: can delete on DAG:example_external_task_marker_child
[2025-06-11T23:44:05.355-0400] {logging_mixin.py:190} INFO - [2025-06-11T23:44:05.355-0400] {override.py:1930} INFO - Created Permission View: can create on DAG Run:example_external_task_marker_child
[2025-06-11T23:44:05.358-0400] {logging_mixin.py:190} INFO - [2025-06-11T23:44:05.358-0400] {override.py:1930} INFO - Created Permission View: can read on DAG Run:example_external_task_marker_child
[2025-06-11T23:44:05.361-0400] {logging_mixin.py:190} INFO - [2025-06-11T23:44:05.360-0400] {override.py:1930} INFO - Created Permission View: menu access on DAG Run:example_external_task_marker_child
[2025-06-11T23:44:05.363-0400] {logging_mixin.py:190} INFO - [2025-06-11T23:44:05.363-0400] {override.py:1930} INFO - Created Permission View: can delete on DAG Run:example_external_task_marker_child
[2025-06-11T23:44:05.369-0400] {logging_mixin.py:190} INFO - [2025-06-11T23:44:05.369-0400] {override.py:1930} INFO - Created Permission View: can read on DAG:example_external_task_marker_parent
[2025-06-11T23:44:05.371-0400] {logging_mixin.py:190} INFO - [2025-06-11T23:44:05.371-0400] {override.py:1930} INFO - Created Permission View: can edit on DAG:example_external_task_marker_parent
[2025-06-11T23:44:05.373-0400] {logging_mixin.py:190} INFO - [2025-06-11T23:44:05.373-0400] {override.py:1930} INFO - Created Permission View: can delete on DAG:example_external_task_marker_parent
[2025-06-11T23:44:05.377-0400] {logging_mixin.py:190} INFO - [2025-06-11T23:44:05.377-0400] {override.py:1930} INFO - Created Permission View: can create on DAG Run:example_external_task_marker_parent
[2025-06-11T23:44:05.379-0400] {logging_mixin.py:190} INFO - [2025-06-11T23:44:05.379-0400] {override.py:1930} INFO - Created Permission View: can read on DAG Run:example_external_task_marker_parent
[2025-06-11T23:44:05.381-0400] {logging_mixin.py:190} INFO - [2025-06-11T23:44:05.381-0400] {override.py:1930} INFO - Created Permission View: menu access on DAG Run:example_external_task_marker_parent
[2025-06-11T23:44:05.384-0400] {logging_mixin.py:190} INFO - [2025-06-11T23:44:05.384-0400] {override.py:1930} INFO - Created Permission View: can delete on DAG Run:example_external_task_marker_parent
[2025-06-11T23:44:05.384-0400] {logging_mixin.py:190} INFO - [2025-06-11T23:44:05.384-0400] {dag.py:3239} INFO - Sync 2 DAGs
[2025-06-11T23:44:05.389-0400] {logging_mixin.py:190} INFO - [2025-06-11T23:44:05.388-0400] {dag.py:3262} INFO - Creating ORM DAG for example_external_task_marker_parent
[2025-06-11T23:44:05.389-0400] {logging_mixin.py:190} INFO - [2025-06-11T23:44:05.389-0400] {dag.py:3262} INFO - Creating ORM DAG for example_external_task_marker_child
[2025-06-11T23:44:05.389-0400] {logging_mixin.py:190} INFO - [2025-06-11T23:44:05.389-0400] {dag.py:4180} INFO - Setting next_dagrun for example_external_task_marker_child to None, run_after=None
[2025-06-11T23:44:05.389-0400] {logging_mixin.py:190} INFO - [2025-06-11T23:44:05.389-0400] {dag.py:4180} INFO - Setting next_dagrun for example_external_task_marker_parent to None, run_after=None
[2025-06-11T23:44:05.396-0400] {processor.py:208} INFO - Processing /Users/pranavr/.pyenv/versions/3.11.6/lib/python3.11/site-packages/airflow/example_dags/example_external_task_marker_dag.py took 0.435 seconds
