[2025-06-11T23:44:11.986-0400] {processor.py:186} INFO - Started process (PID=54283) to work on /Users/pranavr/.pyenv/versions/3.11.6/lib/python3.11/site-packages/airflow/example_dags/example_datasets.py
[2025-06-11T23:44:11.988-0400] {processor.py:914} INFO - Processing file /Users/pranavr/.pyenv/versions/3.11.6/lib/python3.11/site-packages/airflow/example_dags/example_datasets.py for tasks to queue
[2025-06-11T23:44:11.989-0400] {logging_mixin.py:190} INFO - [2025-06-11T23:44:11.989-0400] {dagbag.py:588} INFO - Filling up the DagBag from /Users/pranavr/.pyenv/versions/3.11.6/lib/python3.11/site-packages/airflow/example_dags/example_datasets.py
[2025-06-11T23:44:12.008-0400] {processor.py:925} INFO - DAG(s) 'dataset_consumes_1_never_scheduled', 'dataset_produces_2', 'consume_1_and_2_with_dataset_expressions', 'consume_1_or_2_with_dataset_expressions', 'dataset_consumes_1', 'conditional_dataset_and_time_based_timetable', 'consume_1_or_both_2_and_3_with_dataset_expressions', 'dataset_consumes_1_and_2', 'dataset_consumes_unknown_never_scheduled', 'dataset_produces_1' retrieved from /Users/pranavr/.pyenv/versions/3.11.6/lib/python3.11/site-packages/airflow/example_dags/example_datasets.py
[2025-06-11T23:44:12.111-0400] {logging_mixin.py:190} INFO - [2025-06-11T23:44:12.110-0400] {override.py:1930} INFO - Created Permission View: can edit on DAG:dataset_consumes_1_never_scheduled
[2025-06-11T23:44:12.114-0400] {logging_mixin.py:190} INFO - [2025-06-11T23:44:12.114-0400] {override.py:1930} INFO - Created Permission View: can read on DAG:dataset_consumes_1_never_scheduled
[2025-06-11T23:44:12.116-0400] {logging_mixin.py:190} INFO - [2025-06-11T23:44:12.116-0400] {override.py:1930} INFO - Created Permission View: can delete on DAG:dataset_consumes_1_never_scheduled
[2025-06-11T23:44:12.119-0400] {logging_mixin.py:190} INFO - [2025-06-11T23:44:12.119-0400] {override.py:1930} INFO - Created Permission View: can create on DAG Run:dataset_consumes_1_never_scheduled
[2025-06-11T23:44:12.121-0400] {logging_mixin.py:190} INFO - [2025-06-11T23:44:12.121-0400] {override.py:1930} INFO - Created Permission View: can read on DAG Run:dataset_consumes_1_never_scheduled
[2025-06-11T23:44:12.124-0400] {logging_mixin.py:190} INFO - [2025-06-11T23:44:12.124-0400] {override.py:1930} INFO - Created Permission View: menu access on DAG Run:dataset_consumes_1_never_scheduled
[2025-06-11T23:44:12.126-0400] {logging_mixin.py:190} INFO - [2025-06-11T23:44:12.126-0400] {override.py:1930} INFO - Created Permission View: can delete on DAG Run:dataset_consumes_1_never_scheduled
[2025-06-11T23:44:12.130-0400] {logging_mixin.py:190} INFO - [2025-06-11T23:44:12.130-0400] {override.py:1930} INFO - Created Permission View: can edit on DAG:dataset_produces_2
[2025-06-11T23:44:12.132-0400] {logging_mixin.py:190} INFO - [2025-06-11T23:44:12.132-0400] {override.py:1930} INFO - Created Permission View: can read on DAG:dataset_produces_2
[2025-06-11T23:44:12.134-0400] {logging_mixin.py:190} INFO - [2025-06-11T23:44:12.134-0400] {override.py:1930} INFO - Created Permission View: can delete on DAG:dataset_produces_2
[2025-06-11T23:44:12.137-0400] {logging_mixin.py:190} INFO - [2025-06-11T23:44:12.136-0400] {override.py:1930} INFO - Created Permission View: can create on DAG Run:dataset_produces_2
[2025-06-11T23:44:12.139-0400] {logging_mixin.py:190} INFO - [2025-06-11T23:44:12.138-0400] {override.py:1930} INFO - Created Permission View: can read on DAG Run:dataset_produces_2
[2025-06-11T23:44:12.141-0400] {logging_mixin.py:190} INFO - [2025-06-11T23:44:12.140-0400] {override.py:1930} INFO - Created Permission View: menu access on DAG Run:dataset_produces_2
[2025-06-11T23:44:12.143-0400] {logging_mixin.py:190} INFO - [2025-06-11T23:44:12.142-0400] {override.py:1930} INFO - Created Permission View: can delete on DAG Run:dataset_produces_2
[2025-06-11T23:44:12.146-0400] {logging_mixin.py:190} INFO - [2025-06-11T23:44:12.146-0400] {override.py:1930} INFO - Created Permission View: can edit on DAG:consume_1_and_2_with_dataset_expressions
[2025-06-11T23:44:12.148-0400] {logging_mixin.py:190} INFO - [2025-06-11T23:44:12.148-0400] {override.py:1930} INFO - Created Permission View: can read on DAG:consume_1_and_2_with_dataset_expressions
[2025-06-11T23:44:12.150-0400] {logging_mixin.py:190} INFO - [2025-06-11T23:44:12.150-0400] {override.py:1930} INFO - Created Permission View: can delete on DAG:consume_1_and_2_with_dataset_expressions
[2025-06-11T23:44:12.152-0400] {logging_mixin.py:190} INFO - [2025-06-11T23:44:12.152-0400] {override.py:1930} INFO - Created Permission View: can create on DAG Run:consume_1_and_2_with_dataset_expressions
[2025-06-11T23:44:12.154-0400] {logging_mixin.py:190} INFO - [2025-06-11T23:44:12.154-0400] {override.py:1930} INFO - Created Permission View: can read on DAG Run:consume_1_and_2_with_dataset_expressions
[2025-06-11T23:44:12.156-0400] {logging_mixin.py:190} INFO - [2025-06-11T23:44:12.156-0400] {override.py:1930} INFO - Created Permission View: menu access on DAG Run:consume_1_and_2_with_dataset_expressions
[2025-06-11T23:44:12.158-0400] {logging_mixin.py:190} INFO - [2025-06-11T23:44:12.158-0400] {override.py:1930} INFO - Created Permission View: can delete on DAG Run:consume_1_and_2_with_dataset_expressions
[2025-06-11T23:44:12.162-0400] {logging_mixin.py:190} INFO - [2025-06-11T23:44:12.162-0400] {override.py:1930} INFO - Created Permission View: can edit on DAG:consume_1_or_2_with_dataset_expressions
[2025-06-11T23:44:12.164-0400] {logging_mixin.py:190} INFO - [2025-06-11T23:44:12.164-0400] {override.py:1930} INFO - Created Permission View: can read on DAG:consume_1_or_2_with_dataset_expressions
[2025-06-11T23:44:12.166-0400] {logging_mixin.py:190} INFO - [2025-06-11T23:44:12.166-0400] {override.py:1930} INFO - Created Permission View: can delete on DAG:consume_1_or_2_with_dataset_expressions
[2025-06-11T23:44:12.168-0400] {logging_mixin.py:190} INFO - [2025-06-11T23:44:12.168-0400] {override.py:1930} INFO - Created Permission View: can create on DAG Run:consume_1_or_2_with_dataset_expressions
[2025-06-11T23:44:12.170-0400] {logging_mixin.py:190} INFO - [2025-06-11T23:44:12.170-0400] {override.py:1930} INFO - Created Permission View: can read on DAG Run:consume_1_or_2_with_dataset_expressions
[2025-06-11T23:44:12.173-0400] {logging_mixin.py:190} INFO - [2025-06-11T23:44:12.173-0400] {override.py:1930} INFO - Created Permission View: menu access on DAG Run:consume_1_or_2_with_dataset_expressions
[2025-06-11T23:44:12.175-0400] {logging_mixin.py:190} INFO - [2025-06-11T23:44:12.175-0400] {override.py:1930} INFO - Created Permission View: can delete on DAG Run:consume_1_or_2_with_dataset_expressions
[2025-06-11T23:44:12.179-0400] {logging_mixin.py:190} INFO - [2025-06-11T23:44:12.179-0400] {override.py:1930} INFO - Created Permission View: can edit on DAG:dataset_consumes_1
[2025-06-11T23:44:12.181-0400] {logging_mixin.py:190} INFO - [2025-06-11T23:44:12.181-0400] {override.py:1930} INFO - Created Permission View: can read on DAG:dataset_consumes_1
[2025-06-11T23:44:12.183-0400] {logging_mixin.py:190} INFO - [2025-06-11T23:44:12.183-0400] {override.py:1930} INFO - Created Permission View: can delete on DAG:dataset_consumes_1
[2025-06-11T23:44:12.186-0400] {logging_mixin.py:190} INFO - [2025-06-11T23:44:12.186-0400] {override.py:1930} INFO - Created Permission View: can create on DAG Run:dataset_consumes_1
[2025-06-11T23:44:12.188-0400] {logging_mixin.py:190} INFO - [2025-06-11T23:44:12.187-0400] {override.py:1930} INFO - Created Permission View: can read on DAG Run:dataset_consumes_1
[2025-06-11T23:44:12.189-0400] {logging_mixin.py:190} INFO - [2025-06-11T23:44:12.189-0400] {override.py:1930} INFO - Created Permission View: menu access on DAG Run:dataset_consumes_1
[2025-06-11T23:44:12.191-0400] {logging_mixin.py:190} INFO - [2025-06-11T23:44:12.191-0400] {override.py:1930} INFO - Created Permission View: can delete on DAG Run:dataset_consumes_1
[2025-06-11T23:44:12.195-0400] {logging_mixin.py:190} INFO - [2025-06-11T23:44:12.195-0400] {override.py:1930} INFO - Created Permission View: can edit on DAG:conditional_dataset_and_time_based_timetable
[2025-06-11T23:44:12.197-0400] {logging_mixin.py:190} INFO - [2025-06-11T23:44:12.197-0400] {override.py:1930} INFO - Created Permission View: can read on DAG:conditional_dataset_and_time_based_timetable
[2025-06-11T23:44:12.199-0400] {logging_mixin.py:190} INFO - [2025-06-11T23:44:12.199-0400] {override.py:1930} INFO - Created Permission View: can delete on DAG:conditional_dataset_and_time_based_timetable
[2025-06-11T23:44:12.201-0400] {logging_mixin.py:190} INFO - [2025-06-11T23:44:12.201-0400] {override.py:1930} INFO - Created Permission View: can create on DAG Run:conditional_dataset_and_time_based_timetable
[2025-06-11T23:44:12.203-0400] {logging_mixin.py:190} INFO - [2025-06-11T23:44:12.203-0400] {override.py:1930} INFO - Created Permission View: can read on DAG Run:conditional_dataset_and_time_based_timetable
[2025-06-11T23:44:12.205-0400] {logging_mixin.py:190} INFO - [2025-06-11T23:44:12.205-0400] {override.py:1930} INFO - Created Permission View: menu access on DAG Run:conditional_dataset_and_time_based_timetable
[2025-06-11T23:44:12.207-0400] {logging_mixin.py:190} INFO - [2025-06-11T23:44:12.207-0400] {override.py:1930} INFO - Created Permission View: can delete on DAG Run:conditional_dataset_and_time_based_timetable
[2025-06-11T23:44:12.212-0400] {logging_mixin.py:190} INFO - [2025-06-11T23:44:12.211-0400] {override.py:1930} INFO - Created Permission View: can edit on DAG:consume_1_or_both_2_and_3_with_dataset_expressions
[2025-06-11T23:44:12.214-0400] {logging_mixin.py:190} INFO - [2025-06-11T23:44:12.214-0400] {override.py:1930} INFO - Created Permission View: can read on DAG:consume_1_or_both_2_and_3_with_dataset_expressions
[2025-06-11T23:44:12.216-0400] {logging_mixin.py:190} INFO - [2025-06-11T23:44:12.216-0400] {override.py:1930} INFO - Created Permission View: can delete on DAG:consume_1_or_both_2_and_3_with_dataset_expressions
[2025-06-11T23:44:12.219-0400] {logging_mixin.py:190} INFO - [2025-06-11T23:44:12.219-0400] {override.py:1930} INFO - Created Permission View: can create on DAG Run:consume_1_or_both_2_and_3_with_dataset_expressions
[2025-06-11T23:44:12.221-0400] {logging_mixin.py:190} INFO - [2025-06-11T23:44:12.221-0400] {override.py:1930} INFO - Created Permission View: can read on DAG Run:consume_1_or_both_2_and_3_with_dataset_expressions
[2025-06-11T23:44:12.223-0400] {logging_mixin.py:190} INFO - [2025-06-11T23:44:12.223-0400] {override.py:1930} INFO - Created Permission View: menu access on DAG Run:consume_1_or_both_2_and_3_with_dataset_expressions
[2025-06-11T23:44:12.226-0400] {logging_mixin.py:190} INFO - [2025-06-11T23:44:12.226-0400] {override.py:1930} INFO - Created Permission View: can delete on DAG Run:consume_1_or_both_2_and_3_with_dataset_expressions
[2025-06-11T23:44:12.230-0400] {logging_mixin.py:190} INFO - [2025-06-11T23:44:12.230-0400] {override.py:1930} INFO - Created Permission View: can edit on DAG:dataset_consumes_1_and_2
[2025-06-11T23:44:12.232-0400] {logging_mixin.py:190} INFO - [2025-06-11T23:44:12.232-0400] {override.py:1930} INFO - Created Permission View: can read on DAG:dataset_consumes_1_and_2
[2025-06-11T23:44:12.235-0400] {logging_mixin.py:190} INFO - [2025-06-11T23:44:12.234-0400] {override.py:1930} INFO - Created Permission View: can delete on DAG:dataset_consumes_1_and_2
[2025-06-11T23:44:12.237-0400] {logging_mixin.py:190} INFO - [2025-06-11T23:44:12.237-0400] {override.py:1930} INFO - Created Permission View: can create on DAG Run:dataset_consumes_1_and_2
[2025-06-11T23:44:12.239-0400] {logging_mixin.py:190} INFO - [2025-06-11T23:44:12.238-0400] {override.py:1930} INFO - Created Permission View: can read on DAG Run:dataset_consumes_1_and_2
[2025-06-11T23:44:12.240-0400] {logging_mixin.py:190} INFO - [2025-06-11T23:44:12.240-0400] {override.py:1930} INFO - Created Permission View: menu access on DAG Run:dataset_consumes_1_and_2
[2025-06-11T23:44:12.242-0400] {logging_mixin.py:190} INFO - [2025-06-11T23:44:12.242-0400] {override.py:1930} INFO - Created Permission View: can delete on DAG Run:dataset_consumes_1_and_2
[2025-06-11T23:44:12.246-0400] {logging_mixin.py:190} INFO - [2025-06-11T23:44:12.246-0400] {override.py:1930} INFO - Created Permission View: can edit on DAG:dataset_consumes_unknown_never_scheduled
[2025-06-11T23:44:12.248-0400] {logging_mixin.py:190} INFO - [2025-06-11T23:44:12.248-0400] {override.py:1930} INFO - Created Permission View: can read on DAG:dataset_consumes_unknown_never_scheduled
[2025-06-11T23:44:12.250-0400] {logging_mixin.py:190} INFO - [2025-06-11T23:44:12.250-0400] {override.py:1930} INFO - Created Permission View: can delete on DAG:dataset_consumes_unknown_never_scheduled
[2025-06-11T23:44:12.252-0400] {logging_mixin.py:190} INFO - [2025-06-11T23:44:12.252-0400] {override.py:1930} INFO - Created Permission View: can create on DAG Run:dataset_consumes_unknown_never_scheduled
[2025-06-11T23:44:12.254-0400] {logging_mixin.py:190} INFO - [2025-06-11T23:44:12.254-0400] {override.py:1930} INFO - Created Permission View: can read on DAG Run:dataset_consumes_unknown_never_scheduled
[2025-06-11T23:44:12.256-0400] {logging_mixin.py:190} INFO - [2025-06-11T23:44:12.256-0400] {override.py:1930} INFO - Created Permission View: menu access on DAG Run:dataset_consumes_unknown_never_scheduled
[2025-06-11T23:44:12.258-0400] {logging_mixin.py:190} INFO - [2025-06-11T23:44:12.258-0400] {override.py:1930} INFO - Created Permission View: can delete on DAG Run:dataset_consumes_unknown_never_scheduled
[2025-06-11T23:44:12.262-0400] {logging_mixin.py:190} INFO - [2025-06-11T23:44:12.262-0400] {override.py:1930} INFO - Created Permission View: can edit on DAG:dataset_produces_1
[2025-06-11T23:44:12.264-0400] {logging_mixin.py:190} INFO - [2025-06-11T23:44:12.264-0400] {override.py:1930} INFO - Created Permission View: can read on DAG:dataset_produces_1
[2025-06-11T23:44:12.267-0400] {logging_mixin.py:190} INFO - [2025-06-11T23:44:12.267-0400] {override.py:1930} INFO - Created Permission View: can delete on DAG:dataset_produces_1
[2025-06-11T23:44:12.270-0400] {logging_mixin.py:190} INFO - [2025-06-11T23:44:12.269-0400] {override.py:1930} INFO - Created Permission View: can create on DAG Run:dataset_produces_1
[2025-06-11T23:44:12.271-0400] {logging_mixin.py:190} INFO - [2025-06-11T23:44:12.271-0400] {override.py:1930} INFO - Created Permission View: can read on DAG Run:dataset_produces_1
[2025-06-11T23:44:12.273-0400] {logging_mixin.py:190} INFO - [2025-06-11T23:44:12.273-0400] {override.py:1930} INFO - Created Permission View: menu access on DAG Run:dataset_produces_1
[2025-06-11T23:44:12.275-0400] {logging_mixin.py:190} INFO - [2025-06-11T23:44:12.275-0400] {override.py:1930} INFO - Created Permission View: can delete on DAG Run:dataset_produces_1
[2025-06-11T23:44:12.275-0400] {logging_mixin.py:190} INFO - [2025-06-11T23:44:12.275-0400] {dag.py:3239} INFO - Sync 10 DAGs
[2025-06-11T23:44:12.280-0400] {logging_mixin.py:190} INFO - [2025-06-11T23:44:12.280-0400] {dag.py:3262} INFO - Creating ORM DAG for dataset_consumes_unknown_never_scheduled
[2025-06-11T23:44:12.280-0400] {logging_mixin.py:190} INFO - [2025-06-11T23:44:12.280-0400] {dag.py:3262} INFO - Creating ORM DAG for dataset_consumes_1_never_scheduled
[2025-06-11T23:44:12.280-0400] {logging_mixin.py:190} INFO - [2025-06-11T23:44:12.280-0400] {dag.py:3262} INFO - Creating ORM DAG for dataset_produces_1
[2025-06-11T23:44:12.280-0400] {logging_mixin.py:190} INFO - [2025-06-11T23:44:12.280-0400] {dag.py:3262} INFO - Creating ORM DAG for consume_1_or_2_with_dataset_expressions
[2025-06-11T23:44:12.281-0400] {logging_mixin.py:190} INFO - [2025-06-11T23:44:12.280-0400] {dag.py:3262} INFO - Creating ORM DAG for dataset_consumes_1
[2025-06-11T23:44:12.281-0400] {logging_mixin.py:190} INFO - [2025-06-11T23:44:12.281-0400] {dag.py:3262} INFO - Creating ORM DAG for dataset_produces_2
[2025-06-11T23:44:12.281-0400] {logging_mixin.py:190} INFO - [2025-06-11T23:44:12.281-0400] {dag.py:3262} INFO - Creating ORM DAG for dataset_consumes_1_and_2
[2025-06-11T23:44:12.281-0400] {logging_mixin.py:190} INFO - [2025-06-11T23:44:12.281-0400] {dag.py:3262} INFO - Creating ORM DAG for consume_1_and_2_with_dataset_expressions
[2025-06-11T23:44:12.281-0400] {logging_mixin.py:190} INFO - [2025-06-11T23:44:12.281-0400] {dag.py:3262} INFO - Creating ORM DAG for conditional_dataset_and_time_based_timetable
[2025-06-11T23:44:12.281-0400] {logging_mixin.py:190} INFO - [2025-06-11T23:44:12.281-0400] {dag.py:3262} INFO - Creating ORM DAG for consume_1_or_both_2_and_3_with_dataset_expressions
[2025-06-11T23:44:12.285-0400] {logging_mixin.py:190} INFO - [2025-06-11T23:44:12.285-0400] {dag.py:4180} INFO - Setting next_dagrun for conditional_dataset_and_time_based_timetable to 2025-06-11T01:00:00+00:00, run_after=2025-06-11T01:00:00+00:00
[2025-06-11T23:44:12.285-0400] {logging_mixin.py:190} INFO - [2025-06-11T23:44:12.285-0400] {dag.py:4180} INFO - Setting next_dagrun for consume_1_and_2_with_dataset_expressions to None, run_after=None
[2025-06-11T23:44:12.285-0400] {logging_mixin.py:190} INFO - [2025-06-11T23:44:12.285-0400] {dag.py:4180} INFO - Setting next_dagrun for consume_1_or_2_with_dataset_expressions to None, run_after=None
[2025-06-11T23:44:12.285-0400] {logging_mixin.py:190} INFO - [2025-06-11T23:44:12.285-0400] {dag.py:4180} INFO - Setting next_dagrun for consume_1_or_both_2_and_3_with_dataset_expressions to None, run_after=None
[2025-06-11T23:44:12.285-0400] {logging_mixin.py:190} INFO - [2025-06-11T23:44:12.285-0400] {dag.py:4180} INFO - Setting next_dagrun for dataset_consumes_1 to None, run_after=None
[2025-06-11T23:44:12.285-0400] {logging_mixin.py:190} INFO - [2025-06-11T23:44:12.285-0400] {dag.py:4180} INFO - Setting next_dagrun for dataset_consumes_1_and_2 to None, run_after=None
[2025-06-11T23:44:12.286-0400] {logging_mixin.py:190} INFO - [2025-06-11T23:44:12.285-0400] {dag.py:4180} INFO - Setting next_dagrun for dataset_consumes_1_never_scheduled to None, run_after=None
[2025-06-11T23:44:12.286-0400] {logging_mixin.py:190} INFO - [2025-06-11T23:44:12.286-0400] {dag.py:4180} INFO - Setting next_dagrun for dataset_consumes_unknown_never_scheduled to None, run_after=None
[2025-06-11T23:44:12.286-0400] {logging_mixin.py:190} INFO - [2025-06-11T23:44:12.286-0400] {dag.py:4180} INFO - Setting next_dagrun for dataset_produces_1 to 2025-06-11T00:00:00+00:00, run_after=2025-06-12T00:00:00+00:00
[2025-06-11T23:44:12.286-0400] {logging_mixin.py:190} INFO - [2025-06-11T23:44:12.286-0400] {dag.py:4180} INFO - Setting next_dagrun for dataset_produces_2 to None, run_after=None
[2025-06-11T23:44:12.550-0400] {processor.py:208} INFO - Processing /Users/pranavr/.pyenv/versions/3.11.6/lib/python3.11/site-packages/airflow/example_dags/example_datasets.py took 0.565 seconds
