[2025-06-13T21:25:39.343-0400] {processor.py:186} INFO - Started process (PID=26252) to work on /Users/pranavr/.pyenv/versions/3.11.6/lib/python3.11/site-packages/airflow/example_dags/subdags/subdag.py
[2025-06-13T21:25:39.345-0400] {processor.py:914} INFO - Processing file /Users/pranavr/.pyenv/versions/3.11.6/lib/python3.11/site-packages/airflow/example_dags/subdags/subdag.py for tasks to queue
[2025-06-13T21:25:39.346-0400] {logging_mixin.py:190} INFO - [2025-06-13T21:25:39.345-0400] {dagbag.py:588} INFO - Filling up the DagBag from /Users/pranavr/.pyenv/versions/3.11.6/lib/python3.11/site-packages/airflow/example_dags/subdags/subdag.py
[2025-06-13T21:25:39.347-0400] {processor.py:927} WARNING - No viable dags retrieved from /Users/pranavr/.pyenv/versions/3.11.6/lib/python3.11/site-packages/airflow/example_dags/subdags/subdag.py
[2025-06-13T21:25:39.444-0400] {processor.py:208} INFO - Processing /Users/pranavr/.pyenv/versions/3.11.6/lib/python3.11/site-packages/airflow/example_dags/subdags/subdag.py took 103.216 seconds
[2025-06-13T21:28:24.744-0400] {processor.py:186} INFO - Started process (PID=26645) to work on /Users/pranavr/.pyenv/versions/3.11.6/lib/python3.11/site-packages/airflow/example_dags/subdags/subdag.py
[2025-06-13T21:28:24.746-0400] {processor.py:914} INFO - Processing file /Users/pranavr/.pyenv/versions/3.11.6/lib/python3.11/site-packages/airflow/example_dags/subdags/subdag.py for tasks to queue
[2025-06-13T21:28:24.747-0400] {logging_mixin.py:190} INFO - [2025-06-13T21:28:24.747-0400] {dagbag.py:588} INFO - Filling up the DagBag from /Users/pranavr/.pyenv/versions/3.11.6/lib/python3.11/site-packages/airflow/example_dags/subdags/subdag.py
[2025-06-13T21:28:24.748-0400] {processor.py:927} WARNING - No viable dags retrieved from /Users/pranavr/.pyenv/versions/3.11.6/lib/python3.11/site-packages/airflow/example_dags/subdags/subdag.py
[2025-06-13T21:28:24.830-0400] {processor.py:208} INFO - Processing /Users/pranavr/.pyenv/versions/3.11.6/lib/python3.11/site-packages/airflow/example_dags/subdags/subdag.py took 87.749 seconds
[2025-06-13T21:29:57.332-0400] {processor.py:186} INFO - Started process (PID=26854) to work on /Users/pranavr/.pyenv/versions/3.11.6/lib/python3.11/site-packages/airflow/example_dags/subdags/subdag.py
[2025-06-13T21:29:57.334-0400] {processor.py:914} INFO - Processing file /Users/pranavr/.pyenv/versions/3.11.6/lib/python3.11/site-packages/airflow/example_dags/subdags/subdag.py for tasks to queue
[2025-06-13T21:29:57.334-0400] {logging_mixin.py:190} INFO - [2025-06-13T21:29:57.334-0400] {dagbag.py:588} INFO - Filling up the DagBag from /Users/pranavr/.pyenv/versions/3.11.6/lib/python3.11/site-packages/airflow/example_dags/subdags/subdag.py
[2025-06-13T21:29:57.336-0400] {processor.py:927} WARNING - No viable dags retrieved from /Users/pranavr/.pyenv/versions/3.11.6/lib/python3.11/site-packages/airflow/example_dags/subdags/subdag.py
[2025-06-13T21:29:57.432-0400] {processor.py:208} INFO - Processing /Users/pranavr/.pyenv/versions/3.11.6/lib/python3.11/site-packages/airflow/example_dags/subdags/subdag.py took 101.457 seconds
[2025-06-13T21:31:33.765-0400] {processor.py:186} INFO - Started process (PID=27055) to work on /Users/pranavr/.pyenv/versions/3.11.6/lib/python3.11/site-packages/airflow/example_dags/subdags/subdag.py
[2025-06-13T21:31:33.768-0400] {processor.py:914} INFO - Processing file /Users/pranavr/.pyenv/versions/3.11.6/lib/python3.11/site-packages/airflow/example_dags/subdags/subdag.py for tasks to queue
[2025-06-13T21:31:33.769-0400] {logging_mixin.py:190} INFO - [2025-06-13T21:31:33.769-0400] {dagbag.py:588} INFO - Filling up the DagBag from /Users/pranavr/.pyenv/versions/3.11.6/lib/python3.11/site-packages/airflow/example_dags/subdags/subdag.py
[2025-06-13T21:31:33.773-0400] {processor.py:927} WARNING - No viable dags retrieved from /Users/pranavr/.pyenv/versions/3.11.6/lib/python3.11/site-packages/airflow/example_dags/subdags/subdag.py
[2025-06-13T21:31:33.844-0400] {processor.py:208} INFO - Processing /Users/pranavr/.pyenv/versions/3.11.6/lib/python3.11/site-packages/airflow/example_dags/subdags/subdag.py took 84.857 seconds
[2025-06-13T21:33:18.904-0400] {processor.py:186} INFO - Started process (PID=27249) to work on /Users/pranavr/.pyenv/versions/3.11.6/lib/python3.11/site-packages/airflow/example_dags/subdags/subdag.py
[2025-06-13T21:33:18.906-0400] {processor.py:914} INFO - Processing file /Users/pranavr/.pyenv/versions/3.11.6/lib/python3.11/site-packages/airflow/example_dags/subdags/subdag.py for tasks to queue
[2025-06-13T21:33:18.906-0400] {logging_mixin.py:190} INFO - [2025-06-13T21:33:18.906-0400] {dagbag.py:588} INFO - Filling up the DagBag from /Users/pranavr/.pyenv/versions/3.11.6/lib/python3.11/site-packages/airflow/example_dags/subdags/subdag.py
[2025-06-13T21:33:18.908-0400] {processor.py:927} WARNING - No viable dags retrieved from /Users/pranavr/.pyenv/versions/3.11.6/lib/python3.11/site-packages/airflow/example_dags/subdags/subdag.py
[2025-06-13T21:33:18.989-0400] {processor.py:208} INFO - Processing /Users/pranavr/.pyenv/versions/3.11.6/lib/python3.11/site-packages/airflow/example_dags/subdags/subdag.py took 87.092 seconds
[2025-06-13T21:35:12.038-0400] {processor.py:186} INFO - Started process (PID=27388) to work on /Users/pranavr/.pyenv/versions/3.11.6/lib/python3.11/site-packages/airflow/example_dags/subdags/subdag.py
[2025-06-13T21:35:12.042-0400] {processor.py:914} INFO - Processing file /Users/pranavr/.pyenv/versions/3.11.6/lib/python3.11/site-packages/airflow/example_dags/subdags/subdag.py for tasks to queue
[2025-06-13T21:35:12.042-0400] {logging_mixin.py:190} INFO - [2025-06-13T21:35:12.042-0400] {dagbag.py:588} INFO - Filling up the DagBag from /Users/pranavr/.pyenv/versions/3.11.6/lib/python3.11/site-packages/airflow/example_dags/subdags/subdag.py
[2025-06-13T21:35:12.044-0400] {processor.py:927} WARNING - No viable dags retrieved from /Users/pranavr/.pyenv/versions/3.11.6/lib/python3.11/site-packages/airflow/example_dags/subdags/subdag.py
[2025-06-13T21:35:12.121-0400] {processor.py:208} INFO - Processing /Users/pranavr/.pyenv/versions/3.11.6/lib/python3.11/site-packages/airflow/example_dags/subdags/subdag.py took 83.712 seconds
[2025-06-13T21:37:56.857-0400] {processor.py:186} INFO - Started process (PID=27991) to work on /Users/pranavr/.pyenv/versions/3.11.6/lib/python3.11/site-packages/airflow/example_dags/subdags/subdag.py
[2025-06-13T21:37:56.860-0400] {processor.py:914} INFO - Processing file /Users/pranavr/.pyenv/versions/3.11.6/lib/python3.11/site-packages/airflow/example_dags/subdags/subdag.py for tasks to queue
[2025-06-13T21:37:56.860-0400] {logging_mixin.py:190} INFO - [2025-06-13T21:37:56.860-0400] {dagbag.py:588} INFO - Filling up the DagBag from /Users/pranavr/.pyenv/versions/3.11.6/lib/python3.11/site-packages/airflow/example_dags/subdags/subdag.py
[2025-06-13T21:37:56.862-0400] {processor.py:927} WARNING - No viable dags retrieved from /Users/pranavr/.pyenv/versions/3.11.6/lib/python3.11/site-packages/airflow/example_dags/subdags/subdag.py
[2025-06-13T21:37:56.939-0400] {processor.py:208} INFO - Processing /Users/pranavr/.pyenv/versions/3.11.6/lib/python3.11/site-packages/airflow/example_dags/subdags/subdag.py took 83.783 seconds
[2025-06-13T21:39:17.547-0400] {processor.py:186} INFO - Started process (PID=28209) to work on /Users/pranavr/.pyenv/versions/3.11.6/lib/python3.11/site-packages/airflow/example_dags/subdags/subdag.py
[2025-06-13T21:39:17.549-0400] {processor.py:914} INFO - Processing file /Users/pranavr/.pyenv/versions/3.11.6/lib/python3.11/site-packages/airflow/example_dags/subdags/subdag.py for tasks to queue
[2025-06-13T21:39:17.550-0400] {logging_mixin.py:190} INFO - [2025-06-13T21:39:17.550-0400] {dagbag.py:588} INFO - Filling up the DagBag from /Users/pranavr/.pyenv/versions/3.11.6/lib/python3.11/site-packages/airflow/example_dags/subdags/subdag.py
[2025-06-13T21:39:17.551-0400] {processor.py:927} WARNING - No viable dags retrieved from /Users/pranavr/.pyenv/versions/3.11.6/lib/python3.11/site-packages/airflow/example_dags/subdags/subdag.py
[2025-06-13T21:39:17.629-0400] {processor.py:208} INFO - Processing /Users/pranavr/.pyenv/versions/3.11.6/lib/python3.11/site-packages/airflow/example_dags/subdags/subdag.py took 83.494 seconds
[2025-06-13T21:41:18.221-0400] {processor.py:186} INFO - Started process (PID=28737) to work on /Users/pranavr/.pyenv/versions/3.11.6/lib/python3.11/site-packages/airflow/example_dags/subdags/subdag.py
[2025-06-13T21:41:18.223-0400] {processor.py:914} INFO - Processing file /Users/pranavr/.pyenv/versions/3.11.6/lib/python3.11/site-packages/airflow/example_dags/subdags/subdag.py for tasks to queue
[2025-06-13T21:41:18.224-0400] {logging_mixin.py:190} INFO - [2025-06-13T21:41:18.224-0400] {dagbag.py:588} INFO - Filling up the DagBag from /Users/pranavr/.pyenv/versions/3.11.6/lib/python3.11/site-packages/airflow/example_dags/subdags/subdag.py
[2025-06-13T21:41:18.225-0400] {processor.py:927} WARNING - No viable dags retrieved from /Users/pranavr/.pyenv/versions/3.11.6/lib/python3.11/site-packages/airflow/example_dags/subdags/subdag.py
[2025-06-13T21:41:18.316-0400] {processor.py:208} INFO - Processing /Users/pranavr/.pyenv/versions/3.11.6/lib/python3.11/site-packages/airflow/example_dags/subdags/subdag.py took 96.528 seconds
[2025-06-13T21:42:49.899-0400] {processor.py:186} INFO - Started process (PID=29045) to work on /Users/pranavr/.pyenv/versions/3.11.6/lib/python3.11/site-packages/airflow/example_dags/subdags/subdag.py
[2025-06-13T21:42:49.901-0400] {processor.py:914} INFO - Processing file /Users/pranavr/.pyenv/versions/3.11.6/lib/python3.11/site-packages/airflow/example_dags/subdags/subdag.py for tasks to queue
[2025-06-13T21:42:49.902-0400] {logging_mixin.py:190} INFO - [2025-06-13T21:42:49.902-0400] {dagbag.py:588} INFO - Filling up the DagBag from /Users/pranavr/.pyenv/versions/3.11.6/lib/python3.11/site-packages/airflow/example_dags/subdags/subdag.py
[2025-06-13T21:42:49.903-0400] {processor.py:927} WARNING - No viable dags retrieved from /Users/pranavr/.pyenv/versions/3.11.6/lib/python3.11/site-packages/airflow/example_dags/subdags/subdag.py
[2025-06-13T21:42:49.976-0400] {processor.py:208} INFO - Processing /Users/pranavr/.pyenv/versions/3.11.6/lib/python3.11/site-packages/airflow/example_dags/subdags/subdag.py took 77.958 seconds
