[2025-06-10T23:53:52.033-0400] {processor.py:186} INFO - Started process (PID=23620) to work on /Users/pranavr/.pyenv/versions/3.11.6/lib/python3.11/site-packages/airflow/example_dags/example_subdag_operator.py
[2025-06-10T23:53:52.034-0400] {processor.py:914} INFO - Processing file /Users/pranavr/.pyenv/versions/3.11.6/lib/python3.11/site-packages/airflow/example_dags/example_subdag_operator.py for tasks to queue
[2025-06-10T23:53:52.035-0400] {logging_mixin.py:190} INFO - [2025-06-10T23:53:52.035-0400] {dagbag.py:588} INFO - Filling up the DagBag from /Users/pranavr/.pyenv/versions/3.11.6/lib/python3.11/site-packages/airflow/example_dags/example_subdag_operator.py
[2025-06-10T23:53:52.103-0400] {processor.py:925} INFO - DAG(s) 'example_subdag_operator.section-1', 'example_subdag_operator.section-2', 'example_subdag_operator' retrieved from /Users/pranavr/.pyenv/versions/3.11.6/lib/python3.11/site-packages/airflow/example_dags/example_subdag_operator.py
[2025-06-10T23:53:52.367-0400] {logging_mixin.py:190} INFO - [2025-06-10T23:53:52.367-0400] {override.py:1930} INFO - Created Permission View: can read on DAG:example_subdag_operator
[2025-06-10T23:53:52.370-0400] {logging_mixin.py:190} INFO - [2025-06-10T23:53:52.370-0400] {override.py:1930} INFO - Created Permission View: can delete on DAG:example_subdag_operator
[2025-06-10T23:53:52.373-0400] {logging_mixin.py:190} INFO - [2025-06-10T23:53:52.373-0400] {override.py:1930} INFO - Created Permission View: can edit on DAG:example_subdag_operator
[2025-06-10T23:53:52.376-0400] {logging_mixin.py:190} INFO - [2025-06-10T23:53:52.376-0400] {override.py:1930} INFO - Created Permission View: can read on DAG Run:example_subdag_operator
[2025-06-10T23:53:52.378-0400] {logging_mixin.py:190} INFO - [2025-06-10T23:53:52.378-0400] {override.py:1930} INFO - Created Permission View: can create on DAG Run:example_subdag_operator
[2025-06-10T23:53:52.380-0400] {logging_mixin.py:190} INFO - [2025-06-10T23:53:52.380-0400] {override.py:1930} INFO - Created Permission View: can delete on DAG Run:example_subdag_operator
[2025-06-10T23:53:52.382-0400] {logging_mixin.py:190} INFO - [2025-06-10T23:53:52.382-0400] {override.py:1930} INFO - Created Permission View: menu access on DAG Run:example_subdag_operator
[2025-06-10T23:53:52.382-0400] {logging_mixin.py:190} INFO - [2025-06-10T23:53:52.382-0400] {dag.py:3239} INFO - Sync 3 DAGs
[2025-06-10T23:53:52.386-0400] {logging_mixin.py:190} INFO - [2025-06-10T23:53:52.386-0400] {dag.py:3262} INFO - Creating ORM DAG for example_subdag_operator
[2025-06-10T23:53:52.386-0400] {logging_mixin.py:190} INFO - [2025-06-10T23:53:52.386-0400] {dag.py:3262} INFO - Creating ORM DAG for example_subdag_operator.section-2
[2025-06-10T23:53:52.386-0400] {logging_mixin.py:190} INFO - [2025-06-10T23:53:52.386-0400] {dag.py:3262} INFO - Creating ORM DAG for example_subdag_operator.section-1
[2025-06-10T23:53:52.389-0400] {logging_mixin.py:190} INFO - [2025-06-10T23:53:52.389-0400] {dag.py:4180} INFO - Setting next_dagrun for example_subdag_operator to 2022-01-01T00:00:00+00:00, run_after=2022-01-01T00:00:00+00:00
[2025-06-10T23:53:52.389-0400] {logging_mixin.py:190} INFO - [2025-06-10T23:53:52.389-0400] {dag.py:4180} INFO - Setting next_dagrun for example_subdag_operator.section-1 to None, run_after=None
[2025-06-10T23:53:52.390-0400] {logging_mixin.py:190} INFO - [2025-06-10T23:53:52.389-0400] {dag.py:4180} INFO - Setting next_dagrun for example_subdag_operator.section-2 to None, run_after=None
[2025-06-10T23:53:52.393-0400] {logging_mixin.py:190} INFO - [2025-06-10T23:53:52.392-0400] {dag.py:3239} INFO - Sync 2 DAGs
[2025-06-10T23:53:52.394-0400] {logging_mixin.py:190} INFO - [2025-06-10T23:53:52.394-0400] {dag.py:4180} INFO - Setting next_dagrun for example_subdag_operator.section-1 to None, run_after=None
[2025-06-10T23:53:52.395-0400] {logging_mixin.py:190} INFO - [2025-06-10T23:53:52.395-0400] {dag.py:4180} INFO - Setting next_dagrun for example_subdag_operator.section-2 to None, run_after=None
[2025-06-10T23:53:52.399-0400] {processor.py:208} INFO - Processing /Users/pranavr/.pyenv/versions/3.11.6/lib/python3.11/site-packages/airflow/example_dags/example_subdag_operator.py took 0.368 seconds
