[2025-06-10T23:54:29.102-0400] {processor.py:186} INFO - Started process (PID=23677) to work on /Users/pranavr/.pyenv/versions/3.11.6/lib/python3.11/site-packages/airflow/example_dags/example_inlet_event_extra.py
[2025-06-10T23:54:29.104-0400] {processor.py:914} INFO - Processing file /Users/pranavr/.pyenv/versions/3.11.6/lib/python3.11/site-packages/airflow/example_dags/example_inlet_event_extra.py for tasks to queue
[2025-06-10T23:54:29.104-0400] {logging_mixin.py:190} INFO - [2025-06-10T23:54:29.104-0400] {dagbag.py:588} INFO - Filling up the DagBag from /Users/pranavr/.pyenv/versions/3.11.6/lib/python3.11/site-packages/airflow/example_dags/example_inlet_event_extra.py
[2025-06-10T23:54:29.137-0400] {processor.py:925} INFO - DAG(s) 'read_dataset_event_from_classic', 'read_dataset_event' retrieved from /Users/pranavr/.pyenv/versions/3.11.6/lib/python3.11/site-packages/airflow/example_dags/example_inlet_event_extra.py
[2025-06-10T23:54:29.242-0400] {logging_mixin.py:190} INFO - [2025-06-10T23:54:29.241-0400] {override.py:1930} INFO - Created Permission View: can read on DAG:read_dataset_event_from_classic
[2025-06-10T23:54:29.246-0400] {logging_mixin.py:190} INFO - [2025-06-10T23:54:29.245-0400] {override.py:1930} INFO - Created Permission View: can edit on DAG:read_dataset_event_from_classic
[2025-06-10T23:54:29.248-0400] {logging_mixin.py:190} INFO - [2025-06-10T23:54:29.248-0400] {override.py:1930} INFO - Created Permission View: can delete on DAG:read_dataset_event_from_classic
[2025-06-10T23:54:29.252-0400] {logging_mixin.py:190} INFO - [2025-06-10T23:54:29.252-0400] {override.py:1930} INFO - Created Permission View: can create on DAG Run:read_dataset_event_from_classic
[2025-06-10T23:54:29.254-0400] {logging_mixin.py:190} INFO - [2025-06-10T23:54:29.254-0400] {override.py:1930} INFO - Created Permission View: menu access on DAG Run:read_dataset_event_from_classic
[2025-06-10T23:54:29.257-0400] {logging_mixin.py:190} INFO - [2025-06-10T23:54:29.257-0400] {override.py:1930} INFO - Created Permission View: can read on DAG Run:read_dataset_event_from_classic
[2025-06-10T23:54:29.259-0400] {logging_mixin.py:190} INFO - [2025-06-10T23:54:29.259-0400] {override.py:1930} INFO - Created Permission View: can delete on DAG Run:read_dataset_event_from_classic
[2025-06-10T23:54:29.264-0400] {logging_mixin.py:190} INFO - [2025-06-10T23:54:29.264-0400] {override.py:1930} INFO - Created Permission View: can read on DAG:read_dataset_event
[2025-06-10T23:54:29.266-0400] {logging_mixin.py:190} INFO - [2025-06-10T23:54:29.266-0400] {override.py:1930} INFO - Created Permission View: can edit on DAG:read_dataset_event
[2025-06-10T23:54:29.268-0400] {logging_mixin.py:190} INFO - [2025-06-10T23:54:29.268-0400] {override.py:1930} INFO - Created Permission View: can delete on DAG:read_dataset_event
[2025-06-10T23:54:29.271-0400] {logging_mixin.py:190} INFO - [2025-06-10T23:54:29.271-0400] {override.py:1930} INFO - Created Permission View: can create on DAG Run:read_dataset_event
[2025-06-10T23:54:29.273-0400] {logging_mixin.py:190} INFO - [2025-06-10T23:54:29.272-0400] {override.py:1930} INFO - Created Permission View: menu access on DAG Run:read_dataset_event
[2025-06-10T23:54:29.275-0400] {logging_mixin.py:190} INFO - [2025-06-10T23:54:29.274-0400] {override.py:1930} INFO - Created Permission View: can read on DAG Run:read_dataset_event
[2025-06-10T23:54:29.277-0400] {logging_mixin.py:190} INFO - [2025-06-10T23:54:29.277-0400] {override.py:1930} INFO - Created Permission View: can delete on DAG Run:read_dataset_event
[2025-06-10T23:54:29.277-0400] {logging_mixin.py:190} INFO - [2025-06-10T23:54:29.277-0400] {dag.py:3239} INFO - Sync 2 DAGs
[2025-06-10T23:54:29.282-0400] {logging_mixin.py:190} INFO - [2025-06-10T23:54:29.282-0400] {dag.py:3262} INFO - Creating ORM DAG for read_dataset_event_from_classic
[2025-06-10T23:54:29.282-0400] {logging_mixin.py:190} INFO - [2025-06-10T23:54:29.282-0400] {dag.py:3262} INFO - Creating ORM DAG for read_dataset_event
[2025-06-10T23:54:29.286-0400] {logging_mixin.py:190} INFO - [2025-06-10T23:54:29.286-0400] {dag.py:4180} INFO - Setting next_dagrun for read_dataset_event to 2025-06-10T00:00:00+00:00, run_after=2025-06-11T00:00:00+00:00
[2025-06-10T23:54:29.286-0400] {logging_mixin.py:190} INFO - [2025-06-10T23:54:29.286-0400] {dag.py:4180} INFO - Setting next_dagrun for read_dataset_event_from_classic to 2025-06-10T00:00:00+00:00, run_after=2025-06-11T00:00:00+00:00
[2025-06-10T23:54:29.294-0400] {processor.py:208} INFO - Processing /Users/pranavr/.pyenv/versions/3.11.6/lib/python3.11/site-packages/airflow/example_dags/example_inlet_event_extra.py took 0.193 seconds
