[2025-06-10T23:53:39.057-0400] {processor.py:186} INFO - Started process (PID=23596) to work on /Users/pranavr/.pyenv/versions/3.11.6/lib/python3.11/site-packages/airflow/example_dags/example_xcomargs.py
[2025-06-10T23:53:39.059-0400] {processor.py:914} INFO - Processing file /Users/pranavr/.pyenv/versions/3.11.6/lib/python3.11/site-packages/airflow/example_dags/example_xcomargs.py for tasks to queue
[2025-06-10T23:53:39.059-0400] {logging_mixin.py:190} INFO - [2025-06-10T23:53:39.059-0400] {dagbag.py:588} INFO - Filling up the DagBag from /Users/pranavr/.pyenv/versions/3.11.6/lib/python3.11/site-packages/airflow/example_dags/example_xcomargs.py
[2025-06-10T23:53:39.075-0400] {processor.py:925} INFO - DAG(s) 'example_xcom_args', 'example_xcom_args_with_operators' retrieved from /Users/pranavr/.pyenv/versions/3.11.6/lib/python3.11/site-packages/airflow/example_dags/example_xcomargs.py
[2025-06-10T23:53:39.170-0400] {logging_mixin.py:190} INFO - [2025-06-10T23:53:39.169-0400] {override.py:1930} INFO - Created Permission View: can edit on DAG:example_xcom_args
[2025-06-10T23:53:39.173-0400] {logging_mixin.py:190} INFO - [2025-06-10T23:53:39.173-0400] {override.py:1930} INFO - Created Permission View: can delete on DAG:example_xcom_args
[2025-06-10T23:53:39.175-0400] {logging_mixin.py:190} INFO - [2025-06-10T23:53:39.175-0400] {override.py:1930} INFO - Created Permission View: can read on DAG:example_xcom_args
[2025-06-10T23:53:39.178-0400] {logging_mixin.py:190} INFO - [2025-06-10T23:53:39.178-0400] {override.py:1930} INFO - Created Permission View: can delete on DAG Run:example_xcom_args
[2025-06-10T23:53:39.180-0400] {logging_mixin.py:190} INFO - [2025-06-10T23:53:39.180-0400] {override.py:1930} INFO - Created Permission View: menu access on DAG Run:example_xcom_args
[2025-06-10T23:53:39.181-0400] {logging_mixin.py:190} INFO - [2025-06-10T23:53:39.181-0400] {override.py:1930} INFO - Created Permission View: can create on DAG Run:example_xcom_args
[2025-06-10T23:53:39.183-0400] {logging_mixin.py:190} INFO - [2025-06-10T23:53:39.183-0400] {override.py:1930} INFO - Created Permission View: can read on DAG Run:example_xcom_args
[2025-06-10T23:53:39.188-0400] {logging_mixin.py:190} INFO - [2025-06-10T23:53:39.187-0400] {override.py:1930} INFO - Created Permission View: can edit on DAG:example_xcom_args_with_operators
[2025-06-10T23:53:39.189-0400] {logging_mixin.py:190} INFO - [2025-06-10T23:53:39.189-0400] {override.py:1930} INFO - Created Permission View: can delete on DAG:example_xcom_args_with_operators
[2025-06-10T23:53:39.191-0400] {logging_mixin.py:190} INFO - [2025-06-10T23:53:39.191-0400] {override.py:1930} INFO - Created Permission View: can read on DAG:example_xcom_args_with_operators
[2025-06-10T23:53:39.193-0400] {logging_mixin.py:190} INFO - [2025-06-10T23:53:39.193-0400] {override.py:1930} INFO - Created Permission View: can delete on DAG Run:example_xcom_args_with_operators
[2025-06-10T23:53:39.195-0400] {logging_mixin.py:190} INFO - [2025-06-10T23:53:39.195-0400] {override.py:1930} INFO - Created Permission View: menu access on DAG Run:example_xcom_args_with_operators
[2025-06-10T23:53:39.197-0400] {logging_mixin.py:190} INFO - [2025-06-10T23:53:39.197-0400] {override.py:1930} INFO - Created Permission View: can create on DAG Run:example_xcom_args_with_operators
[2025-06-10T23:53:39.199-0400] {logging_mixin.py:190} INFO - [2025-06-10T23:53:39.199-0400] {override.py:1930} INFO - Created Permission View: can read on DAG Run:example_xcom_args_with_operators
[2025-06-10T23:53:39.199-0400] {logging_mixin.py:190} INFO - [2025-06-10T23:53:39.199-0400] {dag.py:3239} INFO - Sync 2 DAGs
[2025-06-10T23:53:39.203-0400] {logging_mixin.py:190} INFO - [2025-06-10T23:53:39.203-0400] {dag.py:3262} INFO - Creating ORM DAG for example_xcom_args_with_operators
[2025-06-10T23:53:39.203-0400] {logging_mixin.py:190} INFO - [2025-06-10T23:53:39.203-0400] {dag.py:3262} INFO - Creating ORM DAG for example_xcom_args
[2025-06-10T23:53:39.203-0400] {logging_mixin.py:190} INFO - [2025-06-10T23:53:39.203-0400] {dag.py:4180} INFO - Setting next_dagrun for example_xcom_args to None, run_after=None
[2025-06-10T23:53:39.203-0400] {logging_mixin.py:190} INFO - [2025-06-10T23:53:39.203-0400] {dag.py:4180} INFO - Setting next_dagrun for example_xcom_args_with_operators to None, run_after=None
[2025-06-10T23:53:39.209-0400] {processor.py:208} INFO - Processing /Users/pranavr/.pyenv/versions/3.11.6/lib/python3.11/site-packages/airflow/example_dags/example_xcomargs.py took 0.153 seconds
