[2025-06-13T14:09:26.890-0400] {processor.py:153} INFO - Started process (PID=96524) to work on /Users/pranavr/drift-retrainer/venv311/lib/python3.11/site-packages/airflow/example_dags/subdags/subdag.py
[2025-06-13T14:09:26.915-0400] {processor.py:743} INFO - Processing file /Users/pranavr/drift-retrainer/venv311/lib/python3.11/site-packages/airflow/example_dags/subdags/subdag.py for tasks to queue
[2025-06-13T14:09:26.916-0400] {logging_mixin.py:137} INFO - [2025-06-13T14:09:26.916-0400] {dagbag.py:538} INFO - Filling up the DagBag from /Users/pranavr/drift-retrainer/venv311/lib/python3.11/site-packages/airflow/example_dags/subdags/subdag.py
[2025-06-13T14:09:26.932-0400] {processor.py:755} WARNING - No viable dags retrieved from /Users/pranavr/drift-retrainer/venv311/lib/python3.11/site-packages/airflow/example_dags/subdags/subdag.py
[2025-06-13T14:09:27.669-0400] {processor.py:175} INFO - Processing /Users/pranavr/drift-retrainer/venv311/lib/python3.11/site-packages/airflow/example_dags/subdags/subdag.py took 0.780 seconds
[2025-06-13T14:10:57.970-0400] {processor.py:153} INFO - Started process (PID=97204) to work on /Users/pranavr/drift-retrainer/venv311/lib/python3.11/site-packages/airflow/example_dags/subdags/subdag.py
[2025-06-13T14:10:57.972-0400] {processor.py:743} INFO - Processing file /Users/pranavr/drift-retrainer/venv311/lib/python3.11/site-packages/airflow/example_dags/subdags/subdag.py for tasks to queue
[2025-06-13T14:10:57.973-0400] {logging_mixin.py:137} INFO - [2025-06-13T14:10:57.972-0400] {dagbag.py:538} INFO - Filling up the DagBag from /Users/pranavr/drift-retrainer/venv311/lib/python3.11/site-packages/airflow/example_dags/subdags/subdag.py
[2025-06-13T14:10:57.984-0400] {processor.py:755} WARNING - No viable dags retrieved from /Users/pranavr/drift-retrainer/venv311/lib/python3.11/site-packages/airflow/example_dags/subdags/subdag.py
[2025-06-13T14:10:58.436-0400] {processor.py:175} INFO - Processing /Users/pranavr/drift-retrainer/venv311/lib/python3.11/site-packages/airflow/example_dags/subdags/subdag.py took 0.467 seconds
[2025-06-13T14:11:57.339-0400] {processor.py:153} INFO - Started process (PID=97491) to work on /Users/pranavr/drift-retrainer/venv311/lib/python3.11/site-packages/airflow/example_dags/subdags/subdag.py
[2025-06-13T14:11:57.343-0400] {processor.py:743} INFO - Processing file /Users/pranavr/drift-retrainer/venv311/lib/python3.11/site-packages/airflow/example_dags/subdags/subdag.py for tasks to queue
[2025-06-13T14:11:57.344-0400] {logging_mixin.py:137} INFO - [2025-06-13T14:11:57.344-0400] {dagbag.py:538} INFO - Filling up the DagBag from /Users/pranavr/drift-retrainer/venv311/lib/python3.11/site-packages/airflow/example_dags/subdags/subdag.py
[2025-06-13T14:11:57.353-0400] {processor.py:755} WARNING - No viable dags retrieved from /Users/pranavr/drift-retrainer/venv311/lib/python3.11/site-packages/airflow/example_dags/subdags/subdag.py
[2025-06-13T14:11:57.909-0400] {processor.py:175} INFO - Processing /Users/pranavr/drift-retrainer/venv311/lib/python3.11/site-packages/airflow/example_dags/subdags/subdag.py took 0.573 seconds
[2025-06-13T14:12:54.887-0400] {processor.py:153} INFO - Started process (PID=97749) to work on /Users/pranavr/drift-retrainer/venv311/lib/python3.11/site-packages/airflow/example_dags/subdags/subdag.py
[2025-06-13T14:12:54.891-0400] {processor.py:743} INFO - Processing file /Users/pranavr/drift-retrainer/venv311/lib/python3.11/site-packages/airflow/example_dags/subdags/subdag.py for tasks to queue
[2025-06-13T14:12:54.892-0400] {logging_mixin.py:137} INFO - [2025-06-13T14:12:54.892-0400] {dagbag.py:538} INFO - Filling up the DagBag from /Users/pranavr/drift-retrainer/venv311/lib/python3.11/site-packages/airflow/example_dags/subdags/subdag.py
[2025-06-13T14:12:54.907-0400] {processor.py:755} WARNING - No viable dags retrieved from /Users/pranavr/drift-retrainer/venv311/lib/python3.11/site-packages/airflow/example_dags/subdags/subdag.py
[2025-06-13T14:12:55.385-0400] {processor.py:175} INFO - Processing /Users/pranavr/drift-retrainer/venv311/lib/python3.11/site-packages/airflow/example_dags/subdags/subdag.py took 0.501 seconds
[2025-06-13T14:13:50.210-0400] {processor.py:153} INFO - Started process (PID=97945) to work on /Users/pranavr/drift-retrainer/venv311/lib/python3.11/site-packages/airflow/example_dags/subdags/subdag.py
[2025-06-13T14:13:50.220-0400] {processor.py:743} INFO - Processing file /Users/pranavr/drift-retrainer/venv311/lib/python3.11/site-packages/airflow/example_dags/subdags/subdag.py for tasks to queue
[2025-06-13T14:13:50.221-0400] {logging_mixin.py:137} INFO - [2025-06-13T14:13:50.220-0400] {dagbag.py:538} INFO - Filling up the DagBag from /Users/pranavr/drift-retrainer/venv311/lib/python3.11/site-packages/airflow/example_dags/subdags/subdag.py
[2025-06-13T14:13:50.237-0400] {processor.py:755} WARNING - No viable dags retrieved from /Users/pranavr/drift-retrainer/venv311/lib/python3.11/site-packages/airflow/example_dags/subdags/subdag.py
[2025-06-13T14:13:50.714-0400] {processor.py:175} INFO - Processing /Users/pranavr/drift-retrainer/venv311/lib/python3.11/site-packages/airflow/example_dags/subdags/subdag.py took 0.508 seconds
[2025-06-13T14:14:43.462-0400] {processor.py:153} INFO - Started process (PID=943) to work on /Users/pranavr/drift-retrainer/venv311/lib/python3.11/site-packages/airflow/example_dags/subdags/subdag.py
[2025-06-13T14:14:43.464-0400] {processor.py:743} INFO - Processing file /Users/pranavr/drift-retrainer/venv311/lib/python3.11/site-packages/airflow/example_dags/subdags/subdag.py for tasks to queue
[2025-06-13T14:14:43.464-0400] {logging_mixin.py:137} INFO - [2025-06-13T14:14:43.464-0400] {dagbag.py:538} INFO - Filling up the DagBag from /Users/pranavr/drift-retrainer/venv311/lib/python3.11/site-packages/airflow/example_dags/subdags/subdag.py
[2025-06-13T14:14:43.475-0400] {processor.py:755} WARNING - No viable dags retrieved from /Users/pranavr/drift-retrainer/venv311/lib/python3.11/site-packages/airflow/example_dags/subdags/subdag.py
[2025-06-13T14:14:43.928-0400] {processor.py:175} INFO - Processing /Users/pranavr/drift-retrainer/venv311/lib/python3.11/site-packages/airflow/example_dags/subdags/subdag.py took 0.466 seconds
[2025-06-13T14:15:41.946-0400] {processor.py:153} INFO - Started process (PID=3233) to work on /Users/pranavr/drift-retrainer/venv311/lib/python3.11/site-packages/airflow/example_dags/subdags/subdag.py
[2025-06-13T14:15:41.948-0400] {processor.py:743} INFO - Processing file /Users/pranavr/drift-retrainer/venv311/lib/python3.11/site-packages/airflow/example_dags/subdags/subdag.py for tasks to queue
[2025-06-13T14:15:41.949-0400] {logging_mixin.py:137} INFO - [2025-06-13T14:15:41.949-0400] {dagbag.py:538} INFO - Filling up the DagBag from /Users/pranavr/drift-retrainer/venv311/lib/python3.11/site-packages/airflow/example_dags/subdags/subdag.py
[2025-06-13T14:15:41.963-0400] {processor.py:755} WARNING - No viable dags retrieved from /Users/pranavr/drift-retrainer/venv311/lib/python3.11/site-packages/airflow/example_dags/subdags/subdag.py
[2025-06-13T14:15:42.474-0400] {processor.py:175} INFO - Processing /Users/pranavr/drift-retrainer/venv311/lib/python3.11/site-packages/airflow/example_dags/subdags/subdag.py took 0.529 seconds
[2025-06-13T14:16:41.160-0400] {processor.py:153} INFO - Started process (PID=3571) to work on /Users/pranavr/drift-retrainer/venv311/lib/python3.11/site-packages/airflow/example_dags/subdags/subdag.py
[2025-06-13T14:16:41.162-0400] {processor.py:743} INFO - Processing file /Users/pranavr/drift-retrainer/venv311/lib/python3.11/site-packages/airflow/example_dags/subdags/subdag.py for tasks to queue
[2025-06-13T14:16:41.163-0400] {logging_mixin.py:137} INFO - [2025-06-13T14:16:41.163-0400] {dagbag.py:538} INFO - Filling up the DagBag from /Users/pranavr/drift-retrainer/venv311/lib/python3.11/site-packages/airflow/example_dags/subdags/subdag.py
[2025-06-13T14:16:41.192-0400] {processor.py:755} WARNING - No viable dags retrieved from /Users/pranavr/drift-retrainer/venv311/lib/python3.11/site-packages/airflow/example_dags/subdags/subdag.py
[2025-06-13T14:16:41.675-0400] {processor.py:175} INFO - Processing /Users/pranavr/drift-retrainer/venv311/lib/python3.11/site-packages/airflow/example_dags/subdags/subdag.py took 0.515 seconds
[2025-06-13T14:17:36.349-0400] {processor.py:153} INFO - Started process (PID=4004) to work on /Users/pranavr/drift-retrainer/venv311/lib/python3.11/site-packages/airflow/example_dags/subdags/subdag.py
[2025-06-13T14:17:36.352-0400] {processor.py:743} INFO - Processing file /Users/pranavr/drift-retrainer/venv311/lib/python3.11/site-packages/airflow/example_dags/subdags/subdag.py for tasks to queue
[2025-06-13T14:17:36.352-0400] {logging_mixin.py:137} INFO - [2025-06-13T14:17:36.352-0400] {dagbag.py:538} INFO - Filling up the DagBag from /Users/pranavr/drift-retrainer/venv311/lib/python3.11/site-packages/airflow/example_dags/subdags/subdag.py
[2025-06-13T14:17:36.366-0400] {processor.py:755} WARNING - No viable dags retrieved from /Users/pranavr/drift-retrainer/venv311/lib/python3.11/site-packages/airflow/example_dags/subdags/subdag.py
[2025-06-13T14:17:36.837-0400] {processor.py:175} INFO - Processing /Users/pranavr/drift-retrainer/venv311/lib/python3.11/site-packages/airflow/example_dags/subdags/subdag.py took 0.489 seconds
[2025-06-13T14:18:34.168-0400] {processor.py:153} INFO - Started process (PID=6340) to work on /Users/pranavr/drift-retrainer/venv311/lib/python3.11/site-packages/airflow/example_dags/subdags/subdag.py
[2025-06-13T14:18:34.173-0400] {processor.py:743} INFO - Processing file /Users/pranavr/drift-retrainer/venv311/lib/python3.11/site-packages/airflow/example_dags/subdags/subdag.py for tasks to queue
[2025-06-13T14:18:34.173-0400] {logging_mixin.py:137} INFO - [2025-06-13T14:18:34.173-0400] {dagbag.py:538} INFO - Filling up the DagBag from /Users/pranavr/drift-retrainer/venv311/lib/python3.11/site-packages/airflow/example_dags/subdags/subdag.py
[2025-06-13T14:18:34.190-0400] {processor.py:755} WARNING - No viable dags retrieved from /Users/pranavr/drift-retrainer/venv311/lib/python3.11/site-packages/airflow/example_dags/subdags/subdag.py
[2025-06-13T14:18:34.753-0400] {processor.py:175} INFO - Processing /Users/pranavr/drift-retrainer/venv311/lib/python3.11/site-packages/airflow/example_dags/subdags/subdag.py took 0.585 seconds
[2025-06-13T14:19:37.510-0400] {processor.py:153} INFO - Started process (PID=6516) to work on /Users/pranavr/drift-retrainer/venv311/lib/python3.11/site-packages/airflow/example_dags/subdags/subdag.py
[2025-06-13T14:19:37.515-0400] {processor.py:743} INFO - Processing file /Users/pranavr/drift-retrainer/venv311/lib/python3.11/site-packages/airflow/example_dags/subdags/subdag.py for tasks to queue
[2025-06-13T14:19:37.515-0400] {logging_mixin.py:137} INFO - [2025-06-13T14:19:37.515-0400] {dagbag.py:538} INFO - Filling up the DagBag from /Users/pranavr/drift-retrainer/venv311/lib/python3.11/site-packages/airflow/example_dags/subdags/subdag.py
[2025-06-13T14:19:37.534-0400] {processor.py:755} WARNING - No viable dags retrieved from /Users/pranavr/drift-retrainer/venv311/lib/python3.11/site-packages/airflow/example_dags/subdags/subdag.py
[2025-06-13T14:19:37.984-0400] {processor.py:175} INFO - Processing /Users/pranavr/drift-retrainer/venv311/lib/python3.11/site-packages/airflow/example_dags/subdags/subdag.py took 0.475 seconds
[2025-06-13T14:21:18.494-0400] {processor.py:186} INFO - Started process (PID=7327) to work on /Users/pranavr/.pyenv/versions/3.11.6/lib/python3.11/site-packages/airflow/example_dags/subdags/subdag.py
[2025-06-13T14:21:18.496-0400] {processor.py:914} INFO - Processing file /Users/pranavr/.pyenv/versions/3.11.6/lib/python3.11/site-packages/airflow/example_dags/subdags/subdag.py for tasks to queue
[2025-06-13T14:21:18.496-0400] {logging_mixin.py:190} INFO - [2025-06-13T14:21:18.496-0400] {dagbag.py:588} INFO - Filling up the DagBag from /Users/pranavr/.pyenv/versions/3.11.6/lib/python3.11/site-packages/airflow/example_dags/subdags/subdag.py
[2025-06-13T14:21:18.498-0400] {processor.py:927} WARNING - No viable dags retrieved from /Users/pranavr/.pyenv/versions/3.11.6/lib/python3.11/site-packages/airflow/example_dags/subdags/subdag.py
[2025-06-13T14:21:18.581-0400] {processor.py:208} INFO - Processing /Users/pranavr/.pyenv/versions/3.11.6/lib/python3.11/site-packages/airflow/example_dags/subdags/subdag.py took 89.182 seconds
[2025-06-13T14:23:25.650-0400] {processor.py:186} INFO - Started process (PID=7825) to work on /Users/pranavr/.pyenv/versions/3.11.6/lib/python3.11/site-packages/airflow/example_dags/subdags/subdag.py
[2025-06-13T14:23:25.652-0400] {processor.py:914} INFO - Processing file /Users/pranavr/.pyenv/versions/3.11.6/lib/python3.11/site-packages/airflow/example_dags/subdags/subdag.py for tasks to queue
[2025-06-13T14:23:25.652-0400] {logging_mixin.py:190} INFO - [2025-06-13T14:23:25.652-0400] {dagbag.py:588} INFO - Filling up the DagBag from /Users/pranavr/.pyenv/versions/3.11.6/lib/python3.11/site-packages/airflow/example_dags/subdags/subdag.py
[2025-06-13T14:23:25.654-0400] {processor.py:927} WARNING - No viable dags retrieved from /Users/pranavr/.pyenv/versions/3.11.6/lib/python3.11/site-packages/airflow/example_dags/subdags/subdag.py
[2025-06-13T14:23:25.733-0400] {processor.py:208} INFO - Processing /Users/pranavr/.pyenv/versions/3.11.6/lib/python3.11/site-packages/airflow/example_dags/subdags/subdag.py took 85.653 seconds
[2025-06-13T14:24:57.801-0400] {processor.py:186} INFO - Started process (PID=7953) to work on /Users/pranavr/.pyenv/versions/3.11.6/lib/python3.11/site-packages/airflow/example_dags/subdags/subdag.py
[2025-06-13T14:24:57.803-0400] {processor.py:914} INFO - Processing file /Users/pranavr/.pyenv/versions/3.11.6/lib/python3.11/site-packages/airflow/example_dags/subdags/subdag.py for tasks to queue
[2025-06-13T14:24:57.803-0400] {logging_mixin.py:190} INFO - [2025-06-13T14:24:57.803-0400] {dagbag.py:588} INFO - Filling up the DagBag from /Users/pranavr/.pyenv/versions/3.11.6/lib/python3.11/site-packages/airflow/example_dags/subdags/subdag.py
[2025-06-13T14:24:57.804-0400] {processor.py:927} WARNING - No viable dags retrieved from /Users/pranavr/.pyenv/versions/3.11.6/lib/python3.11/site-packages/airflow/example_dags/subdags/subdag.py
[2025-06-13T14:24:57.878-0400] {processor.py:208} INFO - Processing /Users/pranavr/.pyenv/versions/3.11.6/lib/python3.11/site-packages/airflow/example_dags/subdags/subdag.py took 78.503 seconds
[2025-06-13T14:26:29.064-0400] {processor.py:186} INFO - Started process (PID=8061) to work on /Users/pranavr/.pyenv/versions/3.11.6/lib/python3.11/site-packages/airflow/example_dags/subdags/subdag.py
[2025-06-13T14:26:29.066-0400] {processor.py:914} INFO - Processing file /Users/pranavr/.pyenv/versions/3.11.6/lib/python3.11/site-packages/airflow/example_dags/subdags/subdag.py for tasks to queue
[2025-06-13T14:26:29.067-0400] {logging_mixin.py:190} INFO - [2025-06-13T14:26:29.067-0400] {dagbag.py:588} INFO - Filling up the DagBag from /Users/pranavr/.pyenv/versions/3.11.6/lib/python3.11/site-packages/airflow/example_dags/subdags/subdag.py
[2025-06-13T14:26:29.069-0400] {processor.py:927} WARNING - No viable dags retrieved from /Users/pranavr/.pyenv/versions/3.11.6/lib/python3.11/site-packages/airflow/example_dags/subdags/subdag.py
[2025-06-13T14:26:29.157-0400] {processor.py:208} INFO - Processing /Users/pranavr/.pyenv/versions/3.11.6/lib/python3.11/site-packages/airflow/example_dags/subdags/subdag.py took 95.088 seconds
[2025-06-13T14:28:00.987-0400] {processor.py:186} INFO - Started process (PID=8760) to work on /Users/pranavr/.pyenv/versions/3.11.6/lib/python3.11/site-packages/airflow/example_dags/subdags/subdag.py
[2025-06-13T14:28:00.990-0400] {processor.py:914} INFO - Processing file /Users/pranavr/.pyenv/versions/3.11.6/lib/python3.11/site-packages/airflow/example_dags/subdags/subdag.py for tasks to queue
[2025-06-13T14:28:00.991-0400] {logging_mixin.py:190} INFO - [2025-06-13T14:28:00.991-0400] {dagbag.py:588} INFO - Filling up the DagBag from /Users/pranavr/.pyenv/versions/3.11.6/lib/python3.11/site-packages/airflow/example_dags/subdags/subdag.py
[2025-06-13T14:28:00.992-0400] {processor.py:927} WARNING - No viable dags retrieved from /Users/pranavr/.pyenv/versions/3.11.6/lib/python3.11/site-packages/airflow/example_dags/subdags/subdag.py
[2025-06-13T14:28:01.103-0400] {processor.py:208} INFO - Processing /Users/pranavr/.pyenv/versions/3.11.6/lib/python3.11/site-packages/airflow/example_dags/subdags/subdag.py took 118.256 seconds
[2025-06-13T14:29:32.737-0400] {processor.py:186} INFO - Started process (PID=8884) to work on /Users/pranavr/.pyenv/versions/3.11.6/lib/python3.11/site-packages/airflow/example_dags/subdags/subdag.py
[2025-06-13T14:29:32.739-0400] {processor.py:914} INFO - Processing file /Users/pranavr/.pyenv/versions/3.11.6/lib/python3.11/site-packages/airflow/example_dags/subdags/subdag.py for tasks to queue
[2025-06-13T14:29:32.740-0400] {logging_mixin.py:190} INFO - [2025-06-13T14:29:32.740-0400] {dagbag.py:588} INFO - Filling up the DagBag from /Users/pranavr/.pyenv/versions/3.11.6/lib/python3.11/site-packages/airflow/example_dags/subdags/subdag.py
[2025-06-13T14:29:32.741-0400] {processor.py:927} WARNING - No viable dags retrieved from /Users/pranavr/.pyenv/versions/3.11.6/lib/python3.11/site-packages/airflow/example_dags/subdags/subdag.py
[2025-06-13T14:29:32.828-0400] {processor.py:208} INFO - Processing /Users/pranavr/.pyenv/versions/3.11.6/lib/python3.11/site-packages/airflow/example_dags/subdags/subdag.py took 92.619 seconds
[2025-06-13T14:31:01.445-0400] {processor.py:186} INFO - Started process (PID=9322) to work on /Users/pranavr/.pyenv/versions/3.11.6/lib/python3.11/site-packages/airflow/example_dags/subdags/subdag.py
[2025-06-13T14:31:01.447-0400] {processor.py:914} INFO - Processing file /Users/pranavr/.pyenv/versions/3.11.6/lib/python3.11/site-packages/airflow/example_dags/subdags/subdag.py for tasks to queue
[2025-06-13T14:31:01.448-0400] {logging_mixin.py:190} INFO - [2025-06-13T14:31:01.448-0400] {dagbag.py:588} INFO - Filling up the DagBag from /Users/pranavr/.pyenv/versions/3.11.6/lib/python3.11/site-packages/airflow/example_dags/subdags/subdag.py
[2025-06-13T14:31:01.449-0400] {processor.py:927} WARNING - No viable dags retrieved from /Users/pranavr/.pyenv/versions/3.11.6/lib/python3.11/site-packages/airflow/example_dags/subdags/subdag.py
[2025-06-13T14:31:01.526-0400] {processor.py:208} INFO - Processing /Users/pranavr/.pyenv/versions/3.11.6/lib/python3.11/site-packages/airflow/example_dags/subdags/subdag.py took 81.748 seconds
[2025-06-13T14:32:30.503-0400] {processor.py:186} INFO - Started process (PID=9523) to work on /Users/pranavr/.pyenv/versions/3.11.6/lib/python3.11/site-packages/airflow/example_dags/subdags/subdag.py
[2025-06-13T14:32:30.506-0400] {processor.py:914} INFO - Processing file /Users/pranavr/.pyenv/versions/3.11.6/lib/python3.11/site-packages/airflow/example_dags/subdags/subdag.py for tasks to queue
[2025-06-13T14:32:30.507-0400] {logging_mixin.py:190} INFO - [2025-06-13T14:32:30.507-0400] {dagbag.py:588} INFO - Filling up the DagBag from /Users/pranavr/.pyenv/versions/3.11.6/lib/python3.11/site-packages/airflow/example_dags/subdags/subdag.py
[2025-06-13T14:32:30.509-0400] {processor.py:927} WARNING - No viable dags retrieved from /Users/pranavr/.pyenv/versions/3.11.6/lib/python3.11/site-packages/airflow/example_dags/subdags/subdag.py
[2025-06-13T14:32:30.602-0400] {processor.py:208} INFO - Processing /Users/pranavr/.pyenv/versions/3.11.6/lib/python3.11/site-packages/airflow/example_dags/subdags/subdag.py took 105.140 seconds
[2025-06-13T14:34:03.274-0400] {processor.py:186} INFO - Started process (PID=9784) to work on /Users/pranavr/.pyenv/versions/3.11.6/lib/python3.11/site-packages/airflow/example_dags/subdags/subdag.py
[2025-06-13T14:34:03.276-0400] {processor.py:914} INFO - Processing file /Users/pranavr/.pyenv/versions/3.11.6/lib/python3.11/site-packages/airflow/example_dags/subdags/subdag.py for tasks to queue
[2025-06-13T14:34:03.277-0400] {logging_mixin.py:190} INFO - [2025-06-13T14:34:03.277-0400] {dagbag.py:588} INFO - Filling up the DagBag from /Users/pranavr/.pyenv/versions/3.11.6/lib/python3.11/site-packages/airflow/example_dags/subdags/subdag.py
[2025-06-13T14:34:03.278-0400] {processor.py:927} WARNING - No viable dags retrieved from /Users/pranavr/.pyenv/versions/3.11.6/lib/python3.11/site-packages/airflow/example_dags/subdags/subdag.py
[2025-06-13T14:34:03.371-0400] {processor.py:208} INFO - Processing /Users/pranavr/.pyenv/versions/3.11.6/lib/python3.11/site-packages/airflow/example_dags/subdags/subdag.py took 97.804 seconds
[2025-06-13T14:35:35.749-0400] {processor.py:186} INFO - Started process (PID=10174) to work on /Users/pranavr/.pyenv/versions/3.11.6/lib/python3.11/site-packages/airflow/example_dags/subdags/subdag.py
[2025-06-13T14:35:35.751-0400] {processor.py:914} INFO - Processing file /Users/pranavr/.pyenv/versions/3.11.6/lib/python3.11/site-packages/airflow/example_dags/subdags/subdag.py for tasks to queue
[2025-06-13T14:35:35.752-0400] {logging_mixin.py:190} INFO - [2025-06-13T14:35:35.752-0400] {dagbag.py:588} INFO - Filling up the DagBag from /Users/pranavr/.pyenv/versions/3.11.6/lib/python3.11/site-packages/airflow/example_dags/subdags/subdag.py
[2025-06-13T14:35:35.759-0400] {processor.py:927} WARNING - No viable dags retrieved from /Users/pranavr/.pyenv/versions/3.11.6/lib/python3.11/site-packages/airflow/example_dags/subdags/subdag.py
[2025-06-13T14:35:35.837-0400] {processor.py:208} INFO - Processing /Users/pranavr/.pyenv/versions/3.11.6/lib/python3.11/site-packages/airflow/example_dags/subdags/subdag.py took 89.309 seconds
[2025-06-13T14:37:05.734-0400] {processor.py:186} INFO - Started process (PID=11022) to work on /Users/pranavr/.pyenv/versions/3.11.6/lib/python3.11/site-packages/airflow/example_dags/subdags/subdag.py
[2025-06-13T14:37:05.736-0400] {processor.py:914} INFO - Processing file /Users/pranavr/.pyenv/versions/3.11.6/lib/python3.11/site-packages/airflow/example_dags/subdags/subdag.py for tasks to queue
[2025-06-13T14:37:05.737-0400] {logging_mixin.py:190} INFO - [2025-06-13T14:37:05.737-0400] {dagbag.py:588} INFO - Filling up the DagBag from /Users/pranavr/.pyenv/versions/3.11.6/lib/python3.11/site-packages/airflow/example_dags/subdags/subdag.py
[2025-06-13T14:37:05.738-0400] {processor.py:927} WARNING - No viable dags retrieved from /Users/pranavr/.pyenv/versions/3.11.6/lib/python3.11/site-packages/airflow/example_dags/subdags/subdag.py
[2025-06-13T14:37:05.823-0400] {processor.py:208} INFO - Processing /Users/pranavr/.pyenv/versions/3.11.6/lib/python3.11/site-packages/airflow/example_dags/subdags/subdag.py took 90.162 seconds
[2025-06-13T14:38:34.755-0400] {processor.py:186} INFO - Started process (PID=11229) to work on /Users/pranavr/.pyenv/versions/3.11.6/lib/python3.11/site-packages/airflow/example_dags/subdags/subdag.py
[2025-06-13T14:38:34.758-0400] {processor.py:914} INFO - Processing file /Users/pranavr/.pyenv/versions/3.11.6/lib/python3.11/site-packages/airflow/example_dags/subdags/subdag.py for tasks to queue
[2025-06-13T14:38:34.758-0400] {logging_mixin.py:190} INFO - [2025-06-13T14:38:34.758-0400] {dagbag.py:588} INFO - Filling up the DagBag from /Users/pranavr/.pyenv/versions/3.11.6/lib/python3.11/site-packages/airflow/example_dags/subdags/subdag.py
[2025-06-13T14:38:34.760-0400] {processor.py:927} WARNING - No viable dags retrieved from /Users/pranavr/.pyenv/versions/3.11.6/lib/python3.11/site-packages/airflow/example_dags/subdags/subdag.py
[2025-06-13T14:38:34.844-0400] {processor.py:208} INFO - Processing /Users/pranavr/.pyenv/versions/3.11.6/lib/python3.11/site-packages/airflow/example_dags/subdags/subdag.py took 91.113 seconds
[2025-06-13T14:39:57.261-0400] {processor.py:186} INFO - Started process (PID=11455) to work on /Users/pranavr/.pyenv/versions/3.11.6/lib/python3.11/site-packages/airflow/example_dags/subdags/subdag.py
[2025-06-13T14:39:57.263-0400] {processor.py:914} INFO - Processing file /Users/pranavr/.pyenv/versions/3.11.6/lib/python3.11/site-packages/airflow/example_dags/subdags/subdag.py for tasks to queue
[2025-06-13T14:39:57.264-0400] {logging_mixin.py:190} INFO - [2025-06-13T14:39:57.264-0400] {dagbag.py:588} INFO - Filling up the DagBag from /Users/pranavr/.pyenv/versions/3.11.6/lib/python3.11/site-packages/airflow/example_dags/subdags/subdag.py
[2025-06-13T14:39:57.264-0400] {processor.py:927} WARNING - No viable dags retrieved from /Users/pranavr/.pyenv/versions/3.11.6/lib/python3.11/site-packages/airflow/example_dags/subdags/subdag.py
[2025-06-13T14:39:57.331-0400] {processor.py:208} INFO - Processing /Users/pranavr/.pyenv/versions/3.11.6/lib/python3.11/site-packages/airflow/example_dags/subdags/subdag.py took 71.551 seconds
[2025-06-13T14:41:15.243-0400] {processor.py:186} INFO - Started process (PID=11730) to work on /Users/pranavr/.pyenv/versions/3.11.6/lib/python3.11/site-packages/airflow/example_dags/subdags/subdag.py
[2025-06-13T14:41:15.245-0400] {processor.py:914} INFO - Processing file /Users/pranavr/.pyenv/versions/3.11.6/lib/python3.11/site-packages/airflow/example_dags/subdags/subdag.py for tasks to queue
[2025-06-13T14:41:15.245-0400] {logging_mixin.py:190} INFO - [2025-06-13T14:41:15.245-0400] {dagbag.py:588} INFO - Filling up the DagBag from /Users/pranavr/.pyenv/versions/3.11.6/lib/python3.11/site-packages/airflow/example_dags/subdags/subdag.py
[2025-06-13T14:41:15.246-0400] {processor.py:927} WARNING - No viable dags retrieved from /Users/pranavr/.pyenv/versions/3.11.6/lib/python3.11/site-packages/airflow/example_dags/subdags/subdag.py
[2025-06-13T14:41:15.305-0400] {processor.py:208} INFO - Processing /Users/pranavr/.pyenv/versions/3.11.6/lib/python3.11/site-packages/airflow/example_dags/subdags/subdag.py took 62.746 seconds
[2025-06-13T14:42:30.775-0400] {processor.py:186} INFO - Started process (PID=11840) to work on /Users/pranavr/.pyenv/versions/3.11.6/lib/python3.11/site-packages/airflow/example_dags/subdags/subdag.py
[2025-06-13T14:42:30.777-0400] {processor.py:914} INFO - Processing file /Users/pranavr/.pyenv/versions/3.11.6/lib/python3.11/site-packages/airflow/example_dags/subdags/subdag.py for tasks to queue
[2025-06-13T14:42:30.777-0400] {logging_mixin.py:190} INFO - [2025-06-13T14:42:30.777-0400] {dagbag.py:588} INFO - Filling up the DagBag from /Users/pranavr/.pyenv/versions/3.11.6/lib/python3.11/site-packages/airflow/example_dags/subdags/subdag.py
[2025-06-13T14:42:30.778-0400] {processor.py:927} WARNING - No viable dags retrieved from /Users/pranavr/.pyenv/versions/3.11.6/lib/python3.11/site-packages/airflow/example_dags/subdags/subdag.py
[2025-06-13T14:42:30.842-0400] {processor.py:208} INFO - Processing /Users/pranavr/.pyenv/versions/3.11.6/lib/python3.11/site-packages/airflow/example_dags/subdags/subdag.py took 68.207 seconds
[2025-06-13T14:43:43.610-0400] {processor.py:186} INFO - Started process (PID=11977) to work on /Users/pranavr/.pyenv/versions/3.11.6/lib/python3.11/site-packages/airflow/example_dags/subdags/subdag.py
[2025-06-13T14:43:43.612-0400] {processor.py:914} INFO - Processing file /Users/pranavr/.pyenv/versions/3.11.6/lib/python3.11/site-packages/airflow/example_dags/subdags/subdag.py for tasks to queue
[2025-06-13T14:43:43.613-0400] {logging_mixin.py:190} INFO - [2025-06-13T14:43:43.612-0400] {dagbag.py:588} INFO - Filling up the DagBag from /Users/pranavr/.pyenv/versions/3.11.6/lib/python3.11/site-packages/airflow/example_dags/subdags/subdag.py
[2025-06-13T14:43:43.614-0400] {processor.py:927} WARNING - No viable dags retrieved from /Users/pranavr/.pyenv/versions/3.11.6/lib/python3.11/site-packages/airflow/example_dags/subdags/subdag.py
[2025-06-13T14:43:43.673-0400] {processor.py:208} INFO - Processing /Users/pranavr/.pyenv/versions/3.11.6/lib/python3.11/site-packages/airflow/example_dags/subdags/subdag.py took 64.266 seconds
[2025-06-13T14:44:55.738-0400] {processor.py:186} INFO - Started process (PID=12126) to work on /Users/pranavr/.pyenv/versions/3.11.6/lib/python3.11/site-packages/airflow/example_dags/subdags/subdag.py
[2025-06-13T14:44:55.739-0400] {processor.py:914} INFO - Processing file /Users/pranavr/.pyenv/versions/3.11.6/lib/python3.11/site-packages/airflow/example_dags/subdags/subdag.py for tasks to queue
[2025-06-13T14:44:55.740-0400] {logging_mixin.py:190} INFO - [2025-06-13T14:44:55.740-0400] {dagbag.py:588} INFO - Filling up the DagBag from /Users/pranavr/.pyenv/versions/3.11.6/lib/python3.11/site-packages/airflow/example_dags/subdags/subdag.py
[2025-06-13T14:44:55.741-0400] {processor.py:927} WARNING - No viable dags retrieved from /Users/pranavr/.pyenv/versions/3.11.6/lib/python3.11/site-packages/airflow/example_dags/subdags/subdag.py
[2025-06-13T14:44:55.806-0400] {processor.py:208} INFO - Processing /Users/pranavr/.pyenv/versions/3.11.6/lib/python3.11/site-packages/airflow/example_dags/subdags/subdag.py took 69.518 seconds
[2025-06-13T14:46:08.237-0400] {processor.py:186} INFO - Started process (PID=12302) to work on /Users/pranavr/.pyenv/versions/3.11.6/lib/python3.11/site-packages/airflow/example_dags/subdags/subdag.py
[2025-06-13T14:46:08.239-0400] {processor.py:914} INFO - Processing file /Users/pranavr/.pyenv/versions/3.11.6/lib/python3.11/site-packages/airflow/example_dags/subdags/subdag.py for tasks to queue
[2025-06-13T14:46:08.239-0400] {logging_mixin.py:190} INFO - [2025-06-13T14:46:08.239-0400] {dagbag.py:588} INFO - Filling up the DagBag from /Users/pranavr/.pyenv/versions/3.11.6/lib/python3.11/site-packages/airflow/example_dags/subdags/subdag.py
[2025-06-13T14:46:08.240-0400] {processor.py:927} WARNING - No viable dags retrieved from /Users/pranavr/.pyenv/versions/3.11.6/lib/python3.11/site-packages/airflow/example_dags/subdags/subdag.py
[2025-06-13T14:46:08.300-0400] {processor.py:208} INFO - Processing /Users/pranavr/.pyenv/versions/3.11.6/lib/python3.11/site-packages/airflow/example_dags/subdags/subdag.py took 64.429 seconds
[2025-06-13T14:47:19.788-0400] {processor.py:186} INFO - Started process (PID=12393) to work on /Users/pranavr/.pyenv/versions/3.11.6/lib/python3.11/site-packages/airflow/example_dags/subdags/subdag.py
[2025-06-13T14:47:19.790-0400] {processor.py:914} INFO - Processing file /Users/pranavr/.pyenv/versions/3.11.6/lib/python3.11/site-packages/airflow/example_dags/subdags/subdag.py for tasks to queue
[2025-06-13T14:47:19.790-0400] {logging_mixin.py:190} INFO - [2025-06-13T14:47:19.790-0400] {dagbag.py:588} INFO - Filling up the DagBag from /Users/pranavr/.pyenv/versions/3.11.6/lib/python3.11/site-packages/airflow/example_dags/subdags/subdag.py
[2025-06-13T14:47:19.791-0400] {processor.py:927} WARNING - No viable dags retrieved from /Users/pranavr/.pyenv/versions/3.11.6/lib/python3.11/site-packages/airflow/example_dags/subdags/subdag.py
[2025-06-13T14:47:19.850-0400] {processor.py:208} INFO - Processing /Users/pranavr/.pyenv/versions/3.11.6/lib/python3.11/site-packages/airflow/example_dags/subdags/subdag.py took 62.892 seconds
[2025-06-13T14:48:36.005-0400] {processor.py:186} INFO - Started process (PID=12505) to work on /Users/pranavr/.pyenv/versions/3.11.6/lib/python3.11/site-packages/airflow/example_dags/subdags/subdag.py
[2025-06-13T14:48:36.006-0400] {processor.py:914} INFO - Processing file /Users/pranavr/.pyenv/versions/3.11.6/lib/python3.11/site-packages/airflow/example_dags/subdags/subdag.py for tasks to queue
[2025-06-13T14:48:36.007-0400] {logging_mixin.py:190} INFO - [2025-06-13T14:48:36.007-0400] {dagbag.py:588} INFO - Filling up the DagBag from /Users/pranavr/.pyenv/versions/3.11.6/lib/python3.11/site-packages/airflow/example_dags/subdags/subdag.py
[2025-06-13T14:48:36.008-0400] {processor.py:927} WARNING - No viable dags retrieved from /Users/pranavr/.pyenv/versions/3.11.6/lib/python3.11/site-packages/airflow/example_dags/subdags/subdag.py
[2025-06-13T14:48:36.072-0400] {processor.py:208} INFO - Processing /Users/pranavr/.pyenv/versions/3.11.6/lib/python3.11/site-packages/airflow/example_dags/subdags/subdag.py took 68.323 seconds
[2025-06-13T14:49:49.375-0400] {processor.py:186} INFO - Started process (PID=12626) to work on /Users/pranavr/.pyenv/versions/3.11.6/lib/python3.11/site-packages/airflow/example_dags/subdags/subdag.py
[2025-06-13T14:49:49.377-0400] {processor.py:914} INFO - Processing file /Users/pranavr/.pyenv/versions/3.11.6/lib/python3.11/site-packages/airflow/example_dags/subdags/subdag.py for tasks to queue
[2025-06-13T14:49:49.377-0400] {logging_mixin.py:190} INFO - [2025-06-13T14:49:49.377-0400] {dagbag.py:588} INFO - Filling up the DagBag from /Users/pranavr/.pyenv/versions/3.11.6/lib/python3.11/site-packages/airflow/example_dags/subdags/subdag.py
[2025-06-13T14:49:49.378-0400] {processor.py:927} WARNING - No viable dags retrieved from /Users/pranavr/.pyenv/versions/3.11.6/lib/python3.11/site-packages/airflow/example_dags/subdags/subdag.py
[2025-06-13T14:49:49.438-0400] {processor.py:208} INFO - Processing /Users/pranavr/.pyenv/versions/3.11.6/lib/python3.11/site-packages/airflow/example_dags/subdags/subdag.py took 64.381 seconds
[2025-06-13T14:51:03.691-0400] {processor.py:186} INFO - Started process (PID=12747) to work on /Users/pranavr/.pyenv/versions/3.11.6/lib/python3.11/site-packages/airflow/example_dags/subdags/subdag.py
[2025-06-13T14:51:03.693-0400] {processor.py:914} INFO - Processing file /Users/pranavr/.pyenv/versions/3.11.6/lib/python3.11/site-packages/airflow/example_dags/subdags/subdag.py for tasks to queue
[2025-06-13T14:51:03.694-0400] {logging_mixin.py:190} INFO - [2025-06-13T14:51:03.693-0400] {dagbag.py:588} INFO - Filling up the DagBag from /Users/pranavr/.pyenv/versions/3.11.6/lib/python3.11/site-packages/airflow/example_dags/subdags/subdag.py
[2025-06-13T14:51:03.694-0400] {processor.py:927} WARNING - No viable dags retrieved from /Users/pranavr/.pyenv/versions/3.11.6/lib/python3.11/site-packages/airflow/example_dags/subdags/subdag.py
[2025-06-13T14:51:03.755-0400] {processor.py:208} INFO - Processing /Users/pranavr/.pyenv/versions/3.11.6/lib/python3.11/site-packages/airflow/example_dags/subdags/subdag.py took 65.456 seconds
[2025-06-13T14:52:18.919-0400] {processor.py:186} INFO - Started process (PID=13998) to work on /Users/pranavr/.pyenv/versions/3.11.6/lib/python3.11/site-packages/airflow/example_dags/subdags/subdag.py
[2025-06-13T14:52:18.921-0400] {processor.py:914} INFO - Processing file /Users/pranavr/.pyenv/versions/3.11.6/lib/python3.11/site-packages/airflow/example_dags/subdags/subdag.py for tasks to queue
[2025-06-13T14:52:18.922-0400] {logging_mixin.py:190} INFO - [2025-06-13T14:52:18.922-0400] {dagbag.py:588} INFO - Filling up the DagBag from /Users/pranavr/.pyenv/versions/3.11.6/lib/python3.11/site-packages/airflow/example_dags/subdags/subdag.py
[2025-06-13T14:52:18.923-0400] {processor.py:927} WARNING - No viable dags retrieved from /Users/pranavr/.pyenv/versions/3.11.6/lib/python3.11/site-packages/airflow/example_dags/subdags/subdag.py
[2025-06-13T14:52:18.984-0400] {processor.py:208} INFO - Processing /Users/pranavr/.pyenv/versions/3.11.6/lib/python3.11/site-packages/airflow/example_dags/subdags/subdag.py took 65.639 seconds
[2025-06-13T14:53:32.769-0400] {processor.py:186} INFO - Started process (PID=14094) to work on /Users/pranavr/.pyenv/versions/3.11.6/lib/python3.11/site-packages/airflow/example_dags/subdags/subdag.py
[2025-06-13T14:53:32.771-0400] {processor.py:914} INFO - Processing file /Users/pranavr/.pyenv/versions/3.11.6/lib/python3.11/site-packages/airflow/example_dags/subdags/subdag.py for tasks to queue
[2025-06-13T14:53:32.772-0400] {logging_mixin.py:190} INFO - [2025-06-13T14:53:32.772-0400] {dagbag.py:588} INFO - Filling up the DagBag from /Users/pranavr/.pyenv/versions/3.11.6/lib/python3.11/site-packages/airflow/example_dags/subdags/subdag.py
[2025-06-13T14:53:32.773-0400] {processor.py:927} WARNING - No viable dags retrieved from /Users/pranavr/.pyenv/versions/3.11.6/lib/python3.11/site-packages/airflow/example_dags/subdags/subdag.py
[2025-06-13T14:53:32.832-0400] {processor.py:208} INFO - Processing /Users/pranavr/.pyenv/versions/3.11.6/lib/python3.11/site-packages/airflow/example_dags/subdags/subdag.py took 64.491 seconds
[2025-06-13T14:54:49.098-0400] {processor.py:186} INFO - Started process (PID=14208) to work on /Users/pranavr/.pyenv/versions/3.11.6/lib/python3.11/site-packages/airflow/example_dags/subdags/subdag.py
[2025-06-13T14:54:49.101-0400] {processor.py:914} INFO - Processing file /Users/pranavr/.pyenv/versions/3.11.6/lib/python3.11/site-packages/airflow/example_dags/subdags/subdag.py for tasks to queue
[2025-06-13T14:54:49.102-0400] {logging_mixin.py:190} INFO - [2025-06-13T14:54:49.102-0400] {dagbag.py:588} INFO - Filling up the DagBag from /Users/pranavr/.pyenv/versions/3.11.6/lib/python3.11/site-packages/airflow/example_dags/subdags/subdag.py
[2025-06-13T14:54:49.103-0400] {processor.py:927} WARNING - No viable dags retrieved from /Users/pranavr/.pyenv/versions/3.11.6/lib/python3.11/site-packages/airflow/example_dags/subdags/subdag.py
[2025-06-13T14:54:49.173-0400] {processor.py:208} INFO - Processing /Users/pranavr/.pyenv/versions/3.11.6/lib/python3.11/site-packages/airflow/example_dags/subdags/subdag.py took 76.695 seconds
[2025-06-13T14:56:07.337-0400] {processor.py:186} INFO - Started process (PID=14353) to work on /Users/pranavr/.pyenv/versions/3.11.6/lib/python3.11/site-packages/airflow/example_dags/subdags/subdag.py
[2025-06-13T14:56:07.340-0400] {processor.py:914} INFO - Processing file /Users/pranavr/.pyenv/versions/3.11.6/lib/python3.11/site-packages/airflow/example_dags/subdags/subdag.py for tasks to queue
[2025-06-13T14:56:07.341-0400] {logging_mixin.py:190} INFO - [2025-06-13T14:56:07.340-0400] {dagbag.py:588} INFO - Filling up the DagBag from /Users/pranavr/.pyenv/versions/3.11.6/lib/python3.11/site-packages/airflow/example_dags/subdags/subdag.py
[2025-06-13T14:56:07.342-0400] {processor.py:927} WARNING - No viable dags retrieved from /Users/pranavr/.pyenv/versions/3.11.6/lib/python3.11/site-packages/airflow/example_dags/subdags/subdag.py
[2025-06-13T14:56:07.400-0400] {processor.py:208} INFO - Processing /Users/pranavr/.pyenv/versions/3.11.6/lib/python3.11/site-packages/airflow/example_dags/subdags/subdag.py took 63.727 seconds
[2025-06-13T14:57:21.747-0400] {processor.py:186} INFO - Started process (PID=14467) to work on /Users/pranavr/.pyenv/versions/3.11.6/lib/python3.11/site-packages/airflow/example_dags/subdags/subdag.py
[2025-06-13T14:57:21.750-0400] {processor.py:914} INFO - Processing file /Users/pranavr/.pyenv/versions/3.11.6/lib/python3.11/site-packages/airflow/example_dags/subdags/subdag.py for tasks to queue
[2025-06-13T14:57:21.750-0400] {logging_mixin.py:190} INFO - [2025-06-13T14:57:21.750-0400] {dagbag.py:588} INFO - Filling up the DagBag from /Users/pranavr/.pyenv/versions/3.11.6/lib/python3.11/site-packages/airflow/example_dags/subdags/subdag.py
[2025-06-13T14:57:21.751-0400] {processor.py:927} WARNING - No viable dags retrieved from /Users/pranavr/.pyenv/versions/3.11.6/lib/python3.11/site-packages/airflow/example_dags/subdags/subdag.py
[2025-06-13T14:57:21.810-0400] {processor.py:208} INFO - Processing /Users/pranavr/.pyenv/versions/3.11.6/lib/python3.11/site-packages/airflow/example_dags/subdags/subdag.py took 63.921 seconds
[2025-06-13T14:58:45.234-0400] {processor.py:186} INFO - Started process (PID=14700) to work on /Users/pranavr/.pyenv/versions/3.11.6/lib/python3.11/site-packages/airflow/example_dags/subdags/subdag.py
[2025-06-13T14:58:45.236-0400] {processor.py:914} INFO - Processing file /Users/pranavr/.pyenv/versions/3.11.6/lib/python3.11/site-packages/airflow/example_dags/subdags/subdag.py for tasks to queue
[2025-06-13T14:58:45.237-0400] {logging_mixin.py:190} INFO - [2025-06-13T14:58:45.236-0400] {dagbag.py:588} INFO - Filling up the DagBag from /Users/pranavr/.pyenv/versions/3.11.6/lib/python3.11/site-packages/airflow/example_dags/subdags/subdag.py
[2025-06-13T14:58:45.238-0400] {processor.py:927} WARNING - No viable dags retrieved from /Users/pranavr/.pyenv/versions/3.11.6/lib/python3.11/site-packages/airflow/example_dags/subdags/subdag.py
[2025-06-13T14:58:45.313-0400] {processor.py:208} INFO - Processing /Users/pranavr/.pyenv/versions/3.11.6/lib/python3.11/site-packages/airflow/example_dags/subdags/subdag.py took 80.707 seconds
[2025-06-13T15:00:15.161-0400] {processor.py:186} INFO - Started process (PID=14997) to work on /Users/pranavr/.pyenv/versions/3.11.6/lib/python3.11/site-packages/airflow/example_dags/subdags/subdag.py
[2025-06-13T15:00:15.163-0400] {processor.py:914} INFO - Processing file /Users/pranavr/.pyenv/versions/3.11.6/lib/python3.11/site-packages/airflow/example_dags/subdags/subdag.py for tasks to queue
[2025-06-13T15:00:15.164-0400] {logging_mixin.py:190} INFO - [2025-06-13T15:00:15.163-0400] {dagbag.py:588} INFO - Filling up the DagBag from /Users/pranavr/.pyenv/versions/3.11.6/lib/python3.11/site-packages/airflow/example_dags/subdags/subdag.py
[2025-06-13T15:00:15.165-0400] {processor.py:927} WARNING - No viable dags retrieved from /Users/pranavr/.pyenv/versions/3.11.6/lib/python3.11/site-packages/airflow/example_dags/subdags/subdag.py
[2025-06-13T15:00:15.232-0400] {processor.py:208} INFO - Processing /Users/pranavr/.pyenv/versions/3.11.6/lib/python3.11/site-packages/airflow/example_dags/subdags/subdag.py took 72.875 seconds
[2025-06-13T15:02:15.182-0400] {processor.py:186} INFO - Started process (PID=15264) to work on /Users/pranavr/.pyenv/versions/3.11.6/lib/python3.11/site-packages/airflow/example_dags/subdags/subdag.py
[2025-06-13T15:02:15.184-0400] {processor.py:914} INFO - Processing file /Users/pranavr/.pyenv/versions/3.11.6/lib/python3.11/site-packages/airflow/example_dags/subdags/subdag.py for tasks to queue
[2025-06-13T15:02:15.185-0400] {logging_mixin.py:190} INFO - [2025-06-13T15:02:15.184-0400] {dagbag.py:588} INFO - Filling up the DagBag from /Users/pranavr/.pyenv/versions/3.11.6/lib/python3.11/site-packages/airflow/example_dags/subdags/subdag.py
[2025-06-13T15:02:15.186-0400] {processor.py:927} WARNING - No viable dags retrieved from /Users/pranavr/.pyenv/versions/3.11.6/lib/python3.11/site-packages/airflow/example_dags/subdags/subdag.py
[2025-06-13T15:02:15.256-0400] {processor.py:208} INFO - Processing /Users/pranavr/.pyenv/versions/3.11.6/lib/python3.11/site-packages/airflow/example_dags/subdags/subdag.py took 75.450 seconds
[2025-06-13T15:03:51.430-0400] {processor.py:186} INFO - Started process (PID=15745) to work on /Users/pranavr/.pyenv/versions/3.11.6/lib/python3.11/site-packages/airflow/example_dags/subdags/subdag.py
[2025-06-13T15:03:51.432-0400] {processor.py:914} INFO - Processing file /Users/pranavr/.pyenv/versions/3.11.6/lib/python3.11/site-packages/airflow/example_dags/subdags/subdag.py for tasks to queue
[2025-06-13T15:03:51.432-0400] {logging_mixin.py:190} INFO - [2025-06-13T15:03:51.432-0400] {dagbag.py:588} INFO - Filling up the DagBag from /Users/pranavr/.pyenv/versions/3.11.6/lib/python3.11/site-packages/airflow/example_dags/subdags/subdag.py
[2025-06-13T15:03:51.434-0400] {processor.py:927} WARNING - No viable dags retrieved from /Users/pranavr/.pyenv/versions/3.11.6/lib/python3.11/site-packages/airflow/example_dags/subdags/subdag.py
[2025-06-13T15:03:51.505-0400] {processor.py:208} INFO - Processing /Users/pranavr/.pyenv/versions/3.11.6/lib/python3.11/site-packages/airflow/example_dags/subdags/subdag.py took 76.288 seconds
[2025-06-13T15:04:16.825-0400] {processor.py:186} INFO - Started process (PID=15929) to work on /Users/pranavr/.pyenv/versions/3.11.6/lib/python3.11/site-packages/airflow/example_dags/subdags/subdag.py
[2025-06-13T15:04:16.828-0400] {processor.py:914} INFO - Processing file /Users/pranavr/.pyenv/versions/3.11.6/lib/python3.11/site-packages/airflow/example_dags/subdags/subdag.py for tasks to queue
[2025-06-13T15:04:16.828-0400] {logging_mixin.py:190} INFO - [2025-06-13T15:04:16.828-0400] {dagbag.py:588} INFO - Filling up the DagBag from /Users/pranavr/.pyenv/versions/3.11.6/lib/python3.11/site-packages/airflow/example_dags/subdags/subdag.py
[2025-06-13T15:04:16.829-0400] {processor.py:927} WARNING - No viable dags retrieved from /Users/pranavr/.pyenv/versions/3.11.6/lib/python3.11/site-packages/airflow/example_dags/subdags/subdag.py
[2025-06-13T15:04:16.904-0400] {processor.py:208} INFO - Processing /Users/pranavr/.pyenv/versions/3.11.6/lib/python3.11/site-packages/airflow/example_dags/subdags/subdag.py took 79.877 seconds
[2025-06-13T15:06:15.083-0400] {processor.py:186} INFO - Started process (PID=16275) to work on /Users/pranavr/.pyenv/versions/3.11.6/lib/python3.11/site-packages/airflow/example_dags/subdags/subdag.py
[2025-06-13T15:06:15.085-0400] {processor.py:914} INFO - Processing file /Users/pranavr/.pyenv/versions/3.11.6/lib/python3.11/site-packages/airflow/example_dags/subdags/subdag.py for tasks to queue
[2025-06-13T15:06:15.085-0400] {logging_mixin.py:190} INFO - [2025-06-13T15:06:15.085-0400] {dagbag.py:588} INFO - Filling up the DagBag from /Users/pranavr/.pyenv/versions/3.11.6/lib/python3.11/site-packages/airflow/example_dags/subdags/subdag.py
[2025-06-13T15:06:15.087-0400] {processor.py:927} WARNING - No viable dags retrieved from /Users/pranavr/.pyenv/versions/3.11.6/lib/python3.11/site-packages/airflow/example_dags/subdags/subdag.py
[2025-06-13T15:06:15.153-0400] {processor.py:208} INFO - Processing /Users/pranavr/.pyenv/versions/3.11.6/lib/python3.11/site-packages/airflow/example_dags/subdags/subdag.py took 72.193 seconds
[2025-06-13T15:07:35.026-0400] {processor.py:186} INFO - Started process (PID=16426) to work on /Users/pranavr/.pyenv/versions/3.11.6/lib/python3.11/site-packages/airflow/example_dags/subdags/subdag.py
[2025-06-13T15:07:35.029-0400] {processor.py:914} INFO - Processing file /Users/pranavr/.pyenv/versions/3.11.6/lib/python3.11/site-packages/airflow/example_dags/subdags/subdag.py for tasks to queue
[2025-06-13T15:07:35.029-0400] {logging_mixin.py:190} INFO - [2025-06-13T15:07:35.029-0400] {dagbag.py:588} INFO - Filling up the DagBag from /Users/pranavr/.pyenv/versions/3.11.6/lib/python3.11/site-packages/airflow/example_dags/subdags/subdag.py
[2025-06-13T15:07:35.030-0400] {processor.py:927} WARNING - No viable dags retrieved from /Users/pranavr/.pyenv/versions/3.11.6/lib/python3.11/site-packages/airflow/example_dags/subdags/subdag.py
[2025-06-13T15:07:35.099-0400] {processor.py:208} INFO - Processing /Users/pranavr/.pyenv/versions/3.11.6/lib/python3.11/site-packages/airflow/example_dags/subdags/subdag.py took 73.625 seconds
[2025-06-13T15:08:53.105-0400] {processor.py:186} INFO - Started process (PID=16520) to work on /Users/pranavr/.pyenv/versions/3.11.6/lib/python3.11/site-packages/airflow/example_dags/subdags/subdag.py
[2025-06-13T15:08:53.107-0400] {processor.py:914} INFO - Processing file /Users/pranavr/.pyenv/versions/3.11.6/lib/python3.11/site-packages/airflow/example_dags/subdags/subdag.py for tasks to queue
[2025-06-13T15:08:53.108-0400] {logging_mixin.py:190} INFO - [2025-06-13T15:08:53.108-0400] {dagbag.py:588} INFO - Filling up the DagBag from /Users/pranavr/.pyenv/versions/3.11.6/lib/python3.11/site-packages/airflow/example_dags/subdags/subdag.py
[2025-06-13T15:08:53.109-0400] {processor.py:927} WARNING - No viable dags retrieved from /Users/pranavr/.pyenv/versions/3.11.6/lib/python3.11/site-packages/airflow/example_dags/subdags/subdag.py
[2025-06-13T15:08:53.178-0400] {processor.py:208} INFO - Processing /Users/pranavr/.pyenv/versions/3.11.6/lib/python3.11/site-packages/airflow/example_dags/subdags/subdag.py took 75.009 seconds
[2025-06-13T15:10:17.217-0400] {processor.py:186} INFO - Started process (PID=16757) to work on /Users/pranavr/.pyenv/versions/3.11.6/lib/python3.11/site-packages/airflow/example_dags/subdags/subdag.py
[2025-06-13T15:10:17.219-0400] {processor.py:914} INFO - Processing file /Users/pranavr/.pyenv/versions/3.11.6/lib/python3.11/site-packages/airflow/example_dags/subdags/subdag.py for tasks to queue
[2025-06-13T15:10:17.219-0400] {logging_mixin.py:190} INFO - [2025-06-13T15:10:17.219-0400] {dagbag.py:588} INFO - Filling up the DagBag from /Users/pranavr/.pyenv/versions/3.11.6/lib/python3.11/site-packages/airflow/example_dags/subdags/subdag.py
[2025-06-13T15:10:17.221-0400] {processor.py:927} WARNING - No viable dags retrieved from /Users/pranavr/.pyenv/versions/3.11.6/lib/python3.11/site-packages/airflow/example_dags/subdags/subdag.py
[2025-06-13T15:10:17.296-0400] {processor.py:208} INFO - Processing /Users/pranavr/.pyenv/versions/3.11.6/lib/python3.11/site-packages/airflow/example_dags/subdags/subdag.py took 81.249 seconds
[2025-06-13T15:11:44.266-0400] {processor.py:186} INFO - Started process (PID=16882) to work on /Users/pranavr/.pyenv/versions/3.11.6/lib/python3.11/site-packages/airflow/example_dags/subdags/subdag.py
[2025-06-13T15:11:44.268-0400] {processor.py:914} INFO - Processing file /Users/pranavr/.pyenv/versions/3.11.6/lib/python3.11/site-packages/airflow/example_dags/subdags/subdag.py for tasks to queue
[2025-06-13T15:11:44.269-0400] {logging_mixin.py:190} INFO - [2025-06-13T15:11:44.269-0400] {dagbag.py:588} INFO - Filling up the DagBag from /Users/pranavr/.pyenv/versions/3.11.6/lib/python3.11/site-packages/airflow/example_dags/subdags/subdag.py
[2025-06-13T15:11:44.270-0400] {processor.py:927} WARNING - No viable dags retrieved from /Users/pranavr/.pyenv/versions/3.11.6/lib/python3.11/site-packages/airflow/example_dags/subdags/subdag.py
[2025-06-13T15:11:44.343-0400] {processor.py:208} INFO - Processing /Users/pranavr/.pyenv/versions/3.11.6/lib/python3.11/site-packages/airflow/example_dags/subdags/subdag.py took 77.940 seconds
[2025-06-13T15:13:09.510-0400] {processor.py:186} INFO - Started process (PID=17057) to work on /Users/pranavr/.pyenv/versions/3.11.6/lib/python3.11/site-packages/airflow/example_dags/subdags/subdag.py
[2025-06-13T15:13:09.512-0400] {processor.py:914} INFO - Processing file /Users/pranavr/.pyenv/versions/3.11.6/lib/python3.11/site-packages/airflow/example_dags/subdags/subdag.py for tasks to queue
[2025-06-13T15:13:09.512-0400] {logging_mixin.py:190} INFO - [2025-06-13T15:13:09.512-0400] {dagbag.py:588} INFO - Filling up the DagBag from /Users/pranavr/.pyenv/versions/3.11.6/lib/python3.11/site-packages/airflow/example_dags/subdags/subdag.py
[2025-06-13T15:13:09.513-0400] {processor.py:927} WARNING - No viable dags retrieved from /Users/pranavr/.pyenv/versions/3.11.6/lib/python3.11/site-packages/airflow/example_dags/subdags/subdag.py
[2025-06-13T15:13:09.582-0400] {processor.py:208} INFO - Processing /Users/pranavr/.pyenv/versions/3.11.6/lib/python3.11/site-packages/airflow/example_dags/subdags/subdag.py took 73.922 seconds
[2025-06-13T15:18:29.372-0400] {processor.py:186} INFO - Started process (PID=17689) to work on /Users/pranavr/.pyenv/versions/3.11.6/lib/python3.11/site-packages/airflow/example_dags/subdags/subdag.py
[2025-06-13T15:18:29.375-0400] {processor.py:914} INFO - Processing file /Users/pranavr/.pyenv/versions/3.11.6/lib/python3.11/site-packages/airflow/example_dags/subdags/subdag.py for tasks to queue
[2025-06-13T15:18:29.375-0400] {logging_mixin.py:190} INFO - [2025-06-13T15:18:29.375-0400] {dagbag.py:588} INFO - Filling up the DagBag from /Users/pranavr/.pyenv/versions/3.11.6/lib/python3.11/site-packages/airflow/example_dags/subdags/subdag.py
[2025-06-13T15:18:29.376-0400] {processor.py:927} WARNING - No viable dags retrieved from /Users/pranavr/.pyenv/versions/3.11.6/lib/python3.11/site-packages/airflow/example_dags/subdags/subdag.py
[2025-06-13T15:18:29.444-0400] {processor.py:208} INFO - Processing /Users/pranavr/.pyenv/versions/3.11.6/lib/python3.11/site-packages/airflow/example_dags/subdags/subdag.py took 73.207 seconds
[2025-06-13T15:20:25.734-0400] {processor.py:186} INFO - Started process (PID=17885) to work on /Users/pranavr/.pyenv/versions/3.11.6/lib/python3.11/site-packages/airflow/example_dags/subdags/subdag.py
[2025-06-13T15:20:25.737-0400] {processor.py:914} INFO - Processing file /Users/pranavr/.pyenv/versions/3.11.6/lib/python3.11/site-packages/airflow/example_dags/subdags/subdag.py for tasks to queue
[2025-06-13T15:20:25.738-0400] {logging_mixin.py:190} INFO - [2025-06-13T15:20:25.738-0400] {dagbag.py:588} INFO - Filling up the DagBag from /Users/pranavr/.pyenv/versions/3.11.6/lib/python3.11/site-packages/airflow/example_dags/subdags/subdag.py
[2025-06-13T15:20:25.739-0400] {processor.py:927} WARNING - No viable dags retrieved from /Users/pranavr/.pyenv/versions/3.11.6/lib/python3.11/site-packages/airflow/example_dags/subdags/subdag.py
[2025-06-13T15:20:25.810-0400] {processor.py:208} INFO - Processing /Users/pranavr/.pyenv/versions/3.11.6/lib/python3.11/site-packages/airflow/example_dags/subdags/subdag.py took 77.187 seconds
[2025-06-13T15:24:35.591-0400] {processor.py:186} INFO - Started process (PID=18820) to work on /Users/pranavr/.pyenv/versions/3.11.6/lib/python3.11/site-packages/airflow/example_dags/subdags/subdag.py
[2025-06-13T15:24:35.593-0400] {processor.py:914} INFO - Processing file /Users/pranavr/.pyenv/versions/3.11.6/lib/python3.11/site-packages/airflow/example_dags/subdags/subdag.py for tasks to queue
[2025-06-13T15:24:35.593-0400] {logging_mixin.py:190} INFO - [2025-06-13T15:24:35.593-0400] {dagbag.py:588} INFO - Filling up the DagBag from /Users/pranavr/.pyenv/versions/3.11.6/lib/python3.11/site-packages/airflow/example_dags/subdags/subdag.py
[2025-06-13T15:24:35.594-0400] {processor.py:927} WARNING - No viable dags retrieved from /Users/pranavr/.pyenv/versions/3.11.6/lib/python3.11/site-packages/airflow/example_dags/subdags/subdag.py
[2025-06-13T15:24:35.663-0400] {processor.py:208} INFO - Processing /Users/pranavr/.pyenv/versions/3.11.6/lib/python3.11/site-packages/airflow/example_dags/subdags/subdag.py took 73.152 seconds
[2025-06-13T15:26:46.326-0400] {processor.py:186} INFO - Started process (PID=19050) to work on /Users/pranavr/.pyenv/versions/3.11.6/lib/python3.11/site-packages/airflow/example_dags/subdags/subdag.py
[2025-06-13T15:26:46.328-0400] {processor.py:914} INFO - Processing file /Users/pranavr/.pyenv/versions/3.11.6/lib/python3.11/site-packages/airflow/example_dags/subdags/subdag.py for tasks to queue
[2025-06-13T15:26:46.329-0400] {logging_mixin.py:190} INFO - [2025-06-13T15:26:46.329-0400] {dagbag.py:588} INFO - Filling up the DagBag from /Users/pranavr/.pyenv/versions/3.11.6/lib/python3.11/site-packages/airflow/example_dags/subdags/subdag.py
[2025-06-13T15:26:46.331-0400] {processor.py:927} WARNING - No viable dags retrieved from /Users/pranavr/.pyenv/versions/3.11.6/lib/python3.11/site-packages/airflow/example_dags/subdags/subdag.py
[2025-06-13T15:26:46.404-0400] {processor.py:208} INFO - Processing /Users/pranavr/.pyenv/versions/3.11.6/lib/python3.11/site-packages/airflow/example_dags/subdags/subdag.py took 79.981 seconds
[2025-06-13T15:27:28.234-0400] {processor.py:186} INFO - Started process (PID=19351) to work on /Users/pranavr/.pyenv/versions/3.11.6/lib/python3.11/site-packages/airflow/example_dags/subdags/subdag.py
[2025-06-13T15:27:28.236-0400] {processor.py:914} INFO - Processing file /Users/pranavr/.pyenv/versions/3.11.6/lib/python3.11/site-packages/airflow/example_dags/subdags/subdag.py for tasks to queue
[2025-06-13T15:27:28.237-0400] {logging_mixin.py:190} INFO - [2025-06-13T15:27:28.236-0400] {dagbag.py:588} INFO - Filling up the DagBag from /Users/pranavr/.pyenv/versions/3.11.6/lib/python3.11/site-packages/airflow/example_dags/subdags/subdag.py
[2025-06-13T15:27:28.237-0400] {processor.py:927} WARNING - No viable dags retrieved from /Users/pranavr/.pyenv/versions/3.11.6/lib/python3.11/site-packages/airflow/example_dags/subdags/subdag.py
[2025-06-13T15:27:28.305-0400] {processor.py:208} INFO - Processing /Users/pranavr/.pyenv/versions/3.11.6/lib/python3.11/site-packages/airflow/example_dags/subdags/subdag.py took 71.999 seconds
[2025-06-13T15:28:49.809-0400] {processor.py:186} INFO - Started process (PID=19639) to work on /Users/pranavr/.pyenv/versions/3.11.6/lib/python3.11/site-packages/airflow/example_dags/subdags/subdag.py
[2025-06-13T15:28:49.811-0400] {processor.py:914} INFO - Processing file /Users/pranavr/.pyenv/versions/3.11.6/lib/python3.11/site-packages/airflow/example_dags/subdags/subdag.py for tasks to queue
[2025-06-13T15:28:49.811-0400] {logging_mixin.py:190} INFO - [2025-06-13T15:28:49.811-0400] {dagbag.py:588} INFO - Filling up the DagBag from /Users/pranavr/.pyenv/versions/3.11.6/lib/python3.11/site-packages/airflow/example_dags/subdags/subdag.py
[2025-06-13T15:28:49.812-0400] {processor.py:927} WARNING - No viable dags retrieved from /Users/pranavr/.pyenv/versions/3.11.6/lib/python3.11/site-packages/airflow/example_dags/subdags/subdag.py
[2025-06-13T15:28:49.885-0400] {processor.py:208} INFO - Processing /Users/pranavr/.pyenv/versions/3.11.6/lib/python3.11/site-packages/airflow/example_dags/subdags/subdag.py took 77.518 seconds
[2025-06-13T15:29:59.172-0400] {processor.py:186} INFO - Started process (PID=19776) to work on /Users/pranavr/.pyenv/versions/3.11.6/lib/python3.11/site-packages/airflow/example_dags/subdags/subdag.py
[2025-06-13T15:29:59.174-0400] {processor.py:914} INFO - Processing file /Users/pranavr/.pyenv/versions/3.11.6/lib/python3.11/site-packages/airflow/example_dags/subdags/subdag.py for tasks to queue
[2025-06-13T15:29:59.175-0400] {logging_mixin.py:190} INFO - [2025-06-13T15:29:59.174-0400] {dagbag.py:588} INFO - Filling up the DagBag from /Users/pranavr/.pyenv/versions/3.11.6/lib/python3.11/site-packages/airflow/example_dags/subdags/subdag.py
[2025-06-13T15:29:59.176-0400] {processor.py:927} WARNING - No viable dags retrieved from /Users/pranavr/.pyenv/versions/3.11.6/lib/python3.11/site-packages/airflow/example_dags/subdags/subdag.py
[2025-06-13T15:29:59.253-0400] {processor.py:208} INFO - Processing /Users/pranavr/.pyenv/versions/3.11.6/lib/python3.11/site-packages/airflow/example_dags/subdags/subdag.py took 81.921 seconds
[2025-06-13T15:32:02.347-0400] {processor.py:186} INFO - Started process (PID=19991) to work on /Users/pranavr/.pyenv/versions/3.11.6/lib/python3.11/site-packages/airflow/example_dags/subdags/subdag.py
[2025-06-13T15:32:02.349-0400] {processor.py:914} INFO - Processing file /Users/pranavr/.pyenv/versions/3.11.6/lib/python3.11/site-packages/airflow/example_dags/subdags/subdag.py for tasks to queue
[2025-06-13T15:32:02.349-0400] {logging_mixin.py:190} INFO - [2025-06-13T15:32:02.349-0400] {dagbag.py:588} INFO - Filling up the DagBag from /Users/pranavr/.pyenv/versions/3.11.6/lib/python3.11/site-packages/airflow/example_dags/subdags/subdag.py
[2025-06-13T15:32:02.350-0400] {processor.py:927} WARNING - No viable dags retrieved from /Users/pranavr/.pyenv/versions/3.11.6/lib/python3.11/site-packages/airflow/example_dags/subdags/subdag.py
[2025-06-13T15:32:02.418-0400] {processor.py:208} INFO - Processing /Users/pranavr/.pyenv/versions/3.11.6/lib/python3.11/site-packages/airflow/example_dags/subdags/subdag.py took 72.928 seconds
[2025-06-13T15:35:30.650-0400] {processor.py:186} INFO - Started process (PID=20350) to work on /Users/pranavr/.pyenv/versions/3.11.6/lib/python3.11/site-packages/airflow/example_dags/subdags/subdag.py
[2025-06-13T15:35:30.652-0400] {processor.py:914} INFO - Processing file /Users/pranavr/.pyenv/versions/3.11.6/lib/python3.11/site-packages/airflow/example_dags/subdags/subdag.py for tasks to queue
[2025-06-13T15:35:30.653-0400] {logging_mixin.py:190} INFO - [2025-06-13T15:35:30.653-0400] {dagbag.py:588} INFO - Filling up the DagBag from /Users/pranavr/.pyenv/versions/3.11.6/lib/python3.11/site-packages/airflow/example_dags/subdags/subdag.py
[2025-06-13T15:35:30.654-0400] {processor.py:927} WARNING - No viable dags retrieved from /Users/pranavr/.pyenv/versions/3.11.6/lib/python3.11/site-packages/airflow/example_dags/subdags/subdag.py
[2025-06-13T15:35:30.722-0400] {processor.py:208} INFO - Processing /Users/pranavr/.pyenv/versions/3.11.6/lib/python3.11/site-packages/airflow/example_dags/subdags/subdag.py took 72.788 seconds
[2025-06-13T15:37:35.522-0400] {processor.py:186} INFO - Started process (PID=20678) to work on /Users/pranavr/.pyenv/versions/3.11.6/lib/python3.11/site-packages/airflow/example_dags/subdags/subdag.py
[2025-06-13T15:37:35.525-0400] {processor.py:914} INFO - Processing file /Users/pranavr/.pyenv/versions/3.11.6/lib/python3.11/site-packages/airflow/example_dags/subdags/subdag.py for tasks to queue
[2025-06-13T15:37:35.525-0400] {logging_mixin.py:190} INFO - [2025-06-13T15:37:35.525-0400] {dagbag.py:588} INFO - Filling up the DagBag from /Users/pranavr/.pyenv/versions/3.11.6/lib/python3.11/site-packages/airflow/example_dags/subdags/subdag.py
[2025-06-13T15:37:35.526-0400] {processor.py:927} WARNING - No viable dags retrieved from /Users/pranavr/.pyenv/versions/3.11.6/lib/python3.11/site-packages/airflow/example_dags/subdags/subdag.py
[2025-06-13T15:37:35.595-0400] {processor.py:208} INFO - Processing /Users/pranavr/.pyenv/versions/3.11.6/lib/python3.11/site-packages/airflow/example_dags/subdags/subdag.py took 73.731 seconds
[2025-06-13T15:38:59.319-0400] {processor.py:186} INFO - Started process (PID=20801) to work on /Users/pranavr/.pyenv/versions/3.11.6/lib/python3.11/site-packages/airflow/example_dags/subdags/subdag.py
[2025-06-13T15:38:59.321-0400] {processor.py:914} INFO - Processing file /Users/pranavr/.pyenv/versions/3.11.6/lib/python3.11/site-packages/airflow/example_dags/subdags/subdag.py for tasks to queue
[2025-06-13T15:38:59.322-0400] {logging_mixin.py:190} INFO - [2025-06-13T15:38:59.322-0400] {dagbag.py:588} INFO - Filling up the DagBag from /Users/pranavr/.pyenv/versions/3.11.6/lib/python3.11/site-packages/airflow/example_dags/subdags/subdag.py
[2025-06-13T15:38:59.323-0400] {processor.py:927} WARNING - No viable dags retrieved from /Users/pranavr/.pyenv/versions/3.11.6/lib/python3.11/site-packages/airflow/example_dags/subdags/subdag.py
[2025-06-13T15:38:59.392-0400] {processor.py:208} INFO - Processing /Users/pranavr/.pyenv/versions/3.11.6/lib/python3.11/site-packages/airflow/example_dags/subdags/subdag.py took 74.978 seconds
[2025-06-13T15:40:24.239-0400] {processor.py:186} INFO - Started process (PID=20929) to work on /Users/pranavr/.pyenv/versions/3.11.6/lib/python3.11/site-packages/airflow/example_dags/subdags/subdag.py
[2025-06-13T15:40:24.241-0400] {processor.py:914} INFO - Processing file /Users/pranavr/.pyenv/versions/3.11.6/lib/python3.11/site-packages/airflow/example_dags/subdags/subdag.py for tasks to queue
[2025-06-13T15:40:24.242-0400] {logging_mixin.py:190} INFO - [2025-06-13T15:40:24.242-0400] {dagbag.py:588} INFO - Filling up the DagBag from /Users/pranavr/.pyenv/versions/3.11.6/lib/python3.11/site-packages/airflow/example_dags/subdags/subdag.py
[2025-06-13T15:40:24.243-0400] {processor.py:927} WARNING - No viable dags retrieved from /Users/pranavr/.pyenv/versions/3.11.6/lib/python3.11/site-packages/airflow/example_dags/subdags/subdag.py
[2025-06-13T15:40:24.308-0400] {processor.py:208} INFO - Processing /Users/pranavr/.pyenv/versions/3.11.6/lib/python3.11/site-packages/airflow/example_dags/subdags/subdag.py took 69.670 seconds
[2025-06-13T15:41:52.983-0400] {processor.py:186} INFO - Started process (PID=21077) to work on /Users/pranavr/.pyenv/versions/3.11.6/lib/python3.11/site-packages/airflow/example_dags/subdags/subdag.py
[2025-06-13T15:41:52.985-0400] {processor.py:914} INFO - Processing file /Users/pranavr/.pyenv/versions/3.11.6/lib/python3.11/site-packages/airflow/example_dags/subdags/subdag.py for tasks to queue
[2025-06-13T15:41:52.986-0400] {logging_mixin.py:190} INFO - [2025-06-13T15:41:52.985-0400] {dagbag.py:588} INFO - Filling up the DagBag from /Users/pranavr/.pyenv/versions/3.11.6/lib/python3.11/site-packages/airflow/example_dags/subdags/subdag.py
[2025-06-13T15:41:52.987-0400] {processor.py:927} WARNING - No viable dags retrieved from /Users/pranavr/.pyenv/versions/3.11.6/lib/python3.11/site-packages/airflow/example_dags/subdags/subdag.py
[2025-06-13T15:41:53.063-0400] {processor.py:208} INFO - Processing /Users/pranavr/.pyenv/versions/3.11.6/lib/python3.11/site-packages/airflow/example_dags/subdags/subdag.py took 81.242 seconds
[2025-06-13T15:43:03.207-0400] {processor.py:186} INFO - Started process (PID=21409) to work on /Users/pranavr/.pyenv/versions/3.11.6/lib/python3.11/site-packages/airflow/example_dags/subdags/subdag.py
[2025-06-13T15:43:03.209-0400] {processor.py:914} INFO - Processing file /Users/pranavr/.pyenv/versions/3.11.6/lib/python3.11/site-packages/airflow/example_dags/subdags/subdag.py for tasks to queue
[2025-06-13T15:43:03.210-0400] {logging_mixin.py:190} INFO - [2025-06-13T15:43:03.210-0400] {dagbag.py:588} INFO - Filling up the DagBag from /Users/pranavr/.pyenv/versions/3.11.6/lib/python3.11/site-packages/airflow/example_dags/subdags/subdag.py
[2025-06-13T15:43:03.211-0400] {processor.py:927} WARNING - No viable dags retrieved from /Users/pranavr/.pyenv/versions/3.11.6/lib/python3.11/site-packages/airflow/example_dags/subdags/subdag.py
[2025-06-13T15:43:03.281-0400] {processor.py:208} INFO - Processing /Users/pranavr/.pyenv/versions/3.11.6/lib/python3.11/site-packages/airflow/example_dags/subdags/subdag.py took 74.565 seconds
[2025-06-13T15:45:09.314-0400] {processor.py:186} INFO - Started process (PID=21834) to work on /Users/pranavr/.pyenv/versions/3.11.6/lib/python3.11/site-packages/airflow/example_dags/subdags/subdag.py
[2025-06-13T15:45:09.316-0400] {processor.py:914} INFO - Processing file /Users/pranavr/.pyenv/versions/3.11.6/lib/python3.11/site-packages/airflow/example_dags/subdags/subdag.py for tasks to queue
[2025-06-13T15:45:09.316-0400] {logging_mixin.py:190} INFO - [2025-06-13T15:45:09.316-0400] {dagbag.py:588} INFO - Filling up the DagBag from /Users/pranavr/.pyenv/versions/3.11.6/lib/python3.11/site-packages/airflow/example_dags/subdags/subdag.py
[2025-06-13T15:45:09.317-0400] {processor.py:927} WARNING - No viable dags retrieved from /Users/pranavr/.pyenv/versions/3.11.6/lib/python3.11/site-packages/airflow/example_dags/subdags/subdag.py
[2025-06-13T15:45:09.383-0400] {processor.py:208} INFO - Processing /Users/pranavr/.pyenv/versions/3.11.6/lib/python3.11/site-packages/airflow/example_dags/subdags/subdag.py took 70.573 seconds
[2025-06-13T15:46:38.826-0400] {processor.py:186} INFO - Started process (PID=22013) to work on /Users/pranavr/.pyenv/versions/3.11.6/lib/python3.11/site-packages/airflow/example_dags/subdags/subdag.py
[2025-06-13T15:46:38.828-0400] {processor.py:914} INFO - Processing file /Users/pranavr/.pyenv/versions/3.11.6/lib/python3.11/site-packages/airflow/example_dags/subdags/subdag.py for tasks to queue
[2025-06-13T15:46:38.829-0400] {logging_mixin.py:190} INFO - [2025-06-13T15:46:38.828-0400] {dagbag.py:588} INFO - Filling up the DagBag from /Users/pranavr/.pyenv/versions/3.11.6/lib/python3.11/site-packages/airflow/example_dags/subdags/subdag.py
[2025-06-13T15:46:38.830-0400] {processor.py:927} WARNING - No viable dags retrieved from /Users/pranavr/.pyenv/versions/3.11.6/lib/python3.11/site-packages/airflow/example_dags/subdags/subdag.py
[2025-06-13T15:46:38.897-0400] {processor.py:208} INFO - Processing /Users/pranavr/.pyenv/versions/3.11.6/lib/python3.11/site-packages/airflow/example_dags/subdags/subdag.py took 72.086 seconds
[2025-06-13T15:48:05.498-0400] {processor.py:186} INFO - Started process (PID=22122) to work on /Users/pranavr/.pyenv/versions/3.11.6/lib/python3.11/site-packages/airflow/example_dags/subdags/subdag.py
[2025-06-13T15:48:05.501-0400] {processor.py:914} INFO - Processing file /Users/pranavr/.pyenv/versions/3.11.6/lib/python3.11/site-packages/airflow/example_dags/subdags/subdag.py for tasks to queue
[2025-06-13T15:48:05.501-0400] {logging_mixin.py:190} INFO - [2025-06-13T15:48:05.501-0400] {dagbag.py:588} INFO - Filling up the DagBag from /Users/pranavr/.pyenv/versions/3.11.6/lib/python3.11/site-packages/airflow/example_dags/subdags/subdag.py
[2025-06-13T15:48:05.503-0400] {processor.py:927} WARNING - No viable dags retrieved from /Users/pranavr/.pyenv/versions/3.11.6/lib/python3.11/site-packages/airflow/example_dags/subdags/subdag.py
[2025-06-13T15:48:05.575-0400] {processor.py:208} INFO - Processing /Users/pranavr/.pyenv/versions/3.11.6/lib/python3.11/site-packages/airflow/example_dags/subdags/subdag.py took 78.622 seconds
[2025-06-13T15:49:29.258-0400] {processor.py:186} INFO - Started process (PID=22262) to work on /Users/pranavr/.pyenv/versions/3.11.6/lib/python3.11/site-packages/airflow/example_dags/subdags/subdag.py
[2025-06-13T15:49:29.263-0400] {processor.py:914} INFO - Processing file /Users/pranavr/.pyenv/versions/3.11.6/lib/python3.11/site-packages/airflow/example_dags/subdags/subdag.py for tasks to queue
[2025-06-13T15:49:29.263-0400] {logging_mixin.py:190} INFO - [2025-06-13T15:49:29.263-0400] {dagbag.py:588} INFO - Filling up the DagBag from /Users/pranavr/.pyenv/versions/3.11.6/lib/python3.11/site-packages/airflow/example_dags/subdags/subdag.py
[2025-06-13T15:49:29.265-0400] {processor.py:927} WARNING - No viable dags retrieved from /Users/pranavr/.pyenv/versions/3.11.6/lib/python3.11/site-packages/airflow/example_dags/subdags/subdag.py
[2025-06-13T15:49:29.349-0400] {processor.py:208} INFO - Processing /Users/pranavr/.pyenv/versions/3.11.6/lib/python3.11/site-packages/airflow/example_dags/subdags/subdag.py took 91.911 seconds
[2025-06-13T15:50:53.894-0400] {processor.py:186} INFO - Started process (PID=22397) to work on /Users/pranavr/.pyenv/versions/3.11.6/lib/python3.11/site-packages/airflow/example_dags/subdags/subdag.py
[2025-06-13T15:50:53.896-0400] {processor.py:914} INFO - Processing file /Users/pranavr/.pyenv/versions/3.11.6/lib/python3.11/site-packages/airflow/example_dags/subdags/subdag.py for tasks to queue
[2025-06-13T15:50:53.896-0400] {logging_mixin.py:190} INFO - [2025-06-13T15:50:53.896-0400] {dagbag.py:588} INFO - Filling up the DagBag from /Users/pranavr/.pyenv/versions/3.11.6/lib/python3.11/site-packages/airflow/example_dags/subdags/subdag.py
[2025-06-13T15:50:53.898-0400] {processor.py:927} WARNING - No viable dags retrieved from /Users/pranavr/.pyenv/versions/3.11.6/lib/python3.11/site-packages/airflow/example_dags/subdags/subdag.py
[2025-06-13T15:50:53.965-0400] {processor.py:208} INFO - Processing /Users/pranavr/.pyenv/versions/3.11.6/lib/python3.11/site-packages/airflow/example_dags/subdags/subdag.py took 72.319 seconds
[2025-06-13T15:52:06.118-0400] {processor.py:186} INFO - Started process (PID=22607) to work on /Users/pranavr/.pyenv/versions/3.11.6/lib/python3.11/site-packages/airflow/example_dags/subdags/subdag.py
[2025-06-13T15:52:06.120-0400] {processor.py:914} INFO - Processing file /Users/pranavr/.pyenv/versions/3.11.6/lib/python3.11/site-packages/airflow/example_dags/subdags/subdag.py for tasks to queue
[2025-06-13T15:52:06.120-0400] {logging_mixin.py:190} INFO - [2025-06-13T15:52:06.120-0400] {dagbag.py:588} INFO - Filling up the DagBag from /Users/pranavr/.pyenv/versions/3.11.6/lib/python3.11/site-packages/airflow/example_dags/subdags/subdag.py
[2025-06-13T15:52:06.121-0400] {processor.py:927} WARNING - No viable dags retrieved from /Users/pranavr/.pyenv/versions/3.11.6/lib/python3.11/site-packages/airflow/example_dags/subdags/subdag.py
[2025-06-13T15:52:06.183-0400] {processor.py:208} INFO - Processing /Users/pranavr/.pyenv/versions/3.11.6/lib/python3.11/site-packages/airflow/example_dags/subdags/subdag.py took 66.240 seconds
[2025-06-13T15:53:21.224-0400] {processor.py:186} INFO - Started process (PID=22726) to work on /Users/pranavr/.pyenv/versions/3.11.6/lib/python3.11/site-packages/airflow/example_dags/subdags/subdag.py
[2025-06-13T15:53:21.226-0400] {processor.py:914} INFO - Processing file /Users/pranavr/.pyenv/versions/3.11.6/lib/python3.11/site-packages/airflow/example_dags/subdags/subdag.py for tasks to queue
[2025-06-13T15:53:21.226-0400] {logging_mixin.py:190} INFO - [2025-06-13T15:53:21.226-0400] {dagbag.py:588} INFO - Filling up the DagBag from /Users/pranavr/.pyenv/versions/3.11.6/lib/python3.11/site-packages/airflow/example_dags/subdags/subdag.py
[2025-06-13T15:53:21.227-0400] {processor.py:927} WARNING - No viable dags retrieved from /Users/pranavr/.pyenv/versions/3.11.6/lib/python3.11/site-packages/airflow/example_dags/subdags/subdag.py
[2025-06-13T15:53:21.285-0400] {processor.py:208} INFO - Processing /Users/pranavr/.pyenv/versions/3.11.6/lib/python3.11/site-packages/airflow/example_dags/subdags/subdag.py took 62.055 seconds
[2025-06-13T15:54:35.061-0400] {processor.py:186} INFO - Started process (PID=22871) to work on /Users/pranavr/.pyenv/versions/3.11.6/lib/python3.11/site-packages/airflow/example_dags/subdags/subdag.py
[2025-06-13T15:54:35.064-0400] {processor.py:914} INFO - Processing file /Users/pranavr/.pyenv/versions/3.11.6/lib/python3.11/site-packages/airflow/example_dags/subdags/subdag.py for tasks to queue
[2025-06-13T15:54:35.064-0400] {logging_mixin.py:190} INFO - [2025-06-13T15:54:35.064-0400] {dagbag.py:588} INFO - Filling up the DagBag from /Users/pranavr/.pyenv/versions/3.11.6/lib/python3.11/site-packages/airflow/example_dags/subdags/subdag.py
[2025-06-13T15:54:35.065-0400] {processor.py:927} WARNING - No viable dags retrieved from /Users/pranavr/.pyenv/versions/3.11.6/lib/python3.11/site-packages/airflow/example_dags/subdags/subdag.py
[2025-06-13T15:54:35.124-0400] {processor.py:208} INFO - Processing /Users/pranavr/.pyenv/versions/3.11.6/lib/python3.11/site-packages/airflow/example_dags/subdags/subdag.py took 63.886 seconds
[2025-06-13T15:55:46.633-0400] {processor.py:186} INFO - Started process (PID=22961) to work on /Users/pranavr/.pyenv/versions/3.11.6/lib/python3.11/site-packages/airflow/example_dags/subdags/subdag.py
[2025-06-13T15:55:46.635-0400] {processor.py:914} INFO - Processing file /Users/pranavr/.pyenv/versions/3.11.6/lib/python3.11/site-packages/airflow/example_dags/subdags/subdag.py for tasks to queue
[2025-06-13T15:55:46.635-0400] {logging_mixin.py:190} INFO - [2025-06-13T15:55:46.635-0400] {dagbag.py:588} INFO - Filling up the DagBag from /Users/pranavr/.pyenv/versions/3.11.6/lib/python3.11/site-packages/airflow/example_dags/subdags/subdag.py
[2025-06-13T15:55:46.637-0400] {processor.py:927} WARNING - No viable dags retrieved from /Users/pranavr/.pyenv/versions/3.11.6/lib/python3.11/site-packages/airflow/example_dags/subdags/subdag.py
[2025-06-13T15:55:46.708-0400] {processor.py:208} INFO - Processing /Users/pranavr/.pyenv/versions/3.11.6/lib/python3.11/site-packages/airflow/example_dags/subdags/subdag.py took 76.645 seconds
[2025-06-13T15:56:59.772-0400] {processor.py:186} INFO - Started process (PID=23065) to work on /Users/pranavr/.pyenv/versions/3.11.6/lib/python3.11/site-packages/airflow/example_dags/subdags/subdag.py
[2025-06-13T15:56:59.774-0400] {processor.py:914} INFO - Processing file /Users/pranavr/.pyenv/versions/3.11.6/lib/python3.11/site-packages/airflow/example_dags/subdags/subdag.py for tasks to queue
[2025-06-13T15:56:59.775-0400] {logging_mixin.py:190} INFO - [2025-06-13T15:56:59.774-0400] {dagbag.py:588} INFO - Filling up the DagBag from /Users/pranavr/.pyenv/versions/3.11.6/lib/python3.11/site-packages/airflow/example_dags/subdags/subdag.py
[2025-06-13T15:56:59.776-0400] {processor.py:927} WARNING - No viable dags retrieved from /Users/pranavr/.pyenv/versions/3.11.6/lib/python3.11/site-packages/airflow/example_dags/subdags/subdag.py
[2025-06-13T15:56:59.834-0400] {processor.py:208} INFO - Processing /Users/pranavr/.pyenv/versions/3.11.6/lib/python3.11/site-packages/airflow/example_dags/subdags/subdag.py took 63.017 seconds
[2025-06-13T15:58:10.348-0400] {processor.py:186} INFO - Started process (PID=23201) to work on /Users/pranavr/.pyenv/versions/3.11.6/lib/python3.11/site-packages/airflow/example_dags/subdags/subdag.py
[2025-06-13T15:58:10.350-0400] {processor.py:914} INFO - Processing file /Users/pranavr/.pyenv/versions/3.11.6/lib/python3.11/site-packages/airflow/example_dags/subdags/subdag.py for tasks to queue
[2025-06-13T15:58:10.350-0400] {logging_mixin.py:190} INFO - [2025-06-13T15:58:10.350-0400] {dagbag.py:588} INFO - Filling up the DagBag from /Users/pranavr/.pyenv/versions/3.11.6/lib/python3.11/site-packages/airflow/example_dags/subdags/subdag.py
[2025-06-13T15:58:10.351-0400] {processor.py:927} WARNING - No viable dags retrieved from /Users/pranavr/.pyenv/versions/3.11.6/lib/python3.11/site-packages/airflow/example_dags/subdags/subdag.py
[2025-06-13T15:58:10.410-0400] {processor.py:208} INFO - Processing /Users/pranavr/.pyenv/versions/3.11.6/lib/python3.11/site-packages/airflow/example_dags/subdags/subdag.py took 62.841 seconds
[2025-06-13T15:59:22.835-0400] {processor.py:186} INFO - Started process (PID=23398) to work on /Users/pranavr/.pyenv/versions/3.11.6/lib/python3.11/site-packages/airflow/example_dags/subdags/subdag.py
[2025-06-13T15:59:22.837-0400] {processor.py:914} INFO - Processing file /Users/pranavr/.pyenv/versions/3.11.6/lib/python3.11/site-packages/airflow/example_dags/subdags/subdag.py for tasks to queue
[2025-06-13T15:59:22.838-0400] {logging_mixin.py:190} INFO - [2025-06-13T15:59:22.837-0400] {dagbag.py:588} INFO - Filling up the DagBag from /Users/pranavr/.pyenv/versions/3.11.6/lib/python3.11/site-packages/airflow/example_dags/subdags/subdag.py
[2025-06-13T15:59:22.839-0400] {processor.py:927} WARNING - No viable dags retrieved from /Users/pranavr/.pyenv/versions/3.11.6/lib/python3.11/site-packages/airflow/example_dags/subdags/subdag.py
[2025-06-13T15:59:22.897-0400] {processor.py:208} INFO - Processing /Users/pranavr/.pyenv/versions/3.11.6/lib/python3.11/site-packages/airflow/example_dags/subdags/subdag.py took 63.515 seconds
[2025-06-13T16:00:37.277-0400] {processor.py:186} INFO - Started process (PID=23594) to work on /Users/pranavr/.pyenv/versions/3.11.6/lib/python3.11/site-packages/airflow/example_dags/subdags/subdag.py
[2025-06-13T16:00:37.279-0400] {processor.py:914} INFO - Processing file /Users/pranavr/.pyenv/versions/3.11.6/lib/python3.11/site-packages/airflow/example_dags/subdags/subdag.py for tasks to queue
[2025-06-13T16:00:37.279-0400] {logging_mixin.py:190} INFO - [2025-06-13T16:00:37.279-0400] {dagbag.py:588} INFO - Filling up the DagBag from /Users/pranavr/.pyenv/versions/3.11.6/lib/python3.11/site-packages/airflow/example_dags/subdags/subdag.py
[2025-06-13T16:00:37.280-0400] {processor.py:927} WARNING - No viable dags retrieved from /Users/pranavr/.pyenv/versions/3.11.6/lib/python3.11/site-packages/airflow/example_dags/subdags/subdag.py
[2025-06-13T16:00:37.340-0400] {processor.py:208} INFO - Processing /Users/pranavr/.pyenv/versions/3.11.6/lib/python3.11/site-packages/airflow/example_dags/subdags/subdag.py took 64.201 seconds
[2025-06-13T16:01:52.476-0400] {processor.py:186} INFO - Started process (PID=23804) to work on /Users/pranavr/.pyenv/versions/3.11.6/lib/python3.11/site-packages/airflow/example_dags/subdags/subdag.py
[2025-06-13T16:01:52.478-0400] {processor.py:914} INFO - Processing file /Users/pranavr/.pyenv/versions/3.11.6/lib/python3.11/site-packages/airflow/example_dags/subdags/subdag.py for tasks to queue
[2025-06-13T16:01:52.479-0400] {logging_mixin.py:190} INFO - [2025-06-13T16:01:52.479-0400] {dagbag.py:588} INFO - Filling up the DagBag from /Users/pranavr/.pyenv/versions/3.11.6/lib/python3.11/site-packages/airflow/example_dags/subdags/subdag.py
[2025-06-13T16:01:52.480-0400] {processor.py:927} WARNING - No viable dags retrieved from /Users/pranavr/.pyenv/versions/3.11.6/lib/python3.11/site-packages/airflow/example_dags/subdags/subdag.py
[2025-06-13T16:01:52.540-0400] {processor.py:208} INFO - Processing /Users/pranavr/.pyenv/versions/3.11.6/lib/python3.11/site-packages/airflow/example_dags/subdags/subdag.py took 65.749 seconds
[2025-06-13T16:03:12.691-0400] {processor.py:186} INFO - Started process (PID=23998) to work on /Users/pranavr/.pyenv/versions/3.11.6/lib/python3.11/site-packages/airflow/example_dags/subdags/subdag.py
[2025-06-13T16:03:12.694-0400] {processor.py:914} INFO - Processing file /Users/pranavr/.pyenv/versions/3.11.6/lib/python3.11/site-packages/airflow/example_dags/subdags/subdag.py for tasks to queue
[2025-06-13T16:03:12.694-0400] {logging_mixin.py:190} INFO - [2025-06-13T16:03:12.694-0400] {dagbag.py:588} INFO - Filling up the DagBag from /Users/pranavr/.pyenv/versions/3.11.6/lib/python3.11/site-packages/airflow/example_dags/subdags/subdag.py
[2025-06-13T16:03:12.695-0400] {processor.py:927} WARNING - No viable dags retrieved from /Users/pranavr/.pyenv/versions/3.11.6/lib/python3.11/site-packages/airflow/example_dags/subdags/subdag.py
[2025-06-13T16:03:12.768-0400] {processor.py:208} INFO - Processing /Users/pranavr/.pyenv/versions/3.11.6/lib/python3.11/site-packages/airflow/example_dags/subdags/subdag.py took 78.046 seconds
[2025-06-13T16:08:13.793-0400] {processor.py:186} INFO - Started process (PID=24245) to work on /Users/pranavr/.pyenv/versions/3.11.6/lib/python3.11/site-packages/airflow/example_dags/subdags/subdag.py
[2025-06-13T16:08:13.796-0400] {processor.py:914} INFO - Processing file /Users/pranavr/.pyenv/versions/3.11.6/lib/python3.11/site-packages/airflow/example_dags/subdags/subdag.py for tasks to queue
[2025-06-13T16:08:13.796-0400] {logging_mixin.py:190} INFO - [2025-06-13T16:08:13.796-0400] {dagbag.py:588} INFO - Filling up the DagBag from /Users/pranavr/.pyenv/versions/3.11.6/lib/python3.11/site-packages/airflow/example_dags/subdags/subdag.py
[2025-06-13T16:08:13.798-0400] {processor.py:927} WARNING - No viable dags retrieved from /Users/pranavr/.pyenv/versions/3.11.6/lib/python3.11/site-packages/airflow/example_dags/subdags/subdag.py
[2025-06-13T16:08:13.871-0400] {processor.py:208} INFO - Processing /Users/pranavr/.pyenv/versions/3.11.6/lib/python3.11/site-packages/airflow/example_dags/subdags/subdag.py took 78.854 seconds
