[2025-06-13T14:21:24.504-0400] {processor.py:186} INFO - Started process (PID=7336) to work on /Users/pranavr/.pyenv/versions/3.11.6/lib/python3.11/site-packages/airflow/example_dags/plugins/event_listener.py
[2025-06-13T14:21:24.506-0400] {processor.py:914} INFO - Processing file /Users/pranavr/.pyenv/versions/3.11.6/lib/python3.11/site-packages/airflow/example_dags/plugins/event_listener.py for tasks to queue
[2025-06-13T14:21:24.506-0400] {logging_mixin.py:190} INFO - [2025-06-13T14:21:24.506-0400] {dagbag.py:588} INFO - Filling up the DagBag from /Users/pranavr/.pyenv/versions/3.11.6/lib/python3.11/site-packages/airflow/example_dags/plugins/event_listener.py
[2025-06-13T14:21:24.507-0400] {processor.py:927} WARNING - No viable dags retrieved from /Users/pranavr/.pyenv/versions/3.11.6/lib/python3.11/site-packages/airflow/example_dags/plugins/event_listener.py
[2025-06-13T14:21:24.588-0400] {processor.py:208} INFO - Processing /Users/pranavr/.pyenv/versions/3.11.6/lib/python3.11/site-packages/airflow/example_dags/plugins/event_listener.py took 85.048 seconds
[2025-06-13T14:23:32.254-0400] {processor.py:186} INFO - Started process (PID=7832) to work on /Users/pranavr/.pyenv/versions/3.11.6/lib/python3.11/site-packages/airflow/example_dags/plugins/event_listener.py
[2025-06-13T14:23:32.256-0400] {processor.py:914} INFO - Processing file /Users/pranavr/.pyenv/versions/3.11.6/lib/python3.11/site-packages/airflow/example_dags/plugins/event_listener.py for tasks to queue
[2025-06-13T14:23:32.257-0400] {logging_mixin.py:190} INFO - [2025-06-13T14:23:32.257-0400] {dagbag.py:588} INFO - Filling up the DagBag from /Users/pranavr/.pyenv/versions/3.11.6/lib/python3.11/site-packages/airflow/example_dags/plugins/event_listener.py
[2025-06-13T14:23:32.258-0400] {processor.py:927} WARNING - No viable dags retrieved from /Users/pranavr/.pyenv/versions/3.11.6/lib/python3.11/site-packages/airflow/example_dags/plugins/event_listener.py
[2025-06-13T14:23:32.343-0400] {processor.py:208} INFO - Processing /Users/pranavr/.pyenv/versions/3.11.6/lib/python3.11/site-packages/airflow/example_dags/plugins/event_listener.py took 90.283 seconds
[2025-06-13T14:25:03.537-0400] {processor.py:186} INFO - Started process (PID=7959) to work on /Users/pranavr/.pyenv/versions/3.11.6/lib/python3.11/site-packages/airflow/example_dags/plugins/event_listener.py
[2025-06-13T14:25:03.539-0400] {processor.py:914} INFO - Processing file /Users/pranavr/.pyenv/versions/3.11.6/lib/python3.11/site-packages/airflow/example_dags/plugins/event_listener.py for tasks to queue
[2025-06-13T14:25:03.540-0400] {logging_mixin.py:190} INFO - [2025-06-13T14:25:03.540-0400] {dagbag.py:588} INFO - Filling up the DagBag from /Users/pranavr/.pyenv/versions/3.11.6/lib/python3.11/site-packages/airflow/example_dags/plugins/event_listener.py
[2025-06-13T14:25:03.540-0400] {processor.py:927} WARNING - No viable dags retrieved from /Users/pranavr/.pyenv/versions/3.11.6/lib/python3.11/site-packages/airflow/example_dags/plugins/event_listener.py
[2025-06-13T14:25:03.627-0400] {processor.py:208} INFO - Processing /Users/pranavr/.pyenv/versions/3.11.6/lib/python3.11/site-packages/airflow/example_dags/plugins/event_listener.py took 90.918 seconds
[2025-06-13T14:26:35.220-0400] {processor.py:186} INFO - Started process (PID=8072) to work on /Users/pranavr/.pyenv/versions/3.11.6/lib/python3.11/site-packages/airflow/example_dags/plugins/event_listener.py
[2025-06-13T14:26:35.222-0400] {processor.py:914} INFO - Processing file /Users/pranavr/.pyenv/versions/3.11.6/lib/python3.11/site-packages/airflow/example_dags/plugins/event_listener.py for tasks to queue
[2025-06-13T14:26:35.223-0400] {logging_mixin.py:190} INFO - [2025-06-13T14:26:35.223-0400] {dagbag.py:588} INFO - Filling up the DagBag from /Users/pranavr/.pyenv/versions/3.11.6/lib/python3.11/site-packages/airflow/example_dags/plugins/event_listener.py
[2025-06-13T14:26:35.224-0400] {processor.py:927} WARNING - No viable dags retrieved from /Users/pranavr/.pyenv/versions/3.11.6/lib/python3.11/site-packages/airflow/example_dags/plugins/event_listener.py
[2025-06-13T14:26:35.322-0400] {processor.py:208} INFO - Processing /Users/pranavr/.pyenv/versions/3.11.6/lib/python3.11/site-packages/airflow/example_dags/plugins/event_listener.py took 103.982 seconds
[2025-06-13T14:28:06.978-0400] {processor.py:186} INFO - Started process (PID=8767) to work on /Users/pranavr/.pyenv/versions/3.11.6/lib/python3.11/site-packages/airflow/example_dags/plugins/event_listener.py
[2025-06-13T14:28:06.980-0400] {processor.py:914} INFO - Processing file /Users/pranavr/.pyenv/versions/3.11.6/lib/python3.11/site-packages/airflow/example_dags/plugins/event_listener.py for tasks to queue
[2025-06-13T14:28:06.981-0400] {logging_mixin.py:190} INFO - [2025-06-13T14:28:06.981-0400] {dagbag.py:588} INFO - Filling up the DagBag from /Users/pranavr/.pyenv/versions/3.11.6/lib/python3.11/site-packages/airflow/example_dags/plugins/event_listener.py
[2025-06-13T14:28:06.981-0400] {processor.py:927} WARNING - No viable dags retrieved from /Users/pranavr/.pyenv/versions/3.11.6/lib/python3.11/site-packages/airflow/example_dags/plugins/event_listener.py
[2025-06-13T14:28:07.061-0400] {processor.py:208} INFO - Processing /Users/pranavr/.pyenv/versions/3.11.6/lib/python3.11/site-packages/airflow/example_dags/plugins/event_listener.py took 84.277 seconds
[2025-06-13T14:29:38.944-0400] {processor.py:186} INFO - Started process (PID=8890) to work on /Users/pranavr/.pyenv/versions/3.11.6/lib/python3.11/site-packages/airflow/example_dags/plugins/event_listener.py
[2025-06-13T14:29:38.946-0400] {processor.py:914} INFO - Processing file /Users/pranavr/.pyenv/versions/3.11.6/lib/python3.11/site-packages/airflow/example_dags/plugins/event_listener.py for tasks to queue
[2025-06-13T14:29:38.947-0400] {logging_mixin.py:190} INFO - [2025-06-13T14:29:38.947-0400] {dagbag.py:588} INFO - Filling up the DagBag from /Users/pranavr/.pyenv/versions/3.11.6/lib/python3.11/site-packages/airflow/example_dags/plugins/event_listener.py
[2025-06-13T14:29:38.948-0400] {processor.py:927} WARNING - No viable dags retrieved from /Users/pranavr/.pyenv/versions/3.11.6/lib/python3.11/site-packages/airflow/example_dags/plugins/event_listener.py
[2025-06-13T14:29:39.026-0400] {processor.py:208} INFO - Processing /Users/pranavr/.pyenv/versions/3.11.6/lib/python3.11/site-packages/airflow/example_dags/plugins/event_listener.py took 82.876 seconds
[2025-06-13T14:31:07.136-0400] {processor.py:186} INFO - Started process (PID=9328) to work on /Users/pranavr/.pyenv/versions/3.11.6/lib/python3.11/site-packages/airflow/example_dags/plugins/event_listener.py
[2025-06-13T14:31:07.138-0400] {processor.py:914} INFO - Processing file /Users/pranavr/.pyenv/versions/3.11.6/lib/python3.11/site-packages/airflow/example_dags/plugins/event_listener.py for tasks to queue
[2025-06-13T14:31:07.139-0400] {logging_mixin.py:190} INFO - [2025-06-13T14:31:07.139-0400] {dagbag.py:588} INFO - Filling up the DagBag from /Users/pranavr/.pyenv/versions/3.11.6/lib/python3.11/site-packages/airflow/example_dags/plugins/event_listener.py
[2025-06-13T14:31:07.140-0400] {processor.py:927} WARNING - No viable dags retrieved from /Users/pranavr/.pyenv/versions/3.11.6/lib/python3.11/site-packages/airflow/example_dags/plugins/event_listener.py
[2025-06-13T14:31:07.219-0400] {processor.py:208} INFO - Processing /Users/pranavr/.pyenv/versions/3.11.6/lib/python3.11/site-packages/airflow/example_dags/plugins/event_listener.py took 83.941 seconds
[2025-06-13T14:32:38.459-0400] {processor.py:186} INFO - Started process (PID=9544) to work on /Users/pranavr/.pyenv/versions/3.11.6/lib/python3.11/site-packages/airflow/example_dags/plugins/event_listener.py
[2025-06-13T14:32:38.462-0400] {processor.py:914} INFO - Processing file /Users/pranavr/.pyenv/versions/3.11.6/lib/python3.11/site-packages/airflow/example_dags/plugins/event_listener.py for tasks to queue
[2025-06-13T14:32:38.462-0400] {logging_mixin.py:190} INFO - [2025-06-13T14:32:38.462-0400] {dagbag.py:588} INFO - Filling up the DagBag from /Users/pranavr/.pyenv/versions/3.11.6/lib/python3.11/site-packages/airflow/example_dags/plugins/event_listener.py
[2025-06-13T14:32:38.464-0400] {processor.py:927} WARNING - No viable dags retrieved from /Users/pranavr/.pyenv/versions/3.11.6/lib/python3.11/site-packages/airflow/example_dags/plugins/event_listener.py
[2025-06-13T14:32:38.562-0400] {processor.py:208} INFO - Processing /Users/pranavr/.pyenv/versions/3.11.6/lib/python3.11/site-packages/airflow/example_dags/plugins/event_listener.py took 104.766 seconds
[2025-06-13T14:34:09.429-0400] {processor.py:186} INFO - Started process (PID=9795) to work on /Users/pranavr/.pyenv/versions/3.11.6/lib/python3.11/site-packages/airflow/example_dags/plugins/event_listener.py
[2025-06-13T14:34:09.433-0400] {processor.py:914} INFO - Processing file /Users/pranavr/.pyenv/versions/3.11.6/lib/python3.11/site-packages/airflow/example_dags/plugins/event_listener.py for tasks to queue
[2025-06-13T14:34:09.433-0400] {logging_mixin.py:190} INFO - [2025-06-13T14:34:09.433-0400] {dagbag.py:588} INFO - Filling up the DagBag from /Users/pranavr/.pyenv/versions/3.11.6/lib/python3.11/site-packages/airflow/example_dags/plugins/event_listener.py
[2025-06-13T14:34:09.435-0400] {processor.py:927} WARNING - No viable dags retrieved from /Users/pranavr/.pyenv/versions/3.11.6/lib/python3.11/site-packages/airflow/example_dags/plugins/event_listener.py
[2025-06-13T14:34:09.522-0400] {processor.py:208} INFO - Processing /Users/pranavr/.pyenv/versions/3.11.6/lib/python3.11/site-packages/airflow/example_dags/plugins/event_listener.py took 94.905 seconds
[2025-06-13T14:35:41.510-0400] {processor.py:186} INFO - Started process (PID=10180) to work on /Users/pranavr/.pyenv/versions/3.11.6/lib/python3.11/site-packages/airflow/example_dags/plugins/event_listener.py
[2025-06-13T14:35:41.512-0400] {processor.py:914} INFO - Processing file /Users/pranavr/.pyenv/versions/3.11.6/lib/python3.11/site-packages/airflow/example_dags/plugins/event_listener.py for tasks to queue
[2025-06-13T14:35:41.513-0400] {logging_mixin.py:190} INFO - [2025-06-13T14:35:41.513-0400] {dagbag.py:588} INFO - Filling up the DagBag from /Users/pranavr/.pyenv/versions/3.11.6/lib/python3.11/site-packages/airflow/example_dags/plugins/event_listener.py
[2025-06-13T14:35:41.514-0400] {processor.py:927} WARNING - No viable dags retrieved from /Users/pranavr/.pyenv/versions/3.11.6/lib/python3.11/site-packages/airflow/example_dags/plugins/event_listener.py
[2025-06-13T14:35:41.595-0400] {processor.py:208} INFO - Processing /Users/pranavr/.pyenv/versions/3.11.6/lib/python3.11/site-packages/airflow/example_dags/plugins/event_listener.py took 86.922 seconds
[2025-06-13T14:37:11.818-0400] {processor.py:186} INFO - Started process (PID=11033) to work on /Users/pranavr/.pyenv/versions/3.11.6/lib/python3.11/site-packages/airflow/example_dags/plugins/event_listener.py
[2025-06-13T14:37:11.820-0400] {processor.py:914} INFO - Processing file /Users/pranavr/.pyenv/versions/3.11.6/lib/python3.11/site-packages/airflow/example_dags/plugins/event_listener.py for tasks to queue
[2025-06-13T14:37:11.821-0400] {logging_mixin.py:190} INFO - [2025-06-13T14:37:11.821-0400] {dagbag.py:588} INFO - Filling up the DagBag from /Users/pranavr/.pyenv/versions/3.11.6/lib/python3.11/site-packages/airflow/example_dags/plugins/event_listener.py
[2025-06-13T14:37:11.821-0400] {processor.py:927} WARNING - No viable dags retrieved from /Users/pranavr/.pyenv/versions/3.11.6/lib/python3.11/site-packages/airflow/example_dags/plugins/event_listener.py
[2025-06-13T14:37:11.897-0400] {processor.py:208} INFO - Processing /Users/pranavr/.pyenv/versions/3.11.6/lib/python3.11/site-packages/airflow/example_dags/plugins/event_listener.py took 80.715 seconds
[2025-06-13T14:38:41.469-0400] {processor.py:186} INFO - Started process (PID=11237) to work on /Users/pranavr/.pyenv/versions/3.11.6/lib/python3.11/site-packages/airflow/example_dags/plugins/event_listener.py
[2025-06-13T14:38:41.471-0400] {processor.py:914} INFO - Processing file /Users/pranavr/.pyenv/versions/3.11.6/lib/python3.11/site-packages/airflow/example_dags/plugins/event_listener.py for tasks to queue
[2025-06-13T14:38:41.472-0400] {logging_mixin.py:190} INFO - [2025-06-13T14:38:41.472-0400] {dagbag.py:588} INFO - Filling up the DagBag from /Users/pranavr/.pyenv/versions/3.11.6/lib/python3.11/site-packages/airflow/example_dags/plugins/event_listener.py
[2025-06-13T14:38:41.472-0400] {processor.py:927} WARNING - No viable dags retrieved from /Users/pranavr/.pyenv/versions/3.11.6/lib/python3.11/site-packages/airflow/example_dags/plugins/event_listener.py
[2025-06-13T14:38:41.551-0400] {processor.py:208} INFO - Processing /Users/pranavr/.pyenv/versions/3.11.6/lib/python3.11/site-packages/airflow/example_dags/plugins/event_listener.py took 83.880 seconds
[2025-06-13T14:40:03.110-0400] {processor.py:186} INFO - Started process (PID=11530) to work on /Users/pranavr/.pyenv/versions/3.11.6/lib/python3.11/site-packages/airflow/example_dags/plugins/event_listener.py
[2025-06-13T14:40:03.112-0400] {processor.py:914} INFO - Processing file /Users/pranavr/.pyenv/versions/3.11.6/lib/python3.11/site-packages/airflow/example_dags/plugins/event_listener.py for tasks to queue
[2025-06-13T14:40:03.113-0400] {logging_mixin.py:190} INFO - [2025-06-13T14:40:03.113-0400] {dagbag.py:588} INFO - Filling up the DagBag from /Users/pranavr/.pyenv/versions/3.11.6/lib/python3.11/site-packages/airflow/example_dags/plugins/event_listener.py
[2025-06-13T14:40:03.113-0400] {processor.py:927} WARNING - No viable dags retrieved from /Users/pranavr/.pyenv/versions/3.11.6/lib/python3.11/site-packages/airflow/example_dags/plugins/event_listener.py
[2025-06-13T14:40:03.183-0400] {processor.py:208} INFO - Processing /Users/pranavr/.pyenv/versions/3.11.6/lib/python3.11/site-packages/airflow/example_dags/plugins/event_listener.py took 73.704 seconds
[2025-06-13T14:41:21.073-0400] {processor.py:186} INFO - Started process (PID=11738) to work on /Users/pranavr/.pyenv/versions/3.11.6/lib/python3.11/site-packages/airflow/example_dags/plugins/event_listener.py
[2025-06-13T14:41:21.075-0400] {processor.py:914} INFO - Processing file /Users/pranavr/.pyenv/versions/3.11.6/lib/python3.11/site-packages/airflow/example_dags/plugins/event_listener.py for tasks to queue
[2025-06-13T14:41:21.075-0400] {logging_mixin.py:190} INFO - [2025-06-13T14:41:21.075-0400] {dagbag.py:588} INFO - Filling up the DagBag from /Users/pranavr/.pyenv/versions/3.11.6/lib/python3.11/site-packages/airflow/example_dags/plugins/event_listener.py
[2025-06-13T14:41:21.076-0400] {processor.py:927} WARNING - No viable dags retrieved from /Users/pranavr/.pyenv/versions/3.11.6/lib/python3.11/site-packages/airflow/example_dags/plugins/event_listener.py
[2025-06-13T14:41:21.139-0400] {processor.py:208} INFO - Processing /Users/pranavr/.pyenv/versions/3.11.6/lib/python3.11/site-packages/airflow/example_dags/plugins/event_listener.py took 67.114 seconds
[2025-06-13T14:42:35.670-0400] {processor.py:186} INFO - Started process (PID=11858) to work on /Users/pranavr/.pyenv/versions/3.11.6/lib/python3.11/site-packages/airflow/example_dags/plugins/event_listener.py
[2025-06-13T14:42:35.671-0400] {processor.py:914} INFO - Processing file /Users/pranavr/.pyenv/versions/3.11.6/lib/python3.11/site-packages/airflow/example_dags/plugins/event_listener.py for tasks to queue
[2025-06-13T14:42:35.672-0400] {logging_mixin.py:190} INFO - [2025-06-13T14:42:35.672-0400] {dagbag.py:588} INFO - Filling up the DagBag from /Users/pranavr/.pyenv/versions/3.11.6/lib/python3.11/site-packages/airflow/example_dags/plugins/event_listener.py
[2025-06-13T14:42:35.672-0400] {processor.py:927} WARNING - No viable dags retrieved from /Users/pranavr/.pyenv/versions/3.11.6/lib/python3.11/site-packages/airflow/example_dags/plugins/event_listener.py
[2025-06-13T14:42:35.731-0400] {processor.py:208} INFO - Processing /Users/pranavr/.pyenv/versions/3.11.6/lib/python3.11/site-packages/airflow/example_dags/plugins/event_listener.py took 62.982 seconds
[2025-06-13T14:43:48.569-0400] {processor.py:186} INFO - Started process (PID=11983) to work on /Users/pranavr/.pyenv/versions/3.11.6/lib/python3.11/site-packages/airflow/example_dags/plugins/event_listener.py
[2025-06-13T14:43:48.571-0400] {processor.py:914} INFO - Processing file /Users/pranavr/.pyenv/versions/3.11.6/lib/python3.11/site-packages/airflow/example_dags/plugins/event_listener.py for tasks to queue
[2025-06-13T14:43:48.572-0400] {logging_mixin.py:190} INFO - [2025-06-13T14:43:48.572-0400] {dagbag.py:588} INFO - Filling up the DagBag from /Users/pranavr/.pyenv/versions/3.11.6/lib/python3.11/site-packages/airflow/example_dags/plugins/event_listener.py
[2025-06-13T14:43:48.573-0400] {processor.py:927} WARNING - No viable dags retrieved from /Users/pranavr/.pyenv/versions/3.11.6/lib/python3.11/site-packages/airflow/example_dags/plugins/event_listener.py
[2025-06-13T14:43:48.632-0400] {processor.py:208} INFO - Processing /Users/pranavr/.pyenv/versions/3.11.6/lib/python3.11/site-packages/airflow/example_dags/plugins/event_listener.py took 63.942 seconds
[2025-06-13T14:45:01.371-0400] {processor.py:186} INFO - Started process (PID=12140) to work on /Users/pranavr/.pyenv/versions/3.11.6/lib/python3.11/site-packages/airflow/example_dags/plugins/event_listener.py
[2025-06-13T14:45:01.373-0400] {processor.py:914} INFO - Processing file /Users/pranavr/.pyenv/versions/3.11.6/lib/python3.11/site-packages/airflow/example_dags/plugins/event_listener.py for tasks to queue
[2025-06-13T14:45:01.373-0400] {logging_mixin.py:190} INFO - [2025-06-13T14:45:01.373-0400] {dagbag.py:588} INFO - Filling up the DagBag from /Users/pranavr/.pyenv/versions/3.11.6/lib/python3.11/site-packages/airflow/example_dags/plugins/event_listener.py
[2025-06-13T14:45:01.374-0400] {processor.py:927} WARNING - No viable dags retrieved from /Users/pranavr/.pyenv/versions/3.11.6/lib/python3.11/site-packages/airflow/example_dags/plugins/event_listener.py
[2025-06-13T14:45:01.437-0400] {processor.py:208} INFO - Processing /Users/pranavr/.pyenv/versions/3.11.6/lib/python3.11/site-packages/airflow/example_dags/plugins/event_listener.py took 67.210 seconds
[2025-06-13T14:46:13.308-0400] {processor.py:186} INFO - Started process (PID=12309) to work on /Users/pranavr/.pyenv/versions/3.11.6/lib/python3.11/site-packages/airflow/example_dags/plugins/event_listener.py
[2025-06-13T14:46:13.310-0400] {processor.py:914} INFO - Processing file /Users/pranavr/.pyenv/versions/3.11.6/lib/python3.11/site-packages/airflow/example_dags/plugins/event_listener.py for tasks to queue
[2025-06-13T14:46:13.310-0400] {logging_mixin.py:190} INFO - [2025-06-13T14:46:13.310-0400] {dagbag.py:588} INFO - Filling up the DagBag from /Users/pranavr/.pyenv/versions/3.11.6/lib/python3.11/site-packages/airflow/example_dags/plugins/event_listener.py
[2025-06-13T14:46:13.311-0400] {processor.py:927} WARNING - No viable dags retrieved from /Users/pranavr/.pyenv/versions/3.11.6/lib/python3.11/site-packages/airflow/example_dags/plugins/event_listener.py
[2025-06-13T14:46:13.372-0400] {processor.py:208} INFO - Processing /Users/pranavr/.pyenv/versions/3.11.6/lib/python3.11/site-packages/airflow/example_dags/plugins/event_listener.py took 65.741 seconds
[2025-06-13T14:47:25.448-0400] {processor.py:186} INFO - Started process (PID=12400) to work on /Users/pranavr/.pyenv/versions/3.11.6/lib/python3.11/site-packages/airflow/example_dags/plugins/event_listener.py
[2025-06-13T14:47:25.449-0400] {processor.py:914} INFO - Processing file /Users/pranavr/.pyenv/versions/3.11.6/lib/python3.11/site-packages/airflow/example_dags/plugins/event_listener.py for tasks to queue
[2025-06-13T14:47:25.450-0400] {logging_mixin.py:190} INFO - [2025-06-13T14:47:25.450-0400] {dagbag.py:588} INFO - Filling up the DagBag from /Users/pranavr/.pyenv/versions/3.11.6/lib/python3.11/site-packages/airflow/example_dags/plugins/event_listener.py
[2025-06-13T14:47:25.450-0400] {processor.py:927} WARNING - No viable dags retrieved from /Users/pranavr/.pyenv/versions/3.11.6/lib/python3.11/site-packages/airflow/example_dags/plugins/event_listener.py
[2025-06-13T14:47:25.508-0400] {processor.py:208} INFO - Processing /Users/pranavr/.pyenv/versions/3.11.6/lib/python3.11/site-packages/airflow/example_dags/plugins/event_listener.py took 61.726 seconds
[2025-06-13T14:48:41.741-0400] {processor.py:186} INFO - Started process (PID=12512) to work on /Users/pranavr/.pyenv/versions/3.11.6/lib/python3.11/site-packages/airflow/example_dags/plugins/event_listener.py
[2025-06-13T14:48:41.743-0400] {processor.py:914} INFO - Processing file /Users/pranavr/.pyenv/versions/3.11.6/lib/python3.11/site-packages/airflow/example_dags/plugins/event_listener.py for tasks to queue
[2025-06-13T14:48:41.743-0400] {logging_mixin.py:190} INFO - [2025-06-13T14:48:41.743-0400] {dagbag.py:588} INFO - Filling up the DagBag from /Users/pranavr/.pyenv/versions/3.11.6/lib/python3.11/site-packages/airflow/example_dags/plugins/event_listener.py
[2025-06-13T14:48:41.744-0400] {processor.py:927} WARNING - No viable dags retrieved from /Users/pranavr/.pyenv/versions/3.11.6/lib/python3.11/site-packages/airflow/example_dags/plugins/event_listener.py
[2025-06-13T14:48:41.809-0400] {processor.py:208} INFO - Processing /Users/pranavr/.pyenv/versions/3.11.6/lib/python3.11/site-packages/airflow/example_dags/plugins/event_listener.py took 69.161 seconds
[2025-06-13T14:49:54.285-0400] {processor.py:186} INFO - Started process (PID=12640) to work on /Users/pranavr/.pyenv/versions/3.11.6/lib/python3.11/site-packages/airflow/example_dags/plugins/event_listener.py
[2025-06-13T14:49:54.287-0400] {processor.py:914} INFO - Processing file /Users/pranavr/.pyenv/versions/3.11.6/lib/python3.11/site-packages/airflow/example_dags/plugins/event_listener.py for tasks to queue
[2025-06-13T14:49:54.287-0400] {logging_mixin.py:190} INFO - [2025-06-13T14:49:54.287-0400] {dagbag.py:588} INFO - Filling up the DagBag from /Users/pranavr/.pyenv/versions/3.11.6/lib/python3.11/site-packages/airflow/example_dags/plugins/event_listener.py
[2025-06-13T14:49:54.288-0400] {processor.py:927} WARNING - No viable dags retrieved from /Users/pranavr/.pyenv/versions/3.11.6/lib/python3.11/site-packages/airflow/example_dags/plugins/event_listener.py
[2025-06-13T14:49:54.355-0400] {processor.py:208} INFO - Processing /Users/pranavr/.pyenv/versions/3.11.6/lib/python3.11/site-packages/airflow/example_dags/plugins/event_listener.py took 71.691 seconds
[2025-06-13T14:51:07.689-0400] {processor.py:186} INFO - Started process (PID=12753) to work on /Users/pranavr/.pyenv/versions/3.11.6/lib/python3.11/site-packages/airflow/example_dags/plugins/event_listener.py
[2025-06-13T14:51:07.690-0400] {processor.py:914} INFO - Processing file /Users/pranavr/.pyenv/versions/3.11.6/lib/python3.11/site-packages/airflow/example_dags/plugins/event_listener.py for tasks to queue
[2025-06-13T14:51:07.691-0400] {logging_mixin.py:190} INFO - [2025-06-13T14:51:07.691-0400] {dagbag.py:588} INFO - Filling up the DagBag from /Users/pranavr/.pyenv/versions/3.11.6/lib/python3.11/site-packages/airflow/example_dags/plugins/event_listener.py
[2025-06-13T14:51:07.691-0400] {processor.py:927} WARNING - No viable dags retrieved from /Users/pranavr/.pyenv/versions/3.11.6/lib/python3.11/site-packages/airflow/example_dags/plugins/event_listener.py
[2025-06-13T14:51:07.755-0400] {processor.py:208} INFO - Processing /Users/pranavr/.pyenv/versions/3.11.6/lib/python3.11/site-packages/airflow/example_dags/plugins/event_listener.py took 67.500 seconds
[2025-06-13T14:52:23.901-0400] {processor.py:186} INFO - Started process (PID=14004) to work on /Users/pranavr/.pyenv/versions/3.11.6/lib/python3.11/site-packages/airflow/example_dags/plugins/event_listener.py
[2025-06-13T14:52:23.904-0400] {processor.py:914} INFO - Processing file /Users/pranavr/.pyenv/versions/3.11.6/lib/python3.11/site-packages/airflow/example_dags/plugins/event_listener.py for tasks to queue
[2025-06-13T14:52:23.904-0400] {logging_mixin.py:190} INFO - [2025-06-13T14:52:23.904-0400] {dagbag.py:588} INFO - Filling up the DagBag from /Users/pranavr/.pyenv/versions/3.11.6/lib/python3.11/site-packages/airflow/example_dags/plugins/event_listener.py
[2025-06-13T14:52:23.905-0400] {processor.py:927} WARNING - No viable dags retrieved from /Users/pranavr/.pyenv/versions/3.11.6/lib/python3.11/site-packages/airflow/example_dags/plugins/event_listener.py
[2025-06-13T14:52:23.972-0400] {processor.py:208} INFO - Processing /Users/pranavr/.pyenv/versions/3.11.6/lib/python3.11/site-packages/airflow/example_dags/plugins/event_listener.py took 71.757 seconds
[2025-06-13T14:53:38.122-0400] {processor.py:186} INFO - Started process (PID=14100) to work on /Users/pranavr/.pyenv/versions/3.11.6/lib/python3.11/site-packages/airflow/example_dags/plugins/event_listener.py
[2025-06-13T14:53:38.124-0400] {processor.py:914} INFO - Processing file /Users/pranavr/.pyenv/versions/3.11.6/lib/python3.11/site-packages/airflow/example_dags/plugins/event_listener.py for tasks to queue
[2025-06-13T14:53:38.124-0400] {logging_mixin.py:190} INFO - [2025-06-13T14:53:38.124-0400] {dagbag.py:588} INFO - Filling up the DagBag from /Users/pranavr/.pyenv/versions/3.11.6/lib/python3.11/site-packages/airflow/example_dags/plugins/event_listener.py
[2025-06-13T14:53:38.125-0400] {processor.py:927} WARNING - No viable dags retrieved from /Users/pranavr/.pyenv/versions/3.11.6/lib/python3.11/site-packages/airflow/example_dags/plugins/event_listener.py
[2025-06-13T14:53:38.183-0400] {processor.py:208} INFO - Processing /Users/pranavr/.pyenv/versions/3.11.6/lib/python3.11/site-packages/airflow/example_dags/plugins/event_listener.py took 61.919 seconds
[2025-06-13T14:54:54.950-0400] {processor.py:186} INFO - Started process (PID=14215) to work on /Users/pranavr/.pyenv/versions/3.11.6/lib/python3.11/site-packages/airflow/example_dags/plugins/event_listener.py
[2025-06-13T14:54:54.952-0400] {processor.py:914} INFO - Processing file /Users/pranavr/.pyenv/versions/3.11.6/lib/python3.11/site-packages/airflow/example_dags/plugins/event_listener.py for tasks to queue
[2025-06-13T14:54:54.952-0400] {logging_mixin.py:190} INFO - [2025-06-13T14:54:54.952-0400] {dagbag.py:588} INFO - Filling up the DagBag from /Users/pranavr/.pyenv/versions/3.11.6/lib/python3.11/site-packages/airflow/example_dags/plugins/event_listener.py
[2025-06-13T14:54:54.953-0400] {processor.py:927} WARNING - No viable dags retrieved from /Users/pranavr/.pyenv/versions/3.11.6/lib/python3.11/site-packages/airflow/example_dags/plugins/event_listener.py
[2025-06-13T14:54:55.011-0400] {processor.py:208} INFO - Processing /Users/pranavr/.pyenv/versions/3.11.6/lib/python3.11/site-packages/airflow/example_dags/plugins/event_listener.py took 62.821 seconds
[2025-06-13T14:56:13.187-0400] {processor.py:186} INFO - Started process (PID=14364) to work on /Users/pranavr/.pyenv/versions/3.11.6/lib/python3.11/site-packages/airflow/example_dags/plugins/event_listener.py
[2025-06-13T14:56:13.188-0400] {processor.py:914} INFO - Processing file /Users/pranavr/.pyenv/versions/3.11.6/lib/python3.11/site-packages/airflow/example_dags/plugins/event_listener.py for tasks to queue
[2025-06-13T14:56:13.189-0400] {logging_mixin.py:190} INFO - [2025-06-13T14:56:13.189-0400] {dagbag.py:588} INFO - Filling up the DagBag from /Users/pranavr/.pyenv/versions/3.11.6/lib/python3.11/site-packages/airflow/example_dags/plugins/event_listener.py
[2025-06-13T14:56:13.189-0400] {processor.py:927} WARNING - No viable dags retrieved from /Users/pranavr/.pyenv/versions/3.11.6/lib/python3.11/site-packages/airflow/example_dags/plugins/event_listener.py
[2025-06-13T14:56:13.247-0400] {processor.py:208} INFO - Processing /Users/pranavr/.pyenv/versions/3.11.6/lib/python3.11/site-packages/airflow/example_dags/plugins/event_listener.py took 61.649 seconds
[2025-06-13T14:57:26.467-0400] {processor.py:186} INFO - Started process (PID=14473) to work on /Users/pranavr/.pyenv/versions/3.11.6/lib/python3.11/site-packages/airflow/example_dags/plugins/event_listener.py
[2025-06-13T14:57:26.470-0400] {processor.py:914} INFO - Processing file /Users/pranavr/.pyenv/versions/3.11.6/lib/python3.11/site-packages/airflow/example_dags/plugins/event_listener.py for tasks to queue
[2025-06-13T14:57:26.470-0400] {logging_mixin.py:190} INFO - [2025-06-13T14:57:26.470-0400] {dagbag.py:588} INFO - Filling up the DagBag from /Users/pranavr/.pyenv/versions/3.11.6/lib/python3.11/site-packages/airflow/example_dags/plugins/event_listener.py
[2025-06-13T14:57:26.471-0400] {processor.py:927} WARNING - No viable dags retrieved from /Users/pranavr/.pyenv/versions/3.11.6/lib/python3.11/site-packages/airflow/example_dags/plugins/event_listener.py
[2025-06-13T14:57:26.531-0400] {processor.py:208} INFO - Processing /Users/pranavr/.pyenv/versions/3.11.6/lib/python3.11/site-packages/airflow/example_dags/plugins/event_listener.py took 65.102 seconds
[2025-06-13T14:58:51.171-0400] {processor.py:186} INFO - Started process (PID=14708) to work on /Users/pranavr/.pyenv/versions/3.11.6/lib/python3.11/site-packages/airflow/example_dags/plugins/event_listener.py
[2025-06-13T14:58:51.173-0400] {processor.py:914} INFO - Processing file /Users/pranavr/.pyenv/versions/3.11.6/lib/python3.11/site-packages/airflow/example_dags/plugins/event_listener.py for tasks to queue
[2025-06-13T14:58:51.173-0400] {logging_mixin.py:190} INFO - [2025-06-13T14:58:51.173-0400] {dagbag.py:588} INFO - Filling up the DagBag from /Users/pranavr/.pyenv/versions/3.11.6/lib/python3.11/site-packages/airflow/example_dags/plugins/event_listener.py
[2025-06-13T14:58:51.174-0400] {processor.py:927} WARNING - No viable dags retrieved from /Users/pranavr/.pyenv/versions/3.11.6/lib/python3.11/site-packages/airflow/example_dags/plugins/event_listener.py
[2025-06-13T14:58:51.241-0400] {processor.py:208} INFO - Processing /Users/pranavr/.pyenv/versions/3.11.6/lib/python3.11/site-packages/airflow/example_dags/plugins/event_listener.py took 71.573 seconds
[2025-06-13T15:00:21.070-0400] {processor.py:186} INFO - Started process (PID=15009) to work on /Users/pranavr/.pyenv/versions/3.11.6/lib/python3.11/site-packages/airflow/example_dags/plugins/event_listener.py
[2025-06-13T15:00:21.072-0400] {processor.py:914} INFO - Processing file /Users/pranavr/.pyenv/versions/3.11.6/lib/python3.11/site-packages/airflow/example_dags/plugins/event_listener.py for tasks to queue
[2025-06-13T15:00:21.073-0400] {logging_mixin.py:190} INFO - [2025-06-13T15:00:21.073-0400] {dagbag.py:588} INFO - Filling up the DagBag from /Users/pranavr/.pyenv/versions/3.11.6/lib/python3.11/site-packages/airflow/example_dags/plugins/event_listener.py
[2025-06-13T15:00:21.073-0400] {processor.py:927} WARNING - No viable dags retrieved from /Users/pranavr/.pyenv/versions/3.11.6/lib/python3.11/site-packages/airflow/example_dags/plugins/event_listener.py
[2025-06-13T15:00:21.143-0400] {processor.py:208} INFO - Processing /Users/pranavr/.pyenv/versions/3.11.6/lib/python3.11/site-packages/airflow/example_dags/plugins/event_listener.py took 74.126 seconds
[2025-06-13T15:02:21.539-0400] {processor.py:186} INFO - Started process (PID=15277) to work on /Users/pranavr/.pyenv/versions/3.11.6/lib/python3.11/site-packages/airflow/example_dags/plugins/event_listener.py
[2025-06-13T15:02:21.541-0400] {processor.py:914} INFO - Processing file /Users/pranavr/.pyenv/versions/3.11.6/lib/python3.11/site-packages/airflow/example_dags/plugins/event_listener.py for tasks to queue
[2025-06-13T15:02:21.541-0400] {logging_mixin.py:190} INFO - [2025-06-13T15:02:21.541-0400] {dagbag.py:588} INFO - Filling up the DagBag from /Users/pranavr/.pyenv/versions/3.11.6/lib/python3.11/site-packages/airflow/example_dags/plugins/event_listener.py
[2025-06-13T15:02:21.542-0400] {processor.py:927} WARNING - No viable dags retrieved from /Users/pranavr/.pyenv/versions/3.11.6/lib/python3.11/site-packages/airflow/example_dags/plugins/event_listener.py
[2025-06-13T15:02:21.613-0400] {processor.py:208} INFO - Processing /Users/pranavr/.pyenv/versions/3.11.6/lib/python3.11/site-packages/airflow/example_dags/plugins/event_listener.py took 75.471 seconds
[2025-06-13T15:03:57.452-0400] {processor.py:186} INFO - Started process (PID=15770) to work on /Users/pranavr/.pyenv/versions/3.11.6/lib/python3.11/site-packages/airflow/example_dags/plugins/event_listener.py
[2025-06-13T15:03:57.454-0400] {processor.py:914} INFO - Processing file /Users/pranavr/.pyenv/versions/3.11.6/lib/python3.11/site-packages/airflow/example_dags/plugins/event_listener.py for tasks to queue
[2025-06-13T15:03:57.455-0400] {logging_mixin.py:190} INFO - [2025-06-13T15:03:57.455-0400] {dagbag.py:588} INFO - Filling up the DagBag from /Users/pranavr/.pyenv/versions/3.11.6/lib/python3.11/site-packages/airflow/example_dags/plugins/event_listener.py
[2025-06-13T15:03:57.455-0400] {processor.py:927} WARNING - No viable dags retrieved from /Users/pranavr/.pyenv/versions/3.11.6/lib/python3.11/site-packages/airflow/example_dags/plugins/event_listener.py
[2025-06-13T15:03:57.524-0400] {processor.py:208} INFO - Processing /Users/pranavr/.pyenv/versions/3.11.6/lib/python3.11/site-packages/airflow/example_dags/plugins/event_listener.py took 73.300 seconds
[2025-06-13T15:04:22.786-0400] {processor.py:186} INFO - Started process (PID=15946) to work on /Users/pranavr/.pyenv/versions/3.11.6/lib/python3.11/site-packages/airflow/example_dags/plugins/event_listener.py
[2025-06-13T15:04:22.788-0400] {processor.py:914} INFO - Processing file /Users/pranavr/.pyenv/versions/3.11.6/lib/python3.11/site-packages/airflow/example_dags/plugins/event_listener.py for tasks to queue
[2025-06-13T15:04:22.788-0400] {logging_mixin.py:190} INFO - [2025-06-13T15:04:22.788-0400] {dagbag.py:588} INFO - Filling up the DagBag from /Users/pranavr/.pyenv/versions/3.11.6/lib/python3.11/site-packages/airflow/example_dags/plugins/event_listener.py
[2025-06-13T15:04:22.789-0400] {processor.py:927} WARNING - No viable dags retrieved from /Users/pranavr/.pyenv/versions/3.11.6/lib/python3.11/site-packages/airflow/example_dags/plugins/event_listener.py
[2025-06-13T15:04:22.857-0400] {processor.py:208} INFO - Processing /Users/pranavr/.pyenv/versions/3.11.6/lib/python3.11/site-packages/airflow/example_dags/plugins/event_listener.py took 72.787 seconds
[2025-06-13T15:06:19.163-0400] {processor.py:186} INFO - Started process (PID=16285) to work on /Users/pranavr/.pyenv/versions/3.11.6/lib/python3.11/site-packages/airflow/example_dags/plugins/event_listener.py
[2025-06-13T15:06:19.165-0400] {processor.py:914} INFO - Processing file /Users/pranavr/.pyenv/versions/3.11.6/lib/python3.11/site-packages/airflow/example_dags/plugins/event_listener.py for tasks to queue
[2025-06-13T15:06:19.166-0400] {logging_mixin.py:190} INFO - [2025-06-13T15:06:19.165-0400] {dagbag.py:588} INFO - Filling up the DagBag from /Users/pranavr/.pyenv/versions/3.11.6/lib/python3.11/site-packages/airflow/example_dags/plugins/event_listener.py
[2025-06-13T15:06:19.166-0400] {processor.py:927} WARNING - No viable dags retrieved from /Users/pranavr/.pyenv/versions/3.11.6/lib/python3.11/site-packages/airflow/example_dags/plugins/event_listener.py
[2025-06-13T15:06:19.234-0400] {processor.py:208} INFO - Processing /Users/pranavr/.pyenv/versions/3.11.6/lib/python3.11/site-packages/airflow/example_dags/plugins/event_listener.py took 71.991 seconds
[2025-06-13T15:07:41.045-0400] {processor.py:186} INFO - Started process (PID=16432) to work on /Users/pranavr/.pyenv/versions/3.11.6/lib/python3.11/site-packages/airflow/example_dags/plugins/event_listener.py
[2025-06-13T15:07:41.047-0400] {processor.py:914} INFO - Processing file /Users/pranavr/.pyenv/versions/3.11.6/lib/python3.11/site-packages/airflow/example_dags/plugins/event_listener.py for tasks to queue
[2025-06-13T15:07:41.047-0400] {logging_mixin.py:190} INFO - [2025-06-13T15:07:41.047-0400] {dagbag.py:588} INFO - Filling up the DagBag from /Users/pranavr/.pyenv/versions/3.11.6/lib/python3.11/site-packages/airflow/example_dags/plugins/event_listener.py
[2025-06-13T15:07:41.048-0400] {processor.py:927} WARNING - No viable dags retrieved from /Users/pranavr/.pyenv/versions/3.11.6/lib/python3.11/site-packages/airflow/example_dags/plugins/event_listener.py
[2025-06-13T15:07:41.115-0400] {processor.py:208} INFO - Processing /Users/pranavr/.pyenv/versions/3.11.6/lib/python3.11/site-packages/airflow/example_dags/plugins/event_listener.py took 71.987 seconds
[2025-06-13T15:08:58.502-0400] {processor.py:186} INFO - Started process (PID=16527) to work on /Users/pranavr/.pyenv/versions/3.11.6/lib/python3.11/site-packages/airflow/example_dags/plugins/event_listener.py
[2025-06-13T15:08:58.503-0400] {processor.py:914} INFO - Processing file /Users/pranavr/.pyenv/versions/3.11.6/lib/python3.11/site-packages/airflow/example_dags/plugins/event_listener.py for tasks to queue
[2025-06-13T15:08:58.504-0400] {logging_mixin.py:190} INFO - [2025-06-13T15:08:58.504-0400] {dagbag.py:588} INFO - Filling up the DagBag from /Users/pranavr/.pyenv/versions/3.11.6/lib/python3.11/site-packages/airflow/example_dags/plugins/event_listener.py
[2025-06-13T15:08:58.505-0400] {processor.py:927} WARNING - No viable dags retrieved from /Users/pranavr/.pyenv/versions/3.11.6/lib/python3.11/site-packages/airflow/example_dags/plugins/event_listener.py
[2025-06-13T15:08:58.574-0400] {processor.py:208} INFO - Processing /Users/pranavr/.pyenv/versions/3.11.6/lib/python3.11/site-packages/airflow/example_dags/plugins/event_listener.py took 73.703 seconds
[2025-06-13T15:10:23.083-0400] {processor.py:186} INFO - Started process (PID=16766) to work on /Users/pranavr/.pyenv/versions/3.11.6/lib/python3.11/site-packages/airflow/example_dags/plugins/event_listener.py
[2025-06-13T15:10:23.085-0400] {processor.py:914} INFO - Processing file /Users/pranavr/.pyenv/versions/3.11.6/lib/python3.11/site-packages/airflow/example_dags/plugins/event_listener.py for tasks to queue
[2025-06-13T15:10:23.086-0400] {logging_mixin.py:190} INFO - [2025-06-13T15:10:23.086-0400] {dagbag.py:588} INFO - Filling up the DagBag from /Users/pranavr/.pyenv/versions/3.11.6/lib/python3.11/site-packages/airflow/example_dags/plugins/event_listener.py
[2025-06-13T15:10:23.087-0400] {processor.py:927} WARNING - No viable dags retrieved from /Users/pranavr/.pyenv/versions/3.11.6/lib/python3.11/site-packages/airflow/example_dags/plugins/event_listener.py
[2025-06-13T15:10:23.152-0400] {processor.py:208} INFO - Processing /Users/pranavr/.pyenv/versions/3.11.6/lib/python3.11/site-packages/airflow/example_dags/plugins/event_listener.py took 69.586 seconds
[2025-06-13T15:11:50.219-0400] {processor.py:186} INFO - Started process (PID=16888) to work on /Users/pranavr/.pyenv/versions/3.11.6/lib/python3.11/site-packages/airflow/example_dags/plugins/event_listener.py
[2025-06-13T15:11:50.221-0400] {processor.py:914} INFO - Processing file /Users/pranavr/.pyenv/versions/3.11.6/lib/python3.11/site-packages/airflow/example_dags/plugins/event_listener.py for tasks to queue
[2025-06-13T15:11:50.221-0400] {logging_mixin.py:190} INFO - [2025-06-13T15:11:50.221-0400] {dagbag.py:588} INFO - Filling up the DagBag from /Users/pranavr/.pyenv/versions/3.11.6/lib/python3.11/site-packages/airflow/example_dags/plugins/event_listener.py
[2025-06-13T15:11:50.222-0400] {processor.py:927} WARNING - No viable dags retrieved from /Users/pranavr/.pyenv/versions/3.11.6/lib/python3.11/site-packages/airflow/example_dags/plugins/event_listener.py
[2025-06-13T15:11:50.296-0400] {processor.py:208} INFO - Processing /Users/pranavr/.pyenv/versions/3.11.6/lib/python3.11/site-packages/airflow/example_dags/plugins/event_listener.py took 78.167 seconds
[2025-06-13T15:13:16.052-0400] {processor.py:186} INFO - Started process (PID=17071) to work on /Users/pranavr/.pyenv/versions/3.11.6/lib/python3.11/site-packages/airflow/example_dags/plugins/event_listener.py
[2025-06-13T15:13:16.055-0400] {processor.py:914} INFO - Processing file /Users/pranavr/.pyenv/versions/3.11.6/lib/python3.11/site-packages/airflow/example_dags/plugins/event_listener.py for tasks to queue
[2025-06-13T15:13:16.055-0400] {logging_mixin.py:190} INFO - [2025-06-13T15:13:16.055-0400] {dagbag.py:588} INFO - Filling up the DagBag from /Users/pranavr/.pyenv/versions/3.11.6/lib/python3.11/site-packages/airflow/example_dags/plugins/event_listener.py
[2025-06-13T15:13:16.056-0400] {processor.py:927} WARNING - No viable dags retrieved from /Users/pranavr/.pyenv/versions/3.11.6/lib/python3.11/site-packages/airflow/example_dags/plugins/event_listener.py
[2025-06-13T15:13:16.125-0400] {processor.py:208} INFO - Processing /Users/pranavr/.pyenv/versions/3.11.6/lib/python3.11/site-packages/airflow/example_dags/plugins/event_listener.py took 74.687 seconds
[2025-06-13T15:18:36.923-0400] {processor.py:186} INFO - Started process (PID=17744) to work on /Users/pranavr/.pyenv/versions/3.11.6/lib/python3.11/site-packages/airflow/example_dags/plugins/event_listener.py
[2025-06-13T15:18:36.926-0400] {processor.py:914} INFO - Processing file /Users/pranavr/.pyenv/versions/3.11.6/lib/python3.11/site-packages/airflow/example_dags/plugins/event_listener.py for tasks to queue
[2025-06-13T15:18:36.927-0400] {logging_mixin.py:190} INFO - [2025-06-13T15:18:36.926-0400] {dagbag.py:588} INFO - Filling up the DagBag from /Users/pranavr/.pyenv/versions/3.11.6/lib/python3.11/site-packages/airflow/example_dags/plugins/event_listener.py
[2025-06-13T15:18:36.928-0400] {processor.py:927} WARNING - No viable dags retrieved from /Users/pranavr/.pyenv/versions/3.11.6/lib/python3.11/site-packages/airflow/example_dags/plugins/event_listener.py
[2025-06-13T15:18:37.021-0400] {processor.py:208} INFO - Processing /Users/pranavr/.pyenv/versions/3.11.6/lib/python3.11/site-packages/airflow/example_dags/plugins/event_listener.py took 99.478 seconds
[2025-06-13T15:20:31.221-0400] {processor.py:186} INFO - Started process (PID=17892) to work on /Users/pranavr/.pyenv/versions/3.11.6/lib/python3.11/site-packages/airflow/example_dags/plugins/event_listener.py
[2025-06-13T15:20:31.223-0400] {processor.py:914} INFO - Processing file /Users/pranavr/.pyenv/versions/3.11.6/lib/python3.11/site-packages/airflow/example_dags/plugins/event_listener.py for tasks to queue
[2025-06-13T15:20:31.223-0400] {logging_mixin.py:190} INFO - [2025-06-13T15:20:31.223-0400] {dagbag.py:588} INFO - Filling up the DagBag from /Users/pranavr/.pyenv/versions/3.11.6/lib/python3.11/site-packages/airflow/example_dags/plugins/event_listener.py
[2025-06-13T15:20:31.224-0400] {processor.py:927} WARNING - No viable dags retrieved from /Users/pranavr/.pyenv/versions/3.11.6/lib/python3.11/site-packages/airflow/example_dags/plugins/event_listener.py
[2025-06-13T15:20:31.302-0400] {processor.py:208} INFO - Processing /Users/pranavr/.pyenv/versions/3.11.6/lib/python3.11/site-packages/airflow/example_dags/plugins/event_listener.py took 82.852 seconds
[2025-06-13T15:24:41.561-0400] {processor.py:186} INFO - Started process (PID=18834) to work on /Users/pranavr/.pyenv/versions/3.11.6/lib/python3.11/site-packages/airflow/example_dags/plugins/event_listener.py
[2025-06-13T15:24:41.563-0400] {processor.py:914} INFO - Processing file /Users/pranavr/.pyenv/versions/3.11.6/lib/python3.11/site-packages/airflow/example_dags/plugins/event_listener.py for tasks to queue
[2025-06-13T15:24:41.564-0400] {logging_mixin.py:190} INFO - [2025-06-13T15:24:41.563-0400] {dagbag.py:588} INFO - Filling up the DagBag from /Users/pranavr/.pyenv/versions/3.11.6/lib/python3.11/site-packages/airflow/example_dags/plugins/event_listener.py
[2025-06-13T15:24:41.564-0400] {processor.py:927} WARNING - No viable dags retrieved from /Users/pranavr/.pyenv/versions/3.11.6/lib/python3.11/site-packages/airflow/example_dags/plugins/event_listener.py
[2025-06-13T15:24:41.634-0400] {processor.py:208} INFO - Processing /Users/pranavr/.pyenv/versions/3.11.6/lib/python3.11/site-packages/airflow/example_dags/plugins/event_listener.py took 74.692 seconds
[2025-06-13T15:26:52.375-0400] {processor.py:186} INFO - Started process (PID=19061) to work on /Users/pranavr/.pyenv/versions/3.11.6/lib/python3.11/site-packages/airflow/example_dags/plugins/event_listener.py
[2025-06-13T15:26:52.377-0400] {processor.py:914} INFO - Processing file /Users/pranavr/.pyenv/versions/3.11.6/lib/python3.11/site-packages/airflow/example_dags/plugins/event_listener.py for tasks to queue
[2025-06-13T15:26:52.378-0400] {logging_mixin.py:190} INFO - [2025-06-13T15:26:52.378-0400] {dagbag.py:588} INFO - Filling up the DagBag from /Users/pranavr/.pyenv/versions/3.11.6/lib/python3.11/site-packages/airflow/example_dags/plugins/event_listener.py
[2025-06-13T15:26:52.379-0400] {processor.py:927} WARNING - No viable dags retrieved from /Users/pranavr/.pyenv/versions/3.11.6/lib/python3.11/site-packages/airflow/example_dags/plugins/event_listener.py
[2025-06-13T15:26:52.448-0400] {processor.py:208} INFO - Processing /Users/pranavr/.pyenv/versions/3.11.6/lib/python3.11/site-packages/airflow/example_dags/plugins/event_listener.py took 74.857 seconds
[2025-06-13T15:27:34.252-0400] {processor.py:186} INFO - Started process (PID=19365) to work on /Users/pranavr/.pyenv/versions/3.11.6/lib/python3.11/site-packages/airflow/example_dags/plugins/event_listener.py
[2025-06-13T15:27:34.254-0400] {processor.py:914} INFO - Processing file /Users/pranavr/.pyenv/versions/3.11.6/lib/python3.11/site-packages/airflow/example_dags/plugins/event_listener.py for tasks to queue
[2025-06-13T15:27:34.255-0400] {logging_mixin.py:190} INFO - [2025-06-13T15:27:34.255-0400] {dagbag.py:588} INFO - Filling up the DagBag from /Users/pranavr/.pyenv/versions/3.11.6/lib/python3.11/site-packages/airflow/example_dags/plugins/event_listener.py
[2025-06-13T15:27:34.255-0400] {processor.py:927} WARNING - No viable dags retrieved from /Users/pranavr/.pyenv/versions/3.11.6/lib/python3.11/site-packages/airflow/example_dags/plugins/event_listener.py
[2025-06-13T15:27:34.321-0400] {processor.py:208} INFO - Processing /Users/pranavr/.pyenv/versions/3.11.6/lib/python3.11/site-packages/airflow/example_dags/plugins/event_listener.py took 69.777 seconds
[2025-06-13T15:28:55.761-0400] {processor.py:186} INFO - Started process (PID=19648) to work on /Users/pranavr/.pyenv/versions/3.11.6/lib/python3.11/site-packages/airflow/example_dags/plugins/event_listener.py
[2025-06-13T15:28:55.764-0400] {processor.py:914} INFO - Processing file /Users/pranavr/.pyenv/versions/3.11.6/lib/python3.11/site-packages/airflow/example_dags/plugins/event_listener.py for tasks to queue
[2025-06-13T15:28:55.764-0400] {logging_mixin.py:190} INFO - [2025-06-13T15:28:55.764-0400] {dagbag.py:588} INFO - Filling up the DagBag from /Users/pranavr/.pyenv/versions/3.11.6/lib/python3.11/site-packages/airflow/example_dags/plugins/event_listener.py
[2025-06-13T15:28:55.765-0400] {processor.py:927} WARNING - No viable dags retrieved from /Users/pranavr/.pyenv/versions/3.11.6/lib/python3.11/site-packages/airflow/example_dags/plugins/event_listener.py
[2025-06-13T15:28:55.833-0400] {processor.py:208} INFO - Processing /Users/pranavr/.pyenv/versions/3.11.6/lib/python3.11/site-packages/airflow/example_dags/plugins/event_listener.py took 72.680 seconds
[2025-06-13T15:30:05.337-0400] {processor.py:186} INFO - Started process (PID=19786) to work on /Users/pranavr/.pyenv/versions/3.11.6/lib/python3.11/site-packages/airflow/example_dags/plugins/event_listener.py
[2025-06-13T15:30:05.339-0400] {processor.py:914} INFO - Processing file /Users/pranavr/.pyenv/versions/3.11.6/lib/python3.11/site-packages/airflow/example_dags/plugins/event_listener.py for tasks to queue
[2025-06-13T15:30:05.340-0400] {logging_mixin.py:190} INFO - [2025-06-13T15:30:05.340-0400] {dagbag.py:588} INFO - Filling up the DagBag from /Users/pranavr/.pyenv/versions/3.11.6/lib/python3.11/site-packages/airflow/example_dags/plugins/event_listener.py
[2025-06-13T15:30:05.341-0400] {processor.py:927} WARNING - No viable dags retrieved from /Users/pranavr/.pyenv/versions/3.11.6/lib/python3.11/site-packages/airflow/example_dags/plugins/event_listener.py
[2025-06-13T15:30:05.410-0400] {processor.py:208} INFO - Processing /Users/pranavr/.pyenv/versions/3.11.6/lib/python3.11/site-packages/airflow/example_dags/plugins/event_listener.py took 74.009 seconds
[2025-06-13T15:32:08.161-0400] {processor.py:186} INFO - Started process (PID=20001) to work on /Users/pranavr/.pyenv/versions/3.11.6/lib/python3.11/site-packages/airflow/example_dags/plugins/event_listener.py
[2025-06-13T15:32:08.163-0400] {processor.py:914} INFO - Processing file /Users/pranavr/.pyenv/versions/3.11.6/lib/python3.11/site-packages/airflow/example_dags/plugins/event_listener.py for tasks to queue
[2025-06-13T15:32:08.164-0400] {logging_mixin.py:190} INFO - [2025-06-13T15:32:08.164-0400] {dagbag.py:588} INFO - Filling up the DagBag from /Users/pranavr/.pyenv/versions/3.11.6/lib/python3.11/site-packages/airflow/example_dags/plugins/event_listener.py
[2025-06-13T15:32:08.165-0400] {processor.py:927} WARNING - No viable dags retrieved from /Users/pranavr/.pyenv/versions/3.11.6/lib/python3.11/site-packages/airflow/example_dags/plugins/event_listener.py
[2025-06-13T15:32:08.236-0400] {processor.py:208} INFO - Processing /Users/pranavr/.pyenv/versions/3.11.6/lib/python3.11/site-packages/airflow/example_dags/plugins/event_listener.py took 76.347 seconds
[2025-06-13T15:35:38.063-0400] {processor.py:186} INFO - Started process (PID=20365) to work on /Users/pranavr/.pyenv/versions/3.11.6/lib/python3.11/site-packages/airflow/example_dags/plugins/event_listener.py
[2025-06-13T15:35:38.067-0400] {processor.py:914} INFO - Processing file /Users/pranavr/.pyenv/versions/3.11.6/lib/python3.11/site-packages/airflow/example_dags/plugins/event_listener.py for tasks to queue
[2025-06-13T15:35:38.068-0400] {logging_mixin.py:190} INFO - [2025-06-13T15:35:38.068-0400] {dagbag.py:588} INFO - Filling up the DagBag from /Users/pranavr/.pyenv/versions/3.11.6/lib/python3.11/site-packages/airflow/example_dags/plugins/event_listener.py
[2025-06-13T15:35:38.069-0400] {processor.py:927} WARNING - No viable dags retrieved from /Users/pranavr/.pyenv/versions/3.11.6/lib/python3.11/site-packages/airflow/example_dags/plugins/event_listener.py
[2025-06-13T15:35:38.138-0400] {processor.py:208} INFO - Processing /Users/pranavr/.pyenv/versions/3.11.6/lib/python3.11/site-packages/airflow/example_dags/plugins/event_listener.py took 76.968 seconds
[2025-06-13T15:37:41.303-0400] {processor.py:186} INFO - Started process (PID=20684) to work on /Users/pranavr/.pyenv/versions/3.11.6/lib/python3.11/site-packages/airflow/example_dags/plugins/event_listener.py
[2025-06-13T15:37:41.305-0400] {processor.py:914} INFO - Processing file /Users/pranavr/.pyenv/versions/3.11.6/lib/python3.11/site-packages/airflow/example_dags/plugins/event_listener.py for tasks to queue
[2025-06-13T15:37:41.306-0400] {logging_mixin.py:190} INFO - [2025-06-13T15:37:41.305-0400] {dagbag.py:588} INFO - Filling up the DagBag from /Users/pranavr/.pyenv/versions/3.11.6/lib/python3.11/site-packages/airflow/example_dags/plugins/event_listener.py
[2025-06-13T15:37:41.306-0400] {processor.py:927} WARNING - No viable dags retrieved from /Users/pranavr/.pyenv/versions/3.11.6/lib/python3.11/site-packages/airflow/example_dags/plugins/event_listener.py
[2025-06-13T15:37:41.374-0400] {processor.py:208} INFO - Processing /Users/pranavr/.pyenv/versions/3.11.6/lib/python3.11/site-packages/airflow/example_dags/plugins/event_listener.py took 72.817 seconds
[2025-06-13T15:39:05.284-0400] {processor.py:186} INFO - Started process (PID=20811) to work on /Users/pranavr/.pyenv/versions/3.11.6/lib/python3.11/site-packages/airflow/example_dags/plugins/event_listener.py
[2025-06-13T15:39:05.286-0400] {processor.py:914} INFO - Processing file /Users/pranavr/.pyenv/versions/3.11.6/lib/python3.11/site-packages/airflow/example_dags/plugins/event_listener.py for tasks to queue
[2025-06-13T15:39:05.287-0400] {logging_mixin.py:190} INFO - [2025-06-13T15:39:05.287-0400] {dagbag.py:588} INFO - Filling up the DagBag from /Users/pranavr/.pyenv/versions/3.11.6/lib/python3.11/site-packages/airflow/example_dags/plugins/event_listener.py
[2025-06-13T15:39:05.287-0400] {processor.py:927} WARNING - No viable dags retrieved from /Users/pranavr/.pyenv/versions/3.11.6/lib/python3.11/site-packages/airflow/example_dags/plugins/event_listener.py
[2025-06-13T15:39:05.360-0400] {processor.py:208} INFO - Processing /Users/pranavr/.pyenv/versions/3.11.6/lib/python3.11/site-packages/airflow/example_dags/plugins/event_listener.py took 76.616 seconds
[2025-06-13T15:40:29.691-0400] {processor.py:186} INFO - Started process (PID=20939) to work on /Users/pranavr/.pyenv/versions/3.11.6/lib/python3.11/site-packages/airflow/example_dags/plugins/event_listener.py
[2025-06-13T15:40:29.693-0400] {processor.py:914} INFO - Processing file /Users/pranavr/.pyenv/versions/3.11.6/lib/python3.11/site-packages/airflow/example_dags/plugins/event_listener.py for tasks to queue
[2025-06-13T15:40:29.693-0400] {logging_mixin.py:190} INFO - [2025-06-13T15:40:29.693-0400] {dagbag.py:588} INFO - Filling up the DagBag from /Users/pranavr/.pyenv/versions/3.11.6/lib/python3.11/site-packages/airflow/example_dags/plugins/event_listener.py
[2025-06-13T15:40:29.694-0400] {processor.py:927} WARNING - No viable dags retrieved from /Users/pranavr/.pyenv/versions/3.11.6/lib/python3.11/site-packages/airflow/example_dags/plugins/event_listener.py
[2025-06-13T15:40:29.761-0400] {processor.py:208} INFO - Processing /Users/pranavr/.pyenv/versions/3.11.6/lib/python3.11/site-packages/airflow/example_dags/plugins/event_listener.py took 71.645 seconds
[2025-06-13T15:41:58.743-0400] {processor.py:186} INFO - Started process (PID=21088) to work on /Users/pranavr/.pyenv/versions/3.11.6/lib/python3.11/site-packages/airflow/example_dags/plugins/event_listener.py
[2025-06-13T15:41:58.745-0400] {processor.py:914} INFO - Processing file /Users/pranavr/.pyenv/versions/3.11.6/lib/python3.11/site-packages/airflow/example_dags/plugins/event_listener.py for tasks to queue
[2025-06-13T15:41:58.746-0400] {logging_mixin.py:190} INFO - [2025-06-13T15:41:58.746-0400] {dagbag.py:588} INFO - Filling up the DagBag from /Users/pranavr/.pyenv/versions/3.11.6/lib/python3.11/site-packages/airflow/example_dags/plugins/event_listener.py
[2025-06-13T15:41:58.746-0400] {processor.py:927} WARNING - No viable dags retrieved from /Users/pranavr/.pyenv/versions/3.11.6/lib/python3.11/site-packages/airflow/example_dags/plugins/event_listener.py
[2025-06-13T15:41:58.822-0400] {processor.py:208} INFO - Processing /Users/pranavr/.pyenv/versions/3.11.6/lib/python3.11/site-packages/airflow/example_dags/plugins/event_listener.py took 80.323 seconds
[2025-06-13T15:43:09.167-0400] {processor.py:186} INFO - Started process (PID=21466) to work on /Users/pranavr/.pyenv/versions/3.11.6/lib/python3.11/site-packages/airflow/example_dags/plugins/event_listener.py
[2025-06-13T15:43:09.169-0400] {processor.py:914} INFO - Processing file /Users/pranavr/.pyenv/versions/3.11.6/lib/python3.11/site-packages/airflow/example_dags/plugins/event_listener.py for tasks to queue
[2025-06-13T15:43:09.170-0400] {logging_mixin.py:190} INFO - [2025-06-13T15:43:09.170-0400] {dagbag.py:588} INFO - Filling up the DagBag from /Users/pranavr/.pyenv/versions/3.11.6/lib/python3.11/site-packages/airflow/example_dags/plugins/event_listener.py
[2025-06-13T15:43:09.170-0400] {processor.py:927} WARNING - No viable dags retrieved from /Users/pranavr/.pyenv/versions/3.11.6/lib/python3.11/site-packages/airflow/example_dags/plugins/event_listener.py
[2025-06-13T15:43:09.237-0400] {processor.py:208} INFO - Processing /Users/pranavr/.pyenv/versions/3.11.6/lib/python3.11/site-packages/airflow/example_dags/plugins/event_listener.py took 71.362 seconds
[2025-06-13T15:45:15.444-0400] {processor.py:186} INFO - Started process (PID=21844) to work on /Users/pranavr/.pyenv/versions/3.11.6/lib/python3.11/site-packages/airflow/example_dags/plugins/event_listener.py
[2025-06-13T15:45:15.447-0400] {processor.py:914} INFO - Processing file /Users/pranavr/.pyenv/versions/3.11.6/lib/python3.11/site-packages/airflow/example_dags/plugins/event_listener.py for tasks to queue
[2025-06-13T15:45:15.448-0400] {logging_mixin.py:190} INFO - [2025-06-13T15:45:15.448-0400] {dagbag.py:588} INFO - Filling up the DagBag from /Users/pranavr/.pyenv/versions/3.11.6/lib/python3.11/site-packages/airflow/example_dags/plugins/event_listener.py
[2025-06-13T15:45:15.449-0400] {processor.py:927} WARNING - No viable dags retrieved from /Users/pranavr/.pyenv/versions/3.11.6/lib/python3.11/site-packages/airflow/example_dags/plugins/event_listener.py
[2025-06-13T15:45:15.519-0400] {processor.py:208} INFO - Processing /Users/pranavr/.pyenv/versions/3.11.6/lib/python3.11/site-packages/airflow/example_dags/plugins/event_listener.py took 76.483 seconds
[2025-06-13T15:46:44.876-0400] {processor.py:186} INFO - Started process (PID=22019) to work on /Users/pranavr/.pyenv/versions/3.11.6/lib/python3.11/site-packages/airflow/example_dags/plugins/event_listener.py
[2025-06-13T15:46:44.878-0400] {processor.py:914} INFO - Processing file /Users/pranavr/.pyenv/versions/3.11.6/lib/python3.11/site-packages/airflow/example_dags/plugins/event_listener.py for tasks to queue
[2025-06-13T15:46:44.878-0400] {logging_mixin.py:190} INFO - [2025-06-13T15:46:44.878-0400] {dagbag.py:588} INFO - Filling up the DagBag from /Users/pranavr/.pyenv/versions/3.11.6/lib/python3.11/site-packages/airflow/example_dags/plugins/event_listener.py
[2025-06-13T15:46:44.879-0400] {processor.py:927} WARNING - No viable dags retrieved from /Users/pranavr/.pyenv/versions/3.11.6/lib/python3.11/site-packages/airflow/example_dags/plugins/event_listener.py
[2025-06-13T15:46:44.950-0400] {processor.py:208} INFO - Processing /Users/pranavr/.pyenv/versions/3.11.6/lib/python3.11/site-packages/airflow/example_dags/plugins/event_listener.py took 75.573 seconds
[2025-06-13T15:48:11.261-0400] {processor.py:186} INFO - Started process (PID=22136) to work on /Users/pranavr/.pyenv/versions/3.11.6/lib/python3.11/site-packages/airflow/example_dags/plugins/event_listener.py
[2025-06-13T15:48:11.264-0400] {processor.py:914} INFO - Processing file /Users/pranavr/.pyenv/versions/3.11.6/lib/python3.11/site-packages/airflow/example_dags/plugins/event_listener.py for tasks to queue
[2025-06-13T15:48:11.264-0400] {logging_mixin.py:190} INFO - [2025-06-13T15:48:11.264-0400] {dagbag.py:588} INFO - Filling up the DagBag from /Users/pranavr/.pyenv/versions/3.11.6/lib/python3.11/site-packages/airflow/example_dags/plugins/event_listener.py
[2025-06-13T15:48:11.265-0400] {processor.py:927} WARNING - No viable dags retrieved from /Users/pranavr/.pyenv/versions/3.11.6/lib/python3.11/site-packages/airflow/example_dags/plugins/event_listener.py
[2025-06-13T15:48:11.345-0400] {processor.py:208} INFO - Processing /Users/pranavr/.pyenv/versions/3.11.6/lib/python3.11/site-packages/airflow/example_dags/plugins/event_listener.py took 85.454 seconds
[2025-06-13T15:49:37.582-0400] {processor.py:186} INFO - Started process (PID=22284) to work on /Users/pranavr/.pyenv/versions/3.11.6/lib/python3.11/site-packages/airflow/example_dags/plugins/event_listener.py
[2025-06-13T15:49:37.584-0400] {processor.py:914} INFO - Processing file /Users/pranavr/.pyenv/versions/3.11.6/lib/python3.11/site-packages/airflow/example_dags/plugins/event_listener.py for tasks to queue
[2025-06-13T15:49:37.585-0400] {logging_mixin.py:190} INFO - [2025-06-13T15:49:37.585-0400] {dagbag.py:588} INFO - Filling up the DagBag from /Users/pranavr/.pyenv/versions/3.11.6/lib/python3.11/site-packages/airflow/example_dags/plugins/event_listener.py
[2025-06-13T15:49:37.586-0400] {processor.py:927} WARNING - No viable dags retrieved from /Users/pranavr/.pyenv/versions/3.11.6/lib/python3.11/site-packages/airflow/example_dags/plugins/event_listener.py
[2025-06-13T15:49:37.658-0400] {processor.py:208} INFO - Processing /Users/pranavr/.pyenv/versions/3.11.6/lib/python3.11/site-packages/airflow/example_dags/plugins/event_listener.py took 78.019 seconds
[2025-06-13T15:50:59.171-0400] {processor.py:186} INFO - Started process (PID=22403) to work on /Users/pranavr/.pyenv/versions/3.11.6/lib/python3.11/site-packages/airflow/example_dags/plugins/event_listener.py
[2025-06-13T15:50:59.173-0400] {processor.py:914} INFO - Processing file /Users/pranavr/.pyenv/versions/3.11.6/lib/python3.11/site-packages/airflow/example_dags/plugins/event_listener.py for tasks to queue
[2025-06-13T15:50:59.173-0400] {logging_mixin.py:190} INFO - [2025-06-13T15:50:59.173-0400] {dagbag.py:588} INFO - Filling up the DagBag from /Users/pranavr/.pyenv/versions/3.11.6/lib/python3.11/site-packages/airflow/example_dags/plugins/event_listener.py
[2025-06-13T15:50:59.174-0400] {processor.py:927} WARNING - No viable dags retrieved from /Users/pranavr/.pyenv/versions/3.11.6/lib/python3.11/site-packages/airflow/example_dags/plugins/event_listener.py
[2025-06-13T15:50:59.243-0400] {processor.py:208} INFO - Processing /Users/pranavr/.pyenv/versions/3.11.6/lib/python3.11/site-packages/airflow/example_dags/plugins/event_listener.py took 74.103 seconds
[2025-06-13T15:52:11.007-0400] {processor.py:186} INFO - Started process (PID=22620) to work on /Users/pranavr/.pyenv/versions/3.11.6/lib/python3.11/site-packages/airflow/example_dags/plugins/event_listener.py
[2025-06-13T15:52:11.009-0400] {processor.py:914} INFO - Processing file /Users/pranavr/.pyenv/versions/3.11.6/lib/python3.11/site-packages/airflow/example_dags/plugins/event_listener.py for tasks to queue
[2025-06-13T15:52:11.010-0400] {logging_mixin.py:190} INFO - [2025-06-13T15:52:11.010-0400] {dagbag.py:588} INFO - Filling up the DagBag from /Users/pranavr/.pyenv/versions/3.11.6/lib/python3.11/site-packages/airflow/example_dags/plugins/event_listener.py
[2025-06-13T15:52:11.010-0400] {processor.py:927} WARNING - No viable dags retrieved from /Users/pranavr/.pyenv/versions/3.11.6/lib/python3.11/site-packages/airflow/example_dags/plugins/event_listener.py
[2025-06-13T15:52:11.075-0400] {processor.py:208} INFO - Processing /Users/pranavr/.pyenv/versions/3.11.6/lib/python3.11/site-packages/airflow/example_dags/plugins/event_listener.py took 69.253 seconds
[2025-06-13T15:53:26.325-0400] {processor.py:186} INFO - Started process (PID=22732) to work on /Users/pranavr/.pyenv/versions/3.11.6/lib/python3.11/site-packages/airflow/example_dags/plugins/event_listener.py
[2025-06-13T15:53:26.326-0400] {processor.py:914} INFO - Processing file /Users/pranavr/.pyenv/versions/3.11.6/lib/python3.11/site-packages/airflow/example_dags/plugins/event_listener.py for tasks to queue
[2025-06-13T15:53:26.327-0400] {logging_mixin.py:190} INFO - [2025-06-13T15:53:26.327-0400] {dagbag.py:588} INFO - Filling up the DagBag from /Users/pranavr/.pyenv/versions/3.11.6/lib/python3.11/site-packages/airflow/example_dags/plugins/event_listener.py
[2025-06-13T15:53:26.327-0400] {processor.py:927} WARNING - No viable dags retrieved from /Users/pranavr/.pyenv/versions/3.11.6/lib/python3.11/site-packages/airflow/example_dags/plugins/event_listener.py
[2025-06-13T15:53:26.387-0400] {processor.py:208} INFO - Processing /Users/pranavr/.pyenv/versions/3.11.6/lib/python3.11/site-packages/airflow/example_dags/plugins/event_listener.py took 63.685 seconds
[2025-06-13T15:54:40.878-0400] {processor.py:186} INFO - Started process (PID=22877) to work on /Users/pranavr/.pyenv/versions/3.11.6/lib/python3.11/site-packages/airflow/example_dags/plugins/event_listener.py
[2025-06-13T15:54:40.881-0400] {processor.py:914} INFO - Processing file /Users/pranavr/.pyenv/versions/3.11.6/lib/python3.11/site-packages/airflow/example_dags/plugins/event_listener.py for tasks to queue
[2025-06-13T15:54:40.881-0400] {logging_mixin.py:190} INFO - [2025-06-13T15:54:40.881-0400] {dagbag.py:588} INFO - Filling up the DagBag from /Users/pranavr/.pyenv/versions/3.11.6/lib/python3.11/site-packages/airflow/example_dags/plugins/event_listener.py
[2025-06-13T15:54:40.881-0400] {processor.py:927} WARNING - No viable dags retrieved from /Users/pranavr/.pyenv/versions/3.11.6/lib/python3.11/site-packages/airflow/example_dags/plugins/event_listener.py
[2025-06-13T15:54:40.940-0400] {processor.py:208} INFO - Processing /Users/pranavr/.pyenv/versions/3.11.6/lib/python3.11/site-packages/airflow/example_dags/plugins/event_listener.py took 62.956 seconds
[2025-06-13T15:55:51.918-0400] {processor.py:186} INFO - Started process (PID=22969) to work on /Users/pranavr/.pyenv/versions/3.11.6/lib/python3.11/site-packages/airflow/example_dags/plugins/event_listener.py
[2025-06-13T15:55:51.921-0400] {processor.py:914} INFO - Processing file /Users/pranavr/.pyenv/versions/3.11.6/lib/python3.11/site-packages/airflow/example_dags/plugins/event_listener.py for tasks to queue
[2025-06-13T15:55:51.922-0400] {logging_mixin.py:190} INFO - [2025-06-13T15:55:51.922-0400] {dagbag.py:588} INFO - Filling up the DagBag from /Users/pranavr/.pyenv/versions/3.11.6/lib/python3.11/site-packages/airflow/example_dags/plugins/event_listener.py
[2025-06-13T15:55:51.922-0400] {processor.py:927} WARNING - No viable dags retrieved from /Users/pranavr/.pyenv/versions/3.11.6/lib/python3.11/site-packages/airflow/example_dags/plugins/event_listener.py
[2025-06-13T15:55:51.980-0400] {processor.py:208} INFO - Processing /Users/pranavr/.pyenv/versions/3.11.6/lib/python3.11/site-packages/airflow/example_dags/plugins/event_listener.py took 62.544 seconds
[2025-06-13T15:57:05.217-0400] {processor.py:186} INFO - Started process (PID=23079) to work on /Users/pranavr/.pyenv/versions/3.11.6/lib/python3.11/site-packages/airflow/example_dags/plugins/event_listener.py
[2025-06-13T15:57:05.219-0400] {processor.py:914} INFO - Processing file /Users/pranavr/.pyenv/versions/3.11.6/lib/python3.11/site-packages/airflow/example_dags/plugins/event_listener.py for tasks to queue
[2025-06-13T15:57:05.219-0400] {logging_mixin.py:190} INFO - [2025-06-13T15:57:05.219-0400] {dagbag.py:588} INFO - Filling up the DagBag from /Users/pranavr/.pyenv/versions/3.11.6/lib/python3.11/site-packages/airflow/example_dags/plugins/event_listener.py
[2025-06-13T15:57:05.220-0400] {processor.py:927} WARNING - No viable dags retrieved from /Users/pranavr/.pyenv/versions/3.11.6/lib/python3.11/site-packages/airflow/example_dags/plugins/event_listener.py
[2025-06-13T15:57:05.286-0400] {processor.py:208} INFO - Processing /Users/pranavr/.pyenv/versions/3.11.6/lib/python3.11/site-packages/airflow/example_dags/plugins/event_listener.py took 70.222 seconds
[2025-06-13T15:58:16.011-0400] {processor.py:186} INFO - Started process (PID=23211) to work on /Users/pranavr/.pyenv/versions/3.11.6/lib/python3.11/site-packages/airflow/example_dags/plugins/event_listener.py
[2025-06-13T15:58:16.012-0400] {processor.py:914} INFO - Processing file /Users/pranavr/.pyenv/versions/3.11.6/lib/python3.11/site-packages/airflow/example_dags/plugins/event_listener.py for tasks to queue
[2025-06-13T15:58:16.013-0400] {logging_mixin.py:190} INFO - [2025-06-13T15:58:16.013-0400] {dagbag.py:588} INFO - Filling up the DagBag from /Users/pranavr/.pyenv/versions/3.11.6/lib/python3.11/site-packages/airflow/example_dags/plugins/event_listener.py
[2025-06-13T15:58:16.013-0400] {processor.py:927} WARNING - No viable dags retrieved from /Users/pranavr/.pyenv/versions/3.11.6/lib/python3.11/site-packages/airflow/example_dags/plugins/event_listener.py
[2025-06-13T15:58:16.073-0400] {processor.py:208} INFO - Processing /Users/pranavr/.pyenv/versions/3.11.6/lib/python3.11/site-packages/airflow/example_dags/plugins/event_listener.py took 63.963 seconds
[2025-06-13T15:59:28.621-0400] {processor.py:186} INFO - Started process (PID=23410) to work on /Users/pranavr/.pyenv/versions/3.11.6/lib/python3.11/site-packages/airflow/example_dags/plugins/event_listener.py
[2025-06-13T15:59:28.624-0400] {processor.py:914} INFO - Processing file /Users/pranavr/.pyenv/versions/3.11.6/lib/python3.11/site-packages/airflow/example_dags/plugins/event_listener.py for tasks to queue
[2025-06-13T15:59:28.624-0400] {logging_mixin.py:190} INFO - [2025-06-13T15:59:28.624-0400] {dagbag.py:588} INFO - Filling up the DagBag from /Users/pranavr/.pyenv/versions/3.11.6/lib/python3.11/site-packages/airflow/example_dags/plugins/event_listener.py
[2025-06-13T15:59:28.625-0400] {processor.py:927} WARNING - No viable dags retrieved from /Users/pranavr/.pyenv/versions/3.11.6/lib/python3.11/site-packages/airflow/example_dags/plugins/event_listener.py
[2025-06-13T15:59:28.689-0400] {processor.py:208} INFO - Processing /Users/pranavr/.pyenv/versions/3.11.6/lib/python3.11/site-packages/airflow/example_dags/plugins/event_listener.py took 69.539 seconds
[2025-06-13T16:00:43.013-0400] {processor.py:186} INFO - Started process (PID=23606) to work on /Users/pranavr/.pyenv/versions/3.11.6/lib/python3.11/site-packages/airflow/example_dags/plugins/event_listener.py
[2025-06-13T16:00:43.016-0400] {processor.py:914} INFO - Processing file /Users/pranavr/.pyenv/versions/3.11.6/lib/python3.11/site-packages/airflow/example_dags/plugins/event_listener.py for tasks to queue
[2025-06-13T16:00:43.016-0400] {logging_mixin.py:190} INFO - [2025-06-13T16:00:43.016-0400] {dagbag.py:588} INFO - Filling up the DagBag from /Users/pranavr/.pyenv/versions/3.11.6/lib/python3.11/site-packages/airflow/example_dags/plugins/event_listener.py
[2025-06-13T16:00:43.017-0400] {processor.py:927} WARNING - No viable dags retrieved from /Users/pranavr/.pyenv/versions/3.11.6/lib/python3.11/site-packages/airflow/example_dags/plugins/event_listener.py
[2025-06-13T16:00:43.077-0400] {processor.py:208} INFO - Processing /Users/pranavr/.pyenv/versions/3.11.6/lib/python3.11/site-packages/airflow/example_dags/plugins/event_listener.py took 64.787 seconds
[2025-06-13T16:01:58.370-0400] {processor.py:186} INFO - Started process (PID=23818) to work on /Users/pranavr/.pyenv/versions/3.11.6/lib/python3.11/site-packages/airflow/example_dags/plugins/event_listener.py
[2025-06-13T16:01:58.372-0400] {processor.py:914} INFO - Processing file /Users/pranavr/.pyenv/versions/3.11.6/lib/python3.11/site-packages/airflow/example_dags/plugins/event_listener.py for tasks to queue
[2025-06-13T16:01:58.372-0400] {logging_mixin.py:190} INFO - [2025-06-13T16:01:58.372-0400] {dagbag.py:588} INFO - Filling up the DagBag from /Users/pranavr/.pyenv/versions/3.11.6/lib/python3.11/site-packages/airflow/example_dags/plugins/event_listener.py
[2025-06-13T16:01:58.372-0400] {processor.py:927} WARNING - No viable dags retrieved from /Users/pranavr/.pyenv/versions/3.11.6/lib/python3.11/site-packages/airflow/example_dags/plugins/event_listener.py
[2025-06-13T16:01:58.437-0400] {processor.py:208} INFO - Processing /Users/pranavr/.pyenv/versions/3.11.6/lib/python3.11/site-packages/airflow/example_dags/plugins/event_listener.py took 68.571 seconds
[2025-06-13T16:03:18.703-0400] {processor.py:186} INFO - Started process (PID=24011) to work on /Users/pranavr/.pyenv/versions/3.11.6/lib/python3.11/site-packages/airflow/example_dags/plugins/event_listener.py
[2025-06-13T16:03:18.705-0400] {processor.py:914} INFO - Processing file /Users/pranavr/.pyenv/versions/3.11.6/lib/python3.11/site-packages/airflow/example_dags/plugins/event_listener.py for tasks to queue
[2025-06-13T16:03:18.705-0400] {logging_mixin.py:190} INFO - [2025-06-13T16:03:18.705-0400] {dagbag.py:588} INFO - Filling up the DagBag from /Users/pranavr/.pyenv/versions/3.11.6/lib/python3.11/site-packages/airflow/example_dags/plugins/event_listener.py
[2025-06-13T16:03:18.706-0400] {processor.py:927} WARNING - No viable dags retrieved from /Users/pranavr/.pyenv/versions/3.11.6/lib/python3.11/site-packages/airflow/example_dags/plugins/event_listener.py
[2025-06-13T16:03:18.785-0400] {processor.py:208} INFO - Processing /Users/pranavr/.pyenv/versions/3.11.6/lib/python3.11/site-packages/airflow/example_dags/plugins/event_listener.py took 84.232 seconds
[2025-06-13T17:27:46.025-0400] {processor.py:186} INFO - Started process (PID=24262) to work on /Users/pranavr/.pyenv/versions/3.11.6/lib/python3.11/site-packages/airflow/example_dags/plugins/event_listener.py
[2025-06-13T17:27:46.027-0400] {processor.py:914} INFO - Processing file /Users/pranavr/.pyenv/versions/3.11.6/lib/python3.11/site-packages/airflow/example_dags/plugins/event_listener.py for tasks to queue
[2025-06-13T17:27:46.027-0400] {logging_mixin.py:190} INFO - [2025-06-13T17:27:46.027-0400] {dagbag.py:588} INFO - Filling up the DagBag from /Users/pranavr/.pyenv/versions/3.11.6/lib/python3.11/site-packages/airflow/example_dags/plugins/event_listener.py
[2025-06-13T17:27:46.028-0400] {processor.py:927} WARNING - No viable dags retrieved from /Users/pranavr/.pyenv/versions/3.11.6/lib/python3.11/site-packages/airflow/example_dags/plugins/event_listener.py
[2025-06-13T17:27:46.099-0400] {processor.py:208} INFO - Processing /Users/pranavr/.pyenv/versions/3.11.6/lib/python3.11/site-packages/airflow/example_dags/plugins/event_listener.py took 75.833 seconds
