[2025-06-13T14:21:22.969-0400] {processor.py:186} INFO - Started process (PID=7334) to work on /Users/pranavr/.pyenv/versions/3.11.6/lib/python3.11/site-packages/airflow/example_dags/plugins/listener_plugin.py
[2025-06-13T14:21:22.971-0400] {processor.py:914} INFO - Processing file /Users/pranavr/.pyenv/versions/3.11.6/lib/python3.11/site-packages/airflow/example_dags/plugins/listener_plugin.py for tasks to queue
[2025-06-13T14:21:22.971-0400] {logging_mixin.py:190} INFO - [2025-06-13T14:21:22.971-0400] {dagbag.py:588} INFO - Filling up the DagBag from /Users/pranavr/.pyenv/versions/3.11.6/lib/python3.11/site-packages/airflow/example_dags/plugins/listener_plugin.py
[2025-06-13T14:21:22.972-0400] {processor.py:927} WARNING - No viable dags retrieved from /Users/pranavr/.pyenv/versions/3.11.6/lib/python3.11/site-packages/airflow/example_dags/plugins/listener_plugin.py
[2025-06-13T14:21:23.051-0400] {processor.py:208} INFO - Processing /Users/pranavr/.pyenv/versions/3.11.6/lib/python3.11/site-packages/airflow/example_dags/plugins/listener_plugin.py took 83.181 seconds
[2025-06-13T14:23:30.074-0400] {processor.py:186} INFO - Started process (PID=7830) to work on /Users/pranavr/.pyenv/versions/3.11.6/lib/python3.11/site-packages/airflow/example_dags/plugins/listener_plugin.py
[2025-06-13T14:23:30.076-0400] {processor.py:914} INFO - Processing file /Users/pranavr/.pyenv/versions/3.11.6/lib/python3.11/site-packages/airflow/example_dags/plugins/listener_plugin.py for tasks to queue
[2025-06-13T14:23:30.076-0400] {logging_mixin.py:190} INFO - [2025-06-13T14:23:30.076-0400] {dagbag.py:588} INFO - Filling up the DagBag from /Users/pranavr/.pyenv/versions/3.11.6/lib/python3.11/site-packages/airflow/example_dags/plugins/listener_plugin.py
[2025-06-13T14:23:30.078-0400] {processor.py:927} WARNING - No viable dags retrieved from /Users/pranavr/.pyenv/versions/3.11.6/lib/python3.11/site-packages/airflow/example_dags/plugins/listener_plugin.py
[2025-06-13T14:23:30.162-0400] {processor.py:208} INFO - Processing /Users/pranavr/.pyenv/versions/3.11.6/lib/python3.11/site-packages/airflow/example_dags/plugins/listener_plugin.py took 89.614 seconds
[2025-06-13T14:25:01.463-0400] {processor.py:186} INFO - Started process (PID=7957) to work on /Users/pranavr/.pyenv/versions/3.11.6/lib/python3.11/site-packages/airflow/example_dags/plugins/listener_plugin.py
[2025-06-13T14:25:01.466-0400] {processor.py:914} INFO - Processing file /Users/pranavr/.pyenv/versions/3.11.6/lib/python3.11/site-packages/airflow/example_dags/plugins/listener_plugin.py for tasks to queue
[2025-06-13T14:25:01.466-0400] {logging_mixin.py:190} INFO - [2025-06-13T14:25:01.466-0400] {dagbag.py:588} INFO - Filling up the DagBag from /Users/pranavr/.pyenv/versions/3.11.6/lib/python3.11/site-packages/airflow/example_dags/plugins/listener_plugin.py
[2025-06-13T14:25:01.469-0400] {processor.py:927} WARNING - No viable dags retrieved from /Users/pranavr/.pyenv/versions/3.11.6/lib/python3.11/site-packages/airflow/example_dags/plugins/listener_plugin.py
[2025-06-13T14:25:01.546-0400] {processor.py:208} INFO - Processing /Users/pranavr/.pyenv/versions/3.11.6/lib/python3.11/site-packages/airflow/example_dags/plugins/listener_plugin.py took 84.492 seconds
[2025-06-13T14:26:33.114-0400] {processor.py:186} INFO - Started process (PID=8068) to work on /Users/pranavr/.pyenv/versions/3.11.6/lib/python3.11/site-packages/airflow/example_dags/plugins/listener_plugin.py
[2025-06-13T14:26:33.116-0400] {processor.py:914} INFO - Processing file /Users/pranavr/.pyenv/versions/3.11.6/lib/python3.11/site-packages/airflow/example_dags/plugins/listener_plugin.py for tasks to queue
[2025-06-13T14:26:33.116-0400] {logging_mixin.py:190} INFO - [2025-06-13T14:26:33.116-0400] {dagbag.py:588} INFO - Filling up the DagBag from /Users/pranavr/.pyenv/versions/3.11.6/lib/python3.11/site-packages/airflow/example_dags/plugins/listener_plugin.py
[2025-06-13T14:26:33.117-0400] {processor.py:927} WARNING - No viable dags retrieved from /Users/pranavr/.pyenv/versions/3.11.6/lib/python3.11/site-packages/airflow/example_dags/plugins/listener_plugin.py
[2025-06-13T14:26:33.200-0400] {processor.py:208} INFO - Processing /Users/pranavr/.pyenv/versions/3.11.6/lib/python3.11/site-packages/airflow/example_dags/plugins/listener_plugin.py took 87.458 seconds
[2025-06-13T14:28:04.889-0400] {processor.py:186} INFO - Started process (PID=8764) to work on /Users/pranavr/.pyenv/versions/3.11.6/lib/python3.11/site-packages/airflow/example_dags/plugins/listener_plugin.py
[2025-06-13T14:28:04.892-0400] {processor.py:914} INFO - Processing file /Users/pranavr/.pyenv/versions/3.11.6/lib/python3.11/site-packages/airflow/example_dags/plugins/listener_plugin.py for tasks to queue
[2025-06-13T14:28:04.892-0400] {logging_mixin.py:190} INFO - [2025-06-13T14:28:04.892-0400] {dagbag.py:588} INFO - Filling up the DagBag from /Users/pranavr/.pyenv/versions/3.11.6/lib/python3.11/site-packages/airflow/example_dags/plugins/listener_plugin.py
[2025-06-13T14:28:04.894-0400] {processor.py:927} WARNING - No viable dags retrieved from /Users/pranavr/.pyenv/versions/3.11.6/lib/python3.11/site-packages/airflow/example_dags/plugins/listener_plugin.py
[2025-06-13T14:28:04.981-0400] {processor.py:208} INFO - Processing /Users/pranavr/.pyenv/versions/3.11.6/lib/python3.11/site-packages/airflow/example_dags/plugins/listener_plugin.py took 92.769 seconds
[2025-06-13T14:29:36.708-0400] {processor.py:186} INFO - Started process (PID=8888) to work on /Users/pranavr/.pyenv/versions/3.11.6/lib/python3.11/site-packages/airflow/example_dags/plugins/listener_plugin.py
[2025-06-13T14:29:36.710-0400] {processor.py:914} INFO - Processing file /Users/pranavr/.pyenv/versions/3.11.6/lib/python3.11/site-packages/airflow/example_dags/plugins/listener_plugin.py for tasks to queue
[2025-06-13T14:29:36.710-0400] {logging_mixin.py:190} INFO - [2025-06-13T14:29:36.710-0400] {dagbag.py:588} INFO - Filling up the DagBag from /Users/pranavr/.pyenv/versions/3.11.6/lib/python3.11/site-packages/airflow/example_dags/plugins/listener_plugin.py
[2025-06-13T14:29:36.711-0400] {processor.py:927} WARNING - No viable dags retrieved from /Users/pranavr/.pyenv/versions/3.11.6/lib/python3.11/site-packages/airflow/example_dags/plugins/listener_plugin.py
[2025-06-13T14:29:36.792-0400] {processor.py:208} INFO - Processing /Users/pranavr/.pyenv/versions/3.11.6/lib/python3.11/site-packages/airflow/example_dags/plugins/listener_plugin.py took 85.442 seconds
[2025-06-13T14:31:05.070-0400] {processor.py:186} INFO - Started process (PID=9326) to work on /Users/pranavr/.pyenv/versions/3.11.6/lib/python3.11/site-packages/airflow/example_dags/plugins/listener_plugin.py
[2025-06-13T14:31:05.073-0400] {processor.py:914} INFO - Processing file /Users/pranavr/.pyenv/versions/3.11.6/lib/python3.11/site-packages/airflow/example_dags/plugins/listener_plugin.py for tasks to queue
[2025-06-13T14:31:05.073-0400] {logging_mixin.py:190} INFO - [2025-06-13T14:31:05.073-0400] {dagbag.py:588} INFO - Filling up the DagBag from /Users/pranavr/.pyenv/versions/3.11.6/lib/python3.11/site-packages/airflow/example_dags/plugins/listener_plugin.py
[2025-06-13T14:31:05.075-0400] {processor.py:927} WARNING - No viable dags retrieved from /Users/pranavr/.pyenv/versions/3.11.6/lib/python3.11/site-packages/airflow/example_dags/plugins/listener_plugin.py
[2025-06-13T14:31:05.153-0400] {processor.py:208} INFO - Processing /Users/pranavr/.pyenv/versions/3.11.6/lib/python3.11/site-packages/airflow/example_dags/plugins/listener_plugin.py took 84.351 seconds
[2025-06-13T14:32:36.013-0400] {processor.py:186} INFO - Started process (PID=9540) to work on /Users/pranavr/.pyenv/versions/3.11.6/lib/python3.11/site-packages/airflow/example_dags/plugins/listener_plugin.py
[2025-06-13T14:32:36.016-0400] {processor.py:914} INFO - Processing file /Users/pranavr/.pyenv/versions/3.11.6/lib/python3.11/site-packages/airflow/example_dags/plugins/listener_plugin.py for tasks to queue
[2025-06-13T14:32:36.016-0400] {logging_mixin.py:190} INFO - [2025-06-13T14:32:36.016-0400] {dagbag.py:588} INFO - Filling up the DagBag from /Users/pranavr/.pyenv/versions/3.11.6/lib/python3.11/site-packages/airflow/example_dags/plugins/listener_plugin.py
[2025-06-13T14:32:36.019-0400] {processor.py:927} WARNING - No viable dags retrieved from /Users/pranavr/.pyenv/versions/3.11.6/lib/python3.11/site-packages/airflow/example_dags/plugins/listener_plugin.py
[2025-06-13T14:32:36.108-0400] {processor.py:208} INFO - Processing /Users/pranavr/.pyenv/versions/3.11.6/lib/python3.11/site-packages/airflow/example_dags/plugins/listener_plugin.py took 96.182 seconds
[2025-06-13T14:34:07.907-0400] {processor.py:186} INFO - Started process (PID=9792) to work on /Users/pranavr/.pyenv/versions/3.11.6/lib/python3.11/site-packages/airflow/example_dags/plugins/listener_plugin.py
[2025-06-13T14:34:07.910-0400] {processor.py:914} INFO - Processing file /Users/pranavr/.pyenv/versions/3.11.6/lib/python3.11/site-packages/airflow/example_dags/plugins/listener_plugin.py for tasks to queue
[2025-06-13T14:34:07.910-0400] {logging_mixin.py:190} INFO - [2025-06-13T14:34:07.910-0400] {dagbag.py:588} INFO - Filling up the DagBag from /Users/pranavr/.pyenv/versions/3.11.6/lib/python3.11/site-packages/airflow/example_dags/plugins/listener_plugin.py
[2025-06-13T14:34:07.913-0400] {processor.py:927} WARNING - No viable dags retrieved from /Users/pranavr/.pyenv/versions/3.11.6/lib/python3.11/site-packages/airflow/example_dags/plugins/listener_plugin.py
[2025-06-13T14:34:08.005-0400] {processor.py:208} INFO - Processing /Users/pranavr/.pyenv/versions/3.11.6/lib/python3.11/site-packages/airflow/example_dags/plugins/listener_plugin.py took 99.158 seconds
[2025-06-13T14:35:39.414-0400] {processor.py:186} INFO - Started process (PID=10178) to work on /Users/pranavr/.pyenv/versions/3.11.6/lib/python3.11/site-packages/airflow/example_dags/plugins/listener_plugin.py
[2025-06-13T14:35:39.416-0400] {processor.py:914} INFO - Processing file /Users/pranavr/.pyenv/versions/3.11.6/lib/python3.11/site-packages/airflow/example_dags/plugins/listener_plugin.py for tasks to queue
[2025-06-13T14:35:39.416-0400] {logging_mixin.py:190} INFO - [2025-06-13T14:35:39.416-0400] {dagbag.py:588} INFO - Filling up the DagBag from /Users/pranavr/.pyenv/versions/3.11.6/lib/python3.11/site-packages/airflow/example_dags/plugins/listener_plugin.py
[2025-06-13T14:35:39.417-0400] {processor.py:927} WARNING - No viable dags retrieved from /Users/pranavr/.pyenv/versions/3.11.6/lib/python3.11/site-packages/airflow/example_dags/plugins/listener_plugin.py
[2025-06-13T14:35:39.495-0400] {processor.py:208} INFO - Processing /Users/pranavr/.pyenv/versions/3.11.6/lib/python3.11/site-packages/airflow/example_dags/plugins/listener_plugin.py took 82.684 seconds
[2025-06-13T14:37:10.160-0400] {processor.py:186} INFO - Started process (PID=11029) to work on /Users/pranavr/.pyenv/versions/3.11.6/lib/python3.11/site-packages/airflow/example_dags/plugins/listener_plugin.py
[2025-06-13T14:37:10.169-0400] {processor.py:914} INFO - Processing file /Users/pranavr/.pyenv/versions/3.11.6/lib/python3.11/site-packages/airflow/example_dags/plugins/listener_plugin.py for tasks to queue
[2025-06-13T14:37:10.169-0400] {logging_mixin.py:190} INFO - [2025-06-13T14:37:10.169-0400] {dagbag.py:588} INFO - Filling up the DagBag from /Users/pranavr/.pyenv/versions/3.11.6/lib/python3.11/site-packages/airflow/example_dags/plugins/listener_plugin.py
[2025-06-13T14:37:10.171-0400] {processor.py:927} WARNING - No viable dags retrieved from /Users/pranavr/.pyenv/versions/3.11.6/lib/python3.11/site-packages/airflow/example_dags/plugins/listener_plugin.py
[2025-06-13T14:37:10.254-0400] {processor.py:208} INFO - Processing /Users/pranavr/.pyenv/versions/3.11.6/lib/python3.11/site-packages/airflow/example_dags/plugins/listener_plugin.py took 97.597 seconds
[2025-06-13T14:38:39.321-0400] {processor.py:186} INFO - Started process (PID=11235) to work on /Users/pranavr/.pyenv/versions/3.11.6/lib/python3.11/site-packages/airflow/example_dags/plugins/listener_plugin.py
[2025-06-13T14:38:39.329-0400] {processor.py:914} INFO - Processing file /Users/pranavr/.pyenv/versions/3.11.6/lib/python3.11/site-packages/airflow/example_dags/plugins/listener_plugin.py for tasks to queue
[2025-06-13T14:38:39.332-0400] {logging_mixin.py:190} INFO - [2025-06-13T14:38:39.332-0400] {dagbag.py:588} INFO - Filling up the DagBag from /Users/pranavr/.pyenv/versions/3.11.6/lib/python3.11/site-packages/airflow/example_dags/plugins/listener_plugin.py
[2025-06-13T14:38:39.333-0400] {processor.py:927} WARNING - No viable dags retrieved from /Users/pranavr/.pyenv/versions/3.11.6/lib/python3.11/site-packages/airflow/example_dags/plugins/listener_plugin.py
[2025-06-13T14:38:39.422-0400] {processor.py:208} INFO - Processing /Users/pranavr/.pyenv/versions/3.11.6/lib/python3.11/site-packages/airflow/example_dags/plugins/listener_plugin.py took 102.361 seconds
[2025-06-13T14:40:01.263-0400] {processor.py:186} INFO - Started process (PID=11474) to work on /Users/pranavr/.pyenv/versions/3.11.6/lib/python3.11/site-packages/airflow/example_dags/plugins/listener_plugin.py
[2025-06-13T14:40:01.265-0400] {processor.py:914} INFO - Processing file /Users/pranavr/.pyenv/versions/3.11.6/lib/python3.11/site-packages/airflow/example_dags/plugins/listener_plugin.py for tasks to queue
[2025-06-13T14:40:01.266-0400] {logging_mixin.py:190} INFO - [2025-06-13T14:40:01.266-0400] {dagbag.py:588} INFO - Filling up the DagBag from /Users/pranavr/.pyenv/versions/3.11.6/lib/python3.11/site-packages/airflow/example_dags/plugins/listener_plugin.py
[2025-06-13T14:40:01.267-0400] {processor.py:927} WARNING - No viable dags retrieved from /Users/pranavr/.pyenv/versions/3.11.6/lib/python3.11/site-packages/airflow/example_dags/plugins/listener_plugin.py
[2025-06-13T14:40:01.330-0400] {processor.py:208} INFO - Processing /Users/pranavr/.pyenv/versions/3.11.6/lib/python3.11/site-packages/airflow/example_dags/plugins/listener_plugin.py took 68.364 seconds
[2025-06-13T14:41:19.243-0400] {processor.py:186} INFO - Started process (PID=11736) to work on /Users/pranavr/.pyenv/versions/3.11.6/lib/python3.11/site-packages/airflow/example_dags/plugins/listener_plugin.py
[2025-06-13T14:41:19.245-0400] {processor.py:914} INFO - Processing file /Users/pranavr/.pyenv/versions/3.11.6/lib/python3.11/site-packages/airflow/example_dags/plugins/listener_plugin.py for tasks to queue
[2025-06-13T14:41:19.246-0400] {logging_mixin.py:190} INFO - [2025-06-13T14:41:19.246-0400] {dagbag.py:588} INFO - Filling up the DagBag from /Users/pranavr/.pyenv/versions/3.11.6/lib/python3.11/site-packages/airflow/example_dags/plugins/listener_plugin.py
[2025-06-13T14:41:19.247-0400] {processor.py:927} WARNING - No viable dags retrieved from /Users/pranavr/.pyenv/versions/3.11.6/lib/python3.11/site-packages/airflow/example_dags/plugins/listener_plugin.py
[2025-06-13T14:41:19.313-0400] {processor.py:208} INFO - Processing /Users/pranavr/.pyenv/versions/3.11.6/lib/python3.11/site-packages/airflow/example_dags/plugins/listener_plugin.py took 70.779 seconds
[2025-06-13T14:42:33.778-0400] {processor.py:186} INFO - Started process (PID=11853) to work on /Users/pranavr/.pyenv/versions/3.11.6/lib/python3.11/site-packages/airflow/example_dags/plugins/listener_plugin.py
[2025-06-13T14:42:33.779-0400] {processor.py:914} INFO - Processing file /Users/pranavr/.pyenv/versions/3.11.6/lib/python3.11/site-packages/airflow/example_dags/plugins/listener_plugin.py for tasks to queue
[2025-06-13T14:42:33.780-0400] {logging_mixin.py:190} INFO - [2025-06-13T14:42:33.780-0400] {dagbag.py:588} INFO - Filling up the DagBag from /Users/pranavr/.pyenv/versions/3.11.6/lib/python3.11/site-packages/airflow/example_dags/plugins/listener_plugin.py
[2025-06-13T14:42:33.781-0400] {processor.py:927} WARNING - No viable dags retrieved from /Users/pranavr/.pyenv/versions/3.11.6/lib/python3.11/site-packages/airflow/example_dags/plugins/listener_plugin.py
[2025-06-13T14:42:33.853-0400] {processor.py:208} INFO - Processing /Users/pranavr/.pyenv/versions/3.11.6/lib/python3.11/site-packages/airflow/example_dags/plugins/listener_plugin.py took 76.538 seconds
[2025-06-13T14:43:46.767-0400] {processor.py:186} INFO - Started process (PID=11981) to work on /Users/pranavr/.pyenv/versions/3.11.6/lib/python3.11/site-packages/airflow/example_dags/plugins/listener_plugin.py
[2025-06-13T14:43:46.769-0400] {processor.py:914} INFO - Processing file /Users/pranavr/.pyenv/versions/3.11.6/lib/python3.11/site-packages/airflow/example_dags/plugins/listener_plugin.py for tasks to queue
[2025-06-13T14:43:46.769-0400] {logging_mixin.py:190} INFO - [2025-06-13T14:43:46.769-0400] {dagbag.py:588} INFO - Filling up the DagBag from /Users/pranavr/.pyenv/versions/3.11.6/lib/python3.11/site-packages/airflow/example_dags/plugins/listener_plugin.py
[2025-06-13T14:43:46.770-0400] {processor.py:927} WARNING - No viable dags retrieved from /Users/pranavr/.pyenv/versions/3.11.6/lib/python3.11/site-packages/airflow/example_dags/plugins/listener_plugin.py
[2025-06-13T14:43:46.829-0400] {processor.py:208} INFO - Processing /Users/pranavr/.pyenv/versions/3.11.6/lib/python3.11/site-packages/airflow/example_dags/plugins/listener_plugin.py took 63.668 seconds
[2025-06-13T14:44:59.503-0400] {processor.py:186} INFO - Started process (PID=12135) to work on /Users/pranavr/.pyenv/versions/3.11.6/lib/python3.11/site-packages/airflow/example_dags/plugins/listener_plugin.py
[2025-06-13T14:44:59.504-0400] {processor.py:914} INFO - Processing file /Users/pranavr/.pyenv/versions/3.11.6/lib/python3.11/site-packages/airflow/example_dags/plugins/listener_plugin.py for tasks to queue
[2025-06-13T14:44:59.505-0400] {logging_mixin.py:190} INFO - [2025-06-13T14:44:59.505-0400] {dagbag.py:588} INFO - Filling up the DagBag from /Users/pranavr/.pyenv/versions/3.11.6/lib/python3.11/site-packages/airflow/example_dags/plugins/listener_plugin.py
[2025-06-13T14:44:59.506-0400] {processor.py:927} WARNING - No viable dags retrieved from /Users/pranavr/.pyenv/versions/3.11.6/lib/python3.11/site-packages/airflow/example_dags/plugins/listener_plugin.py
[2025-06-13T14:44:59.569-0400] {processor.py:208} INFO - Processing /Users/pranavr/.pyenv/versions/3.11.6/lib/python3.11/site-packages/airflow/example_dags/plugins/listener_plugin.py took 67.969 seconds
[2025-06-13T14:46:12.134-0400] {processor.py:186} INFO - Started process (PID=12307) to work on /Users/pranavr/.pyenv/versions/3.11.6/lib/python3.11/site-packages/airflow/example_dags/plugins/listener_plugin.py
[2025-06-13T14:46:12.135-0400] {processor.py:914} INFO - Processing file /Users/pranavr/.pyenv/versions/3.11.6/lib/python3.11/site-packages/airflow/example_dags/plugins/listener_plugin.py for tasks to queue
[2025-06-13T14:46:12.136-0400] {logging_mixin.py:190} INFO - [2025-06-13T14:46:12.136-0400] {dagbag.py:588} INFO - Filling up the DagBag from /Users/pranavr/.pyenv/versions/3.11.6/lib/python3.11/site-packages/airflow/example_dags/plugins/listener_plugin.py
[2025-06-13T14:46:12.137-0400] {processor.py:927} WARNING - No viable dags retrieved from /Users/pranavr/.pyenv/versions/3.11.6/lib/python3.11/site-packages/airflow/example_dags/plugins/listener_plugin.py
[2025-06-13T14:46:12.199-0400] {processor.py:208} INFO - Processing /Users/pranavr/.pyenv/versions/3.11.6/lib/python3.11/site-packages/airflow/example_dags/plugins/listener_plugin.py took 67.169 seconds
[2025-06-13T14:47:23.643-0400] {processor.py:186} INFO - Started process (PID=12398) to work on /Users/pranavr/.pyenv/versions/3.11.6/lib/python3.11/site-packages/airflow/example_dags/plugins/listener_plugin.py
[2025-06-13T14:47:23.645-0400] {processor.py:914} INFO - Processing file /Users/pranavr/.pyenv/versions/3.11.6/lib/python3.11/site-packages/airflow/example_dags/plugins/listener_plugin.py for tasks to queue
[2025-06-13T14:47:23.645-0400] {logging_mixin.py:190} INFO - [2025-06-13T14:47:23.645-0400] {dagbag.py:588} INFO - Filling up the DagBag from /Users/pranavr/.pyenv/versions/3.11.6/lib/python3.11/site-packages/airflow/example_dags/plugins/listener_plugin.py
[2025-06-13T14:47:23.646-0400] {processor.py:927} WARNING - No viable dags retrieved from /Users/pranavr/.pyenv/versions/3.11.6/lib/python3.11/site-packages/airflow/example_dags/plugins/listener_plugin.py
[2025-06-13T14:47:23.708-0400] {processor.py:208} INFO - Processing /Users/pranavr/.pyenv/versions/3.11.6/lib/python3.11/site-packages/airflow/example_dags/plugins/listener_plugin.py took 66.283 seconds
[2025-06-13T14:48:39.880-0400] {processor.py:186} INFO - Started process (PID=12510) to work on /Users/pranavr/.pyenv/versions/3.11.6/lib/python3.11/site-packages/airflow/example_dags/plugins/listener_plugin.py
[2025-06-13T14:48:39.882-0400] {processor.py:914} INFO - Processing file /Users/pranavr/.pyenv/versions/3.11.6/lib/python3.11/site-packages/airflow/example_dags/plugins/listener_plugin.py for tasks to queue
[2025-06-13T14:48:39.882-0400] {logging_mixin.py:190} INFO - [2025-06-13T14:48:39.882-0400] {dagbag.py:588} INFO - Filling up the DagBag from /Users/pranavr/.pyenv/versions/3.11.6/lib/python3.11/site-packages/airflow/example_dags/plugins/listener_plugin.py
[2025-06-13T14:48:39.883-0400] {processor.py:927} WARNING - No viable dags retrieved from /Users/pranavr/.pyenv/versions/3.11.6/lib/python3.11/site-packages/airflow/example_dags/plugins/listener_plugin.py
[2025-06-13T14:48:39.941-0400] {processor.py:208} INFO - Processing /Users/pranavr/.pyenv/versions/3.11.6/lib/python3.11/site-packages/airflow/example_dags/plugins/listener_plugin.py took 62.147 seconds
[2025-06-13T14:49:52.438-0400] {processor.py:186} INFO - Started process (PID=12631) to work on /Users/pranavr/.pyenv/versions/3.11.6/lib/python3.11/site-packages/airflow/example_dags/plugins/listener_plugin.py
[2025-06-13T14:49:52.440-0400] {processor.py:914} INFO - Processing file /Users/pranavr/.pyenv/versions/3.11.6/lib/python3.11/site-packages/airflow/example_dags/plugins/listener_plugin.py for tasks to queue
[2025-06-13T14:49:52.440-0400] {logging_mixin.py:190} INFO - [2025-06-13T14:49:52.440-0400] {dagbag.py:588} INFO - Filling up the DagBag from /Users/pranavr/.pyenv/versions/3.11.6/lib/python3.11/site-packages/airflow/example_dags/plugins/listener_plugin.py
[2025-06-13T14:49:52.441-0400] {processor.py:927} WARNING - No viable dags retrieved from /Users/pranavr/.pyenv/versions/3.11.6/lib/python3.11/site-packages/airflow/example_dags/plugins/listener_plugin.py
[2025-06-13T14:49:52.500-0400] {processor.py:208} INFO - Processing /Users/pranavr/.pyenv/versions/3.11.6/lib/python3.11/site-packages/airflow/example_dags/plugins/listener_plugin.py took 63.196 seconds
[2025-06-13T14:51:06.155-0400] {processor.py:186} INFO - Started process (PID=12751) to work on /Users/pranavr/.pyenv/versions/3.11.6/lib/python3.11/site-packages/airflow/example_dags/plugins/listener_plugin.py
[2025-06-13T14:51:06.157-0400] {processor.py:914} INFO - Processing file /Users/pranavr/.pyenv/versions/3.11.6/lib/python3.11/site-packages/airflow/example_dags/plugins/listener_plugin.py for tasks to queue
[2025-06-13T14:51:06.157-0400] {logging_mixin.py:190} INFO - [2025-06-13T14:51:06.157-0400] {dagbag.py:588} INFO - Filling up the DagBag from /Users/pranavr/.pyenv/versions/3.11.6/lib/python3.11/site-packages/airflow/example_dags/plugins/listener_plugin.py
[2025-06-13T14:51:06.158-0400] {processor.py:927} WARNING - No viable dags retrieved from /Users/pranavr/.pyenv/versions/3.11.6/lib/python3.11/site-packages/airflow/example_dags/plugins/listener_plugin.py
[2025-06-13T14:51:06.217-0400] {processor.py:208} INFO - Processing /Users/pranavr/.pyenv/versions/3.11.6/lib/python3.11/site-packages/airflow/example_dags/plugins/listener_plugin.py took 63.456 seconds
[2025-06-13T14:52:22.853-0400] {processor.py:186} INFO - Started process (PID=14002) to work on /Users/pranavr/.pyenv/versions/3.11.6/lib/python3.11/site-packages/airflow/example_dags/plugins/listener_plugin.py
[2025-06-13T14:52:22.856-0400] {processor.py:914} INFO - Processing file /Users/pranavr/.pyenv/versions/3.11.6/lib/python3.11/site-packages/airflow/example_dags/plugins/listener_plugin.py for tasks to queue
[2025-06-13T14:52:22.856-0400] {logging_mixin.py:190} INFO - [2025-06-13T14:52:22.856-0400] {dagbag.py:588} INFO - Filling up the DagBag from /Users/pranavr/.pyenv/versions/3.11.6/lib/python3.11/site-packages/airflow/example_dags/plugins/listener_plugin.py
[2025-06-13T14:52:22.857-0400] {processor.py:927} WARNING - No viable dags retrieved from /Users/pranavr/.pyenv/versions/3.11.6/lib/python3.11/site-packages/airflow/example_dags/plugins/listener_plugin.py
[2025-06-13T14:52:22.923-0400] {processor.py:208} INFO - Processing /Users/pranavr/.pyenv/versions/3.11.6/lib/python3.11/site-packages/airflow/example_dags/plugins/listener_plugin.py took 71.151 seconds
[2025-06-13T14:53:36.323-0400] {processor.py:186} INFO - Started process (PID=14098) to work on /Users/pranavr/.pyenv/versions/3.11.6/lib/python3.11/site-packages/airflow/example_dags/plugins/listener_plugin.py
[2025-06-13T14:53:36.325-0400] {processor.py:914} INFO - Processing file /Users/pranavr/.pyenv/versions/3.11.6/lib/python3.11/site-packages/airflow/example_dags/plugins/listener_plugin.py for tasks to queue
[2025-06-13T14:53:36.325-0400] {logging_mixin.py:190} INFO - [2025-06-13T14:53:36.325-0400] {dagbag.py:588} INFO - Filling up the DagBag from /Users/pranavr/.pyenv/versions/3.11.6/lib/python3.11/site-packages/airflow/example_dags/plugins/listener_plugin.py
[2025-06-13T14:53:36.326-0400] {processor.py:927} WARNING - No viable dags retrieved from /Users/pranavr/.pyenv/versions/3.11.6/lib/python3.11/site-packages/airflow/example_dags/plugins/listener_plugin.py
[2025-06-13T14:53:36.384-0400] {processor.py:208} INFO - Processing /Users/pranavr/.pyenv/versions/3.11.6/lib/python3.11/site-packages/airflow/example_dags/plugins/listener_plugin.py took 61.979 seconds
[2025-06-13T14:54:53.076-0400] {processor.py:186} INFO - Started process (PID=14213) to work on /Users/pranavr/.pyenv/versions/3.11.6/lib/python3.11/site-packages/airflow/example_dags/plugins/listener_plugin.py
[2025-06-13T14:54:53.078-0400] {processor.py:914} INFO - Processing file /Users/pranavr/.pyenv/versions/3.11.6/lib/python3.11/site-packages/airflow/example_dags/plugins/listener_plugin.py for tasks to queue
[2025-06-13T14:54:53.079-0400] {logging_mixin.py:190} INFO - [2025-06-13T14:54:53.079-0400] {dagbag.py:588} INFO - Filling up the DagBag from /Users/pranavr/.pyenv/versions/3.11.6/lib/python3.11/site-packages/airflow/example_dags/plugins/listener_plugin.py
[2025-06-13T14:54:53.080-0400] {processor.py:927} WARNING - No viable dags retrieved from /Users/pranavr/.pyenv/versions/3.11.6/lib/python3.11/site-packages/airflow/example_dags/plugins/listener_plugin.py
[2025-06-13T14:54:53.149-0400] {processor.py:208} INFO - Processing /Users/pranavr/.pyenv/versions/3.11.6/lib/python3.11/site-packages/airflow/example_dags/plugins/listener_plugin.py took 74.684 seconds
[2025-06-13T14:56:11.368-0400] {processor.py:186} INFO - Started process (PID=14360) to work on /Users/pranavr/.pyenv/versions/3.11.6/lib/python3.11/site-packages/airflow/example_dags/plugins/listener_plugin.py
[2025-06-13T14:56:11.370-0400] {processor.py:914} INFO - Processing file /Users/pranavr/.pyenv/versions/3.11.6/lib/python3.11/site-packages/airflow/example_dags/plugins/listener_plugin.py for tasks to queue
[2025-06-13T14:56:11.371-0400] {logging_mixin.py:190} INFO - [2025-06-13T14:56:11.371-0400] {dagbag.py:588} INFO - Filling up the DagBag from /Users/pranavr/.pyenv/versions/3.11.6/lib/python3.11/site-packages/airflow/example_dags/plugins/listener_plugin.py
[2025-06-13T14:56:11.372-0400] {processor.py:927} WARNING - No viable dags retrieved from /Users/pranavr/.pyenv/versions/3.11.6/lib/python3.11/site-packages/airflow/example_dags/plugins/listener_plugin.py
[2025-06-13T14:56:11.437-0400] {processor.py:208} INFO - Processing /Users/pranavr/.pyenv/versions/3.11.6/lib/python3.11/site-packages/airflow/example_dags/plugins/listener_plugin.py took 70.519 seconds
[2025-06-13T14:57:24.585-0400] {processor.py:186} INFO - Started process (PID=14471) to work on /Users/pranavr/.pyenv/versions/3.11.6/lib/python3.11/site-packages/airflow/example_dags/plugins/listener_plugin.py
[2025-06-13T14:57:24.587-0400] {processor.py:914} INFO - Processing file /Users/pranavr/.pyenv/versions/3.11.6/lib/python3.11/site-packages/airflow/example_dags/plugins/listener_plugin.py for tasks to queue
[2025-06-13T14:57:24.587-0400] {logging_mixin.py:190} INFO - [2025-06-13T14:57:24.587-0400] {dagbag.py:588} INFO - Filling up the DagBag from /Users/pranavr/.pyenv/versions/3.11.6/lib/python3.11/site-packages/airflow/example_dags/plugins/listener_plugin.py
[2025-06-13T14:57:24.588-0400] {processor.py:927} WARNING - No viable dags retrieved from /Users/pranavr/.pyenv/versions/3.11.6/lib/python3.11/site-packages/airflow/example_dags/plugins/listener_plugin.py
[2025-06-13T14:57:24.648-0400] {processor.py:208} INFO - Processing /Users/pranavr/.pyenv/versions/3.11.6/lib/python3.11/site-packages/airflow/example_dags/plugins/listener_plugin.py took 64.317 seconds
[2025-06-13T14:58:49.425-0400] {processor.py:186} INFO - Started process (PID=14705) to work on /Users/pranavr/.pyenv/versions/3.11.6/lib/python3.11/site-packages/airflow/example_dags/plugins/listener_plugin.py
[2025-06-13T14:58:49.427-0400] {processor.py:914} INFO - Processing file /Users/pranavr/.pyenv/versions/3.11.6/lib/python3.11/site-packages/airflow/example_dags/plugins/listener_plugin.py for tasks to queue
[2025-06-13T14:58:49.428-0400] {logging_mixin.py:190} INFO - [2025-06-13T14:58:49.428-0400] {dagbag.py:588} INFO - Filling up the DagBag from /Users/pranavr/.pyenv/versions/3.11.6/lib/python3.11/site-packages/airflow/example_dags/plugins/listener_plugin.py
[2025-06-13T14:58:49.430-0400] {processor.py:927} WARNING - No viable dags retrieved from /Users/pranavr/.pyenv/versions/3.11.6/lib/python3.11/site-packages/airflow/example_dags/plugins/listener_plugin.py
[2025-06-13T14:58:49.496-0400] {processor.py:208} INFO - Processing /Users/pranavr/.pyenv/versions/3.11.6/lib/python3.11/site-packages/airflow/example_dags/plugins/listener_plugin.py took 72.958 seconds
[2025-06-13T15:00:19.397-0400] {processor.py:186} INFO - Started process (PID=15007) to work on /Users/pranavr/.pyenv/versions/3.11.6/lib/python3.11/site-packages/airflow/example_dags/plugins/listener_plugin.py
[2025-06-13T15:00:19.399-0400] {processor.py:914} INFO - Processing file /Users/pranavr/.pyenv/versions/3.11.6/lib/python3.11/site-packages/airflow/example_dags/plugins/listener_plugin.py for tasks to queue
[2025-06-13T15:00:19.399-0400] {logging_mixin.py:190} INFO - [2025-06-13T15:00:19.399-0400] {dagbag.py:588} INFO - Filling up the DagBag from /Users/pranavr/.pyenv/versions/3.11.6/lib/python3.11/site-packages/airflow/example_dags/plugins/listener_plugin.py
[2025-06-13T15:00:19.401-0400] {processor.py:927} WARNING - No viable dags retrieved from /Users/pranavr/.pyenv/versions/3.11.6/lib/python3.11/site-packages/airflow/example_dags/plugins/listener_plugin.py
[2025-06-13T15:00:19.467-0400] {processor.py:208} INFO - Processing /Users/pranavr/.pyenv/versions/3.11.6/lib/python3.11/site-packages/airflow/example_dags/plugins/listener_plugin.py took 71.971 seconds
[2025-06-13T15:02:19.367-0400] {processor.py:186} INFO - Started process (PID=15271) to work on /Users/pranavr/.pyenv/versions/3.11.6/lib/python3.11/site-packages/airflow/example_dags/plugins/listener_plugin.py
[2025-06-13T15:02:19.369-0400] {processor.py:914} INFO - Processing file /Users/pranavr/.pyenv/versions/3.11.6/lib/python3.11/site-packages/airflow/example_dags/plugins/listener_plugin.py for tasks to queue
[2025-06-13T15:02:19.370-0400] {logging_mixin.py:190} INFO - [2025-06-13T15:02:19.370-0400] {dagbag.py:588} INFO - Filling up the DagBag from /Users/pranavr/.pyenv/versions/3.11.6/lib/python3.11/site-packages/airflow/example_dags/plugins/listener_plugin.py
[2025-06-13T15:02:19.371-0400] {processor.py:927} WARNING - No viable dags retrieved from /Users/pranavr/.pyenv/versions/3.11.6/lib/python3.11/site-packages/airflow/example_dags/plugins/listener_plugin.py
[2025-06-13T15:02:19.442-0400] {processor.py:208} INFO - Processing /Users/pranavr/.pyenv/versions/3.11.6/lib/python3.11/site-packages/airflow/example_dags/plugins/listener_plugin.py took 76.702 seconds
[2025-06-13T15:03:55.974-0400] {processor.py:186} INFO - Started process (PID=15768) to work on /Users/pranavr/.pyenv/versions/3.11.6/lib/python3.11/site-packages/airflow/example_dags/plugins/listener_plugin.py
[2025-06-13T15:03:55.977-0400] {processor.py:914} INFO - Processing file /Users/pranavr/.pyenv/versions/3.11.6/lib/python3.11/site-packages/airflow/example_dags/plugins/listener_plugin.py for tasks to queue
[2025-06-13T15:03:55.978-0400] {logging_mixin.py:190} INFO - [2025-06-13T15:03:55.978-0400] {dagbag.py:588} INFO - Filling up the DagBag from /Users/pranavr/.pyenv/versions/3.11.6/lib/python3.11/site-packages/airflow/example_dags/plugins/listener_plugin.py
[2025-06-13T15:03:55.979-0400] {processor.py:927} WARNING - No viable dags retrieved from /Users/pranavr/.pyenv/versions/3.11.6/lib/python3.11/site-packages/airflow/example_dags/plugins/listener_plugin.py
[2025-06-13T15:03:56.050-0400] {processor.py:208} INFO - Processing /Users/pranavr/.pyenv/versions/3.11.6/lib/python3.11/site-packages/airflow/example_dags/plugins/listener_plugin.py took 76.812 seconds
[2025-06-13T15:04:21.064-0400] {processor.py:186} INFO - Started process (PID=15936) to work on /Users/pranavr/.pyenv/versions/3.11.6/lib/python3.11/site-packages/airflow/example_dags/plugins/listener_plugin.py
[2025-06-13T15:04:21.066-0400] {processor.py:914} INFO - Processing file /Users/pranavr/.pyenv/versions/3.11.6/lib/python3.11/site-packages/airflow/example_dags/plugins/listener_plugin.py for tasks to queue
[2025-06-13T15:04:21.066-0400] {logging_mixin.py:190} INFO - [2025-06-13T15:04:21.066-0400] {dagbag.py:588} INFO - Filling up the DagBag from /Users/pranavr/.pyenv/versions/3.11.6/lib/python3.11/site-packages/airflow/example_dags/plugins/listener_plugin.py
[2025-06-13T15:04:21.068-0400] {processor.py:927} WARNING - No viable dags retrieved from /Users/pranavr/.pyenv/versions/3.11.6/lib/python3.11/site-packages/airflow/example_dags/plugins/listener_plugin.py
[2025-06-13T15:04:21.137-0400] {processor.py:208} INFO - Processing /Users/pranavr/.pyenv/versions/3.11.6/lib/python3.11/site-packages/airflow/example_dags/plugins/listener_plugin.py took 74.947 seconds
[2025-06-13T15:06:17.219-0400] {processor.py:186} INFO - Started process (PID=16283) to work on /Users/pranavr/.pyenv/versions/3.11.6/lib/python3.11/site-packages/airflow/example_dags/plugins/listener_plugin.py
[2025-06-13T15:06:17.221-0400] {processor.py:914} INFO - Processing file /Users/pranavr/.pyenv/versions/3.11.6/lib/python3.11/site-packages/airflow/example_dags/plugins/listener_plugin.py for tasks to queue
[2025-06-13T15:06:17.221-0400] {logging_mixin.py:190} INFO - [2025-06-13T15:06:17.221-0400] {dagbag.py:588} INFO - Filling up the DagBag from /Users/pranavr/.pyenv/versions/3.11.6/lib/python3.11/site-packages/airflow/example_dags/plugins/listener_plugin.py
[2025-06-13T15:06:17.223-0400] {processor.py:927} WARNING - No viable dags retrieved from /Users/pranavr/.pyenv/versions/3.11.6/lib/python3.11/site-packages/airflow/example_dags/plugins/listener_plugin.py
[2025-06-13T15:06:17.292-0400] {processor.py:208} INFO - Processing /Users/pranavr/.pyenv/versions/3.11.6/lib/python3.11/site-packages/airflow/example_dags/plugins/listener_plugin.py took 74.606 seconds
[2025-06-13T15:07:39.118-0400] {processor.py:186} INFO - Started process (PID=16430) to work on /Users/pranavr/.pyenv/versions/3.11.6/lib/python3.11/site-packages/airflow/example_dags/plugins/listener_plugin.py
[2025-06-13T15:07:39.120-0400] {processor.py:914} INFO - Processing file /Users/pranavr/.pyenv/versions/3.11.6/lib/python3.11/site-packages/airflow/example_dags/plugins/listener_plugin.py for tasks to queue
[2025-06-13T15:07:39.120-0400] {logging_mixin.py:190} INFO - [2025-06-13T15:07:39.120-0400] {dagbag.py:588} INFO - Filling up the DagBag from /Users/pranavr/.pyenv/versions/3.11.6/lib/python3.11/site-packages/airflow/example_dags/plugins/listener_plugin.py
[2025-06-13T15:07:39.121-0400] {processor.py:927} WARNING - No viable dags retrieved from /Users/pranavr/.pyenv/versions/3.11.6/lib/python3.11/site-packages/airflow/example_dags/plugins/listener_plugin.py
[2025-06-13T15:07:39.188-0400] {processor.py:208} INFO - Processing /Users/pranavr/.pyenv/versions/3.11.6/lib/python3.11/site-packages/airflow/example_dags/plugins/listener_plugin.py took 71.773 seconds
[2025-06-13T15:08:56.407-0400] {processor.py:186} INFO - Started process (PID=16525) to work on /Users/pranavr/.pyenv/versions/3.11.6/lib/python3.11/site-packages/airflow/example_dags/plugins/listener_plugin.py
[2025-06-13T15:08:56.409-0400] {processor.py:914} INFO - Processing file /Users/pranavr/.pyenv/versions/3.11.6/lib/python3.11/site-packages/airflow/example_dags/plugins/listener_plugin.py for tasks to queue
[2025-06-13T15:08:56.410-0400] {logging_mixin.py:190} INFO - [2025-06-13T15:08:56.410-0400] {dagbag.py:588} INFO - Filling up the DagBag from /Users/pranavr/.pyenv/versions/3.11.6/lib/python3.11/site-packages/airflow/example_dags/plugins/listener_plugin.py
[2025-06-13T15:08:56.411-0400] {processor.py:927} WARNING - No viable dags retrieved from /Users/pranavr/.pyenv/versions/3.11.6/lib/python3.11/site-packages/airflow/example_dags/plugins/listener_plugin.py
[2025-06-13T15:08:56.476-0400] {processor.py:208} INFO - Processing /Users/pranavr/.pyenv/versions/3.11.6/lib/python3.11/site-packages/airflow/example_dags/plugins/listener_plugin.py took 70.202 seconds
[2025-06-13T15:10:21.148-0400] {processor.py:186} INFO - Started process (PID=16764) to work on /Users/pranavr/.pyenv/versions/3.11.6/lib/python3.11/site-packages/airflow/example_dags/plugins/listener_plugin.py
[2025-06-13T15:10:21.150-0400] {processor.py:914} INFO - Processing file /Users/pranavr/.pyenv/versions/3.11.6/lib/python3.11/site-packages/airflow/example_dags/plugins/listener_plugin.py for tasks to queue
[2025-06-13T15:10:21.150-0400] {logging_mixin.py:190} INFO - [2025-06-13T15:10:21.150-0400] {dagbag.py:588} INFO - Filling up the DagBag from /Users/pranavr/.pyenv/versions/3.11.6/lib/python3.11/site-packages/airflow/example_dags/plugins/listener_plugin.py
[2025-06-13T15:10:21.152-0400] {processor.py:927} WARNING - No viable dags retrieved from /Users/pranavr/.pyenv/versions/3.11.6/lib/python3.11/site-packages/airflow/example_dags/plugins/listener_plugin.py
[2025-06-13T15:10:21.229-0400] {processor.py:208} INFO - Processing /Users/pranavr/.pyenv/versions/3.11.6/lib/python3.11/site-packages/airflow/example_dags/plugins/listener_plugin.py took 82.346 seconds
[2025-06-13T15:11:48.918-0400] {processor.py:186} INFO - Started process (PID=16886) to work on /Users/pranavr/.pyenv/versions/3.11.6/lib/python3.11/site-packages/airflow/example_dags/plugins/listener_plugin.py
[2025-06-13T15:11:48.920-0400] {processor.py:914} INFO - Processing file /Users/pranavr/.pyenv/versions/3.11.6/lib/python3.11/site-packages/airflow/example_dags/plugins/listener_plugin.py for tasks to queue
[2025-06-13T15:11:48.921-0400] {logging_mixin.py:190} INFO - [2025-06-13T15:11:48.921-0400] {dagbag.py:588} INFO - Filling up the DagBag from /Users/pranavr/.pyenv/versions/3.11.6/lib/python3.11/site-packages/airflow/example_dags/plugins/listener_plugin.py
[2025-06-13T15:11:48.922-0400] {processor.py:927} WARNING - No viable dags retrieved from /Users/pranavr/.pyenv/versions/3.11.6/lib/python3.11/site-packages/airflow/example_dags/plugins/listener_plugin.py
[2025-06-13T15:11:48.993-0400] {processor.py:208} INFO - Processing /Users/pranavr/.pyenv/versions/3.11.6/lib/python3.11/site-packages/airflow/example_dags/plugins/listener_plugin.py took 76.839 seconds
[2025-06-13T15:13:14.090-0400] {processor.py:186} INFO - Started process (PID=17068) to work on /Users/pranavr/.pyenv/versions/3.11.6/lib/python3.11/site-packages/airflow/example_dags/plugins/listener_plugin.py
[2025-06-13T15:13:14.093-0400] {processor.py:914} INFO - Processing file /Users/pranavr/.pyenv/versions/3.11.6/lib/python3.11/site-packages/airflow/example_dags/plugins/listener_plugin.py for tasks to queue
[2025-06-13T15:13:14.093-0400] {logging_mixin.py:190} INFO - [2025-06-13T15:13:14.093-0400] {dagbag.py:588} INFO - Filling up the DagBag from /Users/pranavr/.pyenv/versions/3.11.6/lib/python3.11/site-packages/airflow/example_dags/plugins/listener_plugin.py
[2025-06-13T15:13:14.095-0400] {processor.py:927} WARNING - No viable dags retrieved from /Users/pranavr/.pyenv/versions/3.11.6/lib/python3.11/site-packages/airflow/example_dags/plugins/listener_plugin.py
[2025-06-13T15:13:14.162-0400] {processor.py:208} INFO - Processing /Users/pranavr/.pyenv/versions/3.11.6/lib/python3.11/site-packages/airflow/example_dags/plugins/listener_plugin.py took 73.450 seconds
[2025-06-13T15:18:34.433-0400] {processor.py:186} INFO - Started process (PID=17740) to work on /Users/pranavr/.pyenv/versions/3.11.6/lib/python3.11/site-packages/airflow/example_dags/plugins/listener_plugin.py
[2025-06-13T15:18:34.435-0400] {processor.py:914} INFO - Processing file /Users/pranavr/.pyenv/versions/3.11.6/lib/python3.11/site-packages/airflow/example_dags/plugins/listener_plugin.py for tasks to queue
[2025-06-13T15:18:34.436-0400] {logging_mixin.py:190} INFO - [2025-06-13T15:18:34.436-0400] {dagbag.py:588} INFO - Filling up the DagBag from /Users/pranavr/.pyenv/versions/3.11.6/lib/python3.11/site-packages/airflow/example_dags/plugins/listener_plugin.py
[2025-06-13T15:18:34.438-0400] {processor.py:927} WARNING - No viable dags retrieved from /Users/pranavr/.pyenv/versions/3.11.6/lib/python3.11/site-packages/airflow/example_dags/plugins/listener_plugin.py
[2025-06-13T15:18:34.518-0400] {processor.py:208} INFO - Processing /Users/pranavr/.pyenv/versions/3.11.6/lib/python3.11/site-packages/airflow/example_dags/plugins/listener_plugin.py took 86.452 seconds
[2025-06-13T15:20:29.887-0400] {processor.py:186} INFO - Started process (PID=17889) to work on /Users/pranavr/.pyenv/versions/3.11.6/lib/python3.11/site-packages/airflow/example_dags/plugins/listener_plugin.py
[2025-06-13T15:20:29.889-0400] {processor.py:914} INFO - Processing file /Users/pranavr/.pyenv/versions/3.11.6/lib/python3.11/site-packages/airflow/example_dags/plugins/listener_plugin.py for tasks to queue
[2025-06-13T15:20:29.890-0400] {logging_mixin.py:190} INFO - [2025-06-13T15:20:29.890-0400] {dagbag.py:588} INFO - Filling up the DagBag from /Users/pranavr/.pyenv/versions/3.11.6/lib/python3.11/site-packages/airflow/example_dags/plugins/listener_plugin.py
[2025-06-13T15:20:29.891-0400] {processor.py:927} WARNING - No viable dags retrieved from /Users/pranavr/.pyenv/versions/3.11.6/lib/python3.11/site-packages/airflow/example_dags/plugins/listener_plugin.py
[2025-06-13T15:20:29.959-0400] {processor.py:208} INFO - Processing /Users/pranavr/.pyenv/versions/3.11.6/lib/python3.11/site-packages/airflow/example_dags/plugins/listener_plugin.py took 73.001 seconds
[2025-06-13T15:24:39.848-0400] {processor.py:186} INFO - Started process (PID=18830) to work on /Users/pranavr/.pyenv/versions/3.11.6/lib/python3.11/site-packages/airflow/example_dags/plugins/listener_plugin.py
[2025-06-13T15:24:39.850-0400] {processor.py:914} INFO - Processing file /Users/pranavr/.pyenv/versions/3.11.6/lib/python3.11/site-packages/airflow/example_dags/plugins/listener_plugin.py for tasks to queue
[2025-06-13T15:24:39.851-0400] {logging_mixin.py:190} INFO - [2025-06-13T15:24:39.851-0400] {dagbag.py:588} INFO - Filling up the DagBag from /Users/pranavr/.pyenv/versions/3.11.6/lib/python3.11/site-packages/airflow/example_dags/plugins/listener_plugin.py
[2025-06-13T15:24:39.852-0400] {processor.py:927} WARNING - No viable dags retrieved from /Users/pranavr/.pyenv/versions/3.11.6/lib/python3.11/site-packages/airflow/example_dags/plugins/listener_plugin.py
[2025-06-13T15:24:39.923-0400] {processor.py:208} INFO - Processing /Users/pranavr/.pyenv/versions/3.11.6/lib/python3.11/site-packages/airflow/example_dags/plugins/listener_plugin.py took 76.728 seconds
[2025-06-13T15:26:51.335-0400] {processor.py:186} INFO - Started process (PID=19059) to work on /Users/pranavr/.pyenv/versions/3.11.6/lib/python3.11/site-packages/airflow/example_dags/plugins/listener_plugin.py
[2025-06-13T15:26:51.337-0400] {processor.py:914} INFO - Processing file /Users/pranavr/.pyenv/versions/3.11.6/lib/python3.11/site-packages/airflow/example_dags/plugins/listener_plugin.py for tasks to queue
[2025-06-13T15:26:51.338-0400] {logging_mixin.py:190} INFO - [2025-06-13T15:26:51.338-0400] {dagbag.py:588} INFO - Filling up the DagBag from /Users/pranavr/.pyenv/versions/3.11.6/lib/python3.11/site-packages/airflow/example_dags/plugins/listener_plugin.py
[2025-06-13T15:26:51.340-0400] {processor.py:927} WARNING - No viable dags retrieved from /Users/pranavr/.pyenv/versions/3.11.6/lib/python3.11/site-packages/airflow/example_dags/plugins/listener_plugin.py
[2025-06-13T15:26:51.417-0400] {processor.py:208} INFO - Processing /Users/pranavr/.pyenv/versions/3.11.6/lib/python3.11/site-packages/airflow/example_dags/plugins/listener_plugin.py took 83.281 seconds
[2025-06-13T15:27:32.483-0400] {processor.py:186} INFO - Started process (PID=19362) to work on /Users/pranavr/.pyenv/versions/3.11.6/lib/python3.11/site-packages/airflow/example_dags/plugins/listener_plugin.py
[2025-06-13T15:27:32.485-0400] {processor.py:914} INFO - Processing file /Users/pranavr/.pyenv/versions/3.11.6/lib/python3.11/site-packages/airflow/example_dags/plugins/listener_plugin.py for tasks to queue
[2025-06-13T15:27:32.486-0400] {logging_mixin.py:190} INFO - [2025-06-13T15:27:32.486-0400] {dagbag.py:588} INFO - Filling up the DagBag from /Users/pranavr/.pyenv/versions/3.11.6/lib/python3.11/site-packages/airflow/example_dags/plugins/listener_plugin.py
[2025-06-13T15:27:32.487-0400] {processor.py:927} WARNING - No viable dags retrieved from /Users/pranavr/.pyenv/versions/3.11.6/lib/python3.11/site-packages/airflow/example_dags/plugins/listener_plugin.py
[2025-06-13T15:27:32.559-0400] {processor.py:208} INFO - Processing /Users/pranavr/.pyenv/versions/3.11.6/lib/python3.11/site-packages/airflow/example_dags/plugins/listener_plugin.py took 77.068 seconds
[2025-06-13T15:28:54.382-0400] {processor.py:186} INFO - Started process (PID=19646) to work on /Users/pranavr/.pyenv/versions/3.11.6/lib/python3.11/site-packages/airflow/example_dags/plugins/listener_plugin.py
[2025-06-13T15:28:54.384-0400] {processor.py:914} INFO - Processing file /Users/pranavr/.pyenv/versions/3.11.6/lib/python3.11/site-packages/airflow/example_dags/plugins/listener_plugin.py for tasks to queue
[2025-06-13T15:28:54.385-0400] {logging_mixin.py:190} INFO - [2025-06-13T15:28:54.385-0400] {dagbag.py:588} INFO - Filling up the DagBag from /Users/pranavr/.pyenv/versions/3.11.6/lib/python3.11/site-packages/airflow/example_dags/plugins/listener_plugin.py
[2025-06-13T15:28:54.387-0400] {processor.py:927} WARNING - No viable dags retrieved from /Users/pranavr/.pyenv/versions/3.11.6/lib/python3.11/site-packages/airflow/example_dags/plugins/listener_plugin.py
[2025-06-13T15:28:54.456-0400] {processor.py:208} INFO - Processing /Users/pranavr/.pyenv/versions/3.11.6/lib/python3.11/site-packages/airflow/example_dags/plugins/listener_plugin.py took 75.858 seconds
[2025-06-13T15:30:03.398-0400] {processor.py:186} INFO - Started process (PID=19780) to work on /Users/pranavr/.pyenv/versions/3.11.6/lib/python3.11/site-packages/airflow/example_dags/plugins/listener_plugin.py
[2025-06-13T15:30:03.400-0400] {processor.py:914} INFO - Processing file /Users/pranavr/.pyenv/versions/3.11.6/lib/python3.11/site-packages/airflow/example_dags/plugins/listener_plugin.py for tasks to queue
[2025-06-13T15:30:03.401-0400] {logging_mixin.py:190} INFO - [2025-06-13T15:30:03.401-0400] {dagbag.py:588} INFO - Filling up the DagBag from /Users/pranavr/.pyenv/versions/3.11.6/lib/python3.11/site-packages/airflow/example_dags/plugins/listener_plugin.py
[2025-06-13T15:30:03.402-0400] {processor.py:927} WARNING - No viable dags retrieved from /Users/pranavr/.pyenv/versions/3.11.6/lib/python3.11/site-packages/airflow/example_dags/plugins/listener_plugin.py
[2025-06-13T15:30:03.471-0400] {processor.py:208} INFO - Processing /Users/pranavr/.pyenv/versions/3.11.6/lib/python3.11/site-packages/airflow/example_dags/plugins/listener_plugin.py took 74.261 seconds
[2025-06-13T15:32:06.118-0400] {processor.py:186} INFO - Started process (PID=19997) to work on /Users/pranavr/.pyenv/versions/3.11.6/lib/python3.11/site-packages/airflow/example_dags/plugins/listener_plugin.py
[2025-06-13T15:32:06.120-0400] {processor.py:914} INFO - Processing file /Users/pranavr/.pyenv/versions/3.11.6/lib/python3.11/site-packages/airflow/example_dags/plugins/listener_plugin.py for tasks to queue
[2025-06-13T15:32:06.120-0400] {logging_mixin.py:190} INFO - [2025-06-13T15:32:06.120-0400] {dagbag.py:588} INFO - Filling up the DagBag from /Users/pranavr/.pyenv/versions/3.11.6/lib/python3.11/site-packages/airflow/example_dags/plugins/listener_plugin.py
[2025-06-13T15:32:06.122-0400] {processor.py:927} WARNING - No viable dags retrieved from /Users/pranavr/.pyenv/versions/3.11.6/lib/python3.11/site-packages/airflow/example_dags/plugins/listener_plugin.py
[2025-06-13T15:32:06.189-0400] {processor.py:208} INFO - Processing /Users/pranavr/.pyenv/versions/3.11.6/lib/python3.11/site-packages/airflow/example_dags/plugins/listener_plugin.py took 72.809 seconds
[2025-06-13T15:35:35.748-0400] {processor.py:186} INFO - Started process (PID=20360) to work on /Users/pranavr/.pyenv/versions/3.11.6/lib/python3.11/site-packages/airflow/example_dags/plugins/listener_plugin.py
[2025-06-13T15:35:35.750-0400] {processor.py:914} INFO - Processing file /Users/pranavr/.pyenv/versions/3.11.6/lib/python3.11/site-packages/airflow/example_dags/plugins/listener_plugin.py for tasks to queue
[2025-06-13T15:35:35.750-0400] {logging_mixin.py:190} INFO - [2025-06-13T15:35:35.750-0400] {dagbag.py:588} INFO - Filling up the DagBag from /Users/pranavr/.pyenv/versions/3.11.6/lib/python3.11/site-packages/airflow/example_dags/plugins/listener_plugin.py
[2025-06-13T15:35:35.752-0400] {processor.py:927} WARNING - No viable dags retrieved from /Users/pranavr/.pyenv/versions/3.11.6/lib/python3.11/site-packages/airflow/example_dags/plugins/listener_plugin.py
[2025-06-13T15:35:35.822-0400] {processor.py:208} INFO - Processing /Users/pranavr/.pyenv/versions/3.11.6/lib/python3.11/site-packages/airflow/example_dags/plugins/listener_plugin.py took 75.740 seconds
[2025-06-13T15:37:39.278-0400] {processor.py:186} INFO - Started process (PID=20682) to work on /Users/pranavr/.pyenv/versions/3.11.6/lib/python3.11/site-packages/airflow/example_dags/plugins/listener_plugin.py
[2025-06-13T15:37:39.280-0400] {processor.py:914} INFO - Processing file /Users/pranavr/.pyenv/versions/3.11.6/lib/python3.11/site-packages/airflow/example_dags/plugins/listener_plugin.py for tasks to queue
[2025-06-13T15:37:39.280-0400] {logging_mixin.py:190} INFO - [2025-06-13T15:37:39.280-0400] {dagbag.py:588} INFO - Filling up the DagBag from /Users/pranavr/.pyenv/versions/3.11.6/lib/python3.11/site-packages/airflow/example_dags/plugins/listener_plugin.py
[2025-06-13T15:37:39.282-0400] {processor.py:927} WARNING - No viable dags retrieved from /Users/pranavr/.pyenv/versions/3.11.6/lib/python3.11/site-packages/airflow/example_dags/plugins/listener_plugin.py
[2025-06-13T15:37:39.352-0400] {processor.py:208} INFO - Processing /Users/pranavr/.pyenv/versions/3.11.6/lib/python3.11/site-packages/airflow/example_dags/plugins/listener_plugin.py took 75.459 seconds
[2025-06-13T15:39:03.320-0400] {processor.py:186} INFO - Started process (PID=20807) to work on /Users/pranavr/.pyenv/versions/3.11.6/lib/python3.11/site-packages/airflow/example_dags/plugins/listener_plugin.py
[2025-06-13T15:39:03.323-0400] {processor.py:914} INFO - Processing file /Users/pranavr/.pyenv/versions/3.11.6/lib/python3.11/site-packages/airflow/example_dags/plugins/listener_plugin.py for tasks to queue
[2025-06-13T15:39:03.323-0400] {logging_mixin.py:190} INFO - [2025-06-13T15:39:03.323-0400] {dagbag.py:588} INFO - Filling up the DagBag from /Users/pranavr/.pyenv/versions/3.11.6/lib/python3.11/site-packages/airflow/example_dags/plugins/listener_plugin.py
[2025-06-13T15:39:03.325-0400] {processor.py:927} WARNING - No viable dags retrieved from /Users/pranavr/.pyenv/versions/3.11.6/lib/python3.11/site-packages/airflow/example_dags/plugins/listener_plugin.py
[2025-06-13T15:39:03.392-0400] {processor.py:208} INFO - Processing /Users/pranavr/.pyenv/versions/3.11.6/lib/python3.11/site-packages/airflow/example_dags/plugins/listener_plugin.py took 72.994 seconds
[2025-06-13T15:40:28.096-0400] {processor.py:186} INFO - Started process (PID=20937) to work on /Users/pranavr/.pyenv/versions/3.11.6/lib/python3.11/site-packages/airflow/example_dags/plugins/listener_plugin.py
[2025-06-13T15:40:28.099-0400] {processor.py:914} INFO - Processing file /Users/pranavr/.pyenv/versions/3.11.6/lib/python3.11/site-packages/airflow/example_dags/plugins/listener_plugin.py for tasks to queue
[2025-06-13T15:40:28.099-0400] {logging_mixin.py:190} INFO - [2025-06-13T15:40:28.099-0400] {dagbag.py:588} INFO - Filling up the DagBag from /Users/pranavr/.pyenv/versions/3.11.6/lib/python3.11/site-packages/airflow/example_dags/plugins/listener_plugin.py
[2025-06-13T15:40:28.100-0400] {processor.py:927} WARNING - No viable dags retrieved from /Users/pranavr/.pyenv/versions/3.11.6/lib/python3.11/site-packages/airflow/example_dags/plugins/listener_plugin.py
[2025-06-13T15:40:28.180-0400] {processor.py:208} INFO - Processing /Users/pranavr/.pyenv/versions/3.11.6/lib/python3.11/site-packages/airflow/example_dags/plugins/listener_plugin.py took 85.442 seconds
[2025-06-13T15:41:56.539-0400] {processor.py:186} INFO - Started process (PID=21085) to work on /Users/pranavr/.pyenv/versions/3.11.6/lib/python3.11/site-packages/airflow/example_dags/plugins/listener_plugin.py
[2025-06-13T15:41:56.541-0400] {processor.py:914} INFO - Processing file /Users/pranavr/.pyenv/versions/3.11.6/lib/python3.11/site-packages/airflow/example_dags/plugins/listener_plugin.py for tasks to queue
[2025-06-13T15:41:56.542-0400] {logging_mixin.py:190} INFO - [2025-06-13T15:41:56.542-0400] {dagbag.py:588} INFO - Filling up the DagBag from /Users/pranavr/.pyenv/versions/3.11.6/lib/python3.11/site-packages/airflow/example_dags/plugins/listener_plugin.py
[2025-06-13T15:41:56.544-0400] {processor.py:927} WARNING - No viable dags retrieved from /Users/pranavr/.pyenv/versions/3.11.6/lib/python3.11/site-packages/airflow/example_dags/plugins/listener_plugin.py
[2025-06-13T15:41:56.613-0400] {processor.py:208} INFO - Processing /Users/pranavr/.pyenv/versions/3.11.6/lib/python3.11/site-packages/airflow/example_dags/plugins/listener_plugin.py took 76.179 seconds
[2025-06-13T15:43:07.890-0400] {processor.py:186} INFO - Started process (PID=21461) to work on /Users/pranavr/.pyenv/versions/3.11.6/lib/python3.11/site-packages/airflow/example_dags/plugins/listener_plugin.py
[2025-06-13T15:43:07.893-0400] {processor.py:914} INFO - Processing file /Users/pranavr/.pyenv/versions/3.11.6/lib/python3.11/site-packages/airflow/example_dags/plugins/listener_plugin.py for tasks to queue
[2025-06-13T15:43:07.893-0400] {logging_mixin.py:190} INFO - [2025-06-13T15:43:07.893-0400] {dagbag.py:588} INFO - Filling up the DagBag from /Users/pranavr/.pyenv/versions/3.11.6/lib/python3.11/site-packages/airflow/example_dags/plugins/listener_plugin.py
[2025-06-13T15:43:07.895-0400] {processor.py:927} WARNING - No viable dags retrieved from /Users/pranavr/.pyenv/versions/3.11.6/lib/python3.11/site-packages/airflow/example_dags/plugins/listener_plugin.py
[2025-06-13T15:43:07.967-0400] {processor.py:208} INFO - Processing /Users/pranavr/.pyenv/versions/3.11.6/lib/python3.11/site-packages/airflow/example_dags/plugins/listener_plugin.py took 78.460 seconds
[2025-06-13T15:45:13.512-0400] {processor.py:186} INFO - Started process (PID=21841) to work on /Users/pranavr/.pyenv/versions/3.11.6/lib/python3.11/site-packages/airflow/example_dags/plugins/listener_plugin.py
[2025-06-13T15:45:13.514-0400] {processor.py:914} INFO - Processing file /Users/pranavr/.pyenv/versions/3.11.6/lib/python3.11/site-packages/airflow/example_dags/plugins/listener_plugin.py for tasks to queue
[2025-06-13T15:45:13.515-0400] {logging_mixin.py:190} INFO - [2025-06-13T15:45:13.515-0400] {dagbag.py:588} INFO - Filling up the DagBag from /Users/pranavr/.pyenv/versions/3.11.6/lib/python3.11/site-packages/airflow/example_dags/plugins/listener_plugin.py
[2025-06-13T15:45:13.517-0400] {processor.py:927} WARNING - No viable dags retrieved from /Users/pranavr/.pyenv/versions/3.11.6/lib/python3.11/site-packages/airflow/example_dags/plugins/listener_plugin.py
[2025-06-13T15:45:13.587-0400] {processor.py:208} INFO - Processing /Users/pranavr/.pyenv/versions/3.11.6/lib/python3.11/site-packages/airflow/example_dags/plugins/listener_plugin.py took 75.820 seconds
[2025-06-13T15:46:42.957-0400] {processor.py:186} INFO - Started process (PID=22017) to work on /Users/pranavr/.pyenv/versions/3.11.6/lib/python3.11/site-packages/airflow/example_dags/plugins/listener_plugin.py
[2025-06-13T15:46:42.960-0400] {processor.py:914} INFO - Processing file /Users/pranavr/.pyenv/versions/3.11.6/lib/python3.11/site-packages/airflow/example_dags/plugins/listener_plugin.py for tasks to queue
[2025-06-13T15:46:42.960-0400] {logging_mixin.py:190} INFO - [2025-06-13T15:46:42.960-0400] {dagbag.py:588} INFO - Filling up the DagBag from /Users/pranavr/.pyenv/versions/3.11.6/lib/python3.11/site-packages/airflow/example_dags/plugins/listener_plugin.py
[2025-06-13T15:46:42.962-0400] {processor.py:927} WARNING - No viable dags retrieved from /Users/pranavr/.pyenv/versions/3.11.6/lib/python3.11/site-packages/airflow/example_dags/plugins/listener_plugin.py
[2025-06-13T15:46:43.031-0400] {processor.py:208} INFO - Processing /Users/pranavr/.pyenv/versions/3.11.6/lib/python3.11/site-packages/airflow/example_dags/plugins/listener_plugin.py took 74.822 seconds
[2025-06-13T15:48:09.333-0400] {processor.py:186} INFO - Started process (PID=22130) to work on /Users/pranavr/.pyenv/versions/3.11.6/lib/python3.11/site-packages/airflow/example_dags/plugins/listener_plugin.py
[2025-06-13T15:48:09.335-0400] {processor.py:914} INFO - Processing file /Users/pranavr/.pyenv/versions/3.11.6/lib/python3.11/site-packages/airflow/example_dags/plugins/listener_plugin.py for tasks to queue
[2025-06-13T15:48:09.336-0400] {logging_mixin.py:190} INFO - [2025-06-13T15:48:09.336-0400] {dagbag.py:588} INFO - Filling up the DagBag from /Users/pranavr/.pyenv/versions/3.11.6/lib/python3.11/site-packages/airflow/example_dags/plugins/listener_plugin.py
[2025-06-13T15:48:09.337-0400] {processor.py:927} WARNING - No viable dags retrieved from /Users/pranavr/.pyenv/versions/3.11.6/lib/python3.11/site-packages/airflow/example_dags/plugins/listener_plugin.py
[2025-06-13T15:48:09.403-0400] {processor.py:208} INFO - Processing /Users/pranavr/.pyenv/versions/3.11.6/lib/python3.11/site-packages/airflow/example_dags/plugins/listener_plugin.py took 70.948 seconds
[2025-06-13T15:49:35.034-0400] {processor.py:186} INFO - Started process (PID=22282) to work on /Users/pranavr/.pyenv/versions/3.11.6/lib/python3.11/site-packages/airflow/example_dags/plugins/listener_plugin.py
[2025-06-13T15:49:35.036-0400] {processor.py:914} INFO - Processing file /Users/pranavr/.pyenv/versions/3.11.6/lib/python3.11/site-packages/airflow/example_dags/plugins/listener_plugin.py for tasks to queue
[2025-06-13T15:49:35.037-0400] {logging_mixin.py:190} INFO - [2025-06-13T15:49:35.036-0400] {dagbag.py:588} INFO - Filling up the DagBag from /Users/pranavr/.pyenv/versions/3.11.6/lib/python3.11/site-packages/airflow/example_dags/plugins/listener_plugin.py
[2025-06-13T15:49:35.038-0400] {processor.py:927} WARNING - No viable dags retrieved from /Users/pranavr/.pyenv/versions/3.11.6/lib/python3.11/site-packages/airflow/example_dags/plugins/listener_plugin.py
[2025-06-13T15:49:35.112-0400] {processor.py:208} INFO - Processing /Users/pranavr/.pyenv/versions/3.11.6/lib/python3.11/site-packages/airflow/example_dags/plugins/listener_plugin.py took 80.501 seconds
[2025-06-13T15:50:57.184-0400] {processor.py:186} INFO - Started process (PID=22401) to work on /Users/pranavr/.pyenv/versions/3.11.6/lib/python3.11/site-packages/airflow/example_dags/plugins/listener_plugin.py
[2025-06-13T15:50:57.186-0400] {processor.py:914} INFO - Processing file /Users/pranavr/.pyenv/versions/3.11.6/lib/python3.11/site-packages/airflow/example_dags/plugins/listener_plugin.py for tasks to queue
[2025-06-13T15:50:57.187-0400] {logging_mixin.py:190} INFO - [2025-06-13T15:50:57.186-0400] {dagbag.py:588} INFO - Filling up the DagBag from /Users/pranavr/.pyenv/versions/3.11.6/lib/python3.11/site-packages/airflow/example_dags/plugins/listener_plugin.py
[2025-06-13T15:50:57.188-0400] {processor.py:927} WARNING - No viable dags retrieved from /Users/pranavr/.pyenv/versions/3.11.6/lib/python3.11/site-packages/airflow/example_dags/plugins/listener_plugin.py
[2025-06-13T15:50:57.261-0400] {processor.py:208} INFO - Processing /Users/pranavr/.pyenv/versions/3.11.6/lib/python3.11/site-packages/airflow/example_dags/plugins/listener_plugin.py took 78.085 seconds
[2025-06-13T15:52:09.147-0400] {processor.py:186} INFO - Started process (PID=22615) to work on /Users/pranavr/.pyenv/versions/3.11.6/lib/python3.11/site-packages/airflow/example_dags/plugins/listener_plugin.py
[2025-06-13T15:52:09.148-0400] {processor.py:914} INFO - Processing file /Users/pranavr/.pyenv/versions/3.11.6/lib/python3.11/site-packages/airflow/example_dags/plugins/listener_plugin.py for tasks to queue
[2025-06-13T15:52:09.149-0400] {logging_mixin.py:190} INFO - [2025-06-13T15:52:09.149-0400] {dagbag.py:588} INFO - Filling up the DagBag from /Users/pranavr/.pyenv/versions/3.11.6/lib/python3.11/site-packages/airflow/example_dags/plugins/listener_plugin.py
[2025-06-13T15:52:09.150-0400] {processor.py:927} WARNING - No viable dags retrieved from /Users/pranavr/.pyenv/versions/3.11.6/lib/python3.11/site-packages/airflow/example_dags/plugins/listener_plugin.py
[2025-06-13T15:52:09.214-0400] {processor.py:208} INFO - Processing /Users/pranavr/.pyenv/versions/3.11.6/lib/python3.11/site-packages/airflow/example_dags/plugins/listener_plugin.py took 68.585 seconds
[2025-06-13T15:53:25.048-0400] {processor.py:186} INFO - Started process (PID=22730) to work on /Users/pranavr/.pyenv/versions/3.11.6/lib/python3.11/site-packages/airflow/example_dags/plugins/listener_plugin.py
[2025-06-13T15:53:25.049-0400] {processor.py:914} INFO - Processing file /Users/pranavr/.pyenv/versions/3.11.6/lib/python3.11/site-packages/airflow/example_dags/plugins/listener_plugin.py for tasks to queue
[2025-06-13T15:53:25.050-0400] {logging_mixin.py:190} INFO - [2025-06-13T15:53:25.050-0400] {dagbag.py:588} INFO - Filling up the DagBag from /Users/pranavr/.pyenv/versions/3.11.6/lib/python3.11/site-packages/airflow/example_dags/plugins/listener_plugin.py
[2025-06-13T15:53:25.051-0400] {processor.py:927} WARNING - No viable dags retrieved from /Users/pranavr/.pyenv/versions/3.11.6/lib/python3.11/site-packages/airflow/example_dags/plugins/listener_plugin.py
[2025-06-13T15:53:25.109-0400] {processor.py:208} INFO - Processing /Users/pranavr/.pyenv/versions/3.11.6/lib/python3.11/site-packages/airflow/example_dags/plugins/listener_plugin.py took 62.015 seconds
[2025-06-13T15:54:39.058-0400] {processor.py:186} INFO - Started process (PID=22875) to work on /Users/pranavr/.pyenv/versions/3.11.6/lib/python3.11/site-packages/airflow/example_dags/plugins/listener_plugin.py
[2025-06-13T15:54:39.060-0400] {processor.py:914} INFO - Processing file /Users/pranavr/.pyenv/versions/3.11.6/lib/python3.11/site-packages/airflow/example_dags/plugins/listener_plugin.py for tasks to queue
[2025-06-13T15:54:39.060-0400] {logging_mixin.py:190} INFO - [2025-06-13T15:54:39.060-0400] {dagbag.py:588} INFO - Filling up the DagBag from /Users/pranavr/.pyenv/versions/3.11.6/lib/python3.11/site-packages/airflow/example_dags/plugins/listener_plugin.py
[2025-06-13T15:54:39.061-0400] {processor.py:927} WARNING - No viable dags retrieved from /Users/pranavr/.pyenv/versions/3.11.6/lib/python3.11/site-packages/airflow/example_dags/plugins/listener_plugin.py
[2025-06-13T15:54:39.125-0400] {processor.py:208} INFO - Processing /Users/pranavr/.pyenv/versions/3.11.6/lib/python3.11/site-packages/airflow/example_dags/plugins/listener_plugin.py took 68.657 seconds
[2025-06-13T15:55:50.115-0400] {processor.py:186} INFO - Started process (PID=22966) to work on /Users/pranavr/.pyenv/versions/3.11.6/lib/python3.11/site-packages/airflow/example_dags/plugins/listener_plugin.py
[2025-06-13T15:55:50.117-0400] {processor.py:914} INFO - Processing file /Users/pranavr/.pyenv/versions/3.11.6/lib/python3.11/site-packages/airflow/example_dags/plugins/listener_plugin.py for tasks to queue
[2025-06-13T15:55:50.117-0400] {logging_mixin.py:190} INFO - [2025-06-13T15:55:50.117-0400] {dagbag.py:588} INFO - Filling up the DagBag from /Users/pranavr/.pyenv/versions/3.11.6/lib/python3.11/site-packages/airflow/example_dags/plugins/listener_plugin.py
[2025-06-13T15:55:50.118-0400] {processor.py:927} WARNING - No viable dags retrieved from /Users/pranavr/.pyenv/versions/3.11.6/lib/python3.11/site-packages/airflow/example_dags/plugins/listener_plugin.py
[2025-06-13T15:55:50.178-0400] {processor.py:208} INFO - Processing /Users/pranavr/.pyenv/versions/3.11.6/lib/python3.11/site-packages/airflow/example_dags/plugins/listener_plugin.py took 64.504 seconds
[2025-06-13T15:57:03.350-0400] {processor.py:186} INFO - Started process (PID=23073) to work on /Users/pranavr/.pyenv/versions/3.11.6/lib/python3.11/site-packages/airflow/example_dags/plugins/listener_plugin.py
[2025-06-13T15:57:03.351-0400] {processor.py:914} INFO - Processing file /Users/pranavr/.pyenv/versions/3.11.6/lib/python3.11/site-packages/airflow/example_dags/plugins/listener_plugin.py for tasks to queue
[2025-06-13T15:57:03.352-0400] {logging_mixin.py:190} INFO - [2025-06-13T15:57:03.352-0400] {dagbag.py:588} INFO - Filling up the DagBag from /Users/pranavr/.pyenv/versions/3.11.6/lib/python3.11/site-packages/airflow/example_dags/plugins/listener_plugin.py
[2025-06-13T15:57:03.353-0400] {processor.py:927} WARNING - No viable dags retrieved from /Users/pranavr/.pyenv/versions/3.11.6/lib/python3.11/site-packages/airflow/example_dags/plugins/listener_plugin.py
[2025-06-13T15:57:03.414-0400] {processor.py:208} INFO - Processing /Users/pranavr/.pyenv/versions/3.11.6/lib/python3.11/site-packages/airflow/example_dags/plugins/listener_plugin.py took 66.093 seconds
[2025-06-13T15:58:14.203-0400] {processor.py:186} INFO - Started process (PID=23209) to work on /Users/pranavr/.pyenv/versions/3.11.6/lib/python3.11/site-packages/airflow/example_dags/plugins/listener_plugin.py
[2025-06-13T15:58:14.205-0400] {processor.py:914} INFO - Processing file /Users/pranavr/.pyenv/versions/3.11.6/lib/python3.11/site-packages/airflow/example_dags/plugins/listener_plugin.py for tasks to queue
[2025-06-13T15:58:14.205-0400] {logging_mixin.py:190} INFO - [2025-06-13T15:58:14.205-0400] {dagbag.py:588} INFO - Filling up the DagBag from /Users/pranavr/.pyenv/versions/3.11.6/lib/python3.11/site-packages/airflow/example_dags/plugins/listener_plugin.py
[2025-06-13T15:58:14.206-0400] {processor.py:927} WARNING - No viable dags retrieved from /Users/pranavr/.pyenv/versions/3.11.6/lib/python3.11/site-packages/airflow/example_dags/plugins/listener_plugin.py
[2025-06-13T15:58:14.266-0400] {processor.py:208} INFO - Processing /Users/pranavr/.pyenv/versions/3.11.6/lib/python3.11/site-packages/airflow/example_dags/plugins/listener_plugin.py took 64.389 seconds
[2025-06-13T15:59:26.799-0400] {processor.py:186} INFO - Started process (PID=23408) to work on /Users/pranavr/.pyenv/versions/3.11.6/lib/python3.11/site-packages/airflow/example_dags/plugins/listener_plugin.py
[2025-06-13T15:59:26.802-0400] {processor.py:914} INFO - Processing file /Users/pranavr/.pyenv/versions/3.11.6/lib/python3.11/site-packages/airflow/example_dags/plugins/listener_plugin.py for tasks to queue
[2025-06-13T15:59:26.802-0400] {logging_mixin.py:190} INFO - [2025-06-13T15:59:26.802-0400] {dagbag.py:588} INFO - Filling up the DagBag from /Users/pranavr/.pyenv/versions/3.11.6/lib/python3.11/site-packages/airflow/example_dags/plugins/listener_plugin.py
[2025-06-13T15:59:26.803-0400] {processor.py:927} WARNING - No viable dags retrieved from /Users/pranavr/.pyenv/versions/3.11.6/lib/python3.11/site-packages/airflow/example_dags/plugins/listener_plugin.py
[2025-06-13T15:59:26.861-0400] {processor.py:208} INFO - Processing /Users/pranavr/.pyenv/versions/3.11.6/lib/python3.11/site-packages/airflow/example_dags/plugins/listener_plugin.py took 63.671 seconds
[2025-06-13T16:00:41.220-0400] {processor.py:186} INFO - Started process (PID=23604) to work on /Users/pranavr/.pyenv/versions/3.11.6/lib/python3.11/site-packages/airflow/example_dags/plugins/listener_plugin.py
[2025-06-13T16:00:41.222-0400] {processor.py:914} INFO - Processing file /Users/pranavr/.pyenv/versions/3.11.6/lib/python3.11/site-packages/airflow/example_dags/plugins/listener_plugin.py for tasks to queue
[2025-06-13T16:00:41.223-0400] {logging_mixin.py:190} INFO - [2025-06-13T16:00:41.223-0400] {dagbag.py:588} INFO - Filling up the DagBag from /Users/pranavr/.pyenv/versions/3.11.6/lib/python3.11/site-packages/airflow/example_dags/plugins/listener_plugin.py
[2025-06-13T16:00:41.223-0400] {processor.py:927} WARNING - No viable dags retrieved from /Users/pranavr/.pyenv/versions/3.11.6/lib/python3.11/site-packages/airflow/example_dags/plugins/listener_plugin.py
[2025-06-13T16:00:41.282-0400] {processor.py:208} INFO - Processing /Users/pranavr/.pyenv/versions/3.11.6/lib/python3.11/site-packages/airflow/example_dags/plugins/listener_plugin.py took 63.367 seconds
[2025-06-13T16:01:56.435-0400] {processor.py:186} INFO - Started process (PID=23813) to work on /Users/pranavr/.pyenv/versions/3.11.6/lib/python3.11/site-packages/airflow/example_dags/plugins/listener_plugin.py
[2025-06-13T16:01:56.437-0400] {processor.py:914} INFO - Processing file /Users/pranavr/.pyenv/versions/3.11.6/lib/python3.11/site-packages/airflow/example_dags/plugins/listener_plugin.py for tasks to queue
[2025-06-13T16:01:56.438-0400] {logging_mixin.py:190} INFO - [2025-06-13T16:01:56.437-0400] {dagbag.py:588} INFO - Filling up the DagBag from /Users/pranavr/.pyenv/versions/3.11.6/lib/python3.11/site-packages/airflow/example_dags/plugins/listener_plugin.py
[2025-06-13T16:01:56.438-0400] {processor.py:927} WARNING - No viable dags retrieved from /Users/pranavr/.pyenv/versions/3.11.6/lib/python3.11/site-packages/airflow/example_dags/plugins/listener_plugin.py
[2025-06-13T16:01:56.496-0400] {processor.py:208} INFO - Processing /Users/pranavr/.pyenv/versions/3.11.6/lib/python3.11/site-packages/airflow/example_dags/plugins/listener_plugin.py took 62.411 seconds
[2025-06-13T16:03:17.033-0400] {processor.py:186} INFO - Started process (PID=24008) to work on /Users/pranavr/.pyenv/versions/3.11.6/lib/python3.11/site-packages/airflow/example_dags/plugins/listener_plugin.py
[2025-06-13T16:03:17.036-0400] {processor.py:914} INFO - Processing file /Users/pranavr/.pyenv/versions/3.11.6/lib/python3.11/site-packages/airflow/example_dags/plugins/listener_plugin.py for tasks to queue
[2025-06-13T16:03:17.036-0400] {logging_mixin.py:190} INFO - [2025-06-13T16:03:17.036-0400] {dagbag.py:588} INFO - Filling up the DagBag from /Users/pranavr/.pyenv/versions/3.11.6/lib/python3.11/site-packages/airflow/example_dags/plugins/listener_plugin.py
[2025-06-13T16:03:17.038-0400] {processor.py:927} WARNING - No viable dags retrieved from /Users/pranavr/.pyenv/versions/3.11.6/lib/python3.11/site-packages/airflow/example_dags/plugins/listener_plugin.py
[2025-06-13T16:03:17.116-0400] {processor.py:208} INFO - Processing /Users/pranavr/.pyenv/versions/3.11.6/lib/python3.11/site-packages/airflow/example_dags/plugins/listener_plugin.py took 83.505 seconds
[2025-06-13T17:27:44.015-0400] {processor.py:186} INFO - Started process (PID=24252) to work on /Users/pranavr/.pyenv/versions/3.11.6/lib/python3.11/site-packages/airflow/example_dags/plugins/listener_plugin.py
[2025-06-13T17:27:44.016-0400] {processor.py:914} INFO - Processing file /Users/pranavr/.pyenv/versions/3.11.6/lib/python3.11/site-packages/airflow/example_dags/plugins/listener_plugin.py for tasks to queue
[2025-06-13T17:27:44.017-0400] {logging_mixin.py:190} INFO - [2025-06-13T17:27:44.017-0400] {dagbag.py:588} INFO - Filling up the DagBag from /Users/pranavr/.pyenv/versions/3.11.6/lib/python3.11/site-packages/airflow/example_dags/plugins/listener_plugin.py
[2025-06-13T17:27:44.018-0400] {processor.py:927} WARNING - No viable dags retrieved from /Users/pranavr/.pyenv/versions/3.11.6/lib/python3.11/site-packages/airflow/example_dags/plugins/listener_plugin.py
[2025-06-13T17:27:44.090-0400] {processor.py:208} INFO - Processing /Users/pranavr/.pyenv/versions/3.11.6/lib/python3.11/site-packages/airflow/example_dags/plugins/listener_plugin.py took 76.421 seconds
