[2025-06-13T15:00:13.313-0400] {processor.py:186} INFO - Started process (PID=14960) to work on /Users/pranavr/drift-retrainer/dags/drift_detection_dag.py
[2025-06-13T15:00:13.315-0400] {processor.py:914} INFO - Processing file /Users/pranavr/drift-retrainer/dags/drift_detection_dag.py for tasks to queue
[2025-06-13T15:00:13.316-0400] {logging_mixin.py:190} INFO - [2025-06-13T15:00:13.316-0400] {dagbag.py:588} INFO - Filling up the DagBag from /Users/pranavr/drift-retrainer/dags/drift_detection_dag.py
[2025-06-13T15:00:13.322-0400] {processor.py:925} INFO - DAG(s) 'drift_detection' retrieved from /Users/pranavr/drift-retrainer/dags/drift_detection_dag.py
[2025-06-13T15:00:13.451-0400] {logging_mixin.py:190} INFO - [2025-06-13T15:00:13.451-0400] {dag.py:3239} INFO - Sync 1 DAGs
[2025-06-13T15:00:13.458-0400] {logging_mixin.py:190} INFO - [2025-06-13T15:00:13.458-0400] {dag.py:4180} INFO - Setting next_dagrun for drift_detection to 2025-06-13T18:00:00+00:00, run_after=2025-06-13T19:00:00+00:00
[2025-06-13T15:00:13.466-0400] {processor.py:208} INFO - Processing /Users/pranavr/drift-retrainer/dags/drift_detection_dag.py took 153.887 seconds
[2025-06-13T15:02:13.085-0400] {processor.py:186} INFO - Started process (PID=15246) to work on /Users/pranavr/drift-retrainer/dags/drift_detection_dag.py
[2025-06-13T15:02:13.088-0400] {processor.py:914} INFO - Processing file /Users/pranavr/drift-retrainer/dags/drift_detection_dag.py for tasks to queue
[2025-06-13T15:02:13.088-0400] {logging_mixin.py:190} INFO - [2025-06-13T15:02:13.088-0400] {dagbag.py:588} INFO - Filling up the DagBag from /Users/pranavr/drift-retrainer/dags/drift_detection_dag.py
[2025-06-13T15:02:13.095-0400] {processor.py:925} INFO - DAG(s) 'drift_detection' retrieved from /Users/pranavr/drift-retrainer/dags/drift_detection_dag.py
[2025-06-13T15:02:13.169-0400] {logging_mixin.py:190} INFO - [2025-06-13T15:02:13.169-0400] {dag.py:3239} INFO - Sync 1 DAGs
[2025-06-13T15:02:13.178-0400] {logging_mixin.py:190} INFO - [2025-06-13T15:02:13.178-0400] {dag.py:4180} INFO - Setting next_dagrun for drift_detection to 2025-06-13T18:00:00+00:00, run_after=2025-06-13T19:00:00+00:00
[2025-06-13T15:02:13.188-0400] {processor.py:208} INFO - Processing /Users/pranavr/drift-retrainer/dags/drift_detection_dag.py took 104.349 seconds
[2025-06-13T15:03:49.188-0400] {processor.py:186} INFO - Started process (PID=15737) to work on /Users/pranavr/drift-retrainer/dags/drift_detection_dag.py
[2025-06-13T15:03:49.190-0400] {processor.py:914} INFO - Processing file /Users/pranavr/drift-retrainer/dags/drift_detection_dag.py for tasks to queue
[2025-06-13T15:03:49.191-0400] {logging_mixin.py:190} INFO - [2025-06-13T15:03:49.191-0400] {dagbag.py:588} INFO - Filling up the DagBag from /Users/pranavr/drift-retrainer/dags/drift_detection_dag.py
[2025-06-13T15:03:49.196-0400] {processor.py:925} INFO - DAG(s) 'drift_detection' retrieved from /Users/pranavr/drift-retrainer/dags/drift_detection_dag.py
[2025-06-13T15:03:49.271-0400] {logging_mixin.py:190} INFO - [2025-06-13T15:03:49.271-0400] {dag.py:3239} INFO - Sync 1 DAGs
[2025-06-13T15:03:49.278-0400] {logging_mixin.py:190} INFO - [2025-06-13T15:03:49.278-0400] {dag.py:4180} INFO - Setting next_dagrun for drift_detection to 2025-06-13T18:00:00+00:00, run_after=2025-06-13T19:00:00+00:00
[2025-06-13T15:03:49.285-0400] {processor.py:208} INFO - Processing /Users/pranavr/drift-retrainer/dags/drift_detection_dag.py took 99.349 seconds
[2025-06-13T15:04:12.713-0400] {processor.py:186} INFO - Started process (PID=15850) to work on /Users/pranavr/drift-retrainer/dags/drift_detection_dag.py
[2025-06-13T15:04:12.715-0400] {processor.py:914} INFO - Processing file /Users/pranavr/drift-retrainer/dags/drift_detection_dag.py for tasks to queue
[2025-06-13T15:04:12.715-0400] {logging_mixin.py:190} INFO - [2025-06-13T15:04:12.715-0400] {dagbag.py:588} INFO - Filling up the DagBag from /Users/pranavr/drift-retrainer/dags/drift_detection_dag.py
[2025-06-13T15:04:12.721-0400] {processor.py:925} INFO - DAG(s) 'drift_detection' retrieved from /Users/pranavr/drift-retrainer/dags/drift_detection_dag.py
[2025-06-13T15:04:12.844-0400] {logging_mixin.py:190} INFO - [2025-06-13T15:04:12.844-0400] {dag.py:3239} INFO - Sync 1 DAGs
[2025-06-13T15:04:12.851-0400] {logging_mixin.py:190} INFO - [2025-06-13T15:04:12.851-0400] {dag.py:4180} INFO - Setting next_dagrun for drift_detection to 2025-06-13T18:00:00+00:00, run_after=2025-06-13T19:00:00+00:00
[2025-06-13T15:04:12.859-0400] {processor.py:208} INFO - Processing /Users/pranavr/drift-retrainer/dags/drift_detection_dag.py took 147.639 seconds
[2025-06-13T15:06:11.263-0400] {processor.py:186} INFO - Started process (PID=16271) to work on /Users/pranavr/drift-retrainer/dags/drift_detection_dag.py
[2025-06-13T15:06:11.265-0400] {processor.py:914} INFO - Processing file /Users/pranavr/drift-retrainer/dags/drift_detection_dag.py for tasks to queue
[2025-06-13T15:06:11.265-0400] {logging_mixin.py:190} INFO - [2025-06-13T15:06:11.265-0400] {dagbag.py:588} INFO - Filling up the DagBag from /Users/pranavr/drift-retrainer/dags/drift_detection_dag.py
[2025-06-13T15:06:11.270-0400] {processor.py:925} INFO - DAG(s) 'drift_detection' retrieved from /Users/pranavr/drift-retrainer/dags/drift_detection_dag.py
[2025-06-13T15:06:11.352-0400] {logging_mixin.py:190} INFO - [2025-06-13T15:06:11.352-0400] {dag.py:3239} INFO - Sync 1 DAGs
[2025-06-13T15:06:11.359-0400] {logging_mixin.py:190} INFO - [2025-06-13T15:06:11.359-0400] {dag.py:4180} INFO - Setting next_dagrun for drift_detection to 2025-06-13T18:00:00+00:00, run_after=2025-06-13T19:00:00+00:00
[2025-06-13T15:06:11.366-0400] {processor.py:208} INFO - Processing /Users/pranavr/drift-retrainer/dags/drift_detection_dag.py took 104.669 seconds
[2025-06-13T15:07:31.259-0400] {processor.py:186} INFO - Started process (PID=16421) to work on /Users/pranavr/drift-retrainer/dags/drift_detection_dag.py
[2025-06-13T15:07:31.262-0400] {processor.py:914} INFO - Processing file /Users/pranavr/drift-retrainer/dags/drift_detection_dag.py for tasks to queue
[2025-06-13T15:07:31.263-0400] {logging_mixin.py:190} INFO - [2025-06-13T15:07:31.263-0400] {dagbag.py:588} INFO - Filling up the DagBag from /Users/pranavr/drift-retrainer/dags/drift_detection_dag.py
[2025-06-13T15:07:31.268-0400] {processor.py:925} INFO - DAG(s) 'drift_detection' retrieved from /Users/pranavr/drift-retrainer/dags/drift_detection_dag.py
[2025-06-13T15:07:31.342-0400] {logging_mixin.py:190} INFO - [2025-06-13T15:07:31.342-0400] {dag.py:3239} INFO - Sync 1 DAGs
[2025-06-13T15:07:31.350-0400] {logging_mixin.py:190} INFO - [2025-06-13T15:07:31.350-0400] {dag.py:4180} INFO - Setting next_dagrun for drift_detection to 2025-06-13T18:00:00+00:00, run_after=2025-06-13T19:00:00+00:00
[2025-06-13T15:07:31.360-0400] {processor.py:208} INFO - Processing /Users/pranavr/drift-retrainer/dags/drift_detection_dag.py took 102.357 seconds
[2025-06-13T15:08:49.274-0400] {processor.py:186} INFO - Started process (PID=16515) to work on /Users/pranavr/drift-retrainer/dags/drift_detection_dag.py
[2025-06-13T15:08:49.277-0400] {processor.py:914} INFO - Processing file /Users/pranavr/drift-retrainer/dags/drift_detection_dag.py for tasks to queue
[2025-06-13T15:08:49.277-0400] {logging_mixin.py:190} INFO - [2025-06-13T15:08:49.277-0400] {dagbag.py:588} INFO - Filling up the DagBag from /Users/pranavr/drift-retrainer/dags/drift_detection_dag.py
[2025-06-13T15:08:49.283-0400] {processor.py:925} INFO - DAG(s) 'drift_detection' retrieved from /Users/pranavr/drift-retrainer/dags/drift_detection_dag.py
[2025-06-13T15:08:49.355-0400] {logging_mixin.py:190} INFO - [2025-06-13T15:08:49.355-0400] {dag.py:3239} INFO - Sync 1 DAGs
[2025-06-13T15:08:49.362-0400] {logging_mixin.py:190} INFO - [2025-06-13T15:08:49.362-0400] {dag.py:4180} INFO - Setting next_dagrun for drift_detection to 2025-06-13T18:00:00+00:00, run_after=2025-06-13T19:00:00+00:00
[2025-06-13T15:08:49.370-0400] {processor.py:208} INFO - Processing /Users/pranavr/drift-retrainer/dags/drift_detection_dag.py took 97.184 seconds
[2025-06-13T15:10:13.363-0400] {processor.py:186} INFO - Started process (PID=16752) to work on /Users/pranavr/drift-retrainer/dags/drift_detection_dag.py
[2025-06-13T15:10:13.365-0400] {processor.py:914} INFO - Processing file /Users/pranavr/drift-retrainer/dags/drift_detection_dag.py for tasks to queue
[2025-06-13T15:10:13.365-0400] {logging_mixin.py:190} INFO - [2025-06-13T15:10:13.365-0400] {dagbag.py:588} INFO - Filling up the DagBag from /Users/pranavr/drift-retrainer/dags/drift_detection_dag.py
[2025-06-13T15:10:13.371-0400] {processor.py:925} INFO - DAG(s) 'drift_detection' retrieved from /Users/pranavr/drift-retrainer/dags/drift_detection_dag.py
[2025-06-13T15:10:13.449-0400] {logging_mixin.py:190} INFO - [2025-06-13T15:10:13.449-0400] {dag.py:3239} INFO - Sync 1 DAGs
[2025-06-13T15:10:13.457-0400] {logging_mixin.py:190} INFO - [2025-06-13T15:10:13.457-0400] {dag.py:4180} INFO - Setting next_dagrun for drift_detection to 2025-06-13T18:00:00+00:00, run_after=2025-06-13T19:00:00+00:00
[2025-06-13T15:10:13.465-0400] {processor.py:208} INFO - Processing /Users/pranavr/drift-retrainer/dags/drift_detection_dag.py took 103.769 seconds
[2025-06-13T15:11:40.259-0400] {processor.py:186} INFO - Started process (PID=16878) to work on /Users/pranavr/drift-retrainer/dags/drift_detection_dag.py
[2025-06-13T15:11:40.262-0400] {processor.py:914} INFO - Processing file /Users/pranavr/drift-retrainer/dags/drift_detection_dag.py for tasks to queue
[2025-06-13T15:11:40.262-0400] {logging_mixin.py:190} INFO - [2025-06-13T15:11:40.262-0400] {dagbag.py:588} INFO - Filling up the DagBag from /Users/pranavr/drift-retrainer/dags/drift_detection_dag.py
[2025-06-13T15:11:40.267-0400] {processor.py:925} INFO - DAG(s) 'drift_detection' retrieved from /Users/pranavr/drift-retrainer/dags/drift_detection_dag.py
[2025-06-13T15:11:40.347-0400] {logging_mixin.py:190} INFO - [2025-06-13T15:11:40.346-0400] {dag.py:3239} INFO - Sync 1 DAGs
[2025-06-13T15:11:40.357-0400] {logging_mixin.py:190} INFO - [2025-06-13T15:11:40.357-0400] {dag.py:4180} INFO - Setting next_dagrun for drift_detection to 2025-06-13T18:00:00+00:00, run_after=2025-06-13T19:00:00+00:00
[2025-06-13T15:11:40.367-0400] {processor.py:208} INFO - Processing /Users/pranavr/drift-retrainer/dags/drift_detection_dag.py took 108.587 seconds
[2025-06-13T15:13:05.694-0400] {processor.py:186} INFO - Started process (PID=17045) to work on /Users/pranavr/drift-retrainer/dags/drift_detection_dag.py
[2025-06-13T15:13:05.696-0400] {processor.py:914} INFO - Processing file /Users/pranavr/drift-retrainer/dags/drift_detection_dag.py for tasks to queue
[2025-06-13T15:13:05.696-0400] {logging_mixin.py:190} INFO - [2025-06-13T15:13:05.696-0400] {dagbag.py:588} INFO - Filling up the DagBag from /Users/pranavr/drift-retrainer/dags/drift_detection_dag.py
[2025-06-13T15:13:05.703-0400] {processor.py:925} INFO - DAG(s) 'drift_detection' retrieved from /Users/pranavr/drift-retrainer/dags/drift_detection_dag.py
[2025-06-13T15:13:05.773-0400] {logging_mixin.py:190} INFO - [2025-06-13T15:13:05.773-0400] {dag.py:3239} INFO - Sync 1 DAGs
[2025-06-13T15:13:05.781-0400] {logging_mixin.py:190} INFO - [2025-06-13T15:13:05.781-0400] {dag.py:4180} INFO - Setting next_dagrun for drift_detection to 2025-06-13T18:00:00+00:00, run_after=2025-06-13T19:00:00+00:00
[2025-06-13T15:13:05.788-0400] {processor.py:208} INFO - Processing /Users/pranavr/drift-retrainer/dags/drift_detection_dag.py took 95.749 seconds
[2025-06-13T15:18:25.233-0400] {processor.py:186} INFO - Started process (PID=17672) to work on /Users/pranavr/drift-retrainer/dags/drift_detection_dag.py
[2025-06-13T15:18:25.235-0400] {processor.py:914} INFO - Processing file /Users/pranavr/drift-retrainer/dags/drift_detection_dag.py for tasks to queue
[2025-06-13T15:18:25.235-0400] {logging_mixin.py:190} INFO - [2025-06-13T15:18:25.235-0400] {dagbag.py:588} INFO - Filling up the DagBag from /Users/pranavr/drift-retrainer/dags/drift_detection_dag.py
[2025-06-13T15:18:25.242-0400] {processor.py:925} INFO - DAG(s) 'drift_detection' retrieved from /Users/pranavr/drift-retrainer/dags/drift_detection_dag.py
[2025-06-13T15:18:25.367-0400] {logging_mixin.py:190} INFO - [2025-06-13T15:18:25.367-0400] {dag.py:3239} INFO - Sync 1 DAGs
[2025-06-13T15:18:25.375-0400] {logging_mixin.py:190} INFO - [2025-06-13T15:18:25.375-0400] {dag.py:4180} INFO - Setting next_dagrun for drift_detection to 2025-06-13T18:00:00+00:00, run_after=2025-06-13T19:00:00+00:00
[2025-06-13T15:18:25.383-0400] {processor.py:208} INFO - Processing /Users/pranavr/drift-retrainer/dags/drift_detection_dag.py took 151.580 seconds
[2025-06-13T15:20:22.328-0400] {processor.py:186} INFO - Started process (PID=17881) to work on /Users/pranavr/drift-retrainer/dags/drift_detection_dag.py
[2025-06-13T15:20:22.330-0400] {processor.py:914} INFO - Processing file /Users/pranavr/drift-retrainer/dags/drift_detection_dag.py for tasks to queue
[2025-06-13T15:20:22.330-0400] {logging_mixin.py:190} INFO - [2025-06-13T15:20:22.330-0400] {dagbag.py:588} INFO - Filling up the DagBag from /Users/pranavr/drift-retrainer/dags/drift_detection_dag.py
[2025-06-13T15:20:22.335-0400] {processor.py:925} INFO - DAG(s) 'drift_detection' retrieved from /Users/pranavr/drift-retrainer/dags/drift_detection_dag.py
[2025-06-13T15:20:22.414-0400] {logging_mixin.py:190} INFO - [2025-06-13T15:20:22.414-0400] {dag.py:3239} INFO - Sync 1 DAGs
[2025-06-13T15:20:22.421-0400] {logging_mixin.py:190} INFO - [2025-06-13T15:20:22.421-0400] {dag.py:4180} INFO - Setting next_dagrun for drift_detection to 2025-06-13T18:00:00+00:00, run_after=2025-06-13T19:00:00+00:00
[2025-06-13T15:20:22.428-0400] {processor.py:208} INFO - Processing /Users/pranavr/drift-retrainer/dags/drift_detection_dag.py took 101.309 seconds
[2025-06-13T15:24:31.340-0400] {processor.py:186} INFO - Started process (PID=18769) to work on /Users/pranavr/drift-retrainer/dags/drift_detection_dag.py
[2025-06-13T15:24:31.342-0400] {processor.py:914} INFO - Processing file /Users/pranavr/drift-retrainer/dags/drift_detection_dag.py for tasks to queue
[2025-06-13T15:24:31.343-0400] {logging_mixin.py:190} INFO - [2025-06-13T15:24:31.343-0400] {dagbag.py:588} INFO - Filling up the DagBag from /Users/pranavr/drift-retrainer/dags/drift_detection_dag.py
[2025-06-13T15:24:31.351-0400] {processor.py:925} INFO - DAG(s) 'drift_detection' retrieved from /Users/pranavr/drift-retrainer/dags/drift_detection_dag.py
[2025-06-13T15:24:31.480-0400] {logging_mixin.py:190} INFO - [2025-06-13T15:24:31.480-0400] {override.py:1930} INFO - Created Permission View: can delete on DAG:drift_detection
[2025-06-13T15:24:31.485-0400] {logging_mixin.py:190} INFO - [2025-06-13T15:24:31.485-0400] {override.py:1930} INFO - Created Permission View: can edit on DAG:drift_detection
[2025-06-13T15:24:31.487-0400] {logging_mixin.py:190} INFO - [2025-06-13T15:24:31.487-0400] {override.py:1930} INFO - Created Permission View: can read on DAG:drift_detection
[2025-06-13T15:24:31.491-0400] {logging_mixin.py:190} INFO - [2025-06-13T15:24:31.490-0400] {override.py:1930} INFO - Created Permission View: can delete on DAG Run:drift_detection
[2025-06-13T15:24:31.493-0400] {logging_mixin.py:190} INFO - [2025-06-13T15:24:31.493-0400] {override.py:1930} INFO - Created Permission View: can create on DAG Run:drift_detection
[2025-06-13T15:24:31.495-0400] {logging_mixin.py:190} INFO - [2025-06-13T15:24:31.495-0400] {override.py:1930} INFO - Created Permission View: menu access on DAG Run:drift_detection
[2025-06-13T15:24:31.498-0400] {logging_mixin.py:190} INFO - [2025-06-13T15:24:31.497-0400] {override.py:1930} INFO - Created Permission View: can read on DAG Run:drift_detection
[2025-06-13T15:24:31.498-0400] {logging_mixin.py:190} INFO - [2025-06-13T15:24:31.498-0400] {dag.py:3239} INFO - Sync 1 DAGs
[2025-06-13T15:24:31.502-0400] {logging_mixin.py:190} INFO - [2025-06-13T15:24:31.502-0400] {dag.py:3262} INFO - Creating ORM DAG for drift_detection
[2025-06-13T15:24:31.506-0400] {logging_mixin.py:190} INFO - [2025-06-13T15:24:31.506-0400] {dag.py:4180} INFO - Setting next_dagrun for drift_detection to 2025-06-13T18:00:00+00:00, run_after=2025-06-13T19:00:00+00:00
[2025-06-13T15:24:31.513-0400] {processor.py:208} INFO - Processing /Users/pranavr/drift-retrainer/dags/drift_detection_dag.py took 174.145 seconds
[2025-06-13T15:26:41.339-0400] {processor.py:186} INFO - Started process (PID=19042) to work on /Users/pranavr/drift-retrainer/dags/drift_detection_dag.py
[2025-06-13T15:26:41.343-0400] {processor.py:914} INFO - Processing file /Users/pranavr/drift-retrainer/dags/drift_detection_dag.py for tasks to queue
[2025-06-13T15:26:41.345-0400] {logging_mixin.py:190} INFO - [2025-06-13T15:26:41.344-0400] {dagbag.py:588} INFO - Filling up the DagBag from /Users/pranavr/drift-retrainer/dags/drift_detection_dag.py
[2025-06-13T15:26:41.351-0400] {processor.py:925} INFO - DAG(s) 'drift_detection' retrieved from /Users/pranavr/drift-retrainer/dags/drift_detection_dag.py
[2025-06-13T15:26:41.449-0400] {logging_mixin.py:190} INFO - [2025-06-13T15:26:41.449-0400] {dag.py:3239} INFO - Sync 1 DAGs
[2025-06-13T15:26:41.460-0400] {logging_mixin.py:190} INFO - [2025-06-13T15:26:41.460-0400] {dag.py:4180} INFO - Setting next_dagrun for drift_detection to 2025-06-13T18:00:00+00:00, run_after=2025-06-13T19:00:00+00:00
[2025-06-13T15:26:41.470-0400] {processor.py:208} INFO - Processing /Users/pranavr/drift-retrainer/dags/drift_detection_dag.py took 135.563 seconds
[2025-06-13T15:27:24.032-0400] {processor.py:186} INFO - Started process (PID=19256) to work on /Users/pranavr/drift-retrainer/dags/drift_detection_dag.py
[2025-06-13T15:27:24.034-0400] {processor.py:914} INFO - Processing file /Users/pranavr/drift-retrainer/dags/drift_detection_dag.py for tasks to queue
[2025-06-13T15:27:24.034-0400] {logging_mixin.py:190} INFO - [2025-06-13T15:27:24.034-0400] {dagbag.py:588} INFO - Filling up the DagBag from /Users/pranavr/drift-retrainer/dags/drift_detection_dag.py
[2025-06-13T15:27:24.041-0400] {processor.py:925} INFO - DAG(s) 'drift_detection' retrieved from /Users/pranavr/drift-retrainer/dags/drift_detection_dag.py
[2025-06-13T15:27:24.159-0400] {logging_mixin.py:190} INFO - [2025-06-13T15:27:24.159-0400] {override.py:1930} INFO - Created Permission View: can read on DAG:drift_detection
[2025-06-13T15:27:24.164-0400] {logging_mixin.py:190} INFO - [2025-06-13T15:27:24.164-0400] {override.py:1930} INFO - Created Permission View: can edit on DAG:drift_detection
[2025-06-13T15:27:24.166-0400] {logging_mixin.py:190} INFO - [2025-06-13T15:27:24.166-0400] {override.py:1930} INFO - Created Permission View: can delete on DAG:drift_detection
[2025-06-13T15:27:24.169-0400] {logging_mixin.py:190} INFO - [2025-06-13T15:27:24.169-0400] {override.py:1930} INFO - Created Permission View: can read on DAG Run:drift_detection
[2025-06-13T15:27:24.171-0400] {logging_mixin.py:190} INFO - [2025-06-13T15:27:24.171-0400] {override.py:1930} INFO - Created Permission View: menu access on DAG Run:drift_detection
[2025-06-13T15:27:24.173-0400] {logging_mixin.py:190} INFO - [2025-06-13T15:27:24.173-0400] {override.py:1930} INFO - Created Permission View: can delete on DAG Run:drift_detection
[2025-06-13T15:27:24.176-0400] {logging_mixin.py:190} INFO - [2025-06-13T15:27:24.176-0400] {override.py:1930} INFO - Created Permission View: can create on DAG Run:drift_detection
[2025-06-13T15:27:24.176-0400] {logging_mixin.py:190} INFO - [2025-06-13T15:27:24.176-0400] {dag.py:3239} INFO - Sync 1 DAGs
[2025-06-13T15:27:24.180-0400] {logging_mixin.py:190} INFO - [2025-06-13T15:27:24.180-0400] {dag.py:3262} INFO - Creating ORM DAG for drift_detection
[2025-06-13T15:27:24.184-0400] {logging_mixin.py:190} INFO - [2025-06-13T15:27:24.184-0400] {dag.py:4180} INFO - Setting next_dagrun for drift_detection to 2025-06-13T18:00:00+00:00, run_after=2025-06-13T19:00:00+00:00
[2025-06-13T15:27:24.190-0400] {processor.py:208} INFO - Processing /Users/pranavr/drift-retrainer/dags/drift_detection_dag.py took 159.463 seconds
[2025-06-13T15:28:45.698-0400] {processor.py:186} INFO - Started process (PID=19629) to work on /Users/pranavr/drift-retrainer/dags/drift_detection_dag.py
[2025-06-13T15:28:45.701-0400] {processor.py:914} INFO - Processing file /Users/pranavr/drift-retrainer/dags/drift_detection_dag.py for tasks to queue
[2025-06-13T15:28:45.701-0400] {logging_mixin.py:190} INFO - [2025-06-13T15:28:45.701-0400] {dagbag.py:588} INFO - Filling up the DagBag from /Users/pranavr/drift-retrainer/dags/drift_detection_dag.py
[2025-06-13T15:28:45.709-0400] {processor.py:925} INFO - DAG(s) 'drift_detection' retrieved from /Users/pranavr/drift-retrainer/dags/drift_detection_dag.py
[2025-06-13T15:28:45.835-0400] {logging_mixin.py:190} INFO - [2025-06-13T15:28:45.835-0400] {override.py:1930} INFO - Created Permission View: can read on DAG:drift_detection
[2025-06-13T15:28:45.840-0400] {logging_mixin.py:190} INFO - [2025-06-13T15:28:45.839-0400] {override.py:1930} INFO - Created Permission View: can delete on DAG:drift_detection
[2025-06-13T15:28:45.842-0400] {logging_mixin.py:190} INFO - [2025-06-13T15:28:45.842-0400] {override.py:1930} INFO - Created Permission View: can edit on DAG:drift_detection
[2025-06-13T15:28:45.845-0400] {logging_mixin.py:190} INFO - [2025-06-13T15:28:45.845-0400] {override.py:1930} INFO - Created Permission View: can read on DAG Run:drift_detection
[2025-06-13T15:28:45.847-0400] {logging_mixin.py:190} INFO - [2025-06-13T15:28:45.847-0400] {override.py:1930} INFO - Created Permission View: can create on DAG Run:drift_detection
[2025-06-13T15:28:45.849-0400] {logging_mixin.py:190} INFO - [2025-06-13T15:28:45.849-0400] {override.py:1930} INFO - Created Permission View: can delete on DAG Run:drift_detection
[2025-06-13T15:28:45.851-0400] {logging_mixin.py:190} INFO - [2025-06-13T15:28:45.851-0400] {override.py:1930} INFO - Created Permission View: menu access on DAG Run:drift_detection
[2025-06-13T15:28:45.851-0400] {logging_mixin.py:190} INFO - [2025-06-13T15:28:45.851-0400] {dag.py:3239} INFO - Sync 1 DAGs
[2025-06-13T15:28:45.855-0400] {logging_mixin.py:190} INFO - [2025-06-13T15:28:45.855-0400] {dag.py:3262} INFO - Creating ORM DAG for drift_detection
[2025-06-13T15:28:45.858-0400] {logging_mixin.py:190} INFO - [2025-06-13T15:28:45.858-0400] {dag.py:4180} INFO - Setting next_dagrun for drift_detection to 2025-06-13T18:00:00+00:00, run_after=2025-06-13T19:00:00+00:00
[2025-06-13T15:28:45.865-0400] {processor.py:208} INFO - Processing /Users/pranavr/drift-retrainer/dags/drift_detection_dag.py took 168.056 seconds
[2025-06-13T15:29:54.591-0400] {processor.py:186} INFO - Started process (PID=19761) to work on /Users/pranavr/drift-retrainer/dags/drift_detection_dag.py
[2025-06-13T15:29:54.593-0400] {processor.py:914} INFO - Processing file /Users/pranavr/drift-retrainer/dags/drift_detection_dag.py for tasks to queue
[2025-06-13T15:29:54.593-0400] {logging_mixin.py:190} INFO - [2025-06-13T15:29:54.593-0400] {dagbag.py:588} INFO - Filling up the DagBag from /Users/pranavr/drift-retrainer/dags/drift_detection_dag.py
[2025-06-13T15:29:54.600-0400] {processor.py:925} INFO - DAG(s) 'drift_detection' retrieved from /Users/pranavr/drift-retrainer/dags/drift_detection_dag.py
[2025-06-13T15:29:54.675-0400] {logging_mixin.py:190} INFO - [2025-06-13T15:29:54.674-0400] {dag.py:3239} INFO - Sync 1 DAGs
[2025-06-13T15:29:54.683-0400] {logging_mixin.py:190} INFO - [2025-06-13T15:29:54.682-0400] {dag.py:4180} INFO - Setting next_dagrun for drift_detection to 2025-06-13T18:00:00+00:00, run_after=2025-06-13T19:00:00+00:00
[2025-06-13T15:29:54.690-0400] {processor.py:208} INFO - Processing /Users/pranavr/drift-retrainer/dags/drift_detection_dag.py took 100.956 seconds
[2025-06-13T15:31:58.328-0400] {processor.py:186} INFO - Started process (PID=19986) to work on /Users/pranavr/drift-retrainer/dags/drift_detection_dag.py
[2025-06-13T15:31:58.330-0400] {processor.py:914} INFO - Processing file /Users/pranavr/drift-retrainer/dags/drift_detection_dag.py for tasks to queue
[2025-06-13T15:31:58.330-0400] {logging_mixin.py:190} INFO - [2025-06-13T15:31:58.330-0400] {dagbag.py:588} INFO - Filling up the DagBag from /Users/pranavr/drift-retrainer/dags/drift_detection_dag.py
[2025-06-13T15:31:58.334-0400] {processor.py:925} INFO - DAG(s) 'drift_detection' retrieved from /Users/pranavr/drift-retrainer/dags/drift_detection_dag.py
[2025-06-13T15:31:58.410-0400] {logging_mixin.py:190} INFO - [2025-06-13T15:31:58.410-0400] {dag.py:3239} INFO - Sync 1 DAGs
[2025-06-13T15:31:58.420-0400] {logging_mixin.py:190} INFO - [2025-06-13T15:31:58.420-0400] {dag.py:4180} INFO - Setting next_dagrun for drift_detection to 2025-06-13T18:00:00+00:00, run_after=2025-06-13T19:00:00+00:00
[2025-06-13T15:31:58.433-0400] {processor.py:208} INFO - Processing /Users/pranavr/drift-retrainer/dags/drift_detection_dag.py took 106.245 seconds
[2025-06-13T15:35:26.526-0400] {processor.py:186} INFO - Started process (PID=20297) to work on /Users/pranavr/drift-retrainer/dags/drift_detection_dag.py
[2025-06-13T15:35:26.528-0400] {processor.py:914} INFO - Processing file /Users/pranavr/drift-retrainer/dags/drift_detection_dag.py for tasks to queue
[2025-06-13T15:35:26.529-0400] {logging_mixin.py:190} INFO - [2025-06-13T15:35:26.529-0400] {dagbag.py:588} INFO - Filling up the DagBag from /Users/pranavr/drift-retrainer/dags/drift_detection_dag.py
[2025-06-13T15:35:26.535-0400] {processor.py:925} INFO - DAG(s) 'drift_detection' retrieved from /Users/pranavr/drift-retrainer/dags/drift_detection_dag.py
[2025-06-13T15:35:26.660-0400] {logging_mixin.py:190} INFO - [2025-06-13T15:35:26.660-0400] {override.py:1930} INFO - Created Permission View: can delete on DAG:drift_detection
[2025-06-13T15:35:26.664-0400] {logging_mixin.py:190} INFO - [2025-06-13T15:35:26.664-0400] {override.py:1930} INFO - Created Permission View: can edit on DAG:drift_detection
[2025-06-13T15:35:26.667-0400] {logging_mixin.py:190} INFO - [2025-06-13T15:35:26.667-0400] {override.py:1930} INFO - Created Permission View: can read on DAG:drift_detection
[2025-06-13T15:35:26.670-0400] {logging_mixin.py:190} INFO - [2025-06-13T15:35:26.670-0400] {override.py:1930} INFO - Created Permission View: can create on DAG Run:drift_detection
[2025-06-13T15:35:26.672-0400] {logging_mixin.py:190} INFO - [2025-06-13T15:35:26.672-0400] {override.py:1930} INFO - Created Permission View: can delete on DAG Run:drift_detection
[2025-06-13T15:35:26.674-0400] {logging_mixin.py:190} INFO - [2025-06-13T15:35:26.674-0400] {override.py:1930} INFO - Created Permission View: menu access on DAG Run:drift_detection
[2025-06-13T15:35:26.677-0400] {logging_mixin.py:190} INFO - [2025-06-13T15:35:26.677-0400] {override.py:1930} INFO - Created Permission View: can read on DAG Run:drift_detection
[2025-06-13T15:35:26.677-0400] {logging_mixin.py:190} INFO - [2025-06-13T15:35:26.677-0400] {dag.py:3239} INFO - Sync 1 DAGs
[2025-06-13T15:35:26.681-0400] {logging_mixin.py:190} INFO - [2025-06-13T15:35:26.681-0400] {dag.py:3262} INFO - Creating ORM DAG for drift_detection
[2025-06-13T15:35:26.684-0400] {logging_mixin.py:190} INFO - [2025-06-13T15:35:26.684-0400] {dag.py:4180} INFO - Setting next_dagrun for drift_detection to 2025-06-13T18:00:00+00:00, run_after=2025-06-13T19:00:00+00:00
[2025-06-13T15:35:26.690-0400] {processor.py:208} INFO - Processing /Users/pranavr/drift-retrainer/dags/drift_detection_dag.py took 166.046 seconds
[2025-06-13T15:37:30.931-0400] {processor.py:186} INFO - Started process (PID=20672) to work on /Users/pranavr/drift-retrainer/dags/drift_detection_dag.py
[2025-06-13T15:37:30.933-0400] {processor.py:914} INFO - Processing file /Users/pranavr/drift-retrainer/dags/drift_detection_dag.py for tasks to queue
[2025-06-13T15:37:30.933-0400] {logging_mixin.py:190} INFO - [2025-06-13T15:37:30.933-0400] {dagbag.py:588} INFO - Filling up the DagBag from /Users/pranavr/drift-retrainer/dags/drift_detection_dag.py
[2025-06-13T15:37:30.938-0400] {processor.py:925} INFO - DAG(s) 'drift_detection' retrieved from /Users/pranavr/drift-retrainer/dags/drift_detection_dag.py
[2025-06-13T15:37:31.009-0400] {logging_mixin.py:190} INFO - [2025-06-13T15:37:31.009-0400] {dag.py:3239} INFO - Sync 1 DAGs
[2025-06-13T15:37:31.016-0400] {logging_mixin.py:190} INFO - [2025-06-13T15:37:31.016-0400] {dag.py:4180} INFO - Setting next_dagrun for drift_detection to 2025-06-13T18:00:00+00:00, run_after=2025-06-13T19:00:00+00:00
[2025-06-13T15:37:31.024-0400] {processor.py:208} INFO - Processing /Users/pranavr/drift-retrainer/dags/drift_detection_dag.py took 94.479 seconds
[2025-06-13T15:38:55.024-0400] {processor.py:186} INFO - Started process (PID=20797) to work on /Users/pranavr/drift-retrainer/dags/drift_detection_dag.py
[2025-06-13T15:38:55.027-0400] {processor.py:914} INFO - Processing file /Users/pranavr/drift-retrainer/dags/drift_detection_dag.py for tasks to queue
[2025-06-13T15:38:55.027-0400] {logging_mixin.py:190} INFO - [2025-06-13T15:38:55.027-0400] {dagbag.py:588} INFO - Filling up the DagBag from /Users/pranavr/drift-retrainer/dags/drift_detection_dag.py
[2025-06-13T15:38:55.032-0400] {processor.py:925} INFO - DAG(s) 'drift_detection' retrieved from /Users/pranavr/drift-retrainer/dags/drift_detection_dag.py
[2025-06-13T15:38:55.103-0400] {logging_mixin.py:190} INFO - [2025-06-13T15:38:55.103-0400] {dag.py:3239} INFO - Sync 1 DAGs
[2025-06-13T15:38:55.112-0400] {logging_mixin.py:190} INFO - [2025-06-13T15:38:55.112-0400] {dag.py:4180} INFO - Setting next_dagrun for drift_detection to 2025-06-13T18:00:00+00:00, run_after=2025-06-13T19:00:00+00:00
[2025-06-13T15:38:55.119-0400] {processor.py:208} INFO - Processing /Users/pranavr/drift-retrainer/dags/drift_detection_dag.py took 96.657 seconds
[2025-06-13T15:40:19.811-0400] {processor.py:186} INFO - Started process (PID=20924) to work on /Users/pranavr/drift-retrainer/dags/drift_detection_dag.py
[2025-06-13T15:40:19.813-0400] {processor.py:914} INFO - Processing file /Users/pranavr/drift-retrainer/dags/drift_detection_dag.py for tasks to queue
[2025-06-13T15:40:19.814-0400] {logging_mixin.py:190} INFO - [2025-06-13T15:40:19.814-0400] {dagbag.py:588} INFO - Filling up the DagBag from /Users/pranavr/drift-retrainer/dags/drift_detection_dag.py
[2025-06-13T15:40:19.819-0400] {processor.py:925} INFO - DAG(s) 'drift_detection' retrieved from /Users/pranavr/drift-retrainer/dags/drift_detection_dag.py
[2025-06-13T15:40:19.898-0400] {logging_mixin.py:190} INFO - [2025-06-13T15:40:19.897-0400] {dag.py:3239} INFO - Sync 1 DAGs
[2025-06-13T15:40:19.905-0400] {logging_mixin.py:190} INFO - [2025-06-13T15:40:19.905-0400] {dag.py:4180} INFO - Setting next_dagrun for drift_detection to 2025-06-13T18:00:00+00:00, run_after=2025-06-13T19:00:00+00:00
[2025-06-13T15:40:19.912-0400] {processor.py:208} INFO - Processing /Users/pranavr/drift-retrainer/dags/drift_detection_dag.py took 102.195 seconds
[2025-06-13T15:41:48.407-0400] {processor.py:186} INFO - Started process (PID=21068) to work on /Users/pranavr/drift-retrainer/dags/drift_detection_dag.py
[2025-06-13T15:41:48.410-0400] {processor.py:914} INFO - Processing file /Users/pranavr/drift-retrainer/dags/drift_detection_dag.py for tasks to queue
[2025-06-13T15:41:48.410-0400] {logging_mixin.py:190} INFO - [2025-06-13T15:41:48.410-0400] {dagbag.py:588} INFO - Filling up the DagBag from /Users/pranavr/drift-retrainer/dags/drift_detection_dag.py
[2025-06-13T15:41:48.416-0400] {processor.py:925} INFO - DAG(s) 'drift_detection' retrieved from /Users/pranavr/drift-retrainer/dags/drift_detection_dag.py
[2025-06-13T15:41:48.486-0400] {logging_mixin.py:190} INFO - [2025-06-13T15:41:48.486-0400] {dag.py:3239} INFO - Sync 1 DAGs
[2025-06-13T15:41:48.493-0400] {logging_mixin.py:190} INFO - [2025-06-13T15:41:48.493-0400] {dag.py:4180} INFO - Setting next_dagrun for drift_detection to 2025-06-13T18:00:00+00:00, run_after=2025-06-13T19:00:00+00:00
[2025-06-13T15:41:48.502-0400] {processor.py:208} INFO - Processing /Users/pranavr/drift-retrainer/dags/drift_detection_dag.py took 95.745 seconds
[2025-06-13T15:43:01.903-0400] {processor.py:186} INFO - Started process (PID=21405) to work on /Users/pranavr/drift-retrainer/dags/drift_detection_dag.py
[2025-06-13T15:43:01.905-0400] {processor.py:914} INFO - Processing file /Users/pranavr/drift-retrainer/dags/drift_detection_dag.py for tasks to queue
[2025-06-13T15:43:01.906-0400] {logging_mixin.py:190} INFO - [2025-06-13T15:43:01.906-0400] {dagbag.py:588} INFO - Filling up the DagBag from /Users/pranavr/drift-retrainer/dags/drift_detection_dag.py
[2025-06-13T15:43:01.912-0400] {processor.py:925} INFO - DAG(s) 'drift_detection' retrieved from /Users/pranavr/drift-retrainer/dags/drift_detection_dag.py
[2025-06-13T15:43:02.044-0400] {logging_mixin.py:190} INFO - [2025-06-13T15:43:02.044-0400] {override.py:1930} INFO - Created Permission View: can read on DAG:drift_detection
[2025-06-13T15:43:02.048-0400] {logging_mixin.py:190} INFO - [2025-06-13T15:43:02.048-0400] {override.py:1930} INFO - Created Permission View: can delete on DAG:drift_detection
[2025-06-13T15:43:02.051-0400] {logging_mixin.py:190} INFO - [2025-06-13T15:43:02.051-0400] {override.py:1930} INFO - Created Permission View: can edit on DAG:drift_detection
[2025-06-13T15:43:02.054-0400] {logging_mixin.py:190} INFO - [2025-06-13T15:43:02.054-0400] {override.py:1930} INFO - Created Permission View: can read on DAG Run:drift_detection
[2025-06-13T15:43:02.057-0400] {logging_mixin.py:190} INFO - [2025-06-13T15:43:02.057-0400] {override.py:1930} INFO - Created Permission View: can create on DAG Run:drift_detection
[2025-06-13T15:43:02.060-0400] {logging_mixin.py:190} INFO - [2025-06-13T15:43:02.060-0400] {override.py:1930} INFO - Created Permission View: can delete on DAG Run:drift_detection
[2025-06-13T15:43:02.062-0400] {logging_mixin.py:190} INFO - [2025-06-13T15:43:02.062-0400] {override.py:1930} INFO - Created Permission View: menu access on DAG Run:drift_detection
[2025-06-13T15:43:02.062-0400] {logging_mixin.py:190} INFO - [2025-06-13T15:43:02.062-0400] {dag.py:3239} INFO - Sync 1 DAGs
[2025-06-13T15:43:02.067-0400] {logging_mixin.py:190} INFO - [2025-06-13T15:43:02.067-0400] {dag.py:3262} INFO - Creating ORM DAG for drift_detection
[2025-06-13T15:43:02.071-0400] {logging_mixin.py:190} INFO - [2025-06-13T15:43:02.071-0400] {dag.py:4180} INFO - Setting next_dagrun for drift_detection to 2025-06-13T18:00:00+00:00, run_after=2025-06-13T19:00:00+00:00
[2025-06-13T15:43:02.078-0400] {processor.py:208} INFO - Processing /Users/pranavr/drift-retrainer/dags/drift_detection_dag.py took 176.578 seconds
[2025-06-13T15:45:07.907-0400] {processor.py:186} INFO - Started process (PID=21831) to work on /Users/pranavr/drift-retrainer/dags/drift_detection_dag.py
[2025-06-13T15:45:07.910-0400] {processor.py:914} INFO - Processing file /Users/pranavr/drift-retrainer/dags/drift_detection_dag.py for tasks to queue
[2025-06-13T15:45:07.910-0400] {logging_mixin.py:190} INFO - [2025-06-13T15:45:07.910-0400] {dagbag.py:588} INFO - Filling up the DagBag from /Users/pranavr/drift-retrainer/dags/drift_detection_dag.py
[2025-06-13T15:45:07.915-0400] {processor.py:925} INFO - DAG(s) 'drift_detection' retrieved from /Users/pranavr/drift-retrainer/dags/drift_detection_dag.py
[2025-06-13T15:45:07.988-0400] {logging_mixin.py:190} INFO - [2025-06-13T15:45:07.988-0400] {dag.py:3239} INFO - Sync 1 DAGs
[2025-06-13T15:45:07.995-0400] {logging_mixin.py:190} INFO - [2025-06-13T15:45:07.995-0400] {dag.py:4180} INFO - Setting next_dagrun for drift_detection to 2025-06-13T18:00:00+00:00, run_after=2025-06-13T19:00:00+00:00
[2025-06-13T15:45:08.003-0400] {processor.py:208} INFO - Processing /Users/pranavr/drift-retrainer/dags/drift_detection_dag.py took 97.198 seconds
[2025-06-13T15:46:37.427-0400] {processor.py:186} INFO - Started process (PID=22011) to work on /Users/pranavr/drift-retrainer/dags/drift_detection_dag.py
[2025-06-13T15:46:37.430-0400] {processor.py:914} INFO - Processing file /Users/pranavr/drift-retrainer/dags/drift_detection_dag.py for tasks to queue
[2025-06-13T15:46:37.430-0400] {logging_mixin.py:190} INFO - [2025-06-13T15:46:37.430-0400] {dagbag.py:588} INFO - Filling up the DagBag from /Users/pranavr/drift-retrainer/dags/drift_detection_dag.py
[2025-06-13T15:46:37.435-0400] {processor.py:925} INFO - DAG(s) 'drift_detection' retrieved from /Users/pranavr/drift-retrainer/dags/drift_detection_dag.py
[2025-06-13T15:46:37.505-0400] {logging_mixin.py:190} INFO - [2025-06-13T15:46:37.504-0400] {dag.py:3239} INFO - Sync 1 DAGs
[2025-06-13T15:46:37.512-0400] {logging_mixin.py:190} INFO - [2025-06-13T15:46:37.512-0400] {dag.py:4180} INFO - Setting next_dagrun for drift_detection to 2025-06-13T18:00:00+00:00, run_after=2025-06-13T19:00:00+00:00
[2025-06-13T15:46:37.520-0400] {processor.py:208} INFO - Processing /Users/pranavr/drift-retrainer/dags/drift_detection_dag.py took 94.205 seconds
[2025-06-13T15:48:03.384-0400] {processor.py:186} INFO - Started process (PID=22120) to work on /Users/pranavr/drift-retrainer/dags/drift_detection_dag.py
[2025-06-13T15:48:03.386-0400] {processor.py:914} INFO - Processing file /Users/pranavr/drift-retrainer/dags/drift_detection_dag.py for tasks to queue
[2025-06-13T15:48:03.387-0400] {logging_mixin.py:190} INFO - [2025-06-13T15:48:03.387-0400] {dagbag.py:588} INFO - Filling up the DagBag from /Users/pranavr/drift-retrainer/dags/drift_detection_dag.py
[2025-06-13T15:48:03.392-0400] {processor.py:925} INFO - DAG(s) 'drift_detection' retrieved from /Users/pranavr/drift-retrainer/dags/drift_detection_dag.py
[2025-06-13T15:48:03.463-0400] {logging_mixin.py:190} INFO - [2025-06-13T15:48:03.463-0400] {dag.py:3239} INFO - Sync 1 DAGs
[2025-06-13T15:48:03.472-0400] {logging_mixin.py:190} INFO - [2025-06-13T15:48:03.472-0400] {dag.py:4180} INFO - Setting next_dagrun for drift_detection to 2025-06-13T18:00:00+00:00, run_after=2025-06-13T19:00:00+00:00
[2025-06-13T15:48:03.479-0400] {processor.py:208} INFO - Processing /Users/pranavr/drift-retrainer/dags/drift_detection_dag.py took 96.441 seconds
[2025-06-13T15:49:28.014-0400] {processor.py:186} INFO - Started process (PID=22260) to work on /Users/pranavr/drift-retrainer/dags/drift_detection_dag.py
[2025-06-13T15:49:28.017-0400] {processor.py:914} INFO - Processing file /Users/pranavr/drift-retrainer/dags/drift_detection_dag.py for tasks to queue
[2025-06-13T15:49:28.017-0400] {logging_mixin.py:190} INFO - [2025-06-13T15:49:28.017-0400] {dagbag.py:588} INFO - Filling up the DagBag from /Users/pranavr/drift-retrainer/dags/drift_detection_dag.py
[2025-06-13T15:49:28.026-0400] {processor.py:925} INFO - DAG(s) 'drift_detection' retrieved from /Users/pranavr/drift-retrainer/dags/drift_detection_dag.py
[2025-06-13T15:49:28.128-0400] {logging_mixin.py:190} INFO - [2025-06-13T15:49:28.128-0400] {dag.py:3239} INFO - Sync 1 DAGs
[2025-06-13T15:49:28.136-0400] {logging_mixin.py:190} INFO - [2025-06-13T15:49:28.136-0400] {dag.py:4180} INFO - Setting next_dagrun for drift_detection to 2025-06-13T18:00:00+00:00, run_after=2025-06-13T19:00:00+00:00
[2025-06-13T15:49:28.147-0400] {processor.py:208} INFO - Processing /Users/pranavr/drift-retrainer/dags/drift_detection_dag.py took 134.565 seconds
[2025-06-13T15:50:52.341-0400] {processor.py:186} INFO - Started process (PID=22395) to work on /Users/pranavr/drift-retrainer/dags/drift_detection_dag.py
[2025-06-13T15:50:52.343-0400] {processor.py:914} INFO - Processing file /Users/pranavr/drift-retrainer/dags/drift_detection_dag.py for tasks to queue
[2025-06-13T15:50:52.344-0400] {logging_mixin.py:190} INFO - [2025-06-13T15:50:52.344-0400] {dagbag.py:588} INFO - Filling up the DagBag from /Users/pranavr/drift-retrainer/dags/drift_detection_dag.py
[2025-06-13T15:50:52.348-0400] {processor.py:925} INFO - DAG(s) 'drift_detection' retrieved from /Users/pranavr/drift-retrainer/dags/drift_detection_dag.py
[2025-06-13T15:50:52.420-0400] {logging_mixin.py:190} INFO - [2025-06-13T15:50:52.420-0400] {dag.py:3239} INFO - Sync 1 DAGs
[2025-06-13T15:50:52.428-0400] {logging_mixin.py:190} INFO - [2025-06-13T15:50:52.428-0400] {dag.py:4180} INFO - Setting next_dagrun for drift_detection to 2025-06-13T18:00:00+00:00, run_after=2025-06-13T19:00:00+00:00
[2025-06-13T15:50:52.436-0400] {processor.py:208} INFO - Processing /Users/pranavr/drift-retrainer/dags/drift_detection_dag.py took 95.871 seconds
[2025-06-13T15:52:04.279-0400] {processor.py:186} INFO - Started process (PID=22605) to work on /Users/pranavr/drift-retrainer/dags/drift_detection_dag.py
[2025-06-13T15:52:04.280-0400] {processor.py:914} INFO - Processing file /Users/pranavr/drift-retrainer/dags/drift_detection_dag.py for tasks to queue
[2025-06-13T15:52:04.281-0400] {logging_mixin.py:190} INFO - [2025-06-13T15:52:04.281-0400] {dagbag.py:588} INFO - Filling up the DagBag from /Users/pranavr/drift-retrainer/dags/drift_detection_dag.py
[2025-06-13T15:52:04.284-0400] {processor.py:925} INFO - DAG(s) 'drift_detection' retrieved from /Users/pranavr/drift-retrainer/dags/drift_detection_dag.py
[2025-06-13T15:52:04.346-0400] {logging_mixin.py:190} INFO - [2025-06-13T15:52:04.346-0400] {dag.py:3239} INFO - Sync 1 DAGs
[2025-06-13T15:52:04.353-0400] {logging_mixin.py:190} INFO - [2025-06-13T15:52:04.353-0400] {dag.py:4180} INFO - Setting next_dagrun for drift_detection to 2025-06-13T18:00:00+00:00, run_after=2025-06-13T19:00:00+00:00
[2025-06-13T15:52:04.359-0400] {processor.py:208} INFO - Processing /Users/pranavr/drift-retrainer/dags/drift_detection_dag.py took 81.847 seconds
[2025-06-13T15:53:19.398-0400] {processor.py:186} INFO - Started process (PID=22724) to work on /Users/pranavr/drift-retrainer/dags/drift_detection_dag.py
[2025-06-13T15:53:19.399-0400] {processor.py:914} INFO - Processing file /Users/pranavr/drift-retrainer/dags/drift_detection_dag.py for tasks to queue
[2025-06-13T15:53:19.400-0400] {logging_mixin.py:190} INFO - [2025-06-13T15:53:19.400-0400] {dagbag.py:588} INFO - Filling up the DagBag from /Users/pranavr/drift-retrainer/dags/drift_detection_dag.py
[2025-06-13T15:53:19.403-0400] {processor.py:925} INFO - DAG(s) 'drift_detection' retrieved from /Users/pranavr/drift-retrainer/dags/drift_detection_dag.py
[2025-06-13T15:53:19.465-0400] {logging_mixin.py:190} INFO - [2025-06-13T15:53:19.465-0400] {dag.py:3239} INFO - Sync 1 DAGs
[2025-06-13T15:53:19.471-0400] {logging_mixin.py:190} INFO - [2025-06-13T15:53:19.471-0400] {dag.py:4180} INFO - Setting next_dagrun for drift_detection to 2025-06-13T18:00:00+00:00, run_after=2025-06-13T19:00:00+00:00
[2025-06-13T15:53:19.478-0400] {processor.py:208} INFO - Processing /Users/pranavr/drift-retrainer/dags/drift_detection_dag.py took 81.580 seconds
[2025-06-13T15:54:33.231-0400] {processor.py:186} INFO - Started process (PID=22869) to work on /Users/pranavr/drift-retrainer/dags/drift_detection_dag.py
[2025-06-13T15:54:33.234-0400] {processor.py:914} INFO - Processing file /Users/pranavr/drift-retrainer/dags/drift_detection_dag.py for tasks to queue
[2025-06-13T15:54:33.234-0400] {logging_mixin.py:190} INFO - [2025-06-13T15:54:33.234-0400] {dagbag.py:588} INFO - Filling up the DagBag from /Users/pranavr/drift-retrainer/dags/drift_detection_dag.py
[2025-06-13T15:54:33.238-0400] {processor.py:925} INFO - DAG(s) 'drift_detection' retrieved from /Users/pranavr/drift-retrainer/dags/drift_detection_dag.py
[2025-06-13T15:54:33.300-0400] {logging_mixin.py:190} INFO - [2025-06-13T15:54:33.300-0400] {dag.py:3239} INFO - Sync 1 DAGs
[2025-06-13T15:54:33.307-0400] {logging_mixin.py:190} INFO - [2025-06-13T15:54:33.307-0400] {dag.py:4180} INFO - Setting next_dagrun for drift_detection to 2025-06-13T18:00:00+00:00, run_after=2025-06-13T19:00:00+00:00
[2025-06-13T15:54:33.313-0400] {processor.py:208} INFO - Processing /Users/pranavr/drift-retrainer/dags/drift_detection_dag.py took 83.077 seconds
[2025-06-13T15:55:44.765-0400] {processor.py:186} INFO - Started process (PID=22959) to work on /Users/pranavr/drift-retrainer/dags/drift_detection_dag.py
[2025-06-13T15:55:44.767-0400] {processor.py:914} INFO - Processing file /Users/pranavr/drift-retrainer/dags/drift_detection_dag.py for tasks to queue
[2025-06-13T15:55:44.767-0400] {logging_mixin.py:190} INFO - [2025-06-13T15:55:44.767-0400] {dagbag.py:588} INFO - Filling up the DagBag from /Users/pranavr/drift-retrainer/dags/drift_detection_dag.py
[2025-06-13T15:55:44.771-0400] {processor.py:925} INFO - DAG(s) 'drift_detection' retrieved from /Users/pranavr/drift-retrainer/dags/drift_detection_dag.py
[2025-06-13T15:55:44.833-0400] {logging_mixin.py:190} INFO - [2025-06-13T15:55:44.833-0400] {dag.py:3239} INFO - Sync 1 DAGs
[2025-06-13T15:55:44.840-0400] {logging_mixin.py:190} INFO - [2025-06-13T15:55:44.840-0400] {dag.py:4180} INFO - Setting next_dagrun for drift_detection to 2025-06-13T18:00:00+00:00, run_after=2025-06-13T19:00:00+00:00
[2025-06-13T15:55:44.846-0400] {processor.py:208} INFO - Processing /Users/pranavr/drift-retrainer/dags/drift_detection_dag.py took 82.943 seconds
[2025-06-13T15:56:57.891-0400] {processor.py:186} INFO - Started process (PID=23062) to work on /Users/pranavr/drift-retrainer/dags/drift_detection_dag.py
[2025-06-13T15:56:57.892-0400] {processor.py:914} INFO - Processing file /Users/pranavr/drift-retrainer/dags/drift_detection_dag.py for tasks to queue
[2025-06-13T15:56:57.893-0400] {logging_mixin.py:190} INFO - [2025-06-13T15:56:57.893-0400] {dagbag.py:588} INFO - Filling up the DagBag from /Users/pranavr/drift-retrainer/dags/drift_detection_dag.py
[2025-06-13T15:56:57.897-0400] {processor.py:925} INFO - DAG(s) 'drift_detection' retrieved from /Users/pranavr/drift-retrainer/dags/drift_detection_dag.py
[2025-06-13T15:56:57.963-0400] {logging_mixin.py:190} INFO - [2025-06-13T15:56:57.963-0400] {dag.py:3239} INFO - Sync 1 DAGs
[2025-06-13T15:56:57.969-0400] {logging_mixin.py:190} INFO - [2025-06-13T15:56:57.969-0400] {dag.py:4180} INFO - Setting next_dagrun for drift_detection to 2025-06-13T18:00:00+00:00, run_after=2025-06-13T19:00:00+00:00
[2025-06-13T15:56:57.977-0400] {processor.py:208} INFO - Processing /Users/pranavr/drift-retrainer/dags/drift_detection_dag.py took 87.391 seconds
[2025-06-13T15:58:09.042-0400] {processor.py:186} INFO - Started process (PID=23196) to work on /Users/pranavr/drift-retrainer/dags/drift_detection_dag.py
[2025-06-13T15:58:09.044-0400] {processor.py:914} INFO - Processing file /Users/pranavr/drift-retrainer/dags/drift_detection_dag.py for tasks to queue
[2025-06-13T15:58:09.044-0400] {logging_mixin.py:190} INFO - [2025-06-13T15:58:09.044-0400] {dagbag.py:588} INFO - Filling up the DagBag from /Users/pranavr/drift-retrainer/dags/drift_detection_dag.py
[2025-06-13T15:58:09.048-0400] {processor.py:925} INFO - DAG(s) 'drift_detection' retrieved from /Users/pranavr/drift-retrainer/dags/drift_detection_dag.py
[2025-06-13T15:58:09.112-0400] {logging_mixin.py:190} INFO - [2025-06-13T15:58:09.112-0400] {dag.py:3239} INFO - Sync 1 DAGs
[2025-06-13T15:58:09.119-0400] {logging_mixin.py:190} INFO - [2025-06-13T15:58:09.119-0400] {dag.py:4180} INFO - Setting next_dagrun for drift_detection to 2025-06-13T18:00:00+00:00, run_after=2025-06-13T19:00:00+00:00
[2025-06-13T15:58:09.126-0400] {processor.py:208} INFO - Processing /Users/pranavr/drift-retrainer/dags/drift_detection_dag.py took 85.290 seconds
[2025-06-13T15:59:21.466-0400] {processor.py:186} INFO - Started process (PID=23396) to work on /Users/pranavr/drift-retrainer/dags/drift_detection_dag.py
[2025-06-13T15:59:21.468-0400] {processor.py:914} INFO - Processing file /Users/pranavr/drift-retrainer/dags/drift_detection_dag.py for tasks to queue
[2025-06-13T15:59:21.469-0400] {logging_mixin.py:190} INFO - [2025-06-13T15:59:21.469-0400] {dagbag.py:588} INFO - Filling up the DagBag from /Users/pranavr/drift-retrainer/dags/drift_detection_dag.py
[2025-06-13T15:59:21.474-0400] {processor.py:925} INFO - DAG(s) 'drift_detection' retrieved from /Users/pranavr/drift-retrainer/dags/drift_detection_dag.py
[2025-06-13T15:59:21.537-0400] {logging_mixin.py:190} INFO - [2025-06-13T15:59:21.537-0400] {dag.py:3239} INFO - Sync 1 DAGs
[2025-06-13T15:59:21.544-0400] {logging_mixin.py:190} INFO - [2025-06-13T15:59:21.544-0400] {dag.py:4180} INFO - Setting next_dagrun for drift_detection to 2025-06-13T18:00:00+00:00, run_after=2025-06-13T19:00:00+00:00
[2025-06-13T15:59:21.551-0400] {processor.py:208} INFO - Processing /Users/pranavr/drift-retrainer/dags/drift_detection_dag.py took 86.029 seconds
[2025-06-13T16:00:35.417-0400] {processor.py:186} INFO - Started process (PID=23590) to work on /Users/pranavr/drift-retrainer/dags/drift_detection_dag.py
[2025-06-13T16:00:35.419-0400] {processor.py:914} INFO - Processing file /Users/pranavr/drift-retrainer/dags/drift_detection_dag.py for tasks to queue
[2025-06-13T16:00:35.420-0400] {logging_mixin.py:190} INFO - [2025-06-13T16:00:35.420-0400] {dagbag.py:588} INFO - Filling up the DagBag from /Users/pranavr/drift-retrainer/dags/drift_detection_dag.py
[2025-06-13T16:00:35.424-0400] {processor.py:925} INFO - DAG(s) 'drift_detection' retrieved from /Users/pranavr/drift-retrainer/dags/drift_detection_dag.py
[2025-06-13T16:00:35.487-0400] {logging_mixin.py:190} INFO - [2025-06-13T16:00:35.487-0400] {dag.py:3239} INFO - Sync 1 DAGs
[2025-06-13T16:00:35.494-0400] {logging_mixin.py:190} INFO - [2025-06-13T16:00:35.494-0400] {dag.py:4180} INFO - Setting next_dagrun for drift_detection to 2025-06-13T19:00:00+00:00, run_after=2025-06-13T20:00:00+00:00
[2025-06-13T16:00:35.501-0400] {processor.py:208} INFO - Processing /Users/pranavr/drift-retrainer/dags/drift_detection_dag.py took 85.255 seconds
[2025-06-13T16:01:50.660-0400] {processor.py:186} INFO - Started process (PID=23799) to work on /Users/pranavr/drift-retrainer/dags/drift_detection_dag.py
[2025-06-13T16:01:50.663-0400] {processor.py:914} INFO - Processing file /Users/pranavr/drift-retrainer/dags/drift_detection_dag.py for tasks to queue
[2025-06-13T16:01:50.663-0400] {logging_mixin.py:190} INFO - [2025-06-13T16:01:50.663-0400] {dagbag.py:588} INFO - Filling up the DagBag from /Users/pranavr/drift-retrainer/dags/drift_detection_dag.py
[2025-06-13T16:01:50.667-0400] {processor.py:925} INFO - DAG(s) 'drift_detection' retrieved from /Users/pranavr/drift-retrainer/dags/drift_detection_dag.py
[2025-06-13T16:01:50.731-0400] {logging_mixin.py:190} INFO - [2025-06-13T16:01:50.731-0400] {dag.py:3239} INFO - Sync 1 DAGs
[2025-06-13T16:01:50.738-0400] {logging_mixin.py:190} INFO - [2025-06-13T16:01:50.738-0400] {dag.py:4180} INFO - Setting next_dagrun for drift_detection to 2025-06-13T19:00:00+00:00, run_after=2025-06-13T20:00:00+00:00
[2025-06-13T16:01:50.745-0400] {processor.py:208} INFO - Processing /Users/pranavr/drift-retrainer/dags/drift_detection_dag.py took 86.309 seconds
[2025-06-13T16:03:10.720-0400] {processor.py:186} INFO - Started process (PID=23996) to work on /Users/pranavr/drift-retrainer/dags/drift_detection_dag.py
[2025-06-13T16:03:10.723-0400] {processor.py:914} INFO - Processing file /Users/pranavr/drift-retrainer/dags/drift_detection_dag.py for tasks to queue
[2025-06-13T16:03:10.723-0400] {logging_mixin.py:190} INFO - [2025-06-13T16:03:10.723-0400] {dagbag.py:588} INFO - Filling up the DagBag from /Users/pranavr/drift-retrainer/dags/drift_detection_dag.py
[2025-06-13T16:03:10.727-0400] {processor.py:925} INFO - DAG(s) 'drift_detection' retrieved from /Users/pranavr/drift-retrainer/dags/drift_detection_dag.py
[2025-06-13T16:03:10.802-0400] {logging_mixin.py:190} INFO - [2025-06-13T16:03:10.802-0400] {dag.py:3239} INFO - Sync 1 DAGs
[2025-06-13T16:03:10.810-0400] {logging_mixin.py:190} INFO - [2025-06-13T16:03:10.810-0400] {dag.py:4180} INFO - Setting next_dagrun for drift_detection to 2025-06-13T19:00:00+00:00, run_after=2025-06-13T20:00:00+00:00
[2025-06-13T16:03:10.818-0400] {processor.py:208} INFO - Processing /Users/pranavr/drift-retrainer/dags/drift_detection_dag.py took 99.395 seconds
[2025-06-13T16:08:11.800-0400] {processor.py:186} INFO - Started process (PID=24243) to work on /Users/pranavr/drift-retrainer/dags/drift_detection_dag.py
[2025-06-13T16:08:11.802-0400] {processor.py:914} INFO - Processing file /Users/pranavr/drift-retrainer/dags/drift_detection_dag.py for tasks to queue
[2025-06-13T16:08:11.802-0400] {logging_mixin.py:190} INFO - [2025-06-13T16:08:11.802-0400] {dagbag.py:588} INFO - Filling up the DagBag from /Users/pranavr/drift-retrainer/dags/drift_detection_dag.py
[2025-06-13T16:08:11.807-0400] {processor.py:925} INFO - DAG(s) 'drift_detection' retrieved from /Users/pranavr/drift-retrainer/dags/drift_detection_dag.py
[2025-06-13T16:08:11.887-0400] {logging_mixin.py:190} INFO - [2025-06-13T16:08:11.887-0400] {dag.py:3239} INFO - Sync 1 DAGs
[2025-06-13T16:08:11.895-0400] {logging_mixin.py:190} INFO - [2025-06-13T16:08:11.895-0400] {dag.py:4180} INFO - Setting next_dagrun for drift_detection to 2025-06-13T19:00:00+00:00, run_after=2025-06-13T20:00:00+00:00
[2025-06-13T16:08:11.904-0400] {processor.py:208} INFO - Processing /Users/pranavr/drift-retrainer/dags/drift_detection_dag.py took 105.268 seconds
