[2025-06-13T21:26:35.307-0400] {local_task_job_runner.py:123} INFO - ::group::Pre task execution logs
[2025-06-13T21:26:35.313-0400] {taskinstance.py:2631} INFO - Dependencies all met for dep_context=non-requeueable deps ti=<TaskInstance: drift_detection.run_drift_check scheduled__2025-06-14T00:00:00+00:00 [queued]>
[2025-06-13T21:26:35.316-0400] {taskinstance.py:2631} INFO - Dependencies all met for dep_context=requeueable deps ti=<TaskInstance: drift_detection.run_drift_check scheduled__2025-06-14T00:00:00+00:00 [queued]>
[2025-06-13T21:26:35.316-0400] {taskinstance.py:2884} INFO - Starting attempt 1 of 2
[2025-06-13T21:26:35.323-0400] {taskinstance.py:2907} INFO - Executing <Task(BashOperator): run_drift_check> on 2025-06-14 00:00:00+00:00
[2025-06-13T21:26:35.327-0400] {standard_task_runner.py:72} INFO - Started process 26395 to run task
[2025-06-13T21:26:35.334-0400] {standard_task_runner.py:104} INFO - Running: ['airflow', 'tasks', 'run', 'drift_detection', 'run_drift_check', 'scheduled__2025-06-14T00:00:00+00:00', '--job-id', '3', '--raw', '--subdir', 'DAGS_FOLDER/drift_detection_dag.py', '--cfg-path', '/var/folders/03/yfb452w52dbgxf_9x9g7x2bc0000gp/T/tmphpl55v2t']
[2025-06-13T21:26:35.347-0400] {standard_task_runner.py:105} INFO - Job 3: Subtask run_drift_check
[2025-06-13T21:26:35.401-0400] {task_command.py:467} INFO - Running <TaskInstance: drift_detection.run_drift_check scheduled__2025-06-14T00:00:00+00:00 [running]> on host macbook-pro-14-inch-2245.local
[2025-06-13T21:26:35.457-0400] {taskinstance.py:3157} INFO - Exporting env vars: AIRFLOW_CTX_DAG_OWNER='airflow' AIRFLOW_CTX_DAG_ID='drift_detection' AIRFLOW_CTX_TASK_ID='run_drift_check' AIRFLOW_CTX_EXECUTION_DATE='2025-06-14T00:00:00+00:00' AIRFLOW_CTX_TRY_NUMBER='1' AIRFLOW_CTX_DAG_RUN_ID='scheduled__2025-06-14T00:00:00+00:00'
[2025-06-13T21:26:35.458-0400] {logging_mixin.py:190} INFO - Task instance is in running state
[2025-06-13T21:26:35.458-0400] {logging_mixin.py:190} INFO -  Previous state of the Task instance: queued
[2025-06-13T21:26:35.458-0400] {logging_mixin.py:190} INFO - Current task name:run_drift_check state:running start_date:2025-06-14 01:26:35.314099+00:00
[2025-06-13T21:26:35.459-0400] {logging_mixin.py:190} INFO - Dag name:drift_detection and current dag run status:running
[2025-06-13T21:26:35.459-0400] {taskinstance.py:740} INFO - ::endgroup::
[2025-06-13T21:26:35.460-0400] {subprocess.py:78} INFO - Tmp dir root location: /var/folders/03/yfb452w52dbgxf_9x9g7x2bc0000gp/T
[2025-06-13T21:26:35.460-0400] {subprocess.py:88} INFO - Running command: ['/bin/bash', '-c', 'python src/drift_check.py']
[2025-06-13T21:26:35.465-0400] {subprocess.py:99} INFO - Output:
[2025-06-13T21:27:12.589-0400] {subprocess.py:106} INFO - No significant data drift detected.
[2025-06-13T21:27:13.054-0400] {subprocess.py:110} INFO - Command exited with return code 0
[2025-06-13T21:27:13.072-0400] {taskinstance.py:349} INFO - ::group::Post task execution logs
[2025-06-13T21:27:13.072-0400] {taskinstance.py:361} INFO - Marking task as SUCCESS. dag_id=drift_detection, task_id=run_drift_check, run_id=scheduled__2025-06-14T00:00:00+00:00, execution_date=20250614T000000, start_date=20250614T012635, end_date=20250614T012713
[2025-06-13T21:27:13.081-0400] {logging_mixin.py:190} INFO - Task instance in success state
[2025-06-13T21:27:13.082-0400] {logging_mixin.py:190} INFO -  Previous state of the Task instance: running
[2025-06-13T21:27:13.082-0400] {logging_mixin.py:190} INFO - Dag name:drift_detection queued_at:2025-06-14 01:26:33.701896+00:00
[2025-06-13T21:27:13.082-0400] {logging_mixin.py:190} INFO - Task hostname:macbook-pro-14-inch-2245.local operator:BashOperator
[2025-06-13T21:27:13.107-0400] {local_task_job_runner.py:266} INFO - Task exited with return code 0
[2025-06-13T21:27:13.124-0400] {taskinstance.py:3924} INFO - 0 downstream tasks scheduled from follow-on schedule check
[2025-06-13T21:27:13.124-0400] {local_task_job_runner.py:245} INFO - ::endgroup::
