[2025-06-14T21:49:13.662-0400] {manager.py:483} INFO - Processing files using up to 1 processes at a time 
[2025-06-14T21:49:13.662-0400] {manager.py:484} INFO - Process each file at most once every 30 seconds
[2025-06-14T21:49:13.662-0400] {manager.py:485} INFO - Checking for new files in /Users/pranavr/drift-retrainer/dags every 300 seconds
[2025-06-14T21:49:13.662-0400] {manager.py:821} INFO - Searching for files in /Users/pranavr/drift-retrainer/dags
[2025-06-14T21:49:13.663-0400] {manager.py:824} INFO - There are 2 files in /Users/pranavr/drift-retrainer/dags
[2025-06-14T21:49:14.682-0400] {manager.py:997} INFO - 
================================================================================
DAG File Processing Stats

File Path                                                   PID    Runtime      # DAGs    # Errors  Last Runtime    Last Run               Last # of DB Queries
----------------------------------------------------------  -----  ---------  --------  ----------  --------------  -------------------  ----------------------
/Users/pranavr/drift-retrainer/dags/drift_detection_dag.py                           1           0  0.94s           2025-06-15T01:49:14                      45
/Users/pranavr/drift-retrainer/dags/retraining_dag.py                                0           0                                                            0
================================================================================
[2025-06-14T21:49:46.316-0400] {manager.py:997} INFO - 
================================================================================
DAG File Processing Stats

File Path                                                   PID    Runtime      # DAGs    # Errors  Last Runtime    Last Run               Last # of DB Queries
----------------------------------------------------------  -----  ---------  --------  ----------  --------------  -------------------  ----------------------
/Users/pranavr/drift-retrainer/dags/drift_detection_dag.py                           1           0  1.06s           2025-06-15T01:49:46                      12
/Users/pranavr/drift-retrainer/dags/retraining_dag.py                                1           0  0.91s           2025-06-15T01:49:16                      45
================================================================================
[2025-06-14T21:50:17.650-0400] {manager.py:997} INFO - 
================================================================================
DAG File Processing Stats

File Path                                                   PID    Runtime      # DAGs    # Errors  Last Runtime    Last Run               Last # of DB Queries
----------------------------------------------------------  -----  ---------  --------  ----------  --------------  -------------------  ----------------------
/Users/pranavr/drift-retrainer/dags/drift_detection_dag.py                           1           0  1.18s           2025-06-15T01:50:17                      12
/Users/pranavr/drift-retrainer/dags/retraining_dag.py                                1           0  0.88s           2025-06-15T01:49:48                      12
================================================================================
[2025-06-14T21:50:48.874-0400] {manager.py:997} INFO - 
================================================================================
DAG File Processing Stats

File Path                                                   PID    Runtime      # DAGs    # Errors  Last Runtime    Last Run               Last # of DB Queries
----------------------------------------------------------  -----  ---------  --------  ----------  --------------  -------------------  ----------------------
/Users/pranavr/drift-retrainer/dags/drift_detection_dag.py                           1           0  1.15s           2025-06-15T01:50:48                      12
/Users/pranavr/drift-retrainer/dags/retraining_dag.py                                1           0  1.00s           2025-06-15T01:50:19                      12
================================================================================
