[2025-06-13T21:25:45.486-0400] {processor.py:186} INFO - Started process (PID=26315) to work on /Users/pranavr/.pyenv/versions/3.11.6/lib/python3.11/site-packages/airflow/example_dags/plugins/event_listener.py
[2025-06-13T21:25:45.488-0400] {processor.py:914} INFO - Processing file /Users/pranavr/.pyenv/versions/3.11.6/lib/python3.11/site-packages/airflow/example_dags/plugins/event_listener.py for tasks to queue
[2025-06-13T21:25:45.489-0400] {logging_mixin.py:190} INFO - [2025-06-13T21:25:45.489-0400] {dagbag.py:588} INFO - Filling up the DagBag from /Users/pranavr/.pyenv/versions/3.11.6/lib/python3.11/site-packages/airflow/example_dags/plugins/event_listener.py
[2025-06-13T21:25:45.489-0400] {processor.py:927} WARNING - No viable dags retrieved from /Users/pranavr/.pyenv/versions/3.11.6/lib/python3.11/site-packages/airflow/example_dags/plugins/event_listener.py
[2025-06-13T21:25:45.569-0400] {processor.py:208} INFO - Processing /Users/pranavr/.pyenv/versions/3.11.6/lib/python3.11/site-packages/airflow/example_dags/plugins/event_listener.py took 84.401 seconds
[2025-06-13T21:28:30.452-0400] {processor.py:186} INFO - Started process (PID=26651) to work on /Users/pranavr/.pyenv/versions/3.11.6/lib/python3.11/site-packages/airflow/example_dags/plugins/event_listener.py
[2025-06-13T21:28:30.454-0400] {processor.py:914} INFO - Processing file /Users/pranavr/.pyenv/versions/3.11.6/lib/python3.11/site-packages/airflow/example_dags/plugins/event_listener.py for tasks to queue
[2025-06-13T21:28:30.455-0400] {logging_mixin.py:190} INFO - [2025-06-13T21:28:30.454-0400] {dagbag.py:588} INFO - Filling up the DagBag from /Users/pranavr/.pyenv/versions/3.11.6/lib/python3.11/site-packages/airflow/example_dags/plugins/event_listener.py
[2025-06-13T21:28:30.455-0400] {processor.py:927} WARNING - No viable dags retrieved from /Users/pranavr/.pyenv/versions/3.11.6/lib/python3.11/site-packages/airflow/example_dags/plugins/event_listener.py
[2025-06-13T21:28:30.531-0400] {processor.py:208} INFO - Processing /Users/pranavr/.pyenv/versions/3.11.6/lib/python3.11/site-packages/airflow/example_dags/plugins/event_listener.py took 80.094 seconds
[2025-06-13T21:30:04.226-0400] {processor.py:186} INFO - Started process (PID=26868) to work on /Users/pranavr/.pyenv/versions/3.11.6/lib/python3.11/site-packages/airflow/example_dags/plugins/event_listener.py
[2025-06-13T21:30:04.231-0400] {processor.py:914} INFO - Processing file /Users/pranavr/.pyenv/versions/3.11.6/lib/python3.11/site-packages/airflow/example_dags/plugins/event_listener.py for tasks to queue
[2025-06-13T21:30:04.233-0400] {logging_mixin.py:190} INFO - [2025-06-13T21:30:04.233-0400] {dagbag.py:588} INFO - Filling up the DagBag from /Users/pranavr/.pyenv/versions/3.11.6/lib/python3.11/site-packages/airflow/example_dags/plugins/event_listener.py
[2025-06-13T21:30:04.236-0400] {processor.py:927} WARNING - No viable dags retrieved from /Users/pranavr/.pyenv/versions/3.11.6/lib/python3.11/site-packages/airflow/example_dags/plugins/event_listener.py
[2025-06-13T21:30:04.330-0400] {processor.py:208} INFO - Processing /Users/pranavr/.pyenv/versions/3.11.6/lib/python3.11/site-packages/airflow/example_dags/plugins/event_listener.py took 109.369 seconds
[2025-06-13T21:31:41.259-0400] {processor.py:186} INFO - Started process (PID=27070) to work on /Users/pranavr/.pyenv/versions/3.11.6/lib/python3.11/site-packages/airflow/example_dags/plugins/event_listener.py
[2025-06-13T21:31:41.261-0400] {processor.py:914} INFO - Processing file /Users/pranavr/.pyenv/versions/3.11.6/lib/python3.11/site-packages/airflow/example_dags/plugins/event_listener.py for tasks to queue
[2025-06-13T21:31:41.262-0400] {logging_mixin.py:190} INFO - [2025-06-13T21:31:41.262-0400] {dagbag.py:588} INFO - Filling up the DagBag from /Users/pranavr/.pyenv/versions/3.11.6/lib/python3.11/site-packages/airflow/example_dags/plugins/event_listener.py
[2025-06-13T21:31:41.263-0400] {processor.py:927} WARNING - No viable dags retrieved from /Users/pranavr/.pyenv/versions/3.11.6/lib/python3.11/site-packages/airflow/example_dags/plugins/event_listener.py
[2025-06-13T21:31:41.357-0400] {processor.py:208} INFO - Processing /Users/pranavr/.pyenv/versions/3.11.6/lib/python3.11/site-packages/airflow/example_dags/plugins/event_listener.py took 99.304 seconds
[2025-06-13T21:33:25.358-0400] {processor.py:186} INFO - Started process (PID=27255) to work on /Users/pranavr/.pyenv/versions/3.11.6/lib/python3.11/site-packages/airflow/example_dags/plugins/event_listener.py
[2025-06-13T21:33:25.360-0400] {processor.py:914} INFO - Processing file /Users/pranavr/.pyenv/versions/3.11.6/lib/python3.11/site-packages/airflow/example_dags/plugins/event_listener.py for tasks to queue
[2025-06-13T21:33:25.361-0400] {logging_mixin.py:190} INFO - [2025-06-13T21:33:25.360-0400] {dagbag.py:588} INFO - Filling up the DagBag from /Users/pranavr/.pyenv/versions/3.11.6/lib/python3.11/site-packages/airflow/example_dags/plugins/event_listener.py
[2025-06-13T21:33:25.361-0400] {processor.py:927} WARNING - No viable dags retrieved from /Users/pranavr/.pyenv/versions/3.11.6/lib/python3.11/site-packages/airflow/example_dags/plugins/event_listener.py
[2025-06-13T21:33:25.446-0400] {processor.py:208} INFO - Processing /Users/pranavr/.pyenv/versions/3.11.6/lib/python3.11/site-packages/airflow/example_dags/plugins/event_listener.py took 90.183 seconds
[2025-06-13T21:35:18.343-0400] {processor.py:186} INFO - Started process (PID=27401) to work on /Users/pranavr/.pyenv/versions/3.11.6/lib/python3.11/site-packages/airflow/example_dags/plugins/event_listener.py
[2025-06-13T21:35:18.345-0400] {processor.py:914} INFO - Processing file /Users/pranavr/.pyenv/versions/3.11.6/lib/python3.11/site-packages/airflow/example_dags/plugins/event_listener.py for tasks to queue
[2025-06-13T21:35:18.346-0400] {logging_mixin.py:190} INFO - [2025-06-13T21:35:18.346-0400] {dagbag.py:588} INFO - Filling up the DagBag from /Users/pranavr/.pyenv/versions/3.11.6/lib/python3.11/site-packages/airflow/example_dags/plugins/event_listener.py
[2025-06-13T21:35:18.347-0400] {processor.py:927} WARNING - No viable dags retrieved from /Users/pranavr/.pyenv/versions/3.11.6/lib/python3.11/site-packages/airflow/example_dags/plugins/event_listener.py
[2025-06-13T21:35:18.426-0400] {processor.py:208} INFO - Processing /Users/pranavr/.pyenv/versions/3.11.6/lib/python3.11/site-packages/airflow/example_dags/plugins/event_listener.py took 83.968 seconds
[2025-06-13T21:38:03.075-0400] {processor.py:186} INFO - Started process (PID=28008) to work on /Users/pranavr/.pyenv/versions/3.11.6/lib/python3.11/site-packages/airflow/example_dags/plugins/event_listener.py
[2025-06-13T21:38:03.077-0400] {processor.py:914} INFO - Processing file /Users/pranavr/.pyenv/versions/3.11.6/lib/python3.11/site-packages/airflow/example_dags/plugins/event_listener.py for tasks to queue
[2025-06-13T21:38:03.078-0400] {logging_mixin.py:190} INFO - [2025-06-13T21:38:03.078-0400] {dagbag.py:588} INFO - Filling up the DagBag from /Users/pranavr/.pyenv/versions/3.11.6/lib/python3.11/site-packages/airflow/example_dags/plugins/event_listener.py
[2025-06-13T21:38:03.078-0400] {processor.py:927} WARNING - No viable dags retrieved from /Users/pranavr/.pyenv/versions/3.11.6/lib/python3.11/site-packages/airflow/example_dags/plugins/event_listener.py
[2025-06-13T21:38:03.160-0400] {processor.py:208} INFO - Processing /Users/pranavr/.pyenv/versions/3.11.6/lib/python3.11/site-packages/airflow/example_dags/plugins/event_listener.py took 86.673 seconds
[2025-06-13T21:39:23.642-0400] {processor.py:186} INFO - Started process (PID=28219) to work on /Users/pranavr/.pyenv/versions/3.11.6/lib/python3.11/site-packages/airflow/example_dags/plugins/event_listener.py
[2025-06-13T21:39:23.645-0400] {processor.py:914} INFO - Processing file /Users/pranavr/.pyenv/versions/3.11.6/lib/python3.11/site-packages/airflow/example_dags/plugins/event_listener.py for tasks to queue
[2025-06-13T21:39:23.646-0400] {logging_mixin.py:190} INFO - [2025-06-13T21:39:23.645-0400] {dagbag.py:588} INFO - Filling up the DagBag from /Users/pranavr/.pyenv/versions/3.11.6/lib/python3.11/site-packages/airflow/example_dags/plugins/event_listener.py
[2025-06-13T21:39:23.647-0400] {processor.py:927} WARNING - No viable dags retrieved from /Users/pranavr/.pyenv/versions/3.11.6/lib/python3.11/site-packages/airflow/example_dags/plugins/event_listener.py
[2025-06-13T21:39:23.733-0400] {processor.py:208} INFO - Processing /Users/pranavr/.pyenv/versions/3.11.6/lib/python3.11/site-packages/airflow/example_dags/plugins/event_listener.py took 95.148 seconds
[2025-06-13T21:41:23.553-0400] {processor.py:186} INFO - Started process (PID=28747) to work on /Users/pranavr/.pyenv/versions/3.11.6/lib/python3.11/site-packages/airflow/example_dags/plugins/event_listener.py
[2025-06-13T21:41:23.555-0400] {processor.py:914} INFO - Processing file /Users/pranavr/.pyenv/versions/3.11.6/lib/python3.11/site-packages/airflow/example_dags/plugins/event_listener.py for tasks to queue
[2025-06-13T21:41:23.556-0400] {logging_mixin.py:190} INFO - [2025-06-13T21:41:23.556-0400] {dagbag.py:588} INFO - Filling up the DagBag from /Users/pranavr/.pyenv/versions/3.11.6/lib/python3.11/site-packages/airflow/example_dags/plugins/event_listener.py
[2025-06-13T21:41:23.557-0400] {processor.py:927} WARNING - No viable dags retrieved from /Users/pranavr/.pyenv/versions/3.11.6/lib/python3.11/site-packages/airflow/example_dags/plugins/event_listener.py
[2025-06-13T21:41:23.637-0400] {processor.py:208} INFO - Processing /Users/pranavr/.pyenv/versions/3.11.6/lib/python3.11/site-packages/airflow/example_dags/plugins/event_listener.py took 85.113 seconds
[2025-06-13T21:42:55.373-0400] {processor.py:186} INFO - Started process (PID=29077) to work on /Users/pranavr/.pyenv/versions/3.11.6/lib/python3.11/site-packages/airflow/example_dags/plugins/event_listener.py
[2025-06-13T21:42:55.377-0400] {processor.py:914} INFO - Processing file /Users/pranavr/.pyenv/versions/3.11.6/lib/python3.11/site-packages/airflow/example_dags/plugins/event_listener.py for tasks to queue
[2025-06-13T21:42:55.378-0400] {logging_mixin.py:190} INFO - [2025-06-13T21:42:55.378-0400] {dagbag.py:588} INFO - Filling up the DagBag from /Users/pranavr/.pyenv/versions/3.11.6/lib/python3.11/site-packages/airflow/example_dags/plugins/event_listener.py
[2025-06-13T21:42:55.380-0400] {processor.py:927} WARNING - No viable dags retrieved from /Users/pranavr/.pyenv/versions/3.11.6/lib/python3.11/site-packages/airflow/example_dags/plugins/event_listener.py
[2025-06-13T21:42:55.475-0400] {processor.py:208} INFO - Processing /Users/pranavr/.pyenv/versions/3.11.6/lib/python3.11/site-packages/airflow/example_dags/plugins/event_listener.py took 102.794 seconds
