[2025-06-13T21:25:43.941-0400] {processor.py:186} INFO - Started process (PID=26307) to work on /Users/pranavr/.pyenv/versions/3.11.6/lib/python3.11/site-packages/airflow/example_dags/plugins/listener_plugin.py
[2025-06-13T21:25:43.943-0400] {processor.py:914} INFO - Processing file /Users/pranavr/.pyenv/versions/3.11.6/lib/python3.11/site-packages/airflow/example_dags/plugins/listener_plugin.py for tasks to queue
[2025-06-13T21:25:43.943-0400] {logging_mixin.py:190} INFO - [2025-06-13T21:25:43.943-0400] {dagbag.py:588} INFO - Filling up the DagBag from /Users/pranavr/.pyenv/versions/3.11.6/lib/python3.11/site-packages/airflow/example_dags/plugins/listener_plugin.py
[2025-06-13T21:25:43.944-0400] {processor.py:927} WARNING - No viable dags retrieved from /Users/pranavr/.pyenv/versions/3.11.6/lib/python3.11/site-packages/airflow/example_dags/plugins/listener_plugin.py
[2025-06-13T21:25:44.022-0400] {processor.py:208} INFO - Processing /Users/pranavr/.pyenv/versions/3.11.6/lib/python3.11/site-packages/airflow/example_dags/plugins/listener_plugin.py took 82.296 seconds
[2025-06-13T21:28:28.707-0400] {processor.py:186} INFO - Started process (PID=26649) to work on /Users/pranavr/.pyenv/versions/3.11.6/lib/python3.11/site-packages/airflow/example_dags/plugins/listener_plugin.py
[2025-06-13T21:28:28.710-0400] {processor.py:914} INFO - Processing file /Users/pranavr/.pyenv/versions/3.11.6/lib/python3.11/site-packages/airflow/example_dags/plugins/listener_plugin.py for tasks to queue
[2025-06-13T21:28:28.710-0400] {logging_mixin.py:190} INFO - [2025-06-13T21:28:28.710-0400] {dagbag.py:588} INFO - Filling up the DagBag from /Users/pranavr/.pyenv/versions/3.11.6/lib/python3.11/site-packages/airflow/example_dags/plugins/listener_plugin.py
[2025-06-13T21:28:28.712-0400] {processor.py:927} WARNING - No viable dags retrieved from /Users/pranavr/.pyenv/versions/3.11.6/lib/python3.11/site-packages/airflow/example_dags/plugins/listener_plugin.py
[2025-06-13T21:28:28.786-0400] {processor.py:208} INFO - Processing /Users/pranavr/.pyenv/versions/3.11.6/lib/python3.11/site-packages/airflow/example_dags/plugins/listener_plugin.py took 80.293 seconds
[2025-06-13T21:30:02.019-0400] {processor.py:186} INFO - Started process (PID=26862) to work on /Users/pranavr/.pyenv/versions/3.11.6/lib/python3.11/site-packages/airflow/example_dags/plugins/listener_plugin.py
[2025-06-13T21:30:02.022-0400] {processor.py:914} INFO - Processing file /Users/pranavr/.pyenv/versions/3.11.6/lib/python3.11/site-packages/airflow/example_dags/plugins/listener_plugin.py for tasks to queue
[2025-06-13T21:30:02.023-0400] {logging_mixin.py:190} INFO - [2025-06-13T21:30:02.023-0400] {dagbag.py:588} INFO - Filling up the DagBag from /Users/pranavr/.pyenv/versions/3.11.6/lib/python3.11/site-packages/airflow/example_dags/plugins/listener_plugin.py
[2025-06-13T21:30:02.027-0400] {processor.py:927} WARNING - No viable dags retrieved from /Users/pranavr/.pyenv/versions/3.11.6/lib/python3.11/site-packages/airflow/example_dags/plugins/listener_plugin.py
[2025-06-13T21:30:02.104-0400] {processor.py:208} INFO - Processing /Users/pranavr/.pyenv/versions/3.11.6/lib/python3.11/site-packages/airflow/example_dags/plugins/listener_plugin.py took 92.706 seconds
[2025-06-13T21:31:38.830-0400] {processor.py:186} INFO - Started process (PID=27062) to work on /Users/pranavr/.pyenv/versions/3.11.6/lib/python3.11/site-packages/airflow/example_dags/plugins/listener_plugin.py
[2025-06-13T21:31:38.834-0400] {processor.py:914} INFO - Processing file /Users/pranavr/.pyenv/versions/3.11.6/lib/python3.11/site-packages/airflow/example_dags/plugins/listener_plugin.py for tasks to queue
[2025-06-13T21:31:38.834-0400] {logging_mixin.py:190} INFO - [2025-06-13T21:31:38.834-0400] {dagbag.py:588} INFO - Filling up the DagBag from /Users/pranavr/.pyenv/versions/3.11.6/lib/python3.11/site-packages/airflow/example_dags/plugins/listener_plugin.py
[2025-06-13T21:31:38.837-0400] {processor.py:927} WARNING - No viable dags retrieved from /Users/pranavr/.pyenv/versions/3.11.6/lib/python3.11/site-packages/airflow/example_dags/plugins/listener_plugin.py
[2025-06-13T21:31:38.924-0400] {processor.py:208} INFO - Processing /Users/pranavr/.pyenv/versions/3.11.6/lib/python3.11/site-packages/airflow/example_dags/plugins/listener_plugin.py took 94.658 seconds
[2025-06-13T21:33:23.140-0400] {processor.py:186} INFO - Started process (PID=27253) to work on /Users/pranavr/.pyenv/versions/3.11.6/lib/python3.11/site-packages/airflow/example_dags/plugins/listener_plugin.py
[2025-06-13T21:33:23.142-0400] {processor.py:914} INFO - Processing file /Users/pranavr/.pyenv/versions/3.11.6/lib/python3.11/site-packages/airflow/example_dags/plugins/listener_plugin.py for tasks to queue
[2025-06-13T21:33:23.143-0400] {logging_mixin.py:190} INFO - [2025-06-13T21:33:23.143-0400] {dagbag.py:588} INFO - Filling up the DagBag from /Users/pranavr/.pyenv/versions/3.11.6/lib/python3.11/site-packages/airflow/example_dags/plugins/listener_plugin.py
[2025-06-13T21:33:23.145-0400] {processor.py:927} WARNING - No viable dags retrieved from /Users/pranavr/.pyenv/versions/3.11.6/lib/python3.11/site-packages/airflow/example_dags/plugins/listener_plugin.py
[2025-06-13T21:33:23.232-0400] {processor.py:208} INFO - Processing /Users/pranavr/.pyenv/versions/3.11.6/lib/python3.11/site-packages/airflow/example_dags/plugins/listener_plugin.py took 93.135 seconds
[2025-06-13T21:35:17.057-0400] {processor.py:186} INFO - Started process (PID=27395) to work on /Users/pranavr/.pyenv/versions/3.11.6/lib/python3.11/site-packages/airflow/example_dags/plugins/listener_plugin.py
[2025-06-13T21:35:17.060-0400] {processor.py:914} INFO - Processing file /Users/pranavr/.pyenv/versions/3.11.6/lib/python3.11/site-packages/airflow/example_dags/plugins/listener_plugin.py for tasks to queue
[2025-06-13T21:35:17.061-0400] {logging_mixin.py:190} INFO - [2025-06-13T21:35:17.061-0400] {dagbag.py:588} INFO - Filling up the DagBag from /Users/pranavr/.pyenv/versions/3.11.6/lib/python3.11/site-packages/airflow/example_dags/plugins/listener_plugin.py
[2025-06-13T21:35:17.063-0400] {processor.py:927} WARNING - No viable dags retrieved from /Users/pranavr/.pyenv/versions/3.11.6/lib/python3.11/site-packages/airflow/example_dags/plugins/listener_plugin.py
[2025-06-13T21:35:17.160-0400] {processor.py:208} INFO - Processing /Users/pranavr/.pyenv/versions/3.11.6/lib/python3.11/site-packages/airflow/example_dags/plugins/listener_plugin.py took 110.670 seconds
[2025-06-13T21:38:01.364-0400] {processor.py:186} INFO - Started process (PID=28004) to work on /Users/pranavr/.pyenv/versions/3.11.6/lib/python3.11/site-packages/airflow/example_dags/plugins/listener_plugin.py
[2025-06-13T21:38:01.367-0400] {processor.py:914} INFO - Processing file /Users/pranavr/.pyenv/versions/3.11.6/lib/python3.11/site-packages/airflow/example_dags/plugins/listener_plugin.py for tasks to queue
[2025-06-13T21:38:01.367-0400] {logging_mixin.py:190} INFO - [2025-06-13T21:38:01.367-0400] {dagbag.py:588} INFO - Filling up the DagBag from /Users/pranavr/.pyenv/versions/3.11.6/lib/python3.11/site-packages/airflow/example_dags/plugins/listener_plugin.py
[2025-06-13T21:38:01.368-0400] {processor.py:927} WARNING - No viable dags retrieved from /Users/pranavr/.pyenv/versions/3.11.6/lib/python3.11/site-packages/airflow/example_dags/plugins/listener_plugin.py
[2025-06-13T21:38:01.443-0400] {processor.py:208} INFO - Processing /Users/pranavr/.pyenv/versions/3.11.6/lib/python3.11/site-packages/airflow/example_dags/plugins/listener_plugin.py took 80.904 seconds
[2025-06-13T21:39:21.920-0400] {processor.py:186} INFO - Started process (PID=28217) to work on /Users/pranavr/.pyenv/versions/3.11.6/lib/python3.11/site-packages/airflow/example_dags/plugins/listener_plugin.py
[2025-06-13T21:39:21.923-0400] {processor.py:914} INFO - Processing file /Users/pranavr/.pyenv/versions/3.11.6/lib/python3.11/site-packages/airflow/example_dags/plugins/listener_plugin.py for tasks to queue
[2025-06-13T21:39:21.923-0400] {logging_mixin.py:190} INFO - [2025-06-13T21:39:21.923-0400] {dagbag.py:588} INFO - Filling up the DagBag from /Users/pranavr/.pyenv/versions/3.11.6/lib/python3.11/site-packages/airflow/example_dags/plugins/listener_plugin.py
[2025-06-13T21:39:21.924-0400] {processor.py:927} WARNING - No viable dags retrieved from /Users/pranavr/.pyenv/versions/3.11.6/lib/python3.11/site-packages/airflow/example_dags/plugins/listener_plugin.py
[2025-06-13T21:39:22.011-0400] {processor.py:208} INFO - Processing /Users/pranavr/.pyenv/versions/3.11.6/lib/python3.11/site-packages/airflow/example_dags/plugins/listener_plugin.py took 92.531 seconds
[2025-06-13T21:41:21.552-0400] {processor.py:186} INFO - Started process (PID=28741) to work on /Users/pranavr/.pyenv/versions/3.11.6/lib/python3.11/site-packages/airflow/example_dags/plugins/listener_plugin.py
[2025-06-13T21:41:21.555-0400] {processor.py:914} INFO - Processing file /Users/pranavr/.pyenv/versions/3.11.6/lib/python3.11/site-packages/airflow/example_dags/plugins/listener_plugin.py for tasks to queue
[2025-06-13T21:41:21.556-0400] {logging_mixin.py:190} INFO - [2025-06-13T21:41:21.556-0400] {dagbag.py:588} INFO - Filling up the DagBag from /Users/pranavr/.pyenv/versions/3.11.6/lib/python3.11/site-packages/airflow/example_dags/plugins/listener_plugin.py
[2025-06-13T21:41:21.560-0400] {processor.py:927} WARNING - No viable dags retrieved from /Users/pranavr/.pyenv/versions/3.11.6/lib/python3.11/site-packages/airflow/example_dags/plugins/listener_plugin.py
[2025-06-13T21:41:21.634-0400] {processor.py:208} INFO - Processing /Users/pranavr/.pyenv/versions/3.11.6/lib/python3.11/site-packages/airflow/example_dags/plugins/listener_plugin.py took 84.247 seconds
[2025-06-13T21:42:53.292-0400] {processor.py:186} INFO - Started process (PID=29067) to work on /Users/pranavr/.pyenv/versions/3.11.6/lib/python3.11/site-packages/airflow/example_dags/plugins/listener_plugin.py
[2025-06-13T21:42:53.298-0400] {processor.py:914} INFO - Processing file /Users/pranavr/.pyenv/versions/3.11.6/lib/python3.11/site-packages/airflow/example_dags/plugins/listener_plugin.py for tasks to queue
[2025-06-13T21:42:53.302-0400] {logging_mixin.py:190} INFO - [2025-06-13T21:42:53.302-0400] {dagbag.py:588} INFO - Filling up the DagBag from /Users/pranavr/.pyenv/versions/3.11.6/lib/python3.11/site-packages/airflow/example_dags/plugins/listener_plugin.py
[2025-06-13T21:42:53.304-0400] {processor.py:927} WARNING - No viable dags retrieved from /Users/pranavr/.pyenv/versions/3.11.6/lib/python3.11/site-packages/airflow/example_dags/plugins/listener_plugin.py
[2025-06-13T21:42:53.397-0400] {processor.py:208} INFO - Processing /Users/pranavr/.pyenv/versions/3.11.6/lib/python3.11/site-packages/airflow/example_dags/plugins/listener_plugin.py took 108.241 seconds
