[2025-06-13T21:25:41.572-0400] {processor.py:186} INFO - Started process (PID=26303) to work on /Users/pranavr/.pyenv/versions/3.11.6/lib/python3.11/site-packages/airflow/example_dags/plugins/workday.py
[2025-06-13T21:25:41.578-0400] {processor.py:914} INFO - Processing file /Users/pranavr/.pyenv/versions/3.11.6/lib/python3.11/site-packages/airflow/example_dags/plugins/workday.py for tasks to queue
[2025-06-13T21:25:41.579-0400] {logging_mixin.py:190} INFO - [2025-06-13T21:25:41.579-0400] {dagbag.py:588} INFO - Filling up the DagBag from /Users/pranavr/.pyenv/versions/3.11.6/lib/python3.11/site-packages/airflow/example_dags/plugins/workday.py
[2025-06-13T21:25:41.852-0400] {processor.py:927} WARNING - No viable dags retrieved from /Users/pranavr/.pyenv/versions/3.11.6/lib/python3.11/site-packages/airflow/example_dags/plugins/workday.py
[2025-06-13T21:25:41.896-0400] {processor.py:208} INFO - Processing /Users/pranavr/.pyenv/versions/3.11.6/lib/python3.11/site-packages/airflow/example_dags/plugins/workday.py took 324.688 seconds
[2025-06-13T21:28:26.781-0400] {processor.py:186} INFO - Started process (PID=26647) to work on /Users/pranavr/.pyenv/versions/3.11.6/lib/python3.11/site-packages/airflow/example_dags/plugins/workday.py
[2025-06-13T21:28:26.783-0400] {processor.py:914} INFO - Processing file /Users/pranavr/.pyenv/versions/3.11.6/lib/python3.11/site-packages/airflow/example_dags/plugins/workday.py for tasks to queue
[2025-06-13T21:28:26.783-0400] {logging_mixin.py:190} INFO - [2025-06-13T21:28:26.783-0400] {dagbag.py:588} INFO - Filling up the DagBag from /Users/pranavr/.pyenv/versions/3.11.6/lib/python3.11/site-packages/airflow/example_dags/plugins/workday.py
[2025-06-13T21:28:27.152-0400] {processor.py:927} WARNING - No viable dags retrieved from /Users/pranavr/.pyenv/versions/3.11.6/lib/python3.11/site-packages/airflow/example_dags/plugins/workday.py
[2025-06-13T21:28:27.190-0400] {processor.py:208} INFO - Processing /Users/pranavr/.pyenv/versions/3.11.6/lib/python3.11/site-packages/airflow/example_dags/plugins/workday.py took 410.529 seconds
[2025-06-13T21:29:59.462-0400] {processor.py:186} INFO - Started process (PID=26860) to work on /Users/pranavr/.pyenv/versions/3.11.6/lib/python3.11/site-packages/airflow/example_dags/plugins/workday.py
[2025-06-13T21:29:59.464-0400] {processor.py:914} INFO - Processing file /Users/pranavr/.pyenv/versions/3.11.6/lib/python3.11/site-packages/airflow/example_dags/plugins/workday.py for tasks to queue
[2025-06-13T21:29:59.465-0400] {logging_mixin.py:190} INFO - [2025-06-13T21:29:59.465-0400] {dagbag.py:588} INFO - Filling up the DagBag from /Users/pranavr/.pyenv/versions/3.11.6/lib/python3.11/site-packages/airflow/example_dags/plugins/workday.py
[2025-06-13T21:29:59.756-0400] {processor.py:927} WARNING - No viable dags retrieved from /Users/pranavr/.pyenv/versions/3.11.6/lib/python3.11/site-packages/airflow/example_dags/plugins/workday.py
[2025-06-13T21:29:59.794-0400] {processor.py:208} INFO - Processing /Users/pranavr/.pyenv/versions/3.11.6/lib/python3.11/site-packages/airflow/example_dags/plugins/workday.py took 333.202 seconds
[2025-06-13T21:31:36.285-0400] {processor.py:186} INFO - Started process (PID=27059) to work on /Users/pranavr/.pyenv/versions/3.11.6/lib/python3.11/site-packages/airflow/example_dags/plugins/workday.py
[2025-06-13T21:31:36.287-0400] {processor.py:914} INFO - Processing file /Users/pranavr/.pyenv/versions/3.11.6/lib/python3.11/site-packages/airflow/example_dags/plugins/workday.py for tasks to queue
[2025-06-13T21:31:36.287-0400] {logging_mixin.py:190} INFO - [2025-06-13T21:31:36.287-0400] {dagbag.py:588} INFO - Filling up the DagBag from /Users/pranavr/.pyenv/versions/3.11.6/lib/python3.11/site-packages/airflow/example_dags/plugins/workday.py
[2025-06-13T21:31:36.637-0400] {processor.py:927} WARNING - No viable dags retrieved from /Users/pranavr/.pyenv/versions/3.11.6/lib/python3.11/site-packages/airflow/example_dags/plugins/workday.py
[2025-06-13T21:31:36.688-0400] {processor.py:208} INFO - Processing /Users/pranavr/.pyenv/versions/3.11.6/lib/python3.11/site-packages/airflow/example_dags/plugins/workday.py took 405.164 seconds
[2025-06-13T21:33:21.001-0400] {processor.py:186} INFO - Started process (PID=27251) to work on /Users/pranavr/.pyenv/versions/3.11.6/lib/python3.11/site-packages/airflow/example_dags/plugins/workday.py
[2025-06-13T21:33:21.003-0400] {processor.py:914} INFO - Processing file /Users/pranavr/.pyenv/versions/3.11.6/lib/python3.11/site-packages/airflow/example_dags/plugins/workday.py for tasks to queue
[2025-06-13T21:33:21.003-0400] {logging_mixin.py:190} INFO - [2025-06-13T21:33:21.003-0400] {dagbag.py:588} INFO - Filling up the DagBag from /Users/pranavr/.pyenv/versions/3.11.6/lib/python3.11/site-packages/airflow/example_dags/plugins/workday.py
[2025-06-13T21:33:21.278-0400] {processor.py:927} WARNING - No viable dags retrieved from /Users/pranavr/.pyenv/versions/3.11.6/lib/python3.11/site-packages/airflow/example_dags/plugins/workday.py
[2025-06-13T21:33:21.318-0400] {processor.py:208} INFO - Processing /Users/pranavr/.pyenv/versions/3.11.6/lib/python3.11/site-packages/airflow/example_dags/plugins/workday.py took 319.218 seconds
[2025-06-13T21:35:14.482-0400] {processor.py:186} INFO - Started process (PID=27391) to work on /Users/pranavr/.pyenv/versions/3.11.6/lib/python3.11/site-packages/airflow/example_dags/plugins/workday.py
[2025-06-13T21:35:14.484-0400] {processor.py:914} INFO - Processing file /Users/pranavr/.pyenv/versions/3.11.6/lib/python3.11/site-packages/airflow/example_dags/plugins/workday.py for tasks to queue
[2025-06-13T21:35:14.485-0400] {logging_mixin.py:190} INFO - [2025-06-13T21:35:14.485-0400] {dagbag.py:588} INFO - Filling up the DagBag from /Users/pranavr/.pyenv/versions/3.11.6/lib/python3.11/site-packages/airflow/example_dags/plugins/workday.py
[2025-06-13T21:35:14.830-0400] {processor.py:927} WARNING - No viable dags retrieved from /Users/pranavr/.pyenv/versions/3.11.6/lib/python3.11/site-packages/airflow/example_dags/plugins/workday.py
[2025-06-13T21:35:14.868-0400] {processor.py:208} INFO - Processing /Users/pranavr/.pyenv/versions/3.11.6/lib/python3.11/site-packages/airflow/example_dags/plugins/workday.py took 387.097 seconds
[2025-06-13T21:37:58.979-0400] {processor.py:186} INFO - Started process (PID=28001) to work on /Users/pranavr/.pyenv/versions/3.11.6/lib/python3.11/site-packages/airflow/example_dags/plugins/workday.py
[2025-06-13T21:37:58.981-0400] {processor.py:914} INFO - Processing file /Users/pranavr/.pyenv/versions/3.11.6/lib/python3.11/site-packages/airflow/example_dags/plugins/workday.py for tasks to queue
[2025-06-13T21:37:58.981-0400] {logging_mixin.py:190} INFO - [2025-06-13T21:37:58.981-0400] {dagbag.py:588} INFO - Filling up the DagBag from /Users/pranavr/.pyenv/versions/3.11.6/lib/python3.11/site-packages/airflow/example_dags/plugins/workday.py
[2025-06-13T21:37:59.250-0400] {processor.py:927} WARNING - No viable dags retrieved from /Users/pranavr/.pyenv/versions/3.11.6/lib/python3.11/site-packages/airflow/example_dags/plugins/workday.py
[2025-06-13T21:37:59.286-0400] {processor.py:208} INFO - Processing /Users/pranavr/.pyenv/versions/3.11.6/lib/python3.11/site-packages/airflow/example_dags/plugins/workday.py took 308.733 seconds
[2025-06-13T21:39:19.628-0400] {processor.py:186} INFO - Started process (PID=28215) to work on /Users/pranavr/.pyenv/versions/3.11.6/lib/python3.11/site-packages/airflow/example_dags/plugins/workday.py
[2025-06-13T21:39:19.633-0400] {processor.py:914} INFO - Processing file /Users/pranavr/.pyenv/versions/3.11.6/lib/python3.11/site-packages/airflow/example_dags/plugins/workday.py for tasks to queue
[2025-06-13T21:39:19.636-0400] {logging_mixin.py:190} INFO - [2025-06-13T21:39:19.636-0400] {dagbag.py:588} INFO - Filling up the DagBag from /Users/pranavr/.pyenv/versions/3.11.6/lib/python3.11/site-packages/airflow/example_dags/plugins/workday.py
[2025-06-13T21:39:19.906-0400] {processor.py:927} WARNING - No viable dags retrieved from /Users/pranavr/.pyenv/versions/3.11.6/lib/python3.11/site-packages/airflow/example_dags/plugins/workday.py
[2025-06-13T21:39:19.942-0400] {processor.py:208} INFO - Processing /Users/pranavr/.pyenv/versions/3.11.6/lib/python3.11/site-packages/airflow/example_dags/plugins/workday.py took 316.449 seconds
[2025-06-13T21:41:19.641-0400] {processor.py:186} INFO - Started process (PID=28739) to work on /Users/pranavr/.pyenv/versions/3.11.6/lib/python3.11/site-packages/airflow/example_dags/plugins/workday.py
[2025-06-13T21:41:19.643-0400] {processor.py:914} INFO - Processing file /Users/pranavr/.pyenv/versions/3.11.6/lib/python3.11/site-packages/airflow/example_dags/plugins/workday.py for tasks to queue
[2025-06-13T21:41:19.644-0400] {logging_mixin.py:190} INFO - [2025-06-13T21:41:19.644-0400] {dagbag.py:588} INFO - Filling up the DagBag from /Users/pranavr/.pyenv/versions/3.11.6/lib/python3.11/site-packages/airflow/example_dags/plugins/workday.py
[2025-06-13T21:41:19.942-0400] {processor.py:927} WARNING - No viable dags retrieved from /Users/pranavr/.pyenv/versions/3.11.6/lib/python3.11/site-packages/airflow/example_dags/plugins/workday.py
[2025-06-13T21:41:19.988-0400] {processor.py:208} INFO - Processing /Users/pranavr/.pyenv/versions/3.11.6/lib/python3.11/site-packages/airflow/example_dags/plugins/workday.py took 357.068 seconds
[2025-06-13T21:42:51.514-0400] {processor.py:186} INFO - Started process (PID=29053) to work on /Users/pranavr/.pyenv/versions/3.11.6/lib/python3.11/site-packages/airflow/example_dags/plugins/workday.py
[2025-06-13T21:42:51.517-0400] {processor.py:914} INFO - Processing file /Users/pranavr/.pyenv/versions/3.11.6/lib/python3.11/site-packages/airflow/example_dags/plugins/workday.py for tasks to queue
[2025-06-13T21:42:51.517-0400] {logging_mixin.py:190} INFO - [2025-06-13T21:42:51.517-0400] {dagbag.py:588} INFO - Filling up the DagBag from /Users/pranavr/.pyenv/versions/3.11.6/lib/python3.11/site-packages/airflow/example_dags/plugins/workday.py
[2025-06-13T21:42:51.762-0400] {processor.py:927} WARNING - No viable dags retrieved from /Users/pranavr/.pyenv/versions/3.11.6/lib/python3.11/site-packages/airflow/example_dags/plugins/workday.py
[2025-06-13T21:42:51.798-0400] {processor.py:208} INFO - Processing /Users/pranavr/.pyenv/versions/3.11.6/lib/python3.11/site-packages/airflow/example_dags/plugins/workday.py took 285.466 seconds
