[2025-06-13T14:10:11.890-0400] {processor.py:153} INFO - Started process (PID=96573) to work on /Users/pranavr/drift-retrainer/venv311/lib/python3.11/site-packages/airflow/example_dags/example_python_operator.py
[2025-06-13T14:10:11.895-0400] {processor.py:743} INFO - Processing file /Users/pranavr/drift-retrainer/venv311/lib/python3.11/site-packages/airflow/example_dags/example_python_operator.py for tasks to queue
[2025-06-13T14:10:11.895-0400] {logging_mixin.py:137} INFO - [2025-06-13T14:10:11.895-0400] {dagbag.py:538} INFO - Filling up the DagBag from /Users/pranavr/drift-retrainer/venv311/lib/python3.11/site-packages/airflow/example_dags/example_python_operator.py
[2025-06-13T14:10:11.921-0400] {logging_mixin.py:137} INFO - [2025-06-13T14:10:11.921-0400] {taskmixin.py:205} WARNING - Dependency <Task(_PythonDecoratedOperator): print_the_context>, log_sql_query already registered for DAG: example_python_operator
[2025-06-13T14:10:11.921-0400] {logging_mixin.py:137} INFO - [2025-06-13T14:10:11.921-0400] {taskmixin.py:205} WARNING - Dependency <Task(_PythonDecoratedOperator): log_sql_query>, print_the_context already registered for DAG: example_python_operator
[2025-06-13T14:10:11.922-0400] {logging_mixin.py:137} INFO - [2025-06-13T14:10:11.922-0400] {taskmixin.py:205} WARNING - Dependency <Task(_PythonDecoratedOperator): print_the_context>, log_sql_query already registered for DAG: example_python_operator
[2025-06-13T14:10:11.922-0400] {logging_mixin.py:137} INFO - [2025-06-13T14:10:11.922-0400] {taskmixin.py:205} WARNING - Dependency <Task(_PythonDecoratedOperator): log_sql_query>, print_the_context already registered for DAG: example_python_operator
[2025-06-13T14:10:11.922-0400] {logging_mixin.py:137} INFO - [2025-06-13T14:10:11.922-0400] {taskmixin.py:205} WARNING - Dependency <Task(_PythonDecoratedOperator): print_the_context>, log_sql_query already registered for DAG: example_python_operator
[2025-06-13T14:10:11.922-0400] {logging_mixin.py:137} INFO - [2025-06-13T14:10:11.922-0400] {taskmixin.py:205} WARNING - Dependency <Task(_PythonDecoratedOperator): log_sql_query>, print_the_context already registered for DAG: example_python_operator
[2025-06-13T14:10:11.922-0400] {logging_mixin.py:137} INFO - [2025-06-13T14:10:11.922-0400] {taskmixin.py:205} WARNING - Dependency <Task(_PythonDecoratedOperator): print_the_context>, log_sql_query already registered for DAG: example_python_operator
[2025-06-13T14:10:11.922-0400] {logging_mixin.py:137} INFO - [2025-06-13T14:10:11.922-0400] {taskmixin.py:205} WARNING - Dependency <Task(_PythonDecoratedOperator): log_sql_query>, print_the_context already registered for DAG: example_python_operator
[2025-06-13T14:10:11.922-0400] {logging_mixin.py:137} INFO - [2025-06-13T14:10:11.922-0400] {example_python_operator.py:90} WARNING - The virtalenv_python example task requires virtualenv, please install it.
[2025-06-13T14:10:11.926-0400] {processor.py:753} INFO - DAG(s) dict_keys(['example_python_operator']) retrieved from /Users/pranavr/drift-retrainer/venv311/lib/python3.11/site-packages/airflow/example_dags/example_python_operator.py
[2025-06-13T14:10:12.442-0400] {logging_mixin.py:137} INFO - [2025-06-13T14:10:12.442-0400] {manager.py:504} INFO - Created Permission View: can delete on DAG:example_python_operator
[2025-06-13T14:10:12.447-0400] {logging_mixin.py:137} INFO - [2025-06-13T14:10:12.447-0400] {manager.py:504} INFO - Created Permission View: can edit on DAG:example_python_operator
[2025-06-13T14:10:12.450-0400] {logging_mixin.py:137} INFO - [2025-06-13T14:10:12.450-0400] {manager.py:504} INFO - Created Permission View: can read on DAG:example_python_operator
[2025-06-13T14:10:12.451-0400] {logging_mixin.py:137} INFO - [2025-06-13T14:10:12.450-0400] {dag.py:2690} INFO - Sync 1 DAGs
[2025-06-13T14:10:12.455-0400] {logging_mixin.py:137} INFO - [2025-06-13T14:10:12.455-0400] {dag.py:2711} INFO - Creating ORM DAG for example_python_operator
[2025-06-13T14:10:12.458-0400] {logging_mixin.py:137} INFO - [2025-06-13T14:10:12.458-0400] {dag.py:3437} INFO - Setting next_dagrun for example_python_operator to None, run_after=None
[2025-06-13T14:10:12.466-0400] {processor.py:175} INFO - Processing /Users/pranavr/drift-retrainer/venv311/lib/python3.11/site-packages/airflow/example_dags/example_python_operator.py took 0.589 seconds
[2025-06-13T14:11:40.486-0400] {processor.py:153} INFO - Started process (PID=97477) to work on /Users/pranavr/drift-retrainer/venv311/lib/python3.11/site-packages/airflow/example_dags/example_python_operator.py
[2025-06-13T14:11:40.488-0400] {processor.py:743} INFO - Processing file /Users/pranavr/drift-retrainer/venv311/lib/python3.11/site-packages/airflow/example_dags/example_python_operator.py for tasks to queue
[2025-06-13T14:11:40.488-0400] {logging_mixin.py:137} INFO - [2025-06-13T14:11:40.488-0400] {dagbag.py:538} INFO - Filling up the DagBag from /Users/pranavr/drift-retrainer/venv311/lib/python3.11/site-packages/airflow/example_dags/example_python_operator.py
[2025-06-13T14:11:40.540-0400] {logging_mixin.py:137} INFO - [2025-06-13T14:11:40.540-0400] {taskmixin.py:205} WARNING - Dependency <Task(_PythonDecoratedOperator): print_the_context>, log_sql_query already registered for DAG: example_python_operator
[2025-06-13T14:11:40.540-0400] {logging_mixin.py:137} INFO - [2025-06-13T14:11:40.540-0400] {taskmixin.py:205} WARNING - Dependency <Task(_PythonDecoratedOperator): log_sql_query>, print_the_context already registered for DAG: example_python_operator
[2025-06-13T14:11:40.540-0400] {logging_mixin.py:137} INFO - [2025-06-13T14:11:40.540-0400] {taskmixin.py:205} WARNING - Dependency <Task(_PythonDecoratedOperator): print_the_context>, log_sql_query already registered for DAG: example_python_operator
[2025-06-13T14:11:40.540-0400] {logging_mixin.py:137} INFO - [2025-06-13T14:11:40.540-0400] {taskmixin.py:205} WARNING - Dependency <Task(_PythonDecoratedOperator): log_sql_query>, print_the_context already registered for DAG: example_python_operator
[2025-06-13T14:11:40.541-0400] {logging_mixin.py:137} INFO - [2025-06-13T14:11:40.541-0400] {taskmixin.py:205} WARNING - Dependency <Task(_PythonDecoratedOperator): print_the_context>, log_sql_query already registered for DAG: example_python_operator
[2025-06-13T14:11:40.541-0400] {logging_mixin.py:137} INFO - [2025-06-13T14:11:40.541-0400] {taskmixin.py:205} WARNING - Dependency <Task(_PythonDecoratedOperator): log_sql_query>, print_the_context already registered for DAG: example_python_operator
[2025-06-13T14:11:40.541-0400] {logging_mixin.py:137} INFO - [2025-06-13T14:11:40.541-0400] {taskmixin.py:205} WARNING - Dependency <Task(_PythonDecoratedOperator): print_the_context>, log_sql_query already registered for DAG: example_python_operator
[2025-06-13T14:11:40.541-0400] {logging_mixin.py:137} INFO - [2025-06-13T14:11:40.541-0400] {taskmixin.py:205} WARNING - Dependency <Task(_PythonDecoratedOperator): log_sql_query>, print_the_context already registered for DAG: example_python_operator
[2025-06-13T14:11:40.549-0400] {logging_mixin.py:137} INFO - [2025-06-13T14:11:40.548-0400] {example_python_operator.py:90} WARNING - The virtalenv_python example task requires virtualenv, please install it.
[2025-06-13T14:11:40.556-0400] {processor.py:753} INFO - DAG(s) dict_keys(['example_python_operator']) retrieved from /Users/pranavr/drift-retrainer/venv311/lib/python3.11/site-packages/airflow/example_dags/example_python_operator.py
[2025-06-13T14:11:41.006-0400] {logging_mixin.py:137} INFO - [2025-06-13T14:11:41.006-0400] {dag.py:2690} INFO - Sync 1 DAGs
[2025-06-13T14:11:41.013-0400] {logging_mixin.py:137} INFO - [2025-06-13T14:11:41.013-0400] {dag.py:3437} INFO - Setting next_dagrun for example_python_operator to None, run_after=None
[2025-06-13T14:11:41.021-0400] {processor.py:175} INFO - Processing /Users/pranavr/drift-retrainer/venv311/lib/python3.11/site-packages/airflow/example_dags/example_python_operator.py took 0.536 seconds
[2025-06-13T14:13:33.592-0400] {processor.py:153} INFO - Started process (PID=97926) to work on /Users/pranavr/drift-retrainer/venv311/lib/python3.11/site-packages/airflow/example_dags/example_python_operator.py
[2025-06-13T14:13:33.595-0400] {processor.py:743} INFO - Processing file /Users/pranavr/drift-retrainer/venv311/lib/python3.11/site-packages/airflow/example_dags/example_python_operator.py for tasks to queue
[2025-06-13T14:13:33.595-0400] {logging_mixin.py:137} INFO - [2025-06-13T14:13:33.595-0400] {dagbag.py:538} INFO - Filling up the DagBag from /Users/pranavr/drift-retrainer/venv311/lib/python3.11/site-packages/airflow/example_dags/example_python_operator.py
[2025-06-13T14:13:33.620-0400] {logging_mixin.py:137} INFO - [2025-06-13T14:13:33.620-0400] {taskmixin.py:205} WARNING - Dependency <Task(_PythonDecoratedOperator): print_the_context>, log_sql_query already registered for DAG: example_python_operator
[2025-06-13T14:13:33.620-0400] {logging_mixin.py:137} INFO - [2025-06-13T14:13:33.620-0400] {taskmixin.py:205} WARNING - Dependency <Task(_PythonDecoratedOperator): log_sql_query>, print_the_context already registered for DAG: example_python_operator
[2025-06-13T14:13:33.621-0400] {logging_mixin.py:137} INFO - [2025-06-13T14:13:33.621-0400] {taskmixin.py:205} WARNING - Dependency <Task(_PythonDecoratedOperator): print_the_context>, log_sql_query already registered for DAG: example_python_operator
[2025-06-13T14:13:33.621-0400] {logging_mixin.py:137} INFO - [2025-06-13T14:13:33.621-0400] {taskmixin.py:205} WARNING - Dependency <Task(_PythonDecoratedOperator): log_sql_query>, print_the_context already registered for DAG: example_python_operator
[2025-06-13T14:13:33.621-0400] {logging_mixin.py:137} INFO - [2025-06-13T14:13:33.621-0400] {taskmixin.py:205} WARNING - Dependency <Task(_PythonDecoratedOperator): print_the_context>, log_sql_query already registered for DAG: example_python_operator
[2025-06-13T14:13:33.621-0400] {logging_mixin.py:137} INFO - [2025-06-13T14:13:33.621-0400] {taskmixin.py:205} WARNING - Dependency <Task(_PythonDecoratedOperator): log_sql_query>, print_the_context already registered for DAG: example_python_operator
[2025-06-13T14:13:33.621-0400] {logging_mixin.py:137} INFO - [2025-06-13T14:13:33.621-0400] {taskmixin.py:205} WARNING - Dependency <Task(_PythonDecoratedOperator): print_the_context>, log_sql_query already registered for DAG: example_python_operator
[2025-06-13T14:13:33.621-0400] {logging_mixin.py:137} INFO - [2025-06-13T14:13:33.621-0400] {taskmixin.py:205} WARNING - Dependency <Task(_PythonDecoratedOperator): log_sql_query>, print_the_context already registered for DAG: example_python_operator
[2025-06-13T14:13:33.621-0400] {logging_mixin.py:137} INFO - [2025-06-13T14:13:33.621-0400] {example_python_operator.py:90} WARNING - The virtalenv_python example task requires virtualenv, please install it.
[2025-06-13T14:13:33.625-0400] {processor.py:753} INFO - DAG(s) dict_keys(['example_python_operator']) retrieved from /Users/pranavr/drift-retrainer/venv311/lib/python3.11/site-packages/airflow/example_dags/example_python_operator.py
[2025-06-13T14:13:34.071-0400] {logging_mixin.py:137} INFO - [2025-06-13T14:13:34.071-0400] {dag.py:2690} INFO - Sync 1 DAGs
[2025-06-13T14:13:34.078-0400] {logging_mixin.py:137} INFO - [2025-06-13T14:13:34.078-0400] {dag.py:3437} INFO - Setting next_dagrun for example_python_operator to None, run_after=None
[2025-06-13T14:13:34.088-0400] {processor.py:175} INFO - Processing /Users/pranavr/drift-retrainer/venv311/lib/python3.11/site-packages/airflow/example_dags/example_python_operator.py took 0.496 seconds
[2025-06-13T14:15:25.417-0400] {processor.py:153} INFO - Started process (PID=2881) to work on /Users/pranavr/drift-retrainer/venv311/lib/python3.11/site-packages/airflow/example_dags/example_python_operator.py
[2025-06-13T14:15:25.422-0400] {processor.py:743} INFO - Processing file /Users/pranavr/drift-retrainer/venv311/lib/python3.11/site-packages/airflow/example_dags/example_python_operator.py for tasks to queue
[2025-06-13T14:15:25.422-0400] {logging_mixin.py:137} INFO - [2025-06-13T14:15:25.422-0400] {dagbag.py:538} INFO - Filling up the DagBag from /Users/pranavr/drift-retrainer/venv311/lib/python3.11/site-packages/airflow/example_dags/example_python_operator.py
[2025-06-13T14:15:25.462-0400] {logging_mixin.py:137} INFO - [2025-06-13T14:15:25.462-0400] {taskmixin.py:205} WARNING - Dependency <Task(_PythonDecoratedOperator): print_the_context>, log_sql_query already registered for DAG: example_python_operator
[2025-06-13T14:15:25.462-0400] {logging_mixin.py:137} INFO - [2025-06-13T14:15:25.462-0400] {taskmixin.py:205} WARNING - Dependency <Task(_PythonDecoratedOperator): log_sql_query>, print_the_context already registered for DAG: example_python_operator
[2025-06-13T14:15:25.462-0400] {logging_mixin.py:137} INFO - [2025-06-13T14:15:25.462-0400] {taskmixin.py:205} WARNING - Dependency <Task(_PythonDecoratedOperator): print_the_context>, log_sql_query already registered for DAG: example_python_operator
[2025-06-13T14:15:25.462-0400] {logging_mixin.py:137} INFO - [2025-06-13T14:15:25.462-0400] {taskmixin.py:205} WARNING - Dependency <Task(_PythonDecoratedOperator): log_sql_query>, print_the_context already registered for DAG: example_python_operator
[2025-06-13T14:15:25.463-0400] {logging_mixin.py:137} INFO - [2025-06-13T14:15:25.463-0400] {taskmixin.py:205} WARNING - Dependency <Task(_PythonDecoratedOperator): print_the_context>, log_sql_query already registered for DAG: example_python_operator
[2025-06-13T14:15:25.463-0400] {logging_mixin.py:137} INFO - [2025-06-13T14:15:25.463-0400] {taskmixin.py:205} WARNING - Dependency <Task(_PythonDecoratedOperator): log_sql_query>, print_the_context already registered for DAG: example_python_operator
[2025-06-13T14:15:25.463-0400] {logging_mixin.py:137} INFO - [2025-06-13T14:15:25.463-0400] {taskmixin.py:205} WARNING - Dependency <Task(_PythonDecoratedOperator): print_the_context>, log_sql_query already registered for DAG: example_python_operator
[2025-06-13T14:15:25.463-0400] {logging_mixin.py:137} INFO - [2025-06-13T14:15:25.463-0400] {taskmixin.py:205} WARNING - Dependency <Task(_PythonDecoratedOperator): log_sql_query>, print_the_context already registered for DAG: example_python_operator
[2025-06-13T14:15:25.463-0400] {logging_mixin.py:137} INFO - [2025-06-13T14:15:25.463-0400] {example_python_operator.py:90} WARNING - The virtalenv_python example task requires virtualenv, please install it.
[2025-06-13T14:15:25.466-0400] {processor.py:753} INFO - DAG(s) dict_keys(['example_python_operator']) retrieved from /Users/pranavr/drift-retrainer/venv311/lib/python3.11/site-packages/airflow/example_dags/example_python_operator.py
[2025-06-13T14:15:25.942-0400] {logging_mixin.py:137} INFO - [2025-06-13T14:15:25.942-0400] {dag.py:2690} INFO - Sync 1 DAGs
[2025-06-13T14:15:25.949-0400] {logging_mixin.py:137} INFO - [2025-06-13T14:15:25.949-0400] {dag.py:3437} INFO - Setting next_dagrun for example_python_operator to None, run_after=None
[2025-06-13T14:15:25.959-0400] {processor.py:175} INFO - Processing /Users/pranavr/drift-retrainer/venv311/lib/python3.11/site-packages/airflow/example_dags/example_python_operator.py took 0.543 seconds
[2025-06-13T14:17:19.013-0400] {processor.py:153} INFO - Started process (PID=3990) to work on /Users/pranavr/drift-retrainer/venv311/lib/python3.11/site-packages/airflow/example_dags/example_python_operator.py
[2025-06-13T14:17:19.016-0400] {processor.py:743} INFO - Processing file /Users/pranavr/drift-retrainer/venv311/lib/python3.11/site-packages/airflow/example_dags/example_python_operator.py for tasks to queue
[2025-06-13T14:17:19.017-0400] {logging_mixin.py:137} INFO - [2025-06-13T14:17:19.017-0400] {dagbag.py:538} INFO - Filling up the DagBag from /Users/pranavr/drift-retrainer/venv311/lib/python3.11/site-packages/airflow/example_dags/example_python_operator.py
[2025-06-13T14:17:19.055-0400] {logging_mixin.py:137} INFO - [2025-06-13T14:17:19.055-0400] {taskmixin.py:205} WARNING - Dependency <Task(_PythonDecoratedOperator): print_the_context>, log_sql_query already registered for DAG: example_python_operator
[2025-06-13T14:17:19.055-0400] {logging_mixin.py:137} INFO - [2025-06-13T14:17:19.055-0400] {taskmixin.py:205} WARNING - Dependency <Task(_PythonDecoratedOperator): log_sql_query>, print_the_context already registered for DAG: example_python_operator
[2025-06-13T14:17:19.055-0400] {logging_mixin.py:137} INFO - [2025-06-13T14:17:19.055-0400] {taskmixin.py:205} WARNING - Dependency <Task(_PythonDecoratedOperator): print_the_context>, log_sql_query already registered for DAG: example_python_operator
[2025-06-13T14:17:19.055-0400] {logging_mixin.py:137} INFO - [2025-06-13T14:17:19.055-0400] {taskmixin.py:205} WARNING - Dependency <Task(_PythonDecoratedOperator): log_sql_query>, print_the_context already registered for DAG: example_python_operator
[2025-06-13T14:17:19.056-0400] {logging_mixin.py:137} INFO - [2025-06-13T14:17:19.056-0400] {taskmixin.py:205} WARNING - Dependency <Task(_PythonDecoratedOperator): print_the_context>, log_sql_query already registered for DAG: example_python_operator
[2025-06-13T14:17:19.056-0400] {logging_mixin.py:137} INFO - [2025-06-13T14:17:19.056-0400] {taskmixin.py:205} WARNING - Dependency <Task(_PythonDecoratedOperator): log_sql_query>, print_the_context already registered for DAG: example_python_operator
[2025-06-13T14:17:19.056-0400] {logging_mixin.py:137} INFO - [2025-06-13T14:17:19.056-0400] {taskmixin.py:205} WARNING - Dependency <Task(_PythonDecoratedOperator): print_the_context>, log_sql_query already registered for DAG: example_python_operator
[2025-06-13T14:17:19.056-0400] {logging_mixin.py:137} INFO - [2025-06-13T14:17:19.056-0400] {taskmixin.py:205} WARNING - Dependency <Task(_PythonDecoratedOperator): log_sql_query>, print_the_context already registered for DAG: example_python_operator
[2025-06-13T14:17:19.056-0400] {logging_mixin.py:137} INFO - [2025-06-13T14:17:19.056-0400] {example_python_operator.py:90} WARNING - The virtalenv_python example task requires virtualenv, please install it.
[2025-06-13T14:17:19.059-0400] {processor.py:753} INFO - DAG(s) dict_keys(['example_python_operator']) retrieved from /Users/pranavr/drift-retrainer/venv311/lib/python3.11/site-packages/airflow/example_dags/example_python_operator.py
[2025-06-13T14:17:19.663-0400] {logging_mixin.py:137} INFO - [2025-06-13T14:17:19.663-0400] {dag.py:2690} INFO - Sync 1 DAGs
[2025-06-13T14:17:19.670-0400] {logging_mixin.py:137} INFO - [2025-06-13T14:17:19.670-0400] {dag.py:3437} INFO - Setting next_dagrun for example_python_operator to None, run_after=None
[2025-06-13T14:17:19.678-0400] {processor.py:175} INFO - Processing /Users/pranavr/drift-retrainer/venv311/lib/python3.11/site-packages/airflow/example_dags/example_python_operator.py took 0.667 seconds
[2025-06-13T14:19:21.274-0400] {processor.py:153} INFO - Started process (PID=6502) to work on /Users/pranavr/drift-retrainer/venv311/lib/python3.11/site-packages/airflow/example_dags/example_python_operator.py
[2025-06-13T14:19:21.277-0400] {processor.py:743} INFO - Processing file /Users/pranavr/drift-retrainer/venv311/lib/python3.11/site-packages/airflow/example_dags/example_python_operator.py for tasks to queue
[2025-06-13T14:19:21.277-0400] {logging_mixin.py:137} INFO - [2025-06-13T14:19:21.277-0400] {dagbag.py:538} INFO - Filling up the DagBag from /Users/pranavr/drift-retrainer/venv311/lib/python3.11/site-packages/airflow/example_dags/example_python_operator.py
[2025-06-13T14:19:21.315-0400] {logging_mixin.py:137} INFO - [2025-06-13T14:19:21.314-0400] {taskmixin.py:205} WARNING - Dependency <Task(_PythonDecoratedOperator): print_the_context>, log_sql_query already registered for DAG: example_python_operator
[2025-06-13T14:19:21.315-0400] {logging_mixin.py:137} INFO - [2025-06-13T14:19:21.315-0400] {taskmixin.py:205} WARNING - Dependency <Task(_PythonDecoratedOperator): log_sql_query>, print_the_context already registered for DAG: example_python_operator
[2025-06-13T14:19:21.315-0400] {logging_mixin.py:137} INFO - [2025-06-13T14:19:21.315-0400] {taskmixin.py:205} WARNING - Dependency <Task(_PythonDecoratedOperator): print_the_context>, log_sql_query already registered for DAG: example_python_operator
[2025-06-13T14:19:21.315-0400] {logging_mixin.py:137} INFO - [2025-06-13T14:19:21.315-0400] {taskmixin.py:205} WARNING - Dependency <Task(_PythonDecoratedOperator): log_sql_query>, print_the_context already registered for DAG: example_python_operator
[2025-06-13T14:19:21.315-0400] {logging_mixin.py:137} INFO - [2025-06-13T14:19:21.315-0400] {taskmixin.py:205} WARNING - Dependency <Task(_PythonDecoratedOperator): print_the_context>, log_sql_query already registered for DAG: example_python_operator
[2025-06-13T14:19:21.315-0400] {logging_mixin.py:137} INFO - [2025-06-13T14:19:21.315-0400] {taskmixin.py:205} WARNING - Dependency <Task(_PythonDecoratedOperator): log_sql_query>, print_the_context already registered for DAG: example_python_operator
[2025-06-13T14:19:21.315-0400] {logging_mixin.py:137} INFO - [2025-06-13T14:19:21.315-0400] {taskmixin.py:205} WARNING - Dependency <Task(_PythonDecoratedOperator): print_the_context>, log_sql_query already registered for DAG: example_python_operator
[2025-06-13T14:19:21.315-0400] {logging_mixin.py:137} INFO - [2025-06-13T14:19:21.315-0400] {taskmixin.py:205} WARNING - Dependency <Task(_PythonDecoratedOperator): log_sql_query>, print_the_context already registered for DAG: example_python_operator
[2025-06-13T14:19:21.316-0400] {logging_mixin.py:137} INFO - [2025-06-13T14:19:21.316-0400] {example_python_operator.py:90} WARNING - The virtalenv_python example task requires virtualenv, please install it.
[2025-06-13T14:19:21.318-0400] {processor.py:753} INFO - DAG(s) dict_keys(['example_python_operator']) retrieved from /Users/pranavr/drift-retrainer/venv311/lib/python3.11/site-packages/airflow/example_dags/example_python_operator.py
[2025-06-13T14:19:21.788-0400] {logging_mixin.py:137} INFO - [2025-06-13T14:19:21.787-0400] {dag.py:2690} INFO - Sync 1 DAGs
[2025-06-13T14:19:21.795-0400] {logging_mixin.py:137} INFO - [2025-06-13T14:19:21.795-0400] {dag.py:3437} INFO - Setting next_dagrun for example_python_operator to None, run_after=None
[2025-06-13T14:19:21.803-0400] {processor.py:175} INFO - Processing /Users/pranavr/drift-retrainer/venv311/lib/python3.11/site-packages/airflow/example_dags/example_python_operator.py took 0.529 seconds
[2025-06-13T14:22:18.734-0400] {processor.py:186} INFO - Started process (PID=7568) to work on /Users/pranavr/.pyenv/versions/3.11.6/lib/python3.11/site-packages/airflow/example_dags/example_python_operator.py
[2025-06-13T14:22:18.737-0400] {processor.py:914} INFO - Processing file /Users/pranavr/.pyenv/versions/3.11.6/lib/python3.11/site-packages/airflow/example_dags/example_python_operator.py for tasks to queue
[2025-06-13T14:22:18.738-0400] {logging_mixin.py:190} INFO - [2025-06-13T14:22:18.737-0400] {dagbag.py:588} INFO - Filling up the DagBag from /Users/pranavr/.pyenv/versions/3.11.6/lib/python3.11/site-packages/airflow/example_dags/example_python_operator.py
[2025-06-13T14:22:18.754-0400] {logging_mixin.py:190} INFO - [2025-06-13T14:22:18.754-0400] {example_python_operator.py:93} WARNING - The virtalenv_python example task requires virtualenv, please install it.
[2025-06-13T14:22:18.756-0400] {processor.py:925} INFO - DAG(s) 'example_python_operator' retrieved from /Users/pranavr/.pyenv/versions/3.11.6/lib/python3.11/site-packages/airflow/example_dags/example_python_operator.py
[2025-06-13T14:22:18.925-0400] {logging_mixin.py:190} INFO - [2025-06-13T14:22:18.924-0400] {dag.py:3239} INFO - Sync 1 DAGs
[2025-06-13T14:22:18.931-0400] {logging_mixin.py:190} INFO - [2025-06-13T14:22:18.931-0400] {dag.py:4180} INFO - Setting next_dagrun for example_python_operator to None, run_after=None
[2025-06-13T14:22:18.943-0400] {processor.py:208} INFO - Processing /Users/pranavr/.pyenv/versions/3.11.6/lib/python3.11/site-packages/airflow/example_dags/example_python_operator.py took 216.634 seconds
[2025-06-13T14:24:25.676-0400] {processor.py:186} INFO - Started process (PID=7909) to work on /Users/pranavr/.pyenv/versions/3.11.6/lib/python3.11/site-packages/airflow/example_dags/example_python_operator.py
[2025-06-13T14:24:25.678-0400] {processor.py:914} INFO - Processing file /Users/pranavr/.pyenv/versions/3.11.6/lib/python3.11/site-packages/airflow/example_dags/example_python_operator.py for tasks to queue
[2025-06-13T14:24:25.679-0400] {logging_mixin.py:190} INFO - [2025-06-13T14:24:25.678-0400] {dagbag.py:588} INFO - Filling up the DagBag from /Users/pranavr/.pyenv/versions/3.11.6/lib/python3.11/site-packages/airflow/example_dags/example_python_operator.py
[2025-06-13T14:24:25.705-0400] {logging_mixin.py:190} INFO - [2025-06-13T14:24:25.705-0400] {example_python_operator.py:93} WARNING - The virtalenv_python example task requires virtualenv, please install it.
[2025-06-13T14:24:25.708-0400] {processor.py:925} INFO - DAG(s) 'example_python_operator' retrieved from /Users/pranavr/.pyenv/versions/3.11.6/lib/python3.11/site-packages/airflow/example_dags/example_python_operator.py
[2025-06-13T14:24:25.803-0400] {logging_mixin.py:190} INFO - [2025-06-13T14:24:25.803-0400] {dag.py:3239} INFO - Sync 1 DAGs
[2025-06-13T14:24:25.808-0400] {logging_mixin.py:190} INFO - [2025-06-13T14:24:25.808-0400] {dag.py:4180} INFO - Setting next_dagrun for example_python_operator to None, run_after=None
[2025-06-13T14:24:25.817-0400] {processor.py:208} INFO - Processing /Users/pranavr/.pyenv/versions/3.11.6/lib/python3.11/site-packages/airflow/example_dags/example_python_operator.py took 143.309 seconds
[2025-06-13T14:27:26.814-0400] {processor.py:186} INFO - Started process (PID=8644) to work on /Users/pranavr/.pyenv/versions/3.11.6/lib/python3.11/site-packages/airflow/example_dags/example_python_operator.py
[2025-06-13T14:27:26.816-0400] {processor.py:914} INFO - Processing file /Users/pranavr/.pyenv/versions/3.11.6/lib/python3.11/site-packages/airflow/example_dags/example_python_operator.py for tasks to queue
[2025-06-13T14:27:26.817-0400] {logging_mixin.py:190} INFO - [2025-06-13T14:27:26.817-0400] {dagbag.py:588} INFO - Filling up the DagBag from /Users/pranavr/.pyenv/versions/3.11.6/lib/python3.11/site-packages/airflow/example_dags/example_python_operator.py
[2025-06-13T14:27:26.828-0400] {logging_mixin.py:190} INFO - [2025-06-13T14:27:26.827-0400] {example_python_operator.py:93} WARNING - The virtalenv_python example task requires virtualenv, please install it.
[2025-06-13T14:27:26.829-0400] {processor.py:925} INFO - DAG(s) 'example_python_operator' retrieved from /Users/pranavr/.pyenv/versions/3.11.6/lib/python3.11/site-packages/airflow/example_dags/example_python_operator.py
[2025-06-13T14:27:26.914-0400] {logging_mixin.py:190} INFO - [2025-06-13T14:27:26.913-0400] {dag.py:3239} INFO - Sync 1 DAGs
[2025-06-13T14:27:26.919-0400] {logging_mixin.py:190} INFO - [2025-06-13T14:27:26.919-0400] {dag.py:4180} INFO - Setting next_dagrun for example_python_operator to None, run_after=None
[2025-06-13T14:27:26.930-0400] {processor.py:208} INFO - Processing /Users/pranavr/.pyenv/versions/3.11.6/lib/python3.11/site-packages/airflow/example_dags/example_python_operator.py took 116.879 seconds
[2025-06-13T14:28:57.804-0400] {processor.py:186} INFO - Started process (PID=8839) to work on /Users/pranavr/.pyenv/versions/3.11.6/lib/python3.11/site-packages/airflow/example_dags/example_python_operator.py
[2025-06-13T14:28:57.806-0400] {processor.py:914} INFO - Processing file /Users/pranavr/.pyenv/versions/3.11.6/lib/python3.11/site-packages/airflow/example_dags/example_python_operator.py for tasks to queue
[2025-06-13T14:28:57.807-0400] {logging_mixin.py:190} INFO - [2025-06-13T14:28:57.806-0400] {dagbag.py:588} INFO - Filling up the DagBag from /Users/pranavr/.pyenv/versions/3.11.6/lib/python3.11/site-packages/airflow/example_dags/example_python_operator.py
[2025-06-13T14:28:57.819-0400] {logging_mixin.py:190} INFO - [2025-06-13T14:28:57.818-0400] {example_python_operator.py:93} WARNING - The virtalenv_python example task requires virtualenv, please install it.
[2025-06-13T14:28:57.821-0400] {processor.py:925} INFO - DAG(s) 'example_python_operator' retrieved from /Users/pranavr/.pyenv/versions/3.11.6/lib/python3.11/site-packages/airflow/example_dags/example_python_operator.py
[2025-06-13T14:28:57.910-0400] {logging_mixin.py:190} INFO - [2025-06-13T14:28:57.910-0400] {dag.py:3239} INFO - Sync 1 DAGs
[2025-06-13T14:28:57.915-0400] {logging_mixin.py:190} INFO - [2025-06-13T14:28:57.915-0400] {dag.py:4180} INFO - Setting next_dagrun for example_python_operator to None, run_after=None
[2025-06-13T14:28:57.930-0400] {processor.py:208} INFO - Processing /Users/pranavr/.pyenv/versions/3.11.6/lib/python3.11/site-packages/airflow/example_dags/example_python_operator.py took 128.275 seconds
[2025-06-13T14:30:29.962-0400] {processor.py:186} INFO - Started process (PID=9034) to work on /Users/pranavr/.pyenv/versions/3.11.6/lib/python3.11/site-packages/airflow/example_dags/example_python_operator.py
[2025-06-13T14:30:29.964-0400] {processor.py:914} INFO - Processing file /Users/pranavr/.pyenv/versions/3.11.6/lib/python3.11/site-packages/airflow/example_dags/example_python_operator.py for tasks to queue
[2025-06-13T14:30:29.965-0400] {logging_mixin.py:190} INFO - [2025-06-13T14:30:29.965-0400] {dagbag.py:588} INFO - Filling up the DagBag from /Users/pranavr/.pyenv/versions/3.11.6/lib/python3.11/site-packages/airflow/example_dags/example_python_operator.py
[2025-06-13T14:30:29.976-0400] {logging_mixin.py:190} INFO - [2025-06-13T14:30:29.976-0400] {example_python_operator.py:93} WARNING - The virtalenv_python example task requires virtualenv, please install it.
[2025-06-13T14:30:29.978-0400] {processor.py:925} INFO - DAG(s) 'example_python_operator' retrieved from /Users/pranavr/.pyenv/versions/3.11.6/lib/python3.11/site-packages/airflow/example_dags/example_python_operator.py
[2025-06-13T14:30:30.060-0400] {logging_mixin.py:190} INFO - [2025-06-13T14:30:30.060-0400] {dag.py:3239} INFO - Sync 1 DAGs
[2025-06-13T14:30:30.066-0400] {logging_mixin.py:190} INFO - [2025-06-13T14:30:30.066-0400] {dag.py:4180} INFO - Setting next_dagrun for example_python_operator to None, run_after=None
[2025-06-13T14:30:30.075-0400] {processor.py:208} INFO - Processing /Users/pranavr/.pyenv/versions/3.11.6/lib/python3.11/site-packages/airflow/example_dags/example_python_operator.py took 114.250 seconds
[2025-06-13T14:33:31.408-0400] {processor.py:186} INFO - Started process (PID=9628) to work on /Users/pranavr/.pyenv/versions/3.11.6/lib/python3.11/site-packages/airflow/example_dags/example_python_operator.py
[2025-06-13T14:33:31.410-0400] {processor.py:914} INFO - Processing file /Users/pranavr/.pyenv/versions/3.11.6/lib/python3.11/site-packages/airflow/example_dags/example_python_operator.py for tasks to queue
[2025-06-13T14:33:31.411-0400] {logging_mixin.py:190} INFO - [2025-06-13T14:33:31.411-0400] {dagbag.py:588} INFO - Filling up the DagBag from /Users/pranavr/.pyenv/versions/3.11.6/lib/python3.11/site-packages/airflow/example_dags/example_python_operator.py
[2025-06-13T14:33:31.423-0400] {logging_mixin.py:190} INFO - [2025-06-13T14:33:31.423-0400] {example_python_operator.py:93} WARNING - The virtalenv_python example task requires virtualenv, please install it.
[2025-06-13T14:33:31.425-0400] {processor.py:925} INFO - DAG(s) 'example_python_operator' retrieved from /Users/pranavr/.pyenv/versions/3.11.6/lib/python3.11/site-packages/airflow/example_dags/example_python_operator.py
[2025-06-13T14:33:31.513-0400] {logging_mixin.py:190} INFO - [2025-06-13T14:33:31.513-0400] {dag.py:3239} INFO - Sync 1 DAGs
[2025-06-13T14:33:31.519-0400] {logging_mixin.py:190} INFO - [2025-06-13T14:33:31.518-0400] {dag.py:4180} INFO - Setting next_dagrun for example_python_operator to None, run_after=None
[2025-06-13T14:33:31.530-0400] {processor.py:208} INFO - Processing /Users/pranavr/.pyenv/versions/3.11.6/lib/python3.11/site-packages/airflow/example_dags/example_python_operator.py took 123.273 seconds
[2025-06-13T14:36:33.949-0400] {processor.py:186} INFO - Started process (PID=10967) to work on /Users/pranavr/.pyenv/versions/3.11.6/lib/python3.11/site-packages/airflow/example_dags/example_python_operator.py
[2025-06-13T14:36:33.955-0400] {processor.py:914} INFO - Processing file /Users/pranavr/.pyenv/versions/3.11.6/lib/python3.11/site-packages/airflow/example_dags/example_python_operator.py for tasks to queue
[2025-06-13T14:36:33.956-0400] {logging_mixin.py:190} INFO - [2025-06-13T14:36:33.956-0400] {dagbag.py:588} INFO - Filling up the DagBag from /Users/pranavr/.pyenv/versions/3.11.6/lib/python3.11/site-packages/airflow/example_dags/example_python_operator.py
[2025-06-13T14:36:33.970-0400] {logging_mixin.py:190} INFO - [2025-06-13T14:36:33.970-0400] {example_python_operator.py:93} WARNING - The virtalenv_python example task requires virtualenv, please install it.
[2025-06-13T14:36:33.972-0400] {processor.py:925} INFO - DAG(s) 'example_python_operator' retrieved from /Users/pranavr/.pyenv/versions/3.11.6/lib/python3.11/site-packages/airflow/example_dags/example_python_operator.py
[2025-06-13T14:36:34.061-0400] {logging_mixin.py:190} INFO - [2025-06-13T14:36:34.060-0400] {dag.py:3239} INFO - Sync 1 DAGs
[2025-06-13T14:36:34.066-0400] {logging_mixin.py:190} INFO - [2025-06-13T14:36:34.066-0400] {dag.py:4180} INFO - Setting next_dagrun for example_python_operator to None, run_after=None
[2025-06-13T14:36:34.080-0400] {processor.py:208} INFO - Processing /Users/pranavr/.pyenv/versions/3.11.6/lib/python3.11/site-packages/airflow/example_dags/example_python_operator.py took 132.945 seconds
[2025-06-13T14:39:29.377-0400] {processor.py:186} INFO - Started process (PID=11412) to work on /Users/pranavr/.pyenv/versions/3.11.6/lib/python3.11/site-packages/airflow/example_dags/example_python_operator.py
[2025-06-13T14:39:29.379-0400] {processor.py:914} INFO - Processing file /Users/pranavr/.pyenv/versions/3.11.6/lib/python3.11/site-packages/airflow/example_dags/example_python_operator.py for tasks to queue
[2025-06-13T14:39:29.379-0400] {logging_mixin.py:190} INFO - [2025-06-13T14:39:29.379-0400] {dagbag.py:588} INFO - Filling up the DagBag from /Users/pranavr/.pyenv/versions/3.11.6/lib/python3.11/site-packages/airflow/example_dags/example_python_operator.py
[2025-06-13T14:39:29.388-0400] {logging_mixin.py:190} INFO - [2025-06-13T14:39:29.388-0400] {example_python_operator.py:93} WARNING - The virtalenv_python example task requires virtualenv, please install it.
[2025-06-13T14:39:29.390-0400] {processor.py:925} INFO - DAG(s) 'example_python_operator' retrieved from /Users/pranavr/.pyenv/versions/3.11.6/lib/python3.11/site-packages/airflow/example_dags/example_python_operator.py
[2025-06-13T14:39:29.456-0400] {logging_mixin.py:190} INFO - [2025-06-13T14:39:29.456-0400] {dag.py:3239} INFO - Sync 1 DAGs
[2025-06-13T14:39:29.461-0400] {logging_mixin.py:190} INFO - [2025-06-13T14:39:29.461-0400] {dag.py:4180} INFO - Setting next_dagrun for example_python_operator to None, run_after=None
[2025-06-13T14:39:29.468-0400] {processor.py:208} INFO - Processing /Users/pranavr/.pyenv/versions/3.11.6/lib/python3.11/site-packages/airflow/example_dags/example_python_operator.py took 92.649 seconds
[2025-06-13T14:42:01.701-0400] {processor.py:186} INFO - Started process (PID=11805) to work on /Users/pranavr/.pyenv/versions/3.11.6/lib/python3.11/site-packages/airflow/example_dags/example_python_operator.py
[2025-06-13T14:42:01.703-0400] {processor.py:914} INFO - Processing file /Users/pranavr/.pyenv/versions/3.11.6/lib/python3.11/site-packages/airflow/example_dags/example_python_operator.py for tasks to queue
[2025-06-13T14:42:01.703-0400] {logging_mixin.py:190} INFO - [2025-06-13T14:42:01.703-0400] {dagbag.py:588} INFO - Filling up the DagBag from /Users/pranavr/.pyenv/versions/3.11.6/lib/python3.11/site-packages/airflow/example_dags/example_python_operator.py
[2025-06-13T14:42:01.713-0400] {logging_mixin.py:190} INFO - [2025-06-13T14:42:01.713-0400] {example_python_operator.py:93} WARNING - The virtalenv_python example task requires virtualenv, please install it.
[2025-06-13T14:42:01.715-0400] {processor.py:925} INFO - DAG(s) 'example_python_operator' retrieved from /Users/pranavr/.pyenv/versions/3.11.6/lib/python3.11/site-packages/airflow/example_dags/example_python_operator.py
[2025-06-13T14:42:01.787-0400] {logging_mixin.py:190} INFO - [2025-06-13T14:42:01.786-0400] {dag.py:3239} INFO - Sync 1 DAGs
[2025-06-13T14:42:01.791-0400] {logging_mixin.py:190} INFO - [2025-06-13T14:42:01.791-0400] {dag.py:4180} INFO - Setting next_dagrun for example_python_operator to None, run_after=None
[2025-06-13T14:42:01.798-0400] {processor.py:208} INFO - Processing /Users/pranavr/.pyenv/versions/3.11.6/lib/python3.11/site-packages/airflow/example_dags/example_python_operator.py took 98.111 seconds
[2025-06-13T14:44:27.389-0400] {processor.py:186} INFO - Started process (PID=12048) to work on /Users/pranavr/.pyenv/versions/3.11.6/lib/python3.11/site-packages/airflow/example_dags/example_python_operator.py
[2025-06-13T14:44:27.391-0400] {processor.py:914} INFO - Processing file /Users/pranavr/.pyenv/versions/3.11.6/lib/python3.11/site-packages/airflow/example_dags/example_python_operator.py for tasks to queue
[2025-06-13T14:44:27.391-0400] {logging_mixin.py:190} INFO - [2025-06-13T14:44:27.391-0400] {dagbag.py:588} INFO - Filling up the DagBag from /Users/pranavr/.pyenv/versions/3.11.6/lib/python3.11/site-packages/airflow/example_dags/example_python_operator.py
[2025-06-13T14:44:27.400-0400] {logging_mixin.py:190} INFO - [2025-06-13T14:44:27.400-0400] {example_python_operator.py:93} WARNING - The virtalenv_python example task requires virtualenv, please install it.
[2025-06-13T14:44:27.402-0400] {processor.py:925} INFO - DAG(s) 'example_python_operator' retrieved from /Users/pranavr/.pyenv/versions/3.11.6/lib/python3.11/site-packages/airflow/example_dags/example_python_operator.py
[2025-06-13T14:44:27.465-0400] {logging_mixin.py:190} INFO - [2025-06-13T14:44:27.465-0400] {dag.py:3239} INFO - Sync 1 DAGs
[2025-06-13T14:44:27.469-0400] {logging_mixin.py:190} INFO - [2025-06-13T14:44:27.469-0400] {dag.py:4180} INFO - Setting next_dagrun for example_python_operator to None, run_after=None
[2025-06-13T14:44:27.476-0400] {processor.py:208} INFO - Processing /Users/pranavr/.pyenv/versions/3.11.6/lib/python3.11/site-packages/airflow/example_dags/example_python_operator.py took 88.331 seconds
[2025-06-13T14:46:50.659-0400] {processor.py:186} INFO - Started process (PID=12358) to work on /Users/pranavr/.pyenv/versions/3.11.6/lib/python3.11/site-packages/airflow/example_dags/example_python_operator.py
[2025-06-13T14:46:50.661-0400] {processor.py:914} INFO - Processing file /Users/pranavr/.pyenv/versions/3.11.6/lib/python3.11/site-packages/airflow/example_dags/example_python_operator.py for tasks to queue
[2025-06-13T14:46:50.662-0400] {logging_mixin.py:190} INFO - [2025-06-13T14:46:50.661-0400] {dagbag.py:588} INFO - Filling up the DagBag from /Users/pranavr/.pyenv/versions/3.11.6/lib/python3.11/site-packages/airflow/example_dags/example_python_operator.py
[2025-06-13T14:46:50.671-0400] {logging_mixin.py:190} INFO - [2025-06-13T14:46:50.671-0400] {example_python_operator.py:93} WARNING - The virtalenv_python example task requires virtualenv, please install it.
[2025-06-13T14:46:50.672-0400] {processor.py:925} INFO - DAG(s) 'example_python_operator' retrieved from /Users/pranavr/.pyenv/versions/3.11.6/lib/python3.11/site-packages/airflow/example_dags/example_python_operator.py
[2025-06-13T14:46:50.736-0400] {logging_mixin.py:190} INFO - [2025-06-13T14:46:50.735-0400] {dag.py:3239} INFO - Sync 1 DAGs
[2025-06-13T14:46:50.740-0400] {logging_mixin.py:190} INFO - [2025-06-13T14:46:50.740-0400] {dag.py:4180} INFO - Setting next_dagrun for example_python_operator to None, run_after=None
[2025-06-13T14:46:50.747-0400] {processor.py:208} INFO - Processing /Users/pranavr/.pyenv/versions/3.11.6/lib/python3.11/site-packages/airflow/example_dags/example_python_operator.py took 88.887 seconds
[2025-06-13T14:49:21.833-0400] {processor.py:186} INFO - Started process (PID=12582) to work on /Users/pranavr/.pyenv/versions/3.11.6/lib/python3.11/site-packages/airflow/example_dags/example_python_operator.py
[2025-06-13T14:49:21.834-0400] {processor.py:914} INFO - Processing file /Users/pranavr/.pyenv/versions/3.11.6/lib/python3.11/site-packages/airflow/example_dags/example_python_operator.py for tasks to queue
[2025-06-13T14:49:21.835-0400] {logging_mixin.py:190} INFO - [2025-06-13T14:49:21.835-0400] {dagbag.py:588} INFO - Filling up the DagBag from /Users/pranavr/.pyenv/versions/3.11.6/lib/python3.11/site-packages/airflow/example_dags/example_python_operator.py
[2025-06-13T14:49:21.844-0400] {logging_mixin.py:190} INFO - [2025-06-13T14:49:21.844-0400] {example_python_operator.py:93} WARNING - The virtalenv_python example task requires virtualenv, please install it.
[2025-06-13T14:49:21.846-0400] {processor.py:925} INFO - DAG(s) 'example_python_operator' retrieved from /Users/pranavr/.pyenv/versions/3.11.6/lib/python3.11/site-packages/airflow/example_dags/example_python_operator.py
[2025-06-13T14:49:21.911-0400] {logging_mixin.py:190} INFO - [2025-06-13T14:49:21.910-0400] {dag.py:3239} INFO - Sync 1 DAGs
[2025-06-13T14:49:21.915-0400] {logging_mixin.py:190} INFO - [2025-06-13T14:49:21.915-0400] {dag.py:4180} INFO - Setting next_dagrun for example_python_operator to None, run_after=None
[2025-06-13T14:49:21.922-0400] {processor.py:208} INFO - Processing /Users/pranavr/.pyenv/versions/3.11.6/lib/python3.11/site-packages/airflow/example_dags/example_python_operator.py took 90.955 seconds
[2025-06-13T14:51:50.236-0400] {processor.py:186} INFO - Started process (PID=13888) to work on /Users/pranavr/.pyenv/versions/3.11.6/lib/python3.11/site-packages/airflow/example_dags/example_python_operator.py
[2025-06-13T14:51:50.239-0400] {processor.py:914} INFO - Processing file /Users/pranavr/.pyenv/versions/3.11.6/lib/python3.11/site-packages/airflow/example_dags/example_python_operator.py for tasks to queue
[2025-06-13T14:51:50.239-0400] {logging_mixin.py:190} INFO - [2025-06-13T14:51:50.239-0400] {dagbag.py:588} INFO - Filling up the DagBag from /Users/pranavr/.pyenv/versions/3.11.6/lib/python3.11/site-packages/airflow/example_dags/example_python_operator.py
[2025-06-13T14:51:50.248-0400] {logging_mixin.py:190} INFO - [2025-06-13T14:51:50.248-0400] {example_python_operator.py:93} WARNING - The virtalenv_python example task requires virtualenv, please install it.
[2025-06-13T14:51:50.251-0400] {processor.py:925} INFO - DAG(s) 'example_python_operator' retrieved from /Users/pranavr/.pyenv/versions/3.11.6/lib/python3.11/site-packages/airflow/example_dags/example_python_operator.py
[2025-06-13T14:51:50.318-0400] {logging_mixin.py:190} INFO - [2025-06-13T14:51:50.318-0400] {dag.py:3239} INFO - Sync 1 DAGs
[2025-06-13T14:51:50.323-0400] {logging_mixin.py:190} INFO - [2025-06-13T14:51:50.323-0400] {dag.py:4180} INFO - Setting next_dagrun for example_python_operator to None, run_after=None
[2025-06-13T14:51:50.330-0400] {processor.py:208} INFO - Processing /Users/pranavr/.pyenv/versions/3.11.6/lib/python3.11/site-packages/airflow/example_dags/example_python_operator.py took 95.338 seconds
[2025-06-13T14:54:19.563-0400] {processor.py:186} INFO - Started process (PID=14169) to work on /Users/pranavr/.pyenv/versions/3.11.6/lib/python3.11/site-packages/airflow/example_dags/example_python_operator.py
[2025-06-13T14:54:19.565-0400] {processor.py:914} INFO - Processing file /Users/pranavr/.pyenv/versions/3.11.6/lib/python3.11/site-packages/airflow/example_dags/example_python_operator.py for tasks to queue
[2025-06-13T14:54:19.565-0400] {logging_mixin.py:190} INFO - [2025-06-13T14:54:19.565-0400] {dagbag.py:588} INFO - Filling up the DagBag from /Users/pranavr/.pyenv/versions/3.11.6/lib/python3.11/site-packages/airflow/example_dags/example_python_operator.py
[2025-06-13T14:54:19.574-0400] {logging_mixin.py:190} INFO - [2025-06-13T14:54:19.574-0400] {example_python_operator.py:93} WARNING - The virtalenv_python example task requires virtualenv, please install it.
[2025-06-13T14:54:19.575-0400] {processor.py:925} INFO - DAG(s) 'example_python_operator' retrieved from /Users/pranavr/.pyenv/versions/3.11.6/lib/python3.11/site-packages/airflow/example_dags/example_python_operator.py
[2025-06-13T14:54:19.639-0400] {logging_mixin.py:190} INFO - [2025-06-13T14:54:19.639-0400] {dag.py:3239} INFO - Sync 1 DAGs
[2025-06-13T14:54:19.643-0400] {logging_mixin.py:190} INFO - [2025-06-13T14:54:19.643-0400] {dag.py:4180} INFO - Setting next_dagrun for example_python_operator to None, run_after=None
[2025-06-13T14:54:19.650-0400] {processor.py:208} INFO - Processing /Users/pranavr/.pyenv/versions/3.11.6/lib/python3.11/site-packages/airflow/example_dags/example_python_operator.py took 88.821 seconds
[2025-06-13T14:56:51.376-0400] {processor.py:186} INFO - Started process (PID=14417) to work on /Users/pranavr/.pyenv/versions/3.11.6/lib/python3.11/site-packages/airflow/example_dags/example_python_operator.py
[2025-06-13T14:56:51.379-0400] {processor.py:914} INFO - Processing file /Users/pranavr/.pyenv/versions/3.11.6/lib/python3.11/site-packages/airflow/example_dags/example_python_operator.py for tasks to queue
[2025-06-13T14:56:51.379-0400] {logging_mixin.py:190} INFO - [2025-06-13T14:56:51.379-0400] {dagbag.py:588} INFO - Filling up the DagBag from /Users/pranavr/.pyenv/versions/3.11.6/lib/python3.11/site-packages/airflow/example_dags/example_python_operator.py
[2025-06-13T14:56:51.388-0400] {logging_mixin.py:190} INFO - [2025-06-13T14:56:51.388-0400] {example_python_operator.py:93} WARNING - The virtalenv_python example task requires virtualenv, please install it.
[2025-06-13T14:56:51.390-0400] {processor.py:925} INFO - DAG(s) 'example_python_operator' retrieved from /Users/pranavr/.pyenv/versions/3.11.6/lib/python3.11/site-packages/airflow/example_dags/example_python_operator.py
[2025-06-13T14:56:51.453-0400] {logging_mixin.py:190} INFO - [2025-06-13T14:56:51.453-0400] {dag.py:3239} INFO - Sync 1 DAGs
[2025-06-13T14:56:51.458-0400] {logging_mixin.py:190} INFO - [2025-06-13T14:56:51.458-0400] {dag.py:4180} INFO - Setting next_dagrun for example_python_operator to None, run_after=None
[2025-06-13T14:56:51.465-0400] {processor.py:208} INFO - Processing /Users/pranavr/.pyenv/versions/3.11.6/lib/python3.11/site-packages/airflow/example_dags/example_python_operator.py took 90.226 seconds
[2025-06-13T14:59:37.178-0400] {processor.py:186} INFO - Started process (PID=14781) to work on /Users/pranavr/.pyenv/versions/3.11.6/lib/python3.11/site-packages/airflow/example_dags/example_python_operator.py
[2025-06-13T14:59:37.180-0400] {processor.py:914} INFO - Processing file /Users/pranavr/.pyenv/versions/3.11.6/lib/python3.11/site-packages/airflow/example_dags/example_python_operator.py for tasks to queue
[2025-06-13T14:59:37.181-0400] {logging_mixin.py:190} INFO - [2025-06-13T14:59:37.181-0400] {dagbag.py:588} INFO - Filling up the DagBag from /Users/pranavr/.pyenv/versions/3.11.6/lib/python3.11/site-packages/airflow/example_dags/example_python_operator.py
[2025-06-13T14:59:37.192-0400] {logging_mixin.py:190} INFO - [2025-06-13T14:59:37.191-0400] {example_python_operator.py:93} WARNING - The virtalenv_python example task requires virtualenv, please install it.
[2025-06-13T14:59:37.194-0400] {processor.py:925} INFO - DAG(s) 'example_python_operator' retrieved from /Users/pranavr/.pyenv/versions/3.11.6/lib/python3.11/site-packages/airflow/example_dags/example_python_operator.py
[2025-06-13T14:59:37.267-0400] {logging_mixin.py:190} INFO - [2025-06-13T14:59:37.267-0400] {dag.py:3239} INFO - Sync 1 DAGs
[2025-06-13T14:59:37.272-0400] {logging_mixin.py:190} INFO - [2025-06-13T14:59:37.272-0400] {dag.py:4180} INFO - Setting next_dagrun for example_python_operator to None, run_after=None
[2025-06-13T14:59:37.280-0400] {processor.py:208} INFO - Processing /Users/pranavr/.pyenv/versions/3.11.6/lib/python3.11/site-packages/airflow/example_dags/example_python_operator.py took 103.571 seconds
[2025-06-13T15:01:14.053-0400] {processor.py:186} INFO - Started process (PID=15125) to work on /Users/pranavr/.pyenv/versions/3.11.6/lib/python3.11/site-packages/airflow/example_dags/example_python_operator.py
[2025-06-13T15:01:14.055-0400] {processor.py:914} INFO - Processing file /Users/pranavr/.pyenv/versions/3.11.6/lib/python3.11/site-packages/airflow/example_dags/example_python_operator.py for tasks to queue
[2025-06-13T15:01:14.056-0400] {logging_mixin.py:190} INFO - [2025-06-13T15:01:14.056-0400] {dagbag.py:588} INFO - Filling up the DagBag from /Users/pranavr/.pyenv/versions/3.11.6/lib/python3.11/site-packages/airflow/example_dags/example_python_operator.py
[2025-06-13T15:01:14.070-0400] {logging_mixin.py:190} INFO - [2025-06-13T15:01:14.070-0400] {example_python_operator.py:93} WARNING - The virtalenv_python example task requires virtualenv, please install it.
[2025-06-13T15:01:14.072-0400] {processor.py:925} INFO - DAG(s) 'example_python_operator' retrieved from /Users/pranavr/.pyenv/versions/3.11.6/lib/python3.11/site-packages/airflow/example_dags/example_python_operator.py
[2025-06-13T15:01:14.154-0400] {logging_mixin.py:190} INFO - [2025-06-13T15:01:14.154-0400] {dag.py:3239} INFO - Sync 1 DAGs
[2025-06-13T15:01:14.159-0400] {logging_mixin.py:190} INFO - [2025-06-13T15:01:14.159-0400] {dag.py:4180} INFO - Setting next_dagrun for example_python_operator to None, run_after=None
[2025-06-13T15:01:14.167-0400] {processor.py:208} INFO - Processing /Users/pranavr/.pyenv/versions/3.11.6/lib/python3.11/site-packages/airflow/example_dags/example_python_operator.py took 115.369 seconds
[2025-06-13T15:03:17.847-0400] {processor.py:186} INFO - Started process (PID=15662) to work on /Users/pranavr/.pyenv/versions/3.11.6/lib/python3.11/site-packages/airflow/example_dags/example_python_operator.py
[2025-06-13T15:03:17.849-0400] {processor.py:914} INFO - Processing file /Users/pranavr/.pyenv/versions/3.11.6/lib/python3.11/site-packages/airflow/example_dags/example_python_operator.py for tasks to queue
[2025-06-13T15:03:17.850-0400] {logging_mixin.py:190} INFO - [2025-06-13T15:03:17.850-0400] {dagbag.py:588} INFO - Filling up the DagBag from /Users/pranavr/.pyenv/versions/3.11.6/lib/python3.11/site-packages/airflow/example_dags/example_python_operator.py
[2025-06-13T15:03:17.866-0400] {logging_mixin.py:190} INFO - [2025-06-13T15:03:17.866-0400] {example_python_operator.py:93} WARNING - The virtalenv_python example task requires virtualenv, please install it.
[2025-06-13T15:03:17.869-0400] {processor.py:925} INFO - DAG(s) 'example_python_operator' retrieved from /Users/pranavr/.pyenv/versions/3.11.6/lib/python3.11/site-packages/airflow/example_dags/example_python_operator.py
[2025-06-13T15:03:17.947-0400] {logging_mixin.py:190} INFO - [2025-06-13T15:03:17.946-0400] {dag.py:3239} INFO - Sync 1 DAGs
[2025-06-13T15:03:17.953-0400] {logging_mixin.py:190} INFO - [2025-06-13T15:03:17.953-0400] {dag.py:4180} INFO - Setting next_dagrun for example_python_operator to None, run_after=None
[2025-06-13T15:03:17.961-0400] {processor.py:208} INFO - Processing /Users/pranavr/.pyenv/versions/3.11.6/lib/python3.11/site-packages/airflow/example_dags/example_python_operator.py took 114.928 seconds
[2025-06-13T15:05:15.294-0400] {processor.py:186} INFO - Started process (PID=16052) to work on /Users/pranavr/.pyenv/versions/3.11.6/lib/python3.11/site-packages/airflow/example_dags/example_python_operator.py
[2025-06-13T15:05:15.296-0400] {processor.py:914} INFO - Processing file /Users/pranavr/.pyenv/versions/3.11.6/lib/python3.11/site-packages/airflow/example_dags/example_python_operator.py for tasks to queue
[2025-06-13T15:05:15.296-0400] {logging_mixin.py:190} INFO - [2025-06-13T15:05:15.296-0400] {dagbag.py:588} INFO - Filling up the DagBag from /Users/pranavr/.pyenv/versions/3.11.6/lib/python3.11/site-packages/airflow/example_dags/example_python_operator.py
[2025-06-13T15:05:15.306-0400] {logging_mixin.py:190} INFO - [2025-06-13T15:05:15.306-0400] {example_python_operator.py:93} WARNING - The virtalenv_python example task requires virtualenv, please install it.
[2025-06-13T15:05:15.308-0400] {processor.py:925} INFO - DAG(s) 'example_python_operator' retrieved from /Users/pranavr/.pyenv/versions/3.11.6/lib/python3.11/site-packages/airflow/example_dags/example_python_operator.py
[2025-06-13T15:05:15.377-0400] {logging_mixin.py:190} INFO - [2025-06-13T15:05:15.377-0400] {dag.py:3239} INFO - Sync 1 DAGs
[2025-06-13T15:05:15.382-0400] {logging_mixin.py:190} INFO - [2025-06-13T15:05:15.382-0400] {dag.py:4180} INFO - Setting next_dagrun for example_python_operator to None, run_after=None
[2025-06-13T15:05:15.389-0400] {processor.py:208} INFO - Processing /Users/pranavr/.pyenv/versions/3.11.6/lib/python3.11/site-packages/airflow/example_dags/example_python_operator.py took 96.888 seconds
[2025-06-13T15:07:06.870-0400] {processor.py:186} INFO - Started process (PID=16392) to work on /Users/pranavr/.pyenv/versions/3.11.6/lib/python3.11/site-packages/airflow/example_dags/example_python_operator.py
[2025-06-13T15:07:06.872-0400] {processor.py:914} INFO - Processing file /Users/pranavr/.pyenv/versions/3.11.6/lib/python3.11/site-packages/airflow/example_dags/example_python_operator.py for tasks to queue
[2025-06-13T15:07:06.873-0400] {logging_mixin.py:190} INFO - [2025-06-13T15:07:06.873-0400] {dagbag.py:588} INFO - Filling up the DagBag from /Users/pranavr/.pyenv/versions/3.11.6/lib/python3.11/site-packages/airflow/example_dags/example_python_operator.py
[2025-06-13T15:07:06.886-0400] {logging_mixin.py:190} INFO - [2025-06-13T15:07:06.886-0400] {example_python_operator.py:93} WARNING - The virtalenv_python example task requires virtualenv, please install it.
[2025-06-13T15:07:06.889-0400] {processor.py:925} INFO - DAG(s) 'example_python_operator' retrieved from /Users/pranavr/.pyenv/versions/3.11.6/lib/python3.11/site-packages/airflow/example_dags/example_python_operator.py
[2025-06-13T15:07:06.961-0400] {logging_mixin.py:190} INFO - [2025-06-13T15:07:06.961-0400] {dag.py:3239} INFO - Sync 1 DAGs
[2025-06-13T15:07:06.966-0400] {logging_mixin.py:190} INFO - [2025-06-13T15:07:06.966-0400] {dag.py:4180} INFO - Setting next_dagrun for example_python_operator to None, run_after=None
[2025-06-13T15:07:06.974-0400] {processor.py:208} INFO - Processing /Users/pranavr/.pyenv/versions/3.11.6/lib/python3.11/site-packages/airflow/example_dags/example_python_operator.py took 105.174 seconds
[2025-06-13T15:09:47.352-0400] {processor.py:186} INFO - Started process (PID=16654) to work on /Users/pranavr/.pyenv/versions/3.11.6/lib/python3.11/site-packages/airflow/example_dags/example_python_operator.py
[2025-06-13T15:09:47.354-0400] {processor.py:914} INFO - Processing file /Users/pranavr/.pyenv/versions/3.11.6/lib/python3.11/site-packages/airflow/example_dags/example_python_operator.py for tasks to queue
[2025-06-13T15:09:47.355-0400] {logging_mixin.py:190} INFO - [2025-06-13T15:09:47.355-0400] {dagbag.py:588} INFO - Filling up the DagBag from /Users/pranavr/.pyenv/versions/3.11.6/lib/python3.11/site-packages/airflow/example_dags/example_python_operator.py
[2025-06-13T15:09:47.366-0400] {logging_mixin.py:190} INFO - [2025-06-13T15:09:47.365-0400] {example_python_operator.py:93} WARNING - The virtalenv_python example task requires virtualenv, please install it.
[2025-06-13T15:09:47.367-0400] {processor.py:925} INFO - DAG(s) 'example_python_operator' retrieved from /Users/pranavr/.pyenv/versions/3.11.6/lib/python3.11/site-packages/airflow/example_dags/example_python_operator.py
[2025-06-13T15:09:47.439-0400] {logging_mixin.py:190} INFO - [2025-06-13T15:09:47.439-0400] {dag.py:3239} INFO - Sync 1 DAGs
[2025-06-13T15:09:47.444-0400] {logging_mixin.py:190} INFO - [2025-06-13T15:09:47.444-0400] {dag.py:4180} INFO - Setting next_dagrun for example_python_operator to None, run_after=None
[2025-06-13T15:09:47.451-0400] {processor.py:208} INFO - Processing /Users/pranavr/.pyenv/versions/3.11.6/lib/python3.11/site-packages/airflow/example_dags/example_python_operator.py took 100.654 seconds
[2025-06-13T15:12:37.901-0400] {processor.py:186} INFO - Started process (PID=16948) to work on /Users/pranavr/.pyenv/versions/3.11.6/lib/python3.11/site-packages/airflow/example_dags/example_python_operator.py
[2025-06-13T15:12:37.903-0400] {processor.py:914} INFO - Processing file /Users/pranavr/.pyenv/versions/3.11.6/lib/python3.11/site-packages/airflow/example_dags/example_python_operator.py for tasks to queue
[2025-06-13T15:12:37.903-0400] {logging_mixin.py:190} INFO - [2025-06-13T15:12:37.903-0400] {dagbag.py:588} INFO - Filling up the DagBag from /Users/pranavr/.pyenv/versions/3.11.6/lib/python3.11/site-packages/airflow/example_dags/example_python_operator.py
[2025-06-13T15:12:37.913-0400] {logging_mixin.py:190} INFO - [2025-06-13T15:12:37.913-0400] {example_python_operator.py:93} WARNING - The virtalenv_python example task requires virtualenv, please install it.
[2025-06-13T15:12:37.915-0400] {processor.py:925} INFO - DAG(s) 'example_python_operator' retrieved from /Users/pranavr/.pyenv/versions/3.11.6/lib/python3.11/site-packages/airflow/example_dags/example_python_operator.py
[2025-06-13T15:12:37.985-0400] {logging_mixin.py:190} INFO - [2025-06-13T15:12:37.985-0400] {dag.py:3239} INFO - Sync 1 DAGs
[2025-06-13T15:12:37.991-0400] {logging_mixin.py:190} INFO - [2025-06-13T15:12:37.991-0400] {dag.py:4180} INFO - Setting next_dagrun for example_python_operator to None, run_after=None
[2025-06-13T15:12:38.001-0400] {processor.py:208} INFO - Processing /Users/pranavr/.pyenv/versions/3.11.6/lib/python3.11/site-packages/airflow/example_dags/example_python_operator.py took 100.751 seconds
[2025-06-13T15:19:27.217-0400] {processor.py:186} INFO - Started process (PID=17812) to work on /Users/pranavr/.pyenv/versions/3.11.6/lib/python3.11/site-packages/airflow/example_dags/example_python_operator.py
[2025-06-13T15:19:27.219-0400] {processor.py:914} INFO - Processing file /Users/pranavr/.pyenv/versions/3.11.6/lib/python3.11/site-packages/airflow/example_dags/example_python_operator.py for tasks to queue
[2025-06-13T15:19:27.220-0400] {logging_mixin.py:190} INFO - [2025-06-13T15:19:27.220-0400] {dagbag.py:588} INFO - Filling up the DagBag from /Users/pranavr/.pyenv/versions/3.11.6/lib/python3.11/site-packages/airflow/example_dags/example_python_operator.py
[2025-06-13T15:19:27.234-0400] {logging_mixin.py:190} INFO - [2025-06-13T15:19:27.234-0400] {example_python_operator.py:93} WARNING - The virtalenv_python example task requires virtualenv, please install it.
[2025-06-13T15:19:27.237-0400] {processor.py:925} INFO - DAG(s) 'example_python_operator' retrieved from /Users/pranavr/.pyenv/versions/3.11.6/lib/python3.11/site-packages/airflow/example_dags/example_python_operator.py
[2025-06-13T15:19:27.319-0400] {logging_mixin.py:190} INFO - [2025-06-13T15:19:27.319-0400] {dag.py:3239} INFO - Sync 1 DAGs
[2025-06-13T15:19:27.325-0400] {logging_mixin.py:190} INFO - [2025-06-13T15:19:27.325-0400] {dag.py:4180} INFO - Setting next_dagrun for example_python_operator to None, run_after=None
[2025-06-13T15:19:27.336-0400] {processor.py:208} INFO - Processing /Users/pranavr/.pyenv/versions/3.11.6/lib/python3.11/site-packages/airflow/example_dags/example_python_operator.py took 120.515 seconds
[2025-06-13T15:25:38.528-0400] {processor.py:186} INFO - Started process (PID=18949) to work on /Users/pranavr/.pyenv/versions/3.11.6/lib/python3.11/site-packages/airflow/example_dags/example_python_operator.py
[2025-06-13T15:25:38.531-0400] {processor.py:914} INFO - Processing file /Users/pranavr/.pyenv/versions/3.11.6/lib/python3.11/site-packages/airflow/example_dags/example_python_operator.py for tasks to queue
[2025-06-13T15:25:38.531-0400] {logging_mixin.py:190} INFO - [2025-06-13T15:25:38.531-0400] {dagbag.py:588} INFO - Filling up the DagBag from /Users/pranavr/.pyenv/versions/3.11.6/lib/python3.11/site-packages/airflow/example_dags/example_python_operator.py
[2025-06-13T15:25:38.542-0400] {logging_mixin.py:190} INFO - [2025-06-13T15:25:38.542-0400] {example_python_operator.py:93} WARNING - The virtalenv_python example task requires virtualenv, please install it.
[2025-06-13T15:25:38.544-0400] {processor.py:925} INFO - DAG(s) 'example_python_operator' retrieved from /Users/pranavr/.pyenv/versions/3.11.6/lib/python3.11/site-packages/airflow/example_dags/example_python_operator.py
[2025-06-13T15:25:38.654-0400] {logging_mixin.py:190} INFO - [2025-06-13T15:25:38.654-0400] {override.py:1930} INFO - Created Permission View: can delete on DAG:example_python_operator
[2025-06-13T15:25:38.658-0400] {logging_mixin.py:190} INFO - [2025-06-13T15:25:38.657-0400] {override.py:1930} INFO - Created Permission View: can read on DAG:example_python_operator
[2025-06-13T15:25:38.660-0400] {logging_mixin.py:190} INFO - [2025-06-13T15:25:38.660-0400] {override.py:1930} INFO - Created Permission View: can edit on DAG:example_python_operator
[2025-06-13T15:25:38.663-0400] {logging_mixin.py:190} INFO - [2025-06-13T15:25:38.663-0400] {override.py:1930} INFO - Created Permission View: can create on DAG Run:example_python_operator
[2025-06-13T15:25:38.665-0400] {logging_mixin.py:190} INFO - [2025-06-13T15:25:38.665-0400] {override.py:1930} INFO - Created Permission View: can delete on DAG Run:example_python_operator
[2025-06-13T15:25:38.667-0400] {logging_mixin.py:190} INFO - [2025-06-13T15:25:38.667-0400] {override.py:1930} INFO - Created Permission View: can read on DAG Run:example_python_operator
[2025-06-13T15:25:38.669-0400] {logging_mixin.py:190} INFO - [2025-06-13T15:25:38.669-0400] {override.py:1930} INFO - Created Permission View: menu access on DAG Run:example_python_operator
[2025-06-13T15:25:38.669-0400] {logging_mixin.py:190} INFO - [2025-06-13T15:25:38.669-0400] {dag.py:3239} INFO - Sync 1 DAGs
[2025-06-13T15:25:38.674-0400] {logging_mixin.py:190} INFO - [2025-06-13T15:25:38.674-0400] {dag.py:3262} INFO - Creating ORM DAG for example_python_operator
[2025-06-13T15:25:38.674-0400] {logging_mixin.py:190} INFO - [2025-06-13T15:25:38.674-0400] {dag.py:4180} INFO - Setting next_dagrun for example_python_operator to None, run_after=None
[2025-06-13T15:25:38.682-0400] {processor.py:208} INFO - Processing /Users/pranavr/.pyenv/versions/3.11.6/lib/python3.11/site-packages/airflow/example_dags/example_python_operator.py took 154.946 seconds
[2025-06-13T15:30:58.824-0400] {processor.py:186} INFO - Started process (PID=19915) to work on /Users/pranavr/.pyenv/versions/3.11.6/lib/python3.11/site-packages/airflow/example_dags/example_python_operator.py
[2025-06-13T15:30:58.827-0400] {processor.py:914} INFO - Processing file /Users/pranavr/.pyenv/versions/3.11.6/lib/python3.11/site-packages/airflow/example_dags/example_python_operator.py for tasks to queue
[2025-06-13T15:30:58.827-0400] {logging_mixin.py:190} INFO - [2025-06-13T15:30:58.827-0400] {dagbag.py:588} INFO - Filling up the DagBag from /Users/pranavr/.pyenv/versions/3.11.6/lib/python3.11/site-packages/airflow/example_dags/example_python_operator.py
[2025-06-13T15:30:58.842-0400] {logging_mixin.py:190} INFO - [2025-06-13T15:30:58.842-0400] {example_python_operator.py:93} WARNING - The virtalenv_python example task requires virtualenv, please install it.
[2025-06-13T15:30:58.845-0400] {processor.py:925} INFO - DAG(s) 'example_python_operator' retrieved from /Users/pranavr/.pyenv/versions/3.11.6/lib/python3.11/site-packages/airflow/example_dags/example_python_operator.py
[2025-06-13T15:30:58.975-0400] {logging_mixin.py:190} INFO - [2025-06-13T15:30:58.975-0400] {override.py:1930} INFO - Created Permission View: can delete on DAG:example_python_operator
[2025-06-13T15:30:58.979-0400] {logging_mixin.py:190} INFO - [2025-06-13T15:30:58.979-0400] {override.py:1930} INFO - Created Permission View: can edit on DAG:example_python_operator
[2025-06-13T15:30:58.981-0400] {logging_mixin.py:190} INFO - [2025-06-13T15:30:58.981-0400] {override.py:1930} INFO - Created Permission View: can read on DAG:example_python_operator
[2025-06-13T15:30:58.984-0400] {logging_mixin.py:190} INFO - [2025-06-13T15:30:58.984-0400] {override.py:1930} INFO - Created Permission View: can delete on DAG Run:example_python_operator
[2025-06-13T15:30:58.987-0400] {logging_mixin.py:190} INFO - [2025-06-13T15:30:58.987-0400] {override.py:1930} INFO - Created Permission View: menu access on DAG Run:example_python_operator
[2025-06-13T15:30:58.989-0400] {logging_mixin.py:190} INFO - [2025-06-13T15:30:58.989-0400] {override.py:1930} INFO - Created Permission View: can read on DAG Run:example_python_operator
[2025-06-13T15:30:58.991-0400] {logging_mixin.py:190} INFO - [2025-06-13T15:30:58.991-0400] {override.py:1930} INFO - Created Permission View: can create on DAG Run:example_python_operator
[2025-06-13T15:30:58.991-0400] {logging_mixin.py:190} INFO - [2025-06-13T15:30:58.991-0400] {dag.py:3239} INFO - Sync 1 DAGs
[2025-06-13T15:30:58.996-0400] {logging_mixin.py:190} INFO - [2025-06-13T15:30:58.996-0400] {dag.py:3262} INFO - Creating ORM DAG for example_python_operator
[2025-06-13T15:30:58.996-0400] {logging_mixin.py:190} INFO - [2025-06-13T15:30:58.996-0400] {dag.py:4180} INFO - Setting next_dagrun for example_python_operator to None, run_after=None
[2025-06-13T15:30:59.003-0400] {processor.py:208} INFO - Processing /Users/pranavr/.pyenv/versions/3.11.6/lib/python3.11/site-packages/airflow/example_dags/example_python_operator.py took 180.120 seconds
[2025-06-13T15:36:31.747-0400] {processor.py:186} INFO - Started process (PID=20509) to work on /Users/pranavr/.pyenv/versions/3.11.6/lib/python3.11/site-packages/airflow/example_dags/example_python_operator.py
[2025-06-13T15:36:31.749-0400] {processor.py:914} INFO - Processing file /Users/pranavr/.pyenv/versions/3.11.6/lib/python3.11/site-packages/airflow/example_dags/example_python_operator.py for tasks to queue
[2025-06-13T15:36:31.750-0400] {logging_mixin.py:190} INFO - [2025-06-13T15:36:31.750-0400] {dagbag.py:588} INFO - Filling up the DagBag from /Users/pranavr/.pyenv/versions/3.11.6/lib/python3.11/site-packages/airflow/example_dags/example_python_operator.py
[2025-06-13T15:36:31.760-0400] {logging_mixin.py:190} INFO - [2025-06-13T15:36:31.760-0400] {example_python_operator.py:93} WARNING - The virtalenv_python example task requires virtualenv, please install it.
[2025-06-13T15:36:31.762-0400] {processor.py:925} INFO - DAG(s) 'example_python_operator' retrieved from /Users/pranavr/.pyenv/versions/3.11.6/lib/python3.11/site-packages/airflow/example_dags/example_python_operator.py
[2025-06-13T15:36:31.872-0400] {logging_mixin.py:190} INFO - [2025-06-13T15:36:31.872-0400] {override.py:1930} INFO - Created Permission View: can read on DAG:example_python_operator
[2025-06-13T15:36:31.876-0400] {logging_mixin.py:190} INFO - [2025-06-13T15:36:31.876-0400] {override.py:1930} INFO - Created Permission View: can delete on DAG:example_python_operator
[2025-06-13T15:36:31.879-0400] {logging_mixin.py:190} INFO - [2025-06-13T15:36:31.879-0400] {override.py:1930} INFO - Created Permission View: can edit on DAG:example_python_operator
[2025-06-13T15:36:31.883-0400] {logging_mixin.py:190} INFO - [2025-06-13T15:36:31.883-0400] {override.py:1930} INFO - Created Permission View: can read on DAG Run:example_python_operator
[2025-06-13T15:36:31.886-0400] {logging_mixin.py:190} INFO - [2025-06-13T15:36:31.886-0400] {override.py:1930} INFO - Created Permission View: can create on DAG Run:example_python_operator
[2025-06-13T15:36:31.889-0400] {logging_mixin.py:190} INFO - [2025-06-13T15:36:31.889-0400] {override.py:1930} INFO - Created Permission View: can delete on DAG Run:example_python_operator
[2025-06-13T15:36:31.891-0400] {logging_mixin.py:190} INFO - [2025-06-13T15:36:31.891-0400] {override.py:1930} INFO - Created Permission View: menu access on DAG Run:example_python_operator
[2025-06-13T15:36:31.891-0400] {logging_mixin.py:190} INFO - [2025-06-13T15:36:31.891-0400] {dag.py:3239} INFO - Sync 1 DAGs
[2025-06-13T15:36:31.895-0400] {logging_mixin.py:190} INFO - [2025-06-13T15:36:31.895-0400] {dag.py:3262} INFO - Creating ORM DAG for example_python_operator
[2025-06-13T15:36:31.896-0400] {logging_mixin.py:190} INFO - [2025-06-13T15:36:31.896-0400] {dag.py:4180} INFO - Setting next_dagrun for example_python_operator to None, run_after=None
[2025-06-13T15:36:31.904-0400] {processor.py:208} INFO - Processing /Users/pranavr/.pyenv/versions/3.11.6/lib/python3.11/site-packages/airflow/example_dags/example_python_operator.py took 157.838 seconds
[2025-06-13T15:38:29.138-0400] {processor.py:186} INFO - Started process (PID=20766) to work on /Users/pranavr/.pyenv/versions/3.11.6/lib/python3.11/site-packages/airflow/example_dags/example_python_operator.py
[2025-06-13T15:38:29.141-0400] {processor.py:914} INFO - Processing file /Users/pranavr/.pyenv/versions/3.11.6/lib/python3.11/site-packages/airflow/example_dags/example_python_operator.py for tasks to queue
[2025-06-13T15:38:29.142-0400] {logging_mixin.py:190} INFO - [2025-06-13T15:38:29.141-0400] {dagbag.py:588} INFO - Filling up the DagBag from /Users/pranavr/.pyenv/versions/3.11.6/lib/python3.11/site-packages/airflow/example_dags/example_python_operator.py
[2025-06-13T15:38:29.152-0400] {logging_mixin.py:190} INFO - [2025-06-13T15:38:29.152-0400] {example_python_operator.py:93} WARNING - The virtalenv_python example task requires virtualenv, please install it.
[2025-06-13T15:38:29.154-0400] {processor.py:925} INFO - DAG(s) 'example_python_operator' retrieved from /Users/pranavr/.pyenv/versions/3.11.6/lib/python3.11/site-packages/airflow/example_dags/example_python_operator.py
[2025-06-13T15:38:29.225-0400] {logging_mixin.py:190} INFO - [2025-06-13T15:38:29.225-0400] {dag.py:3239} INFO - Sync 1 DAGs
[2025-06-13T15:38:29.231-0400] {logging_mixin.py:190} INFO - [2025-06-13T15:38:29.231-0400] {dag.py:4180} INFO - Setting next_dagrun for example_python_operator to None, run_after=None
[2025-06-13T15:38:29.239-0400] {processor.py:208} INFO - Processing /Users/pranavr/.pyenv/versions/3.11.6/lib/python3.11/site-packages/airflow/example_dags/example_python_operator.py took 101.603 seconds
[2025-06-13T15:41:21.349-0400] {processor.py:186} INFO - Started process (PID=21010) to work on /Users/pranavr/.pyenv/versions/3.11.6/lib/python3.11/site-packages/airflow/example_dags/example_python_operator.py
[2025-06-13T15:41:21.352-0400] {processor.py:914} INFO - Processing file /Users/pranavr/.pyenv/versions/3.11.6/lib/python3.11/site-packages/airflow/example_dags/example_python_operator.py for tasks to queue
[2025-06-13T15:41:21.352-0400] {logging_mixin.py:190} INFO - [2025-06-13T15:41:21.352-0400] {dagbag.py:588} INFO - Filling up the DagBag from /Users/pranavr/.pyenv/versions/3.11.6/lib/python3.11/site-packages/airflow/example_dags/example_python_operator.py
[2025-06-13T15:41:21.367-0400] {logging_mixin.py:190} INFO - [2025-06-13T15:41:21.367-0400] {example_python_operator.py:93} WARNING - The virtalenv_python example task requires virtualenv, please install it.
[2025-06-13T15:41:21.369-0400] {processor.py:925} INFO - DAG(s) 'example_python_operator' retrieved from /Users/pranavr/.pyenv/versions/3.11.6/lib/python3.11/site-packages/airflow/example_dags/example_python_operator.py
[2025-06-13T15:41:21.449-0400] {logging_mixin.py:190} INFO - [2025-06-13T15:41:21.449-0400] {dag.py:3239} INFO - Sync 1 DAGs
[2025-06-13T15:41:21.454-0400] {logging_mixin.py:190} INFO - [2025-06-13T15:41:21.454-0400] {dag.py:4180} INFO - Setting next_dagrun for example_python_operator to None, run_after=None
[2025-06-13T15:41:21.462-0400] {processor.py:208} INFO - Processing /Users/pranavr/.pyenv/versions/3.11.6/lib/python3.11/site-packages/airflow/example_dags/example_python_operator.py took 114.356 seconds
[2025-06-13T15:44:03.105-0400] {processor.py:186} INFO - Started process (PID=21571) to work on /Users/pranavr/.pyenv/versions/3.11.6/lib/python3.11/site-packages/airflow/example_dags/example_python_operator.py
[2025-06-13T15:44:03.107-0400] {processor.py:914} INFO - Processing file /Users/pranavr/.pyenv/versions/3.11.6/lib/python3.11/site-packages/airflow/example_dags/example_python_operator.py for tasks to queue
[2025-06-13T15:44:03.107-0400] {logging_mixin.py:190} INFO - [2025-06-13T15:44:03.107-0400] {dagbag.py:588} INFO - Filling up the DagBag from /Users/pranavr/.pyenv/versions/3.11.6/lib/python3.11/site-packages/airflow/example_dags/example_python_operator.py
[2025-06-13T15:44:03.121-0400] {logging_mixin.py:190} INFO - [2025-06-13T15:44:03.121-0400] {example_python_operator.py:93} WARNING - The virtalenv_python example task requires virtualenv, please install it.
[2025-06-13T15:44:03.124-0400] {processor.py:925} INFO - DAG(s) 'example_python_operator' retrieved from /Users/pranavr/.pyenv/versions/3.11.6/lib/python3.11/site-packages/airflow/example_dags/example_python_operator.py
[2025-06-13T15:44:03.243-0400] {logging_mixin.py:190} INFO - [2025-06-13T15:44:03.243-0400] {override.py:1930} INFO - Created Permission View: can edit on DAG:example_python_operator
[2025-06-13T15:44:03.246-0400] {logging_mixin.py:190} INFO - [2025-06-13T15:44:03.246-0400] {override.py:1930} INFO - Created Permission View: can read on DAG:example_python_operator
[2025-06-13T15:44:03.249-0400] {logging_mixin.py:190} INFO - [2025-06-13T15:44:03.249-0400] {override.py:1930} INFO - Created Permission View: can delete on DAG:example_python_operator
[2025-06-13T15:44:03.252-0400] {logging_mixin.py:190} INFO - [2025-06-13T15:44:03.252-0400] {override.py:1930} INFO - Created Permission View: can create on DAG Run:example_python_operator
[2025-06-13T15:44:03.254-0400] {logging_mixin.py:190} INFO - [2025-06-13T15:44:03.254-0400] {override.py:1930} INFO - Created Permission View: menu access on DAG Run:example_python_operator
[2025-06-13T15:44:03.256-0400] {logging_mixin.py:190} INFO - [2025-06-13T15:44:03.256-0400] {override.py:1930} INFO - Created Permission View: can read on DAG Run:example_python_operator
[2025-06-13T15:44:03.258-0400] {logging_mixin.py:190} INFO - [2025-06-13T15:44:03.258-0400] {override.py:1930} INFO - Created Permission View: can delete on DAG Run:example_python_operator
[2025-06-13T15:44:03.258-0400] {logging_mixin.py:190} INFO - [2025-06-13T15:44:03.258-0400] {dag.py:3239} INFO - Sync 1 DAGs
[2025-06-13T15:44:03.262-0400] {logging_mixin.py:190} INFO - [2025-06-13T15:44:03.262-0400] {dag.py:3262} INFO - Creating ORM DAG for example_python_operator
[2025-06-13T15:44:03.263-0400] {logging_mixin.py:190} INFO - [2025-06-13T15:44:03.263-0400] {dag.py:4180} INFO - Setting next_dagrun for example_python_operator to None, run_after=None
[2025-06-13T15:44:03.269-0400] {processor.py:208} INFO - Processing /Users/pranavr/.pyenv/versions/3.11.6/lib/python3.11/site-packages/airflow/example_dags/example_python_operator.py took 165.799 seconds
[2025-06-13T15:46:03.606-0400] {processor.py:186} INFO - Started process (PID=21943) to work on /Users/pranavr/.pyenv/versions/3.11.6/lib/python3.11/site-packages/airflow/example_dags/example_python_operator.py
[2025-06-13T15:46:03.608-0400] {processor.py:914} INFO - Processing file /Users/pranavr/.pyenv/versions/3.11.6/lib/python3.11/site-packages/airflow/example_dags/example_python_operator.py for tasks to queue
[2025-06-13T15:46:03.608-0400] {logging_mixin.py:190} INFO - [2025-06-13T15:46:03.608-0400] {dagbag.py:588} INFO - Filling up the DagBag from /Users/pranavr/.pyenv/versions/3.11.6/lib/python3.11/site-packages/airflow/example_dags/example_python_operator.py
[2025-06-13T15:46:03.618-0400] {logging_mixin.py:190} INFO - [2025-06-13T15:46:03.618-0400] {example_python_operator.py:93} WARNING - The virtalenv_python example task requires virtualenv, please install it.
[2025-06-13T15:46:03.620-0400] {processor.py:925} INFO - DAG(s) 'example_python_operator' retrieved from /Users/pranavr/.pyenv/versions/3.11.6/lib/python3.11/site-packages/airflow/example_dags/example_python_operator.py
[2025-06-13T15:46:03.690-0400] {logging_mixin.py:190} INFO - [2025-06-13T15:46:03.690-0400] {dag.py:3239} INFO - Sync 1 DAGs
[2025-06-13T15:46:03.695-0400] {logging_mixin.py:190} INFO - [2025-06-13T15:46:03.695-0400] {dag.py:4180} INFO - Setting next_dagrun for example_python_operator to None, run_after=None
[2025-06-13T15:46:03.703-0400] {processor.py:208} INFO - Processing /Users/pranavr/.pyenv/versions/3.11.6/lib/python3.11/site-packages/airflow/example_dags/example_python_operator.py took 98.487 seconds
[2025-06-13T15:47:34.368-0400] {processor.py:186} INFO - Started process (PID=22084) to work on /Users/pranavr/.pyenv/versions/3.11.6/lib/python3.11/site-packages/airflow/example_dags/example_python_operator.py
[2025-06-13T15:47:34.371-0400] {processor.py:914} INFO - Processing file /Users/pranavr/.pyenv/versions/3.11.6/lib/python3.11/site-packages/airflow/example_dags/example_python_operator.py for tasks to queue
[2025-06-13T15:47:34.372-0400] {logging_mixin.py:190} INFO - [2025-06-13T15:47:34.372-0400] {dagbag.py:588} INFO - Filling up the DagBag from /Users/pranavr/.pyenv/versions/3.11.6/lib/python3.11/site-packages/airflow/example_dags/example_python_operator.py
[2025-06-13T15:47:34.385-0400] {logging_mixin.py:190} INFO - [2025-06-13T15:47:34.385-0400] {example_python_operator.py:93} WARNING - The virtalenv_python example task requires virtualenv, please install it.
[2025-06-13T15:47:34.388-0400] {processor.py:925} INFO - DAG(s) 'example_python_operator' retrieved from /Users/pranavr/.pyenv/versions/3.11.6/lib/python3.11/site-packages/airflow/example_dags/example_python_operator.py
[2025-06-13T15:47:34.459-0400] {logging_mixin.py:190} INFO - [2025-06-13T15:47:34.459-0400] {dag.py:3239} INFO - Sync 1 DAGs
[2025-06-13T15:47:34.464-0400] {logging_mixin.py:190} INFO - [2025-06-13T15:47:34.464-0400] {dag.py:4180} INFO - Setting next_dagrun for example_python_operator to None, run_after=None
[2025-06-13T15:47:34.471-0400] {processor.py:208} INFO - Processing /Users/pranavr/.pyenv/versions/3.11.6/lib/python3.11/site-packages/airflow/example_dags/example_python_operator.py took 104.633 seconds
[2025-06-13T15:50:23.977-0400] {processor.py:186} INFO - Started process (PID=22363) to work on /Users/pranavr/.pyenv/versions/3.11.6/lib/python3.11/site-packages/airflow/example_dags/example_python_operator.py
[2025-06-13T15:50:23.979-0400] {processor.py:914} INFO - Processing file /Users/pranavr/.pyenv/versions/3.11.6/lib/python3.11/site-packages/airflow/example_dags/example_python_operator.py for tasks to queue
[2025-06-13T15:50:23.979-0400] {logging_mixin.py:190} INFO - [2025-06-13T15:50:23.979-0400] {dagbag.py:588} INFO - Filling up the DagBag from /Users/pranavr/.pyenv/versions/3.11.6/lib/python3.11/site-packages/airflow/example_dags/example_python_operator.py
[2025-06-13T15:50:23.990-0400] {logging_mixin.py:190} INFO - [2025-06-13T15:50:23.989-0400] {example_python_operator.py:93} WARNING - The virtalenv_python example task requires virtualenv, please install it.
[2025-06-13T15:50:23.991-0400] {processor.py:925} INFO - DAG(s) 'example_python_operator' retrieved from /Users/pranavr/.pyenv/versions/3.11.6/lib/python3.11/site-packages/airflow/example_dags/example_python_operator.py
[2025-06-13T15:50:24.063-0400] {logging_mixin.py:190} INFO - [2025-06-13T15:50:24.063-0400] {dag.py:3239} INFO - Sync 1 DAGs
[2025-06-13T15:50:24.068-0400] {logging_mixin.py:190} INFO - [2025-06-13T15:50:24.068-0400] {dag.py:4180} INFO - Setting next_dagrun for example_python_operator to None, run_after=None
[2025-06-13T15:50:24.075-0400] {processor.py:208} INFO - Processing /Users/pranavr/.pyenv/versions/3.11.6/lib/python3.11/site-packages/airflow/example_dags/example_python_operator.py took 100.270 seconds
[2025-06-13T15:52:52.240-0400] {processor.py:186} INFO - Started process (PID=22685) to work on /Users/pranavr/.pyenv/versions/3.11.6/lib/python3.11/site-packages/airflow/example_dags/example_python_operator.py
[2025-06-13T15:52:52.242-0400] {processor.py:914} INFO - Processing file /Users/pranavr/.pyenv/versions/3.11.6/lib/python3.11/site-packages/airflow/example_dags/example_python_operator.py for tasks to queue
[2025-06-13T15:52:52.242-0400] {logging_mixin.py:190} INFO - [2025-06-13T15:52:52.242-0400] {dagbag.py:588} INFO - Filling up the DagBag from /Users/pranavr/.pyenv/versions/3.11.6/lib/python3.11/site-packages/airflow/example_dags/example_python_operator.py
[2025-06-13T15:52:52.252-0400] {logging_mixin.py:190} INFO - [2025-06-13T15:52:52.252-0400] {example_python_operator.py:93} WARNING - The virtalenv_python example task requires virtualenv, please install it.
[2025-06-13T15:52:52.253-0400] {processor.py:925} INFO - DAG(s) 'example_python_operator' retrieved from /Users/pranavr/.pyenv/versions/3.11.6/lib/python3.11/site-packages/airflow/example_dags/example_python_operator.py
[2025-06-13T15:52:52.319-0400] {logging_mixin.py:190} INFO - [2025-06-13T15:52:52.319-0400] {dag.py:3239} INFO - Sync 1 DAGs
[2025-06-13T15:52:52.325-0400] {logging_mixin.py:190} INFO - [2025-06-13T15:52:52.325-0400] {dag.py:4180} INFO - Setting next_dagrun for example_python_operator to None, run_after=None
[2025-06-13T15:52:52.333-0400] {processor.py:208} INFO - Processing /Users/pranavr/.pyenv/versions/3.11.6/lib/python3.11/site-packages/airflow/example_dags/example_python_operator.py took 94.406 seconds
[2025-06-13T15:55:20.375-0400] {processor.py:186} INFO - Started process (PID=22927) to work on /Users/pranavr/.pyenv/versions/3.11.6/lib/python3.11/site-packages/airflow/example_dags/example_python_operator.py
[2025-06-13T15:55:20.376-0400] {processor.py:914} INFO - Processing file /Users/pranavr/.pyenv/versions/3.11.6/lib/python3.11/site-packages/airflow/example_dags/example_python_operator.py for tasks to queue
[2025-06-13T15:55:20.377-0400] {logging_mixin.py:190} INFO - [2025-06-13T15:55:20.377-0400] {dagbag.py:588} INFO - Filling up the DagBag from /Users/pranavr/.pyenv/versions/3.11.6/lib/python3.11/site-packages/airflow/example_dags/example_python_operator.py
[2025-06-13T15:55:20.386-0400] {logging_mixin.py:190} INFO - [2025-06-13T15:55:20.386-0400] {example_python_operator.py:93} WARNING - The virtalenv_python example task requires virtualenv, please install it.
[2025-06-13T15:55:20.387-0400] {processor.py:925} INFO - DAG(s) 'example_python_operator' retrieved from /Users/pranavr/.pyenv/versions/3.11.6/lib/python3.11/site-packages/airflow/example_dags/example_python_operator.py
[2025-06-13T15:55:20.449-0400] {logging_mixin.py:190} INFO - [2025-06-13T15:55:20.449-0400] {dag.py:3239} INFO - Sync 1 DAGs
[2025-06-13T15:55:20.454-0400] {logging_mixin.py:190} INFO - [2025-06-13T15:55:20.454-0400] {dag.py:4180} INFO - Setting next_dagrun for example_python_operator to None, run_after=None
[2025-06-13T15:55:20.460-0400] {processor.py:208} INFO - Processing /Users/pranavr/.pyenv/versions/3.11.6/lib/python3.11/site-packages/airflow/example_dags/example_python_operator.py took 86.865 seconds
[2025-06-13T15:57:44.015-0400] {processor.py:186} INFO - Started process (PID=23149) to work on /Users/pranavr/.pyenv/versions/3.11.6/lib/python3.11/site-packages/airflow/example_dags/example_python_operator.py
[2025-06-13T15:57:44.017-0400] {processor.py:914} INFO - Processing file /Users/pranavr/.pyenv/versions/3.11.6/lib/python3.11/site-packages/airflow/example_dags/example_python_operator.py for tasks to queue
[2025-06-13T15:57:44.017-0400] {logging_mixin.py:190} INFO - [2025-06-13T15:57:44.017-0400] {dagbag.py:588} INFO - Filling up the DagBag from /Users/pranavr/.pyenv/versions/3.11.6/lib/python3.11/site-packages/airflow/example_dags/example_python_operator.py
[2025-06-13T15:57:44.027-0400] {logging_mixin.py:190} INFO - [2025-06-13T15:57:44.027-0400] {example_python_operator.py:93} WARNING - The virtalenv_python example task requires virtualenv, please install it.
[2025-06-13T15:57:44.028-0400] {processor.py:925} INFO - DAG(s) 'example_python_operator' retrieved from /Users/pranavr/.pyenv/versions/3.11.6/lib/python3.11/site-packages/airflow/example_dags/example_python_operator.py
[2025-06-13T15:57:44.090-0400] {logging_mixin.py:190} INFO - [2025-06-13T15:57:44.090-0400] {dag.py:3239} INFO - Sync 1 DAGs
[2025-06-13T15:57:44.094-0400] {logging_mixin.py:190} INFO - [2025-06-13T15:57:44.094-0400] {dag.py:4180} INFO - Setting next_dagrun for example_python_operator to None, run_after=None
[2025-06-13T15:57:44.101-0400] {processor.py:208} INFO - Processing /Users/pranavr/.pyenv/versions/3.11.6/lib/python3.11/site-packages/airflow/example_dags/example_python_operator.py took 87.466 seconds
[2025-06-13T16:00:08.692-0400] {processor.py:186} INFO - Started process (PID=23518) to work on /Users/pranavr/.pyenv/versions/3.11.6/lib/python3.11/site-packages/airflow/example_dags/example_python_operator.py
[2025-06-13T16:00:08.694-0400] {processor.py:914} INFO - Processing file /Users/pranavr/.pyenv/versions/3.11.6/lib/python3.11/site-packages/airflow/example_dags/example_python_operator.py for tasks to queue
[2025-06-13T16:00:08.694-0400] {logging_mixin.py:190} INFO - [2025-06-13T16:00:08.694-0400] {dagbag.py:588} INFO - Filling up the DagBag from /Users/pranavr/.pyenv/versions/3.11.6/lib/python3.11/site-packages/airflow/example_dags/example_python_operator.py
[2025-06-13T16:00:08.704-0400] {logging_mixin.py:190} INFO - [2025-06-13T16:00:08.704-0400] {example_python_operator.py:93} WARNING - The virtalenv_python example task requires virtualenv, please install it.
[2025-06-13T16:00:08.705-0400] {processor.py:925} INFO - DAG(s) 'example_python_operator' retrieved from /Users/pranavr/.pyenv/versions/3.11.6/lib/python3.11/site-packages/airflow/example_dags/example_python_operator.py
[2025-06-13T16:00:08.768-0400] {logging_mixin.py:190} INFO - [2025-06-13T16:00:08.768-0400] {dag.py:3239} INFO - Sync 1 DAGs
[2025-06-13T16:00:08.772-0400] {logging_mixin.py:190} INFO - [2025-06-13T16:00:08.772-0400] {dag.py:4180} INFO - Setting next_dagrun for example_python_operator to None, run_after=None
[2025-06-13T16:00:08.779-0400] {processor.py:208} INFO - Processing /Users/pranavr/.pyenv/versions/3.11.6/lib/python3.11/site-packages/airflow/example_dags/example_python_operator.py took 87.352 seconds
[2025-06-13T16:02:40.737-0400] {processor.py:186} INFO - Started process (PID=23906) to work on /Users/pranavr/.pyenv/versions/3.11.6/lib/python3.11/site-packages/airflow/example_dags/example_python_operator.py
[2025-06-13T16:02:40.739-0400] {processor.py:914} INFO - Processing file /Users/pranavr/.pyenv/versions/3.11.6/lib/python3.11/site-packages/airflow/example_dags/example_python_operator.py for tasks to queue
[2025-06-13T16:02:40.739-0400] {logging_mixin.py:190} INFO - [2025-06-13T16:02:40.739-0400] {dagbag.py:588} INFO - Filling up the DagBag from /Users/pranavr/.pyenv/versions/3.11.6/lib/python3.11/site-packages/airflow/example_dags/example_python_operator.py
[2025-06-13T16:02:40.750-0400] {logging_mixin.py:190} INFO - [2025-06-13T16:02:40.750-0400] {example_python_operator.py:93} WARNING - The virtalenv_python example task requires virtualenv, please install it.
[2025-06-13T16:02:40.752-0400] {processor.py:925} INFO - DAG(s) 'example_python_operator' retrieved from /Users/pranavr/.pyenv/versions/3.11.6/lib/python3.11/site-packages/airflow/example_dags/example_python_operator.py
[2025-06-13T16:02:40.825-0400] {logging_mixin.py:190} INFO - [2025-06-13T16:02:40.825-0400] {dag.py:3239} INFO - Sync 1 DAGs
[2025-06-13T16:02:40.830-0400] {logging_mixin.py:190} INFO - [2025-06-13T16:02:40.830-0400] {dag.py:4180} INFO - Setting next_dagrun for example_python_operator to None, run_after=None
[2025-06-13T16:02:40.842-0400] {processor.py:208} INFO - Processing /Users/pranavr/.pyenv/versions/3.11.6/lib/python3.11/site-packages/airflow/example_dags/example_python_operator.py took 106.892 seconds
