[2025-06-13T14:21:45.310-0400] {processor.py:186} INFO - Started process (PID=7509) to work on /Users/pranavr/.pyenv/versions/3.11.6/lib/python3.11/site-packages/airflow/example_dags/example_workday_timetable.py
[2025-06-13T14:21:45.312-0400] {processor.py:914} INFO - Processing file /Users/pranavr/.pyenv/versions/3.11.6/lib/python3.11/site-packages/airflow/example_dags/example_workday_timetable.py for tasks to queue
[2025-06-13T14:21:45.312-0400] {logging_mixin.py:190} INFO - [2025-06-13T14:21:45.312-0400] {dagbag.py:588} INFO - Filling up the DagBag from /Users/pranavr/.pyenv/versions/3.11.6/lib/python3.11/site-packages/airflow/example_dags/example_workday_timetable.py
[2025-06-13T14:21:45.796-0400] {processor.py:925} INFO - DAG(s) 'example_workday_timetable' retrieved from /Users/pranavr/.pyenv/versions/3.11.6/lib/python3.11/site-packages/airflow/example_dags/example_workday_timetable.py
[2025-06-13T14:21:45.955-0400] {logging_mixin.py:190} INFO - [2025-06-13T14:21:45.955-0400] {dag.py:3239} INFO - Sync 1 DAGs
[2025-06-13T14:21:45.983-0400] {logging_mixin.py:190} INFO - [2025-06-13T14:21:45.983-0400] {dag.py:4180} INFO - Setting next_dagrun for example_workday_timetable to 2021-01-04T00:00:00+00:00, run_after=2021-01-05T00:00:00+00:00
[2025-06-13T14:21:45.993-0400] {processor.py:208} INFO - Processing /Users/pranavr/.pyenv/versions/3.11.6/lib/python3.11/site-packages/airflow/example_dags/example_workday_timetable.py took 684.749 seconds
[2025-06-13T14:23:51.731-0400] {processor.py:186} INFO - Started process (PID=7863) to work on /Users/pranavr/.pyenv/versions/3.11.6/lib/python3.11/site-packages/airflow/example_dags/example_workday_timetable.py
[2025-06-13T14:23:51.733-0400] {processor.py:914} INFO - Processing file /Users/pranavr/.pyenv/versions/3.11.6/lib/python3.11/site-packages/airflow/example_dags/example_workday_timetable.py for tasks to queue
[2025-06-13T14:23:51.734-0400] {logging_mixin.py:190} INFO - [2025-06-13T14:23:51.734-0400] {dagbag.py:588} INFO - Filling up the DagBag from /Users/pranavr/.pyenv/versions/3.11.6/lib/python3.11/site-packages/airflow/example_dags/example_workday_timetable.py
[2025-06-13T14:23:52.101-0400] {processor.py:925} INFO - DAG(s) 'example_workday_timetable' retrieved from /Users/pranavr/.pyenv/versions/3.11.6/lib/python3.11/site-packages/airflow/example_dags/example_workday_timetable.py
[2025-06-13T14:23:52.152-0400] {logging_mixin.py:190} INFO - [2025-06-13T14:23:52.151-0400] {dag.py:3239} INFO - Sync 1 DAGs
[2025-06-13T14:23:52.178-0400] {logging_mixin.py:190} INFO - [2025-06-13T14:23:52.178-0400] {dag.py:4180} INFO - Setting next_dagrun for example_workday_timetable to 2021-01-04T00:00:00+00:00, run_after=2021-01-05T00:00:00+00:00
[2025-06-13T14:23:52.242-0400] {processor.py:208} INFO - Processing /Users/pranavr/.pyenv/versions/3.11.6/lib/python3.11/site-packages/airflow/example_dags/example_workday_timetable.py took 512.143 seconds
[2025-06-13T14:25:22.989-0400] {processor.py:186} INFO - Started process (PID=7983) to work on /Users/pranavr/.pyenv/versions/3.11.6/lib/python3.11/site-packages/airflow/example_dags/example_workday_timetable.py
[2025-06-13T14:25:22.991-0400] {processor.py:914} INFO - Processing file /Users/pranavr/.pyenv/versions/3.11.6/lib/python3.11/site-packages/airflow/example_dags/example_workday_timetable.py for tasks to queue
[2025-06-13T14:25:22.991-0400] {logging_mixin.py:190} INFO - [2025-06-13T14:25:22.991-0400] {dagbag.py:588} INFO - Filling up the DagBag from /Users/pranavr/.pyenv/versions/3.11.6/lib/python3.11/site-packages/airflow/example_dags/example_workday_timetable.py
[2025-06-13T14:25:23.316-0400] {processor.py:925} INFO - DAG(s) 'example_workday_timetable' retrieved from /Users/pranavr/.pyenv/versions/3.11.6/lib/python3.11/site-packages/airflow/example_dags/example_workday_timetable.py
[2025-06-13T14:25:23.362-0400] {logging_mixin.py:190} INFO - [2025-06-13T14:25:23.362-0400] {dag.py:3239} INFO - Sync 1 DAGs
[2025-06-13T14:25:23.379-0400] {logging_mixin.py:190} INFO - [2025-06-13T14:25:23.379-0400] {dag.py:4180} INFO - Setting next_dagrun for example_workday_timetable to 2021-01-04T00:00:00+00:00, run_after=2021-01-05T00:00:00+00:00
[2025-06-13T14:25:23.435-0400] {processor.py:208} INFO - Processing /Users/pranavr/.pyenv/versions/3.11.6/lib/python3.11/site-packages/airflow/example_dags/example_workday_timetable.py took 447.712 seconds
[2025-06-13T14:26:55.378-0400] {processor.py:186} INFO - Started process (PID=8093) to work on /Users/pranavr/.pyenv/versions/3.11.6/lib/python3.11/site-packages/airflow/example_dags/example_workday_timetable.py
[2025-06-13T14:26:55.380-0400] {processor.py:914} INFO - Processing file /Users/pranavr/.pyenv/versions/3.11.6/lib/python3.11/site-packages/airflow/example_dags/example_workday_timetable.py for tasks to queue
[2025-06-13T14:26:55.381-0400] {logging_mixin.py:190} INFO - [2025-06-13T14:26:55.381-0400] {dagbag.py:588} INFO - Filling up the DagBag from /Users/pranavr/.pyenv/versions/3.11.6/lib/python3.11/site-packages/airflow/example_dags/example_workday_timetable.py
[2025-06-13T14:26:55.764-0400] {processor.py:925} INFO - DAG(s) 'example_workday_timetable' retrieved from /Users/pranavr/.pyenv/versions/3.11.6/lib/python3.11/site-packages/airflow/example_dags/example_workday_timetable.py
[2025-06-13T14:26:55.821-0400] {logging_mixin.py:190} INFO - [2025-06-13T14:26:55.821-0400] {dag.py:3239} INFO - Sync 1 DAGs
[2025-06-13T14:26:55.840-0400] {logging_mixin.py:190} INFO - [2025-06-13T14:26:55.840-0400] {dag.py:4180} INFO - Setting next_dagrun for example_workday_timetable to 2021-01-04T00:00:00+00:00, run_after=2021-01-05T00:00:00+00:00
[2025-06-13T14:26:55.908-0400] {processor.py:208} INFO - Processing /Users/pranavr/.pyenv/versions/3.11.6/lib/python3.11/site-packages/airflow/example_dags/example_workday_timetable.py took 531.650 seconds
[2025-06-13T14:28:25.550-0400] {processor.py:186} INFO - Started process (PID=8790) to work on /Users/pranavr/.pyenv/versions/3.11.6/lib/python3.11/site-packages/airflow/example_dags/example_workday_timetable.py
[2025-06-13T14:28:25.553-0400] {processor.py:914} INFO - Processing file /Users/pranavr/.pyenv/versions/3.11.6/lib/python3.11/site-packages/airflow/example_dags/example_workday_timetable.py for tasks to queue
[2025-06-13T14:28:25.553-0400] {logging_mixin.py:190} INFO - [2025-06-13T14:28:25.553-0400] {dagbag.py:588} INFO - Filling up the DagBag from /Users/pranavr/.pyenv/versions/3.11.6/lib/python3.11/site-packages/airflow/example_dags/example_workday_timetable.py
[2025-06-13T14:28:25.885-0400] {processor.py:925} INFO - DAG(s) 'example_workday_timetable' retrieved from /Users/pranavr/.pyenv/versions/3.11.6/lib/python3.11/site-packages/airflow/example_dags/example_workday_timetable.py
[2025-06-13T14:28:25.937-0400] {logging_mixin.py:190} INFO - [2025-06-13T14:28:25.937-0400] {dag.py:3239} INFO - Sync 1 DAGs
[2025-06-13T14:28:25.965-0400] {logging_mixin.py:190} INFO - [2025-06-13T14:28:25.964-0400] {dag.py:4180} INFO - Setting next_dagrun for example_workday_timetable to 2021-01-04T00:00:00+00:00, run_after=2021-01-05T00:00:00+00:00
[2025-06-13T14:28:26.020-0400] {processor.py:208} INFO - Processing /Users/pranavr/.pyenv/versions/3.11.6/lib/python3.11/site-packages/airflow/example_dags/example_workday_timetable.py took 471.565 seconds
[2025-06-13T14:29:58.646-0400] {processor.py:186} INFO - Started process (PID=8919) to work on /Users/pranavr/.pyenv/versions/3.11.6/lib/python3.11/site-packages/airflow/example_dags/example_workday_timetable.py
[2025-06-13T14:29:58.648-0400] {processor.py:914} INFO - Processing file /Users/pranavr/.pyenv/versions/3.11.6/lib/python3.11/site-packages/airflow/example_dags/example_workday_timetable.py for tasks to queue
[2025-06-13T14:29:58.648-0400] {logging_mixin.py:190} INFO - [2025-06-13T14:29:58.648-0400] {dagbag.py:588} INFO - Filling up the DagBag from /Users/pranavr/.pyenv/versions/3.11.6/lib/python3.11/site-packages/airflow/example_dags/example_workday_timetable.py
[2025-06-13T14:29:58.998-0400] {processor.py:925} INFO - DAG(s) 'example_workday_timetable' retrieved from /Users/pranavr/.pyenv/versions/3.11.6/lib/python3.11/site-packages/airflow/example_dags/example_workday_timetable.py
[2025-06-13T14:29:59.047-0400] {logging_mixin.py:190} INFO - [2025-06-13T14:29:59.047-0400] {dag.py:3239} INFO - Sync 1 DAGs
[2025-06-13T14:29:59.069-0400] {logging_mixin.py:190} INFO - [2025-06-13T14:29:59.068-0400] {dag.py:4180} INFO - Setting next_dagrun for example_workday_timetable to 2021-01-04T00:00:00+00:00, run_after=2021-01-05T00:00:00+00:00
[2025-06-13T14:29:59.131-0400] {processor.py:208} INFO - Processing /Users/pranavr/.pyenv/versions/3.11.6/lib/python3.11/site-packages/airflow/example_dags/example_workday_timetable.py took 487.014 seconds
[2025-06-13T14:31:26.680-0400] {processor.py:186} INFO - Started process (PID=9354) to work on /Users/pranavr/.pyenv/versions/3.11.6/lib/python3.11/site-packages/airflow/example_dags/example_workday_timetable.py
[2025-06-13T14:31:26.683-0400] {processor.py:914} INFO - Processing file /Users/pranavr/.pyenv/versions/3.11.6/lib/python3.11/site-packages/airflow/example_dags/example_workday_timetable.py for tasks to queue
[2025-06-13T14:31:26.683-0400] {logging_mixin.py:190} INFO - [2025-06-13T14:31:26.683-0400] {dagbag.py:588} INFO - Filling up the DagBag from /Users/pranavr/.pyenv/versions/3.11.6/lib/python3.11/site-packages/airflow/example_dags/example_workday_timetable.py
[2025-06-13T14:31:27.039-0400] {processor.py:925} INFO - DAG(s) 'example_workday_timetable' retrieved from /Users/pranavr/.pyenv/versions/3.11.6/lib/python3.11/site-packages/airflow/example_dags/example_workday_timetable.py
[2025-06-13T14:31:27.093-0400] {logging_mixin.py:190} INFO - [2025-06-13T14:31:27.092-0400] {dag.py:3239} INFO - Sync 1 DAGs
[2025-06-13T14:31:27.113-0400] {logging_mixin.py:190} INFO - [2025-06-13T14:31:27.113-0400] {dag.py:4180} INFO - Setting next_dagrun for example_workday_timetable to 2021-01-04T00:00:00+00:00, run_after=2021-01-05T00:00:00+00:00
[2025-06-13T14:31:27.199-0400] {processor.py:208} INFO - Processing /Users/pranavr/.pyenv/versions/3.11.6/lib/python3.11/site-packages/airflow/example_dags/example_workday_timetable.py took 520.244 seconds
[2025-06-13T14:32:59.060-0400] {processor.py:186} INFO - Started process (PID=9575) to work on /Users/pranavr/.pyenv/versions/3.11.6/lib/python3.11/site-packages/airflow/example_dags/example_workday_timetable.py
[2025-06-13T14:32:59.064-0400] {processor.py:914} INFO - Processing file /Users/pranavr/.pyenv/versions/3.11.6/lib/python3.11/site-packages/airflow/example_dags/example_workday_timetable.py for tasks to queue
[2025-06-13T14:32:59.065-0400] {logging_mixin.py:190} INFO - [2025-06-13T14:32:59.065-0400] {dagbag.py:588} INFO - Filling up the DagBag from /Users/pranavr/.pyenv/versions/3.11.6/lib/python3.11/site-packages/airflow/example_dags/example_workday_timetable.py
[2025-06-13T14:32:59.849-0400] {processor.py:925} INFO - DAG(s) 'example_workday_timetable' retrieved from /Users/pranavr/.pyenv/versions/3.11.6/lib/python3.11/site-packages/airflow/example_dags/example_workday_timetable.py
[2025-06-13T14:32:59.908-0400] {logging_mixin.py:190} INFO - [2025-06-13T14:32:59.908-0400] {dag.py:3239} INFO - Sync 1 DAGs
[2025-06-13T14:32:59.934-0400] {logging_mixin.py:190} INFO - [2025-06-13T14:32:59.934-0400] {dag.py:4180} INFO - Setting next_dagrun for example_workday_timetable to 2021-01-04T00:00:00+00:00, run_after=2021-01-05T00:00:00+00:00
[2025-06-13T14:33:00.020-0400] {processor.py:208} INFO - Processing /Users/pranavr/.pyenv/versions/3.11.6/lib/python3.11/site-packages/airflow/example_dags/example_workday_timetable.py took 962.347 seconds
[2025-06-13T14:34:29.886-0400] {processor.py:186} INFO - Started process (PID=10031) to work on /Users/pranavr/.pyenv/versions/3.11.6/lib/python3.11/site-packages/airflow/example_dags/example_workday_timetable.py
[2025-06-13T14:34:29.888-0400] {processor.py:914} INFO - Processing file /Users/pranavr/.pyenv/versions/3.11.6/lib/python3.11/site-packages/airflow/example_dags/example_workday_timetable.py for tasks to queue
[2025-06-13T14:34:29.889-0400] {logging_mixin.py:190} INFO - [2025-06-13T14:34:29.889-0400] {dagbag.py:588} INFO - Filling up the DagBag from /Users/pranavr/.pyenv/versions/3.11.6/lib/python3.11/site-packages/airflow/example_dags/example_workday_timetable.py
[2025-06-13T14:34:30.269-0400] {processor.py:925} INFO - DAG(s) 'example_workday_timetable' retrieved from /Users/pranavr/.pyenv/versions/3.11.6/lib/python3.11/site-packages/airflow/example_dags/example_workday_timetable.py
[2025-06-13T14:34:30.318-0400] {logging_mixin.py:190} INFO - [2025-06-13T14:34:30.318-0400] {dag.py:3239} INFO - Sync 1 DAGs
[2025-06-13T14:34:30.338-0400] {logging_mixin.py:190} INFO - [2025-06-13T14:34:30.338-0400] {dag.py:4180} INFO - Setting next_dagrun for example_workday_timetable to 2021-01-04T00:00:00+00:00, run_after=2021-01-05T00:00:00+00:00
[2025-06-13T14:34:30.398-0400] {processor.py:208} INFO - Processing /Users/pranavr/.pyenv/versions/3.11.6/lib/python3.11/site-packages/airflow/example_dags/example_workday_timetable.py took 516.217 seconds
[2025-06-13T14:36:02.176-0400] {processor.py:186} INFO - Started process (PID=10567) to work on /Users/pranavr/.pyenv/versions/3.11.6/lib/python3.11/site-packages/airflow/example_dags/example_workday_timetable.py
[2025-06-13T14:36:02.179-0400] {processor.py:914} INFO - Processing file /Users/pranavr/.pyenv/versions/3.11.6/lib/python3.11/site-packages/airflow/example_dags/example_workday_timetable.py for tasks to queue
[2025-06-13T14:36:02.179-0400] {logging_mixin.py:190} INFO - [2025-06-13T14:36:02.179-0400] {dagbag.py:588} INFO - Filling up the DagBag from /Users/pranavr/.pyenv/versions/3.11.6/lib/python3.11/site-packages/airflow/example_dags/example_workday_timetable.py
[2025-06-13T14:36:02.551-0400] {processor.py:925} INFO - DAG(s) 'example_workday_timetable' retrieved from /Users/pranavr/.pyenv/versions/3.11.6/lib/python3.11/site-packages/airflow/example_dags/example_workday_timetable.py
[2025-06-13T14:36:02.604-0400] {logging_mixin.py:190} INFO - [2025-06-13T14:36:02.604-0400] {dag.py:3239} INFO - Sync 1 DAGs
[2025-06-13T14:36:02.634-0400] {logging_mixin.py:190} INFO - [2025-06-13T14:36:02.634-0400] {dag.py:4180} INFO - Setting next_dagrun for example_workday_timetable to 2021-01-04T00:00:00+00:00, run_after=2021-01-05T00:00:00+00:00
[2025-06-13T14:36:02.705-0400] {processor.py:208} INFO - Processing /Users/pranavr/.pyenv/versions/3.11.6/lib/python3.11/site-packages/airflow/example_dags/example_workday_timetable.py took 531.732 seconds
[2025-06-13T14:37:32.356-0400] {processor.py:186} INFO - Started process (PID=11098) to work on /Users/pranavr/.pyenv/versions/3.11.6/lib/python3.11/site-packages/airflow/example_dags/example_workday_timetable.py
[2025-06-13T14:37:32.358-0400] {processor.py:914} INFO - Processing file /Users/pranavr/.pyenv/versions/3.11.6/lib/python3.11/site-packages/airflow/example_dags/example_workday_timetable.py for tasks to queue
[2025-06-13T14:37:32.359-0400] {logging_mixin.py:190} INFO - [2025-06-13T14:37:32.359-0400] {dagbag.py:588} INFO - Filling up the DagBag from /Users/pranavr/.pyenv/versions/3.11.6/lib/python3.11/site-packages/airflow/example_dags/example_workday_timetable.py
[2025-06-13T14:37:32.700-0400] {processor.py:925} INFO - DAG(s) 'example_workday_timetable' retrieved from /Users/pranavr/.pyenv/versions/3.11.6/lib/python3.11/site-packages/airflow/example_dags/example_workday_timetable.py
[2025-06-13T14:37:32.749-0400] {logging_mixin.py:190} INFO - [2025-06-13T14:37:32.749-0400] {dag.py:3239} INFO - Sync 1 DAGs
[2025-06-13T14:37:32.776-0400] {logging_mixin.py:190} INFO - [2025-06-13T14:37:32.776-0400] {dag.py:4180} INFO - Setting next_dagrun for example_workday_timetable to 2021-01-04T00:00:00+00:00, run_after=2021-01-05T00:00:00+00:00
[2025-06-13T14:37:32.841-0400] {processor.py:208} INFO - Processing /Users/pranavr/.pyenv/versions/3.11.6/lib/python3.11/site-packages/airflow/example_dags/example_workday_timetable.py took 486.960 seconds
[2025-06-13T14:39:00.875-0400] {processor.py:186} INFO - Started process (PID=11276) to work on /Users/pranavr/.pyenv/versions/3.11.6/lib/python3.11/site-packages/airflow/example_dags/example_workday_timetable.py
[2025-06-13T14:39:00.877-0400] {processor.py:914} INFO - Processing file /Users/pranavr/.pyenv/versions/3.11.6/lib/python3.11/site-packages/airflow/example_dags/example_workday_timetable.py for tasks to queue
[2025-06-13T14:39:00.878-0400] {logging_mixin.py:190} INFO - [2025-06-13T14:39:00.878-0400] {dagbag.py:588} INFO - Filling up the DagBag from /Users/pranavr/.pyenv/versions/3.11.6/lib/python3.11/site-packages/airflow/example_dags/example_workday_timetable.py
[2025-06-13T14:39:01.162-0400] {processor.py:925} INFO - DAG(s) 'example_workday_timetable' retrieved from /Users/pranavr/.pyenv/versions/3.11.6/lib/python3.11/site-packages/airflow/example_dags/example_workday_timetable.py
[2025-06-13T14:39:01.207-0400] {logging_mixin.py:190} INFO - [2025-06-13T14:39:01.206-0400] {dag.py:3239} INFO - Sync 1 DAGs
[2025-06-13T14:39:01.224-0400] {logging_mixin.py:190} INFO - [2025-06-13T14:39:01.224-0400] {dag.py:4180} INFO - Setting next_dagrun for example_workday_timetable to 2021-01-04T00:00:00+00:00, run_after=2021-01-05T00:00:00+00:00
[2025-06-13T14:39:01.274-0400] {processor.py:208} INFO - Processing /Users/pranavr/.pyenv/versions/3.11.6/lib/python3.11/site-packages/airflow/example_dags/example_workday_timetable.py took 400.701 seconds
[2025-06-13T14:40:20.990-0400] {processor.py:186} INFO - Started process (PID=11567) to work on /Users/pranavr/.pyenv/versions/3.11.6/lib/python3.11/site-packages/airflow/example_dags/example_workday_timetable.py
[2025-06-13T14:40:20.991-0400] {processor.py:914} INFO - Processing file /Users/pranavr/.pyenv/versions/3.11.6/lib/python3.11/site-packages/airflow/example_dags/example_workday_timetable.py for tasks to queue
[2025-06-13T14:40:20.992-0400] {logging_mixin.py:190} INFO - [2025-06-13T14:40:20.992-0400] {dagbag.py:588} INFO - Filling up the DagBag from /Users/pranavr/.pyenv/versions/3.11.6/lib/python3.11/site-packages/airflow/example_dags/example_workday_timetable.py
[2025-06-13T14:40:21.232-0400] {processor.py:925} INFO - DAG(s) 'example_workday_timetable' retrieved from /Users/pranavr/.pyenv/versions/3.11.6/lib/python3.11/site-packages/airflow/example_dags/example_workday_timetable.py
[2025-06-13T14:40:21.278-0400] {logging_mixin.py:190} INFO - [2025-06-13T14:40:21.278-0400] {dag.py:3239} INFO - Sync 1 DAGs
[2025-06-13T14:40:21.294-0400] {logging_mixin.py:190} INFO - [2025-06-13T14:40:21.294-0400] {dag.py:4180} INFO - Setting next_dagrun for example_workday_timetable to 2021-01-04T00:00:00+00:00, run_after=2021-01-05T00:00:00+00:00
[2025-06-13T14:40:21.341-0400] {processor.py:208} INFO - Processing /Users/pranavr/.pyenv/versions/3.11.6/lib/python3.11/site-packages/airflow/example_dags/example_workday_timetable.py took 352.250 seconds
[2025-06-13T14:41:38.508-0400] {processor.py:186} INFO - Started process (PID=11760) to work on /Users/pranavr/.pyenv/versions/3.11.6/lib/python3.11/site-packages/airflow/example_dags/example_workday_timetable.py
[2025-06-13T14:41:38.510-0400] {processor.py:914} INFO - Processing file /Users/pranavr/.pyenv/versions/3.11.6/lib/python3.11/site-packages/airflow/example_dags/example_workday_timetable.py for tasks to queue
[2025-06-13T14:41:38.511-0400] {logging_mixin.py:190} INFO - [2025-06-13T14:41:38.511-0400] {dagbag.py:588} INFO - Filling up the DagBag from /Users/pranavr/.pyenv/versions/3.11.6/lib/python3.11/site-packages/airflow/example_dags/example_workday_timetable.py
[2025-06-13T14:41:38.730-0400] {processor.py:925} INFO - DAG(s) 'example_workday_timetable' retrieved from /Users/pranavr/.pyenv/versions/3.11.6/lib/python3.11/site-packages/airflow/example_dags/example_workday_timetable.py
[2025-06-13T14:41:38.772-0400] {logging_mixin.py:190} INFO - [2025-06-13T14:41:38.772-0400] {dag.py:3239} INFO - Sync 1 DAGs
[2025-06-13T14:41:38.790-0400] {logging_mixin.py:190} INFO - [2025-06-13T14:41:38.790-0400] {dag.py:4180} INFO - Setting next_dagrun for example_workday_timetable to 2021-01-04T00:00:00+00:00, run_after=2021-01-05T00:00:00+00:00
[2025-06-13T14:41:38.835-0400] {processor.py:208} INFO - Processing /Users/pranavr/.pyenv/versions/3.11.6/lib/python3.11/site-packages/airflow/example_dags/example_workday_timetable.py took 328.573 seconds
[2025-06-13T14:42:51.973-0400] {processor.py:186} INFO - Started process (PID=11893) to work on /Users/pranavr/.pyenv/versions/3.11.6/lib/python3.11/site-packages/airflow/example_dags/example_workday_timetable.py
[2025-06-13T14:42:51.975-0400] {processor.py:914} INFO - Processing file /Users/pranavr/.pyenv/versions/3.11.6/lib/python3.11/site-packages/airflow/example_dags/example_workday_timetable.py for tasks to queue
[2025-06-13T14:42:51.976-0400] {logging_mixin.py:190} INFO - [2025-06-13T14:42:51.976-0400] {dagbag.py:588} INFO - Filling up the DagBag from /Users/pranavr/.pyenv/versions/3.11.6/lib/python3.11/site-packages/airflow/example_dags/example_workday_timetable.py
[2025-06-13T14:42:52.210-0400] {processor.py:925} INFO - DAG(s) 'example_workday_timetable' retrieved from /Users/pranavr/.pyenv/versions/3.11.6/lib/python3.11/site-packages/airflow/example_dags/example_workday_timetable.py
[2025-06-13T14:42:52.256-0400] {logging_mixin.py:190} INFO - [2025-06-13T14:42:52.256-0400] {dag.py:3239} INFO - Sync 1 DAGs
[2025-06-13T14:42:52.274-0400] {logging_mixin.py:190} INFO - [2025-06-13T14:42:52.274-0400] {dag.py:4180} INFO - Setting next_dagrun for example_workday_timetable to 2021-01-04T00:00:00+00:00, run_after=2021-01-05T00:00:00+00:00
[2025-06-13T14:42:52.320-0400] {processor.py:208} INFO - Processing /Users/pranavr/.pyenv/versions/3.11.6/lib/python3.11/site-packages/airflow/example_dags/example_workday_timetable.py took 347.449 seconds
[2025-06-13T14:44:03.411-0400] {processor.py:186} INFO - Started process (PID=12019) to work on /Users/pranavr/.pyenv/versions/3.11.6/lib/python3.11/site-packages/airflow/example_dags/example_workday_timetable.py
[2025-06-13T14:44:03.412-0400] {processor.py:914} INFO - Processing file /Users/pranavr/.pyenv/versions/3.11.6/lib/python3.11/site-packages/airflow/example_dags/example_workday_timetable.py for tasks to queue
[2025-06-13T14:44:03.413-0400] {logging_mixin.py:190} INFO - [2025-06-13T14:44:03.413-0400] {dagbag.py:588} INFO - Filling up the DagBag from /Users/pranavr/.pyenv/versions/3.11.6/lib/python3.11/site-packages/airflow/example_dags/example_workday_timetable.py
[2025-06-13T14:44:03.635-0400] {processor.py:925} INFO - DAG(s) 'example_workday_timetable' retrieved from /Users/pranavr/.pyenv/versions/3.11.6/lib/python3.11/site-packages/airflow/example_dags/example_workday_timetable.py
[2025-06-13T14:44:03.678-0400] {logging_mixin.py:190} INFO - [2025-06-13T14:44:03.678-0400] {dag.py:3239} INFO - Sync 1 DAGs
[2025-06-13T14:44:03.695-0400] {logging_mixin.py:190} INFO - [2025-06-13T14:44:03.695-0400] {dag.py:4180} INFO - Setting next_dagrun for example_workday_timetable to 2021-01-04T00:00:00+00:00, run_after=2021-01-05T00:00:00+00:00
[2025-06-13T14:44:03.740-0400] {processor.py:208} INFO - Processing /Users/pranavr/.pyenv/versions/3.11.6/lib/python3.11/site-packages/airflow/example_dags/example_workday_timetable.py took 330.105 seconds
[2025-06-13T14:45:19.386-0400] {processor.py:186} INFO - Started process (PID=12178) to work on /Users/pranavr/.pyenv/versions/3.11.6/lib/python3.11/site-packages/airflow/example_dags/example_workday_timetable.py
[2025-06-13T14:45:19.387-0400] {processor.py:914} INFO - Processing file /Users/pranavr/.pyenv/versions/3.11.6/lib/python3.11/site-packages/airflow/example_dags/example_workday_timetable.py for tasks to queue
[2025-06-13T14:45:19.388-0400] {logging_mixin.py:190} INFO - [2025-06-13T14:45:19.388-0400] {dagbag.py:588} INFO - Filling up the DagBag from /Users/pranavr/.pyenv/versions/3.11.6/lib/python3.11/site-packages/airflow/example_dags/example_workday_timetable.py
[2025-06-13T14:45:19.621-0400] {processor.py:925} INFO - DAG(s) 'example_workday_timetable' retrieved from /Users/pranavr/.pyenv/versions/3.11.6/lib/python3.11/site-packages/airflow/example_dags/example_workday_timetable.py
[2025-06-13T14:45:19.667-0400] {logging_mixin.py:190} INFO - [2025-06-13T14:45:19.666-0400] {dag.py:3239} INFO - Sync 1 DAGs
[2025-06-13T14:45:19.683-0400] {logging_mixin.py:190} INFO - [2025-06-13T14:45:19.683-0400] {dag.py:4180} INFO - Setting next_dagrun for example_workday_timetable to 2021-01-04T00:00:00+00:00, run_after=2021-01-05T00:00:00+00:00
[2025-06-13T14:45:19.728-0400] {processor.py:208} INFO - Processing /Users/pranavr/.pyenv/versions/3.11.6/lib/python3.11/site-packages/airflow/example_dags/example_workday_timetable.py took 343.957 seconds
[2025-06-13T14:46:30.930-0400] {processor.py:186} INFO - Started process (PID=12333) to work on /Users/pranavr/.pyenv/versions/3.11.6/lib/python3.11/site-packages/airflow/example_dags/example_workday_timetable.py
[2025-06-13T14:46:30.931-0400] {processor.py:914} INFO - Processing file /Users/pranavr/.pyenv/versions/3.11.6/lib/python3.11/site-packages/airflow/example_dags/example_workday_timetable.py for tasks to queue
[2025-06-13T14:46:30.932-0400] {logging_mixin.py:190} INFO - [2025-06-13T14:46:30.932-0400] {dagbag.py:588} INFO - Filling up the DagBag from /Users/pranavr/.pyenv/versions/3.11.6/lib/python3.11/site-packages/airflow/example_dags/example_workday_timetable.py
[2025-06-13T14:46:31.150-0400] {processor.py:925} INFO - DAG(s) 'example_workday_timetable' retrieved from /Users/pranavr/.pyenv/versions/3.11.6/lib/python3.11/site-packages/airflow/example_dags/example_workday_timetable.py
[2025-06-13T14:46:31.192-0400] {logging_mixin.py:190} INFO - [2025-06-13T14:46:31.192-0400] {dag.py:3239} INFO - Sync 1 DAGs
[2025-06-13T14:46:31.207-0400] {logging_mixin.py:190} INFO - [2025-06-13T14:46:31.207-0400] {dag.py:4180} INFO - Setting next_dagrun for example_workday_timetable to 2021-01-04T00:00:00+00:00, run_after=2021-01-05T00:00:00+00:00
[2025-06-13T14:46:31.249-0400] {processor.py:208} INFO - Processing /Users/pranavr/.pyenv/versions/3.11.6/lib/python3.11/site-packages/airflow/example_dags/example_workday_timetable.py took 320.205 seconds
[2025-06-13T14:47:41.253-0400] {processor.py:186} INFO - Started process (PID=12421) to work on /Users/pranavr/.pyenv/versions/3.11.6/lib/python3.11/site-packages/airflow/example_dags/example_workday_timetable.py
[2025-06-13T14:47:41.255-0400] {processor.py:914} INFO - Processing file /Users/pranavr/.pyenv/versions/3.11.6/lib/python3.11/site-packages/airflow/example_dags/example_workday_timetable.py for tasks to queue
[2025-06-13T14:47:41.256-0400] {logging_mixin.py:190} INFO - [2025-06-13T14:47:41.255-0400] {dagbag.py:588} INFO - Filling up the DagBag from /Users/pranavr/.pyenv/versions/3.11.6/lib/python3.11/site-packages/airflow/example_dags/example_workday_timetable.py
[2025-06-13T14:47:41.475-0400] {processor.py:925} INFO - DAG(s) 'example_workday_timetable' retrieved from /Users/pranavr/.pyenv/versions/3.11.6/lib/python3.11/site-packages/airflow/example_dags/example_workday_timetable.py
[2025-06-13T14:47:41.516-0400] {logging_mixin.py:190} INFO - [2025-06-13T14:47:41.516-0400] {dag.py:3239} INFO - Sync 1 DAGs
[2025-06-13T14:47:41.531-0400] {logging_mixin.py:190} INFO - [2025-06-13T14:47:41.531-0400] {dag.py:4180} INFO - Setting next_dagrun for example_workday_timetable to 2021-01-04T00:00:00+00:00, run_after=2021-01-05T00:00:00+00:00
[2025-06-13T14:47:41.578-0400] {processor.py:208} INFO - Processing /Users/pranavr/.pyenv/versions/3.11.6/lib/python3.11/site-packages/airflow/example_dags/example_workday_timetable.py took 325.314 seconds
[2025-06-13T14:48:59.422-0400] {processor.py:186} INFO - Started process (PID=12533) to work on /Users/pranavr/.pyenv/versions/3.11.6/lib/python3.11/site-packages/airflow/example_dags/example_workday_timetable.py
[2025-06-13T14:48:59.424-0400] {processor.py:914} INFO - Processing file /Users/pranavr/.pyenv/versions/3.11.6/lib/python3.11/site-packages/airflow/example_dags/example_workday_timetable.py for tasks to queue
[2025-06-13T14:48:59.424-0400] {logging_mixin.py:190} INFO - [2025-06-13T14:48:59.424-0400] {dagbag.py:588} INFO - Filling up the DagBag from /Users/pranavr/.pyenv/versions/3.11.6/lib/python3.11/site-packages/airflow/example_dags/example_workday_timetable.py
[2025-06-13T14:48:59.660-0400] {processor.py:925} INFO - DAG(s) 'example_workday_timetable' retrieved from /Users/pranavr/.pyenv/versions/3.11.6/lib/python3.11/site-packages/airflow/example_dags/example_workday_timetable.py
[2025-06-13T14:48:59.703-0400] {logging_mixin.py:190} INFO - [2025-06-13T14:48:59.703-0400] {dag.py:3239} INFO - Sync 1 DAGs
[2025-06-13T14:48:59.720-0400] {logging_mixin.py:190} INFO - [2025-06-13T14:48:59.720-0400] {dag.py:4180} INFO - Setting next_dagrun for example_workday_timetable to 2021-01-04T00:00:00+00:00, run_after=2021-01-05T00:00:00+00:00
[2025-06-13T14:48:59.766-0400] {processor.py:208} INFO - Processing /Users/pranavr/.pyenv/versions/3.11.6/lib/python3.11/site-packages/airflow/example_dags/example_workday_timetable.py took 345.471 seconds
[2025-06-13T14:50:12.556-0400] {processor.py:186} INFO - Started process (PID=12686) to work on /Users/pranavr/.pyenv/versions/3.11.6/lib/python3.11/site-packages/airflow/example_dags/example_workday_timetable.py
[2025-06-13T14:50:12.558-0400] {processor.py:914} INFO - Processing file /Users/pranavr/.pyenv/versions/3.11.6/lib/python3.11/site-packages/airflow/example_dags/example_workday_timetable.py for tasks to queue
[2025-06-13T14:50:12.558-0400] {logging_mixin.py:190} INFO - [2025-06-13T14:50:12.558-0400] {dagbag.py:588} INFO - Filling up the DagBag from /Users/pranavr/.pyenv/versions/3.11.6/lib/python3.11/site-packages/airflow/example_dags/example_workday_timetable.py
[2025-06-13T14:50:12.781-0400] {processor.py:925} INFO - DAG(s) 'example_workday_timetable' retrieved from /Users/pranavr/.pyenv/versions/3.11.6/lib/python3.11/site-packages/airflow/example_dags/example_workday_timetable.py
[2025-06-13T14:50:12.824-0400] {logging_mixin.py:190} INFO - [2025-06-13T14:50:12.824-0400] {dag.py:3239} INFO - Sync 1 DAGs
[2025-06-13T14:50:12.841-0400] {logging_mixin.py:190} INFO - [2025-06-13T14:50:12.841-0400] {dag.py:4180} INFO - Setting next_dagrun for example_workday_timetable to 2021-01-04T00:00:00+00:00, run_after=2021-01-05T00:00:00+00:00
[2025-06-13T14:50:12.886-0400] {processor.py:208} INFO - Processing /Users/pranavr/.pyenv/versions/3.11.6/lib/python3.11/site-packages/airflow/example_dags/example_workday_timetable.py took 331.839 seconds
[2025-06-13T14:51:25.503-0400] {processor.py:186} INFO - Started process (PID=12801) to work on /Users/pranavr/.pyenv/versions/3.11.6/lib/python3.11/site-packages/airflow/example_dags/example_workday_timetable.py
[2025-06-13T14:51:25.506-0400] {processor.py:914} INFO - Processing file /Users/pranavr/.pyenv/versions/3.11.6/lib/python3.11/site-packages/airflow/example_dags/example_workday_timetable.py for tasks to queue
[2025-06-13T14:51:25.507-0400] {logging_mixin.py:190} INFO - [2025-06-13T14:51:25.507-0400] {dagbag.py:588} INFO - Filling up the DagBag from /Users/pranavr/.pyenv/versions/3.11.6/lib/python3.11/site-packages/airflow/example_dags/example_workday_timetable.py
[2025-06-13T14:51:25.834-0400] {processor.py:925} INFO - DAG(s) 'example_workday_timetable' retrieved from /Users/pranavr/.pyenv/versions/3.11.6/lib/python3.11/site-packages/airflow/example_dags/example_workday_timetable.py
[2025-06-13T14:51:25.878-0400] {logging_mixin.py:190} INFO - [2025-06-13T14:51:25.878-0400] {dag.py:3239} INFO - Sync 1 DAGs
[2025-06-13T14:51:25.894-0400] {logging_mixin.py:190} INFO - [2025-06-13T14:51:25.894-0400] {dag.py:4180} INFO - Setting next_dagrun for example_workday_timetable to 2021-01-04T00:00:00+00:00, run_after=2021-01-05T00:00:00+00:00
[2025-06-13T14:51:25.942-0400] {processor.py:208} INFO - Processing /Users/pranavr/.pyenv/versions/3.11.6/lib/python3.11/site-packages/airflow/example_dags/example_workday_timetable.py took 440.325 seconds
[2025-06-13T14:52:41.284-0400] {processor.py:186} INFO - Started process (PID=14031) to work on /Users/pranavr/.pyenv/versions/3.11.6/lib/python3.11/site-packages/airflow/example_dags/example_workday_timetable.py
[2025-06-13T14:52:41.287-0400] {processor.py:914} INFO - Processing file /Users/pranavr/.pyenv/versions/3.11.6/lib/python3.11/site-packages/airflow/example_dags/example_workday_timetable.py for tasks to queue
[2025-06-13T14:52:41.287-0400] {logging_mixin.py:190} INFO - [2025-06-13T14:52:41.287-0400] {dagbag.py:588} INFO - Filling up the DagBag from /Users/pranavr/.pyenv/versions/3.11.6/lib/python3.11/site-packages/airflow/example_dags/example_workday_timetable.py
[2025-06-13T14:52:41.506-0400] {processor.py:925} INFO - DAG(s) 'example_workday_timetable' retrieved from /Users/pranavr/.pyenv/versions/3.11.6/lib/python3.11/site-packages/airflow/example_dags/example_workday_timetable.py
[2025-06-13T14:52:41.548-0400] {logging_mixin.py:190} INFO - [2025-06-13T14:52:41.548-0400] {dag.py:3239} INFO - Sync 1 DAGs
[2025-06-13T14:52:41.565-0400] {logging_mixin.py:190} INFO - [2025-06-13T14:52:41.565-0400] {dag.py:4180} INFO - Setting next_dagrun for example_workday_timetable to 2021-01-04T00:00:00+00:00, run_after=2021-01-05T00:00:00+00:00
[2025-06-13T14:52:41.606-0400] {processor.py:208} INFO - Processing /Users/pranavr/.pyenv/versions/3.11.6/lib/python3.11/site-packages/airflow/example_dags/example_workday_timetable.py took 323.183 seconds
[2025-06-13T14:53:54.458-0400] {processor.py:186} INFO - Started process (PID=14122) to work on /Users/pranavr/.pyenv/versions/3.11.6/lib/python3.11/site-packages/airflow/example_dags/example_workday_timetable.py
[2025-06-13T14:53:54.460-0400] {processor.py:914} INFO - Processing file /Users/pranavr/.pyenv/versions/3.11.6/lib/python3.11/site-packages/airflow/example_dags/example_workday_timetable.py for tasks to queue
[2025-06-13T14:53:54.460-0400] {logging_mixin.py:190} INFO - [2025-06-13T14:53:54.460-0400] {dagbag.py:588} INFO - Filling up the DagBag from /Users/pranavr/.pyenv/versions/3.11.6/lib/python3.11/site-packages/airflow/example_dags/example_workday_timetable.py
[2025-06-13T14:53:54.677-0400] {processor.py:925} INFO - DAG(s) 'example_workday_timetable' retrieved from /Users/pranavr/.pyenv/versions/3.11.6/lib/python3.11/site-packages/airflow/example_dags/example_workday_timetable.py
[2025-06-13T14:53:54.720-0400] {logging_mixin.py:190} INFO - [2025-06-13T14:53:54.720-0400] {dag.py:3239} INFO - Sync 1 DAGs
[2025-06-13T14:53:54.738-0400] {logging_mixin.py:190} INFO - [2025-06-13T14:53:54.738-0400] {dag.py:4180} INFO - Setting next_dagrun for example_workday_timetable to 2021-01-04T00:00:00+00:00, run_after=2021-01-05T00:00:00+00:00
[2025-06-13T14:53:54.781-0400] {processor.py:208} INFO - Processing /Users/pranavr/.pyenv/versions/3.11.6/lib/python3.11/site-packages/airflow/example_dags/example_workday_timetable.py took 324.399 seconds
[2025-06-13T14:55:13.086-0400] {processor.py:186} INFO - Started process (PID=14238) to work on /Users/pranavr/.pyenv/versions/3.11.6/lib/python3.11/site-packages/airflow/example_dags/example_workday_timetable.py
[2025-06-13T14:55:13.088-0400] {processor.py:914} INFO - Processing file /Users/pranavr/.pyenv/versions/3.11.6/lib/python3.11/site-packages/airflow/example_dags/example_workday_timetable.py for tasks to queue
[2025-06-13T14:55:13.089-0400] {logging_mixin.py:190} INFO - [2025-06-13T14:55:13.088-0400] {dagbag.py:588} INFO - Filling up the DagBag from /Users/pranavr/.pyenv/versions/3.11.6/lib/python3.11/site-packages/airflow/example_dags/example_workday_timetable.py
[2025-06-13T14:55:13.313-0400] {processor.py:925} INFO - DAG(s) 'example_workday_timetable' retrieved from /Users/pranavr/.pyenv/versions/3.11.6/lib/python3.11/site-packages/airflow/example_dags/example_workday_timetable.py
[2025-06-13T14:55:13.356-0400] {logging_mixin.py:190} INFO - [2025-06-13T14:55:13.356-0400] {dag.py:3239} INFO - Sync 1 DAGs
[2025-06-13T14:55:13.372-0400] {logging_mixin.py:190} INFO - [2025-06-13T14:55:13.372-0400] {dag.py:4180} INFO - Setting next_dagrun for example_workday_timetable to 2021-01-04T00:00:00+00:00, run_after=2021-01-05T00:00:00+00:00
[2025-06-13T14:55:13.415-0400] {processor.py:208} INFO - Processing /Users/pranavr/.pyenv/versions/3.11.6/lib/python3.11/site-packages/airflow/example_dags/example_workday_timetable.py took 330.306 seconds
[2025-06-13T14:56:30.003-0400] {processor.py:186} INFO - Started process (PID=14388) to work on /Users/pranavr/.pyenv/versions/3.11.6/lib/python3.11/site-packages/airflow/example_dags/example_workday_timetable.py
[2025-06-13T14:56:30.005-0400] {processor.py:914} INFO - Processing file /Users/pranavr/.pyenv/versions/3.11.6/lib/python3.11/site-packages/airflow/example_dags/example_workday_timetable.py for tasks to queue
[2025-06-13T14:56:30.006-0400] {logging_mixin.py:190} INFO - [2025-06-13T14:56:30.006-0400] {dagbag.py:588} INFO - Filling up the DagBag from /Users/pranavr/.pyenv/versions/3.11.6/lib/python3.11/site-packages/airflow/example_dags/example_workday_timetable.py
[2025-06-13T14:56:30.232-0400] {processor.py:925} INFO - DAG(s) 'example_workday_timetable' retrieved from /Users/pranavr/.pyenv/versions/3.11.6/lib/python3.11/site-packages/airflow/example_dags/example_workday_timetable.py
[2025-06-13T14:56:30.273-0400] {logging_mixin.py:190} INFO - [2025-06-13T14:56:30.273-0400] {dag.py:3239} INFO - Sync 1 DAGs
[2025-06-13T14:56:30.289-0400] {logging_mixin.py:190} INFO - [2025-06-13T14:56:30.289-0400] {dag.py:4180} INFO - Setting next_dagrun for example_workday_timetable to 2021-01-04T00:00:00+00:00, run_after=2021-01-05T00:00:00+00:00
[2025-06-13T14:56:30.331-0400] {processor.py:208} INFO - Processing /Users/pranavr/.pyenv/versions/3.11.6/lib/python3.11/site-packages/airflow/example_dags/example_workday_timetable.py took 329.194 seconds
[2025-06-13T14:57:44.933-0400] {processor.py:186} INFO - Started process (PID=14575) to work on /Users/pranavr/.pyenv/versions/3.11.6/lib/python3.11/site-packages/airflow/example_dags/example_workday_timetable.py
[2025-06-13T14:57:44.935-0400] {processor.py:914} INFO - Processing file /Users/pranavr/.pyenv/versions/3.11.6/lib/python3.11/site-packages/airflow/example_dags/example_workday_timetable.py for tasks to queue
[2025-06-13T14:57:44.936-0400] {logging_mixin.py:190} INFO - [2025-06-13T14:57:44.935-0400] {dagbag.py:588} INFO - Filling up the DagBag from /Users/pranavr/.pyenv/versions/3.11.6/lib/python3.11/site-packages/airflow/example_dags/example_workday_timetable.py
[2025-06-13T14:57:45.337-0400] {processor.py:925} INFO - DAG(s) 'example_workday_timetable' retrieved from /Users/pranavr/.pyenv/versions/3.11.6/lib/python3.11/site-packages/airflow/example_dags/example_workday_timetable.py
[2025-06-13T14:57:45.392-0400] {logging_mixin.py:190} INFO - [2025-06-13T14:57:45.392-0400] {dag.py:3239} INFO - Sync 1 DAGs
[2025-06-13T14:57:45.413-0400] {logging_mixin.py:190} INFO - [2025-06-13T14:57:45.412-0400] {dag.py:4180} INFO - Setting next_dagrun for example_workday_timetable to 2021-01-04T00:00:00+00:00, run_after=2021-01-05T00:00:00+00:00
[2025-06-13T14:57:45.483-0400] {processor.py:208} INFO - Processing /Users/pranavr/.pyenv/versions/3.11.6/lib/python3.11/site-packages/airflow/example_dags/example_workday_timetable.py took 551.466 seconds
[2025-06-13T14:59:10.220-0400] {processor.py:186} INFO - Started process (PID=14740) to work on /Users/pranavr/.pyenv/versions/3.11.6/lib/python3.11/site-packages/airflow/example_dags/example_workday_timetable.py
[2025-06-13T14:59:10.222-0400] {processor.py:914} INFO - Processing file /Users/pranavr/.pyenv/versions/3.11.6/lib/python3.11/site-packages/airflow/example_dags/example_workday_timetable.py for tasks to queue
[2025-06-13T14:59:10.223-0400] {logging_mixin.py:190} INFO - [2025-06-13T14:59:10.223-0400] {dagbag.py:588} INFO - Filling up the DagBag from /Users/pranavr/.pyenv/versions/3.11.6/lib/python3.11/site-packages/airflow/example_dags/example_workday_timetable.py
[2025-06-13T14:59:10.655-0400] {processor.py:925} INFO - DAG(s) 'example_workday_timetable' retrieved from /Users/pranavr/.pyenv/versions/3.11.6/lib/python3.11/site-packages/airflow/example_dags/example_workday_timetable.py
[2025-06-13T14:59:10.700-0400] {logging_mixin.py:190} INFO - [2025-06-13T14:59:10.700-0400] {dag.py:3239} INFO - Sync 1 DAGs
[2025-06-13T14:59:10.720-0400] {logging_mixin.py:190} INFO - [2025-06-13T14:59:10.720-0400] {dag.py:4180} INFO - Setting next_dagrun for example_workday_timetable to 2021-01-04T00:00:00+00:00, run_after=2021-01-05T00:00:00+00:00
[2025-06-13T14:59:10.768-0400] {processor.py:208} INFO - Processing /Users/pranavr/.pyenv/versions/3.11.6/lib/python3.11/site-packages/airflow/example_dags/example_workday_timetable.py took 548.900 seconds
[2025-06-13T15:00:40.623-0400] {processor.py:186} INFO - Started process (PID=15068) to work on /Users/pranavr/.pyenv/versions/3.11.6/lib/python3.11/site-packages/airflow/example_dags/example_workday_timetable.py
[2025-06-13T15:00:40.625-0400] {processor.py:914} INFO - Processing file /Users/pranavr/.pyenv/versions/3.11.6/lib/python3.11/site-packages/airflow/example_dags/example_workday_timetable.py for tasks to queue
[2025-06-13T15:00:40.626-0400] {logging_mixin.py:190} INFO - [2025-06-13T15:00:40.626-0400] {dagbag.py:588} INFO - Filling up the DagBag from /Users/pranavr/.pyenv/versions/3.11.6/lib/python3.11/site-packages/airflow/example_dags/example_workday_timetable.py
[2025-06-13T15:00:40.882-0400] {processor.py:925} INFO - DAG(s) 'example_workday_timetable' retrieved from /Users/pranavr/.pyenv/versions/3.11.6/lib/python3.11/site-packages/airflow/example_dags/example_workday_timetable.py
[2025-06-13T15:00:40.927-0400] {logging_mixin.py:190} INFO - [2025-06-13T15:00:40.926-0400] {dag.py:3239} INFO - Sync 1 DAGs
[2025-06-13T15:00:40.951-0400] {logging_mixin.py:190} INFO - [2025-06-13T15:00:40.951-0400] {dag.py:4180} INFO - Setting next_dagrun for example_workday_timetable to 2021-01-04T00:00:00+00:00, run_after=2021-01-05T00:00:00+00:00
[2025-06-13T15:00:41.002-0400] {processor.py:208} INFO - Processing /Users/pranavr/.pyenv/versions/3.11.6/lib/python3.11/site-packages/airflow/example_dags/example_workday_timetable.py took 379.678 seconds
