[2025-06-13T14:10:51.926-0400] {processor.py:153} INFO - Started process (PID=97191) to work on /Users/pranavr/drift-retrainer/venv311/lib/python3.11/site-packages/airflow/example_dags/example_bash_operator.py
[2025-06-13T14:10:51.928-0400] {processor.py:743} INFO - Processing file /Users/pranavr/drift-retrainer/venv311/lib/python3.11/site-packages/airflow/example_dags/example_bash_operator.py for tasks to queue
[2025-06-13T14:10:51.928-0400] {logging_mixin.py:137} INFO - [2025-06-13T14:10:51.928-0400] {dagbag.py:538} INFO - Filling up the DagBag from /Users/pranavr/drift-retrainer/venv311/lib/python3.11/site-packages/airflow/example_dags/example_bash_operator.py
[2025-06-13T14:10:51.961-0400] {processor.py:753} INFO - DAG(s) dict_keys(['example_bash_operator']) retrieved from /Users/pranavr/drift-retrainer/venv311/lib/python3.11/site-packages/airflow/example_dags/example_bash_operator.py
[2025-06-13T14:10:52.458-0400] {logging_mixin.py:137} INFO - [2025-06-13T14:10:52.458-0400] {manager.py:504} INFO - Created Permission View: can read on DAG:example_bash_operator
[2025-06-13T14:10:52.461-0400] {logging_mixin.py:137} INFO - [2025-06-13T14:10:52.461-0400] {manager.py:504} INFO - Created Permission View: can delete on DAG:example_bash_operator
[2025-06-13T14:10:52.464-0400] {logging_mixin.py:137} INFO - [2025-06-13T14:10:52.464-0400] {manager.py:504} INFO - Created Permission View: can edit on DAG:example_bash_operator
[2025-06-13T14:10:52.464-0400] {logging_mixin.py:137} INFO - [2025-06-13T14:10:52.464-0400] {dag.py:2690} INFO - Sync 1 DAGs
[2025-06-13T14:10:52.468-0400] {logging_mixin.py:137} INFO - [2025-06-13T14:10:52.468-0400] {dag.py:2711} INFO - Creating ORM DAG for example_bash_operator
[2025-06-13T14:10:52.472-0400] {logging_mixin.py:137} INFO - [2025-06-13T14:10:52.472-0400] {dag.py:3437} INFO - Setting next_dagrun for example_bash_operator to 2025-06-12T00:00:00+00:00, run_after=2025-06-13T00:00:00+00:00
[2025-06-13T14:10:52.481-0400] {processor.py:175} INFO - Processing /Users/pranavr/drift-retrainer/venv311/lib/python3.11/site-packages/airflow/example_dags/example_bash_operator.py took 0.555 seconds
[2025-06-13T14:12:48.552-0400] {processor.py:153} INFO - Started process (PID=97745) to work on /Users/pranavr/drift-retrainer/venv311/lib/python3.11/site-packages/airflow/example_dags/example_bash_operator.py
[2025-06-13T14:12:48.554-0400] {processor.py:743} INFO - Processing file /Users/pranavr/drift-retrainer/venv311/lib/python3.11/site-packages/airflow/example_dags/example_bash_operator.py for tasks to queue
[2025-06-13T14:12:48.554-0400] {logging_mixin.py:137} INFO - [2025-06-13T14:12:48.554-0400] {dagbag.py:538} INFO - Filling up the DagBag from /Users/pranavr/drift-retrainer/venv311/lib/python3.11/site-packages/airflow/example_dags/example_bash_operator.py
[2025-06-13T14:12:48.617-0400] {processor.py:753} INFO - DAG(s) dict_keys(['example_bash_operator']) retrieved from /Users/pranavr/drift-retrainer/venv311/lib/python3.11/site-packages/airflow/example_dags/example_bash_operator.py
[2025-06-13T14:12:49.102-0400] {logging_mixin.py:137} INFO - [2025-06-13T14:12:49.102-0400] {dag.py:2690} INFO - Sync 1 DAGs
[2025-06-13T14:12:49.110-0400] {logging_mixin.py:137} INFO - [2025-06-13T14:12:49.110-0400] {dag.py:3437} INFO - Setting next_dagrun for example_bash_operator to 2025-06-12T00:00:00+00:00, run_after=2025-06-13T00:00:00+00:00
[2025-06-13T14:12:49.118-0400] {processor.py:175} INFO - Processing /Users/pranavr/drift-retrainer/venv311/lib/python3.11/site-packages/airflow/example_dags/example_bash_operator.py took 0.566 seconds
[2025-06-13T14:14:37.296-0400] {processor.py:153} INFO - Started process (PID=798) to work on /Users/pranavr/drift-retrainer/venv311/lib/python3.11/site-packages/airflow/example_dags/example_bash_operator.py
[2025-06-13T14:14:37.298-0400] {processor.py:743} INFO - Processing file /Users/pranavr/drift-retrainer/venv311/lib/python3.11/site-packages/airflow/example_dags/example_bash_operator.py for tasks to queue
[2025-06-13T14:14:37.298-0400] {logging_mixin.py:137} INFO - [2025-06-13T14:14:37.298-0400] {dagbag.py:538} INFO - Filling up the DagBag from /Users/pranavr/drift-retrainer/venv311/lib/python3.11/site-packages/airflow/example_dags/example_bash_operator.py
[2025-06-13T14:14:37.349-0400] {processor.py:753} INFO - DAG(s) dict_keys(['example_bash_operator']) retrieved from /Users/pranavr/drift-retrainer/venv311/lib/python3.11/site-packages/airflow/example_dags/example_bash_operator.py
[2025-06-13T14:14:37.774-0400] {logging_mixin.py:137} INFO - [2025-06-13T14:14:37.773-0400] {dag.py:2690} INFO - Sync 1 DAGs
[2025-06-13T14:14:37.781-0400] {logging_mixin.py:137} INFO - [2025-06-13T14:14:37.780-0400] {dag.py:3437} INFO - Setting next_dagrun for example_bash_operator to 2025-06-12T00:00:00+00:00, run_after=2025-06-13T00:00:00+00:00
[2025-06-13T14:14:37.788-0400] {processor.py:175} INFO - Processing /Users/pranavr/drift-retrainer/venv311/lib/python3.11/site-packages/airflow/example_dags/example_bash_operator.py took 0.493 seconds
[2025-06-13T14:16:34.427-0400] {processor.py:153} INFO - Started process (PID=3562) to work on /Users/pranavr/drift-retrainer/venv311/lib/python3.11/site-packages/airflow/example_dags/example_bash_operator.py
[2025-06-13T14:16:34.429-0400] {processor.py:743} INFO - Processing file /Users/pranavr/drift-retrainer/venv311/lib/python3.11/site-packages/airflow/example_dags/example_bash_operator.py for tasks to queue
[2025-06-13T14:16:34.429-0400] {logging_mixin.py:137} INFO - [2025-06-13T14:16:34.429-0400] {dagbag.py:538} INFO - Filling up the DagBag from /Users/pranavr/drift-retrainer/venv311/lib/python3.11/site-packages/airflow/example_dags/example_bash_operator.py
[2025-06-13T14:16:34.480-0400] {processor.py:753} INFO - DAG(s) dict_keys(['example_bash_operator']) retrieved from /Users/pranavr/drift-retrainer/venv311/lib/python3.11/site-packages/airflow/example_dags/example_bash_operator.py
[2025-06-13T14:16:34.916-0400] {logging_mixin.py:137} INFO - [2025-06-13T14:16:34.916-0400] {dag.py:2690} INFO - Sync 1 DAGs
[2025-06-13T14:16:34.924-0400] {logging_mixin.py:137} INFO - [2025-06-13T14:16:34.924-0400] {dag.py:3437} INFO - Setting next_dagrun for example_bash_operator to 2025-06-12T00:00:00+00:00, run_after=2025-06-13T00:00:00+00:00
[2025-06-13T14:16:34.933-0400] {processor.py:175} INFO - Processing /Users/pranavr/drift-retrainer/venv311/lib/python3.11/site-packages/airflow/example_dags/example_bash_operator.py took 0.507 seconds
[2025-06-13T14:18:28.424-0400] {processor.py:153} INFO - Started process (PID=6328) to work on /Users/pranavr/drift-retrainer/venv311/lib/python3.11/site-packages/airflow/example_dags/example_bash_operator.py
[2025-06-13T14:18:28.426-0400] {processor.py:743} INFO - Processing file /Users/pranavr/drift-retrainer/venv311/lib/python3.11/site-packages/airflow/example_dags/example_bash_operator.py for tasks to queue
[2025-06-13T14:18:28.426-0400] {logging_mixin.py:137} INFO - [2025-06-13T14:18:28.426-0400] {dagbag.py:538} INFO - Filling up the DagBag from /Users/pranavr/drift-retrainer/venv311/lib/python3.11/site-packages/airflow/example_dags/example_bash_operator.py
[2025-06-13T14:18:28.487-0400] {processor.py:753} INFO - DAG(s) dict_keys(['example_bash_operator']) retrieved from /Users/pranavr/drift-retrainer/venv311/lib/python3.11/site-packages/airflow/example_dags/example_bash_operator.py
[2025-06-13T14:18:29.032-0400] {logging_mixin.py:137} INFO - [2025-06-13T14:18:29.032-0400] {dag.py:2690} INFO - Sync 1 DAGs
[2025-06-13T14:18:29.040-0400] {logging_mixin.py:137} INFO - [2025-06-13T14:18:29.040-0400] {dag.py:3437} INFO - Setting next_dagrun for example_bash_operator to 2025-06-12T00:00:00+00:00, run_after=2025-06-13T00:00:00+00:00
[2025-06-13T14:18:29.048-0400] {processor.py:175} INFO - Processing /Users/pranavr/drift-retrainer/venv311/lib/python3.11/site-packages/airflow/example_dags/example_bash_operator.py took 0.637 seconds
[2025-06-13T14:20:33.396-0400] {processor.py:153} INFO - Started process (PID=6712) to work on /Users/pranavr/drift-retrainer/venv311/lib/python3.11/site-packages/airflow/example_dags/example_bash_operator.py
[2025-06-13T14:20:33.405-0400] {processor.py:743} INFO - Processing file /Users/pranavr/drift-retrainer/venv311/lib/python3.11/site-packages/airflow/example_dags/example_bash_operator.py for tasks to queue
[2025-06-13T14:20:33.408-0400] {logging_mixin.py:137} INFO - [2025-06-13T14:20:33.408-0400] {dagbag.py:538} INFO - Filling up the DagBag from /Users/pranavr/drift-retrainer/venv311/lib/python3.11/site-packages/airflow/example_dags/example_bash_operator.py
[2025-06-13T14:20:33.451-0400] {processor.py:753} INFO - DAG(s) dict_keys(['example_bash_operator']) retrieved from /Users/pranavr/drift-retrainer/venv311/lib/python3.11/site-packages/airflow/example_dags/example_bash_operator.py
[2025-06-13T14:20:33.526-0400] {logging_mixin.py:137} INFO - [2025-06-13T14:20:33.526-0400] {dag.py:2690} INFO - Sync 1 DAGs
[2025-06-13T14:20:34.352-0400] {logging_mixin.py:137} INFO - [2025-06-13T14:20:34.351-0400] {dag.py:3437} INFO - Setting next_dagrun for example_bash_operator to 2025-06-12T00:00:00+00:00, run_after=2025-06-13T00:00:00+00:00
[2025-06-13T14:20:34.411-0400] {processor.py:175} INFO - Processing /Users/pranavr/drift-retrainer/venv311/lib/python3.11/site-packages/airflow/example_dags/example_bash_operator.py took 1.015 seconds
[2025-06-13T14:23:16.773-0400] {processor.py:186} INFO - Started process (PID=7810) to work on /Users/pranavr/.pyenv/versions/3.11.6/lib/python3.11/site-packages/airflow/example_dags/example_bash_operator.py
[2025-06-13T14:23:16.775-0400] {processor.py:914} INFO - Processing file /Users/pranavr/.pyenv/versions/3.11.6/lib/python3.11/site-packages/airflow/example_dags/example_bash_operator.py for tasks to queue
[2025-06-13T14:23:16.777-0400] {logging_mixin.py:190} INFO - [2025-06-13T14:23:16.777-0400] {dagbag.py:588} INFO - Filling up the DagBag from /Users/pranavr/.pyenv/versions/3.11.6/lib/python3.11/site-packages/airflow/example_dags/example_bash_operator.py
[2025-06-13T14:23:16.789-0400] {processor.py:925} INFO - DAG(s) 'example_bash_operator' retrieved from /Users/pranavr/.pyenv/versions/3.11.6/lib/python3.11/site-packages/airflow/example_dags/example_bash_operator.py
[2025-06-13T14:23:16.921-0400] {logging_mixin.py:190} INFO - [2025-06-13T14:23:16.920-0400] {dag.py:3239} INFO - Sync 1 DAGs
[2025-06-13T14:23:16.929-0400] {logging_mixin.py:190} INFO - [2025-06-13T14:23:16.929-0400] {dag.py:4180} INFO - Setting next_dagrun for example_bash_operator to 2025-06-12T00:00:00+00:00, run_after=2025-06-13T00:00:00+00:00
[2025-06-13T14:23:16.937-0400] {processor.py:208} INFO - Processing /Users/pranavr/.pyenv/versions/3.11.6/lib/python3.11/site-packages/airflow/example_dags/example_bash_operator.py took 165.668 seconds
[2025-06-13T14:26:20.014-0400] {processor.py:186} INFO - Started process (PID=8053) to work on /Users/pranavr/.pyenv/versions/3.11.6/lib/python3.11/site-packages/airflow/example_dags/example_bash_operator.py
[2025-06-13T14:26:20.017-0400] {processor.py:914} INFO - Processing file /Users/pranavr/.pyenv/versions/3.11.6/lib/python3.11/site-packages/airflow/example_dags/example_bash_operator.py for tasks to queue
[2025-06-13T14:26:20.018-0400] {logging_mixin.py:190} INFO - [2025-06-13T14:26:20.018-0400] {dagbag.py:588} INFO - Filling up the DagBag from /Users/pranavr/.pyenv/versions/3.11.6/lib/python3.11/site-packages/airflow/example_dags/example_bash_operator.py
[2025-06-13T14:26:20.027-0400] {processor.py:925} INFO - DAG(s) 'example_bash_operator' retrieved from /Users/pranavr/.pyenv/versions/3.11.6/lib/python3.11/site-packages/airflow/example_dags/example_bash_operator.py
[2025-06-13T14:26:20.118-0400] {logging_mixin.py:190} INFO - [2025-06-13T14:26:20.118-0400] {dag.py:3239} INFO - Sync 1 DAGs
[2025-06-13T14:26:20.128-0400] {logging_mixin.py:190} INFO - [2025-06-13T14:26:20.127-0400] {dag.py:4180} INFO - Setting next_dagrun for example_bash_operator to 2025-06-12T00:00:00+00:00, run_after=2025-06-13T00:00:00+00:00
[2025-06-13T14:26:20.139-0400] {processor.py:208} INFO - Processing /Users/pranavr/.pyenv/versions/3.11.6/lib/python3.11/site-packages/airflow/example_dags/example_bash_operator.py took 126.342 seconds
[2025-06-13T14:29:24.170-0400] {processor.py:186} INFO - Started process (PID=8875) to work on /Users/pranavr/.pyenv/versions/3.11.6/lib/python3.11/site-packages/airflow/example_dags/example_bash_operator.py
[2025-06-13T14:29:24.175-0400] {processor.py:914} INFO - Processing file /Users/pranavr/.pyenv/versions/3.11.6/lib/python3.11/site-packages/airflow/example_dags/example_bash_operator.py for tasks to queue
[2025-06-13T14:29:24.176-0400] {logging_mixin.py:190} INFO - [2025-06-13T14:29:24.176-0400] {dagbag.py:588} INFO - Filling up the DagBag from /Users/pranavr/.pyenv/versions/3.11.6/lib/python3.11/site-packages/airflow/example_dags/example_bash_operator.py
[2025-06-13T14:29:24.185-0400] {processor.py:925} INFO - DAG(s) 'example_bash_operator' retrieved from /Users/pranavr/.pyenv/versions/3.11.6/lib/python3.11/site-packages/airflow/example_dags/example_bash_operator.py
[2025-06-13T14:29:24.278-0400] {logging_mixin.py:190} INFO - [2025-06-13T14:29:24.278-0400] {dag.py:3239} INFO - Sync 1 DAGs
[2025-06-13T14:29:24.287-0400] {logging_mixin.py:190} INFO - [2025-06-13T14:29:24.287-0400] {dag.py:4180} INFO - Setting next_dagrun for example_bash_operator to 2025-06-12T00:00:00+00:00, run_after=2025-06-13T00:00:00+00:00
[2025-06-13T14:29:24.297-0400] {processor.py:208} INFO - Processing /Users/pranavr/.pyenv/versions/3.11.6/lib/python3.11/site-packages/airflow/example_dags/example_bash_operator.py took 128.015 seconds
[2025-06-13T14:32:21.145-0400] {processor.py:186} INFO - Started process (PID=9513) to work on /Users/pranavr/.pyenv/versions/3.11.6/lib/python3.11/site-packages/airflow/example_dags/example_bash_operator.py
[2025-06-13T14:32:21.147-0400] {processor.py:914} INFO - Processing file /Users/pranavr/.pyenv/versions/3.11.6/lib/python3.11/site-packages/airflow/example_dags/example_bash_operator.py for tasks to queue
[2025-06-13T14:32:21.148-0400] {logging_mixin.py:190} INFO - [2025-06-13T14:32:21.148-0400] {dagbag.py:588} INFO - Filling up the DagBag from /Users/pranavr/.pyenv/versions/3.11.6/lib/python3.11/site-packages/airflow/example_dags/example_bash_operator.py
[2025-06-13T14:32:21.156-0400] {processor.py:925} INFO - DAG(s) 'example_bash_operator' retrieved from /Users/pranavr/.pyenv/versions/3.11.6/lib/python3.11/site-packages/airflow/example_dags/example_bash_operator.py
[2025-06-13T14:32:21.254-0400] {logging_mixin.py:190} INFO - [2025-06-13T14:32:21.254-0400] {dag.py:3239} INFO - Sync 1 DAGs
[2025-06-13T14:32:21.263-0400] {logging_mixin.py:190} INFO - [2025-06-13T14:32:21.263-0400] {dag.py:4180} INFO - Setting next_dagrun for example_bash_operator to 2025-06-12T00:00:00+00:00, run_after=2025-06-13T00:00:00+00:00
[2025-06-13T14:32:21.274-0400] {processor.py:208} INFO - Processing /Users/pranavr/.pyenv/versions/3.11.6/lib/python3.11/site-packages/airflow/example_dags/example_bash_operator.py took 130.642 seconds
[2025-06-13T14:35:26.773-0400] {processor.py:186} INFO - Started process (PID=10162) to work on /Users/pranavr/.pyenv/versions/3.11.6/lib/python3.11/site-packages/airflow/example_dags/example_bash_operator.py
[2025-06-13T14:35:26.775-0400] {processor.py:914} INFO - Processing file /Users/pranavr/.pyenv/versions/3.11.6/lib/python3.11/site-packages/airflow/example_dags/example_bash_operator.py for tasks to queue
[2025-06-13T14:35:26.775-0400] {logging_mixin.py:190} INFO - [2025-06-13T14:35:26.775-0400] {dagbag.py:588} INFO - Filling up the DagBag from /Users/pranavr/.pyenv/versions/3.11.6/lib/python3.11/site-packages/airflow/example_dags/example_bash_operator.py
[2025-06-13T14:35:26.784-0400] {processor.py:925} INFO - DAG(s) 'example_bash_operator' retrieved from /Users/pranavr/.pyenv/versions/3.11.6/lib/python3.11/site-packages/airflow/example_dags/example_bash_operator.py
[2025-06-13T14:35:26.878-0400] {logging_mixin.py:190} INFO - [2025-06-13T14:35:26.877-0400] {dag.py:3239} INFO - Sync 1 DAGs
[2025-06-13T14:35:26.886-0400] {logging_mixin.py:190} INFO - [2025-06-13T14:35:26.885-0400] {dag.py:4180} INFO - Setting next_dagrun for example_bash_operator to 2025-06-12T00:00:00+00:00, run_after=2025-06-13T00:00:00+00:00
[2025-06-13T14:35:26.895-0400] {processor.py:208} INFO - Processing /Users/pranavr/.pyenv/versions/3.11.6/lib/python3.11/site-packages/airflow/example_dags/example_bash_operator.py took 123.861 seconds
[2025-06-13T14:38:26.288-0400] {processor.py:186} INFO - Started process (PID=11216) to work on /Users/pranavr/.pyenv/versions/3.11.6/lib/python3.11/site-packages/airflow/example_dags/example_bash_operator.py
[2025-06-13T14:38:26.291-0400] {processor.py:914} INFO - Processing file /Users/pranavr/.pyenv/versions/3.11.6/lib/python3.11/site-packages/airflow/example_dags/example_bash_operator.py for tasks to queue
[2025-06-13T14:38:26.291-0400] {logging_mixin.py:190} INFO - [2025-06-13T14:38:26.291-0400] {dagbag.py:588} INFO - Filling up the DagBag from /Users/pranavr/.pyenv/versions/3.11.6/lib/python3.11/site-packages/airflow/example_dags/example_bash_operator.py
[2025-06-13T14:38:26.299-0400] {processor.py:925} INFO - DAG(s) 'example_bash_operator' retrieved from /Users/pranavr/.pyenv/versions/3.11.6/lib/python3.11/site-packages/airflow/example_dags/example_bash_operator.py
[2025-06-13T14:38:26.397-0400] {logging_mixin.py:190} INFO - [2025-06-13T14:38:26.397-0400] {dag.py:3239} INFO - Sync 1 DAGs
[2025-06-13T14:38:26.405-0400] {logging_mixin.py:190} INFO - [2025-06-13T14:38:26.405-0400] {dag.py:4180} INFO - Setting next_dagrun for example_bash_operator to 2025-06-12T00:00:00+00:00, run_after=2025-06-13T00:00:00+00:00
[2025-06-13T14:38:26.416-0400] {processor.py:208} INFO - Processing /Users/pranavr/.pyenv/versions/3.11.6/lib/python3.11/site-packages/airflow/example_dags/example_bash_operator.py took 129.722 seconds
[2025-06-13T14:41:07.396-0400] {processor.py:186} INFO - Started process (PID=11717) to work on /Users/pranavr/.pyenv/versions/3.11.6/lib/python3.11/site-packages/airflow/example_dags/example_bash_operator.py
[2025-06-13T14:41:07.398-0400] {processor.py:914} INFO - Processing file /Users/pranavr/.pyenv/versions/3.11.6/lib/python3.11/site-packages/airflow/example_dags/example_bash_operator.py for tasks to queue
[2025-06-13T14:41:07.399-0400] {logging_mixin.py:190} INFO - [2025-06-13T14:41:07.399-0400] {dagbag.py:588} INFO - Filling up the DagBag from /Users/pranavr/.pyenv/versions/3.11.6/lib/python3.11/site-packages/airflow/example_dags/example_bash_operator.py
[2025-06-13T14:41:07.404-0400] {processor.py:925} INFO - DAG(s) 'example_bash_operator' retrieved from /Users/pranavr/.pyenv/versions/3.11.6/lib/python3.11/site-packages/airflow/example_dags/example_bash_operator.py
[2025-06-13T14:41:07.479-0400] {logging_mixin.py:190} INFO - [2025-06-13T14:41:07.479-0400] {dag.py:3239} INFO - Sync 1 DAGs
[2025-06-13T14:41:07.486-0400] {logging_mixin.py:190} INFO - [2025-06-13T14:41:07.486-0400] {dag.py:4180} INFO - Setting next_dagrun for example_bash_operator to 2025-06-12T00:00:00+00:00, run_after=2025-06-13T00:00:00+00:00
[2025-06-13T14:41:07.494-0400] {processor.py:208} INFO - Processing /Users/pranavr/.pyenv/versions/3.11.6/lib/python3.11/site-packages/airflow/example_dags/example_bash_operator.py took 98.531 seconds
[2025-06-13T14:43:35.812-0400] {processor.py:186} INFO - Started process (PID=11969) to work on /Users/pranavr/.pyenv/versions/3.11.6/lib/python3.11/site-packages/airflow/example_dags/example_bash_operator.py
[2025-06-13T14:43:35.813-0400] {processor.py:914} INFO - Processing file /Users/pranavr/.pyenv/versions/3.11.6/lib/python3.11/site-packages/airflow/example_dags/example_bash_operator.py for tasks to queue
[2025-06-13T14:43:35.814-0400] {logging_mixin.py:190} INFO - [2025-06-13T14:43:35.814-0400] {dagbag.py:588} INFO - Filling up the DagBag from /Users/pranavr/.pyenv/versions/3.11.6/lib/python3.11/site-packages/airflow/example_dags/example_bash_operator.py
[2025-06-13T14:43:35.819-0400] {processor.py:925} INFO - DAG(s) 'example_bash_operator' retrieved from /Users/pranavr/.pyenv/versions/3.11.6/lib/python3.11/site-packages/airflow/example_dags/example_bash_operator.py
[2025-06-13T14:43:35.883-0400] {logging_mixin.py:190} INFO - [2025-06-13T14:43:35.883-0400] {dag.py:3239} INFO - Sync 1 DAGs
[2025-06-13T14:43:35.889-0400] {logging_mixin.py:190} INFO - [2025-06-13T14:43:35.889-0400] {dag.py:4180} INFO - Setting next_dagrun for example_bash_operator to 2025-06-12T00:00:00+00:00, run_after=2025-06-13T00:00:00+00:00
[2025-06-13T14:43:35.897-0400] {processor.py:208} INFO - Processing /Users/pranavr/.pyenv/versions/3.11.6/lib/python3.11/site-packages/airflow/example_dags/example_bash_operator.py took 86.062 seconds
[2025-06-13T14:46:00.548-0400] {processor.py:186} INFO - Started process (PID=12294) to work on /Users/pranavr/.pyenv/versions/3.11.6/lib/python3.11/site-packages/airflow/example_dags/example_bash_operator.py
[2025-06-13T14:46:00.549-0400] {processor.py:914} INFO - Processing file /Users/pranavr/.pyenv/versions/3.11.6/lib/python3.11/site-packages/airflow/example_dags/example_bash_operator.py for tasks to queue
[2025-06-13T14:46:00.550-0400] {logging_mixin.py:190} INFO - [2025-06-13T14:46:00.550-0400] {dagbag.py:588} INFO - Filling up the DagBag from /Users/pranavr/.pyenv/versions/3.11.6/lib/python3.11/site-packages/airflow/example_dags/example_bash_operator.py
[2025-06-13T14:46:00.555-0400] {processor.py:925} INFO - DAG(s) 'example_bash_operator' retrieved from /Users/pranavr/.pyenv/versions/3.11.6/lib/python3.11/site-packages/airflow/example_dags/example_bash_operator.py
[2025-06-13T14:46:00.624-0400] {logging_mixin.py:190} INFO - [2025-06-13T14:46:00.623-0400] {dag.py:3239} INFO - Sync 1 DAGs
[2025-06-13T14:46:00.630-0400] {logging_mixin.py:190} INFO - [2025-06-13T14:46:00.630-0400] {dag.py:4180} INFO - Setting next_dagrun for example_bash_operator to 2025-06-12T00:00:00+00:00, run_after=2025-06-13T00:00:00+00:00
[2025-06-13T14:46:00.637-0400] {processor.py:208} INFO - Processing /Users/pranavr/.pyenv/versions/3.11.6/lib/python3.11/site-packages/airflow/example_dags/example_bash_operator.py took 90.791 seconds
[2025-06-13T14:48:28.046-0400] {processor.py:186} INFO - Started process (PID=12495) to work on /Users/pranavr/.pyenv/versions/3.11.6/lib/python3.11/site-packages/airflow/example_dags/example_bash_operator.py
[2025-06-13T14:48:28.048-0400] {processor.py:914} INFO - Processing file /Users/pranavr/.pyenv/versions/3.11.6/lib/python3.11/site-packages/airflow/example_dags/example_bash_operator.py for tasks to queue
[2025-06-13T14:48:28.048-0400] {logging_mixin.py:190} INFO - [2025-06-13T14:48:28.048-0400] {dagbag.py:588} INFO - Filling up the DagBag from /Users/pranavr/.pyenv/versions/3.11.6/lib/python3.11/site-packages/airflow/example_dags/example_bash_operator.py
[2025-06-13T14:48:28.053-0400] {processor.py:925} INFO - DAG(s) 'example_bash_operator' retrieved from /Users/pranavr/.pyenv/versions/3.11.6/lib/python3.11/site-packages/airflow/example_dags/example_bash_operator.py
[2025-06-13T14:48:28.118-0400] {logging_mixin.py:190} INFO - [2025-06-13T14:48:28.118-0400] {dag.py:3239} INFO - Sync 1 DAGs
[2025-06-13T14:48:28.125-0400] {logging_mixin.py:190} INFO - [2025-06-13T14:48:28.125-0400] {dag.py:4180} INFO - Setting next_dagrun for example_bash_operator to 2025-06-12T00:00:00+00:00, run_after=2025-06-13T00:00:00+00:00
[2025-06-13T14:48:28.133-0400] {processor.py:208} INFO - Processing /Users/pranavr/.pyenv/versions/3.11.6/lib/python3.11/site-packages/airflow/example_dags/example_bash_operator.py took 87.865 seconds
[2025-06-13T14:50:55.841-0400] {processor.py:186} INFO - Started process (PID=12737) to work on /Users/pranavr/.pyenv/versions/3.11.6/lib/python3.11/site-packages/airflow/example_dags/example_bash_operator.py
[2025-06-13T14:50:55.843-0400] {processor.py:914} INFO - Processing file /Users/pranavr/.pyenv/versions/3.11.6/lib/python3.11/site-packages/airflow/example_dags/example_bash_operator.py for tasks to queue
[2025-06-13T14:50:55.844-0400] {logging_mixin.py:190} INFO - [2025-06-13T14:50:55.844-0400] {dagbag.py:588} INFO - Filling up the DagBag from /Users/pranavr/.pyenv/versions/3.11.6/lib/python3.11/site-packages/airflow/example_dags/example_bash_operator.py
[2025-06-13T14:50:55.849-0400] {processor.py:925} INFO - DAG(s) 'example_bash_operator' retrieved from /Users/pranavr/.pyenv/versions/3.11.6/lib/python3.11/site-packages/airflow/example_dags/example_bash_operator.py
[2025-06-13T14:50:55.915-0400] {logging_mixin.py:190} INFO - [2025-06-13T14:50:55.915-0400] {dag.py:3239} INFO - Sync 1 DAGs
[2025-06-13T14:50:55.922-0400] {logging_mixin.py:190} INFO - [2025-06-13T14:50:55.922-0400] {dag.py:4180} INFO - Setting next_dagrun for example_bash_operator to 2025-06-12T00:00:00+00:00, run_after=2025-06-13T00:00:00+00:00
[2025-06-13T14:50:55.929-0400] {processor.py:208} INFO - Processing /Users/pranavr/.pyenv/versions/3.11.6/lib/python3.11/site-packages/airflow/example_dags/example_bash_operator.py took 90.091 seconds
[2025-06-13T14:53:25.494-0400] {processor.py:186} INFO - Started process (PID=14085) to work on /Users/pranavr/.pyenv/versions/3.11.6/lib/python3.11/site-packages/airflow/example_dags/example_bash_operator.py
[2025-06-13T14:53:25.496-0400] {processor.py:914} INFO - Processing file /Users/pranavr/.pyenv/versions/3.11.6/lib/python3.11/site-packages/airflow/example_dags/example_bash_operator.py for tasks to queue
[2025-06-13T14:53:25.497-0400] {logging_mixin.py:190} INFO - [2025-06-13T14:53:25.497-0400] {dagbag.py:588} INFO - Filling up the DagBag from /Users/pranavr/.pyenv/versions/3.11.6/lib/python3.11/site-packages/airflow/example_dags/example_bash_operator.py
[2025-06-13T14:53:25.502-0400] {processor.py:925} INFO - DAG(s) 'example_bash_operator' retrieved from /Users/pranavr/.pyenv/versions/3.11.6/lib/python3.11/site-packages/airflow/example_dags/example_bash_operator.py
[2025-06-13T14:53:25.566-0400] {logging_mixin.py:190} INFO - [2025-06-13T14:53:25.566-0400] {dag.py:3239} INFO - Sync 1 DAGs
[2025-06-13T14:53:25.572-0400] {logging_mixin.py:190} INFO - [2025-06-13T14:53:25.572-0400] {dag.py:4180} INFO - Setting next_dagrun for example_bash_operator to 2025-06-12T00:00:00+00:00, run_after=2025-06-13T00:00:00+00:00
[2025-06-13T14:53:25.580-0400] {processor.py:208} INFO - Processing /Users/pranavr/.pyenv/versions/3.11.6/lib/python3.11/site-packages/airflow/example_dags/example_bash_operator.py took 87.142 seconds
[2025-06-13T14:56:00.361-0400] {processor.py:186} INFO - Started process (PID=14340) to work on /Users/pranavr/.pyenv/versions/3.11.6/lib/python3.11/site-packages/airflow/example_dags/example_bash_operator.py
[2025-06-13T14:56:00.362-0400] {processor.py:914} INFO - Processing file /Users/pranavr/.pyenv/versions/3.11.6/lib/python3.11/site-packages/airflow/example_dags/example_bash_operator.py for tasks to queue
[2025-06-13T14:56:00.363-0400] {logging_mixin.py:190} INFO - [2025-06-13T14:56:00.363-0400] {dagbag.py:588} INFO - Filling up the DagBag from /Users/pranavr/.pyenv/versions/3.11.6/lib/python3.11/site-packages/airflow/example_dags/example_bash_operator.py
[2025-06-13T14:56:00.368-0400] {processor.py:925} INFO - DAG(s) 'example_bash_operator' retrieved from /Users/pranavr/.pyenv/versions/3.11.6/lib/python3.11/site-packages/airflow/example_dags/example_bash_operator.py
[2025-06-13T14:56:00.441-0400] {logging_mixin.py:190} INFO - [2025-06-13T14:56:00.440-0400] {dag.py:3239} INFO - Sync 1 DAGs
[2025-06-13T14:56:00.448-0400] {logging_mixin.py:190} INFO - [2025-06-13T14:56:00.448-0400] {dag.py:4180} INFO - Setting next_dagrun for example_bash_operator to 2025-06-12T00:00:00+00:00, run_after=2025-06-13T00:00:00+00:00
[2025-06-13T14:56:00.456-0400] {processor.py:208} INFO - Processing /Users/pranavr/.pyenv/versions/3.11.6/lib/python3.11/site-packages/airflow/example_dags/example_bash_operator.py took 96.245 seconds
[2025-06-13T14:58:38.125-0400] {processor.py:186} INFO - Started process (PID=14691) to work on /Users/pranavr/.pyenv/versions/3.11.6/lib/python3.11/site-packages/airflow/example_dags/example_bash_operator.py
[2025-06-13T14:58:38.128-0400] {processor.py:914} INFO - Processing file /Users/pranavr/.pyenv/versions/3.11.6/lib/python3.11/site-packages/airflow/example_dags/example_bash_operator.py for tasks to queue
[2025-06-13T14:58:38.128-0400] {logging_mixin.py:190} INFO - [2025-06-13T14:58:38.128-0400] {dagbag.py:588} INFO - Filling up the DagBag from /Users/pranavr/.pyenv/versions/3.11.6/lib/python3.11/site-packages/airflow/example_dags/example_bash_operator.py
[2025-06-13T14:58:38.140-0400] {processor.py:925} INFO - DAG(s) 'example_bash_operator' retrieved from /Users/pranavr/.pyenv/versions/3.11.6/lib/python3.11/site-packages/airflow/example_dags/example_bash_operator.py
[2025-06-13T14:58:38.215-0400] {logging_mixin.py:190} INFO - [2025-06-13T14:58:38.215-0400] {dag.py:3239} INFO - Sync 1 DAGs
[2025-06-13T14:58:38.223-0400] {logging_mixin.py:190} INFO - [2025-06-13T14:58:38.223-0400] {dag.py:4180} INFO - Setting next_dagrun for example_bash_operator to 2025-06-12T00:00:00+00:00, run_after=2025-06-13T00:00:00+00:00
[2025-06-13T14:58:38.231-0400] {processor.py:208} INFO - Processing /Users/pranavr/.pyenv/versions/3.11.6/lib/python3.11/site-packages/airflow/example_dags/example_bash_operator.py took 107.192 seconds
[2025-06-13T15:02:06.895-0400] {processor.py:186} INFO - Started process (PID=15236) to work on /Users/pranavr/.pyenv/versions/3.11.6/lib/python3.11/site-packages/airflow/example_dags/example_bash_operator.py
[2025-06-13T15:02:06.897-0400] {processor.py:914} INFO - Processing file /Users/pranavr/.pyenv/versions/3.11.6/lib/python3.11/site-packages/airflow/example_dags/example_bash_operator.py for tasks to queue
[2025-06-13T15:02:06.898-0400] {logging_mixin.py:190} INFO - [2025-06-13T15:02:06.898-0400] {dagbag.py:588} INFO - Filling up the DagBag from /Users/pranavr/.pyenv/versions/3.11.6/lib/python3.11/site-packages/airflow/example_dags/example_bash_operator.py
[2025-06-13T15:02:06.904-0400] {processor.py:925} INFO - DAG(s) 'example_bash_operator' retrieved from /Users/pranavr/.pyenv/versions/3.11.6/lib/python3.11/site-packages/airflow/example_dags/example_bash_operator.py
[2025-06-13T15:02:06.982-0400] {logging_mixin.py:190} INFO - [2025-06-13T15:02:06.982-0400] {dag.py:3239} INFO - Sync 1 DAGs
[2025-06-13T15:02:06.990-0400] {logging_mixin.py:190} INFO - [2025-06-13T15:02:06.990-0400] {dag.py:4180} INFO - Setting next_dagrun for example_bash_operator to 2025-06-12T00:00:00+00:00, run_after=2025-06-13T00:00:00+00:00
[2025-06-13T15:02:06.999-0400] {processor.py:208} INFO - Processing /Users/pranavr/.pyenv/versions/3.11.6/lib/python3.11/site-packages/airflow/example_dags/example_bash_operator.py took 104.767 seconds
