[2025-06-13T14:10:33.645-0400] {processor.py:153} INFO - Started process (PID=96639) to work on /Users/pranavr/drift-retrainer/venv311/lib/python3.11/site-packages/airflow/example_dags/example_dag_decorator.py
[2025-06-13T14:10:33.647-0400] {processor.py:743} INFO - Processing file /Users/pranavr/drift-retrainer/venv311/lib/python3.11/site-packages/airflow/example_dags/example_dag_decorator.py for tasks to queue
[2025-06-13T14:10:33.647-0400] {logging_mixin.py:137} INFO - [2025-06-13T14:10:33.647-0400] {dagbag.py:538} INFO - Filling up the DagBag from /Users/pranavr/drift-retrainer/venv311/lib/python3.11/site-packages/airflow/example_dags/example_dag_decorator.py
[2025-06-13T14:10:33.781-0400] {logging_mixin.py:137} INFO - [2025-06-13T14:10:33.780-0400] {taskmixin.py:205} WARNING - Dependency <Task(_PythonDecoratedOperator): prepare_email>, send_email already registered for DAG: example_dag_decorator
[2025-06-13T14:10:33.781-0400] {logging_mixin.py:137} INFO - [2025-06-13T14:10:33.781-0400] {taskmixin.py:205} WARNING - Dependency <Task(EmailOperator): send_email>, prepare_email already registered for DAG: example_dag_decorator
[2025-06-13T14:10:33.797-0400] {processor.py:753} INFO - DAG(s) dict_keys(['example_dag_decorator']) retrieved from /Users/pranavr/drift-retrainer/venv311/lib/python3.11/site-packages/airflow/example_dags/example_dag_decorator.py
[2025-06-13T14:10:34.741-0400] {logging_mixin.py:137} INFO - [2025-06-13T14:10:34.741-0400] {manager.py:504} INFO - Created Permission View: can read on DAG:example_dag_decorator
[2025-06-13T14:10:34.748-0400] {logging_mixin.py:137} INFO - [2025-06-13T14:10:34.748-0400] {manager.py:504} INFO - Created Permission View: can delete on DAG:example_dag_decorator
[2025-06-13T14:10:34.757-0400] {logging_mixin.py:137} INFO - [2025-06-13T14:10:34.756-0400] {manager.py:504} INFO - Created Permission View: can edit on DAG:example_dag_decorator
[2025-06-13T14:10:34.758-0400] {logging_mixin.py:137} INFO - [2025-06-13T14:10:34.757-0400] {dag.py:2690} INFO - Sync 1 DAGs
[2025-06-13T14:10:34.774-0400] {logging_mixin.py:137} INFO - [2025-06-13T14:10:34.774-0400] {dag.py:2711} INFO - Creating ORM DAG for example_dag_decorator
[2025-06-13T14:10:34.781-0400] {logging_mixin.py:137} INFO - [2025-06-13T14:10:34.781-0400] {dag.py:3437} INFO - Setting next_dagrun for example_dag_decorator to None, run_after=None
[2025-06-13T14:10:34.793-0400] {processor.py:175} INFO - Processing /Users/pranavr/drift-retrainer/venv311/lib/python3.11/site-packages/airflow/example_dags/example_dag_decorator.py took 1.149 seconds
[2025-06-13T14:12:32.319-0400] {processor.py:153} INFO - Started process (PID=97737) to work on /Users/pranavr/drift-retrainer/venv311/lib/python3.11/site-packages/airflow/example_dags/example_dag_decorator.py
[2025-06-13T14:12:32.322-0400] {processor.py:743} INFO - Processing file /Users/pranavr/drift-retrainer/venv311/lib/python3.11/site-packages/airflow/example_dags/example_dag_decorator.py for tasks to queue
[2025-06-13T14:12:32.322-0400] {logging_mixin.py:137} INFO - [2025-06-13T14:12:32.322-0400] {dagbag.py:538} INFO - Filling up the DagBag from /Users/pranavr/drift-retrainer/venv311/lib/python3.11/site-packages/airflow/example_dags/example_dag_decorator.py
[2025-06-13T14:12:32.492-0400] {logging_mixin.py:137} INFO - [2025-06-13T14:12:32.492-0400] {taskmixin.py:205} WARNING - Dependency <Task(_PythonDecoratedOperator): prepare_email>, send_email already registered for DAG: example_dag_decorator
[2025-06-13T14:12:32.492-0400] {logging_mixin.py:137} INFO - [2025-06-13T14:12:32.492-0400] {taskmixin.py:205} WARNING - Dependency <Task(EmailOperator): send_email>, prepare_email already registered for DAG: example_dag_decorator
[2025-06-13T14:12:32.512-0400] {processor.py:753} INFO - DAG(s) dict_keys(['example_dag_decorator']) retrieved from /Users/pranavr/drift-retrainer/venv311/lib/python3.11/site-packages/airflow/example_dags/example_dag_decorator.py
[2025-06-13T14:12:32.849-0400] {logging_mixin.py:137} INFO - [2025-06-13T14:12:32.849-0400] {dag.py:2690} INFO - Sync 1 DAGs
[2025-06-13T14:12:32.854-0400] {logging_mixin.py:137} INFO - [2025-06-13T14:12:32.854-0400] {dag.py:3437} INFO - Setting next_dagrun for example_dag_decorator to None, run_after=None
[2025-06-13T14:12:32.863-0400] {processor.py:175} INFO - Processing /Users/pranavr/drift-retrainer/venv311/lib/python3.11/site-packages/airflow/example_dags/example_dag_decorator.py took 0.544 seconds
[2025-06-13T14:14:21.128-0400] {processor.py:153} INFO - Started process (PID=98723) to work on /Users/pranavr/drift-retrainer/venv311/lib/python3.11/site-packages/airflow/example_dags/example_dag_decorator.py
[2025-06-13T14:14:21.130-0400] {processor.py:743} INFO - Processing file /Users/pranavr/drift-retrainer/venv311/lib/python3.11/site-packages/airflow/example_dags/example_dag_decorator.py for tasks to queue
[2025-06-13T14:14:21.130-0400] {logging_mixin.py:137} INFO - [2025-06-13T14:14:21.130-0400] {dagbag.py:538} INFO - Filling up the DagBag from /Users/pranavr/drift-retrainer/venv311/lib/python3.11/site-packages/airflow/example_dags/example_dag_decorator.py
[2025-06-13T14:14:21.299-0400] {logging_mixin.py:137} INFO - [2025-06-13T14:14:21.299-0400] {taskmixin.py:205} WARNING - Dependency <Task(_PythonDecoratedOperator): prepare_email>, send_email already registered for DAG: example_dag_decorator
[2025-06-13T14:14:21.299-0400] {logging_mixin.py:137} INFO - [2025-06-13T14:14:21.299-0400] {taskmixin.py:205} WARNING - Dependency <Task(EmailOperator): send_email>, prepare_email already registered for DAG: example_dag_decorator
[2025-06-13T14:14:21.314-0400] {processor.py:753} INFO - DAG(s) dict_keys(['example_dag_decorator']) retrieved from /Users/pranavr/drift-retrainer/venv311/lib/python3.11/site-packages/airflow/example_dags/example_dag_decorator.py
[2025-06-13T14:14:21.640-0400] {logging_mixin.py:137} INFO - [2025-06-13T14:14:21.640-0400] {dag.py:2690} INFO - Sync 1 DAGs
[2025-06-13T14:14:21.647-0400] {logging_mixin.py:137} INFO - [2025-06-13T14:14:21.647-0400] {dag.py:3437} INFO - Setting next_dagrun for example_dag_decorator to None, run_after=None
[2025-06-13T14:14:21.658-0400] {processor.py:175} INFO - Processing /Users/pranavr/drift-retrainer/venv311/lib/python3.11/site-packages/airflow/example_dags/example_dag_decorator.py took 0.531 seconds
[2025-06-13T14:16:18.267-0400] {processor.py:153} INFO - Started process (PID=3351) to work on /Users/pranavr/drift-retrainer/venv311/lib/python3.11/site-packages/airflow/example_dags/example_dag_decorator.py
[2025-06-13T14:16:18.270-0400] {processor.py:743} INFO - Processing file /Users/pranavr/drift-retrainer/venv311/lib/python3.11/site-packages/airflow/example_dags/example_dag_decorator.py for tasks to queue
[2025-06-13T14:16:18.271-0400] {logging_mixin.py:137} INFO - [2025-06-13T14:16:18.271-0400] {dagbag.py:538} INFO - Filling up the DagBag from /Users/pranavr/drift-retrainer/venv311/lib/python3.11/site-packages/airflow/example_dags/example_dag_decorator.py
[2025-06-13T14:16:18.437-0400] {logging_mixin.py:137} INFO - [2025-06-13T14:16:18.437-0400] {taskmixin.py:205} WARNING - Dependency <Task(_PythonDecoratedOperator): prepare_email>, send_email already registered for DAG: example_dag_decorator
[2025-06-13T14:16:18.437-0400] {logging_mixin.py:137} INFO - [2025-06-13T14:16:18.437-0400] {taskmixin.py:205} WARNING - Dependency <Task(EmailOperator): send_email>, prepare_email already registered for DAG: example_dag_decorator
[2025-06-13T14:16:18.452-0400] {processor.py:753} INFO - DAG(s) dict_keys(['example_dag_decorator']) retrieved from /Users/pranavr/drift-retrainer/venv311/lib/python3.11/site-packages/airflow/example_dags/example_dag_decorator.py
[2025-06-13T14:16:18.796-0400] {logging_mixin.py:137} INFO - [2025-06-13T14:16:18.795-0400] {dag.py:2690} INFO - Sync 1 DAGs
[2025-06-13T14:16:18.804-0400] {logging_mixin.py:137} INFO - [2025-06-13T14:16:18.804-0400] {dag.py:3437} INFO - Setting next_dagrun for example_dag_decorator to None, run_after=None
[2025-06-13T14:16:18.814-0400] {processor.py:175} INFO - Processing /Users/pranavr/drift-retrainer/venv311/lib/python3.11/site-packages/airflow/example_dags/example_dag_decorator.py took 0.548 seconds
[2025-06-13T14:18:09.778-0400] {processor.py:153} INFO - Started process (PID=5827) to work on /Users/pranavr/drift-retrainer/venv311/lib/python3.11/site-packages/airflow/example_dags/example_dag_decorator.py
[2025-06-13T14:18:09.780-0400] {processor.py:743} INFO - Processing file /Users/pranavr/drift-retrainer/venv311/lib/python3.11/site-packages/airflow/example_dags/example_dag_decorator.py for tasks to queue
[2025-06-13T14:18:09.780-0400] {logging_mixin.py:137} INFO - [2025-06-13T14:18:09.780-0400] {dagbag.py:538} INFO - Filling up the DagBag from /Users/pranavr/drift-retrainer/venv311/lib/python3.11/site-packages/airflow/example_dags/example_dag_decorator.py
[2025-06-13T14:18:09.938-0400] {logging_mixin.py:137} INFO - [2025-06-13T14:18:09.938-0400] {taskmixin.py:205} WARNING - Dependency <Task(_PythonDecoratedOperator): prepare_email>, send_email already registered for DAG: example_dag_decorator
[2025-06-13T14:18:09.938-0400] {logging_mixin.py:137} INFO - [2025-06-13T14:18:09.938-0400] {taskmixin.py:205} WARNING - Dependency <Task(EmailOperator): send_email>, prepare_email already registered for DAG: example_dag_decorator
[2025-06-13T14:18:09.954-0400] {processor.py:753} INFO - DAG(s) dict_keys(['example_dag_decorator']) retrieved from /Users/pranavr/drift-retrainer/venv311/lib/python3.11/site-packages/airflow/example_dags/example_dag_decorator.py
[2025-06-13T14:18:10.330-0400] {logging_mixin.py:137} INFO - [2025-06-13T14:18:10.329-0400] {dag.py:2690} INFO - Sync 1 DAGs
[2025-06-13T14:18:10.337-0400] {logging_mixin.py:137} INFO - [2025-06-13T14:18:10.336-0400] {dag.py:3437} INFO - Setting next_dagrun for example_dag_decorator to None, run_after=None
[2025-06-13T14:18:10.348-0400] {processor.py:175} INFO - Processing /Users/pranavr/drift-retrainer/venv311/lib/python3.11/site-packages/airflow/example_dags/example_dag_decorator.py took 0.570 seconds
[2025-06-13T14:20:14.933-0400] {processor.py:153} INFO - Started process (PID=6652) to work on /Users/pranavr/drift-retrainer/venv311/lib/python3.11/site-packages/airflow/example_dags/example_dag_decorator.py
[2025-06-13T14:20:14.935-0400] {processor.py:743} INFO - Processing file /Users/pranavr/drift-retrainer/venv311/lib/python3.11/site-packages/airflow/example_dags/example_dag_decorator.py for tasks to queue
[2025-06-13T14:20:14.935-0400] {logging_mixin.py:137} INFO - [2025-06-13T14:20:14.935-0400] {dagbag.py:538} INFO - Filling up the DagBag from /Users/pranavr/drift-retrainer/venv311/lib/python3.11/site-packages/airflow/example_dags/example_dag_decorator.py
[2025-06-13T14:20:15.125-0400] {logging_mixin.py:137} INFO - [2025-06-13T14:20:15.125-0400] {taskmixin.py:205} WARNING - Dependency <Task(_PythonDecoratedOperator): prepare_email>, send_email already registered for DAG: example_dag_decorator
[2025-06-13T14:20:15.126-0400] {logging_mixin.py:137} INFO - [2025-06-13T14:20:15.126-0400] {taskmixin.py:205} WARNING - Dependency <Task(EmailOperator): send_email>, prepare_email already registered for DAG: example_dag_decorator
[2025-06-13T14:20:15.141-0400] {processor.py:753} INFO - DAG(s) dict_keys(['example_dag_decorator']) retrieved from /Users/pranavr/drift-retrainer/venv311/lib/python3.11/site-packages/airflow/example_dags/example_dag_decorator.py
[2025-06-13T14:20:15.160-0400] {logging_mixin.py:137} INFO - [2025-06-13T14:20:15.160-0400] {dag.py:2690} INFO - Sync 1 DAGs
[2025-06-13T14:20:15.490-0400] {logging_mixin.py:137} INFO - [2025-06-13T14:20:15.490-0400] {dag.py:3437} INFO - Setting next_dagrun for example_dag_decorator to None, run_after=None
[2025-06-13T14:20:15.499-0400] {processor.py:175} INFO - Processing /Users/pranavr/drift-retrainer/venv311/lib/python3.11/site-packages/airflow/example_dags/example_dag_decorator.py took 0.567 seconds
[2025-06-13T14:23:01.563-0400] {processor.py:186} INFO - Started process (PID=7779) to work on /Users/pranavr/.pyenv/versions/3.11.6/lib/python3.11/site-packages/airflow/example_dags/example_dag_decorator.py
[2025-06-13T14:23:01.566-0400] {processor.py:914} INFO - Processing file /Users/pranavr/.pyenv/versions/3.11.6/lib/python3.11/site-packages/airflow/example_dags/example_dag_decorator.py for tasks to queue
[2025-06-13T14:23:01.566-0400] {logging_mixin.py:190} INFO - [2025-06-13T14:23:01.566-0400] {dagbag.py:588} INFO - Filling up the DagBag from /Users/pranavr/.pyenv/versions/3.11.6/lib/python3.11/site-packages/airflow/example_dags/example_dag_decorator.py
[2025-06-13T14:23:01.676-0400] {processor.py:925} INFO - DAG(s) 'example_dag_decorator' retrieved from /Users/pranavr/.pyenv/versions/3.11.6/lib/python3.11/site-packages/airflow/example_dags/example_dag_decorator.py
[2025-06-13T14:23:01.756-0400] {logging_mixin.py:190} INFO - [2025-06-13T14:23:01.756-0400] {dag.py:3239} INFO - Sync 1 DAGs
[2025-06-13T14:23:01.760-0400] {logging_mixin.py:190} INFO - [2025-06-13T14:23:01.760-0400] {dag.py:4180} INFO - Setting next_dagrun for example_dag_decorator to None, run_after=None
[2025-06-13T14:23:01.770-0400] {processor.py:208} INFO - Processing /Users/pranavr/.pyenv/versions/3.11.6/lib/python3.11/site-packages/airflow/example_dags/example_dag_decorator.py took 208.157 seconds
[2025-06-13T14:26:04.312-0400] {processor.py:186} INFO - Started process (PID=8031) to work on /Users/pranavr/.pyenv/versions/3.11.6/lib/python3.11/site-packages/airflow/example_dags/example_dag_decorator.py
[2025-06-13T14:26:04.315-0400] {processor.py:914} INFO - Processing file /Users/pranavr/.pyenv/versions/3.11.6/lib/python3.11/site-packages/airflow/example_dags/example_dag_decorator.py for tasks to queue
[2025-06-13T14:26:04.315-0400] {logging_mixin.py:190} INFO - [2025-06-13T14:26:04.315-0400] {dagbag.py:588} INFO - Filling up the DagBag from /Users/pranavr/.pyenv/versions/3.11.6/lib/python3.11/site-packages/airflow/example_dags/example_dag_decorator.py
[2025-06-13T14:26:04.443-0400] {processor.py:925} INFO - DAG(s) 'example_dag_decorator' retrieved from /Users/pranavr/.pyenv/versions/3.11.6/lib/python3.11/site-packages/airflow/example_dags/example_dag_decorator.py
[2025-06-13T14:26:04.538-0400] {logging_mixin.py:190} INFO - [2025-06-13T14:26:04.538-0400] {dag.py:3239} INFO - Sync 1 DAGs
[2025-06-13T14:26:04.543-0400] {logging_mixin.py:190} INFO - [2025-06-13T14:26:04.542-0400] {dag.py:4180} INFO - Setting next_dagrun for example_dag_decorator to None, run_after=None
[2025-06-13T14:26:04.552-0400] {processor.py:208} INFO - Processing /Users/pranavr/.pyenv/versions/3.11.6/lib/python3.11/site-packages/airflow/example_dags/example_dag_decorator.py took 241.598 seconds
[2025-06-13T14:29:07.882-0400] {processor.py:186} INFO - Started process (PID=8857) to work on /Users/pranavr/.pyenv/versions/3.11.6/lib/python3.11/site-packages/airflow/example_dags/example_dag_decorator.py
[2025-06-13T14:29:07.885-0400] {processor.py:914} INFO - Processing file /Users/pranavr/.pyenv/versions/3.11.6/lib/python3.11/site-packages/airflow/example_dags/example_dag_decorator.py for tasks to queue
[2025-06-13T14:29:07.885-0400] {logging_mixin.py:190} INFO - [2025-06-13T14:29:07.885-0400] {dagbag.py:588} INFO - Filling up the DagBag from /Users/pranavr/.pyenv/versions/3.11.6/lib/python3.11/site-packages/airflow/example_dags/example_dag_decorator.py
[2025-06-13T14:29:08.010-0400] {processor.py:925} INFO - DAG(s) 'example_dag_decorator' retrieved from /Users/pranavr/.pyenv/versions/3.11.6/lib/python3.11/site-packages/airflow/example_dags/example_dag_decorator.py
[2025-06-13T14:29:08.110-0400] {logging_mixin.py:190} INFO - [2025-06-13T14:29:08.110-0400] {dag.py:3239} INFO - Sync 1 DAGs
[2025-06-13T14:29:08.114-0400] {logging_mixin.py:190} INFO - [2025-06-13T14:29:08.114-0400] {dag.py:4180} INFO - Setting next_dagrun for example_dag_decorator to None, run_after=None
[2025-06-13T14:29:08.125-0400] {processor.py:208} INFO - Processing /Users/pranavr/.pyenv/versions/3.11.6/lib/python3.11/site-packages/airflow/example_dags/example_dag_decorator.py took 244.227 seconds
[2025-06-13T14:32:05.929-0400] {processor.py:186} INFO - Started process (PID=9491) to work on /Users/pranavr/.pyenv/versions/3.11.6/lib/python3.11/site-packages/airflow/example_dags/example_dag_decorator.py
[2025-06-13T14:32:05.931-0400] {processor.py:914} INFO - Processing file /Users/pranavr/.pyenv/versions/3.11.6/lib/python3.11/site-packages/airflow/example_dags/example_dag_decorator.py for tasks to queue
[2025-06-13T14:32:05.932-0400] {logging_mixin.py:190} INFO - [2025-06-13T14:32:05.932-0400] {dagbag.py:588} INFO - Filling up the DagBag from /Users/pranavr/.pyenv/versions/3.11.6/lib/python3.11/site-packages/airflow/example_dags/example_dag_decorator.py
[2025-06-13T14:32:06.052-0400] {processor.py:925} INFO - DAG(s) 'example_dag_decorator' retrieved from /Users/pranavr/.pyenv/versions/3.11.6/lib/python3.11/site-packages/airflow/example_dags/example_dag_decorator.py
[2025-06-13T14:32:06.155-0400] {logging_mixin.py:190} INFO - [2025-06-13T14:32:06.155-0400] {dag.py:3239} INFO - Sync 1 DAGs
[2025-06-13T14:32:06.160-0400] {logging_mixin.py:190} INFO - [2025-06-13T14:32:06.160-0400] {dag.py:4180} INFO - Setting next_dagrun for example_dag_decorator to None, run_after=None
[2025-06-13T14:32:06.169-0400] {processor.py:208} INFO - Processing /Users/pranavr/.pyenv/versions/3.11.6/lib/python3.11/site-packages/airflow/example_dags/example_dag_decorator.py took 241.934 seconds
[2025-06-13T14:35:10.989-0400] {processor.py:186} INFO - Started process (PID=10144) to work on /Users/pranavr/.pyenv/versions/3.11.6/lib/python3.11/site-packages/airflow/example_dags/example_dag_decorator.py
[2025-06-13T14:35:10.992-0400] {processor.py:914} INFO - Processing file /Users/pranavr/.pyenv/versions/3.11.6/lib/python3.11/site-packages/airflow/example_dags/example_dag_decorator.py for tasks to queue
[2025-06-13T14:35:10.993-0400] {logging_mixin.py:190} INFO - [2025-06-13T14:35:10.993-0400] {dagbag.py:588} INFO - Filling up the DagBag from /Users/pranavr/.pyenv/versions/3.11.6/lib/python3.11/site-packages/airflow/example_dags/example_dag_decorator.py
[2025-06-13T14:35:11.107-0400] {processor.py:925} INFO - DAG(s) 'example_dag_decorator' retrieved from /Users/pranavr/.pyenv/versions/3.11.6/lib/python3.11/site-packages/airflow/example_dags/example_dag_decorator.py
[2025-06-13T14:35:11.205-0400] {logging_mixin.py:190} INFO - [2025-06-13T14:35:11.205-0400] {dag.py:3239} INFO - Sync 1 DAGs
[2025-06-13T14:35:11.210-0400] {logging_mixin.py:190} INFO - [2025-06-13T14:35:11.210-0400] {dag.py:4180} INFO - Setting next_dagrun for example_dag_decorator to None, run_after=None
[2025-06-13T14:35:11.220-0400] {processor.py:208} INFO - Processing /Users/pranavr/.pyenv/versions/3.11.6/lib/python3.11/site-packages/airflow/example_dags/example_dag_decorator.py took 232.404 seconds
[2025-06-13T14:38:10.924-0400] {processor.py:186} INFO - Started process (PID=11183) to work on /Users/pranavr/.pyenv/versions/3.11.6/lib/python3.11/site-packages/airflow/example_dags/example_dag_decorator.py
[2025-06-13T14:38:10.926-0400] {processor.py:914} INFO - Processing file /Users/pranavr/.pyenv/versions/3.11.6/lib/python3.11/site-packages/airflow/example_dags/example_dag_decorator.py for tasks to queue
[2025-06-13T14:38:10.927-0400] {logging_mixin.py:190} INFO - [2025-06-13T14:38:10.927-0400] {dagbag.py:588} INFO - Filling up the DagBag from /Users/pranavr/.pyenv/versions/3.11.6/lib/python3.11/site-packages/airflow/example_dags/example_dag_decorator.py
[2025-06-13T14:38:11.045-0400] {processor.py:925} INFO - DAG(s) 'example_dag_decorator' retrieved from /Users/pranavr/.pyenv/versions/3.11.6/lib/python3.11/site-packages/airflow/example_dags/example_dag_decorator.py
[2025-06-13T14:38:11.145-0400] {logging_mixin.py:190} INFO - [2025-06-13T14:38:11.144-0400] {dag.py:3239} INFO - Sync 1 DAGs
[2025-06-13T14:38:11.149-0400] {logging_mixin.py:190} INFO - [2025-06-13T14:38:11.149-0400] {dag.py:4180} INFO - Setting next_dagrun for example_dag_decorator to None, run_after=None
[2025-06-13T14:38:11.158-0400] {processor.py:208} INFO - Processing /Users/pranavr/.pyenv/versions/3.11.6/lib/python3.11/site-packages/airflow/example_dags/example_dag_decorator.py took 235.954 seconds
[2025-06-13T14:40:52.174-0400] {processor.py:186} INFO - Started process (PID=11696) to work on /Users/pranavr/.pyenv/versions/3.11.6/lib/python3.11/site-packages/airflow/example_dags/example_dag_decorator.py
[2025-06-13T14:40:52.176-0400] {processor.py:914} INFO - Processing file /Users/pranavr/.pyenv/versions/3.11.6/lib/python3.11/site-packages/airflow/example_dags/example_dag_decorator.py for tasks to queue
[2025-06-13T14:40:52.177-0400] {logging_mixin.py:190} INFO - [2025-06-13T14:40:52.177-0400] {dagbag.py:588} INFO - Filling up the DagBag from /Users/pranavr/.pyenv/versions/3.11.6/lib/python3.11/site-packages/airflow/example_dags/example_dag_decorator.py
[2025-06-13T14:40:52.267-0400] {processor.py:925} INFO - DAG(s) 'example_dag_decorator' retrieved from /Users/pranavr/.pyenv/versions/3.11.6/lib/python3.11/site-packages/airflow/example_dags/example_dag_decorator.py
[2025-06-13T14:40:52.353-0400] {logging_mixin.py:190} INFO - [2025-06-13T14:40:52.353-0400] {dag.py:3239} INFO - Sync 1 DAGs
[2025-06-13T14:40:52.357-0400] {logging_mixin.py:190} INFO - [2025-06-13T14:40:52.357-0400] {dag.py:4180} INFO - Setting next_dagrun for example_dag_decorator to None, run_after=None
[2025-06-13T14:40:52.364-0400] {processor.py:208} INFO - Processing /Users/pranavr/.pyenv/versions/3.11.6/lib/python3.11/site-packages/airflow/example_dags/example_dag_decorator.py took 191.288 seconds
[2025-06-13T14:43:22.386-0400] {processor.py:186} INFO - Started process (PID=11951) to work on /Users/pranavr/.pyenv/versions/3.11.6/lib/python3.11/site-packages/airflow/example_dags/example_dag_decorator.py
[2025-06-13T14:43:22.388-0400] {processor.py:914} INFO - Processing file /Users/pranavr/.pyenv/versions/3.11.6/lib/python3.11/site-packages/airflow/example_dags/example_dag_decorator.py for tasks to queue
[2025-06-13T14:43:22.389-0400] {logging_mixin.py:190} INFO - [2025-06-13T14:43:22.389-0400] {dagbag.py:588} INFO - Filling up the DagBag from /Users/pranavr/.pyenv/versions/3.11.6/lib/python3.11/site-packages/airflow/example_dags/example_dag_decorator.py
[2025-06-13T14:43:22.471-0400] {processor.py:925} INFO - DAG(s) 'example_dag_decorator' retrieved from /Users/pranavr/.pyenv/versions/3.11.6/lib/python3.11/site-packages/airflow/example_dags/example_dag_decorator.py
[2025-06-13T14:43:22.537-0400] {logging_mixin.py:190} INFO - [2025-06-13T14:43:22.536-0400] {dag.py:3239} INFO - Sync 1 DAGs
[2025-06-13T14:43:22.540-0400] {logging_mixin.py:190} INFO - [2025-06-13T14:43:22.540-0400] {dag.py:4180} INFO - Setting next_dagrun for example_dag_decorator to None, run_after=None
[2025-06-13T14:43:22.547-0400] {processor.py:208} INFO - Processing /Users/pranavr/.pyenv/versions/3.11.6/lib/python3.11/site-packages/airflow/example_dags/example_dag_decorator.py took 162.258 seconds
[2025-06-13T14:45:47.258-0400] {processor.py:186} INFO - Started process (PID=12244) to work on /Users/pranavr/.pyenv/versions/3.11.6/lib/python3.11/site-packages/airflow/example_dags/example_dag_decorator.py
[2025-06-13T14:45:47.259-0400] {processor.py:914} INFO - Processing file /Users/pranavr/.pyenv/versions/3.11.6/lib/python3.11/site-packages/airflow/example_dags/example_dag_decorator.py for tasks to queue
[2025-06-13T14:45:47.260-0400] {logging_mixin.py:190} INFO - [2025-06-13T14:45:47.260-0400] {dagbag.py:588} INFO - Filling up the DagBag from /Users/pranavr/.pyenv/versions/3.11.6/lib/python3.11/site-packages/airflow/example_dags/example_dag_decorator.py
[2025-06-13T14:45:47.330-0400] {processor.py:925} INFO - DAG(s) 'example_dag_decorator' retrieved from /Users/pranavr/.pyenv/versions/3.11.6/lib/python3.11/site-packages/airflow/example_dags/example_dag_decorator.py
[2025-06-13T14:45:47.395-0400] {logging_mixin.py:190} INFO - [2025-06-13T14:45:47.395-0400] {dag.py:3239} INFO - Sync 1 DAGs
[2025-06-13T14:45:47.399-0400] {logging_mixin.py:190} INFO - [2025-06-13T14:45:47.398-0400] {dag.py:4180} INFO - Setting next_dagrun for example_dag_decorator to None, run_after=None
[2025-06-13T14:45:47.405-0400] {processor.py:208} INFO - Processing /Users/pranavr/.pyenv/versions/3.11.6/lib/python3.11/site-packages/airflow/example_dags/example_dag_decorator.py took 149.251 seconds
[2025-06-13T14:48:14.027-0400] {processor.py:186} INFO - Started process (PID=12478) to work on /Users/pranavr/.pyenv/versions/3.11.6/lib/python3.11/site-packages/airflow/example_dags/example_dag_decorator.py
[2025-06-13T14:48:14.028-0400] {processor.py:914} INFO - Processing file /Users/pranavr/.pyenv/versions/3.11.6/lib/python3.11/site-packages/airflow/example_dags/example_dag_decorator.py for tasks to queue
[2025-06-13T14:48:14.029-0400] {logging_mixin.py:190} INFO - [2025-06-13T14:48:14.029-0400] {dagbag.py:588} INFO - Filling up the DagBag from /Users/pranavr/.pyenv/versions/3.11.6/lib/python3.11/site-packages/airflow/example_dags/example_dag_decorator.py
[2025-06-13T14:48:14.103-0400] {processor.py:925} INFO - DAG(s) 'example_dag_decorator' retrieved from /Users/pranavr/.pyenv/versions/3.11.6/lib/python3.11/site-packages/airflow/example_dags/example_dag_decorator.py
[2025-06-13T14:48:14.182-0400] {logging_mixin.py:190} INFO - [2025-06-13T14:48:14.182-0400] {dag.py:3239} INFO - Sync 1 DAGs
[2025-06-13T14:48:14.186-0400] {logging_mixin.py:190} INFO - [2025-06-13T14:48:14.186-0400] {dag.py:4180} INFO - Setting next_dagrun for example_dag_decorator to None, run_after=None
[2025-06-13T14:48:14.195-0400] {processor.py:208} INFO - Processing /Users/pranavr/.pyenv/versions/3.11.6/lib/python3.11/site-packages/airflow/example_dags/example_dag_decorator.py took 170.190 seconds
[2025-06-13T14:50:41.465-0400] {processor.py:186} INFO - Started process (PID=12720) to work on /Users/pranavr/.pyenv/versions/3.11.6/lib/python3.11/site-packages/airflow/example_dags/example_dag_decorator.py
[2025-06-13T14:50:41.468-0400] {processor.py:914} INFO - Processing file /Users/pranavr/.pyenv/versions/3.11.6/lib/python3.11/site-packages/airflow/example_dags/example_dag_decorator.py for tasks to queue
[2025-06-13T14:50:41.468-0400] {logging_mixin.py:190} INFO - [2025-06-13T14:50:41.468-0400] {dagbag.py:588} INFO - Filling up the DagBag from /Users/pranavr/.pyenv/versions/3.11.6/lib/python3.11/site-packages/airflow/example_dags/example_dag_decorator.py
[2025-06-13T14:50:41.546-0400] {processor.py:925} INFO - DAG(s) 'example_dag_decorator' retrieved from /Users/pranavr/.pyenv/versions/3.11.6/lib/python3.11/site-packages/airflow/example_dags/example_dag_decorator.py
[2025-06-13T14:50:41.620-0400] {logging_mixin.py:190} INFO - [2025-06-13T14:50:41.620-0400] {dag.py:3239} INFO - Sync 1 DAGs
[2025-06-13T14:50:41.624-0400] {logging_mixin.py:190} INFO - [2025-06-13T14:50:41.624-0400] {dag.py:4180} INFO - Setting next_dagrun for example_dag_decorator to None, run_after=None
[2025-06-13T14:50:41.630-0400] {processor.py:208} INFO - Processing /Users/pranavr/.pyenv/versions/3.11.6/lib/python3.11/site-packages/airflow/example_dags/example_dag_decorator.py took 165.797 seconds
[2025-06-13T14:53:11.138-0400] {processor.py:186} INFO - Started process (PID=14069) to work on /Users/pranavr/.pyenv/versions/3.11.6/lib/python3.11/site-packages/airflow/example_dags/example_dag_decorator.py
[2025-06-13T14:53:11.140-0400] {processor.py:914} INFO - Processing file /Users/pranavr/.pyenv/versions/3.11.6/lib/python3.11/site-packages/airflow/example_dags/example_dag_decorator.py for tasks to queue
[2025-06-13T14:53:11.140-0400] {logging_mixin.py:190} INFO - [2025-06-13T14:53:11.140-0400] {dagbag.py:588} INFO - Filling up the DagBag from /Users/pranavr/.pyenv/versions/3.11.6/lib/python3.11/site-packages/airflow/example_dags/example_dag_decorator.py
[2025-06-13T14:53:11.221-0400] {processor.py:925} INFO - DAG(s) 'example_dag_decorator' retrieved from /Users/pranavr/.pyenv/versions/3.11.6/lib/python3.11/site-packages/airflow/example_dags/example_dag_decorator.py
[2025-06-13T14:53:11.297-0400] {logging_mixin.py:190} INFO - [2025-06-13T14:53:11.297-0400] {dag.py:3239} INFO - Sync 1 DAGs
[2025-06-13T14:53:11.300-0400] {logging_mixin.py:190} INFO - [2025-06-13T14:53:11.300-0400] {dag.py:4180} INFO - Setting next_dagrun for example_dag_decorator to None, run_after=None
[2025-06-13T14:53:11.307-0400] {processor.py:208} INFO - Processing /Users/pranavr/.pyenv/versions/3.11.6/lib/python3.11/site-packages/airflow/example_dags/example_dag_decorator.py took 169.788 seconds
[2025-06-13T14:55:46.102-0400] {processor.py:186} INFO - Started process (PID=14294) to work on /Users/pranavr/.pyenv/versions/3.11.6/lib/python3.11/site-packages/airflow/example_dags/example_dag_decorator.py
[2025-06-13T14:55:46.104-0400] {processor.py:914} INFO - Processing file /Users/pranavr/.pyenv/versions/3.11.6/lib/python3.11/site-packages/airflow/example_dags/example_dag_decorator.py for tasks to queue
[2025-06-13T14:55:46.105-0400] {logging_mixin.py:190} INFO - [2025-06-13T14:55:46.105-0400] {dagbag.py:588} INFO - Filling up the DagBag from /Users/pranavr/.pyenv/versions/3.11.6/lib/python3.11/site-packages/airflow/example_dags/example_dag_decorator.py
[2025-06-13T14:55:46.184-0400] {processor.py:925} INFO - DAG(s) 'example_dag_decorator' retrieved from /Users/pranavr/.pyenv/versions/3.11.6/lib/python3.11/site-packages/airflow/example_dags/example_dag_decorator.py
[2025-06-13T14:55:46.259-0400] {logging_mixin.py:190} INFO - [2025-06-13T14:55:46.259-0400] {dag.py:3239} INFO - Sync 1 DAGs
[2025-06-13T14:55:46.263-0400] {logging_mixin.py:190} INFO - [2025-06-13T14:55:46.263-0400] {dag.py:4180} INFO - Setting next_dagrun for example_dag_decorator to None, run_after=None
[2025-06-13T14:55:46.270-0400] {processor.py:208} INFO - Processing /Users/pranavr/.pyenv/versions/3.11.6/lib/python3.11/site-packages/airflow/example_dags/example_dag_decorator.py took 169.238 seconds
[2025-06-13T14:58:22.138-0400] {processor.py:186} INFO - Started process (PID=14669) to work on /Users/pranavr/.pyenv/versions/3.11.6/lib/python3.11/site-packages/airflow/example_dags/example_dag_decorator.py
[2025-06-13T14:58:22.140-0400] {processor.py:914} INFO - Processing file /Users/pranavr/.pyenv/versions/3.11.6/lib/python3.11/site-packages/airflow/example_dags/example_dag_decorator.py for tasks to queue
[2025-06-13T14:58:22.141-0400] {logging_mixin.py:190} INFO - [2025-06-13T14:58:22.141-0400] {dagbag.py:588} INFO - Filling up the DagBag from /Users/pranavr/.pyenv/versions/3.11.6/lib/python3.11/site-packages/airflow/example_dags/example_dag_decorator.py
[2025-06-13T14:58:22.234-0400] {processor.py:925} INFO - DAG(s) 'example_dag_decorator' retrieved from /Users/pranavr/.pyenv/versions/3.11.6/lib/python3.11/site-packages/airflow/example_dags/example_dag_decorator.py
[2025-06-13T14:58:22.323-0400] {logging_mixin.py:190} INFO - [2025-06-13T14:58:22.322-0400] {dag.py:3239} INFO - Sync 1 DAGs
[2025-06-13T14:58:22.327-0400] {logging_mixin.py:190} INFO - [2025-06-13T14:58:22.327-0400] {dag.py:4180} INFO - Setting next_dagrun for example_dag_decorator to None, run_after=None
[2025-06-13T14:58:22.334-0400] {processor.py:208} INFO - Processing /Users/pranavr/.pyenv/versions/3.11.6/lib/python3.11/site-packages/airflow/example_dags/example_dag_decorator.py took 197.096 seconds
[2025-06-13T15:01:50.151-0400] {processor.py:186} INFO - Started process (PID=15166) to work on /Users/pranavr/.pyenv/versions/3.11.6/lib/python3.11/site-packages/airflow/example_dags/example_dag_decorator.py
[2025-06-13T15:01:50.153-0400] {processor.py:914} INFO - Processing file /Users/pranavr/.pyenv/versions/3.11.6/lib/python3.11/site-packages/airflow/example_dags/example_dag_decorator.py for tasks to queue
[2025-06-13T15:01:50.154-0400] {logging_mixin.py:190} INFO - [2025-06-13T15:01:50.154-0400] {dagbag.py:588} INFO - Filling up the DagBag from /Users/pranavr/.pyenv/versions/3.11.6/lib/python3.11/site-packages/airflow/example_dags/example_dag_decorator.py
[2025-06-13T15:01:50.256-0400] {processor.py:925} INFO - DAG(s) 'example_dag_decorator' retrieved from /Users/pranavr/.pyenv/versions/3.11.6/lib/python3.11/site-packages/airflow/example_dags/example_dag_decorator.py
[2025-06-13T15:01:50.352-0400] {logging_mixin.py:190} INFO - [2025-06-13T15:01:50.352-0400] {dag.py:3239} INFO - Sync 1 DAGs
[2025-06-13T15:01:50.357-0400] {logging_mixin.py:190} INFO - [2025-06-13T15:01:50.357-0400] {dag.py:4180} INFO - Setting next_dagrun for example_dag_decorator to None, run_after=None
[2025-06-13T15:01:50.366-0400] {processor.py:208} INFO - Processing /Users/pranavr/.pyenv/versions/3.11.6/lib/python3.11/site-packages/airflow/example_dags/example_dag_decorator.py took 216.253 seconds
[2025-06-13T15:05:52.901-0400] {processor.py:186} INFO - Started process (PID=16230) to work on /Users/pranavr/.pyenv/versions/3.11.6/lib/python3.11/site-packages/airflow/example_dags/example_dag_decorator.py
[2025-06-13T15:05:52.903-0400] {processor.py:914} INFO - Processing file /Users/pranavr/.pyenv/versions/3.11.6/lib/python3.11/site-packages/airflow/example_dags/example_dag_decorator.py for tasks to queue
[2025-06-13T15:05:52.903-0400] {logging_mixin.py:190} INFO - [2025-06-13T15:05:52.903-0400] {dagbag.py:588} INFO - Filling up the DagBag from /Users/pranavr/.pyenv/versions/3.11.6/lib/python3.11/site-packages/airflow/example_dags/example_dag_decorator.py
[2025-06-13T15:05:53.003-0400] {processor.py:925} INFO - DAG(s) 'example_dag_decorator' retrieved from /Users/pranavr/.pyenv/versions/3.11.6/lib/python3.11/site-packages/airflow/example_dags/example_dag_decorator.py
[2025-06-13T15:05:53.087-0400] {logging_mixin.py:190} INFO - [2025-06-13T15:05:53.087-0400] {dag.py:3239} INFO - Sync 1 DAGs
[2025-06-13T15:05:53.091-0400] {logging_mixin.py:190} INFO - [2025-06-13T15:05:53.091-0400] {dag.py:4180} INFO - Setting next_dagrun for example_dag_decorator to None, run_after=None
[2025-06-13T15:05:53.098-0400] {processor.py:208} INFO - Processing /Users/pranavr/.pyenv/versions/3.11.6/lib/python3.11/site-packages/airflow/example_dags/example_dag_decorator.py took 199.428 seconds
[2025-06-13T15:08:32.174-0400] {processor.py:186} INFO - Started process (PID=16495) to work on /Users/pranavr/.pyenv/versions/3.11.6/lib/python3.11/site-packages/airflow/example_dags/example_dag_decorator.py
[2025-06-13T15:08:32.176-0400] {processor.py:914} INFO - Processing file /Users/pranavr/.pyenv/versions/3.11.6/lib/python3.11/site-packages/airflow/example_dags/example_dag_decorator.py for tasks to queue
[2025-06-13T15:08:32.176-0400] {logging_mixin.py:190} INFO - [2025-06-13T15:08:32.176-0400] {dagbag.py:588} INFO - Filling up the DagBag from /Users/pranavr/.pyenv/versions/3.11.6/lib/python3.11/site-packages/airflow/example_dags/example_dag_decorator.py
[2025-06-13T15:08:32.270-0400] {processor.py:925} INFO - DAG(s) 'example_dag_decorator' retrieved from /Users/pranavr/.pyenv/versions/3.11.6/lib/python3.11/site-packages/airflow/example_dags/example_dag_decorator.py
[2025-06-13T15:08:32.354-0400] {logging_mixin.py:190} INFO - [2025-06-13T15:08:32.354-0400] {dag.py:3239} INFO - Sync 1 DAGs
[2025-06-13T15:08:32.358-0400] {logging_mixin.py:190} INFO - [2025-06-13T15:08:32.358-0400] {dag.py:4180} INFO - Setting next_dagrun for example_dag_decorator to None, run_after=None
[2025-06-13T15:08:32.365-0400] {processor.py:208} INFO - Processing /Users/pranavr/.pyenv/versions/3.11.6/lib/python3.11/site-packages/airflow/example_dags/example_dag_decorator.py took 192.761 seconds
[2025-06-13T15:11:20.488-0400] {processor.py:186} INFO - Started process (PID=16847) to work on /Users/pranavr/.pyenv/versions/3.11.6/lib/python3.11/site-packages/airflow/example_dags/example_dag_decorator.py
[2025-06-13T15:11:20.491-0400] {processor.py:914} INFO - Processing file /Users/pranavr/.pyenv/versions/3.11.6/lib/python3.11/site-packages/airflow/example_dags/example_dag_decorator.py for tasks to queue
[2025-06-13T15:11:20.492-0400] {logging_mixin.py:190} INFO - [2025-06-13T15:11:20.492-0400] {dagbag.py:588} INFO - Filling up the DagBag from /Users/pranavr/.pyenv/versions/3.11.6/lib/python3.11/site-packages/airflow/example_dags/example_dag_decorator.py
[2025-06-13T15:11:20.592-0400] {processor.py:925} INFO - DAG(s) 'example_dag_decorator' retrieved from /Users/pranavr/.pyenv/versions/3.11.6/lib/python3.11/site-packages/airflow/example_dags/example_dag_decorator.py
[2025-06-13T15:11:20.687-0400] {logging_mixin.py:190} INFO - [2025-06-13T15:11:20.687-0400] {dag.py:3239} INFO - Sync 1 DAGs
[2025-06-13T15:11:20.691-0400] {logging_mixin.py:190} INFO - [2025-06-13T15:11:20.691-0400] {dag.py:4180} INFO - Setting next_dagrun for example_dag_decorator to None, run_after=None
[2025-06-13T15:11:20.698-0400] {processor.py:208} INFO - Processing /Users/pranavr/.pyenv/versions/3.11.6/lib/python3.11/site-packages/airflow/example_dags/example_dag_decorator.py took 210.660 seconds
[2025-06-13T15:20:05.112-0400] {processor.py:186} INFO - Started process (PID=17858) to work on /Users/pranavr/.pyenv/versions/3.11.6/lib/python3.11/site-packages/airflow/example_dags/example_dag_decorator.py
[2025-06-13T15:20:05.114-0400] {processor.py:914} INFO - Processing file /Users/pranavr/.pyenv/versions/3.11.6/lib/python3.11/site-packages/airflow/example_dags/example_dag_decorator.py for tasks to queue
[2025-06-13T15:20:05.114-0400] {logging_mixin.py:190} INFO - [2025-06-13T15:20:05.114-0400] {dagbag.py:588} INFO - Filling up the DagBag from /Users/pranavr/.pyenv/versions/3.11.6/lib/python3.11/site-packages/airflow/example_dags/example_dag_decorator.py
[2025-06-13T15:20:05.212-0400] {processor.py:925} INFO - DAG(s) 'example_dag_decorator' retrieved from /Users/pranavr/.pyenv/versions/3.11.6/lib/python3.11/site-packages/airflow/example_dags/example_dag_decorator.py
[2025-06-13T15:20:05.302-0400] {logging_mixin.py:190} INFO - [2025-06-13T15:20:05.302-0400] {dag.py:3239} INFO - Sync 1 DAGs
[2025-06-13T15:20:05.306-0400] {logging_mixin.py:190} INFO - [2025-06-13T15:20:05.306-0400] {dag.py:4180} INFO - Setting next_dagrun for example_dag_decorator to None, run_after=None
[2025-06-13T15:20:05.313-0400] {processor.py:208} INFO - Processing /Users/pranavr/.pyenv/versions/3.11.6/lib/python3.11/site-packages/airflow/example_dags/example_dag_decorator.py took 202.816 seconds
[2025-06-13T15:26:22.206-0400] {processor.py:186} INFO - Started process (PID=19020) to work on /Users/pranavr/.pyenv/versions/3.11.6/lib/python3.11/site-packages/airflow/example_dags/example_dag_decorator.py
[2025-06-13T15:26:22.209-0400] {processor.py:914} INFO - Processing file /Users/pranavr/.pyenv/versions/3.11.6/lib/python3.11/site-packages/airflow/example_dags/example_dag_decorator.py for tasks to queue
[2025-06-13T15:26:22.209-0400] {logging_mixin.py:190} INFO - [2025-06-13T15:26:22.209-0400] {dagbag.py:588} INFO - Filling up the DagBag from /Users/pranavr/.pyenv/versions/3.11.6/lib/python3.11/site-packages/airflow/example_dags/example_dag_decorator.py
[2025-06-13T15:26:22.313-0400] {processor.py:925} INFO - DAG(s) 'example_dag_decorator' retrieved from /Users/pranavr/.pyenv/versions/3.11.6/lib/python3.11/site-packages/airflow/example_dags/example_dag_decorator.py
[2025-06-13T15:26:22.390-0400] {logging_mixin.py:190} INFO - [2025-06-13T15:26:22.389-0400] {override.py:1930} INFO - Created Permission View: can delete on DAG:example_dag_decorator
[2025-06-13T15:26:22.394-0400] {logging_mixin.py:190} INFO - [2025-06-13T15:26:22.393-0400] {override.py:1930} INFO - Created Permission View: can read on DAG:example_dag_decorator
[2025-06-13T15:26:22.397-0400] {logging_mixin.py:190} INFO - [2025-06-13T15:26:22.397-0400] {override.py:1930} INFO - Created Permission View: can edit on DAG:example_dag_decorator
[2025-06-13T15:26:22.401-0400] {logging_mixin.py:190} INFO - [2025-06-13T15:26:22.401-0400] {override.py:1930} INFO - Created Permission View: can delete on DAG Run:example_dag_decorator
[2025-06-13T15:26:22.403-0400] {logging_mixin.py:190} INFO - [2025-06-13T15:26:22.403-0400] {override.py:1930} INFO - Created Permission View: can read on DAG Run:example_dag_decorator
[2025-06-13T15:26:22.405-0400] {logging_mixin.py:190} INFO - [2025-06-13T15:26:22.405-0400] {override.py:1930} INFO - Created Permission View: menu access on DAG Run:example_dag_decorator
[2025-06-13T15:26:22.408-0400] {logging_mixin.py:190} INFO - [2025-06-13T15:26:22.408-0400] {override.py:1930} INFO - Created Permission View: can create on DAG Run:example_dag_decorator
[2025-06-13T15:26:22.408-0400] {logging_mixin.py:190} INFO - [2025-06-13T15:26:22.408-0400] {dag.py:3239} INFO - Sync 1 DAGs
[2025-06-13T15:26:22.413-0400] {logging_mixin.py:190} INFO - [2025-06-13T15:26:22.413-0400] {dag.py:3262} INFO - Creating ORM DAG for example_dag_decorator
[2025-06-13T15:26:22.413-0400] {logging_mixin.py:190} INFO - [2025-06-13T15:26:22.413-0400] {dag.py:4180} INFO - Setting next_dagrun for example_dag_decorator to None, run_after=None
[2025-06-13T15:26:22.421-0400] {processor.py:208} INFO - Processing /Users/pranavr/.pyenv/versions/3.11.6/lib/python3.11/site-packages/airflow/example_dags/example_dag_decorator.py took 215.815 seconds
[2025-06-13T15:31:40.659-0400] {processor.py:186} INFO - Started process (PID=19964) to work on /Users/pranavr/.pyenv/versions/3.11.6/lib/python3.11/site-packages/airflow/example_dags/example_dag_decorator.py
[2025-06-13T15:31:40.661-0400] {processor.py:914} INFO - Processing file /Users/pranavr/.pyenv/versions/3.11.6/lib/python3.11/site-packages/airflow/example_dags/example_dag_decorator.py for tasks to queue
[2025-06-13T15:31:40.661-0400] {logging_mixin.py:190} INFO - [2025-06-13T15:31:40.661-0400] {dagbag.py:588} INFO - Filling up the DagBag from /Users/pranavr/.pyenv/versions/3.11.6/lib/python3.11/site-packages/airflow/example_dags/example_dag_decorator.py
[2025-06-13T15:31:40.761-0400] {processor.py:925} INFO - DAG(s) 'example_dag_decorator' retrieved from /Users/pranavr/.pyenv/versions/3.11.6/lib/python3.11/site-packages/airflow/example_dags/example_dag_decorator.py
[2025-06-13T15:31:40.837-0400] {logging_mixin.py:190} INFO - [2025-06-13T15:31:40.837-0400] {override.py:1930} INFO - Created Permission View: can edit on DAG:example_dag_decorator
[2025-06-13T15:31:40.841-0400] {logging_mixin.py:190} INFO - [2025-06-13T15:31:40.841-0400] {override.py:1930} INFO - Created Permission View: can read on DAG:example_dag_decorator
[2025-06-13T15:31:40.844-0400] {logging_mixin.py:190} INFO - [2025-06-13T15:31:40.844-0400] {override.py:1930} INFO - Created Permission View: can delete on DAG:example_dag_decorator
[2025-06-13T15:31:40.848-0400] {logging_mixin.py:190} INFO - [2025-06-13T15:31:40.848-0400] {override.py:1930} INFO - Created Permission View: menu access on DAG Run:example_dag_decorator
[2025-06-13T15:31:40.851-0400] {logging_mixin.py:190} INFO - [2025-06-13T15:31:40.850-0400] {override.py:1930} INFO - Created Permission View: can read on DAG Run:example_dag_decorator
[2025-06-13T15:31:40.853-0400] {logging_mixin.py:190} INFO - [2025-06-13T15:31:40.853-0400] {override.py:1930} INFO - Created Permission View: can create on DAG Run:example_dag_decorator
[2025-06-13T15:31:40.856-0400] {logging_mixin.py:190} INFO - [2025-06-13T15:31:40.856-0400] {override.py:1930} INFO - Created Permission View: can delete on DAG Run:example_dag_decorator
[2025-06-13T15:31:40.856-0400] {logging_mixin.py:190} INFO - [2025-06-13T15:31:40.856-0400] {dag.py:3239} INFO - Sync 1 DAGs
[2025-06-13T15:31:40.861-0400] {logging_mixin.py:190} INFO - [2025-06-13T15:31:40.861-0400] {dag.py:3262} INFO - Creating ORM DAG for example_dag_decorator
[2025-06-13T15:31:40.862-0400] {logging_mixin.py:190} INFO - [2025-06-13T15:31:40.862-0400] {dag.py:4180} INFO - Setting next_dagrun for example_dag_decorator to None, run_after=None
[2025-06-13T15:31:40.868-0400] {processor.py:208} INFO - Processing /Users/pranavr/.pyenv/versions/3.11.6/lib/python3.11/site-packages/airflow/example_dags/example_dag_decorator.py took 211.181 seconds
[2025-06-13T15:37:12.352-0400] {processor.py:186} INFO - Started process (PID=20635) to work on /Users/pranavr/.pyenv/versions/3.11.6/lib/python3.11/site-packages/airflow/example_dags/example_dag_decorator.py
[2025-06-13T15:37:12.354-0400] {processor.py:914} INFO - Processing file /Users/pranavr/.pyenv/versions/3.11.6/lib/python3.11/site-packages/airflow/example_dags/example_dag_decorator.py for tasks to queue
[2025-06-13T15:37:12.355-0400] {logging_mixin.py:190} INFO - [2025-06-13T15:37:12.355-0400] {dagbag.py:588} INFO - Filling up the DagBag from /Users/pranavr/.pyenv/versions/3.11.6/lib/python3.11/site-packages/airflow/example_dags/example_dag_decorator.py
[2025-06-13T15:37:12.449-0400] {processor.py:925} INFO - DAG(s) 'example_dag_decorator' retrieved from /Users/pranavr/.pyenv/versions/3.11.6/lib/python3.11/site-packages/airflow/example_dags/example_dag_decorator.py
[2025-06-13T15:37:12.521-0400] {logging_mixin.py:190} INFO - [2025-06-13T15:37:12.521-0400] {override.py:1930} INFO - Created Permission View: can delete on DAG:example_dag_decorator
[2025-06-13T15:37:12.525-0400] {logging_mixin.py:190} INFO - [2025-06-13T15:37:12.525-0400] {override.py:1930} INFO - Created Permission View: can edit on DAG:example_dag_decorator
[2025-06-13T15:37:12.528-0400] {logging_mixin.py:190} INFO - [2025-06-13T15:37:12.528-0400] {override.py:1930} INFO - Created Permission View: can read on DAG:example_dag_decorator
[2025-06-13T15:37:12.531-0400] {logging_mixin.py:190} INFO - [2025-06-13T15:37:12.531-0400] {override.py:1930} INFO - Created Permission View: can delete on DAG Run:example_dag_decorator
[2025-06-13T15:37:12.534-0400] {logging_mixin.py:190} INFO - [2025-06-13T15:37:12.533-0400] {override.py:1930} INFO - Created Permission View: menu access on DAG Run:example_dag_decorator
[2025-06-13T15:37:12.536-0400] {logging_mixin.py:190} INFO - [2025-06-13T15:37:12.536-0400] {override.py:1930} INFO - Created Permission View: can create on DAG Run:example_dag_decorator
[2025-06-13T15:37:12.538-0400] {logging_mixin.py:190} INFO - [2025-06-13T15:37:12.538-0400] {override.py:1930} INFO - Created Permission View: can read on DAG Run:example_dag_decorator
[2025-06-13T15:37:12.538-0400] {logging_mixin.py:190} INFO - [2025-06-13T15:37:12.538-0400] {dag.py:3239} INFO - Sync 1 DAGs
[2025-06-13T15:37:12.543-0400] {logging_mixin.py:190} INFO - [2025-06-13T15:37:12.543-0400] {dag.py:3262} INFO - Creating ORM DAG for example_dag_decorator
[2025-06-13T15:37:12.543-0400] {logging_mixin.py:190} INFO - [2025-06-13T15:37:12.543-0400] {dag.py:4180} INFO - Setting next_dagrun for example_dag_decorator to None, run_after=None
[2025-06-13T15:37:12.550-0400] {processor.py:208} INFO - Processing /Users/pranavr/.pyenv/versions/3.11.6/lib/python3.11/site-packages/airflow/example_dags/example_dag_decorator.py took 198.961 seconds
[2025-06-13T15:40:00.053-0400] {processor.py:186} INFO - Started process (PID=20897) to work on /Users/pranavr/.pyenv/versions/3.11.6/lib/python3.11/site-packages/airflow/example_dags/example_dag_decorator.py
[2025-06-13T15:40:00.055-0400] {processor.py:914} INFO - Processing file /Users/pranavr/.pyenv/versions/3.11.6/lib/python3.11/site-packages/airflow/example_dags/example_dag_decorator.py for tasks to queue
[2025-06-13T15:40:00.056-0400] {logging_mixin.py:190} INFO - [2025-06-13T15:40:00.056-0400] {dagbag.py:588} INFO - Filling up the DagBag from /Users/pranavr/.pyenv/versions/3.11.6/lib/python3.11/site-packages/airflow/example_dags/example_dag_decorator.py
[2025-06-13T15:40:00.173-0400] {processor.py:925} INFO - DAG(s) 'example_dag_decorator' retrieved from /Users/pranavr/.pyenv/versions/3.11.6/lib/python3.11/site-packages/airflow/example_dags/example_dag_decorator.py
[2025-06-13T15:40:00.267-0400] {logging_mixin.py:190} INFO - [2025-06-13T15:40:00.267-0400] {dag.py:3239} INFO - Sync 1 DAGs
[2025-06-13T15:40:00.271-0400] {logging_mixin.py:190} INFO - [2025-06-13T15:40:00.271-0400] {dag.py:4180} INFO - Setting next_dagrun for example_dag_decorator to None, run_after=None
[2025-06-13T15:40:00.279-0400] {processor.py:208} INFO - Processing /Users/pranavr/.pyenv/versions/3.11.6/lib/python3.11/site-packages/airflow/example_dags/example_dag_decorator.py took 226.954 seconds
[2025-06-13T15:44:44.629-0400] {processor.py:186} INFO - Started process (PID=21803) to work on /Users/pranavr/.pyenv/versions/3.11.6/lib/python3.11/site-packages/airflow/example_dags/example_dag_decorator.py
[2025-06-13T15:44:44.631-0400] {processor.py:914} INFO - Processing file /Users/pranavr/.pyenv/versions/3.11.6/lib/python3.11/site-packages/airflow/example_dags/example_dag_decorator.py for tasks to queue
[2025-06-13T15:44:44.631-0400] {logging_mixin.py:190} INFO - [2025-06-13T15:44:44.631-0400] {dagbag.py:588} INFO - Filling up the DagBag from /Users/pranavr/.pyenv/versions/3.11.6/lib/python3.11/site-packages/airflow/example_dags/example_dag_decorator.py
[2025-06-13T15:44:44.734-0400] {processor.py:925} INFO - DAG(s) 'example_dag_decorator' retrieved from /Users/pranavr/.pyenv/versions/3.11.6/lib/python3.11/site-packages/airflow/example_dags/example_dag_decorator.py
[2025-06-13T15:44:44.823-0400] {logging_mixin.py:190} INFO - [2025-06-13T15:44:44.823-0400] {override.py:1930} INFO - Created Permission View: can read on DAG:example_dag_decorator
[2025-06-13T15:44:44.827-0400] {logging_mixin.py:190} INFO - [2025-06-13T15:44:44.827-0400] {override.py:1930} INFO - Created Permission View: can delete on DAG:example_dag_decorator
[2025-06-13T15:44:44.830-0400] {logging_mixin.py:190} INFO - [2025-06-13T15:44:44.830-0400] {override.py:1930} INFO - Created Permission View: can edit on DAG:example_dag_decorator
[2025-06-13T15:44:44.833-0400] {logging_mixin.py:190} INFO - [2025-06-13T15:44:44.833-0400] {override.py:1930} INFO - Created Permission View: can read on DAG Run:example_dag_decorator
[2025-06-13T15:44:44.836-0400] {logging_mixin.py:190} INFO - [2025-06-13T15:44:44.835-0400] {override.py:1930} INFO - Created Permission View: can create on DAG Run:example_dag_decorator
[2025-06-13T15:44:44.838-0400] {logging_mixin.py:190} INFO - [2025-06-13T15:44:44.838-0400] {override.py:1930} INFO - Created Permission View: menu access on DAG Run:example_dag_decorator
[2025-06-13T15:44:44.840-0400] {logging_mixin.py:190} INFO - [2025-06-13T15:44:44.840-0400] {override.py:1930} INFO - Created Permission View: can delete on DAG Run:example_dag_decorator
[2025-06-13T15:44:44.840-0400] {logging_mixin.py:190} INFO - [2025-06-13T15:44:44.840-0400] {dag.py:3239} INFO - Sync 1 DAGs
[2025-06-13T15:44:44.845-0400] {logging_mixin.py:190} INFO - [2025-06-13T15:44:44.845-0400] {dag.py:3262} INFO - Creating ORM DAG for example_dag_decorator
[2025-06-13T15:44:44.845-0400] {logging_mixin.py:190} INFO - [2025-06-13T15:44:44.845-0400] {dag.py:4180} INFO - Setting next_dagrun for example_dag_decorator to None, run_after=None
[2025-06-13T15:44:44.853-0400] {processor.py:208} INFO - Processing /Users/pranavr/.pyenv/versions/3.11.6/lib/python3.11/site-packages/airflow/example_dags/example_dag_decorator.py took 225.589 seconds
[2025-06-13T15:47:42.097-0400] {processor.py:186} INFO - Started process (PID=22092) to work on /Users/pranavr/.pyenv/versions/3.11.6/lib/python3.11/site-packages/airflow/example_dags/example_dag_decorator.py
[2025-06-13T15:47:42.100-0400] {processor.py:914} INFO - Processing file /Users/pranavr/.pyenv/versions/3.11.6/lib/python3.11/site-packages/airflow/example_dags/example_dag_decorator.py for tasks to queue
[2025-06-13T15:47:42.100-0400] {logging_mixin.py:190} INFO - [2025-06-13T15:47:42.100-0400] {dagbag.py:588} INFO - Filling up the DagBag from /Users/pranavr/.pyenv/versions/3.11.6/lib/python3.11/site-packages/airflow/example_dags/example_dag_decorator.py
[2025-06-13T15:47:42.192-0400] {processor.py:925} INFO - DAG(s) 'example_dag_decorator' retrieved from /Users/pranavr/.pyenv/versions/3.11.6/lib/python3.11/site-packages/airflow/example_dags/example_dag_decorator.py
[2025-06-13T15:47:42.278-0400] {logging_mixin.py:190} INFO - [2025-06-13T15:47:42.278-0400] {dag.py:3239} INFO - Sync 1 DAGs
[2025-06-13T15:47:42.282-0400] {logging_mixin.py:190} INFO - [2025-06-13T15:47:42.282-0400] {dag.py:4180} INFO - Setting next_dagrun for example_dag_decorator to None, run_after=None
[2025-06-13T15:47:42.289-0400] {processor.py:208} INFO - Processing /Users/pranavr/.pyenv/versions/3.11.6/lib/python3.11/site-packages/airflow/example_dags/example_dag_decorator.py took 193.204 seconds
[2025-06-13T15:50:31.646-0400] {processor.py:186} INFO - Started process (PID=22372) to work on /Users/pranavr/.pyenv/versions/3.11.6/lib/python3.11/site-packages/airflow/example_dags/example_dag_decorator.py
[2025-06-13T15:50:31.648-0400] {processor.py:914} INFO - Processing file /Users/pranavr/.pyenv/versions/3.11.6/lib/python3.11/site-packages/airflow/example_dags/example_dag_decorator.py for tasks to queue
[2025-06-13T15:50:31.648-0400] {logging_mixin.py:190} INFO - [2025-06-13T15:50:31.648-0400] {dagbag.py:588} INFO - Filling up the DagBag from /Users/pranavr/.pyenv/versions/3.11.6/lib/python3.11/site-packages/airflow/example_dags/example_dag_decorator.py
[2025-06-13T15:50:31.741-0400] {processor.py:925} INFO - DAG(s) 'example_dag_decorator' retrieved from /Users/pranavr/.pyenv/versions/3.11.6/lib/python3.11/site-packages/airflow/example_dags/example_dag_decorator.py
[2025-06-13T15:50:31.827-0400] {logging_mixin.py:190} INFO - [2025-06-13T15:50:31.827-0400] {dag.py:3239} INFO - Sync 1 DAGs
[2025-06-13T15:50:31.831-0400] {logging_mixin.py:190} INFO - [2025-06-13T15:50:31.831-0400] {dag.py:4180} INFO - Setting next_dagrun for example_dag_decorator to None, run_after=None
[2025-06-13T15:50:31.839-0400] {processor.py:208} INFO - Processing /Users/pranavr/.pyenv/versions/3.11.6/lib/python3.11/site-packages/airflow/example_dags/example_dag_decorator.py took 193.907 seconds
[2025-06-13T15:52:59.722-0400] {processor.py:186} INFO - Started process (PID=22699) to work on /Users/pranavr/.pyenv/versions/3.11.6/lib/python3.11/site-packages/airflow/example_dags/example_dag_decorator.py
[2025-06-13T15:52:59.723-0400] {processor.py:914} INFO - Processing file /Users/pranavr/.pyenv/versions/3.11.6/lib/python3.11/site-packages/airflow/example_dags/example_dag_decorator.py for tasks to queue
[2025-06-13T15:52:59.724-0400] {logging_mixin.py:190} INFO - [2025-06-13T15:52:59.724-0400] {dagbag.py:588} INFO - Filling up the DagBag from /Users/pranavr/.pyenv/versions/3.11.6/lib/python3.11/site-packages/airflow/example_dags/example_dag_decorator.py
[2025-06-13T15:52:59.807-0400] {processor.py:925} INFO - DAG(s) 'example_dag_decorator' retrieved from /Users/pranavr/.pyenv/versions/3.11.6/lib/python3.11/site-packages/airflow/example_dags/example_dag_decorator.py
[2025-06-13T15:52:59.884-0400] {logging_mixin.py:190} INFO - [2025-06-13T15:52:59.884-0400] {dag.py:3239} INFO - Sync 1 DAGs
[2025-06-13T15:52:59.888-0400] {logging_mixin.py:190} INFO - [2025-06-13T15:52:59.887-0400] {dag.py:4180} INFO - Setting next_dagrun for example_dag_decorator to None, run_after=None
[2025-06-13T15:52:59.894-0400] {processor.py:208} INFO - Processing /Users/pranavr/.pyenv/versions/3.11.6/lib/python3.11/site-packages/airflow/example_dags/example_dag_decorator.py took 173.718 seconds
[2025-06-13T15:55:27.227-0400] {processor.py:186} INFO - Started process (PID=22935) to work on /Users/pranavr/.pyenv/versions/3.11.6/lib/python3.11/site-packages/airflow/example_dags/example_dag_decorator.py
[2025-06-13T15:55:27.230-0400] {processor.py:914} INFO - Processing file /Users/pranavr/.pyenv/versions/3.11.6/lib/python3.11/site-packages/airflow/example_dags/example_dag_decorator.py for tasks to queue
[2025-06-13T15:55:27.230-0400] {logging_mixin.py:190} INFO - [2025-06-13T15:55:27.230-0400] {dagbag.py:588} INFO - Filling up the DagBag from /Users/pranavr/.pyenv/versions/3.11.6/lib/python3.11/site-packages/airflow/example_dags/example_dag_decorator.py
[2025-06-13T15:55:27.309-0400] {processor.py:925} INFO - DAG(s) 'example_dag_decorator' retrieved from /Users/pranavr/.pyenv/versions/3.11.6/lib/python3.11/site-packages/airflow/example_dags/example_dag_decorator.py
[2025-06-13T15:55:27.388-0400] {logging_mixin.py:190} INFO - [2025-06-13T15:55:27.387-0400] {dag.py:3239} INFO - Sync 1 DAGs
[2025-06-13T15:55:27.391-0400] {logging_mixin.py:190} INFO - [2025-06-13T15:55:27.391-0400] {dag.py:4180} INFO - Setting next_dagrun for example_dag_decorator to None, run_after=None
[2025-06-13T15:55:27.398-0400] {processor.py:208} INFO - Processing /Users/pranavr/.pyenv/versions/3.11.6/lib/python3.11/site-packages/airflow/example_dags/example_dag_decorator.py took 171.765 seconds
[2025-06-13T15:57:50.730-0400] {processor.py:186} INFO - Started process (PID=23161) to work on /Users/pranavr/.pyenv/versions/3.11.6/lib/python3.11/site-packages/airflow/example_dags/example_dag_decorator.py
[2025-06-13T15:57:50.732-0400] {processor.py:914} INFO - Processing file /Users/pranavr/.pyenv/versions/3.11.6/lib/python3.11/site-packages/airflow/example_dags/example_dag_decorator.py for tasks to queue
[2025-06-13T15:57:50.732-0400] {logging_mixin.py:190} INFO - [2025-06-13T15:57:50.732-0400] {dagbag.py:588} INFO - Filling up the DagBag from /Users/pranavr/.pyenv/versions/3.11.6/lib/python3.11/site-packages/airflow/example_dags/example_dag_decorator.py
[2025-06-13T15:57:50.817-0400] {processor.py:925} INFO - DAG(s) 'example_dag_decorator' retrieved from /Users/pranavr/.pyenv/versions/3.11.6/lib/python3.11/site-packages/airflow/example_dags/example_dag_decorator.py
[2025-06-13T15:57:50.894-0400] {logging_mixin.py:190} INFO - [2025-06-13T15:57:50.894-0400] {dag.py:3239} INFO - Sync 1 DAGs
[2025-06-13T15:57:50.898-0400] {logging_mixin.py:190} INFO - [2025-06-13T15:57:50.898-0400] {dag.py:4180} INFO - Setting next_dagrun for example_dag_decorator to None, run_after=None
[2025-06-13T15:57:50.904-0400] {processor.py:208} INFO - Processing /Users/pranavr/.pyenv/versions/3.11.6/lib/python3.11/site-packages/airflow/example_dags/example_dag_decorator.py took 175.817 seconds
[2025-06-13T16:00:16.241-0400] {processor.py:186} INFO - Started process (PID=23538) to work on /Users/pranavr/.pyenv/versions/3.11.6/lib/python3.11/site-packages/airflow/example_dags/example_dag_decorator.py
[2025-06-13T16:00:16.244-0400] {processor.py:914} INFO - Processing file /Users/pranavr/.pyenv/versions/3.11.6/lib/python3.11/site-packages/airflow/example_dags/example_dag_decorator.py for tasks to queue
[2025-06-13T16:00:16.244-0400] {logging_mixin.py:190} INFO - [2025-06-13T16:00:16.244-0400] {dagbag.py:588} INFO - Filling up the DagBag from /Users/pranavr/.pyenv/versions/3.11.6/lib/python3.11/site-packages/airflow/example_dags/example_dag_decorator.py
[2025-06-13T16:00:16.326-0400] {processor.py:925} INFO - DAG(s) 'example_dag_decorator' retrieved from /Users/pranavr/.pyenv/versions/3.11.6/lib/python3.11/site-packages/airflow/example_dags/example_dag_decorator.py
[2025-06-13T16:00:16.404-0400] {logging_mixin.py:190} INFO - [2025-06-13T16:00:16.404-0400] {dag.py:3239} INFO - Sync 1 DAGs
[2025-06-13T16:00:16.407-0400] {logging_mixin.py:190} INFO - [2025-06-13T16:00:16.407-0400] {dag.py:4180} INFO - Setting next_dagrun for example_dag_decorator to None, run_after=None
[2025-06-13T16:00:16.414-0400] {processor.py:208} INFO - Processing /Users/pranavr/.pyenv/versions/3.11.6/lib/python3.11/site-packages/airflow/example_dags/example_dag_decorator.py took 173.927 seconds
[2025-06-13T16:02:48.817-0400] {processor.py:186} INFO - Started process (PID=23922) to work on /Users/pranavr/.pyenv/versions/3.11.6/lib/python3.11/site-packages/airflow/example_dags/example_dag_decorator.py
[2025-06-13T16:02:48.819-0400] {processor.py:914} INFO - Processing file /Users/pranavr/.pyenv/versions/3.11.6/lib/python3.11/site-packages/airflow/example_dags/example_dag_decorator.py for tasks to queue
[2025-06-13T16:02:48.819-0400] {logging_mixin.py:190} INFO - [2025-06-13T16:02:48.819-0400] {dagbag.py:588} INFO - Filling up the DagBag from /Users/pranavr/.pyenv/versions/3.11.6/lib/python3.11/site-packages/airflow/example_dags/example_dag_decorator.py
[2025-06-13T16:02:48.914-0400] {processor.py:925} INFO - DAG(s) 'example_dag_decorator' retrieved from /Users/pranavr/.pyenv/versions/3.11.6/lib/python3.11/site-packages/airflow/example_dags/example_dag_decorator.py
[2025-06-13T16:02:48.999-0400] {logging_mixin.py:190} INFO - [2025-06-13T16:02:48.999-0400] {dag.py:3239} INFO - Sync 1 DAGs
[2025-06-13T16:02:49.003-0400] {logging_mixin.py:190} INFO - [2025-06-13T16:02:49.003-0400] {dag.py:4180} INFO - Setting next_dagrun for example_dag_decorator to None, run_after=None
[2025-06-13T16:02:49.011-0400] {processor.py:208} INFO - Processing /Users/pranavr/.pyenv/versions/3.11.6/lib/python3.11/site-packages/airflow/example_dags/example_dag_decorator.py took 195.342 seconds
