[2025-06-13T14:10:47.924-0400] {processor.py:153} INFO - Started process (PID=97182) to work on /Users/pranavr/drift-retrainer/venv311/lib/python3.11/site-packages/airflow/example_dags/example_branch_day_of_week_operator.py
[2025-06-13T14:10:47.926-0400] {processor.py:743} INFO - Processing file /Users/pranavr/drift-retrainer/venv311/lib/python3.11/site-packages/airflow/example_dags/example_branch_day_of_week_operator.py for tasks to queue
[2025-06-13T14:10:47.926-0400] {logging_mixin.py:137} INFO - [2025-06-13T14:10:47.926-0400] {dagbag.py:538} INFO - Filling up the DagBag from /Users/pranavr/drift-retrainer/venv311/lib/python3.11/site-packages/airflow/example_dags/example_branch_day_of_week_operator.py
[2025-06-13T14:10:47.945-0400] {processor.py:753} INFO - DAG(s) dict_keys(['example_weekday_branch_operator']) retrieved from /Users/pranavr/drift-retrainer/venv311/lib/python3.11/site-packages/airflow/example_dags/example_branch_day_of_week_operator.py
[2025-06-13T14:10:48.432-0400] {logging_mixin.py:137} INFO - [2025-06-13T14:10:48.432-0400] {manager.py:504} INFO - Created Permission View: can delete on DAG:example_weekday_branch_operator
[2025-06-13T14:10:48.435-0400] {logging_mixin.py:137} INFO - [2025-06-13T14:10:48.435-0400] {manager.py:504} INFO - Created Permission View: can read on DAG:example_weekday_branch_operator
[2025-06-13T14:10:48.438-0400] {logging_mixin.py:137} INFO - [2025-06-13T14:10:48.438-0400] {manager.py:504} INFO - Created Permission View: can edit on DAG:example_weekday_branch_operator
[2025-06-13T14:10:48.439-0400] {logging_mixin.py:137} INFO - [2025-06-13T14:10:48.438-0400] {dag.py:2690} INFO - Sync 1 DAGs
[2025-06-13T14:10:48.443-0400] {logging_mixin.py:137} INFO - [2025-06-13T14:10:48.443-0400] {dag.py:2711} INFO - Creating ORM DAG for example_weekday_branch_operator
[2025-06-13T14:10:48.447-0400] {logging_mixin.py:137} INFO - [2025-06-13T14:10:48.447-0400] {dag.py:3437} INFO - Setting next_dagrun for example_weekday_branch_operator to 2025-06-12T00:00:00+00:00, run_after=2025-06-13T00:00:00+00:00
[2025-06-13T14:10:48.455-0400] {processor.py:175} INFO - Processing /Users/pranavr/drift-retrainer/venv311/lib/python3.11/site-packages/airflow/example_dags/example_branch_day_of_week_operator.py took 0.532 seconds
[2025-06-13T14:12:44.773-0400] {processor.py:153} INFO - Started process (PID=97743) to work on /Users/pranavr/drift-retrainer/venv311/lib/python3.11/site-packages/airflow/example_dags/example_branch_day_of_week_operator.py
[2025-06-13T14:12:44.775-0400] {processor.py:743} INFO - Processing file /Users/pranavr/drift-retrainer/venv311/lib/python3.11/site-packages/airflow/example_dags/example_branch_day_of_week_operator.py for tasks to queue
[2025-06-13T14:12:44.775-0400] {logging_mixin.py:137} INFO - [2025-06-13T14:12:44.775-0400] {dagbag.py:538} INFO - Filling up the DagBag from /Users/pranavr/drift-retrainer/venv311/lib/python3.11/site-packages/airflow/example_dags/example_branch_day_of_week_operator.py
[2025-06-13T14:12:44.793-0400] {processor.py:753} INFO - DAG(s) dict_keys(['example_weekday_branch_operator']) retrieved from /Users/pranavr/drift-retrainer/venv311/lib/python3.11/site-packages/airflow/example_dags/example_branch_day_of_week_operator.py
[2025-06-13T14:12:45.250-0400] {logging_mixin.py:137} INFO - [2025-06-13T14:12:45.250-0400] {dag.py:2690} INFO - Sync 1 DAGs
[2025-06-13T14:12:45.260-0400] {logging_mixin.py:137} INFO - [2025-06-13T14:12:45.260-0400] {dag.py:3437} INFO - Setting next_dagrun for example_weekday_branch_operator to 2025-06-12T00:00:00+00:00, run_after=2025-06-13T00:00:00+00:00
[2025-06-13T14:12:45.269-0400] {processor.py:175} INFO - Processing /Users/pranavr/drift-retrainer/venv311/lib/python3.11/site-packages/airflow/example_dags/example_branch_day_of_week_operator.py took 0.496 seconds
[2025-06-13T14:14:32.506-0400] {processor.py:153} INFO - Started process (PID=737) to work on /Users/pranavr/drift-retrainer/venv311/lib/python3.11/site-packages/airflow/example_dags/example_branch_day_of_week_operator.py
[2025-06-13T14:14:32.509-0400] {processor.py:743} INFO - Processing file /Users/pranavr/drift-retrainer/venv311/lib/python3.11/site-packages/airflow/example_dags/example_branch_day_of_week_operator.py for tasks to queue
[2025-06-13T14:14:32.509-0400] {logging_mixin.py:137} INFO - [2025-06-13T14:14:32.509-0400] {dagbag.py:538} INFO - Filling up the DagBag from /Users/pranavr/drift-retrainer/venv311/lib/python3.11/site-packages/airflow/example_dags/example_branch_day_of_week_operator.py
[2025-06-13T14:14:32.525-0400] {processor.py:753} INFO - DAG(s) dict_keys(['example_weekday_branch_operator']) retrieved from /Users/pranavr/drift-retrainer/venv311/lib/python3.11/site-packages/airflow/example_dags/example_branch_day_of_week_operator.py
[2025-06-13T14:14:32.977-0400] {logging_mixin.py:137} INFO - [2025-06-13T14:14:32.977-0400] {dag.py:2690} INFO - Sync 1 DAGs
[2025-06-13T14:14:32.985-0400] {logging_mixin.py:137} INFO - [2025-06-13T14:14:32.985-0400] {dag.py:3437} INFO - Setting next_dagrun for example_weekday_branch_operator to 2025-06-12T00:00:00+00:00, run_after=2025-06-13T00:00:00+00:00
[2025-06-13T14:14:32.994-0400] {processor.py:175} INFO - Processing /Users/pranavr/drift-retrainer/venv311/lib/python3.11/site-packages/airflow/example_dags/example_branch_day_of_week_operator.py took 0.489 seconds
[2025-06-13T14:16:30.680-0400] {processor.py:153} INFO - Started process (PID=3556) to work on /Users/pranavr/drift-retrainer/venv311/lib/python3.11/site-packages/airflow/example_dags/example_branch_day_of_week_operator.py
[2025-06-13T14:16:30.682-0400] {processor.py:743} INFO - Processing file /Users/pranavr/drift-retrainer/venv311/lib/python3.11/site-packages/airflow/example_dags/example_branch_day_of_week_operator.py for tasks to queue
[2025-06-13T14:16:30.682-0400] {logging_mixin.py:137} INFO - [2025-06-13T14:16:30.682-0400] {dagbag.py:538} INFO - Filling up the DagBag from /Users/pranavr/drift-retrainer/venv311/lib/python3.11/site-packages/airflow/example_dags/example_branch_day_of_week_operator.py
[2025-06-13T14:16:30.715-0400] {processor.py:753} INFO - DAG(s) dict_keys(['example_weekday_branch_operator']) retrieved from /Users/pranavr/drift-retrainer/venv311/lib/python3.11/site-packages/airflow/example_dags/example_branch_day_of_week_operator.py
[2025-06-13T14:16:31.179-0400] {logging_mixin.py:137} INFO - [2025-06-13T14:16:31.179-0400] {dag.py:2690} INFO - Sync 1 DAGs
[2025-06-13T14:16:31.188-0400] {logging_mixin.py:137} INFO - [2025-06-13T14:16:31.188-0400] {dag.py:3437} INFO - Setting next_dagrun for example_weekday_branch_operator to 2025-06-12T00:00:00+00:00, run_after=2025-06-13T00:00:00+00:00
[2025-06-13T14:16:31.198-0400] {processor.py:175} INFO - Processing /Users/pranavr/drift-retrainer/venv311/lib/python3.11/site-packages/airflow/example_dags/example_branch_day_of_week_operator.py took 0.519 seconds
[2025-06-13T14:18:22.716-0400] {processor.py:153} INFO - Started process (PID=6310) to work on /Users/pranavr/drift-retrainer/venv311/lib/python3.11/site-packages/airflow/example_dags/example_branch_day_of_week_operator.py
[2025-06-13T14:18:22.723-0400] {processor.py:743} INFO - Processing file /Users/pranavr/drift-retrainer/venv311/lib/python3.11/site-packages/airflow/example_dags/example_branch_day_of_week_operator.py for tasks to queue
[2025-06-13T14:18:22.724-0400] {logging_mixin.py:137} INFO - [2025-06-13T14:18:22.724-0400] {dagbag.py:538} INFO - Filling up the DagBag from /Users/pranavr/drift-retrainer/venv311/lib/python3.11/site-packages/airflow/example_dags/example_branch_day_of_week_operator.py
[2025-06-13T14:18:22.754-0400] {processor.py:753} INFO - DAG(s) dict_keys(['example_weekday_branch_operator']) retrieved from /Users/pranavr/drift-retrainer/venv311/lib/python3.11/site-packages/airflow/example_dags/example_branch_day_of_week_operator.py
[2025-06-13T14:18:23.255-0400] {logging_mixin.py:137} INFO - [2025-06-13T14:18:23.255-0400] {dag.py:2690} INFO - Sync 1 DAGs
[2025-06-13T14:18:23.263-0400] {logging_mixin.py:137} INFO - [2025-06-13T14:18:23.263-0400] {dag.py:3437} INFO - Setting next_dagrun for example_weekday_branch_operator to 2025-06-12T00:00:00+00:00, run_after=2025-06-13T00:00:00+00:00
[2025-06-13T14:18:23.271-0400] {processor.py:175} INFO - Processing /Users/pranavr/drift-retrainer/venv311/lib/python3.11/site-packages/airflow/example_dags/example_branch_day_of_week_operator.py took 0.560 seconds
[2025-06-13T14:20:28.248-0400] {processor.py:153} INFO - Started process (PID=6709) to work on /Users/pranavr/drift-retrainer/venv311/lib/python3.11/site-packages/airflow/example_dags/example_branch_day_of_week_operator.py
[2025-06-13T14:20:28.250-0400] {processor.py:743} INFO - Processing file /Users/pranavr/drift-retrainer/venv311/lib/python3.11/site-packages/airflow/example_dags/example_branch_day_of_week_operator.py for tasks to queue
[2025-06-13T14:20:28.251-0400] {logging_mixin.py:137} INFO - [2025-06-13T14:20:28.251-0400] {dagbag.py:538} INFO - Filling up the DagBag from /Users/pranavr/drift-retrainer/venv311/lib/python3.11/site-packages/airflow/example_dags/example_branch_day_of_week_operator.py
[2025-06-13T14:20:28.276-0400] {processor.py:753} INFO - DAG(s) dict_keys(['example_weekday_branch_operator']) retrieved from /Users/pranavr/drift-retrainer/venv311/lib/python3.11/site-packages/airflow/example_dags/example_branch_day_of_week_operator.py
[2025-06-13T14:20:28.302-0400] {logging_mixin.py:137} INFO - [2025-06-13T14:20:28.302-0400] {dag.py:2690} INFO - Sync 1 DAGs
[2025-06-13T14:20:28.847-0400] {logging_mixin.py:137} INFO - [2025-06-13T14:20:28.847-0400] {dag.py:3437} INFO - Setting next_dagrun for example_weekday_branch_operator to 2025-06-12T00:00:00+00:00, run_after=2025-06-13T00:00:00+00:00
[2025-06-13T14:20:28.860-0400] {processor.py:175} INFO - Processing /Users/pranavr/drift-retrainer/venv311/lib/python3.11/site-packages/airflow/example_dags/example_branch_day_of_week_operator.py took 0.613 seconds
[2025-06-13T14:23:13.143-0400] {processor.py:186} INFO - Started process (PID=7804) to work on /Users/pranavr/.pyenv/versions/3.11.6/lib/python3.11/site-packages/airflow/example_dags/example_branch_day_of_week_operator.py
[2025-06-13T14:23:13.145-0400] {processor.py:914} INFO - Processing file /Users/pranavr/.pyenv/versions/3.11.6/lib/python3.11/site-packages/airflow/example_dags/example_branch_day_of_week_operator.py for tasks to queue
[2025-06-13T14:23:13.146-0400] {logging_mixin.py:190} INFO - [2025-06-13T14:23:13.146-0400] {dagbag.py:588} INFO - Filling up the DagBag from /Users/pranavr/.pyenv/versions/3.11.6/lib/python3.11/site-packages/airflow/example_dags/example_branch_day_of_week_operator.py
[2025-06-13T14:23:13.153-0400] {processor.py:925} INFO - DAG(s) 'example_weekday_branch_operator' retrieved from /Users/pranavr/.pyenv/versions/3.11.6/lib/python3.11/site-packages/airflow/example_dags/example_branch_day_of_week_operator.py
[2025-06-13T14:23:13.288-0400] {logging_mixin.py:190} INFO - [2025-06-13T14:23:13.288-0400] {dag.py:3239} INFO - Sync 1 DAGs
[2025-06-13T14:23:13.296-0400] {logging_mixin.py:190} INFO - [2025-06-13T14:23:13.296-0400] {dag.py:4180} INFO - Setting next_dagrun for example_weekday_branch_operator to 2025-06-12T00:00:00+00:00, run_after=2025-06-13T00:00:00+00:00
[2025-06-13T14:23:13.306-0400] {processor.py:208} INFO - Processing /Users/pranavr/.pyenv/versions/3.11.6/lib/python3.11/site-packages/airflow/example_dags/example_branch_day_of_week_operator.py took 164.552 seconds
[2025-06-13T14:26:15.696-0400] {processor.py:186} INFO - Started process (PID=8046) to work on /Users/pranavr/.pyenv/versions/3.11.6/lib/python3.11/site-packages/airflow/example_dags/example_branch_day_of_week_operator.py
[2025-06-13T14:26:15.698-0400] {processor.py:914} INFO - Processing file /Users/pranavr/.pyenv/versions/3.11.6/lib/python3.11/site-packages/airflow/example_dags/example_branch_day_of_week_operator.py for tasks to queue
[2025-06-13T14:26:15.699-0400] {logging_mixin.py:190} INFO - [2025-06-13T14:26:15.699-0400] {dagbag.py:588} INFO - Filling up the DagBag from /Users/pranavr/.pyenv/versions/3.11.6/lib/python3.11/site-packages/airflow/example_dags/example_branch_day_of_week_operator.py
[2025-06-13T14:26:15.705-0400] {processor.py:925} INFO - DAG(s) 'example_weekday_branch_operator' retrieved from /Users/pranavr/.pyenv/versions/3.11.6/lib/python3.11/site-packages/airflow/example_dags/example_branch_day_of_week_operator.py
[2025-06-13T14:26:15.792-0400] {logging_mixin.py:190} INFO - [2025-06-13T14:26:15.792-0400] {dag.py:3239} INFO - Sync 1 DAGs
[2025-06-13T14:26:15.800-0400] {logging_mixin.py:190} INFO - [2025-06-13T14:26:15.800-0400] {dag.py:4180} INFO - Setting next_dagrun for example_weekday_branch_operator to 2025-06-12T00:00:00+00:00, run_after=2025-06-13T00:00:00+00:00
[2025-06-13T14:26:15.808-0400] {processor.py:208} INFO - Processing /Users/pranavr/.pyenv/versions/3.11.6/lib/python3.11/site-packages/airflow/example_dags/example_branch_day_of_week_operator.py took 113.949 seconds
[2025-06-13T14:29:20.236-0400] {processor.py:186} INFO - Started process (PID=8871) to work on /Users/pranavr/.pyenv/versions/3.11.6/lib/python3.11/site-packages/airflow/example_dags/example_branch_day_of_week_operator.py
[2025-06-13T14:29:20.267-0400] {processor.py:914} INFO - Processing file /Users/pranavr/.pyenv/versions/3.11.6/lib/python3.11/site-packages/airflow/example_dags/example_branch_day_of_week_operator.py for tasks to queue
[2025-06-13T14:29:20.268-0400] {logging_mixin.py:190} INFO - [2025-06-13T14:29:20.267-0400] {dagbag.py:588} INFO - Filling up the DagBag from /Users/pranavr/.pyenv/versions/3.11.6/lib/python3.11/site-packages/airflow/example_dags/example_branch_day_of_week_operator.py
[2025-06-13T14:29:20.275-0400] {processor.py:925} INFO - DAG(s) 'example_weekday_branch_operator' retrieved from /Users/pranavr/.pyenv/versions/3.11.6/lib/python3.11/site-packages/airflow/example_dags/example_branch_day_of_week_operator.py
[2025-06-13T14:29:20.377-0400] {logging_mixin.py:190} INFO - [2025-06-13T14:29:20.377-0400] {dag.py:3239} INFO - Sync 1 DAGs
[2025-06-13T14:29:20.385-0400] {logging_mixin.py:190} INFO - [2025-06-13T14:29:20.385-0400] {dag.py:4180} INFO - Setting next_dagrun for example_weekday_branch_operator to 2025-06-12T00:00:00+00:00, run_after=2025-06-13T00:00:00+00:00
[2025-06-13T14:29:20.396-0400] {processor.py:208} INFO - Processing /Users/pranavr/.pyenv/versions/3.11.6/lib/python3.11/site-packages/airflow/example_dags/example_branch_day_of_week_operator.py took 161.118 seconds
[2025-06-13T14:32:18.039-0400] {processor.py:186} INFO - Started process (PID=9509) to work on /Users/pranavr/.pyenv/versions/3.11.6/lib/python3.11/site-packages/airflow/example_dags/example_branch_day_of_week_operator.py
[2025-06-13T14:32:18.042-0400] {processor.py:914} INFO - Processing file /Users/pranavr/.pyenv/versions/3.11.6/lib/python3.11/site-packages/airflow/example_dags/example_branch_day_of_week_operator.py for tasks to queue
[2025-06-13T14:32:18.042-0400] {logging_mixin.py:190} INFO - [2025-06-13T14:32:18.042-0400] {dagbag.py:588} INFO - Filling up the DagBag from /Users/pranavr/.pyenv/versions/3.11.6/lib/python3.11/site-packages/airflow/example_dags/example_branch_day_of_week_operator.py
[2025-06-13T14:32:18.048-0400] {processor.py:925} INFO - DAG(s) 'example_weekday_branch_operator' retrieved from /Users/pranavr/.pyenv/versions/3.11.6/lib/python3.11/site-packages/airflow/example_dags/example_branch_day_of_week_operator.py
[2025-06-13T14:32:18.128-0400] {logging_mixin.py:190} INFO - [2025-06-13T14:32:18.128-0400] {dag.py:3239} INFO - Sync 1 DAGs
[2025-06-13T14:32:18.136-0400] {logging_mixin.py:190} INFO - [2025-06-13T14:32:18.136-0400] {dag.py:4180} INFO - Setting next_dagrun for example_weekday_branch_operator to 2025-06-12T00:00:00+00:00, run_after=2025-06-13T00:00:00+00:00
[2025-06-13T14:32:18.147-0400] {processor.py:208} INFO - Processing /Users/pranavr/.pyenv/versions/3.11.6/lib/python3.11/site-packages/airflow/example_dags/example_branch_day_of_week_operator.py took 108.753 seconds
[2025-06-13T14:35:23.262-0400] {processor.py:186} INFO - Started process (PID=10157) to work on /Users/pranavr/.pyenv/versions/3.11.6/lib/python3.11/site-packages/airflow/example_dags/example_branch_day_of_week_operator.py
[2025-06-13T14:35:23.265-0400] {processor.py:914} INFO - Processing file /Users/pranavr/.pyenv/versions/3.11.6/lib/python3.11/site-packages/airflow/example_dags/example_branch_day_of_week_operator.py for tasks to queue
[2025-06-13T14:35:23.269-0400] {logging_mixin.py:190} INFO - [2025-06-13T14:35:23.269-0400] {dagbag.py:588} INFO - Filling up the DagBag from /Users/pranavr/.pyenv/versions/3.11.6/lib/python3.11/site-packages/airflow/example_dags/example_branch_day_of_week_operator.py
[2025-06-13T14:35:23.276-0400] {processor.py:925} INFO - DAG(s) 'example_weekday_branch_operator' retrieved from /Users/pranavr/.pyenv/versions/3.11.6/lib/python3.11/site-packages/airflow/example_dags/example_branch_day_of_week_operator.py
[2025-06-13T14:35:23.359-0400] {logging_mixin.py:190} INFO - [2025-06-13T14:35:23.358-0400] {dag.py:3239} INFO - Sync 1 DAGs
[2025-06-13T14:35:23.367-0400] {logging_mixin.py:190} INFO - [2025-06-13T14:35:23.366-0400] {dag.py:4180} INFO - Setting next_dagrun for example_weekday_branch_operator to 2025-06-12T00:00:00+00:00, run_after=2025-06-13T00:00:00+00:00
[2025-06-13T14:35:23.376-0400] {processor.py:208} INFO - Processing /Users/pranavr/.pyenv/versions/3.11.6/lib/python3.11/site-packages/airflow/example_dags/example_branch_day_of_week_operator.py took 115.466 seconds
[2025-06-13T14:38:22.013-0400] {processor.py:186} INFO - Started process (PID=11210) to work on /Users/pranavr/.pyenv/versions/3.11.6/lib/python3.11/site-packages/airflow/example_dags/example_branch_day_of_week_operator.py
[2025-06-13T14:38:22.015-0400] {processor.py:914} INFO - Processing file /Users/pranavr/.pyenv/versions/3.11.6/lib/python3.11/site-packages/airflow/example_dags/example_branch_day_of_week_operator.py for tasks to queue
[2025-06-13T14:38:22.016-0400] {logging_mixin.py:190} INFO - [2025-06-13T14:38:22.016-0400] {dagbag.py:588} INFO - Filling up the DagBag from /Users/pranavr/.pyenv/versions/3.11.6/lib/python3.11/site-packages/airflow/example_dags/example_branch_day_of_week_operator.py
[2025-06-13T14:38:22.023-0400] {processor.py:925} INFO - DAG(s) 'example_weekday_branch_operator' retrieved from /Users/pranavr/.pyenv/versions/3.11.6/lib/python3.11/site-packages/airflow/example_dags/example_branch_day_of_week_operator.py
[2025-06-13T14:38:22.110-0400] {logging_mixin.py:190} INFO - [2025-06-13T14:38:22.109-0400] {dag.py:3239} INFO - Sync 1 DAGs
[2025-06-13T14:38:22.117-0400] {logging_mixin.py:190} INFO - [2025-06-13T14:38:22.117-0400] {dag.py:4180} INFO - Setting next_dagrun for example_weekday_branch_operator to 2025-06-12T00:00:00+00:00, run_after=2025-06-13T00:00:00+00:00
[2025-06-13T14:38:22.126-0400] {processor.py:208} INFO - Processing /Users/pranavr/.pyenv/versions/3.11.6/lib/python3.11/site-packages/airflow/example_dags/example_branch_day_of_week_operator.py took 115.609 seconds
[2025-06-13T14:41:03.378-0400] {processor.py:186} INFO - Started process (PID=11712) to work on /Users/pranavr/.pyenv/versions/3.11.6/lib/python3.11/site-packages/airflow/example_dags/example_branch_day_of_week_operator.py
[2025-06-13T14:41:03.380-0400] {processor.py:914} INFO - Processing file /Users/pranavr/.pyenv/versions/3.11.6/lib/python3.11/site-packages/airflow/example_dags/example_branch_day_of_week_operator.py for tasks to queue
[2025-06-13T14:41:03.381-0400] {logging_mixin.py:190} INFO - [2025-06-13T14:41:03.381-0400] {dagbag.py:588} INFO - Filling up the DagBag from /Users/pranavr/.pyenv/versions/3.11.6/lib/python3.11/site-packages/airflow/example_dags/example_branch_day_of_week_operator.py
[2025-06-13T14:41:03.386-0400] {processor.py:925} INFO - DAG(s) 'example_weekday_branch_operator' retrieved from /Users/pranavr/.pyenv/versions/3.11.6/lib/python3.11/site-packages/airflow/example_dags/example_branch_day_of_week_operator.py
[2025-06-13T14:41:03.454-0400] {logging_mixin.py:190} INFO - [2025-06-13T14:41:03.453-0400] {dag.py:3239} INFO - Sync 1 DAGs
[2025-06-13T14:41:03.461-0400] {logging_mixin.py:190} INFO - [2025-06-13T14:41:03.461-0400] {dag.py:4180} INFO - Setting next_dagrun for example_weekday_branch_operator to 2025-06-12T00:00:00+00:00, run_after=2025-06-13T00:00:00+00:00
[2025-06-13T14:41:03.469-0400] {processor.py:208} INFO - Processing /Users/pranavr/.pyenv/versions/3.11.6/lib/python3.11/site-packages/airflow/example_dags/example_branch_day_of_week_operator.py took 91.777 seconds
[2025-06-13T14:43:32.758-0400] {processor.py:186} INFO - Started process (PID=11964) to work on /Users/pranavr/.pyenv/versions/3.11.6/lib/python3.11/site-packages/airflow/example_dags/example_branch_day_of_week_operator.py
[2025-06-13T14:43:32.760-0400] {processor.py:914} INFO - Processing file /Users/pranavr/.pyenv/versions/3.11.6/lib/python3.11/site-packages/airflow/example_dags/example_branch_day_of_week_operator.py for tasks to queue
[2025-06-13T14:43:32.760-0400] {logging_mixin.py:190} INFO - [2025-06-13T14:43:32.760-0400] {dagbag.py:588} INFO - Filling up the DagBag from /Users/pranavr/.pyenv/versions/3.11.6/lib/python3.11/site-packages/airflow/example_dags/example_branch_day_of_week_operator.py
[2025-06-13T14:43:32.766-0400] {processor.py:925} INFO - DAG(s) 'example_weekday_branch_operator' retrieved from /Users/pranavr/.pyenv/versions/3.11.6/lib/python3.11/site-packages/airflow/example_dags/example_branch_day_of_week_operator.py
[2025-06-13T14:43:32.829-0400] {logging_mixin.py:190} INFO - [2025-06-13T14:43:32.829-0400] {dag.py:3239} INFO - Sync 1 DAGs
[2025-06-13T14:43:32.835-0400] {logging_mixin.py:190} INFO - [2025-06-13T14:43:32.835-0400] {dag.py:4180} INFO - Setting next_dagrun for example_weekday_branch_operator to 2025-06-12T00:00:00+00:00, run_after=2025-06-13T00:00:00+00:00
[2025-06-13T14:43:32.842-0400] {processor.py:208} INFO - Processing /Users/pranavr/.pyenv/versions/3.11.6/lib/python3.11/site-packages/airflow/example_dags/example_branch_day_of_week_operator.py took 84.941 seconds
[2025-06-13T14:45:56.862-0400] {processor.py:186} INFO - Started process (PID=12266) to work on /Users/pranavr/.pyenv/versions/3.11.6/lib/python3.11/site-packages/airflow/example_dags/example_branch_day_of_week_operator.py
[2025-06-13T14:45:56.864-0400] {processor.py:914} INFO - Processing file /Users/pranavr/.pyenv/versions/3.11.6/lib/python3.11/site-packages/airflow/example_dags/example_branch_day_of_week_operator.py for tasks to queue
[2025-06-13T14:45:56.865-0400] {logging_mixin.py:190} INFO - [2025-06-13T14:45:56.865-0400] {dagbag.py:588} INFO - Filling up the DagBag from /Users/pranavr/.pyenv/versions/3.11.6/lib/python3.11/site-packages/airflow/example_dags/example_branch_day_of_week_operator.py
[2025-06-13T14:45:56.869-0400] {processor.py:925} INFO - DAG(s) 'example_weekday_branch_operator' retrieved from /Users/pranavr/.pyenv/versions/3.11.6/lib/python3.11/site-packages/airflow/example_dags/example_branch_day_of_week_operator.py
[2025-06-13T14:45:56.933-0400] {logging_mixin.py:190} INFO - [2025-06-13T14:45:56.933-0400] {dag.py:3239} INFO - Sync 1 DAGs
[2025-06-13T14:45:56.940-0400] {logging_mixin.py:190} INFO - [2025-06-13T14:45:56.940-0400] {dag.py:4180} INFO - Setting next_dagrun for example_weekday_branch_operator to 2025-06-12T00:00:00+00:00, run_after=2025-06-13T00:00:00+00:00
[2025-06-13T14:45:56.947-0400] {processor.py:208} INFO - Processing /Users/pranavr/.pyenv/versions/3.11.6/lib/python3.11/site-packages/airflow/example_dags/example_branch_day_of_week_operator.py took 85.415 seconds
[2025-06-13T14:48:24.939-0400] {processor.py:186} INFO - Started process (PID=12490) to work on /Users/pranavr/.pyenv/versions/3.11.6/lib/python3.11/site-packages/airflow/example_dags/example_branch_day_of_week_operator.py
[2025-06-13T14:48:24.941-0400] {processor.py:914} INFO - Processing file /Users/pranavr/.pyenv/versions/3.11.6/lib/python3.11/site-packages/airflow/example_dags/example_branch_day_of_week_operator.py for tasks to queue
[2025-06-13T14:48:24.942-0400] {logging_mixin.py:190} INFO - [2025-06-13T14:48:24.942-0400] {dagbag.py:588} INFO - Filling up the DagBag from /Users/pranavr/.pyenv/versions/3.11.6/lib/python3.11/site-packages/airflow/example_dags/example_branch_day_of_week_operator.py
[2025-06-13T14:48:24.946-0400] {processor.py:925} INFO - DAG(s) 'example_weekday_branch_operator' retrieved from /Users/pranavr/.pyenv/versions/3.11.6/lib/python3.11/site-packages/airflow/example_dags/example_branch_day_of_week_operator.py
[2025-06-13T14:48:25.009-0400] {logging_mixin.py:190} INFO - [2025-06-13T14:48:25.009-0400] {dag.py:3239} INFO - Sync 1 DAGs
[2025-06-13T14:48:25.017-0400] {logging_mixin.py:190} INFO - [2025-06-13T14:48:25.017-0400] {dag.py:4180} INFO - Setting next_dagrun for example_weekday_branch_operator to 2025-06-12T00:00:00+00:00, run_after=2025-06-13T00:00:00+00:00
[2025-06-13T14:48:25.024-0400] {processor.py:208} INFO - Processing /Users/pranavr/.pyenv/versions/3.11.6/lib/python3.11/site-packages/airflow/example_dags/example_branch_day_of_week_operator.py took 86.030 seconds
[2025-06-13T14:50:52.155-0400] {processor.py:186} INFO - Started process (PID=12733) to work on /Users/pranavr/.pyenv/versions/3.11.6/lib/python3.11/site-packages/airflow/example_dags/example_branch_day_of_week_operator.py
[2025-06-13T14:50:52.158-0400] {processor.py:914} INFO - Processing file /Users/pranavr/.pyenv/versions/3.11.6/lib/python3.11/site-packages/airflow/example_dags/example_branch_day_of_week_operator.py for tasks to queue
[2025-06-13T14:50:52.158-0400] {logging_mixin.py:190} INFO - [2025-06-13T14:50:52.158-0400] {dagbag.py:588} INFO - Filling up the DagBag from /Users/pranavr/.pyenv/versions/3.11.6/lib/python3.11/site-packages/airflow/example_dags/example_branch_day_of_week_operator.py
[2025-06-13T14:50:52.162-0400] {processor.py:925} INFO - DAG(s) 'example_weekday_branch_operator' retrieved from /Users/pranavr/.pyenv/versions/3.11.6/lib/python3.11/site-packages/airflow/example_dags/example_branch_day_of_week_operator.py
[2025-06-13T14:50:52.224-0400] {logging_mixin.py:190} INFO - [2025-06-13T14:50:52.224-0400] {dag.py:3239} INFO - Sync 1 DAGs
[2025-06-13T14:50:52.231-0400] {logging_mixin.py:190} INFO - [2025-06-13T14:50:52.231-0400] {dag.py:4180} INFO - Setting next_dagrun for example_weekday_branch_operator to 2025-06-12T00:00:00+00:00, run_after=2025-06-13T00:00:00+00:00
[2025-06-13T14:50:52.237-0400] {processor.py:208} INFO - Processing /Users/pranavr/.pyenv/versions/3.11.6/lib/python3.11/site-packages/airflow/example_dags/example_branch_day_of_week_operator.py took 83.610 seconds
[2025-06-13T14:53:21.950-0400] {processor.py:186} INFO - Started process (PID=14081) to work on /Users/pranavr/.pyenv/versions/3.11.6/lib/python3.11/site-packages/airflow/example_dags/example_branch_day_of_week_operator.py
[2025-06-13T14:53:21.952-0400] {processor.py:914} INFO - Processing file /Users/pranavr/.pyenv/versions/3.11.6/lib/python3.11/site-packages/airflow/example_dags/example_branch_day_of_week_operator.py for tasks to queue
[2025-06-13T14:53:21.953-0400] {logging_mixin.py:190} INFO - [2025-06-13T14:53:21.952-0400] {dagbag.py:588} INFO - Filling up the DagBag from /Users/pranavr/.pyenv/versions/3.11.6/lib/python3.11/site-packages/airflow/example_dags/example_branch_day_of_week_operator.py
[2025-06-13T14:53:21.957-0400] {processor.py:925} INFO - DAG(s) 'example_weekday_branch_operator' retrieved from /Users/pranavr/.pyenv/versions/3.11.6/lib/python3.11/site-packages/airflow/example_dags/example_branch_day_of_week_operator.py
[2025-06-13T14:53:22.018-0400] {logging_mixin.py:190} INFO - [2025-06-13T14:53:22.018-0400] {dag.py:3239} INFO - Sync 1 DAGs
[2025-06-13T14:53:22.025-0400] {logging_mixin.py:190} INFO - [2025-06-13T14:53:22.025-0400] {dag.py:4180} INFO - Setting next_dagrun for example_weekday_branch_operator to 2025-06-12T00:00:00+00:00, run_after=2025-06-13T00:00:00+00:00
[2025-06-13T14:53:22.032-0400] {processor.py:208} INFO - Processing /Users/pranavr/.pyenv/versions/3.11.6/lib/python3.11/site-packages/airflow/example_dags/example_branch_day_of_week_operator.py took 83.578 seconds
[2025-06-13T14:55:56.467-0400] {processor.py:186} INFO - Started process (PID=14322) to work on /Users/pranavr/.pyenv/versions/3.11.6/lib/python3.11/site-packages/airflow/example_dags/example_branch_day_of_week_operator.py
[2025-06-13T14:55:56.470-0400] {processor.py:914} INFO - Processing file /Users/pranavr/.pyenv/versions/3.11.6/lib/python3.11/site-packages/airflow/example_dags/example_branch_day_of_week_operator.py for tasks to queue
[2025-06-13T14:55:56.470-0400] {logging_mixin.py:190} INFO - [2025-06-13T14:55:56.470-0400] {dagbag.py:588} INFO - Filling up the DagBag from /Users/pranavr/.pyenv/versions/3.11.6/lib/python3.11/site-packages/airflow/example_dags/example_branch_day_of_week_operator.py
[2025-06-13T14:55:56.475-0400] {processor.py:925} INFO - DAG(s) 'example_weekday_branch_operator' retrieved from /Users/pranavr/.pyenv/versions/3.11.6/lib/python3.11/site-packages/airflow/example_dags/example_branch_day_of_week_operator.py
[2025-06-13T14:55:56.543-0400] {logging_mixin.py:190} INFO - [2025-06-13T14:55:56.543-0400] {dag.py:3239} INFO - Sync 1 DAGs
[2025-06-13T14:55:56.550-0400] {logging_mixin.py:190} INFO - [2025-06-13T14:55:56.550-0400] {dag.py:4180} INFO - Setting next_dagrun for example_weekday_branch_operator to 2025-06-12T00:00:00+00:00, run_after=2025-06-13T00:00:00+00:00
[2025-06-13T14:55:56.557-0400] {processor.py:208} INFO - Processing /Users/pranavr/.pyenv/versions/3.11.6/lib/python3.11/site-packages/airflow/example_dags/example_branch_day_of_week_operator.py took 90.926 seconds
[2025-06-13T14:58:34.089-0400] {processor.py:186} INFO - Started process (PID=14683) to work on /Users/pranavr/.pyenv/versions/3.11.6/lib/python3.11/site-packages/airflow/example_dags/example_branch_day_of_week_operator.py
[2025-06-13T14:58:34.091-0400] {processor.py:914} INFO - Processing file /Users/pranavr/.pyenv/versions/3.11.6/lib/python3.11/site-packages/airflow/example_dags/example_branch_day_of_week_operator.py for tasks to queue
[2025-06-13T14:58:34.092-0400] {logging_mixin.py:190} INFO - [2025-06-13T14:58:34.092-0400] {dagbag.py:588} INFO - Filling up the DagBag from /Users/pranavr/.pyenv/versions/3.11.6/lib/python3.11/site-packages/airflow/example_dags/example_branch_day_of_week_operator.py
[2025-06-13T14:58:34.097-0400] {processor.py:925} INFO - DAG(s) 'example_weekday_branch_operator' retrieved from /Users/pranavr/.pyenv/versions/3.11.6/lib/python3.11/site-packages/airflow/example_dags/example_branch_day_of_week_operator.py
[2025-06-13T14:58:34.167-0400] {logging_mixin.py:190} INFO - [2025-06-13T14:58:34.167-0400] {dag.py:3239} INFO - Sync 1 DAGs
[2025-06-13T14:58:34.175-0400] {logging_mixin.py:190} INFO - [2025-06-13T14:58:34.174-0400] {dag.py:4180} INFO - Setting next_dagrun for example_weekday_branch_operator to 2025-06-12T00:00:00+00:00, run_after=2025-06-13T00:00:00+00:00
[2025-06-13T14:58:34.183-0400] {processor.py:208} INFO - Processing /Users/pranavr/.pyenv/versions/3.11.6/lib/python3.11/site-packages/airflow/example_dags/example_branch_day_of_week_operator.py took 94.548 seconds
[2025-06-13T15:02:02.941-0400] {processor.py:186} INFO - Started process (PID=15228) to work on /Users/pranavr/.pyenv/versions/3.11.6/lib/python3.11/site-packages/airflow/example_dags/example_branch_day_of_week_operator.py
[2025-06-13T15:02:02.944-0400] {processor.py:914} INFO - Processing file /Users/pranavr/.pyenv/versions/3.11.6/lib/python3.11/site-packages/airflow/example_dags/example_branch_day_of_week_operator.py for tasks to queue
[2025-06-13T15:02:02.944-0400] {logging_mixin.py:190} INFO - [2025-06-13T15:02:02.944-0400] {dagbag.py:588} INFO - Filling up the DagBag from /Users/pranavr/.pyenv/versions/3.11.6/lib/python3.11/site-packages/airflow/example_dags/example_branch_day_of_week_operator.py
[2025-06-13T15:02:02.950-0400] {processor.py:925} INFO - DAG(s) 'example_weekday_branch_operator' retrieved from /Users/pranavr/.pyenv/versions/3.11.6/lib/python3.11/site-packages/airflow/example_dags/example_branch_day_of_week_operator.py
[2025-06-13T15:02:03.036-0400] {logging_mixin.py:190} INFO - [2025-06-13T15:02:03.036-0400] {dag.py:3239} INFO - Sync 1 DAGs
[2025-06-13T15:02:03.044-0400] {logging_mixin.py:190} INFO - [2025-06-13T15:02:03.044-0400] {dag.py:4180} INFO - Setting next_dagrun for example_weekday_branch_operator to 2025-06-12T00:00:00+00:00, run_after=2025-06-13T00:00:00+00:00
[2025-06-13T15:02:03.053-0400] {processor.py:208} INFO - Processing /Users/pranavr/.pyenv/versions/3.11.6/lib/python3.11/site-packages/airflow/example_dags/example_branch_day_of_week_operator.py took 113.036 seconds
[2025-06-13T15:06:04.116-0400] {processor.py:186} INFO - Started process (PID=16254) to work on /Users/pranavr/.pyenv/versions/3.11.6/lib/python3.11/site-packages/airflow/example_dags/example_branch_day_of_week_operator.py
[2025-06-13T15:06:04.118-0400] {processor.py:914} INFO - Processing file /Users/pranavr/.pyenv/versions/3.11.6/lib/python3.11/site-packages/airflow/example_dags/example_branch_day_of_week_operator.py for tasks to queue
[2025-06-13T15:06:04.118-0400] {logging_mixin.py:190} INFO - [2025-06-13T15:06:04.118-0400] {dagbag.py:588} INFO - Filling up the DagBag from /Users/pranavr/.pyenv/versions/3.11.6/lib/python3.11/site-packages/airflow/example_dags/example_branch_day_of_week_operator.py
[2025-06-13T15:06:04.123-0400] {processor.py:925} INFO - DAG(s) 'example_weekday_branch_operator' retrieved from /Users/pranavr/.pyenv/versions/3.11.6/lib/python3.11/site-packages/airflow/example_dags/example_branch_day_of_week_operator.py
[2025-06-13T15:06:04.191-0400] {logging_mixin.py:190} INFO - [2025-06-13T15:06:04.191-0400] {dag.py:3239} INFO - Sync 1 DAGs
[2025-06-13T15:06:04.199-0400] {logging_mixin.py:190} INFO - [2025-06-13T15:06:04.199-0400] {dag.py:4180} INFO - Setting next_dagrun for example_weekday_branch_operator to 2025-06-12T00:00:00+00:00, run_after=2025-06-13T00:00:00+00:00
[2025-06-13T15:06:04.206-0400] {processor.py:208} INFO - Processing /Users/pranavr/.pyenv/versions/3.11.6/lib/python3.11/site-packages/airflow/example_dags/example_branch_day_of_week_operator.py took 91.645 seconds
[2025-06-13T15:08:42.170-0400] {processor.py:186} INFO - Started process (PID=16507) to work on /Users/pranavr/.pyenv/versions/3.11.6/lib/python3.11/site-packages/airflow/example_dags/example_branch_day_of_week_operator.py
[2025-06-13T15:08:42.172-0400] {processor.py:914} INFO - Processing file /Users/pranavr/.pyenv/versions/3.11.6/lib/python3.11/site-packages/airflow/example_dags/example_branch_day_of_week_operator.py for tasks to queue
[2025-06-13T15:08:42.173-0400] {logging_mixin.py:190} INFO - [2025-06-13T15:08:42.172-0400] {dagbag.py:588} INFO - Filling up the DagBag from /Users/pranavr/.pyenv/versions/3.11.6/lib/python3.11/site-packages/airflow/example_dags/example_branch_day_of_week_operator.py
[2025-06-13T15:08:42.178-0400] {processor.py:925} INFO - DAG(s) 'example_weekday_branch_operator' retrieved from /Users/pranavr/.pyenv/versions/3.11.6/lib/python3.11/site-packages/airflow/example_dags/example_branch_day_of_week_operator.py
[2025-06-13T15:08:42.248-0400] {logging_mixin.py:190} INFO - [2025-06-13T15:08:42.248-0400] {dag.py:3239} INFO - Sync 1 DAGs
[2025-06-13T15:08:42.255-0400] {logging_mixin.py:190} INFO - [2025-06-13T15:08:42.255-0400] {dag.py:4180} INFO - Setting next_dagrun for example_weekday_branch_operator to 2025-06-12T00:00:00+00:00, run_after=2025-06-13T00:00:00+00:00
[2025-06-13T15:08:42.264-0400] {processor.py:208} INFO - Processing /Users/pranavr/.pyenv/versions/3.11.6/lib/python3.11/site-packages/airflow/example_dags/example_branch_day_of_week_operator.py took 95.085 seconds
[2025-06-13T15:11:32.279-0400] {processor.py:186} INFO - Started process (PID=16870) to work on /Users/pranavr/.pyenv/versions/3.11.6/lib/python3.11/site-packages/airflow/example_dags/example_branch_day_of_week_operator.py
[2025-06-13T15:11:32.281-0400] {processor.py:914} INFO - Processing file /Users/pranavr/.pyenv/versions/3.11.6/lib/python3.11/site-packages/airflow/example_dags/example_branch_day_of_week_operator.py for tasks to queue
[2025-06-13T15:11:32.282-0400] {logging_mixin.py:190} INFO - [2025-06-13T15:11:32.282-0400] {dagbag.py:588} INFO - Filling up the DagBag from /Users/pranavr/.pyenv/versions/3.11.6/lib/python3.11/site-packages/airflow/example_dags/example_branch_day_of_week_operator.py
[2025-06-13T15:11:32.288-0400] {processor.py:925} INFO - DAG(s) 'example_weekday_branch_operator' retrieved from /Users/pranavr/.pyenv/versions/3.11.6/lib/python3.11/site-packages/airflow/example_dags/example_branch_day_of_week_operator.py
[2025-06-13T15:11:32.363-0400] {logging_mixin.py:190} INFO - [2025-06-13T15:11:32.363-0400] {dag.py:3239} INFO - Sync 1 DAGs
[2025-06-13T15:11:32.370-0400] {logging_mixin.py:190} INFO - [2025-06-13T15:11:32.370-0400] {dag.py:4180} INFO - Setting next_dagrun for example_weekday_branch_operator to 2025-06-12T00:00:00+00:00, run_after=2025-06-13T00:00:00+00:00
[2025-06-13T15:11:32.379-0400] {processor.py:208} INFO - Processing /Users/pranavr/.pyenv/versions/3.11.6/lib/python3.11/site-packages/airflow/example_dags/example_branch_day_of_week_operator.py took 100.887 seconds
[2025-06-13T15:20:15.281-0400] {processor.py:186} INFO - Started process (PID=17873) to work on /Users/pranavr/.pyenv/versions/3.11.6/lib/python3.11/site-packages/airflow/example_dags/example_branch_day_of_week_operator.py
[2025-06-13T15:20:15.284-0400] {processor.py:914} INFO - Processing file /Users/pranavr/.pyenv/versions/3.11.6/lib/python3.11/site-packages/airflow/example_dags/example_branch_day_of_week_operator.py for tasks to queue
[2025-06-13T15:20:15.284-0400] {logging_mixin.py:190} INFO - [2025-06-13T15:20:15.284-0400] {dagbag.py:588} INFO - Filling up the DagBag from /Users/pranavr/.pyenv/versions/3.11.6/lib/python3.11/site-packages/airflow/example_dags/example_branch_day_of_week_operator.py
[2025-06-13T15:20:15.290-0400] {processor.py:925} INFO - DAG(s) 'example_weekday_branch_operator' retrieved from /Users/pranavr/.pyenv/versions/3.11.6/lib/python3.11/site-packages/airflow/example_dags/example_branch_day_of_week_operator.py
[2025-06-13T15:20:15.359-0400] {logging_mixin.py:190} INFO - [2025-06-13T15:20:15.359-0400] {dag.py:3239} INFO - Sync 1 DAGs
[2025-06-13T15:20:15.366-0400] {logging_mixin.py:190} INFO - [2025-06-13T15:20:15.366-0400] {dag.py:4180} INFO - Setting next_dagrun for example_weekday_branch_operator to 2025-06-12T00:00:00+00:00, run_after=2025-06-13T00:00:00+00:00
[2025-06-13T15:20:15.374-0400] {processor.py:208} INFO - Processing /Users/pranavr/.pyenv/versions/3.11.6/lib/python3.11/site-packages/airflow/example_dags/example_branch_day_of_week_operator.py took 93.726 seconds
[2025-06-13T15:26:33.332-0400] {processor.py:186} INFO - Started process (PID=19033) to work on /Users/pranavr/.pyenv/versions/3.11.6/lib/python3.11/site-packages/airflow/example_dags/example_branch_day_of_week_operator.py
[2025-06-13T15:26:33.335-0400] {processor.py:914} INFO - Processing file /Users/pranavr/.pyenv/versions/3.11.6/lib/python3.11/site-packages/airflow/example_dags/example_branch_day_of_week_operator.py for tasks to queue
[2025-06-13T15:26:33.335-0400] {logging_mixin.py:190} INFO - [2025-06-13T15:26:33.335-0400] {dagbag.py:588} INFO - Filling up the DagBag from /Users/pranavr/.pyenv/versions/3.11.6/lib/python3.11/site-packages/airflow/example_dags/example_branch_day_of_week_operator.py
[2025-06-13T15:26:33.343-0400] {processor.py:925} INFO - DAG(s) 'example_weekday_branch_operator' retrieved from /Users/pranavr/.pyenv/versions/3.11.6/lib/python3.11/site-packages/airflow/example_dags/example_branch_day_of_week_operator.py
[2025-06-13T15:26:33.450-0400] {logging_mixin.py:190} INFO - [2025-06-13T15:26:33.449-0400] {override.py:1930} INFO - Created Permission View: can read on DAG:example_weekday_branch_operator
[2025-06-13T15:26:33.454-0400] {logging_mixin.py:190} INFO - [2025-06-13T15:26:33.453-0400] {override.py:1930} INFO - Created Permission View: can edit on DAG:example_weekday_branch_operator
[2025-06-13T15:26:33.456-0400] {logging_mixin.py:190} INFO - [2025-06-13T15:26:33.455-0400] {override.py:1930} INFO - Created Permission View: can delete on DAG:example_weekday_branch_operator
[2025-06-13T15:26:33.458-0400] {logging_mixin.py:190} INFO - [2025-06-13T15:26:33.458-0400] {override.py:1930} INFO - Created Permission View: can read on DAG Run:example_weekday_branch_operator
[2025-06-13T15:26:33.460-0400] {logging_mixin.py:190} INFO - [2025-06-13T15:26:33.460-0400] {override.py:1930} INFO - Created Permission View: menu access on DAG Run:example_weekday_branch_operator
[2025-06-13T15:26:33.462-0400] {logging_mixin.py:190} INFO - [2025-06-13T15:26:33.462-0400] {override.py:1930} INFO - Created Permission View: can create on DAG Run:example_weekday_branch_operator
[2025-06-13T15:26:33.464-0400] {logging_mixin.py:190} INFO - [2025-06-13T15:26:33.464-0400] {override.py:1930} INFO - Created Permission View: can delete on DAG Run:example_weekday_branch_operator
[2025-06-13T15:26:33.464-0400] {logging_mixin.py:190} INFO - [2025-06-13T15:26:33.464-0400] {dag.py:3239} INFO - Sync 1 DAGs
[2025-06-13T15:26:33.468-0400] {logging_mixin.py:190} INFO - [2025-06-13T15:26:33.468-0400] {dag.py:3262} INFO - Creating ORM DAG for example_weekday_branch_operator
[2025-06-13T15:26:33.472-0400] {logging_mixin.py:190} INFO - [2025-06-13T15:26:33.472-0400] {dag.py:4180} INFO - Setting next_dagrun for example_weekday_branch_operator to 2025-06-12T00:00:00+00:00, run_after=2025-06-13T00:00:00+00:00
[2025-06-13T15:26:33.478-0400] {processor.py:208} INFO - Processing /Users/pranavr/.pyenv/versions/3.11.6/lib/python3.11/site-packages/airflow/example_dags/example_branch_day_of_week_operator.py took 147.582 seconds
[2025-06-13T15:31:52.390-0400] {processor.py:186} INFO - Started process (PID=19977) to work on /Users/pranavr/.pyenv/versions/3.11.6/lib/python3.11/site-packages/airflow/example_dags/example_branch_day_of_week_operator.py
[2025-06-13T15:31:52.392-0400] {processor.py:914} INFO - Processing file /Users/pranavr/.pyenv/versions/3.11.6/lib/python3.11/site-packages/airflow/example_dags/example_branch_day_of_week_operator.py for tasks to queue
[2025-06-13T15:31:52.393-0400] {logging_mixin.py:190} INFO - [2025-06-13T15:31:52.393-0400] {dagbag.py:588} INFO - Filling up the DagBag from /Users/pranavr/.pyenv/versions/3.11.6/lib/python3.11/site-packages/airflow/example_dags/example_branch_day_of_week_operator.py
[2025-06-13T15:31:52.400-0400] {processor.py:925} INFO - DAG(s) 'example_weekday_branch_operator' retrieved from /Users/pranavr/.pyenv/versions/3.11.6/lib/python3.11/site-packages/airflow/example_dags/example_branch_day_of_week_operator.py
[2025-06-13T15:31:52.511-0400] {logging_mixin.py:190} INFO - [2025-06-13T15:31:52.511-0400] {override.py:1930} INFO - Created Permission View: can read on DAG:example_weekday_branch_operator
[2025-06-13T15:31:52.515-0400] {logging_mixin.py:190} INFO - [2025-06-13T15:31:52.515-0400] {override.py:1930} INFO - Created Permission View: can delete on DAG:example_weekday_branch_operator
[2025-06-13T15:31:52.517-0400] {logging_mixin.py:190} INFO - [2025-06-13T15:31:52.517-0400] {override.py:1930} INFO - Created Permission View: can edit on DAG:example_weekday_branch_operator
[2025-06-13T15:31:52.520-0400] {logging_mixin.py:190} INFO - [2025-06-13T15:31:52.520-0400] {override.py:1930} INFO - Created Permission View: can read on DAG Run:example_weekday_branch_operator
[2025-06-13T15:31:52.522-0400] {logging_mixin.py:190} INFO - [2025-06-13T15:31:52.522-0400] {override.py:1930} INFO - Created Permission View: can create on DAG Run:example_weekday_branch_operator
[2025-06-13T15:31:52.524-0400] {logging_mixin.py:190} INFO - [2025-06-13T15:31:52.524-0400] {override.py:1930} INFO - Created Permission View: menu access on DAG Run:example_weekday_branch_operator
[2025-06-13T15:31:52.526-0400] {logging_mixin.py:190} INFO - [2025-06-13T15:31:52.526-0400] {override.py:1930} INFO - Created Permission View: can delete on DAG Run:example_weekday_branch_operator
[2025-06-13T15:31:52.526-0400] {logging_mixin.py:190} INFO - [2025-06-13T15:31:52.526-0400] {dag.py:3239} INFO - Sync 1 DAGs
[2025-06-13T15:31:52.531-0400] {logging_mixin.py:190} INFO - [2025-06-13T15:31:52.531-0400] {dag.py:3262} INFO - Creating ORM DAG for example_weekday_branch_operator
[2025-06-13T15:31:52.534-0400] {logging_mixin.py:190} INFO - [2025-06-13T15:31:52.534-0400] {dag.py:4180} INFO - Setting next_dagrun for example_weekday_branch_operator to 2025-06-12T00:00:00+00:00, run_after=2025-06-13T00:00:00+00:00
[2025-06-13T15:31:52.541-0400] {processor.py:208} INFO - Processing /Users/pranavr/.pyenv/versions/3.11.6/lib/python3.11/site-packages/airflow/example_dags/example_branch_day_of_week_operator.py took 152.332 seconds
[2025-06-13T15:37:23.341-0400] {processor.py:186} INFO - Started process (PID=20653) to work on /Users/pranavr/.pyenv/versions/3.11.6/lib/python3.11/site-packages/airflow/example_dags/example_branch_day_of_week_operator.py
[2025-06-13T15:37:23.344-0400] {processor.py:914} INFO - Processing file /Users/pranavr/.pyenv/versions/3.11.6/lib/python3.11/site-packages/airflow/example_dags/example_branch_day_of_week_operator.py for tasks to queue
[2025-06-13T15:37:23.345-0400] {logging_mixin.py:190} INFO - [2025-06-13T15:37:23.345-0400] {dagbag.py:588} INFO - Filling up the DagBag from /Users/pranavr/.pyenv/versions/3.11.6/lib/python3.11/site-packages/airflow/example_dags/example_branch_day_of_week_operator.py
[2025-06-13T15:37:23.350-0400] {processor.py:925} INFO - DAG(s) 'example_weekday_branch_operator' retrieved from /Users/pranavr/.pyenv/versions/3.11.6/lib/python3.11/site-packages/airflow/example_dags/example_branch_day_of_week_operator.py
[2025-06-13T15:37:23.462-0400] {logging_mixin.py:190} INFO - [2025-06-13T15:37:23.461-0400] {override.py:1930} INFO - Created Permission View: can read on DAG:example_weekday_branch_operator
[2025-06-13T15:37:23.475-0400] {logging_mixin.py:190} INFO - [2025-06-13T15:37:23.473-0400] {override.py:1930} INFO - Created Permission View: can delete on DAG:example_weekday_branch_operator
[2025-06-13T15:37:23.493-0400] {logging_mixin.py:190} INFO - [2025-06-13T15:37:23.493-0400] {override.py:1930} INFO - Created Permission View: can edit on DAG:example_weekday_branch_operator
[2025-06-13T15:37:23.498-0400] {logging_mixin.py:190} INFO - [2025-06-13T15:37:23.497-0400] {override.py:1930} INFO - Created Permission View: can read on DAG Run:example_weekday_branch_operator
[2025-06-13T15:37:23.501-0400] {logging_mixin.py:190} INFO - [2025-06-13T15:37:23.500-0400] {override.py:1930} INFO - Created Permission View: menu access on DAG Run:example_weekday_branch_operator
[2025-06-13T15:37:23.504-0400] {logging_mixin.py:190} INFO - [2025-06-13T15:37:23.503-0400] {override.py:1930} INFO - Created Permission View: can create on DAG Run:example_weekday_branch_operator
[2025-06-13T15:37:23.509-0400] {logging_mixin.py:190} INFO - [2025-06-13T15:37:23.509-0400] {override.py:1930} INFO - Created Permission View: can delete on DAG Run:example_weekday_branch_operator
[2025-06-13T15:37:23.510-0400] {logging_mixin.py:190} INFO - [2025-06-13T15:37:23.510-0400] {dag.py:3239} INFO - Sync 1 DAGs
[2025-06-13T15:37:23.520-0400] {logging_mixin.py:190} INFO - [2025-06-13T15:37:23.520-0400] {dag.py:3262} INFO - Creating ORM DAG for example_weekday_branch_operator
[2025-06-13T15:37:23.527-0400] {logging_mixin.py:190} INFO - [2025-06-13T15:37:23.527-0400] {dag.py:4180} INFO - Setting next_dagrun for example_weekday_branch_operator to 2025-06-12T00:00:00+00:00, run_after=2025-06-13T00:00:00+00:00
[2025-06-13T15:37:23.549-0400] {processor.py:208} INFO - Processing /Users/pranavr/.pyenv/versions/3.11.6/lib/python3.11/site-packages/airflow/example_dags/example_branch_day_of_week_operator.py took 208.768 seconds
[2025-06-13T15:40:12.624-0400] {processor.py:186} INFO - Started process (PID=20916) to work on /Users/pranavr/.pyenv/versions/3.11.6/lib/python3.11/site-packages/airflow/example_dags/example_branch_day_of_week_operator.py
[2025-06-13T15:40:12.627-0400] {processor.py:914} INFO - Processing file /Users/pranavr/.pyenv/versions/3.11.6/lib/python3.11/site-packages/airflow/example_dags/example_branch_day_of_week_operator.py for tasks to queue
[2025-06-13T15:40:12.627-0400] {logging_mixin.py:190} INFO - [2025-06-13T15:40:12.627-0400] {dagbag.py:588} INFO - Filling up the DagBag from /Users/pranavr/.pyenv/versions/3.11.6/lib/python3.11/site-packages/airflow/example_dags/example_branch_day_of_week_operator.py
[2025-06-13T15:40:12.635-0400] {processor.py:925} INFO - DAG(s) 'example_weekday_branch_operator' retrieved from /Users/pranavr/.pyenv/versions/3.11.6/lib/python3.11/site-packages/airflow/example_dags/example_branch_day_of_week_operator.py
[2025-06-13T15:40:12.709-0400] {logging_mixin.py:190} INFO - [2025-06-13T15:40:12.709-0400] {dag.py:3239} INFO - Sync 1 DAGs
[2025-06-13T15:40:12.718-0400] {logging_mixin.py:190} INFO - [2025-06-13T15:40:12.718-0400] {dag.py:4180} INFO - Setting next_dagrun for example_weekday_branch_operator to 2025-06-12T00:00:00+00:00, run_after=2025-06-13T00:00:00+00:00
[2025-06-13T15:40:12.727-0400] {processor.py:208} INFO - Processing /Users/pranavr/.pyenv/versions/3.11.6/lib/python3.11/site-packages/airflow/example_dags/example_branch_day_of_week_operator.py took 104.079 seconds
[2025-06-13T15:44:58.267-0400] {processor.py:186} INFO - Started process (PID=21819) to work on /Users/pranavr/.pyenv/versions/3.11.6/lib/python3.11/site-packages/airflow/example_dags/example_branch_day_of_week_operator.py
[2025-06-13T15:44:58.269-0400] {processor.py:914} INFO - Processing file /Users/pranavr/.pyenv/versions/3.11.6/lib/python3.11/site-packages/airflow/example_dags/example_branch_day_of_week_operator.py for tasks to queue
[2025-06-13T15:44:58.270-0400] {logging_mixin.py:190} INFO - [2025-06-13T15:44:58.270-0400] {dagbag.py:588} INFO - Filling up the DagBag from /Users/pranavr/.pyenv/versions/3.11.6/lib/python3.11/site-packages/airflow/example_dags/example_branch_day_of_week_operator.py
[2025-06-13T15:44:58.277-0400] {processor.py:925} INFO - DAG(s) 'example_weekday_branch_operator' retrieved from /Users/pranavr/.pyenv/versions/3.11.6/lib/python3.11/site-packages/airflow/example_dags/example_branch_day_of_week_operator.py
[2025-06-13T15:44:58.410-0400] {logging_mixin.py:190} INFO - [2025-06-13T15:44:58.410-0400] {override.py:1930} INFO - Created Permission View: can delete on DAG:example_weekday_branch_operator
[2025-06-13T15:44:58.415-0400] {logging_mixin.py:190} INFO - [2025-06-13T15:44:58.415-0400] {override.py:1930} INFO - Created Permission View: can read on DAG:example_weekday_branch_operator
[2025-06-13T15:44:58.418-0400] {logging_mixin.py:190} INFO - [2025-06-13T15:44:58.417-0400] {override.py:1930} INFO - Created Permission View: can edit on DAG:example_weekday_branch_operator
[2025-06-13T15:44:58.421-0400] {logging_mixin.py:190} INFO - [2025-06-13T15:44:58.421-0400] {override.py:1930} INFO - Created Permission View: can create on DAG Run:example_weekday_branch_operator
[2025-06-13T15:44:58.424-0400] {logging_mixin.py:190} INFO - [2025-06-13T15:44:58.423-0400] {override.py:1930} INFO - Created Permission View: can read on DAG Run:example_weekday_branch_operator
[2025-06-13T15:44:58.426-0400] {logging_mixin.py:190} INFO - [2025-06-13T15:44:58.426-0400] {override.py:1930} INFO - Created Permission View: menu access on DAG Run:example_weekday_branch_operator
[2025-06-13T15:44:58.429-0400] {logging_mixin.py:190} INFO - [2025-06-13T15:44:58.429-0400] {override.py:1930} INFO - Created Permission View: can delete on DAG Run:example_weekday_branch_operator
[2025-06-13T15:44:58.429-0400] {logging_mixin.py:190} INFO - [2025-06-13T15:44:58.429-0400] {dag.py:3239} INFO - Sync 1 DAGs
[2025-06-13T15:44:58.435-0400] {logging_mixin.py:190} INFO - [2025-06-13T15:44:58.435-0400] {dag.py:3262} INFO - Creating ORM DAG for example_weekday_branch_operator
[2025-06-13T15:44:58.439-0400] {logging_mixin.py:190} INFO - [2025-06-13T15:44:58.438-0400] {dag.py:4180} INFO - Setting next_dagrun for example_weekday_branch_operator to 2025-06-12T00:00:00+00:00, run_after=2025-06-13T00:00:00+00:00
[2025-06-13T15:44:58.447-0400] {processor.py:208} INFO - Processing /Users/pranavr/.pyenv/versions/3.11.6/lib/python3.11/site-packages/airflow/example_dags/example_branch_day_of_week_operator.py took 181.159 seconds
[2025-06-13T15:47:53.284-0400] {processor.py:186} INFO - Started process (PID=22105) to work on /Users/pranavr/.pyenv/versions/3.11.6/lib/python3.11/site-packages/airflow/example_dags/example_branch_day_of_week_operator.py
[2025-06-13T15:47:53.286-0400] {processor.py:914} INFO - Processing file /Users/pranavr/.pyenv/versions/3.11.6/lib/python3.11/site-packages/airflow/example_dags/example_branch_day_of_week_operator.py for tasks to queue
[2025-06-13T15:47:53.287-0400] {logging_mixin.py:190} INFO - [2025-06-13T15:47:53.287-0400] {dagbag.py:588} INFO - Filling up the DagBag from /Users/pranavr/.pyenv/versions/3.11.6/lib/python3.11/site-packages/airflow/example_dags/example_branch_day_of_week_operator.py
[2025-06-13T15:47:53.292-0400] {processor.py:925} INFO - DAG(s) 'example_weekday_branch_operator' retrieved from /Users/pranavr/.pyenv/versions/3.11.6/lib/python3.11/site-packages/airflow/example_dags/example_branch_day_of_week_operator.py
[2025-06-13T15:47:53.370-0400] {logging_mixin.py:190} INFO - [2025-06-13T15:47:53.370-0400] {dag.py:3239} INFO - Sync 1 DAGs
[2025-06-13T15:47:53.377-0400] {logging_mixin.py:190} INFO - [2025-06-13T15:47:53.377-0400] {dag.py:4180} INFO - Setting next_dagrun for example_weekday_branch_operator to 2025-06-12T00:00:00+00:00, run_after=2025-06-13T00:00:00+00:00
[2025-06-13T15:47:53.387-0400] {processor.py:208} INFO - Processing /Users/pranavr/.pyenv/versions/3.11.6/lib/python3.11/site-packages/airflow/example_dags/example_branch_day_of_week_operator.py took 104.346 seconds
[2025-06-13T15:50:42.693-0400] {processor.py:186} INFO - Started process (PID=22384) to work on /Users/pranavr/.pyenv/versions/3.11.6/lib/python3.11/site-packages/airflow/example_dags/example_branch_day_of_week_operator.py
[2025-06-13T15:50:42.695-0400] {processor.py:914} INFO - Processing file /Users/pranavr/.pyenv/versions/3.11.6/lib/python3.11/site-packages/airflow/example_dags/example_branch_day_of_week_operator.py for tasks to queue
[2025-06-13T15:50:42.695-0400] {logging_mixin.py:190} INFO - [2025-06-13T15:50:42.695-0400] {dagbag.py:588} INFO - Filling up the DagBag from /Users/pranavr/.pyenv/versions/3.11.6/lib/python3.11/site-packages/airflow/example_dags/example_branch_day_of_week_operator.py
[2025-06-13T15:50:42.700-0400] {processor.py:925} INFO - DAG(s) 'example_weekday_branch_operator' retrieved from /Users/pranavr/.pyenv/versions/3.11.6/lib/python3.11/site-packages/airflow/example_dags/example_branch_day_of_week_operator.py
[2025-06-13T15:50:42.772-0400] {logging_mixin.py:190} INFO - [2025-06-13T15:50:42.772-0400] {dag.py:3239} INFO - Sync 1 DAGs
[2025-06-13T15:50:42.779-0400] {logging_mixin.py:190} INFO - [2025-06-13T15:50:42.779-0400] {dag.py:4180} INFO - Setting next_dagrun for example_weekday_branch_operator to 2025-06-12T00:00:00+00:00, run_after=2025-06-13T00:00:00+00:00
[2025-06-13T15:50:42.787-0400] {processor.py:208} INFO - Processing /Users/pranavr/.pyenv/versions/3.11.6/lib/python3.11/site-packages/airflow/example_dags/example_branch_day_of_week_operator.py took 94.732 seconds
[2025-06-13T15:53:10.362-0400] {processor.py:186} INFO - Started process (PID=22714) to work on /Users/pranavr/.pyenv/versions/3.11.6/lib/python3.11/site-packages/airflow/example_dags/example_branch_day_of_week_operator.py
[2025-06-13T15:53:10.363-0400] {processor.py:914} INFO - Processing file /Users/pranavr/.pyenv/versions/3.11.6/lib/python3.11/site-packages/airflow/example_dags/example_branch_day_of_week_operator.py for tasks to queue
[2025-06-13T15:53:10.364-0400] {logging_mixin.py:190} INFO - [2025-06-13T15:53:10.364-0400] {dagbag.py:588} INFO - Filling up the DagBag from /Users/pranavr/.pyenv/versions/3.11.6/lib/python3.11/site-packages/airflow/example_dags/example_branch_day_of_week_operator.py
[2025-06-13T15:53:10.369-0400] {processor.py:925} INFO - DAG(s) 'example_weekday_branch_operator' retrieved from /Users/pranavr/.pyenv/versions/3.11.6/lib/python3.11/site-packages/airflow/example_dags/example_branch_day_of_week_operator.py
[2025-06-13T15:53:10.431-0400] {logging_mixin.py:190} INFO - [2025-06-13T15:53:10.431-0400] {dag.py:3239} INFO - Sync 1 DAGs
[2025-06-13T15:53:10.437-0400] {logging_mixin.py:190} INFO - [2025-06-13T15:53:10.437-0400] {dag.py:4180} INFO - Setting next_dagrun for example_weekday_branch_operator to 2025-06-12T00:00:00+00:00, run_after=2025-06-13T00:00:00+00:00
[2025-06-13T15:53:10.444-0400] {processor.py:208} INFO - Processing /Users/pranavr/.pyenv/versions/3.11.6/lib/python3.11/site-packages/airflow/example_dags/example_branch_day_of_week_operator.py took 83.489 seconds
[2025-06-13T15:55:36.256-0400] {processor.py:186} INFO - Started process (PID=22949) to work on /Users/pranavr/.pyenv/versions/3.11.6/lib/python3.11/site-packages/airflow/example_dags/example_branch_day_of_week_operator.py
[2025-06-13T15:55:36.259-0400] {processor.py:914} INFO - Processing file /Users/pranavr/.pyenv/versions/3.11.6/lib/python3.11/site-packages/airflow/example_dags/example_branch_day_of_week_operator.py for tasks to queue
[2025-06-13T15:55:36.259-0400] {logging_mixin.py:190} INFO - [2025-06-13T15:55:36.259-0400] {dagbag.py:588} INFO - Filling up the DagBag from /Users/pranavr/.pyenv/versions/3.11.6/lib/python3.11/site-packages/airflow/example_dags/example_branch_day_of_week_operator.py
[2025-06-13T15:55:36.264-0400] {processor.py:925} INFO - DAG(s) 'example_weekday_branch_operator' retrieved from /Users/pranavr/.pyenv/versions/3.11.6/lib/python3.11/site-packages/airflow/example_dags/example_branch_day_of_week_operator.py
[2025-06-13T15:55:36.326-0400] {logging_mixin.py:190} INFO - [2025-06-13T15:55:36.326-0400] {dag.py:3239} INFO - Sync 1 DAGs
[2025-06-13T15:55:36.332-0400] {logging_mixin.py:190} INFO - [2025-06-13T15:55:36.332-0400] {dag.py:4180} INFO - Setting next_dagrun for example_weekday_branch_operator to 2025-06-12T00:00:00+00:00, run_after=2025-06-13T00:00:00+00:00
[2025-06-13T15:55:36.339-0400] {processor.py:208} INFO - Processing /Users/pranavr/.pyenv/versions/3.11.6/lib/python3.11/site-packages/airflow/example_dags/example_branch_day_of_week_operator.py took 84.521 seconds
[2025-06-13T15:58:00.684-0400] {processor.py:186} INFO - Started process (PID=23180) to work on /Users/pranavr/.pyenv/versions/3.11.6/lib/python3.11/site-packages/airflow/example_dags/example_branch_day_of_week_operator.py
[2025-06-13T15:58:00.686-0400] {processor.py:914} INFO - Processing file /Users/pranavr/.pyenv/versions/3.11.6/lib/python3.11/site-packages/airflow/example_dags/example_branch_day_of_week_operator.py for tasks to queue
[2025-06-13T15:58:00.686-0400] {logging_mixin.py:190} INFO - [2025-06-13T15:58:00.686-0400] {dagbag.py:588} INFO - Filling up the DagBag from /Users/pranavr/.pyenv/versions/3.11.6/lib/python3.11/site-packages/airflow/example_dags/example_branch_day_of_week_operator.py
[2025-06-13T15:58:00.692-0400] {processor.py:925} INFO - DAG(s) 'example_weekday_branch_operator' retrieved from /Users/pranavr/.pyenv/versions/3.11.6/lib/python3.11/site-packages/airflow/example_dags/example_branch_day_of_week_operator.py
[2025-06-13T15:58:00.758-0400] {logging_mixin.py:190} INFO - [2025-06-13T15:58:00.757-0400] {dag.py:3239} INFO - Sync 1 DAGs
[2025-06-13T15:58:00.765-0400] {logging_mixin.py:190} INFO - [2025-06-13T15:58:00.765-0400] {dag.py:4180} INFO - Setting next_dagrun for example_weekday_branch_operator to 2025-06-12T00:00:00+00:00, run_after=2025-06-13T00:00:00+00:00
[2025-06-13T15:58:00.772-0400] {processor.py:208} INFO - Processing /Users/pranavr/.pyenv/versions/3.11.6/lib/python3.11/site-packages/airflow/example_dags/example_branch_day_of_week_operator.py took 89.128 seconds
[2025-06-13T16:00:27.280-0400] {processor.py:186} INFO - Started process (PID=23569) to work on /Users/pranavr/.pyenv/versions/3.11.6/lib/python3.11/site-packages/airflow/example_dags/example_branch_day_of_week_operator.py
[2025-06-13T16:00:27.283-0400] {processor.py:914} INFO - Processing file /Users/pranavr/.pyenv/versions/3.11.6/lib/python3.11/site-packages/airflow/example_dags/example_branch_day_of_week_operator.py for tasks to queue
[2025-06-13T16:00:27.283-0400] {logging_mixin.py:190} INFO - [2025-06-13T16:00:27.283-0400] {dagbag.py:588} INFO - Filling up the DagBag from /Users/pranavr/.pyenv/versions/3.11.6/lib/python3.11/site-packages/airflow/example_dags/example_branch_day_of_week_operator.py
[2025-06-13T16:00:27.288-0400] {processor.py:925} INFO - DAG(s) 'example_weekday_branch_operator' retrieved from /Users/pranavr/.pyenv/versions/3.11.6/lib/python3.11/site-packages/airflow/example_dags/example_branch_day_of_week_operator.py
[2025-06-13T16:00:27.353-0400] {logging_mixin.py:190} INFO - [2025-06-13T16:00:27.352-0400] {dag.py:3239} INFO - Sync 1 DAGs
[2025-06-13T16:00:27.359-0400] {logging_mixin.py:190} INFO - [2025-06-13T16:00:27.359-0400] {dag.py:4180} INFO - Setting next_dagrun for example_weekday_branch_operator to 2025-06-12T00:00:00+00:00, run_after=2025-06-13T00:00:00+00:00
[2025-06-13T16:00:27.366-0400] {processor.py:208} INFO - Processing /Users/pranavr/.pyenv/versions/3.11.6/lib/python3.11/site-packages/airflow/example_dags/example_branch_day_of_week_operator.py took 87.134 seconds
[2025-06-13T16:03:00.915-0400] {processor.py:186} INFO - Started process (PID=23968) to work on /Users/pranavr/.pyenv/versions/3.11.6/lib/python3.11/site-packages/airflow/example_dags/example_branch_day_of_week_operator.py
[2025-06-13T16:03:00.917-0400] {processor.py:914} INFO - Processing file /Users/pranavr/.pyenv/versions/3.11.6/lib/python3.11/site-packages/airflow/example_dags/example_branch_day_of_week_operator.py for tasks to queue
[2025-06-13T16:03:00.918-0400] {logging_mixin.py:190} INFO - [2025-06-13T16:03:00.918-0400] {dagbag.py:588} INFO - Filling up the DagBag from /Users/pranavr/.pyenv/versions/3.11.6/lib/python3.11/site-packages/airflow/example_dags/example_branch_day_of_week_operator.py
[2025-06-13T16:03:00.923-0400] {processor.py:925} INFO - DAG(s) 'example_weekday_branch_operator' retrieved from /Users/pranavr/.pyenv/versions/3.11.6/lib/python3.11/site-packages/airflow/example_dags/example_branch_day_of_week_operator.py
[2025-06-13T16:03:00.999-0400] {logging_mixin.py:190} INFO - [2025-06-13T16:03:00.998-0400] {dag.py:3239} INFO - Sync 1 DAGs
[2025-06-13T16:03:01.006-0400] {logging_mixin.py:190} INFO - [2025-06-13T16:03:01.006-0400] {dag.py:4180} INFO - Setting next_dagrun for example_weekday_branch_operator to 2025-06-12T00:00:00+00:00, run_after=2025-06-13T00:00:00+00:00
[2025-06-13T16:03:01.014-0400] {processor.py:208} INFO - Processing /Users/pranavr/.pyenv/versions/3.11.6/lib/python3.11/site-packages/airflow/example_dags/example_branch_day_of_week_operator.py took 100.312 seconds
