[2025-06-13T14:10:15.643-0400] {processor.py:153} INFO - Started process (PID=96575) to work on /Users/pranavr/drift-retrainer/venv311/lib/python3.11/site-packages/airflow/example_dags/example_nested_branch_dag.py
[2025-06-13T14:10:15.645-0400] {processor.py:743} INFO - Processing file /Users/pranavr/drift-retrainer/venv311/lib/python3.11/site-packages/airflow/example_dags/example_nested_branch_dag.py for tasks to queue
[2025-06-13T14:10:15.646-0400] {logging_mixin.py:137} INFO - [2025-06-13T14:10:15.646-0400] {dagbag.py:538} INFO - Filling up the DagBag from /Users/pranavr/drift-retrainer/venv311/lib/python3.11/site-packages/airflow/example_dags/example_nested_branch_dag.py
[2025-06-13T14:10:15.692-0400] {processor.py:753} INFO - DAG(s) dict_keys(['example_nested_branch_dag']) retrieved from /Users/pranavr/drift-retrainer/venv311/lib/python3.11/site-packages/airflow/example_dags/example_nested_branch_dag.py
[2025-06-13T14:10:16.202-0400] {logging_mixin.py:137} INFO - [2025-06-13T14:10:16.202-0400] {manager.py:504} INFO - Created Permission View: can delete on DAG:example_nested_branch_dag
[2025-06-13T14:10:16.206-0400] {logging_mixin.py:137} INFO - [2025-06-13T14:10:16.206-0400] {manager.py:504} INFO - Created Permission View: can read on DAG:example_nested_branch_dag
[2025-06-13T14:10:16.210-0400] {logging_mixin.py:137} INFO - [2025-06-13T14:10:16.210-0400] {manager.py:504} INFO - Created Permission View: can edit on DAG:example_nested_branch_dag
[2025-06-13T14:10:16.210-0400] {logging_mixin.py:137} INFO - [2025-06-13T14:10:16.210-0400] {dag.py:2690} INFO - Sync 1 DAGs
[2025-06-13T14:10:16.216-0400] {logging_mixin.py:137} INFO - [2025-06-13T14:10:16.216-0400] {dag.py:2711} INFO - Creating ORM DAG for example_nested_branch_dag
[2025-06-13T14:10:16.221-0400] {logging_mixin.py:137} INFO - [2025-06-13T14:10:16.220-0400] {dag.py:3437} INFO - Setting next_dagrun for example_nested_branch_dag to 2025-06-12T00:00:00+00:00, run_after=2025-06-13T00:00:00+00:00
[2025-06-13T14:10:16.229-0400] {processor.py:175} INFO - Processing /Users/pranavr/drift-retrainer/venv311/lib/python3.11/site-packages/airflow/example_dags/example_nested_branch_dag.py took 0.586 seconds
[2025-06-13T14:11:44.470-0400] {processor.py:153} INFO - Started process (PID=97479) to work on /Users/pranavr/drift-retrainer/venv311/lib/python3.11/site-packages/airflow/example_dags/example_nested_branch_dag.py
[2025-06-13T14:11:44.472-0400] {processor.py:743} INFO - Processing file /Users/pranavr/drift-retrainer/venv311/lib/python3.11/site-packages/airflow/example_dags/example_nested_branch_dag.py for tasks to queue
[2025-06-13T14:11:44.472-0400] {logging_mixin.py:137} INFO - [2025-06-13T14:11:44.472-0400] {dagbag.py:538} INFO - Filling up the DagBag from /Users/pranavr/drift-retrainer/venv311/lib/python3.11/site-packages/airflow/example_dags/example_nested_branch_dag.py
[2025-06-13T14:11:44.499-0400] {processor.py:753} INFO - DAG(s) dict_keys(['example_nested_branch_dag']) retrieved from /Users/pranavr/drift-retrainer/venv311/lib/python3.11/site-packages/airflow/example_dags/example_nested_branch_dag.py
[2025-06-13T14:11:44.972-0400] {logging_mixin.py:137} INFO - [2025-06-13T14:11:44.971-0400] {dag.py:2690} INFO - Sync 1 DAGs
[2025-06-13T14:11:44.980-0400] {logging_mixin.py:137} INFO - [2025-06-13T14:11:44.980-0400] {dag.py:3437} INFO - Setting next_dagrun for example_nested_branch_dag to 2025-06-12T00:00:00+00:00, run_after=2025-06-13T00:00:00+00:00
[2025-06-13T14:11:44.988-0400] {processor.py:175} INFO - Processing /Users/pranavr/drift-retrainer/venv311/lib/python3.11/site-packages/airflow/example_dags/example_nested_branch_dag.py took 0.519 seconds
[2025-06-13T14:13:37.542-0400] {processor.py:153} INFO - Started process (PID=97934) to work on /Users/pranavr/drift-retrainer/venv311/lib/python3.11/site-packages/airflow/example_dags/example_nested_branch_dag.py
[2025-06-13T14:13:37.544-0400] {processor.py:743} INFO - Processing file /Users/pranavr/drift-retrainer/venv311/lib/python3.11/site-packages/airflow/example_dags/example_nested_branch_dag.py for tasks to queue
[2025-06-13T14:13:37.544-0400] {logging_mixin.py:137} INFO - [2025-06-13T14:13:37.544-0400] {dagbag.py:538} INFO - Filling up the DagBag from /Users/pranavr/drift-retrainer/venv311/lib/python3.11/site-packages/airflow/example_dags/example_nested_branch_dag.py
[2025-06-13T14:13:37.606-0400] {processor.py:753} INFO - DAG(s) dict_keys(['example_nested_branch_dag']) retrieved from /Users/pranavr/drift-retrainer/venv311/lib/python3.11/site-packages/airflow/example_dags/example_nested_branch_dag.py
[2025-06-13T14:13:38.058-0400] {logging_mixin.py:137} INFO - [2025-06-13T14:13:38.058-0400] {dag.py:2690} INFO - Sync 1 DAGs
[2025-06-13T14:13:38.066-0400] {logging_mixin.py:137} INFO - [2025-06-13T14:13:38.065-0400] {dag.py:3437} INFO - Setting next_dagrun for example_nested_branch_dag to 2025-06-12T00:00:00+00:00, run_after=2025-06-13T00:00:00+00:00
[2025-06-13T14:13:38.074-0400] {processor.py:175} INFO - Processing /Users/pranavr/drift-retrainer/venv311/lib/python3.11/site-packages/airflow/example_dags/example_nested_branch_dag.py took 0.534 seconds
[2025-06-13T14:15:29.414-0400] {processor.py:153} INFO - Started process (PID=2932) to work on /Users/pranavr/drift-retrainer/venv311/lib/python3.11/site-packages/airflow/example_dags/example_nested_branch_dag.py
[2025-06-13T14:15:29.416-0400] {processor.py:743} INFO - Processing file /Users/pranavr/drift-retrainer/venv311/lib/python3.11/site-packages/airflow/example_dags/example_nested_branch_dag.py for tasks to queue
[2025-06-13T14:15:29.416-0400] {logging_mixin.py:137} INFO - [2025-06-13T14:15:29.416-0400] {dagbag.py:538} INFO - Filling up the DagBag from /Users/pranavr/drift-retrainer/venv311/lib/python3.11/site-packages/airflow/example_dags/example_nested_branch_dag.py
[2025-06-13T14:15:29.455-0400] {processor.py:753} INFO - DAG(s) dict_keys(['example_nested_branch_dag']) retrieved from /Users/pranavr/drift-retrainer/venv311/lib/python3.11/site-packages/airflow/example_dags/example_nested_branch_dag.py
[2025-06-13T14:15:29.913-0400] {logging_mixin.py:137} INFO - [2025-06-13T14:15:29.913-0400] {dag.py:2690} INFO - Sync 1 DAGs
[2025-06-13T14:15:29.921-0400] {logging_mixin.py:137} INFO - [2025-06-13T14:15:29.920-0400] {dag.py:3437} INFO - Setting next_dagrun for example_nested_branch_dag to 2025-06-12T00:00:00+00:00, run_after=2025-06-13T00:00:00+00:00
[2025-06-13T14:15:29.929-0400] {processor.py:175} INFO - Processing /Users/pranavr/drift-retrainer/venv311/lib/python3.11/site-packages/airflow/example_dags/example_nested_branch_dag.py took 0.516 seconds
[2025-06-13T14:17:23.727-0400] {processor.py:153} INFO - Started process (PID=3992) to work on /Users/pranavr/drift-retrainer/venv311/lib/python3.11/site-packages/airflow/example_dags/example_nested_branch_dag.py
[2025-06-13T14:17:23.729-0400] {processor.py:743} INFO - Processing file /Users/pranavr/drift-retrainer/venv311/lib/python3.11/site-packages/airflow/example_dags/example_nested_branch_dag.py for tasks to queue
[2025-06-13T14:17:23.729-0400] {logging_mixin.py:137} INFO - [2025-06-13T14:17:23.729-0400] {dagbag.py:538} INFO - Filling up the DagBag from /Users/pranavr/drift-retrainer/venv311/lib/python3.11/site-packages/airflow/example_dags/example_nested_branch_dag.py
[2025-06-13T14:17:23.761-0400] {processor.py:753} INFO - DAG(s) dict_keys(['example_nested_branch_dag']) retrieved from /Users/pranavr/drift-retrainer/venv311/lib/python3.11/site-packages/airflow/example_dags/example_nested_branch_dag.py
[2025-06-13T14:17:24.226-0400] {logging_mixin.py:137} INFO - [2025-06-13T14:17:24.226-0400] {dag.py:2690} INFO - Sync 1 DAGs
[2025-06-13T14:17:24.236-0400] {logging_mixin.py:137} INFO - [2025-06-13T14:17:24.235-0400] {dag.py:3437} INFO - Setting next_dagrun for example_nested_branch_dag to 2025-06-12T00:00:00+00:00, run_after=2025-06-13T00:00:00+00:00
[2025-06-13T14:17:24.244-0400] {processor.py:175} INFO - Processing /Users/pranavr/drift-retrainer/venv311/lib/python3.11/site-packages/airflow/example_dags/example_nested_branch_dag.py took 0.517 seconds
[2025-06-13T14:19:24.493-0400] {processor.py:153} INFO - Started process (PID=6507) to work on /Users/pranavr/drift-retrainer/venv311/lib/python3.11/site-packages/airflow/example_dags/example_nested_branch_dag.py
[2025-06-13T14:19:24.495-0400] {processor.py:743} INFO - Processing file /Users/pranavr/drift-retrainer/venv311/lib/python3.11/site-packages/airflow/example_dags/example_nested_branch_dag.py for tasks to queue
[2025-06-13T14:19:24.495-0400] {logging_mixin.py:137} INFO - [2025-06-13T14:19:24.495-0400] {dagbag.py:538} INFO - Filling up the DagBag from /Users/pranavr/drift-retrainer/venv311/lib/python3.11/site-packages/airflow/example_dags/example_nested_branch_dag.py
[2025-06-13T14:19:24.541-0400] {processor.py:753} INFO - DAG(s) dict_keys(['example_nested_branch_dag']) retrieved from /Users/pranavr/drift-retrainer/venv311/lib/python3.11/site-packages/airflow/example_dags/example_nested_branch_dag.py
[2025-06-13T14:19:25.014-0400] {logging_mixin.py:137} INFO - [2025-06-13T14:19:25.014-0400] {dag.py:2690} INFO - Sync 1 DAGs
[2025-06-13T14:19:25.022-0400] {logging_mixin.py:137} INFO - [2025-06-13T14:19:25.022-0400] {dag.py:3437} INFO - Setting next_dagrun for example_nested_branch_dag to 2025-06-12T00:00:00+00:00, run_after=2025-06-13T00:00:00+00:00
[2025-06-13T14:19:25.030-0400] {processor.py:175} INFO - Processing /Users/pranavr/drift-retrainer/venv311/lib/python3.11/site-packages/airflow/example_dags/example_nested_branch_dag.py took 0.537 seconds
[2025-06-13T14:22:33.529-0400] {processor.py:186} INFO - Started process (PID=7645) to work on /Users/pranavr/.pyenv/versions/3.11.6/lib/python3.11/site-packages/airflow/example_dags/example_nested_branch_dag.py
[2025-06-13T14:22:33.531-0400] {processor.py:914} INFO - Processing file /Users/pranavr/.pyenv/versions/3.11.6/lib/python3.11/site-packages/airflow/example_dags/example_nested_branch_dag.py for tasks to queue
[2025-06-13T14:22:33.531-0400] {logging_mixin.py:190} INFO - [2025-06-13T14:22:33.531-0400] {dagbag.py:588} INFO - Filling up the DagBag from /Users/pranavr/.pyenv/versions/3.11.6/lib/python3.11/site-packages/airflow/example_dags/example_nested_branch_dag.py
[2025-06-13T14:22:33.550-0400] {processor.py:925} INFO - DAG(s) 'example_nested_branch_dag' retrieved from /Users/pranavr/.pyenv/versions/3.11.6/lib/python3.11/site-packages/airflow/example_dags/example_nested_branch_dag.py
[2025-06-13T14:22:33.714-0400] {logging_mixin.py:190} INFO - [2025-06-13T14:22:33.714-0400] {dag.py:3239} INFO - Sync 1 DAGs
[2025-06-13T14:22:33.722-0400] {logging_mixin.py:190} INFO - [2025-06-13T14:22:33.722-0400] {dag.py:4180} INFO - Setting next_dagrun for example_nested_branch_dag to 2025-06-12T00:00:00+00:00, run_after=2025-06-13T00:00:00+00:00
[2025-06-13T14:22:33.731-0400] {processor.py:208} INFO - Processing /Users/pranavr/.pyenv/versions/3.11.6/lib/python3.11/site-packages/airflow/example_dags/example_nested_branch_dag.py took 203.687 seconds
[2025-06-13T14:24:37.330-0400] {processor.py:186} INFO - Started process (PID=7926) to work on /Users/pranavr/.pyenv/versions/3.11.6/lib/python3.11/site-packages/airflow/example_dags/example_nested_branch_dag.py
[2025-06-13T14:24:37.332-0400] {processor.py:914} INFO - Processing file /Users/pranavr/.pyenv/versions/3.11.6/lib/python3.11/site-packages/airflow/example_dags/example_nested_branch_dag.py for tasks to queue
[2025-06-13T14:24:37.333-0400] {logging_mixin.py:190} INFO - [2025-06-13T14:24:37.332-0400] {dagbag.py:588} INFO - Filling up the DagBag from /Users/pranavr/.pyenv/versions/3.11.6/lib/python3.11/site-packages/airflow/example_dags/example_nested_branch_dag.py
[2025-06-13T14:24:37.352-0400] {processor.py:925} INFO - DAG(s) 'example_nested_branch_dag' retrieved from /Users/pranavr/.pyenv/versions/3.11.6/lib/python3.11/site-packages/airflow/example_dags/example_nested_branch_dag.py
[2025-06-13T14:24:37.438-0400] {logging_mixin.py:190} INFO - [2025-06-13T14:24:37.438-0400] {dag.py:3239} INFO - Sync 1 DAGs
[2025-06-13T14:24:37.446-0400] {logging_mixin.py:190} INFO - [2025-06-13T14:24:37.446-0400] {dag.py:4180} INFO - Setting next_dagrun for example_nested_branch_dag to 2025-06-12T00:00:00+00:00, run_after=2025-06-13T00:00:00+00:00
[2025-06-13T14:24:37.456-0400] {processor.py:208} INFO - Processing /Users/pranavr/.pyenv/versions/3.11.6/lib/python3.11/site-packages/airflow/example_dags/example_nested_branch_dag.py took 126.950 seconds
[2025-06-13T14:27:38.558-0400] {processor.py:186} INFO - Started process (PID=8684) to work on /Users/pranavr/.pyenv/versions/3.11.6/lib/python3.11/site-packages/airflow/example_dags/example_nested_branch_dag.py
[2025-06-13T14:27:38.560-0400] {processor.py:914} INFO - Processing file /Users/pranavr/.pyenv/versions/3.11.6/lib/python3.11/site-packages/airflow/example_dags/example_nested_branch_dag.py for tasks to queue
[2025-06-13T14:27:38.561-0400] {logging_mixin.py:190} INFO - [2025-06-13T14:27:38.561-0400] {dagbag.py:588} INFO - Filling up the DagBag from /Users/pranavr/.pyenv/versions/3.11.6/lib/python3.11/site-packages/airflow/example_dags/example_nested_branch_dag.py
[2025-06-13T14:27:38.578-0400] {processor.py:925} INFO - DAG(s) 'example_nested_branch_dag' retrieved from /Users/pranavr/.pyenv/versions/3.11.6/lib/python3.11/site-packages/airflow/example_dags/example_nested_branch_dag.py
[2025-06-13T14:27:38.660-0400] {logging_mixin.py:190} INFO - [2025-06-13T14:27:38.660-0400] {dag.py:3239} INFO - Sync 1 DAGs
[2025-06-13T14:27:38.669-0400] {logging_mixin.py:190} INFO - [2025-06-13T14:27:38.669-0400] {dag.py:4180} INFO - Setting next_dagrun for example_nested_branch_dag to 2025-06-12T00:00:00+00:00, run_after=2025-06-13T00:00:00+00:00
[2025-06-13T14:27:38.676-0400] {processor.py:208} INFO - Processing /Users/pranavr/.pyenv/versions/3.11.6/lib/python3.11/site-packages/airflow/example_dags/example_nested_branch_dag.py took 119.755 seconds
[2025-06-13T14:30:41.799-0400] {processor.py:186} INFO - Started process (PID=9159) to work on /Users/pranavr/.pyenv/versions/3.11.6/lib/python3.11/site-packages/airflow/example_dags/example_nested_branch_dag.py
[2025-06-13T14:30:41.806-0400] {processor.py:914} INFO - Processing file /Users/pranavr/.pyenv/versions/3.11.6/lib/python3.11/site-packages/airflow/example_dags/example_nested_branch_dag.py for tasks to queue
[2025-06-13T14:30:41.807-0400] {logging_mixin.py:190} INFO - [2025-06-13T14:30:41.807-0400] {dagbag.py:588} INFO - Filling up the DagBag from /Users/pranavr/.pyenv/versions/3.11.6/lib/python3.11/site-packages/airflow/example_dags/example_nested_branch_dag.py
[2025-06-13T14:30:41.826-0400] {processor.py:925} INFO - DAG(s) 'example_nested_branch_dag' retrieved from /Users/pranavr/.pyenv/versions/3.11.6/lib/python3.11/site-packages/airflow/example_dags/example_nested_branch_dag.py
[2025-06-13T14:30:41.915-0400] {logging_mixin.py:190} INFO - [2025-06-13T14:30:41.915-0400] {dag.py:3239} INFO - Sync 1 DAGs
[2025-06-13T14:30:41.924-0400] {logging_mixin.py:190} INFO - [2025-06-13T14:30:41.924-0400] {dag.py:4180} INFO - Setting next_dagrun for example_nested_branch_dag to 2025-06-12T00:00:00+00:00, run_after=2025-06-13T00:00:00+00:00
[2025-06-13T14:30:41.932-0400] {processor.py:208} INFO - Processing /Users/pranavr/.pyenv/versions/3.11.6/lib/python3.11/site-packages/airflow/example_dags/example_nested_branch_dag.py took 135.118 seconds
[2025-06-13T14:33:42.588-0400] {processor.py:186} INFO - Started process (PID=9640) to work on /Users/pranavr/.pyenv/versions/3.11.6/lib/python3.11/site-packages/airflow/example_dags/example_nested_branch_dag.py
[2025-06-13T14:33:42.590-0400] {processor.py:914} INFO - Processing file /Users/pranavr/.pyenv/versions/3.11.6/lib/python3.11/site-packages/airflow/example_dags/example_nested_branch_dag.py for tasks to queue
[2025-06-13T14:33:42.591-0400] {logging_mixin.py:190} INFO - [2025-06-13T14:33:42.591-0400] {dagbag.py:588} INFO - Filling up the DagBag from /Users/pranavr/.pyenv/versions/3.11.6/lib/python3.11/site-packages/airflow/example_dags/example_nested_branch_dag.py
[2025-06-13T14:33:42.618-0400] {processor.py:925} INFO - DAG(s) 'example_nested_branch_dag' retrieved from /Users/pranavr/.pyenv/versions/3.11.6/lib/python3.11/site-packages/airflow/example_dags/example_nested_branch_dag.py
[2025-06-13T14:33:42.736-0400] {logging_mixin.py:190} INFO - [2025-06-13T14:33:42.736-0400] {dag.py:3239} INFO - Sync 1 DAGs
[2025-06-13T14:33:42.745-0400] {logging_mixin.py:190} INFO - [2025-06-13T14:33:42.744-0400] {dag.py:4180} INFO - Setting next_dagrun for example_nested_branch_dag to 2025-06-12T00:00:00+00:00, run_after=2025-06-13T00:00:00+00:00
[2025-06-13T14:33:42.757-0400] {processor.py:208} INFO - Processing /Users/pranavr/.pyenv/versions/3.11.6/lib/python3.11/site-packages/airflow/example_dags/example_nested_branch_dag.py took 171.990 seconds
[2025-06-13T14:36:45.216-0400] {processor.py:186} INFO - Started process (PID=10984) to work on /Users/pranavr/.pyenv/versions/3.11.6/lib/python3.11/site-packages/airflow/example_dags/example_nested_branch_dag.py
[2025-06-13T14:36:45.219-0400] {processor.py:914} INFO - Processing file /Users/pranavr/.pyenv/versions/3.11.6/lib/python3.11/site-packages/airflow/example_dags/example_nested_branch_dag.py for tasks to queue
[2025-06-13T14:36:45.219-0400] {logging_mixin.py:190} INFO - [2025-06-13T14:36:45.219-0400] {dagbag.py:588} INFO - Filling up the DagBag from /Users/pranavr/.pyenv/versions/3.11.6/lib/python3.11/site-packages/airflow/example_dags/example_nested_branch_dag.py
[2025-06-13T14:36:45.237-0400] {processor.py:925} INFO - DAG(s) 'example_nested_branch_dag' retrieved from /Users/pranavr/.pyenv/versions/3.11.6/lib/python3.11/site-packages/airflow/example_dags/example_nested_branch_dag.py
[2025-06-13T14:36:45.314-0400] {logging_mixin.py:190} INFO - [2025-06-13T14:36:45.314-0400] {dag.py:3239} INFO - Sync 1 DAGs
[2025-06-13T14:36:45.323-0400] {logging_mixin.py:190} INFO - [2025-06-13T14:36:45.323-0400] {dag.py:4180} INFO - Setting next_dagrun for example_nested_branch_dag to 2025-06-12T00:00:00+00:00, run_after=2025-06-13T00:00:00+00:00
[2025-06-13T14:36:45.332-0400] {processor.py:208} INFO - Processing /Users/pranavr/.pyenv/versions/3.11.6/lib/python3.11/site-packages/airflow/example_dags/example_nested_branch_dag.py took 118.548 seconds
[2025-06-13T14:39:38.842-0400] {processor.py:186} INFO - Started process (PID=11431) to work on /Users/pranavr/.pyenv/versions/3.11.6/lib/python3.11/site-packages/airflow/example_dags/example_nested_branch_dag.py
[2025-06-13T14:39:38.845-0400] {processor.py:914} INFO - Processing file /Users/pranavr/.pyenv/versions/3.11.6/lib/python3.11/site-packages/airflow/example_dags/example_nested_branch_dag.py for tasks to queue
[2025-06-13T14:39:38.845-0400] {logging_mixin.py:190} INFO - [2025-06-13T14:39:38.845-0400] {dagbag.py:588} INFO - Filling up the DagBag from /Users/pranavr/.pyenv/versions/3.11.6/lib/python3.11/site-packages/airflow/example_dags/example_nested_branch_dag.py
[2025-06-13T14:39:38.860-0400] {processor.py:925} INFO - DAG(s) 'example_nested_branch_dag' retrieved from /Users/pranavr/.pyenv/versions/3.11.6/lib/python3.11/site-packages/airflow/example_dags/example_nested_branch_dag.py
[2025-06-13T14:39:38.923-0400] {logging_mixin.py:190} INFO - [2025-06-13T14:39:38.923-0400] {dag.py:3239} INFO - Sync 1 DAGs
[2025-06-13T14:39:38.930-0400] {logging_mixin.py:190} INFO - [2025-06-13T14:39:38.930-0400] {dag.py:4180} INFO - Setting next_dagrun for example_nested_branch_dag to 2025-06-12T00:00:00+00:00, run_after=2025-06-13T00:00:00+00:00
[2025-06-13T14:39:38.937-0400] {processor.py:208} INFO - Processing /Users/pranavr/.pyenv/versions/3.11.6/lib/python3.11/site-packages/airflow/example_dags/example_nested_branch_dag.py took 96.198 seconds
[2025-06-13T14:42:13.282-0400] {processor.py:186} INFO - Started process (PID=11818) to work on /Users/pranavr/.pyenv/versions/3.11.6/lib/python3.11/site-packages/airflow/example_dags/example_nested_branch_dag.py
[2025-06-13T14:42:13.283-0400] {processor.py:914} INFO - Processing file /Users/pranavr/.pyenv/versions/3.11.6/lib/python3.11/site-packages/airflow/example_dags/example_nested_branch_dag.py for tasks to queue
[2025-06-13T14:42:13.284-0400] {logging_mixin.py:190} INFO - [2025-06-13T14:42:13.284-0400] {dagbag.py:588} INFO - Filling up the DagBag from /Users/pranavr/.pyenv/versions/3.11.6/lib/python3.11/site-packages/airflow/example_dags/example_nested_branch_dag.py
[2025-06-13T14:42:13.300-0400] {processor.py:925} INFO - DAG(s) 'example_nested_branch_dag' retrieved from /Users/pranavr/.pyenv/versions/3.11.6/lib/python3.11/site-packages/airflow/example_dags/example_nested_branch_dag.py
[2025-06-13T14:42:13.366-0400] {logging_mixin.py:190} INFO - [2025-06-13T14:42:13.366-0400] {dag.py:3239} INFO - Sync 1 DAGs
[2025-06-13T14:42:13.373-0400] {logging_mixin.py:190} INFO - [2025-06-13T14:42:13.373-0400] {dag.py:4180} INFO - Setting next_dagrun for example_nested_branch_dag to 2025-06-12T00:00:00+00:00, run_after=2025-06-13T00:00:00+00:00
[2025-06-13T14:42:13.380-0400] {processor.py:208} INFO - Processing /Users/pranavr/.pyenv/versions/3.11.6/lib/python3.11/site-packages/airflow/example_dags/example_nested_branch_dag.py took 99.385 seconds
[2025-06-13T14:44:36.995-0400] {processor.py:186} INFO - Started process (PID=12062) to work on /Users/pranavr/.pyenv/versions/3.11.6/lib/python3.11/site-packages/airflow/example_dags/example_nested_branch_dag.py
[2025-06-13T14:44:36.997-0400] {processor.py:914} INFO - Processing file /Users/pranavr/.pyenv/versions/3.11.6/lib/python3.11/site-packages/airflow/example_dags/example_nested_branch_dag.py for tasks to queue
[2025-06-13T14:44:36.997-0400] {logging_mixin.py:190} INFO - [2025-06-13T14:44:36.997-0400] {dagbag.py:588} INFO - Filling up the DagBag from /Users/pranavr/.pyenv/versions/3.11.6/lib/python3.11/site-packages/airflow/example_dags/example_nested_branch_dag.py
[2025-06-13T14:44:37.014-0400] {processor.py:925} INFO - DAG(s) 'example_nested_branch_dag' retrieved from /Users/pranavr/.pyenv/versions/3.11.6/lib/python3.11/site-packages/airflow/example_dags/example_nested_branch_dag.py
[2025-06-13T14:44:37.079-0400] {logging_mixin.py:190} INFO - [2025-06-13T14:44:37.079-0400] {dag.py:3239} INFO - Sync 1 DAGs
[2025-06-13T14:44:37.087-0400] {logging_mixin.py:190} INFO - [2025-06-13T14:44:37.087-0400] {dag.py:4180} INFO - Setting next_dagrun for example_nested_branch_dag to 2025-06-12T00:00:00+00:00, run_after=2025-06-13T00:00:00+00:00
[2025-06-13T14:44:37.094-0400] {processor.py:208} INFO - Processing /Users/pranavr/.pyenv/versions/3.11.6/lib/python3.11/site-packages/airflow/example_dags/example_nested_branch_dag.py took 100.637 seconds
[2025-06-13T14:47:01.659-0400] {processor.py:186} INFO - Started process (PID=12372) to work on /Users/pranavr/.pyenv/versions/3.11.6/lib/python3.11/site-packages/airflow/example_dags/example_nested_branch_dag.py
[2025-06-13T14:47:01.661-0400] {processor.py:914} INFO - Processing file /Users/pranavr/.pyenv/versions/3.11.6/lib/python3.11/site-packages/airflow/example_dags/example_nested_branch_dag.py for tasks to queue
[2025-06-13T14:47:01.661-0400] {logging_mixin.py:190} INFO - [2025-06-13T14:47:01.661-0400] {dagbag.py:588} INFO - Filling up the DagBag from /Users/pranavr/.pyenv/versions/3.11.6/lib/python3.11/site-packages/airflow/example_dags/example_nested_branch_dag.py
[2025-06-13T14:47:01.676-0400] {processor.py:925} INFO - DAG(s) 'example_nested_branch_dag' retrieved from /Users/pranavr/.pyenv/versions/3.11.6/lib/python3.11/site-packages/airflow/example_dags/example_nested_branch_dag.py
[2025-06-13T14:47:01.737-0400] {logging_mixin.py:190} INFO - [2025-06-13T14:47:01.737-0400] {dag.py:3239} INFO - Sync 1 DAGs
[2025-06-13T14:47:01.744-0400] {logging_mixin.py:190} INFO - [2025-06-13T14:47:01.744-0400] {dag.py:4180} INFO - Setting next_dagrun for example_nested_branch_dag to 2025-06-12T00:00:00+00:00, run_after=2025-06-13T00:00:00+00:00
[2025-06-13T14:47:01.751-0400] {processor.py:208} INFO - Processing /Users/pranavr/.pyenv/versions/3.11.6/lib/python3.11/site-packages/airflow/example_dags/example_nested_branch_dag.py took 93.144 seconds
[2025-06-13T14:49:31.429-0400] {processor.py:186} INFO - Started process (PID=12601) to work on /Users/pranavr/.pyenv/versions/3.11.6/lib/python3.11/site-packages/airflow/example_dags/example_nested_branch_dag.py
[2025-06-13T14:49:31.431-0400] {processor.py:914} INFO - Processing file /Users/pranavr/.pyenv/versions/3.11.6/lib/python3.11/site-packages/airflow/example_dags/example_nested_branch_dag.py for tasks to queue
[2025-06-13T14:49:31.431-0400] {logging_mixin.py:190} INFO - [2025-06-13T14:49:31.431-0400] {dagbag.py:588} INFO - Filling up the DagBag from /Users/pranavr/.pyenv/versions/3.11.6/lib/python3.11/site-packages/airflow/example_dags/example_nested_branch_dag.py
[2025-06-13T14:49:31.448-0400] {processor.py:925} INFO - DAG(s) 'example_nested_branch_dag' retrieved from /Users/pranavr/.pyenv/versions/3.11.6/lib/python3.11/site-packages/airflow/example_dags/example_nested_branch_dag.py
[2025-06-13T14:49:31.512-0400] {logging_mixin.py:190} INFO - [2025-06-13T14:49:31.512-0400] {dag.py:3239} INFO - Sync 1 DAGs
[2025-06-13T14:49:31.519-0400] {logging_mixin.py:190} INFO - [2025-06-13T14:49:31.519-0400] {dag.py:4180} INFO - Setting next_dagrun for example_nested_branch_dag to 2025-06-12T00:00:00+00:00, run_after=2025-06-13T00:00:00+00:00
[2025-06-13T14:49:31.526-0400] {processor.py:208} INFO - Processing /Users/pranavr/.pyenv/versions/3.11.6/lib/python3.11/site-packages/airflow/example_dags/example_nested_branch_dag.py took 98.239 seconds
[2025-06-13T14:52:01.100-0400] {processor.py:186} INFO - Started process (PID=13962) to work on /Users/pranavr/.pyenv/versions/3.11.6/lib/python3.11/site-packages/airflow/example_dags/example_nested_branch_dag.py
[2025-06-13T14:52:01.103-0400] {processor.py:914} INFO - Processing file /Users/pranavr/.pyenv/versions/3.11.6/lib/python3.11/site-packages/airflow/example_dags/example_nested_branch_dag.py for tasks to queue
[2025-06-13T14:52:01.103-0400] {logging_mixin.py:190} INFO - [2025-06-13T14:52:01.103-0400] {dagbag.py:588} INFO - Filling up the DagBag from /Users/pranavr/.pyenv/versions/3.11.6/lib/python3.11/site-packages/airflow/example_dags/example_nested_branch_dag.py
[2025-06-13T14:52:01.120-0400] {processor.py:925} INFO - DAG(s) 'example_nested_branch_dag' retrieved from /Users/pranavr/.pyenv/versions/3.11.6/lib/python3.11/site-packages/airflow/example_dags/example_nested_branch_dag.py
[2025-06-13T14:52:01.189-0400] {logging_mixin.py:190} INFO - [2025-06-13T14:52:01.189-0400] {dag.py:3239} INFO - Sync 1 DAGs
[2025-06-13T14:52:01.197-0400] {logging_mixin.py:190} INFO - [2025-06-13T14:52:01.197-0400] {dag.py:4180} INFO - Setting next_dagrun for example_nested_branch_dag to 2025-06-12T00:00:00+00:00, run_after=2025-06-13T00:00:00+00:00
[2025-06-13T14:52:01.204-0400] {processor.py:208} INFO - Processing /Users/pranavr/.pyenv/versions/3.11.6/lib/python3.11/site-packages/airflow/example_dags/example_nested_branch_dag.py took 105.084 seconds
[2025-06-13T14:54:30.432-0400] {processor.py:186} INFO - Started process (PID=14186) to work on /Users/pranavr/.pyenv/versions/3.11.6/lib/python3.11/site-packages/airflow/example_dags/example_nested_branch_dag.py
[2025-06-13T14:54:30.435-0400] {processor.py:914} INFO - Processing file /Users/pranavr/.pyenv/versions/3.11.6/lib/python3.11/site-packages/airflow/example_dags/example_nested_branch_dag.py for tasks to queue
[2025-06-13T14:54:30.435-0400] {logging_mixin.py:190} INFO - [2025-06-13T14:54:30.435-0400] {dagbag.py:588} INFO - Filling up the DagBag from /Users/pranavr/.pyenv/versions/3.11.6/lib/python3.11/site-packages/airflow/example_dags/example_nested_branch_dag.py
[2025-06-13T14:54:30.451-0400] {processor.py:925} INFO - DAG(s) 'example_nested_branch_dag' retrieved from /Users/pranavr/.pyenv/versions/3.11.6/lib/python3.11/site-packages/airflow/example_dags/example_nested_branch_dag.py
[2025-06-13T14:54:30.514-0400] {logging_mixin.py:190} INFO - [2025-06-13T14:54:30.513-0400] {dag.py:3239} INFO - Sync 1 DAGs
[2025-06-13T14:54:30.520-0400] {logging_mixin.py:190} INFO - [2025-06-13T14:54:30.520-0400] {dag.py:4180} INFO - Setting next_dagrun for example_nested_branch_dag to 2025-06-12T00:00:00+00:00, run_after=2025-06-13T00:00:00+00:00
[2025-06-13T14:54:30.528-0400] {processor.py:208} INFO - Processing /Users/pranavr/.pyenv/versions/3.11.6/lib/python3.11/site-packages/airflow/example_dags/example_nested_branch_dag.py took 97.072 seconds
[2025-06-13T14:57:02.673-0400] {processor.py:186} INFO - Started process (PID=14431) to work on /Users/pranavr/.pyenv/versions/3.11.6/lib/python3.11/site-packages/airflow/example_dags/example_nested_branch_dag.py
[2025-06-13T14:57:02.676-0400] {processor.py:914} INFO - Processing file /Users/pranavr/.pyenv/versions/3.11.6/lib/python3.11/site-packages/airflow/example_dags/example_nested_branch_dag.py for tasks to queue
[2025-06-13T14:57:02.677-0400] {logging_mixin.py:190} INFO - [2025-06-13T14:57:02.677-0400] {dagbag.py:588} INFO - Filling up the DagBag from /Users/pranavr/.pyenv/versions/3.11.6/lib/python3.11/site-packages/airflow/example_dags/example_nested_branch_dag.py
[2025-06-13T14:57:02.692-0400] {processor.py:925} INFO - DAG(s) 'example_nested_branch_dag' retrieved from /Users/pranavr/.pyenv/versions/3.11.6/lib/python3.11/site-packages/airflow/example_dags/example_nested_branch_dag.py
[2025-06-13T14:57:02.753-0400] {logging_mixin.py:190} INFO - [2025-06-13T14:57:02.753-0400] {dag.py:3239} INFO - Sync 1 DAGs
[2025-06-13T14:57:02.760-0400] {logging_mixin.py:190} INFO - [2025-06-13T14:57:02.760-0400] {dag.py:4180} INFO - Setting next_dagrun for example_nested_branch_dag to 2025-06-12T00:00:00+00:00, run_after=2025-06-13T00:00:00+00:00
[2025-06-13T14:57:02.767-0400] {processor.py:208} INFO - Processing /Users/pranavr/.pyenv/versions/3.11.6/lib/python3.11/site-packages/airflow/example_dags/example_nested_branch_dag.py took 94.945 seconds
[2025-06-13T14:59:46.673-0400] {processor.py:186} INFO - Started process (PID=14794) to work on /Users/pranavr/.pyenv/versions/3.11.6/lib/python3.11/site-packages/airflow/example_dags/example_nested_branch_dag.py
[2025-06-13T14:59:46.675-0400] {processor.py:914} INFO - Processing file /Users/pranavr/.pyenv/versions/3.11.6/lib/python3.11/site-packages/airflow/example_dags/example_nested_branch_dag.py for tasks to queue
[2025-06-13T14:59:46.676-0400] {logging_mixin.py:190} INFO - [2025-06-13T14:59:46.676-0400] {dagbag.py:588} INFO - Filling up the DagBag from /Users/pranavr/.pyenv/versions/3.11.6/lib/python3.11/site-packages/airflow/example_dags/example_nested_branch_dag.py
[2025-06-13T14:59:46.694-0400] {processor.py:925} INFO - DAG(s) 'example_nested_branch_dag' retrieved from /Users/pranavr/.pyenv/versions/3.11.6/lib/python3.11/site-packages/airflow/example_dags/example_nested_branch_dag.py
[2025-06-13T14:59:46.764-0400] {logging_mixin.py:190} INFO - [2025-06-13T14:59:46.764-0400] {dag.py:3239} INFO - Sync 1 DAGs
[2025-06-13T14:59:46.772-0400] {logging_mixin.py:190} INFO - [2025-06-13T14:59:46.772-0400] {dag.py:4180} INFO - Setting next_dagrun for example_nested_branch_dag to 2025-06-12T00:00:00+00:00, run_after=2025-06-13T00:00:00+00:00
[2025-06-13T14:59:46.780-0400] {processor.py:208} INFO - Processing /Users/pranavr/.pyenv/versions/3.11.6/lib/python3.11/site-packages/airflow/example_dags/example_nested_branch_dag.py took 108.421 seconds
[2025-06-13T15:01:25.027-0400] {processor.py:186} INFO - Started process (PID=15137) to work on /Users/pranavr/.pyenv/versions/3.11.6/lib/python3.11/site-packages/airflow/example_dags/example_nested_branch_dag.py
[2025-06-13T15:01:25.029-0400] {processor.py:914} INFO - Processing file /Users/pranavr/.pyenv/versions/3.11.6/lib/python3.11/site-packages/airflow/example_dags/example_nested_branch_dag.py for tasks to queue
[2025-06-13T15:01:25.030-0400] {logging_mixin.py:190} INFO - [2025-06-13T15:01:25.030-0400] {dagbag.py:588} INFO - Filling up the DagBag from /Users/pranavr/.pyenv/versions/3.11.6/lib/python3.11/site-packages/airflow/example_dags/example_nested_branch_dag.py
[2025-06-13T15:01:25.048-0400] {processor.py:925} INFO - DAG(s) 'example_nested_branch_dag' retrieved from /Users/pranavr/.pyenv/versions/3.11.6/lib/python3.11/site-packages/airflow/example_dags/example_nested_branch_dag.py
[2025-06-13T15:01:25.118-0400] {logging_mixin.py:190} INFO - [2025-06-13T15:01:25.118-0400] {dag.py:3239} INFO - Sync 1 DAGs
[2025-06-13T15:01:25.126-0400] {logging_mixin.py:190} INFO - [2025-06-13T15:01:25.126-0400] {dag.py:4180} INFO - Setting next_dagrun for example_nested_branch_dag to 2025-06-12T00:00:00+00:00, run_after=2025-06-13T00:00:00+00:00
[2025-06-13T15:01:25.135-0400] {processor.py:208} INFO - Processing /Users/pranavr/.pyenv/versions/3.11.6/lib/python3.11/site-packages/airflow/example_dags/example_nested_branch_dag.py took 109.016 seconds
[2025-06-13T15:03:30.451-0400] {processor.py:186} INFO - Started process (PID=15689) to work on /Users/pranavr/.pyenv/versions/3.11.6/lib/python3.11/site-packages/airflow/example_dags/example_nested_branch_dag.py
[2025-06-13T15:03:30.453-0400] {processor.py:914} INFO - Processing file /Users/pranavr/.pyenv/versions/3.11.6/lib/python3.11/site-packages/airflow/example_dags/example_nested_branch_dag.py for tasks to queue
[2025-06-13T15:03:30.454-0400] {logging_mixin.py:190} INFO - [2025-06-13T15:03:30.454-0400] {dagbag.py:588} INFO - Filling up the DagBag from /Users/pranavr/.pyenv/versions/3.11.6/lib/python3.11/site-packages/airflow/example_dags/example_nested_branch_dag.py
[2025-06-13T15:03:30.486-0400] {processor.py:925} INFO - DAG(s) 'example_nested_branch_dag' retrieved from /Users/pranavr/.pyenv/versions/3.11.6/lib/python3.11/site-packages/airflow/example_dags/example_nested_branch_dag.py
[2025-06-13T15:03:30.584-0400] {logging_mixin.py:190} INFO - [2025-06-13T15:03:30.584-0400] {dag.py:3239} INFO - Sync 1 DAGs
[2025-06-13T15:03:30.594-0400] {logging_mixin.py:190} INFO - [2025-06-13T15:03:30.594-0400] {dag.py:4180} INFO - Setting next_dagrun for example_nested_branch_dag to 2025-06-12T00:00:00+00:00, run_after=2025-06-13T00:00:00+00:00
[2025-06-13T15:03:30.604-0400] {processor.py:208} INFO - Processing /Users/pranavr/.pyenv/versions/3.11.6/lib/python3.11/site-packages/airflow/example_dags/example_nested_branch_dag.py took 155.109 seconds
[2025-06-13T15:05:27.332-0400] {processor.py:186} INFO - Started process (PID=16114) to work on /Users/pranavr/.pyenv/versions/3.11.6/lib/python3.11/site-packages/airflow/example_dags/example_nested_branch_dag.py
[2025-06-13T15:05:27.334-0400] {processor.py:914} INFO - Processing file /Users/pranavr/.pyenv/versions/3.11.6/lib/python3.11/site-packages/airflow/example_dags/example_nested_branch_dag.py for tasks to queue
[2025-06-13T15:05:27.335-0400] {logging_mixin.py:190} INFO - [2025-06-13T15:05:27.335-0400] {dagbag.py:588} INFO - Filling up the DagBag from /Users/pranavr/.pyenv/versions/3.11.6/lib/python3.11/site-packages/airflow/example_dags/example_nested_branch_dag.py
[2025-06-13T15:05:27.353-0400] {processor.py:925} INFO - DAG(s) 'example_nested_branch_dag' retrieved from /Users/pranavr/.pyenv/versions/3.11.6/lib/python3.11/site-packages/airflow/example_dags/example_nested_branch_dag.py
[2025-06-13T15:05:27.436-0400] {logging_mixin.py:190} INFO - [2025-06-13T15:05:27.436-0400] {dag.py:3239} INFO - Sync 1 DAGs
[2025-06-13T15:05:27.445-0400] {logging_mixin.py:190} INFO - [2025-06-13T15:05:27.445-0400] {dag.py:4180} INFO - Setting next_dagrun for example_nested_branch_dag to 2025-06-12T00:00:00+00:00, run_after=2025-06-13T00:00:00+00:00
[2025-06-13T15:05:27.453-0400] {processor.py:208} INFO - Processing /Users/pranavr/.pyenv/versions/3.11.6/lib/python3.11/site-packages/airflow/example_dags/example_nested_branch_dag.py took 121.634 seconds
[2025-06-13T15:07:19.048-0400] {processor.py:186} INFO - Started process (PID=16405) to work on /Users/pranavr/.pyenv/versions/3.11.6/lib/python3.11/site-packages/airflow/example_dags/example_nested_branch_dag.py
[2025-06-13T15:07:19.050-0400] {processor.py:914} INFO - Processing file /Users/pranavr/.pyenv/versions/3.11.6/lib/python3.11/site-packages/airflow/example_dags/example_nested_branch_dag.py for tasks to queue
[2025-06-13T15:07:19.051-0400] {logging_mixin.py:190} INFO - [2025-06-13T15:07:19.050-0400] {dagbag.py:588} INFO - Filling up the DagBag from /Users/pranavr/.pyenv/versions/3.11.6/lib/python3.11/site-packages/airflow/example_dags/example_nested_branch_dag.py
[2025-06-13T15:07:19.068-0400] {processor.py:925} INFO - DAG(s) 'example_nested_branch_dag' retrieved from /Users/pranavr/.pyenv/versions/3.11.6/lib/python3.11/site-packages/airflow/example_dags/example_nested_branch_dag.py
[2025-06-13T15:07:19.140-0400] {logging_mixin.py:190} INFO - [2025-06-13T15:07:19.140-0400] {dag.py:3239} INFO - Sync 1 DAGs
[2025-06-13T15:07:19.149-0400] {logging_mixin.py:190} INFO - [2025-06-13T15:07:19.149-0400] {dag.py:4180} INFO - Setting next_dagrun for example_nested_branch_dag to 2025-06-12T00:00:00+00:00, run_after=2025-06-13T00:00:00+00:00
[2025-06-13T15:07:19.157-0400] {processor.py:208} INFO - Processing /Users/pranavr/.pyenv/versions/3.11.6/lib/python3.11/site-packages/airflow/example_dags/example_nested_branch_dag.py took 110.149 seconds
[2025-06-13T15:09:58.489-0400] {processor.py:186} INFO - Started process (PID=16722) to work on /Users/pranavr/.pyenv/versions/3.11.6/lib/python3.11/site-packages/airflow/example_dags/example_nested_branch_dag.py
[2025-06-13T15:09:58.491-0400] {processor.py:914} INFO - Processing file /Users/pranavr/.pyenv/versions/3.11.6/lib/python3.11/site-packages/airflow/example_dags/example_nested_branch_dag.py for tasks to queue
[2025-06-13T15:09:58.491-0400] {logging_mixin.py:190} INFO - [2025-06-13T15:09:58.491-0400] {dagbag.py:588} INFO - Filling up the DagBag from /Users/pranavr/.pyenv/versions/3.11.6/lib/python3.11/site-packages/airflow/example_dags/example_nested_branch_dag.py
[2025-06-13T15:09:58.510-0400] {processor.py:925} INFO - DAG(s) 'example_nested_branch_dag' retrieved from /Users/pranavr/.pyenv/versions/3.11.6/lib/python3.11/site-packages/airflow/example_dags/example_nested_branch_dag.py
[2025-06-13T15:09:58.587-0400] {logging_mixin.py:190} INFO - [2025-06-13T15:09:58.587-0400] {dag.py:3239} INFO - Sync 1 DAGs
[2025-06-13T15:09:58.595-0400] {logging_mixin.py:190} INFO - [2025-06-13T15:09:58.595-0400] {dag.py:4180} INFO - Setting next_dagrun for example_nested_branch_dag to 2025-06-12T00:00:00+00:00, run_after=2025-06-13T00:00:00+00:00
[2025-06-13T15:09:58.603-0400] {processor.py:208} INFO - Processing /Users/pranavr/.pyenv/versions/3.11.6/lib/python3.11/site-packages/airflow/example_dags/example_nested_branch_dag.py took 115.293 seconds
[2025-06-13T15:12:49.572-0400] {processor.py:186} INFO - Started process (PID=16962) to work on /Users/pranavr/.pyenv/versions/3.11.6/lib/python3.11/site-packages/airflow/example_dags/example_nested_branch_dag.py
[2025-06-13T15:12:49.574-0400] {processor.py:914} INFO - Processing file /Users/pranavr/.pyenv/versions/3.11.6/lib/python3.11/site-packages/airflow/example_dags/example_nested_branch_dag.py for tasks to queue
[2025-06-13T15:12:49.574-0400] {logging_mixin.py:190} INFO - [2025-06-13T15:12:49.574-0400] {dagbag.py:588} INFO - Filling up the DagBag from /Users/pranavr/.pyenv/versions/3.11.6/lib/python3.11/site-packages/airflow/example_dags/example_nested_branch_dag.py
[2025-06-13T15:12:49.592-0400] {processor.py:925} INFO - DAG(s) 'example_nested_branch_dag' retrieved from /Users/pranavr/.pyenv/versions/3.11.6/lib/python3.11/site-packages/airflow/example_dags/example_nested_branch_dag.py
[2025-06-13T15:12:49.667-0400] {logging_mixin.py:190} INFO - [2025-06-13T15:12:49.667-0400] {dag.py:3239} INFO - Sync 1 DAGs
[2025-06-13T15:12:49.676-0400] {logging_mixin.py:190} INFO - [2025-06-13T15:12:49.675-0400] {dag.py:4180} INFO - Setting next_dagrun for example_nested_branch_dag to 2025-06-12T00:00:00+00:00, run_after=2025-06-13T00:00:00+00:00
[2025-06-13T15:12:49.684-0400] {processor.py:208} INFO - Processing /Users/pranavr/.pyenv/versions/3.11.6/lib/python3.11/site-packages/airflow/example_dags/example_nested_branch_dag.py took 113.304 seconds
[2025-06-13T15:19:39.539-0400] {processor.py:186} INFO - Started process (PID=17825) to work on /Users/pranavr/.pyenv/versions/3.11.6/lib/python3.11/site-packages/airflow/example_dags/example_nested_branch_dag.py
[2025-06-13T15:19:39.541-0400] {processor.py:914} INFO - Processing file /Users/pranavr/.pyenv/versions/3.11.6/lib/python3.11/site-packages/airflow/example_dags/example_nested_branch_dag.py for tasks to queue
[2025-06-13T15:19:39.541-0400] {logging_mixin.py:190} INFO - [2025-06-13T15:19:39.541-0400] {dagbag.py:588} INFO - Filling up the DagBag from /Users/pranavr/.pyenv/versions/3.11.6/lib/python3.11/site-packages/airflow/example_dags/example_nested_branch_dag.py
[2025-06-13T15:19:39.560-0400] {processor.py:925} INFO - DAG(s) 'example_nested_branch_dag' retrieved from /Users/pranavr/.pyenv/versions/3.11.6/lib/python3.11/site-packages/airflow/example_dags/example_nested_branch_dag.py
[2025-06-13T15:19:39.631-0400] {logging_mixin.py:190} INFO - [2025-06-13T15:19:39.631-0400] {dag.py:3239} INFO - Sync 1 DAGs
[2025-06-13T15:19:39.639-0400] {logging_mixin.py:190} INFO - [2025-06-13T15:19:39.639-0400] {dag.py:4180} INFO - Setting next_dagrun for example_nested_branch_dag to 2025-06-12T00:00:00+00:00, run_after=2025-06-13T00:00:00+00:00
[2025-06-13T15:19:39.646-0400] {processor.py:208} INFO - Processing /Users/pranavr/.pyenv/versions/3.11.6/lib/python3.11/site-packages/airflow/example_dags/example_nested_branch_dag.py took 108.548 seconds
[2025-06-13T15:25:51.368-0400] {processor.py:186} INFO - Started process (PID=18970) to work on /Users/pranavr/.pyenv/versions/3.11.6/lib/python3.11/site-packages/airflow/example_dags/example_nested_branch_dag.py
[2025-06-13T15:25:51.370-0400] {processor.py:914} INFO - Processing file /Users/pranavr/.pyenv/versions/3.11.6/lib/python3.11/site-packages/airflow/example_dags/example_nested_branch_dag.py for tasks to queue
[2025-06-13T15:25:51.370-0400] {logging_mixin.py:190} INFO - [2025-06-13T15:25:51.370-0400] {dagbag.py:588} INFO - Filling up the DagBag from /Users/pranavr/.pyenv/versions/3.11.6/lib/python3.11/site-packages/airflow/example_dags/example_nested_branch_dag.py
[2025-06-13T15:25:51.393-0400] {processor.py:925} INFO - DAG(s) 'example_nested_branch_dag' retrieved from /Users/pranavr/.pyenv/versions/3.11.6/lib/python3.11/site-packages/airflow/example_dags/example_nested_branch_dag.py
[2025-06-13T15:25:51.519-0400] {logging_mixin.py:190} INFO - [2025-06-13T15:25:51.519-0400] {override.py:1930} INFO - Created Permission View: can read on DAG:example_nested_branch_dag
[2025-06-13T15:25:51.525-0400] {logging_mixin.py:190} INFO - [2025-06-13T15:25:51.525-0400] {override.py:1930} INFO - Created Permission View: can edit on DAG:example_nested_branch_dag
[2025-06-13T15:25:51.528-0400] {logging_mixin.py:190} INFO - [2025-06-13T15:25:51.527-0400] {override.py:1930} INFO - Created Permission View: can delete on DAG:example_nested_branch_dag
[2025-06-13T15:25:51.531-0400] {logging_mixin.py:190} INFO - [2025-06-13T15:25:51.530-0400] {override.py:1930} INFO - Created Permission View: can read on DAG Run:example_nested_branch_dag
[2025-06-13T15:25:51.533-0400] {logging_mixin.py:190} INFO - [2025-06-13T15:25:51.533-0400] {override.py:1930} INFO - Created Permission View: menu access on DAG Run:example_nested_branch_dag
[2025-06-13T15:25:51.535-0400] {logging_mixin.py:190} INFO - [2025-06-13T15:25:51.535-0400] {override.py:1930} INFO - Created Permission View: can delete on DAG Run:example_nested_branch_dag
[2025-06-13T15:25:51.537-0400] {logging_mixin.py:190} INFO - [2025-06-13T15:25:51.537-0400] {override.py:1930} INFO - Created Permission View: can create on DAG Run:example_nested_branch_dag
[2025-06-13T15:25:51.538-0400] {logging_mixin.py:190} INFO - [2025-06-13T15:25:51.538-0400] {dag.py:3239} INFO - Sync 1 DAGs
[2025-06-13T15:25:51.542-0400] {logging_mixin.py:190} INFO - [2025-06-13T15:25:51.542-0400] {dag.py:3262} INFO - Creating ORM DAG for example_nested_branch_dag
[2025-06-13T15:25:51.547-0400] {logging_mixin.py:190} INFO - [2025-06-13T15:25:51.547-0400] {dag.py:4180} INFO - Setting next_dagrun for example_nested_branch_dag to 2025-06-12T00:00:00+00:00, run_after=2025-06-13T00:00:00+00:00
[2025-06-13T15:25:51.556-0400] {processor.py:208} INFO - Processing /Users/pranavr/.pyenv/versions/3.11.6/lib/python3.11/site-packages/airflow/example_dags/example_nested_branch_dag.py took 190.125 seconds
[2025-06-13T15:31:12.242-0400] {processor.py:186} INFO - Started process (PID=19936) to work on /Users/pranavr/.pyenv/versions/3.11.6/lib/python3.11/site-packages/airflow/example_dags/example_nested_branch_dag.py
[2025-06-13T15:31:12.244-0400] {processor.py:914} INFO - Processing file /Users/pranavr/.pyenv/versions/3.11.6/lib/python3.11/site-packages/airflow/example_dags/example_nested_branch_dag.py for tasks to queue
[2025-06-13T15:31:12.245-0400] {logging_mixin.py:190} INFO - [2025-06-13T15:31:12.245-0400] {dagbag.py:588} INFO - Filling up the DagBag from /Users/pranavr/.pyenv/versions/3.11.6/lib/python3.11/site-packages/airflow/example_dags/example_nested_branch_dag.py
[2025-06-13T15:31:12.263-0400] {processor.py:925} INFO - DAG(s) 'example_nested_branch_dag' retrieved from /Users/pranavr/.pyenv/versions/3.11.6/lib/python3.11/site-packages/airflow/example_dags/example_nested_branch_dag.py
[2025-06-13T15:31:12.368-0400] {logging_mixin.py:190} INFO - [2025-06-13T15:31:12.368-0400] {override.py:1930} INFO - Created Permission View: can delete on DAG:example_nested_branch_dag
[2025-06-13T15:31:12.372-0400] {logging_mixin.py:190} INFO - [2025-06-13T15:31:12.371-0400] {override.py:1930} INFO - Created Permission View: can read on DAG:example_nested_branch_dag
[2025-06-13T15:31:12.374-0400] {logging_mixin.py:190} INFO - [2025-06-13T15:31:12.374-0400] {override.py:1930} INFO - Created Permission View: can edit on DAG:example_nested_branch_dag
[2025-06-13T15:31:12.376-0400] {logging_mixin.py:190} INFO - [2025-06-13T15:31:12.376-0400] {override.py:1930} INFO - Created Permission View: can delete on DAG Run:example_nested_branch_dag
[2025-06-13T15:31:12.378-0400] {logging_mixin.py:190} INFO - [2025-06-13T15:31:12.378-0400] {override.py:1930} INFO - Created Permission View: can create on DAG Run:example_nested_branch_dag
[2025-06-13T15:31:12.381-0400] {logging_mixin.py:190} INFO - [2025-06-13T15:31:12.380-0400] {override.py:1930} INFO - Created Permission View: can read on DAG Run:example_nested_branch_dag
[2025-06-13T15:31:12.383-0400] {logging_mixin.py:190} INFO - [2025-06-13T15:31:12.382-0400] {override.py:1930} INFO - Created Permission View: menu access on DAG Run:example_nested_branch_dag
[2025-06-13T15:31:12.383-0400] {logging_mixin.py:190} INFO - [2025-06-13T15:31:12.383-0400] {dag.py:3239} INFO - Sync 1 DAGs
[2025-06-13T15:31:12.387-0400] {logging_mixin.py:190} INFO - [2025-06-13T15:31:12.387-0400] {dag.py:3262} INFO - Creating ORM DAG for example_nested_branch_dag
[2025-06-13T15:31:12.392-0400] {logging_mixin.py:190} INFO - [2025-06-13T15:31:12.392-0400] {dag.py:4180} INFO - Setting next_dagrun for example_nested_branch_dag to 2025-06-12T00:00:00+00:00, run_after=2025-06-13T00:00:00+00:00
[2025-06-13T15:31:12.399-0400] {processor.py:208} INFO - Processing /Users/pranavr/.pyenv/versions/3.11.6/lib/python3.11/site-packages/airflow/example_dags/example_nested_branch_dag.py took 157.648 seconds
[2025-06-13T15:36:44.475-0400] {processor.py:186} INFO - Started process (PID=20602) to work on /Users/pranavr/.pyenv/versions/3.11.6/lib/python3.11/site-packages/airflow/example_dags/example_nested_branch_dag.py
[2025-06-13T15:36:44.478-0400] {processor.py:914} INFO - Processing file /Users/pranavr/.pyenv/versions/3.11.6/lib/python3.11/site-packages/airflow/example_dags/example_nested_branch_dag.py for tasks to queue
[2025-06-13T15:36:44.478-0400] {logging_mixin.py:190} INFO - [2025-06-13T15:36:44.478-0400] {dagbag.py:588} INFO - Filling up the DagBag from /Users/pranavr/.pyenv/versions/3.11.6/lib/python3.11/site-packages/airflow/example_dags/example_nested_branch_dag.py
[2025-06-13T15:36:44.498-0400] {processor.py:925} INFO - DAG(s) 'example_nested_branch_dag' retrieved from /Users/pranavr/.pyenv/versions/3.11.6/lib/python3.11/site-packages/airflow/example_dags/example_nested_branch_dag.py
[2025-06-13T15:36:44.613-0400] {logging_mixin.py:190} INFO - [2025-06-13T15:36:44.613-0400] {override.py:1930} INFO - Created Permission View: can delete on DAG:example_nested_branch_dag
[2025-06-13T15:36:44.617-0400] {logging_mixin.py:190} INFO - [2025-06-13T15:36:44.616-0400] {override.py:1930} INFO - Created Permission View: can read on DAG:example_nested_branch_dag
[2025-06-13T15:36:44.619-0400] {logging_mixin.py:190} INFO - [2025-06-13T15:36:44.619-0400] {override.py:1930} INFO - Created Permission View: can edit on DAG:example_nested_branch_dag
[2025-06-13T15:36:44.622-0400] {logging_mixin.py:190} INFO - [2025-06-13T15:36:44.622-0400] {override.py:1930} INFO - Created Permission View: can delete on DAG Run:example_nested_branch_dag
[2025-06-13T15:36:44.624-0400] {logging_mixin.py:190} INFO - [2025-06-13T15:36:44.624-0400] {override.py:1930} INFO - Created Permission View: can read on DAG Run:example_nested_branch_dag
[2025-06-13T15:36:44.627-0400] {logging_mixin.py:190} INFO - [2025-06-13T15:36:44.626-0400] {override.py:1930} INFO - Created Permission View: menu access on DAG Run:example_nested_branch_dag
[2025-06-13T15:36:44.629-0400] {logging_mixin.py:190} INFO - [2025-06-13T15:36:44.629-0400] {override.py:1930} INFO - Created Permission View: can create on DAG Run:example_nested_branch_dag
[2025-06-13T15:36:44.629-0400] {logging_mixin.py:190} INFO - [2025-06-13T15:36:44.629-0400] {dag.py:3239} INFO - Sync 1 DAGs
[2025-06-13T15:36:44.634-0400] {logging_mixin.py:190} INFO - [2025-06-13T15:36:44.634-0400] {dag.py:3262} INFO - Creating ORM DAG for example_nested_branch_dag
[2025-06-13T15:36:44.638-0400] {logging_mixin.py:190} INFO - [2025-06-13T15:36:44.638-0400] {dag.py:4180} INFO - Setting next_dagrun for example_nested_branch_dag to 2025-06-12T00:00:00+00:00, run_after=2025-06-13T00:00:00+00:00
[2025-06-13T15:36:44.646-0400] {processor.py:208} INFO - Processing /Users/pranavr/.pyenv/versions/3.11.6/lib/python3.11/site-packages/airflow/example_dags/example_nested_branch_dag.py took 172.251 seconds
[2025-06-13T15:38:40.105-0400] {processor.py:186} INFO - Started process (PID=20779) to work on /Users/pranavr/.pyenv/versions/3.11.6/lib/python3.11/site-packages/airflow/example_dags/example_nested_branch_dag.py
[2025-06-13T15:38:40.107-0400] {processor.py:914} INFO - Processing file /Users/pranavr/.pyenv/versions/3.11.6/lib/python3.11/site-packages/airflow/example_dags/example_nested_branch_dag.py for tasks to queue
[2025-06-13T15:38:40.108-0400] {logging_mixin.py:190} INFO - [2025-06-13T15:38:40.108-0400] {dagbag.py:588} INFO - Filling up the DagBag from /Users/pranavr/.pyenv/versions/3.11.6/lib/python3.11/site-packages/airflow/example_dags/example_nested_branch_dag.py
[2025-06-13T15:38:40.125-0400] {processor.py:925} INFO - DAG(s) 'example_nested_branch_dag' retrieved from /Users/pranavr/.pyenv/versions/3.11.6/lib/python3.11/site-packages/airflow/example_dags/example_nested_branch_dag.py
[2025-06-13T15:38:40.201-0400] {logging_mixin.py:190} INFO - [2025-06-13T15:38:40.201-0400] {dag.py:3239} INFO - Sync 1 DAGs
[2025-06-13T15:38:40.209-0400] {logging_mixin.py:190} INFO - [2025-06-13T15:38:40.209-0400] {dag.py:4180} INFO - Setting next_dagrun for example_nested_branch_dag to 2025-06-12T00:00:00+00:00, run_after=2025-06-13T00:00:00+00:00
[2025-06-13T15:38:40.217-0400] {processor.py:208} INFO - Processing /Users/pranavr/.pyenv/versions/3.11.6/lib/python3.11/site-packages/airflow/example_dags/example_nested_branch_dag.py took 113.247 seconds
[2025-06-13T15:41:32.510-0400] {processor.py:186} INFO - Started process (PID=21040) to work on /Users/pranavr/.pyenv/versions/3.11.6/lib/python3.11/site-packages/airflow/example_dags/example_nested_branch_dag.py
[2025-06-13T15:41:32.512-0400] {processor.py:914} INFO - Processing file /Users/pranavr/.pyenv/versions/3.11.6/lib/python3.11/site-packages/airflow/example_dags/example_nested_branch_dag.py for tasks to queue
[2025-06-13T15:41:32.512-0400] {logging_mixin.py:190} INFO - [2025-06-13T15:41:32.512-0400] {dagbag.py:588} INFO - Filling up the DagBag from /Users/pranavr/.pyenv/versions/3.11.6/lib/python3.11/site-packages/airflow/example_dags/example_nested_branch_dag.py
[2025-06-13T15:41:32.530-0400] {processor.py:925} INFO - DAG(s) 'example_nested_branch_dag' retrieved from /Users/pranavr/.pyenv/versions/3.11.6/lib/python3.11/site-packages/airflow/example_dags/example_nested_branch_dag.py
[2025-06-13T15:41:32.600-0400] {logging_mixin.py:190} INFO - [2025-06-13T15:41:32.600-0400] {dag.py:3239} INFO - Sync 1 DAGs
[2025-06-13T15:41:32.608-0400] {logging_mixin.py:190} INFO - [2025-06-13T15:41:32.608-0400] {dag.py:4180} INFO - Setting next_dagrun for example_nested_branch_dag to 2025-06-12T00:00:00+00:00, run_after=2025-06-13T00:00:00+00:00
[2025-06-13T15:41:32.618-0400] {processor.py:208} INFO - Processing /Users/pranavr/.pyenv/versions/3.11.6/lib/python3.11/site-packages/airflow/example_dags/example_nested_branch_dag.py took 108.970 seconds
[2025-06-13T15:44:15.172-0400] {processor.py:186} INFO - Started process (PID=21586) to work on /Users/pranavr/.pyenv/versions/3.11.6/lib/python3.11/site-packages/airflow/example_dags/example_nested_branch_dag.py
[2025-06-13T15:44:15.174-0400] {processor.py:914} INFO - Processing file /Users/pranavr/.pyenv/versions/3.11.6/lib/python3.11/site-packages/airflow/example_dags/example_nested_branch_dag.py for tasks to queue
[2025-06-13T15:44:15.175-0400] {logging_mixin.py:190} INFO - [2025-06-13T15:44:15.175-0400] {dagbag.py:588} INFO - Filling up the DagBag from /Users/pranavr/.pyenv/versions/3.11.6/lib/python3.11/site-packages/airflow/example_dags/example_nested_branch_dag.py
[2025-06-13T15:44:15.193-0400] {processor.py:925} INFO - DAG(s) 'example_nested_branch_dag' retrieved from /Users/pranavr/.pyenv/versions/3.11.6/lib/python3.11/site-packages/airflow/example_dags/example_nested_branch_dag.py
[2025-06-13T15:44:15.297-0400] {logging_mixin.py:190} INFO - [2025-06-13T15:44:15.297-0400] {override.py:1930} INFO - Created Permission View: can edit on DAG:example_nested_branch_dag
[2025-06-13T15:44:15.301-0400] {logging_mixin.py:190} INFO - [2025-06-13T15:44:15.301-0400] {override.py:1930} INFO - Created Permission View: can read on DAG:example_nested_branch_dag
[2025-06-13T15:44:15.303-0400] {logging_mixin.py:190} INFO - [2025-06-13T15:44:15.303-0400] {override.py:1930} INFO - Created Permission View: can delete on DAG:example_nested_branch_dag
[2025-06-13T15:44:15.310-0400] {logging_mixin.py:190} INFO - [2025-06-13T15:44:15.309-0400] {override.py:1930} INFO - Created Permission View: can create on DAG Run:example_nested_branch_dag
[2025-06-13T15:44:15.313-0400] {logging_mixin.py:190} INFO - [2025-06-13T15:44:15.313-0400] {override.py:1930} INFO - Created Permission View: can read on DAG Run:example_nested_branch_dag
[2025-06-13T15:44:15.316-0400] {logging_mixin.py:190} INFO - [2025-06-13T15:44:15.316-0400] {override.py:1930} INFO - Created Permission View: can delete on DAG Run:example_nested_branch_dag
[2025-06-13T15:44:15.318-0400] {logging_mixin.py:190} INFO - [2025-06-13T15:44:15.318-0400] {override.py:1930} INFO - Created Permission View: menu access on DAG Run:example_nested_branch_dag
[2025-06-13T15:44:15.319-0400] {logging_mixin.py:190} INFO - [2025-06-13T15:44:15.319-0400] {dag.py:3239} INFO - Sync 1 DAGs
[2025-06-13T15:44:15.323-0400] {logging_mixin.py:190} INFO - [2025-06-13T15:44:15.323-0400] {dag.py:3262} INFO - Creating ORM DAG for example_nested_branch_dag
[2025-06-13T15:44:15.329-0400] {logging_mixin.py:190} INFO - [2025-06-13T15:44:15.328-0400] {dag.py:4180} INFO - Setting next_dagrun for example_nested_branch_dag to 2025-06-12T00:00:00+00:00, run_after=2025-06-13T00:00:00+00:00
[2025-06-13T15:44:15.335-0400] {processor.py:208} INFO - Processing /Users/pranavr/.pyenv/versions/3.11.6/lib/python3.11/site-packages/airflow/example_dags/example_nested_branch_dag.py took 164.333 seconds
[2025-06-13T15:46:14.585-0400] {processor.py:186} INFO - Started process (PID=21982) to work on /Users/pranavr/.pyenv/versions/3.11.6/lib/python3.11/site-packages/airflow/example_dags/example_nested_branch_dag.py
[2025-06-13T15:46:14.587-0400] {processor.py:914} INFO - Processing file /Users/pranavr/.pyenv/versions/3.11.6/lib/python3.11/site-packages/airflow/example_dags/example_nested_branch_dag.py for tasks to queue
[2025-06-13T15:46:14.588-0400] {logging_mixin.py:190} INFO - [2025-06-13T15:46:14.587-0400] {dagbag.py:588} INFO - Filling up the DagBag from /Users/pranavr/.pyenv/versions/3.11.6/lib/python3.11/site-packages/airflow/example_dags/example_nested_branch_dag.py
[2025-06-13T15:46:14.607-0400] {processor.py:925} INFO - DAG(s) 'example_nested_branch_dag' retrieved from /Users/pranavr/.pyenv/versions/3.11.6/lib/python3.11/site-packages/airflow/example_dags/example_nested_branch_dag.py
[2025-06-13T15:46:14.691-0400] {logging_mixin.py:190} INFO - [2025-06-13T15:46:14.691-0400] {dag.py:3239} INFO - Sync 1 DAGs
[2025-06-13T15:46:14.699-0400] {logging_mixin.py:190} INFO - [2025-06-13T15:46:14.699-0400] {dag.py:4180} INFO - Setting next_dagrun for example_nested_branch_dag to 2025-06-12T00:00:00+00:00, run_after=2025-06-13T00:00:00+00:00
[2025-06-13T15:46:14.707-0400] {processor.py:208} INFO - Processing /Users/pranavr/.pyenv/versions/3.11.6/lib/python3.11/site-packages/airflow/example_dags/example_nested_branch_dag.py took 123.996 seconds
[2025-06-13T15:49:06.620-0400] {processor.py:186} INFO - Started process (PID=22213) to work on /Users/pranavr/.pyenv/versions/3.11.6/lib/python3.11/site-packages/airflow/example_dags/example_nested_branch_dag.py
[2025-06-13T15:49:06.622-0400] {processor.py:914} INFO - Processing file /Users/pranavr/.pyenv/versions/3.11.6/lib/python3.11/site-packages/airflow/example_dags/example_nested_branch_dag.py for tasks to queue
[2025-06-13T15:49:06.623-0400] {logging_mixin.py:190} INFO - [2025-06-13T15:49:06.623-0400] {dagbag.py:588} INFO - Filling up the DagBag from /Users/pranavr/.pyenv/versions/3.11.6/lib/python3.11/site-packages/airflow/example_dags/example_nested_branch_dag.py
[2025-06-13T15:49:06.639-0400] {processor.py:925} INFO - DAG(s) 'example_nested_branch_dag' retrieved from /Users/pranavr/.pyenv/versions/3.11.6/lib/python3.11/site-packages/airflow/example_dags/example_nested_branch_dag.py
[2025-06-13T15:49:06.711-0400] {logging_mixin.py:190} INFO - [2025-06-13T15:49:06.711-0400] {dag.py:3239} INFO - Sync 1 DAGs
[2025-06-13T15:49:06.720-0400] {logging_mixin.py:190} INFO - [2025-06-13T15:49:06.720-0400] {dag.py:4180} INFO - Setting next_dagrun for example_nested_branch_dag to 2025-06-12T00:00:00+00:00, run_after=2025-06-13T00:00:00+00:00
[2025-06-13T15:49:06.728-0400] {processor.py:208} INFO - Processing /Users/pranavr/.pyenv/versions/3.11.6/lib/python3.11/site-packages/airflow/example_dags/example_nested_branch_dag.py took 108.611 seconds
[2025-06-13T15:51:44.066-0400] {processor.py:186} INFO - Started process (PID=22580) to work on /Users/pranavr/.pyenv/versions/3.11.6/lib/python3.11/site-packages/airflow/example_dags/example_nested_branch_dag.py
[2025-06-13T15:51:44.069-0400] {processor.py:914} INFO - Processing file /Users/pranavr/.pyenv/versions/3.11.6/lib/python3.11/site-packages/airflow/example_dags/example_nested_branch_dag.py for tasks to queue
[2025-06-13T15:51:44.069-0400] {logging_mixin.py:190} INFO - [2025-06-13T15:51:44.069-0400] {dagbag.py:588} INFO - Filling up the DagBag from /Users/pranavr/.pyenv/versions/3.11.6/lib/python3.11/site-packages/airflow/example_dags/example_nested_branch_dag.py
[2025-06-13T15:51:44.084-0400] {processor.py:925} INFO - DAG(s) 'example_nested_branch_dag' retrieved from /Users/pranavr/.pyenv/versions/3.11.6/lib/python3.11/site-packages/airflow/example_dags/example_nested_branch_dag.py
[2025-06-13T15:51:44.145-0400] {logging_mixin.py:190} INFO - [2025-06-13T15:51:44.145-0400] {dag.py:3239} INFO - Sync 1 DAGs
[2025-06-13T15:51:44.152-0400] {logging_mixin.py:190} INFO - [2025-06-13T15:51:44.152-0400] {dag.py:4180} INFO - Setting next_dagrun for example_nested_branch_dag to 2025-06-12T00:00:00+00:00, run_after=2025-06-13T00:00:00+00:00
[2025-06-13T15:51:44.159-0400] {processor.py:208} INFO - Processing /Users/pranavr/.pyenv/versions/3.11.6/lib/python3.11/site-packages/airflow/example_dags/example_nested_branch_dag.py took 94.037 seconds
[2025-06-13T15:54:14.430-0400] {processor.py:186} INFO - Started process (PID=22839) to work on /Users/pranavr/.pyenv/versions/3.11.6/lib/python3.11/site-packages/airflow/example_dags/example_nested_branch_dag.py
[2025-06-13T15:54:14.433-0400] {processor.py:914} INFO - Processing file /Users/pranavr/.pyenv/versions/3.11.6/lib/python3.11/site-packages/airflow/example_dags/example_nested_branch_dag.py for tasks to queue
[2025-06-13T15:54:14.433-0400] {logging_mixin.py:190} INFO - [2025-06-13T15:54:14.433-0400] {dagbag.py:588} INFO - Filling up the DagBag from /Users/pranavr/.pyenv/versions/3.11.6/lib/python3.11/site-packages/airflow/example_dags/example_nested_branch_dag.py
[2025-06-13T15:54:14.449-0400] {processor.py:925} INFO - DAG(s) 'example_nested_branch_dag' retrieved from /Users/pranavr/.pyenv/versions/3.11.6/lib/python3.11/site-packages/airflow/example_dags/example_nested_branch_dag.py
[2025-06-13T15:54:14.511-0400] {logging_mixin.py:190} INFO - [2025-06-13T15:54:14.511-0400] {dag.py:3239} INFO - Sync 1 DAGs
[2025-06-13T15:54:14.518-0400] {logging_mixin.py:190} INFO - [2025-06-13T15:54:14.518-0400] {dag.py:4180} INFO - Setting next_dagrun for example_nested_branch_dag to 2025-06-12T00:00:00+00:00, run_after=2025-06-13T00:00:00+00:00
[2025-06-13T15:54:14.526-0400] {processor.py:208} INFO - Processing /Users/pranavr/.pyenv/versions/3.11.6/lib/python3.11/site-packages/airflow/example_dags/example_nested_branch_dag.py took 97.141 seconds
[2025-06-13T15:56:37.942-0400] {processor.py:186} INFO - Started process (PID=23034) to work on /Users/pranavr/.pyenv/versions/3.11.6/lib/python3.11/site-packages/airflow/example_dags/example_nested_branch_dag.py
[2025-06-13T15:56:37.944-0400] {processor.py:914} INFO - Processing file /Users/pranavr/.pyenv/versions/3.11.6/lib/python3.11/site-packages/airflow/example_dags/example_nested_branch_dag.py for tasks to queue
[2025-06-13T15:56:37.945-0400] {logging_mixin.py:190} INFO - [2025-06-13T15:56:37.944-0400] {dagbag.py:588} INFO - Filling up the DagBag from /Users/pranavr/.pyenv/versions/3.11.6/lib/python3.11/site-packages/airflow/example_dags/example_nested_branch_dag.py
[2025-06-13T15:56:37.960-0400] {processor.py:925} INFO - DAG(s) 'example_nested_branch_dag' retrieved from /Users/pranavr/.pyenv/versions/3.11.6/lib/python3.11/site-packages/airflow/example_dags/example_nested_branch_dag.py
[2025-06-13T15:56:38.021-0400] {logging_mixin.py:190} INFO - [2025-06-13T15:56:38.021-0400] {dag.py:3239} INFO - Sync 1 DAGs
[2025-06-13T15:56:38.028-0400] {logging_mixin.py:190} INFO - [2025-06-13T15:56:38.028-0400] {dag.py:4180} INFO - Setting next_dagrun for example_nested_branch_dag to 2025-06-12T00:00:00+00:00, run_after=2025-06-13T00:00:00+00:00
[2025-06-13T15:56:38.035-0400] {processor.py:208} INFO - Processing /Users/pranavr/.pyenv/versions/3.11.6/lib/python3.11/site-packages/airflow/example_dags/example_nested_branch_dag.py took 94.045 seconds
[2025-06-13T15:59:01.015-0400] {processor.py:186} INFO - Started process (PID=23347) to work on /Users/pranavr/.pyenv/versions/3.11.6/lib/python3.11/site-packages/airflow/example_dags/example_nested_branch_dag.py
[2025-06-13T15:59:01.016-0400] {processor.py:914} INFO - Processing file /Users/pranavr/.pyenv/versions/3.11.6/lib/python3.11/site-packages/airflow/example_dags/example_nested_branch_dag.py for tasks to queue
[2025-06-13T15:59:01.017-0400] {logging_mixin.py:190} INFO - [2025-06-13T15:59:01.017-0400] {dagbag.py:588} INFO - Filling up the DagBag from /Users/pranavr/.pyenv/versions/3.11.6/lib/python3.11/site-packages/airflow/example_dags/example_nested_branch_dag.py
[2025-06-13T15:59:01.033-0400] {processor.py:925} INFO - DAG(s) 'example_nested_branch_dag' retrieved from /Users/pranavr/.pyenv/versions/3.11.6/lib/python3.11/site-packages/airflow/example_dags/example_nested_branch_dag.py
[2025-06-13T15:59:01.097-0400] {logging_mixin.py:190} INFO - [2025-06-13T15:59:01.097-0400] {dag.py:3239} INFO - Sync 1 DAGs
[2025-06-13T15:59:01.104-0400] {logging_mixin.py:190} INFO - [2025-06-13T15:59:01.104-0400] {dag.py:4180} INFO - Setting next_dagrun for example_nested_branch_dag to 2025-06-12T00:00:00+00:00, run_after=2025-06-13T00:00:00+00:00
[2025-06-13T15:59:01.111-0400] {processor.py:208} INFO - Processing /Users/pranavr/.pyenv/versions/3.11.6/lib/python3.11/site-packages/airflow/example_dags/example_nested_branch_dag.py took 97.972 seconds
[2025-06-13T16:01:32.308-0400] {processor.py:186} INFO - Started process (PID=23730) to work on /Users/pranavr/.pyenv/versions/3.11.6/lib/python3.11/site-packages/airflow/example_dags/example_nested_branch_dag.py
[2025-06-13T16:01:32.311-0400] {processor.py:914} INFO - Processing file /Users/pranavr/.pyenv/versions/3.11.6/lib/python3.11/site-packages/airflow/example_dags/example_nested_branch_dag.py for tasks to queue
[2025-06-13T16:01:32.311-0400] {logging_mixin.py:190} INFO - [2025-06-13T16:01:32.311-0400] {dagbag.py:588} INFO - Filling up the DagBag from /Users/pranavr/.pyenv/versions/3.11.6/lib/python3.11/site-packages/airflow/example_dags/example_nested_branch_dag.py
[2025-06-13T16:01:32.338-0400] {processor.py:925} INFO - DAG(s) 'example_nested_branch_dag' retrieved from /Users/pranavr/.pyenv/versions/3.11.6/lib/python3.11/site-packages/airflow/example_dags/example_nested_branch_dag.py
[2025-06-13T16:01:32.407-0400] {logging_mixin.py:190} INFO - [2025-06-13T16:01:32.407-0400] {dag.py:3239} INFO - Sync 1 DAGs
[2025-06-13T16:01:32.415-0400] {logging_mixin.py:190} INFO - [2025-06-13T16:01:32.415-0400] {dag.py:4180} INFO - Setting next_dagrun for example_nested_branch_dag to 2025-06-12T00:00:00+00:00, run_after=2025-06-13T00:00:00+00:00
[2025-06-13T16:01:32.423-0400] {processor.py:208} INFO - Processing /Users/pranavr/.pyenv/versions/3.11.6/lib/python3.11/site-packages/airflow/example_dags/example_nested_branch_dag.py took 115.281 seconds
[2025-06-13T16:04:15.061-0400] {processor.py:186} INFO - Started process (PID=24145) to work on /Users/pranavr/.pyenv/versions/3.11.6/lib/python3.11/site-packages/airflow/example_dags/example_nested_branch_dag.py
[2025-06-13T16:04:15.063-0400] {processor.py:914} INFO - Processing file /Users/pranavr/.pyenv/versions/3.11.6/lib/python3.11/site-packages/airflow/example_dags/example_nested_branch_dag.py for tasks to queue
[2025-06-13T16:04:15.064-0400] {logging_mixin.py:190} INFO - [2025-06-13T16:04:15.063-0400] {dagbag.py:588} INFO - Filling up the DagBag from /Users/pranavr/.pyenv/versions/3.11.6/lib/python3.11/site-packages/airflow/example_dags/example_nested_branch_dag.py
[2025-06-13T16:04:15.082-0400] {processor.py:925} INFO - DAG(s) 'example_nested_branch_dag' retrieved from /Users/pranavr/.pyenv/versions/3.11.6/lib/python3.11/site-packages/airflow/example_dags/example_nested_branch_dag.py
[2025-06-13T16:04:15.163-0400] {logging_mixin.py:190} INFO - [2025-06-13T16:04:15.163-0400] {dag.py:3239} INFO - Sync 1 DAGs
[2025-06-13T16:04:15.171-0400] {logging_mixin.py:190} INFO - [2025-06-13T16:04:15.171-0400] {dag.py:4180} INFO - Setting next_dagrun for example_nested_branch_dag to 2025-06-12T00:00:00+00:00, run_after=2025-06-13T00:00:00+00:00
[2025-06-13T16:04:15.179-0400] {processor.py:208} INFO - Processing /Users/pranavr/.pyenv/versions/3.11.6/lib/python3.11/site-packages/airflow/example_dags/example_nested_branch_dag.py took 119.890 seconds
