[2025-06-13T14:10:04.310-0400] {processor.py:153} INFO - Started process (PID=96569) to work on /Users/pranavr/drift-retrainer/venv311/lib/python3.11/site-packages/airflow/example_dags/example_short_circuit_decorator.py
[2025-06-13T14:10:04.312-0400] {processor.py:743} INFO - Processing file /Users/pranavr/drift-retrainer/venv311/lib/python3.11/site-packages/airflow/example_dags/example_short_circuit_decorator.py for tasks to queue
[2025-06-13T14:10:04.313-0400] {logging_mixin.py:137} INFO - [2025-06-13T14:10:04.313-0400] {dagbag.py:538} INFO - Filling up the DagBag from /Users/pranavr/drift-retrainer/venv311/lib/python3.11/site-packages/airflow/example_dags/example_short_circuit_decorator.py
[2025-06-13T14:10:04.349-0400] {processor.py:753} INFO - DAG(s) dict_keys(['example_short_circuit_decorator']) retrieved from /Users/pranavr/drift-retrainer/venv311/lib/python3.11/site-packages/airflow/example_dags/example_short_circuit_decorator.py
[2025-06-13T14:10:04.857-0400] {logging_mixin.py:137} INFO - [2025-06-13T14:10:04.857-0400] {manager.py:504} INFO - Created Permission View: can delete on DAG:example_short_circuit_decorator
[2025-06-13T14:10:04.862-0400] {logging_mixin.py:137} INFO - [2025-06-13T14:10:04.862-0400] {manager.py:504} INFO - Created Permission View: can edit on DAG:example_short_circuit_decorator
[2025-06-13T14:10:04.867-0400] {logging_mixin.py:137} INFO - [2025-06-13T14:10:04.867-0400] {manager.py:504} INFO - Created Permission View: can read on DAG:example_short_circuit_decorator
[2025-06-13T14:10:04.867-0400] {logging_mixin.py:137} INFO - [2025-06-13T14:10:04.867-0400] {dag.py:2690} INFO - Sync 1 DAGs
[2025-06-13T14:10:04.873-0400] {logging_mixin.py:137} INFO - [2025-06-13T14:10:04.873-0400] {dag.py:2711} INFO - Creating ORM DAG for example_short_circuit_decorator
[2025-06-13T14:10:04.879-0400] {logging_mixin.py:137} INFO - [2025-06-13T14:10:04.879-0400] {dag.py:3437} INFO - Setting next_dagrun for example_short_circuit_decorator to 2025-06-12T18:10:04.879080+00:00, run_after=2025-06-13T18:10:04.879080+00:00
[2025-06-13T14:10:04.888-0400] {processor.py:175} INFO - Processing /Users/pranavr/drift-retrainer/venv311/lib/python3.11/site-packages/airflow/example_dags/example_short_circuit_decorator.py took 0.578 seconds
[2025-06-13T14:11:33.166-0400] {processor.py:153} INFO - Started process (PID=97468) to work on /Users/pranavr/drift-retrainer/venv311/lib/python3.11/site-packages/airflow/example_dags/example_short_circuit_decorator.py
[2025-06-13T14:11:33.168-0400] {processor.py:743} INFO - Processing file /Users/pranavr/drift-retrainer/venv311/lib/python3.11/site-packages/airflow/example_dags/example_short_circuit_decorator.py for tasks to queue
[2025-06-13T14:11:33.168-0400] {logging_mixin.py:137} INFO - [2025-06-13T14:11:33.168-0400] {dagbag.py:538} INFO - Filling up the DagBag from /Users/pranavr/drift-retrainer/venv311/lib/python3.11/site-packages/airflow/example_dags/example_short_circuit_decorator.py
[2025-06-13T14:11:33.198-0400] {processor.py:753} INFO - DAG(s) dict_keys(['example_short_circuit_decorator']) retrieved from /Users/pranavr/drift-retrainer/venv311/lib/python3.11/site-packages/airflow/example_dags/example_short_circuit_decorator.py
[2025-06-13T14:11:33.700-0400] {logging_mixin.py:137} INFO - [2025-06-13T14:11:33.700-0400] {dag.py:2690} INFO - Sync 1 DAGs
[2025-06-13T14:11:33.708-0400] {logging_mixin.py:137} INFO - [2025-06-13T14:11:33.708-0400] {dag.py:3437} INFO - Setting next_dagrun for example_short_circuit_decorator to 2025-06-12T18:11:33.708163+00:00, run_after=2025-06-13T18:11:33.708163+00:00
[2025-06-13T14:11:33.719-0400] {processor.py:175} INFO - Processing /Users/pranavr/drift-retrainer/venv311/lib/python3.11/site-packages/airflow/example_dags/example_short_circuit_decorator.py took 0.554 seconds
[2025-06-13T14:13:27.416-0400] {processor.py:153} INFO - Started process (PID=97918) to work on /Users/pranavr/drift-retrainer/venv311/lib/python3.11/site-packages/airflow/example_dags/example_short_circuit_decorator.py
[2025-06-13T14:13:27.419-0400] {processor.py:743} INFO - Processing file /Users/pranavr/drift-retrainer/venv311/lib/python3.11/site-packages/airflow/example_dags/example_short_circuit_decorator.py for tasks to queue
[2025-06-13T14:13:27.420-0400] {logging_mixin.py:137} INFO - [2025-06-13T14:13:27.420-0400] {dagbag.py:538} INFO - Filling up the DagBag from /Users/pranavr/drift-retrainer/venv311/lib/python3.11/site-packages/airflow/example_dags/example_short_circuit_decorator.py
[2025-06-13T14:13:27.506-0400] {processor.py:753} INFO - DAG(s) dict_keys(['example_short_circuit_decorator']) retrieved from /Users/pranavr/drift-retrainer/venv311/lib/python3.11/site-packages/airflow/example_dags/example_short_circuit_decorator.py
[2025-06-13T14:13:27.967-0400] {logging_mixin.py:137} INFO - [2025-06-13T14:13:27.967-0400] {dag.py:2690} INFO - Sync 1 DAGs
[2025-06-13T14:13:27.974-0400] {logging_mixin.py:137} INFO - [2025-06-13T14:13:27.974-0400] {dag.py:3437} INFO - Setting next_dagrun for example_short_circuit_decorator to 2025-06-12T18:13:27.973960+00:00, run_after=2025-06-13T18:13:27.973960+00:00
[2025-06-13T14:13:27.982-0400] {processor.py:175} INFO - Processing /Users/pranavr/drift-retrainer/venv311/lib/python3.11/site-packages/airflow/example_dags/example_short_circuit_decorator.py took 0.566 seconds
[2025-06-13T14:15:17.251-0400] {processor.py:153} INFO - Started process (PID=2641) to work on /Users/pranavr/drift-retrainer/venv311/lib/python3.11/site-packages/airflow/example_dags/example_short_circuit_decorator.py
[2025-06-13T14:15:17.266-0400] {processor.py:743} INFO - Processing file /Users/pranavr/drift-retrainer/venv311/lib/python3.11/site-packages/airflow/example_dags/example_short_circuit_decorator.py for tasks to queue
[2025-06-13T14:15:17.266-0400] {logging_mixin.py:137} INFO - [2025-06-13T14:15:17.266-0400] {dagbag.py:538} INFO - Filling up the DagBag from /Users/pranavr/drift-retrainer/venv311/lib/python3.11/site-packages/airflow/example_dags/example_short_circuit_decorator.py
[2025-06-13T14:15:17.305-0400] {processor.py:753} INFO - DAG(s) dict_keys(['example_short_circuit_decorator']) retrieved from /Users/pranavr/drift-retrainer/venv311/lib/python3.11/site-packages/airflow/example_dags/example_short_circuit_decorator.py
[2025-06-13T14:15:18.127-0400] {logging_mixin.py:137} INFO - [2025-06-13T14:15:18.126-0400] {dag.py:2690} INFO - Sync 1 DAGs
[2025-06-13T14:15:18.136-0400] {logging_mixin.py:137} INFO - [2025-06-13T14:15:18.135-0400] {dag.py:3437} INFO - Setting next_dagrun for example_short_circuit_decorator to 2025-06-12T18:15:18.135325+00:00, run_after=2025-06-13T18:15:18.135325+00:00
[2025-06-13T14:15:18.147-0400] {processor.py:175} INFO - Processing /Users/pranavr/drift-retrainer/venv311/lib/python3.11/site-packages/airflow/example_dags/example_short_circuit_decorator.py took 0.897 seconds
[2025-06-13T14:17:12.584-0400] {processor.py:153} INFO - Started process (PID=3986) to work on /Users/pranavr/drift-retrainer/venv311/lib/python3.11/site-packages/airflow/example_dags/example_short_circuit_decorator.py
[2025-06-13T14:17:12.587-0400] {processor.py:743} INFO - Processing file /Users/pranavr/drift-retrainer/venv311/lib/python3.11/site-packages/airflow/example_dags/example_short_circuit_decorator.py for tasks to queue
[2025-06-13T14:17:12.587-0400] {logging_mixin.py:137} INFO - [2025-06-13T14:17:12.587-0400] {dagbag.py:538} INFO - Filling up the DagBag from /Users/pranavr/drift-retrainer/venv311/lib/python3.11/site-packages/airflow/example_dags/example_short_circuit_decorator.py
[2025-06-13T14:17:12.612-0400] {processor.py:753} INFO - DAG(s) dict_keys(['example_short_circuit_decorator']) retrieved from /Users/pranavr/drift-retrainer/venv311/lib/python3.11/site-packages/airflow/example_dags/example_short_circuit_decorator.py
[2025-06-13T14:17:13.130-0400] {logging_mixin.py:137} INFO - [2025-06-13T14:17:13.130-0400] {dag.py:2690} INFO - Sync 1 DAGs
[2025-06-13T14:17:13.136-0400] {logging_mixin.py:137} INFO - [2025-06-13T14:17:13.136-0400] {dag.py:3437} INFO - Setting next_dagrun for example_short_circuit_decorator to 2025-06-12T18:17:13.136596+00:00, run_after=2025-06-13T18:17:13.136596+00:00
[2025-06-13T14:17:13.145-0400] {processor.py:175} INFO - Processing /Users/pranavr/drift-retrainer/venv311/lib/python3.11/site-packages/airflow/example_dags/example_short_circuit_decorator.py took 0.561 seconds
[2025-06-13T14:19:12.946-0400] {processor.py:153} INFO - Started process (PID=6493) to work on /Users/pranavr/drift-retrainer/venv311/lib/python3.11/site-packages/airflow/example_dags/example_short_circuit_decorator.py
[2025-06-13T14:19:12.949-0400] {processor.py:743} INFO - Processing file /Users/pranavr/drift-retrainer/venv311/lib/python3.11/site-packages/airflow/example_dags/example_short_circuit_decorator.py for tasks to queue
[2025-06-13T14:19:12.949-0400] {logging_mixin.py:137} INFO - [2025-06-13T14:19:12.949-0400] {dagbag.py:538} INFO - Filling up the DagBag from /Users/pranavr/drift-retrainer/venv311/lib/python3.11/site-packages/airflow/example_dags/example_short_circuit_decorator.py
[2025-06-13T14:19:13.005-0400] {processor.py:753} INFO - DAG(s) dict_keys(['example_short_circuit_decorator']) retrieved from /Users/pranavr/drift-retrainer/venv311/lib/python3.11/site-packages/airflow/example_dags/example_short_circuit_decorator.py
[2025-06-13T14:19:13.495-0400] {logging_mixin.py:137} INFO - [2025-06-13T14:19:13.495-0400] {dag.py:2690} INFO - Sync 1 DAGs
[2025-06-13T14:19:13.504-0400] {logging_mixin.py:137} INFO - [2025-06-13T14:19:13.504-0400] {dag.py:3437} INFO - Setting next_dagrun for example_short_circuit_decorator to 2025-06-12T18:19:13.503910+00:00, run_after=2025-06-13T18:19:13.503910+00:00
[2025-06-13T14:19:13.514-0400] {processor.py:175} INFO - Processing /Users/pranavr/drift-retrainer/venv311/lib/python3.11/site-packages/airflow/example_dags/example_short_circuit_decorator.py took 0.568 seconds
[2025-06-13T14:22:06.692-0400] {processor.py:186} INFO - Started process (PID=7544) to work on /Users/pranavr/.pyenv/versions/3.11.6/lib/python3.11/site-packages/airflow/example_dags/example_short_circuit_decorator.py
[2025-06-13T14:22:06.694-0400] {processor.py:914} INFO - Processing file /Users/pranavr/.pyenv/versions/3.11.6/lib/python3.11/site-packages/airflow/example_dags/example_short_circuit_decorator.py for tasks to queue
[2025-06-13T14:22:06.695-0400] {logging_mixin.py:190} INFO - [2025-06-13T14:22:06.695-0400] {dagbag.py:588} INFO - Filling up the DagBag from /Users/pranavr/.pyenv/versions/3.11.6/lib/python3.11/site-packages/airflow/example_dags/example_short_circuit_decorator.py
[2025-06-13T14:22:06.716-0400] {processor.py:925} INFO - DAG(s) 'example_short_circuit_decorator' retrieved from /Users/pranavr/.pyenv/versions/3.11.6/lib/python3.11/site-packages/airflow/example_dags/example_short_circuit_decorator.py
[2025-06-13T14:22:06.875-0400] {logging_mixin.py:190} INFO - [2025-06-13T14:22:06.874-0400] {dag.py:3239} INFO - Sync 1 DAGs
[2025-06-13T14:22:06.881-0400] {logging_mixin.py:190} INFO - [2025-06-13T14:22:06.881-0400] {dag.py:4180} INFO - Setting next_dagrun for example_short_circuit_decorator to None, run_after=None
[2025-06-13T14:22:06.891-0400] {processor.py:208} INFO - Processing /Users/pranavr/.pyenv/versions/3.11.6/lib/python3.11/site-packages/airflow/example_dags/example_short_circuit_decorator.py took 201.203 seconds
[2025-06-13T14:24:13.856-0400] {processor.py:186} INFO - Started process (PID=7895) to work on /Users/pranavr/.pyenv/versions/3.11.6/lib/python3.11/site-packages/airflow/example_dags/example_short_circuit_decorator.py
[2025-06-13T14:24:13.858-0400] {processor.py:914} INFO - Processing file /Users/pranavr/.pyenv/versions/3.11.6/lib/python3.11/site-packages/airflow/example_dags/example_short_circuit_decorator.py for tasks to queue
[2025-06-13T14:24:13.859-0400] {logging_mixin.py:190} INFO - [2025-06-13T14:24:13.859-0400] {dagbag.py:588} INFO - Filling up the DagBag from /Users/pranavr/.pyenv/versions/3.11.6/lib/python3.11/site-packages/airflow/example_dags/example_short_circuit_decorator.py
[2025-06-13T14:24:13.884-0400] {processor.py:925} INFO - DAG(s) 'example_short_circuit_decorator' retrieved from /Users/pranavr/.pyenv/versions/3.11.6/lib/python3.11/site-packages/airflow/example_dags/example_short_circuit_decorator.py
[2025-06-13T14:24:13.979-0400] {logging_mixin.py:190} INFO - [2025-06-13T14:24:13.979-0400] {dag.py:3239} INFO - Sync 1 DAGs
[2025-06-13T14:24:13.984-0400] {logging_mixin.py:190} INFO - [2025-06-13T14:24:13.984-0400] {dag.py:4180} INFO - Setting next_dagrun for example_short_circuit_decorator to None, run_after=None
[2025-06-13T14:24:13.992-0400] {processor.py:208} INFO - Processing /Users/pranavr/.pyenv/versions/3.11.6/lib/python3.11/site-packages/airflow/example_dags/example_short_circuit_decorator.py took 138.021 seconds
[2025-06-13T14:25:44.735-0400] {processor.py:186} INFO - Started process (PID=8006) to work on /Users/pranavr/.pyenv/versions/3.11.6/lib/python3.11/site-packages/airflow/example_dags/example_short_circuit_decorator.py
[2025-06-13T14:25:44.739-0400] {processor.py:914} INFO - Processing file /Users/pranavr/.pyenv/versions/3.11.6/lib/python3.11/site-packages/airflow/example_dags/example_short_circuit_decorator.py for tasks to queue
[2025-06-13T14:25:44.740-0400] {logging_mixin.py:190} INFO - [2025-06-13T14:25:44.740-0400] {dagbag.py:588} INFO - Filling up the DagBag from /Users/pranavr/.pyenv/versions/3.11.6/lib/python3.11/site-packages/airflow/example_dags/example_short_circuit_decorator.py
[2025-06-13T14:25:44.770-0400] {processor.py:925} INFO - DAG(s) 'example_short_circuit_decorator' retrieved from /Users/pranavr/.pyenv/versions/3.11.6/lib/python3.11/site-packages/airflow/example_dags/example_short_circuit_decorator.py
[2025-06-13T14:25:44.865-0400] {logging_mixin.py:190} INFO - [2025-06-13T14:25:44.864-0400] {dag.py:3239} INFO - Sync 1 DAGs
[2025-06-13T14:25:44.870-0400] {logging_mixin.py:190} INFO - [2025-06-13T14:25:44.870-0400] {dag.py:4180} INFO - Setting next_dagrun for example_short_circuit_decorator to None, run_after=None
[2025-06-13T14:25:44.878-0400] {processor.py:208} INFO - Processing /Users/pranavr/.pyenv/versions/3.11.6/lib/python3.11/site-packages/airflow/example_dags/example_short_circuit_decorator.py took 144.761 seconds
[2025-06-13T14:27:17.037-0400] {processor.py:186} INFO - Started process (PID=8148) to work on /Users/pranavr/.pyenv/versions/3.11.6/lib/python3.11/site-packages/airflow/example_dags/example_short_circuit_decorator.py
[2025-06-13T14:27:17.039-0400] {processor.py:914} INFO - Processing file /Users/pranavr/.pyenv/versions/3.11.6/lib/python3.11/site-packages/airflow/example_dags/example_short_circuit_decorator.py for tasks to queue
[2025-06-13T14:27:17.039-0400] {logging_mixin.py:190} INFO - [2025-06-13T14:27:17.039-0400] {dagbag.py:588} INFO - Filling up the DagBag from /Users/pranavr/.pyenv/versions/3.11.6/lib/python3.11/site-packages/airflow/example_dags/example_short_circuit_decorator.py
[2025-06-13T14:27:17.065-0400] {processor.py:925} INFO - DAG(s) 'example_short_circuit_decorator' retrieved from /Users/pranavr/.pyenv/versions/3.11.6/lib/python3.11/site-packages/airflow/example_dags/example_short_circuit_decorator.py
[2025-06-13T14:27:17.158-0400] {logging_mixin.py:190} INFO - [2025-06-13T14:27:17.158-0400] {dag.py:3239} INFO - Sync 1 DAGs
[2025-06-13T14:27:17.163-0400] {logging_mixin.py:190} INFO - [2025-06-13T14:27:17.163-0400] {dag.py:4180} INFO - Setting next_dagrun for example_short_circuit_decorator to None, run_after=None
[2025-06-13T14:27:17.173-0400] {processor.py:208} INFO - Processing /Users/pranavr/.pyenv/versions/3.11.6/lib/python3.11/site-packages/airflow/example_dags/example_short_circuit_decorator.py took 137.681 seconds
[2025-06-13T14:28:46.665-0400] {processor.py:186} INFO - Started process (PID=8817) to work on /Users/pranavr/.pyenv/versions/3.11.6/lib/python3.11/site-packages/airflow/example_dags/example_short_circuit_decorator.py
[2025-06-13T14:28:46.667-0400] {processor.py:914} INFO - Processing file /Users/pranavr/.pyenv/versions/3.11.6/lib/python3.11/site-packages/airflow/example_dags/example_short_circuit_decorator.py for tasks to queue
[2025-06-13T14:28:46.668-0400] {logging_mixin.py:190} INFO - [2025-06-13T14:28:46.668-0400] {dagbag.py:588} INFO - Filling up the DagBag from /Users/pranavr/.pyenv/versions/3.11.6/lib/python3.11/site-packages/airflow/example_dags/example_short_circuit_decorator.py
[2025-06-13T14:28:46.688-0400] {processor.py:925} INFO - DAG(s) 'example_short_circuit_decorator' retrieved from /Users/pranavr/.pyenv/versions/3.11.6/lib/python3.11/site-packages/airflow/example_dags/example_short_circuit_decorator.py
[2025-06-13T14:28:46.779-0400] {logging_mixin.py:190} INFO - [2025-06-13T14:28:46.779-0400] {dag.py:3239} INFO - Sync 1 DAGs
[2025-06-13T14:28:46.784-0400] {logging_mixin.py:190} INFO - [2025-06-13T14:28:46.784-0400] {dag.py:4180} INFO - Setting next_dagrun for example_short_circuit_decorator to None, run_after=None
[2025-06-13T14:28:46.794-0400] {processor.py:208} INFO - Processing /Users/pranavr/.pyenv/versions/3.11.6/lib/python3.11/site-packages/airflow/example_dags/example_short_circuit_decorator.py took 130.486 seconds
[2025-06-13T14:30:19.047-0400] {processor.py:186} INFO - Started process (PID=8984) to work on /Users/pranavr/.pyenv/versions/3.11.6/lib/python3.11/site-packages/airflow/example_dags/example_short_circuit_decorator.py
[2025-06-13T14:30:19.052-0400] {processor.py:914} INFO - Processing file /Users/pranavr/.pyenv/versions/3.11.6/lib/python3.11/site-packages/airflow/example_dags/example_short_circuit_decorator.py for tasks to queue
[2025-06-13T14:30:19.055-0400] {logging_mixin.py:190} INFO - [2025-06-13T14:30:19.055-0400] {dagbag.py:588} INFO - Filling up the DagBag from /Users/pranavr/.pyenv/versions/3.11.6/lib/python3.11/site-packages/airflow/example_dags/example_short_circuit_decorator.py
[2025-06-13T14:30:19.086-0400] {processor.py:925} INFO - DAG(s) 'example_short_circuit_decorator' retrieved from /Users/pranavr/.pyenv/versions/3.11.6/lib/python3.11/site-packages/airflow/example_dags/example_short_circuit_decorator.py
[2025-06-13T14:30:19.172-0400] {logging_mixin.py:190} INFO - [2025-06-13T14:30:19.171-0400] {dag.py:3239} INFO - Sync 1 DAGs
[2025-06-13T14:30:19.178-0400] {logging_mixin.py:190} INFO - [2025-06-13T14:30:19.178-0400] {dag.py:4180} INFO - Setting next_dagrun for example_short_circuit_decorator to None, run_after=None
[2025-06-13T14:30:19.187-0400] {processor.py:208} INFO - Processing /Users/pranavr/.pyenv/versions/3.11.6/lib/python3.11/site-packages/airflow/example_dags/example_short_circuit_decorator.py took 145.361 seconds
[2025-06-13T14:31:47.158-0400] {processor.py:186} INFO - Started process (PID=9383) to work on /Users/pranavr/.pyenv/versions/3.11.6/lib/python3.11/site-packages/airflow/example_dags/example_short_circuit_decorator.py
[2025-06-13T14:31:47.160-0400] {processor.py:914} INFO - Processing file /Users/pranavr/.pyenv/versions/3.11.6/lib/python3.11/site-packages/airflow/example_dags/example_short_circuit_decorator.py for tasks to queue
[2025-06-13T14:31:47.161-0400] {logging_mixin.py:190} INFO - [2025-06-13T14:31:47.161-0400] {dagbag.py:588} INFO - Filling up the DagBag from /Users/pranavr/.pyenv/versions/3.11.6/lib/python3.11/site-packages/airflow/example_dags/example_short_circuit_decorator.py
[2025-06-13T14:31:47.181-0400] {processor.py:925} INFO - DAG(s) 'example_short_circuit_decorator' retrieved from /Users/pranavr/.pyenv/versions/3.11.6/lib/python3.11/site-packages/airflow/example_dags/example_short_circuit_decorator.py
[2025-06-13T14:31:47.267-0400] {logging_mixin.py:190} INFO - [2025-06-13T14:31:47.267-0400] {dag.py:3239} INFO - Sync 1 DAGs
[2025-06-13T14:31:47.272-0400] {logging_mixin.py:190} INFO - [2025-06-13T14:31:47.271-0400] {dag.py:4180} INFO - Setting next_dagrun for example_short_circuit_decorator to None, run_after=None
[2025-06-13T14:31:47.281-0400] {processor.py:208} INFO - Processing /Users/pranavr/.pyenv/versions/3.11.6/lib/python3.11/site-packages/airflow/example_dags/example_short_circuit_decorator.py took 123.453 seconds
[2025-06-13T14:33:20.099-0400] {processor.py:186} INFO - Started process (PID=9611) to work on /Users/pranavr/.pyenv/versions/3.11.6/lib/python3.11/site-packages/airflow/example_dags/example_short_circuit_decorator.py
[2025-06-13T14:33:20.101-0400] {processor.py:914} INFO - Processing file /Users/pranavr/.pyenv/versions/3.11.6/lib/python3.11/site-packages/airflow/example_dags/example_short_circuit_decorator.py for tasks to queue
[2025-06-13T14:33:20.102-0400] {logging_mixin.py:190} INFO - [2025-06-13T14:33:20.102-0400] {dagbag.py:588} INFO - Filling up the DagBag from /Users/pranavr/.pyenv/versions/3.11.6/lib/python3.11/site-packages/airflow/example_dags/example_short_circuit_decorator.py
[2025-06-13T14:33:20.132-0400] {processor.py:925} INFO - DAG(s) 'example_short_circuit_decorator' retrieved from /Users/pranavr/.pyenv/versions/3.11.6/lib/python3.11/site-packages/airflow/example_dags/example_short_circuit_decorator.py
[2025-06-13T14:33:20.239-0400] {logging_mixin.py:190} INFO - [2025-06-13T14:33:20.239-0400] {dag.py:3239} INFO - Sync 1 DAGs
[2025-06-13T14:33:20.244-0400] {logging_mixin.py:190} INFO - [2025-06-13T14:33:20.244-0400] {dag.py:4180} INFO - Setting next_dagrun for example_short_circuit_decorator to None, run_after=None
[2025-06-13T14:33:20.253-0400] {processor.py:208} INFO - Processing /Users/pranavr/.pyenv/versions/3.11.6/lib/python3.11/site-packages/airflow/example_dags/example_short_circuit_decorator.py took 155.368 seconds
[2025-06-13T14:34:51.468-0400] {processor.py:186} INFO - Started process (PID=10074) to work on /Users/pranavr/.pyenv/versions/3.11.6/lib/python3.11/site-packages/airflow/example_dags/example_short_circuit_decorator.py
[2025-06-13T14:34:51.471-0400] {processor.py:914} INFO - Processing file /Users/pranavr/.pyenv/versions/3.11.6/lib/python3.11/site-packages/airflow/example_dags/example_short_circuit_decorator.py for tasks to queue
[2025-06-13T14:34:51.472-0400] {logging_mixin.py:190} INFO - [2025-06-13T14:34:51.472-0400] {dagbag.py:588} INFO - Filling up the DagBag from /Users/pranavr/.pyenv/versions/3.11.6/lib/python3.11/site-packages/airflow/example_dags/example_short_circuit_decorator.py
[2025-06-13T14:34:51.495-0400] {processor.py:925} INFO - DAG(s) 'example_short_circuit_decorator' retrieved from /Users/pranavr/.pyenv/versions/3.11.6/lib/python3.11/site-packages/airflow/example_dags/example_short_circuit_decorator.py
[2025-06-13T14:34:51.610-0400] {logging_mixin.py:190} INFO - [2025-06-13T14:34:51.610-0400] {dag.py:3239} INFO - Sync 1 DAGs
[2025-06-13T14:34:51.618-0400] {logging_mixin.py:190} INFO - [2025-06-13T14:34:51.618-0400] {dag.py:4180} INFO - Setting next_dagrun for example_short_circuit_decorator to None, run_after=None
[2025-06-13T14:34:51.626-0400] {processor.py:208} INFO - Processing /Users/pranavr/.pyenv/versions/3.11.6/lib/python3.11/site-packages/airflow/example_dags/example_short_circuit_decorator.py took 164.018 seconds
[2025-06-13T14:36:22.587-0400] {processor.py:186} INFO - Started process (PID=10870) to work on /Users/pranavr/.pyenv/versions/3.11.6/lib/python3.11/site-packages/airflow/example_dags/example_short_circuit_decorator.py
[2025-06-13T14:36:22.589-0400] {processor.py:914} INFO - Processing file /Users/pranavr/.pyenv/versions/3.11.6/lib/python3.11/site-packages/airflow/example_dags/example_short_circuit_decorator.py for tasks to queue
[2025-06-13T14:36:22.591-0400] {logging_mixin.py:190} INFO - [2025-06-13T14:36:22.591-0400] {dagbag.py:588} INFO - Filling up the DagBag from /Users/pranavr/.pyenv/versions/3.11.6/lib/python3.11/site-packages/airflow/example_dags/example_short_circuit_decorator.py
[2025-06-13T14:36:22.615-0400] {processor.py:925} INFO - DAG(s) 'example_short_circuit_decorator' retrieved from /Users/pranavr/.pyenv/versions/3.11.6/lib/python3.11/site-packages/airflow/example_dags/example_short_circuit_decorator.py
[2025-06-13T14:36:22.698-0400] {logging_mixin.py:190} INFO - [2025-06-13T14:36:22.697-0400] {dag.py:3239} INFO - Sync 1 DAGs
[2025-06-13T14:36:22.703-0400] {logging_mixin.py:190} INFO - [2025-06-13T14:36:22.703-0400] {dag.py:4180} INFO - Setting next_dagrun for example_short_circuit_decorator to None, run_after=None
[2025-06-13T14:36:22.712-0400] {processor.py:208} INFO - Processing /Users/pranavr/.pyenv/versions/3.11.6/lib/python3.11/site-packages/airflow/example_dags/example_short_circuit_decorator.py took 127.244 seconds
[2025-06-13T14:37:51.927-0400] {processor.py:186} INFO - Started process (PID=11133) to work on /Users/pranavr/.pyenv/versions/3.11.6/lib/python3.11/site-packages/airflow/example_dags/example_short_circuit_decorator.py
[2025-06-13T14:37:51.930-0400] {processor.py:914} INFO - Processing file /Users/pranavr/.pyenv/versions/3.11.6/lib/python3.11/site-packages/airflow/example_dags/example_short_circuit_decorator.py for tasks to queue
[2025-06-13T14:37:51.930-0400] {logging_mixin.py:190} INFO - [2025-06-13T14:37:51.930-0400] {dagbag.py:588} INFO - Filling up the DagBag from /Users/pranavr/.pyenv/versions/3.11.6/lib/python3.11/site-packages/airflow/example_dags/example_short_circuit_decorator.py
[2025-06-13T14:37:51.958-0400] {processor.py:925} INFO - DAG(s) 'example_short_circuit_decorator' retrieved from /Users/pranavr/.pyenv/versions/3.11.6/lib/python3.11/site-packages/airflow/example_dags/example_short_circuit_decorator.py
[2025-06-13T14:37:52.041-0400] {logging_mixin.py:190} INFO - [2025-06-13T14:37:52.041-0400] {dag.py:3239} INFO - Sync 1 DAGs
[2025-06-13T14:37:52.046-0400] {logging_mixin.py:190} INFO - [2025-06-13T14:37:52.046-0400] {dag.py:4180} INFO - Setting next_dagrun for example_short_circuit_decorator to None, run_after=None
[2025-06-13T14:37:52.056-0400] {processor.py:208} INFO - Processing /Users/pranavr/.pyenv/versions/3.11.6/lib/python3.11/site-packages/airflow/example_dags/example_short_circuit_decorator.py took 130.743 seconds
[2025-06-13T14:39:19.078-0400] {processor.py:186} INFO - Started process (PID=11363) to work on /Users/pranavr/.pyenv/versions/3.11.6/lib/python3.11/site-packages/airflow/example_dags/example_short_circuit_decorator.py
[2025-06-13T14:39:19.079-0400] {processor.py:914} INFO - Processing file /Users/pranavr/.pyenv/versions/3.11.6/lib/python3.11/site-packages/airflow/example_dags/example_short_circuit_decorator.py for tasks to queue
[2025-06-13T14:39:19.080-0400] {logging_mixin.py:190} INFO - [2025-06-13T14:39:19.080-0400] {dagbag.py:588} INFO - Filling up the DagBag from /Users/pranavr/.pyenv/versions/3.11.6/lib/python3.11/site-packages/airflow/example_dags/example_short_circuit_decorator.py
[2025-06-13T14:39:19.095-0400] {processor.py:925} INFO - DAG(s) 'example_short_circuit_decorator' retrieved from /Users/pranavr/.pyenv/versions/3.11.6/lib/python3.11/site-packages/airflow/example_dags/example_short_circuit_decorator.py
[2025-06-13T14:39:19.160-0400] {logging_mixin.py:190} INFO - [2025-06-13T14:39:19.160-0400] {dag.py:3239} INFO - Sync 1 DAGs
[2025-06-13T14:39:19.164-0400] {logging_mixin.py:190} INFO - [2025-06-13T14:39:19.164-0400] {dag.py:4180} INFO - Setting next_dagrun for example_short_circuit_decorator to None, run_after=None
[2025-06-13T14:39:19.171-0400] {processor.py:208} INFO - Processing /Users/pranavr/.pyenv/versions/3.11.6/lib/python3.11/site-packages/airflow/example_dags/example_short_circuit_decorator.py took 95.145 seconds
[2025-06-13T14:40:40.241-0400] {processor.py:186} INFO - Started process (PID=11618) to work on /Users/pranavr/.pyenv/versions/3.11.6/lib/python3.11/site-packages/airflow/example_dags/example_short_circuit_decorator.py
[2025-06-13T14:40:40.243-0400] {processor.py:914} INFO - Processing file /Users/pranavr/.pyenv/versions/3.11.6/lib/python3.11/site-packages/airflow/example_dags/example_short_circuit_decorator.py for tasks to queue
[2025-06-13T14:40:40.243-0400] {logging_mixin.py:190} INFO - [2025-06-13T14:40:40.243-0400] {dagbag.py:588} INFO - Filling up the DagBag from /Users/pranavr/.pyenv/versions/3.11.6/lib/python3.11/site-packages/airflow/example_dags/example_short_circuit_decorator.py
[2025-06-13T14:40:40.279-0400] {processor.py:925} INFO - DAG(s) 'example_short_circuit_decorator' retrieved from /Users/pranavr/.pyenv/versions/3.11.6/lib/python3.11/site-packages/airflow/example_dags/example_short_circuit_decorator.py
[2025-06-13T14:40:40.365-0400] {logging_mixin.py:190} INFO - [2025-06-13T14:40:40.365-0400] {dag.py:3239} INFO - Sync 1 DAGs
[2025-06-13T14:40:40.372-0400] {logging_mixin.py:190} INFO - [2025-06-13T14:40:40.372-0400] {dag.py:4180} INFO - Setting next_dagrun for example_short_circuit_decorator to None, run_after=None
[2025-06-13T14:40:40.381-0400] {processor.py:208} INFO - Processing /Users/pranavr/.pyenv/versions/3.11.6/lib/python3.11/site-packages/airflow/example_dags/example_short_circuit_decorator.py took 142.068 seconds
[2025-06-13T14:41:55.833-0400] {processor.py:186} INFO - Started process (PID=11783) to work on /Users/pranavr/.pyenv/versions/3.11.6/lib/python3.11/site-packages/airflow/example_dags/example_short_circuit_decorator.py
[2025-06-13T14:41:55.835-0400] {processor.py:914} INFO - Processing file /Users/pranavr/.pyenv/versions/3.11.6/lib/python3.11/site-packages/airflow/example_dags/example_short_circuit_decorator.py for tasks to queue
[2025-06-13T14:41:55.836-0400] {logging_mixin.py:190} INFO - [2025-06-13T14:41:55.836-0400] {dagbag.py:588} INFO - Filling up the DagBag from /Users/pranavr/.pyenv/versions/3.11.6/lib/python3.11/site-packages/airflow/example_dags/example_short_circuit_decorator.py
[2025-06-13T14:41:55.850-0400] {processor.py:925} INFO - DAG(s) 'example_short_circuit_decorator' retrieved from /Users/pranavr/.pyenv/versions/3.11.6/lib/python3.11/site-packages/airflow/example_dags/example_short_circuit_decorator.py
[2025-06-13T14:41:55.914-0400] {logging_mixin.py:190} INFO - [2025-06-13T14:41:55.914-0400] {dag.py:3239} INFO - Sync 1 DAGs
[2025-06-13T14:41:55.918-0400] {logging_mixin.py:190} INFO - [2025-06-13T14:41:55.918-0400] {dag.py:4180} INFO - Setting next_dagrun for example_short_circuit_decorator to None, run_after=None
[2025-06-13T14:41:55.925-0400] {processor.py:208} INFO - Processing /Users/pranavr/.pyenv/versions/3.11.6/lib/python3.11/site-packages/airflow/example_dags/example_short_circuit_decorator.py took 93.028 seconds
[2025-06-13T14:43:09.582-0400] {processor.py:186} INFO - Started process (PID=11936) to work on /Users/pranavr/.pyenv/versions/3.11.6/lib/python3.11/site-packages/airflow/example_dags/example_short_circuit_decorator.py
[2025-06-13T14:43:09.584-0400] {processor.py:914} INFO - Processing file /Users/pranavr/.pyenv/versions/3.11.6/lib/python3.11/site-packages/airflow/example_dags/example_short_circuit_decorator.py for tasks to queue
[2025-06-13T14:43:09.584-0400] {logging_mixin.py:190} INFO - [2025-06-13T14:43:09.584-0400] {dagbag.py:588} INFO - Filling up the DagBag from /Users/pranavr/.pyenv/versions/3.11.6/lib/python3.11/site-packages/airflow/example_dags/example_short_circuit_decorator.py
[2025-06-13T14:43:09.598-0400] {processor.py:925} INFO - DAG(s) 'example_short_circuit_decorator' retrieved from /Users/pranavr/.pyenv/versions/3.11.6/lib/python3.11/site-packages/airflow/example_dags/example_short_circuit_decorator.py
[2025-06-13T14:43:09.660-0400] {logging_mixin.py:190} INFO - [2025-06-13T14:43:09.660-0400] {dag.py:3239} INFO - Sync 1 DAGs
[2025-06-13T14:43:09.664-0400] {logging_mixin.py:190} INFO - [2025-06-13T14:43:09.664-0400] {dag.py:4180} INFO - Setting next_dagrun for example_short_circuit_decorator to None, run_after=None
[2025-06-13T14:43:09.671-0400] {processor.py:208} INFO - Processing /Users/pranavr/.pyenv/versions/3.11.6/lib/python3.11/site-packages/airflow/example_dags/example_short_circuit_decorator.py took 89.972 seconds
[2025-06-13T14:44:21.821-0400] {processor.py:186} INFO - Started process (PID=12042) to work on /Users/pranavr/.pyenv/versions/3.11.6/lib/python3.11/site-packages/airflow/example_dags/example_short_circuit_decorator.py
[2025-06-13T14:44:21.823-0400] {processor.py:914} INFO - Processing file /Users/pranavr/.pyenv/versions/3.11.6/lib/python3.11/site-packages/airflow/example_dags/example_short_circuit_decorator.py for tasks to queue
[2025-06-13T14:44:21.823-0400] {logging_mixin.py:190} INFO - [2025-06-13T14:44:21.823-0400] {dagbag.py:588} INFO - Filling up the DagBag from /Users/pranavr/.pyenv/versions/3.11.6/lib/python3.11/site-packages/airflow/example_dags/example_short_circuit_decorator.py
[2025-06-13T14:44:21.838-0400] {processor.py:925} INFO - DAG(s) 'example_short_circuit_decorator' retrieved from /Users/pranavr/.pyenv/versions/3.11.6/lib/python3.11/site-packages/airflow/example_dags/example_short_circuit_decorator.py
[2025-06-13T14:44:21.902-0400] {logging_mixin.py:190} INFO - [2025-06-13T14:44:21.901-0400] {dag.py:3239} INFO - Sync 1 DAGs
[2025-06-13T14:44:21.906-0400] {logging_mixin.py:190} INFO - [2025-06-13T14:44:21.906-0400] {dag.py:4180} INFO - Setting next_dagrun for example_short_circuit_decorator to None, run_after=None
[2025-06-13T14:44:21.913-0400] {processor.py:208} INFO - Processing /Users/pranavr/.pyenv/versions/3.11.6/lib/python3.11/site-packages/airflow/example_dags/example_short_circuit_decorator.py took 92.655 seconds
[2025-06-13T14:45:35.810-0400] {processor.py:186} INFO - Started process (PID=12220) to work on /Users/pranavr/.pyenv/versions/3.11.6/lib/python3.11/site-packages/airflow/example_dags/example_short_circuit_decorator.py
[2025-06-13T14:45:35.812-0400] {processor.py:914} INFO - Processing file /Users/pranavr/.pyenv/versions/3.11.6/lib/python3.11/site-packages/airflow/example_dags/example_short_circuit_decorator.py for tasks to queue
[2025-06-13T14:45:35.812-0400] {logging_mixin.py:190} INFO - [2025-06-13T14:45:35.812-0400] {dagbag.py:588} INFO - Filling up the DagBag from /Users/pranavr/.pyenv/versions/3.11.6/lib/python3.11/site-packages/airflow/example_dags/example_short_circuit_decorator.py
[2025-06-13T14:45:35.827-0400] {processor.py:925} INFO - DAG(s) 'example_short_circuit_decorator' retrieved from /Users/pranavr/.pyenv/versions/3.11.6/lib/python3.11/site-packages/airflow/example_dags/example_short_circuit_decorator.py
[2025-06-13T14:45:35.890-0400] {logging_mixin.py:190} INFO - [2025-06-13T14:45:35.890-0400] {dag.py:3239} INFO - Sync 1 DAGs
[2025-06-13T14:45:35.894-0400] {logging_mixin.py:190} INFO - [2025-06-13T14:45:35.894-0400] {dag.py:4180} INFO - Setting next_dagrun for example_short_circuit_decorator to None, run_after=None
[2025-06-13T14:45:35.901-0400] {processor.py:208} INFO - Processing /Users/pranavr/.pyenv/versions/3.11.6/lib/python3.11/site-packages/airflow/example_dags/example_short_circuit_decorator.py took 92.080 seconds
[2025-06-13T14:48:00.347-0400] {processor.py:186} INFO - Started process (PID=12460) to work on /Users/pranavr/.pyenv/versions/3.11.6/lib/python3.11/site-packages/airflow/example_dags/example_short_circuit_decorator.py
[2025-06-13T14:48:00.349-0400] {processor.py:914} INFO - Processing file /Users/pranavr/.pyenv/versions/3.11.6/lib/python3.11/site-packages/airflow/example_dags/example_short_circuit_decorator.py for tasks to queue
[2025-06-13T14:48:00.349-0400] {logging_mixin.py:190} INFO - [2025-06-13T14:48:00.349-0400] {dagbag.py:588} INFO - Filling up the DagBag from /Users/pranavr/.pyenv/versions/3.11.6/lib/python3.11/site-packages/airflow/example_dags/example_short_circuit_decorator.py
[2025-06-13T14:48:00.364-0400] {processor.py:925} INFO - DAG(s) 'example_short_circuit_decorator' retrieved from /Users/pranavr/.pyenv/versions/3.11.6/lib/python3.11/site-packages/airflow/example_dags/example_short_circuit_decorator.py
[2025-06-13T14:48:00.427-0400] {logging_mixin.py:190} INFO - [2025-06-13T14:48:00.426-0400] {dag.py:3239} INFO - Sync 1 DAGs
[2025-06-13T14:48:00.431-0400] {logging_mixin.py:190} INFO - [2025-06-13T14:48:00.431-0400] {dag.py:4180} INFO - Setting next_dagrun for example_short_circuit_decorator to None, run_after=None
[2025-06-13T14:48:00.438-0400] {processor.py:208} INFO - Processing /Users/pranavr/.pyenv/versions/3.11.6/lib/python3.11/site-packages/airflow/example_dags/example_short_circuit_decorator.py took 92.084 seconds
[2025-06-13T14:49:16.658-0400] {processor.py:186} INFO - Started process (PID=12575) to work on /Users/pranavr/.pyenv/versions/3.11.6/lib/python3.11/site-packages/airflow/example_dags/example_short_circuit_decorator.py
[2025-06-13T14:49:16.660-0400] {processor.py:914} INFO - Processing file /Users/pranavr/.pyenv/versions/3.11.6/lib/python3.11/site-packages/airflow/example_dags/example_short_circuit_decorator.py for tasks to queue
[2025-06-13T14:49:16.660-0400] {logging_mixin.py:190} INFO - [2025-06-13T14:49:16.660-0400] {dagbag.py:588} INFO - Filling up the DagBag from /Users/pranavr/.pyenv/versions/3.11.6/lib/python3.11/site-packages/airflow/example_dags/example_short_circuit_decorator.py
[2025-06-13T14:49:16.679-0400] {processor.py:925} INFO - DAG(s) 'example_short_circuit_decorator' retrieved from /Users/pranavr/.pyenv/versions/3.11.6/lib/python3.11/site-packages/airflow/example_dags/example_short_circuit_decorator.py
[2025-06-13T14:49:16.745-0400] {logging_mixin.py:190} INFO - [2025-06-13T14:49:16.745-0400] {dag.py:3239} INFO - Sync 1 DAGs
[2025-06-13T14:49:16.750-0400] {logging_mixin.py:190} INFO - [2025-06-13T14:49:16.750-0400] {dag.py:4180} INFO - Setting next_dagrun for example_short_circuit_decorator to None, run_after=None
[2025-06-13T14:49:16.758-0400] {processor.py:208} INFO - Processing /Users/pranavr/.pyenv/versions/3.11.6/lib/python3.11/site-packages/airflow/example_dags/example_short_circuit_decorator.py took 100.779 seconds
[2025-06-13T14:51:44.330-0400] {processor.py:186} INFO - Started process (PID=13846) to work on /Users/pranavr/.pyenv/versions/3.11.6/lib/python3.11/site-packages/airflow/example_dags/example_short_circuit_decorator.py
[2025-06-13T14:51:44.332-0400] {processor.py:914} INFO - Processing file /Users/pranavr/.pyenv/versions/3.11.6/lib/python3.11/site-packages/airflow/example_dags/example_short_circuit_decorator.py for tasks to queue
[2025-06-13T14:51:44.333-0400] {logging_mixin.py:190} INFO - [2025-06-13T14:51:44.333-0400] {dagbag.py:588} INFO - Filling up the DagBag from /Users/pranavr/.pyenv/versions/3.11.6/lib/python3.11/site-packages/airflow/example_dags/example_short_circuit_decorator.py
[2025-06-13T14:51:44.348-0400] {processor.py:925} INFO - DAG(s) 'example_short_circuit_decorator' retrieved from /Users/pranavr/.pyenv/versions/3.11.6/lib/python3.11/site-packages/airflow/example_dags/example_short_circuit_decorator.py
[2025-06-13T14:51:44.410-0400] {logging_mixin.py:190} INFO - [2025-06-13T14:51:44.410-0400] {dag.py:3239} INFO - Sync 1 DAGs
[2025-06-13T14:51:44.414-0400] {logging_mixin.py:190} INFO - [2025-06-13T14:51:44.414-0400] {dag.py:4180} INFO - Setting next_dagrun for example_short_circuit_decorator to None, run_after=None
[2025-06-13T14:51:44.421-0400] {processor.py:208} INFO - Processing /Users/pranavr/.pyenv/versions/3.11.6/lib/python3.11/site-packages/airflow/example_dags/example_short_circuit_decorator.py took 92.563 seconds
[2025-06-13T14:52:57.967-0400] {processor.py:186} INFO - Started process (PID=14052) to work on /Users/pranavr/.pyenv/versions/3.11.6/lib/python3.11/site-packages/airflow/example_dags/example_short_circuit_decorator.py
[2025-06-13T14:52:57.970-0400] {processor.py:914} INFO - Processing file /Users/pranavr/.pyenv/versions/3.11.6/lib/python3.11/site-packages/airflow/example_dags/example_short_circuit_decorator.py for tasks to queue
[2025-06-13T14:52:57.970-0400] {logging_mixin.py:190} INFO - [2025-06-13T14:52:57.970-0400] {dagbag.py:588} INFO - Filling up the DagBag from /Users/pranavr/.pyenv/versions/3.11.6/lib/python3.11/site-packages/airflow/example_dags/example_short_circuit_decorator.py
[2025-06-13T14:52:57.986-0400] {processor.py:925} INFO - DAG(s) 'example_short_circuit_decorator' retrieved from /Users/pranavr/.pyenv/versions/3.11.6/lib/python3.11/site-packages/airflow/example_dags/example_short_circuit_decorator.py
[2025-06-13T14:52:58.048-0400] {logging_mixin.py:190} INFO - [2025-06-13T14:52:58.048-0400] {dag.py:3239} INFO - Sync 1 DAGs
[2025-06-13T14:52:58.053-0400] {logging_mixin.py:190} INFO - [2025-06-13T14:52:58.053-0400] {dag.py:4180} INFO - Setting next_dagrun for example_short_circuit_decorator to None, run_after=None
[2025-06-13T14:52:58.059-0400] {processor.py:208} INFO - Processing /Users/pranavr/.pyenv/versions/3.11.6/lib/python3.11/site-packages/airflow/example_dags/example_short_circuit_decorator.py took 93.382 seconds
[2025-06-13T14:54:12.514-0400] {processor.py:186} INFO - Started process (PID=14158) to work on /Users/pranavr/.pyenv/versions/3.11.6/lib/python3.11/site-packages/airflow/example_dags/example_short_circuit_decorator.py
[2025-06-13T14:54:12.517-0400] {processor.py:914} INFO - Processing file /Users/pranavr/.pyenv/versions/3.11.6/lib/python3.11/site-packages/airflow/example_dags/example_short_circuit_decorator.py for tasks to queue
[2025-06-13T14:54:12.517-0400] {logging_mixin.py:190} INFO - [2025-06-13T14:54:12.517-0400] {dagbag.py:588} INFO - Filling up the DagBag from /Users/pranavr/.pyenv/versions/3.11.6/lib/python3.11/site-packages/airflow/example_dags/example_short_circuit_decorator.py
[2025-06-13T14:54:12.533-0400] {processor.py:925} INFO - DAG(s) 'example_short_circuit_decorator' retrieved from /Users/pranavr/.pyenv/versions/3.11.6/lib/python3.11/site-packages/airflow/example_dags/example_short_circuit_decorator.py
[2025-06-13T14:54:12.601-0400] {logging_mixin.py:190} INFO - [2025-06-13T14:54:12.601-0400] {dag.py:3239} INFO - Sync 1 DAGs
[2025-06-13T14:54:12.606-0400] {logging_mixin.py:190} INFO - [2025-06-13T14:54:12.606-0400] {dag.py:4180} INFO - Setting next_dagrun for example_short_circuit_decorator to None, run_after=None
[2025-06-13T14:54:12.615-0400] {processor.py:208} INFO - Processing /Users/pranavr/.pyenv/versions/3.11.6/lib/python3.11/site-packages/airflow/example_dags/example_short_circuit_decorator.py took 102.194 seconds
[2025-06-13T14:55:31.517-0400] {processor.py:186} INFO - Started process (PID=14278) to work on /Users/pranavr/.pyenv/versions/3.11.6/lib/python3.11/site-packages/airflow/example_dags/example_short_circuit_decorator.py
[2025-06-13T14:55:31.519-0400] {processor.py:914} INFO - Processing file /Users/pranavr/.pyenv/versions/3.11.6/lib/python3.11/site-packages/airflow/example_dags/example_short_circuit_decorator.py for tasks to queue
[2025-06-13T14:55:31.520-0400] {logging_mixin.py:190} INFO - [2025-06-13T14:55:31.520-0400] {dagbag.py:588} INFO - Filling up the DagBag from /Users/pranavr/.pyenv/versions/3.11.6/lib/python3.11/site-packages/airflow/example_dags/example_short_circuit_decorator.py
[2025-06-13T14:55:31.535-0400] {processor.py:925} INFO - DAG(s) 'example_short_circuit_decorator' retrieved from /Users/pranavr/.pyenv/versions/3.11.6/lib/python3.11/site-packages/airflow/example_dags/example_short_circuit_decorator.py
[2025-06-13T14:55:31.599-0400] {logging_mixin.py:190} INFO - [2025-06-13T14:55:31.599-0400] {dag.py:3239} INFO - Sync 1 DAGs
[2025-06-13T14:55:31.603-0400] {logging_mixin.py:190} INFO - [2025-06-13T14:55:31.603-0400] {dag.py:4180} INFO - Setting next_dagrun for example_short_circuit_decorator to None, run_after=None
[2025-06-13T14:55:31.611-0400] {processor.py:208} INFO - Processing /Users/pranavr/.pyenv/versions/3.11.6/lib/python3.11/site-packages/airflow/example_dags/example_short_circuit_decorator.py took 95.667 seconds
[2025-06-13T14:56:46.659-0400] {processor.py:186} INFO - Started process (PID=14409) to work on /Users/pranavr/.pyenv/versions/3.11.6/lib/python3.11/site-packages/airflow/example_dags/example_short_circuit_decorator.py
[2025-06-13T14:56:46.661-0400] {processor.py:914} INFO - Processing file /Users/pranavr/.pyenv/versions/3.11.6/lib/python3.11/site-packages/airflow/example_dags/example_short_circuit_decorator.py for tasks to queue
[2025-06-13T14:56:46.662-0400] {logging_mixin.py:190} INFO - [2025-06-13T14:56:46.662-0400] {dagbag.py:588} INFO - Filling up the DagBag from /Users/pranavr/.pyenv/versions/3.11.6/lib/python3.11/site-packages/airflow/example_dags/example_short_circuit_decorator.py
[2025-06-13T14:56:46.676-0400] {processor.py:925} INFO - DAG(s) 'example_short_circuit_decorator' retrieved from /Users/pranavr/.pyenv/versions/3.11.6/lib/python3.11/site-packages/airflow/example_dags/example_short_circuit_decorator.py
[2025-06-13T14:56:46.740-0400] {logging_mixin.py:190} INFO - [2025-06-13T14:56:46.740-0400] {dag.py:3239} INFO - Sync 1 DAGs
[2025-06-13T14:56:46.744-0400] {logging_mixin.py:190} INFO - [2025-06-13T14:56:46.744-0400] {dag.py:4180} INFO - Setting next_dagrun for example_short_circuit_decorator to None, run_after=None
[2025-06-13T14:56:46.751-0400] {processor.py:208} INFO - Processing /Users/pranavr/.pyenv/versions/3.11.6/lib/python3.11/site-packages/airflow/example_dags/example_short_circuit_decorator.py took 93.821 seconds
[2025-06-13T14:58:07.024-0400] {processor.py:186} INFO - Started process (PID=14624) to work on /Users/pranavr/.pyenv/versions/3.11.6/lib/python3.11/site-packages/airflow/example_dags/example_short_circuit_decorator.py
[2025-06-13T14:58:07.027-0400] {processor.py:914} INFO - Processing file /Users/pranavr/.pyenv/versions/3.11.6/lib/python3.11/site-packages/airflow/example_dags/example_short_circuit_decorator.py for tasks to queue
[2025-06-13T14:58:07.027-0400] {logging_mixin.py:190} INFO - [2025-06-13T14:58:07.027-0400] {dagbag.py:588} INFO - Filling up the DagBag from /Users/pranavr/.pyenv/versions/3.11.6/lib/python3.11/site-packages/airflow/example_dags/example_short_circuit_decorator.py
[2025-06-13T14:58:07.046-0400] {processor.py:925} INFO - DAG(s) 'example_short_circuit_decorator' retrieved from /Users/pranavr/.pyenv/versions/3.11.6/lib/python3.11/site-packages/airflow/example_dags/example_short_circuit_decorator.py
[2025-06-13T14:58:07.121-0400] {logging_mixin.py:190} INFO - [2025-06-13T14:58:07.121-0400] {dag.py:3239} INFO - Sync 1 DAGs
[2025-06-13T14:58:07.127-0400] {logging_mixin.py:190} INFO - [2025-06-13T14:58:07.126-0400] {dag.py:4180} INFO - Setting next_dagrun for example_short_circuit_decorator to None, run_after=None
[2025-06-13T14:58:07.134-0400] {processor.py:208} INFO - Processing /Users/pranavr/.pyenv/versions/3.11.6/lib/python3.11/site-packages/airflow/example_dags/example_short_circuit_decorator.py took 111.119 seconds
[2025-06-13T14:59:29.237-0400] {processor.py:186} INFO - Started process (PID=14772) to work on /Users/pranavr/.pyenv/versions/3.11.6/lib/python3.11/site-packages/airflow/example_dags/example_short_circuit_decorator.py
[2025-06-13T14:59:29.239-0400] {processor.py:914} INFO - Processing file /Users/pranavr/.pyenv/versions/3.11.6/lib/python3.11/site-packages/airflow/example_dags/example_short_circuit_decorator.py for tasks to queue
[2025-06-13T14:59:29.240-0400] {logging_mixin.py:190} INFO - [2025-06-13T14:59:29.240-0400] {dagbag.py:588} INFO - Filling up the DagBag from /Users/pranavr/.pyenv/versions/3.11.6/lib/python3.11/site-packages/airflow/example_dags/example_short_circuit_decorator.py
[2025-06-13T14:59:29.260-0400] {processor.py:925} INFO - DAG(s) 'example_short_circuit_decorator' retrieved from /Users/pranavr/.pyenv/versions/3.11.6/lib/python3.11/site-packages/airflow/example_dags/example_short_circuit_decorator.py
[2025-06-13T14:59:29.329-0400] {logging_mixin.py:190} INFO - [2025-06-13T14:59:29.329-0400] {dag.py:3239} INFO - Sync 1 DAGs
[2025-06-13T14:59:29.334-0400] {logging_mixin.py:190} INFO - [2025-06-13T14:59:29.334-0400] {dag.py:4180} INFO - Setting next_dagrun for example_short_circuit_decorator to None, run_after=None
[2025-06-13T14:59:29.342-0400] {processor.py:208} INFO - Processing /Users/pranavr/.pyenv/versions/3.11.6/lib/python3.11/site-packages/airflow/example_dags/example_short_circuit_decorator.py took 105.435 seconds
[2025-06-13T15:01:02.955-0400] {processor.py:186} INFO - Started process (PID=15111) to work on /Users/pranavr/.pyenv/versions/3.11.6/lib/python3.11/site-packages/airflow/example_dags/example_short_circuit_decorator.py
[2025-06-13T15:01:02.958-0400] {processor.py:914} INFO - Processing file /Users/pranavr/.pyenv/versions/3.11.6/lib/python3.11/site-packages/airflow/example_dags/example_short_circuit_decorator.py for tasks to queue
[2025-06-13T15:01:02.958-0400] {logging_mixin.py:190} INFO - [2025-06-13T15:01:02.958-0400] {dagbag.py:588} INFO - Filling up the DagBag from /Users/pranavr/.pyenv/versions/3.11.6/lib/python3.11/site-packages/airflow/example_dags/example_short_circuit_decorator.py
[2025-06-13T15:01:02.984-0400] {processor.py:925} INFO - DAG(s) 'example_short_circuit_decorator' retrieved from /Users/pranavr/.pyenv/versions/3.11.6/lib/python3.11/site-packages/airflow/example_dags/example_short_circuit_decorator.py
[2025-06-13T15:01:03.061-0400] {logging_mixin.py:190} INFO - [2025-06-13T15:01:03.061-0400] {dag.py:3239} INFO - Sync 1 DAGs
[2025-06-13T15:01:03.067-0400] {logging_mixin.py:190} INFO - [2025-06-13T15:01:03.067-0400] {dag.py:4180} INFO - Setting next_dagrun for example_short_circuit_decorator to None, run_after=None
[2025-06-13T15:01:03.075-0400] {processor.py:208} INFO - Processing /Users/pranavr/.pyenv/versions/3.11.6/lib/python3.11/site-packages/airflow/example_dags/example_short_circuit_decorator.py took 120.675 seconds
