[2025-06-13T14:10:36.706-0400] {processor.py:153} INFO - Started process (PID=96648) to work on /Users/pranavr/drift-retrainer/venv311/lib/python3.11/site-packages/airflow/example_dags/example_complex.py
[2025-06-13T14:10:36.709-0400] {processor.py:743} INFO - Processing file /Users/pranavr/drift-retrainer/venv311/lib/python3.11/site-packages/airflow/example_dags/example_complex.py for tasks to queue
[2025-06-13T14:10:36.709-0400] {logging_mixin.py:137} INFO - [2025-06-13T14:10:36.709-0400] {dagbag.py:538} INFO - Filling up the DagBag from /Users/pranavr/drift-retrainer/venv311/lib/python3.11/site-packages/airflow/example_dags/example_complex.py
[2025-06-13T14:10:36.725-0400] {logging_mixin.py:137} INFO - [2025-06-13T14:10:36.725-0400] {taskmixin.py:205} WARNING - Dependency <Task(BashOperator): create_entry_group>, delete_entry_group already registered for DAG: example_complex
[2025-06-13T14:10:36.725-0400] {logging_mixin.py:137} INFO - [2025-06-13T14:10:36.725-0400] {taskmixin.py:205} WARNING - Dependency <Task(BashOperator): delete_entry_group>, create_entry_group already registered for DAG: example_complex
[2025-06-13T14:10:36.725-0400] {logging_mixin.py:137} INFO - [2025-06-13T14:10:36.725-0400] {taskmixin.py:205} WARNING - Dependency <Task(BashOperator): create_entry_gcs>, delete_entry already registered for DAG: example_complex
[2025-06-13T14:10:36.726-0400] {logging_mixin.py:137} INFO - [2025-06-13T14:10:36.725-0400] {taskmixin.py:205} WARNING - Dependency <Task(BashOperator): delete_entry>, create_entry_gcs already registered for DAG: example_complex
[2025-06-13T14:10:36.726-0400] {logging_mixin.py:137} INFO - [2025-06-13T14:10:36.726-0400] {taskmixin.py:205} WARNING - Dependency <Task(BashOperator): create_tag>, delete_tag already registered for DAG: example_complex
[2025-06-13T14:10:36.726-0400] {logging_mixin.py:137} INFO - [2025-06-13T14:10:36.726-0400] {taskmixin.py:205} WARNING - Dependency <Task(BashOperator): delete_tag>, create_tag already registered for DAG: example_complex
[2025-06-13T14:10:36.734-0400] {processor.py:753} INFO - DAG(s) dict_keys(['example_complex']) retrieved from /Users/pranavr/drift-retrainer/venv311/lib/python3.11/site-packages/airflow/example_dags/example_complex.py
[2025-06-13T14:10:37.268-0400] {logging_mixin.py:137} INFO - [2025-06-13T14:10:37.268-0400] {manager.py:504} INFO - Created Permission View: can delete on DAG:example_complex
[2025-06-13T14:10:37.274-0400] {logging_mixin.py:137} INFO - [2025-06-13T14:10:37.273-0400] {manager.py:504} INFO - Created Permission View: can read on DAG:example_complex
[2025-06-13T14:10:37.277-0400] {logging_mixin.py:137} INFO - [2025-06-13T14:10:37.277-0400] {manager.py:504} INFO - Created Permission View: can edit on DAG:example_complex
[2025-06-13T14:10:37.277-0400] {logging_mixin.py:137} INFO - [2025-06-13T14:10:37.277-0400] {dag.py:2690} INFO - Sync 1 DAGs
[2025-06-13T14:10:37.282-0400] {logging_mixin.py:137} INFO - [2025-06-13T14:10:37.282-0400] {dag.py:2711} INFO - Creating ORM DAG for example_complex
[2025-06-13T14:10:37.286-0400] {logging_mixin.py:137} INFO - [2025-06-13T14:10:37.286-0400] {dag.py:3437} INFO - Setting next_dagrun for example_complex to None, run_after=None
[2025-06-13T14:10:37.295-0400] {processor.py:175} INFO - Processing /Users/pranavr/drift-retrainer/venv311/lib/python3.11/site-packages/airflow/example_dags/example_complex.py took 0.589 seconds
[2025-06-13T14:12:34.668-0400] {processor.py:153} INFO - Started process (PID=97738) to work on /Users/pranavr/drift-retrainer/venv311/lib/python3.11/site-packages/airflow/example_dags/example_complex.py
[2025-06-13T14:12:34.672-0400] {processor.py:743} INFO - Processing file /Users/pranavr/drift-retrainer/venv311/lib/python3.11/site-packages/airflow/example_dags/example_complex.py for tasks to queue
[2025-06-13T14:12:34.672-0400] {logging_mixin.py:137} INFO - [2025-06-13T14:12:34.672-0400] {dagbag.py:538} INFO - Filling up the DagBag from /Users/pranavr/drift-retrainer/venv311/lib/python3.11/site-packages/airflow/example_dags/example_complex.py
[2025-06-13T14:12:34.690-0400] {logging_mixin.py:137} INFO - [2025-06-13T14:12:34.690-0400] {taskmixin.py:205} WARNING - Dependency <Task(BashOperator): create_entry_group>, delete_entry_group already registered for DAG: example_complex
[2025-06-13T14:12:34.691-0400] {logging_mixin.py:137} INFO - [2025-06-13T14:12:34.691-0400] {taskmixin.py:205} WARNING - Dependency <Task(BashOperator): delete_entry_group>, create_entry_group already registered for DAG: example_complex
[2025-06-13T14:12:34.691-0400] {logging_mixin.py:137} INFO - [2025-06-13T14:12:34.691-0400] {taskmixin.py:205} WARNING - Dependency <Task(BashOperator): create_entry_gcs>, delete_entry already registered for DAG: example_complex
[2025-06-13T14:12:34.691-0400] {logging_mixin.py:137} INFO - [2025-06-13T14:12:34.691-0400] {taskmixin.py:205} WARNING - Dependency <Task(BashOperator): delete_entry>, create_entry_gcs already registered for DAG: example_complex
[2025-06-13T14:12:34.691-0400] {logging_mixin.py:137} INFO - [2025-06-13T14:12:34.691-0400] {taskmixin.py:205} WARNING - Dependency <Task(BashOperator): create_tag>, delete_tag already registered for DAG: example_complex
[2025-06-13T14:12:34.691-0400] {logging_mixin.py:137} INFO - [2025-06-13T14:12:34.691-0400] {taskmixin.py:205} WARNING - Dependency <Task(BashOperator): delete_tag>, create_tag already registered for DAG: example_complex
[2025-06-13T14:12:34.696-0400] {processor.py:753} INFO - DAG(s) dict_keys(['example_complex']) retrieved from /Users/pranavr/drift-retrainer/venv311/lib/python3.11/site-packages/airflow/example_dags/example_complex.py
[2025-06-13T14:12:35.163-0400] {logging_mixin.py:137} INFO - [2025-06-13T14:12:35.163-0400] {dag.py:2690} INFO - Sync 1 DAGs
[2025-06-13T14:12:35.172-0400] {logging_mixin.py:137} INFO - [2025-06-13T14:12:35.172-0400] {dag.py:3437} INFO - Setting next_dagrun for example_complex to None, run_after=None
[2025-06-13T14:12:35.182-0400] {processor.py:175} INFO - Processing /Users/pranavr/drift-retrainer/venv311/lib/python3.11/site-packages/airflow/example_dags/example_complex.py took 0.514 seconds
[2025-06-13T14:14:23.055-0400] {processor.py:153} INFO - Started process (PID=98872) to work on /Users/pranavr/drift-retrainer/venv311/lib/python3.11/site-packages/airflow/example_dags/example_complex.py
[2025-06-13T14:14:23.057-0400] {processor.py:743} INFO - Processing file /Users/pranavr/drift-retrainer/venv311/lib/python3.11/site-packages/airflow/example_dags/example_complex.py for tasks to queue
[2025-06-13T14:14:23.058-0400] {logging_mixin.py:137} INFO - [2025-06-13T14:14:23.058-0400] {dagbag.py:538} INFO - Filling up the DagBag from /Users/pranavr/drift-retrainer/venv311/lib/python3.11/site-packages/airflow/example_dags/example_complex.py
[2025-06-13T14:14:23.072-0400] {logging_mixin.py:137} INFO - [2025-06-13T14:14:23.072-0400] {taskmixin.py:205} WARNING - Dependency <Task(BashOperator): create_entry_group>, delete_entry_group already registered for DAG: example_complex
[2025-06-13T14:14:23.072-0400] {logging_mixin.py:137} INFO - [2025-06-13T14:14:23.072-0400] {taskmixin.py:205} WARNING - Dependency <Task(BashOperator): delete_entry_group>, create_entry_group already registered for DAG: example_complex
[2025-06-13T14:14:23.072-0400] {logging_mixin.py:137} INFO - [2025-06-13T14:14:23.072-0400] {taskmixin.py:205} WARNING - Dependency <Task(BashOperator): create_entry_gcs>, delete_entry already registered for DAG: example_complex
[2025-06-13T14:14:23.072-0400] {logging_mixin.py:137} INFO - [2025-06-13T14:14:23.072-0400] {taskmixin.py:205} WARNING - Dependency <Task(BashOperator): delete_entry>, create_entry_gcs already registered for DAG: example_complex
[2025-06-13T14:14:23.072-0400] {logging_mixin.py:137} INFO - [2025-06-13T14:14:23.072-0400] {taskmixin.py:205} WARNING - Dependency <Task(BashOperator): create_tag>, delete_tag already registered for DAG: example_complex
[2025-06-13T14:14:23.072-0400] {logging_mixin.py:137} INFO - [2025-06-13T14:14:23.072-0400] {taskmixin.py:205} WARNING - Dependency <Task(BashOperator): delete_tag>, create_tag already registered for DAG: example_complex
[2025-06-13T14:14:23.087-0400] {processor.py:753} INFO - DAG(s) dict_keys(['example_complex']) retrieved from /Users/pranavr/drift-retrainer/venv311/lib/python3.11/site-packages/airflow/example_dags/example_complex.py
[2025-06-13T14:14:23.555-0400] {logging_mixin.py:137} INFO - [2025-06-13T14:14:23.554-0400] {dag.py:2690} INFO - Sync 1 DAGs
[2025-06-13T14:14:23.564-0400] {logging_mixin.py:137} INFO - [2025-06-13T14:14:23.564-0400] {dag.py:3437} INFO - Setting next_dagrun for example_complex to None, run_after=None
[2025-06-13T14:14:23.573-0400] {processor.py:175} INFO - Processing /Users/pranavr/drift-retrainer/venv311/lib/python3.11/site-packages/airflow/example_dags/example_complex.py took 0.518 seconds
[2025-06-13T14:16:19.715-0400] {processor.py:153} INFO - Started process (PID=3352) to work on /Users/pranavr/drift-retrainer/venv311/lib/python3.11/site-packages/airflow/example_dags/example_complex.py
[2025-06-13T14:16:19.718-0400] {processor.py:743} INFO - Processing file /Users/pranavr/drift-retrainer/venv311/lib/python3.11/site-packages/airflow/example_dags/example_complex.py for tasks to queue
[2025-06-13T14:16:19.718-0400] {logging_mixin.py:137} INFO - [2025-06-13T14:16:19.718-0400] {dagbag.py:538} INFO - Filling up the DagBag from /Users/pranavr/drift-retrainer/venv311/lib/python3.11/site-packages/airflow/example_dags/example_complex.py
[2025-06-13T14:16:19.731-0400] {logging_mixin.py:137} INFO - [2025-06-13T14:16:19.731-0400] {taskmixin.py:205} WARNING - Dependency <Task(BashOperator): create_entry_group>, delete_entry_group already registered for DAG: example_complex
[2025-06-13T14:16:19.731-0400] {logging_mixin.py:137} INFO - [2025-06-13T14:16:19.731-0400] {taskmixin.py:205} WARNING - Dependency <Task(BashOperator): delete_entry_group>, create_entry_group already registered for DAG: example_complex
[2025-06-13T14:16:19.731-0400] {logging_mixin.py:137} INFO - [2025-06-13T14:16:19.731-0400] {taskmixin.py:205} WARNING - Dependency <Task(BashOperator): create_entry_gcs>, delete_entry already registered for DAG: example_complex
[2025-06-13T14:16:19.731-0400] {logging_mixin.py:137} INFO - [2025-06-13T14:16:19.731-0400] {taskmixin.py:205} WARNING - Dependency <Task(BashOperator): delete_entry>, create_entry_gcs already registered for DAG: example_complex
[2025-06-13T14:16:19.731-0400] {logging_mixin.py:137} INFO - [2025-06-13T14:16:19.731-0400] {taskmixin.py:205} WARNING - Dependency <Task(BashOperator): create_tag>, delete_tag already registered for DAG: example_complex
[2025-06-13T14:16:19.731-0400] {logging_mixin.py:137} INFO - [2025-06-13T14:16:19.731-0400] {taskmixin.py:205} WARNING - Dependency <Task(BashOperator): delete_tag>, create_tag already registered for DAG: example_complex
[2025-06-13T14:16:19.735-0400] {processor.py:753} INFO - DAG(s) dict_keys(['example_complex']) retrieved from /Users/pranavr/drift-retrainer/venv311/lib/python3.11/site-packages/airflow/example_dags/example_complex.py
[2025-06-13T14:16:20.209-0400] {logging_mixin.py:137} INFO - [2025-06-13T14:16:20.209-0400] {dag.py:2690} INFO - Sync 1 DAGs
[2025-06-13T14:16:20.217-0400] {logging_mixin.py:137} INFO - [2025-06-13T14:16:20.217-0400] {dag.py:3437} INFO - Setting next_dagrun for example_complex to None, run_after=None
[2025-06-13T14:16:20.226-0400] {processor.py:175} INFO - Processing /Users/pranavr/drift-retrainer/venv311/lib/python3.11/site-packages/airflow/example_dags/example_complex.py took 0.512 seconds
[2025-06-13T14:18:12.122-0400] {processor.py:153} INFO - Started process (PID=6081) to work on /Users/pranavr/drift-retrainer/venv311/lib/python3.11/site-packages/airflow/example_dags/example_complex.py
[2025-06-13T14:18:12.125-0400] {processor.py:743} INFO - Processing file /Users/pranavr/drift-retrainer/venv311/lib/python3.11/site-packages/airflow/example_dags/example_complex.py for tasks to queue
[2025-06-13T14:18:12.125-0400] {logging_mixin.py:137} INFO - [2025-06-13T14:18:12.125-0400] {dagbag.py:538} INFO - Filling up the DagBag from /Users/pranavr/drift-retrainer/venv311/lib/python3.11/site-packages/airflow/example_dags/example_complex.py
[2025-06-13T14:18:12.145-0400] {logging_mixin.py:137} INFO - [2025-06-13T14:18:12.145-0400] {taskmixin.py:205} WARNING - Dependency <Task(BashOperator): create_entry_group>, delete_entry_group already registered for DAG: example_complex
[2025-06-13T14:18:12.145-0400] {logging_mixin.py:137} INFO - [2025-06-13T14:18:12.145-0400] {taskmixin.py:205} WARNING - Dependency <Task(BashOperator): delete_entry_group>, create_entry_group already registered for DAG: example_complex
[2025-06-13T14:18:12.145-0400] {logging_mixin.py:137} INFO - [2025-06-13T14:18:12.145-0400] {taskmixin.py:205} WARNING - Dependency <Task(BashOperator): create_entry_gcs>, delete_entry already registered for DAG: example_complex
[2025-06-13T14:18:12.145-0400] {logging_mixin.py:137} INFO - [2025-06-13T14:18:12.145-0400] {taskmixin.py:205} WARNING - Dependency <Task(BashOperator): delete_entry>, create_entry_gcs already registered for DAG: example_complex
[2025-06-13T14:18:12.145-0400] {logging_mixin.py:137} INFO - [2025-06-13T14:18:12.145-0400] {taskmixin.py:205} WARNING - Dependency <Task(BashOperator): create_tag>, delete_tag already registered for DAG: example_complex
[2025-06-13T14:18:12.145-0400] {logging_mixin.py:137} INFO - [2025-06-13T14:18:12.145-0400] {taskmixin.py:205} WARNING - Dependency <Task(BashOperator): delete_tag>, create_tag already registered for DAG: example_complex
[2025-06-13T14:18:12.151-0400] {processor.py:753} INFO - DAG(s) dict_keys(['example_complex']) retrieved from /Users/pranavr/drift-retrainer/venv311/lib/python3.11/site-packages/airflow/example_dags/example_complex.py
[2025-06-13T14:18:12.655-0400] {logging_mixin.py:137} INFO - [2025-06-13T14:18:12.655-0400] {dag.py:2690} INFO - Sync 1 DAGs
[2025-06-13T14:18:12.664-0400] {logging_mixin.py:137} INFO - [2025-06-13T14:18:12.664-0400] {dag.py:3437} INFO - Setting next_dagrun for example_complex to None, run_after=None
[2025-06-13T14:18:12.673-0400] {processor.py:175} INFO - Processing /Users/pranavr/drift-retrainer/venv311/lib/python3.11/site-packages/airflow/example_dags/example_complex.py took 0.551 seconds
[2025-06-13T14:20:16.650-0400] {processor.py:153} INFO - Started process (PID=6684) to work on /Users/pranavr/drift-retrainer/venv311/lib/python3.11/site-packages/airflow/example_dags/example_complex.py
[2025-06-13T14:20:16.654-0400] {processor.py:743} INFO - Processing file /Users/pranavr/drift-retrainer/venv311/lib/python3.11/site-packages/airflow/example_dags/example_complex.py for tasks to queue
[2025-06-13T14:20:16.655-0400] {logging_mixin.py:137} INFO - [2025-06-13T14:20:16.655-0400] {dagbag.py:538} INFO - Filling up the DagBag from /Users/pranavr/drift-retrainer/venv311/lib/python3.11/site-packages/airflow/example_dags/example_complex.py
[2025-06-13T14:20:16.675-0400] {logging_mixin.py:137} INFO - [2025-06-13T14:20:16.675-0400] {taskmixin.py:205} WARNING - Dependency <Task(BashOperator): create_entry_group>, delete_entry_group already registered for DAG: example_complex
[2025-06-13T14:20:16.675-0400] {logging_mixin.py:137} INFO - [2025-06-13T14:20:16.675-0400] {taskmixin.py:205} WARNING - Dependency <Task(BashOperator): delete_entry_group>, create_entry_group already registered for DAG: example_complex
[2025-06-13T14:20:16.676-0400] {logging_mixin.py:137} INFO - [2025-06-13T14:20:16.676-0400] {taskmixin.py:205} WARNING - Dependency <Task(BashOperator): create_entry_gcs>, delete_entry already registered for DAG: example_complex
[2025-06-13T14:20:16.676-0400] {logging_mixin.py:137} INFO - [2025-06-13T14:20:16.676-0400] {taskmixin.py:205} WARNING - Dependency <Task(BashOperator): delete_entry>, create_entry_gcs already registered for DAG: example_complex
[2025-06-13T14:20:16.676-0400] {logging_mixin.py:137} INFO - [2025-06-13T14:20:16.676-0400] {taskmixin.py:205} WARNING - Dependency <Task(BashOperator): create_tag>, delete_tag already registered for DAG: example_complex
[2025-06-13T14:20:16.676-0400] {logging_mixin.py:137} INFO - [2025-06-13T14:20:16.676-0400] {taskmixin.py:205} WARNING - Dependency <Task(BashOperator): delete_tag>, create_tag already registered for DAG: example_complex
[2025-06-13T14:20:16.682-0400] {processor.py:753} INFO - DAG(s) dict_keys(['example_complex']) retrieved from /Users/pranavr/drift-retrainer/venv311/lib/python3.11/site-packages/airflow/example_dags/example_complex.py
[2025-06-13T14:20:16.735-0400] {logging_mixin.py:137} INFO - [2025-06-13T14:20:16.735-0400] {dag.py:2690} INFO - Sync 1 DAGs
[2025-06-13T14:20:17.384-0400] {logging_mixin.py:137} INFO - [2025-06-13T14:20:17.384-0400] {dag.py:3437} INFO - Setting next_dagrun for example_complex to None, run_after=None
[2025-06-13T14:20:17.393-0400] {processor.py:175} INFO - Processing /Users/pranavr/drift-retrainer/venv311/lib/python3.11/site-packages/airflow/example_dags/example_complex.py took 0.743 seconds
[2025-06-13T14:23:03.312-0400] {processor.py:186} INFO - Started process (PID=7783) to work on /Users/pranavr/.pyenv/versions/3.11.6/lib/python3.11/site-packages/airflow/example_dags/example_complex.py
[2025-06-13T14:23:03.314-0400] {processor.py:914} INFO - Processing file /Users/pranavr/.pyenv/versions/3.11.6/lib/python3.11/site-packages/airflow/example_dags/example_complex.py for tasks to queue
[2025-06-13T14:23:03.315-0400] {logging_mixin.py:190} INFO - [2025-06-13T14:23:03.315-0400] {dagbag.py:588} INFO - Filling up the DagBag from /Users/pranavr/.pyenv/versions/3.11.6/lib/python3.11/site-packages/airflow/example_dags/example_complex.py
[2025-06-13T14:23:03.323-0400] {processor.py:925} INFO - DAG(s) 'example_complex' retrieved from /Users/pranavr/.pyenv/versions/3.11.6/lib/python3.11/site-packages/airflow/example_dags/example_complex.py
[2025-06-13T14:23:03.452-0400] {logging_mixin.py:190} INFO - [2025-06-13T14:23:03.451-0400] {dag.py:3239} INFO - Sync 1 DAGs
[2025-06-13T14:23:03.456-0400] {logging_mixin.py:190} INFO - [2025-06-13T14:23:03.456-0400] {dag.py:4180} INFO - Setting next_dagrun for example_complex to None, run_after=None
[2025-06-13T14:23:03.464-0400] {processor.py:208} INFO - Processing /Users/pranavr/.pyenv/versions/3.11.6/lib/python3.11/site-packages/airflow/example_dags/example_complex.py took 154.084 seconds
[2025-06-13T14:26:06.059-0400] {processor.py:186} INFO - Started process (PID=8033) to work on /Users/pranavr/.pyenv/versions/3.11.6/lib/python3.11/site-packages/airflow/example_dags/example_complex.py
[2025-06-13T14:26:06.061-0400] {processor.py:914} INFO - Processing file /Users/pranavr/.pyenv/versions/3.11.6/lib/python3.11/site-packages/airflow/example_dags/example_complex.py for tasks to queue
[2025-06-13T14:26:06.062-0400] {logging_mixin.py:190} INFO - [2025-06-13T14:26:06.062-0400] {dagbag.py:588} INFO - Filling up the DagBag from /Users/pranavr/.pyenv/versions/3.11.6/lib/python3.11/site-packages/airflow/example_dags/example_complex.py
[2025-06-13T14:26:06.068-0400] {processor.py:925} INFO - DAG(s) 'example_complex' retrieved from /Users/pranavr/.pyenv/versions/3.11.6/lib/python3.11/site-packages/airflow/example_dags/example_complex.py
[2025-06-13T14:26:06.153-0400] {logging_mixin.py:190} INFO - [2025-06-13T14:26:06.153-0400] {dag.py:3239} INFO - Sync 1 DAGs
[2025-06-13T14:26:06.157-0400] {logging_mixin.py:190} INFO - [2025-06-13T14:26:06.157-0400] {dag.py:4180} INFO - Setting next_dagrun for example_complex to None, run_after=None
[2025-06-13T14:26:06.166-0400] {processor.py:208} INFO - Processing /Users/pranavr/.pyenv/versions/3.11.6/lib/python3.11/site-packages/airflow/example_dags/example_complex.py took 108.856 seconds
[2025-06-13T14:29:10.141-0400] {processor.py:186} INFO - Started process (PID=8860) to work on /Users/pranavr/.pyenv/versions/3.11.6/lib/python3.11/site-packages/airflow/example_dags/example_complex.py
[2025-06-13T14:29:10.143-0400] {processor.py:914} INFO - Processing file /Users/pranavr/.pyenv/versions/3.11.6/lib/python3.11/site-packages/airflow/example_dags/example_complex.py for tasks to queue
[2025-06-13T14:29:10.144-0400] {logging_mixin.py:190} INFO - [2025-06-13T14:29:10.144-0400] {dagbag.py:588} INFO - Filling up the DagBag from /Users/pranavr/.pyenv/versions/3.11.6/lib/python3.11/site-packages/airflow/example_dags/example_complex.py
[2025-06-13T14:29:10.150-0400] {processor.py:925} INFO - DAG(s) 'example_complex' retrieved from /Users/pranavr/.pyenv/versions/3.11.6/lib/python3.11/site-packages/airflow/example_dags/example_complex.py
[2025-06-13T14:29:10.239-0400] {logging_mixin.py:190} INFO - [2025-06-13T14:29:10.239-0400] {dag.py:3239} INFO - Sync 1 DAGs
[2025-06-13T14:29:10.244-0400] {logging_mixin.py:190} INFO - [2025-06-13T14:29:10.244-0400] {dag.py:4180} INFO - Setting next_dagrun for example_complex to None, run_after=None
[2025-06-13T14:29:10.254-0400] {processor.py:208} INFO - Processing /Users/pranavr/.pyenv/versions/3.11.6/lib/python3.11/site-packages/airflow/example_dags/example_complex.py took 114.645 seconds
[2025-06-13T14:32:07.723-0400] {processor.py:186} INFO - Started process (PID=9493) to work on /Users/pranavr/.pyenv/versions/3.11.6/lib/python3.11/site-packages/airflow/example_dags/example_complex.py
[2025-06-13T14:32:07.726-0400] {processor.py:914} INFO - Processing file /Users/pranavr/.pyenv/versions/3.11.6/lib/python3.11/site-packages/airflow/example_dags/example_complex.py for tasks to queue
[2025-06-13T14:32:07.727-0400] {logging_mixin.py:190} INFO - [2025-06-13T14:32:07.727-0400] {dagbag.py:588} INFO - Filling up the DagBag from /Users/pranavr/.pyenv/versions/3.11.6/lib/python3.11/site-packages/airflow/example_dags/example_complex.py
[2025-06-13T14:32:07.734-0400] {processor.py:925} INFO - DAG(s) 'example_complex' retrieved from /Users/pranavr/.pyenv/versions/3.11.6/lib/python3.11/site-packages/airflow/example_dags/example_complex.py
[2025-06-13T14:32:07.836-0400] {logging_mixin.py:190} INFO - [2025-06-13T14:32:07.836-0400] {dag.py:3239} INFO - Sync 1 DAGs
[2025-06-13T14:32:07.842-0400] {logging_mixin.py:190} INFO - [2025-06-13T14:32:07.842-0400] {dag.py:4180} INFO - Setting next_dagrun for example_complex to None, run_after=None
[2025-06-13T14:32:07.855-0400] {processor.py:208} INFO - Processing /Users/pranavr/.pyenv/versions/3.11.6/lib/python3.11/site-packages/airflow/example_dags/example_complex.py took 132.647 seconds
[2025-06-13T14:35:13.313-0400] {processor.py:186} INFO - Started process (PID=10146) to work on /Users/pranavr/.pyenv/versions/3.11.6/lib/python3.11/site-packages/airflow/example_dags/example_complex.py
[2025-06-13T14:35:13.315-0400] {processor.py:914} INFO - Processing file /Users/pranavr/.pyenv/versions/3.11.6/lib/python3.11/site-packages/airflow/example_dags/example_complex.py for tasks to queue
[2025-06-13T14:35:13.316-0400] {logging_mixin.py:190} INFO - [2025-06-13T14:35:13.316-0400] {dagbag.py:588} INFO - Filling up the DagBag from /Users/pranavr/.pyenv/versions/3.11.6/lib/python3.11/site-packages/airflow/example_dags/example_complex.py
[2025-06-13T14:35:13.323-0400] {processor.py:925} INFO - DAG(s) 'example_complex' retrieved from /Users/pranavr/.pyenv/versions/3.11.6/lib/python3.11/site-packages/airflow/example_dags/example_complex.py
[2025-06-13T14:35:13.412-0400] {logging_mixin.py:190} INFO - [2025-06-13T14:35:13.412-0400] {dag.py:3239} INFO - Sync 1 DAGs
[2025-06-13T14:35:13.418-0400] {logging_mixin.py:190} INFO - [2025-06-13T14:35:13.418-0400] {dag.py:4180} INFO - Setting next_dagrun for example_complex to None, run_after=None
[2025-06-13T14:35:13.426-0400] {processor.py:208} INFO - Processing /Users/pranavr/.pyenv/versions/3.11.6/lib/python3.11/site-packages/airflow/example_dags/example_complex.py took 114.952 seconds
[2025-06-13T14:38:12.653-0400] {processor.py:186} INFO - Started process (PID=11187) to work on /Users/pranavr/.pyenv/versions/3.11.6/lib/python3.11/site-packages/airflow/example_dags/example_complex.py
[2025-06-13T14:38:12.656-0400] {processor.py:914} INFO - Processing file /Users/pranavr/.pyenv/versions/3.11.6/lib/python3.11/site-packages/airflow/example_dags/example_complex.py for tasks to queue
[2025-06-13T14:38:12.657-0400] {logging_mixin.py:190} INFO - [2025-06-13T14:38:12.657-0400] {dagbag.py:588} INFO - Filling up the DagBag from /Users/pranavr/.pyenv/versions/3.11.6/lib/python3.11/site-packages/airflow/example_dags/example_complex.py
[2025-06-13T14:38:12.664-0400] {processor.py:925} INFO - DAG(s) 'example_complex' retrieved from /Users/pranavr/.pyenv/versions/3.11.6/lib/python3.11/site-packages/airflow/example_dags/example_complex.py
[2025-06-13T14:38:12.757-0400] {logging_mixin.py:190} INFO - [2025-06-13T14:38:12.757-0400] {dag.py:3239} INFO - Sync 1 DAGs
[2025-06-13T14:38:12.762-0400] {logging_mixin.py:190} INFO - [2025-06-13T14:38:12.762-0400] {dag.py:4180} INFO - Setting next_dagrun for example_complex to None, run_after=None
[2025-06-13T14:38:12.773-0400] {processor.py:208} INFO - Processing /Users/pranavr/.pyenv/versions/3.11.6/lib/python3.11/site-packages/airflow/example_dags/example_complex.py took 121.084 seconds
[2025-06-13T14:40:54.168-0400] {processor.py:186} INFO - Started process (PID=11698) to work on /Users/pranavr/.pyenv/versions/3.11.6/lib/python3.11/site-packages/airflow/example_dags/example_complex.py
[2025-06-13T14:40:54.170-0400] {processor.py:914} INFO - Processing file /Users/pranavr/.pyenv/versions/3.11.6/lib/python3.11/site-packages/airflow/example_dags/example_complex.py for tasks to queue
[2025-06-13T14:40:54.170-0400] {logging_mixin.py:190} INFO - [2025-06-13T14:40:54.170-0400] {dagbag.py:588} INFO - Filling up the DagBag from /Users/pranavr/.pyenv/versions/3.11.6/lib/python3.11/site-packages/airflow/example_dags/example_complex.py
[2025-06-13T14:40:54.176-0400] {processor.py:925} INFO - DAG(s) 'example_complex' retrieved from /Users/pranavr/.pyenv/versions/3.11.6/lib/python3.11/site-packages/airflow/example_dags/example_complex.py
[2025-06-13T14:40:54.244-0400] {logging_mixin.py:190} INFO - [2025-06-13T14:40:54.243-0400] {dag.py:3239} INFO - Sync 1 DAGs
[2025-06-13T14:40:54.247-0400] {logging_mixin.py:190} INFO - [2025-06-13T14:40:54.247-0400] {dag.py:4180} INFO - Setting next_dagrun for example_complex to None, run_after=None
[2025-06-13T14:40:54.254-0400] {processor.py:208} INFO - Processing /Users/pranavr/.pyenv/versions/3.11.6/lib/python3.11/site-packages/airflow/example_dags/example_complex.py took 87.961 seconds
[2025-06-13T14:43:24.329-0400] {processor.py:186} INFO - Started process (PID=11953) to work on /Users/pranavr/.pyenv/versions/3.11.6/lib/python3.11/site-packages/airflow/example_dags/example_complex.py
[2025-06-13T14:43:24.331-0400] {processor.py:914} INFO - Processing file /Users/pranavr/.pyenv/versions/3.11.6/lib/python3.11/site-packages/airflow/example_dags/example_complex.py for tasks to queue
[2025-06-13T14:43:24.331-0400] {logging_mixin.py:190} INFO - [2025-06-13T14:43:24.331-0400] {dagbag.py:588} INFO - Filling up the DagBag from /Users/pranavr/.pyenv/versions/3.11.6/lib/python3.11/site-packages/airflow/example_dags/example_complex.py
[2025-06-13T14:43:24.337-0400] {processor.py:925} INFO - DAG(s) 'example_complex' retrieved from /Users/pranavr/.pyenv/versions/3.11.6/lib/python3.11/site-packages/airflow/example_dags/example_complex.py
[2025-06-13T14:43:24.404-0400] {logging_mixin.py:190} INFO - [2025-06-13T14:43:24.404-0400] {dag.py:3239} INFO - Sync 1 DAGs
[2025-06-13T14:43:24.408-0400] {logging_mixin.py:190} INFO - [2025-06-13T14:43:24.408-0400] {dag.py:4180} INFO - Setting next_dagrun for example_complex to None, run_after=None
[2025-06-13T14:43:24.415-0400] {processor.py:208} INFO - Processing /Users/pranavr/.pyenv/versions/3.11.6/lib/python3.11/site-packages/airflow/example_dags/example_complex.py took 87.059 seconds
[2025-06-13T14:45:49.197-0400] {processor.py:186} INFO - Started process (PID=12248) to work on /Users/pranavr/.pyenv/versions/3.11.6/lib/python3.11/site-packages/airflow/example_dags/example_complex.py
[2025-06-13T14:45:49.199-0400] {processor.py:914} INFO - Processing file /Users/pranavr/.pyenv/versions/3.11.6/lib/python3.11/site-packages/airflow/example_dags/example_complex.py for tasks to queue
[2025-06-13T14:45:49.199-0400] {logging_mixin.py:190} INFO - [2025-06-13T14:45:49.199-0400] {dagbag.py:588} INFO - Filling up the DagBag from /Users/pranavr/.pyenv/versions/3.11.6/lib/python3.11/site-packages/airflow/example_dags/example_complex.py
[2025-06-13T14:45:49.205-0400] {processor.py:925} INFO - DAG(s) 'example_complex' retrieved from /Users/pranavr/.pyenv/versions/3.11.6/lib/python3.11/site-packages/airflow/example_dags/example_complex.py
[2025-06-13T14:45:49.275-0400] {logging_mixin.py:190} INFO - [2025-06-13T14:45:49.275-0400] {dag.py:3239} INFO - Sync 1 DAGs
[2025-06-13T14:45:49.279-0400] {logging_mixin.py:190} INFO - [2025-06-13T14:45:49.279-0400] {dag.py:4180} INFO - Setting next_dagrun for example_complex to None, run_after=None
[2025-06-13T14:45:49.286-0400] {processor.py:208} INFO - Processing /Users/pranavr/.pyenv/versions/3.11.6/lib/python3.11/site-packages/airflow/example_dags/example_complex.py took 89.995 seconds
[2025-06-13T14:48:16.040-0400] {processor.py:186} INFO - Started process (PID=12480) to work on /Users/pranavr/.pyenv/versions/3.11.6/lib/python3.11/site-packages/airflow/example_dags/example_complex.py
[2025-06-13T14:48:16.042-0400] {processor.py:914} INFO - Processing file /Users/pranavr/.pyenv/versions/3.11.6/lib/python3.11/site-packages/airflow/example_dags/example_complex.py for tasks to queue
[2025-06-13T14:48:16.042-0400] {logging_mixin.py:190} INFO - [2025-06-13T14:48:16.042-0400] {dagbag.py:588} INFO - Filling up the DagBag from /Users/pranavr/.pyenv/versions/3.11.6/lib/python3.11/site-packages/airflow/example_dags/example_complex.py
[2025-06-13T14:48:16.047-0400] {processor.py:925} INFO - DAG(s) 'example_complex' retrieved from /Users/pranavr/.pyenv/versions/3.11.6/lib/python3.11/site-packages/airflow/example_dags/example_complex.py
[2025-06-13T14:48:16.124-0400] {logging_mixin.py:190} INFO - [2025-06-13T14:48:16.124-0400] {dag.py:3239} INFO - Sync 1 DAGs
[2025-06-13T14:48:16.129-0400] {logging_mixin.py:190} INFO - [2025-06-13T14:48:16.129-0400] {dag.py:4180} INFO - Setting next_dagrun for example_complex to None, run_after=None
[2025-06-13T14:48:16.138-0400] {processor.py:208} INFO - Processing /Users/pranavr/.pyenv/versions/3.11.6/lib/python3.11/site-packages/airflow/example_dags/example_complex.py took 98.819 seconds
[2025-06-13T14:50:43.414-0400] {processor.py:186} INFO - Started process (PID=12722) to work on /Users/pranavr/.pyenv/versions/3.11.6/lib/python3.11/site-packages/airflow/example_dags/example_complex.py
[2025-06-13T14:50:43.416-0400] {processor.py:914} INFO - Processing file /Users/pranavr/.pyenv/versions/3.11.6/lib/python3.11/site-packages/airflow/example_dags/example_complex.py for tasks to queue
[2025-06-13T14:50:43.416-0400] {logging_mixin.py:190} INFO - [2025-06-13T14:50:43.416-0400] {dagbag.py:588} INFO - Filling up the DagBag from /Users/pranavr/.pyenv/versions/3.11.6/lib/python3.11/site-packages/airflow/example_dags/example_complex.py
[2025-06-13T14:50:43.422-0400] {processor.py:925} INFO - DAG(s) 'example_complex' retrieved from /Users/pranavr/.pyenv/versions/3.11.6/lib/python3.11/site-packages/airflow/example_dags/example_complex.py
[2025-06-13T14:50:43.490-0400] {logging_mixin.py:190} INFO - [2025-06-13T14:50:43.490-0400] {dag.py:3239} INFO - Sync 1 DAGs
[2025-06-13T14:50:43.494-0400] {logging_mixin.py:190} INFO - [2025-06-13T14:50:43.494-0400] {dag.py:4180} INFO - Setting next_dagrun for example_complex to None, run_after=None
[2025-06-13T14:50:43.500-0400] {processor.py:208} INFO - Processing /Users/pranavr/.pyenv/versions/3.11.6/lib/python3.11/site-packages/airflow/example_dags/example_complex.py took 87.613 seconds
[2025-06-13T14:53:13.103-0400] {processor.py:186} INFO - Started process (PID=14071) to work on /Users/pranavr/.pyenv/versions/3.11.6/lib/python3.11/site-packages/airflow/example_dags/example_complex.py
[2025-06-13T14:53:13.105-0400] {processor.py:914} INFO - Processing file /Users/pranavr/.pyenv/versions/3.11.6/lib/python3.11/site-packages/airflow/example_dags/example_complex.py for tasks to queue
[2025-06-13T14:53:13.106-0400] {logging_mixin.py:190} INFO - [2025-06-13T14:53:13.106-0400] {dagbag.py:588} INFO - Filling up the DagBag from /Users/pranavr/.pyenv/versions/3.11.6/lib/python3.11/site-packages/airflow/example_dags/example_complex.py
[2025-06-13T14:53:13.112-0400] {processor.py:925} INFO - DAG(s) 'example_complex' retrieved from /Users/pranavr/.pyenv/versions/3.11.6/lib/python3.11/site-packages/airflow/example_dags/example_complex.py
[2025-06-13T14:53:13.185-0400] {logging_mixin.py:190} INFO - [2025-06-13T14:53:13.185-0400] {dag.py:3239} INFO - Sync 1 DAGs
[2025-06-13T14:53:13.189-0400] {logging_mixin.py:190} INFO - [2025-06-13T14:53:13.189-0400] {dag.py:4180} INFO - Setting next_dagrun for example_complex to None, run_after=None
[2025-06-13T14:53:13.198-0400] {processor.py:208} INFO - Processing /Users/pranavr/.pyenv/versions/3.11.6/lib/python3.11/site-packages/airflow/example_dags/example_complex.py took 96.740 seconds
[2025-06-13T14:55:47.427-0400] {processor.py:186} INFO - Started process (PID=14297) to work on /Users/pranavr/.pyenv/versions/3.11.6/lib/python3.11/site-packages/airflow/example_dags/example_complex.py
[2025-06-13T14:55:47.430-0400] {processor.py:914} INFO - Processing file /Users/pranavr/.pyenv/versions/3.11.6/lib/python3.11/site-packages/airflow/example_dags/example_complex.py for tasks to queue
[2025-06-13T14:55:47.430-0400] {logging_mixin.py:190} INFO - [2025-06-13T14:55:47.430-0400] {dagbag.py:588} INFO - Filling up the DagBag from /Users/pranavr/.pyenv/versions/3.11.6/lib/python3.11/site-packages/airflow/example_dags/example_complex.py
[2025-06-13T14:55:47.436-0400] {processor.py:925} INFO - DAG(s) 'example_complex' retrieved from /Users/pranavr/.pyenv/versions/3.11.6/lib/python3.11/site-packages/airflow/example_dags/example_complex.py
[2025-06-13T14:55:47.511-0400] {logging_mixin.py:190} INFO - [2025-06-13T14:55:47.511-0400] {dag.py:3239} INFO - Sync 1 DAGs
[2025-06-13T14:55:47.515-0400] {logging_mixin.py:190} INFO - [2025-06-13T14:55:47.515-0400] {dag.py:4180} INFO - Setting next_dagrun for example_complex to None, run_after=None
[2025-06-13T14:55:47.523-0400] {processor.py:208} INFO - Processing /Users/pranavr/.pyenv/versions/3.11.6/lib/python3.11/site-packages/airflow/example_dags/example_complex.py took 97.585 seconds
[2025-06-13T14:58:24.241-0400] {processor.py:186} INFO - Started process (PID=14671) to work on /Users/pranavr/.pyenv/versions/3.11.6/lib/python3.11/site-packages/airflow/example_dags/example_complex.py
[2025-06-13T14:58:24.243-0400] {processor.py:914} INFO - Processing file /Users/pranavr/.pyenv/versions/3.11.6/lib/python3.11/site-packages/airflow/example_dags/example_complex.py for tasks to queue
[2025-06-13T14:58:24.243-0400] {logging_mixin.py:190} INFO - [2025-06-13T14:58:24.243-0400] {dagbag.py:588} INFO - Filling up the DagBag from /Users/pranavr/.pyenv/versions/3.11.6/lib/python3.11/site-packages/airflow/example_dags/example_complex.py
[2025-06-13T14:58:24.250-0400] {processor.py:925} INFO - DAG(s) 'example_complex' retrieved from /Users/pranavr/.pyenv/versions/3.11.6/lib/python3.11/site-packages/airflow/example_dags/example_complex.py
[2025-06-13T14:58:24.327-0400] {logging_mixin.py:190} INFO - [2025-06-13T14:58:24.327-0400] {dag.py:3239} INFO - Sync 1 DAGs
[2025-06-13T14:58:24.332-0400] {logging_mixin.py:190} INFO - [2025-06-13T14:58:24.332-0400] {dag.py:4180} INFO - Setting next_dagrun for example_complex to None, run_after=None
[2025-06-13T14:58:24.341-0400] {processor.py:208} INFO - Processing /Users/pranavr/.pyenv/versions/3.11.6/lib/python3.11/site-packages/airflow/example_dags/example_complex.py took 102.020 seconds
[2025-06-13T15:01:53.151-0400] {processor.py:186} INFO - Started process (PID=15169) to work on /Users/pranavr/.pyenv/versions/3.11.6/lib/python3.11/site-packages/airflow/example_dags/example_complex.py
[2025-06-13T15:01:53.153-0400] {processor.py:914} INFO - Processing file /Users/pranavr/.pyenv/versions/3.11.6/lib/python3.11/site-packages/airflow/example_dags/example_complex.py for tasks to queue
[2025-06-13T15:01:53.154-0400] {logging_mixin.py:190} INFO - [2025-06-13T15:01:53.154-0400] {dagbag.py:588} INFO - Filling up the DagBag from /Users/pranavr/.pyenv/versions/3.11.6/lib/python3.11/site-packages/airflow/example_dags/example_complex.py
[2025-06-13T15:01:53.166-0400] {processor.py:925} INFO - DAG(s) 'example_complex' retrieved from /Users/pranavr/.pyenv/versions/3.11.6/lib/python3.11/site-packages/airflow/example_dags/example_complex.py
[2025-06-13T15:01:53.285-0400] {logging_mixin.py:190} INFO - [2025-06-13T15:01:53.284-0400] {dag.py:3239} INFO - Sync 1 DAGs
[2025-06-13T15:01:53.290-0400] {logging_mixin.py:190} INFO - [2025-06-13T15:01:53.290-0400] {dag.py:4180} INFO - Setting next_dagrun for example_complex to None, run_after=None
[2025-06-13T15:01:53.300-0400] {processor.py:208} INFO - Processing /Users/pranavr/.pyenv/versions/3.11.6/lib/python3.11/site-packages/airflow/example_dags/example_complex.py took 150.564 seconds
[2025-06-13T15:05:54.764-0400] {processor.py:186} INFO - Started process (PID=16236) to work on /Users/pranavr/.pyenv/versions/3.11.6/lib/python3.11/site-packages/airflow/example_dags/example_complex.py
[2025-06-13T15:05:54.770-0400] {processor.py:914} INFO - Processing file /Users/pranavr/.pyenv/versions/3.11.6/lib/python3.11/site-packages/airflow/example_dags/example_complex.py for tasks to queue
[2025-06-13T15:05:54.770-0400] {logging_mixin.py:190} INFO - [2025-06-13T15:05:54.770-0400] {dagbag.py:588} INFO - Filling up the DagBag from /Users/pranavr/.pyenv/versions/3.11.6/lib/python3.11/site-packages/airflow/example_dags/example_complex.py
[2025-06-13T15:05:54.777-0400] {processor.py:925} INFO - DAG(s) 'example_complex' retrieved from /Users/pranavr/.pyenv/versions/3.11.6/lib/python3.11/site-packages/airflow/example_dags/example_complex.py
[2025-06-13T15:05:54.859-0400] {logging_mixin.py:190} INFO - [2025-06-13T15:05:54.858-0400] {dag.py:3239} INFO - Sync 1 DAGs
[2025-06-13T15:05:54.863-0400] {logging_mixin.py:190} INFO - [2025-06-13T15:05:54.863-0400] {dag.py:4180} INFO - Setting next_dagrun for example_complex to None, run_after=None
[2025-06-13T15:05:54.871-0400] {processor.py:208} INFO - Processing /Users/pranavr/.pyenv/versions/3.11.6/lib/python3.11/site-packages/airflow/example_dags/example_complex.py took 108.427 seconds
[2025-06-13T15:08:34.272-0400] {processor.py:186} INFO - Started process (PID=16497) to work on /Users/pranavr/.pyenv/versions/3.11.6/lib/python3.11/site-packages/airflow/example_dags/example_complex.py
[2025-06-13T15:08:34.274-0400] {processor.py:914} INFO - Processing file /Users/pranavr/.pyenv/versions/3.11.6/lib/python3.11/site-packages/airflow/example_dags/example_complex.py for tasks to queue
[2025-06-13T15:08:34.274-0400] {logging_mixin.py:190} INFO - [2025-06-13T15:08:34.274-0400] {dagbag.py:588} INFO - Filling up the DagBag from /Users/pranavr/.pyenv/versions/3.11.6/lib/python3.11/site-packages/airflow/example_dags/example_complex.py
[2025-06-13T15:08:34.281-0400] {processor.py:925} INFO - DAG(s) 'example_complex' retrieved from /Users/pranavr/.pyenv/versions/3.11.6/lib/python3.11/site-packages/airflow/example_dags/example_complex.py
[2025-06-13T15:08:34.359-0400] {logging_mixin.py:190} INFO - [2025-06-13T15:08:34.359-0400] {dag.py:3239} INFO - Sync 1 DAGs
[2025-06-13T15:08:34.364-0400] {logging_mixin.py:190} INFO - [2025-06-13T15:08:34.364-0400] {dag.py:4180} INFO - Setting next_dagrun for example_complex to None, run_after=None
[2025-06-13T15:08:34.371-0400] {processor.py:208} INFO - Processing /Users/pranavr/.pyenv/versions/3.11.6/lib/python3.11/site-packages/airflow/example_dags/example_complex.py took 100.706 seconds
[2025-06-13T15:11:22.899-0400] {processor.py:186} INFO - Started process (PID=16854) to work on /Users/pranavr/.pyenv/versions/3.11.6/lib/python3.11/site-packages/airflow/example_dags/example_complex.py
[2025-06-13T15:11:22.902-0400] {processor.py:914} INFO - Processing file /Users/pranavr/.pyenv/versions/3.11.6/lib/python3.11/site-packages/airflow/example_dags/example_complex.py for tasks to queue
[2025-06-13T15:11:22.904-0400] {logging_mixin.py:190} INFO - [2025-06-13T15:11:22.903-0400] {dagbag.py:588} INFO - Filling up the DagBag from /Users/pranavr/.pyenv/versions/3.11.6/lib/python3.11/site-packages/airflow/example_dags/example_complex.py
[2025-06-13T15:11:22.914-0400] {processor.py:925} INFO - DAG(s) 'example_complex' retrieved from /Users/pranavr/.pyenv/versions/3.11.6/lib/python3.11/site-packages/airflow/example_dags/example_complex.py
[2025-06-13T15:11:23.014-0400] {logging_mixin.py:190} INFO - [2025-06-13T15:11:23.014-0400] {dag.py:3239} INFO - Sync 1 DAGs
[2025-06-13T15:11:23.019-0400] {logging_mixin.py:190} INFO - [2025-06-13T15:11:23.019-0400] {dag.py:4180} INFO - Setting next_dagrun for example_complex to None, run_after=None
[2025-06-13T15:11:23.027-0400] {processor.py:208} INFO - Processing /Users/pranavr/.pyenv/versions/3.11.6/lib/python3.11/site-packages/airflow/example_dags/example_complex.py took 128.984 seconds
[2025-06-13T15:20:07.209-0400] {processor.py:186} INFO - Started process (PID=17860) to work on /Users/pranavr/.pyenv/versions/3.11.6/lib/python3.11/site-packages/airflow/example_dags/example_complex.py
[2025-06-13T15:20:07.210-0400] {processor.py:914} INFO - Processing file /Users/pranavr/.pyenv/versions/3.11.6/lib/python3.11/site-packages/airflow/example_dags/example_complex.py for tasks to queue
[2025-06-13T15:20:07.211-0400] {logging_mixin.py:190} INFO - [2025-06-13T15:20:07.211-0400] {dagbag.py:588} INFO - Filling up the DagBag from /Users/pranavr/.pyenv/versions/3.11.6/lib/python3.11/site-packages/airflow/example_dags/example_complex.py
[2025-06-13T15:20:07.217-0400] {processor.py:925} INFO - DAG(s) 'example_complex' retrieved from /Users/pranavr/.pyenv/versions/3.11.6/lib/python3.11/site-packages/airflow/example_dags/example_complex.py
[2025-06-13T15:20:07.294-0400] {logging_mixin.py:190} INFO - [2025-06-13T15:20:07.294-0400] {dag.py:3239} INFO - Sync 1 DAGs
[2025-06-13T15:20:07.298-0400] {logging_mixin.py:190} INFO - [2025-06-13T15:20:07.298-0400] {dag.py:4180} INFO - Setting next_dagrun for example_complex to None, run_after=None
[2025-06-13T15:20:07.306-0400] {processor.py:208} INFO - Processing /Users/pranavr/.pyenv/versions/3.11.6/lib/python3.11/site-packages/airflow/example_dags/example_complex.py took 98.578 seconds
[2025-06-13T15:26:23.872-0400] {processor.py:186} INFO - Started process (PID=19022) to work on /Users/pranavr/.pyenv/versions/3.11.6/lib/python3.11/site-packages/airflow/example_dags/example_complex.py
[2025-06-13T15:26:23.874-0400] {processor.py:914} INFO - Processing file /Users/pranavr/.pyenv/versions/3.11.6/lib/python3.11/site-packages/airflow/example_dags/example_complex.py for tasks to queue
[2025-06-13T15:26:23.875-0400] {logging_mixin.py:190} INFO - [2025-06-13T15:26:23.875-0400] {dagbag.py:588} INFO - Filling up the DagBag from /Users/pranavr/.pyenv/versions/3.11.6/lib/python3.11/site-packages/airflow/example_dags/example_complex.py
[2025-06-13T15:26:23.881-0400] {processor.py:925} INFO - DAG(s) 'example_complex' retrieved from /Users/pranavr/.pyenv/versions/3.11.6/lib/python3.11/site-packages/airflow/example_dags/example_complex.py
[2025-06-13T15:26:23.997-0400] {logging_mixin.py:190} INFO - [2025-06-13T15:26:23.996-0400] {override.py:1930} INFO - Created Permission View: can delete on DAG:example_complex
[2025-06-13T15:26:24.001-0400] {logging_mixin.py:190} INFO - [2025-06-13T15:26:24.001-0400] {override.py:1930} INFO - Created Permission View: can edit on DAG:example_complex
[2025-06-13T15:26:24.003-0400] {logging_mixin.py:190} INFO - [2025-06-13T15:26:24.003-0400] {override.py:1930} INFO - Created Permission View: can read on DAG:example_complex
[2025-06-13T15:26:24.007-0400] {logging_mixin.py:190} INFO - [2025-06-13T15:26:24.006-0400] {override.py:1930} INFO - Created Permission View: menu access on DAG Run:example_complex
[2025-06-13T15:26:24.009-0400] {logging_mixin.py:190} INFO - [2025-06-13T15:26:24.009-0400] {override.py:1930} INFO - Created Permission View: can delete on DAG Run:example_complex
[2025-06-13T15:26:24.011-0400] {logging_mixin.py:190} INFO - [2025-06-13T15:26:24.011-0400] {override.py:1930} INFO - Created Permission View: can create on DAG Run:example_complex
[2025-06-13T15:26:24.013-0400] {logging_mixin.py:190} INFO - [2025-06-13T15:26:24.013-0400] {override.py:1930} INFO - Created Permission View: can read on DAG Run:example_complex
[2025-06-13T15:26:24.013-0400] {logging_mixin.py:190} INFO - [2025-06-13T15:26:24.013-0400] {dag.py:3239} INFO - Sync 1 DAGs
[2025-06-13T15:26:24.018-0400] {logging_mixin.py:190} INFO - [2025-06-13T15:26:24.018-0400] {dag.py:3262} INFO - Creating ORM DAG for example_complex
[2025-06-13T15:26:24.018-0400] {logging_mixin.py:190} INFO - [2025-06-13T15:26:24.018-0400] {dag.py:4180} INFO - Setting next_dagrun for example_complex to None, run_after=None
[2025-06-13T15:26:24.025-0400] {processor.py:208} INFO - Processing /Users/pranavr/.pyenv/versions/3.11.6/lib/python3.11/site-packages/airflow/example_dags/example_complex.py took 154.144 seconds
[2025-06-13T15:31:42.759-0400] {processor.py:186} INFO - Started process (PID=19966) to work on /Users/pranavr/.pyenv/versions/3.11.6/lib/python3.11/site-packages/airflow/example_dags/example_complex.py
[2025-06-13T15:31:42.762-0400] {processor.py:914} INFO - Processing file /Users/pranavr/.pyenv/versions/3.11.6/lib/python3.11/site-packages/airflow/example_dags/example_complex.py for tasks to queue
[2025-06-13T15:31:42.762-0400] {logging_mixin.py:190} INFO - [2025-06-13T15:31:42.762-0400] {dagbag.py:588} INFO - Filling up the DagBag from /Users/pranavr/.pyenv/versions/3.11.6/lib/python3.11/site-packages/airflow/example_dags/example_complex.py
[2025-06-13T15:31:42.769-0400] {processor.py:925} INFO - DAG(s) 'example_complex' retrieved from /Users/pranavr/.pyenv/versions/3.11.6/lib/python3.11/site-packages/airflow/example_dags/example_complex.py
[2025-06-13T15:31:42.904-0400] {logging_mixin.py:190} INFO - [2025-06-13T15:31:42.904-0400] {override.py:1930} INFO - Created Permission View: can read on DAG:example_complex
[2025-06-13T15:31:42.909-0400] {logging_mixin.py:190} INFO - [2025-06-13T15:31:42.909-0400] {override.py:1930} INFO - Created Permission View: can delete on DAG:example_complex
[2025-06-13T15:31:42.911-0400] {logging_mixin.py:190} INFO - [2025-06-13T15:31:42.911-0400] {override.py:1930} INFO - Created Permission View: can edit on DAG:example_complex
[2025-06-13T15:31:42.915-0400] {logging_mixin.py:190} INFO - [2025-06-13T15:31:42.915-0400] {override.py:1930} INFO - Created Permission View: can read on DAG Run:example_complex
[2025-06-13T15:31:42.917-0400] {logging_mixin.py:190} INFO - [2025-06-13T15:31:42.917-0400] {override.py:1930} INFO - Created Permission View: can delete on DAG Run:example_complex
[2025-06-13T15:31:42.921-0400] {logging_mixin.py:190} INFO - [2025-06-13T15:31:42.921-0400] {override.py:1930} INFO - Created Permission View: menu access on DAG Run:example_complex
[2025-06-13T15:31:42.924-0400] {logging_mixin.py:190} INFO - [2025-06-13T15:31:42.923-0400] {override.py:1930} INFO - Created Permission View: can create on DAG Run:example_complex
[2025-06-13T15:31:42.924-0400] {logging_mixin.py:190} INFO - [2025-06-13T15:31:42.924-0400] {dag.py:3239} INFO - Sync 1 DAGs
[2025-06-13T15:31:42.929-0400] {logging_mixin.py:190} INFO - [2025-06-13T15:31:42.928-0400] {dag.py:3262} INFO - Creating ORM DAG for example_complex
[2025-06-13T15:31:42.929-0400] {logging_mixin.py:190} INFO - [2025-06-13T15:31:42.929-0400] {dag.py:4180} INFO - Setting next_dagrun for example_complex to None, run_after=None
[2025-06-13T15:31:42.936-0400] {processor.py:208} INFO - Processing /Users/pranavr/.pyenv/versions/3.11.6/lib/python3.11/site-packages/airflow/example_dags/example_complex.py took 178.393 seconds
[2025-06-13T15:37:13.847-0400] {processor.py:186} INFO - Started process (PID=20637) to work on /Users/pranavr/.pyenv/versions/3.11.6/lib/python3.11/site-packages/airflow/example_dags/example_complex.py
[2025-06-13T15:37:13.849-0400] {processor.py:914} INFO - Processing file /Users/pranavr/.pyenv/versions/3.11.6/lib/python3.11/site-packages/airflow/example_dags/example_complex.py for tasks to queue
[2025-06-13T15:37:13.849-0400] {logging_mixin.py:190} INFO - [2025-06-13T15:37:13.849-0400] {dagbag.py:588} INFO - Filling up the DagBag from /Users/pranavr/.pyenv/versions/3.11.6/lib/python3.11/site-packages/airflow/example_dags/example_complex.py
[2025-06-13T15:37:13.855-0400] {processor.py:925} INFO - DAG(s) 'example_complex' retrieved from /Users/pranavr/.pyenv/versions/3.11.6/lib/python3.11/site-packages/airflow/example_dags/example_complex.py
[2025-06-13T15:37:13.968-0400] {logging_mixin.py:190} INFO - [2025-06-13T15:37:13.968-0400] {override.py:1930} INFO - Created Permission View: can read on DAG:example_complex
[2025-06-13T15:37:13.972-0400] {logging_mixin.py:190} INFO - [2025-06-13T15:37:13.972-0400] {override.py:1930} INFO - Created Permission View: can delete on DAG:example_complex
[2025-06-13T15:37:13.974-0400] {logging_mixin.py:190} INFO - [2025-06-13T15:37:13.974-0400] {override.py:1930} INFO - Created Permission View: can edit on DAG:example_complex
[2025-06-13T15:37:13.977-0400] {logging_mixin.py:190} INFO - [2025-06-13T15:37:13.977-0400] {override.py:1930} INFO - Created Permission View: can read on DAG Run:example_complex
[2025-06-13T15:37:13.979-0400] {logging_mixin.py:190} INFO - [2025-06-13T15:37:13.979-0400] {override.py:1930} INFO - Created Permission View: can delete on DAG Run:example_complex
[2025-06-13T15:37:13.981-0400] {logging_mixin.py:190} INFO - [2025-06-13T15:37:13.981-0400] {override.py:1930} INFO - Created Permission View: menu access on DAG Run:example_complex
[2025-06-13T15:37:13.983-0400] {logging_mixin.py:190} INFO - [2025-06-13T15:37:13.983-0400] {override.py:1930} INFO - Created Permission View: can create on DAG Run:example_complex
[2025-06-13T15:37:13.983-0400] {logging_mixin.py:190} INFO - [2025-06-13T15:37:13.983-0400] {dag.py:3239} INFO - Sync 1 DAGs
[2025-06-13T15:37:13.988-0400] {logging_mixin.py:190} INFO - [2025-06-13T15:37:13.988-0400] {dag.py:3262} INFO - Creating ORM DAG for example_complex
[2025-06-13T15:37:13.988-0400] {logging_mixin.py:190} INFO - [2025-06-13T15:37:13.988-0400] {dag.py:4180} INFO - Setting next_dagrun for example_complex to None, run_after=None
[2025-06-13T15:37:13.996-0400] {processor.py:208} INFO - Processing /Users/pranavr/.pyenv/versions/3.11.6/lib/python3.11/site-packages/airflow/example_dags/example_complex.py took 150.708 seconds
[2025-06-13T15:40:02.400-0400] {processor.py:186} INFO - Started process (PID=20900) to work on /Users/pranavr/.pyenv/versions/3.11.6/lib/python3.11/site-packages/airflow/example_dags/example_complex.py
[2025-06-13T15:40:02.403-0400] {processor.py:914} INFO - Processing file /Users/pranavr/.pyenv/versions/3.11.6/lib/python3.11/site-packages/airflow/example_dags/example_complex.py for tasks to queue
[2025-06-13T15:40:02.403-0400] {logging_mixin.py:190} INFO - [2025-06-13T15:40:02.403-0400] {dagbag.py:588} INFO - Filling up the DagBag from /Users/pranavr/.pyenv/versions/3.11.6/lib/python3.11/site-packages/airflow/example_dags/example_complex.py
[2025-06-13T15:40:02.411-0400] {processor.py:925} INFO - DAG(s) 'example_complex' retrieved from /Users/pranavr/.pyenv/versions/3.11.6/lib/python3.11/site-packages/airflow/example_dags/example_complex.py
[2025-06-13T15:40:02.502-0400] {logging_mixin.py:190} INFO - [2025-06-13T15:40:02.502-0400] {dag.py:3239} INFO - Sync 1 DAGs
[2025-06-13T15:40:02.507-0400] {logging_mixin.py:190} INFO - [2025-06-13T15:40:02.507-0400] {dag.py:4180} INFO - Setting next_dagrun for example_complex to None, run_after=None
[2025-06-13T15:40:02.516-0400] {processor.py:208} INFO - Processing /Users/pranavr/.pyenv/versions/3.11.6/lib/python3.11/site-packages/airflow/example_dags/example_complex.py took 117.291 seconds
[2025-06-13T15:44:47.197-0400] {processor.py:186} INFO - Started process (PID=21806) to work on /Users/pranavr/.pyenv/versions/3.11.6/lib/python3.11/site-packages/airflow/example_dags/example_complex.py
[2025-06-13T15:44:47.199-0400] {processor.py:914} INFO - Processing file /Users/pranavr/.pyenv/versions/3.11.6/lib/python3.11/site-packages/airflow/example_dags/example_complex.py for tasks to queue
[2025-06-13T15:44:47.200-0400] {logging_mixin.py:190} INFO - [2025-06-13T15:44:47.200-0400] {dagbag.py:588} INFO - Filling up the DagBag from /Users/pranavr/.pyenv/versions/3.11.6/lib/python3.11/site-packages/airflow/example_dags/example_complex.py
[2025-06-13T15:44:47.207-0400] {processor.py:925} INFO - DAG(s) 'example_complex' retrieved from /Users/pranavr/.pyenv/versions/3.11.6/lib/python3.11/site-packages/airflow/example_dags/example_complex.py
[2025-06-13T15:44:47.344-0400] {logging_mixin.py:190} INFO - [2025-06-13T15:44:47.344-0400] {override.py:1930} INFO - Created Permission View: can read on DAG:example_complex
[2025-06-13T15:44:47.348-0400] {logging_mixin.py:190} INFO - [2025-06-13T15:44:47.348-0400] {override.py:1930} INFO - Created Permission View: can delete on DAG:example_complex
[2025-06-13T15:44:47.351-0400] {logging_mixin.py:190} INFO - [2025-06-13T15:44:47.351-0400] {override.py:1930} INFO - Created Permission View: can edit on DAG:example_complex
[2025-06-13T15:44:47.354-0400] {logging_mixin.py:190} INFO - [2025-06-13T15:44:47.354-0400] {override.py:1930} INFO - Created Permission View: can read on DAG Run:example_complex
[2025-06-13T15:44:47.356-0400] {logging_mixin.py:190} INFO - [2025-06-13T15:44:47.356-0400] {override.py:1930} INFO - Created Permission View: can delete on DAG Run:example_complex
[2025-06-13T15:44:47.359-0400] {logging_mixin.py:190} INFO - [2025-06-13T15:44:47.359-0400] {override.py:1930} INFO - Created Permission View: can create on DAG Run:example_complex
[2025-06-13T15:44:47.361-0400] {logging_mixin.py:190} INFO - [2025-06-13T15:44:47.361-0400] {override.py:1930} INFO - Created Permission View: menu access on DAG Run:example_complex
[2025-06-13T15:44:47.362-0400] {logging_mixin.py:190} INFO - [2025-06-13T15:44:47.362-0400] {dag.py:3239} INFO - Sync 1 DAGs
[2025-06-13T15:44:47.366-0400] {logging_mixin.py:190} INFO - [2025-06-13T15:44:47.366-0400] {dag.py:3262} INFO - Creating ORM DAG for example_complex
[2025-06-13T15:44:47.366-0400] {logging_mixin.py:190} INFO - [2025-06-13T15:44:47.366-0400] {dag.py:4180} INFO - Setting next_dagrun for example_complex to None, run_after=None
[2025-06-13T15:44:47.374-0400] {processor.py:208} INFO - Processing /Users/pranavr/.pyenv/versions/3.11.6/lib/python3.11/site-packages/airflow/example_dags/example_complex.py took 178.276 seconds
[2025-06-13T15:47:44.151-0400] {processor.py:186} INFO - Started process (PID=22094) to work on /Users/pranavr/.pyenv/versions/3.11.6/lib/python3.11/site-packages/airflow/example_dags/example_complex.py
[2025-06-13T15:47:44.153-0400] {processor.py:914} INFO - Processing file /Users/pranavr/.pyenv/versions/3.11.6/lib/python3.11/site-packages/airflow/example_dags/example_complex.py for tasks to queue
[2025-06-13T15:47:44.154-0400] {logging_mixin.py:190} INFO - [2025-06-13T15:47:44.154-0400] {dagbag.py:588} INFO - Filling up the DagBag from /Users/pranavr/.pyenv/versions/3.11.6/lib/python3.11/site-packages/airflow/example_dags/example_complex.py
[2025-06-13T15:47:44.160-0400] {processor.py:925} INFO - DAG(s) 'example_complex' retrieved from /Users/pranavr/.pyenv/versions/3.11.6/lib/python3.11/site-packages/airflow/example_dags/example_complex.py
[2025-06-13T15:47:44.237-0400] {logging_mixin.py:190} INFO - [2025-06-13T15:47:44.236-0400] {dag.py:3239} INFO - Sync 1 DAGs
[2025-06-13T15:47:44.241-0400] {logging_mixin.py:190} INFO - [2025-06-13T15:47:44.241-0400] {dag.py:4180} INFO - Setting next_dagrun for example_complex to None, run_after=None
[2025-06-13T15:47:44.248-0400] {processor.py:208} INFO - Processing /Users/pranavr/.pyenv/versions/3.11.6/lib/python3.11/site-packages/airflow/example_dags/example_complex.py took 98.608 seconds
[2025-06-13T15:50:32.946-0400] {processor.py:186} INFO - Started process (PID=22374) to work on /Users/pranavr/.pyenv/versions/3.11.6/lib/python3.11/site-packages/airflow/example_dags/example_complex.py
[2025-06-13T15:50:32.948-0400] {processor.py:914} INFO - Processing file /Users/pranavr/.pyenv/versions/3.11.6/lib/python3.11/site-packages/airflow/example_dags/example_complex.py for tasks to queue
[2025-06-13T15:50:32.949-0400] {logging_mixin.py:190} INFO - [2025-06-13T15:50:32.949-0400] {dagbag.py:588} INFO - Filling up the DagBag from /Users/pranavr/.pyenv/versions/3.11.6/lib/python3.11/site-packages/airflow/example_dags/example_complex.py
[2025-06-13T15:50:32.955-0400] {processor.py:925} INFO - DAG(s) 'example_complex' retrieved from /Users/pranavr/.pyenv/versions/3.11.6/lib/python3.11/site-packages/airflow/example_dags/example_complex.py
[2025-06-13T15:50:33.034-0400] {logging_mixin.py:190} INFO - [2025-06-13T15:50:33.034-0400] {dag.py:3239} INFO - Sync 1 DAGs
[2025-06-13T15:50:33.038-0400] {logging_mixin.py:190} INFO - [2025-06-13T15:50:33.038-0400] {dag.py:4180} INFO - Setting next_dagrun for example_complex to None, run_after=None
[2025-06-13T15:50:33.046-0400] {processor.py:208} INFO - Processing /Users/pranavr/.pyenv/versions/3.11.6/lib/python3.11/site-packages/airflow/example_dags/example_complex.py took 101.084 seconds
[2025-06-13T15:53:01.355-0400] {processor.py:186} INFO - Started process (PID=22701) to work on /Users/pranavr/.pyenv/versions/3.11.6/lib/python3.11/site-packages/airflow/example_dags/example_complex.py
[2025-06-13T15:53:01.357-0400] {processor.py:914} INFO - Processing file /Users/pranavr/.pyenv/versions/3.11.6/lib/python3.11/site-packages/airflow/example_dags/example_complex.py for tasks to queue
[2025-06-13T15:53:01.357-0400] {logging_mixin.py:190} INFO - [2025-06-13T15:53:01.357-0400] {dagbag.py:588} INFO - Filling up the DagBag from /Users/pranavr/.pyenv/versions/3.11.6/lib/python3.11/site-packages/airflow/example_dags/example_complex.py
[2025-06-13T15:53:01.362-0400] {processor.py:925} INFO - DAG(s) 'example_complex' retrieved from /Users/pranavr/.pyenv/versions/3.11.6/lib/python3.11/site-packages/airflow/example_dags/example_complex.py
[2025-06-13T15:53:01.436-0400] {logging_mixin.py:190} INFO - [2025-06-13T15:53:01.436-0400] {dag.py:3239} INFO - Sync 1 DAGs
[2025-06-13T15:53:01.440-0400] {logging_mixin.py:190} INFO - [2025-06-13T15:53:01.440-0400] {dag.py:4180} INFO - Setting next_dagrun for example_complex to None, run_after=None
[2025-06-13T15:53:01.447-0400] {processor.py:208} INFO - Processing /Users/pranavr/.pyenv/versions/3.11.6/lib/python3.11/site-packages/airflow/example_dags/example_complex.py took 93.365 seconds
[2025-06-13T15:55:29.164-0400] {processor.py:186} INFO - Started process (PID=22937) to work on /Users/pranavr/.pyenv/versions/3.11.6/lib/python3.11/site-packages/airflow/example_dags/example_complex.py
[2025-06-13T15:55:29.166-0400] {processor.py:914} INFO - Processing file /Users/pranavr/.pyenv/versions/3.11.6/lib/python3.11/site-packages/airflow/example_dags/example_complex.py for tasks to queue
[2025-06-13T15:55:29.166-0400] {logging_mixin.py:190} INFO - [2025-06-13T15:55:29.166-0400] {dagbag.py:588} INFO - Filling up the DagBag from /Users/pranavr/.pyenv/versions/3.11.6/lib/python3.11/site-packages/airflow/example_dags/example_complex.py
[2025-06-13T15:55:29.172-0400] {processor.py:925} INFO - DAG(s) 'example_complex' retrieved from /Users/pranavr/.pyenv/versions/3.11.6/lib/python3.11/site-packages/airflow/example_dags/example_complex.py
[2025-06-13T15:55:29.239-0400] {logging_mixin.py:190} INFO - [2025-06-13T15:55:29.239-0400] {dag.py:3239} INFO - Sync 1 DAGs
[2025-06-13T15:55:29.243-0400] {logging_mixin.py:190} INFO - [2025-06-13T15:55:29.242-0400] {dag.py:4180} INFO - Setting next_dagrun for example_complex to None, run_after=None
[2025-06-13T15:55:29.250-0400] {processor.py:208} INFO - Processing /Users/pranavr/.pyenv/versions/3.11.6/lib/python3.11/site-packages/airflow/example_dags/example_complex.py took 87.752 seconds
[2025-06-13T15:57:52.675-0400] {processor.py:186} INFO - Started process (PID=23164) to work on /Users/pranavr/.pyenv/versions/3.11.6/lib/python3.11/site-packages/airflow/example_dags/example_complex.py
[2025-06-13T15:57:52.677-0400] {processor.py:914} INFO - Processing file /Users/pranavr/.pyenv/versions/3.11.6/lib/python3.11/site-packages/airflow/example_dags/example_complex.py for tasks to queue
[2025-06-13T15:57:52.678-0400] {logging_mixin.py:190} INFO - [2025-06-13T15:57:52.678-0400] {dagbag.py:588} INFO - Filling up the DagBag from /Users/pranavr/.pyenv/versions/3.11.6/lib/python3.11/site-packages/airflow/example_dags/example_complex.py
[2025-06-13T15:57:52.683-0400] {processor.py:925} INFO - DAG(s) 'example_complex' retrieved from /Users/pranavr/.pyenv/versions/3.11.6/lib/python3.11/site-packages/airflow/example_dags/example_complex.py
[2025-06-13T15:57:52.751-0400] {logging_mixin.py:190} INFO - [2025-06-13T15:57:52.751-0400] {dag.py:3239} INFO - Sync 1 DAGs
[2025-06-13T15:57:52.755-0400] {logging_mixin.py:190} INFO - [2025-06-13T15:57:52.755-0400] {dag.py:4180} INFO - Setting next_dagrun for example_complex to None, run_after=None
[2025-06-13T15:57:52.763-0400] {processor.py:208} INFO - Processing /Users/pranavr/.pyenv/versions/3.11.6/lib/python3.11/site-packages/airflow/example_dags/example_complex.py took 88.560 seconds
[2025-06-13T16:00:17.873-0400] {processor.py:186} INFO - Started process (PID=23541) to work on /Users/pranavr/.pyenv/versions/3.11.6/lib/python3.11/site-packages/airflow/example_dags/example_complex.py
[2025-06-13T16:00:17.875-0400] {processor.py:914} INFO - Processing file /Users/pranavr/.pyenv/versions/3.11.6/lib/python3.11/site-packages/airflow/example_dags/example_complex.py for tasks to queue
[2025-06-13T16:00:17.875-0400] {logging_mixin.py:190} INFO - [2025-06-13T16:00:17.875-0400] {dagbag.py:588} INFO - Filling up the DagBag from /Users/pranavr/.pyenv/versions/3.11.6/lib/python3.11/site-packages/airflow/example_dags/example_complex.py
[2025-06-13T16:00:17.881-0400] {processor.py:925} INFO - DAG(s) 'example_complex' retrieved from /Users/pranavr/.pyenv/versions/3.11.6/lib/python3.11/site-packages/airflow/example_dags/example_complex.py
[2025-06-13T16:00:17.953-0400] {logging_mixin.py:190} INFO - [2025-06-13T16:00:17.953-0400] {dag.py:3239} INFO - Sync 1 DAGs
[2025-06-13T16:00:17.958-0400] {logging_mixin.py:190} INFO - [2025-06-13T16:00:17.957-0400] {dag.py:4180} INFO - Setting next_dagrun for example_complex to None, run_after=None
[2025-06-13T16:00:17.965-0400] {processor.py:208} INFO - Processing /Users/pranavr/.pyenv/versions/3.11.6/lib/python3.11/site-packages/airflow/example_dags/example_complex.py took 93.312 seconds
[2025-06-13T16:02:52.348-0400] {processor.py:186} INFO - Started process (PID=23924) to work on /Users/pranavr/.pyenv/versions/3.11.6/lib/python3.11/site-packages/airflow/example_dags/example_complex.py
[2025-06-13T16:02:52.350-0400] {processor.py:914} INFO - Processing file /Users/pranavr/.pyenv/versions/3.11.6/lib/python3.11/site-packages/airflow/example_dags/example_complex.py for tasks to queue
[2025-06-13T16:02:52.351-0400] {logging_mixin.py:190} INFO - [2025-06-13T16:02:52.351-0400] {dagbag.py:588} INFO - Filling up the DagBag from /Users/pranavr/.pyenv/versions/3.11.6/lib/python3.11/site-packages/airflow/example_dags/example_complex.py
[2025-06-13T16:02:52.360-0400] {processor.py:925} INFO - DAG(s) 'example_complex' retrieved from /Users/pranavr/.pyenv/versions/3.11.6/lib/python3.11/site-packages/airflow/example_dags/example_complex.py
[2025-06-13T16:02:52.446-0400] {logging_mixin.py:190} INFO - [2025-06-13T16:02:52.446-0400] {dag.py:3239} INFO - Sync 1 DAGs
[2025-06-13T16:02:52.451-0400] {logging_mixin.py:190} INFO - [2025-06-13T16:02:52.451-0400] {dag.py:4180} INFO - Setting next_dagrun for example_complex to None, run_after=None
[2025-06-13T16:02:52.460-0400] {processor.py:208} INFO - Processing /Users/pranavr/.pyenv/versions/3.11.6/lib/python3.11/site-packages/airflow/example_dags/example_complex.py took 115.622 seconds
