[2025-06-13T14:10:22.036-0400] {processor.py:153} INFO - Started process (PID=96578) to work on /Users/pranavr/drift-retrainer/venv311/lib/python3.11/site-packages/airflow/example_dags/example_latest_only.py
[2025-06-13T14:10:22.038-0400] {processor.py:743} INFO - Processing file /Users/pranavr/drift-retrainer/venv311/lib/python3.11/site-packages/airflow/example_dags/example_latest_only.py for tasks to queue
[2025-06-13T14:10:22.038-0400] {logging_mixin.py:137} INFO - [2025-06-13T14:10:22.038-0400] {dagbag.py:538} INFO - Filling up the DagBag from /Users/pranavr/drift-retrainer/venv311/lib/python3.11/site-packages/airflow/example_dags/example_latest_only.py
[2025-06-13T14:10:22.064-0400] {processor.py:753} INFO - DAG(s) dict_keys(['latest_only']) retrieved from /Users/pranavr/drift-retrainer/venv311/lib/python3.11/site-packages/airflow/example_dags/example_latest_only.py
[2025-06-13T14:10:22.559-0400] {logging_mixin.py:137} INFO - [2025-06-13T14:10:22.559-0400] {manager.py:504} INFO - Created Permission View: can delete on DAG:latest_only
[2025-06-13T14:10:22.562-0400] {logging_mixin.py:137} INFO - [2025-06-13T14:10:22.562-0400] {manager.py:504} INFO - Created Permission View: can read on DAG:latest_only
[2025-06-13T14:10:22.565-0400] {logging_mixin.py:137} INFO - [2025-06-13T14:10:22.565-0400] {manager.py:504} INFO - Created Permission View: can edit on DAG:latest_only
[2025-06-13T14:10:22.565-0400] {logging_mixin.py:137} INFO - [2025-06-13T14:10:22.565-0400] {dag.py:2690} INFO - Sync 1 DAGs
[2025-06-13T14:10:22.570-0400] {logging_mixin.py:137} INFO - [2025-06-13T14:10:22.570-0400] {dag.py:2711} INFO - Creating ORM DAG for latest_only
[2025-06-13T14:10:22.573-0400] {logging_mixin.py:137} INFO - [2025-06-13T14:10:22.573-0400] {dag.py:3437} INFO - Setting next_dagrun for latest_only to 2025-06-13T14:10:22.573602+00:00, run_after=2025-06-13T18:10:22.573602+00:00
[2025-06-13T14:10:22.584-0400] {processor.py:175} INFO - Processing /Users/pranavr/drift-retrainer/venv311/lib/python3.11/site-packages/airflow/example_dags/example_latest_only.py took 0.549 seconds
[2025-06-13T14:11:51.188-0400] {processor.py:153} INFO - Started process (PID=97485) to work on /Users/pranavr/drift-retrainer/venv311/lib/python3.11/site-packages/airflow/example_dags/example_latest_only.py
[2025-06-13T14:11:51.190-0400] {processor.py:743} INFO - Processing file /Users/pranavr/drift-retrainer/venv311/lib/python3.11/site-packages/airflow/example_dags/example_latest_only.py for tasks to queue
[2025-06-13T14:11:51.190-0400] {logging_mixin.py:137} INFO - [2025-06-13T14:11:51.190-0400] {dagbag.py:538} INFO - Filling up the DagBag from /Users/pranavr/drift-retrainer/venv311/lib/python3.11/site-packages/airflow/example_dags/example_latest_only.py
[2025-06-13T14:11:51.207-0400] {processor.py:753} INFO - DAG(s) dict_keys(['latest_only']) retrieved from /Users/pranavr/drift-retrainer/venv311/lib/python3.11/site-packages/airflow/example_dags/example_latest_only.py
[2025-06-13T14:11:51.673-0400] {logging_mixin.py:137} INFO - [2025-06-13T14:11:51.673-0400] {dag.py:2690} INFO - Sync 1 DAGs
[2025-06-13T14:11:51.681-0400] {logging_mixin.py:137} INFO - [2025-06-13T14:11:51.681-0400] {dag.py:3437} INFO - Setting next_dagrun for latest_only to 2025-06-13T14:11:51.681789+00:00, run_after=2025-06-13T18:11:51.681789+00:00
[2025-06-13T14:11:51.690-0400] {processor.py:175} INFO - Processing /Users/pranavr/drift-retrainer/venv311/lib/python3.11/site-packages/airflow/example_dags/example_latest_only.py took 0.503 seconds
[2025-06-13T14:13:43.760-0400] {processor.py:153} INFO - Started process (PID=97941) to work on /Users/pranavr/drift-retrainer/venv311/lib/python3.11/site-packages/airflow/example_dags/example_latest_only.py
[2025-06-13T14:13:43.762-0400] {processor.py:743} INFO - Processing file /Users/pranavr/drift-retrainer/venv311/lib/python3.11/site-packages/airflow/example_dags/example_latest_only.py for tasks to queue
[2025-06-13T14:13:43.765-0400] {logging_mixin.py:137} INFO - [2025-06-13T14:13:43.765-0400] {dagbag.py:538} INFO - Filling up the DagBag from /Users/pranavr/drift-retrainer/venv311/lib/python3.11/site-packages/airflow/example_dags/example_latest_only.py
[2025-06-13T14:13:43.792-0400] {processor.py:753} INFO - DAG(s) dict_keys(['latest_only']) retrieved from /Users/pranavr/drift-retrainer/venv311/lib/python3.11/site-packages/airflow/example_dags/example_latest_only.py
[2025-06-13T14:13:44.278-0400] {logging_mixin.py:137} INFO - [2025-06-13T14:13:44.278-0400] {dag.py:2690} INFO - Sync 1 DAGs
[2025-06-13T14:13:44.286-0400] {logging_mixin.py:137} INFO - [2025-06-13T14:13:44.286-0400] {dag.py:3437} INFO - Setting next_dagrun for latest_only to 2025-06-13T14:13:44.286170+00:00, run_after=2025-06-13T18:13:44.286170+00:00
[2025-06-13T14:13:44.295-0400] {processor.py:175} INFO - Processing /Users/pranavr/drift-retrainer/venv311/lib/python3.11/site-packages/airflow/example_dags/example_latest_only.py took 0.535 seconds
[2025-06-13T14:15:35.645-0400] {processor.py:153} INFO - Started process (PID=2939) to work on /Users/pranavr/drift-retrainer/venv311/lib/python3.11/site-packages/airflow/example_dags/example_latest_only.py
[2025-06-13T14:15:35.647-0400] {processor.py:743} INFO - Processing file /Users/pranavr/drift-retrainer/venv311/lib/python3.11/site-packages/airflow/example_dags/example_latest_only.py for tasks to queue
[2025-06-13T14:15:35.647-0400] {logging_mixin.py:137} INFO - [2025-06-13T14:15:35.647-0400] {dagbag.py:538} INFO - Filling up the DagBag from /Users/pranavr/drift-retrainer/venv311/lib/python3.11/site-packages/airflow/example_dags/example_latest_only.py
[2025-06-13T14:15:35.663-0400] {processor.py:753} INFO - DAG(s) dict_keys(['latest_only']) retrieved from /Users/pranavr/drift-retrainer/venv311/lib/python3.11/site-packages/airflow/example_dags/example_latest_only.py
[2025-06-13T14:15:36.122-0400] {logging_mixin.py:137} INFO - [2025-06-13T14:15:36.122-0400] {dag.py:2690} INFO - Sync 1 DAGs
[2025-06-13T14:15:36.130-0400] {logging_mixin.py:137} INFO - [2025-06-13T14:15:36.130-0400] {dag.py:3437} INFO - Setting next_dagrun for latest_only to 2025-06-13T14:15:36.130067+00:00, run_after=2025-06-13T18:15:36.130067+00:00
[2025-06-13T14:15:36.139-0400] {processor.py:175} INFO - Processing /Users/pranavr/drift-retrainer/venv311/lib/python3.11/site-packages/airflow/example_dags/example_latest_only.py took 0.495 seconds
[2025-06-13T14:17:29.758-0400] {processor.py:153} INFO - Started process (PID=3996) to work on /Users/pranavr/drift-retrainer/venv311/lib/python3.11/site-packages/airflow/example_dags/example_latest_only.py
[2025-06-13T14:17:29.763-0400] {processor.py:743} INFO - Processing file /Users/pranavr/drift-retrainer/venv311/lib/python3.11/site-packages/airflow/example_dags/example_latest_only.py for tasks to queue
[2025-06-13T14:17:29.764-0400] {logging_mixin.py:137} INFO - [2025-06-13T14:17:29.764-0400] {dagbag.py:538} INFO - Filling up the DagBag from /Users/pranavr/drift-retrainer/venv311/lib/python3.11/site-packages/airflow/example_dags/example_latest_only.py
[2025-06-13T14:17:29.784-0400] {processor.py:753} INFO - DAG(s) dict_keys(['latest_only']) retrieved from /Users/pranavr/drift-retrainer/venv311/lib/python3.11/site-packages/airflow/example_dags/example_latest_only.py
[2025-06-13T14:17:30.271-0400] {logging_mixin.py:137} INFO - [2025-06-13T14:17:30.271-0400] {dag.py:2690} INFO - Sync 1 DAGs
[2025-06-13T14:17:30.279-0400] {logging_mixin.py:137} INFO - [2025-06-13T14:17:30.279-0400] {dag.py:3437} INFO - Setting next_dagrun for latest_only to 2025-06-13T14:17:30.279177+00:00, run_after=2025-06-13T18:17:30.279177+00:00
[2025-06-13T14:17:30.287-0400] {processor.py:175} INFO - Processing /Users/pranavr/drift-retrainer/venv311/lib/python3.11/site-packages/airflow/example_dags/example_latest_only.py took 0.529 seconds
[2025-06-13T14:19:31.361-0400] {processor.py:153} INFO - Started process (PID=6513) to work on /Users/pranavr/drift-retrainer/venv311/lib/python3.11/site-packages/airflow/example_dags/example_latest_only.py
[2025-06-13T14:19:31.364-0400] {processor.py:743} INFO - Processing file /Users/pranavr/drift-retrainer/venv311/lib/python3.11/site-packages/airflow/example_dags/example_latest_only.py for tasks to queue
[2025-06-13T14:19:31.364-0400] {logging_mixin.py:137} INFO - [2025-06-13T14:19:31.364-0400] {dagbag.py:538} INFO - Filling up the DagBag from /Users/pranavr/drift-retrainer/venv311/lib/python3.11/site-packages/airflow/example_dags/example_latest_only.py
[2025-06-13T14:19:31.386-0400] {processor.py:753} INFO - DAG(s) dict_keys(['latest_only']) retrieved from /Users/pranavr/drift-retrainer/venv311/lib/python3.11/site-packages/airflow/example_dags/example_latest_only.py
[2025-06-13T14:19:31.856-0400] {logging_mixin.py:137} INFO - [2025-06-13T14:19:31.856-0400] {dag.py:2690} INFO - Sync 1 DAGs
[2025-06-13T14:19:31.864-0400] {logging_mixin.py:137} INFO - [2025-06-13T14:19:31.864-0400] {dag.py:3437} INFO - Setting next_dagrun for latest_only to 2025-06-13T14:19:31.864029+00:00, run_after=2025-06-13T18:19:31.864029+00:00
[2025-06-13T14:19:31.872-0400] {processor.py:175} INFO - Processing /Users/pranavr/drift-retrainer/venv311/lib/python3.11/site-packages/airflow/example_dags/example_latest_only.py took 0.511 seconds
[2025-06-13T14:22:40.088-0400] {processor.py:186} INFO - Started process (PID=7657) to work on /Users/pranavr/.pyenv/versions/3.11.6/lib/python3.11/site-packages/airflow/example_dags/example_latest_only.py
[2025-06-13T14:22:40.093-0400] {processor.py:914} INFO - Processing file /Users/pranavr/.pyenv/versions/3.11.6/lib/python3.11/site-packages/airflow/example_dags/example_latest_only.py for tasks to queue
[2025-06-13T14:22:40.095-0400] {logging_mixin.py:190} INFO - [2025-06-13T14:22:40.095-0400] {dagbag.py:588} INFO - Filling up the DagBag from /Users/pranavr/.pyenv/versions/3.11.6/lib/python3.11/site-packages/airflow/example_dags/example_latest_only.py
[2025-06-13T14:22:40.100-0400] {processor.py:925} INFO - DAG(s) 'latest_only' retrieved from /Users/pranavr/.pyenv/versions/3.11.6/lib/python3.11/site-packages/airflow/example_dags/example_latest_only.py
[2025-06-13T14:22:40.251-0400] {logging_mixin.py:190} INFO - [2025-06-13T14:22:40.250-0400] {dag.py:3239} INFO - Sync 1 DAGs
[2025-06-13T14:22:40.258-0400] {logging_mixin.py:190} INFO - [2025-06-13T14:22:40.258-0400] {dag.py:4180} INFO - Setting next_dagrun for latest_only to 2025-06-13T12:00:00+00:00, run_after=2025-06-13T16:00:00+00:00
[2025-06-13T14:22:40.267-0400] {processor.py:208} INFO - Processing /Users/pranavr/.pyenv/versions/3.11.6/lib/python3.11/site-packages/airflow/example_dags/example_latest_only.py took 180.977 seconds
[2025-06-13T14:24:43.000-0400] {processor.py:186} INFO - Started process (PID=7932) to work on /Users/pranavr/.pyenv/versions/3.11.6/lib/python3.11/site-packages/airflow/example_dags/example_latest_only.py
[2025-06-13T14:24:43.003-0400] {processor.py:914} INFO - Processing file /Users/pranavr/.pyenv/versions/3.11.6/lib/python3.11/site-packages/airflow/example_dags/example_latest_only.py for tasks to queue
[2025-06-13T14:24:43.003-0400] {logging_mixin.py:190} INFO - [2025-06-13T14:24:43.003-0400] {dagbag.py:588} INFO - Filling up the DagBag from /Users/pranavr/.pyenv/versions/3.11.6/lib/python3.11/site-packages/airflow/example_dags/example_latest_only.py
[2025-06-13T14:24:43.010-0400] {processor.py:925} INFO - DAG(s) 'latest_only' retrieved from /Users/pranavr/.pyenv/versions/3.11.6/lib/python3.11/site-packages/airflow/example_dags/example_latest_only.py
[2025-06-13T14:24:43.104-0400] {logging_mixin.py:190} INFO - [2025-06-13T14:24:43.104-0400] {dag.py:3239} INFO - Sync 1 DAGs
[2025-06-13T14:24:43.114-0400] {logging_mixin.py:190} INFO - [2025-06-13T14:24:43.114-0400] {dag.py:4180} INFO - Setting next_dagrun for latest_only to 2025-06-13T12:00:00+00:00, run_after=2025-06-13T16:00:00+00:00
[2025-06-13T14:24:43.124-0400] {processor.py:208} INFO - Processing /Users/pranavr/.pyenv/versions/3.11.6/lib/python3.11/site-packages/airflow/example_dags/example_latest_only.py took 128.211 seconds
[2025-06-13T14:27:46.290-0400] {processor.py:186} INFO - Started process (PID=8690) to work on /Users/pranavr/.pyenv/versions/3.11.6/lib/python3.11/site-packages/airflow/example_dags/example_latest_only.py
[2025-06-13T14:27:46.293-0400] {processor.py:914} INFO - Processing file /Users/pranavr/.pyenv/versions/3.11.6/lib/python3.11/site-packages/airflow/example_dags/example_latest_only.py for tasks to queue
[2025-06-13T14:27:46.294-0400] {logging_mixin.py:190} INFO - [2025-06-13T14:27:46.294-0400] {dagbag.py:588} INFO - Filling up the DagBag from /Users/pranavr/.pyenv/versions/3.11.6/lib/python3.11/site-packages/airflow/example_dags/example_latest_only.py
[2025-06-13T14:27:46.301-0400] {processor.py:925} INFO - DAG(s) 'latest_only' retrieved from /Users/pranavr/.pyenv/versions/3.11.6/lib/python3.11/site-packages/airflow/example_dags/example_latest_only.py
[2025-06-13T14:27:46.500-0400] {logging_mixin.py:190} INFO - [2025-06-13T14:27:46.500-0400] {dag.py:3239} INFO - Sync 1 DAGs
[2025-06-13T14:27:46.508-0400] {logging_mixin.py:190} INFO - [2025-06-13T14:27:46.508-0400] {dag.py:4180} INFO - Setting next_dagrun for latest_only to 2025-06-13T12:00:00+00:00, run_after=2025-06-13T16:00:00+00:00
[2025-06-13T14:27:46.518-0400] {processor.py:208} INFO - Processing /Users/pranavr/.pyenv/versions/3.11.6/lib/python3.11/site-packages/airflow/example_dags/example_latest_only.py took 230.234 seconds
[2025-06-13T14:30:47.863-0400] {processor.py:186} INFO - Started process (PID=9173) to work on /Users/pranavr/.pyenv/versions/3.11.6/lib/python3.11/site-packages/airflow/example_dags/example_latest_only.py
[2025-06-13T14:30:47.866-0400] {processor.py:914} INFO - Processing file /Users/pranavr/.pyenv/versions/3.11.6/lib/python3.11/site-packages/airflow/example_dags/example_latest_only.py for tasks to queue
[2025-06-13T14:30:47.867-0400] {logging_mixin.py:190} INFO - [2025-06-13T14:30:47.867-0400] {dagbag.py:588} INFO - Filling up the DagBag from /Users/pranavr/.pyenv/versions/3.11.6/lib/python3.11/site-packages/airflow/example_dags/example_latest_only.py
[2025-06-13T14:30:47.872-0400] {processor.py:925} INFO - DAG(s) 'latest_only' retrieved from /Users/pranavr/.pyenv/versions/3.11.6/lib/python3.11/site-packages/airflow/example_dags/example_latest_only.py
[2025-06-13T14:30:47.952-0400] {logging_mixin.py:190} INFO - [2025-06-13T14:30:47.951-0400] {dag.py:3239} INFO - Sync 1 DAGs
[2025-06-13T14:30:47.960-0400] {logging_mixin.py:190} INFO - [2025-06-13T14:30:47.960-0400] {dag.py:4180} INFO - Setting next_dagrun for latest_only to 2025-06-13T12:00:00+00:00, run_after=2025-06-13T16:00:00+00:00
[2025-06-13T14:30:47.969-0400] {processor.py:208} INFO - Processing /Users/pranavr/.pyenv/versions/3.11.6/lib/python3.11/site-packages/airflow/example_dags/example_latest_only.py took 106.947 seconds
[2025-06-13T14:33:49.255-0400] {processor.py:186} INFO - Started process (PID=9683) to work on /Users/pranavr/.pyenv/versions/3.11.6/lib/python3.11/site-packages/airflow/example_dags/example_latest_only.py
[2025-06-13T14:33:49.257-0400] {processor.py:914} INFO - Processing file /Users/pranavr/.pyenv/versions/3.11.6/lib/python3.11/site-packages/airflow/example_dags/example_latest_only.py for tasks to queue
[2025-06-13T14:33:49.257-0400] {logging_mixin.py:190} INFO - [2025-06-13T14:33:49.257-0400] {dagbag.py:588} INFO - Filling up the DagBag from /Users/pranavr/.pyenv/versions/3.11.6/lib/python3.11/site-packages/airflow/example_dags/example_latest_only.py
[2025-06-13T14:33:49.261-0400] {processor.py:925} INFO - DAG(s) 'latest_only' retrieved from /Users/pranavr/.pyenv/versions/3.11.6/lib/python3.11/site-packages/airflow/example_dags/example_latest_only.py
[2025-06-13T14:33:49.348-0400] {logging_mixin.py:190} INFO - [2025-06-13T14:33:49.347-0400] {dag.py:3239} INFO - Sync 1 DAGs
[2025-06-13T14:33:49.356-0400] {logging_mixin.py:190} INFO - [2025-06-13T14:33:49.356-0400] {dag.py:4180} INFO - Setting next_dagrun for latest_only to 2025-06-13T12:00:00+00:00, run_after=2025-06-13T16:00:00+00:00
[2025-06-13T14:33:49.369-0400] {processor.py:208} INFO - Processing /Users/pranavr/.pyenv/versions/3.11.6/lib/python3.11/site-packages/airflow/example_dags/example_latest_only.py took 115.686 seconds
[2025-06-13T14:36:51.750-0400] {processor.py:186} INFO - Started process (PID=10994) to work on /Users/pranavr/.pyenv/versions/3.11.6/lib/python3.11/site-packages/airflow/example_dags/example_latest_only.py
[2025-06-13T14:36:51.753-0400] {processor.py:914} INFO - Processing file /Users/pranavr/.pyenv/versions/3.11.6/lib/python3.11/site-packages/airflow/example_dags/example_latest_only.py for tasks to queue
[2025-06-13T14:36:51.754-0400] {logging_mixin.py:190} INFO - [2025-06-13T14:36:51.753-0400] {dagbag.py:588} INFO - Filling up the DagBag from /Users/pranavr/.pyenv/versions/3.11.6/lib/python3.11/site-packages/airflow/example_dags/example_latest_only.py
[2025-06-13T14:36:51.762-0400] {processor.py:925} INFO - DAG(s) 'latest_only' retrieved from /Users/pranavr/.pyenv/versions/3.11.6/lib/python3.11/site-packages/airflow/example_dags/example_latest_only.py
[2025-06-13T14:36:51.856-0400] {logging_mixin.py:190} INFO - [2025-06-13T14:36:51.856-0400] {dag.py:3239} INFO - Sync 1 DAGs
[2025-06-13T14:36:51.865-0400] {logging_mixin.py:190} INFO - [2025-06-13T14:36:51.865-0400] {dag.py:4180} INFO - Setting next_dagrun for latest_only to 2025-06-13T12:00:00+00:00, run_after=2025-06-13T16:00:00+00:00
[2025-06-13T14:36:51.873-0400] {processor.py:208} INFO - Processing /Users/pranavr/.pyenv/versions/3.11.6/lib/python3.11/site-packages/airflow/example_dags/example_latest_only.py took 124.974 seconds
[2025-06-13T14:39:44.469-0400] {processor.py:186} INFO - Started process (PID=11437) to work on /Users/pranavr/.pyenv/versions/3.11.6/lib/python3.11/site-packages/airflow/example_dags/example_latest_only.py
[2025-06-13T14:39:44.471-0400] {processor.py:914} INFO - Processing file /Users/pranavr/.pyenv/versions/3.11.6/lib/python3.11/site-packages/airflow/example_dags/example_latest_only.py for tasks to queue
[2025-06-13T14:39:44.472-0400] {logging_mixin.py:190} INFO - [2025-06-13T14:39:44.472-0400] {dagbag.py:588} INFO - Filling up the DagBag from /Users/pranavr/.pyenv/versions/3.11.6/lib/python3.11/site-packages/airflow/example_dags/example_latest_only.py
[2025-06-13T14:39:44.475-0400] {processor.py:925} INFO - DAG(s) 'latest_only' retrieved from /Users/pranavr/.pyenv/versions/3.11.6/lib/python3.11/site-packages/airflow/example_dags/example_latest_only.py
[2025-06-13T14:39:44.541-0400] {logging_mixin.py:190} INFO - [2025-06-13T14:39:44.540-0400] {dag.py:3239} INFO - Sync 1 DAGs
[2025-06-13T14:39:44.547-0400] {logging_mixin.py:190} INFO - [2025-06-13T14:39:44.547-0400] {dag.py:4180} INFO - Setting next_dagrun for latest_only to 2025-06-13T12:00:00+00:00, run_after=2025-06-13T16:00:00+00:00
[2025-06-13T14:39:44.554-0400] {processor.py:208} INFO - Processing /Users/pranavr/.pyenv/versions/3.11.6/lib/python3.11/site-packages/airflow/example_dags/example_latest_only.py took 86.121 seconds
[2025-06-13T14:42:18.279-0400] {processor.py:186} INFO - Started process (PID=11824) to work on /Users/pranavr/.pyenv/versions/3.11.6/lib/python3.11/site-packages/airflow/example_dags/example_latest_only.py
[2025-06-13T14:42:18.281-0400] {processor.py:914} INFO - Processing file /Users/pranavr/.pyenv/versions/3.11.6/lib/python3.11/site-packages/airflow/example_dags/example_latest_only.py for tasks to queue
[2025-06-13T14:42:18.282-0400] {logging_mixin.py:190} INFO - [2025-06-13T14:42:18.282-0400] {dagbag.py:588} INFO - Filling up the DagBag from /Users/pranavr/.pyenv/versions/3.11.6/lib/python3.11/site-packages/airflow/example_dags/example_latest_only.py
[2025-06-13T14:42:18.285-0400] {processor.py:925} INFO - DAG(s) 'latest_only' retrieved from /Users/pranavr/.pyenv/versions/3.11.6/lib/python3.11/site-packages/airflow/example_dags/example_latest_only.py
[2025-06-13T14:42:18.347-0400] {logging_mixin.py:190} INFO - [2025-06-13T14:42:18.347-0400] {dag.py:3239} INFO - Sync 1 DAGs
[2025-06-13T14:42:18.353-0400] {logging_mixin.py:190} INFO - [2025-06-13T14:42:18.353-0400] {dag.py:4180} INFO - Setting next_dagrun for latest_only to 2025-06-13T12:00:00+00:00, run_after=2025-06-13T16:00:00+00:00
[2025-06-13T14:42:18.360-0400] {processor.py:208} INFO - Processing /Users/pranavr/.pyenv/versions/3.11.6/lib/python3.11/site-packages/airflow/example_dags/example_latest_only.py took 81.827 seconds
[2025-06-13T14:44:42.624-0400] {processor.py:186} INFO - Started process (PID=12072) to work on /Users/pranavr/.pyenv/versions/3.11.6/lib/python3.11/site-packages/airflow/example_dags/example_latest_only.py
[2025-06-13T14:44:42.626-0400] {processor.py:914} INFO - Processing file /Users/pranavr/.pyenv/versions/3.11.6/lib/python3.11/site-packages/airflow/example_dags/example_latest_only.py for tasks to queue
[2025-06-13T14:44:42.626-0400] {logging_mixin.py:190} INFO - [2025-06-13T14:44:42.626-0400] {dagbag.py:588} INFO - Filling up the DagBag from /Users/pranavr/.pyenv/versions/3.11.6/lib/python3.11/site-packages/airflow/example_dags/example_latest_only.py
[2025-06-13T14:44:42.629-0400] {processor.py:925} INFO - DAG(s) 'latest_only' retrieved from /Users/pranavr/.pyenv/versions/3.11.6/lib/python3.11/site-packages/airflow/example_dags/example_latest_only.py
[2025-06-13T14:44:42.695-0400] {logging_mixin.py:190} INFO - [2025-06-13T14:44:42.694-0400] {dag.py:3239} INFO - Sync 1 DAGs
[2025-06-13T14:44:42.701-0400] {logging_mixin.py:190} INFO - [2025-06-13T14:44:42.701-0400] {dag.py:4180} INFO - Setting next_dagrun for latest_only to 2025-06-13T12:00:00+00:00, run_after=2025-06-13T16:00:00+00:00
[2025-06-13T14:44:42.709-0400] {processor.py:208} INFO - Processing /Users/pranavr/.pyenv/versions/3.11.6/lib/python3.11/site-packages/airflow/example_dags/example_latest_only.py took 86.092 seconds
[2025-06-13T14:47:06.920-0400] {processor.py:186} INFO - Started process (PID=12378) to work on /Users/pranavr/.pyenv/versions/3.11.6/lib/python3.11/site-packages/airflow/example_dags/example_latest_only.py
[2025-06-13T14:47:06.922-0400] {processor.py:914} INFO - Processing file /Users/pranavr/.pyenv/versions/3.11.6/lib/python3.11/site-packages/airflow/example_dags/example_latest_only.py for tasks to queue
[2025-06-13T14:47:06.922-0400] {logging_mixin.py:190} INFO - [2025-06-13T14:47:06.922-0400] {dagbag.py:588} INFO - Filling up the DagBag from /Users/pranavr/.pyenv/versions/3.11.6/lib/python3.11/site-packages/airflow/example_dags/example_latest_only.py
[2025-06-13T14:47:06.925-0400] {processor.py:925} INFO - DAG(s) 'latest_only' retrieved from /Users/pranavr/.pyenv/versions/3.11.6/lib/python3.11/site-packages/airflow/example_dags/example_latest_only.py
[2025-06-13T14:47:06.987-0400] {logging_mixin.py:190} INFO - [2025-06-13T14:47:06.987-0400] {dag.py:3239} INFO - Sync 1 DAGs
[2025-06-13T14:47:06.993-0400] {logging_mixin.py:190} INFO - [2025-06-13T14:47:06.993-0400] {dag.py:4180} INFO - Setting next_dagrun for latest_only to 2025-06-13T12:00:00+00:00, run_after=2025-06-13T16:00:00+00:00
[2025-06-13T14:47:07.000-0400] {processor.py:208} INFO - Processing /Users/pranavr/.pyenv/versions/3.11.6/lib/python3.11/site-packages/airflow/example_dags/example_latest_only.py took 81.006 seconds
[2025-06-13T14:49:36.868-0400] {processor.py:186} INFO - Started process (PID=12610) to work on /Users/pranavr/.pyenv/versions/3.11.6/lib/python3.11/site-packages/airflow/example_dags/example_latest_only.py
[2025-06-13T14:49:36.870-0400] {processor.py:914} INFO - Processing file /Users/pranavr/.pyenv/versions/3.11.6/lib/python3.11/site-packages/airflow/example_dags/example_latest_only.py for tasks to queue
[2025-06-13T14:49:36.871-0400] {logging_mixin.py:190} INFO - [2025-06-13T14:49:36.870-0400] {dagbag.py:588} INFO - Filling up the DagBag from /Users/pranavr/.pyenv/versions/3.11.6/lib/python3.11/site-packages/airflow/example_dags/example_latest_only.py
[2025-06-13T14:49:36.874-0400] {processor.py:925} INFO - DAG(s) 'latest_only' retrieved from /Users/pranavr/.pyenv/versions/3.11.6/lib/python3.11/site-packages/airflow/example_dags/example_latest_only.py
[2025-06-13T14:49:36.941-0400] {logging_mixin.py:190} INFO - [2025-06-13T14:49:36.941-0400] {dag.py:3239} INFO - Sync 1 DAGs
[2025-06-13T14:49:36.948-0400] {logging_mixin.py:190} INFO - [2025-06-13T14:49:36.948-0400] {dag.py:4180} INFO - Setting next_dagrun for latest_only to 2025-06-13T12:00:00+00:00, run_after=2025-06-13T16:00:00+00:00
[2025-06-13T14:49:36.955-0400] {processor.py:208} INFO - Processing /Users/pranavr/.pyenv/versions/3.11.6/lib/python3.11/site-packages/airflow/example_dags/example_latest_only.py took 88.497 seconds
[2025-06-13T14:52:06.785-0400] {processor.py:186} INFO - Started process (PID=13968) to work on /Users/pranavr/.pyenv/versions/3.11.6/lib/python3.11/site-packages/airflow/example_dags/example_latest_only.py
[2025-06-13T14:52:06.787-0400] {processor.py:914} INFO - Processing file /Users/pranavr/.pyenv/versions/3.11.6/lib/python3.11/site-packages/airflow/example_dags/example_latest_only.py for tasks to queue
[2025-06-13T14:52:06.788-0400] {logging_mixin.py:190} INFO - [2025-06-13T14:52:06.788-0400] {dagbag.py:588} INFO - Filling up the DagBag from /Users/pranavr/.pyenv/versions/3.11.6/lib/python3.11/site-packages/airflow/example_dags/example_latest_only.py
[2025-06-13T14:52:06.791-0400] {processor.py:925} INFO - DAG(s) 'latest_only' retrieved from /Users/pranavr/.pyenv/versions/3.11.6/lib/python3.11/site-packages/airflow/example_dags/example_latest_only.py
[2025-06-13T14:52:06.854-0400] {logging_mixin.py:190} INFO - [2025-06-13T14:52:06.854-0400] {dag.py:3239} INFO - Sync 1 DAGs
[2025-06-13T14:52:06.860-0400] {logging_mixin.py:190} INFO - [2025-06-13T14:52:06.860-0400] {dag.py:4180} INFO - Setting next_dagrun for latest_only to 2025-06-13T12:00:00+00:00, run_after=2025-06-13T16:00:00+00:00
[2025-06-13T14:52:06.867-0400] {processor.py:208} INFO - Processing /Users/pranavr/.pyenv/versions/3.11.6/lib/python3.11/site-packages/airflow/example_dags/example_latest_only.py took 83.175 seconds
[2025-06-13T14:54:36.085-0400] {processor.py:186} INFO - Started process (PID=14194) to work on /Users/pranavr/.pyenv/versions/3.11.6/lib/python3.11/site-packages/airflow/example_dags/example_latest_only.py
[2025-06-13T14:54:36.087-0400] {processor.py:914} INFO - Processing file /Users/pranavr/.pyenv/versions/3.11.6/lib/python3.11/site-packages/airflow/example_dags/example_latest_only.py for tasks to queue
[2025-06-13T14:54:36.087-0400] {logging_mixin.py:190} INFO - [2025-06-13T14:54:36.087-0400] {dagbag.py:588} INFO - Filling up the DagBag from /Users/pranavr/.pyenv/versions/3.11.6/lib/python3.11/site-packages/airflow/example_dags/example_latest_only.py
[2025-06-13T14:54:36.091-0400] {processor.py:925} INFO - DAG(s) 'latest_only' retrieved from /Users/pranavr/.pyenv/versions/3.11.6/lib/python3.11/site-packages/airflow/example_dags/example_latest_only.py
[2025-06-13T14:54:36.158-0400] {logging_mixin.py:190} INFO - [2025-06-13T14:54:36.158-0400] {dag.py:3239} INFO - Sync 1 DAGs
[2025-06-13T14:54:36.166-0400] {logging_mixin.py:190} INFO - [2025-06-13T14:54:36.166-0400] {dag.py:4180} INFO - Setting next_dagrun for latest_only to 2025-06-13T12:00:00+00:00, run_after=2025-06-13T16:00:00+00:00
[2025-06-13T14:54:36.172-0400] {processor.py:208} INFO - Processing /Users/pranavr/.pyenv/versions/3.11.6/lib/python3.11/site-packages/airflow/example_dags/example_latest_only.py took 88.961 seconds
[2025-06-13T14:57:08.238-0400] {processor.py:186} INFO - Started process (PID=14437) to work on /Users/pranavr/.pyenv/versions/3.11.6/lib/python3.11/site-packages/airflow/example_dags/example_latest_only.py
[2025-06-13T14:57:08.241-0400] {processor.py:914} INFO - Processing file /Users/pranavr/.pyenv/versions/3.11.6/lib/python3.11/site-packages/airflow/example_dags/example_latest_only.py for tasks to queue
[2025-06-13T14:57:08.241-0400] {logging_mixin.py:190} INFO - [2025-06-13T14:57:08.241-0400] {dagbag.py:588} INFO - Filling up the DagBag from /Users/pranavr/.pyenv/versions/3.11.6/lib/python3.11/site-packages/airflow/example_dags/example_latest_only.py
[2025-06-13T14:57:08.244-0400] {processor.py:925} INFO - DAG(s) 'latest_only' retrieved from /Users/pranavr/.pyenv/versions/3.11.6/lib/python3.11/site-packages/airflow/example_dags/example_latest_only.py
[2025-06-13T14:57:08.307-0400] {logging_mixin.py:190} INFO - [2025-06-13T14:57:08.306-0400] {dag.py:3239} INFO - Sync 1 DAGs
[2025-06-13T14:57:08.313-0400] {logging_mixin.py:190} INFO - [2025-06-13T14:57:08.312-0400] {dag.py:4180} INFO - Setting next_dagrun for latest_only to 2025-06-13T12:00:00+00:00, run_after=2025-06-13T16:00:00+00:00
[2025-06-13T14:57:08.319-0400] {processor.py:208} INFO - Processing /Users/pranavr/.pyenv/versions/3.11.6/lib/python3.11/site-packages/airflow/example_dags/example_latest_only.py took 82.488 seconds
[2025-06-13T14:59:53.565-0400] {processor.py:186} INFO - Started process (PID=14809) to work on /Users/pranavr/.pyenv/versions/3.11.6/lib/python3.11/site-packages/airflow/example_dags/example_latest_only.py
[2025-06-13T14:59:53.567-0400] {processor.py:914} INFO - Processing file /Users/pranavr/.pyenv/versions/3.11.6/lib/python3.11/site-packages/airflow/example_dags/example_latest_only.py for tasks to queue
[2025-06-13T14:59:53.568-0400] {logging_mixin.py:190} INFO - [2025-06-13T14:59:53.568-0400] {dagbag.py:588} INFO - Filling up the DagBag from /Users/pranavr/.pyenv/versions/3.11.6/lib/python3.11/site-packages/airflow/example_dags/example_latest_only.py
[2025-06-13T14:59:53.573-0400] {processor.py:925} INFO - DAG(s) 'latest_only' retrieved from /Users/pranavr/.pyenv/versions/3.11.6/lib/python3.11/site-packages/airflow/example_dags/example_latest_only.py
[2025-06-13T14:59:53.655-0400] {logging_mixin.py:190} INFO - [2025-06-13T14:59:53.655-0400] {dag.py:3239} INFO - Sync 1 DAGs
[2025-06-13T14:59:53.663-0400] {logging_mixin.py:190} INFO - [2025-06-13T14:59:53.663-0400] {dag.py:4180} INFO - Setting next_dagrun for latest_only to 2025-06-13T12:00:00+00:00, run_after=2025-06-13T16:00:00+00:00
[2025-06-13T14:59:53.671-0400] {processor.py:208} INFO - Processing /Users/pranavr/.pyenv/versions/3.11.6/lib/python3.11/site-packages/airflow/example_dags/example_latest_only.py took 107.624 seconds
[2025-06-13T15:01:30.983-0400] {processor.py:186} INFO - Started process (PID=15144) to work on /Users/pranavr/.pyenv/versions/3.11.6/lib/python3.11/site-packages/airflow/example_dags/example_latest_only.py
[2025-06-13T15:01:30.985-0400] {processor.py:914} INFO - Processing file /Users/pranavr/.pyenv/versions/3.11.6/lib/python3.11/site-packages/airflow/example_dags/example_latest_only.py for tasks to queue
[2025-06-13T15:01:30.986-0400] {logging_mixin.py:190} INFO - [2025-06-13T15:01:30.986-0400] {dagbag.py:588} INFO - Filling up the DagBag from /Users/pranavr/.pyenv/versions/3.11.6/lib/python3.11/site-packages/airflow/example_dags/example_latest_only.py
[2025-06-13T15:01:30.990-0400] {processor.py:925} INFO - DAG(s) 'latest_only' retrieved from /Users/pranavr/.pyenv/versions/3.11.6/lib/python3.11/site-packages/airflow/example_dags/example_latest_only.py
[2025-06-13T15:01:31.072-0400] {logging_mixin.py:190} INFO - [2025-06-13T15:01:31.072-0400] {dag.py:3239} INFO - Sync 1 DAGs
[2025-06-13T15:01:31.080-0400] {logging_mixin.py:190} INFO - [2025-06-13T15:01:31.079-0400] {dag.py:4180} INFO - Setting next_dagrun for latest_only to 2025-06-13T12:00:00+00:00, run_after=2025-06-13T16:00:00+00:00
[2025-06-13T15:01:31.088-0400] {processor.py:208} INFO - Processing /Users/pranavr/.pyenv/versions/3.11.6/lib/python3.11/site-packages/airflow/example_dags/example_latest_only.py took 105.924 seconds
