[2025-06-13T14:22:11.434-0400] {processor.py:186} INFO - Started process (PID=7551) to work on /Users/pranavr/.pyenv/versions/3.11.6/lib/python3.11/site-packages/airflow/example_dags/example_setup_teardown.py
[2025-06-13T14:22:11.436-0400] {processor.py:914} INFO - Processing file /Users/pranavr/.pyenv/versions/3.11.6/lib/python3.11/site-packages/airflow/example_dags/example_setup_teardown.py for tasks to queue
[2025-06-13T14:22:11.437-0400] {logging_mixin.py:190} INFO - [2025-06-13T14:22:11.436-0400] {dagbag.py:588} INFO - Filling up the DagBag from /Users/pranavr/.pyenv/versions/3.11.6/lib/python3.11/site-packages/airflow/example_dags/example_setup_teardown.py
[2025-06-13T14:22:11.441-0400] {processor.py:925} INFO - DAG(s) 'example_setup_teardown' retrieved from /Users/pranavr/.pyenv/versions/3.11.6/lib/python3.11/site-packages/airflow/example_dags/example_setup_teardown.py
[2025-06-13T14:22:11.578-0400] {logging_mixin.py:190} INFO - [2025-06-13T14:22:11.578-0400] {dag.py:3239} INFO - Sync 1 DAGs
[2025-06-13T14:22:11.583-0400] {logging_mixin.py:190} INFO - [2025-06-13T14:22:11.583-0400] {dag.py:4180} INFO - Setting next_dagrun for example_setup_teardown to None, run_after=None
[2025-06-13T14:22:11.593-0400] {processor.py:208} INFO - Processing /Users/pranavr/.pyenv/versions/3.11.6/lib/python3.11/site-packages/airflow/example_dags/example_setup_teardown.py took 160.360 seconds
[2025-06-13T14:24:17.882-0400] {processor.py:186} INFO - Started process (PID=7901) to work on /Users/pranavr/.pyenv/versions/3.11.6/lib/python3.11/site-packages/airflow/example_dags/example_setup_teardown.py
[2025-06-13T14:24:17.884-0400] {processor.py:914} INFO - Processing file /Users/pranavr/.pyenv/versions/3.11.6/lib/python3.11/site-packages/airflow/example_dags/example_setup_teardown.py for tasks to queue
[2025-06-13T14:24:17.885-0400] {logging_mixin.py:190} INFO - [2025-06-13T14:24:17.885-0400] {dagbag.py:588} INFO - Filling up the DagBag from /Users/pranavr/.pyenv/versions/3.11.6/lib/python3.11/site-packages/airflow/example_dags/example_setup_teardown.py
[2025-06-13T14:24:17.891-0400] {processor.py:925} INFO - DAG(s) 'example_setup_teardown' retrieved from /Users/pranavr/.pyenv/versions/3.11.6/lib/python3.11/site-packages/airflow/example_dags/example_setup_teardown.py
[2025-06-13T14:24:17.980-0400] {logging_mixin.py:190} INFO - [2025-06-13T14:24:17.980-0400] {dag.py:3239} INFO - Sync 1 DAGs
[2025-06-13T14:24:17.985-0400] {logging_mixin.py:190} INFO - [2025-06-13T14:24:17.985-0400] {dag.py:4180} INFO - Setting next_dagrun for example_setup_teardown to None, run_after=None
[2025-06-13T14:24:17.995-0400] {processor.py:208} INFO - Processing /Users/pranavr/.pyenv/versions/3.11.6/lib/python3.11/site-packages/airflow/example_dags/example_setup_teardown.py took 114.963 seconds
[2025-06-13T14:25:48.684-0400] {processor.py:186} INFO - Started process (PID=8010) to work on /Users/pranavr/.pyenv/versions/3.11.6/lib/python3.11/site-packages/airflow/example_dags/example_setup_teardown.py
[2025-06-13T14:25:48.687-0400] {processor.py:914} INFO - Processing file /Users/pranavr/.pyenv/versions/3.11.6/lib/python3.11/site-packages/airflow/example_dags/example_setup_teardown.py for tasks to queue
[2025-06-13T14:25:48.688-0400] {logging_mixin.py:190} INFO - [2025-06-13T14:25:48.688-0400] {dagbag.py:588} INFO - Filling up the DagBag from /Users/pranavr/.pyenv/versions/3.11.6/lib/python3.11/site-packages/airflow/example_dags/example_setup_teardown.py
[2025-06-13T14:25:48.702-0400] {processor.py:925} INFO - DAG(s) 'example_setup_teardown' retrieved from /Users/pranavr/.pyenv/versions/3.11.6/lib/python3.11/site-packages/airflow/example_dags/example_setup_teardown.py
[2025-06-13T14:25:48.793-0400] {logging_mixin.py:190} INFO - [2025-06-13T14:25:48.793-0400] {dag.py:3239} INFO - Sync 1 DAGs
[2025-06-13T14:25:48.798-0400] {logging_mixin.py:190} INFO - [2025-06-13T14:25:48.798-0400] {dag.py:4180} INFO - Setting next_dagrun for example_setup_teardown to None, run_after=None
[2025-06-13T14:25:48.807-0400] {processor.py:208} INFO - Processing /Users/pranavr/.pyenv/versions/3.11.6/lib/python3.11/site-packages/airflow/example_dags/example_setup_teardown.py took 124.474 seconds
[2025-06-13T14:27:20.719-0400] {processor.py:186} INFO - Started process (PID=8636) to work on /Users/pranavr/.pyenv/versions/3.11.6/lib/python3.11/site-packages/airflow/example_dags/example_setup_teardown.py
[2025-06-13T14:27:20.722-0400] {processor.py:914} INFO - Processing file /Users/pranavr/.pyenv/versions/3.11.6/lib/python3.11/site-packages/airflow/example_dags/example_setup_teardown.py for tasks to queue
[2025-06-13T14:27:20.722-0400] {logging_mixin.py:190} INFO - [2025-06-13T14:27:20.722-0400] {dagbag.py:588} INFO - Filling up the DagBag from /Users/pranavr/.pyenv/versions/3.11.6/lib/python3.11/site-packages/airflow/example_dags/example_setup_teardown.py
[2025-06-13T14:27:20.727-0400] {processor.py:925} INFO - DAG(s) 'example_setup_teardown' retrieved from /Users/pranavr/.pyenv/versions/3.11.6/lib/python3.11/site-packages/airflow/example_dags/example_setup_teardown.py
[2025-06-13T14:27:20.821-0400] {logging_mixin.py:190} INFO - [2025-06-13T14:27:20.820-0400] {dag.py:3239} INFO - Sync 1 DAGs
[2025-06-13T14:27:20.826-0400] {logging_mixin.py:190} INFO - [2025-06-13T14:27:20.826-0400] {dag.py:4180} INFO - Setting next_dagrun for example_setup_teardown to None, run_after=None
[2025-06-13T14:27:20.840-0400] {processor.py:208} INFO - Processing /Users/pranavr/.pyenv/versions/3.11.6/lib/python3.11/site-packages/airflow/example_dags/example_setup_teardown.py took 122.099 seconds
[2025-06-13T14:28:50.882-0400] {processor.py:186} INFO - Started process (PID=8822) to work on /Users/pranavr/.pyenv/versions/3.11.6/lib/python3.11/site-packages/airflow/example_dags/example_setup_teardown.py
[2025-06-13T14:28:50.884-0400] {processor.py:914} INFO - Processing file /Users/pranavr/.pyenv/versions/3.11.6/lib/python3.11/site-packages/airflow/example_dags/example_setup_teardown.py for tasks to queue
[2025-06-13T14:28:50.885-0400] {logging_mixin.py:190} INFO - [2025-06-13T14:28:50.885-0400] {dagbag.py:588} INFO - Filling up the DagBag from /Users/pranavr/.pyenv/versions/3.11.6/lib/python3.11/site-packages/airflow/example_dags/example_setup_teardown.py
[2025-06-13T14:28:50.890-0400] {processor.py:925} INFO - DAG(s) 'example_setup_teardown' retrieved from /Users/pranavr/.pyenv/versions/3.11.6/lib/python3.11/site-packages/airflow/example_dags/example_setup_teardown.py
[2025-06-13T14:28:50.978-0400] {logging_mixin.py:190} INFO - [2025-06-13T14:28:50.978-0400] {dag.py:3239} INFO - Sync 1 DAGs
[2025-06-13T14:28:50.983-0400] {logging_mixin.py:190} INFO - [2025-06-13T14:28:50.983-0400] {dag.py:4180} INFO - Setting next_dagrun for example_setup_teardown to None, run_after=None
[2025-06-13T14:28:50.993-0400] {processor.py:208} INFO - Processing /Users/pranavr/.pyenv/versions/3.11.6/lib/python3.11/site-packages/airflow/example_dags/example_setup_teardown.py took 112.803 seconds
[2025-06-13T14:30:22.570-0400] {processor.py:186} INFO - Started process (PID=8988) to work on /Users/pranavr/.pyenv/versions/3.11.6/lib/python3.11/site-packages/airflow/example_dags/example_setup_teardown.py
[2025-06-13T14:30:22.574-0400] {processor.py:914} INFO - Processing file /Users/pranavr/.pyenv/versions/3.11.6/lib/python3.11/site-packages/airflow/example_dags/example_setup_teardown.py for tasks to queue
[2025-06-13T14:30:22.575-0400] {logging_mixin.py:190} INFO - [2025-06-13T14:30:22.575-0400] {dagbag.py:588} INFO - Filling up the DagBag from /Users/pranavr/.pyenv/versions/3.11.6/lib/python3.11/site-packages/airflow/example_dags/example_setup_teardown.py
[2025-06-13T14:30:22.580-0400] {processor.py:925} INFO - DAG(s) 'example_setup_teardown' retrieved from /Users/pranavr/.pyenv/versions/3.11.6/lib/python3.11/site-packages/airflow/example_dags/example_setup_teardown.py
[2025-06-13T14:30:22.664-0400] {logging_mixin.py:190} INFO - [2025-06-13T14:30:22.663-0400] {dag.py:3239} INFO - Sync 1 DAGs
[2025-06-13T14:30:22.669-0400] {logging_mixin.py:190} INFO - [2025-06-13T14:30:22.669-0400] {dag.py:4180} INFO - Setting next_dagrun for example_setup_teardown to None, run_after=None
[2025-06-13T14:30:22.677-0400] {processor.py:208} INFO - Processing /Users/pranavr/.pyenv/versions/3.11.6/lib/python3.11/site-packages/airflow/example_dags/example_setup_teardown.py took 110.813 seconds
[2025-06-13T14:31:51.082-0400] {processor.py:186} INFO - Started process (PID=9389) to work on /Users/pranavr/.pyenv/versions/3.11.6/lib/python3.11/site-packages/airflow/example_dags/example_setup_teardown.py
[2025-06-13T14:31:51.085-0400] {processor.py:914} INFO - Processing file /Users/pranavr/.pyenv/versions/3.11.6/lib/python3.11/site-packages/airflow/example_dags/example_setup_teardown.py for tasks to queue
[2025-06-13T14:31:51.085-0400] {logging_mixin.py:190} INFO - [2025-06-13T14:31:51.085-0400] {dagbag.py:588} INFO - Filling up the DagBag from /Users/pranavr/.pyenv/versions/3.11.6/lib/python3.11/site-packages/airflow/example_dags/example_setup_teardown.py
[2025-06-13T14:31:51.091-0400] {processor.py:925} INFO - DAG(s) 'example_setup_teardown' retrieved from /Users/pranavr/.pyenv/versions/3.11.6/lib/python3.11/site-packages/airflow/example_dags/example_setup_teardown.py
[2025-06-13T14:31:51.177-0400] {logging_mixin.py:190} INFO - [2025-06-13T14:31:51.177-0400] {dag.py:3239} INFO - Sync 1 DAGs
[2025-06-13T14:31:51.182-0400] {logging_mixin.py:190} INFO - [2025-06-13T14:31:51.182-0400] {dag.py:4180} INFO - Setting next_dagrun for example_setup_teardown to None, run_after=None
[2025-06-13T14:31:51.192-0400] {processor.py:208} INFO - Processing /Users/pranavr/.pyenv/versions/3.11.6/lib/python3.11/site-packages/airflow/example_dags/example_setup_teardown.py took 110.873 seconds
[2025-06-13T14:33:24.437-0400] {processor.py:186} INFO - Started process (PID=9621) to work on /Users/pranavr/.pyenv/versions/3.11.6/lib/python3.11/site-packages/airflow/example_dags/example_setup_teardown.py
[2025-06-13T14:33:24.439-0400] {processor.py:914} INFO - Processing file /Users/pranavr/.pyenv/versions/3.11.6/lib/python3.11/site-packages/airflow/example_dags/example_setup_teardown.py for tasks to queue
[2025-06-13T14:33:24.439-0400] {logging_mixin.py:190} INFO - [2025-06-13T14:33:24.439-0400] {dagbag.py:588} INFO - Filling up the DagBag from /Users/pranavr/.pyenv/versions/3.11.6/lib/python3.11/site-packages/airflow/example_dags/example_setup_teardown.py
[2025-06-13T14:33:24.445-0400] {processor.py:925} INFO - DAG(s) 'example_setup_teardown' retrieved from /Users/pranavr/.pyenv/versions/3.11.6/lib/python3.11/site-packages/airflow/example_dags/example_setup_teardown.py
[2025-06-13T14:33:24.528-0400] {logging_mixin.py:190} INFO - [2025-06-13T14:33:24.527-0400] {dag.py:3239} INFO - Sync 1 DAGs
[2025-06-13T14:33:24.533-0400] {logging_mixin.py:190} INFO - [2025-06-13T14:33:24.533-0400] {dag.py:4180} INFO - Setting next_dagrun for example_setup_teardown to None, run_after=None
[2025-06-13T14:33:24.543-0400] {processor.py:208} INFO - Processing /Users/pranavr/.pyenv/versions/3.11.6/lib/python3.11/site-packages/airflow/example_dags/example_setup_teardown.py took 108.868 seconds
[2025-06-13T14:34:55.983-0400] {processor.py:186} INFO - Started process (PID=10092) to work on /Users/pranavr/.pyenv/versions/3.11.6/lib/python3.11/site-packages/airflow/example_dags/example_setup_teardown.py
[2025-06-13T14:34:55.985-0400] {processor.py:914} INFO - Processing file /Users/pranavr/.pyenv/versions/3.11.6/lib/python3.11/site-packages/airflow/example_dags/example_setup_teardown.py for tasks to queue
[2025-06-13T14:34:55.986-0400] {logging_mixin.py:190} INFO - [2025-06-13T14:34:55.986-0400] {dagbag.py:588} INFO - Filling up the DagBag from /Users/pranavr/.pyenv/versions/3.11.6/lib/python3.11/site-packages/airflow/example_dags/example_setup_teardown.py
[2025-06-13T14:34:55.991-0400] {processor.py:925} INFO - DAG(s) 'example_setup_teardown' retrieved from /Users/pranavr/.pyenv/versions/3.11.6/lib/python3.11/site-packages/airflow/example_dags/example_setup_teardown.py
[2025-06-13T14:34:56.077-0400] {logging_mixin.py:190} INFO - [2025-06-13T14:34:56.077-0400] {dag.py:3239} INFO - Sync 1 DAGs
[2025-06-13T14:34:56.082-0400] {logging_mixin.py:190} INFO - [2025-06-13T14:34:56.082-0400] {dag.py:4180} INFO - Setting next_dagrun for example_setup_teardown to None, run_after=None
[2025-06-13T14:34:56.090-0400] {processor.py:208} INFO - Processing /Users/pranavr/.pyenv/versions/3.11.6/lib/python3.11/site-packages/airflow/example_dags/example_setup_teardown.py took 108.672 seconds
[2025-06-13T14:36:26.995-0400] {processor.py:186} INFO - Started process (PID=10923) to work on /Users/pranavr/.pyenv/versions/3.11.6/lib/python3.11/site-packages/airflow/example_dags/example_setup_teardown.py
[2025-06-13T14:36:26.997-0400] {processor.py:914} INFO - Processing file /Users/pranavr/.pyenv/versions/3.11.6/lib/python3.11/site-packages/airflow/example_dags/example_setup_teardown.py for tasks to queue
[2025-06-13T14:36:26.998-0400] {logging_mixin.py:190} INFO - [2025-06-13T14:36:26.998-0400] {dagbag.py:588} INFO - Filling up the DagBag from /Users/pranavr/.pyenv/versions/3.11.6/lib/python3.11/site-packages/airflow/example_dags/example_setup_teardown.py
[2025-06-13T14:36:27.002-0400] {processor.py:925} INFO - DAG(s) 'example_setup_teardown' retrieved from /Users/pranavr/.pyenv/versions/3.11.6/lib/python3.11/site-packages/airflow/example_dags/example_setup_teardown.py
[2025-06-13T14:36:27.090-0400] {logging_mixin.py:190} INFO - [2025-06-13T14:36:27.090-0400] {dag.py:3239} INFO - Sync 1 DAGs
[2025-06-13T14:36:27.095-0400] {logging_mixin.py:190} INFO - [2025-06-13T14:36:27.095-0400] {dag.py:4180} INFO - Setting next_dagrun for example_setup_teardown to None, run_after=None
[2025-06-13T14:36:27.105-0400] {processor.py:208} INFO - Processing /Users/pranavr/.pyenv/versions/3.11.6/lib/python3.11/site-packages/airflow/example_dags/example_setup_teardown.py took 111.007 seconds
[2025-06-13T14:37:55.899-0400] {processor.py:186} INFO - Started process (PID=11137) to work on /Users/pranavr/.pyenv/versions/3.11.6/lib/python3.11/site-packages/airflow/example_dags/example_setup_teardown.py
[2025-06-13T14:37:55.901-0400] {processor.py:914} INFO - Processing file /Users/pranavr/.pyenv/versions/3.11.6/lib/python3.11/site-packages/airflow/example_dags/example_setup_teardown.py for tasks to queue
[2025-06-13T14:37:55.902-0400] {logging_mixin.py:190} INFO - [2025-06-13T14:37:55.902-0400] {dagbag.py:588} INFO - Filling up the DagBag from /Users/pranavr/.pyenv/versions/3.11.6/lib/python3.11/site-packages/airflow/example_dags/example_setup_teardown.py
[2025-06-13T14:37:55.907-0400] {processor.py:925} INFO - DAG(s) 'example_setup_teardown' retrieved from /Users/pranavr/.pyenv/versions/3.11.6/lib/python3.11/site-packages/airflow/example_dags/example_setup_teardown.py
[2025-06-13T14:37:55.991-0400] {logging_mixin.py:190} INFO - [2025-06-13T14:37:55.991-0400] {dag.py:3239} INFO - Sync 1 DAGs
[2025-06-13T14:37:55.996-0400] {logging_mixin.py:190} INFO - [2025-06-13T14:37:55.996-0400] {dag.py:4180} INFO - Setting next_dagrun for example_setup_teardown to None, run_after=None
[2025-06-13T14:37:56.005-0400] {processor.py:208} INFO - Processing /Users/pranavr/.pyenv/versions/3.11.6/lib/python3.11/site-packages/airflow/example_dags/example_setup_teardown.py took 107.861 seconds
[2025-06-13T14:39:22.958-0400] {processor.py:186} INFO - Started process (PID=11384) to work on /Users/pranavr/.pyenv/versions/3.11.6/lib/python3.11/site-packages/airflow/example_dags/example_setup_teardown.py
[2025-06-13T14:39:22.960-0400] {processor.py:914} INFO - Processing file /Users/pranavr/.pyenv/versions/3.11.6/lib/python3.11/site-packages/airflow/example_dags/example_setup_teardown.py for tasks to queue
[2025-06-13T14:39:22.961-0400] {logging_mixin.py:190} INFO - [2025-06-13T14:39:22.960-0400] {dagbag.py:588} INFO - Filling up the DagBag from /Users/pranavr/.pyenv/versions/3.11.6/lib/python3.11/site-packages/airflow/example_dags/example_setup_teardown.py
[2025-06-13T14:39:22.964-0400] {processor.py:925} INFO - DAG(s) 'example_setup_teardown' retrieved from /Users/pranavr/.pyenv/versions/3.11.6/lib/python3.11/site-packages/airflow/example_dags/example_setup_teardown.py
[2025-06-13T14:39:23.035-0400] {logging_mixin.py:190} INFO - [2025-06-13T14:39:23.035-0400] {dag.py:3239} INFO - Sync 1 DAGs
[2025-06-13T14:39:23.039-0400] {logging_mixin.py:190} INFO - [2025-06-13T14:39:23.039-0400] {dag.py:4180} INFO - Setting next_dagrun for example_setup_teardown to None, run_after=None
[2025-06-13T14:39:23.049-0400] {processor.py:208} INFO - Processing /Users/pranavr/.pyenv/versions/3.11.6/lib/python3.11/site-packages/airflow/example_dags/example_setup_teardown.py took 91.932 seconds
[2025-06-13T14:40:44.920-0400] {processor.py:186} INFO - Started process (PID=11631) to work on /Users/pranavr/.pyenv/versions/3.11.6/lib/python3.11/site-packages/airflow/example_dags/example_setup_teardown.py
[2025-06-13T14:40:44.922-0400] {processor.py:914} INFO - Processing file /Users/pranavr/.pyenv/versions/3.11.6/lib/python3.11/site-packages/airflow/example_dags/example_setup_teardown.py for tasks to queue
[2025-06-13T14:40:44.923-0400] {logging_mixin.py:190} INFO - [2025-06-13T14:40:44.923-0400] {dagbag.py:588} INFO - Filling up the DagBag from /Users/pranavr/.pyenv/versions/3.11.6/lib/python3.11/site-packages/airflow/example_dags/example_setup_teardown.py
[2025-06-13T14:40:44.927-0400] {processor.py:925} INFO - DAG(s) 'example_setup_teardown' retrieved from /Users/pranavr/.pyenv/versions/3.11.6/lib/python3.11/site-packages/airflow/example_dags/example_setup_teardown.py
[2025-06-13T14:40:45.000-0400] {logging_mixin.py:190} INFO - [2025-06-13T14:40:45.000-0400] {dag.py:3239} INFO - Sync 1 DAGs
[2025-06-13T14:40:45.004-0400] {logging_mixin.py:190} INFO - [2025-06-13T14:40:45.004-0400] {dag.py:4180} INFO - Setting next_dagrun for example_setup_teardown to None, run_after=None
[2025-06-13T14:40:45.011-0400] {processor.py:208} INFO - Processing /Users/pranavr/.pyenv/versions/3.11.6/lib/python3.11/site-packages/airflow/example_dags/example_setup_teardown.py took 92.289 seconds
[2025-06-13T14:43:13.273-0400] {processor.py:186} INFO - Started process (PID=11940) to work on /Users/pranavr/.pyenv/versions/3.11.6/lib/python3.11/site-packages/airflow/example_dags/example_setup_teardown.py
[2025-06-13T14:43:13.275-0400] {processor.py:914} INFO - Processing file /Users/pranavr/.pyenv/versions/3.11.6/lib/python3.11/site-packages/airflow/example_dags/example_setup_teardown.py for tasks to queue
[2025-06-13T14:43:13.276-0400] {logging_mixin.py:190} INFO - [2025-06-13T14:43:13.275-0400] {dagbag.py:588} INFO - Filling up the DagBag from /Users/pranavr/.pyenv/versions/3.11.6/lib/python3.11/site-packages/airflow/example_dags/example_setup_teardown.py
[2025-06-13T14:43:13.279-0400] {processor.py:925} INFO - DAG(s) 'example_setup_teardown' retrieved from /Users/pranavr/.pyenv/versions/3.11.6/lib/python3.11/site-packages/airflow/example_dags/example_setup_teardown.py
[2025-06-13T14:43:13.342-0400] {logging_mixin.py:190} INFO - [2025-06-13T14:43:13.342-0400] {dag.py:3239} INFO - Sync 1 DAGs
[2025-06-13T14:43:13.346-0400] {logging_mixin.py:190} INFO - [2025-06-13T14:43:13.345-0400] {dag.py:4180} INFO - Setting next_dagrun for example_setup_teardown to None, run_after=None
[2025-06-13T14:43:13.352-0400] {processor.py:208} INFO - Processing /Users/pranavr/.pyenv/versions/3.11.6/lib/python3.11/site-packages/airflow/example_dags/example_setup_teardown.py took 80.174 seconds
[2025-06-13T14:45:38.391-0400] {processor.py:186} INFO - Started process (PID=12227) to work on /Users/pranavr/.pyenv/versions/3.11.6/lib/python3.11/site-packages/airflow/example_dags/example_setup_teardown.py
[2025-06-13T14:45:38.393-0400] {processor.py:914} INFO - Processing file /Users/pranavr/.pyenv/versions/3.11.6/lib/python3.11/site-packages/airflow/example_dags/example_setup_teardown.py for tasks to queue
[2025-06-13T14:45:38.393-0400] {logging_mixin.py:190} INFO - [2025-06-13T14:45:38.393-0400] {dagbag.py:588} INFO - Filling up the DagBag from /Users/pranavr/.pyenv/versions/3.11.6/lib/python3.11/site-packages/airflow/example_dags/example_setup_teardown.py
[2025-06-13T14:45:38.397-0400] {processor.py:925} INFO - DAG(s) 'example_setup_teardown' retrieved from /Users/pranavr/.pyenv/versions/3.11.6/lib/python3.11/site-packages/airflow/example_dags/example_setup_teardown.py
[2025-06-13T14:45:38.461-0400] {logging_mixin.py:190} INFO - [2025-06-13T14:45:38.461-0400] {dag.py:3239} INFO - Sync 1 DAGs
[2025-06-13T14:45:38.465-0400] {logging_mixin.py:190} INFO - [2025-06-13T14:45:38.465-0400] {dag.py:4180} INFO - Setting next_dagrun for example_setup_teardown to None, run_after=None
[2025-06-13T14:45:38.474-0400] {processor.py:208} INFO - Processing /Users/pranavr/.pyenv/versions/3.11.6/lib/python3.11/site-packages/airflow/example_dags/example_setup_teardown.py took 83.503 seconds
[2025-06-13T14:48:03.356-0400] {processor.py:186} INFO - Started process (PID=12464) to work on /Users/pranavr/.pyenv/versions/3.11.6/lib/python3.11/site-packages/airflow/example_dags/example_setup_teardown.py
[2025-06-13T14:48:03.357-0400] {processor.py:914} INFO - Processing file /Users/pranavr/.pyenv/versions/3.11.6/lib/python3.11/site-packages/airflow/example_dags/example_setup_teardown.py for tasks to queue
[2025-06-13T14:48:03.358-0400] {logging_mixin.py:190} INFO - [2025-06-13T14:48:03.358-0400] {dagbag.py:588} INFO - Filling up the DagBag from /Users/pranavr/.pyenv/versions/3.11.6/lib/python3.11/site-packages/airflow/example_dags/example_setup_teardown.py
[2025-06-13T14:48:03.361-0400] {processor.py:925} INFO - DAG(s) 'example_setup_teardown' retrieved from /Users/pranavr/.pyenv/versions/3.11.6/lib/python3.11/site-packages/airflow/example_dags/example_setup_teardown.py
[2025-06-13T14:48:03.423-0400] {logging_mixin.py:190} INFO - [2025-06-13T14:48:03.423-0400] {dag.py:3239} INFO - Sync 1 DAGs
[2025-06-13T14:48:03.427-0400] {logging_mixin.py:190} INFO - [2025-06-13T14:48:03.427-0400] {dag.py:4180} INFO - Setting next_dagrun for example_setup_teardown to None, run_after=None
[2025-06-13T14:48:03.433-0400] {processor.py:208} INFO - Processing /Users/pranavr/.pyenv/versions/3.11.6/lib/python3.11/site-packages/airflow/example_dags/example_setup_teardown.py took 79.015 seconds
[2025-06-13T14:50:31.043-0400] {processor.py:186} INFO - Started process (PID=12708) to work on /Users/pranavr/.pyenv/versions/3.11.6/lib/python3.11/site-packages/airflow/example_dags/example_setup_teardown.py
[2025-06-13T14:50:31.046-0400] {processor.py:914} INFO - Processing file /Users/pranavr/.pyenv/versions/3.11.6/lib/python3.11/site-packages/airflow/example_dags/example_setup_teardown.py for tasks to queue
[2025-06-13T14:50:31.046-0400] {logging_mixin.py:190} INFO - [2025-06-13T14:50:31.046-0400] {dagbag.py:588} INFO - Filling up the DagBag from /Users/pranavr/.pyenv/versions/3.11.6/lib/python3.11/site-packages/airflow/example_dags/example_setup_teardown.py
[2025-06-13T14:50:31.050-0400] {processor.py:925} INFO - DAG(s) 'example_setup_teardown' retrieved from /Users/pranavr/.pyenv/versions/3.11.6/lib/python3.11/site-packages/airflow/example_dags/example_setup_teardown.py
[2025-06-13T14:50:31.114-0400] {logging_mixin.py:190} INFO - [2025-06-13T14:50:31.114-0400] {dag.py:3239} INFO - Sync 1 DAGs
[2025-06-13T14:50:31.118-0400] {logging_mixin.py:190} INFO - [2025-06-13T14:50:31.118-0400] {dag.py:4180} INFO - Setting next_dagrun for example_setup_teardown to None, run_after=None
[2025-06-13T14:50:31.125-0400] {processor.py:208} INFO - Processing /Users/pranavr/.pyenv/versions/3.11.6/lib/python3.11/site-packages/airflow/example_dags/example_setup_teardown.py took 82.747 seconds
[2025-06-13T14:52:59.814-0400] {processor.py:186} INFO - Started process (PID=14054) to work on /Users/pranavr/.pyenv/versions/3.11.6/lib/python3.11/site-packages/airflow/example_dags/example_setup_teardown.py
[2025-06-13T14:52:59.816-0400] {processor.py:914} INFO - Processing file /Users/pranavr/.pyenv/versions/3.11.6/lib/python3.11/site-packages/airflow/example_dags/example_setup_teardown.py for tasks to queue
[2025-06-13T14:52:59.817-0400] {logging_mixin.py:190} INFO - [2025-06-13T14:52:59.817-0400] {dagbag.py:588} INFO - Filling up the DagBag from /Users/pranavr/.pyenv/versions/3.11.6/lib/python3.11/site-packages/airflow/example_dags/example_setup_teardown.py
[2025-06-13T14:52:59.821-0400] {processor.py:925} INFO - DAG(s) 'example_setup_teardown' retrieved from /Users/pranavr/.pyenv/versions/3.11.6/lib/python3.11/site-packages/airflow/example_dags/example_setup_teardown.py
[2025-06-13T14:52:59.882-0400] {logging_mixin.py:190} INFO - [2025-06-13T14:52:59.882-0400] {dag.py:3239} INFO - Sync 1 DAGs
[2025-06-13T14:52:59.886-0400] {logging_mixin.py:190} INFO - [2025-06-13T14:52:59.886-0400] {dag.py:4180} INFO - Setting next_dagrun for example_setup_teardown to None, run_after=None
[2025-06-13T14:52:59.893-0400] {processor.py:208} INFO - Processing /Users/pranavr/.pyenv/versions/3.11.6/lib/python3.11/site-packages/airflow/example_dags/example_setup_teardown.py took 80.542 seconds
[2025-06-13T14:54:15.528-0400] {processor.py:186} INFO - Started process (PID=14162) to work on /Users/pranavr/.pyenv/versions/3.11.6/lib/python3.11/site-packages/airflow/example_dags/example_setup_teardown.py
[2025-06-13T14:54:15.530-0400] {processor.py:914} INFO - Processing file /Users/pranavr/.pyenv/versions/3.11.6/lib/python3.11/site-packages/airflow/example_dags/example_setup_teardown.py for tasks to queue
[2025-06-13T14:54:15.531-0400] {logging_mixin.py:190} INFO - [2025-06-13T14:54:15.531-0400] {dagbag.py:588} INFO - Filling up the DagBag from /Users/pranavr/.pyenv/versions/3.11.6/lib/python3.11/site-packages/airflow/example_dags/example_setup_teardown.py
[2025-06-13T14:54:15.535-0400] {processor.py:925} INFO - DAG(s) 'example_setup_teardown' retrieved from /Users/pranavr/.pyenv/versions/3.11.6/lib/python3.11/site-packages/airflow/example_dags/example_setup_teardown.py
[2025-06-13T14:54:15.608-0400] {logging_mixin.py:190} INFO - [2025-06-13T14:54:15.608-0400] {dag.py:3239} INFO - Sync 1 DAGs
[2025-06-13T14:54:15.613-0400] {logging_mixin.py:190} INFO - [2025-06-13T14:54:15.612-0400] {dag.py:4180} INFO - Setting next_dagrun for example_setup_teardown to None, run_after=None
[2025-06-13T14:54:15.620-0400] {processor.py:208} INFO - Processing /Users/pranavr/.pyenv/versions/3.11.6/lib/python3.11/site-packages/airflow/example_dags/example_setup_teardown.py took 93.166 seconds
[2025-06-13T14:55:35.250-0400] {processor.py:186} INFO - Started process (PID=14282) to work on /Users/pranavr/.pyenv/versions/3.11.6/lib/python3.11/site-packages/airflow/example_dags/example_setup_teardown.py
[2025-06-13T14:55:35.252-0400] {processor.py:914} INFO - Processing file /Users/pranavr/.pyenv/versions/3.11.6/lib/python3.11/site-packages/airflow/example_dags/example_setup_teardown.py for tasks to queue
[2025-06-13T14:55:35.253-0400] {logging_mixin.py:190} INFO - [2025-06-13T14:55:35.253-0400] {dagbag.py:588} INFO - Filling up the DagBag from /Users/pranavr/.pyenv/versions/3.11.6/lib/python3.11/site-packages/airflow/example_dags/example_setup_teardown.py
[2025-06-13T14:55:35.257-0400] {processor.py:925} INFO - DAG(s) 'example_setup_teardown' retrieved from /Users/pranavr/.pyenv/versions/3.11.6/lib/python3.11/site-packages/airflow/example_dags/example_setup_teardown.py
[2025-06-13T14:55:35.322-0400] {logging_mixin.py:190} INFO - [2025-06-13T14:55:35.322-0400] {dag.py:3239} INFO - Sync 1 DAGs
[2025-06-13T14:55:35.326-0400] {logging_mixin.py:190} INFO - [2025-06-13T14:55:35.326-0400] {dag.py:4180} INFO - Setting next_dagrun for example_setup_teardown to None, run_after=None
[2025-06-13T14:55:35.332-0400] {processor.py:208} INFO - Processing /Users/pranavr/.pyenv/versions/3.11.6/lib/python3.11/site-packages/airflow/example_dags/example_setup_teardown.py took 83.995 seconds
[2025-06-13T14:58:10.488-0400] {processor.py:186} INFO - Started process (PID=14631) to work on /Users/pranavr/.pyenv/versions/3.11.6/lib/python3.11/site-packages/airflow/example_dags/example_setup_teardown.py
[2025-06-13T14:58:10.491-0400] {processor.py:914} INFO - Processing file /Users/pranavr/.pyenv/versions/3.11.6/lib/python3.11/site-packages/airflow/example_dags/example_setup_teardown.py for tasks to queue
[2025-06-13T14:58:10.492-0400] {logging_mixin.py:190} INFO - [2025-06-13T14:58:10.492-0400] {dagbag.py:588} INFO - Filling up the DagBag from /Users/pranavr/.pyenv/versions/3.11.6/lib/python3.11/site-packages/airflow/example_dags/example_setup_teardown.py
[2025-06-13T14:58:10.497-0400] {processor.py:925} INFO - DAG(s) 'example_setup_teardown' retrieved from /Users/pranavr/.pyenv/versions/3.11.6/lib/python3.11/site-packages/airflow/example_dags/example_setup_teardown.py
[2025-06-13T14:58:10.571-0400] {logging_mixin.py:190} INFO - [2025-06-13T14:58:10.571-0400] {dag.py:3239} INFO - Sync 1 DAGs
[2025-06-13T14:58:10.576-0400] {logging_mixin.py:190} INFO - [2025-06-13T14:58:10.576-0400] {dag.py:4180} INFO - Setting next_dagrun for example_setup_teardown to None, run_after=None
[2025-06-13T14:58:10.584-0400] {processor.py:208} INFO - Processing /Users/pranavr/.pyenv/versions/3.11.6/lib/python3.11/site-packages/airflow/example_dags/example_setup_teardown.py took 97.530 seconds
[2025-06-13T14:59:32.968-0400] {processor.py:186} INFO - Started process (PID=14777) to work on /Users/pranavr/.pyenv/versions/3.11.6/lib/python3.11/site-packages/airflow/example_dags/example_setup_teardown.py
[2025-06-13T14:59:32.970-0400] {processor.py:914} INFO - Processing file /Users/pranavr/.pyenv/versions/3.11.6/lib/python3.11/site-packages/airflow/example_dags/example_setup_teardown.py for tasks to queue
[2025-06-13T14:59:32.971-0400] {logging_mixin.py:190} INFO - [2025-06-13T14:59:32.971-0400] {dagbag.py:588} INFO - Filling up the DagBag from /Users/pranavr/.pyenv/versions/3.11.6/lib/python3.11/site-packages/airflow/example_dags/example_setup_teardown.py
[2025-06-13T14:59:32.975-0400] {processor.py:925} INFO - DAG(s) 'example_setup_teardown' retrieved from /Users/pranavr/.pyenv/versions/3.11.6/lib/python3.11/site-packages/airflow/example_dags/example_setup_teardown.py
[2025-06-13T14:59:33.048-0400] {logging_mixin.py:190} INFO - [2025-06-13T14:59:33.048-0400] {dag.py:3239} INFO - Sync 1 DAGs
[2025-06-13T14:59:33.053-0400] {logging_mixin.py:190} INFO - [2025-06-13T14:59:33.052-0400] {dag.py:4180} INFO - Setting next_dagrun for example_setup_teardown to None, run_after=None
[2025-06-13T14:59:33.061-0400] {processor.py:208} INFO - Processing /Users/pranavr/.pyenv/versions/3.11.6/lib/python3.11/site-packages/airflow/example_dags/example_setup_teardown.py took 94.094 seconds
[2025-06-13T15:01:07.429-0400] {processor.py:186} INFO - Started process (PID=15118) to work on /Users/pranavr/.pyenv/versions/3.11.6/lib/python3.11/site-packages/airflow/example_dags/example_setup_teardown.py
[2025-06-13T15:01:07.432-0400] {processor.py:914} INFO - Processing file /Users/pranavr/.pyenv/versions/3.11.6/lib/python3.11/site-packages/airflow/example_dags/example_setup_teardown.py for tasks to queue
[2025-06-13T15:01:07.433-0400] {logging_mixin.py:190} INFO - [2025-06-13T15:01:07.433-0400] {dagbag.py:588} INFO - Filling up the DagBag from /Users/pranavr/.pyenv/versions/3.11.6/lib/python3.11/site-packages/airflow/example_dags/example_setup_teardown.py
[2025-06-13T15:01:07.440-0400] {processor.py:925} INFO - DAG(s) 'example_setup_teardown' retrieved from /Users/pranavr/.pyenv/versions/3.11.6/lib/python3.11/site-packages/airflow/example_dags/example_setup_teardown.py
[2025-06-13T15:01:07.534-0400] {logging_mixin.py:190} INFO - [2025-06-13T15:01:07.533-0400] {dag.py:3239} INFO - Sync 1 DAGs
[2025-06-13T15:01:07.538-0400] {logging_mixin.py:190} INFO - [2025-06-13T15:01:07.538-0400] {dag.py:4180} INFO - Setting next_dagrun for example_setup_teardown to None, run_after=None
[2025-06-13T15:01:07.546-0400] {processor.py:208} INFO - Processing /Users/pranavr/.pyenv/versions/3.11.6/lib/python3.11/site-packages/airflow/example_dags/example_setup_teardown.py took 118.184 seconds
[2025-06-13T15:03:09.826-0400] {processor.py:186} INFO - Started process (PID=15646) to work on /Users/pranavr/.pyenv/versions/3.11.6/lib/python3.11/site-packages/airflow/example_dags/example_setup_teardown.py
[2025-06-13T15:03:09.829-0400] {processor.py:914} INFO - Processing file /Users/pranavr/.pyenv/versions/3.11.6/lib/python3.11/site-packages/airflow/example_dags/example_setup_teardown.py for tasks to queue
[2025-06-13T15:03:09.829-0400] {logging_mixin.py:190} INFO - [2025-06-13T15:03:09.829-0400] {dagbag.py:588} INFO - Filling up the DagBag from /Users/pranavr/.pyenv/versions/3.11.6/lib/python3.11/site-packages/airflow/example_dags/example_setup_teardown.py
[2025-06-13T15:03:09.835-0400] {processor.py:925} INFO - DAG(s) 'example_setup_teardown' retrieved from /Users/pranavr/.pyenv/versions/3.11.6/lib/python3.11/site-packages/airflow/example_dags/example_setup_teardown.py
[2025-06-13T15:03:09.908-0400] {logging_mixin.py:190} INFO - [2025-06-13T15:03:09.908-0400] {dag.py:3239} INFO - Sync 1 DAGs
[2025-06-13T15:03:09.912-0400] {logging_mixin.py:190} INFO - [2025-06-13T15:03:09.912-0400] {dag.py:4180} INFO - Setting next_dagrun for example_setup_teardown to None, run_after=None
[2025-06-13T15:03:09.920-0400] {processor.py:208} INFO - Processing /Users/pranavr/.pyenv/versions/3.11.6/lib/python3.11/site-packages/airflow/example_dags/example_setup_teardown.py took 95.070 seconds
[2025-06-13T15:05:08.593-0400] {processor.py:186} INFO - Started process (PID=16036) to work on /Users/pranavr/.pyenv/versions/3.11.6/lib/python3.11/site-packages/airflow/example_dags/example_setup_teardown.py
[2025-06-13T15:05:08.595-0400] {processor.py:914} INFO - Processing file /Users/pranavr/.pyenv/versions/3.11.6/lib/python3.11/site-packages/airflow/example_dags/example_setup_teardown.py for tasks to queue
[2025-06-13T15:05:08.596-0400] {logging_mixin.py:190} INFO - [2025-06-13T15:05:08.596-0400] {dagbag.py:588} INFO - Filling up the DagBag from /Users/pranavr/.pyenv/versions/3.11.6/lib/python3.11/site-packages/airflow/example_dags/example_setup_teardown.py
[2025-06-13T15:05:08.602-0400] {processor.py:925} INFO - DAG(s) 'example_setup_teardown' retrieved from /Users/pranavr/.pyenv/versions/3.11.6/lib/python3.11/site-packages/airflow/example_dags/example_setup_teardown.py
[2025-06-13T15:05:08.689-0400] {logging_mixin.py:190} INFO - [2025-06-13T15:05:08.689-0400] {dag.py:3239} INFO - Sync 1 DAGs
[2025-06-13T15:05:08.694-0400] {logging_mixin.py:190} INFO - [2025-06-13T15:05:08.694-0400] {dag.py:4180} INFO - Setting next_dagrun for example_setup_teardown to None, run_after=None
[2025-06-13T15:05:08.702-0400] {processor.py:208} INFO - Processing /Users/pranavr/.pyenv/versions/3.11.6/lib/python3.11/site-packages/airflow/example_dags/example_setup_teardown.py took 110.719 seconds
[2025-06-13T15:07:01.364-0400] {processor.py:186} INFO - Started process (PID=16381) to work on /Users/pranavr/.pyenv/versions/3.11.6/lib/python3.11/site-packages/airflow/example_dags/example_setup_teardown.py
[2025-06-13T15:07:01.367-0400] {processor.py:914} INFO - Processing file /Users/pranavr/.pyenv/versions/3.11.6/lib/python3.11/site-packages/airflow/example_dags/example_setup_teardown.py for tasks to queue
[2025-06-13T15:07:01.367-0400] {logging_mixin.py:190} INFO - [2025-06-13T15:07:01.367-0400] {dagbag.py:588} INFO - Filling up the DagBag from /Users/pranavr/.pyenv/versions/3.11.6/lib/python3.11/site-packages/airflow/example_dags/example_setup_teardown.py
[2025-06-13T15:07:01.372-0400] {processor.py:925} INFO - DAG(s) 'example_setup_teardown' retrieved from /Users/pranavr/.pyenv/versions/3.11.6/lib/python3.11/site-packages/airflow/example_dags/example_setup_teardown.py
[2025-06-13T15:07:01.449-0400] {logging_mixin.py:190} INFO - [2025-06-13T15:07:01.449-0400] {dag.py:3239} INFO - Sync 1 DAGs
[2025-06-13T15:07:01.454-0400] {logging_mixin.py:190} INFO - [2025-06-13T15:07:01.454-0400] {dag.py:4180} INFO - Setting next_dagrun for example_setup_teardown to None, run_after=None
[2025-06-13T15:07:01.462-0400] {processor.py:208} INFO - Processing /Users/pranavr/.pyenv/versions/3.11.6/lib/python3.11/site-packages/airflow/example_dags/example_setup_teardown.py took 99.099 seconds
[2025-06-13T15:09:41.057-0400] {processor.py:186} INFO - Started process (PID=16605) to work on /Users/pranavr/.pyenv/versions/3.11.6/lib/python3.11/site-packages/airflow/example_dags/example_setup_teardown.py
[2025-06-13T15:09:41.059-0400] {processor.py:914} INFO - Processing file /Users/pranavr/.pyenv/versions/3.11.6/lib/python3.11/site-packages/airflow/example_dags/example_setup_teardown.py for tasks to queue
[2025-06-13T15:09:41.060-0400] {logging_mixin.py:190} INFO - [2025-06-13T15:09:41.060-0400] {dagbag.py:588} INFO - Filling up the DagBag from /Users/pranavr/.pyenv/versions/3.11.6/lib/python3.11/site-packages/airflow/example_dags/example_setup_teardown.py
[2025-06-13T15:09:41.065-0400] {processor.py:925} INFO - DAG(s) 'example_setup_teardown' retrieved from /Users/pranavr/.pyenv/versions/3.11.6/lib/python3.11/site-packages/airflow/example_dags/example_setup_teardown.py
[2025-06-13T15:09:41.138-0400] {logging_mixin.py:190} INFO - [2025-06-13T15:09:41.138-0400] {dag.py:3239} INFO - Sync 1 DAGs
[2025-06-13T15:09:41.142-0400] {logging_mixin.py:190} INFO - [2025-06-13T15:09:41.142-0400] {dag.py:4180} INFO - Setting next_dagrun for example_setup_teardown to None, run_after=None
[2025-06-13T15:09:41.149-0400] {processor.py:208} INFO - Processing /Users/pranavr/.pyenv/versions/3.11.6/lib/python3.11/site-packages/airflow/example_dags/example_setup_teardown.py took 93.759 seconds
[2025-06-13T15:11:07.575-0400] {processor.py:186} INFO - Started process (PID=16827) to work on /Users/pranavr/.pyenv/versions/3.11.6/lib/python3.11/site-packages/airflow/example_dags/example_setup_teardown.py
[2025-06-13T15:11:07.578-0400] {processor.py:914} INFO - Processing file /Users/pranavr/.pyenv/versions/3.11.6/lib/python3.11/site-packages/airflow/example_dags/example_setup_teardown.py for tasks to queue
[2025-06-13T15:11:07.578-0400] {logging_mixin.py:190} INFO - [2025-06-13T15:11:07.578-0400] {dagbag.py:588} INFO - Filling up the DagBag from /Users/pranavr/.pyenv/versions/3.11.6/lib/python3.11/site-packages/airflow/example_dags/example_setup_teardown.py
[2025-06-13T15:11:07.583-0400] {processor.py:925} INFO - DAG(s) 'example_setup_teardown' retrieved from /Users/pranavr/.pyenv/versions/3.11.6/lib/python3.11/site-packages/airflow/example_dags/example_setup_teardown.py
[2025-06-13T15:11:07.658-0400] {logging_mixin.py:190} INFO - [2025-06-13T15:11:07.657-0400] {dag.py:3239} INFO - Sync 1 DAGs
[2025-06-13T15:11:07.663-0400] {logging_mixin.py:190} INFO - [2025-06-13T15:11:07.663-0400] {dag.py:4180} INFO - Setting next_dagrun for example_setup_teardown to None, run_after=None
[2025-06-13T15:11:07.672-0400] {processor.py:208} INFO - Processing /Users/pranavr/.pyenv/versions/3.11.6/lib/python3.11/site-packages/airflow/example_dags/example_setup_teardown.py took 98.165 seconds
[2025-06-13T15:12:31.975-0400] {processor.py:186} INFO - Started process (PID=16942) to work on /Users/pranavr/.pyenv/versions/3.11.6/lib/python3.11/site-packages/airflow/example_dags/example_setup_teardown.py
[2025-06-13T15:12:31.977-0400] {processor.py:914} INFO - Processing file /Users/pranavr/.pyenv/versions/3.11.6/lib/python3.11/site-packages/airflow/example_dags/example_setup_teardown.py for tasks to queue
[2025-06-13T15:12:31.977-0400] {logging_mixin.py:190} INFO - [2025-06-13T15:12:31.977-0400] {dagbag.py:588} INFO - Filling up the DagBag from /Users/pranavr/.pyenv/versions/3.11.6/lib/python3.11/site-packages/airflow/example_dags/example_setup_teardown.py
[2025-06-13T15:12:31.981-0400] {processor.py:925} INFO - DAG(s) 'example_setup_teardown' retrieved from /Users/pranavr/.pyenv/versions/3.11.6/lib/python3.11/site-packages/airflow/example_dags/example_setup_teardown.py
[2025-06-13T15:12:32.053-0400] {logging_mixin.py:190} INFO - [2025-06-13T15:12:32.053-0400] {dag.py:3239} INFO - Sync 1 DAGs
[2025-06-13T15:12:32.059-0400] {logging_mixin.py:190} INFO - [2025-06-13T15:12:32.058-0400] {dag.py:4180} INFO - Setting next_dagrun for example_setup_teardown to None, run_after=None
[2025-06-13T15:12:32.066-0400] {processor.py:208} INFO - Processing /Users/pranavr/.pyenv/versions/3.11.6/lib/python3.11/site-packages/airflow/example_dags/example_setup_teardown.py took 92.421 seconds
[2025-06-13T15:13:59.473-0400] {processor.py:186} INFO - Started process (PID=17181) to work on /Users/pranavr/.pyenv/versions/3.11.6/lib/python3.11/site-packages/airflow/example_dags/example_setup_teardown.py
[2025-06-13T15:13:59.475-0400] {processor.py:914} INFO - Processing file /Users/pranavr/.pyenv/versions/3.11.6/lib/python3.11/site-packages/airflow/example_dags/example_setup_teardown.py for tasks to queue
[2025-06-13T15:13:59.476-0400] {logging_mixin.py:190} INFO - [2025-06-13T15:13:59.476-0400] {dagbag.py:588} INFO - Filling up the DagBag from /Users/pranavr/.pyenv/versions/3.11.6/lib/python3.11/site-packages/airflow/example_dags/example_setup_teardown.py
[2025-06-13T15:13:59.484-0400] {processor.py:925} INFO - DAG(s) 'example_setup_teardown' retrieved from /Users/pranavr/.pyenv/versions/3.11.6/lib/python3.11/site-packages/airflow/example_dags/example_setup_teardown.py
[2025-06-13T15:13:59.591-0400] {logging_mixin.py:190} INFO - [2025-06-13T15:13:59.591-0400] {dag.py:3239} INFO - Sync 1 DAGs
[2025-06-13T15:13:59.596-0400] {logging_mixin.py:190} INFO - [2025-06-13T15:13:59.596-0400] {dag.py:4180} INFO - Setting next_dagrun for example_setup_teardown to None, run_after=None
[2025-06-13T15:13:59.607-0400] {processor.py:208} INFO - Processing /Users/pranavr/.pyenv/versions/3.11.6/lib/python3.11/site-packages/airflow/example_dags/example_setup_teardown.py took 135.744 seconds
[2025-06-13T15:19:20.077-0400] {processor.py:186} INFO - Started process (PID=17806) to work on /Users/pranavr/.pyenv/versions/3.11.6/lib/python3.11/site-packages/airflow/example_dags/example_setup_teardown.py
[2025-06-13T15:19:20.081-0400] {processor.py:914} INFO - Processing file /Users/pranavr/.pyenv/versions/3.11.6/lib/python3.11/site-packages/airflow/example_dags/example_setup_teardown.py for tasks to queue
[2025-06-13T15:19:20.082-0400] {logging_mixin.py:190} INFO - [2025-06-13T15:19:20.082-0400] {dagbag.py:588} INFO - Filling up the DagBag from /Users/pranavr/.pyenv/versions/3.11.6/lib/python3.11/site-packages/airflow/example_dags/example_setup_teardown.py
[2025-06-13T15:19:20.089-0400] {processor.py:925} INFO - DAG(s) 'example_setup_teardown' retrieved from /Users/pranavr/.pyenv/versions/3.11.6/lib/python3.11/site-packages/airflow/example_dags/example_setup_teardown.py
[2025-06-13T15:19:20.168-0400] {logging_mixin.py:190} INFO - [2025-06-13T15:19:20.168-0400] {dag.py:3239} INFO - Sync 1 DAGs
[2025-06-13T15:19:20.173-0400] {logging_mixin.py:190} INFO - [2025-06-13T15:19:20.173-0400] {dag.py:4180} INFO - Setting next_dagrun for example_setup_teardown to None, run_after=None
[2025-06-13T15:19:20.183-0400] {processor.py:208} INFO - Processing /Users/pranavr/.pyenv/versions/3.11.6/lib/python3.11/site-packages/airflow/example_dags/example_setup_teardown.py took 107.655 seconds
[2025-06-13T15:25:32.418-0400] {processor.py:186} INFO - Started process (PID=18941) to work on /Users/pranavr/.pyenv/versions/3.11.6/lib/python3.11/site-packages/airflow/example_dags/example_setup_teardown.py
[2025-06-13T15:25:32.420-0400] {processor.py:914} INFO - Processing file /Users/pranavr/.pyenv/versions/3.11.6/lib/python3.11/site-packages/airflow/example_dags/example_setup_teardown.py for tasks to queue
[2025-06-13T15:25:32.420-0400] {logging_mixin.py:190} INFO - [2025-06-13T15:25:32.420-0400] {dagbag.py:588} INFO - Filling up the DagBag from /Users/pranavr/.pyenv/versions/3.11.6/lib/python3.11/site-packages/airflow/example_dags/example_setup_teardown.py
[2025-06-13T15:25:32.425-0400] {processor.py:925} INFO - DAG(s) 'example_setup_teardown' retrieved from /Users/pranavr/.pyenv/versions/3.11.6/lib/python3.11/site-packages/airflow/example_dags/example_setup_teardown.py
[2025-06-13T15:25:32.541-0400] {logging_mixin.py:190} INFO - [2025-06-13T15:25:32.541-0400] {override.py:1930} INFO - Created Permission View: can edit on DAG:example_setup_teardown
[2025-06-13T15:25:32.546-0400] {logging_mixin.py:190} INFO - [2025-06-13T15:25:32.546-0400] {override.py:1930} INFO - Created Permission View: can read on DAG:example_setup_teardown
[2025-06-13T15:25:32.548-0400] {logging_mixin.py:190} INFO - [2025-06-13T15:25:32.548-0400] {override.py:1930} INFO - Created Permission View: can delete on DAG:example_setup_teardown
[2025-06-13T15:25:32.551-0400] {logging_mixin.py:190} INFO - [2025-06-13T15:25:32.551-0400] {override.py:1930} INFO - Created Permission View: can read on DAG Run:example_setup_teardown
[2025-06-13T15:25:32.554-0400] {logging_mixin.py:190} INFO - [2025-06-13T15:25:32.554-0400] {override.py:1930} INFO - Created Permission View: can create on DAG Run:example_setup_teardown
[2025-06-13T15:25:32.557-0400] {logging_mixin.py:190} INFO - [2025-06-13T15:25:32.557-0400] {override.py:1930} INFO - Created Permission View: can delete on DAG Run:example_setup_teardown
[2025-06-13T15:25:32.560-0400] {logging_mixin.py:190} INFO - [2025-06-13T15:25:32.560-0400] {override.py:1930} INFO - Created Permission View: menu access on DAG Run:example_setup_teardown
[2025-06-13T15:25:32.560-0400] {logging_mixin.py:190} INFO - [2025-06-13T15:25:32.560-0400] {dag.py:3239} INFO - Sync 1 DAGs
[2025-06-13T15:25:32.565-0400] {logging_mixin.py:190} INFO - [2025-06-13T15:25:32.565-0400] {dag.py:3262} INFO - Creating ORM DAG for example_setup_teardown
[2025-06-13T15:25:32.565-0400] {logging_mixin.py:190} INFO - [2025-06-13T15:25:32.565-0400] {dag.py:4180} INFO - Setting next_dagrun for example_setup_teardown to None, run_after=None
[2025-06-13T15:25:32.573-0400] {processor.py:208} INFO - Processing /Users/pranavr/.pyenv/versions/3.11.6/lib/python3.11/site-packages/airflow/example_dags/example_setup_teardown.py took 156.003 seconds
[2025-06-13T15:30:51.271-0400] {processor.py:186} INFO - Started process (PID=19906) to work on /Users/pranavr/.pyenv/versions/3.11.6/lib/python3.11/site-packages/airflow/example_dags/example_setup_teardown.py
[2025-06-13T15:30:51.273-0400] {processor.py:914} INFO - Processing file /Users/pranavr/.pyenv/versions/3.11.6/lib/python3.11/site-packages/airflow/example_dags/example_setup_teardown.py for tasks to queue
[2025-06-13T15:30:51.274-0400] {logging_mixin.py:190} INFO - [2025-06-13T15:30:51.274-0400] {dagbag.py:588} INFO - Filling up the DagBag from /Users/pranavr/.pyenv/versions/3.11.6/lib/python3.11/site-packages/airflow/example_dags/example_setup_teardown.py
[2025-06-13T15:30:51.279-0400] {processor.py:925} INFO - DAG(s) 'example_setup_teardown' retrieved from /Users/pranavr/.pyenv/versions/3.11.6/lib/python3.11/site-packages/airflow/example_dags/example_setup_teardown.py
[2025-06-13T15:30:51.394-0400] {logging_mixin.py:190} INFO - [2025-06-13T15:30:51.394-0400] {override.py:1930} INFO - Created Permission View: can read on DAG:example_setup_teardown
[2025-06-13T15:30:51.398-0400] {logging_mixin.py:190} INFO - [2025-06-13T15:30:51.398-0400] {override.py:1930} INFO - Created Permission View: can edit on DAG:example_setup_teardown
[2025-06-13T15:30:51.401-0400] {logging_mixin.py:190} INFO - [2025-06-13T15:30:51.401-0400] {override.py:1930} INFO - Created Permission View: can delete on DAG:example_setup_teardown
[2025-06-13T15:30:51.404-0400] {logging_mixin.py:190} INFO - [2025-06-13T15:30:51.404-0400] {override.py:1930} INFO - Created Permission View: menu access on DAG Run:example_setup_teardown
[2025-06-13T15:30:51.406-0400] {logging_mixin.py:190} INFO - [2025-06-13T15:30:51.406-0400] {override.py:1930} INFO - Created Permission View: can read on DAG Run:example_setup_teardown
[2025-06-13T15:30:51.408-0400] {logging_mixin.py:190} INFO - [2025-06-13T15:30:51.408-0400] {override.py:1930} INFO - Created Permission View: can create on DAG Run:example_setup_teardown
[2025-06-13T15:30:51.410-0400] {logging_mixin.py:190} INFO - [2025-06-13T15:30:51.410-0400] {override.py:1930} INFO - Created Permission View: can delete on DAG Run:example_setup_teardown
[2025-06-13T15:30:51.410-0400] {logging_mixin.py:190} INFO - [2025-06-13T15:30:51.410-0400] {dag.py:3239} INFO - Sync 1 DAGs
[2025-06-13T15:30:51.415-0400] {logging_mixin.py:190} INFO - [2025-06-13T15:30:51.414-0400] {dag.py:3262} INFO - Creating ORM DAG for example_setup_teardown
[2025-06-13T15:30:51.415-0400] {logging_mixin.py:190} INFO - [2025-06-13T15:30:51.415-0400] {dag.py:4180} INFO - Setting next_dagrun for example_setup_teardown to None, run_after=None
[2025-06-13T15:30:51.422-0400] {processor.py:208} INFO - Processing /Users/pranavr/.pyenv/versions/3.11.6/lib/python3.11/site-packages/airflow/example_dags/example_setup_teardown.py took 152.318 seconds
[2025-06-13T15:36:25.823-0400] {processor.py:186} INFO - Started process (PID=20502) to work on /Users/pranavr/.pyenv/versions/3.11.6/lib/python3.11/site-packages/airflow/example_dags/example_setup_teardown.py
[2025-06-13T15:36:25.826-0400] {processor.py:914} INFO - Processing file /Users/pranavr/.pyenv/versions/3.11.6/lib/python3.11/site-packages/airflow/example_dags/example_setup_teardown.py for tasks to queue
[2025-06-13T15:36:25.826-0400] {logging_mixin.py:190} INFO - [2025-06-13T15:36:25.826-0400] {dagbag.py:588} INFO - Filling up the DagBag from /Users/pranavr/.pyenv/versions/3.11.6/lib/python3.11/site-packages/airflow/example_dags/example_setup_teardown.py
[2025-06-13T15:36:25.831-0400] {processor.py:925} INFO - DAG(s) 'example_setup_teardown' retrieved from /Users/pranavr/.pyenv/versions/3.11.6/lib/python3.11/site-packages/airflow/example_dags/example_setup_teardown.py
[2025-06-13T15:36:25.943-0400] {logging_mixin.py:190} INFO - [2025-06-13T15:36:25.942-0400] {override.py:1930} INFO - Created Permission View: can read on DAG:example_setup_teardown
[2025-06-13T15:36:25.948-0400] {logging_mixin.py:190} INFO - [2025-06-13T15:36:25.948-0400] {override.py:1930} INFO - Created Permission View: can edit on DAG:example_setup_teardown
[2025-06-13T15:36:25.950-0400] {logging_mixin.py:190} INFO - [2025-06-13T15:36:25.950-0400] {override.py:1930} INFO - Created Permission View: can delete on DAG:example_setup_teardown
[2025-06-13T15:36:25.954-0400] {logging_mixin.py:190} INFO - [2025-06-13T15:36:25.954-0400] {override.py:1930} INFO - Created Permission View: can read on DAG Run:example_setup_teardown
[2025-06-13T15:36:25.957-0400] {logging_mixin.py:190} INFO - [2025-06-13T15:36:25.956-0400] {override.py:1930} INFO - Created Permission View: can create on DAG Run:example_setup_teardown
[2025-06-13T15:36:25.959-0400] {logging_mixin.py:190} INFO - [2025-06-13T15:36:25.959-0400] {override.py:1930} INFO - Created Permission View: can delete on DAG Run:example_setup_teardown
[2025-06-13T15:36:25.961-0400] {logging_mixin.py:190} INFO - [2025-06-13T15:36:25.961-0400] {override.py:1930} INFO - Created Permission View: menu access on DAG Run:example_setup_teardown
[2025-06-13T15:36:25.961-0400] {logging_mixin.py:190} INFO - [2025-06-13T15:36:25.961-0400] {dag.py:3239} INFO - Sync 1 DAGs
[2025-06-13T15:36:25.966-0400] {logging_mixin.py:190} INFO - [2025-06-13T15:36:25.966-0400] {dag.py:3262} INFO - Creating ORM DAG for example_setup_teardown
[2025-06-13T15:36:25.966-0400] {logging_mixin.py:190} INFO - [2025-06-13T15:36:25.966-0400] {dag.py:4180} INFO - Setting next_dagrun for example_setup_teardown to None, run_after=None
[2025-06-13T15:36:25.972-0400] {processor.py:208} INFO - Processing /Users/pranavr/.pyenv/versions/3.11.6/lib/python3.11/site-packages/airflow/example_dags/example_setup_teardown.py took 150.438 seconds
[2025-06-13T15:38:23.861-0400] {processor.py:186} INFO - Started process (PID=20760) to work on /Users/pranavr/.pyenv/versions/3.11.6/lib/python3.11/site-packages/airflow/example_dags/example_setup_teardown.py
[2025-06-13T15:38:23.863-0400] {processor.py:914} INFO - Processing file /Users/pranavr/.pyenv/versions/3.11.6/lib/python3.11/site-packages/airflow/example_dags/example_setup_teardown.py for tasks to queue
[2025-06-13T15:38:23.863-0400] {logging_mixin.py:190} INFO - [2025-06-13T15:38:23.863-0400] {dagbag.py:588} INFO - Filling up the DagBag from /Users/pranavr/.pyenv/versions/3.11.6/lib/python3.11/site-packages/airflow/example_dags/example_setup_teardown.py
[2025-06-13T15:38:23.867-0400] {processor.py:925} INFO - DAG(s) 'example_setup_teardown' retrieved from /Users/pranavr/.pyenv/versions/3.11.6/lib/python3.11/site-packages/airflow/example_dags/example_setup_teardown.py
[2025-06-13T15:38:23.941-0400] {logging_mixin.py:190} INFO - [2025-06-13T15:38:23.940-0400] {dag.py:3239} INFO - Sync 1 DAGs
[2025-06-13T15:38:23.945-0400] {logging_mixin.py:190} INFO - [2025-06-13T15:38:23.945-0400] {dag.py:4180} INFO - Setting next_dagrun for example_setup_teardown to None, run_after=None
[2025-06-13T15:38:23.953-0400] {processor.py:208} INFO - Processing /Users/pranavr/.pyenv/versions/3.11.6/lib/python3.11/site-packages/airflow/example_dags/example_setup_teardown.py took 93.121 seconds
[2025-06-13T15:39:47.874-0400] {processor.py:186} INFO - Started process (PID=20878) to work on /Users/pranavr/.pyenv/versions/3.11.6/lib/python3.11/site-packages/airflow/example_dags/example_setup_teardown.py
[2025-06-13T15:39:47.876-0400] {processor.py:914} INFO - Processing file /Users/pranavr/.pyenv/versions/3.11.6/lib/python3.11/site-packages/airflow/example_dags/example_setup_teardown.py for tasks to queue
[2025-06-13T15:39:47.877-0400] {logging_mixin.py:190} INFO - [2025-06-13T15:39:47.877-0400] {dagbag.py:588} INFO - Filling up the DagBag from /Users/pranavr/.pyenv/versions/3.11.6/lib/python3.11/site-packages/airflow/example_dags/example_setup_teardown.py
[2025-06-13T15:39:47.883-0400] {processor.py:925} INFO - DAG(s) 'example_setup_teardown' retrieved from /Users/pranavr/.pyenv/versions/3.11.6/lib/python3.11/site-packages/airflow/example_dags/example_setup_teardown.py
[2025-06-13T15:39:47.966-0400] {logging_mixin.py:190} INFO - [2025-06-13T15:39:47.966-0400] {dag.py:3239} INFO - Sync 1 DAGs
[2025-06-13T15:39:47.971-0400] {logging_mixin.py:190} INFO - [2025-06-13T15:39:47.970-0400] {dag.py:4180} INFO - Setting next_dagrun for example_setup_teardown to None, run_after=None
[2025-06-13T15:39:47.979-0400] {processor.py:208} INFO - Processing /Users/pranavr/.pyenv/versions/3.11.6/lib/python3.11/site-packages/airflow/example_dags/example_setup_teardown.py took 107.121 seconds
[2025-06-13T15:41:13.587-0400] {processor.py:186} INFO - Started process (PID=20996) to work on /Users/pranavr/.pyenv/versions/3.11.6/lib/python3.11/site-packages/airflow/example_dags/example_setup_teardown.py
[2025-06-13T15:41:13.589-0400] {processor.py:914} INFO - Processing file /Users/pranavr/.pyenv/versions/3.11.6/lib/python3.11/site-packages/airflow/example_dags/example_setup_teardown.py for tasks to queue
[2025-06-13T15:41:13.590-0400] {logging_mixin.py:190} INFO - [2025-06-13T15:41:13.590-0400] {dagbag.py:588} INFO - Filling up the DagBag from /Users/pranavr/.pyenv/versions/3.11.6/lib/python3.11/site-packages/airflow/example_dags/example_setup_teardown.py
[2025-06-13T15:41:13.594-0400] {processor.py:925} INFO - DAG(s) 'example_setup_teardown' retrieved from /Users/pranavr/.pyenv/versions/3.11.6/lib/python3.11/site-packages/airflow/example_dags/example_setup_teardown.py
[2025-06-13T15:41:13.665-0400] {logging_mixin.py:190} INFO - [2025-06-13T15:41:13.665-0400] {dag.py:3239} INFO - Sync 1 DAGs
[2025-06-13T15:41:13.670-0400] {logging_mixin.py:190} INFO - [2025-06-13T15:41:13.669-0400] {dag.py:4180} INFO - Setting next_dagrun for example_setup_teardown to None, run_after=None
[2025-06-13T15:41:13.677-0400] {processor.py:208} INFO - Processing /Users/pranavr/.pyenv/versions/3.11.6/lib/python3.11/site-packages/airflow/example_dags/example_setup_teardown.py took 91.186 seconds
[2025-06-13T15:43:56.721-0400] {processor.py:186} INFO - Started process (PID=21563) to work on /Users/pranavr/.pyenv/versions/3.11.6/lib/python3.11/site-packages/airflow/example_dags/example_setup_teardown.py
[2025-06-13T15:43:56.723-0400] {processor.py:914} INFO - Processing file /Users/pranavr/.pyenv/versions/3.11.6/lib/python3.11/site-packages/airflow/example_dags/example_setup_teardown.py for tasks to queue
[2025-06-13T15:43:56.724-0400] {logging_mixin.py:190} INFO - [2025-06-13T15:43:56.724-0400] {dagbag.py:588} INFO - Filling up the DagBag from /Users/pranavr/.pyenv/versions/3.11.6/lib/python3.11/site-packages/airflow/example_dags/example_setup_teardown.py
[2025-06-13T15:43:56.728-0400] {processor.py:925} INFO - DAG(s) 'example_setup_teardown' retrieved from /Users/pranavr/.pyenv/versions/3.11.6/lib/python3.11/site-packages/airflow/example_dags/example_setup_teardown.py
[2025-06-13T15:43:56.842-0400] {logging_mixin.py:190} INFO - [2025-06-13T15:43:56.842-0400] {override.py:1930} INFO - Created Permission View: can read on DAG:example_setup_teardown
[2025-06-13T15:43:56.846-0400] {logging_mixin.py:190} INFO - [2025-06-13T15:43:56.846-0400] {override.py:1930} INFO - Created Permission View: can edit on DAG:example_setup_teardown
[2025-06-13T15:43:56.849-0400] {logging_mixin.py:190} INFO - [2025-06-13T15:43:56.849-0400] {override.py:1930} INFO - Created Permission View: can delete on DAG:example_setup_teardown
[2025-06-13T15:43:56.852-0400] {logging_mixin.py:190} INFO - [2025-06-13T15:43:56.852-0400] {override.py:1930} INFO - Created Permission View: can read on DAG Run:example_setup_teardown
[2025-06-13T15:43:56.855-0400] {logging_mixin.py:190} INFO - [2025-06-13T15:43:56.855-0400] {override.py:1930} INFO - Created Permission View: can delete on DAG Run:example_setup_teardown
[2025-06-13T15:43:56.857-0400] {logging_mixin.py:190} INFO - [2025-06-13T15:43:56.857-0400] {override.py:1930} INFO - Created Permission View: can create on DAG Run:example_setup_teardown
[2025-06-13T15:43:56.859-0400] {logging_mixin.py:190} INFO - [2025-06-13T15:43:56.859-0400] {override.py:1930} INFO - Created Permission View: menu access on DAG Run:example_setup_teardown
[2025-06-13T15:43:56.859-0400] {logging_mixin.py:190} INFO - [2025-06-13T15:43:56.859-0400] {dag.py:3239} INFO - Sync 1 DAGs
[2025-06-13T15:43:56.864-0400] {logging_mixin.py:190} INFO - [2025-06-13T15:43:56.864-0400] {dag.py:3262} INFO - Creating ORM DAG for example_setup_teardown
[2025-06-13T15:43:56.864-0400] {logging_mixin.py:190} INFO - [2025-06-13T15:43:56.864-0400] {dag.py:4180} INFO - Setting next_dagrun for example_setup_teardown to None, run_after=None
[2025-06-13T15:43:56.876-0400] {processor.py:208} INFO - Processing /Users/pranavr/.pyenv/versions/3.11.6/lib/python3.11/site-packages/airflow/example_dags/example_setup_teardown.py took 156.658 seconds
[2025-06-13T15:45:57.974-0400] {processor.py:186} INFO - Started process (PID=21932) to work on /Users/pranavr/.pyenv/versions/3.11.6/lib/python3.11/site-packages/airflow/example_dags/example_setup_teardown.py
[2025-06-13T15:45:57.976-0400] {processor.py:914} INFO - Processing file /Users/pranavr/.pyenv/versions/3.11.6/lib/python3.11/site-packages/airflow/example_dags/example_setup_teardown.py for tasks to queue
[2025-06-13T15:45:57.977-0400] {logging_mixin.py:190} INFO - [2025-06-13T15:45:57.977-0400] {dagbag.py:588} INFO - Filling up the DagBag from /Users/pranavr/.pyenv/versions/3.11.6/lib/python3.11/site-packages/airflow/example_dags/example_setup_teardown.py
[2025-06-13T15:45:57.981-0400] {processor.py:925} INFO - DAG(s) 'example_setup_teardown' retrieved from /Users/pranavr/.pyenv/versions/3.11.6/lib/python3.11/site-packages/airflow/example_dags/example_setup_teardown.py
[2025-06-13T15:45:58.056-0400] {logging_mixin.py:190} INFO - [2025-06-13T15:45:58.056-0400] {dag.py:3239} INFO - Sync 1 DAGs
[2025-06-13T15:45:58.060-0400] {logging_mixin.py:190} INFO - [2025-06-13T15:45:58.060-0400] {dag.py:4180} INFO - Setting next_dagrun for example_setup_teardown to None, run_after=None
[2025-06-13T15:45:58.068-0400] {processor.py:208} INFO - Processing /Users/pranavr/.pyenv/versions/3.11.6/lib/python3.11/site-packages/airflow/example_dags/example_setup_teardown.py took 95.669 seconds
[2025-06-13T15:47:28.165-0400] {processor.py:186} INFO - Started process (PID=22077) to work on /Users/pranavr/.pyenv/versions/3.11.6/lib/python3.11/site-packages/airflow/example_dags/example_setup_teardown.py
[2025-06-13T15:47:28.168-0400] {processor.py:914} INFO - Processing file /Users/pranavr/.pyenv/versions/3.11.6/lib/python3.11/site-packages/airflow/example_dags/example_setup_teardown.py for tasks to queue
[2025-06-13T15:47:28.168-0400] {logging_mixin.py:190} INFO - [2025-06-13T15:47:28.168-0400] {dagbag.py:588} INFO - Filling up the DagBag from /Users/pranavr/.pyenv/versions/3.11.6/lib/python3.11/site-packages/airflow/example_dags/example_setup_teardown.py
[2025-06-13T15:47:28.173-0400] {processor.py:925} INFO - DAG(s) 'example_setup_teardown' retrieved from /Users/pranavr/.pyenv/versions/3.11.6/lib/python3.11/site-packages/airflow/example_dags/example_setup_teardown.py
[2025-06-13T15:47:28.246-0400] {logging_mixin.py:190} INFO - [2025-06-13T15:47:28.245-0400] {dag.py:3239} INFO - Sync 1 DAGs
[2025-06-13T15:47:28.250-0400] {logging_mixin.py:190} INFO - [2025-06-13T15:47:28.250-0400] {dag.py:4180} INFO - Setting next_dagrun for example_setup_teardown to None, run_after=None
[2025-06-13T15:47:28.258-0400] {processor.py:208} INFO - Processing /Users/pranavr/.pyenv/versions/3.11.6/lib/python3.11/site-packages/airflow/example_dags/example_setup_teardown.py took 93.562 seconds
[2025-06-13T15:48:53.247-0400] {processor.py:186} INFO - Started process (PID=22197) to work on /Users/pranavr/.pyenv/versions/3.11.6/lib/python3.11/site-packages/airflow/example_dags/example_setup_teardown.py
[2025-06-13T15:48:53.249-0400] {processor.py:914} INFO - Processing file /Users/pranavr/.pyenv/versions/3.11.6/lib/python3.11/site-packages/airflow/example_dags/example_setup_teardown.py for tasks to queue
[2025-06-13T15:48:53.250-0400] {logging_mixin.py:190} INFO - [2025-06-13T15:48:53.250-0400] {dagbag.py:588} INFO - Filling up the DagBag from /Users/pranavr/.pyenv/versions/3.11.6/lib/python3.11/site-packages/airflow/example_dags/example_setup_teardown.py
[2025-06-13T15:48:53.254-0400] {processor.py:925} INFO - DAG(s) 'example_setup_teardown' retrieved from /Users/pranavr/.pyenv/versions/3.11.6/lib/python3.11/site-packages/airflow/example_dags/example_setup_teardown.py
[2025-06-13T15:48:53.332-0400] {logging_mixin.py:190} INFO - [2025-06-13T15:48:53.332-0400] {dag.py:3239} INFO - Sync 1 DAGs
[2025-06-13T15:48:53.336-0400] {logging_mixin.py:190} INFO - [2025-06-13T15:48:53.336-0400] {dag.py:4180} INFO - Setting next_dagrun for example_setup_teardown to None, run_after=None
[2025-06-13T15:48:53.344-0400] {processor.py:208} INFO - Processing /Users/pranavr/.pyenv/versions/3.11.6/lib/python3.11/site-packages/airflow/example_dags/example_setup_teardown.py took 98.047 seconds
[2025-06-13T15:50:19.684-0400] {processor.py:186} INFO - Started process (PID=22358) to work on /Users/pranavr/.pyenv/versions/3.11.6/lib/python3.11/site-packages/airflow/example_dags/example_setup_teardown.py
[2025-06-13T15:50:19.686-0400] {processor.py:914} INFO - Processing file /Users/pranavr/.pyenv/versions/3.11.6/lib/python3.11/site-packages/airflow/example_dags/example_setup_teardown.py for tasks to queue
[2025-06-13T15:50:19.686-0400] {logging_mixin.py:190} INFO - [2025-06-13T15:50:19.686-0400] {dagbag.py:588} INFO - Filling up the DagBag from /Users/pranavr/.pyenv/versions/3.11.6/lib/python3.11/site-packages/airflow/example_dags/example_setup_teardown.py
[2025-06-13T15:50:19.690-0400] {processor.py:925} INFO - DAG(s) 'example_setup_teardown' retrieved from /Users/pranavr/.pyenv/versions/3.11.6/lib/python3.11/site-packages/airflow/example_dags/example_setup_teardown.py
[2025-06-13T15:50:19.763-0400] {logging_mixin.py:190} INFO - [2025-06-13T15:50:19.763-0400] {dag.py:3239} INFO - Sync 1 DAGs
[2025-06-13T15:50:19.769-0400] {logging_mixin.py:190} INFO - [2025-06-13T15:50:19.768-0400] {dag.py:4180} INFO - Setting next_dagrun for example_setup_teardown to None, run_after=None
[2025-06-13T15:50:19.777-0400] {processor.py:208} INFO - Processing /Users/pranavr/.pyenv/versions/3.11.6/lib/python3.11/site-packages/airflow/example_dags/example_setup_teardown.py took 93.972 seconds
[2025-06-13T15:52:48.150-0400] {processor.py:186} INFO - Started process (PID=22678) to work on /Users/pranavr/.pyenv/versions/3.11.6/lib/python3.11/site-packages/airflow/example_dags/example_setup_teardown.py
[2025-06-13T15:52:48.152-0400] {processor.py:914} INFO - Processing file /Users/pranavr/.pyenv/versions/3.11.6/lib/python3.11/site-packages/airflow/example_dags/example_setup_teardown.py for tasks to queue
[2025-06-13T15:52:48.153-0400] {logging_mixin.py:190} INFO - [2025-06-13T15:52:48.153-0400] {dagbag.py:588} INFO - Filling up the DagBag from /Users/pranavr/.pyenv/versions/3.11.6/lib/python3.11/site-packages/airflow/example_dags/example_setup_teardown.py
[2025-06-13T15:52:48.157-0400] {processor.py:925} INFO - DAG(s) 'example_setup_teardown' retrieved from /Users/pranavr/.pyenv/versions/3.11.6/lib/python3.11/site-packages/airflow/example_dags/example_setup_teardown.py
[2025-06-13T15:52:48.222-0400] {logging_mixin.py:190} INFO - [2025-06-13T15:52:48.222-0400] {dag.py:3239} INFO - Sync 1 DAGs
[2025-06-13T15:52:48.226-0400] {logging_mixin.py:190} INFO - [2025-06-13T15:52:48.226-0400] {dag.py:4180} INFO - Setting next_dagrun for example_setup_teardown to None, run_after=None
[2025-06-13T15:52:48.233-0400] {processor.py:208} INFO - Processing /Users/pranavr/.pyenv/versions/3.11.6/lib/python3.11/site-packages/airflow/example_dags/example_setup_teardown.py took 84.686 seconds
[2025-06-13T15:55:16.409-0400] {processor.py:186} INFO - Started process (PID=22923) to work on /Users/pranavr/.pyenv/versions/3.11.6/lib/python3.11/site-packages/airflow/example_dags/example_setup_teardown.py
[2025-06-13T15:55:16.412-0400] {processor.py:914} INFO - Processing file /Users/pranavr/.pyenv/versions/3.11.6/lib/python3.11/site-packages/airflow/example_dags/example_setup_teardown.py for tasks to queue
[2025-06-13T15:55:16.412-0400] {logging_mixin.py:190} INFO - [2025-06-13T15:55:16.412-0400] {dagbag.py:588} INFO - Filling up the DagBag from /Users/pranavr/.pyenv/versions/3.11.6/lib/python3.11/site-packages/airflow/example_dags/example_setup_teardown.py
[2025-06-13T15:55:16.416-0400] {processor.py:925} INFO - DAG(s) 'example_setup_teardown' retrieved from /Users/pranavr/.pyenv/versions/3.11.6/lib/python3.11/site-packages/airflow/example_dags/example_setup_teardown.py
[2025-06-13T15:55:16.480-0400] {logging_mixin.py:190} INFO - [2025-06-13T15:55:16.479-0400] {dag.py:3239} INFO - Sync 1 DAGs
[2025-06-13T15:55:16.483-0400] {logging_mixin.py:190} INFO - [2025-06-13T15:55:16.483-0400] {dag.py:4180} INFO - Setting next_dagrun for example_setup_teardown to None, run_after=None
[2025-06-13T15:55:16.490-0400] {processor.py:208} INFO - Processing /Users/pranavr/.pyenv/versions/3.11.6/lib/python3.11/site-packages/airflow/example_dags/example_setup_teardown.py took 82.044 seconds
[2025-06-13T15:57:40.063-0400] {processor.py:186} INFO - Started process (PID=23142) to work on /Users/pranavr/.pyenv/versions/3.11.6/lib/python3.11/site-packages/airflow/example_dags/example_setup_teardown.py
[2025-06-13T15:57:40.066-0400] {processor.py:914} INFO - Processing file /Users/pranavr/.pyenv/versions/3.11.6/lib/python3.11/site-packages/airflow/example_dags/example_setup_teardown.py for tasks to queue
[2025-06-13T15:57:40.067-0400] {logging_mixin.py:190} INFO - [2025-06-13T15:57:40.067-0400] {dagbag.py:588} INFO - Filling up the DagBag from /Users/pranavr/.pyenv/versions/3.11.6/lib/python3.11/site-packages/airflow/example_dags/example_setup_teardown.py
[2025-06-13T15:57:40.070-0400] {processor.py:925} INFO - DAG(s) 'example_setup_teardown' retrieved from /Users/pranavr/.pyenv/versions/3.11.6/lib/python3.11/site-packages/airflow/example_dags/example_setup_teardown.py
[2025-06-13T15:57:40.133-0400] {logging_mixin.py:190} INFO - [2025-06-13T15:57:40.133-0400] {dag.py:3239} INFO - Sync 1 DAGs
[2025-06-13T15:57:40.136-0400] {logging_mixin.py:190} INFO - [2025-06-13T15:57:40.136-0400] {dag.py:4180} INFO - Setting next_dagrun for example_setup_teardown to None, run_after=None
[2025-06-13T15:57:40.143-0400] {processor.py:208} INFO - Processing /Users/pranavr/.pyenv/versions/3.11.6/lib/python3.11/site-packages/airflow/example_dags/example_setup_teardown.py took 80.894 seconds
[2025-06-13T16:00:05.198-0400] {processor.py:186} INFO - Started process (PID=23504) to work on /Users/pranavr/.pyenv/versions/3.11.6/lib/python3.11/site-packages/airflow/example_dags/example_setup_teardown.py
[2025-06-13T16:00:05.200-0400] {processor.py:914} INFO - Processing file /Users/pranavr/.pyenv/versions/3.11.6/lib/python3.11/site-packages/airflow/example_dags/example_setup_teardown.py for tasks to queue
[2025-06-13T16:00:05.200-0400] {logging_mixin.py:190} INFO - [2025-06-13T16:00:05.200-0400] {dagbag.py:588} INFO - Filling up the DagBag from /Users/pranavr/.pyenv/versions/3.11.6/lib/python3.11/site-packages/airflow/example_dags/example_setup_teardown.py
[2025-06-13T16:00:05.205-0400] {processor.py:925} INFO - DAG(s) 'example_setup_teardown' retrieved from /Users/pranavr/.pyenv/versions/3.11.6/lib/python3.11/site-packages/airflow/example_dags/example_setup_teardown.py
[2025-06-13T16:00:05.267-0400] {logging_mixin.py:190} INFO - [2025-06-13T16:00:05.267-0400] {dag.py:3239} INFO - Sync 1 DAGs
[2025-06-13T16:00:05.271-0400] {logging_mixin.py:190} INFO - [2025-06-13T16:00:05.271-0400] {dag.py:4180} INFO - Setting next_dagrun for example_setup_teardown to None, run_after=None
[2025-06-13T16:00:05.278-0400] {processor.py:208} INFO - Processing /Users/pranavr/.pyenv/versions/3.11.6/lib/python3.11/site-packages/airflow/example_dags/example_setup_teardown.py took 80.356 seconds
[2025-06-13T16:02:37.401-0400] {processor.py:186} INFO - Started process (PID=23902) to work on /Users/pranavr/.pyenv/versions/3.11.6/lib/python3.11/site-packages/airflow/example_dags/example_setup_teardown.py
[2025-06-13T16:02:37.403-0400] {processor.py:914} INFO - Processing file /Users/pranavr/.pyenv/versions/3.11.6/lib/python3.11/site-packages/airflow/example_dags/example_setup_teardown.py for tasks to queue
[2025-06-13T16:02:37.403-0400] {logging_mixin.py:190} INFO - [2025-06-13T16:02:37.403-0400] {dagbag.py:588} INFO - Filling up the DagBag from /Users/pranavr/.pyenv/versions/3.11.6/lib/python3.11/site-packages/airflow/example_dags/example_setup_teardown.py
[2025-06-13T16:02:37.407-0400] {processor.py:925} INFO - DAG(s) 'example_setup_teardown' retrieved from /Users/pranavr/.pyenv/versions/3.11.6/lib/python3.11/site-packages/airflow/example_dags/example_setup_teardown.py
[2025-06-13T16:02:37.484-0400] {logging_mixin.py:190} INFO - [2025-06-13T16:02:37.484-0400] {dag.py:3239} INFO - Sync 1 DAGs
[2025-06-13T16:02:37.489-0400] {logging_mixin.py:190} INFO - [2025-06-13T16:02:37.489-0400] {dag.py:4180} INFO - Setting next_dagrun for example_setup_teardown to None, run_after=None
[2025-06-13T16:02:37.497-0400] {processor.py:208} INFO - Processing /Users/pranavr/.pyenv/versions/3.11.6/lib/python3.11/site-packages/airflow/example_dags/example_setup_teardown.py took 98.223 seconds
[2025-06-13T16:04:01.984-0400] {processor.py:186} INFO - Started process (PID=24121) to work on /Users/pranavr/.pyenv/versions/3.11.6/lib/python3.11/site-packages/airflow/example_dags/example_setup_teardown.py
[2025-06-13T16:04:01.986-0400] {processor.py:914} INFO - Processing file /Users/pranavr/.pyenv/versions/3.11.6/lib/python3.11/site-packages/airflow/example_dags/example_setup_teardown.py for tasks to queue
[2025-06-13T16:04:01.986-0400] {logging_mixin.py:190} INFO - [2025-06-13T16:04:01.986-0400] {dagbag.py:588} INFO - Filling up the DagBag from /Users/pranavr/.pyenv/versions/3.11.6/lib/python3.11/site-packages/airflow/example_dags/example_setup_teardown.py
[2025-06-13T16:04:01.991-0400] {processor.py:925} INFO - DAG(s) 'example_setup_teardown' retrieved from /Users/pranavr/.pyenv/versions/3.11.6/lib/python3.11/site-packages/airflow/example_dags/example_setup_teardown.py
[2025-06-13T16:04:02.067-0400] {logging_mixin.py:190} INFO - [2025-06-13T16:04:02.067-0400] {dag.py:3239} INFO - Sync 1 DAGs
[2025-06-13T16:04:02.072-0400] {logging_mixin.py:190} INFO - [2025-06-13T16:04:02.072-0400] {dag.py:4180} INFO - Setting next_dagrun for example_setup_teardown to None, run_after=None
[2025-06-13T16:04:02.081-0400] {processor.py:208} INFO - Processing /Users/pranavr/.pyenv/versions/3.11.6/lib/python3.11/site-packages/airflow/example_dags/example_setup_teardown.py took 97.669 seconds
