[2025-06-13T14:22:09.103-0400] {processor.py:186} INFO - Started process (PID=7548) to work on /Users/pranavr/.pyenv/versions/3.11.6/lib/python3.11/site-packages/airflow/example_dags/example_setup_teardown_taskflow.py
[2025-06-13T14:22:09.106-0400] {processor.py:914} INFO - Processing file /Users/pranavr/.pyenv/versions/3.11.6/lib/python3.11/site-packages/airflow/example_dags/example_setup_teardown_taskflow.py for tasks to queue
[2025-06-13T14:22:09.106-0400] {logging_mixin.py:190} INFO - [2025-06-13T14:22:09.106-0400] {dagbag.py:588} INFO - Filling up the DagBag from /Users/pranavr/.pyenv/versions/3.11.6/lib/python3.11/site-packages/airflow/example_dags/example_setup_teardown_taskflow.py
[2025-06-13T14:22:09.129-0400] {processor.py:925} INFO - DAG(s) 'example_setup_teardown_taskflow' retrieved from /Users/pranavr/.pyenv/versions/3.11.6/lib/python3.11/site-packages/airflow/example_dags/example_setup_teardown_taskflow.py
[2025-06-13T14:22:09.256-0400] {logging_mixin.py:190} INFO - [2025-06-13T14:22:09.256-0400] {dag.py:3239} INFO - Sync 1 DAGs
[2025-06-13T14:22:09.261-0400] {logging_mixin.py:190} INFO - [2025-06-13T14:22:09.261-0400] {dag.py:4180} INFO - Setting next_dagrun for example_setup_teardown_taskflow to None, run_after=None
[2025-06-13T14:22:09.270-0400] {processor.py:208} INFO - Processing /Users/pranavr/.pyenv/versions/3.11.6/lib/python3.11/site-packages/airflow/example_dags/example_setup_teardown_taskflow.py took 168.540 seconds
[2025-06-13T14:24:15.749-0400] {processor.py:186} INFO - Started process (PID=7897) to work on /Users/pranavr/.pyenv/versions/3.11.6/lib/python3.11/site-packages/airflow/example_dags/example_setup_teardown_taskflow.py
[2025-06-13T14:24:15.752-0400] {processor.py:914} INFO - Processing file /Users/pranavr/.pyenv/versions/3.11.6/lib/python3.11/site-packages/airflow/example_dags/example_setup_teardown_taskflow.py for tasks to queue
[2025-06-13T14:24:15.753-0400] {logging_mixin.py:190} INFO - [2025-06-13T14:24:15.753-0400] {dagbag.py:588} INFO - Filling up the DagBag from /Users/pranavr/.pyenv/versions/3.11.6/lib/python3.11/site-packages/airflow/example_dags/example_setup_teardown_taskflow.py
[2025-06-13T14:24:15.776-0400] {processor.py:925} INFO - DAG(s) 'example_setup_teardown_taskflow' retrieved from /Users/pranavr/.pyenv/versions/3.11.6/lib/python3.11/site-packages/airflow/example_dags/example_setup_teardown_taskflow.py
[2025-06-13T14:24:15.864-0400] {logging_mixin.py:190} INFO - [2025-06-13T14:24:15.864-0400] {dag.py:3239} INFO - Sync 1 DAGs
[2025-06-13T14:24:15.869-0400] {logging_mixin.py:190} INFO - [2025-06-13T14:24:15.869-0400] {dag.py:4180} INFO - Setting next_dagrun for example_setup_teardown_taskflow to None, run_after=None
[2025-06-13T14:24:15.880-0400] {processor.py:208} INFO - Processing /Users/pranavr/.pyenv/versions/3.11.6/lib/python3.11/site-packages/airflow/example_dags/example_setup_teardown_taskflow.py took 133.527 seconds
[2025-06-13T14:25:46.938-0400] {processor.py:186} INFO - Started process (PID=8008) to work on /Users/pranavr/.pyenv/versions/3.11.6/lib/python3.11/site-packages/airflow/example_dags/example_setup_teardown_taskflow.py
[2025-06-13T14:25:46.942-0400] {processor.py:914} INFO - Processing file /Users/pranavr/.pyenv/versions/3.11.6/lib/python3.11/site-packages/airflow/example_dags/example_setup_teardown_taskflow.py for tasks to queue
[2025-06-13T14:25:46.943-0400] {logging_mixin.py:190} INFO - [2025-06-13T14:25:46.943-0400] {dagbag.py:588} INFO - Filling up the DagBag from /Users/pranavr/.pyenv/versions/3.11.6/lib/python3.11/site-packages/airflow/example_dags/example_setup_teardown_taskflow.py
[2025-06-13T14:25:46.969-0400] {processor.py:925} INFO - DAG(s) 'example_setup_teardown_taskflow' retrieved from /Users/pranavr/.pyenv/versions/3.11.6/lib/python3.11/site-packages/airflow/example_dags/example_setup_teardown_taskflow.py
[2025-06-13T14:25:47.057-0400] {logging_mixin.py:190} INFO - [2025-06-13T14:25:47.056-0400] {dag.py:3239} INFO - Sync 1 DAGs
[2025-06-13T14:25:47.063-0400] {logging_mixin.py:190} INFO - [2025-06-13T14:25:47.063-0400] {dag.py:4180} INFO - Setting next_dagrun for example_setup_teardown_taskflow to None, run_after=None
[2025-06-13T14:25:47.073-0400] {processor.py:208} INFO - Processing /Users/pranavr/.pyenv/versions/3.11.6/lib/python3.11/site-packages/airflow/example_dags/example_setup_teardown_taskflow.py took 136.639 seconds
[2025-06-13T14:27:19.060-0400] {processor.py:186} INFO - Started process (PID=8586) to work on /Users/pranavr/.pyenv/versions/3.11.6/lib/python3.11/site-packages/airflow/example_dags/example_setup_teardown_taskflow.py
[2025-06-13T14:27:19.062-0400] {processor.py:914} INFO - Processing file /Users/pranavr/.pyenv/versions/3.11.6/lib/python3.11/site-packages/airflow/example_dags/example_setup_teardown_taskflow.py for tasks to queue
[2025-06-13T14:27:19.064-0400] {logging_mixin.py:190} INFO - [2025-06-13T14:27:19.064-0400] {dagbag.py:588} INFO - Filling up the DagBag from /Users/pranavr/.pyenv/versions/3.11.6/lib/python3.11/site-packages/airflow/example_dags/example_setup_teardown_taskflow.py
[2025-06-13T14:27:19.086-0400] {processor.py:925} INFO - DAG(s) 'example_setup_teardown_taskflow' retrieved from /Users/pranavr/.pyenv/versions/3.11.6/lib/python3.11/site-packages/airflow/example_dags/example_setup_teardown_taskflow.py
[2025-06-13T14:27:19.175-0400] {logging_mixin.py:190} INFO - [2025-06-13T14:27:19.175-0400] {dag.py:3239} INFO - Sync 1 DAGs
[2025-06-13T14:27:19.182-0400] {logging_mixin.py:190} INFO - [2025-06-13T14:27:19.182-0400] {dag.py:4180} INFO - Setting next_dagrun for example_setup_teardown_taskflow to None, run_after=None
[2025-06-13T14:27:19.193-0400] {processor.py:208} INFO - Processing /Users/pranavr/.pyenv/versions/3.11.6/lib/python3.11/site-packages/airflow/example_dags/example_setup_teardown_taskflow.py took 134.914 seconds
[2025-06-13T14:28:48.786-0400] {processor.py:186} INFO - Started process (PID=8819) to work on /Users/pranavr/.pyenv/versions/3.11.6/lib/python3.11/site-packages/airflow/example_dags/example_setup_teardown_taskflow.py
[2025-06-13T14:28:48.789-0400] {processor.py:914} INFO - Processing file /Users/pranavr/.pyenv/versions/3.11.6/lib/python3.11/site-packages/airflow/example_dags/example_setup_teardown_taskflow.py for tasks to queue
[2025-06-13T14:28:48.790-0400] {logging_mixin.py:190} INFO - [2025-06-13T14:28:48.790-0400] {dagbag.py:588} INFO - Filling up the DagBag from /Users/pranavr/.pyenv/versions/3.11.6/lib/python3.11/site-packages/airflow/example_dags/example_setup_teardown_taskflow.py
[2025-06-13T14:28:48.809-0400] {processor.py:925} INFO - DAG(s) 'example_setup_teardown_taskflow' retrieved from /Users/pranavr/.pyenv/versions/3.11.6/lib/python3.11/site-packages/airflow/example_dags/example_setup_teardown_taskflow.py
[2025-06-13T14:28:48.890-0400] {logging_mixin.py:190} INFO - [2025-06-13T14:28:48.890-0400] {dag.py:3239} INFO - Sync 1 DAGs
[2025-06-13T14:28:48.896-0400] {logging_mixin.py:190} INFO - [2025-06-13T14:28:48.896-0400] {dag.py:4180} INFO - Setting next_dagrun for example_setup_teardown_taskflow to None, run_after=None
[2025-06-13T14:28:48.904-0400] {processor.py:208} INFO - Processing /Users/pranavr/.pyenv/versions/3.11.6/lib/python3.11/site-packages/airflow/example_dags/example_setup_teardown_taskflow.py took 119.982 seconds
[2025-06-13T14:30:21.245-0400] {processor.py:186} INFO - Started process (PID=8986) to work on /Users/pranavr/.pyenv/versions/3.11.6/lib/python3.11/site-packages/airflow/example_dags/example_setup_teardown_taskflow.py
[2025-06-13T14:30:21.248-0400] {processor.py:914} INFO - Processing file /Users/pranavr/.pyenv/versions/3.11.6/lib/python3.11/site-packages/airflow/example_dags/example_setup_teardown_taskflow.py for tasks to queue
[2025-06-13T14:30:21.249-0400] {logging_mixin.py:190} INFO - [2025-06-13T14:30:21.248-0400] {dagbag.py:588} INFO - Filling up the DagBag from /Users/pranavr/.pyenv/versions/3.11.6/lib/python3.11/site-packages/airflow/example_dags/example_setup_teardown_taskflow.py
[2025-06-13T14:30:21.276-0400] {processor.py:925} INFO - DAG(s) 'example_setup_teardown_taskflow' retrieved from /Users/pranavr/.pyenv/versions/3.11.6/lib/python3.11/site-packages/airflow/example_dags/example_setup_teardown_taskflow.py
[2025-06-13T14:30:21.360-0400] {logging_mixin.py:190} INFO - [2025-06-13T14:30:21.360-0400] {dag.py:3239} INFO - Sync 1 DAGs
[2025-06-13T14:30:21.366-0400] {logging_mixin.py:190} INFO - [2025-06-13T14:30:21.366-0400] {dag.py:4180} INFO - Setting next_dagrun for example_setup_teardown_taskflow to None, run_after=None
[2025-06-13T14:30:21.376-0400] {processor.py:208} INFO - Processing /Users/pranavr/.pyenv/versions/3.11.6/lib/python3.11/site-packages/airflow/example_dags/example_setup_teardown_taskflow.py took 131.861 seconds
[2025-06-13T14:31:48.977-0400] {processor.py:186} INFO - Started process (PID=9385) to work on /Users/pranavr/.pyenv/versions/3.11.6/lib/python3.11/site-packages/airflow/example_dags/example_setup_teardown_taskflow.py
[2025-06-13T14:31:48.980-0400] {processor.py:914} INFO - Processing file /Users/pranavr/.pyenv/versions/3.11.6/lib/python3.11/site-packages/airflow/example_dags/example_setup_teardown_taskflow.py for tasks to queue
[2025-06-13T14:31:48.980-0400] {logging_mixin.py:190} INFO - [2025-06-13T14:31:48.980-0400] {dagbag.py:588} INFO - Filling up the DagBag from /Users/pranavr/.pyenv/versions/3.11.6/lib/python3.11/site-packages/airflow/example_dags/example_setup_teardown_taskflow.py
[2025-06-13T14:31:48.996-0400] {processor.py:925} INFO - DAG(s) 'example_setup_teardown_taskflow' retrieved from /Users/pranavr/.pyenv/versions/3.11.6/lib/python3.11/site-packages/airflow/example_dags/example_setup_teardown_taskflow.py
[2025-06-13T14:31:49.072-0400] {logging_mixin.py:190} INFO - [2025-06-13T14:31:49.072-0400] {dag.py:3239} INFO - Sync 1 DAGs
[2025-06-13T14:31:49.077-0400] {logging_mixin.py:190} INFO - [2025-06-13T14:31:49.077-0400] {dag.py:4180} INFO - Setting next_dagrun for example_setup_teardown_taskflow to None, run_after=None
[2025-06-13T14:31:49.085-0400] {processor.py:208} INFO - Processing /Users/pranavr/.pyenv/versions/3.11.6/lib/python3.11/site-packages/airflow/example_dags/example_setup_teardown_taskflow.py took 108.988 seconds
[2025-06-13T14:33:22.297-0400] {processor.py:186} INFO - Started process (PID=9619) to work on /Users/pranavr/.pyenv/versions/3.11.6/lib/python3.11/site-packages/airflow/example_dags/example_setup_teardown_taskflow.py
[2025-06-13T14:33:22.299-0400] {processor.py:914} INFO - Processing file /Users/pranavr/.pyenv/versions/3.11.6/lib/python3.11/site-packages/airflow/example_dags/example_setup_teardown_taskflow.py for tasks to queue
[2025-06-13T14:33:22.300-0400] {logging_mixin.py:190} INFO - [2025-06-13T14:33:22.300-0400] {dagbag.py:588} INFO - Filling up the DagBag from /Users/pranavr/.pyenv/versions/3.11.6/lib/python3.11/site-packages/airflow/example_dags/example_setup_teardown_taskflow.py
[2025-06-13T14:33:22.319-0400] {processor.py:925} INFO - DAG(s) 'example_setup_teardown_taskflow' retrieved from /Users/pranavr/.pyenv/versions/3.11.6/lib/python3.11/site-packages/airflow/example_dags/example_setup_teardown_taskflow.py
[2025-06-13T14:33:22.401-0400] {logging_mixin.py:190} INFO - [2025-06-13T14:33:22.401-0400] {dag.py:3239} INFO - Sync 1 DAGs
[2025-06-13T14:33:22.407-0400] {logging_mixin.py:190} INFO - [2025-06-13T14:33:22.406-0400] {dag.py:4180} INFO - Setting next_dagrun for example_setup_teardown_taskflow to None, run_after=None
[2025-06-13T14:33:22.415-0400] {processor.py:208} INFO - Processing /Users/pranavr/.pyenv/versions/3.11.6/lib/python3.11/site-packages/airflow/example_dags/example_setup_teardown_taskflow.py took 118.596 seconds
[2025-06-13T14:34:53.714-0400] {processor.py:186} INFO - Started process (PID=10083) to work on /Users/pranavr/.pyenv/versions/3.11.6/lib/python3.11/site-packages/airflow/example_dags/example_setup_teardown_taskflow.py
[2025-06-13T14:34:53.717-0400] {processor.py:914} INFO - Processing file /Users/pranavr/.pyenv/versions/3.11.6/lib/python3.11/site-packages/airflow/example_dags/example_setup_teardown_taskflow.py for tasks to queue
[2025-06-13T14:34:53.718-0400] {logging_mixin.py:190} INFO - [2025-06-13T14:34:53.718-0400] {dagbag.py:588} INFO - Filling up the DagBag from /Users/pranavr/.pyenv/versions/3.11.6/lib/python3.11/site-packages/airflow/example_dags/example_setup_teardown_taskflow.py
[2025-06-13T14:34:53.743-0400] {processor.py:925} INFO - DAG(s) 'example_setup_teardown_taskflow' retrieved from /Users/pranavr/.pyenv/versions/3.11.6/lib/python3.11/site-packages/airflow/example_dags/example_setup_teardown_taskflow.py
[2025-06-13T14:34:53.833-0400] {logging_mixin.py:190} INFO - [2025-06-13T14:34:53.833-0400] {dag.py:3239} INFO - Sync 1 DAGs
[2025-06-13T14:34:53.839-0400] {logging_mixin.py:190} INFO - [2025-06-13T14:34:53.839-0400] {dag.py:4180} INFO - Setting next_dagrun for example_setup_teardown_taskflow to None, run_after=None
[2025-06-13T14:34:53.851-0400] {processor.py:208} INFO - Processing /Users/pranavr/.pyenv/versions/3.11.6/lib/python3.11/site-packages/airflow/example_dags/example_setup_teardown_taskflow.py took 138.795 seconds
[2025-06-13T14:36:24.794-0400] {processor.py:186} INFO - Started process (PID=10894) to work on /Users/pranavr/.pyenv/versions/3.11.6/lib/python3.11/site-packages/airflow/example_dags/example_setup_teardown_taskflow.py
[2025-06-13T14:36:24.796-0400] {processor.py:914} INFO - Processing file /Users/pranavr/.pyenv/versions/3.11.6/lib/python3.11/site-packages/airflow/example_dags/example_setup_teardown_taskflow.py for tasks to queue
[2025-06-13T14:36:24.796-0400] {logging_mixin.py:190} INFO - [2025-06-13T14:36:24.796-0400] {dagbag.py:588} INFO - Filling up the DagBag from /Users/pranavr/.pyenv/versions/3.11.6/lib/python3.11/site-packages/airflow/example_dags/example_setup_teardown_taskflow.py
[2025-06-13T14:36:24.819-0400] {processor.py:925} INFO - DAG(s) 'example_setup_teardown_taskflow' retrieved from /Users/pranavr/.pyenv/versions/3.11.6/lib/python3.11/site-packages/airflow/example_dags/example_setup_teardown_taskflow.py
[2025-06-13T14:36:24.904-0400] {logging_mixin.py:190} INFO - [2025-06-13T14:36:24.904-0400] {dag.py:3239} INFO - Sync 1 DAGs
[2025-06-13T14:36:24.909-0400] {logging_mixin.py:190} INFO - [2025-06-13T14:36:24.909-0400] {dag.py:4180} INFO - Setting next_dagrun for example_setup_teardown_taskflow to None, run_after=None
[2025-06-13T14:36:24.919-0400] {processor.py:208} INFO - Processing /Users/pranavr/.pyenv/versions/3.11.6/lib/python3.11/site-packages/airflow/example_dags/example_setup_teardown_taskflow.py took 126.561 seconds
[2025-06-13T14:37:53.732-0400] {processor.py:186} INFO - Started process (PID=11135) to work on /Users/pranavr/.pyenv/versions/3.11.6/lib/python3.11/site-packages/airflow/example_dags/example_setup_teardown_taskflow.py
[2025-06-13T14:37:53.734-0400] {processor.py:914} INFO - Processing file /Users/pranavr/.pyenv/versions/3.11.6/lib/python3.11/site-packages/airflow/example_dags/example_setup_teardown_taskflow.py for tasks to queue
[2025-06-13T14:37:53.735-0400] {logging_mixin.py:190} INFO - [2025-06-13T14:37:53.735-0400] {dagbag.py:588} INFO - Filling up the DagBag from /Users/pranavr/.pyenv/versions/3.11.6/lib/python3.11/site-packages/airflow/example_dags/example_setup_teardown_taskflow.py
[2025-06-13T14:37:53.753-0400] {processor.py:925} INFO - DAG(s) 'example_setup_teardown_taskflow' retrieved from /Users/pranavr/.pyenv/versions/3.11.6/lib/python3.11/site-packages/airflow/example_dags/example_setup_teardown_taskflow.py
[2025-06-13T14:37:53.842-0400] {logging_mixin.py:190} INFO - [2025-06-13T14:37:53.842-0400] {dag.py:3239} INFO - Sync 1 DAGs
[2025-06-13T14:37:53.848-0400] {logging_mixin.py:190} INFO - [2025-06-13T14:37:53.848-0400] {dag.py:4180} INFO - Setting next_dagrun for example_setup_teardown_taskflow to None, run_after=None
[2025-06-13T14:37:53.858-0400] {processor.py:208} INFO - Processing /Users/pranavr/.pyenv/versions/3.11.6/lib/python3.11/site-packages/airflow/example_dags/example_setup_teardown_taskflow.py took 127.603 seconds
[2025-06-13T14:39:21.050-0400] {processor.py:186} INFO - Started process (PID=11370) to work on /Users/pranavr/.pyenv/versions/3.11.6/lib/python3.11/site-packages/airflow/example_dags/example_setup_teardown_taskflow.py
[2025-06-13T14:39:21.052-0400] {processor.py:914} INFO - Processing file /Users/pranavr/.pyenv/versions/3.11.6/lib/python3.11/site-packages/airflow/example_dags/example_setup_teardown_taskflow.py for tasks to queue
[2025-06-13T14:39:21.053-0400] {logging_mixin.py:190} INFO - [2025-06-13T14:39:21.053-0400] {dagbag.py:588} INFO - Filling up the DagBag from /Users/pranavr/.pyenv/versions/3.11.6/lib/python3.11/site-packages/airflow/example_dags/example_setup_teardown_taskflow.py
[2025-06-13T14:39:21.069-0400] {processor.py:925} INFO - DAG(s) 'example_setup_teardown_taskflow' retrieved from /Users/pranavr/.pyenv/versions/3.11.6/lib/python3.11/site-packages/airflow/example_dags/example_setup_teardown_taskflow.py
[2025-06-13T14:39:21.140-0400] {logging_mixin.py:190} INFO - [2025-06-13T14:39:21.140-0400] {dag.py:3239} INFO - Sync 1 DAGs
[2025-06-13T14:39:21.145-0400] {logging_mixin.py:190} INFO - [2025-06-13T14:39:21.144-0400] {dag.py:4180} INFO - Setting next_dagrun for example_setup_teardown_taskflow to None, run_after=None
[2025-06-13T14:39:21.151-0400] {processor.py:208} INFO - Processing /Users/pranavr/.pyenv/versions/3.11.6/lib/python3.11/site-packages/airflow/example_dags/example_setup_teardown_taskflow.py took 102.151 seconds
[2025-06-13T14:40:42.932-0400] {processor.py:186} INFO - Started process (PID=11622) to work on /Users/pranavr/.pyenv/versions/3.11.6/lib/python3.11/site-packages/airflow/example_dags/example_setup_teardown_taskflow.py
[2025-06-13T14:40:42.934-0400] {processor.py:914} INFO - Processing file /Users/pranavr/.pyenv/versions/3.11.6/lib/python3.11/site-packages/airflow/example_dags/example_setup_teardown_taskflow.py for tasks to queue
[2025-06-13T14:40:42.935-0400] {logging_mixin.py:190} INFO - [2025-06-13T14:40:42.935-0400] {dagbag.py:588} INFO - Filling up the DagBag from /Users/pranavr/.pyenv/versions/3.11.6/lib/python3.11/site-packages/airflow/example_dags/example_setup_teardown_taskflow.py
[2025-06-13T14:40:42.960-0400] {processor.py:925} INFO - DAG(s) 'example_setup_teardown_taskflow' retrieved from /Users/pranavr/.pyenv/versions/3.11.6/lib/python3.11/site-packages/airflow/example_dags/example_setup_teardown_taskflow.py
[2025-06-13T14:40:43.040-0400] {logging_mixin.py:190} INFO - [2025-06-13T14:40:43.040-0400] {dag.py:3239} INFO - Sync 1 DAGs
[2025-06-13T14:40:43.046-0400] {logging_mixin.py:190} INFO - [2025-06-13T14:40:43.046-0400] {dag.py:4180} INFO - Setting next_dagrun for example_setup_teardown_taskflow to None, run_after=None
[2025-06-13T14:40:43.054-0400] {processor.py:208} INFO - Processing /Users/pranavr/.pyenv/versions/3.11.6/lib/python3.11/site-packages/airflow/example_dags/example_setup_teardown_taskflow.py took 123.048 seconds
[2025-06-13T14:43:11.424-0400] {processor.py:186} INFO - Started process (PID=11938) to work on /Users/pranavr/.pyenv/versions/3.11.6/lib/python3.11/site-packages/airflow/example_dags/example_setup_teardown_taskflow.py
[2025-06-13T14:43:11.425-0400] {processor.py:914} INFO - Processing file /Users/pranavr/.pyenv/versions/3.11.6/lib/python3.11/site-packages/airflow/example_dags/example_setup_teardown_taskflow.py for tasks to queue
[2025-06-13T14:43:11.426-0400] {logging_mixin.py:190} INFO - [2025-06-13T14:43:11.426-0400] {dagbag.py:588} INFO - Filling up the DagBag from /Users/pranavr/.pyenv/versions/3.11.6/lib/python3.11/site-packages/airflow/example_dags/example_setup_teardown_taskflow.py
[2025-06-13T14:43:11.441-0400] {processor.py:925} INFO - DAG(s) 'example_setup_teardown_taskflow' retrieved from /Users/pranavr/.pyenv/versions/3.11.6/lib/python3.11/site-packages/airflow/example_dags/example_setup_teardown_taskflow.py
[2025-06-13T14:43:11.505-0400] {logging_mixin.py:190} INFO - [2025-06-13T14:43:11.505-0400] {dag.py:3239} INFO - Sync 1 DAGs
[2025-06-13T14:43:11.509-0400] {logging_mixin.py:190} INFO - [2025-06-13T14:43:11.509-0400] {dag.py:4180} INFO - Setting next_dagrun for example_setup_teardown_taskflow to None, run_after=None
[2025-06-13T14:43:11.517-0400] {processor.py:208} INFO - Processing /Users/pranavr/.pyenv/versions/3.11.6/lib/python3.11/site-packages/airflow/example_dags/example_setup_teardown_taskflow.py took 93.999 seconds
[2025-06-13T14:45:36.825-0400] {processor.py:186} INFO - Started process (PID=12222) to work on /Users/pranavr/.pyenv/versions/3.11.6/lib/python3.11/site-packages/airflow/example_dags/example_setup_teardown_taskflow.py
[2025-06-13T14:45:36.827-0400] {processor.py:914} INFO - Processing file /Users/pranavr/.pyenv/versions/3.11.6/lib/python3.11/site-packages/airflow/example_dags/example_setup_teardown_taskflow.py for tasks to queue
[2025-06-13T14:45:36.828-0400] {logging_mixin.py:190} INFO - [2025-06-13T14:45:36.827-0400] {dagbag.py:588} INFO - Filling up the DagBag from /Users/pranavr/.pyenv/versions/3.11.6/lib/python3.11/site-packages/airflow/example_dags/example_setup_teardown_taskflow.py
[2025-06-13T14:45:36.844-0400] {processor.py:925} INFO - DAG(s) 'example_setup_teardown_taskflow' retrieved from /Users/pranavr/.pyenv/versions/3.11.6/lib/python3.11/site-packages/airflow/example_dags/example_setup_teardown_taskflow.py
[2025-06-13T14:45:36.913-0400] {logging_mixin.py:190} INFO - [2025-06-13T14:45:36.913-0400] {dag.py:3239} INFO - Sync 1 DAGs
[2025-06-13T14:45:36.917-0400] {logging_mixin.py:190} INFO - [2025-06-13T14:45:36.917-0400] {dag.py:4180} INFO - Setting next_dagrun for example_setup_teardown_taskflow to None, run_after=None
[2025-06-13T14:45:36.924-0400] {processor.py:208} INFO - Processing /Users/pranavr/.pyenv/versions/3.11.6/lib/python3.11/site-packages/airflow/example_dags/example_setup_teardown_taskflow.py took 100.238 seconds
[2025-06-13T14:48:01.479-0400] {processor.py:186} INFO - Started process (PID=12462) to work on /Users/pranavr/.pyenv/versions/3.11.6/lib/python3.11/site-packages/airflow/example_dags/example_setup_teardown_taskflow.py
[2025-06-13T14:48:01.480-0400] {processor.py:914} INFO - Processing file /Users/pranavr/.pyenv/versions/3.11.6/lib/python3.11/site-packages/airflow/example_dags/example_setup_teardown_taskflow.py for tasks to queue
[2025-06-13T14:48:01.481-0400] {logging_mixin.py:190} INFO - [2025-06-13T14:48:01.481-0400] {dagbag.py:588} INFO - Filling up the DagBag from /Users/pranavr/.pyenv/versions/3.11.6/lib/python3.11/site-packages/airflow/example_dags/example_setup_teardown_taskflow.py
[2025-06-13T14:48:01.496-0400] {processor.py:925} INFO - DAG(s) 'example_setup_teardown_taskflow' retrieved from /Users/pranavr/.pyenv/versions/3.11.6/lib/python3.11/site-packages/airflow/example_dags/example_setup_teardown_taskflow.py
[2025-06-13T14:48:01.561-0400] {logging_mixin.py:190} INFO - [2025-06-13T14:48:01.561-0400] {dag.py:3239} INFO - Sync 1 DAGs
[2025-06-13T14:48:01.565-0400] {logging_mixin.py:190} INFO - [2025-06-13T14:48:01.565-0400] {dag.py:4180} INFO - Setting next_dagrun for example_setup_teardown_taskflow to None, run_after=None
[2025-06-13T14:48:01.573-0400] {processor.py:208} INFO - Processing /Users/pranavr/.pyenv/versions/3.11.6/lib/python3.11/site-packages/airflow/example_dags/example_setup_teardown_taskflow.py took 95.108 seconds
[2025-06-13T14:49:17.675-0400] {processor.py:186} INFO - Started process (PID=12577) to work on /Users/pranavr/.pyenv/versions/3.11.6/lib/python3.11/site-packages/airflow/example_dags/example_setup_teardown_taskflow.py
[2025-06-13T14:49:17.677-0400] {processor.py:914} INFO - Processing file /Users/pranavr/.pyenv/versions/3.11.6/lib/python3.11/site-packages/airflow/example_dags/example_setup_teardown_taskflow.py for tasks to queue
[2025-06-13T14:49:17.677-0400] {logging_mixin.py:190} INFO - [2025-06-13T14:49:17.677-0400] {dagbag.py:588} INFO - Filling up the DagBag from /Users/pranavr/.pyenv/versions/3.11.6/lib/python3.11/site-packages/airflow/example_dags/example_setup_teardown_taskflow.py
[2025-06-13T14:49:17.693-0400] {processor.py:925} INFO - DAG(s) 'example_setup_teardown_taskflow' retrieved from /Users/pranavr/.pyenv/versions/3.11.6/lib/python3.11/site-packages/airflow/example_dags/example_setup_teardown_taskflow.py
[2025-06-13T14:49:17.766-0400] {logging_mixin.py:190} INFO - [2025-06-13T14:49:17.766-0400] {dag.py:3239} INFO - Sync 1 DAGs
[2025-06-13T14:49:17.771-0400] {logging_mixin.py:190} INFO - [2025-06-13T14:49:17.771-0400] {dag.py:4180} INFO - Setting next_dagrun for example_setup_teardown_taskflow to None, run_after=None
[2025-06-13T14:49:17.779-0400] {processor.py:208} INFO - Processing /Users/pranavr/.pyenv/versions/3.11.6/lib/python3.11/site-packages/airflow/example_dags/example_setup_teardown_taskflow.py took 104.419 seconds
[2025-06-13T14:51:46.196-0400] {processor.py:186} INFO - Started process (PID=13851) to work on /Users/pranavr/.pyenv/versions/3.11.6/lib/python3.11/site-packages/airflow/example_dags/example_setup_teardown_taskflow.py
[2025-06-13T14:51:46.199-0400] {processor.py:914} INFO - Processing file /Users/pranavr/.pyenv/versions/3.11.6/lib/python3.11/site-packages/airflow/example_dags/example_setup_teardown_taskflow.py for tasks to queue
[2025-06-13T14:51:46.199-0400] {logging_mixin.py:190} INFO - [2025-06-13T14:51:46.199-0400] {dagbag.py:588} INFO - Filling up the DagBag from /Users/pranavr/.pyenv/versions/3.11.6/lib/python3.11/site-packages/airflow/example_dags/example_setup_teardown_taskflow.py
[2025-06-13T14:51:46.214-0400] {processor.py:925} INFO - DAG(s) 'example_setup_teardown_taskflow' retrieved from /Users/pranavr/.pyenv/versions/3.11.6/lib/python3.11/site-packages/airflow/example_dags/example_setup_teardown_taskflow.py
[2025-06-13T14:51:46.276-0400] {logging_mixin.py:190} INFO - [2025-06-13T14:51:46.275-0400] {dag.py:3239} INFO - Sync 1 DAGs
[2025-06-13T14:51:46.280-0400] {logging_mixin.py:190} INFO - [2025-06-13T14:51:46.280-0400] {dag.py:4180} INFO - Setting next_dagrun for example_setup_teardown_taskflow to None, run_after=None
[2025-06-13T14:51:46.287-0400] {processor.py:208} INFO - Processing /Users/pranavr/.pyenv/versions/3.11.6/lib/python3.11/site-packages/airflow/example_dags/example_setup_teardown_taskflow.py took 91.744 seconds
[2025-06-13T14:54:13.662-0400] {processor.py:186} INFO - Started process (PID=14160) to work on /Users/pranavr/.pyenv/versions/3.11.6/lib/python3.11/site-packages/airflow/example_dags/example_setup_teardown_taskflow.py
[2025-06-13T14:54:13.663-0400] {processor.py:914} INFO - Processing file /Users/pranavr/.pyenv/versions/3.11.6/lib/python3.11/site-packages/airflow/example_dags/example_setup_teardown_taskflow.py for tasks to queue
[2025-06-13T14:54:13.664-0400] {logging_mixin.py:190} INFO - [2025-06-13T14:54:13.664-0400] {dagbag.py:588} INFO - Filling up the DagBag from /Users/pranavr/.pyenv/versions/3.11.6/lib/python3.11/site-packages/airflow/example_dags/example_setup_teardown_taskflow.py
[2025-06-13T14:54:13.679-0400] {processor.py:925} INFO - DAG(s) 'example_setup_teardown_taskflow' retrieved from /Users/pranavr/.pyenv/versions/3.11.6/lib/python3.11/site-packages/airflow/example_dags/example_setup_teardown_taskflow.py
[2025-06-13T14:54:13.747-0400] {logging_mixin.py:190} INFO - [2025-06-13T14:54:13.747-0400] {dag.py:3239} INFO - Sync 1 DAGs
[2025-06-13T14:54:13.752-0400] {logging_mixin.py:190} INFO - [2025-06-13T14:54:13.752-0400] {dag.py:4180} INFO - Setting next_dagrun for example_setup_teardown_taskflow to None, run_after=None
[2025-06-13T14:54:13.760-0400] {processor.py:208} INFO - Processing /Users/pranavr/.pyenv/versions/3.11.6/lib/python3.11/site-packages/airflow/example_dags/example_setup_teardown_taskflow.py took 99.465 seconds
[2025-06-13T14:55:33.404-0400] {processor.py:186} INFO - Started process (PID=14280) to work on /Users/pranavr/.pyenv/versions/3.11.6/lib/python3.11/site-packages/airflow/example_dags/example_setup_teardown_taskflow.py
[2025-06-13T14:55:33.407-0400] {processor.py:914} INFO - Processing file /Users/pranavr/.pyenv/versions/3.11.6/lib/python3.11/site-packages/airflow/example_dags/example_setup_teardown_taskflow.py for tasks to queue
[2025-06-13T14:55:33.408-0400] {logging_mixin.py:190} INFO - [2025-06-13T14:55:33.407-0400] {dagbag.py:588} INFO - Filling up the DagBag from /Users/pranavr/.pyenv/versions/3.11.6/lib/python3.11/site-packages/airflow/example_dags/example_setup_teardown_taskflow.py
[2025-06-13T14:55:33.423-0400] {processor.py:925} INFO - DAG(s) 'example_setup_teardown_taskflow' retrieved from /Users/pranavr/.pyenv/versions/3.11.6/lib/python3.11/site-packages/airflow/example_dags/example_setup_teardown_taskflow.py
[2025-06-13T14:55:33.485-0400] {logging_mixin.py:190} INFO - [2025-06-13T14:55:33.485-0400] {dag.py:3239} INFO - Sync 1 DAGs
[2025-06-13T14:55:33.490-0400] {logging_mixin.py:190} INFO - [2025-06-13T14:55:33.490-0400] {dag.py:4180} INFO - Setting next_dagrun for example_setup_teardown_taskflow to None, run_after=None
[2025-06-13T14:55:33.497-0400] {processor.py:208} INFO - Processing /Users/pranavr/.pyenv/versions/3.11.6/lib/python3.11/site-packages/airflow/example_dags/example_setup_teardown_taskflow.py took 93.477 seconds
[2025-06-13T14:56:48.511-0400] {processor.py:186} INFO - Started process (PID=14411) to work on /Users/pranavr/.pyenv/versions/3.11.6/lib/python3.11/site-packages/airflow/example_dags/example_setup_teardown_taskflow.py
[2025-06-13T14:56:48.513-0400] {processor.py:914} INFO - Processing file /Users/pranavr/.pyenv/versions/3.11.6/lib/python3.11/site-packages/airflow/example_dags/example_setup_teardown_taskflow.py for tasks to queue
[2025-06-13T14:56:48.514-0400] {logging_mixin.py:190} INFO - [2025-06-13T14:56:48.514-0400] {dagbag.py:588} INFO - Filling up the DagBag from /Users/pranavr/.pyenv/versions/3.11.6/lib/python3.11/site-packages/airflow/example_dags/example_setup_teardown_taskflow.py
[2025-06-13T14:56:48.528-0400] {processor.py:925} INFO - DAG(s) 'example_setup_teardown_taskflow' retrieved from /Users/pranavr/.pyenv/versions/3.11.6/lib/python3.11/site-packages/airflow/example_dags/example_setup_teardown_taskflow.py
[2025-06-13T14:56:48.590-0400] {logging_mixin.py:190} INFO - [2025-06-13T14:56:48.590-0400] {dag.py:3239} INFO - Sync 1 DAGs
[2025-06-13T14:56:48.594-0400] {logging_mixin.py:190} INFO - [2025-06-13T14:56:48.594-0400] {dag.py:4180} INFO - Setting next_dagrun for example_setup_teardown_taskflow to None, run_after=None
[2025-06-13T14:56:48.602-0400] {processor.py:208} INFO - Processing /Users/pranavr/.pyenv/versions/3.11.6/lib/python3.11/site-packages/airflow/example_dags/example_setup_teardown_taskflow.py took 92.076 seconds
[2025-06-13T14:58:08.527-0400] {processor.py:186} INFO - Started process (PID=14626) to work on /Users/pranavr/.pyenv/versions/3.11.6/lib/python3.11/site-packages/airflow/example_dags/example_setup_teardown_taskflow.py
[2025-06-13T14:58:08.529-0400] {processor.py:914} INFO - Processing file /Users/pranavr/.pyenv/versions/3.11.6/lib/python3.11/site-packages/airflow/example_dags/example_setup_teardown_taskflow.py for tasks to queue
[2025-06-13T14:58:08.530-0400] {logging_mixin.py:190} INFO - [2025-06-13T14:58:08.530-0400] {dagbag.py:588} INFO - Filling up the DagBag from /Users/pranavr/.pyenv/versions/3.11.6/lib/python3.11/site-packages/airflow/example_dags/example_setup_teardown_taskflow.py
[2025-06-13T14:58:08.547-0400] {processor.py:925} INFO - DAG(s) 'example_setup_teardown_taskflow' retrieved from /Users/pranavr/.pyenv/versions/3.11.6/lib/python3.11/site-packages/airflow/example_dags/example_setup_teardown_taskflow.py
[2025-06-13T14:58:08.616-0400] {logging_mixin.py:190} INFO - [2025-06-13T14:58:08.616-0400] {dag.py:3239} INFO - Sync 1 DAGs
[2025-06-13T14:58:08.621-0400] {logging_mixin.py:190} INFO - [2025-06-13T14:58:08.621-0400] {dag.py:4180} INFO - Setting next_dagrun for example_setup_teardown_taskflow to None, run_after=None
[2025-06-13T14:58:08.628-0400] {processor.py:208} INFO - Processing /Users/pranavr/.pyenv/versions/3.11.6/lib/python3.11/site-packages/airflow/example_dags/example_setup_teardown_taskflow.py took 101.993 seconds
[2025-06-13T14:59:31.206-0400] {processor.py:186} INFO - Started process (PID=14775) to work on /Users/pranavr/.pyenv/versions/3.11.6/lib/python3.11/site-packages/airflow/example_dags/example_setup_teardown_taskflow.py
[2025-06-13T14:59:31.208-0400] {processor.py:914} INFO - Processing file /Users/pranavr/.pyenv/versions/3.11.6/lib/python3.11/site-packages/airflow/example_dags/example_setup_teardown_taskflow.py for tasks to queue
[2025-06-13T14:59:31.209-0400] {logging_mixin.py:190} INFO - [2025-06-13T14:59:31.209-0400] {dagbag.py:588} INFO - Filling up the DagBag from /Users/pranavr/.pyenv/versions/3.11.6/lib/python3.11/site-packages/airflow/example_dags/example_setup_teardown_taskflow.py
[2025-06-13T14:59:31.227-0400] {processor.py:925} INFO - DAG(s) 'example_setup_teardown_taskflow' retrieved from /Users/pranavr/.pyenv/versions/3.11.6/lib/python3.11/site-packages/airflow/example_dags/example_setup_teardown_taskflow.py
[2025-06-13T14:59:31.302-0400] {logging_mixin.py:190} INFO - [2025-06-13T14:59:31.301-0400] {dag.py:3239} INFO - Sync 1 DAGs
[2025-06-13T14:59:31.307-0400] {logging_mixin.py:190} INFO - [2025-06-13T14:59:31.307-0400] {dag.py:4180} INFO - Setting next_dagrun for example_setup_teardown_taskflow to None, run_after=None
[2025-06-13T14:59:31.314-0400] {processor.py:208} INFO - Processing /Users/pranavr/.pyenv/versions/3.11.6/lib/python3.11/site-packages/airflow/example_dags/example_setup_teardown_taskflow.py took 110.222 seconds
[2025-06-13T15:01:05.070-0400] {processor.py:186} INFO - Started process (PID=15114) to work on /Users/pranavr/.pyenv/versions/3.11.6/lib/python3.11/site-packages/airflow/example_dags/example_setup_teardown_taskflow.py
[2025-06-13T15:01:05.073-0400] {processor.py:914} INFO - Processing file /Users/pranavr/.pyenv/versions/3.11.6/lib/python3.11/site-packages/airflow/example_dags/example_setup_teardown_taskflow.py for tasks to queue
[2025-06-13T15:01:05.073-0400] {logging_mixin.py:190} INFO - [2025-06-13T15:01:05.073-0400] {dagbag.py:588} INFO - Filling up the DagBag from /Users/pranavr/.pyenv/versions/3.11.6/lib/python3.11/site-packages/airflow/example_dags/example_setup_teardown_taskflow.py
[2025-06-13T15:01:05.094-0400] {processor.py:925} INFO - DAG(s) 'example_setup_teardown_taskflow' retrieved from /Users/pranavr/.pyenv/versions/3.11.6/lib/python3.11/site-packages/airflow/example_dags/example_setup_teardown_taskflow.py
[2025-06-13T15:01:05.172-0400] {logging_mixin.py:190} INFO - [2025-06-13T15:01:05.172-0400] {dag.py:3239} INFO - Sync 1 DAGs
[2025-06-13T15:01:05.177-0400] {logging_mixin.py:190} INFO - [2025-06-13T15:01:05.177-0400] {dag.py:4180} INFO - Setting next_dagrun for example_setup_teardown_taskflow to None, run_after=None
[2025-06-13T15:01:05.186-0400] {processor.py:208} INFO - Processing /Users/pranavr/.pyenv/versions/3.11.6/lib/python3.11/site-packages/airflow/example_dags/example_setup_teardown_taskflow.py took 116.833 seconds
[2025-06-13T15:03:08.419-0400] {processor.py:186} INFO - Started process (PID=15639) to work on /Users/pranavr/.pyenv/versions/3.11.6/lib/python3.11/site-packages/airflow/example_dags/example_setup_teardown_taskflow.py
[2025-06-13T15:03:08.422-0400] {processor.py:914} INFO - Processing file /Users/pranavr/.pyenv/versions/3.11.6/lib/python3.11/site-packages/airflow/example_dags/example_setup_teardown_taskflow.py for tasks to queue
[2025-06-13T15:03:08.422-0400] {logging_mixin.py:190} INFO - [2025-06-13T15:03:08.422-0400] {dagbag.py:588} INFO - Filling up the DagBag from /Users/pranavr/.pyenv/versions/3.11.6/lib/python3.11/site-packages/airflow/example_dags/example_setup_teardown_taskflow.py
[2025-06-13T15:03:08.448-0400] {processor.py:925} INFO - DAG(s) 'example_setup_teardown_taskflow' retrieved from /Users/pranavr/.pyenv/versions/3.11.6/lib/python3.11/site-packages/airflow/example_dags/example_setup_teardown_taskflow.py
[2025-06-13T15:03:08.519-0400] {logging_mixin.py:190} INFO - [2025-06-13T15:03:08.519-0400] {dag.py:3239} INFO - Sync 1 DAGs
[2025-06-13T15:03:08.525-0400] {logging_mixin.py:190} INFO - [2025-06-13T15:03:08.525-0400] {dag.py:4180} INFO - Setting next_dagrun for example_setup_teardown_taskflow to None, run_after=None
[2025-06-13T15:03:08.534-0400] {processor.py:208} INFO - Processing /Users/pranavr/.pyenv/versions/3.11.6/lib/python3.11/site-packages/airflow/example_dags/example_setup_teardown_taskflow.py took 116.419 seconds
[2025-06-13T15:05:06.367-0400] {processor.py:186} INFO - Started process (PID=16033) to work on /Users/pranavr/.pyenv/versions/3.11.6/lib/python3.11/site-packages/airflow/example_dags/example_setup_teardown_taskflow.py
[2025-06-13T15:05:06.370-0400] {processor.py:914} INFO - Processing file /Users/pranavr/.pyenv/versions/3.11.6/lib/python3.11/site-packages/airflow/example_dags/example_setup_teardown_taskflow.py for tasks to queue
[2025-06-13T15:05:06.370-0400] {logging_mixin.py:190} INFO - [2025-06-13T15:05:06.370-0400] {dagbag.py:588} INFO - Filling up the DagBag from /Users/pranavr/.pyenv/versions/3.11.6/lib/python3.11/site-packages/airflow/example_dags/example_setup_teardown_taskflow.py
[2025-06-13T15:05:06.393-0400] {processor.py:925} INFO - DAG(s) 'example_setup_teardown_taskflow' retrieved from /Users/pranavr/.pyenv/versions/3.11.6/lib/python3.11/site-packages/airflow/example_dags/example_setup_teardown_taskflow.py
[2025-06-13T15:05:06.468-0400] {logging_mixin.py:190} INFO - [2025-06-13T15:05:06.468-0400] {dag.py:3239} INFO - Sync 1 DAGs
[2025-06-13T15:05:06.474-0400] {logging_mixin.py:190} INFO - [2025-06-13T15:05:06.474-0400] {dag.py:4180} INFO - Setting next_dagrun for example_setup_teardown_taskflow to None, run_after=None
[2025-06-13T15:05:06.483-0400] {processor.py:208} INFO - Processing /Users/pranavr/.pyenv/versions/3.11.6/lib/python3.11/site-packages/airflow/example_dags/example_setup_teardown_taskflow.py took 117.618 seconds
[2025-06-13T15:06:59.254-0400] {processor.py:186} INFO - Started process (PID=16379) to work on /Users/pranavr/.pyenv/versions/3.11.6/lib/python3.11/site-packages/airflow/example_dags/example_setup_teardown_taskflow.py
[2025-06-13T15:06:59.256-0400] {processor.py:914} INFO - Processing file /Users/pranavr/.pyenv/versions/3.11.6/lib/python3.11/site-packages/airflow/example_dags/example_setup_teardown_taskflow.py for tasks to queue
[2025-06-13T15:06:59.257-0400] {logging_mixin.py:190} INFO - [2025-06-13T15:06:59.257-0400] {dagbag.py:588} INFO - Filling up the DagBag from /Users/pranavr/.pyenv/versions/3.11.6/lib/python3.11/site-packages/airflow/example_dags/example_setup_teardown_taskflow.py
[2025-06-13T15:06:59.284-0400] {processor.py:925} INFO - DAG(s) 'example_setup_teardown_taskflow' retrieved from /Users/pranavr/.pyenv/versions/3.11.6/lib/python3.11/site-packages/airflow/example_dags/example_setup_teardown_taskflow.py
[2025-06-13T15:06:59.375-0400] {logging_mixin.py:190} INFO - [2025-06-13T15:06:59.375-0400] {dag.py:3239} INFO - Sync 1 DAGs
[2025-06-13T15:06:59.381-0400] {logging_mixin.py:190} INFO - [2025-06-13T15:06:59.380-0400] {dag.py:4180} INFO - Setting next_dagrun for example_setup_teardown_taskflow to None, run_after=None
[2025-06-13T15:06:59.391-0400] {processor.py:208} INFO - Processing /Users/pranavr/.pyenv/versions/3.11.6/lib/python3.11/site-packages/airflow/example_dags/example_setup_teardown_taskflow.py took 138.572 seconds
[2025-06-13T15:08:19.272-0400] {processor.py:186} INFO - Started process (PID=16480) to work on /Users/pranavr/.pyenv/versions/3.11.6/lib/python3.11/site-packages/airflow/example_dags/example_setup_teardown_taskflow.py
[2025-06-13T15:08:19.274-0400] {processor.py:914} INFO - Processing file /Users/pranavr/.pyenv/versions/3.11.6/lib/python3.11/site-packages/airflow/example_dags/example_setup_teardown_taskflow.py for tasks to queue
[2025-06-13T15:08:19.275-0400] {logging_mixin.py:190} INFO - [2025-06-13T15:08:19.275-0400] {dagbag.py:588} INFO - Filling up the DagBag from /Users/pranavr/.pyenv/versions/3.11.6/lib/python3.11/site-packages/airflow/example_dags/example_setup_teardown_taskflow.py
[2025-06-13T15:08:19.292-0400] {processor.py:925} INFO - DAG(s) 'example_setup_teardown_taskflow' retrieved from /Users/pranavr/.pyenv/versions/3.11.6/lib/python3.11/site-packages/airflow/example_dags/example_setup_teardown_taskflow.py
[2025-06-13T15:08:19.362-0400] {logging_mixin.py:190} INFO - [2025-06-13T15:08:19.362-0400] {dag.py:3239} INFO - Sync 1 DAGs
[2025-06-13T15:08:19.367-0400] {logging_mixin.py:190} INFO - [2025-06-13T15:08:19.367-0400] {dag.py:4180} INFO - Setting next_dagrun for example_setup_teardown_taskflow to None, run_after=None
[2025-06-13T15:08:19.375-0400] {processor.py:208} INFO - Processing /Users/pranavr/.pyenv/versions/3.11.6/lib/python3.11/site-packages/airflow/example_dags/example_setup_teardown_taskflow.py took 103.875 seconds
[2025-06-13T15:11:05.260-0400] {processor.py:186} INFO - Started process (PID=16825) to work on /Users/pranavr/.pyenv/versions/3.11.6/lib/python3.11/site-packages/airflow/example_dags/example_setup_teardown_taskflow.py
[2025-06-13T15:11:05.263-0400] {processor.py:914} INFO - Processing file /Users/pranavr/.pyenv/versions/3.11.6/lib/python3.11/site-packages/airflow/example_dags/example_setup_teardown_taskflow.py for tasks to queue
[2025-06-13T15:11:05.264-0400] {logging_mixin.py:190} INFO - [2025-06-13T15:11:05.264-0400] {dagbag.py:588} INFO - Filling up the DagBag from /Users/pranavr/.pyenv/versions/3.11.6/lib/python3.11/site-packages/airflow/example_dags/example_setup_teardown_taskflow.py
[2025-06-13T15:11:05.291-0400] {processor.py:925} INFO - DAG(s) 'example_setup_teardown_taskflow' retrieved from /Users/pranavr/.pyenv/versions/3.11.6/lib/python3.11/site-packages/airflow/example_dags/example_setup_teardown_taskflow.py
[2025-06-13T15:11:05.375-0400] {logging_mixin.py:190} INFO - [2025-06-13T15:11:05.374-0400] {dag.py:3239} INFO - Sync 1 DAGs
[2025-06-13T15:11:05.380-0400] {logging_mixin.py:190} INFO - [2025-06-13T15:11:05.380-0400] {dag.py:4180} INFO - Setting next_dagrun for example_setup_teardown_taskflow to None, run_after=None
[2025-06-13T15:11:05.388-0400] {processor.py:208} INFO - Processing /Users/pranavr/.pyenv/versions/3.11.6/lib/python3.11/site-packages/airflow/example_dags/example_setup_teardown_taskflow.py took 130.171 seconds
[2025-06-13T15:12:29.995-0400] {processor.py:186} INFO - Started process (PID=16940) to work on /Users/pranavr/.pyenv/versions/3.11.6/lib/python3.11/site-packages/airflow/example_dags/example_setup_teardown_taskflow.py
[2025-06-13T15:12:29.998-0400] {processor.py:914} INFO - Processing file /Users/pranavr/.pyenv/versions/3.11.6/lib/python3.11/site-packages/airflow/example_dags/example_setup_teardown_taskflow.py for tasks to queue
[2025-06-13T15:12:29.998-0400] {logging_mixin.py:190} INFO - [2025-06-13T15:12:29.998-0400] {dagbag.py:588} INFO - Filling up the DagBag from /Users/pranavr/.pyenv/versions/3.11.6/lib/python3.11/site-packages/airflow/example_dags/example_setup_teardown_taskflow.py
[2025-06-13T15:12:30.015-0400] {processor.py:925} INFO - DAG(s) 'example_setup_teardown_taskflow' retrieved from /Users/pranavr/.pyenv/versions/3.11.6/lib/python3.11/site-packages/airflow/example_dags/example_setup_teardown_taskflow.py
[2025-06-13T15:12:30.085-0400] {logging_mixin.py:190} INFO - [2025-06-13T15:12:30.085-0400] {dag.py:3239} INFO - Sync 1 DAGs
[2025-06-13T15:12:30.090-0400] {logging_mixin.py:190} INFO - [2025-06-13T15:12:30.090-0400] {dag.py:4180} INFO - Setting next_dagrun for example_setup_teardown_taskflow to None, run_after=None
[2025-06-13T15:12:30.097-0400] {processor.py:208} INFO - Processing /Users/pranavr/.pyenv/versions/3.11.6/lib/python3.11/site-packages/airflow/example_dags/example_setup_teardown_taskflow.py took 103.039 seconds
[2025-06-13T15:13:56.841-0400] {processor.py:186} INFO - Started process (PID=17177) to work on /Users/pranavr/.pyenv/versions/3.11.6/lib/python3.11/site-packages/airflow/example_dags/example_setup_teardown_taskflow.py
[2025-06-13T15:13:56.843-0400] {processor.py:914} INFO - Processing file /Users/pranavr/.pyenv/versions/3.11.6/lib/python3.11/site-packages/airflow/example_dags/example_setup_teardown_taskflow.py for tasks to queue
[2025-06-13T15:13:56.844-0400] {logging_mixin.py:190} INFO - [2025-06-13T15:13:56.844-0400] {dagbag.py:588} INFO - Filling up the DagBag from /Users/pranavr/.pyenv/versions/3.11.6/lib/python3.11/site-packages/airflow/example_dags/example_setup_teardown_taskflow.py
[2025-06-13T15:13:56.864-0400] {processor.py:925} INFO - DAG(s) 'example_setup_teardown_taskflow' retrieved from /Users/pranavr/.pyenv/versions/3.11.6/lib/python3.11/site-packages/airflow/example_dags/example_setup_teardown_taskflow.py
[2025-06-13T15:13:56.962-0400] {logging_mixin.py:190} INFO - [2025-06-13T15:13:56.962-0400] {dag.py:3239} INFO - Sync 1 DAGs
[2025-06-13T15:13:56.967-0400] {logging_mixin.py:190} INFO - [2025-06-13T15:13:56.967-0400] {dag.py:4180} INFO - Setting next_dagrun for example_setup_teardown_taskflow to None, run_after=None
[2025-06-13T15:13:56.974-0400] {processor.py:208} INFO - Processing /Users/pranavr/.pyenv/versions/3.11.6/lib/python3.11/site-packages/airflow/example_dags/example_setup_teardown_taskflow.py took 134.336 seconds
[2025-06-13T15:19:17.716-0400] {processor.py:186} INFO - Started process (PID=17804) to work on /Users/pranavr/.pyenv/versions/3.11.6/lib/python3.11/site-packages/airflow/example_dags/example_setup_teardown_taskflow.py
[2025-06-13T15:19:17.720-0400] {processor.py:914} INFO - Processing file /Users/pranavr/.pyenv/versions/3.11.6/lib/python3.11/site-packages/airflow/example_dags/example_setup_teardown_taskflow.py for tasks to queue
[2025-06-13T15:19:17.720-0400] {logging_mixin.py:190} INFO - [2025-06-13T15:19:17.720-0400] {dagbag.py:588} INFO - Filling up the DagBag from /Users/pranavr/.pyenv/versions/3.11.6/lib/python3.11/site-packages/airflow/example_dags/example_setup_teardown_taskflow.py
[2025-06-13T15:19:17.745-0400] {processor.py:925} INFO - DAG(s) 'example_setup_teardown_taskflow' retrieved from /Users/pranavr/.pyenv/versions/3.11.6/lib/python3.11/site-packages/airflow/example_dags/example_setup_teardown_taskflow.py
[2025-06-13T15:19:17.820-0400] {logging_mixin.py:190} INFO - [2025-06-13T15:19:17.820-0400] {dag.py:3239} INFO - Sync 1 DAGs
[2025-06-13T15:19:17.826-0400] {logging_mixin.py:190} INFO - [2025-06-13T15:19:17.826-0400] {dag.py:4180} INFO - Setting next_dagrun for example_setup_teardown_taskflow to None, run_after=None
[2025-06-13T15:19:17.836-0400] {processor.py:208} INFO - Processing /Users/pranavr/.pyenv/versions/3.11.6/lib/python3.11/site-packages/airflow/example_dags/example_setup_teardown_taskflow.py took 121.736 seconds
[2025-06-13T15:25:30.126-0400] {processor.py:186} INFO - Started process (PID=18935) to work on /Users/pranavr/.pyenv/versions/3.11.6/lib/python3.11/site-packages/airflow/example_dags/example_setup_teardown_taskflow.py
[2025-06-13T15:25:30.129-0400] {processor.py:914} INFO - Processing file /Users/pranavr/.pyenv/versions/3.11.6/lib/python3.11/site-packages/airflow/example_dags/example_setup_teardown_taskflow.py for tasks to queue
[2025-06-13T15:25:30.130-0400] {logging_mixin.py:190} INFO - [2025-06-13T15:25:30.130-0400] {dagbag.py:588} INFO - Filling up the DagBag from /Users/pranavr/.pyenv/versions/3.11.6/lib/python3.11/site-packages/airflow/example_dags/example_setup_teardown_taskflow.py
[2025-06-13T15:25:30.155-0400] {processor.py:925} INFO - DAG(s) 'example_setup_teardown_taskflow' retrieved from /Users/pranavr/.pyenv/versions/3.11.6/lib/python3.11/site-packages/airflow/example_dags/example_setup_teardown_taskflow.py
[2025-06-13T15:25:30.280-0400] {logging_mixin.py:190} INFO - [2025-06-13T15:25:30.280-0400] {override.py:1930} INFO - Created Permission View: can edit on DAG:example_setup_teardown_taskflow
[2025-06-13T15:25:30.284-0400] {logging_mixin.py:190} INFO - [2025-06-13T15:25:30.284-0400] {override.py:1930} INFO - Created Permission View: can read on DAG:example_setup_teardown_taskflow
[2025-06-13T15:25:30.286-0400] {logging_mixin.py:190} INFO - [2025-06-13T15:25:30.286-0400] {override.py:1930} INFO - Created Permission View: can delete on DAG:example_setup_teardown_taskflow
[2025-06-13T15:25:30.289-0400] {logging_mixin.py:190} INFO - [2025-06-13T15:25:30.289-0400] {override.py:1930} INFO - Created Permission View: menu access on DAG Run:example_setup_teardown_taskflow
[2025-06-13T15:25:30.291-0400] {logging_mixin.py:190} INFO - [2025-06-13T15:25:30.291-0400] {override.py:1930} INFO - Created Permission View: can delete on DAG Run:example_setup_teardown_taskflow
[2025-06-13T15:25:30.293-0400] {logging_mixin.py:190} INFO - [2025-06-13T15:25:30.293-0400] {override.py:1930} INFO - Created Permission View: can read on DAG Run:example_setup_teardown_taskflow
[2025-06-13T15:25:30.295-0400] {logging_mixin.py:190} INFO - [2025-06-13T15:25:30.295-0400] {override.py:1930} INFO - Created Permission View: can create on DAG Run:example_setup_teardown_taskflow
[2025-06-13T15:25:30.295-0400] {logging_mixin.py:190} INFO - [2025-06-13T15:25:30.295-0400] {dag.py:3239} INFO - Sync 1 DAGs
[2025-06-13T15:25:30.299-0400] {logging_mixin.py:190} INFO - [2025-06-13T15:25:30.299-0400] {dag.py:3262} INFO - Creating ORM DAG for example_setup_teardown_taskflow
[2025-06-13T15:25:30.300-0400] {logging_mixin.py:190} INFO - [2025-06-13T15:25:30.300-0400] {dag.py:4180} INFO - Setting next_dagrun for example_setup_teardown_taskflow to None, run_after=None
[2025-06-13T15:25:30.307-0400] {processor.py:208} INFO - Processing /Users/pranavr/.pyenv/versions/3.11.6/lib/python3.11/site-packages/airflow/example_dags/example_setup_teardown_taskflow.py took 181.948 seconds
[2025-06-13T15:28:19.864-0400] {processor.py:186} INFO - Started process (PID=19455) to work on /Users/pranavr/.pyenv/versions/3.11.6/lib/python3.11/site-packages/airflow/example_dags/example_setup_teardown_taskflow.py
[2025-06-13T15:28:19.866-0400] {processor.py:914} INFO - Processing file /Users/pranavr/.pyenv/versions/3.11.6/lib/python3.11/site-packages/airflow/example_dags/example_setup_teardown_taskflow.py for tasks to queue
[2025-06-13T15:28:19.866-0400] {logging_mixin.py:190} INFO - [2025-06-13T15:28:19.866-0400] {dagbag.py:588} INFO - Filling up the DagBag from /Users/pranavr/.pyenv/versions/3.11.6/lib/python3.11/site-packages/airflow/example_dags/example_setup_teardown_taskflow.py
[2025-06-13T15:28:19.884-0400] {processor.py:925} INFO - DAG(s) 'example_setup_teardown_taskflow' retrieved from /Users/pranavr/.pyenv/versions/3.11.6/lib/python3.11/site-packages/airflow/example_dags/example_setup_teardown_taskflow.py
[2025-06-13T15:28:19.992-0400] {logging_mixin.py:190} INFO - [2025-06-13T15:28:19.992-0400] {override.py:1930} INFO - Created Permission View: can delete on DAG:example_setup_teardown_taskflow
[2025-06-13T15:28:19.995-0400] {logging_mixin.py:190} INFO - [2025-06-13T15:28:19.995-0400] {override.py:1930} INFO - Created Permission View: can edit on DAG:example_setup_teardown_taskflow
[2025-06-13T15:28:19.997-0400] {logging_mixin.py:190} INFO - [2025-06-13T15:28:19.997-0400] {override.py:1930} INFO - Created Permission View: can read on DAG:example_setup_teardown_taskflow
[2025-06-13T15:28:20.001-0400] {logging_mixin.py:190} INFO - [2025-06-13T15:28:20.000-0400] {override.py:1930} INFO - Created Permission View: can delete on DAG Run:example_setup_teardown_taskflow
[2025-06-13T15:28:20.003-0400] {logging_mixin.py:190} INFO - [2025-06-13T15:28:20.003-0400] {override.py:1930} INFO - Created Permission View: menu access on DAG Run:example_setup_teardown_taskflow
[2025-06-13T15:28:20.005-0400] {logging_mixin.py:190} INFO - [2025-06-13T15:28:20.005-0400] {override.py:1930} INFO - Created Permission View: can create on DAG Run:example_setup_teardown_taskflow
[2025-06-13T15:28:20.010-0400] {logging_mixin.py:190} INFO - [2025-06-13T15:28:20.009-0400] {override.py:1930} INFO - Created Permission View: can read on DAG Run:example_setup_teardown_taskflow
[2025-06-13T15:28:20.010-0400] {logging_mixin.py:190} INFO - [2025-06-13T15:28:20.010-0400] {dag.py:3239} INFO - Sync 1 DAGs
[2025-06-13T15:28:20.015-0400] {logging_mixin.py:190} INFO - [2025-06-13T15:28:20.015-0400] {dag.py:3262} INFO - Creating ORM DAG for example_setup_teardown_taskflow
[2025-06-13T15:28:20.016-0400] {logging_mixin.py:190} INFO - [2025-06-13T15:28:20.015-0400] {dag.py:4180} INFO - Setting next_dagrun for example_setup_teardown_taskflow to None, run_after=None
[2025-06-13T15:28:20.023-0400] {processor.py:208} INFO - Processing /Users/pranavr/.pyenv/versions/3.11.6/lib/python3.11/site-packages/airflow/example_dags/example_setup_teardown_taskflow.py took 160.807 seconds
[2025-06-13T15:30:49.199-0400] {processor.py:186} INFO - Started process (PID=19901) to work on /Users/pranavr/.pyenv/versions/3.11.6/lib/python3.11/site-packages/airflow/example_dags/example_setup_teardown_taskflow.py
[2025-06-13T15:30:49.201-0400] {processor.py:914} INFO - Processing file /Users/pranavr/.pyenv/versions/3.11.6/lib/python3.11/site-packages/airflow/example_dags/example_setup_teardown_taskflow.py for tasks to queue
[2025-06-13T15:30:49.201-0400] {logging_mixin.py:190} INFO - [2025-06-13T15:30:49.201-0400] {dagbag.py:588} INFO - Filling up the DagBag from /Users/pranavr/.pyenv/versions/3.11.6/lib/python3.11/site-packages/airflow/example_dags/example_setup_teardown_taskflow.py
[2025-06-13T15:30:49.218-0400] {processor.py:925} INFO - DAG(s) 'example_setup_teardown_taskflow' retrieved from /Users/pranavr/.pyenv/versions/3.11.6/lib/python3.11/site-packages/airflow/example_dags/example_setup_teardown_taskflow.py
[2025-06-13T15:30:49.324-0400] {logging_mixin.py:190} INFO - [2025-06-13T15:30:49.324-0400] {override.py:1930} INFO - Created Permission View: can delete on DAG:example_setup_teardown_taskflow
[2025-06-13T15:30:49.328-0400] {logging_mixin.py:190} INFO - [2025-06-13T15:30:49.327-0400] {override.py:1930} INFO - Created Permission View: can edit on DAG:example_setup_teardown_taskflow
[2025-06-13T15:30:49.330-0400] {logging_mixin.py:190} INFO - [2025-06-13T15:30:49.330-0400] {override.py:1930} INFO - Created Permission View: can read on DAG:example_setup_teardown_taskflow
[2025-06-13T15:30:49.333-0400] {logging_mixin.py:190} INFO - [2025-06-13T15:30:49.333-0400] {override.py:1930} INFO - Created Permission View: can delete on DAG Run:example_setup_teardown_taskflow
[2025-06-13T15:30:49.336-0400] {logging_mixin.py:190} INFO - [2025-06-13T15:30:49.336-0400] {override.py:1930} INFO - Created Permission View: can create on DAG Run:example_setup_teardown_taskflow
[2025-06-13T15:30:49.338-0400] {logging_mixin.py:190} INFO - [2025-06-13T15:30:49.338-0400] {override.py:1930} INFO - Created Permission View: can read on DAG Run:example_setup_teardown_taskflow
[2025-06-13T15:30:49.340-0400] {logging_mixin.py:190} INFO - [2025-06-13T15:30:49.340-0400] {override.py:1930} INFO - Created Permission View: menu access on DAG Run:example_setup_teardown_taskflow
[2025-06-13T15:30:49.340-0400] {logging_mixin.py:190} INFO - [2025-06-13T15:30:49.340-0400] {dag.py:3239} INFO - Sync 1 DAGs
[2025-06-13T15:30:49.345-0400] {logging_mixin.py:190} INFO - [2025-06-13T15:30:49.345-0400] {dag.py:3262} INFO - Creating ORM DAG for example_setup_teardown_taskflow
[2025-06-13T15:30:49.345-0400] {logging_mixin.py:190} INFO - [2025-06-13T15:30:49.345-0400] {dag.py:4180} INFO - Setting next_dagrun for example_setup_teardown_taskflow to None, run_after=None
[2025-06-13T15:30:49.352-0400] {processor.py:208} INFO - Processing /Users/pranavr/.pyenv/versions/3.11.6/lib/python3.11/site-packages/airflow/example_dags/example_setup_teardown_taskflow.py took 154.983 seconds
[2025-06-13T15:36:24.011-0400] {processor.py:186} INFO - Started process (PID=20500) to work on /Users/pranavr/.pyenv/versions/3.11.6/lib/python3.11/site-packages/airflow/example_dags/example_setup_teardown_taskflow.py
[2025-06-13T15:36:24.015-0400] {processor.py:914} INFO - Processing file /Users/pranavr/.pyenv/versions/3.11.6/lib/python3.11/site-packages/airflow/example_dags/example_setup_teardown_taskflow.py for tasks to queue
[2025-06-13T15:36:24.015-0400] {logging_mixin.py:190} INFO - [2025-06-13T15:36:24.015-0400] {dagbag.py:588} INFO - Filling up the DagBag from /Users/pranavr/.pyenv/versions/3.11.6/lib/python3.11/site-packages/airflow/example_dags/example_setup_teardown_taskflow.py
[2025-06-13T15:36:24.050-0400] {processor.py:925} INFO - DAG(s) 'example_setup_teardown_taskflow' retrieved from /Users/pranavr/.pyenv/versions/3.11.6/lib/python3.11/site-packages/airflow/example_dags/example_setup_teardown_taskflow.py
[2025-06-13T15:36:24.254-0400] {logging_mixin.py:190} INFO - [2025-06-13T15:36:24.254-0400] {override.py:1930} INFO - Created Permission View: can edit on DAG:example_setup_teardown_taskflow
[2025-06-13T15:36:24.258-0400] {logging_mixin.py:190} INFO - [2025-06-13T15:36:24.258-0400] {override.py:1930} INFO - Created Permission View: can read on DAG:example_setup_teardown_taskflow
[2025-06-13T15:36:24.261-0400] {logging_mixin.py:190} INFO - [2025-06-13T15:36:24.261-0400] {override.py:1930} INFO - Created Permission View: can delete on DAG:example_setup_teardown_taskflow
[2025-06-13T15:36:24.265-0400] {logging_mixin.py:190} INFO - [2025-06-13T15:36:24.265-0400] {override.py:1930} INFO - Created Permission View: can create on DAG Run:example_setup_teardown_taskflow
[2025-06-13T15:36:24.268-0400] {logging_mixin.py:190} INFO - [2025-06-13T15:36:24.267-0400] {override.py:1930} INFO - Created Permission View: can read on DAG Run:example_setup_teardown_taskflow
[2025-06-13T15:36:24.270-0400] {logging_mixin.py:190} INFO - [2025-06-13T15:36:24.270-0400] {override.py:1930} INFO - Created Permission View: can delete on DAG Run:example_setup_teardown_taskflow
[2025-06-13T15:36:24.272-0400] {logging_mixin.py:190} INFO - [2025-06-13T15:36:24.272-0400] {override.py:1930} INFO - Created Permission View: menu access on DAG Run:example_setup_teardown_taskflow
[2025-06-13T15:36:24.272-0400] {logging_mixin.py:190} INFO - [2025-06-13T15:36:24.272-0400] {dag.py:3239} INFO - Sync 1 DAGs
[2025-06-13T15:36:24.277-0400] {logging_mixin.py:190} INFO - [2025-06-13T15:36:24.277-0400] {dag.py:3262} INFO - Creating ORM DAG for example_setup_teardown_taskflow
[2025-06-13T15:36:24.278-0400] {logging_mixin.py:190} INFO - [2025-06-13T15:36:24.278-0400] {dag.py:4180} INFO - Setting next_dagrun for example_setup_teardown_taskflow to None, run_after=None
[2025-06-13T15:36:24.288-0400] {processor.py:208} INFO - Processing /Users/pranavr/.pyenv/versions/3.11.6/lib/python3.11/site-packages/airflow/example_dags/example_setup_teardown_taskflow.py took 278.402 seconds
[2025-06-13T15:38:21.896-0400] {processor.py:186} INFO - Started process (PID=20758) to work on /Users/pranavr/.pyenv/versions/3.11.6/lib/python3.11/site-packages/airflow/example_dags/example_setup_teardown_taskflow.py
[2025-06-13T15:38:21.899-0400] {processor.py:914} INFO - Processing file /Users/pranavr/.pyenv/versions/3.11.6/lib/python3.11/site-packages/airflow/example_dags/example_setup_teardown_taskflow.py for tasks to queue
[2025-06-13T15:38:21.899-0400] {logging_mixin.py:190} INFO - [2025-06-13T15:38:21.899-0400] {dagbag.py:588} INFO - Filling up the DagBag from /Users/pranavr/.pyenv/versions/3.11.6/lib/python3.11/site-packages/airflow/example_dags/example_setup_teardown_taskflow.py
[2025-06-13T15:38:21.916-0400] {processor.py:925} INFO - DAG(s) 'example_setup_teardown_taskflow' retrieved from /Users/pranavr/.pyenv/versions/3.11.6/lib/python3.11/site-packages/airflow/example_dags/example_setup_teardown_taskflow.py
[2025-06-13T15:38:21.989-0400] {logging_mixin.py:190} INFO - [2025-06-13T15:38:21.988-0400] {dag.py:3239} INFO - Sync 1 DAGs
[2025-06-13T15:38:21.994-0400] {logging_mixin.py:190} INFO - [2025-06-13T15:38:21.994-0400] {dag.py:4180} INFO - Setting next_dagrun for example_setup_teardown_taskflow to None, run_after=None
[2025-06-13T15:38:22.002-0400] {processor.py:208} INFO - Processing /Users/pranavr/.pyenv/versions/3.11.6/lib/python3.11/site-packages/airflow/example_dags/example_setup_teardown_taskflow.py took 107.269 seconds
[2025-06-13T15:39:45.793-0400] {processor.py:186} INFO - Started process (PID=20876) to work on /Users/pranavr/.pyenv/versions/3.11.6/lib/python3.11/site-packages/airflow/example_dags/example_setup_teardown_taskflow.py
[2025-06-13T15:39:45.796-0400] {processor.py:914} INFO - Processing file /Users/pranavr/.pyenv/versions/3.11.6/lib/python3.11/site-packages/airflow/example_dags/example_setup_teardown_taskflow.py for tasks to queue
[2025-06-13T15:39:45.797-0400] {logging_mixin.py:190} INFO - [2025-06-13T15:39:45.797-0400] {dagbag.py:588} INFO - Filling up the DagBag from /Users/pranavr/.pyenv/versions/3.11.6/lib/python3.11/site-packages/airflow/example_dags/example_setup_teardown_taskflow.py
[2025-06-13T15:39:45.817-0400] {processor.py:925} INFO - DAG(s) 'example_setup_teardown_taskflow' retrieved from /Users/pranavr/.pyenv/versions/3.11.6/lib/python3.11/site-packages/airflow/example_dags/example_setup_teardown_taskflow.py
[2025-06-13T15:39:45.899-0400] {logging_mixin.py:190} INFO - [2025-06-13T15:39:45.899-0400] {dag.py:3239} INFO - Sync 1 DAGs
[2025-06-13T15:39:45.905-0400] {logging_mixin.py:190} INFO - [2025-06-13T15:39:45.905-0400] {dag.py:4180} INFO - Setting next_dagrun for example_setup_teardown_taskflow to None, run_after=None
[2025-06-13T15:39:45.915-0400] {processor.py:208} INFO - Processing /Users/pranavr/.pyenv/versions/3.11.6/lib/python3.11/site-packages/airflow/example_dags/example_setup_teardown_taskflow.py took 123.184 seconds
[2025-06-13T15:41:12.442-0400] {processor.py:186} INFO - Started process (PID=20990) to work on /Users/pranavr/.pyenv/versions/3.11.6/lib/python3.11/site-packages/airflow/example_dags/example_setup_teardown_taskflow.py
[2025-06-13T15:41:12.444-0400] {processor.py:914} INFO - Processing file /Users/pranavr/.pyenv/versions/3.11.6/lib/python3.11/site-packages/airflow/example_dags/example_setup_teardown_taskflow.py for tasks to queue
[2025-06-13T15:41:12.444-0400] {logging_mixin.py:190} INFO - [2025-06-13T15:41:12.444-0400] {dagbag.py:588} INFO - Filling up the DagBag from /Users/pranavr/.pyenv/versions/3.11.6/lib/python3.11/site-packages/airflow/example_dags/example_setup_teardown_taskflow.py
[2025-06-13T15:41:12.461-0400] {processor.py:925} INFO - DAG(s) 'example_setup_teardown_taskflow' retrieved from /Users/pranavr/.pyenv/versions/3.11.6/lib/python3.11/site-packages/airflow/example_dags/example_setup_teardown_taskflow.py
[2025-06-13T15:41:12.532-0400] {logging_mixin.py:190} INFO - [2025-06-13T15:41:12.532-0400] {dag.py:3239} INFO - Sync 1 DAGs
[2025-06-13T15:41:12.537-0400] {logging_mixin.py:190} INFO - [2025-06-13T15:41:12.537-0400] {dag.py:4180} INFO - Setting next_dagrun for example_setup_teardown_taskflow to None, run_after=None
[2025-06-13T15:41:12.545-0400] {processor.py:208} INFO - Processing /Users/pranavr/.pyenv/versions/3.11.6/lib/python3.11/site-packages/airflow/example_dags/example_setup_teardown_taskflow.py took 104.948 seconds
[2025-06-13T15:43:55.152-0400] {processor.py:186} INFO - Started process (PID=21561) to work on /Users/pranavr/.pyenv/versions/3.11.6/lib/python3.11/site-packages/airflow/example_dags/example_setup_teardown_taskflow.py
[2025-06-13T15:43:55.154-0400] {processor.py:914} INFO - Processing file /Users/pranavr/.pyenv/versions/3.11.6/lib/python3.11/site-packages/airflow/example_dags/example_setup_teardown_taskflow.py for tasks to queue
[2025-06-13T15:43:55.155-0400] {logging_mixin.py:190} INFO - [2025-06-13T15:43:55.155-0400] {dagbag.py:588} INFO - Filling up the DagBag from /Users/pranavr/.pyenv/versions/3.11.6/lib/python3.11/site-packages/airflow/example_dags/example_setup_teardown_taskflow.py
[2025-06-13T15:43:55.177-0400] {processor.py:925} INFO - DAG(s) 'example_setup_teardown_taskflow' retrieved from /Users/pranavr/.pyenv/versions/3.11.6/lib/python3.11/site-packages/airflow/example_dags/example_setup_teardown_taskflow.py
[2025-06-13T15:43:55.312-0400] {logging_mixin.py:190} INFO - [2025-06-13T15:43:55.311-0400] {override.py:1930} INFO - Created Permission View: can edit on DAG:example_setup_teardown_taskflow
[2025-06-13T15:43:55.315-0400] {logging_mixin.py:190} INFO - [2025-06-13T15:43:55.315-0400] {override.py:1930} INFO - Created Permission View: can delete on DAG:example_setup_teardown_taskflow
[2025-06-13T15:43:55.318-0400] {logging_mixin.py:190} INFO - [2025-06-13T15:43:55.318-0400] {override.py:1930} INFO - Created Permission View: can read on DAG:example_setup_teardown_taskflow
[2025-06-13T15:43:55.321-0400] {logging_mixin.py:190} INFO - [2025-06-13T15:43:55.321-0400] {override.py:1930} INFO - Created Permission View: menu access on DAG Run:example_setup_teardown_taskflow
[2025-06-13T15:43:55.323-0400] {logging_mixin.py:190} INFO - [2025-06-13T15:43:55.323-0400] {override.py:1930} INFO - Created Permission View: can delete on DAG Run:example_setup_teardown_taskflow
[2025-06-13T15:43:55.325-0400] {logging_mixin.py:190} INFO - [2025-06-13T15:43:55.325-0400] {override.py:1930} INFO - Created Permission View: can create on DAG Run:example_setup_teardown_taskflow
[2025-06-13T15:43:55.328-0400] {logging_mixin.py:190} INFO - [2025-06-13T15:43:55.328-0400] {override.py:1930} INFO - Created Permission View: can read on DAG Run:example_setup_teardown_taskflow
[2025-06-13T15:43:55.328-0400] {logging_mixin.py:190} INFO - [2025-06-13T15:43:55.328-0400] {dag.py:3239} INFO - Sync 1 DAGs
[2025-06-13T15:43:55.332-0400] {logging_mixin.py:190} INFO - [2025-06-13T15:43:55.332-0400] {dag.py:3262} INFO - Creating ORM DAG for example_setup_teardown_taskflow
[2025-06-13T15:43:55.333-0400] {logging_mixin.py:190} INFO - [2025-06-13T15:43:55.333-0400] {dag.py:4180} INFO - Setting next_dagrun for example_setup_teardown_taskflow to None, run_after=None
[2025-06-13T15:43:55.343-0400] {processor.py:208} INFO - Processing /Users/pranavr/.pyenv/versions/3.11.6/lib/python3.11/site-packages/airflow/example_dags/example_setup_teardown_taskflow.py took 192.815 seconds
[2025-06-13T15:45:55.999-0400] {processor.py:186} INFO - Started process (PID=21929) to work on /Users/pranavr/.pyenv/versions/3.11.6/lib/python3.11/site-packages/airflow/example_dags/example_setup_teardown_taskflow.py
[2025-06-13T15:45:56.001-0400] {processor.py:914} INFO - Processing file /Users/pranavr/.pyenv/versions/3.11.6/lib/python3.11/site-packages/airflow/example_dags/example_setup_teardown_taskflow.py for tasks to queue
[2025-06-13T15:45:56.002-0400] {logging_mixin.py:190} INFO - [2025-06-13T15:45:56.002-0400] {dagbag.py:588} INFO - Filling up the DagBag from /Users/pranavr/.pyenv/versions/3.11.6/lib/python3.11/site-packages/airflow/example_dags/example_setup_teardown_taskflow.py
[2025-06-13T15:45:56.019-0400] {processor.py:925} INFO - DAG(s) 'example_setup_teardown_taskflow' retrieved from /Users/pranavr/.pyenv/versions/3.11.6/lib/python3.11/site-packages/airflow/example_dags/example_setup_teardown_taskflow.py
[2025-06-13T15:45:56.095-0400] {logging_mixin.py:190} INFO - [2025-06-13T15:45:56.095-0400] {dag.py:3239} INFO - Sync 1 DAGs
[2025-06-13T15:45:56.100-0400] {logging_mixin.py:190} INFO - [2025-06-13T15:45:56.100-0400] {dag.py:4180} INFO - Setting next_dagrun for example_setup_teardown_taskflow to None, run_after=None
[2025-06-13T15:45:56.109-0400] {processor.py:208} INFO - Processing /Users/pranavr/.pyenv/versions/3.11.6/lib/python3.11/site-packages/airflow/example_dags/example_setup_teardown_taskflow.py took 110.467 seconds
[2025-06-13T15:47:26.119-0400] {processor.py:186} INFO - Started process (PID=22075) to work on /Users/pranavr/.pyenv/versions/3.11.6/lib/python3.11/site-packages/airflow/example_dags/example_setup_teardown_taskflow.py
[2025-06-13T15:47:26.121-0400] {processor.py:914} INFO - Processing file /Users/pranavr/.pyenv/versions/3.11.6/lib/python3.11/site-packages/airflow/example_dags/example_setup_teardown_taskflow.py for tasks to queue
[2025-06-13T15:47:26.122-0400] {logging_mixin.py:190} INFO - [2025-06-13T15:47:26.122-0400] {dagbag.py:588} INFO - Filling up the DagBag from /Users/pranavr/.pyenv/versions/3.11.6/lib/python3.11/site-packages/airflow/example_dags/example_setup_teardown_taskflow.py
[2025-06-13T15:47:26.145-0400] {processor.py:925} INFO - DAG(s) 'example_setup_teardown_taskflow' retrieved from /Users/pranavr/.pyenv/versions/3.11.6/lib/python3.11/site-packages/airflow/example_dags/example_setup_teardown_taskflow.py
[2025-06-13T15:47:26.234-0400] {logging_mixin.py:190} INFO - [2025-06-13T15:47:26.234-0400] {dag.py:3239} INFO - Sync 1 DAGs
[2025-06-13T15:47:26.240-0400] {logging_mixin.py:190} INFO - [2025-06-13T15:47:26.240-0400] {dag.py:4180} INFO - Setting next_dagrun for example_setup_teardown_taskflow to None, run_after=None
[2025-06-13T15:47:26.249-0400] {processor.py:208} INFO - Processing /Users/pranavr/.pyenv/versions/3.11.6/lib/python3.11/site-packages/airflow/example_dags/example_setup_teardown_taskflow.py took 131.494 seconds
[2025-06-13T15:48:51.279-0400] {processor.py:186} INFO - Started process (PID=22195) to work on /Users/pranavr/.pyenv/versions/3.11.6/lib/python3.11/site-packages/airflow/example_dags/example_setup_teardown_taskflow.py
[2025-06-13T15:48:51.282-0400] {processor.py:914} INFO - Processing file /Users/pranavr/.pyenv/versions/3.11.6/lib/python3.11/site-packages/airflow/example_dags/example_setup_teardown_taskflow.py for tasks to queue
[2025-06-13T15:48:51.282-0400] {logging_mixin.py:190} INFO - [2025-06-13T15:48:51.282-0400] {dagbag.py:588} INFO - Filling up the DagBag from /Users/pranavr/.pyenv/versions/3.11.6/lib/python3.11/site-packages/airflow/example_dags/example_setup_teardown_taskflow.py
[2025-06-13T15:48:51.300-0400] {processor.py:925} INFO - DAG(s) 'example_setup_teardown_taskflow' retrieved from /Users/pranavr/.pyenv/versions/3.11.6/lib/python3.11/site-packages/airflow/example_dags/example_setup_teardown_taskflow.py
[2025-06-13T15:48:51.370-0400] {logging_mixin.py:190} INFO - [2025-06-13T15:48:51.370-0400] {dag.py:3239} INFO - Sync 1 DAGs
[2025-06-13T15:48:51.376-0400] {logging_mixin.py:190} INFO - [2025-06-13T15:48:51.376-0400] {dag.py:4180} INFO - Setting next_dagrun for example_setup_teardown_taskflow to None, run_after=None
[2025-06-13T15:48:51.385-0400] {processor.py:208} INFO - Processing /Users/pranavr/.pyenv/versions/3.11.6/lib/python3.11/site-packages/airflow/example_dags/example_setup_teardown_taskflow.py took 107.211 seconds
[2025-06-13T15:50:17.715-0400] {processor.py:186} INFO - Started process (PID=22356) to work on /Users/pranavr/.pyenv/versions/3.11.6/lib/python3.11/site-packages/airflow/example_dags/example_setup_teardown_taskflow.py
[2025-06-13T15:50:17.717-0400] {processor.py:914} INFO - Processing file /Users/pranavr/.pyenv/versions/3.11.6/lib/python3.11/site-packages/airflow/example_dags/example_setup_teardown_taskflow.py for tasks to queue
[2025-06-13T15:50:17.717-0400] {logging_mixin.py:190} INFO - [2025-06-13T15:50:17.717-0400] {dagbag.py:588} INFO - Filling up the DagBag from /Users/pranavr/.pyenv/versions/3.11.6/lib/python3.11/site-packages/airflow/example_dags/example_setup_teardown_taskflow.py
[2025-06-13T15:50:17.734-0400] {processor.py:925} INFO - DAG(s) 'example_setup_teardown_taskflow' retrieved from /Users/pranavr/.pyenv/versions/3.11.6/lib/python3.11/site-packages/airflow/example_dags/example_setup_teardown_taskflow.py
[2025-06-13T15:50:17.806-0400] {logging_mixin.py:190} INFO - [2025-06-13T15:50:17.806-0400] {dag.py:3239} INFO - Sync 1 DAGs
[2025-06-13T15:50:17.811-0400] {logging_mixin.py:190} INFO - [2025-06-13T15:50:17.811-0400] {dag.py:4180} INFO - Setting next_dagrun for example_setup_teardown_taskflow to None, run_after=None
[2025-06-13T15:50:17.820-0400] {processor.py:208} INFO - Processing /Users/pranavr/.pyenv/versions/3.11.6/lib/python3.11/site-packages/airflow/example_dags/example_setup_teardown_taskflow.py took 105.984 seconds
[2025-06-13T15:51:32.381-0400] {processor.py:186} INFO - Started process (PID=22566) to work on /Users/pranavr/.pyenv/versions/3.11.6/lib/python3.11/site-packages/airflow/example_dags/example_setup_teardown_taskflow.py
[2025-06-13T15:51:32.384-0400] {processor.py:914} INFO - Processing file /Users/pranavr/.pyenv/versions/3.11.6/lib/python3.11/site-packages/airflow/example_dags/example_setup_teardown_taskflow.py for tasks to queue
[2025-06-13T15:51:32.384-0400] {logging_mixin.py:190} INFO - [2025-06-13T15:51:32.384-0400] {dagbag.py:588} INFO - Filling up the DagBag from /Users/pranavr/.pyenv/versions/3.11.6/lib/python3.11/site-packages/airflow/example_dags/example_setup_teardown_taskflow.py
[2025-06-13T15:51:32.400-0400] {processor.py:925} INFO - DAG(s) 'example_setup_teardown_taskflow' retrieved from /Users/pranavr/.pyenv/versions/3.11.6/lib/python3.11/site-packages/airflow/example_dags/example_setup_teardown_taskflow.py
[2025-06-13T15:51:32.462-0400] {logging_mixin.py:190} INFO - [2025-06-13T15:51:32.462-0400] {dag.py:3239} INFO - Sync 1 DAGs
[2025-06-13T15:51:32.467-0400] {logging_mixin.py:190} INFO - [2025-06-13T15:51:32.467-0400] {dag.py:4180} INFO - Setting next_dagrun for example_setup_teardown_taskflow to None, run_after=None
[2025-06-13T15:51:32.474-0400] {processor.py:208} INFO - Processing /Users/pranavr/.pyenv/versions/3.11.6/lib/python3.11/site-packages/airflow/example_dags/example_setup_teardown_taskflow.py took 94.193 seconds
[2025-06-13T15:54:02.388-0400] {processor.py:186} INFO - Started process (PID=22807) to work on /Users/pranavr/.pyenv/versions/3.11.6/lib/python3.11/site-packages/airflow/example_dags/example_setup_teardown_taskflow.py
[2025-06-13T15:54:02.390-0400] {processor.py:914} INFO - Processing file /Users/pranavr/.pyenv/versions/3.11.6/lib/python3.11/site-packages/airflow/example_dags/example_setup_teardown_taskflow.py for tasks to queue
[2025-06-13T15:54:02.390-0400] {logging_mixin.py:190} INFO - [2025-06-13T15:54:02.390-0400] {dagbag.py:588} INFO - Filling up the DagBag from /Users/pranavr/.pyenv/versions/3.11.6/lib/python3.11/site-packages/airflow/example_dags/example_setup_teardown_taskflow.py
[2025-06-13T15:54:02.414-0400] {processor.py:925} INFO - DAG(s) 'example_setup_teardown_taskflow' retrieved from /Users/pranavr/.pyenv/versions/3.11.6/lib/python3.11/site-packages/airflow/example_dags/example_setup_teardown_taskflow.py
[2025-06-13T15:54:02.497-0400] {logging_mixin.py:190} INFO - [2025-06-13T15:54:02.497-0400] {dag.py:3239} INFO - Sync 1 DAGs
[2025-06-13T15:54:02.506-0400] {logging_mixin.py:190} INFO - [2025-06-13T15:54:02.506-0400] {dag.py:4180} INFO - Setting next_dagrun for example_setup_teardown_taskflow to None, run_after=None
[2025-06-13T15:54:02.518-0400] {processor.py:208} INFO - Processing /Users/pranavr/.pyenv/versions/3.11.6/lib/python3.11/site-packages/airflow/example_dags/example_setup_teardown_taskflow.py took 131.120 seconds
[2025-06-13T15:56:25.210-0400] {processor.py:186} INFO - Started process (PID=23018) to work on /Users/pranavr/.pyenv/versions/3.11.6/lib/python3.11/site-packages/airflow/example_dags/example_setup_teardown_taskflow.py
[2025-06-13T15:56:25.212-0400] {processor.py:914} INFO - Processing file /Users/pranavr/.pyenv/versions/3.11.6/lib/python3.11/site-packages/airflow/example_dags/example_setup_teardown_taskflow.py for tasks to queue
[2025-06-13T15:56:25.213-0400] {logging_mixin.py:190} INFO - [2025-06-13T15:56:25.213-0400] {dagbag.py:588} INFO - Filling up the DagBag from /Users/pranavr/.pyenv/versions/3.11.6/lib/python3.11/site-packages/airflow/example_dags/example_setup_teardown_taskflow.py
[2025-06-13T15:56:25.229-0400] {processor.py:925} INFO - DAG(s) 'example_setup_teardown_taskflow' retrieved from /Users/pranavr/.pyenv/versions/3.11.6/lib/python3.11/site-packages/airflow/example_dags/example_setup_teardown_taskflow.py
[2025-06-13T15:56:25.292-0400] {logging_mixin.py:190} INFO - [2025-06-13T15:56:25.291-0400] {dag.py:3239} INFO - Sync 1 DAGs
[2025-06-13T15:56:25.296-0400] {logging_mixin.py:190} INFO - [2025-06-13T15:56:25.296-0400] {dag.py:4180} INFO - Setting next_dagrun for example_setup_teardown_taskflow to None, run_after=None
[2025-06-13T15:56:25.303-0400] {processor.py:208} INFO - Processing /Users/pranavr/.pyenv/versions/3.11.6/lib/python3.11/site-packages/airflow/example_dags/example_setup_teardown_taskflow.py took 94.695 seconds
[2025-06-13T15:58:48.081-0400] {processor.py:186} INFO - Started process (PID=23320) to work on /Users/pranavr/.pyenv/versions/3.11.6/lib/python3.11/site-packages/airflow/example_dags/example_setup_teardown_taskflow.py
[2025-06-13T15:58:48.083-0400] {processor.py:914} INFO - Processing file /Users/pranavr/.pyenv/versions/3.11.6/lib/python3.11/site-packages/airflow/example_dags/example_setup_teardown_taskflow.py for tasks to queue
[2025-06-13T15:58:48.083-0400] {logging_mixin.py:190} INFO - [2025-06-13T15:58:48.083-0400] {dagbag.py:588} INFO - Filling up the DagBag from /Users/pranavr/.pyenv/versions/3.11.6/lib/python3.11/site-packages/airflow/example_dags/example_setup_teardown_taskflow.py
[2025-06-13T15:58:48.098-0400] {processor.py:925} INFO - DAG(s) 'example_setup_teardown_taskflow' retrieved from /Users/pranavr/.pyenv/versions/3.11.6/lib/python3.11/site-packages/airflow/example_dags/example_setup_teardown_taskflow.py
[2025-06-13T15:58:48.164-0400] {logging_mixin.py:190} INFO - [2025-06-13T15:58:48.164-0400] {dag.py:3239} INFO - Sync 1 DAGs
[2025-06-13T15:58:48.169-0400] {logging_mixin.py:190} INFO - [2025-06-13T15:58:48.169-0400] {dag.py:4180} INFO - Setting next_dagrun for example_setup_teardown_taskflow to None, run_after=None
[2025-06-13T15:58:48.177-0400] {processor.py:208} INFO - Processing /Users/pranavr/.pyenv/versions/3.11.6/lib/python3.11/site-packages/airflow/example_dags/example_setup_teardown_taskflow.py took 97.045 seconds
[2025-06-13T16:00:04.116-0400] {processor.py:186} INFO - Started process (PID=23502) to work on /Users/pranavr/.pyenv/versions/3.11.6/lib/python3.11/site-packages/airflow/example_dags/example_setup_teardown_taskflow.py
[2025-06-13T16:00:04.117-0400] {processor.py:914} INFO - Processing file /Users/pranavr/.pyenv/versions/3.11.6/lib/python3.11/site-packages/airflow/example_dags/example_setup_teardown_taskflow.py for tasks to queue
[2025-06-13T16:00:04.118-0400] {logging_mixin.py:190} INFO - [2025-06-13T16:00:04.118-0400] {dagbag.py:588} INFO - Filling up the DagBag from /Users/pranavr/.pyenv/versions/3.11.6/lib/python3.11/site-packages/airflow/example_dags/example_setup_teardown_taskflow.py
[2025-06-13T16:00:04.133-0400] {processor.py:925} INFO - DAG(s) 'example_setup_teardown_taskflow' retrieved from /Users/pranavr/.pyenv/versions/3.11.6/lib/python3.11/site-packages/airflow/example_dags/example_setup_teardown_taskflow.py
[2025-06-13T16:00:04.194-0400] {logging_mixin.py:190} INFO - [2025-06-13T16:00:04.194-0400] {dag.py:3239} INFO - Sync 1 DAGs
[2025-06-13T16:00:04.198-0400] {logging_mixin.py:190} INFO - [2025-06-13T16:00:04.198-0400] {dag.py:4180} INFO - Setting next_dagrun for example_setup_teardown_taskflow to None, run_after=None
[2025-06-13T16:00:04.206-0400] {processor.py:208} INFO - Processing /Users/pranavr/.pyenv/versions/3.11.6/lib/python3.11/site-packages/airflow/example_dags/example_setup_teardown_taskflow.py took 91.251 seconds
[2025-06-13T16:02:35.400-0400] {processor.py:186} INFO - Started process (PID=23896) to work on /Users/pranavr/.pyenv/versions/3.11.6/lib/python3.11/site-packages/airflow/example_dags/example_setup_teardown_taskflow.py
[2025-06-13T16:02:35.402-0400] {processor.py:914} INFO - Processing file /Users/pranavr/.pyenv/versions/3.11.6/lib/python3.11/site-packages/airflow/example_dags/example_setup_teardown_taskflow.py for tasks to queue
[2025-06-13T16:02:35.402-0400] {logging_mixin.py:190} INFO - [2025-06-13T16:02:35.402-0400] {dagbag.py:588} INFO - Filling up the DagBag from /Users/pranavr/.pyenv/versions/3.11.6/lib/python3.11/site-packages/airflow/example_dags/example_setup_teardown_taskflow.py
[2025-06-13T16:02:35.419-0400] {processor.py:925} INFO - DAG(s) 'example_setup_teardown_taskflow' retrieved from /Users/pranavr/.pyenv/versions/3.11.6/lib/python3.11/site-packages/airflow/example_dags/example_setup_teardown_taskflow.py
[2025-06-13T16:02:35.492-0400] {logging_mixin.py:190} INFO - [2025-06-13T16:02:35.491-0400] {dag.py:3239} INFO - Sync 1 DAGs
[2025-06-13T16:02:35.497-0400] {logging_mixin.py:190} INFO - [2025-06-13T16:02:35.497-0400] {dag.py:4180} INFO - Setting next_dagrun for example_setup_teardown_taskflow to None, run_after=None
[2025-06-13T16:02:35.506-0400] {processor.py:208} INFO - Processing /Users/pranavr/.pyenv/versions/3.11.6/lib/python3.11/site-packages/airflow/example_dags/example_setup_teardown_taskflow.py took 107.181 seconds
[2025-06-13T16:04:00.608-0400] {processor.py:186} INFO - Started process (PID=24119) to work on /Users/pranavr/.pyenv/versions/3.11.6/lib/python3.11/site-packages/airflow/example_dags/example_setup_teardown_taskflow.py
[2025-06-13T16:04:00.610-0400] {processor.py:914} INFO - Processing file /Users/pranavr/.pyenv/versions/3.11.6/lib/python3.11/site-packages/airflow/example_dags/example_setup_teardown_taskflow.py for tasks to queue
[2025-06-13T16:04:00.611-0400] {logging_mixin.py:190} INFO - [2025-06-13T16:04:00.610-0400] {dagbag.py:588} INFO - Filling up the DagBag from /Users/pranavr/.pyenv/versions/3.11.6/lib/python3.11/site-packages/airflow/example_dags/example_setup_teardown_taskflow.py
[2025-06-13T16:04:00.628-0400] {processor.py:925} INFO - DAG(s) 'example_setup_teardown_taskflow' retrieved from /Users/pranavr/.pyenv/versions/3.11.6/lib/python3.11/site-packages/airflow/example_dags/example_setup_teardown_taskflow.py
[2025-06-13T16:04:00.708-0400] {logging_mixin.py:190} INFO - [2025-06-13T16:04:00.707-0400] {dag.py:3239} INFO - Sync 1 DAGs
[2025-06-13T16:04:00.713-0400] {logging_mixin.py:190} INFO - [2025-06-13T16:04:00.713-0400] {dag.py:4180} INFO - Setting next_dagrun for example_setup_teardown_taskflow to None, run_after=None
[2025-06-13T16:04:00.721-0400] {processor.py:208} INFO - Processing /Users/pranavr/.pyenv/versions/3.11.6/lib/python3.11/site-packages/airflow/example_dags/example_setup_teardown_taskflow.py took 114.114 seconds
