[2025-06-13T14:22:31.271-0400] {processor.py:186} INFO - Started process (PID=7606) to work on /Users/pranavr/.pyenv/versions/3.11.6/lib/python3.11/site-packages/airflow/example_dags/example_outlet_event_extra.py
[2025-06-13T14:22:31.274-0400] {processor.py:914} INFO - Processing file /Users/pranavr/.pyenv/versions/3.11.6/lib/python3.11/site-packages/airflow/example_dags/example_outlet_event_extra.py for tasks to queue
[2025-06-13T14:22:31.274-0400] {logging_mixin.py:190} INFO - [2025-06-13T14:22:31.274-0400] {dagbag.py:588} INFO - Filling up the DagBag from /Users/pranavr/.pyenv/versions/3.11.6/lib/python3.11/site-packages/airflow/example_dags/example_outlet_event_extra.py
[2025-06-13T14:22:31.321-0400] {processor.py:925} INFO - DAG(s) 'dataset_with_extra_by_yield', 'dataset_with_extra_from_classic_operator', 'dataset_with_extra_by_context' retrieved from /Users/pranavr/.pyenv/versions/3.11.6/lib/python3.11/site-packages/airflow/example_dags/example_outlet_event_extra.py
[2025-06-13T14:22:31.469-0400] {logging_mixin.py:190} INFO - [2025-06-13T14:22:31.469-0400] {dag.py:3239} INFO - Sync 3 DAGs
[2025-06-13T14:22:31.478-0400] {logging_mixin.py:190} INFO - [2025-06-13T14:22:31.478-0400] {dag.py:4180} INFO - Setting next_dagrun for dataset_with_extra_by_context to 2025-06-12T00:00:00+00:00, run_after=2025-06-13T00:00:00+00:00
[2025-06-13T14:22:31.480-0400] {logging_mixin.py:190} INFO - [2025-06-13T14:22:31.480-0400] {dag.py:4180} INFO - Setting next_dagrun for dataset_with_extra_by_yield to 2025-06-12T00:00:00+00:00, run_after=2025-06-13T00:00:00+00:00
[2025-06-13T14:22:31.481-0400] {logging_mixin.py:190} INFO - [2025-06-13T14:22:31.481-0400] {dag.py:4180} INFO - Setting next_dagrun for dataset_with_extra_from_classic_operator to 2025-06-12T00:00:00+00:00, run_after=2025-06-13T00:00:00+00:00
[2025-06-13T14:22:31.491-0400] {processor.py:208} INFO - Processing /Users/pranavr/.pyenv/versions/3.11.6/lib/python3.11/site-packages/airflow/example_dags/example_outlet_event_extra.py took 220.902 seconds
[2025-06-13T14:24:35.167-0400] {processor.py:186} INFO - Started process (PID=7924) to work on /Users/pranavr/.pyenv/versions/3.11.6/lib/python3.11/site-packages/airflow/example_dags/example_outlet_event_extra.py
[2025-06-13T14:24:35.171-0400] {processor.py:914} INFO - Processing file /Users/pranavr/.pyenv/versions/3.11.6/lib/python3.11/site-packages/airflow/example_dags/example_outlet_event_extra.py for tasks to queue
[2025-06-13T14:24:35.171-0400] {logging_mixin.py:190} INFO - [2025-06-13T14:24:35.171-0400] {dagbag.py:588} INFO - Filling up the DagBag from /Users/pranavr/.pyenv/versions/3.11.6/lib/python3.11/site-packages/airflow/example_dags/example_outlet_event_extra.py
[2025-06-13T14:24:35.217-0400] {processor.py:925} INFO - DAG(s) 'dataset_with_extra_by_yield', 'dataset_with_extra_from_classic_operator', 'dataset_with_extra_by_context' retrieved from /Users/pranavr/.pyenv/versions/3.11.6/lib/python3.11/site-packages/airflow/example_dags/example_outlet_event_extra.py
[2025-06-13T14:24:35.304-0400] {logging_mixin.py:190} INFO - [2025-06-13T14:24:35.303-0400] {dag.py:3239} INFO - Sync 3 DAGs
[2025-06-13T14:24:35.315-0400] {logging_mixin.py:190} INFO - [2025-06-13T14:24:35.315-0400] {dag.py:4180} INFO - Setting next_dagrun for dataset_with_extra_by_context to 2025-06-12T00:00:00+00:00, run_after=2025-06-13T00:00:00+00:00
[2025-06-13T14:24:35.317-0400] {logging_mixin.py:190} INFO - [2025-06-13T14:24:35.317-0400] {dag.py:4180} INFO - Setting next_dagrun for dataset_with_extra_by_yield to 2025-06-12T00:00:00+00:00, run_after=2025-06-13T00:00:00+00:00
[2025-06-13T14:24:35.319-0400] {logging_mixin.py:190} INFO - [2025-06-13T14:24:35.319-0400] {dag.py:4180} INFO - Setting next_dagrun for dataset_with_extra_from_classic_operator to 2025-06-12T00:00:00+00:00, run_after=2025-06-13T00:00:00+00:00
[2025-06-13T14:24:35.329-0400] {processor.py:208} INFO - Processing /Users/pranavr/.pyenv/versions/3.11.6/lib/python3.11/site-packages/airflow/example_dags/example_outlet_event_extra.py took 163.804 seconds
[2025-06-13T14:27:36.847-0400] {processor.py:186} INFO - Started process (PID=8682) to work on /Users/pranavr/.pyenv/versions/3.11.6/lib/python3.11/site-packages/airflow/example_dags/example_outlet_event_extra.py
[2025-06-13T14:27:36.850-0400] {processor.py:914} INFO - Processing file /Users/pranavr/.pyenv/versions/3.11.6/lib/python3.11/site-packages/airflow/example_dags/example_outlet_event_extra.py for tasks to queue
[2025-06-13T14:27:36.851-0400] {logging_mixin.py:190} INFO - [2025-06-13T14:27:36.851-0400] {dagbag.py:588} INFO - Filling up the DagBag from /Users/pranavr/.pyenv/versions/3.11.6/lib/python3.11/site-packages/airflow/example_dags/example_outlet_event_extra.py
[2025-06-13T14:27:36.903-0400] {processor.py:925} INFO - DAG(s) 'dataset_with_extra_by_yield', 'dataset_with_extra_from_classic_operator', 'dataset_with_extra_by_context' retrieved from /Users/pranavr/.pyenv/versions/3.11.6/lib/python3.11/site-packages/airflow/example_dags/example_outlet_event_extra.py
[2025-06-13T14:27:36.992-0400] {logging_mixin.py:190} INFO - [2025-06-13T14:27:36.992-0400] {dag.py:3239} INFO - Sync 3 DAGs
[2025-06-13T14:27:37.002-0400] {logging_mixin.py:190} INFO - [2025-06-13T14:27:37.001-0400] {dag.py:4180} INFO - Setting next_dagrun for dataset_with_extra_by_context to 2025-06-12T00:00:00+00:00, run_after=2025-06-13T00:00:00+00:00
[2025-06-13T14:27:37.004-0400] {logging_mixin.py:190} INFO - [2025-06-13T14:27:37.004-0400] {dag.py:4180} INFO - Setting next_dagrun for dataset_with_extra_by_yield to 2025-06-12T00:00:00+00:00, run_after=2025-06-13T00:00:00+00:00
[2025-06-13T14:27:37.005-0400] {logging_mixin.py:190} INFO - [2025-06-13T14:27:37.005-0400] {dag.py:4180} INFO - Setting next_dagrun for dataset_with_extra_from_classic_operator to 2025-06-12T00:00:00+00:00, run_after=2025-06-13T00:00:00+00:00
[2025-06-13T14:27:37.015-0400] {processor.py:208} INFO - Processing /Users/pranavr/.pyenv/versions/3.11.6/lib/python3.11/site-packages/airflow/example_dags/example_outlet_event_extra.py took 169.276 seconds
[2025-06-13T14:30:39.592-0400] {processor.py:186} INFO - Started process (PID=9155) to work on /Users/pranavr/.pyenv/versions/3.11.6/lib/python3.11/site-packages/airflow/example_dags/example_outlet_event_extra.py
[2025-06-13T14:30:39.594-0400] {processor.py:914} INFO - Processing file /Users/pranavr/.pyenv/versions/3.11.6/lib/python3.11/site-packages/airflow/example_dags/example_outlet_event_extra.py for tasks to queue
[2025-06-13T14:30:39.595-0400] {logging_mixin.py:190} INFO - [2025-06-13T14:30:39.595-0400] {dagbag.py:588} INFO - Filling up the DagBag from /Users/pranavr/.pyenv/versions/3.11.6/lib/python3.11/site-packages/airflow/example_dags/example_outlet_event_extra.py
[2025-06-13T14:30:39.645-0400] {processor.py:925} INFO - DAG(s) 'dataset_with_extra_by_context', 'dataset_with_extra_from_classic_operator', 'dataset_with_extra_by_yield' retrieved from /Users/pranavr/.pyenv/versions/3.11.6/lib/python3.11/site-packages/airflow/example_dags/example_outlet_event_extra.py
[2025-06-13T14:30:39.735-0400] {logging_mixin.py:190} INFO - [2025-06-13T14:30:39.734-0400] {dag.py:3239} INFO - Sync 3 DAGs
[2025-06-13T14:30:39.743-0400] {logging_mixin.py:190} INFO - [2025-06-13T14:30:39.742-0400] {dag.py:4180} INFO - Setting next_dagrun for dataset_with_extra_by_context to 2025-06-12T00:00:00+00:00, run_after=2025-06-13T00:00:00+00:00
[2025-06-13T14:30:39.745-0400] {logging_mixin.py:190} INFO - [2025-06-13T14:30:39.745-0400] {dag.py:4180} INFO - Setting next_dagrun for dataset_with_extra_by_yield to 2025-06-12T00:00:00+00:00, run_after=2025-06-13T00:00:00+00:00
[2025-06-13T14:30:39.746-0400] {logging_mixin.py:190} INFO - [2025-06-13T14:30:39.746-0400] {dag.py:4180} INFO - Setting next_dagrun for dataset_with_extra_from_classic_operator to 2025-06-12T00:00:00+00:00, run_after=2025-06-13T00:00:00+00:00
[2025-06-13T14:30:39.757-0400] {processor.py:208} INFO - Processing /Users/pranavr/.pyenv/versions/3.11.6/lib/python3.11/site-packages/airflow/example_dags/example_outlet_event_extra.py took 168.614 seconds
[2025-06-13T14:33:40.389-0400] {processor.py:186} INFO - Started process (PID=9638) to work on /Users/pranavr/.pyenv/versions/3.11.6/lib/python3.11/site-packages/airflow/example_dags/example_outlet_event_extra.py
[2025-06-13T14:33:40.392-0400] {processor.py:914} INFO - Processing file /Users/pranavr/.pyenv/versions/3.11.6/lib/python3.11/site-packages/airflow/example_dags/example_outlet_event_extra.py for tasks to queue
[2025-06-13T14:33:40.392-0400] {logging_mixin.py:190} INFO - [2025-06-13T14:33:40.392-0400] {dagbag.py:588} INFO - Filling up the DagBag from /Users/pranavr/.pyenv/versions/3.11.6/lib/python3.11/site-packages/airflow/example_dags/example_outlet_event_extra.py
[2025-06-13T14:33:40.444-0400] {processor.py:925} INFO - DAG(s) 'dataset_with_extra_from_classic_operator', 'dataset_with_extra_by_context', 'dataset_with_extra_by_yield' retrieved from /Users/pranavr/.pyenv/versions/3.11.6/lib/python3.11/site-packages/airflow/example_dags/example_outlet_event_extra.py
[2025-06-13T14:33:40.530-0400] {logging_mixin.py:190} INFO - [2025-06-13T14:33:40.530-0400] {dag.py:3239} INFO - Sync 3 DAGs
[2025-06-13T14:33:40.542-0400] {logging_mixin.py:190} INFO - [2025-06-13T14:33:40.541-0400] {dag.py:4180} INFO - Setting next_dagrun for dataset_with_extra_by_context to 2025-06-12T00:00:00+00:00, run_after=2025-06-13T00:00:00+00:00
[2025-06-13T14:33:40.543-0400] {logging_mixin.py:190} INFO - [2025-06-13T14:33:40.543-0400] {dag.py:4180} INFO - Setting next_dagrun for dataset_with_extra_by_yield to 2025-06-12T00:00:00+00:00, run_after=2025-06-13T00:00:00+00:00
[2025-06-13T14:33:40.544-0400] {logging_mixin.py:190} INFO - [2025-06-13T14:33:40.544-0400] {dag.py:4180} INFO - Setting next_dagrun for dataset_with_extra_from_classic_operator to 2025-06-12T00:00:00+00:00, run_after=2025-06-13T00:00:00+00:00
[2025-06-13T14:33:40.561-0400] {processor.py:208} INFO - Processing /Users/pranavr/.pyenv/versions/3.11.6/lib/python3.11/site-packages/airflow/example_dags/example_outlet_event_extra.py took 174.053 seconds
[2025-06-13T14:36:42.977-0400] {processor.py:186} INFO - Started process (PID=10979) to work on /Users/pranavr/.pyenv/versions/3.11.6/lib/python3.11/site-packages/airflow/example_dags/example_outlet_event_extra.py
[2025-06-13T14:36:42.980-0400] {processor.py:914} INFO - Processing file /Users/pranavr/.pyenv/versions/3.11.6/lib/python3.11/site-packages/airflow/example_dags/example_outlet_event_extra.py for tasks to queue
[2025-06-13T14:36:42.981-0400] {logging_mixin.py:190} INFO - [2025-06-13T14:36:42.980-0400] {dagbag.py:588} INFO - Filling up the DagBag from /Users/pranavr/.pyenv/versions/3.11.6/lib/python3.11/site-packages/airflow/example_dags/example_outlet_event_extra.py
[2025-06-13T14:36:43.025-0400] {processor.py:925} INFO - DAG(s) 'dataset_with_extra_by_context', 'dataset_with_extra_by_yield', 'dataset_with_extra_from_classic_operator' retrieved from /Users/pranavr/.pyenv/versions/3.11.6/lib/python3.11/site-packages/airflow/example_dags/example_outlet_event_extra.py
[2025-06-13T14:36:43.113-0400] {logging_mixin.py:190} INFO - [2025-06-13T14:36:43.113-0400] {dag.py:3239} INFO - Sync 3 DAGs
[2025-06-13T14:36:43.121-0400] {logging_mixin.py:190} INFO - [2025-06-13T14:36:43.121-0400] {dag.py:4180} INFO - Setting next_dagrun for dataset_with_extra_by_context to 2025-06-12T00:00:00+00:00, run_after=2025-06-13T00:00:00+00:00
[2025-06-13T14:36:43.124-0400] {logging_mixin.py:190} INFO - [2025-06-13T14:36:43.124-0400] {dag.py:4180} INFO - Setting next_dagrun for dataset_with_extra_by_yield to 2025-06-12T00:00:00+00:00, run_after=2025-06-13T00:00:00+00:00
[2025-06-13T14:36:43.125-0400] {logging_mixin.py:190} INFO - [2025-06-13T14:36:43.125-0400] {dag.py:4180} INFO - Setting next_dagrun for dataset_with_extra_from_classic_operator to 2025-06-12T00:00:00+00:00, run_after=2025-06-13T00:00:00+00:00
[2025-06-13T14:36:43.139-0400] {processor.py:208} INFO - Processing /Users/pranavr/.pyenv/versions/3.11.6/lib/python3.11/site-packages/airflow/example_dags/example_outlet_event_extra.py took 163.511 seconds
[2025-06-13T14:39:37.099-0400] {processor.py:186} INFO - Started process (PID=11429) to work on /Users/pranavr/.pyenv/versions/3.11.6/lib/python3.11/site-packages/airflow/example_dags/example_outlet_event_extra.py
[2025-06-13T14:39:37.101-0400] {processor.py:914} INFO - Processing file /Users/pranavr/.pyenv/versions/3.11.6/lib/python3.11/site-packages/airflow/example_dags/example_outlet_event_extra.py for tasks to queue
[2025-06-13T14:39:37.102-0400] {logging_mixin.py:190} INFO - [2025-06-13T14:39:37.102-0400] {dagbag.py:588} INFO - Filling up the DagBag from /Users/pranavr/.pyenv/versions/3.11.6/lib/python3.11/site-packages/airflow/example_dags/example_outlet_event_extra.py
[2025-06-13T14:39:37.139-0400] {processor.py:925} INFO - DAG(s) 'dataset_with_extra_by_yield', 'dataset_with_extra_by_context', 'dataset_with_extra_from_classic_operator' retrieved from /Users/pranavr/.pyenv/versions/3.11.6/lib/python3.11/site-packages/airflow/example_dags/example_outlet_event_extra.py
[2025-06-13T14:39:37.203-0400] {logging_mixin.py:190} INFO - [2025-06-13T14:39:37.203-0400] {dag.py:3239} INFO - Sync 3 DAGs
[2025-06-13T14:39:37.210-0400] {logging_mixin.py:190} INFO - [2025-06-13T14:39:37.210-0400] {dag.py:4180} INFO - Setting next_dagrun for dataset_with_extra_by_context to 2025-06-12T00:00:00+00:00, run_after=2025-06-13T00:00:00+00:00
[2025-06-13T14:39:37.212-0400] {logging_mixin.py:190} INFO - [2025-06-13T14:39:37.212-0400] {dag.py:4180} INFO - Setting next_dagrun for dataset_with_extra_by_yield to 2025-06-12T00:00:00+00:00, run_after=2025-06-13T00:00:00+00:00
[2025-06-13T14:39:37.213-0400] {logging_mixin.py:190} INFO - [2025-06-13T14:39:37.213-0400] {dag.py:4180} INFO - Setting next_dagrun for dataset_with_extra_from_classic_operator to 2025-06-12T00:00:00+00:00, run_after=2025-06-13T00:00:00+00:00
[2025-06-13T14:39:37.220-0400] {processor.py:208} INFO - Processing /Users/pranavr/.pyenv/versions/3.11.6/lib/python3.11/site-packages/airflow/example_dags/example_outlet_event_extra.py took 122.018 seconds
[2025-06-13T14:42:11.382-0400] {processor.py:186} INFO - Started process (PID=11816) to work on /Users/pranavr/.pyenv/versions/3.11.6/lib/python3.11/site-packages/airflow/example_dags/example_outlet_event_extra.py
[2025-06-13T14:42:11.384-0400] {processor.py:914} INFO - Processing file /Users/pranavr/.pyenv/versions/3.11.6/lib/python3.11/site-packages/airflow/example_dags/example_outlet_event_extra.py for tasks to queue
[2025-06-13T14:42:11.385-0400] {logging_mixin.py:190} INFO - [2025-06-13T14:42:11.385-0400] {dagbag.py:588} INFO - Filling up the DagBag from /Users/pranavr/.pyenv/versions/3.11.6/lib/python3.11/site-packages/airflow/example_dags/example_outlet_event_extra.py
[2025-06-13T14:42:11.413-0400] {processor.py:925} INFO - DAG(s) 'dataset_with_extra_by_context', 'dataset_with_extra_from_classic_operator', 'dataset_with_extra_by_yield' retrieved from /Users/pranavr/.pyenv/versions/3.11.6/lib/python3.11/site-packages/airflow/example_dags/example_outlet_event_extra.py
[2025-06-13T14:42:11.481-0400] {logging_mixin.py:190} INFO - [2025-06-13T14:42:11.481-0400] {dag.py:3239} INFO - Sync 3 DAGs
[2025-06-13T14:42:11.488-0400] {logging_mixin.py:190} INFO - [2025-06-13T14:42:11.488-0400] {dag.py:4180} INFO - Setting next_dagrun for dataset_with_extra_by_context to 2025-06-12T00:00:00+00:00, run_after=2025-06-13T00:00:00+00:00
[2025-06-13T14:42:11.490-0400] {logging_mixin.py:190} INFO - [2025-06-13T14:42:11.490-0400] {dag.py:4180} INFO - Setting next_dagrun for dataset_with_extra_by_yield to 2025-06-12T00:00:00+00:00, run_after=2025-06-13T00:00:00+00:00
[2025-06-13T14:42:11.491-0400] {logging_mixin.py:190} INFO - [2025-06-13T14:42:11.491-0400] {dag.py:4180} INFO - Setting next_dagrun for dataset_with_extra_from_classic_operator to 2025-06-12T00:00:00+00:00, run_after=2025-06-13T00:00:00+00:00
[2025-06-13T14:42:11.499-0400] {processor.py:208} INFO - Processing /Users/pranavr/.pyenv/versions/3.11.6/lib/python3.11/site-packages/airflow/example_dags/example_outlet_event_extra.py took 117.903 seconds
[2025-06-13T14:44:35.819-0400] {processor.py:186} INFO - Started process (PID=12059) to work on /Users/pranavr/.pyenv/versions/3.11.6/lib/python3.11/site-packages/airflow/example_dags/example_outlet_event_extra.py
[2025-06-13T14:44:35.821-0400] {processor.py:914} INFO - Processing file /Users/pranavr/.pyenv/versions/3.11.6/lib/python3.11/site-packages/airflow/example_dags/example_outlet_event_extra.py for tasks to queue
[2025-06-13T14:44:35.822-0400] {logging_mixin.py:190} INFO - [2025-06-13T14:44:35.822-0400] {dagbag.py:588} INFO - Filling up the DagBag from /Users/pranavr/.pyenv/versions/3.11.6/lib/python3.11/site-packages/airflow/example_dags/example_outlet_event_extra.py
[2025-06-13T14:44:35.848-0400] {processor.py:925} INFO - DAG(s) 'dataset_with_extra_from_classic_operator', 'dataset_with_extra_by_context', 'dataset_with_extra_by_yield' retrieved from /Users/pranavr/.pyenv/versions/3.11.6/lib/python3.11/site-packages/airflow/example_dags/example_outlet_event_extra.py
[2025-06-13T14:44:35.912-0400] {logging_mixin.py:190} INFO - [2025-06-13T14:44:35.911-0400] {dag.py:3239} INFO - Sync 3 DAGs
[2025-06-13T14:44:35.919-0400] {logging_mixin.py:190} INFO - [2025-06-13T14:44:35.919-0400] {dag.py:4180} INFO - Setting next_dagrun for dataset_with_extra_by_context to 2025-06-12T00:00:00+00:00, run_after=2025-06-13T00:00:00+00:00
[2025-06-13T14:44:35.921-0400] {logging_mixin.py:190} INFO - [2025-06-13T14:44:35.921-0400] {dag.py:4180} INFO - Setting next_dagrun for dataset_with_extra_by_yield to 2025-06-12T00:00:00+00:00, run_after=2025-06-13T00:00:00+00:00
[2025-06-13T14:44:35.922-0400] {logging_mixin.py:190} INFO - [2025-06-13T14:44:35.922-0400] {dag.py:4180} INFO - Setting next_dagrun for dataset_with_extra_from_classic_operator to 2025-06-12T00:00:00+00:00, run_after=2025-06-13T00:00:00+00:00
[2025-06-13T14:44:35.930-0400] {processor.py:208} INFO - Processing /Users/pranavr/.pyenv/versions/3.11.6/lib/python3.11/site-packages/airflow/example_dags/example_outlet_event_extra.py took 111.724 seconds
[2025-06-13T14:46:59.802-0400] {processor.py:186} INFO - Started process (PID=12368) to work on /Users/pranavr/.pyenv/versions/3.11.6/lib/python3.11/site-packages/airflow/example_dags/example_outlet_event_extra.py
[2025-06-13T14:46:59.804-0400] {processor.py:914} INFO - Processing file /Users/pranavr/.pyenv/versions/3.11.6/lib/python3.11/site-packages/airflow/example_dags/example_outlet_event_extra.py for tasks to queue
[2025-06-13T14:46:59.804-0400] {logging_mixin.py:190} INFO - [2025-06-13T14:46:59.804-0400] {dagbag.py:588} INFO - Filling up the DagBag from /Users/pranavr/.pyenv/versions/3.11.6/lib/python3.11/site-packages/airflow/example_dags/example_outlet_event_extra.py
[2025-06-13T14:46:59.831-0400] {processor.py:925} INFO - DAG(s) 'dataset_with_extra_by_yield', 'dataset_with_extra_by_context', 'dataset_with_extra_from_classic_operator' retrieved from /Users/pranavr/.pyenv/versions/3.11.6/lib/python3.11/site-packages/airflow/example_dags/example_outlet_event_extra.py
[2025-06-13T14:46:59.894-0400] {logging_mixin.py:190} INFO - [2025-06-13T14:46:59.893-0400] {dag.py:3239} INFO - Sync 3 DAGs
[2025-06-13T14:46:59.900-0400] {logging_mixin.py:190} INFO - [2025-06-13T14:46:59.900-0400] {dag.py:4180} INFO - Setting next_dagrun for dataset_with_extra_by_context to 2025-06-12T00:00:00+00:00, run_after=2025-06-13T00:00:00+00:00
[2025-06-13T14:46:59.902-0400] {logging_mixin.py:190} INFO - [2025-06-13T14:46:59.902-0400] {dag.py:4180} INFO - Setting next_dagrun for dataset_with_extra_by_yield to 2025-06-12T00:00:00+00:00, run_after=2025-06-13T00:00:00+00:00
[2025-06-13T14:46:59.903-0400] {logging_mixin.py:190} INFO - [2025-06-13T14:46:59.903-0400] {dag.py:4180} INFO - Setting next_dagrun for dataset_with_extra_from_classic_operator to 2025-06-12T00:00:00+00:00, run_after=2025-06-13T00:00:00+00:00
[2025-06-13T14:46:59.910-0400] {processor.py:208} INFO - Processing /Users/pranavr/.pyenv/versions/3.11.6/lib/python3.11/site-packages/airflow/example_dags/example_outlet_event_extra.py took 108.900 seconds
[2025-06-13T14:49:30.458-0400] {processor.py:186} INFO - Started process (PID=12599) to work on /Users/pranavr/.pyenv/versions/3.11.6/lib/python3.11/site-packages/airflow/example_dags/example_outlet_event_extra.py
[2025-06-13T14:49:30.459-0400] {processor.py:914} INFO - Processing file /Users/pranavr/.pyenv/versions/3.11.6/lib/python3.11/site-packages/airflow/example_dags/example_outlet_event_extra.py for tasks to queue
[2025-06-13T14:49:30.460-0400] {logging_mixin.py:190} INFO - [2025-06-13T14:49:30.460-0400] {dagbag.py:588} INFO - Filling up the DagBag from /Users/pranavr/.pyenv/versions/3.11.6/lib/python3.11/site-packages/airflow/example_dags/example_outlet_event_extra.py
[2025-06-13T14:49:30.492-0400] {processor.py:925} INFO - DAG(s) 'dataset_with_extra_from_classic_operator', 'dataset_with_extra_by_context', 'dataset_with_extra_by_yield' retrieved from /Users/pranavr/.pyenv/versions/3.11.6/lib/python3.11/site-packages/airflow/example_dags/example_outlet_event_extra.py
[2025-06-13T14:49:30.560-0400] {logging_mixin.py:190} INFO - [2025-06-13T14:49:30.560-0400] {dag.py:3239} INFO - Sync 3 DAGs
[2025-06-13T14:49:30.567-0400] {logging_mixin.py:190} INFO - [2025-06-13T14:49:30.567-0400] {dag.py:4180} INFO - Setting next_dagrun for dataset_with_extra_by_context to 2025-06-12T00:00:00+00:00, run_after=2025-06-13T00:00:00+00:00
[2025-06-13T14:49:30.569-0400] {logging_mixin.py:190} INFO - [2025-06-13T14:49:30.569-0400] {dag.py:4180} INFO - Setting next_dagrun for dataset_with_extra_by_yield to 2025-06-12T00:00:00+00:00, run_after=2025-06-13T00:00:00+00:00
[2025-06-13T14:49:30.570-0400] {logging_mixin.py:190} INFO - [2025-06-13T14:49:30.570-0400] {dag.py:4180} INFO - Setting next_dagrun for dataset_with_extra_from_classic_operator to 2025-06-12T00:00:00+00:00, run_after=2025-06-13T00:00:00+00:00
[2025-06-13T14:49:30.577-0400] {processor.py:208} INFO - Processing /Users/pranavr/.pyenv/versions/3.11.6/lib/python3.11/site-packages/airflow/example_dags/example_outlet_event_extra.py took 121.041 seconds
[2025-06-13T14:51:59.196-0400] {processor.py:186} INFO - Started process (PID=13957) to work on /Users/pranavr/.pyenv/versions/3.11.6/lib/python3.11/site-packages/airflow/example_dags/example_outlet_event_extra.py
[2025-06-13T14:51:59.199-0400] {processor.py:914} INFO - Processing file /Users/pranavr/.pyenv/versions/3.11.6/lib/python3.11/site-packages/airflow/example_dags/example_outlet_event_extra.py for tasks to queue
[2025-06-13T14:51:59.199-0400] {logging_mixin.py:190} INFO - [2025-06-13T14:51:59.199-0400] {dagbag.py:588} INFO - Filling up the DagBag from /Users/pranavr/.pyenv/versions/3.11.6/lib/python3.11/site-packages/airflow/example_dags/example_outlet_event_extra.py
[2025-06-13T14:51:59.231-0400] {processor.py:925} INFO - DAG(s) 'dataset_with_extra_by_context', 'dataset_with_extra_from_classic_operator', 'dataset_with_extra_by_yield' retrieved from /Users/pranavr/.pyenv/versions/3.11.6/lib/python3.11/site-packages/airflow/example_dags/example_outlet_event_extra.py
[2025-06-13T14:51:59.293-0400] {logging_mixin.py:190} INFO - [2025-06-13T14:51:59.293-0400] {dag.py:3239} INFO - Sync 3 DAGs
[2025-06-13T14:51:59.300-0400] {logging_mixin.py:190} INFO - [2025-06-13T14:51:59.300-0400] {dag.py:4180} INFO - Setting next_dagrun for dataset_with_extra_by_context to 2025-06-12T00:00:00+00:00, run_after=2025-06-13T00:00:00+00:00
[2025-06-13T14:51:59.302-0400] {logging_mixin.py:190} INFO - [2025-06-13T14:51:59.302-0400] {dag.py:4180} INFO - Setting next_dagrun for dataset_with_extra_by_yield to 2025-06-12T00:00:00+00:00, run_after=2025-06-13T00:00:00+00:00
[2025-06-13T14:51:59.303-0400] {logging_mixin.py:190} INFO - [2025-06-13T14:51:59.303-0400] {dag.py:4180} INFO - Setting next_dagrun for dataset_with_extra_from_classic_operator to 2025-06-12T00:00:00+00:00, run_after=2025-06-13T00:00:00+00:00
[2025-06-13T14:51:59.310-0400] {processor.py:208} INFO - Processing /Users/pranavr/.pyenv/versions/3.11.6/lib/python3.11/site-packages/airflow/example_dags/example_outlet_event_extra.py took 114.685 seconds
[2025-06-13T14:54:29.019-0400] {processor.py:186} INFO - Started process (PID=14183) to work on /Users/pranavr/.pyenv/versions/3.11.6/lib/python3.11/site-packages/airflow/example_dags/example_outlet_event_extra.py
[2025-06-13T14:54:29.021-0400] {processor.py:914} INFO - Processing file /Users/pranavr/.pyenv/versions/3.11.6/lib/python3.11/site-packages/airflow/example_dags/example_outlet_event_extra.py for tasks to queue
[2025-06-13T14:54:29.021-0400] {logging_mixin.py:190} INFO - [2025-06-13T14:54:29.021-0400] {dagbag.py:588} INFO - Filling up the DagBag from /Users/pranavr/.pyenv/versions/3.11.6/lib/python3.11/site-packages/airflow/example_dags/example_outlet_event_extra.py
[2025-06-13T14:54:29.056-0400] {processor.py:925} INFO - DAG(s) 'dataset_with_extra_by_context', 'dataset_with_extra_by_yield', 'dataset_with_extra_from_classic_operator' retrieved from /Users/pranavr/.pyenv/versions/3.11.6/lib/python3.11/site-packages/airflow/example_dags/example_outlet_event_extra.py
[2025-06-13T14:54:29.127-0400] {logging_mixin.py:190} INFO - [2025-06-13T14:54:29.127-0400] {dag.py:3239} INFO - Sync 3 DAGs
[2025-06-13T14:54:29.135-0400] {logging_mixin.py:190} INFO - [2025-06-13T14:54:29.135-0400] {dag.py:4180} INFO - Setting next_dagrun for dataset_with_extra_by_context to 2025-06-12T00:00:00+00:00, run_after=2025-06-13T00:00:00+00:00
[2025-06-13T14:54:29.136-0400] {logging_mixin.py:190} INFO - [2025-06-13T14:54:29.136-0400] {dag.py:4180} INFO - Setting next_dagrun for dataset_with_extra_by_yield to 2025-06-12T00:00:00+00:00, run_after=2025-06-13T00:00:00+00:00
[2025-06-13T14:54:29.137-0400] {logging_mixin.py:190} INFO - [2025-06-13T14:54:29.137-0400] {dag.py:4180} INFO - Setting next_dagrun for dataset_with_extra_from_classic_operator to 2025-06-12T00:00:00+00:00, run_after=2025-06-13T00:00:00+00:00
[2025-06-13T14:54:29.144-0400] {processor.py:208} INFO - Processing /Users/pranavr/.pyenv/versions/3.11.6/lib/python3.11/site-packages/airflow/example_dags/example_outlet_event_extra.py took 127.137 seconds
[2025-06-13T14:57:00.759-0400] {processor.py:186} INFO - Started process (PID=14427) to work on /Users/pranavr/.pyenv/versions/3.11.6/lib/python3.11/site-packages/airflow/example_dags/example_outlet_event_extra.py
[2025-06-13T14:57:00.762-0400] {processor.py:914} INFO - Processing file /Users/pranavr/.pyenv/versions/3.11.6/lib/python3.11/site-packages/airflow/example_dags/example_outlet_event_extra.py for tasks to queue
[2025-06-13T14:57:00.762-0400] {logging_mixin.py:190} INFO - [2025-06-13T14:57:00.762-0400] {dagbag.py:588} INFO - Filling up the DagBag from /Users/pranavr/.pyenv/versions/3.11.6/lib/python3.11/site-packages/airflow/example_dags/example_outlet_event_extra.py
[2025-06-13T14:57:00.797-0400] {processor.py:925} INFO - DAG(s) 'dataset_with_extra_from_classic_operator', 'dataset_with_extra_by_context', 'dataset_with_extra_by_yield' retrieved from /Users/pranavr/.pyenv/versions/3.11.6/lib/python3.11/site-packages/airflow/example_dags/example_outlet_event_extra.py
[2025-06-13T14:57:00.866-0400] {logging_mixin.py:190} INFO - [2025-06-13T14:57:00.866-0400] {dag.py:3239} INFO - Sync 3 DAGs
[2025-06-13T14:57:00.873-0400] {logging_mixin.py:190} INFO - [2025-06-13T14:57:00.873-0400] {dag.py:4180} INFO - Setting next_dagrun for dataset_with_extra_by_context to 2025-06-12T00:00:00+00:00, run_after=2025-06-13T00:00:00+00:00
[2025-06-13T14:57:00.875-0400] {logging_mixin.py:190} INFO - [2025-06-13T14:57:00.875-0400] {dag.py:4180} INFO - Setting next_dagrun for dataset_with_extra_by_yield to 2025-06-12T00:00:00+00:00, run_after=2025-06-13T00:00:00+00:00
[2025-06-13T14:57:00.876-0400] {logging_mixin.py:190} INFO - [2025-06-13T14:57:00.876-0400] {dag.py:4180} INFO - Setting next_dagrun for dataset_with_extra_from_classic_operator to 2025-06-12T00:00:00+00:00, run_after=2025-06-13T00:00:00+00:00
[2025-06-13T14:57:00.884-0400] {processor.py:208} INFO - Processing /Users/pranavr/.pyenv/versions/3.11.6/lib/python3.11/site-packages/airflow/example_dags/example_outlet_event_extra.py took 126.160 seconds
[2025-06-13T14:59:44.644-0400] {processor.py:186} INFO - Started process (PID=14792) to work on /Users/pranavr/.pyenv/versions/3.11.6/lib/python3.11/site-packages/airflow/example_dags/example_outlet_event_extra.py
[2025-06-13T14:59:44.646-0400] {processor.py:914} INFO - Processing file /Users/pranavr/.pyenv/versions/3.11.6/lib/python3.11/site-packages/airflow/example_dags/example_outlet_event_extra.py for tasks to queue
[2025-06-13T14:59:44.647-0400] {logging_mixin.py:190} INFO - [2025-06-13T14:59:44.646-0400] {dagbag.py:588} INFO - Filling up the DagBag from /Users/pranavr/.pyenv/versions/3.11.6/lib/python3.11/site-packages/airflow/example_dags/example_outlet_event_extra.py
[2025-06-13T14:59:44.685-0400] {processor.py:925} INFO - DAG(s) 'dataset_with_extra_by_context', 'dataset_with_extra_by_yield', 'dataset_with_extra_from_classic_operator' retrieved from /Users/pranavr/.pyenv/versions/3.11.6/lib/python3.11/site-packages/airflow/example_dags/example_outlet_event_extra.py
[2025-06-13T14:59:44.760-0400] {logging_mixin.py:190} INFO - [2025-06-13T14:59:44.760-0400] {dag.py:3239} INFO - Sync 3 DAGs
[2025-06-13T14:59:44.767-0400] {logging_mixin.py:190} INFO - [2025-06-13T14:59:44.767-0400] {dag.py:4180} INFO - Setting next_dagrun for dataset_with_extra_by_context to 2025-06-12T00:00:00+00:00, run_after=2025-06-13T00:00:00+00:00
[2025-06-13T14:59:44.769-0400] {logging_mixin.py:190} INFO - [2025-06-13T14:59:44.769-0400] {dag.py:4180} INFO - Setting next_dagrun for dataset_with_extra_by_yield to 2025-06-12T00:00:00+00:00, run_after=2025-06-13T00:00:00+00:00
[2025-06-13T14:59:44.770-0400] {logging_mixin.py:190} INFO - [2025-06-13T14:59:44.770-0400] {dag.py:4180} INFO - Setting next_dagrun for dataset_with_extra_from_classic_operator to 2025-06-12T00:00:00+00:00, run_after=2025-06-13T00:00:00+00:00
[2025-06-13T14:59:44.779-0400] {processor.py:208} INFO - Processing /Users/pranavr/.pyenv/versions/3.11.6/lib/python3.11/site-packages/airflow/example_dags/example_outlet_event_extra.py took 136.426 seconds
[2025-06-13T15:01:23.567-0400] {processor.py:186} INFO - Started process (PID=15135) to work on /Users/pranavr/.pyenv/versions/3.11.6/lib/python3.11/site-packages/airflow/example_dags/example_outlet_event_extra.py
[2025-06-13T15:01:23.570-0400] {processor.py:914} INFO - Processing file /Users/pranavr/.pyenv/versions/3.11.6/lib/python3.11/site-packages/airflow/example_dags/example_outlet_event_extra.py for tasks to queue
[2025-06-13T15:01:23.570-0400] {logging_mixin.py:190} INFO - [2025-06-13T15:01:23.570-0400] {dagbag.py:588} INFO - Filling up the DagBag from /Users/pranavr/.pyenv/versions/3.11.6/lib/python3.11/site-packages/airflow/example_dags/example_outlet_event_extra.py
[2025-06-13T15:01:23.612-0400] {processor.py:925} INFO - DAG(s) 'dataset_with_extra_from_classic_operator', 'dataset_with_extra_by_yield', 'dataset_with_extra_by_context' retrieved from /Users/pranavr/.pyenv/versions/3.11.6/lib/python3.11/site-packages/airflow/example_dags/example_outlet_event_extra.py
[2025-06-13T15:01:23.685-0400] {logging_mixin.py:190} INFO - [2025-06-13T15:01:23.685-0400] {dag.py:3239} INFO - Sync 3 DAGs
[2025-06-13T15:01:23.693-0400] {logging_mixin.py:190} INFO - [2025-06-13T15:01:23.693-0400] {dag.py:4180} INFO - Setting next_dagrun for dataset_with_extra_by_context to 2025-06-12T00:00:00+00:00, run_after=2025-06-13T00:00:00+00:00
[2025-06-13T15:01:23.695-0400] {logging_mixin.py:190} INFO - [2025-06-13T15:01:23.695-0400] {dag.py:4180} INFO - Setting next_dagrun for dataset_with_extra_by_yield to 2025-06-12T00:00:00+00:00, run_after=2025-06-13T00:00:00+00:00
[2025-06-13T15:01:23.696-0400] {logging_mixin.py:190} INFO - [2025-06-13T15:01:23.696-0400] {dag.py:4180} INFO - Setting next_dagrun for dataset_with_extra_from_classic_operator to 2025-06-12T00:00:00+00:00, run_after=2025-06-13T00:00:00+00:00
[2025-06-13T15:01:23.705-0400] {processor.py:208} INFO - Processing /Users/pranavr/.pyenv/versions/3.11.6/lib/python3.11/site-packages/airflow/example_dags/example_outlet_event_extra.py took 138.742 seconds
[2025-06-13T15:03:27.698-0400] {processor.py:186} INFO - Started process (PID=15687) to work on /Users/pranavr/.pyenv/versions/3.11.6/lib/python3.11/site-packages/airflow/example_dags/example_outlet_event_extra.py
[2025-06-13T15:03:27.700-0400] {processor.py:914} INFO - Processing file /Users/pranavr/.pyenv/versions/3.11.6/lib/python3.11/site-packages/airflow/example_dags/example_outlet_event_extra.py for tasks to queue
[2025-06-13T15:03:27.701-0400] {logging_mixin.py:190} INFO - [2025-06-13T15:03:27.701-0400] {dagbag.py:588} INFO - Filling up the DagBag from /Users/pranavr/.pyenv/versions/3.11.6/lib/python3.11/site-packages/airflow/example_dags/example_outlet_event_extra.py
[2025-06-13T15:03:27.745-0400] {processor.py:925} INFO - DAG(s) 'dataset_with_extra_by_context', 'dataset_with_extra_by_yield', 'dataset_with_extra_from_classic_operator' retrieved from /Users/pranavr/.pyenv/versions/3.11.6/lib/python3.11/site-packages/airflow/example_dags/example_outlet_event_extra.py
[2025-06-13T15:03:27.819-0400] {logging_mixin.py:190} INFO - [2025-06-13T15:03:27.819-0400] {dag.py:3239} INFO - Sync 3 DAGs
[2025-06-13T15:03:27.827-0400] {logging_mixin.py:190} INFO - [2025-06-13T15:03:27.827-0400] {dag.py:4180} INFO - Setting next_dagrun for dataset_with_extra_by_context to 2025-06-12T00:00:00+00:00, run_after=2025-06-13T00:00:00+00:00
[2025-06-13T15:03:27.829-0400] {logging_mixin.py:190} INFO - [2025-06-13T15:03:27.829-0400] {dag.py:4180} INFO - Setting next_dagrun for dataset_with_extra_by_yield to 2025-06-12T00:00:00+00:00, run_after=2025-06-13T00:00:00+00:00
[2025-06-13T15:03:27.830-0400] {logging_mixin.py:190} INFO - [2025-06-13T15:03:27.830-0400] {dag.py:4180} INFO - Setting next_dagrun for dataset_with_extra_from_classic_operator to 2025-06-12T00:00:00+00:00, run_after=2025-06-13T00:00:00+00:00
[2025-06-13T15:03:27.837-0400] {processor.py:208} INFO - Processing /Users/pranavr/.pyenv/versions/3.11.6/lib/python3.11/site-packages/airflow/example_dags/example_outlet_event_extra.py took 140.971 seconds
[2025-06-13T15:05:25.330-0400] {processor.py:186} INFO - Started process (PID=16112) to work on /Users/pranavr/.pyenv/versions/3.11.6/lib/python3.11/site-packages/airflow/example_dags/example_outlet_event_extra.py
[2025-06-13T15:05:25.332-0400] {processor.py:914} INFO - Processing file /Users/pranavr/.pyenv/versions/3.11.6/lib/python3.11/site-packages/airflow/example_dags/example_outlet_event_extra.py for tasks to queue
[2025-06-13T15:05:25.333-0400] {logging_mixin.py:190} INFO - [2025-06-13T15:05:25.333-0400] {dagbag.py:588} INFO - Filling up the DagBag from /Users/pranavr/.pyenv/versions/3.11.6/lib/python3.11/site-packages/airflow/example_dags/example_outlet_event_extra.py
[2025-06-13T15:05:25.371-0400] {processor.py:925} INFO - DAG(s) 'dataset_with_extra_by_yield', 'dataset_with_extra_from_classic_operator', 'dataset_with_extra_by_context' retrieved from /Users/pranavr/.pyenv/versions/3.11.6/lib/python3.11/site-packages/airflow/example_dags/example_outlet_event_extra.py
[2025-06-13T15:05:25.445-0400] {logging_mixin.py:190} INFO - [2025-06-13T15:05:25.445-0400] {dag.py:3239} INFO - Sync 3 DAGs
[2025-06-13T15:05:25.454-0400] {logging_mixin.py:190} INFO - [2025-06-13T15:05:25.454-0400] {dag.py:4180} INFO - Setting next_dagrun for dataset_with_extra_by_context to 2025-06-12T00:00:00+00:00, run_after=2025-06-13T00:00:00+00:00
[2025-06-13T15:05:25.456-0400] {logging_mixin.py:190} INFO - [2025-06-13T15:05:25.456-0400] {dag.py:4180} INFO - Setting next_dagrun for dataset_with_extra_by_yield to 2025-06-12T00:00:00+00:00, run_after=2025-06-13T00:00:00+00:00
[2025-06-13T15:05:25.457-0400] {logging_mixin.py:190} INFO - [2025-06-13T15:05:25.457-0400] {dag.py:4180} INFO - Setting next_dagrun for dataset_with_extra_from_classic_operator to 2025-06-12T00:00:00+00:00, run_after=2025-06-13T00:00:00+00:00
[2025-06-13T15:05:25.465-0400] {processor.py:208} INFO - Processing /Users/pranavr/.pyenv/versions/3.11.6/lib/python3.11/site-packages/airflow/example_dags/example_outlet_event_extra.py took 135.726 seconds
[2025-06-13T15:07:17.024-0400] {processor.py:186} INFO - Started process (PID=16403) to work on /Users/pranavr/.pyenv/versions/3.11.6/lib/python3.11/site-packages/airflow/example_dags/example_outlet_event_extra.py
[2025-06-13T15:07:17.027-0400] {processor.py:914} INFO - Processing file /Users/pranavr/.pyenv/versions/3.11.6/lib/python3.11/site-packages/airflow/example_dags/example_outlet_event_extra.py for tasks to queue
[2025-06-13T15:07:17.027-0400] {logging_mixin.py:190} INFO - [2025-06-13T15:07:17.027-0400] {dagbag.py:588} INFO - Filling up the DagBag from /Users/pranavr/.pyenv/versions/3.11.6/lib/python3.11/site-packages/airflow/example_dags/example_outlet_event_extra.py
[2025-06-13T15:07:17.066-0400] {processor.py:925} INFO - DAG(s) 'dataset_with_extra_by_yield', 'dataset_with_extra_from_classic_operator', 'dataset_with_extra_by_context' retrieved from /Users/pranavr/.pyenv/versions/3.11.6/lib/python3.11/site-packages/airflow/example_dags/example_outlet_event_extra.py
[2025-06-13T15:07:17.139-0400] {logging_mixin.py:190} INFO - [2025-06-13T15:07:17.139-0400] {dag.py:3239} INFO - Sync 3 DAGs
[2025-06-13T15:07:17.148-0400] {logging_mixin.py:190} INFO - [2025-06-13T15:07:17.147-0400] {dag.py:4180} INFO - Setting next_dagrun for dataset_with_extra_by_context to 2025-06-12T00:00:00+00:00, run_after=2025-06-13T00:00:00+00:00
[2025-06-13T15:07:17.149-0400] {logging_mixin.py:190} INFO - [2025-06-13T15:07:17.149-0400] {dag.py:4180} INFO - Setting next_dagrun for dataset_with_extra_by_yield to 2025-06-12T00:00:00+00:00, run_after=2025-06-13T00:00:00+00:00
[2025-06-13T15:07:17.150-0400] {logging_mixin.py:190} INFO - [2025-06-13T15:07:17.150-0400] {dag.py:4180} INFO - Setting next_dagrun for dataset_with_extra_from_classic_operator to 2025-06-12T00:00:00+00:00, run_after=2025-06-13T00:00:00+00:00
[2025-06-13T15:07:17.158-0400] {processor.py:208} INFO - Processing /Users/pranavr/.pyenv/versions/3.11.6/lib/python3.11/site-packages/airflow/example_dags/example_outlet_event_extra.py took 134.902 seconds
[2025-06-13T15:09:57.095-0400] {processor.py:186} INFO - Started process (PID=16716) to work on /Users/pranavr/.pyenv/versions/3.11.6/lib/python3.11/site-packages/airflow/example_dags/example_outlet_event_extra.py
[2025-06-13T15:09:57.097-0400] {processor.py:914} INFO - Processing file /Users/pranavr/.pyenv/versions/3.11.6/lib/python3.11/site-packages/airflow/example_dags/example_outlet_event_extra.py for tasks to queue
[2025-06-13T15:09:57.098-0400] {logging_mixin.py:190} INFO - [2025-06-13T15:09:57.098-0400] {dagbag.py:588} INFO - Filling up the DagBag from /Users/pranavr/.pyenv/versions/3.11.6/lib/python3.11/site-packages/airflow/example_dags/example_outlet_event_extra.py
[2025-06-13T15:09:57.138-0400] {processor.py:925} INFO - DAG(s) 'dataset_with_extra_by_context', 'dataset_with_extra_by_yield', 'dataset_with_extra_from_classic_operator' retrieved from /Users/pranavr/.pyenv/versions/3.11.6/lib/python3.11/site-packages/airflow/example_dags/example_outlet_event_extra.py
[2025-06-13T15:09:57.214-0400] {logging_mixin.py:190} INFO - [2025-06-13T15:09:57.214-0400] {dag.py:3239} INFO - Sync 3 DAGs
[2025-06-13T15:09:57.222-0400] {logging_mixin.py:190} INFO - [2025-06-13T15:09:57.222-0400] {dag.py:4180} INFO - Setting next_dagrun for dataset_with_extra_by_context to 2025-06-12T00:00:00+00:00, run_after=2025-06-13T00:00:00+00:00
[2025-06-13T15:09:57.224-0400] {logging_mixin.py:190} INFO - [2025-06-13T15:09:57.224-0400] {dag.py:4180} INFO - Setting next_dagrun for dataset_with_extra_by_yield to 2025-06-12T00:00:00+00:00, run_after=2025-06-13T00:00:00+00:00
[2025-06-13T15:09:57.225-0400] {logging_mixin.py:190} INFO - [2025-06-13T15:09:57.225-0400] {dag.py:4180} INFO - Setting next_dagrun for dataset_with_extra_from_classic_operator to 2025-06-12T00:00:00+00:00, run_after=2025-06-13T00:00:00+00:00
[2025-06-13T15:09:57.232-0400] {processor.py:208} INFO - Processing /Users/pranavr/.pyenv/versions/3.11.6/lib/python3.11/site-packages/airflow/example_dags/example_outlet_event_extra.py took 138.506 seconds
[2025-06-13T15:12:47.474-0400] {processor.py:186} INFO - Started process (PID=16960) to work on /Users/pranavr/.pyenv/versions/3.11.6/lib/python3.11/site-packages/airflow/example_dags/example_outlet_event_extra.py
[2025-06-13T15:12:47.476-0400] {processor.py:914} INFO - Processing file /Users/pranavr/.pyenv/versions/3.11.6/lib/python3.11/site-packages/airflow/example_dags/example_outlet_event_extra.py for tasks to queue
[2025-06-13T15:12:47.476-0400] {logging_mixin.py:190} INFO - [2025-06-13T15:12:47.476-0400] {dagbag.py:588} INFO - Filling up the DagBag from /Users/pranavr/.pyenv/versions/3.11.6/lib/python3.11/site-packages/airflow/example_dags/example_outlet_event_extra.py
[2025-06-13T15:12:47.518-0400] {processor.py:925} INFO - DAG(s) 'dataset_with_extra_by_yield', 'dataset_with_extra_by_context', 'dataset_with_extra_from_classic_operator' retrieved from /Users/pranavr/.pyenv/versions/3.11.6/lib/python3.11/site-packages/airflow/example_dags/example_outlet_event_extra.py
[2025-06-13T15:12:47.593-0400] {logging_mixin.py:190} INFO - [2025-06-13T15:12:47.592-0400] {dag.py:3239} INFO - Sync 3 DAGs
[2025-06-13T15:12:47.601-0400] {logging_mixin.py:190} INFO - [2025-06-13T15:12:47.601-0400] {dag.py:4180} INFO - Setting next_dagrun for dataset_with_extra_by_context to 2025-06-12T00:00:00+00:00, run_after=2025-06-13T00:00:00+00:00
[2025-06-13T15:12:47.603-0400] {logging_mixin.py:190} INFO - [2025-06-13T15:12:47.603-0400] {dag.py:4180} INFO - Setting next_dagrun for dataset_with_extra_by_yield to 2025-06-12T00:00:00+00:00, run_after=2025-06-13T00:00:00+00:00
[2025-06-13T15:12:47.603-0400] {logging_mixin.py:190} INFO - [2025-06-13T15:12:47.603-0400] {dag.py:4180} INFO - Setting next_dagrun for dataset_with_extra_from_classic_operator to 2025-06-12T00:00:00+00:00, run_after=2025-06-13T00:00:00+00:00
[2025-06-13T15:12:47.612-0400] {processor.py:208} INFO - Processing /Users/pranavr/.pyenv/versions/3.11.6/lib/python3.11/site-packages/airflow/example_dags/example_outlet_event_extra.py took 140.007 seconds
[2025-06-13T15:19:37.597-0400] {processor.py:186} INFO - Started process (PID=17823) to work on /Users/pranavr/.pyenv/versions/3.11.6/lib/python3.11/site-packages/airflow/example_dags/example_outlet_event_extra.py
[2025-06-13T15:19:37.599-0400] {processor.py:914} INFO - Processing file /Users/pranavr/.pyenv/versions/3.11.6/lib/python3.11/site-packages/airflow/example_dags/example_outlet_event_extra.py for tasks to queue
[2025-06-13T15:19:37.600-0400] {logging_mixin.py:190} INFO - [2025-06-13T15:19:37.600-0400] {dagbag.py:588} INFO - Filling up the DagBag from /Users/pranavr/.pyenv/versions/3.11.6/lib/python3.11/site-packages/airflow/example_dags/example_outlet_event_extra.py
[2025-06-13T15:19:37.640-0400] {processor.py:925} INFO - DAG(s) 'dataset_with_extra_by_yield', 'dataset_with_extra_by_context', 'dataset_with_extra_from_classic_operator' retrieved from /Users/pranavr/.pyenv/versions/3.11.6/lib/python3.11/site-packages/airflow/example_dags/example_outlet_event_extra.py
[2025-06-13T15:19:37.716-0400] {logging_mixin.py:190} INFO - [2025-06-13T15:19:37.716-0400] {dag.py:3239} INFO - Sync 3 DAGs
[2025-06-13T15:19:37.725-0400] {logging_mixin.py:190} INFO - [2025-06-13T15:19:37.725-0400] {dag.py:4180} INFO - Setting next_dagrun for dataset_with_extra_by_context to 2025-06-12T00:00:00+00:00, run_after=2025-06-13T00:00:00+00:00
[2025-06-13T15:19:37.727-0400] {logging_mixin.py:190} INFO - [2025-06-13T15:19:37.727-0400] {dag.py:4180} INFO - Setting next_dagrun for dataset_with_extra_by_yield to 2025-06-12T00:00:00+00:00, run_after=2025-06-13T00:00:00+00:00
[2025-06-13T15:19:37.728-0400] {logging_mixin.py:190} INFO - [2025-06-13T15:19:37.728-0400] {dag.py:4180} INFO - Setting next_dagrun for dataset_with_extra_from_classic_operator to 2025-06-12T00:00:00+00:00, run_after=2025-06-13T00:00:00+00:00
[2025-06-13T15:19:37.739-0400] {processor.py:208} INFO - Processing /Users/pranavr/.pyenv/versions/3.11.6/lib/python3.11/site-packages/airflow/example_dags/example_outlet_event_extra.py took 142.784 seconds
[2025-06-13T15:25:49.149-0400] {processor.py:186} INFO - Started process (PID=18965) to work on /Users/pranavr/.pyenv/versions/3.11.6/lib/python3.11/site-packages/airflow/example_dags/example_outlet_event_extra.py
[2025-06-13T15:25:49.151-0400] {processor.py:914} INFO - Processing file /Users/pranavr/.pyenv/versions/3.11.6/lib/python3.11/site-packages/airflow/example_dags/example_outlet_event_extra.py for tasks to queue
[2025-06-13T15:25:49.152-0400] {logging_mixin.py:190} INFO - [2025-06-13T15:25:49.151-0400] {dagbag.py:588} INFO - Filling up the DagBag from /Users/pranavr/.pyenv/versions/3.11.6/lib/python3.11/site-packages/airflow/example_dags/example_outlet_event_extra.py
[2025-06-13T15:25:49.198-0400] {processor.py:925} INFO - DAG(s) 'dataset_with_extra_by_context', 'dataset_with_extra_by_yield', 'dataset_with_extra_from_classic_operator' retrieved from /Users/pranavr/.pyenv/versions/3.11.6/lib/python3.11/site-packages/airflow/example_dags/example_outlet_event_extra.py
[2025-06-13T15:25:49.327-0400] {logging_mixin.py:190} INFO - [2025-06-13T15:25:49.326-0400] {override.py:1930} INFO - Created Permission View: can delete on DAG:dataset_with_extra_by_context
[2025-06-13T15:25:49.330-0400] {logging_mixin.py:190} INFO - [2025-06-13T15:25:49.330-0400] {override.py:1930} INFO - Created Permission View: can edit on DAG:dataset_with_extra_by_context
[2025-06-13T15:25:49.332-0400] {logging_mixin.py:190} INFO - [2025-06-13T15:25:49.332-0400] {override.py:1930} INFO - Created Permission View: can read on DAG:dataset_with_extra_by_context
[2025-06-13T15:25:49.335-0400] {logging_mixin.py:190} INFO - [2025-06-13T15:25:49.335-0400] {override.py:1930} INFO - Created Permission View: menu access on DAG Run:dataset_with_extra_by_context
[2025-06-13T15:25:49.337-0400] {logging_mixin.py:190} INFO - [2025-06-13T15:25:49.337-0400] {override.py:1930} INFO - Created Permission View: can delete on DAG Run:dataset_with_extra_by_context
[2025-06-13T15:25:49.339-0400] {logging_mixin.py:190} INFO - [2025-06-13T15:25:49.339-0400] {override.py:1930} INFO - Created Permission View: can create on DAG Run:dataset_with_extra_by_context
[2025-06-13T15:25:49.341-0400] {logging_mixin.py:190} INFO - [2025-06-13T15:25:49.341-0400] {override.py:1930} INFO - Created Permission View: can read on DAG Run:dataset_with_extra_by_context
[2025-06-13T15:25:49.346-0400] {logging_mixin.py:190} INFO - [2025-06-13T15:25:49.346-0400] {override.py:1930} INFO - Created Permission View: can delete on DAG:dataset_with_extra_by_yield
[2025-06-13T15:25:49.348-0400] {logging_mixin.py:190} INFO - [2025-06-13T15:25:49.348-0400] {override.py:1930} INFO - Created Permission View: can edit on DAG:dataset_with_extra_by_yield
[2025-06-13T15:25:49.350-0400] {logging_mixin.py:190} INFO - [2025-06-13T15:25:49.350-0400] {override.py:1930} INFO - Created Permission View: can read on DAG:dataset_with_extra_by_yield
[2025-06-13T15:25:49.353-0400] {logging_mixin.py:190} INFO - [2025-06-13T15:25:49.353-0400] {override.py:1930} INFO - Created Permission View: menu access on DAG Run:dataset_with_extra_by_yield
[2025-06-13T15:25:49.355-0400] {logging_mixin.py:190} INFO - [2025-06-13T15:25:49.355-0400] {override.py:1930} INFO - Created Permission View: can delete on DAG Run:dataset_with_extra_by_yield
[2025-06-13T15:25:49.357-0400] {logging_mixin.py:190} INFO - [2025-06-13T15:25:49.357-0400] {override.py:1930} INFO - Created Permission View: can create on DAG Run:dataset_with_extra_by_yield
[2025-06-13T15:25:49.359-0400] {logging_mixin.py:190} INFO - [2025-06-13T15:25:49.359-0400] {override.py:1930} INFO - Created Permission View: can read on DAG Run:dataset_with_extra_by_yield
[2025-06-13T15:25:49.364-0400] {logging_mixin.py:190} INFO - [2025-06-13T15:25:49.364-0400] {override.py:1930} INFO - Created Permission View: can delete on DAG:dataset_with_extra_from_classic_operator
[2025-06-13T15:25:49.366-0400] {logging_mixin.py:190} INFO - [2025-06-13T15:25:49.366-0400] {override.py:1930} INFO - Created Permission View: can edit on DAG:dataset_with_extra_from_classic_operator
[2025-06-13T15:25:49.368-0400] {logging_mixin.py:190} INFO - [2025-06-13T15:25:49.368-0400] {override.py:1930} INFO - Created Permission View: can read on DAG:dataset_with_extra_from_classic_operator
[2025-06-13T15:25:49.371-0400] {logging_mixin.py:190} INFO - [2025-06-13T15:25:49.371-0400] {override.py:1930} INFO - Created Permission View: menu access on DAG Run:dataset_with_extra_from_classic_operator
[2025-06-13T15:25:49.373-0400] {logging_mixin.py:190} INFO - [2025-06-13T15:25:49.373-0400] {override.py:1930} INFO - Created Permission View: can delete on DAG Run:dataset_with_extra_from_classic_operator
[2025-06-13T15:25:49.375-0400] {logging_mixin.py:190} INFO - [2025-06-13T15:25:49.375-0400] {override.py:1930} INFO - Created Permission View: can create on DAG Run:dataset_with_extra_from_classic_operator
[2025-06-13T15:25:49.377-0400] {logging_mixin.py:190} INFO - [2025-06-13T15:25:49.377-0400] {override.py:1930} INFO - Created Permission View: can read on DAG Run:dataset_with_extra_from_classic_operator
[2025-06-13T15:25:49.377-0400] {logging_mixin.py:190} INFO - [2025-06-13T15:25:49.377-0400] {dag.py:3239} INFO - Sync 3 DAGs
[2025-06-13T15:25:49.383-0400] {logging_mixin.py:190} INFO - [2025-06-13T15:25:49.383-0400] {dag.py:3262} INFO - Creating ORM DAG for dataset_with_extra_from_classic_operator
[2025-06-13T15:25:49.383-0400] {logging_mixin.py:190} INFO - [2025-06-13T15:25:49.383-0400] {dag.py:3262} INFO - Creating ORM DAG for dataset_with_extra_by_yield
[2025-06-13T15:25:49.383-0400] {logging_mixin.py:190} INFO - [2025-06-13T15:25:49.383-0400] {dag.py:3262} INFO - Creating ORM DAG for dataset_with_extra_by_context
[2025-06-13T15:25:49.387-0400] {logging_mixin.py:190} INFO - [2025-06-13T15:25:49.387-0400] {dag.py:4180} INFO - Setting next_dagrun for dataset_with_extra_by_context to 2025-06-12T00:00:00+00:00, run_after=2025-06-13T00:00:00+00:00
[2025-06-13T15:25:49.388-0400] {logging_mixin.py:190} INFO - [2025-06-13T15:25:49.387-0400] {dag.py:4180} INFO - Setting next_dagrun for dataset_with_extra_by_yield to 2025-06-12T00:00:00+00:00, run_after=2025-06-13T00:00:00+00:00
[2025-06-13T15:25:49.388-0400] {logging_mixin.py:190} INFO - [2025-06-13T15:25:49.388-0400] {dag.py:4180} INFO - Setting next_dagrun for dataset_with_extra_from_classic_operator to 2025-06-12T00:00:00+00:00, run_after=2025-06-13T00:00:00+00:00
[2025-06-13T15:25:49.863-0400] {processor.py:208} INFO - Processing /Users/pranavr/.pyenv/versions/3.11.6/lib/python3.11/site-packages/airflow/example_dags/example_outlet_event_extra.py took 715.766 seconds
[2025-06-13T15:31:10.110-0400] {processor.py:186} INFO - Started process (PID=19934) to work on /Users/pranavr/.pyenv/versions/3.11.6/lib/python3.11/site-packages/airflow/example_dags/example_outlet_event_extra.py
[2025-06-13T15:31:10.112-0400] {processor.py:914} INFO - Processing file /Users/pranavr/.pyenv/versions/3.11.6/lib/python3.11/site-packages/airflow/example_dags/example_outlet_event_extra.py for tasks to queue
[2025-06-13T15:31:10.113-0400] {logging_mixin.py:190} INFO - [2025-06-13T15:31:10.113-0400] {dagbag.py:588} INFO - Filling up the DagBag from /Users/pranavr/.pyenv/versions/3.11.6/lib/python3.11/site-packages/airflow/example_dags/example_outlet_event_extra.py
[2025-06-13T15:31:10.151-0400] {processor.py:925} INFO - DAG(s) 'dataset_with_extra_from_classic_operator', 'dataset_with_extra_by_context', 'dataset_with_extra_by_yield' retrieved from /Users/pranavr/.pyenv/versions/3.11.6/lib/python3.11/site-packages/airflow/example_dags/example_outlet_event_extra.py
[2025-06-13T15:31:10.262-0400] {logging_mixin.py:190} INFO - [2025-06-13T15:31:10.262-0400] {override.py:1930} INFO - Created Permission View: can read on DAG:dataset_with_extra_from_classic_operator
[2025-06-13T15:31:10.266-0400] {logging_mixin.py:190} INFO - [2025-06-13T15:31:10.266-0400] {override.py:1930} INFO - Created Permission View: can delete on DAG:dataset_with_extra_from_classic_operator
[2025-06-13T15:31:10.268-0400] {logging_mixin.py:190} INFO - [2025-06-13T15:31:10.268-0400] {override.py:1930} INFO - Created Permission View: can edit on DAG:dataset_with_extra_from_classic_operator
[2025-06-13T15:31:10.271-0400] {logging_mixin.py:190} INFO - [2025-06-13T15:31:10.271-0400] {override.py:1930} INFO - Created Permission View: can read on DAG Run:dataset_with_extra_from_classic_operator
[2025-06-13T15:31:10.273-0400] {logging_mixin.py:190} INFO - [2025-06-13T15:31:10.273-0400] {override.py:1930} INFO - Created Permission View: can delete on DAG Run:dataset_with_extra_from_classic_operator
[2025-06-13T15:31:10.276-0400] {logging_mixin.py:190} INFO - [2025-06-13T15:31:10.275-0400] {override.py:1930} INFO - Created Permission View: can create on DAG Run:dataset_with_extra_from_classic_operator
[2025-06-13T15:31:10.279-0400] {logging_mixin.py:190} INFO - [2025-06-13T15:31:10.279-0400] {override.py:1930} INFO - Created Permission View: menu access on DAG Run:dataset_with_extra_from_classic_operator
[2025-06-13T15:31:10.290-0400] {logging_mixin.py:190} INFO - [2025-06-13T15:31:10.290-0400] {override.py:1930} INFO - Created Permission View: can read on DAG:dataset_with_extra_by_context
[2025-06-13T15:31:10.293-0400] {logging_mixin.py:190} INFO - [2025-06-13T15:31:10.293-0400] {override.py:1930} INFO - Created Permission View: can delete on DAG:dataset_with_extra_by_context
[2025-06-13T15:31:10.295-0400] {logging_mixin.py:190} INFO - [2025-06-13T15:31:10.295-0400] {override.py:1930} INFO - Created Permission View: can edit on DAG:dataset_with_extra_by_context
[2025-06-13T15:31:10.298-0400] {logging_mixin.py:190} INFO - [2025-06-13T15:31:10.298-0400] {override.py:1930} INFO - Created Permission View: can read on DAG Run:dataset_with_extra_by_context
[2025-06-13T15:31:10.300-0400] {logging_mixin.py:190} INFO - [2025-06-13T15:31:10.300-0400] {override.py:1930} INFO - Created Permission View: can delete on DAG Run:dataset_with_extra_by_context
[2025-06-13T15:31:10.302-0400] {logging_mixin.py:190} INFO - [2025-06-13T15:31:10.302-0400] {override.py:1930} INFO - Created Permission View: can create on DAG Run:dataset_with_extra_by_context
[2025-06-13T15:31:10.304-0400] {logging_mixin.py:190} INFO - [2025-06-13T15:31:10.304-0400] {override.py:1930} INFO - Created Permission View: menu access on DAG Run:dataset_with_extra_by_context
[2025-06-13T15:31:10.309-0400] {logging_mixin.py:190} INFO - [2025-06-13T15:31:10.309-0400] {override.py:1930} INFO - Created Permission View: can read on DAG:dataset_with_extra_by_yield
[2025-06-13T15:31:10.311-0400] {logging_mixin.py:190} INFO - [2025-06-13T15:31:10.311-0400] {override.py:1930} INFO - Created Permission View: can delete on DAG:dataset_with_extra_by_yield
[2025-06-13T15:31:10.313-0400] {logging_mixin.py:190} INFO - [2025-06-13T15:31:10.313-0400] {override.py:1930} INFO - Created Permission View: can edit on DAG:dataset_with_extra_by_yield
[2025-06-13T15:31:10.316-0400] {logging_mixin.py:190} INFO - [2025-06-13T15:31:10.316-0400] {override.py:1930} INFO - Created Permission View: can read on DAG Run:dataset_with_extra_by_yield
[2025-06-13T15:31:10.318-0400] {logging_mixin.py:190} INFO - [2025-06-13T15:31:10.317-0400] {override.py:1930} INFO - Created Permission View: can delete on DAG Run:dataset_with_extra_by_yield
[2025-06-13T15:31:10.319-0400] {logging_mixin.py:190} INFO - [2025-06-13T15:31:10.319-0400] {override.py:1930} INFO - Created Permission View: can create on DAG Run:dataset_with_extra_by_yield
[2025-06-13T15:31:10.321-0400] {logging_mixin.py:190} INFO - [2025-06-13T15:31:10.321-0400] {override.py:1930} INFO - Created Permission View: menu access on DAG Run:dataset_with_extra_by_yield
[2025-06-13T15:31:10.322-0400] {logging_mixin.py:190} INFO - [2025-06-13T15:31:10.322-0400] {dag.py:3239} INFO - Sync 3 DAGs
[2025-06-13T15:31:10.327-0400] {logging_mixin.py:190} INFO - [2025-06-13T15:31:10.327-0400] {dag.py:3262} INFO - Creating ORM DAG for dataset_with_extra_by_context
[2025-06-13T15:31:10.327-0400] {logging_mixin.py:190} INFO - [2025-06-13T15:31:10.327-0400] {dag.py:3262} INFO - Creating ORM DAG for dataset_with_extra_from_classic_operator
[2025-06-13T15:31:10.327-0400] {logging_mixin.py:190} INFO - [2025-06-13T15:31:10.327-0400] {dag.py:3262} INFO - Creating ORM DAG for dataset_with_extra_by_yield
[2025-06-13T15:31:10.331-0400] {logging_mixin.py:190} INFO - [2025-06-13T15:31:10.331-0400] {dag.py:4180} INFO - Setting next_dagrun for dataset_with_extra_by_context to 2025-06-12T00:00:00+00:00, run_after=2025-06-13T00:00:00+00:00
[2025-06-13T15:31:10.332-0400] {logging_mixin.py:190} INFO - [2025-06-13T15:31:10.332-0400] {dag.py:4180} INFO - Setting next_dagrun for dataset_with_extra_by_yield to 2025-06-12T00:00:00+00:00, run_after=2025-06-13T00:00:00+00:00
[2025-06-13T15:31:10.332-0400] {logging_mixin.py:190} INFO - [2025-06-13T15:31:10.332-0400] {dag.py:4180} INFO - Setting next_dagrun for dataset_with_extra_from_classic_operator to 2025-06-12T00:00:00+00:00, run_after=2025-06-13T00:00:00+00:00
[2025-06-13T15:31:10.839-0400] {processor.py:208} INFO - Processing /Users/pranavr/.pyenv/versions/3.11.6/lib/python3.11/site-packages/airflow/example_dags/example_outlet_event_extra.py took 731.591 seconds
[2025-06-13T15:36:41.954-0400] {processor.py:186} INFO - Started process (PID=20591) to work on /Users/pranavr/.pyenv/versions/3.11.6/lib/python3.11/site-packages/airflow/example_dags/example_outlet_event_extra.py
[2025-06-13T15:36:41.956-0400] {processor.py:914} INFO - Processing file /Users/pranavr/.pyenv/versions/3.11.6/lib/python3.11/site-packages/airflow/example_dags/example_outlet_event_extra.py for tasks to queue
[2025-06-13T15:36:41.956-0400] {logging_mixin.py:190} INFO - [2025-06-13T15:36:41.956-0400] {dagbag.py:588} INFO - Filling up the DagBag from /Users/pranavr/.pyenv/versions/3.11.6/lib/python3.11/site-packages/airflow/example_dags/example_outlet_event_extra.py
[2025-06-13T15:36:41.994-0400] {processor.py:925} INFO - DAG(s) 'dataset_with_extra_from_classic_operator', 'dataset_with_extra_by_yield', 'dataset_with_extra_by_context' retrieved from /Users/pranavr/.pyenv/versions/3.11.6/lib/python3.11/site-packages/airflow/example_dags/example_outlet_event_extra.py
[2025-06-13T15:36:42.099-0400] {logging_mixin.py:190} INFO - [2025-06-13T15:36:42.098-0400] {override.py:1930} INFO - Created Permission View: can edit on DAG:dataset_with_extra_from_classic_operator
[2025-06-13T15:36:42.102-0400] {logging_mixin.py:190} INFO - [2025-06-13T15:36:42.102-0400] {override.py:1930} INFO - Created Permission View: can delete on DAG:dataset_with_extra_from_classic_operator
[2025-06-13T15:36:42.104-0400] {logging_mixin.py:190} INFO - [2025-06-13T15:36:42.104-0400] {override.py:1930} INFO - Created Permission View: can read on DAG:dataset_with_extra_from_classic_operator
[2025-06-13T15:36:42.107-0400] {logging_mixin.py:190} INFO - [2025-06-13T15:36:42.107-0400] {override.py:1930} INFO - Created Permission View: menu access on DAG Run:dataset_with_extra_from_classic_operator
[2025-06-13T15:36:42.109-0400] {logging_mixin.py:190} INFO - [2025-06-13T15:36:42.109-0400] {override.py:1930} INFO - Created Permission View: can delete on DAG Run:dataset_with_extra_from_classic_operator
[2025-06-13T15:36:42.111-0400] {logging_mixin.py:190} INFO - [2025-06-13T15:36:42.111-0400] {override.py:1930} INFO - Created Permission View: can read on DAG Run:dataset_with_extra_from_classic_operator
[2025-06-13T15:36:42.113-0400] {logging_mixin.py:190} INFO - [2025-06-13T15:36:42.113-0400] {override.py:1930} INFO - Created Permission View: can create on DAG Run:dataset_with_extra_from_classic_operator
[2025-06-13T15:36:42.119-0400] {logging_mixin.py:190} INFO - [2025-06-13T15:36:42.119-0400] {override.py:1930} INFO - Created Permission View: can edit on DAG:dataset_with_extra_by_yield
[2025-06-13T15:36:42.122-0400] {logging_mixin.py:190} INFO - [2025-06-13T15:36:42.122-0400] {override.py:1930} INFO - Created Permission View: can delete on DAG:dataset_with_extra_by_yield
[2025-06-13T15:36:42.125-0400] {logging_mixin.py:190} INFO - [2025-06-13T15:36:42.124-0400] {override.py:1930} INFO - Created Permission View: can read on DAG:dataset_with_extra_by_yield
[2025-06-13T15:36:42.128-0400] {logging_mixin.py:190} INFO - [2025-06-13T15:36:42.127-0400] {override.py:1930} INFO - Created Permission View: menu access on DAG Run:dataset_with_extra_by_yield
[2025-06-13T15:36:42.130-0400] {logging_mixin.py:190} INFO - [2025-06-13T15:36:42.130-0400] {override.py:1930} INFO - Created Permission View: can delete on DAG Run:dataset_with_extra_by_yield
[2025-06-13T15:36:42.133-0400] {logging_mixin.py:190} INFO - [2025-06-13T15:36:42.133-0400] {override.py:1930} INFO - Created Permission View: can read on DAG Run:dataset_with_extra_by_yield
[2025-06-13T15:36:42.136-0400] {logging_mixin.py:190} INFO - [2025-06-13T15:36:42.136-0400] {override.py:1930} INFO - Created Permission View: can create on DAG Run:dataset_with_extra_by_yield
[2025-06-13T15:36:42.141-0400] {logging_mixin.py:190} INFO - [2025-06-13T15:36:42.140-0400] {override.py:1930} INFO - Created Permission View: can edit on DAG:dataset_with_extra_by_context
[2025-06-13T15:36:42.143-0400] {logging_mixin.py:190} INFO - [2025-06-13T15:36:42.143-0400] {override.py:1930} INFO - Created Permission View: can delete on DAG:dataset_with_extra_by_context
[2025-06-13T15:36:42.145-0400] {logging_mixin.py:190} INFO - [2025-06-13T15:36:42.145-0400] {override.py:1930} INFO - Created Permission View: can read on DAG:dataset_with_extra_by_context
[2025-06-13T15:36:42.147-0400] {logging_mixin.py:190} INFO - [2025-06-13T15:36:42.147-0400] {override.py:1930} INFO - Created Permission View: menu access on DAG Run:dataset_with_extra_by_context
[2025-06-13T15:36:42.150-0400] {logging_mixin.py:190} INFO - [2025-06-13T15:36:42.149-0400] {override.py:1930} INFO - Created Permission View: can delete on DAG Run:dataset_with_extra_by_context
[2025-06-13T15:36:42.152-0400] {logging_mixin.py:190} INFO - [2025-06-13T15:36:42.152-0400] {override.py:1930} INFO - Created Permission View: can read on DAG Run:dataset_with_extra_by_context
[2025-06-13T15:36:42.154-0400] {logging_mixin.py:190} INFO - [2025-06-13T15:36:42.154-0400] {override.py:1930} INFO - Created Permission View: can create on DAG Run:dataset_with_extra_by_context
[2025-06-13T15:36:42.154-0400] {logging_mixin.py:190} INFO - [2025-06-13T15:36:42.154-0400] {dag.py:3239} INFO - Sync 3 DAGs
[2025-06-13T15:36:42.160-0400] {logging_mixin.py:190} INFO - [2025-06-13T15:36:42.160-0400] {dag.py:3262} INFO - Creating ORM DAG for dataset_with_extra_by_context
[2025-06-13T15:36:42.160-0400] {logging_mixin.py:190} INFO - [2025-06-13T15:36:42.160-0400] {dag.py:3262} INFO - Creating ORM DAG for dataset_with_extra_by_yield
[2025-06-13T15:36:42.160-0400] {logging_mixin.py:190} INFO - [2025-06-13T15:36:42.160-0400] {dag.py:3262} INFO - Creating ORM DAG for dataset_with_extra_from_classic_operator
[2025-06-13T15:36:42.164-0400] {logging_mixin.py:190} INFO - [2025-06-13T15:36:42.164-0400] {dag.py:4180} INFO - Setting next_dagrun for dataset_with_extra_by_context to 2025-06-12T00:00:00+00:00, run_after=2025-06-13T00:00:00+00:00
[2025-06-13T15:36:42.165-0400] {logging_mixin.py:190} INFO - [2025-06-13T15:36:42.165-0400] {dag.py:4180} INFO - Setting next_dagrun for dataset_with_extra_by_yield to 2025-06-12T00:00:00+00:00, run_after=2025-06-13T00:00:00+00:00
[2025-06-13T15:36:42.165-0400] {logging_mixin.py:190} INFO - [2025-06-13T15:36:42.165-0400] {dag.py:4180} INFO - Setting next_dagrun for dataset_with_extra_from_classic_operator to 2025-06-12T00:00:00+00:00, run_after=2025-06-13T00:00:00+00:00
[2025-06-13T15:36:42.440-0400] {processor.py:208} INFO - Processing /Users/pranavr/.pyenv/versions/3.11.6/lib/python3.11/site-packages/airflow/example_dags/example_outlet_event_extra.py took 487.498 seconds
[2025-06-13T15:38:39.091-0400] {processor.py:186} INFO - Started process (PID=20777) to work on /Users/pranavr/.pyenv/versions/3.11.6/lib/python3.11/site-packages/airflow/example_dags/example_outlet_event_extra.py
[2025-06-13T15:38:39.093-0400] {processor.py:914} INFO - Processing file /Users/pranavr/.pyenv/versions/3.11.6/lib/python3.11/site-packages/airflow/example_dags/example_outlet_event_extra.py for tasks to queue
[2025-06-13T15:38:39.093-0400] {logging_mixin.py:190} INFO - [2025-06-13T15:38:39.093-0400] {dagbag.py:588} INFO - Filling up the DagBag from /Users/pranavr/.pyenv/versions/3.11.6/lib/python3.11/site-packages/airflow/example_dags/example_outlet_event_extra.py
[2025-06-13T15:38:39.134-0400] {processor.py:925} INFO - DAG(s) 'dataset_with_extra_by_yield', 'dataset_with_extra_by_context', 'dataset_with_extra_from_classic_operator' retrieved from /Users/pranavr/.pyenv/versions/3.11.6/lib/python3.11/site-packages/airflow/example_dags/example_outlet_event_extra.py
[2025-06-13T15:38:39.210-0400] {logging_mixin.py:190} INFO - [2025-06-13T15:38:39.210-0400] {dag.py:3239} INFO - Sync 3 DAGs
[2025-06-13T15:38:39.218-0400] {logging_mixin.py:190} INFO - [2025-06-13T15:38:39.218-0400] {dag.py:4180} INFO - Setting next_dagrun for dataset_with_extra_by_context to 2025-06-12T00:00:00+00:00, run_after=2025-06-13T00:00:00+00:00
[2025-06-13T15:38:39.219-0400] {logging_mixin.py:190} INFO - [2025-06-13T15:38:39.219-0400] {dag.py:4180} INFO - Setting next_dagrun for dataset_with_extra_by_yield to 2025-06-12T00:00:00+00:00, run_after=2025-06-13T00:00:00+00:00
[2025-06-13T15:38:39.220-0400] {logging_mixin.py:190} INFO - [2025-06-13T15:38:39.220-0400] {dag.py:4180} INFO - Setting next_dagrun for dataset_with_extra_from_classic_operator to 2025-06-12T00:00:00+00:00, run_after=2025-06-13T00:00:00+00:00
[2025-06-13T15:38:39.230-0400] {processor.py:208} INFO - Processing /Users/pranavr/.pyenv/versions/3.11.6/lib/python3.11/site-packages/airflow/example_dags/example_outlet_event_extra.py took 140.381 seconds
[2025-06-13T15:41:31.344-0400] {processor.py:186} INFO - Started process (PID=21035) to work on /Users/pranavr/.pyenv/versions/3.11.6/lib/python3.11/site-packages/airflow/example_dags/example_outlet_event_extra.py
[2025-06-13T15:41:31.346-0400] {processor.py:914} INFO - Processing file /Users/pranavr/.pyenv/versions/3.11.6/lib/python3.11/site-packages/airflow/example_dags/example_outlet_event_extra.py for tasks to queue
[2025-06-13T15:41:31.347-0400] {logging_mixin.py:190} INFO - [2025-06-13T15:41:31.347-0400] {dagbag.py:588} INFO - Filling up the DagBag from /Users/pranavr/.pyenv/versions/3.11.6/lib/python3.11/site-packages/airflow/example_dags/example_outlet_event_extra.py
[2025-06-13T15:41:31.386-0400] {processor.py:925} INFO - DAG(s) 'dataset_with_extra_from_classic_operator', 'dataset_with_extra_by_yield', 'dataset_with_extra_by_context' retrieved from /Users/pranavr/.pyenv/versions/3.11.6/lib/python3.11/site-packages/airflow/example_dags/example_outlet_event_extra.py
[2025-06-13T15:41:31.457-0400] {logging_mixin.py:190} INFO - [2025-06-13T15:41:31.457-0400] {dag.py:3239} INFO - Sync 3 DAGs
[2025-06-13T15:41:31.465-0400] {logging_mixin.py:190} INFO - [2025-06-13T15:41:31.465-0400] {dag.py:4180} INFO - Setting next_dagrun for dataset_with_extra_by_context to 2025-06-12T00:00:00+00:00, run_after=2025-06-13T00:00:00+00:00
[2025-06-13T15:41:31.467-0400] {logging_mixin.py:190} INFO - [2025-06-13T15:41:31.467-0400] {dag.py:4180} INFO - Setting next_dagrun for dataset_with_extra_by_yield to 2025-06-12T00:00:00+00:00, run_after=2025-06-13T00:00:00+00:00
[2025-06-13T15:41:31.468-0400] {logging_mixin.py:190} INFO - [2025-06-13T15:41:31.468-0400] {dag.py:4180} INFO - Setting next_dagrun for dataset_with_extra_from_classic_operator to 2025-06-12T00:00:00+00:00, run_after=2025-06-13T00:00:00+00:00
[2025-06-13T15:41:31.476-0400] {processor.py:208} INFO - Processing /Users/pranavr/.pyenv/versions/3.11.6/lib/python3.11/site-packages/airflow/example_dags/example_outlet_event_extra.py took 133.382 seconds
[2025-06-13T15:44:13.306-0400] {processor.py:186} INFO - Started process (PID=21584) to work on /Users/pranavr/.pyenv/versions/3.11.6/lib/python3.11/site-packages/airflow/example_dags/example_outlet_event_extra.py
[2025-06-13T15:44:13.308-0400] {processor.py:914} INFO - Processing file /Users/pranavr/.pyenv/versions/3.11.6/lib/python3.11/site-packages/airflow/example_dags/example_outlet_event_extra.py for tasks to queue
[2025-06-13T15:44:13.308-0400] {logging_mixin.py:190} INFO - [2025-06-13T15:44:13.308-0400] {dagbag.py:588} INFO - Filling up the DagBag from /Users/pranavr/.pyenv/versions/3.11.6/lib/python3.11/site-packages/airflow/example_dags/example_outlet_event_extra.py
[2025-06-13T15:44:13.348-0400] {processor.py:925} INFO - DAG(s) 'dataset_with_extra_by_yield', 'dataset_with_extra_by_context', 'dataset_with_extra_from_classic_operator' retrieved from /Users/pranavr/.pyenv/versions/3.11.6/lib/python3.11/site-packages/airflow/example_dags/example_outlet_event_extra.py
[2025-06-13T15:44:13.449-0400] {logging_mixin.py:190} INFO - [2025-06-13T15:44:13.449-0400] {override.py:1930} INFO - Created Permission View: can edit on DAG:dataset_with_extra_by_yield
[2025-06-13T15:44:13.453-0400] {logging_mixin.py:190} INFO - [2025-06-13T15:44:13.453-0400] {override.py:1930} INFO - Created Permission View: can read on DAG:dataset_with_extra_by_yield
[2025-06-13T15:44:13.455-0400] {logging_mixin.py:190} INFO - [2025-06-13T15:44:13.455-0400] {override.py:1930} INFO - Created Permission View: can delete on DAG:dataset_with_extra_by_yield
[2025-06-13T15:44:13.457-0400] {logging_mixin.py:190} INFO - [2025-06-13T15:44:13.457-0400] {override.py:1930} INFO - Created Permission View: menu access on DAG Run:dataset_with_extra_by_yield
[2025-06-13T15:44:13.460-0400] {logging_mixin.py:190} INFO - [2025-06-13T15:44:13.460-0400] {override.py:1930} INFO - Created Permission View: can delete on DAG Run:dataset_with_extra_by_yield
[2025-06-13T15:44:13.462-0400] {logging_mixin.py:190} INFO - [2025-06-13T15:44:13.462-0400] {override.py:1930} INFO - Created Permission View: can read on DAG Run:dataset_with_extra_by_yield
[2025-06-13T15:44:13.465-0400] {logging_mixin.py:190} INFO - [2025-06-13T15:44:13.465-0400] {override.py:1930} INFO - Created Permission View: can create on DAG Run:dataset_with_extra_by_yield
[2025-06-13T15:44:13.470-0400] {logging_mixin.py:190} INFO - [2025-06-13T15:44:13.470-0400] {override.py:1930} INFO - Created Permission View: can edit on DAG:dataset_with_extra_by_context
[2025-06-13T15:44:13.472-0400] {logging_mixin.py:190} INFO - [2025-06-13T15:44:13.472-0400] {override.py:1930} INFO - Created Permission View: can read on DAG:dataset_with_extra_by_context
[2025-06-13T15:44:13.474-0400] {logging_mixin.py:190} INFO - [2025-06-13T15:44:13.474-0400] {override.py:1930} INFO - Created Permission View: can delete on DAG:dataset_with_extra_by_context
[2025-06-13T15:44:13.477-0400] {logging_mixin.py:190} INFO - [2025-06-13T15:44:13.477-0400] {override.py:1930} INFO - Created Permission View: menu access on DAG Run:dataset_with_extra_by_context
[2025-06-13T15:44:13.479-0400] {logging_mixin.py:190} INFO - [2025-06-13T15:44:13.479-0400] {override.py:1930} INFO - Created Permission View: can delete on DAG Run:dataset_with_extra_by_context
[2025-06-13T15:44:13.481-0400] {logging_mixin.py:190} INFO - [2025-06-13T15:44:13.480-0400] {override.py:1930} INFO - Created Permission View: can read on DAG Run:dataset_with_extra_by_context
[2025-06-13T15:44:13.483-0400] {logging_mixin.py:190} INFO - [2025-06-13T15:44:13.482-0400] {override.py:1930} INFO - Created Permission View: can create on DAG Run:dataset_with_extra_by_context
[2025-06-13T15:44:13.488-0400] {logging_mixin.py:190} INFO - [2025-06-13T15:44:13.488-0400] {override.py:1930} INFO - Created Permission View: can edit on DAG:dataset_with_extra_from_classic_operator
[2025-06-13T15:44:13.490-0400] {logging_mixin.py:190} INFO - [2025-06-13T15:44:13.490-0400] {override.py:1930} INFO - Created Permission View: can read on DAG:dataset_with_extra_from_classic_operator
[2025-06-13T15:44:13.492-0400] {logging_mixin.py:190} INFO - [2025-06-13T15:44:13.492-0400] {override.py:1930} INFO - Created Permission View: can delete on DAG:dataset_with_extra_from_classic_operator
[2025-06-13T15:44:13.494-0400] {logging_mixin.py:190} INFO - [2025-06-13T15:44:13.494-0400] {override.py:1930} INFO - Created Permission View: menu access on DAG Run:dataset_with_extra_from_classic_operator
[2025-06-13T15:44:13.496-0400] {logging_mixin.py:190} INFO - [2025-06-13T15:44:13.496-0400] {override.py:1930} INFO - Created Permission View: can delete on DAG Run:dataset_with_extra_from_classic_operator
[2025-06-13T15:44:13.498-0400] {logging_mixin.py:190} INFO - [2025-06-13T15:44:13.498-0400] {override.py:1930} INFO - Created Permission View: can read on DAG Run:dataset_with_extra_from_classic_operator
[2025-06-13T15:44:13.500-0400] {logging_mixin.py:190} INFO - [2025-06-13T15:44:13.499-0400] {override.py:1930} INFO - Created Permission View: can create on DAG Run:dataset_with_extra_from_classic_operator
[2025-06-13T15:44:13.500-0400] {logging_mixin.py:190} INFO - [2025-06-13T15:44:13.500-0400] {dag.py:3239} INFO - Sync 3 DAGs
[2025-06-13T15:44:13.505-0400] {logging_mixin.py:190} INFO - [2025-06-13T15:44:13.505-0400] {dag.py:3262} INFO - Creating ORM DAG for dataset_with_extra_by_yield
[2025-06-13T15:44:13.505-0400] {logging_mixin.py:190} INFO - [2025-06-13T15:44:13.505-0400] {dag.py:3262} INFO - Creating ORM DAG for dataset_with_extra_from_classic_operator
[2025-06-13T15:44:13.505-0400] {logging_mixin.py:190} INFO - [2025-06-13T15:44:13.505-0400] {dag.py:3262} INFO - Creating ORM DAG for dataset_with_extra_by_context
[2025-06-13T15:44:13.509-0400] {logging_mixin.py:190} INFO - [2025-06-13T15:44:13.509-0400] {dag.py:4180} INFO - Setting next_dagrun for dataset_with_extra_by_context to 2025-06-12T00:00:00+00:00, run_after=2025-06-13T00:00:00+00:00
[2025-06-13T15:44:13.510-0400] {logging_mixin.py:190} INFO - [2025-06-13T15:44:13.509-0400] {dag.py:4180} INFO - Setting next_dagrun for dataset_with_extra_by_yield to 2025-06-12T00:00:00+00:00, run_after=2025-06-13T00:00:00+00:00
[2025-06-13T15:44:13.510-0400] {logging_mixin.py:190} INFO - [2025-06-13T15:44:13.510-0400] {dag.py:4180} INFO - Setting next_dagrun for dataset_with_extra_from_classic_operator to 2025-06-12T00:00:00+00:00, run_after=2025-06-13T00:00:00+00:00
[2025-06-13T15:44:13.871-0400] {processor.py:208} INFO - Processing /Users/pranavr/.pyenv/versions/3.11.6/lib/python3.11/site-packages/airflow/example_dags/example_outlet_event_extra.py took 566.017 seconds
[2025-06-13T15:46:13.545-0400] {processor.py:186} INFO - Started process (PID=21980) to work on /Users/pranavr/.pyenv/versions/3.11.6/lib/python3.11/site-packages/airflow/example_dags/example_outlet_event_extra.py
[2025-06-13T15:46:13.547-0400] {processor.py:914} INFO - Processing file /Users/pranavr/.pyenv/versions/3.11.6/lib/python3.11/site-packages/airflow/example_dags/example_outlet_event_extra.py for tasks to queue
[2025-06-13T15:46:13.547-0400] {logging_mixin.py:190} INFO - [2025-06-13T15:46:13.547-0400] {dagbag.py:588} INFO - Filling up the DagBag from /Users/pranavr/.pyenv/versions/3.11.6/lib/python3.11/site-packages/airflow/example_dags/example_outlet_event_extra.py
[2025-06-13T15:46:13.586-0400] {processor.py:925} INFO - DAG(s) 'dataset_with_extra_by_yield', 'dataset_with_extra_from_classic_operator', 'dataset_with_extra_by_context' retrieved from /Users/pranavr/.pyenv/versions/3.11.6/lib/python3.11/site-packages/airflow/example_dags/example_outlet_event_extra.py
[2025-06-13T15:46:13.662-0400] {logging_mixin.py:190} INFO - [2025-06-13T15:46:13.662-0400] {dag.py:3239} INFO - Sync 3 DAGs
[2025-06-13T15:46:13.670-0400] {logging_mixin.py:190} INFO - [2025-06-13T15:46:13.670-0400] {dag.py:4180} INFO - Setting next_dagrun for dataset_with_extra_by_context to 2025-06-12T00:00:00+00:00, run_after=2025-06-13T00:00:00+00:00
[2025-06-13T15:46:13.672-0400] {logging_mixin.py:190} INFO - [2025-06-13T15:46:13.672-0400] {dag.py:4180} INFO - Setting next_dagrun for dataset_with_extra_by_yield to 2025-06-12T00:00:00+00:00, run_after=2025-06-13T00:00:00+00:00
[2025-06-13T15:46:13.672-0400] {logging_mixin.py:190} INFO - [2025-06-13T15:46:13.672-0400] {dag.py:4180} INFO - Setting next_dagrun for dataset_with_extra_from_classic_operator to 2025-06-12T00:00:00+00:00, run_after=2025-06-13T00:00:00+00:00
[2025-06-13T15:46:13.681-0400] {processor.py:208} INFO - Processing /Users/pranavr/.pyenv/versions/3.11.6/lib/python3.11/site-packages/airflow/example_dags/example_outlet_event_extra.py took 137.058 seconds
[2025-06-13T15:49:05.367-0400] {processor.py:186} INFO - Started process (PID=22209) to work on /Users/pranavr/.pyenv/versions/3.11.6/lib/python3.11/site-packages/airflow/example_dags/example_outlet_event_extra.py
[2025-06-13T15:49:05.370-0400] {processor.py:914} INFO - Processing file /Users/pranavr/.pyenv/versions/3.11.6/lib/python3.11/site-packages/airflow/example_dags/example_outlet_event_extra.py for tasks to queue
[2025-06-13T15:49:05.370-0400] {logging_mixin.py:190} INFO - [2025-06-13T15:49:05.370-0400] {dagbag.py:588} INFO - Filling up the DagBag from /Users/pranavr/.pyenv/versions/3.11.6/lib/python3.11/site-packages/airflow/example_dags/example_outlet_event_extra.py
[2025-06-13T15:49:05.417-0400] {processor.py:925} INFO - DAG(s) 'dataset_with_extra_from_classic_operator', 'dataset_with_extra_by_yield', 'dataset_with_extra_by_context' retrieved from /Users/pranavr/.pyenv/versions/3.11.6/lib/python3.11/site-packages/airflow/example_dags/example_outlet_event_extra.py
[2025-06-13T15:49:05.492-0400] {logging_mixin.py:190} INFO - [2025-06-13T15:49:05.492-0400] {dag.py:3239} INFO - Sync 3 DAGs
[2025-06-13T15:49:05.501-0400] {logging_mixin.py:190} INFO - [2025-06-13T15:49:05.501-0400] {dag.py:4180} INFO - Setting next_dagrun for dataset_with_extra_by_context to 2025-06-12T00:00:00+00:00, run_after=2025-06-13T00:00:00+00:00
[2025-06-13T15:49:05.503-0400] {logging_mixin.py:190} INFO - [2025-06-13T15:49:05.503-0400] {dag.py:4180} INFO - Setting next_dagrun for dataset_with_extra_by_yield to 2025-06-12T00:00:00+00:00, run_after=2025-06-13T00:00:00+00:00
[2025-06-13T15:49:05.504-0400] {logging_mixin.py:190} INFO - [2025-06-13T15:49:05.504-0400] {dag.py:4180} INFO - Setting next_dagrun for dataset_with_extra_from_classic_operator to 2025-06-12T00:00:00+00:00, run_after=2025-06-13T00:00:00+00:00
[2025-06-13T15:49:05.514-0400] {processor.py:208} INFO - Processing /Users/pranavr/.pyenv/versions/3.11.6/lib/python3.11/site-packages/airflow/example_dags/example_outlet_event_extra.py took 148.861 seconds
[2025-06-13T15:51:42.197-0400] {processor.py:186} INFO - Started process (PID=22578) to work on /Users/pranavr/.pyenv/versions/3.11.6/lib/python3.11/site-packages/airflow/example_dags/example_outlet_event_extra.py
[2025-06-13T15:51:42.199-0400] {processor.py:914} INFO - Processing file /Users/pranavr/.pyenv/versions/3.11.6/lib/python3.11/site-packages/airflow/example_dags/example_outlet_event_extra.py for tasks to queue
[2025-06-13T15:51:42.199-0400] {logging_mixin.py:190} INFO - [2025-06-13T15:51:42.199-0400] {dagbag.py:588} INFO - Filling up the DagBag from /Users/pranavr/.pyenv/versions/3.11.6/lib/python3.11/site-packages/airflow/example_dags/example_outlet_event_extra.py
[2025-06-13T15:51:42.235-0400] {processor.py:925} INFO - DAG(s) 'dataset_with_extra_from_classic_operator', 'dataset_with_extra_by_yield', 'dataset_with_extra_by_context' retrieved from /Users/pranavr/.pyenv/versions/3.11.6/lib/python3.11/site-packages/airflow/example_dags/example_outlet_event_extra.py
[2025-06-13T15:51:42.298-0400] {logging_mixin.py:190} INFO - [2025-06-13T15:51:42.297-0400] {dag.py:3239} INFO - Sync 3 DAGs
[2025-06-13T15:51:42.304-0400] {logging_mixin.py:190} INFO - [2025-06-13T15:51:42.304-0400] {dag.py:4180} INFO - Setting next_dagrun for dataset_with_extra_by_context to 2025-06-12T00:00:00+00:00, run_after=2025-06-13T00:00:00+00:00
[2025-06-13T15:51:42.306-0400] {logging_mixin.py:190} INFO - [2025-06-13T15:51:42.306-0400] {dag.py:4180} INFO - Setting next_dagrun for dataset_with_extra_by_yield to 2025-06-12T00:00:00+00:00, run_after=2025-06-13T00:00:00+00:00
[2025-06-13T15:51:42.307-0400] {logging_mixin.py:190} INFO - [2025-06-13T15:51:42.307-0400] {dag.py:4180} INFO - Setting next_dagrun for dataset_with_extra_from_classic_operator to 2025-06-12T00:00:00+00:00, run_after=2025-06-13T00:00:00+00:00
[2025-06-13T15:51:42.314-0400] {processor.py:208} INFO - Processing /Users/pranavr/.pyenv/versions/3.11.6/lib/python3.11/site-packages/airflow/example_dags/example_outlet_event_extra.py took 118.141 seconds
[2025-06-13T15:54:13.142-0400] {processor.py:186} INFO - Started process (PID=22837) to work on /Users/pranavr/.pyenv/versions/3.11.6/lib/python3.11/site-packages/airflow/example_dags/example_outlet_event_extra.py
[2025-06-13T15:54:13.143-0400] {processor.py:914} INFO - Processing file /Users/pranavr/.pyenv/versions/3.11.6/lib/python3.11/site-packages/airflow/example_dags/example_outlet_event_extra.py for tasks to queue
[2025-06-13T15:54:13.144-0400] {logging_mixin.py:190} INFO - [2025-06-13T15:54:13.144-0400] {dagbag.py:588} INFO - Filling up the DagBag from /Users/pranavr/.pyenv/versions/3.11.6/lib/python3.11/site-packages/airflow/example_dags/example_outlet_event_extra.py
[2025-06-13T15:54:13.175-0400] {processor.py:925} INFO - DAG(s) 'dataset_with_extra_by_context', 'dataset_with_extra_from_classic_operator', 'dataset_with_extra_by_yield' retrieved from /Users/pranavr/.pyenv/versions/3.11.6/lib/python3.11/site-packages/airflow/example_dags/example_outlet_event_extra.py
[2025-06-13T15:54:13.239-0400] {logging_mixin.py:190} INFO - [2025-06-13T15:54:13.239-0400] {dag.py:3239} INFO - Sync 3 DAGs
[2025-06-13T15:54:13.246-0400] {logging_mixin.py:190} INFO - [2025-06-13T15:54:13.246-0400] {dag.py:4180} INFO - Setting next_dagrun for dataset_with_extra_by_context to 2025-06-12T00:00:00+00:00, run_after=2025-06-13T00:00:00+00:00
[2025-06-13T15:54:13.248-0400] {logging_mixin.py:190} INFO - [2025-06-13T15:54:13.248-0400] {dag.py:4180} INFO - Setting next_dagrun for dataset_with_extra_by_yield to 2025-06-12T00:00:00+00:00, run_after=2025-06-13T00:00:00+00:00
[2025-06-13T15:54:13.249-0400] {logging_mixin.py:190} INFO - [2025-06-13T15:54:13.249-0400] {dag.py:4180} INFO - Setting next_dagrun for dataset_with_extra_from_classic_operator to 2025-06-12T00:00:00+00:00, run_after=2025-06-13T00:00:00+00:00
[2025-06-13T15:54:13.255-0400] {processor.py:208} INFO - Processing /Users/pranavr/.pyenv/versions/3.11.6/lib/python3.11/site-packages/airflow/example_dags/example_outlet_event_extra.py took 115.026 seconds
[2025-06-13T15:56:36.057-0400] {processor.py:186} INFO - Started process (PID=23032) to work on /Users/pranavr/.pyenv/versions/3.11.6/lib/python3.11/site-packages/airflow/example_dags/example_outlet_event_extra.py
[2025-06-13T15:56:36.059-0400] {processor.py:914} INFO - Processing file /Users/pranavr/.pyenv/versions/3.11.6/lib/python3.11/site-packages/airflow/example_dags/example_outlet_event_extra.py for tasks to queue
[2025-06-13T15:56:36.060-0400] {logging_mixin.py:190} INFO - [2025-06-13T15:56:36.060-0400] {dagbag.py:588} INFO - Filling up the DagBag from /Users/pranavr/.pyenv/versions/3.11.6/lib/python3.11/site-packages/airflow/example_dags/example_outlet_event_extra.py
[2025-06-13T15:56:36.092-0400] {processor.py:925} INFO - DAG(s) 'dataset_with_extra_from_classic_operator', 'dataset_with_extra_by_context', 'dataset_with_extra_by_yield' retrieved from /Users/pranavr/.pyenv/versions/3.11.6/lib/python3.11/site-packages/airflow/example_dags/example_outlet_event_extra.py
[2025-06-13T15:56:36.155-0400] {logging_mixin.py:190} INFO - [2025-06-13T15:56:36.155-0400] {dag.py:3239} INFO - Sync 3 DAGs
[2025-06-13T15:56:36.162-0400] {logging_mixin.py:190} INFO - [2025-06-13T15:56:36.162-0400] {dag.py:4180} INFO - Setting next_dagrun for dataset_with_extra_by_context to 2025-06-12T00:00:00+00:00, run_after=2025-06-13T00:00:00+00:00
[2025-06-13T15:56:36.164-0400] {logging_mixin.py:190} INFO - [2025-06-13T15:56:36.164-0400] {dag.py:4180} INFO - Setting next_dagrun for dataset_with_extra_by_yield to 2025-06-12T00:00:00+00:00, run_after=2025-06-13T00:00:00+00:00
[2025-06-13T15:56:36.165-0400] {logging_mixin.py:190} INFO - [2025-06-13T15:56:36.165-0400] {dag.py:4180} INFO - Setting next_dagrun for dataset_with_extra_from_classic_operator to 2025-06-12T00:00:00+00:00, run_after=2025-06-13T00:00:00+00:00
[2025-06-13T15:56:36.172-0400] {processor.py:208} INFO - Processing /Users/pranavr/.pyenv/versions/3.11.6/lib/python3.11/site-packages/airflow/example_dags/example_outlet_event_extra.py took 116.382 seconds
[2025-06-13T15:58:59.663-0400] {processor.py:186} INFO - Started process (PID=23345) to work on /Users/pranavr/.pyenv/versions/3.11.6/lib/python3.11/site-packages/airflow/example_dags/example_outlet_event_extra.py
[2025-06-13T15:58:59.665-0400] {processor.py:914} INFO - Processing file /Users/pranavr/.pyenv/versions/3.11.6/lib/python3.11/site-packages/airflow/example_dags/example_outlet_event_extra.py for tasks to queue
[2025-06-13T15:58:59.666-0400] {logging_mixin.py:190} INFO - [2025-06-13T15:58:59.666-0400] {dagbag.py:588} INFO - Filling up the DagBag from /Users/pranavr/.pyenv/versions/3.11.6/lib/python3.11/site-packages/airflow/example_dags/example_outlet_event_extra.py
[2025-06-13T15:58:59.702-0400] {processor.py:925} INFO - DAG(s) 'dataset_with_extra_by_context', 'dataset_with_extra_from_classic_operator', 'dataset_with_extra_by_yield' retrieved from /Users/pranavr/.pyenv/versions/3.11.6/lib/python3.11/site-packages/airflow/example_dags/example_outlet_event_extra.py
[2025-06-13T15:58:59.766-0400] {logging_mixin.py:190} INFO - [2025-06-13T15:58:59.766-0400] {dag.py:3239} INFO - Sync 3 DAGs
[2025-06-13T15:58:59.773-0400] {logging_mixin.py:190} INFO - [2025-06-13T15:58:59.773-0400] {dag.py:4180} INFO - Setting next_dagrun for dataset_with_extra_by_context to 2025-06-12T00:00:00+00:00, run_after=2025-06-13T00:00:00+00:00
[2025-06-13T15:58:59.775-0400] {logging_mixin.py:190} INFO - [2025-06-13T15:58:59.775-0400] {dag.py:4180} INFO - Setting next_dagrun for dataset_with_extra_by_yield to 2025-06-12T00:00:00+00:00, run_after=2025-06-13T00:00:00+00:00
[2025-06-13T15:58:59.776-0400] {logging_mixin.py:190} INFO - [2025-06-13T15:58:59.776-0400] {dag.py:4180} INFO - Setting next_dagrun for dataset_with_extra_from_classic_operator to 2025-06-12T00:00:00+00:00, run_after=2025-06-13T00:00:00+00:00
[2025-06-13T15:58:59.783-0400] {processor.py:208} INFO - Processing /Users/pranavr/.pyenv/versions/3.11.6/lib/python3.11/site-packages/airflow/example_dags/example_outlet_event_extra.py took 121.050 seconds
[2025-06-13T16:01:30.388-0400] {processor.py:186} INFO - Started process (PID=23722) to work on /Users/pranavr/.pyenv/versions/3.11.6/lib/python3.11/site-packages/airflow/example_dags/example_outlet_event_extra.py
[2025-06-13T16:01:30.391-0400] {processor.py:914} INFO - Processing file /Users/pranavr/.pyenv/versions/3.11.6/lib/python3.11/site-packages/airflow/example_dags/example_outlet_event_extra.py for tasks to queue
[2025-06-13T16:01:30.391-0400] {logging_mixin.py:190} INFO - [2025-06-13T16:01:30.391-0400] {dagbag.py:588} INFO - Filling up the DagBag from /Users/pranavr/.pyenv/versions/3.11.6/lib/python3.11/site-packages/airflow/example_dags/example_outlet_event_extra.py
[2025-06-13T16:01:30.423-0400] {processor.py:925} INFO - DAG(s) 'dataset_with_extra_by_context', 'dataset_with_extra_by_yield', 'dataset_with_extra_from_classic_operator' retrieved from /Users/pranavr/.pyenv/versions/3.11.6/lib/python3.11/site-packages/airflow/example_dags/example_outlet_event_extra.py
[2025-06-13T16:01:30.485-0400] {logging_mixin.py:190} INFO - [2025-06-13T16:01:30.485-0400] {dag.py:3239} INFO - Sync 3 DAGs
[2025-06-13T16:01:30.492-0400] {logging_mixin.py:190} INFO - [2025-06-13T16:01:30.492-0400] {dag.py:4180} INFO - Setting next_dagrun for dataset_with_extra_by_context to 2025-06-12T00:00:00+00:00, run_after=2025-06-13T00:00:00+00:00
[2025-06-13T16:01:30.493-0400] {logging_mixin.py:190} INFO - [2025-06-13T16:01:30.493-0400] {dag.py:4180} INFO - Setting next_dagrun for dataset_with_extra_by_yield to 2025-06-12T00:00:00+00:00, run_after=2025-06-13T00:00:00+00:00
[2025-06-13T16:01:30.494-0400] {logging_mixin.py:190} INFO - [2025-06-13T16:01:30.494-0400] {dag.py:4180} INFO - Setting next_dagrun for dataset_with_extra_from_classic_operator to 2025-06-12T00:00:00+00:00, run_after=2025-06-13T00:00:00+00:00
[2025-06-13T16:01:30.501-0400] {processor.py:208} INFO - Processing /Users/pranavr/.pyenv/versions/3.11.6/lib/python3.11/site-packages/airflow/example_dags/example_outlet_event_extra.py took 114.160 seconds
[2025-06-13T16:04:13.006-0400] {processor.py:186} INFO - Started process (PID=24142) to work on /Users/pranavr/.pyenv/versions/3.11.6/lib/python3.11/site-packages/airflow/example_dags/example_outlet_event_extra.py
[2025-06-13T16:04:13.008-0400] {processor.py:914} INFO - Processing file /Users/pranavr/.pyenv/versions/3.11.6/lib/python3.11/site-packages/airflow/example_dags/example_outlet_event_extra.py for tasks to queue
[2025-06-13T16:04:13.008-0400] {logging_mixin.py:190} INFO - [2025-06-13T16:04:13.008-0400] {dagbag.py:588} INFO - Filling up the DagBag from /Users/pranavr/.pyenv/versions/3.11.6/lib/python3.11/site-packages/airflow/example_dags/example_outlet_event_extra.py
[2025-06-13T16:04:13.049-0400] {processor.py:925} INFO - DAG(s) 'dataset_with_extra_from_classic_operator', 'dataset_with_extra_by_context', 'dataset_with_extra_by_yield' retrieved from /Users/pranavr/.pyenv/versions/3.11.6/lib/python3.11/site-packages/airflow/example_dags/example_outlet_event_extra.py
[2025-06-13T16:04:13.125-0400] {logging_mixin.py:190} INFO - [2025-06-13T16:04:13.125-0400] {dag.py:3239} INFO - Sync 3 DAGs
[2025-06-13T16:04:13.133-0400] {logging_mixin.py:190} INFO - [2025-06-13T16:04:13.132-0400] {dag.py:4180} INFO - Setting next_dagrun for dataset_with_extra_by_context to 2025-06-12T00:00:00+00:00, run_after=2025-06-13T00:00:00+00:00
[2025-06-13T16:04:13.135-0400] {logging_mixin.py:190} INFO - [2025-06-13T16:04:13.135-0400] {dag.py:4180} INFO - Setting next_dagrun for dataset_with_extra_by_yield to 2025-06-12T00:00:00+00:00, run_after=2025-06-13T00:00:00+00:00
[2025-06-13T16:04:13.136-0400] {logging_mixin.py:190} INFO - [2025-06-13T16:04:13.136-0400] {dag.py:4180} INFO - Setting next_dagrun for dataset_with_extra_from_classic_operator to 2025-06-12T00:00:00+00:00, run_after=2025-06-13T00:00:00+00:00
[2025-06-13T16:04:13.144-0400] {processor.py:208} INFO - Processing /Users/pranavr/.pyenv/versions/3.11.6/lib/python3.11/site-packages/airflow/example_dags/example_outlet_event_extra.py took 139.876 seconds
