[2025-06-13T14:10:20.403-0400] {processor.py:153} INFO - Started process (PID=96577) to work on /Users/pranavr/drift-retrainer/venv311/lib/python3.11/site-packages/airflow/example_dags/example_latest_only_with_trigger.py
[2025-06-13T14:10:20.411-0400] {processor.py:743} INFO - Processing file /Users/pranavr/drift-retrainer/venv311/lib/python3.11/site-packages/airflow/example_dags/example_latest_only_with_trigger.py for tasks to queue
[2025-06-13T14:10:20.412-0400] {logging_mixin.py:137} INFO - [2025-06-13T14:10:20.412-0400] {dagbag.py:538} INFO - Filling up the DagBag from /Users/pranavr/drift-retrainer/venv311/lib/python3.11/site-packages/airflow/example_dags/example_latest_only_with_trigger.py
[2025-06-13T14:10:20.433-0400] {processor.py:753} INFO - DAG(s) dict_keys(['latest_only_with_trigger']) retrieved from /Users/pranavr/drift-retrainer/venv311/lib/python3.11/site-packages/airflow/example_dags/example_latest_only_with_trigger.py
[2025-06-13T14:10:20.924-0400] {logging_mixin.py:137} INFO - [2025-06-13T14:10:20.924-0400] {manager.py:504} INFO - Created Permission View: can edit on DAG:latest_only_with_trigger
[2025-06-13T14:10:20.928-0400] {logging_mixin.py:137} INFO - [2025-06-13T14:10:20.928-0400] {manager.py:504} INFO - Created Permission View: can delete on DAG:latest_only_with_trigger
[2025-06-13T14:10:20.930-0400] {logging_mixin.py:137} INFO - [2025-06-13T14:10:20.930-0400] {manager.py:504} INFO - Created Permission View: can read on DAG:latest_only_with_trigger
[2025-06-13T14:10:20.930-0400] {logging_mixin.py:137} INFO - [2025-06-13T14:10:20.930-0400] {dag.py:2690} INFO - Sync 1 DAGs
[2025-06-13T14:10:20.936-0400] {logging_mixin.py:137} INFO - [2025-06-13T14:10:20.935-0400] {dag.py:2711} INFO - Creating ORM DAG for latest_only_with_trigger
[2025-06-13T14:10:20.939-0400] {logging_mixin.py:137} INFO - [2025-06-13T14:10:20.939-0400] {dag.py:3437} INFO - Setting next_dagrun for latest_only_with_trigger to 2025-06-13T14:10:20.939242+00:00, run_after=2025-06-13T18:10:20.939242+00:00
[2025-06-13T14:10:20.947-0400] {processor.py:175} INFO - Processing /Users/pranavr/drift-retrainer/venv311/lib/python3.11/site-packages/airflow/example_dags/example_latest_only_with_trigger.py took 0.544 seconds
[2025-06-13T14:11:48.936-0400] {processor.py:153} INFO - Started process (PID=97483) to work on /Users/pranavr/drift-retrainer/venv311/lib/python3.11/site-packages/airflow/example_dags/example_latest_only_with_trigger.py
[2025-06-13T14:11:48.938-0400] {processor.py:743} INFO - Processing file /Users/pranavr/drift-retrainer/venv311/lib/python3.11/site-packages/airflow/example_dags/example_latest_only_with_trigger.py for tasks to queue
[2025-06-13T14:11:48.938-0400] {logging_mixin.py:137} INFO - [2025-06-13T14:11:48.938-0400] {dagbag.py:538} INFO - Filling up the DagBag from /Users/pranavr/drift-retrainer/venv311/lib/python3.11/site-packages/airflow/example_dags/example_latest_only_with_trigger.py
[2025-06-13T14:11:48.953-0400] {processor.py:753} INFO - DAG(s) dict_keys(['latest_only_with_trigger']) retrieved from /Users/pranavr/drift-retrainer/venv311/lib/python3.11/site-packages/airflow/example_dags/example_latest_only_with_trigger.py
[2025-06-13T14:11:49.442-0400] {logging_mixin.py:137} INFO - [2025-06-13T14:11:49.442-0400] {dag.py:2690} INFO - Sync 1 DAGs
[2025-06-13T14:11:49.450-0400] {logging_mixin.py:137} INFO - [2025-06-13T14:11:49.450-0400] {dag.py:3437} INFO - Setting next_dagrun for latest_only_with_trigger to 2025-06-13T14:11:49.450105+00:00, run_after=2025-06-13T18:11:49.450105+00:00
[2025-06-13T14:11:49.459-0400] {processor.py:175} INFO - Processing /Users/pranavr/drift-retrainer/venv311/lib/python3.11/site-packages/airflow/example_dags/example_latest_only_with_trigger.py took 0.524 seconds
[2025-06-13T14:13:41.417-0400] {processor.py:153} INFO - Started process (PID=97940) to work on /Users/pranavr/drift-retrainer/venv311/lib/python3.11/site-packages/airflow/example_dags/example_latest_only_with_trigger.py
[2025-06-13T14:13:41.420-0400] {processor.py:743} INFO - Processing file /Users/pranavr/drift-retrainer/venv311/lib/python3.11/site-packages/airflow/example_dags/example_latest_only_with_trigger.py for tasks to queue
[2025-06-13T14:13:41.420-0400] {logging_mixin.py:137} INFO - [2025-06-13T14:13:41.420-0400] {dagbag.py:538} INFO - Filling up the DagBag from /Users/pranavr/drift-retrainer/venv311/lib/python3.11/site-packages/airflow/example_dags/example_latest_only_with_trigger.py
[2025-06-13T14:13:41.438-0400] {processor.py:753} INFO - DAG(s) dict_keys(['latest_only_with_trigger']) retrieved from /Users/pranavr/drift-retrainer/venv311/lib/python3.11/site-packages/airflow/example_dags/example_latest_only_with_trigger.py
[2025-06-13T14:13:41.958-0400] {logging_mixin.py:137} INFO - [2025-06-13T14:13:41.957-0400] {dag.py:2690} INFO - Sync 1 DAGs
[2025-06-13T14:13:41.965-0400] {logging_mixin.py:137} INFO - [2025-06-13T14:13:41.965-0400] {dag.py:3437} INFO - Setting next_dagrun for latest_only_with_trigger to 2025-06-13T14:13:41.965388+00:00, run_after=2025-06-13T18:13:41.965388+00:00
[2025-06-13T14:13:41.972-0400] {processor.py:175} INFO - Processing /Users/pranavr/drift-retrainer/venv311/lib/python3.11/site-packages/airflow/example_dags/example_latest_only_with_trigger.py took 0.556 seconds
[2025-06-13T14:15:33.878-0400] {processor.py:153} INFO - Started process (PID=2938) to work on /Users/pranavr/drift-retrainer/venv311/lib/python3.11/site-packages/airflow/example_dags/example_latest_only_with_trigger.py
[2025-06-13T14:15:33.881-0400] {processor.py:743} INFO - Processing file /Users/pranavr/drift-retrainer/venv311/lib/python3.11/site-packages/airflow/example_dags/example_latest_only_with_trigger.py for tasks to queue
[2025-06-13T14:15:33.881-0400] {logging_mixin.py:137} INFO - [2025-06-13T14:15:33.881-0400] {dagbag.py:538} INFO - Filling up the DagBag from /Users/pranavr/drift-retrainer/venv311/lib/python3.11/site-packages/airflow/example_dags/example_latest_only_with_trigger.py
[2025-06-13T14:15:33.921-0400] {processor.py:753} INFO - DAG(s) dict_keys(['latest_only_with_trigger']) retrieved from /Users/pranavr/drift-retrainer/venv311/lib/python3.11/site-packages/airflow/example_dags/example_latest_only_with_trigger.py
[2025-06-13T14:15:34.364-0400] {logging_mixin.py:137} INFO - [2025-06-13T14:15:34.363-0400] {dag.py:2690} INFO - Sync 1 DAGs
[2025-06-13T14:15:34.372-0400] {logging_mixin.py:137} INFO - [2025-06-13T14:15:34.372-0400] {dag.py:3437} INFO - Setting next_dagrun for latest_only_with_trigger to 2025-06-13T14:15:34.372365+00:00, run_after=2025-06-13T18:15:34.372365+00:00
[2025-06-13T14:15:34.380-0400] {processor.py:175} INFO - Processing /Users/pranavr/drift-retrainer/venv311/lib/python3.11/site-packages/airflow/example_dags/example_latest_only_with_trigger.py took 0.503 seconds
[2025-06-13T14:17:27.579-0400] {processor.py:153} INFO - Started process (PID=3994) to work on /Users/pranavr/drift-retrainer/venv311/lib/python3.11/site-packages/airflow/example_dags/example_latest_only_with_trigger.py
[2025-06-13T14:17:27.581-0400] {processor.py:743} INFO - Processing file /Users/pranavr/drift-retrainer/venv311/lib/python3.11/site-packages/airflow/example_dags/example_latest_only_with_trigger.py for tasks to queue
[2025-06-13T14:17:27.581-0400] {logging_mixin.py:137} INFO - [2025-06-13T14:17:27.581-0400] {dagbag.py:538} INFO - Filling up the DagBag from /Users/pranavr/drift-retrainer/venv311/lib/python3.11/site-packages/airflow/example_dags/example_latest_only_with_trigger.py
[2025-06-13T14:17:27.597-0400] {processor.py:753} INFO - DAG(s) dict_keys(['latest_only_with_trigger']) retrieved from /Users/pranavr/drift-retrainer/venv311/lib/python3.11/site-packages/airflow/example_dags/example_latest_only_with_trigger.py
[2025-06-13T14:17:28.079-0400] {logging_mixin.py:137} INFO - [2025-06-13T14:17:28.079-0400] {dag.py:2690} INFO - Sync 1 DAGs
[2025-06-13T14:17:28.089-0400] {logging_mixin.py:137} INFO - [2025-06-13T14:17:28.088-0400] {dag.py:3437} INFO - Setting next_dagrun for latest_only_with_trigger to 2025-06-13T14:17:28.088896+00:00, run_after=2025-06-13T18:17:28.088896+00:00
[2025-06-13T14:17:28.097-0400] {processor.py:175} INFO - Processing /Users/pranavr/drift-retrainer/venv311/lib/python3.11/site-packages/airflow/example_dags/example_latest_only_with_trigger.py took 0.518 seconds
[2025-06-13T14:19:28.997-0400] {processor.py:153} INFO - Started process (PID=6511) to work on /Users/pranavr/drift-retrainer/venv311/lib/python3.11/site-packages/airflow/example_dags/example_latest_only_with_trigger.py
[2025-06-13T14:19:29.000-0400] {processor.py:743} INFO - Processing file /Users/pranavr/drift-retrainer/venv311/lib/python3.11/site-packages/airflow/example_dags/example_latest_only_with_trigger.py for tasks to queue
[2025-06-13T14:19:29.000-0400] {logging_mixin.py:137} INFO - [2025-06-13T14:19:29.000-0400] {dagbag.py:538} INFO - Filling up the DagBag from /Users/pranavr/drift-retrainer/venv311/lib/python3.11/site-packages/airflow/example_dags/example_latest_only_with_trigger.py
[2025-06-13T14:19:29.015-0400] {processor.py:753} INFO - DAG(s) dict_keys(['latest_only_with_trigger']) retrieved from /Users/pranavr/drift-retrainer/venv311/lib/python3.11/site-packages/airflow/example_dags/example_latest_only_with_trigger.py
[2025-06-13T14:19:29.516-0400] {logging_mixin.py:137} INFO - [2025-06-13T14:19:29.516-0400] {dag.py:2690} INFO - Sync 1 DAGs
[2025-06-13T14:19:29.526-0400] {logging_mixin.py:137} INFO - [2025-06-13T14:19:29.526-0400] {dag.py:3437} INFO - Setting next_dagrun for latest_only_with_trigger to 2025-06-13T14:19:29.526790+00:00, run_after=2025-06-13T18:19:29.526790+00:00
[2025-06-13T14:19:29.536-0400] {processor.py:175} INFO - Processing /Users/pranavr/drift-retrainer/venv311/lib/python3.11/site-packages/airflow/example_dags/example_latest_only_with_trigger.py took 0.539 seconds
[2025-06-13T14:22:37.522-0400] {processor.py:186} INFO - Started process (PID=7651) to work on /Users/pranavr/.pyenv/versions/3.11.6/lib/python3.11/site-packages/airflow/example_dags/example_latest_only_with_trigger.py
[2025-06-13T14:22:37.525-0400] {processor.py:914} INFO - Processing file /Users/pranavr/.pyenv/versions/3.11.6/lib/python3.11/site-packages/airflow/example_dags/example_latest_only_with_trigger.py for tasks to queue
[2025-06-13T14:22:37.525-0400] {logging_mixin.py:190} INFO - [2025-06-13T14:22:37.525-0400] {dagbag.py:588} INFO - Filling up the DagBag from /Users/pranavr/.pyenv/versions/3.11.6/lib/python3.11/site-packages/airflow/example_dags/example_latest_only_with_trigger.py
[2025-06-13T14:22:37.529-0400] {processor.py:925} INFO - DAG(s) 'latest_only_with_trigger' retrieved from /Users/pranavr/.pyenv/versions/3.11.6/lib/python3.11/site-packages/airflow/example_dags/example_latest_only_with_trigger.py
[2025-06-13T14:22:37.742-0400] {logging_mixin.py:190} INFO - [2025-06-13T14:22:37.742-0400] {dag.py:3239} INFO - Sync 1 DAGs
[2025-06-13T14:22:37.762-0400] {logging_mixin.py:190} INFO - [2025-06-13T14:22:37.762-0400] {dag.py:4180} INFO - Setting next_dagrun for latest_only_with_trigger to 2025-06-13T12:00:00+00:00, run_after=2025-06-13T16:00:00+00:00
[2025-06-13T14:22:37.780-0400] {processor.py:208} INFO - Processing /Users/pranavr/.pyenv/versions/3.11.6/lib/python3.11/site-packages/airflow/example_dags/example_latest_only_with_trigger.py took 259.745 seconds
[2025-06-13T14:24:41.325-0400] {processor.py:186} INFO - Started process (PID=7930) to work on /Users/pranavr/.pyenv/versions/3.11.6/lib/python3.11/site-packages/airflow/example_dags/example_latest_only_with_trigger.py
[2025-06-13T14:24:41.328-0400] {processor.py:914} INFO - Processing file /Users/pranavr/.pyenv/versions/3.11.6/lib/python3.11/site-packages/airflow/example_dags/example_latest_only_with_trigger.py for tasks to queue
[2025-06-13T14:24:41.328-0400] {logging_mixin.py:190} INFO - [2025-06-13T14:24:41.328-0400] {dagbag.py:588} INFO - Filling up the DagBag from /Users/pranavr/.pyenv/versions/3.11.6/lib/python3.11/site-packages/airflow/example_dags/example_latest_only_with_trigger.py
[2025-06-13T14:24:41.333-0400] {processor.py:925} INFO - DAG(s) 'latest_only_with_trigger' retrieved from /Users/pranavr/.pyenv/versions/3.11.6/lib/python3.11/site-packages/airflow/example_dags/example_latest_only_with_trigger.py
[2025-06-13T14:24:41.417-0400] {logging_mixin.py:190} INFO - [2025-06-13T14:24:41.417-0400] {dag.py:3239} INFO - Sync 1 DAGs
[2025-06-13T14:24:41.425-0400] {logging_mixin.py:190} INFO - [2025-06-13T14:24:41.425-0400] {dag.py:4180} INFO - Setting next_dagrun for latest_only_with_trigger to 2025-06-13T12:00:00+00:00, run_after=2025-06-13T16:00:00+00:00
[2025-06-13T14:24:41.434-0400] {processor.py:208} INFO - Processing /Users/pranavr/.pyenv/versions/3.11.6/lib/python3.11/site-packages/airflow/example_dags/example_latest_only_with_trigger.py took 110.015 seconds
[2025-06-13T14:27:42.760-0400] {processor.py:186} INFO - Started process (PID=8688) to work on /Users/pranavr/.pyenv/versions/3.11.6/lib/python3.11/site-packages/airflow/example_dags/example_latest_only_with_trigger.py
[2025-06-13T14:27:42.763-0400] {processor.py:914} INFO - Processing file /Users/pranavr/.pyenv/versions/3.11.6/lib/python3.11/site-packages/airflow/example_dags/example_latest_only_with_trigger.py for tasks to queue
[2025-06-13T14:27:42.763-0400] {logging_mixin.py:190} INFO - [2025-06-13T14:27:42.763-0400] {dagbag.py:588} INFO - Filling up the DagBag from /Users/pranavr/.pyenv/versions/3.11.6/lib/python3.11/site-packages/airflow/example_dags/example_latest_only_with_trigger.py
[2025-06-13T14:27:42.769-0400] {processor.py:925} INFO - DAG(s) 'latest_only_with_trigger' retrieved from /Users/pranavr/.pyenv/versions/3.11.6/lib/python3.11/site-packages/airflow/example_dags/example_latest_only_with_trigger.py
[2025-06-13T14:27:42.856-0400] {logging_mixin.py:190} INFO - [2025-06-13T14:27:42.856-0400] {dag.py:3239} INFO - Sync 1 DAGs
[2025-06-13T14:27:42.864-0400] {logging_mixin.py:190} INFO - [2025-06-13T14:27:42.864-0400] {dag.py:4180} INFO - Setting next_dagrun for latest_only_with_trigger to 2025-06-13T12:00:00+00:00, run_after=2025-06-13T16:00:00+00:00
[2025-06-13T14:27:42.873-0400] {processor.py:208} INFO - Processing /Users/pranavr/.pyenv/versions/3.11.6/lib/python3.11/site-packages/airflow/example_dags/example_latest_only_with_trigger.py took 114.489 seconds
[2025-06-13T14:30:45.732-0400] {processor.py:186} INFO - Started process (PID=9169) to work on /Users/pranavr/.pyenv/versions/3.11.6/lib/python3.11/site-packages/airflow/example_dags/example_latest_only_with_trigger.py
[2025-06-13T14:30:45.734-0400] {processor.py:914} INFO - Processing file /Users/pranavr/.pyenv/versions/3.11.6/lib/python3.11/site-packages/airflow/example_dags/example_latest_only_with_trigger.py for tasks to queue
[2025-06-13T14:30:45.735-0400] {logging_mixin.py:190} INFO - [2025-06-13T14:30:45.735-0400] {dagbag.py:588} INFO - Filling up the DagBag from /Users/pranavr/.pyenv/versions/3.11.6/lib/python3.11/site-packages/airflow/example_dags/example_latest_only_with_trigger.py
[2025-06-13T14:30:45.746-0400] {processor.py:925} INFO - DAG(s) 'latest_only_with_trigger' retrieved from /Users/pranavr/.pyenv/versions/3.11.6/lib/python3.11/site-packages/airflow/example_dags/example_latest_only_with_trigger.py
[2025-06-13T14:30:45.831-0400] {logging_mixin.py:190} INFO - [2025-06-13T14:30:45.831-0400] {dag.py:3239} INFO - Sync 1 DAGs
[2025-06-13T14:30:45.839-0400] {logging_mixin.py:190} INFO - [2025-06-13T14:30:45.839-0400] {dag.py:4180} INFO - Setting next_dagrun for latest_only_with_trigger to 2025-06-13T12:00:00+00:00, run_after=2025-06-13T16:00:00+00:00
[2025-06-13T14:30:45.847-0400] {processor.py:208} INFO - Processing /Users/pranavr/.pyenv/versions/3.11.6/lib/python3.11/site-packages/airflow/example_dags/example_latest_only_with_trigger.py took 116.777 seconds
[2025-06-13T14:33:47.105-0400] {processor.py:186} INFO - Started process (PID=9644) to work on /Users/pranavr/.pyenv/versions/3.11.6/lib/python3.11/site-packages/airflow/example_dags/example_latest_only_with_trigger.py
[2025-06-13T14:33:47.108-0400] {processor.py:914} INFO - Processing file /Users/pranavr/.pyenv/versions/3.11.6/lib/python3.11/site-packages/airflow/example_dags/example_latest_only_with_trigger.py for tasks to queue
[2025-06-13T14:33:47.108-0400] {logging_mixin.py:190} INFO - [2025-06-13T14:33:47.108-0400] {dagbag.py:588} INFO - Filling up the DagBag from /Users/pranavr/.pyenv/versions/3.11.6/lib/python3.11/site-packages/airflow/example_dags/example_latest_only_with_trigger.py
[2025-06-13T14:33:47.117-0400] {processor.py:925} INFO - DAG(s) 'latest_only_with_trigger' retrieved from /Users/pranavr/.pyenv/versions/3.11.6/lib/python3.11/site-packages/airflow/example_dags/example_latest_only_with_trigger.py
[2025-06-13T14:33:47.209-0400] {logging_mixin.py:190} INFO - [2025-06-13T14:33:47.209-0400] {dag.py:3239} INFO - Sync 1 DAGs
[2025-06-13T14:33:47.217-0400] {logging_mixin.py:190} INFO - [2025-06-13T14:33:47.217-0400] {dag.py:4180} INFO - Setting next_dagrun for latest_only_with_trigger to 2025-06-13T12:00:00+00:00, run_after=2025-06-13T16:00:00+00:00
[2025-06-13T14:33:47.225-0400] {processor.py:208} INFO - Processing /Users/pranavr/.pyenv/versions/3.11.6/lib/python3.11/site-packages/airflow/example_dags/example_latest_only_with_trigger.py took 121.221 seconds
[2025-06-13T14:36:49.557-0400] {processor.py:186} INFO - Started process (PID=10991) to work on /Users/pranavr/.pyenv/versions/3.11.6/lib/python3.11/site-packages/airflow/example_dags/example_latest_only_with_trigger.py
[2025-06-13T14:36:49.559-0400] {processor.py:914} INFO - Processing file /Users/pranavr/.pyenv/versions/3.11.6/lib/python3.11/site-packages/airflow/example_dags/example_latest_only_with_trigger.py for tasks to queue
[2025-06-13T14:36:49.560-0400] {logging_mixin.py:190} INFO - [2025-06-13T14:36:49.560-0400] {dagbag.py:588} INFO - Filling up the DagBag from /Users/pranavr/.pyenv/versions/3.11.6/lib/python3.11/site-packages/airflow/example_dags/example_latest_only_with_trigger.py
[2025-06-13T14:36:49.566-0400] {processor.py:925} INFO - DAG(s) 'latest_only_with_trigger' retrieved from /Users/pranavr/.pyenv/versions/3.11.6/lib/python3.11/site-packages/airflow/example_dags/example_latest_only_with_trigger.py
[2025-06-13T14:36:49.656-0400] {logging_mixin.py:190} INFO - [2025-06-13T14:36:49.655-0400] {dag.py:3239} INFO - Sync 1 DAGs
[2025-06-13T14:36:49.663-0400] {logging_mixin.py:190} INFO - [2025-06-13T14:36:49.663-0400] {dag.py:4180} INFO - Setting next_dagrun for latest_only_with_trigger to 2025-06-13T12:00:00+00:00, run_after=2025-06-13T16:00:00+00:00
[2025-06-13T14:36:49.672-0400] {processor.py:208} INFO - Processing /Users/pranavr/.pyenv/versions/3.11.6/lib/python3.11/site-packages/airflow/example_dags/example_latest_only_with_trigger.py took 116.238 seconds
[2025-06-13T14:39:42.588-0400] {processor.py:186} INFO - Started process (PID=11435) to work on /Users/pranavr/.pyenv/versions/3.11.6/lib/python3.11/site-packages/airflow/example_dags/example_latest_only_with_trigger.py
[2025-06-13T14:39:42.591-0400] {processor.py:914} INFO - Processing file /Users/pranavr/.pyenv/versions/3.11.6/lib/python3.11/site-packages/airflow/example_dags/example_latest_only_with_trigger.py for tasks to queue
[2025-06-13T14:39:42.591-0400] {logging_mixin.py:190} INFO - [2025-06-13T14:39:42.591-0400] {dagbag.py:588} INFO - Filling up the DagBag from /Users/pranavr/.pyenv/versions/3.11.6/lib/python3.11/site-packages/airflow/example_dags/example_latest_only_with_trigger.py
[2025-06-13T14:39:42.595-0400] {processor.py:925} INFO - DAG(s) 'latest_only_with_trigger' retrieved from /Users/pranavr/.pyenv/versions/3.11.6/lib/python3.11/site-packages/airflow/example_dags/example_latest_only_with_trigger.py
[2025-06-13T14:39:42.667-0400] {logging_mixin.py:190} INFO - [2025-06-13T14:39:42.667-0400] {dag.py:3239} INFO - Sync 1 DAGs
[2025-06-13T14:39:42.674-0400] {logging_mixin.py:190} INFO - [2025-06-13T14:39:42.674-0400] {dag.py:4180} INFO - Setting next_dagrun for latest_only_with_trigger to 2025-06-13T12:00:00+00:00, run_after=2025-06-13T16:00:00+00:00
[2025-06-13T14:39:42.681-0400] {processor.py:208} INFO - Processing /Users/pranavr/.pyenv/versions/3.11.6/lib/python3.11/site-packages/airflow/example_dags/example_latest_only_with_trigger.py took 94.046 seconds
[2025-06-13T14:42:16.441-0400] {processor.py:186} INFO - Started process (PID=11822) to work on /Users/pranavr/.pyenv/versions/3.11.6/lib/python3.11/site-packages/airflow/example_dags/example_latest_only_with_trigger.py
[2025-06-13T14:42:16.443-0400] {processor.py:914} INFO - Processing file /Users/pranavr/.pyenv/versions/3.11.6/lib/python3.11/site-packages/airflow/example_dags/example_latest_only_with_trigger.py for tasks to queue
[2025-06-13T14:42:16.444-0400] {logging_mixin.py:190} INFO - [2025-06-13T14:42:16.444-0400] {dagbag.py:588} INFO - Filling up the DagBag from /Users/pranavr/.pyenv/versions/3.11.6/lib/python3.11/site-packages/airflow/example_dags/example_latest_only_with_trigger.py
[2025-06-13T14:42:16.447-0400] {processor.py:925} INFO - DAG(s) 'latest_only_with_trigger' retrieved from /Users/pranavr/.pyenv/versions/3.11.6/lib/python3.11/site-packages/airflow/example_dags/example_latest_only_with_trigger.py
[2025-06-13T14:42:16.510-0400] {logging_mixin.py:190} INFO - [2025-06-13T14:42:16.510-0400] {dag.py:3239} INFO - Sync 1 DAGs
[2025-06-13T14:42:16.516-0400] {logging_mixin.py:190} INFO - [2025-06-13T14:42:16.516-0400] {dag.py:4180} INFO - Setting next_dagrun for latest_only_with_trigger to 2025-06-13T12:00:00+00:00, run_after=2025-06-13T16:00:00+00:00
[2025-06-13T14:42:16.523-0400] {processor.py:208} INFO - Processing /Users/pranavr/.pyenv/versions/3.11.6/lib/python3.11/site-packages/airflow/example_dags/example_latest_only_with_trigger.py took 83.153 seconds
[2025-06-13T14:44:40.753-0400] {processor.py:186} INFO - Started process (PID=12067) to work on /Users/pranavr/.pyenv/versions/3.11.6/lib/python3.11/site-packages/airflow/example_dags/example_latest_only_with_trigger.py
[2025-06-13T14:44:40.754-0400] {processor.py:914} INFO - Processing file /Users/pranavr/.pyenv/versions/3.11.6/lib/python3.11/site-packages/airflow/example_dags/example_latest_only_with_trigger.py for tasks to queue
[2025-06-13T14:44:40.755-0400] {logging_mixin.py:190} INFO - [2025-06-13T14:44:40.755-0400] {dagbag.py:588} INFO - Filling up the DagBag from /Users/pranavr/.pyenv/versions/3.11.6/lib/python3.11/site-packages/airflow/example_dags/example_latest_only_with_trigger.py
[2025-06-13T14:44:40.758-0400] {processor.py:925} INFO - DAG(s) 'latest_only_with_trigger' retrieved from /Users/pranavr/.pyenv/versions/3.11.6/lib/python3.11/site-packages/airflow/example_dags/example_latest_only_with_trigger.py
[2025-06-13T14:44:40.821-0400] {logging_mixin.py:190} INFO - [2025-06-13T14:44:40.821-0400] {dag.py:3239} INFO - Sync 1 DAGs
[2025-06-13T14:44:40.827-0400] {logging_mixin.py:190} INFO - [2025-06-13T14:44:40.827-0400] {dag.py:4180} INFO - Setting next_dagrun for latest_only_with_trigger to 2025-06-13T12:00:00+00:00, run_after=2025-06-13T16:00:00+00:00
[2025-06-13T14:44:40.834-0400] {processor.py:208} INFO - Processing /Users/pranavr/.pyenv/versions/3.11.6/lib/python3.11/site-packages/airflow/example_dags/example_latest_only_with_trigger.py took 82.042 seconds
[2025-06-13T14:47:05.328-0400] {processor.py:186} INFO - Started process (PID=12376) to work on /Users/pranavr/.pyenv/versions/3.11.6/lib/python3.11/site-packages/airflow/example_dags/example_latest_only_with_trigger.py
[2025-06-13T14:47:05.329-0400] {processor.py:914} INFO - Processing file /Users/pranavr/.pyenv/versions/3.11.6/lib/python3.11/site-packages/airflow/example_dags/example_latest_only_with_trigger.py for tasks to queue
[2025-06-13T14:47:05.330-0400] {logging_mixin.py:190} INFO - [2025-06-13T14:47:05.330-0400] {dagbag.py:588} INFO - Filling up the DagBag from /Users/pranavr/.pyenv/versions/3.11.6/lib/python3.11/site-packages/airflow/example_dags/example_latest_only_with_trigger.py
[2025-06-13T14:47:05.333-0400] {processor.py:925} INFO - DAG(s) 'latest_only_with_trigger' retrieved from /Users/pranavr/.pyenv/versions/3.11.6/lib/python3.11/site-packages/airflow/example_dags/example_latest_only_with_trigger.py
[2025-06-13T14:47:05.395-0400] {logging_mixin.py:190} INFO - [2025-06-13T14:47:05.395-0400] {dag.py:3239} INFO - Sync 1 DAGs
[2025-06-13T14:47:05.401-0400] {logging_mixin.py:190} INFO - [2025-06-13T14:47:05.401-0400] {dag.py:4180} INFO - Setting next_dagrun for latest_only_with_trigger to 2025-06-13T12:00:00+00:00, run_after=2025-06-13T16:00:00+00:00
[2025-06-13T14:47:05.408-0400] {processor.py:208} INFO - Processing /Users/pranavr/.pyenv/versions/3.11.6/lib/python3.11/site-packages/airflow/example_dags/example_latest_only_with_trigger.py took 81.192 seconds
[2025-06-13T14:49:35.224-0400] {processor.py:186} INFO - Started process (PID=12605) to work on /Users/pranavr/.pyenv/versions/3.11.6/lib/python3.11/site-packages/airflow/example_dags/example_latest_only_with_trigger.py
[2025-06-13T14:49:35.225-0400] {processor.py:914} INFO - Processing file /Users/pranavr/.pyenv/versions/3.11.6/lib/python3.11/site-packages/airflow/example_dags/example_latest_only_with_trigger.py for tasks to queue
[2025-06-13T14:49:35.226-0400] {logging_mixin.py:190} INFO - [2025-06-13T14:49:35.226-0400] {dagbag.py:588} INFO - Filling up the DagBag from /Users/pranavr/.pyenv/versions/3.11.6/lib/python3.11/site-packages/airflow/example_dags/example_latest_only_with_trigger.py
[2025-06-13T14:49:35.229-0400] {processor.py:925} INFO - DAG(s) 'latest_only_with_trigger' retrieved from /Users/pranavr/.pyenv/versions/3.11.6/lib/python3.11/site-packages/airflow/example_dags/example_latest_only_with_trigger.py
[2025-06-13T14:49:35.297-0400] {logging_mixin.py:190} INFO - [2025-06-13T14:49:35.297-0400] {dag.py:3239} INFO - Sync 1 DAGs
[2025-06-13T14:49:35.303-0400] {logging_mixin.py:190} INFO - [2025-06-13T14:49:35.303-0400] {dag.py:4180} INFO - Setting next_dagrun for latest_only_with_trigger to 2025-06-13T12:00:00+00:00, run_after=2025-06-13T16:00:00+00:00
[2025-06-13T14:49:35.310-0400] {processor.py:208} INFO - Processing /Users/pranavr/.pyenv/versions/3.11.6/lib/python3.11/site-packages/airflow/example_dags/example_latest_only_with_trigger.py took 87.908 seconds
[2025-06-13T14:52:04.936-0400] {processor.py:186} INFO - Started process (PID=13966) to work on /Users/pranavr/.pyenv/versions/3.11.6/lib/python3.11/site-packages/airflow/example_dags/example_latest_only_with_trigger.py
[2025-06-13T14:52:04.939-0400] {processor.py:914} INFO - Processing file /Users/pranavr/.pyenv/versions/3.11.6/lib/python3.11/site-packages/airflow/example_dags/example_latest_only_with_trigger.py for tasks to queue
[2025-06-13T14:52:04.939-0400] {logging_mixin.py:190} INFO - [2025-06-13T14:52:04.939-0400] {dagbag.py:588} INFO - Filling up the DagBag from /Users/pranavr/.pyenv/versions/3.11.6/lib/python3.11/site-packages/airflow/example_dags/example_latest_only_with_trigger.py
[2025-06-13T14:52:04.943-0400] {processor.py:925} INFO - DAG(s) 'latest_only_with_trigger' retrieved from /Users/pranavr/.pyenv/versions/3.11.6/lib/python3.11/site-packages/airflow/example_dags/example_latest_only_with_trigger.py
[2025-06-13T14:52:05.006-0400] {logging_mixin.py:190} INFO - [2025-06-13T14:52:05.005-0400] {dag.py:3239} INFO - Sync 1 DAGs
[2025-06-13T14:52:05.013-0400] {logging_mixin.py:190} INFO - [2025-06-13T14:52:05.012-0400] {dag.py:4180} INFO - Setting next_dagrun for latest_only_with_trigger to 2025-06-13T12:00:00+00:00, run_after=2025-06-13T16:00:00+00:00
[2025-06-13T14:52:05.019-0400] {processor.py:208} INFO - Processing /Users/pranavr/.pyenv/versions/3.11.6/lib/python3.11/site-packages/airflow/example_dags/example_latest_only_with_trigger.py took 84.130 seconds
[2025-06-13T14:54:34.195-0400] {processor.py:186} INFO - Started process (PID=14192) to work on /Users/pranavr/.pyenv/versions/3.11.6/lib/python3.11/site-packages/airflow/example_dags/example_latest_only_with_trigger.py
[2025-06-13T14:54:34.198-0400] {processor.py:914} INFO - Processing file /Users/pranavr/.pyenv/versions/3.11.6/lib/python3.11/site-packages/airflow/example_dags/example_latest_only_with_trigger.py for tasks to queue
[2025-06-13T14:54:34.198-0400] {logging_mixin.py:190} INFO - [2025-06-13T14:54:34.198-0400] {dagbag.py:588} INFO - Filling up the DagBag from /Users/pranavr/.pyenv/versions/3.11.6/lib/python3.11/site-packages/airflow/example_dags/example_latest_only_with_trigger.py
[2025-06-13T14:54:34.202-0400] {processor.py:925} INFO - DAG(s) 'latest_only_with_trigger' retrieved from /Users/pranavr/.pyenv/versions/3.11.6/lib/python3.11/site-packages/airflow/example_dags/example_latest_only_with_trigger.py
[2025-06-13T14:54:34.264-0400] {logging_mixin.py:190} INFO - [2025-06-13T14:54:34.264-0400] {dag.py:3239} INFO - Sync 1 DAGs
[2025-06-13T14:54:34.270-0400] {logging_mixin.py:190} INFO - [2025-06-13T14:54:34.270-0400] {dag.py:4180} INFO - Setting next_dagrun for latest_only_with_trigger to 2025-06-13T12:00:00+00:00, run_after=2025-06-13T16:00:00+00:00
[2025-06-13T14:54:34.277-0400] {processor.py:208} INFO - Processing /Users/pranavr/.pyenv/versions/3.11.6/lib/python3.11/site-packages/airflow/example_dags/example_latest_only_with_trigger.py took 83.095 seconds
[2025-06-13T14:57:06.394-0400] {processor.py:186} INFO - Started process (PID=14435) to work on /Users/pranavr/.pyenv/versions/3.11.6/lib/python3.11/site-packages/airflow/example_dags/example_latest_only_with_trigger.py
[2025-06-13T14:57:06.396-0400] {processor.py:914} INFO - Processing file /Users/pranavr/.pyenv/versions/3.11.6/lib/python3.11/site-packages/airflow/example_dags/example_latest_only_with_trigger.py for tasks to queue
[2025-06-13T14:57:06.396-0400] {logging_mixin.py:190} INFO - [2025-06-13T14:57:06.396-0400] {dagbag.py:588} INFO - Filling up the DagBag from /Users/pranavr/.pyenv/versions/3.11.6/lib/python3.11/site-packages/airflow/example_dags/example_latest_only_with_trigger.py
[2025-06-13T14:57:06.399-0400] {processor.py:925} INFO - DAG(s) 'latest_only_with_trigger' retrieved from /Users/pranavr/.pyenv/versions/3.11.6/lib/python3.11/site-packages/airflow/example_dags/example_latest_only_with_trigger.py
[2025-06-13T14:57:06.461-0400] {logging_mixin.py:190} INFO - [2025-06-13T14:57:06.461-0400] {dag.py:3239} INFO - Sync 1 DAGs
[2025-06-13T14:57:06.467-0400] {logging_mixin.py:190} INFO - [2025-06-13T14:57:06.467-0400] {dag.py:4180} INFO - Setting next_dagrun for latest_only_with_trigger to 2025-06-13T12:00:00+00:00, run_after=2025-06-13T16:00:00+00:00
[2025-06-13T14:57:06.474-0400] {processor.py:208} INFO - Processing /Users/pranavr/.pyenv/versions/3.11.6/lib/python3.11/site-packages/airflow/example_dags/example_latest_only_with_trigger.py took 81.441 seconds
[2025-06-13T14:59:51.355-0400] {processor.py:186} INFO - Started process (PID=14806) to work on /Users/pranavr/.pyenv/versions/3.11.6/lib/python3.11/site-packages/airflow/example_dags/example_latest_only_with_trigger.py
[2025-06-13T14:59:51.357-0400] {processor.py:914} INFO - Processing file /Users/pranavr/.pyenv/versions/3.11.6/lib/python3.11/site-packages/airflow/example_dags/example_latest_only_with_trigger.py for tasks to queue
[2025-06-13T14:59:51.357-0400] {logging_mixin.py:190} INFO - [2025-06-13T14:59:51.357-0400] {dagbag.py:588} INFO - Filling up the DagBag from /Users/pranavr/.pyenv/versions/3.11.6/lib/python3.11/site-packages/airflow/example_dags/example_latest_only_with_trigger.py
[2025-06-13T14:59:51.363-0400] {processor.py:925} INFO - DAG(s) 'latest_only_with_trigger' retrieved from /Users/pranavr/.pyenv/versions/3.11.6/lib/python3.11/site-packages/airflow/example_dags/example_latest_only_with_trigger.py
[2025-06-13T14:59:51.440-0400] {logging_mixin.py:190} INFO - [2025-06-13T14:59:51.440-0400] {dag.py:3239} INFO - Sync 1 DAGs
[2025-06-13T14:59:51.448-0400] {logging_mixin.py:190} INFO - [2025-06-13T14:59:51.448-0400] {dag.py:4180} INFO - Setting next_dagrun for latest_only_with_trigger to 2025-06-13T12:00:00+00:00, run_after=2025-06-13T16:00:00+00:00
[2025-06-13T14:59:51.456-0400] {processor.py:208} INFO - Processing /Users/pranavr/.pyenv/versions/3.11.6/lib/python3.11/site-packages/airflow/example_dags/example_latest_only_with_trigger.py took 102.653 seconds
[2025-06-13T15:01:28.972-0400] {processor.py:186} INFO - Started process (PID=15141) to work on /Users/pranavr/.pyenv/versions/3.11.6/lib/python3.11/site-packages/airflow/example_dags/example_latest_only_with_trigger.py
[2025-06-13T15:01:28.974-0400] {processor.py:914} INFO - Processing file /Users/pranavr/.pyenv/versions/3.11.6/lib/python3.11/site-packages/airflow/example_dags/example_latest_only_with_trigger.py for tasks to queue
[2025-06-13T15:01:28.974-0400] {logging_mixin.py:190} INFO - [2025-06-13T15:01:28.974-0400] {dagbag.py:588} INFO - Filling up the DagBag from /Users/pranavr/.pyenv/versions/3.11.6/lib/python3.11/site-packages/airflow/example_dags/example_latest_only_with_trigger.py
[2025-06-13T15:01:28.978-0400] {processor.py:925} INFO - DAG(s) 'latest_only_with_trigger' retrieved from /Users/pranavr/.pyenv/versions/3.11.6/lib/python3.11/site-packages/airflow/example_dags/example_latest_only_with_trigger.py
[2025-06-13T15:01:29.053-0400] {logging_mixin.py:190} INFO - [2025-06-13T15:01:29.053-0400] {dag.py:3239} INFO - Sync 1 DAGs
[2025-06-13T15:01:29.060-0400] {logging_mixin.py:190} INFO - [2025-06-13T15:01:29.060-0400] {dag.py:4180} INFO - Setting next_dagrun for latest_only_with_trigger to 2025-06-13T12:00:00+00:00, run_after=2025-06-13T16:00:00+00:00
[2025-06-13T15:01:29.068-0400] {processor.py:208} INFO - Processing /Users/pranavr/.pyenv/versions/3.11.6/lib/python3.11/site-packages/airflow/example_dags/example_latest_only_with_trigger.py took 97.482 seconds
[2025-06-13T15:03:35.284-0400] {processor.py:186} INFO - Started process (PID=15701) to work on /Users/pranavr/.pyenv/versions/3.11.6/lib/python3.11/site-packages/airflow/example_dags/example_latest_only_with_trigger.py
[2025-06-13T15:03:35.287-0400] {processor.py:914} INFO - Processing file /Users/pranavr/.pyenv/versions/3.11.6/lib/python3.11/site-packages/airflow/example_dags/example_latest_only_with_trigger.py for tasks to queue
[2025-06-13T15:03:35.287-0400] {logging_mixin.py:190} INFO - [2025-06-13T15:03:35.287-0400] {dagbag.py:588} INFO - Filling up the DagBag from /Users/pranavr/.pyenv/versions/3.11.6/lib/python3.11/site-packages/airflow/example_dags/example_latest_only_with_trigger.py
[2025-06-13T15:03:35.294-0400] {processor.py:925} INFO - DAG(s) 'latest_only_with_trigger' retrieved from /Users/pranavr/.pyenv/versions/3.11.6/lib/python3.11/site-packages/airflow/example_dags/example_latest_only_with_trigger.py
[2025-06-13T15:03:35.371-0400] {logging_mixin.py:190} INFO - [2025-06-13T15:03:35.370-0400] {dag.py:3239} INFO - Sync 1 DAGs
[2025-06-13T15:03:35.377-0400] {logging_mixin.py:190} INFO - [2025-06-13T15:03:35.377-0400] {dag.py:4180} INFO - Setting next_dagrun for latest_only_with_trigger to 2025-06-13T12:00:00+00:00, run_after=2025-06-13T16:00:00+00:00
[2025-06-13T15:03:35.384-0400] {processor.py:208} INFO - Processing /Users/pranavr/.pyenv/versions/3.11.6/lib/python3.11/site-packages/airflow/example_dags/example_latest_only_with_trigger.py took 101.480 seconds
[2025-06-13T15:05:31.280-0400] {processor.py:186} INFO - Started process (PID=16125) to work on /Users/pranavr/.pyenv/versions/3.11.6/lib/python3.11/site-packages/airflow/example_dags/example_latest_only_with_trigger.py
[2025-06-13T15:05:31.282-0400] {processor.py:914} INFO - Processing file /Users/pranavr/.pyenv/versions/3.11.6/lib/python3.11/site-packages/airflow/example_dags/example_latest_only_with_trigger.py for tasks to queue
[2025-06-13T15:05:31.282-0400] {logging_mixin.py:190} INFO - [2025-06-13T15:05:31.282-0400] {dagbag.py:588} INFO - Filling up the DagBag from /Users/pranavr/.pyenv/versions/3.11.6/lib/python3.11/site-packages/airflow/example_dags/example_latest_only_with_trigger.py
[2025-06-13T15:05:31.287-0400] {processor.py:925} INFO - DAG(s) 'latest_only_with_trigger' retrieved from /Users/pranavr/.pyenv/versions/3.11.6/lib/python3.11/site-packages/airflow/example_dags/example_latest_only_with_trigger.py
[2025-06-13T15:05:31.361-0400] {logging_mixin.py:190} INFO - [2025-06-13T15:05:31.361-0400] {dag.py:3239} INFO - Sync 1 DAGs
[2025-06-13T15:05:31.368-0400] {logging_mixin.py:190} INFO - [2025-06-13T15:05:31.368-0400] {dag.py:4180} INFO - Setting next_dagrun for latest_only_with_trigger to 2025-06-13T12:00:00+00:00, run_after=2025-06-13T16:00:00+00:00
[2025-06-13T15:05:31.376-0400] {processor.py:208} INFO - Processing /Users/pranavr/.pyenv/versions/3.11.6/lib/python3.11/site-packages/airflow/example_dags/example_latest_only_with_trigger.py took 97.292 seconds
[2025-06-13T15:07:22.970-0400] {processor.py:186} INFO - Started process (PID=16409) to work on /Users/pranavr/.pyenv/versions/3.11.6/lib/python3.11/site-packages/airflow/example_dags/example_latest_only_with_trigger.py
[2025-06-13T15:07:22.972-0400] {processor.py:914} INFO - Processing file /Users/pranavr/.pyenv/versions/3.11.6/lib/python3.11/site-packages/airflow/example_dags/example_latest_only_with_trigger.py for tasks to queue
[2025-06-13T15:07:22.972-0400] {logging_mixin.py:190} INFO - [2025-06-13T15:07:22.972-0400] {dagbag.py:588} INFO - Filling up the DagBag from /Users/pranavr/.pyenv/versions/3.11.6/lib/python3.11/site-packages/airflow/example_dags/example_latest_only_with_trigger.py
[2025-06-13T15:07:22.977-0400] {processor.py:925} INFO - DAG(s) 'latest_only_with_trigger' retrieved from /Users/pranavr/.pyenv/versions/3.11.6/lib/python3.11/site-packages/airflow/example_dags/example_latest_only_with_trigger.py
[2025-06-13T15:07:23.050-0400] {logging_mixin.py:190} INFO - [2025-06-13T15:07:23.050-0400] {dag.py:3239} INFO - Sync 1 DAGs
[2025-06-13T15:07:23.057-0400] {logging_mixin.py:190} INFO - [2025-06-13T15:07:23.057-0400] {dag.py:4180} INFO - Setting next_dagrun for latest_only_with_trigger to 2025-06-13T12:00:00+00:00, run_after=2025-06-13T16:00:00+00:00
[2025-06-13T15:07:23.065-0400] {processor.py:208} INFO - Processing /Users/pranavr/.pyenv/versions/3.11.6/lib/python3.11/site-packages/airflow/example_dags/example_latest_only_with_trigger.py took 97.223 seconds
[2025-06-13T15:10:02.568-0400] {processor.py:186} INFO - Started process (PID=16731) to work on /Users/pranavr/.pyenv/versions/3.11.6/lib/python3.11/site-packages/airflow/example_dags/example_latest_only_with_trigger.py
[2025-06-13T15:10:02.570-0400] {processor.py:914} INFO - Processing file /Users/pranavr/.pyenv/versions/3.11.6/lib/python3.11/site-packages/airflow/example_dags/example_latest_only_with_trigger.py for tasks to queue
[2025-06-13T15:10:02.571-0400] {logging_mixin.py:190} INFO - [2025-06-13T15:10:02.571-0400] {dagbag.py:588} INFO - Filling up the DagBag from /Users/pranavr/.pyenv/versions/3.11.6/lib/python3.11/site-packages/airflow/example_dags/example_latest_only_with_trigger.py
[2025-06-13T15:10:02.575-0400] {processor.py:925} INFO - DAG(s) 'latest_only_with_trigger' retrieved from /Users/pranavr/.pyenv/versions/3.11.6/lib/python3.11/site-packages/airflow/example_dags/example_latest_only_with_trigger.py
[2025-06-13T15:10:02.651-0400] {logging_mixin.py:190} INFO - [2025-06-13T15:10:02.651-0400] {dag.py:3239} INFO - Sync 1 DAGs
[2025-06-13T15:10:02.657-0400] {logging_mixin.py:190} INFO - [2025-06-13T15:10:02.657-0400] {dag.py:4180} INFO - Setting next_dagrun for latest_only_with_trigger to 2025-06-13T12:00:00+00:00, run_after=2025-06-13T16:00:00+00:00
[2025-06-13T15:10:02.665-0400] {processor.py:208} INFO - Processing /Users/pranavr/.pyenv/versions/3.11.6/lib/python3.11/site-packages/airflow/example_dags/example_latest_only_with_trigger.py took 98.735 seconds
[2025-06-13T15:12:53.532-0400] {processor.py:186} INFO - Started process (PID=16967) to work on /Users/pranavr/.pyenv/versions/3.11.6/lib/python3.11/site-packages/airflow/example_dags/example_latest_only_with_trigger.py
[2025-06-13T15:12:53.534-0400] {processor.py:914} INFO - Processing file /Users/pranavr/.pyenv/versions/3.11.6/lib/python3.11/site-packages/airflow/example_dags/example_latest_only_with_trigger.py for tasks to queue
[2025-06-13T15:12:53.534-0400] {logging_mixin.py:190} INFO - [2025-06-13T15:12:53.534-0400] {dagbag.py:588} INFO - Filling up the DagBag from /Users/pranavr/.pyenv/versions/3.11.6/lib/python3.11/site-packages/airflow/example_dags/example_latest_only_with_trigger.py
[2025-06-13T15:12:53.539-0400] {processor.py:925} INFO - DAG(s) 'latest_only_with_trigger' retrieved from /Users/pranavr/.pyenv/versions/3.11.6/lib/python3.11/site-packages/airflow/example_dags/example_latest_only_with_trigger.py
[2025-06-13T15:12:53.613-0400] {logging_mixin.py:190} INFO - [2025-06-13T15:12:53.613-0400] {dag.py:3239} INFO - Sync 1 DAGs
[2025-06-13T15:12:53.620-0400] {logging_mixin.py:190} INFO - [2025-06-13T15:12:53.620-0400] {dag.py:4180} INFO - Setting next_dagrun for latest_only_with_trigger to 2025-06-13T12:00:00+00:00, run_after=2025-06-13T16:00:00+00:00
[2025-06-13T15:12:53.627-0400] {processor.py:208} INFO - Processing /Users/pranavr/.pyenv/versions/3.11.6/lib/python3.11/site-packages/airflow/example_dags/example_latest_only_with_trigger.py took 96.951 seconds
[2025-06-13T15:19:43.291-0400] {processor.py:186} INFO - Started process (PID=17829) to work on /Users/pranavr/.pyenv/versions/3.11.6/lib/python3.11/site-packages/airflow/example_dags/example_latest_only_with_trigger.py
[2025-06-13T15:19:43.293-0400] {processor.py:914} INFO - Processing file /Users/pranavr/.pyenv/versions/3.11.6/lib/python3.11/site-packages/airflow/example_dags/example_latest_only_with_trigger.py for tasks to queue
[2025-06-13T15:19:43.294-0400] {logging_mixin.py:190} INFO - [2025-06-13T15:19:43.294-0400] {dagbag.py:588} INFO - Filling up the DagBag from /Users/pranavr/.pyenv/versions/3.11.6/lib/python3.11/site-packages/airflow/example_dags/example_latest_only_with_trigger.py
[2025-06-13T15:19:43.298-0400] {processor.py:925} INFO - DAG(s) 'latest_only_with_trigger' retrieved from /Users/pranavr/.pyenv/versions/3.11.6/lib/python3.11/site-packages/airflow/example_dags/example_latest_only_with_trigger.py
[2025-06-13T15:19:43.374-0400] {logging_mixin.py:190} INFO - [2025-06-13T15:19:43.374-0400] {dag.py:3239} INFO - Sync 1 DAGs
[2025-06-13T15:19:43.381-0400] {logging_mixin.py:190} INFO - [2025-06-13T15:19:43.381-0400] {dag.py:4180} INFO - Setting next_dagrun for latest_only_with_trigger to 2025-06-13T12:00:00+00:00, run_after=2025-06-13T16:00:00+00:00
[2025-06-13T15:19:43.390-0400] {processor.py:208} INFO - Processing /Users/pranavr/.pyenv/versions/3.11.6/lib/python3.11/site-packages/airflow/example_dags/example_latest_only_with_trigger.py took 100.261 seconds
[2025-06-13T15:25:55.739-0400] {processor.py:186} INFO - Started process (PID=18978) to work on /Users/pranavr/.pyenv/versions/3.11.6/lib/python3.11/site-packages/airflow/example_dags/example_latest_only_with_trigger.py
[2025-06-13T15:25:55.742-0400] {processor.py:914} INFO - Processing file /Users/pranavr/.pyenv/versions/3.11.6/lib/python3.11/site-packages/airflow/example_dags/example_latest_only_with_trigger.py for tasks to queue
[2025-06-13T15:25:55.743-0400] {logging_mixin.py:190} INFO - [2025-06-13T15:25:55.743-0400] {dagbag.py:588} INFO - Filling up the DagBag from /Users/pranavr/.pyenv/versions/3.11.6/lib/python3.11/site-packages/airflow/example_dags/example_latest_only_with_trigger.py
[2025-06-13T15:25:55.749-0400] {processor.py:925} INFO - DAG(s) 'latest_only_with_trigger' retrieved from /Users/pranavr/.pyenv/versions/3.11.6/lib/python3.11/site-packages/airflow/example_dags/example_latest_only_with_trigger.py
[2025-06-13T15:25:55.885-0400] {logging_mixin.py:190} INFO - [2025-06-13T15:25:55.885-0400] {override.py:1930} INFO - Created Permission View: can edit on DAG:latest_only_with_trigger
[2025-06-13T15:25:55.890-0400] {logging_mixin.py:190} INFO - [2025-06-13T15:25:55.889-0400] {override.py:1930} INFO - Created Permission View: can delete on DAG:latest_only_with_trigger
[2025-06-13T15:25:55.892-0400] {logging_mixin.py:190} INFO - [2025-06-13T15:25:55.892-0400] {override.py:1930} INFO - Created Permission View: can read on DAG:latest_only_with_trigger
[2025-06-13T15:25:55.895-0400] {logging_mixin.py:190} INFO - [2025-06-13T15:25:55.895-0400] {override.py:1930} INFO - Created Permission View: can create on DAG Run:latest_only_with_trigger
[2025-06-13T15:25:55.897-0400] {logging_mixin.py:190} INFO - [2025-06-13T15:25:55.897-0400] {override.py:1930} INFO - Created Permission View: can delete on DAG Run:latest_only_with_trigger
[2025-06-13T15:25:55.899-0400] {logging_mixin.py:190} INFO - [2025-06-13T15:25:55.898-0400] {override.py:1930} INFO - Created Permission View: can read on DAG Run:latest_only_with_trigger
[2025-06-13T15:25:55.900-0400] {logging_mixin.py:190} INFO - [2025-06-13T15:25:55.900-0400] {override.py:1930} INFO - Created Permission View: menu access on DAG Run:latest_only_with_trigger
[2025-06-13T15:25:55.901-0400] {logging_mixin.py:190} INFO - [2025-06-13T15:25:55.901-0400] {dag.py:3239} INFO - Sync 1 DAGs
[2025-06-13T15:25:55.905-0400] {logging_mixin.py:190} INFO - [2025-06-13T15:25:55.905-0400] {dag.py:3262} INFO - Creating ORM DAG for latest_only_with_trigger
[2025-06-13T15:25:55.908-0400] {logging_mixin.py:190} INFO - [2025-06-13T15:25:55.908-0400] {dag.py:4180} INFO - Setting next_dagrun for latest_only_with_trigger to 2025-06-13T12:00:00+00:00, run_after=2025-06-13T16:00:00+00:00
[2025-06-13T15:25:55.920-0400] {processor.py:208} INFO - Processing /Users/pranavr/.pyenv/versions/3.11.6/lib/python3.11/site-packages/airflow/example_dags/example_latest_only_with_trigger.py took 182.222 seconds
[2025-06-13T15:31:16.371-0400] {processor.py:186} INFO - Started process (PID=19940) to work on /Users/pranavr/.pyenv/versions/3.11.6/lib/python3.11/site-packages/airflow/example_dags/example_latest_only_with_trigger.py
[2025-06-13T15:31:16.373-0400] {processor.py:914} INFO - Processing file /Users/pranavr/.pyenv/versions/3.11.6/lib/python3.11/site-packages/airflow/example_dags/example_latest_only_with_trigger.py for tasks to queue
[2025-06-13T15:31:16.374-0400] {logging_mixin.py:190} INFO - [2025-06-13T15:31:16.374-0400] {dagbag.py:588} INFO - Filling up the DagBag from /Users/pranavr/.pyenv/versions/3.11.6/lib/python3.11/site-packages/airflow/example_dags/example_latest_only_with_trigger.py
[2025-06-13T15:31:16.379-0400] {processor.py:925} INFO - DAG(s) 'latest_only_with_trigger' retrieved from /Users/pranavr/.pyenv/versions/3.11.6/lib/python3.11/site-packages/airflow/example_dags/example_latest_only_with_trigger.py
[2025-06-13T15:31:16.512-0400] {logging_mixin.py:190} INFO - [2025-06-13T15:31:16.511-0400] {override.py:1930} INFO - Created Permission View: can read on DAG:latest_only_with_trigger
[2025-06-13T15:31:16.517-0400] {logging_mixin.py:190} INFO - [2025-06-13T15:31:16.517-0400] {override.py:1930} INFO - Created Permission View: can edit on DAG:latest_only_with_trigger
[2025-06-13T15:31:16.519-0400] {logging_mixin.py:190} INFO - [2025-06-13T15:31:16.519-0400] {override.py:1930} INFO - Created Permission View: can delete on DAG:latest_only_with_trigger
[2025-06-13T15:31:16.522-0400] {logging_mixin.py:190} INFO - [2025-06-13T15:31:16.522-0400] {override.py:1930} INFO - Created Permission View: can read on DAG Run:latest_only_with_trigger
[2025-06-13T15:31:16.525-0400] {logging_mixin.py:190} INFO - [2025-06-13T15:31:16.525-0400] {override.py:1930} INFO - Created Permission View: can create on DAG Run:latest_only_with_trigger
[2025-06-13T15:31:16.527-0400] {logging_mixin.py:190} INFO - [2025-06-13T15:31:16.527-0400] {override.py:1930} INFO - Created Permission View: menu access on DAG Run:latest_only_with_trigger
[2025-06-13T15:31:16.530-0400] {logging_mixin.py:190} INFO - [2025-06-13T15:31:16.530-0400] {override.py:1930} INFO - Created Permission View: can delete on DAG Run:latest_only_with_trigger
[2025-06-13T15:31:16.530-0400] {logging_mixin.py:190} INFO - [2025-06-13T15:31:16.530-0400] {dag.py:3239} INFO - Sync 1 DAGs
[2025-06-13T15:31:16.535-0400] {logging_mixin.py:190} INFO - [2025-06-13T15:31:16.535-0400] {dag.py:3262} INFO - Creating ORM DAG for latest_only_with_trigger
[2025-06-13T15:31:16.539-0400] {logging_mixin.py:190} INFO - [2025-06-13T15:31:16.539-0400] {dag.py:4180} INFO - Setting next_dagrun for latest_only_with_trigger to 2025-06-13T12:00:00+00:00, run_after=2025-06-13T16:00:00+00:00
[2025-06-13T15:31:16.548-0400] {processor.py:208} INFO - Processing /Users/pranavr/.pyenv/versions/3.11.6/lib/python3.11/site-packages/airflow/example_dags/example_latest_only_with_trigger.py took 177.798 seconds
[2025-06-13T15:36:48.441-0400] {processor.py:186} INFO - Started process (PID=20606) to work on /Users/pranavr/.pyenv/versions/3.11.6/lib/python3.11/site-packages/airflow/example_dags/example_latest_only_with_trigger.py
[2025-06-13T15:36:48.444-0400] {processor.py:914} INFO - Processing file /Users/pranavr/.pyenv/versions/3.11.6/lib/python3.11/site-packages/airflow/example_dags/example_latest_only_with_trigger.py for tasks to queue
[2025-06-13T15:36:48.444-0400] {logging_mixin.py:190} INFO - [2025-06-13T15:36:48.444-0400] {dagbag.py:588} INFO - Filling up the DagBag from /Users/pranavr/.pyenv/versions/3.11.6/lib/python3.11/site-packages/airflow/example_dags/example_latest_only_with_trigger.py
[2025-06-13T15:36:48.450-0400] {processor.py:925} INFO - DAG(s) 'latest_only_with_trigger' retrieved from /Users/pranavr/.pyenv/versions/3.11.6/lib/python3.11/site-packages/airflow/example_dags/example_latest_only_with_trigger.py
[2025-06-13T15:36:48.568-0400] {logging_mixin.py:190} INFO - [2025-06-13T15:36:48.568-0400] {override.py:1930} INFO - Created Permission View: can read on DAG:latest_only_with_trigger
[2025-06-13T15:36:48.573-0400] {logging_mixin.py:190} INFO - [2025-06-13T15:36:48.573-0400] {override.py:1930} INFO - Created Permission View: can delete on DAG:latest_only_with_trigger
[2025-06-13T15:36:48.575-0400] {logging_mixin.py:190} INFO - [2025-06-13T15:36:48.575-0400] {override.py:1930} INFO - Created Permission View: can edit on DAG:latest_only_with_trigger
[2025-06-13T15:36:48.580-0400] {logging_mixin.py:190} INFO - [2025-06-13T15:36:48.580-0400] {override.py:1930} INFO - Created Permission View: can read on DAG Run:latest_only_with_trigger
[2025-06-13T15:36:48.584-0400] {logging_mixin.py:190} INFO - [2025-06-13T15:36:48.583-0400] {override.py:1930} INFO - Created Permission View: can delete on DAG Run:latest_only_with_trigger
[2025-06-13T15:36:48.588-0400] {logging_mixin.py:190} INFO - [2025-06-13T15:36:48.588-0400] {override.py:1930} INFO - Created Permission View: menu access on DAG Run:latest_only_with_trigger
[2025-06-13T15:36:48.593-0400] {logging_mixin.py:190} INFO - [2025-06-13T15:36:48.593-0400] {override.py:1930} INFO - Created Permission View: can create on DAG Run:latest_only_with_trigger
[2025-06-13T15:36:48.593-0400] {logging_mixin.py:190} INFO - [2025-06-13T15:36:48.593-0400] {dag.py:3239} INFO - Sync 1 DAGs
[2025-06-13T15:36:48.600-0400] {logging_mixin.py:190} INFO - [2025-06-13T15:36:48.600-0400] {dag.py:3262} INFO - Creating ORM DAG for latest_only_with_trigger
[2025-06-13T15:36:48.604-0400] {logging_mixin.py:190} INFO - [2025-06-13T15:36:48.604-0400] {dag.py:4180} INFO - Setting next_dagrun for latest_only_with_trigger to 2025-06-13T12:00:00+00:00, run_after=2025-06-13T16:00:00+00:00
[2025-06-13T15:36:48.613-0400] {processor.py:208} INFO - Processing /Users/pranavr/.pyenv/versions/3.11.6/lib/python3.11/site-packages/airflow/example_dags/example_latest_only_with_trigger.py took 175.938 seconds
[2025-06-13T15:38:44.044-0400] {processor.py:186} INFO - Started process (PID=20783) to work on /Users/pranavr/.pyenv/versions/3.11.6/lib/python3.11/site-packages/airflow/example_dags/example_latest_only_with_trigger.py
[2025-06-13T15:38:44.046-0400] {processor.py:914} INFO - Processing file /Users/pranavr/.pyenv/versions/3.11.6/lib/python3.11/site-packages/airflow/example_dags/example_latest_only_with_trigger.py for tasks to queue
[2025-06-13T15:38:44.046-0400] {logging_mixin.py:190} INFO - [2025-06-13T15:38:44.046-0400] {dagbag.py:588} INFO - Filling up the DagBag from /Users/pranavr/.pyenv/versions/3.11.6/lib/python3.11/site-packages/airflow/example_dags/example_latest_only_with_trigger.py
[2025-06-13T15:38:44.051-0400] {processor.py:925} INFO - DAG(s) 'latest_only_with_trigger' retrieved from /Users/pranavr/.pyenv/versions/3.11.6/lib/python3.11/site-packages/airflow/example_dags/example_latest_only_with_trigger.py
[2025-06-13T15:38:44.130-0400] {logging_mixin.py:190} INFO - [2025-06-13T15:38:44.130-0400] {dag.py:3239} INFO - Sync 1 DAGs
[2025-06-13T15:38:44.137-0400] {logging_mixin.py:190} INFO - [2025-06-13T15:38:44.137-0400] {dag.py:4180} INFO - Setting next_dagrun for latest_only_with_trigger to 2025-06-13T12:00:00+00:00, run_after=2025-06-13T16:00:00+00:00
[2025-06-13T15:38:44.146-0400] {processor.py:208} INFO - Processing /Users/pranavr/.pyenv/versions/3.11.6/lib/python3.11/site-packages/airflow/example_dags/example_latest_only_with_trigger.py took 103.490 seconds
[2025-06-13T15:41:36.420-0400] {processor.py:186} INFO - Started process (PID=21048) to work on /Users/pranavr/.pyenv/versions/3.11.6/lib/python3.11/site-packages/airflow/example_dags/example_latest_only_with_trigger.py
[2025-06-13T15:41:36.423-0400] {processor.py:914} INFO - Processing file /Users/pranavr/.pyenv/versions/3.11.6/lib/python3.11/site-packages/airflow/example_dags/example_latest_only_with_trigger.py for tasks to queue
[2025-06-13T15:41:36.423-0400] {logging_mixin.py:190} INFO - [2025-06-13T15:41:36.423-0400] {dagbag.py:588} INFO - Filling up the DagBag from /Users/pranavr/.pyenv/versions/3.11.6/lib/python3.11/site-packages/airflow/example_dags/example_latest_only_with_trigger.py
[2025-06-13T15:41:36.428-0400] {processor.py:925} INFO - DAG(s) 'latest_only_with_trigger' retrieved from /Users/pranavr/.pyenv/versions/3.11.6/lib/python3.11/site-packages/airflow/example_dags/example_latest_only_with_trigger.py
[2025-06-13T15:41:36.501-0400] {logging_mixin.py:190} INFO - [2025-06-13T15:41:36.501-0400] {dag.py:3239} INFO - Sync 1 DAGs
[2025-06-13T15:41:36.508-0400] {logging_mixin.py:190} INFO - [2025-06-13T15:41:36.508-0400] {dag.py:4180} INFO - Setting next_dagrun for latest_only_with_trigger to 2025-06-13T12:00:00+00:00, run_after=2025-06-13T16:00:00+00:00
[2025-06-13T15:41:36.516-0400] {processor.py:208} INFO - Processing /Users/pranavr/.pyenv/versions/3.11.6/lib/python3.11/site-packages/airflow/example_dags/example_latest_only_with_trigger.py took 97.173 seconds
[2025-06-13T15:44:19.109-0400] {processor.py:186} INFO - Started process (PID=21590) to work on /Users/pranavr/.pyenv/versions/3.11.6/lib/python3.11/site-packages/airflow/example_dags/example_latest_only_with_trigger.py
[2025-06-13T15:44:19.111-0400] {processor.py:914} INFO - Processing file /Users/pranavr/.pyenv/versions/3.11.6/lib/python3.11/site-packages/airflow/example_dags/example_latest_only_with_trigger.py for tasks to queue
[2025-06-13T15:44:19.111-0400] {logging_mixin.py:190} INFO - [2025-06-13T15:44:19.111-0400] {dagbag.py:588} INFO - Filling up the DagBag from /Users/pranavr/.pyenv/versions/3.11.6/lib/python3.11/site-packages/airflow/example_dags/example_latest_only_with_trigger.py
[2025-06-13T15:44:19.116-0400] {processor.py:925} INFO - DAG(s) 'latest_only_with_trigger' retrieved from /Users/pranavr/.pyenv/versions/3.11.6/lib/python3.11/site-packages/airflow/example_dags/example_latest_only_with_trigger.py
[2025-06-13T15:44:19.239-0400] {logging_mixin.py:190} INFO - [2025-06-13T15:44:19.238-0400] {override.py:1930} INFO - Created Permission View: can delete on DAG:latest_only_with_trigger
[2025-06-13T15:44:19.243-0400] {logging_mixin.py:190} INFO - [2025-06-13T15:44:19.243-0400] {override.py:1930} INFO - Created Permission View: can read on DAG:latest_only_with_trigger
[2025-06-13T15:44:19.245-0400] {logging_mixin.py:190} INFO - [2025-06-13T15:44:19.245-0400] {override.py:1930} INFO - Created Permission View: can edit on DAG:latest_only_with_trigger
[2025-06-13T15:44:19.248-0400] {logging_mixin.py:190} INFO - [2025-06-13T15:44:19.248-0400] {override.py:1930} INFO - Created Permission View: can delete on DAG Run:latest_only_with_trigger
[2025-06-13T15:44:19.250-0400] {logging_mixin.py:190} INFO - [2025-06-13T15:44:19.250-0400] {override.py:1930} INFO - Created Permission View: can read on DAG Run:latest_only_with_trigger
[2025-06-13T15:44:19.252-0400] {logging_mixin.py:190} INFO - [2025-06-13T15:44:19.252-0400] {override.py:1930} INFO - Created Permission View: menu access on DAG Run:latest_only_with_trigger
[2025-06-13T15:44:19.254-0400] {logging_mixin.py:190} INFO - [2025-06-13T15:44:19.254-0400] {override.py:1930} INFO - Created Permission View: can create on DAG Run:latest_only_with_trigger
[2025-06-13T15:44:19.254-0400] {logging_mixin.py:190} INFO - [2025-06-13T15:44:19.254-0400] {dag.py:3239} INFO - Sync 1 DAGs
[2025-06-13T15:44:19.258-0400] {logging_mixin.py:190} INFO - [2025-06-13T15:44:19.258-0400] {dag.py:3262} INFO - Creating ORM DAG for latest_only_with_trigger
[2025-06-13T15:44:19.261-0400] {logging_mixin.py:190} INFO - [2025-06-13T15:44:19.261-0400] {dag.py:4180} INFO - Setting next_dagrun for latest_only_with_trigger to 2025-06-13T12:00:00+00:00, run_after=2025-06-13T16:00:00+00:00
[2025-06-13T15:44:19.268-0400] {processor.py:208} INFO - Processing /Users/pranavr/.pyenv/versions/3.11.6/lib/python3.11/site-packages/airflow/example_dags/example_latest_only_with_trigger.py took 160.672 seconds
[2025-06-13T15:46:18.961-0400] {processor.py:186} INFO - Started process (PID=21989) to work on /Users/pranavr/.pyenv/versions/3.11.6/lib/python3.11/site-packages/airflow/example_dags/example_latest_only_with_trigger.py
[2025-06-13T15:46:18.963-0400] {processor.py:914} INFO - Processing file /Users/pranavr/.pyenv/versions/3.11.6/lib/python3.11/site-packages/airflow/example_dags/example_latest_only_with_trigger.py for tasks to queue
[2025-06-13T15:46:18.964-0400] {logging_mixin.py:190} INFO - [2025-06-13T15:46:18.964-0400] {dagbag.py:588} INFO - Filling up the DagBag from /Users/pranavr/.pyenv/versions/3.11.6/lib/python3.11/site-packages/airflow/example_dags/example_latest_only_with_trigger.py
[2025-06-13T15:46:18.970-0400] {processor.py:925} INFO - DAG(s) 'latest_only_with_trigger' retrieved from /Users/pranavr/.pyenv/versions/3.11.6/lib/python3.11/site-packages/airflow/example_dags/example_latest_only_with_trigger.py
[2025-06-13T15:46:19.044-0400] {logging_mixin.py:190} INFO - [2025-06-13T15:46:19.044-0400] {dag.py:3239} INFO - Sync 1 DAGs
[2025-06-13T15:46:19.052-0400] {logging_mixin.py:190} INFO - [2025-06-13T15:46:19.052-0400] {dag.py:4180} INFO - Setting next_dagrun for latest_only_with_trigger to 2025-06-13T12:00:00+00:00, run_after=2025-06-13T16:00:00+00:00
[2025-06-13T15:46:19.061-0400] {processor.py:208} INFO - Processing /Users/pranavr/.pyenv/versions/3.11.6/lib/python3.11/site-packages/airflow/example_dags/example_latest_only_with_trigger.py took 100.643 seconds
[2025-06-13T15:49:09.836-0400] {processor.py:186} INFO - Started process (PID=22220) to work on /Users/pranavr/.pyenv/versions/3.11.6/lib/python3.11/site-packages/airflow/example_dags/example_latest_only_with_trigger.py
[2025-06-13T15:49:09.838-0400] {processor.py:914} INFO - Processing file /Users/pranavr/.pyenv/versions/3.11.6/lib/python3.11/site-packages/airflow/example_dags/example_latest_only_with_trigger.py for tasks to queue
[2025-06-13T15:49:09.839-0400] {logging_mixin.py:190} INFO - [2025-06-13T15:49:09.839-0400] {dagbag.py:588} INFO - Filling up the DagBag from /Users/pranavr/.pyenv/versions/3.11.6/lib/python3.11/site-packages/airflow/example_dags/example_latest_only_with_trigger.py
[2025-06-13T15:49:09.845-0400] {processor.py:925} INFO - DAG(s) 'latest_only_with_trigger' retrieved from /Users/pranavr/.pyenv/versions/3.11.6/lib/python3.11/site-packages/airflow/example_dags/example_latest_only_with_trigger.py
[2025-06-13T15:49:09.921-0400] {logging_mixin.py:190} INFO - [2025-06-13T15:49:09.921-0400] {dag.py:3239} INFO - Sync 1 DAGs
[2025-06-13T15:49:09.929-0400] {logging_mixin.py:190} INFO - [2025-06-13T15:49:09.929-0400] {dag.py:4180} INFO - Setting next_dagrun for latest_only_with_trigger to 2025-06-13T12:00:00+00:00, run_after=2025-06-13T16:00:00+00:00
[2025-06-13T15:49:09.938-0400] {processor.py:208} INFO - Processing /Users/pranavr/.pyenv/versions/3.11.6/lib/python3.11/site-packages/airflow/example_dags/example_latest_only_with_trigger.py took 102.746 seconds
[2025-06-13T15:51:47.735-0400] {processor.py:186} INFO - Started process (PID=22584) to work on /Users/pranavr/.pyenv/versions/3.11.6/lib/python3.11/site-packages/airflow/example_dags/example_latest_only_with_trigger.py
[2025-06-13T15:51:47.737-0400] {processor.py:914} INFO - Processing file /Users/pranavr/.pyenv/versions/3.11.6/lib/python3.11/site-packages/airflow/example_dags/example_latest_only_with_trigger.py for tasks to queue
[2025-06-13T15:51:47.738-0400] {logging_mixin.py:190} INFO - [2025-06-13T15:51:47.738-0400] {dagbag.py:588} INFO - Filling up the DagBag from /Users/pranavr/.pyenv/versions/3.11.6/lib/python3.11/site-packages/airflow/example_dags/example_latest_only_with_trigger.py
[2025-06-13T15:51:47.741-0400] {processor.py:925} INFO - DAG(s) 'latest_only_with_trigger' retrieved from /Users/pranavr/.pyenv/versions/3.11.6/lib/python3.11/site-packages/airflow/example_dags/example_latest_only_with_trigger.py
[2025-06-13T15:51:47.803-0400] {logging_mixin.py:190} INFO - [2025-06-13T15:51:47.803-0400] {dag.py:3239} INFO - Sync 1 DAGs
[2025-06-13T15:51:47.809-0400] {logging_mixin.py:190} INFO - [2025-06-13T15:51:47.809-0400] {dag.py:4180} INFO - Setting next_dagrun for latest_only_with_trigger to 2025-06-13T12:00:00+00:00, run_after=2025-06-13T16:00:00+00:00
[2025-06-13T15:51:47.816-0400] {processor.py:208} INFO - Processing /Users/pranavr/.pyenv/versions/3.11.6/lib/python3.11/site-packages/airflow/example_dags/example_latest_only_with_trigger.py took 82.788 seconds
[2025-06-13T15:54:17.114-0400] {processor.py:186} INFO - Started process (PID=22845) to work on /Users/pranavr/.pyenv/versions/3.11.6/lib/python3.11/site-packages/airflow/example_dags/example_latest_only_with_trigger.py
[2025-06-13T15:54:17.116-0400] {processor.py:914} INFO - Processing file /Users/pranavr/.pyenv/versions/3.11.6/lib/python3.11/site-packages/airflow/example_dags/example_latest_only_with_trigger.py for tasks to queue
[2025-06-13T15:54:17.117-0400] {logging_mixin.py:190} INFO - [2025-06-13T15:54:17.117-0400] {dagbag.py:588} INFO - Filling up the DagBag from /Users/pranavr/.pyenv/versions/3.11.6/lib/python3.11/site-packages/airflow/example_dags/example_latest_only_with_trigger.py
[2025-06-13T15:54:17.120-0400] {processor.py:925} INFO - DAG(s) 'latest_only_with_trigger' retrieved from /Users/pranavr/.pyenv/versions/3.11.6/lib/python3.11/site-packages/airflow/example_dags/example_latest_only_with_trigger.py
[2025-06-13T15:54:17.183-0400] {logging_mixin.py:190} INFO - [2025-06-13T15:54:17.183-0400] {dag.py:3239} INFO - Sync 1 DAGs
[2025-06-13T15:54:17.189-0400] {logging_mixin.py:190} INFO - [2025-06-13T15:54:17.189-0400] {dag.py:4180} INFO - Setting next_dagrun for latest_only_with_trigger to 2025-06-13T12:00:00+00:00, run_after=2025-06-13T16:00:00+00:00
[2025-06-13T15:54:17.196-0400] {processor.py:208} INFO - Processing /Users/pranavr/.pyenv/versions/3.11.6/lib/python3.11/site-packages/airflow/example_dags/example_latest_only_with_trigger.py took 82.576 seconds
[2025-06-13T15:56:41.567-0400] {processor.py:186} INFO - Started process (PID=23042) to work on /Users/pranavr/.pyenv/versions/3.11.6/lib/python3.11/site-packages/airflow/example_dags/example_latest_only_with_trigger.py
[2025-06-13T15:56:41.570-0400] {processor.py:914} INFO - Processing file /Users/pranavr/.pyenv/versions/3.11.6/lib/python3.11/site-packages/airflow/example_dags/example_latest_only_with_trigger.py for tasks to queue
[2025-06-13T15:56:41.570-0400] {logging_mixin.py:190} INFO - [2025-06-13T15:56:41.570-0400] {dagbag.py:588} INFO - Filling up the DagBag from /Users/pranavr/.pyenv/versions/3.11.6/lib/python3.11/site-packages/airflow/example_dags/example_latest_only_with_trigger.py
[2025-06-13T15:56:41.574-0400] {processor.py:925} INFO - DAG(s) 'latest_only_with_trigger' retrieved from /Users/pranavr/.pyenv/versions/3.11.6/lib/python3.11/site-packages/airflow/example_dags/example_latest_only_with_trigger.py
[2025-06-13T15:56:41.636-0400] {logging_mixin.py:190} INFO - [2025-06-13T15:56:41.635-0400] {dag.py:3239} INFO - Sync 1 DAGs
[2025-06-13T15:56:41.642-0400] {logging_mixin.py:190} INFO - [2025-06-13T15:56:41.642-0400] {dag.py:4180} INFO - Setting next_dagrun for latest_only_with_trigger to 2025-06-13T12:00:00+00:00, run_after=2025-06-13T16:00:00+00:00
[2025-06-13T15:56:41.648-0400] {processor.py:208} INFO - Processing /Users/pranavr/.pyenv/versions/3.11.6/lib/python3.11/site-packages/airflow/example_dags/example_latest_only_with_trigger.py took 81.984 seconds
[2025-06-13T15:59:04.192-0400] {processor.py:186} INFO - Started process (PID=23357) to work on /Users/pranavr/.pyenv/versions/3.11.6/lib/python3.11/site-packages/airflow/example_dags/example_latest_only_with_trigger.py
[2025-06-13T15:59:04.193-0400] {processor.py:914} INFO - Processing file /Users/pranavr/.pyenv/versions/3.11.6/lib/python3.11/site-packages/airflow/example_dags/example_latest_only_with_trigger.py for tasks to queue
[2025-06-13T15:59:04.194-0400] {logging_mixin.py:190} INFO - [2025-06-13T15:59:04.194-0400] {dagbag.py:588} INFO - Filling up the DagBag from /Users/pranavr/.pyenv/versions/3.11.6/lib/python3.11/site-packages/airflow/example_dags/example_latest_only_with_trigger.py
[2025-06-13T15:59:04.198-0400] {processor.py:925} INFO - DAG(s) 'latest_only_with_trigger' retrieved from /Users/pranavr/.pyenv/versions/3.11.6/lib/python3.11/site-packages/airflow/example_dags/example_latest_only_with_trigger.py
[2025-06-13T15:59:04.263-0400] {logging_mixin.py:190} INFO - [2025-06-13T15:59:04.263-0400] {dag.py:3239} INFO - Sync 1 DAGs
[2025-06-13T15:59:04.269-0400] {logging_mixin.py:190} INFO - [2025-06-13T15:59:04.269-0400] {dag.py:4180} INFO - Setting next_dagrun for latest_only_with_trigger to 2025-06-13T12:00:00+00:00, run_after=2025-06-13T16:00:00+00:00
[2025-06-13T15:59:04.276-0400] {processor.py:208} INFO - Processing /Users/pranavr/.pyenv/versions/3.11.6/lib/python3.11/site-packages/airflow/example_dags/example_latest_only_with_trigger.py took 85.437 seconds
[2025-06-13T16:01:34.828-0400] {processor.py:186} INFO - Started process (PID=23742) to work on /Users/pranavr/.pyenv/versions/3.11.6/lib/python3.11/site-packages/airflow/example_dags/example_latest_only_with_trigger.py
[2025-06-13T16:01:34.830-0400] {processor.py:914} INFO - Processing file /Users/pranavr/.pyenv/versions/3.11.6/lib/python3.11/site-packages/airflow/example_dags/example_latest_only_with_trigger.py for tasks to queue
[2025-06-13T16:01:34.830-0400] {logging_mixin.py:190} INFO - [2025-06-13T16:01:34.830-0400] {dagbag.py:588} INFO - Filling up the DagBag from /Users/pranavr/.pyenv/versions/3.11.6/lib/python3.11/site-packages/airflow/example_dags/example_latest_only_with_trigger.py
[2025-06-13T16:01:34.834-0400] {processor.py:925} INFO - DAG(s) 'latest_only_with_trigger' retrieved from /Users/pranavr/.pyenv/versions/3.11.6/lib/python3.11/site-packages/airflow/example_dags/example_latest_only_with_trigger.py
[2025-06-13T16:01:34.900-0400] {logging_mixin.py:190} INFO - [2025-06-13T16:01:34.900-0400] {dag.py:3239} INFO - Sync 1 DAGs
[2025-06-13T16:01:34.906-0400] {logging_mixin.py:190} INFO - [2025-06-13T16:01:34.906-0400] {dag.py:4180} INFO - Setting next_dagrun for latest_only_with_trigger to 2025-06-13T16:00:00+00:00, run_after=2025-06-13T20:00:00+00:00
[2025-06-13T16:01:34.913-0400] {processor.py:208} INFO - Processing /Users/pranavr/.pyenv/versions/3.11.6/lib/python3.11/site-packages/airflow/example_dags/example_latest_only_with_trigger.py took 86.761 seconds
[2025-06-13T16:04:19.079-0400] {processor.py:186} INFO - Started process (PID=24171) to work on /Users/pranavr/.pyenv/versions/3.11.6/lib/python3.11/site-packages/airflow/example_dags/example_latest_only_with_trigger.py
[2025-06-13T16:04:19.082-0400] {processor.py:914} INFO - Processing file /Users/pranavr/.pyenv/versions/3.11.6/lib/python3.11/site-packages/airflow/example_dags/example_latest_only_with_trigger.py for tasks to queue
[2025-06-13T16:04:19.082-0400] {logging_mixin.py:190} INFO - [2025-06-13T16:04:19.082-0400] {dagbag.py:588} INFO - Filling up the DagBag from /Users/pranavr/.pyenv/versions/3.11.6/lib/python3.11/site-packages/airflow/example_dags/example_latest_only_with_trigger.py
[2025-06-13T16:04:19.087-0400] {processor.py:925} INFO - DAG(s) 'latest_only_with_trigger' retrieved from /Users/pranavr/.pyenv/versions/3.11.6/lib/python3.11/site-packages/airflow/example_dags/example_latest_only_with_trigger.py
[2025-06-13T16:04:19.160-0400] {logging_mixin.py:190} INFO - [2025-06-13T16:04:19.160-0400] {dag.py:3239} INFO - Sync 1 DAGs
[2025-06-13T16:04:19.167-0400] {logging_mixin.py:190} INFO - [2025-06-13T16:04:19.167-0400] {dag.py:4180} INFO - Setting next_dagrun for latest_only_with_trigger to 2025-06-13T16:00:00+00:00, run_after=2025-06-13T20:00:00+00:00
[2025-06-13T16:04:19.175-0400] {processor.py:208} INFO - Processing /Users/pranavr/.pyenv/versions/3.11.6/lib/python3.11/site-packages/airflow/example_dags/example_latest_only_with_trigger.py took 97.053 seconds
