[2025-06-13T14:10:39.159-0400] {processor.py:153} INFO - Started process (PID=96664) to work on /Users/pranavr/drift-retrainer/venv311/lib/python3.11/site-packages/airflow/example_dags/example_branch_python_dop_operator_3.py
[2025-06-13T14:10:39.161-0400] {processor.py:743} INFO - Processing file /Users/pranavr/drift-retrainer/venv311/lib/python3.11/site-packages/airflow/example_dags/example_branch_python_dop_operator_3.py for tasks to queue
[2025-06-13T14:10:39.162-0400] {logging_mixin.py:137} INFO - [2025-06-13T14:10:39.162-0400] {dagbag.py:538} INFO - Filling up the DagBag from /Users/pranavr/drift-retrainer/venv311/lib/python3.11/site-packages/airflow/example_dags/example_branch_python_dop_operator_3.py
[2025-06-13T14:10:39.202-0400] {processor.py:753} INFO - DAG(s) dict_keys(['example_branch_dop_operator_v3']) retrieved from /Users/pranavr/drift-retrainer/venv311/lib/python3.11/site-packages/airflow/example_dags/example_branch_python_dop_operator_3.py
[2025-06-13T14:10:39.731-0400] {logging_mixin.py:137} INFO - [2025-06-13T14:10:39.731-0400] {manager.py:504} INFO - Created Permission View: can delete on DAG:example_branch_dop_operator_v3
[2025-06-13T14:10:39.735-0400] {logging_mixin.py:137} INFO - [2025-06-13T14:10:39.734-0400] {manager.py:504} INFO - Created Permission View: can read on DAG:example_branch_dop_operator_v3
[2025-06-13T14:10:39.737-0400] {logging_mixin.py:137} INFO - [2025-06-13T14:10:39.737-0400] {manager.py:504} INFO - Created Permission View: can edit on DAG:example_branch_dop_operator_v3
[2025-06-13T14:10:39.737-0400] {logging_mixin.py:137} INFO - [2025-06-13T14:10:39.737-0400] {dag.py:2690} INFO - Sync 1 DAGs
[2025-06-13T14:10:39.742-0400] {logging_mixin.py:137} INFO - [2025-06-13T14:10:39.742-0400] {dag.py:2711} INFO - Creating ORM DAG for example_branch_dop_operator_v3
[2025-06-13T14:10:39.747-0400] {logging_mixin.py:137} INFO - [2025-06-13T14:10:39.747-0400] {dag.py:3437} INFO - Setting next_dagrun for example_branch_dop_operator_v3 to 2025-06-13T18:09:00+00:00, run_after=2025-06-13T18:10:00+00:00
[2025-06-13T14:10:39.758-0400] {processor.py:175} INFO - Processing /Users/pranavr/drift-retrainer/venv311/lib/python3.11/site-packages/airflow/example_dags/example_branch_python_dop_operator_3.py took 0.599 seconds
[2025-06-13T14:12:36.275-0400] {processor.py:153} INFO - Started process (PID=97739) to work on /Users/pranavr/drift-retrainer/venv311/lib/python3.11/site-packages/airflow/example_dags/example_branch_python_dop_operator_3.py
[2025-06-13T14:12:36.278-0400] {processor.py:743} INFO - Processing file /Users/pranavr/drift-retrainer/venv311/lib/python3.11/site-packages/airflow/example_dags/example_branch_python_dop_operator_3.py for tasks to queue
[2025-06-13T14:12:36.278-0400] {logging_mixin.py:137} INFO - [2025-06-13T14:12:36.278-0400] {dagbag.py:538} INFO - Filling up the DagBag from /Users/pranavr/drift-retrainer/venv311/lib/python3.11/site-packages/airflow/example_dags/example_branch_python_dop_operator_3.py
[2025-06-13T14:12:36.326-0400] {processor.py:753} INFO - DAG(s) dict_keys(['example_branch_dop_operator_v3']) retrieved from /Users/pranavr/drift-retrainer/venv311/lib/python3.11/site-packages/airflow/example_dags/example_branch_python_dop_operator_3.py
[2025-06-13T14:12:36.781-0400] {logging_mixin.py:137} INFO - [2025-06-13T14:12:36.781-0400] {dag.py:2690} INFO - Sync 1 DAGs
[2025-06-13T14:12:36.789-0400] {logging_mixin.py:137} INFO - [2025-06-13T14:12:36.789-0400] {dag.py:3437} INFO - Setting next_dagrun for example_branch_dop_operator_v3 to 2025-06-13T18:11:00+00:00, run_after=2025-06-13T18:12:00+00:00
[2025-06-13T14:12:36.797-0400] {processor.py:175} INFO - Processing /Users/pranavr/drift-retrainer/venv311/lib/python3.11/site-packages/airflow/example_dags/example_branch_python_dop_operator_3.py took 0.523 seconds
[2025-06-13T14:14:24.554-0400] {processor.py:153} INFO - Started process (PID=99112) to work on /Users/pranavr/drift-retrainer/venv311/lib/python3.11/site-packages/airflow/example_dags/example_branch_python_dop_operator_3.py
[2025-06-13T14:14:24.556-0400] {processor.py:743} INFO - Processing file /Users/pranavr/drift-retrainer/venv311/lib/python3.11/site-packages/airflow/example_dags/example_branch_python_dop_operator_3.py for tasks to queue
[2025-06-13T14:14:24.556-0400] {logging_mixin.py:137} INFO - [2025-06-13T14:14:24.556-0400] {dagbag.py:538} INFO - Filling up the DagBag from /Users/pranavr/drift-retrainer/venv311/lib/python3.11/site-packages/airflow/example_dags/example_branch_python_dop_operator_3.py
[2025-06-13T14:14:24.584-0400] {processor.py:753} INFO - DAG(s) dict_keys(['example_branch_dop_operator_v3']) retrieved from /Users/pranavr/drift-retrainer/venv311/lib/python3.11/site-packages/airflow/example_dags/example_branch_python_dop_operator_3.py
[2025-06-13T14:14:25.050-0400] {logging_mixin.py:137} INFO - [2025-06-13T14:14:25.050-0400] {dag.py:2690} INFO - Sync 1 DAGs
[2025-06-13T14:14:25.059-0400] {logging_mixin.py:137} INFO - [2025-06-13T14:14:25.059-0400] {dag.py:3437} INFO - Setting next_dagrun for example_branch_dop_operator_v3 to 2025-06-13T18:13:00+00:00, run_after=2025-06-13T18:14:00+00:00
[2025-06-13T14:14:25.069-0400] {processor.py:175} INFO - Processing /Users/pranavr/drift-retrainer/venv311/lib/python3.11/site-packages/airflow/example_dags/example_branch_python_dop_operator_3.py took 0.516 seconds
[2025-06-13T14:16:21.941-0400] {processor.py:153} INFO - Started process (PID=3353) to work on /Users/pranavr/drift-retrainer/venv311/lib/python3.11/site-packages/airflow/example_dags/example_branch_python_dop_operator_3.py
[2025-06-13T14:16:21.944-0400] {processor.py:743} INFO - Processing file /Users/pranavr/drift-retrainer/venv311/lib/python3.11/site-packages/airflow/example_dags/example_branch_python_dop_operator_3.py for tasks to queue
[2025-06-13T14:16:21.944-0400] {logging_mixin.py:137} INFO - [2025-06-13T14:16:21.944-0400] {dagbag.py:538} INFO - Filling up the DagBag from /Users/pranavr/drift-retrainer/venv311/lib/python3.11/site-packages/airflow/example_dags/example_branch_python_dop_operator_3.py
[2025-06-13T14:16:21.985-0400] {processor.py:753} INFO - DAG(s) dict_keys(['example_branch_dop_operator_v3']) retrieved from /Users/pranavr/drift-retrainer/venv311/lib/python3.11/site-packages/airflow/example_dags/example_branch_python_dop_operator_3.py
[2025-06-13T14:16:22.929-0400] {logging_mixin.py:137} INFO - [2025-06-13T14:16:22.929-0400] {dag.py:2690} INFO - Sync 1 DAGs
[2025-06-13T14:16:22.938-0400] {logging_mixin.py:137} INFO - [2025-06-13T14:16:22.937-0400] {dag.py:3437} INFO - Setting next_dagrun for example_branch_dop_operator_v3 to 2025-06-13T18:15:00+00:00, run_after=2025-06-13T18:16:00+00:00
[2025-06-13T14:16:22.945-0400] {processor.py:175} INFO - Processing /Users/pranavr/drift-retrainer/venv311/lib/python3.11/site-packages/airflow/example_dags/example_branch_python_dop_operator_3.py took 1.006 seconds
[2025-06-13T14:18:14.388-0400] {processor.py:153} INFO - Started process (PID=6289) to work on /Users/pranavr/drift-retrainer/venv311/lib/python3.11/site-packages/airflow/example_dags/example_branch_python_dop_operator_3.py
[2025-06-13T14:18:14.390-0400] {processor.py:743} INFO - Processing file /Users/pranavr/drift-retrainer/venv311/lib/python3.11/site-packages/airflow/example_dags/example_branch_python_dop_operator_3.py for tasks to queue
[2025-06-13T14:18:14.390-0400] {logging_mixin.py:137} INFO - [2025-06-13T14:18:14.390-0400] {dagbag.py:538} INFO - Filling up the DagBag from /Users/pranavr/drift-retrainer/venv311/lib/python3.11/site-packages/airflow/example_dags/example_branch_python_dop_operator_3.py
[2025-06-13T14:18:14.417-0400] {processor.py:753} INFO - DAG(s) dict_keys(['example_branch_dop_operator_v3']) retrieved from /Users/pranavr/drift-retrainer/venv311/lib/python3.11/site-packages/airflow/example_dags/example_branch_python_dop_operator_3.py
[2025-06-13T14:18:14.892-0400] {logging_mixin.py:137} INFO - [2025-06-13T14:18:14.892-0400] {dag.py:2690} INFO - Sync 1 DAGs
[2025-06-13T14:18:14.902-0400] {logging_mixin.py:137} INFO - [2025-06-13T14:18:14.902-0400] {dag.py:3437} INFO - Setting next_dagrun for example_branch_dop_operator_v3 to 2025-06-13T18:17:00+00:00, run_after=2025-06-13T18:18:00+00:00
[2025-06-13T14:18:14.912-0400] {processor.py:175} INFO - Processing /Users/pranavr/drift-retrainer/venv311/lib/python3.11/site-packages/airflow/example_dags/example_branch_python_dop_operator_3.py took 0.525 seconds
[2025-06-13T14:20:19.176-0400] {processor.py:153} INFO - Started process (PID=6693) to work on /Users/pranavr/drift-retrainer/venv311/lib/python3.11/site-packages/airflow/example_dags/example_branch_python_dop_operator_3.py
[2025-06-13T14:20:19.185-0400] {processor.py:743} INFO - Processing file /Users/pranavr/drift-retrainer/venv311/lib/python3.11/site-packages/airflow/example_dags/example_branch_python_dop_operator_3.py for tasks to queue
[2025-06-13T14:20:19.187-0400] {logging_mixin.py:137} INFO - [2025-06-13T14:20:19.187-0400] {dagbag.py:538} INFO - Filling up the DagBag from /Users/pranavr/drift-retrainer/venv311/lib/python3.11/site-packages/airflow/example_dags/example_branch_python_dop_operator_3.py
[2025-06-13T14:20:19.218-0400] {processor.py:753} INFO - DAG(s) dict_keys(['example_branch_dop_operator_v3']) retrieved from /Users/pranavr/drift-retrainer/venv311/lib/python3.11/site-packages/airflow/example_dags/example_branch_python_dop_operator_3.py
[2025-06-13T14:20:19.242-0400] {logging_mixin.py:137} INFO - [2025-06-13T14:20:19.242-0400] {dag.py:2690} INFO - Sync 1 DAGs
[2025-06-13T14:20:19.742-0400] {logging_mixin.py:137} INFO - [2025-06-13T14:20:19.742-0400] {dag.py:3437} INFO - Setting next_dagrun for example_branch_dop_operator_v3 to 2025-06-13T18:19:00+00:00, run_after=2025-06-13T18:20:00+00:00
[2025-06-13T14:20:19.751-0400] {processor.py:175} INFO - Processing /Users/pranavr/drift-retrainer/venv311/lib/python3.11/site-packages/airflow/example_dags/example_branch_python_dop_operator_3.py took 0.576 seconds
[2025-06-13T14:23:05.496-0400] {processor.py:186} INFO - Started process (PID=7790) to work on /Users/pranavr/.pyenv/versions/3.11.6/lib/python3.11/site-packages/airflow/example_dags/example_branch_python_dop_operator_3.py
[2025-06-13T14:23:05.499-0400] {processor.py:914} INFO - Processing file /Users/pranavr/.pyenv/versions/3.11.6/lib/python3.11/site-packages/airflow/example_dags/example_branch_python_dop_operator_3.py for tasks to queue
[2025-06-13T14:23:05.499-0400] {logging_mixin.py:190} INFO - [2025-06-13T14:23:05.499-0400] {dagbag.py:588} INFO - Filling up the DagBag from /Users/pranavr/.pyenv/versions/3.11.6/lib/python3.11/site-packages/airflow/example_dags/example_branch_python_dop_operator_3.py
[2025-06-13T14:23:05.519-0400] {processor.py:925} INFO - DAG(s) 'example_branch_dop_operator_v3' retrieved from /Users/pranavr/.pyenv/versions/3.11.6/lib/python3.11/site-packages/airflow/example_dags/example_branch_python_dop_operator_3.py
[2025-06-13T14:23:05.645-0400] {logging_mixin.py:190} INFO - [2025-06-13T14:23:05.644-0400] {dag.py:3239} INFO - Sync 1 DAGs
[2025-06-13T14:23:05.655-0400] {logging_mixin.py:190} INFO - [2025-06-13T14:23:05.654-0400] {dag.py:4180} INFO - Setting next_dagrun for example_branch_dop_operator_v3 to 2025-06-13T18:22:00+00:00, run_after=2025-06-13T18:23:00+00:00
[2025-06-13T14:23:05.664-0400] {processor.py:208} INFO - Processing /Users/pranavr/.pyenv/versions/3.11.6/lib/python3.11/site-packages/airflow/example_dags/example_branch_python_dop_operator_3.py took 168.835 seconds
[2025-06-13T14:26:08.187-0400] {processor.py:186} INFO - Started process (PID=8037) to work on /Users/pranavr/.pyenv/versions/3.11.6/lib/python3.11/site-packages/airflow/example_dags/example_branch_python_dop_operator_3.py
[2025-06-13T14:26:08.191-0400] {processor.py:914} INFO - Processing file /Users/pranavr/.pyenv/versions/3.11.6/lib/python3.11/site-packages/airflow/example_dags/example_branch_python_dop_operator_3.py for tasks to queue
[2025-06-13T14:26:08.192-0400] {logging_mixin.py:190} INFO - [2025-06-13T14:26:08.192-0400] {dagbag.py:588} INFO - Filling up the DagBag from /Users/pranavr/.pyenv/versions/3.11.6/lib/python3.11/site-packages/airflow/example_dags/example_branch_python_dop_operator_3.py
[2025-06-13T14:26:08.212-0400] {processor.py:925} INFO - DAG(s) 'example_branch_dop_operator_v3' retrieved from /Users/pranavr/.pyenv/versions/3.11.6/lib/python3.11/site-packages/airflow/example_dags/example_branch_python_dop_operator_3.py
[2025-06-13T14:26:08.293-0400] {logging_mixin.py:190} INFO - [2025-06-13T14:26:08.293-0400] {dag.py:3239} INFO - Sync 1 DAGs
[2025-06-13T14:26:08.304-0400] {logging_mixin.py:190} INFO - [2025-06-13T14:26:08.304-0400] {dag.py:4180} INFO - Setting next_dagrun for example_branch_dop_operator_v3 to 2025-06-13T18:25:00+00:00, run_after=2025-06-13T18:26:00+00:00
[2025-06-13T14:26:08.315-0400] {processor.py:208} INFO - Processing /Users/pranavr/.pyenv/versions/3.11.6/lib/python3.11/site-packages/airflow/example_dags/example_branch_python_dop_operator_3.py took 129.079 seconds
[2025-06-13T14:29:11.875-0400] {processor.py:186} INFO - Started process (PID=8862) to work on /Users/pranavr/.pyenv/versions/3.11.6/lib/python3.11/site-packages/airflow/example_dags/example_branch_python_dop_operator_3.py
[2025-06-13T14:29:11.880-0400] {processor.py:914} INFO - Processing file /Users/pranavr/.pyenv/versions/3.11.6/lib/python3.11/site-packages/airflow/example_dags/example_branch_python_dop_operator_3.py for tasks to queue
[2025-06-13T14:29:11.881-0400] {logging_mixin.py:190} INFO - [2025-06-13T14:29:11.881-0400] {dagbag.py:588} INFO - Filling up the DagBag from /Users/pranavr/.pyenv/versions/3.11.6/lib/python3.11/site-packages/airflow/example_dags/example_branch_python_dop_operator_3.py
[2025-06-13T14:29:11.903-0400] {processor.py:925} INFO - DAG(s) 'example_branch_dop_operator_v3' retrieved from /Users/pranavr/.pyenv/versions/3.11.6/lib/python3.11/site-packages/airflow/example_dags/example_branch_python_dop_operator_3.py
[2025-06-13T14:29:11.988-0400] {logging_mixin.py:190} INFO - [2025-06-13T14:29:11.988-0400] {dag.py:3239} INFO - Sync 1 DAGs
[2025-06-13T14:29:11.999-0400] {logging_mixin.py:190} INFO - [2025-06-13T14:29:11.999-0400] {dag.py:4180} INFO - Setting next_dagrun for example_branch_dop_operator_v3 to 2025-06-13T18:28:00+00:00, run_after=2025-06-13T18:29:00+00:00
[2025-06-13T14:29:12.008-0400] {processor.py:208} INFO - Processing /Users/pranavr/.pyenv/versions/3.11.6/lib/python3.11/site-packages/airflow/example_dags/example_branch_python_dop_operator_3.py took 135.675 seconds
[2025-06-13T14:32:10.024-0400] {processor.py:186} INFO - Started process (PID=9497) to work on /Users/pranavr/.pyenv/versions/3.11.6/lib/python3.11/site-packages/airflow/example_dags/example_branch_python_dop_operator_3.py
[2025-06-13T14:32:10.027-0400] {processor.py:914} INFO - Processing file /Users/pranavr/.pyenv/versions/3.11.6/lib/python3.11/site-packages/airflow/example_dags/example_branch_python_dop_operator_3.py for tasks to queue
[2025-06-13T14:32:10.027-0400] {logging_mixin.py:190} INFO - [2025-06-13T14:32:10.027-0400] {dagbag.py:588} INFO - Filling up the DagBag from /Users/pranavr/.pyenv/versions/3.11.6/lib/python3.11/site-packages/airflow/example_dags/example_branch_python_dop_operator_3.py
[2025-06-13T14:32:10.049-0400] {processor.py:925} INFO - DAG(s) 'example_branch_dop_operator_v3' retrieved from /Users/pranavr/.pyenv/versions/3.11.6/lib/python3.11/site-packages/airflow/example_dags/example_branch_python_dop_operator_3.py
[2025-06-13T14:32:10.162-0400] {logging_mixin.py:190} INFO - [2025-06-13T14:32:10.162-0400] {dag.py:3239} INFO - Sync 1 DAGs
[2025-06-13T14:32:10.172-0400] {logging_mixin.py:190} INFO - [2025-06-13T14:32:10.172-0400] {dag.py:4180} INFO - Setting next_dagrun for example_branch_dop_operator_v3 to 2025-06-13T18:31:00+00:00, run_after=2025-06-13T18:32:00+00:00
[2025-06-13T14:32:10.184-0400] {processor.py:208} INFO - Processing /Users/pranavr/.pyenv/versions/3.11.6/lib/python3.11/site-packages/airflow/example_dags/example_branch_python_dop_operator_3.py took 161.253 seconds
[2025-06-13T14:35:15.496-0400] {processor.py:186} INFO - Started process (PID=10148) to work on /Users/pranavr/.pyenv/versions/3.11.6/lib/python3.11/site-packages/airflow/example_dags/example_branch_python_dop_operator_3.py
[2025-06-13T14:35:15.498-0400] {processor.py:914} INFO - Processing file /Users/pranavr/.pyenv/versions/3.11.6/lib/python3.11/site-packages/airflow/example_dags/example_branch_python_dop_operator_3.py for tasks to queue
[2025-06-13T14:35:15.499-0400] {logging_mixin.py:190} INFO - [2025-06-13T14:35:15.499-0400] {dagbag.py:588} INFO - Filling up the DagBag from /Users/pranavr/.pyenv/versions/3.11.6/lib/python3.11/site-packages/airflow/example_dags/example_branch_python_dop_operator_3.py
[2025-06-13T14:35:15.523-0400] {processor.py:925} INFO - DAG(s) 'example_branch_dop_operator_v3' retrieved from /Users/pranavr/.pyenv/versions/3.11.6/lib/python3.11/site-packages/airflow/example_dags/example_branch_python_dop_operator_3.py
[2025-06-13T14:35:15.604-0400] {logging_mixin.py:190} INFO - [2025-06-13T14:35:15.603-0400] {dag.py:3239} INFO - Sync 1 DAGs
[2025-06-13T14:35:15.613-0400] {logging_mixin.py:190} INFO - [2025-06-13T14:35:15.613-0400] {dag.py:4180} INFO - Setting next_dagrun for example_branch_dop_operator_v3 to 2025-06-13T18:34:00+00:00, run_after=2025-06-13T18:35:00+00:00
[2025-06-13T14:35:15.622-0400] {processor.py:208} INFO - Processing /Users/pranavr/.pyenv/versions/3.11.6/lib/python3.11/site-packages/airflow/example_dags/example_branch_python_dop_operator_3.py took 131.251 seconds
[2025-06-13T14:38:14.778-0400] {processor.py:186} INFO - Started process (PID=11191) to work on /Users/pranavr/.pyenv/versions/3.11.6/lib/python3.11/site-packages/airflow/example_dags/example_branch_python_dop_operator_3.py
[2025-06-13T14:38:14.780-0400] {processor.py:914} INFO - Processing file /Users/pranavr/.pyenv/versions/3.11.6/lib/python3.11/site-packages/airflow/example_dags/example_branch_python_dop_operator_3.py for tasks to queue
[2025-06-13T14:38:14.781-0400] {logging_mixin.py:190} INFO - [2025-06-13T14:38:14.781-0400] {dagbag.py:588} INFO - Filling up the DagBag from /Users/pranavr/.pyenv/versions/3.11.6/lib/python3.11/site-packages/airflow/example_dags/example_branch_python_dop_operator_3.py
[2025-06-13T14:38:14.804-0400] {processor.py:925} INFO - DAG(s) 'example_branch_dop_operator_v3' retrieved from /Users/pranavr/.pyenv/versions/3.11.6/lib/python3.11/site-packages/airflow/example_dags/example_branch_python_dop_operator_3.py
[2025-06-13T14:38:14.891-0400] {logging_mixin.py:190} INFO - [2025-06-13T14:38:14.890-0400] {dag.py:3239} INFO - Sync 1 DAGs
[2025-06-13T14:38:14.900-0400] {logging_mixin.py:190} INFO - [2025-06-13T14:38:14.900-0400] {dag.py:4180} INFO - Setting next_dagrun for example_branch_dop_operator_v3 to 2025-06-13T18:37:00+00:00, run_after=2025-06-13T18:38:00+00:00
[2025-06-13T14:38:14.911-0400] {processor.py:208} INFO - Processing /Users/pranavr/.pyenv/versions/3.11.6/lib/python3.11/site-packages/airflow/example_dags/example_branch_python_dop_operator_3.py took 133.993 seconds
[2025-06-13T14:40:55.999-0400] {processor.py:186} INFO - Started process (PID=11702) to work on /Users/pranavr/.pyenv/versions/3.11.6/lib/python3.11/site-packages/airflow/example_dags/example_branch_python_dop_operator_3.py
[2025-06-13T14:40:56.002-0400] {processor.py:914} INFO - Processing file /Users/pranavr/.pyenv/versions/3.11.6/lib/python3.11/site-packages/airflow/example_dags/example_branch_python_dop_operator_3.py for tasks to queue
[2025-06-13T14:40:56.002-0400] {logging_mixin.py:190} INFO - [2025-06-13T14:40:56.002-0400] {dagbag.py:588} INFO - Filling up the DagBag from /Users/pranavr/.pyenv/versions/3.11.6/lib/python3.11/site-packages/airflow/example_dags/example_branch_python_dop_operator_3.py
[2025-06-13T14:40:56.017-0400] {processor.py:925} INFO - DAG(s) 'example_branch_dop_operator_v3' retrieved from /Users/pranavr/.pyenv/versions/3.11.6/lib/python3.11/site-packages/airflow/example_dags/example_branch_python_dop_operator_3.py
[2025-06-13T14:40:56.079-0400] {logging_mixin.py:190} INFO - [2025-06-13T14:40:56.079-0400] {dag.py:3239} INFO - Sync 1 DAGs
[2025-06-13T14:40:56.087-0400] {logging_mixin.py:190} INFO - [2025-06-13T14:40:56.087-0400] {dag.py:4180} INFO - Setting next_dagrun for example_branch_dop_operator_v3 to 2025-06-13T18:39:00+00:00, run_after=2025-06-13T18:40:00+00:00
[2025-06-13T14:40:56.094-0400] {processor.py:208} INFO - Processing /Users/pranavr/.pyenv/versions/3.11.6/lib/python3.11/site-packages/airflow/example_dags/example_branch_python_dop_operator_3.py took 95.841 seconds
[2025-06-13T14:43:26.206-0400] {processor.py:186} INFO - Started process (PID=11955) to work on /Users/pranavr/.pyenv/versions/3.11.6/lib/python3.11/site-packages/airflow/example_dags/example_branch_python_dop_operator_3.py
[2025-06-13T14:43:26.208-0400] {processor.py:914} INFO - Processing file /Users/pranavr/.pyenv/versions/3.11.6/lib/python3.11/site-packages/airflow/example_dags/example_branch_python_dop_operator_3.py for tasks to queue
[2025-06-13T14:43:26.208-0400] {logging_mixin.py:190} INFO - [2025-06-13T14:43:26.208-0400] {dagbag.py:588} INFO - Filling up the DagBag from /Users/pranavr/.pyenv/versions/3.11.6/lib/python3.11/site-packages/airflow/example_dags/example_branch_python_dop_operator_3.py
[2025-06-13T14:43:26.224-0400] {processor.py:925} INFO - DAG(s) 'example_branch_dop_operator_v3' retrieved from /Users/pranavr/.pyenv/versions/3.11.6/lib/python3.11/site-packages/airflow/example_dags/example_branch_python_dop_operator_3.py
[2025-06-13T14:43:26.289-0400] {logging_mixin.py:190} INFO - [2025-06-13T14:43:26.289-0400] {dag.py:3239} INFO - Sync 1 DAGs
[2025-06-13T14:43:26.298-0400] {logging_mixin.py:190} INFO - [2025-06-13T14:43:26.298-0400] {dag.py:4180} INFO - Setting next_dagrun for example_branch_dop_operator_v3 to 2025-06-13T18:42:00+00:00, run_after=2025-06-13T18:43:00+00:00
[2025-06-13T14:43:26.306-0400] {processor.py:208} INFO - Processing /Users/pranavr/.pyenv/versions/3.11.6/lib/python3.11/site-packages/airflow/example_dags/example_branch_python_dop_operator_3.py took 101.157 seconds
[2025-06-13T14:45:51.076-0400] {processor.py:186} INFO - Started process (PID=12251) to work on /Users/pranavr/.pyenv/versions/3.11.6/lib/python3.11/site-packages/airflow/example_dags/example_branch_python_dop_operator_3.py
[2025-06-13T14:45:51.078-0400] {processor.py:914} INFO - Processing file /Users/pranavr/.pyenv/versions/3.11.6/lib/python3.11/site-packages/airflow/example_dags/example_branch_python_dop_operator_3.py for tasks to queue
[2025-06-13T14:45:51.078-0400] {logging_mixin.py:190} INFO - [2025-06-13T14:45:51.078-0400] {dagbag.py:588} INFO - Filling up the DagBag from /Users/pranavr/.pyenv/versions/3.11.6/lib/python3.11/site-packages/airflow/example_dags/example_branch_python_dop_operator_3.py
[2025-06-13T14:45:51.093-0400] {processor.py:925} INFO - DAG(s) 'example_branch_dop_operator_v3' retrieved from /Users/pranavr/.pyenv/versions/3.11.6/lib/python3.11/site-packages/airflow/example_dags/example_branch_python_dop_operator_3.py
[2025-06-13T14:45:51.155-0400] {logging_mixin.py:190} INFO - [2025-06-13T14:45:51.155-0400] {dag.py:3239} INFO - Sync 1 DAGs
[2025-06-13T14:45:51.164-0400] {logging_mixin.py:190} INFO - [2025-06-13T14:45:51.164-0400] {dag.py:4180} INFO - Setting next_dagrun for example_branch_dop_operator_v3 to 2025-06-13T18:44:00+00:00, run_after=2025-06-13T18:45:00+00:00
[2025-06-13T14:45:51.172-0400] {processor.py:208} INFO - Processing /Users/pranavr/.pyenv/versions/3.11.6/lib/python3.11/site-packages/airflow/example_dags/example_branch_python_dop_operator_3.py took 97.553 seconds
[2025-06-13T14:48:17.949-0400] {processor.py:186} INFO - Started process (PID=12482) to work on /Users/pranavr/.pyenv/versions/3.11.6/lib/python3.11/site-packages/airflow/example_dags/example_branch_python_dop_operator_3.py
[2025-06-13T14:48:17.951-0400] {processor.py:914} INFO - Processing file /Users/pranavr/.pyenv/versions/3.11.6/lib/python3.11/site-packages/airflow/example_dags/example_branch_python_dop_operator_3.py for tasks to queue
[2025-06-13T14:48:17.951-0400] {logging_mixin.py:190} INFO - [2025-06-13T14:48:17.951-0400] {dagbag.py:588} INFO - Filling up the DagBag from /Users/pranavr/.pyenv/versions/3.11.6/lib/python3.11/site-packages/airflow/example_dags/example_branch_python_dop_operator_3.py
[2025-06-13T14:48:17.966-0400] {processor.py:925} INFO - DAG(s) 'example_branch_dop_operator_v3' retrieved from /Users/pranavr/.pyenv/versions/3.11.6/lib/python3.11/site-packages/airflow/example_dags/example_branch_python_dop_operator_3.py
[2025-06-13T14:48:18.035-0400] {logging_mixin.py:190} INFO - [2025-06-13T14:48:18.035-0400] {dag.py:3239} INFO - Sync 1 DAGs
[2025-06-13T14:48:18.045-0400] {logging_mixin.py:190} INFO - [2025-06-13T14:48:18.044-0400] {dag.py:4180} INFO - Setting next_dagrun for example_branch_dop_operator_v3 to 2025-06-13T18:47:00+00:00, run_after=2025-06-13T18:48:00+00:00
[2025-06-13T14:48:18.052-0400] {processor.py:208} INFO - Processing /Users/pranavr/.pyenv/versions/3.11.6/lib/python3.11/site-packages/airflow/example_dags/example_branch_python_dop_operator_3.py took 104.097 seconds
[2025-06-13T14:50:45.248-0400] {processor.py:186} INFO - Started process (PID=12724) to work on /Users/pranavr/.pyenv/versions/3.11.6/lib/python3.11/site-packages/airflow/example_dags/example_branch_python_dop_operator_3.py
[2025-06-13T14:50:45.251-0400] {processor.py:914} INFO - Processing file /Users/pranavr/.pyenv/versions/3.11.6/lib/python3.11/site-packages/airflow/example_dags/example_branch_python_dop_operator_3.py for tasks to queue
[2025-06-13T14:50:45.252-0400] {logging_mixin.py:190} INFO - [2025-06-13T14:50:45.252-0400] {dagbag.py:588} INFO - Filling up the DagBag from /Users/pranavr/.pyenv/versions/3.11.6/lib/python3.11/site-packages/airflow/example_dags/example_branch_python_dop_operator_3.py
[2025-06-13T14:50:45.267-0400] {processor.py:925} INFO - DAG(s) 'example_branch_dop_operator_v3' retrieved from /Users/pranavr/.pyenv/versions/3.11.6/lib/python3.11/site-packages/airflow/example_dags/example_branch_python_dop_operator_3.py
[2025-06-13T14:50:45.327-0400] {logging_mixin.py:190} INFO - [2025-06-13T14:50:45.327-0400] {dag.py:3239} INFO - Sync 1 DAGs
[2025-06-13T14:50:45.335-0400] {logging_mixin.py:190} INFO - [2025-06-13T14:50:45.335-0400] {dag.py:4180} INFO - Setting next_dagrun for example_branch_dop_operator_v3 to 2025-06-13T18:49:00+00:00, run_after=2025-06-13T18:50:00+00:00
[2025-06-13T14:50:45.342-0400] {processor.py:208} INFO - Processing /Users/pranavr/.pyenv/versions/3.11.6/lib/python3.11/site-packages/airflow/example_dags/example_branch_python_dop_operator_3.py took 94.436 seconds
[2025-06-13T14:53:14.652-0400] {processor.py:186} INFO - Started process (PID=14073) to work on /Users/pranavr/.pyenv/versions/3.11.6/lib/python3.11/site-packages/airflow/example_dags/example_branch_python_dop_operator_3.py
[2025-06-13T14:53:14.655-0400] {processor.py:914} INFO - Processing file /Users/pranavr/.pyenv/versions/3.11.6/lib/python3.11/site-packages/airflow/example_dags/example_branch_python_dop_operator_3.py for tasks to queue
[2025-06-13T14:53:14.655-0400] {logging_mixin.py:190} INFO - [2025-06-13T14:53:14.655-0400] {dagbag.py:588} INFO - Filling up the DagBag from /Users/pranavr/.pyenv/versions/3.11.6/lib/python3.11/site-packages/airflow/example_dags/example_branch_python_dop_operator_3.py
[2025-06-13T14:53:14.670-0400] {processor.py:925} INFO - DAG(s) 'example_branch_dop_operator_v3' retrieved from /Users/pranavr/.pyenv/versions/3.11.6/lib/python3.11/site-packages/airflow/example_dags/example_branch_python_dop_operator_3.py
[2025-06-13T14:53:14.731-0400] {logging_mixin.py:190} INFO - [2025-06-13T14:53:14.731-0400] {dag.py:3239} INFO - Sync 1 DAGs
[2025-06-13T14:53:14.739-0400] {logging_mixin.py:190} INFO - [2025-06-13T14:53:14.739-0400] {dag.py:4180} INFO - Setting next_dagrun for example_branch_dop_operator_v3 to 2025-06-13T18:52:00+00:00, run_after=2025-06-13T18:53:00+00:00
[2025-06-13T14:53:14.746-0400] {processor.py:208} INFO - Processing /Users/pranavr/.pyenv/versions/3.11.6/lib/python3.11/site-packages/airflow/example_dags/example_branch_python_dop_operator_3.py took 94.598 seconds
[2025-06-13T14:55:48.941-0400] {processor.py:186} INFO - Started process (PID=14300) to work on /Users/pranavr/.pyenv/versions/3.11.6/lib/python3.11/site-packages/airflow/example_dags/example_branch_python_dop_operator_3.py
[2025-06-13T14:55:48.944-0400] {processor.py:914} INFO - Processing file /Users/pranavr/.pyenv/versions/3.11.6/lib/python3.11/site-packages/airflow/example_dags/example_branch_python_dop_operator_3.py for tasks to queue
[2025-06-13T14:55:48.944-0400] {logging_mixin.py:190} INFO - [2025-06-13T14:55:48.944-0400] {dagbag.py:588} INFO - Filling up the DagBag from /Users/pranavr/.pyenv/versions/3.11.6/lib/python3.11/site-packages/airflow/example_dags/example_branch_python_dop_operator_3.py
[2025-06-13T14:55:48.965-0400] {processor.py:925} INFO - DAG(s) 'example_branch_dop_operator_v3' retrieved from /Users/pranavr/.pyenv/versions/3.11.6/lib/python3.11/site-packages/airflow/example_dags/example_branch_python_dop_operator_3.py
[2025-06-13T14:55:49.033-0400] {logging_mixin.py:190} INFO - [2025-06-13T14:55:49.033-0400] {dag.py:3239} INFO - Sync 1 DAGs
[2025-06-13T14:55:49.043-0400] {logging_mixin.py:190} INFO - [2025-06-13T14:55:49.043-0400] {dag.py:4180} INFO - Setting next_dagrun for example_branch_dop_operator_v3 to 2025-06-13T18:54:00+00:00, run_after=2025-06-13T18:55:00+00:00
[2025-06-13T14:55:49.050-0400] {processor.py:208} INFO - Processing /Users/pranavr/.pyenv/versions/3.11.6/lib/python3.11/site-packages/airflow/example_dags/example_branch_python_dop_operator_3.py took 110.688 seconds
[2025-06-13T14:58:26.230-0400] {processor.py:186} INFO - Started process (PID=14674) to work on /Users/pranavr/.pyenv/versions/3.11.6/lib/python3.11/site-packages/airflow/example_dags/example_branch_python_dop_operator_3.py
[2025-06-13T14:58:26.233-0400] {processor.py:914} INFO - Processing file /Users/pranavr/.pyenv/versions/3.11.6/lib/python3.11/site-packages/airflow/example_dags/example_branch_python_dop_operator_3.py for tasks to queue
[2025-06-13T14:58:26.233-0400] {logging_mixin.py:190} INFO - [2025-06-13T14:58:26.233-0400] {dagbag.py:588} INFO - Filling up the DagBag from /Users/pranavr/.pyenv/versions/3.11.6/lib/python3.11/site-packages/airflow/example_dags/example_branch_python_dop_operator_3.py
[2025-06-13T14:58:26.252-0400] {processor.py:925} INFO - DAG(s) 'example_branch_dop_operator_v3' retrieved from /Users/pranavr/.pyenv/versions/3.11.6/lib/python3.11/site-packages/airflow/example_dags/example_branch_python_dop_operator_3.py
[2025-06-13T14:58:26.323-0400] {logging_mixin.py:190} INFO - [2025-06-13T14:58:26.323-0400] {dag.py:3239} INFO - Sync 1 DAGs
[2025-06-13T14:58:26.333-0400] {logging_mixin.py:190} INFO - [2025-06-13T14:58:26.333-0400] {dag.py:4180} INFO - Setting next_dagrun for example_branch_dop_operator_v3 to 2025-06-13T18:57:00+00:00, run_after=2025-06-13T18:58:00+00:00
[2025-06-13T14:58:26.341-0400] {processor.py:208} INFO - Processing /Users/pranavr/.pyenv/versions/3.11.6/lib/python3.11/site-packages/airflow/example_dags/example_branch_python_dop_operator_3.py took 112.087 seconds
[2025-06-13T15:01:55.605-0400] {processor.py:186} INFO - Started process (PID=15180) to work on /Users/pranavr/.pyenv/versions/3.11.6/lib/python3.11/site-packages/airflow/example_dags/example_branch_python_dop_operator_3.py
[2025-06-13T15:01:55.608-0400] {processor.py:914} INFO - Processing file /Users/pranavr/.pyenv/versions/3.11.6/lib/python3.11/site-packages/airflow/example_dags/example_branch_python_dop_operator_3.py for tasks to queue
[2025-06-13T15:01:55.608-0400] {logging_mixin.py:190} INFO - [2025-06-13T15:01:55.608-0400] {dagbag.py:588} INFO - Filling up the DagBag from /Users/pranavr/.pyenv/versions/3.11.6/lib/python3.11/site-packages/airflow/example_dags/example_branch_python_dop_operator_3.py
[2025-06-13T15:01:55.635-0400] {processor.py:925} INFO - DAG(s) 'example_branch_dop_operator_v3' retrieved from /Users/pranavr/.pyenv/versions/3.11.6/lib/python3.11/site-packages/airflow/example_dags/example_branch_python_dop_operator_3.py
[2025-06-13T15:01:55.708-0400] {logging_mixin.py:190} INFO - [2025-06-13T15:01:55.708-0400] {dag.py:3239} INFO - Sync 1 DAGs
[2025-06-13T15:01:55.717-0400] {logging_mixin.py:190} INFO - [2025-06-13T15:01:55.717-0400] {dag.py:4180} INFO - Setting next_dagrun for example_branch_dop_operator_v3 to 2025-06-13T19:00:00+00:00, run_after=2025-06-13T19:01:00+00:00
[2025-06-13T15:01:55.724-0400] {processor.py:208} INFO - Processing /Users/pranavr/.pyenv/versions/3.11.6/lib/python3.11/site-packages/airflow/example_dags/example_branch_python_dop_operator_3.py took 120.508 seconds
[2025-06-13T15:05:56.733-0400] {processor.py:186} INFO - Started process (PID=16238) to work on /Users/pranavr/.pyenv/versions/3.11.6/lib/python3.11/site-packages/airflow/example_dags/example_branch_python_dop_operator_3.py
[2025-06-13T15:05:56.736-0400] {processor.py:914} INFO - Processing file /Users/pranavr/.pyenv/versions/3.11.6/lib/python3.11/site-packages/airflow/example_dags/example_branch_python_dop_operator_3.py for tasks to queue
[2025-06-13T15:05:56.737-0400] {logging_mixin.py:190} INFO - [2025-06-13T15:05:56.736-0400] {dagbag.py:588} INFO - Filling up the DagBag from /Users/pranavr/.pyenv/versions/3.11.6/lib/python3.11/site-packages/airflow/example_dags/example_branch_python_dop_operator_3.py
[2025-06-13T15:05:56.755-0400] {processor.py:925} INFO - DAG(s) 'example_branch_dop_operator_v3' retrieved from /Users/pranavr/.pyenv/versions/3.11.6/lib/python3.11/site-packages/airflow/example_dags/example_branch_python_dop_operator_3.py
[2025-06-13T15:05:56.824-0400] {logging_mixin.py:190} INFO - [2025-06-13T15:05:56.824-0400] {dag.py:3239} INFO - Sync 1 DAGs
[2025-06-13T15:05:56.833-0400] {logging_mixin.py:190} INFO - [2025-06-13T15:05:56.833-0400] {dag.py:4180} INFO - Setting next_dagrun for example_branch_dop_operator_v3 to 2025-06-13T19:04:00+00:00, run_after=2025-06-13T19:05:00+00:00
[2025-06-13T15:05:56.841-0400] {processor.py:208} INFO - Processing /Users/pranavr/.pyenv/versions/3.11.6/lib/python3.11/site-packages/airflow/example_dags/example_branch_python_dop_operator_3.py took 109.026 seconds
[2025-06-13T15:08:36.203-0400] {processor.py:186} INFO - Started process (PID=16499) to work on /Users/pranavr/.pyenv/versions/3.11.6/lib/python3.11/site-packages/airflow/example_dags/example_branch_python_dop_operator_3.py
[2025-06-13T15:08:36.205-0400] {processor.py:914} INFO - Processing file /Users/pranavr/.pyenv/versions/3.11.6/lib/python3.11/site-packages/airflow/example_dags/example_branch_python_dop_operator_3.py for tasks to queue
[2025-06-13T15:08:36.206-0400] {logging_mixin.py:190} INFO - [2025-06-13T15:08:36.206-0400] {dagbag.py:588} INFO - Filling up the DagBag from /Users/pranavr/.pyenv/versions/3.11.6/lib/python3.11/site-packages/airflow/example_dags/example_branch_python_dop_operator_3.py
[2025-06-13T15:08:36.222-0400] {processor.py:925} INFO - DAG(s) 'example_branch_dop_operator_v3' retrieved from /Users/pranavr/.pyenv/versions/3.11.6/lib/python3.11/site-packages/airflow/example_dags/example_branch_python_dop_operator_3.py
[2025-06-13T15:08:36.288-0400] {logging_mixin.py:190} INFO - [2025-06-13T15:08:36.288-0400] {dag.py:3239} INFO - Sync 1 DAGs
[2025-06-13T15:08:36.297-0400] {logging_mixin.py:190} INFO - [2025-06-13T15:08:36.297-0400] {dag.py:4180} INFO - Setting next_dagrun for example_branch_dop_operator_v3 to 2025-06-13T19:07:00+00:00, run_after=2025-06-13T19:08:00+00:00
[2025-06-13T15:08:36.304-0400] {processor.py:208} INFO - Processing /Users/pranavr/.pyenv/versions/3.11.6/lib/python3.11/site-packages/airflow/example_dags/example_branch_python_dop_operator_3.py took 102.035 seconds
[2025-06-13T15:11:24.990-0400] {processor.py:186} INFO - Started process (PID=16857) to work on /Users/pranavr/.pyenv/versions/3.11.6/lib/python3.11/site-packages/airflow/example_dags/example_branch_python_dop_operator_3.py
[2025-06-13T15:11:24.992-0400] {processor.py:914} INFO - Processing file /Users/pranavr/.pyenv/versions/3.11.6/lib/python3.11/site-packages/airflow/example_dags/example_branch_python_dop_operator_3.py for tasks to queue
[2025-06-13T15:11:24.993-0400] {logging_mixin.py:190} INFO - [2025-06-13T15:11:24.993-0400] {dagbag.py:588} INFO - Filling up the DagBag from /Users/pranavr/.pyenv/versions/3.11.6/lib/python3.11/site-packages/airflow/example_dags/example_branch_python_dop_operator_3.py
[2025-06-13T15:11:25.016-0400] {processor.py:925} INFO - DAG(s) 'example_branch_dop_operator_v3' retrieved from /Users/pranavr/.pyenv/versions/3.11.6/lib/python3.11/site-packages/airflow/example_dags/example_branch_python_dop_operator_3.py
[2025-06-13T15:11:25.088-0400] {logging_mixin.py:190} INFO - [2025-06-13T15:11:25.088-0400] {dag.py:3239} INFO - Sync 1 DAGs
[2025-06-13T15:11:25.098-0400] {logging_mixin.py:190} INFO - [2025-06-13T15:11:25.098-0400] {dag.py:4180} INFO - Setting next_dagrun for example_branch_dop_operator_v3 to 2025-06-13T19:10:00+00:00, run_after=2025-06-13T19:11:00+00:00
[2025-06-13T15:11:25.106-0400] {processor.py:208} INFO - Processing /Users/pranavr/.pyenv/versions/3.11.6/lib/python3.11/site-packages/airflow/example_dags/example_branch_python_dop_operator_3.py took 117.373 seconds
[2025-06-13T15:20:09.104-0400] {processor.py:186} INFO - Started process (PID=17862) to work on /Users/pranavr/.pyenv/versions/3.11.6/lib/python3.11/site-packages/airflow/example_dags/example_branch_python_dop_operator_3.py
[2025-06-13T15:20:09.106-0400] {processor.py:914} INFO - Processing file /Users/pranavr/.pyenv/versions/3.11.6/lib/python3.11/site-packages/airflow/example_dags/example_branch_python_dop_operator_3.py for tasks to queue
[2025-06-13T15:20:09.107-0400] {logging_mixin.py:190} INFO - [2025-06-13T15:20:09.107-0400] {dagbag.py:588} INFO - Filling up the DagBag from /Users/pranavr/.pyenv/versions/3.11.6/lib/python3.11/site-packages/airflow/example_dags/example_branch_python_dop_operator_3.py
[2025-06-13T15:20:09.125-0400] {processor.py:925} INFO - DAG(s) 'example_branch_dop_operator_v3' retrieved from /Users/pranavr/.pyenv/versions/3.11.6/lib/python3.11/site-packages/airflow/example_dags/example_branch_python_dop_operator_3.py
[2025-06-13T15:20:09.194-0400] {logging_mixin.py:190} INFO - [2025-06-13T15:20:09.194-0400] {dag.py:3239} INFO - Sync 1 DAGs
[2025-06-13T15:20:09.203-0400] {logging_mixin.py:190} INFO - [2025-06-13T15:20:09.203-0400] {dag.py:4180} INFO - Setting next_dagrun for example_branch_dop_operator_v3 to 2025-06-13T19:19:00+00:00, run_after=2025-06-13T19:20:00+00:00
[2025-06-13T15:20:09.211-0400] {processor.py:208} INFO - Processing /Users/pranavr/.pyenv/versions/3.11.6/lib/python3.11/site-packages/airflow/example_dags/example_branch_python_dop_operator_3.py took 107.634 seconds
[2025-06-13T15:26:25.915-0400] {processor.py:186} INFO - Started process (PID=19024) to work on /Users/pranavr/.pyenv/versions/3.11.6/lib/python3.11/site-packages/airflow/example_dags/example_branch_python_dop_operator_3.py
[2025-06-13T15:26:25.917-0400] {processor.py:914} INFO - Processing file /Users/pranavr/.pyenv/versions/3.11.6/lib/python3.11/site-packages/airflow/example_dags/example_branch_python_dop_operator_3.py for tasks to queue
[2025-06-13T15:26:25.917-0400] {logging_mixin.py:190} INFO - [2025-06-13T15:26:25.917-0400] {dagbag.py:588} INFO - Filling up the DagBag from /Users/pranavr/.pyenv/versions/3.11.6/lib/python3.11/site-packages/airflow/example_dags/example_branch_python_dop_operator_3.py
[2025-06-13T15:26:25.934-0400] {processor.py:925} INFO - DAG(s) 'example_branch_dop_operator_v3' retrieved from /Users/pranavr/.pyenv/versions/3.11.6/lib/python3.11/site-packages/airflow/example_dags/example_branch_python_dop_operator_3.py
[2025-06-13T15:26:26.043-0400] {logging_mixin.py:190} INFO - [2025-06-13T15:26:26.043-0400] {override.py:1930} INFO - Created Permission View: can edit on DAG:example_branch_dop_operator_v3
[2025-06-13T15:26:26.046-0400] {logging_mixin.py:190} INFO - [2025-06-13T15:26:26.046-0400] {override.py:1930} INFO - Created Permission View: can delete on DAG:example_branch_dop_operator_v3
[2025-06-13T15:26:26.049-0400] {logging_mixin.py:190} INFO - [2025-06-13T15:26:26.049-0400] {override.py:1930} INFO - Created Permission View: can read on DAG:example_branch_dop_operator_v3
[2025-06-13T15:26:26.053-0400] {logging_mixin.py:190} INFO - [2025-06-13T15:26:26.052-0400] {override.py:1930} INFO - Created Permission View: menu access on DAG Run:example_branch_dop_operator_v3
[2025-06-13T15:26:26.055-0400] {logging_mixin.py:190} INFO - [2025-06-13T15:26:26.055-0400] {override.py:1930} INFO - Created Permission View: can delete on DAG Run:example_branch_dop_operator_v3
[2025-06-13T15:26:26.058-0400] {logging_mixin.py:190} INFO - [2025-06-13T15:26:26.058-0400] {override.py:1930} INFO - Created Permission View: can create on DAG Run:example_branch_dop_operator_v3
[2025-06-13T15:26:26.060-0400] {logging_mixin.py:190} INFO - [2025-06-13T15:26:26.060-0400] {override.py:1930} INFO - Created Permission View: can read on DAG Run:example_branch_dop_operator_v3
[2025-06-13T15:26:26.060-0400] {logging_mixin.py:190} INFO - [2025-06-13T15:26:26.060-0400] {dag.py:3239} INFO - Sync 1 DAGs
[2025-06-13T15:26:26.065-0400] {logging_mixin.py:190} INFO - [2025-06-13T15:26:26.065-0400] {dag.py:3262} INFO - Creating ORM DAG for example_branch_dop_operator_v3
[2025-06-13T15:26:26.070-0400] {logging_mixin.py:190} INFO - [2025-06-13T15:26:26.070-0400] {dag.py:4180} INFO - Setting next_dagrun for example_branch_dop_operator_v3 to 2025-06-13T19:25:00+00:00, run_after=2025-06-13T19:26:00+00:00
[2025-06-13T15:26:26.077-0400] {processor.py:208} INFO - Processing /Users/pranavr/.pyenv/versions/3.11.6/lib/python3.11/site-packages/airflow/example_dags/example_branch_python_dop_operator_3.py took 164.189 seconds
[2025-06-13T15:31:43.876-0400] {processor.py:186} INFO - Started process (PID=19968) to work on /Users/pranavr/.pyenv/versions/3.11.6/lib/python3.11/site-packages/airflow/example_dags/example_branch_python_dop_operator_3.py
[2025-06-13T15:31:43.878-0400] {processor.py:914} INFO - Processing file /Users/pranavr/.pyenv/versions/3.11.6/lib/python3.11/site-packages/airflow/example_dags/example_branch_python_dop_operator_3.py for tasks to queue
[2025-06-13T15:31:43.879-0400] {logging_mixin.py:190} INFO - [2025-06-13T15:31:43.878-0400] {dagbag.py:588} INFO - Filling up the DagBag from /Users/pranavr/.pyenv/versions/3.11.6/lib/python3.11/site-packages/airflow/example_dags/example_branch_python_dop_operator_3.py
[2025-06-13T15:31:43.902-0400] {processor.py:925} INFO - DAG(s) 'example_branch_dop_operator_v3' retrieved from /Users/pranavr/.pyenv/versions/3.11.6/lib/python3.11/site-packages/airflow/example_dags/example_branch_python_dop_operator_3.py
[2025-06-13T15:31:44.014-0400] {logging_mixin.py:190} INFO - [2025-06-13T15:31:44.014-0400] {override.py:1930} INFO - Created Permission View: can edit on DAG:example_branch_dop_operator_v3
[2025-06-13T15:31:44.018-0400] {logging_mixin.py:190} INFO - [2025-06-13T15:31:44.018-0400] {override.py:1930} INFO - Created Permission View: can delete on DAG:example_branch_dop_operator_v3
[2025-06-13T15:31:44.020-0400] {logging_mixin.py:190} INFO - [2025-06-13T15:31:44.020-0400] {override.py:1930} INFO - Created Permission View: can read on DAG:example_branch_dop_operator_v3
[2025-06-13T15:31:44.024-0400] {logging_mixin.py:190} INFO - [2025-06-13T15:31:44.024-0400] {override.py:1930} INFO - Created Permission View: can delete on DAG Run:example_branch_dop_operator_v3
[2025-06-13T15:31:44.026-0400] {logging_mixin.py:190} INFO - [2025-06-13T15:31:44.026-0400] {override.py:1930} INFO - Created Permission View: menu access on DAG Run:example_branch_dop_operator_v3
[2025-06-13T15:31:44.029-0400] {logging_mixin.py:190} INFO - [2025-06-13T15:31:44.029-0400] {override.py:1930} INFO - Created Permission View: can create on DAG Run:example_branch_dop_operator_v3
[2025-06-13T15:31:44.032-0400] {logging_mixin.py:190} INFO - [2025-06-13T15:31:44.031-0400] {override.py:1930} INFO - Created Permission View: can read on DAG Run:example_branch_dop_operator_v3
[2025-06-13T15:31:44.032-0400] {logging_mixin.py:190} INFO - [2025-06-13T15:31:44.032-0400] {dag.py:3239} INFO - Sync 1 DAGs
[2025-06-13T15:31:44.037-0400] {logging_mixin.py:190} INFO - [2025-06-13T15:31:44.037-0400] {dag.py:3262} INFO - Creating ORM DAG for example_branch_dop_operator_v3
[2025-06-13T15:31:44.043-0400] {logging_mixin.py:190} INFO - [2025-06-13T15:31:44.043-0400] {dag.py:4180} INFO - Setting next_dagrun for example_branch_dop_operator_v3 to 2025-06-13T19:30:00+00:00, run_after=2025-06-13T19:31:00+00:00
[2025-06-13T15:31:44.051-0400] {processor.py:208} INFO - Processing /Users/pranavr/.pyenv/versions/3.11.6/lib/python3.11/site-packages/airflow/example_dags/example_branch_python_dop_operator_3.py took 176.918 seconds
[2025-06-13T15:37:15.928-0400] {processor.py:186} INFO - Started process (PID=20641) to work on /Users/pranavr/.pyenv/versions/3.11.6/lib/python3.11/site-packages/airflow/example_dags/example_branch_python_dop_operator_3.py
[2025-06-13T15:37:15.930-0400] {processor.py:914} INFO - Processing file /Users/pranavr/.pyenv/versions/3.11.6/lib/python3.11/site-packages/airflow/example_dags/example_branch_python_dop_operator_3.py for tasks to queue
[2025-06-13T15:37:15.931-0400] {logging_mixin.py:190} INFO - [2025-06-13T15:37:15.931-0400] {dagbag.py:588} INFO - Filling up the DagBag from /Users/pranavr/.pyenv/versions/3.11.6/lib/python3.11/site-packages/airflow/example_dags/example_branch_python_dop_operator_3.py
[2025-06-13T15:37:15.949-0400] {processor.py:925} INFO - DAG(s) 'example_branch_dop_operator_v3' retrieved from /Users/pranavr/.pyenv/versions/3.11.6/lib/python3.11/site-packages/airflow/example_dags/example_branch_python_dop_operator_3.py
[2025-06-13T15:37:16.061-0400] {logging_mixin.py:190} INFO - [2025-06-13T15:37:16.061-0400] {override.py:1930} INFO - Created Permission View: can delete on DAG:example_branch_dop_operator_v3
[2025-06-13T15:37:16.065-0400] {logging_mixin.py:190} INFO - [2025-06-13T15:37:16.065-0400] {override.py:1930} INFO - Created Permission View: can read on DAG:example_branch_dop_operator_v3
[2025-06-13T15:37:16.067-0400] {logging_mixin.py:190} INFO - [2025-06-13T15:37:16.067-0400] {override.py:1930} INFO - Created Permission View: can edit on DAG:example_branch_dop_operator_v3
[2025-06-13T15:37:16.071-0400] {logging_mixin.py:190} INFO - [2025-06-13T15:37:16.071-0400] {override.py:1930} INFO - Created Permission View: can delete on DAG Run:example_branch_dop_operator_v3
[2025-06-13T15:37:16.081-0400] {logging_mixin.py:190} INFO - [2025-06-13T15:37:16.081-0400] {override.py:1930} INFO - Created Permission View: can create on DAG Run:example_branch_dop_operator_v3
[2025-06-13T15:37:16.084-0400] {logging_mixin.py:190} INFO - [2025-06-13T15:37:16.083-0400] {override.py:1930} INFO - Created Permission View: menu access on DAG Run:example_branch_dop_operator_v3
[2025-06-13T15:37:16.086-0400] {logging_mixin.py:190} INFO - [2025-06-13T15:37:16.086-0400] {override.py:1930} INFO - Created Permission View: can read on DAG Run:example_branch_dop_operator_v3
[2025-06-13T15:37:16.086-0400] {logging_mixin.py:190} INFO - [2025-06-13T15:37:16.086-0400] {dag.py:3239} INFO - Sync 1 DAGs
[2025-06-13T15:37:16.091-0400] {logging_mixin.py:190} INFO - [2025-06-13T15:37:16.091-0400] {dag.py:3262} INFO - Creating ORM DAG for example_branch_dop_operator_v3
[2025-06-13T15:37:16.096-0400] {logging_mixin.py:190} INFO - [2025-06-13T15:37:16.096-0400] {dag.py:4180} INFO - Setting next_dagrun for example_branch_dop_operator_v3 to 2025-06-13T19:36:00+00:00, run_after=2025-06-13T19:37:00+00:00
[2025-06-13T15:37:16.104-0400] {processor.py:208} INFO - Processing /Users/pranavr/.pyenv/versions/3.11.6/lib/python3.11/site-packages/airflow/example_dags/example_branch_python_dop_operator_3.py took 177.027 seconds
[2025-06-13T15:40:04.764-0400] {processor.py:186} INFO - Started process (PID=20904) to work on /Users/pranavr/.pyenv/versions/3.11.6/lib/python3.11/site-packages/airflow/example_dags/example_branch_python_dop_operator_3.py
[2025-06-13T15:40:04.766-0400] {processor.py:914} INFO - Processing file /Users/pranavr/.pyenv/versions/3.11.6/lib/python3.11/site-packages/airflow/example_dags/example_branch_python_dop_operator_3.py for tasks to queue
[2025-06-13T15:40:04.767-0400] {logging_mixin.py:190} INFO - [2025-06-13T15:40:04.767-0400] {dagbag.py:588} INFO - Filling up the DagBag from /Users/pranavr/.pyenv/versions/3.11.6/lib/python3.11/site-packages/airflow/example_dags/example_branch_python_dop_operator_3.py
[2025-06-13T15:40:04.790-0400] {processor.py:925} INFO - DAG(s) 'example_branch_dop_operator_v3' retrieved from /Users/pranavr/.pyenv/versions/3.11.6/lib/python3.11/site-packages/airflow/example_dags/example_branch_python_dop_operator_3.py
[2025-06-13T15:40:04.865-0400] {logging_mixin.py:190} INFO - [2025-06-13T15:40:04.865-0400] {dag.py:3239} INFO - Sync 1 DAGs
[2025-06-13T15:40:04.875-0400] {logging_mixin.py:190} INFO - [2025-06-13T15:40:04.875-0400] {dag.py:4180} INFO - Setting next_dagrun for example_branch_dop_operator_v3 to 2025-06-13T19:39:00+00:00, run_after=2025-06-13T19:40:00+00:00
[2025-06-13T15:40:04.884-0400] {processor.py:208} INFO - Processing /Users/pranavr/.pyenv/versions/3.11.6/lib/python3.11/site-packages/airflow/example_dags/example_branch_python_dop_operator_3.py took 120.435 seconds
[2025-06-13T15:44:49.609-0400] {processor.py:186} INFO - Started process (PID=21809) to work on /Users/pranavr/.pyenv/versions/3.11.6/lib/python3.11/site-packages/airflow/example_dags/example_branch_python_dop_operator_3.py
[2025-06-13T15:44:49.612-0400] {processor.py:914} INFO - Processing file /Users/pranavr/.pyenv/versions/3.11.6/lib/python3.11/site-packages/airflow/example_dags/example_branch_python_dop_operator_3.py for tasks to queue
[2025-06-13T15:44:49.612-0400] {logging_mixin.py:190} INFO - [2025-06-13T15:44:49.612-0400] {dagbag.py:588} INFO - Filling up the DagBag from /Users/pranavr/.pyenv/versions/3.11.6/lib/python3.11/site-packages/airflow/example_dags/example_branch_python_dop_operator_3.py
[2025-06-13T15:44:49.641-0400] {processor.py:925} INFO - DAG(s) 'example_branch_dop_operator_v3' retrieved from /Users/pranavr/.pyenv/versions/3.11.6/lib/python3.11/site-packages/airflow/example_dags/example_branch_python_dop_operator_3.py
[2025-06-13T15:44:49.774-0400] {logging_mixin.py:190} INFO - [2025-06-13T15:44:49.774-0400] {override.py:1930} INFO - Created Permission View: can edit on DAG:example_branch_dop_operator_v3
[2025-06-13T15:44:49.778-0400] {logging_mixin.py:190} INFO - [2025-06-13T15:44:49.777-0400] {override.py:1930} INFO - Created Permission View: can read on DAG:example_branch_dop_operator_v3
[2025-06-13T15:44:49.780-0400] {logging_mixin.py:190} INFO - [2025-06-13T15:44:49.780-0400] {override.py:1930} INFO - Created Permission View: can delete on DAG:example_branch_dop_operator_v3
[2025-06-13T15:44:49.783-0400] {logging_mixin.py:190} INFO - [2025-06-13T15:44:49.783-0400] {override.py:1930} INFO - Created Permission View: menu access on DAG Run:example_branch_dop_operator_v3
[2025-06-13T15:44:49.786-0400] {logging_mixin.py:190} INFO - [2025-06-13T15:44:49.786-0400] {override.py:1930} INFO - Created Permission View: can read on DAG Run:example_branch_dop_operator_v3
[2025-06-13T15:44:49.788-0400] {logging_mixin.py:190} INFO - [2025-06-13T15:44:49.788-0400] {override.py:1930} INFO - Created Permission View: can delete on DAG Run:example_branch_dop_operator_v3
[2025-06-13T15:44:49.791-0400] {logging_mixin.py:190} INFO - [2025-06-13T15:44:49.790-0400] {override.py:1930} INFO - Created Permission View: can create on DAG Run:example_branch_dop_operator_v3
[2025-06-13T15:44:49.791-0400] {logging_mixin.py:190} INFO - [2025-06-13T15:44:49.791-0400] {dag.py:3239} INFO - Sync 1 DAGs
[2025-06-13T15:44:49.796-0400] {logging_mixin.py:190} INFO - [2025-06-13T15:44:49.795-0400] {dag.py:3262} INFO - Creating ORM DAG for example_branch_dop_operator_v3
[2025-06-13T15:44:49.801-0400] {logging_mixin.py:190} INFO - [2025-06-13T15:44:49.801-0400] {dag.py:4180} INFO - Setting next_dagrun for example_branch_dop_operator_v3 to 2025-06-13T19:43:00+00:00, run_after=2025-06-13T19:44:00+00:00
[2025-06-13T15:44:49.812-0400] {processor.py:208} INFO - Processing /Users/pranavr/.pyenv/versions/3.11.6/lib/python3.11/site-packages/airflow/example_dags/example_branch_python_dop_operator_3.py took 204.632 seconds
[2025-06-13T15:47:46.083-0400] {processor.py:186} INFO - Started process (PID=22096) to work on /Users/pranavr/.pyenv/versions/3.11.6/lib/python3.11/site-packages/airflow/example_dags/example_branch_python_dop_operator_3.py
[2025-06-13T15:47:46.085-0400] {processor.py:914} INFO - Processing file /Users/pranavr/.pyenv/versions/3.11.6/lib/python3.11/site-packages/airflow/example_dags/example_branch_python_dop_operator_3.py for tasks to queue
[2025-06-13T15:47:46.086-0400] {logging_mixin.py:190} INFO - [2025-06-13T15:47:46.086-0400] {dagbag.py:588} INFO - Filling up the DagBag from /Users/pranavr/.pyenv/versions/3.11.6/lib/python3.11/site-packages/airflow/example_dags/example_branch_python_dop_operator_3.py
[2025-06-13T15:47:46.103-0400] {processor.py:925} INFO - DAG(s) 'example_branch_dop_operator_v3' retrieved from /Users/pranavr/.pyenv/versions/3.11.6/lib/python3.11/site-packages/airflow/example_dags/example_branch_python_dop_operator_3.py
[2025-06-13T15:47:46.176-0400] {logging_mixin.py:190} INFO - [2025-06-13T15:47:46.176-0400] {dag.py:3239} INFO - Sync 1 DAGs
[2025-06-13T15:47:46.187-0400] {logging_mixin.py:190} INFO - [2025-06-13T15:47:46.187-0400] {dag.py:4180} INFO - Setting next_dagrun for example_branch_dop_operator_v3 to 2025-06-13T19:46:00+00:00, run_after=2025-06-13T19:47:00+00:00
[2025-06-13T15:47:46.194-0400] {processor.py:208} INFO - Processing /Users/pranavr/.pyenv/versions/3.11.6/lib/python3.11/site-packages/airflow/example_dags/example_branch_python_dop_operator_3.py took 112.493 seconds
[2025-06-13T15:50:34.923-0400] {processor.py:186} INFO - Started process (PID=22376) to work on /Users/pranavr/.pyenv/versions/3.11.6/lib/python3.11/site-packages/airflow/example_dags/example_branch_python_dop_operator_3.py
[2025-06-13T15:50:34.924-0400] {processor.py:914} INFO - Processing file /Users/pranavr/.pyenv/versions/3.11.6/lib/python3.11/site-packages/airflow/example_dags/example_branch_python_dop_operator_3.py for tasks to queue
[2025-06-13T15:50:34.925-0400] {logging_mixin.py:190} INFO - [2025-06-13T15:50:34.925-0400] {dagbag.py:588} INFO - Filling up the DagBag from /Users/pranavr/.pyenv/versions/3.11.6/lib/python3.11/site-packages/airflow/example_dags/example_branch_python_dop_operator_3.py
[2025-06-13T15:50:34.944-0400] {processor.py:925} INFO - DAG(s) 'example_branch_dop_operator_v3' retrieved from /Users/pranavr/.pyenv/versions/3.11.6/lib/python3.11/site-packages/airflow/example_dags/example_branch_python_dop_operator_3.py
[2025-06-13T15:50:35.016-0400] {logging_mixin.py:190} INFO - [2025-06-13T15:50:35.016-0400] {dag.py:3239} INFO - Sync 1 DAGs
[2025-06-13T15:50:35.026-0400] {logging_mixin.py:190} INFO - [2025-06-13T15:50:35.026-0400] {dag.py:4180} INFO - Setting next_dagrun for example_branch_dop_operator_v3 to 2025-06-13T19:49:00+00:00, run_after=2025-06-13T19:50:00+00:00
[2025-06-13T15:50:35.034-0400] {processor.py:208} INFO - Processing /Users/pranavr/.pyenv/versions/3.11.6/lib/python3.11/site-packages/airflow/example_dags/example_branch_python_dop_operator_3.py took 113.026 seconds
[2025-06-13T15:53:03.220-0400] {processor.py:186} INFO - Started process (PID=22703) to work on /Users/pranavr/.pyenv/versions/3.11.6/lib/python3.11/site-packages/airflow/example_dags/example_branch_python_dop_operator_3.py
[2025-06-13T15:53:03.222-0400] {processor.py:914} INFO - Processing file /Users/pranavr/.pyenv/versions/3.11.6/lib/python3.11/site-packages/airflow/example_dags/example_branch_python_dop_operator_3.py for tasks to queue
[2025-06-13T15:53:03.222-0400] {logging_mixin.py:190} INFO - [2025-06-13T15:53:03.222-0400] {dagbag.py:588} INFO - Filling up the DagBag from /Users/pranavr/.pyenv/versions/3.11.6/lib/python3.11/site-packages/airflow/example_dags/example_branch_python_dop_operator_3.py
[2025-06-13T15:53:03.238-0400] {processor.py:925} INFO - DAG(s) 'example_branch_dop_operator_v3' retrieved from /Users/pranavr/.pyenv/versions/3.11.6/lib/python3.11/site-packages/airflow/example_dags/example_branch_python_dop_operator_3.py
[2025-06-13T15:53:03.308-0400] {logging_mixin.py:190} INFO - [2025-06-13T15:53:03.307-0400] {dag.py:3239} INFO - Sync 1 DAGs
[2025-06-13T15:53:03.316-0400] {logging_mixin.py:190} INFO - [2025-06-13T15:53:03.316-0400] {dag.py:4180} INFO - Setting next_dagrun for example_branch_dop_operator_v3 to 2025-06-13T19:52:00+00:00, run_after=2025-06-13T19:53:00+00:00
[2025-06-13T15:53:03.324-0400] {processor.py:208} INFO - Processing /Users/pranavr/.pyenv/versions/3.11.6/lib/python3.11/site-packages/airflow/example_dags/example_branch_python_dop_operator_3.py took 105.591 seconds
[2025-06-13T15:55:30.989-0400] {processor.py:186} INFO - Started process (PID=22940) to work on /Users/pranavr/.pyenv/versions/3.11.6/lib/python3.11/site-packages/airflow/example_dags/example_branch_python_dop_operator_3.py
[2025-06-13T15:55:30.992-0400] {processor.py:914} INFO - Processing file /Users/pranavr/.pyenv/versions/3.11.6/lib/python3.11/site-packages/airflow/example_dags/example_branch_python_dop_operator_3.py for tasks to queue
[2025-06-13T15:55:30.992-0400] {logging_mixin.py:190} INFO - [2025-06-13T15:55:30.992-0400] {dagbag.py:588} INFO - Filling up the DagBag from /Users/pranavr/.pyenv/versions/3.11.6/lib/python3.11/site-packages/airflow/example_dags/example_branch_python_dop_operator_3.py
[2025-06-13T15:55:31.007-0400] {processor.py:925} INFO - DAG(s) 'example_branch_dop_operator_v3' retrieved from /Users/pranavr/.pyenv/versions/3.11.6/lib/python3.11/site-packages/airflow/example_dags/example_branch_python_dop_operator_3.py
[2025-06-13T15:55:31.067-0400] {logging_mixin.py:190} INFO - [2025-06-13T15:55:31.067-0400] {dag.py:3239} INFO - Sync 1 DAGs
[2025-06-13T15:55:31.075-0400] {logging_mixin.py:190} INFO - [2025-06-13T15:55:31.075-0400] {dag.py:4180} INFO - Setting next_dagrun for example_branch_dop_operator_v3 to 2025-06-13T19:54:00+00:00, run_after=2025-06-13T19:55:00+00:00
[2025-06-13T15:55:31.082-0400] {processor.py:208} INFO - Processing /Users/pranavr/.pyenv/versions/3.11.6/lib/python3.11/site-packages/airflow/example_dags/example_branch_python_dop_operator_3.py took 94.079 seconds
[2025-06-13T15:57:54.505-0400] {processor.py:186} INFO - Started process (PID=23166) to work on /Users/pranavr/.pyenv/versions/3.11.6/lib/python3.11/site-packages/airflow/example_dags/example_branch_python_dop_operator_3.py
[2025-06-13T15:57:54.507-0400] {processor.py:914} INFO - Processing file /Users/pranavr/.pyenv/versions/3.11.6/lib/python3.11/site-packages/airflow/example_dags/example_branch_python_dop_operator_3.py for tasks to queue
[2025-06-13T15:57:54.507-0400] {logging_mixin.py:190} INFO - [2025-06-13T15:57:54.507-0400] {dagbag.py:588} INFO - Filling up the DagBag from /Users/pranavr/.pyenv/versions/3.11.6/lib/python3.11/site-packages/airflow/example_dags/example_branch_python_dop_operator_3.py
[2025-06-13T15:57:54.523-0400] {processor.py:925} INFO - DAG(s) 'example_branch_dop_operator_v3' retrieved from /Users/pranavr/.pyenv/versions/3.11.6/lib/python3.11/site-packages/airflow/example_dags/example_branch_python_dop_operator_3.py
[2025-06-13T15:57:54.586-0400] {logging_mixin.py:190} INFO - [2025-06-13T15:57:54.586-0400] {dag.py:3239} INFO - Sync 1 DAGs
[2025-06-13T15:57:54.595-0400] {logging_mixin.py:190} INFO - [2025-06-13T15:57:54.595-0400] {dag.py:4180} INFO - Setting next_dagrun for example_branch_dop_operator_v3 to 2025-06-13T19:56:00+00:00, run_after=2025-06-13T19:57:00+00:00
[2025-06-13T15:57:54.602-0400] {processor.py:208} INFO - Processing /Users/pranavr/.pyenv/versions/3.11.6/lib/python3.11/site-packages/airflow/example_dags/example_branch_python_dop_operator_3.py took 98.383 seconds
[2025-06-13T16:00:19.722-0400] {processor.py:186} INFO - Started process (PID=23548) to work on /Users/pranavr/.pyenv/versions/3.11.6/lib/python3.11/site-packages/airflow/example_dags/example_branch_python_dop_operator_3.py
[2025-06-13T16:00:19.723-0400] {processor.py:914} INFO - Processing file /Users/pranavr/.pyenv/versions/3.11.6/lib/python3.11/site-packages/airflow/example_dags/example_branch_python_dop_operator_3.py for tasks to queue
[2025-06-13T16:00:19.724-0400] {logging_mixin.py:190} INFO - [2025-06-13T16:00:19.724-0400] {dagbag.py:588} INFO - Filling up the DagBag from /Users/pranavr/.pyenv/versions/3.11.6/lib/python3.11/site-packages/airflow/example_dags/example_branch_python_dop_operator_3.py
[2025-06-13T16:00:19.739-0400] {processor.py:925} INFO - DAG(s) 'example_branch_dop_operator_v3' retrieved from /Users/pranavr/.pyenv/versions/3.11.6/lib/python3.11/site-packages/airflow/example_dags/example_branch_python_dop_operator_3.py
[2025-06-13T16:00:19.800-0400] {logging_mixin.py:190} INFO - [2025-06-13T16:00:19.800-0400] {dag.py:3239} INFO - Sync 1 DAGs
[2025-06-13T16:00:19.808-0400] {logging_mixin.py:190} INFO - [2025-06-13T16:00:19.808-0400] {dag.py:4180} INFO - Setting next_dagrun for example_branch_dop_operator_v3 to 2025-06-13T19:59:00+00:00, run_after=2025-06-13T20:00:00+00:00
[2025-06-13T16:00:19.814-0400] {processor.py:208} INFO - Processing /Users/pranavr/.pyenv/versions/3.11.6/lib/python3.11/site-packages/airflow/example_dags/example_branch_python_dop_operator_3.py took 94.090 seconds
[2025-06-13T16:02:53.741-0400] {processor.py:186} INFO - Started process (PID=23947) to work on /Users/pranavr/.pyenv/versions/3.11.6/lib/python3.11/site-packages/airflow/example_dags/example_branch_python_dop_operator_3.py
[2025-06-13T16:02:53.743-0400] {processor.py:914} INFO - Processing file /Users/pranavr/.pyenv/versions/3.11.6/lib/python3.11/site-packages/airflow/example_dags/example_branch_python_dop_operator_3.py for tasks to queue
[2025-06-13T16:02:53.744-0400] {logging_mixin.py:190} INFO - [2025-06-13T16:02:53.743-0400] {dagbag.py:588} INFO - Filling up the DagBag from /Users/pranavr/.pyenv/versions/3.11.6/lib/python3.11/site-packages/airflow/example_dags/example_branch_python_dop_operator_3.py
[2025-06-13T16:02:53.768-0400] {processor.py:925} INFO - DAG(s) 'example_branch_dop_operator_v3' retrieved from /Users/pranavr/.pyenv/versions/3.11.6/lib/python3.11/site-packages/airflow/example_dags/example_branch_python_dop_operator_3.py
[2025-06-13T16:02:53.845-0400] {logging_mixin.py:190} INFO - [2025-06-13T16:02:53.845-0400] {dag.py:3239} INFO - Sync 1 DAGs
[2025-06-13T16:02:53.855-0400] {logging_mixin.py:190} INFO - [2025-06-13T16:02:53.855-0400] {dag.py:4180} INFO - Setting next_dagrun for example_branch_dop_operator_v3 to 2025-06-13T20:01:00+00:00, run_after=2025-06-13T20:02:00+00:00
[2025-06-13T16:02:53.863-0400] {processor.py:208} INFO - Processing /Users/pranavr/.pyenv/versions/3.11.6/lib/python3.11/site-packages/airflow/example_dags/example_branch_python_dop_operator_3.py took 123.590 seconds
