[2025-06-13T14:10:41.633-0400] {processor.py:153} INFO - Started process (PID=97121) to work on /Users/pranavr/drift-retrainer/venv311/lib/python3.11/site-packages/airflow/example_dags/example_branch_operator_decorator.py
[2025-06-13T14:10:41.635-0400] {processor.py:743} INFO - Processing file /Users/pranavr/drift-retrainer/venv311/lib/python3.11/site-packages/airflow/example_dags/example_branch_operator_decorator.py for tasks to queue
[2025-06-13T14:10:41.635-0400] {logging_mixin.py:137} INFO - [2025-06-13T14:10:41.635-0400] {dagbag.py:538} INFO - Filling up the DagBag from /Users/pranavr/drift-retrainer/venv311/lib/python3.11/site-packages/airflow/example_dags/example_branch_operator_decorator.py
[2025-06-13T14:10:41.685-0400] {processor.py:753} INFO - DAG(s) dict_keys(['example_branch_python_operator_decorator']) retrieved from /Users/pranavr/drift-retrainer/venv311/lib/python3.11/site-packages/airflow/example_dags/example_branch_operator_decorator.py
[2025-06-13T14:10:42.209-0400] {logging_mixin.py:137} INFO - [2025-06-13T14:10:42.209-0400] {manager.py:504} INFO - Created Permission View: can delete on DAG:example_branch_python_operator_decorator
[2025-06-13T14:10:42.212-0400] {logging_mixin.py:137} INFO - [2025-06-13T14:10:42.212-0400] {manager.py:504} INFO - Created Permission View: can edit on DAG:example_branch_python_operator_decorator
[2025-06-13T14:10:42.215-0400] {logging_mixin.py:137} INFO - [2025-06-13T14:10:42.215-0400] {manager.py:504} INFO - Created Permission View: can read on DAG:example_branch_python_operator_decorator
[2025-06-13T14:10:42.215-0400] {logging_mixin.py:137} INFO - [2025-06-13T14:10:42.215-0400] {dag.py:2690} INFO - Sync 1 DAGs
[2025-06-13T14:10:42.219-0400] {logging_mixin.py:137} INFO - [2025-06-13T14:10:42.219-0400] {dag.py:2711} INFO - Creating ORM DAG for example_branch_python_operator_decorator
[2025-06-13T14:10:42.223-0400] {logging_mixin.py:137} INFO - [2025-06-13T14:10:42.223-0400] {dag.py:3437} INFO - Setting next_dagrun for example_branch_python_operator_decorator to 2025-06-12T00:00:00+00:00, run_after=2025-06-13T00:00:00+00:00
[2025-06-13T14:10:42.232-0400] {processor.py:175} INFO - Processing /Users/pranavr/drift-retrainer/venv311/lib/python3.11/site-packages/airflow/example_dags/example_branch_operator_decorator.py took 0.600 seconds
[2025-06-13T14:12:38.566-0400] {processor.py:153} INFO - Started process (PID=97740) to work on /Users/pranavr/drift-retrainer/venv311/lib/python3.11/site-packages/airflow/example_dags/example_branch_operator_decorator.py
[2025-06-13T14:12:38.570-0400] {processor.py:743} INFO - Processing file /Users/pranavr/drift-retrainer/venv311/lib/python3.11/site-packages/airflow/example_dags/example_branch_operator_decorator.py for tasks to queue
[2025-06-13T14:12:38.574-0400] {logging_mixin.py:137} INFO - [2025-06-13T14:12:38.574-0400] {dagbag.py:538} INFO - Filling up the DagBag from /Users/pranavr/drift-retrainer/venv311/lib/python3.11/site-packages/airflow/example_dags/example_branch_operator_decorator.py
[2025-06-13T14:12:38.615-0400] {processor.py:753} INFO - DAG(s) dict_keys(['example_branch_python_operator_decorator']) retrieved from /Users/pranavr/drift-retrainer/venv311/lib/python3.11/site-packages/airflow/example_dags/example_branch_operator_decorator.py
[2025-06-13T14:12:39.152-0400] {logging_mixin.py:137} INFO - [2025-06-13T14:12:39.152-0400] {dag.py:2690} INFO - Sync 1 DAGs
[2025-06-13T14:12:39.159-0400] {logging_mixin.py:137} INFO - [2025-06-13T14:12:39.159-0400] {dag.py:3437} INFO - Setting next_dagrun for example_branch_python_operator_decorator to 2025-06-12T00:00:00+00:00, run_after=2025-06-13T00:00:00+00:00
[2025-06-13T14:12:39.168-0400] {processor.py:175} INFO - Processing /Users/pranavr/drift-retrainer/venv311/lib/python3.11/site-packages/airflow/example_dags/example_branch_operator_decorator.py took 0.602 seconds
[2025-06-13T14:14:26.248-0400] {processor.py:153} INFO - Started process (PID=99411) to work on /Users/pranavr/drift-retrainer/venv311/lib/python3.11/site-packages/airflow/example_dags/example_branch_operator_decorator.py
[2025-06-13T14:14:26.250-0400] {processor.py:743} INFO - Processing file /Users/pranavr/drift-retrainer/venv311/lib/python3.11/site-packages/airflow/example_dags/example_branch_operator_decorator.py for tasks to queue
[2025-06-13T14:14:26.250-0400] {logging_mixin.py:137} INFO - [2025-06-13T14:14:26.250-0400] {dagbag.py:538} INFO - Filling up the DagBag from /Users/pranavr/drift-retrainer/venv311/lib/python3.11/site-packages/airflow/example_dags/example_branch_operator_decorator.py
[2025-06-13T14:14:26.293-0400] {processor.py:753} INFO - DAG(s) dict_keys(['example_branch_python_operator_decorator']) retrieved from /Users/pranavr/drift-retrainer/venv311/lib/python3.11/site-packages/airflow/example_dags/example_branch_operator_decorator.py
[2025-06-13T14:14:26.765-0400] {logging_mixin.py:137} INFO - [2025-06-13T14:14:26.765-0400] {dag.py:2690} INFO - Sync 1 DAGs
[2025-06-13T14:14:26.773-0400] {logging_mixin.py:137} INFO - [2025-06-13T14:14:26.773-0400] {dag.py:3437} INFO - Setting next_dagrun for example_branch_python_operator_decorator to 2025-06-12T00:00:00+00:00, run_after=2025-06-13T00:00:00+00:00
[2025-06-13T14:14:26.782-0400] {processor.py:175} INFO - Processing /Users/pranavr/drift-retrainer/venv311/lib/python3.11/site-packages/airflow/example_dags/example_branch_operator_decorator.py took 0.535 seconds
[2025-06-13T14:16:24.754-0400] {processor.py:153} INFO - Started process (PID=3500) to work on /Users/pranavr/drift-retrainer/venv311/lib/python3.11/site-packages/airflow/example_dags/example_branch_operator_decorator.py
[2025-06-13T14:16:24.756-0400] {processor.py:743} INFO - Processing file /Users/pranavr/drift-retrainer/venv311/lib/python3.11/site-packages/airflow/example_dags/example_branch_operator_decorator.py for tasks to queue
[2025-06-13T14:16:24.756-0400] {logging_mixin.py:137} INFO - [2025-06-13T14:16:24.756-0400] {dagbag.py:538} INFO - Filling up the DagBag from /Users/pranavr/drift-retrainer/venv311/lib/python3.11/site-packages/airflow/example_dags/example_branch_operator_decorator.py
[2025-06-13T14:16:24.786-0400] {processor.py:753} INFO - DAG(s) dict_keys(['example_branch_python_operator_decorator']) retrieved from /Users/pranavr/drift-retrainer/venv311/lib/python3.11/site-packages/airflow/example_dags/example_branch_operator_decorator.py
[2025-06-13T14:16:25.230-0400] {logging_mixin.py:137} INFO - [2025-06-13T14:16:25.229-0400] {dag.py:2690} INFO - Sync 1 DAGs
[2025-06-13T14:16:25.238-0400] {logging_mixin.py:137} INFO - [2025-06-13T14:16:25.237-0400] {dag.py:3437} INFO - Setting next_dagrun for example_branch_python_operator_decorator to 2025-06-12T00:00:00+00:00, run_after=2025-06-13T00:00:00+00:00
[2025-06-13T14:16:25.246-0400] {processor.py:175} INFO - Processing /Users/pranavr/drift-retrainer/venv311/lib/python3.11/site-packages/airflow/example_dags/example_branch_operator_decorator.py took 0.492 seconds
[2025-06-13T14:18:16.149-0400] {processor.py:153} INFO - Started process (PID=6292) to work on /Users/pranavr/drift-retrainer/venv311/lib/python3.11/site-packages/airflow/example_dags/example_branch_operator_decorator.py
[2025-06-13T14:18:16.151-0400] {processor.py:743} INFO - Processing file /Users/pranavr/drift-retrainer/venv311/lib/python3.11/site-packages/airflow/example_dags/example_branch_operator_decorator.py for tasks to queue
[2025-06-13T14:18:16.151-0400] {logging_mixin.py:137} INFO - [2025-06-13T14:18:16.151-0400] {dagbag.py:538} INFO - Filling up the DagBag from /Users/pranavr/drift-retrainer/venv311/lib/python3.11/site-packages/airflow/example_dags/example_branch_operator_decorator.py
[2025-06-13T14:18:16.183-0400] {processor.py:753} INFO - DAG(s) dict_keys(['example_branch_python_operator_decorator']) retrieved from /Users/pranavr/drift-retrainer/venv311/lib/python3.11/site-packages/airflow/example_dags/example_branch_operator_decorator.py
[2025-06-13T14:18:16.713-0400] {logging_mixin.py:137} INFO - [2025-06-13T14:18:16.713-0400] {dag.py:2690} INFO - Sync 1 DAGs
[2025-06-13T14:18:16.720-0400] {logging_mixin.py:137} INFO - [2025-06-13T14:18:16.720-0400] {dag.py:3437} INFO - Setting next_dagrun for example_branch_python_operator_decorator to 2025-06-12T00:00:00+00:00, run_after=2025-06-13T00:00:00+00:00
[2025-06-13T14:18:16.729-0400] {processor.py:175} INFO - Processing /Users/pranavr/drift-retrainer/venv311/lib/python3.11/site-packages/airflow/example_dags/example_branch_operator_decorator.py took 0.581 seconds
[2025-06-13T14:20:21.572-0400] {processor.py:153} INFO - Started process (PID=6698) to work on /Users/pranavr/drift-retrainer/venv311/lib/python3.11/site-packages/airflow/example_dags/example_branch_operator_decorator.py
[2025-06-13T14:20:21.574-0400] {processor.py:743} INFO - Processing file /Users/pranavr/drift-retrainer/venv311/lib/python3.11/site-packages/airflow/example_dags/example_branch_operator_decorator.py for tasks to queue
[2025-06-13T14:20:21.574-0400] {logging_mixin.py:137} INFO - [2025-06-13T14:20:21.574-0400] {dagbag.py:538} INFO - Filling up the DagBag from /Users/pranavr/drift-retrainer/venv311/lib/python3.11/site-packages/airflow/example_dags/example_branch_operator_decorator.py
[2025-06-13T14:20:21.660-0400] {processor.py:753} INFO - DAG(s) dict_keys(['example_branch_python_operator_decorator']) retrieved from /Users/pranavr/drift-retrainer/venv311/lib/python3.11/site-packages/airflow/example_dags/example_branch_operator_decorator.py
[2025-06-13T14:20:22.113-0400] {logging_mixin.py:137} INFO - [2025-06-13T14:20:22.113-0400] {dag.py:2690} INFO - Sync 1 DAGs
[2025-06-13T14:20:22.121-0400] {logging_mixin.py:137} INFO - [2025-06-13T14:20:22.121-0400] {dag.py:3437} INFO - Setting next_dagrun for example_branch_python_operator_decorator to 2025-06-12T00:00:00+00:00, run_after=2025-06-13T00:00:00+00:00
[2025-06-13T14:20:22.132-0400] {processor.py:175} INFO - Processing /Users/pranavr/drift-retrainer/venv311/lib/python3.11/site-packages/airflow/example_dags/example_branch_operator_decorator.py took 0.560 seconds
[2025-06-13T14:23:06.886-0400] {processor.py:186} INFO - Started process (PID=7792) to work on /Users/pranavr/.pyenv/versions/3.11.6/lib/python3.11/site-packages/airflow/example_dags/example_branch_operator_decorator.py
[2025-06-13T14:23:06.889-0400] {processor.py:914} INFO - Processing file /Users/pranavr/.pyenv/versions/3.11.6/lib/python3.11/site-packages/airflow/example_dags/example_branch_operator_decorator.py for tasks to queue
[2025-06-13T14:23:06.889-0400] {logging_mixin.py:190} INFO - [2025-06-13T14:23:06.889-0400] {dagbag.py:588} INFO - Filling up the DagBag from /Users/pranavr/.pyenv/versions/3.11.6/lib/python3.11/site-packages/airflow/example_dags/example_branch_operator_decorator.py
[2025-06-13T14:23:06.919-0400] {processor.py:927} WARNING - No viable dags retrieved from /Users/pranavr/.pyenv/versions/3.11.6/lib/python3.11/site-packages/airflow/example_dags/example_branch_operator_decorator.py
[2025-06-13T14:23:07.009-0400] {processor.py:208} INFO - Processing /Users/pranavr/.pyenv/versions/3.11.6/lib/python3.11/site-packages/airflow/example_dags/example_branch_operator_decorator.py took 126.814 seconds
[2025-06-13T14:26:10.325-0400] {processor.py:186} INFO - Started process (PID=8040) to work on /Users/pranavr/.pyenv/versions/3.11.6/lib/python3.11/site-packages/airflow/example_dags/example_branch_operator_decorator.py
[2025-06-13T14:26:10.327-0400] {processor.py:914} INFO - Processing file /Users/pranavr/.pyenv/versions/3.11.6/lib/python3.11/site-packages/airflow/example_dags/example_branch_operator_decorator.py for tasks to queue
[2025-06-13T14:26:10.328-0400] {logging_mixin.py:190} INFO - [2025-06-13T14:26:10.328-0400] {dagbag.py:588} INFO - Filling up the DagBag from /Users/pranavr/.pyenv/versions/3.11.6/lib/python3.11/site-packages/airflow/example_dags/example_branch_operator_decorator.py
[2025-06-13T14:26:10.338-0400] {processor.py:927} WARNING - No viable dags retrieved from /Users/pranavr/.pyenv/versions/3.11.6/lib/python3.11/site-packages/airflow/example_dags/example_branch_operator_decorator.py
[2025-06-13T14:26:10.418-0400] {processor.py:208} INFO - Processing /Users/pranavr/.pyenv/versions/3.11.6/lib/python3.11/site-packages/airflow/example_dags/example_branch_operator_decorator.py took 94.068 seconds
[2025-06-13T14:29:14.092-0400] {processor.py:186} INFO - Started process (PID=8864) to work on /Users/pranavr/.pyenv/versions/3.11.6/lib/python3.11/site-packages/airflow/example_dags/example_branch_operator_decorator.py
[2025-06-13T14:29:14.095-0400] {processor.py:914} INFO - Processing file /Users/pranavr/.pyenv/versions/3.11.6/lib/python3.11/site-packages/airflow/example_dags/example_branch_operator_decorator.py for tasks to queue
[2025-06-13T14:29:14.095-0400] {logging_mixin.py:190} INFO - [2025-06-13T14:29:14.095-0400] {dagbag.py:588} INFO - Filling up the DagBag from /Users/pranavr/.pyenv/versions/3.11.6/lib/python3.11/site-packages/airflow/example_dags/example_branch_operator_decorator.py
[2025-06-13T14:29:14.111-0400] {processor.py:927} WARNING - No viable dags retrieved from /Users/pranavr/.pyenv/versions/3.11.6/lib/python3.11/site-packages/airflow/example_dags/example_branch_operator_decorator.py
[2025-06-13T14:29:14.197-0400] {processor.py:208} INFO - Processing /Users/pranavr/.pyenv/versions/3.11.6/lib/python3.11/site-packages/airflow/example_dags/example_branch_operator_decorator.py took 106.140 seconds
[2025-06-13T14:32:12.157-0400] {processor.py:186} INFO - Started process (PID=9503) to work on /Users/pranavr/.pyenv/versions/3.11.6/lib/python3.11/site-packages/airflow/example_dags/example_branch_operator_decorator.py
[2025-06-13T14:32:12.160-0400] {processor.py:914} INFO - Processing file /Users/pranavr/.pyenv/versions/3.11.6/lib/python3.11/site-packages/airflow/example_dags/example_branch_operator_decorator.py for tasks to queue
[2025-06-13T14:32:12.160-0400] {logging_mixin.py:190} INFO - [2025-06-13T14:32:12.160-0400] {dagbag.py:588} INFO - Filling up the DagBag from /Users/pranavr/.pyenv/versions/3.11.6/lib/python3.11/site-packages/airflow/example_dags/example_branch_operator_decorator.py
[2025-06-13T14:32:12.170-0400] {processor.py:927} WARNING - No viable dags retrieved from /Users/pranavr/.pyenv/versions/3.11.6/lib/python3.11/site-packages/airflow/example_dags/example_branch_operator_decorator.py
[2025-06-13T14:32:12.250-0400] {processor.py:208} INFO - Processing /Users/pranavr/.pyenv/versions/3.11.6/lib/python3.11/site-packages/airflow/example_dags/example_branch_operator_decorator.py took 94.447 seconds
[2025-06-13T14:35:17.264-0400] {processor.py:186} INFO - Started process (PID=10150) to work on /Users/pranavr/.pyenv/versions/3.11.6/lib/python3.11/site-packages/airflow/example_dags/example_branch_operator_decorator.py
[2025-06-13T14:35:17.266-0400] {processor.py:914} INFO - Processing file /Users/pranavr/.pyenv/versions/3.11.6/lib/python3.11/site-packages/airflow/example_dags/example_branch_operator_decorator.py for tasks to queue
[2025-06-13T14:35:17.267-0400] {logging_mixin.py:190} INFO - [2025-06-13T14:35:17.267-0400] {dagbag.py:588} INFO - Filling up the DagBag from /Users/pranavr/.pyenv/versions/3.11.6/lib/python3.11/site-packages/airflow/example_dags/example_branch_operator_decorator.py
[2025-06-13T14:35:17.282-0400] {processor.py:927} WARNING - No viable dags retrieved from /Users/pranavr/.pyenv/versions/3.11.6/lib/python3.11/site-packages/airflow/example_dags/example_branch_operator_decorator.py
[2025-06-13T14:35:17.371-0400] {processor.py:208} INFO - Processing /Users/pranavr/.pyenv/versions/3.11.6/lib/python3.11/site-packages/airflow/example_dags/example_branch_operator_decorator.py took 108.643 seconds
[2025-06-13T14:38:16.930-0400] {processor.py:186} INFO - Started process (PID=11196) to work on /Users/pranavr/.pyenv/versions/3.11.6/lib/python3.11/site-packages/airflow/example_dags/example_branch_operator_decorator.py
[2025-06-13T14:38:16.933-0400] {processor.py:914} INFO - Processing file /Users/pranavr/.pyenv/versions/3.11.6/lib/python3.11/site-packages/airflow/example_dags/example_branch_operator_decorator.py for tasks to queue
[2025-06-13T14:38:16.934-0400] {logging_mixin.py:190} INFO - [2025-06-13T14:38:16.934-0400] {dagbag.py:588} INFO - Filling up the DagBag from /Users/pranavr/.pyenv/versions/3.11.6/lib/python3.11/site-packages/airflow/example_dags/example_branch_operator_decorator.py
[2025-06-13T14:38:16.953-0400] {processor.py:927} WARNING - No viable dags retrieved from /Users/pranavr/.pyenv/versions/3.11.6/lib/python3.11/site-packages/airflow/example_dags/example_branch_operator_decorator.py
[2025-06-13T14:38:17.031-0400] {processor.py:208} INFO - Processing /Users/pranavr/.pyenv/versions/3.11.6/lib/python3.11/site-packages/airflow/example_dags/example_branch_operator_decorator.py took 102.998 seconds
[2025-06-13T14:40:57.857-0400] {processor.py:186} INFO - Started process (PID=11704) to work on /Users/pranavr/.pyenv/versions/3.11.6/lib/python3.11/site-packages/airflow/example_dags/example_branch_operator_decorator.py
[2025-06-13T14:40:57.859-0400] {processor.py:914} INFO - Processing file /Users/pranavr/.pyenv/versions/3.11.6/lib/python3.11/site-packages/airflow/example_dags/example_branch_operator_decorator.py for tasks to queue
[2025-06-13T14:40:57.860-0400] {logging_mixin.py:190} INFO - [2025-06-13T14:40:57.860-0400] {dagbag.py:588} INFO - Filling up the DagBag from /Users/pranavr/.pyenv/versions/3.11.6/lib/python3.11/site-packages/airflow/example_dags/example_branch_operator_decorator.py
[2025-06-13T14:40:57.868-0400] {processor.py:927} WARNING - No viable dags retrieved from /Users/pranavr/.pyenv/versions/3.11.6/lib/python3.11/site-packages/airflow/example_dags/example_branch_operator_decorator.py
[2025-06-13T14:40:57.928-0400] {processor.py:208} INFO - Processing /Users/pranavr/.pyenv/versions/3.11.6/lib/python3.11/site-packages/airflow/example_dags/example_branch_operator_decorator.py took 72.766 seconds
[2025-06-13T14:43:28.112-0400] {processor.py:186} INFO - Started process (PID=11957) to work on /Users/pranavr/.pyenv/versions/3.11.6/lib/python3.11/site-packages/airflow/example_dags/example_branch_operator_decorator.py
[2025-06-13T14:43:28.114-0400] {processor.py:914} INFO - Processing file /Users/pranavr/.pyenv/versions/3.11.6/lib/python3.11/site-packages/airflow/example_dags/example_branch_operator_decorator.py for tasks to queue
[2025-06-13T14:43:28.114-0400] {logging_mixin.py:190} INFO - [2025-06-13T14:43:28.114-0400] {dagbag.py:588} INFO - Filling up the DagBag from /Users/pranavr/.pyenv/versions/3.11.6/lib/python3.11/site-packages/airflow/example_dags/example_branch_operator_decorator.py
[2025-06-13T14:43:28.126-0400] {processor.py:927} WARNING - No viable dags retrieved from /Users/pranavr/.pyenv/versions/3.11.6/lib/python3.11/site-packages/airflow/example_dags/example_branch_operator_decorator.py
[2025-06-13T14:43:28.189-0400] {processor.py:208} INFO - Processing /Users/pranavr/.pyenv/versions/3.11.6/lib/python3.11/site-packages/airflow/example_dags/example_branch_operator_decorator.py took 77.748 seconds
[2025-06-13T14:45:52.387-0400] {processor.py:186} INFO - Started process (PID=12255) to work on /Users/pranavr/.pyenv/versions/3.11.6/lib/python3.11/site-packages/airflow/example_dags/example_branch_operator_decorator.py
[2025-06-13T14:45:52.389-0400] {processor.py:914} INFO - Processing file /Users/pranavr/.pyenv/versions/3.11.6/lib/python3.11/site-packages/airflow/example_dags/example_branch_operator_decorator.py for tasks to queue
[2025-06-13T14:45:52.389-0400] {logging_mixin.py:190} INFO - [2025-06-13T14:45:52.389-0400] {dagbag.py:588} INFO - Filling up the DagBag from /Users/pranavr/.pyenv/versions/3.11.6/lib/python3.11/site-packages/airflow/example_dags/example_branch_operator_decorator.py
[2025-06-13T14:45:52.398-0400] {processor.py:927} WARNING - No viable dags retrieved from /Users/pranavr/.pyenv/versions/3.11.6/lib/python3.11/site-packages/airflow/example_dags/example_branch_operator_decorator.py
[2025-06-13T14:45:52.460-0400] {processor.py:208} INFO - Processing /Users/pranavr/.pyenv/versions/3.11.6/lib/python3.11/site-packages/airflow/example_dags/example_branch_operator_decorator.py took 74.631 seconds
[2025-06-13T14:48:19.859-0400] {processor.py:186} INFO - Started process (PID=12484) to work on /Users/pranavr/.pyenv/versions/3.11.6/lib/python3.11/site-packages/airflow/example_dags/example_branch_operator_decorator.py
[2025-06-13T14:48:19.860-0400] {processor.py:914} INFO - Processing file /Users/pranavr/.pyenv/versions/3.11.6/lib/python3.11/site-packages/airflow/example_dags/example_branch_operator_decorator.py for tasks to queue
[2025-06-13T14:48:19.861-0400] {logging_mixin.py:190} INFO - [2025-06-13T14:48:19.861-0400] {dagbag.py:588} INFO - Filling up the DagBag from /Users/pranavr/.pyenv/versions/3.11.6/lib/python3.11/site-packages/airflow/example_dags/example_branch_operator_decorator.py
[2025-06-13T14:48:19.873-0400] {processor.py:927} WARNING - No viable dags retrieved from /Users/pranavr/.pyenv/versions/3.11.6/lib/python3.11/site-packages/airflow/example_dags/example_branch_operator_decorator.py
[2025-06-13T14:48:19.936-0400] {processor.py:208} INFO - Processing /Users/pranavr/.pyenv/versions/3.11.6/lib/python3.11/site-packages/airflow/example_dags/example_branch_operator_decorator.py took 78.386 seconds
[2025-06-13T14:50:47.102-0400] {processor.py:186} INFO - Started process (PID=12726) to work on /Users/pranavr/.pyenv/versions/3.11.6/lib/python3.11/site-packages/airflow/example_dags/example_branch_operator_decorator.py
[2025-06-13T14:50:47.105-0400] {processor.py:914} INFO - Processing file /Users/pranavr/.pyenv/versions/3.11.6/lib/python3.11/site-packages/airflow/example_dags/example_branch_operator_decorator.py for tasks to queue
[2025-06-13T14:50:47.105-0400] {logging_mixin.py:190} INFO - [2025-06-13T14:50:47.105-0400] {dagbag.py:588} INFO - Filling up the DagBag from /Users/pranavr/.pyenv/versions/3.11.6/lib/python3.11/site-packages/airflow/example_dags/example_branch_operator_decorator.py
[2025-06-13T14:50:47.113-0400] {processor.py:927} WARNING - No viable dags retrieved from /Users/pranavr/.pyenv/versions/3.11.6/lib/python3.11/site-packages/airflow/example_dags/example_branch_operator_decorator.py
[2025-06-13T14:50:47.170-0400] {processor.py:208} INFO - Processing /Users/pranavr/.pyenv/versions/3.11.6/lib/python3.11/site-packages/airflow/example_dags/example_branch_operator_decorator.py took 69.281 seconds
[2025-06-13T14:53:16.497-0400] {processor.py:186} INFO - Started process (PID=14075) to work on /Users/pranavr/.pyenv/versions/3.11.6/lib/python3.11/site-packages/airflow/example_dags/example_branch_operator_decorator.py
[2025-06-13T14:53:16.500-0400] {processor.py:914} INFO - Processing file /Users/pranavr/.pyenv/versions/3.11.6/lib/python3.11/site-packages/airflow/example_dags/example_branch_operator_decorator.py for tasks to queue
[2025-06-13T14:53:16.500-0400] {logging_mixin.py:190} INFO - [2025-06-13T14:53:16.500-0400] {dagbag.py:588} INFO - Filling up the DagBag from /Users/pranavr/.pyenv/versions/3.11.6/lib/python3.11/site-packages/airflow/example_dags/example_branch_operator_decorator.py
[2025-06-13T14:53:16.509-0400] {processor.py:927} WARNING - No viable dags retrieved from /Users/pranavr/.pyenv/versions/3.11.6/lib/python3.11/site-packages/airflow/example_dags/example_branch_operator_decorator.py
[2025-06-13T14:53:16.568-0400] {processor.py:208} INFO - Processing /Users/pranavr/.pyenv/versions/3.11.6/lib/python3.11/site-packages/airflow/example_dags/example_branch_operator_decorator.py took 72.220 seconds
[2025-06-13T14:55:50.893-0400] {processor.py:186} INFO - Started process (PID=14309) to work on /Users/pranavr/.pyenv/versions/3.11.6/lib/python3.11/site-packages/airflow/example_dags/example_branch_operator_decorator.py
[2025-06-13T14:55:50.895-0400] {processor.py:914} INFO - Processing file /Users/pranavr/.pyenv/versions/3.11.6/lib/python3.11/site-packages/airflow/example_dags/example_branch_operator_decorator.py for tasks to queue
[2025-06-13T14:55:50.895-0400] {logging_mixin.py:190} INFO - [2025-06-13T14:55:50.895-0400] {dagbag.py:588} INFO - Filling up the DagBag from /Users/pranavr/.pyenv/versions/3.11.6/lib/python3.11/site-packages/airflow/example_dags/example_branch_operator_decorator.py
[2025-06-13T14:55:50.904-0400] {processor.py:927} WARNING - No viable dags retrieved from /Users/pranavr/.pyenv/versions/3.11.6/lib/python3.11/site-packages/airflow/example_dags/example_branch_operator_decorator.py
[2025-06-13T14:55:50.966-0400] {processor.py:208} INFO - Processing /Users/pranavr/.pyenv/versions/3.11.6/lib/python3.11/site-packages/airflow/example_dags/example_branch_operator_decorator.py took 74.142 seconds
[2025-06-13T14:58:28.236-0400] {processor.py:186} INFO - Started process (PID=14676) to work on /Users/pranavr/.pyenv/versions/3.11.6/lib/python3.11/site-packages/airflow/example_dags/example_branch_operator_decorator.py
[2025-06-13T14:58:28.238-0400] {processor.py:914} INFO - Processing file /Users/pranavr/.pyenv/versions/3.11.6/lib/python3.11/site-packages/airflow/example_dags/example_branch_operator_decorator.py for tasks to queue
[2025-06-13T14:58:28.238-0400] {logging_mixin.py:190} INFO - [2025-06-13T14:58:28.238-0400] {dagbag.py:588} INFO - Filling up the DagBag from /Users/pranavr/.pyenv/versions/3.11.6/lib/python3.11/site-packages/airflow/example_dags/example_branch_operator_decorator.py
[2025-06-13T14:58:28.247-0400] {processor.py:927} WARNING - No viable dags retrieved from /Users/pranavr/.pyenv/versions/3.11.6/lib/python3.11/site-packages/airflow/example_dags/example_branch_operator_decorator.py
[2025-06-13T14:58:28.316-0400] {processor.py:208} INFO - Processing /Users/pranavr/.pyenv/versions/3.11.6/lib/python3.11/site-packages/airflow/example_dags/example_branch_operator_decorator.py took 81.215 seconds
[2025-06-13T15:01:57.076-0400] {processor.py:186} INFO - Started process (PID=15207) to work on /Users/pranavr/.pyenv/versions/3.11.6/lib/python3.11/site-packages/airflow/example_dags/example_branch_operator_decorator.py
[2025-06-13T15:01:57.078-0400] {processor.py:914} INFO - Processing file /Users/pranavr/.pyenv/versions/3.11.6/lib/python3.11/site-packages/airflow/example_dags/example_branch_operator_decorator.py for tasks to queue
[2025-06-13T15:01:57.078-0400] {logging_mixin.py:190} INFO - [2025-06-13T15:01:57.078-0400] {dagbag.py:588} INFO - Filling up the DagBag from /Users/pranavr/.pyenv/versions/3.11.6/lib/python3.11/site-packages/airflow/example_dags/example_branch_operator_decorator.py
[2025-06-13T15:01:57.088-0400] {processor.py:927} WARNING - No viable dags retrieved from /Users/pranavr/.pyenv/versions/3.11.6/lib/python3.11/site-packages/airflow/example_dags/example_branch_operator_decorator.py
[2025-06-13T15:01:57.155-0400] {processor.py:208} INFO - Processing /Users/pranavr/.pyenv/versions/3.11.6/lib/python3.11/site-packages/airflow/example_dags/example_branch_operator_decorator.py took 80.414 seconds
[2025-06-13T15:05:58.146-0400] {processor.py:186} INFO - Started process (PID=16241) to work on /Users/pranavr/.pyenv/versions/3.11.6/lib/python3.11/site-packages/airflow/example_dags/example_branch_operator_decorator.py
[2025-06-13T15:05:58.149-0400] {processor.py:914} INFO - Processing file /Users/pranavr/.pyenv/versions/3.11.6/lib/python3.11/site-packages/airflow/example_dags/example_branch_operator_decorator.py for tasks to queue
[2025-06-13T15:05:58.149-0400] {logging_mixin.py:190} INFO - [2025-06-13T15:05:58.149-0400] {dagbag.py:588} INFO - Filling up the DagBag from /Users/pranavr/.pyenv/versions/3.11.6/lib/python3.11/site-packages/airflow/example_dags/example_branch_operator_decorator.py
[2025-06-13T15:05:58.162-0400] {processor.py:927} WARNING - No viable dags retrieved from /Users/pranavr/.pyenv/versions/3.11.6/lib/python3.11/site-packages/airflow/example_dags/example_branch_operator_decorator.py
[2025-06-13T15:05:58.235-0400] {processor.py:208} INFO - Processing /Users/pranavr/.pyenv/versions/3.11.6/lib/python3.11/site-packages/airflow/example_dags/example_branch_operator_decorator.py took 91.027 seconds
[2025-06-13T15:08:37.172-0400] {processor.py:186} INFO - Started process (PID=16501) to work on /Users/pranavr/.pyenv/versions/3.11.6/lib/python3.11/site-packages/airflow/example_dags/example_branch_operator_decorator.py
[2025-06-13T15:08:37.175-0400] {processor.py:914} INFO - Processing file /Users/pranavr/.pyenv/versions/3.11.6/lib/python3.11/site-packages/airflow/example_dags/example_branch_operator_decorator.py for tasks to queue
[2025-06-13T15:08:37.175-0400] {logging_mixin.py:190} INFO - [2025-06-13T15:08:37.175-0400] {dagbag.py:588} INFO - Filling up the DagBag from /Users/pranavr/.pyenv/versions/3.11.6/lib/python3.11/site-packages/airflow/example_dags/example_branch_operator_decorator.py
[2025-06-13T15:08:37.185-0400] {processor.py:927} WARNING - No viable dags retrieved from /Users/pranavr/.pyenv/versions/3.11.6/lib/python3.11/site-packages/airflow/example_dags/example_branch_operator_decorator.py
[2025-06-13T15:08:37.250-0400] {processor.py:208} INFO - Processing /Users/pranavr/.pyenv/versions/3.11.6/lib/python3.11/site-packages/airflow/example_dags/example_branch_operator_decorator.py took 79.366 seconds
[2025-06-13T15:11:26.608-0400] {processor.py:186} INFO - Started process (PID=16860) to work on /Users/pranavr/.pyenv/versions/3.11.6/lib/python3.11/site-packages/airflow/example_dags/example_branch_operator_decorator.py
[2025-06-13T15:11:26.610-0400] {processor.py:914} INFO - Processing file /Users/pranavr/.pyenv/versions/3.11.6/lib/python3.11/site-packages/airflow/example_dags/example_branch_operator_decorator.py for tasks to queue
[2025-06-13T15:11:26.611-0400] {logging_mixin.py:190} INFO - [2025-06-13T15:11:26.611-0400] {dagbag.py:588} INFO - Filling up the DagBag from /Users/pranavr/.pyenv/versions/3.11.6/lib/python3.11/site-packages/airflow/example_dags/example_branch_operator_decorator.py
[2025-06-13T15:11:26.624-0400] {processor.py:927} WARNING - No viable dags retrieved from /Users/pranavr/.pyenv/versions/3.11.6/lib/python3.11/site-packages/airflow/example_dags/example_branch_operator_decorator.py
[2025-06-13T15:11:26.696-0400] {processor.py:208} INFO - Processing /Users/pranavr/.pyenv/versions/3.11.6/lib/python3.11/site-packages/airflow/example_dags/example_branch_operator_decorator.py took 90.159 seconds
[2025-06-13T15:20:11.127-0400] {processor.py:186} INFO - Started process (PID=17865) to work on /Users/pranavr/.pyenv/versions/3.11.6/lib/python3.11/site-packages/airflow/example_dags/example_branch_operator_decorator.py
[2025-06-13T15:20:11.130-0400] {processor.py:914} INFO - Processing file /Users/pranavr/.pyenv/versions/3.11.6/lib/python3.11/site-packages/airflow/example_dags/example_branch_operator_decorator.py for tasks to queue
[2025-06-13T15:20:11.130-0400] {logging_mixin.py:190} INFO - [2025-06-13T15:20:11.130-0400] {dagbag.py:588} INFO - Filling up the DagBag from /Users/pranavr/.pyenv/versions/3.11.6/lib/python3.11/site-packages/airflow/example_dags/example_branch_operator_decorator.py
[2025-06-13T15:20:11.140-0400] {processor.py:927} WARNING - No viable dags retrieved from /Users/pranavr/.pyenv/versions/3.11.6/lib/python3.11/site-packages/airflow/example_dags/example_branch_operator_decorator.py
[2025-06-13T15:20:11.206-0400] {processor.py:208} INFO - Processing /Users/pranavr/.pyenv/versions/3.11.6/lib/python3.11/site-packages/airflow/example_dags/example_branch_operator_decorator.py took 80.360 seconds
[2025-06-13T15:26:27.969-0400] {processor.py:186} INFO - Started process (PID=19026) to work on /Users/pranavr/.pyenv/versions/3.11.6/lib/python3.11/site-packages/airflow/example_dags/example_branch_operator_decorator.py
[2025-06-13T15:26:27.971-0400] {processor.py:914} INFO - Processing file /Users/pranavr/.pyenv/versions/3.11.6/lib/python3.11/site-packages/airflow/example_dags/example_branch_operator_decorator.py for tasks to queue
[2025-06-13T15:26:27.972-0400] {logging_mixin.py:190} INFO - [2025-06-13T15:26:27.972-0400] {dagbag.py:588} INFO - Filling up the DagBag from /Users/pranavr/.pyenv/versions/3.11.6/lib/python3.11/site-packages/airflow/example_dags/example_branch_operator_decorator.py
[2025-06-13T15:26:27.983-0400] {processor.py:927} WARNING - No viable dags retrieved from /Users/pranavr/.pyenv/versions/3.11.6/lib/python3.11/site-packages/airflow/example_dags/example_branch_operator_decorator.py
[2025-06-13T15:26:28.049-0400] {processor.py:208} INFO - Processing /Users/pranavr/.pyenv/versions/3.11.6/lib/python3.11/site-packages/airflow/example_dags/example_branch_operator_decorator.py took 80.620 seconds
[2025-06-13T15:31:46.197-0400] {processor.py:186} INFO - Started process (PID=19970) to work on /Users/pranavr/.pyenv/versions/3.11.6/lib/python3.11/site-packages/airflow/example_dags/example_branch_operator_decorator.py
[2025-06-13T15:31:46.200-0400] {processor.py:914} INFO - Processing file /Users/pranavr/.pyenv/versions/3.11.6/lib/python3.11/site-packages/airflow/example_dags/example_branch_operator_decorator.py for tasks to queue
[2025-06-13T15:31:46.200-0400] {logging_mixin.py:190} INFO - [2025-06-13T15:31:46.200-0400] {dagbag.py:588} INFO - Filling up the DagBag from /Users/pranavr/.pyenv/versions/3.11.6/lib/python3.11/site-packages/airflow/example_dags/example_branch_operator_decorator.py
[2025-06-13T15:31:46.211-0400] {processor.py:927} WARNING - No viable dags retrieved from /Users/pranavr/.pyenv/versions/3.11.6/lib/python3.11/site-packages/airflow/example_dags/example_branch_operator_decorator.py
[2025-06-13T15:31:46.277-0400] {processor.py:208} INFO - Processing /Users/pranavr/.pyenv/versions/3.11.6/lib/python3.11/site-packages/airflow/example_dags/example_branch_operator_decorator.py took 81.591 seconds
[2025-06-13T15:37:17.367-0400] {processor.py:186} INFO - Started process (PID=20643) to work on /Users/pranavr/.pyenv/versions/3.11.6/lib/python3.11/site-packages/airflow/example_dags/example_branch_operator_decorator.py
[2025-06-13T15:37:17.369-0400] {processor.py:914} INFO - Processing file /Users/pranavr/.pyenv/versions/3.11.6/lib/python3.11/site-packages/airflow/example_dags/example_branch_operator_decorator.py for tasks to queue
[2025-06-13T15:37:17.370-0400] {logging_mixin.py:190} INFO - [2025-06-13T15:37:17.370-0400] {dagbag.py:588} INFO - Filling up the DagBag from /Users/pranavr/.pyenv/versions/3.11.6/lib/python3.11/site-packages/airflow/example_dags/example_branch_operator_decorator.py
[2025-06-13T15:37:17.381-0400] {processor.py:927} WARNING - No viable dags retrieved from /Users/pranavr/.pyenv/versions/3.11.6/lib/python3.11/site-packages/airflow/example_dags/example_branch_operator_decorator.py
[2025-06-13T15:37:17.451-0400] {processor.py:208} INFO - Processing /Users/pranavr/.pyenv/versions/3.11.6/lib/python3.11/site-packages/airflow/example_dags/example_branch_operator_decorator.py took 85.280 seconds
[2025-06-13T15:40:06.980-0400] {processor.py:186} INFO - Started process (PID=20909) to work on /Users/pranavr/.pyenv/versions/3.11.6/lib/python3.11/site-packages/airflow/example_dags/example_branch_operator_decorator.py
[2025-06-13T15:40:06.982-0400] {processor.py:914} INFO - Processing file /Users/pranavr/.pyenv/versions/3.11.6/lib/python3.11/site-packages/airflow/example_dags/example_branch_operator_decorator.py for tasks to queue
[2025-06-13T15:40:06.982-0400] {logging_mixin.py:190} INFO - [2025-06-13T15:40:06.982-0400] {dagbag.py:588} INFO - Filling up the DagBag from /Users/pranavr/.pyenv/versions/3.11.6/lib/python3.11/site-packages/airflow/example_dags/example_branch_operator_decorator.py
[2025-06-13T15:40:06.996-0400] {processor.py:927} WARNING - No viable dags retrieved from /Users/pranavr/.pyenv/versions/3.11.6/lib/python3.11/site-packages/airflow/example_dags/example_branch_operator_decorator.py
[2025-06-13T15:40:07.062-0400] {processor.py:208} INFO - Processing /Users/pranavr/.pyenv/versions/3.11.6/lib/python3.11/site-packages/airflow/example_dags/example_branch_operator_decorator.py took 83.648 seconds
[2025-06-13T15:44:51.055-0400] {processor.py:186} INFO - Started process (PID=21811) to work on /Users/pranavr/.pyenv/versions/3.11.6/lib/python3.11/site-packages/airflow/example_dags/example_branch_operator_decorator.py
[2025-06-13T15:44:51.058-0400] {processor.py:914} INFO - Processing file /Users/pranavr/.pyenv/versions/3.11.6/lib/python3.11/site-packages/airflow/example_dags/example_branch_operator_decorator.py for tasks to queue
[2025-06-13T15:44:51.058-0400] {logging_mixin.py:190} INFO - [2025-06-13T15:44:51.058-0400] {dagbag.py:588} INFO - Filling up the DagBag from /Users/pranavr/.pyenv/versions/3.11.6/lib/python3.11/site-packages/airflow/example_dags/example_branch_operator_decorator.py
[2025-06-13T15:44:51.070-0400] {processor.py:927} WARNING - No viable dags retrieved from /Users/pranavr/.pyenv/versions/3.11.6/lib/python3.11/site-packages/airflow/example_dags/example_branch_operator_decorator.py
[2025-06-13T15:44:51.144-0400] {processor.py:208} INFO - Processing /Users/pranavr/.pyenv/versions/3.11.6/lib/python3.11/site-packages/airflow/example_dags/example_branch_operator_decorator.py took 90.198 seconds
[2025-06-13T15:47:48.086-0400] {processor.py:186} INFO - Started process (PID=22098) to work on /Users/pranavr/.pyenv/versions/3.11.6/lib/python3.11/site-packages/airflow/example_dags/example_branch_operator_decorator.py
[2025-06-13T15:47:48.089-0400] {processor.py:914} INFO - Processing file /Users/pranavr/.pyenv/versions/3.11.6/lib/python3.11/site-packages/airflow/example_dags/example_branch_operator_decorator.py for tasks to queue
[2025-06-13T15:47:48.089-0400] {logging_mixin.py:190} INFO - [2025-06-13T15:47:48.089-0400] {dagbag.py:588} INFO - Filling up the DagBag from /Users/pranavr/.pyenv/versions/3.11.6/lib/python3.11/site-packages/airflow/example_dags/example_branch_operator_decorator.py
[2025-06-13T15:47:48.100-0400] {processor.py:927} WARNING - No viable dags retrieved from /Users/pranavr/.pyenv/versions/3.11.6/lib/python3.11/site-packages/airflow/example_dags/example_branch_operator_decorator.py
[2025-06-13T15:47:48.176-0400] {processor.py:208} INFO - Processing /Users/pranavr/.pyenv/versions/3.11.6/lib/python3.11/site-packages/airflow/example_dags/example_branch_operator_decorator.py took 90.601 seconds
[2025-06-13T15:50:36.889-0400] {processor.py:186} INFO - Started process (PID=22378) to work on /Users/pranavr/.pyenv/versions/3.11.6/lib/python3.11/site-packages/airflow/example_dags/example_branch_operator_decorator.py
[2025-06-13T15:50:36.890-0400] {processor.py:914} INFO - Processing file /Users/pranavr/.pyenv/versions/3.11.6/lib/python3.11/site-packages/airflow/example_dags/example_branch_operator_decorator.py for tasks to queue
[2025-06-13T15:50:36.891-0400] {logging_mixin.py:190} INFO - [2025-06-13T15:50:36.891-0400] {dagbag.py:588} INFO - Filling up the DagBag from /Users/pranavr/.pyenv/versions/3.11.6/lib/python3.11/site-packages/airflow/example_dags/example_branch_operator_decorator.py
[2025-06-13T15:50:36.900-0400] {processor.py:927} WARNING - No viable dags retrieved from /Users/pranavr/.pyenv/versions/3.11.6/lib/python3.11/site-packages/airflow/example_dags/example_branch_operator_decorator.py
[2025-06-13T15:50:36.964-0400] {processor.py:208} INFO - Processing /Users/pranavr/.pyenv/versions/3.11.6/lib/python3.11/site-packages/airflow/example_dags/example_branch_operator_decorator.py took 77.086 seconds
[2025-06-13T15:53:04.906-0400] {processor.py:186} INFO - Started process (PID=22705) to work on /Users/pranavr/.pyenv/versions/3.11.6/lib/python3.11/site-packages/airflow/example_dags/example_branch_operator_decorator.py
[2025-06-13T15:53:04.908-0400] {processor.py:914} INFO - Processing file /Users/pranavr/.pyenv/versions/3.11.6/lib/python3.11/site-packages/airflow/example_dags/example_branch_operator_decorator.py for tasks to queue
[2025-06-13T15:53:04.908-0400] {logging_mixin.py:190} INFO - [2025-06-13T15:53:04.908-0400] {dagbag.py:588} INFO - Filling up the DagBag from /Users/pranavr/.pyenv/versions/3.11.6/lib/python3.11/site-packages/airflow/example_dags/example_branch_operator_decorator.py
[2025-06-13T15:53:04.916-0400] {processor.py:927} WARNING - No viable dags retrieved from /Users/pranavr/.pyenv/versions/3.11.6/lib/python3.11/site-packages/airflow/example_dags/example_branch_operator_decorator.py
[2025-06-13T15:53:04.975-0400] {processor.py:208} INFO - Processing /Users/pranavr/.pyenv/versions/3.11.6/lib/python3.11/site-packages/airflow/example_dags/example_branch_operator_decorator.py took 69.608 seconds
[2025-06-13T15:55:32.267-0400] {processor.py:186} INFO - Started process (PID=22942) to work on /Users/pranavr/.pyenv/versions/3.11.6/lib/python3.11/site-packages/airflow/example_dags/example_branch_operator_decorator.py
[2025-06-13T15:55:32.269-0400] {processor.py:914} INFO - Processing file /Users/pranavr/.pyenv/versions/3.11.6/lib/python3.11/site-packages/airflow/example_dags/example_branch_operator_decorator.py for tasks to queue
[2025-06-13T15:55:32.269-0400] {logging_mixin.py:190} INFO - [2025-06-13T15:55:32.269-0400] {dagbag.py:588} INFO - Filling up the DagBag from /Users/pranavr/.pyenv/versions/3.11.6/lib/python3.11/site-packages/airflow/example_dags/example_branch_operator_decorator.py
[2025-06-13T15:55:32.278-0400] {processor.py:927} WARNING - No viable dags retrieved from /Users/pranavr/.pyenv/versions/3.11.6/lib/python3.11/site-packages/airflow/example_dags/example_branch_operator_decorator.py
[2025-06-13T15:55:32.336-0400] {processor.py:208} INFO - Processing /Users/pranavr/.pyenv/versions/3.11.6/lib/python3.11/site-packages/airflow/example_dags/example_branch_operator_decorator.py took 70.769 seconds
[2025-06-13T15:57:55.965-0400] {processor.py:186} INFO - Started process (PID=23168) to work on /Users/pranavr/.pyenv/versions/3.11.6/lib/python3.11/site-packages/airflow/example_dags/example_branch_operator_decorator.py
[2025-06-13T15:57:55.967-0400] {processor.py:914} INFO - Processing file /Users/pranavr/.pyenv/versions/3.11.6/lib/python3.11/site-packages/airflow/example_dags/example_branch_operator_decorator.py for tasks to queue
[2025-06-13T15:57:55.967-0400] {logging_mixin.py:190} INFO - [2025-06-13T15:57:55.967-0400] {dagbag.py:588} INFO - Filling up the DagBag from /Users/pranavr/.pyenv/versions/3.11.6/lib/python3.11/site-packages/airflow/example_dags/example_branch_operator_decorator.py
[2025-06-13T15:57:55.976-0400] {processor.py:927} WARNING - No viable dags retrieved from /Users/pranavr/.pyenv/versions/3.11.6/lib/python3.11/site-packages/airflow/example_dags/example_branch_operator_decorator.py
[2025-06-13T15:57:56.036-0400] {processor.py:208} INFO - Processing /Users/pranavr/.pyenv/versions/3.11.6/lib/python3.11/site-packages/airflow/example_dags/example_branch_operator_decorator.py took 72.238 seconds
[2025-06-13T16:00:21.562-0400] {processor.py:186} INFO - Started process (PID=23553) to work on /Users/pranavr/.pyenv/versions/3.11.6/lib/python3.11/site-packages/airflow/example_dags/example_branch_operator_decorator.py
[2025-06-13T16:00:21.564-0400] {processor.py:914} INFO - Processing file /Users/pranavr/.pyenv/versions/3.11.6/lib/python3.11/site-packages/airflow/example_dags/example_branch_operator_decorator.py for tasks to queue
[2025-06-13T16:00:21.565-0400] {logging_mixin.py:190} INFO - [2025-06-13T16:00:21.565-0400] {dagbag.py:588} INFO - Filling up the DagBag from /Users/pranavr/.pyenv/versions/3.11.6/lib/python3.11/site-packages/airflow/example_dags/example_branch_operator_decorator.py
[2025-06-13T16:00:21.572-0400] {processor.py:927} WARNING - No viable dags retrieved from /Users/pranavr/.pyenv/versions/3.11.6/lib/python3.11/site-packages/airflow/example_dags/example_branch_operator_decorator.py
[2025-06-13T16:00:21.633-0400] {processor.py:208} INFO - Processing /Users/pranavr/.pyenv/versions/3.11.6/lib/python3.11/site-packages/airflow/example_dags/example_branch_operator_decorator.py took 72.666 seconds
[2025-06-13T16:02:54.920-0400] {processor.py:186} INFO - Started process (PID=23950) to work on /Users/pranavr/.pyenv/versions/3.11.6/lib/python3.11/site-packages/airflow/example_dags/example_branch_operator_decorator.py
[2025-06-13T16:02:54.922-0400] {processor.py:914} INFO - Processing file /Users/pranavr/.pyenv/versions/3.11.6/lib/python3.11/site-packages/airflow/example_dags/example_branch_operator_decorator.py for tasks to queue
[2025-06-13T16:02:54.923-0400] {logging_mixin.py:190} INFO - [2025-06-13T16:02:54.922-0400] {dagbag.py:588} INFO - Filling up the DagBag from /Users/pranavr/.pyenv/versions/3.11.6/lib/python3.11/site-packages/airflow/example_dags/example_branch_operator_decorator.py
[2025-06-13T16:02:54.932-0400] {processor.py:927} WARNING - No viable dags retrieved from /Users/pranavr/.pyenv/versions/3.11.6/lib/python3.11/site-packages/airflow/example_dags/example_branch_operator_decorator.py
[2025-06-13T16:02:55.006-0400] {processor.py:208} INFO - Processing /Users/pranavr/.pyenv/versions/3.11.6/lib/python3.11/site-packages/airflow/example_dags/example_branch_operator_decorator.py took 87.645 seconds
