[2025-06-13T14:22:56.955-0400] {processor.py:186} INFO - Started process (PID=7768) to work on /Users/pranavr/.pyenv/versions/3.11.6/lib/python3.11/site-packages/airflow/example_dags/example_dataset_alias_with_no_taskflow.py
[2025-06-13T14:22:56.961-0400] {processor.py:914} INFO - Processing file /Users/pranavr/.pyenv/versions/3.11.6/lib/python3.11/site-packages/airflow/example_dags/example_dataset_alias_with_no_taskflow.py for tasks to queue
[2025-06-13T14:22:56.963-0400] {logging_mixin.py:190} INFO - [2025-06-13T14:22:56.963-0400] {dagbag.py:588} INFO - Filling up the DagBag from /Users/pranavr/.pyenv/versions/3.11.6/lib/python3.11/site-packages/airflow/example_dags/example_dataset_alias_with_no_taskflow.py
[2025-06-13T14:22:57.098-0400] {processor.py:925} INFO - DAG(s) 'dataset_alias_example_alias_producer_with_no_taskflow', 'dataset_s3_bucket_producer_with_no_taskflow', 'dataset_alias_example_alias_consumer_with_no_taskflow', 'dataset_s3_bucket_consumer_with_no_taskflow' retrieved from /Users/pranavr/.pyenv/versions/3.11.6/lib/python3.11/site-packages/airflow/example_dags/example_dataset_alias_with_no_taskflow.py
[2025-06-13T14:22:57.158-0400] {logging_mixin.py:190} INFO - [2025-06-13T14:22:57.158-0400] {dag.py:3239} INFO - Sync 4 DAGs
[2025-06-13T14:22:57.171-0400] {logging_mixin.py:190} INFO - [2025-06-13T14:22:57.171-0400] {dag.py:4180} INFO - Setting next_dagrun for dataset_alias_example_alias_consumer_with_no_taskflow to None, run_after=None
[2025-06-13T14:22:57.172-0400] {logging_mixin.py:190} INFO - [2025-06-13T14:22:57.172-0400] {dag.py:4180} INFO - Setting next_dagrun for dataset_alias_example_alias_producer_with_no_taskflow to None, run_after=None
[2025-06-13T14:22:57.172-0400] {logging_mixin.py:190} INFO - [2025-06-13T14:22:57.172-0400] {dag.py:4180} INFO - Setting next_dagrun for dataset_s3_bucket_consumer_with_no_taskflow to None, run_after=None
[2025-06-13T14:22:57.172-0400] {logging_mixin.py:190} INFO - [2025-06-13T14:22:57.172-0400] {dag.py:4180} INFO - Setting next_dagrun for dataset_s3_bucket_producer_with_no_taskflow to None, run_after=None
[2025-06-13T14:22:57.185-0400] {processor.py:208} INFO - Processing /Users/pranavr/.pyenv/versions/3.11.6/lib/python3.11/site-packages/airflow/example_dags/example_dataset_alias_with_no_taskflow.py took 234.680 seconds
[2025-06-13T14:25:59.880-0400] {processor.py:186} INFO - Started process (PID=8025) to work on /Users/pranavr/.pyenv/versions/3.11.6/lib/python3.11/site-packages/airflow/example_dags/example_dataset_alias_with_no_taskflow.py
[2025-06-13T14:25:59.882-0400] {processor.py:914} INFO - Processing file /Users/pranavr/.pyenv/versions/3.11.6/lib/python3.11/site-packages/airflow/example_dags/example_dataset_alias_with_no_taskflow.py for tasks to queue
[2025-06-13T14:25:59.883-0400] {logging_mixin.py:190} INFO - [2025-06-13T14:25:59.883-0400] {dagbag.py:588} INFO - Filling up the DagBag from /Users/pranavr/.pyenv/versions/3.11.6/lib/python3.11/site-packages/airflow/example_dags/example_dataset_alias_with_no_taskflow.py
[2025-06-13T14:25:59.992-0400] {processor.py:925} INFO - DAG(s) 'dataset_alias_example_alias_producer_with_no_taskflow', 'dataset_alias_example_alias_consumer_with_no_taskflow', 'dataset_s3_bucket_consumer_with_no_taskflow', 'dataset_s3_bucket_producer_with_no_taskflow' retrieved from /Users/pranavr/.pyenv/versions/3.11.6/lib/python3.11/site-packages/airflow/example_dags/example_dataset_alias_with_no_taskflow.py
[2025-06-13T14:26:00.004-0400] {logging_mixin.py:190} INFO - [2025-06-13T14:26:00.004-0400] {dag.py:3239} INFO - Sync 4 DAGs
[2025-06-13T14:26:00.012-0400] {logging_mixin.py:190} INFO - [2025-06-13T14:26:00.012-0400] {dag.py:4180} INFO - Setting next_dagrun for dataset_alias_example_alias_consumer_with_no_taskflow to None, run_after=None
[2025-06-13T14:26:00.013-0400] {logging_mixin.py:190} INFO - [2025-06-13T14:26:00.013-0400] {dag.py:4180} INFO - Setting next_dagrun for dataset_alias_example_alias_producer_with_no_taskflow to None, run_after=None
[2025-06-13T14:26:00.014-0400] {logging_mixin.py:190} INFO - [2025-06-13T14:26:00.014-0400] {dag.py:4180} INFO - Setting next_dagrun for dataset_s3_bucket_consumer_with_no_taskflow to None, run_after=None
[2025-06-13T14:26:00.014-0400] {logging_mixin.py:190} INFO - [2025-06-13T14:26:00.014-0400] {dag.py:4180} INFO - Setting next_dagrun for dataset_s3_bucket_producer_with_no_taskflow to None, run_after=None
[2025-06-13T14:26:00.027-0400] {processor.py:208} INFO - Processing /Users/pranavr/.pyenv/versions/3.11.6/lib/python3.11/site-packages/airflow/example_dags/example_dataset_alias_with_no_taskflow.py took 148.180 seconds
[2025-06-13T14:29:03.856-0400] {processor.py:186} INFO - Started process (PID=8851) to work on /Users/pranavr/.pyenv/versions/3.11.6/lib/python3.11/site-packages/airflow/example_dags/example_dataset_alias_with_no_taskflow.py
[2025-06-13T14:29:03.860-0400] {processor.py:914} INFO - Processing file /Users/pranavr/.pyenv/versions/3.11.6/lib/python3.11/site-packages/airflow/example_dags/example_dataset_alias_with_no_taskflow.py for tasks to queue
[2025-06-13T14:29:03.860-0400] {logging_mixin.py:190} INFO - [2025-06-13T14:29:03.860-0400] {dagbag.py:588} INFO - Filling up the DagBag from /Users/pranavr/.pyenv/versions/3.11.6/lib/python3.11/site-packages/airflow/example_dags/example_dataset_alias_with_no_taskflow.py
[2025-06-13T14:29:03.976-0400] {processor.py:925} INFO - DAG(s) 'dataset_alias_example_alias_producer_with_no_taskflow', 'dataset_alias_example_alias_consumer_with_no_taskflow', 'dataset_s3_bucket_consumer_with_no_taskflow', 'dataset_s3_bucket_producer_with_no_taskflow' retrieved from /Users/pranavr/.pyenv/versions/3.11.6/lib/python3.11/site-packages/airflow/example_dags/example_dataset_alias_with_no_taskflow.py
[2025-06-13T14:29:03.989-0400] {logging_mixin.py:190} INFO - [2025-06-13T14:29:03.989-0400] {dag.py:3239} INFO - Sync 4 DAGs
[2025-06-13T14:29:03.999-0400] {logging_mixin.py:190} INFO - [2025-06-13T14:29:03.998-0400] {dag.py:4180} INFO - Setting next_dagrun for dataset_alias_example_alias_consumer_with_no_taskflow to None, run_after=None
[2025-06-13T14:29:03.999-0400] {logging_mixin.py:190} INFO - [2025-06-13T14:29:03.999-0400] {dag.py:4180} INFO - Setting next_dagrun for dataset_alias_example_alias_producer_with_no_taskflow to None, run_after=None
[2025-06-13T14:29:04.000-0400] {logging_mixin.py:190} INFO - [2025-06-13T14:29:04.000-0400] {dag.py:4180} INFO - Setting next_dagrun for dataset_s3_bucket_consumer_with_no_taskflow to None, run_after=None
[2025-06-13T14:29:04.000-0400] {logging_mixin.py:190} INFO - [2025-06-13T14:29:04.000-0400] {dag.py:4180} INFO - Setting next_dagrun for dataset_s3_bucket_producer_with_no_taskflow to None, run_after=None
[2025-06-13T14:29:04.012-0400] {processor.py:208} INFO - Processing /Users/pranavr/.pyenv/versions/3.11.6/lib/python3.11/site-packages/airflow/example_dags/example_dataset_alias_with_no_taskflow.py took 157.587 seconds
[2025-06-13T14:32:01.553-0400] {processor.py:186} INFO - Started process (PID=9462) to work on /Users/pranavr/.pyenv/versions/3.11.6/lib/python3.11/site-packages/airflow/example_dags/example_dataset_alias_with_no_taskflow.py
[2025-06-13T14:32:01.555-0400] {processor.py:914} INFO - Processing file /Users/pranavr/.pyenv/versions/3.11.6/lib/python3.11/site-packages/airflow/example_dags/example_dataset_alias_with_no_taskflow.py for tasks to queue
[2025-06-13T14:32:01.555-0400] {logging_mixin.py:190} INFO - [2025-06-13T14:32:01.555-0400] {dagbag.py:588} INFO - Filling up the DagBag from /Users/pranavr/.pyenv/versions/3.11.6/lib/python3.11/site-packages/airflow/example_dags/example_dataset_alias_with_no_taskflow.py
[2025-06-13T14:32:01.662-0400] {processor.py:925} INFO - DAG(s) 'dataset_s3_bucket_consumer_with_no_taskflow', 'dataset_alias_example_alias_producer_with_no_taskflow', 'dataset_s3_bucket_producer_with_no_taskflow', 'dataset_alias_example_alias_consumer_with_no_taskflow' retrieved from /Users/pranavr/.pyenv/versions/3.11.6/lib/python3.11/site-packages/airflow/example_dags/example_dataset_alias_with_no_taskflow.py
[2025-06-13T14:32:01.675-0400] {logging_mixin.py:190} INFO - [2025-06-13T14:32:01.675-0400] {dag.py:3239} INFO - Sync 4 DAGs
[2025-06-13T14:32:01.684-0400] {logging_mixin.py:190} INFO - [2025-06-13T14:32:01.684-0400] {dag.py:4180} INFO - Setting next_dagrun for dataset_alias_example_alias_consumer_with_no_taskflow to None, run_after=None
[2025-06-13T14:32:01.685-0400] {logging_mixin.py:190} INFO - [2025-06-13T14:32:01.685-0400] {dag.py:4180} INFO - Setting next_dagrun for dataset_alias_example_alias_producer_with_no_taskflow to None, run_after=None
[2025-06-13T14:32:01.686-0400] {logging_mixin.py:190} INFO - [2025-06-13T14:32:01.686-0400] {dag.py:4180} INFO - Setting next_dagrun for dataset_s3_bucket_consumer_with_no_taskflow to None, run_after=None
[2025-06-13T14:32:01.687-0400] {logging_mixin.py:190} INFO - [2025-06-13T14:32:01.686-0400] {dag.py:4180} INFO - Setting next_dagrun for dataset_s3_bucket_producer_with_no_taskflow to None, run_after=None
[2025-06-13T14:32:01.701-0400] {processor.py:208} INFO - Processing /Users/pranavr/.pyenv/versions/3.11.6/lib/python3.11/site-packages/airflow/example_dags/example_dataset_alias_with_no_taskflow.py took 150.212 seconds
[2025-06-13T14:35:07.058-0400] {processor.py:186} INFO - Started process (PID=10136) to work on /Users/pranavr/.pyenv/versions/3.11.6/lib/python3.11/site-packages/airflow/example_dags/example_dataset_alias_with_no_taskflow.py
[2025-06-13T14:35:07.060-0400] {processor.py:914} INFO - Processing file /Users/pranavr/.pyenv/versions/3.11.6/lib/python3.11/site-packages/airflow/example_dags/example_dataset_alias_with_no_taskflow.py for tasks to queue
[2025-06-13T14:35:07.061-0400] {logging_mixin.py:190} INFO - [2025-06-13T14:35:07.061-0400] {dagbag.py:588} INFO - Filling up the DagBag from /Users/pranavr/.pyenv/versions/3.11.6/lib/python3.11/site-packages/airflow/example_dags/example_dataset_alias_with_no_taskflow.py
[2025-06-13T14:35:07.178-0400] {processor.py:925} INFO - DAG(s) 'dataset_alias_example_alias_producer_with_no_taskflow', 'dataset_s3_bucket_consumer_with_no_taskflow', 'dataset_alias_example_alias_consumer_with_no_taskflow', 'dataset_s3_bucket_producer_with_no_taskflow' retrieved from /Users/pranavr/.pyenv/versions/3.11.6/lib/python3.11/site-packages/airflow/example_dags/example_dataset_alias_with_no_taskflow.py
[2025-06-13T14:35:07.191-0400] {logging_mixin.py:190} INFO - [2025-06-13T14:35:07.190-0400] {dag.py:3239} INFO - Sync 4 DAGs
[2025-06-13T14:35:07.200-0400] {logging_mixin.py:190} INFO - [2025-06-13T14:35:07.200-0400] {dag.py:4180} INFO - Setting next_dagrun for dataset_alias_example_alias_consumer_with_no_taskflow to None, run_after=None
[2025-06-13T14:35:07.201-0400] {logging_mixin.py:190} INFO - [2025-06-13T14:35:07.201-0400] {dag.py:4180} INFO - Setting next_dagrun for dataset_alias_example_alias_producer_with_no_taskflow to None, run_after=None
[2025-06-13T14:35:07.201-0400] {logging_mixin.py:190} INFO - [2025-06-13T14:35:07.201-0400] {dag.py:4180} INFO - Setting next_dagrun for dataset_s3_bucket_consumer_with_no_taskflow to None, run_after=None
[2025-06-13T14:35:07.201-0400] {logging_mixin.py:190} INFO - [2025-06-13T14:35:07.201-0400] {dag.py:4180} INFO - Setting next_dagrun for dataset_s3_bucket_producer_with_no_taskflow to None, run_after=None
[2025-06-13T14:35:07.212-0400] {processor.py:208} INFO - Processing /Users/pranavr/.pyenv/versions/3.11.6/lib/python3.11/site-packages/airflow/example_dags/example_dataset_alias_with_no_taskflow.py took 155.064 seconds
[2025-06-13T14:38:06.477-0400] {processor.py:186} INFO - Started process (PID=11173) to work on /Users/pranavr/.pyenv/versions/3.11.6/lib/python3.11/site-packages/airflow/example_dags/example_dataset_alias_with_no_taskflow.py
[2025-06-13T14:38:06.479-0400] {processor.py:914} INFO - Processing file /Users/pranavr/.pyenv/versions/3.11.6/lib/python3.11/site-packages/airflow/example_dags/example_dataset_alias_with_no_taskflow.py for tasks to queue
[2025-06-13T14:38:06.480-0400] {logging_mixin.py:190} INFO - [2025-06-13T14:38:06.480-0400] {dagbag.py:588} INFO - Filling up the DagBag from /Users/pranavr/.pyenv/versions/3.11.6/lib/python3.11/site-packages/airflow/example_dags/example_dataset_alias_with_no_taskflow.py
[2025-06-13T14:38:06.597-0400] {processor.py:925} INFO - DAG(s) 'dataset_alias_example_alias_consumer_with_no_taskflow', 'dataset_alias_example_alias_producer_with_no_taskflow', 'dataset_s3_bucket_consumer_with_no_taskflow', 'dataset_s3_bucket_producer_with_no_taskflow' retrieved from /Users/pranavr/.pyenv/versions/3.11.6/lib/python3.11/site-packages/airflow/example_dags/example_dataset_alias_with_no_taskflow.py
[2025-06-13T14:38:06.610-0400] {logging_mixin.py:190} INFO - [2025-06-13T14:38:06.610-0400] {dag.py:3239} INFO - Sync 4 DAGs
[2025-06-13T14:38:06.619-0400] {logging_mixin.py:190} INFO - [2025-06-13T14:38:06.618-0400] {dag.py:4180} INFO - Setting next_dagrun for dataset_alias_example_alias_consumer_with_no_taskflow to None, run_after=None
[2025-06-13T14:38:06.620-0400] {logging_mixin.py:190} INFO - [2025-06-13T14:38:06.620-0400] {dag.py:4180} INFO - Setting next_dagrun for dataset_alias_example_alias_producer_with_no_taskflow to None, run_after=None
[2025-06-13T14:38:06.620-0400] {logging_mixin.py:190} INFO - [2025-06-13T14:38:06.620-0400] {dag.py:4180} INFO - Setting next_dagrun for dataset_s3_bucket_consumer_with_no_taskflow to None, run_after=None
[2025-06-13T14:38:06.621-0400] {logging_mixin.py:190} INFO - [2025-06-13T14:38:06.621-0400] {dag.py:4180} INFO - Setting next_dagrun for dataset_s3_bucket_producer_with_no_taskflow to None, run_after=None
[2025-06-13T14:38:06.631-0400] {processor.py:208} INFO - Processing /Users/pranavr/.pyenv/versions/3.11.6/lib/python3.11/site-packages/airflow/example_dags/example_dataset_alias_with_no_taskflow.py took 155.500 seconds
[2025-06-13T14:40:50.103-0400] {processor.py:186} INFO - Started process (PID=11691) to work on /Users/pranavr/.pyenv/versions/3.11.6/lib/python3.11/site-packages/airflow/example_dags/example_dataset_alias_with_no_taskflow.py
[2025-06-13T14:40:50.105-0400] {processor.py:914} INFO - Processing file /Users/pranavr/.pyenv/versions/3.11.6/lib/python3.11/site-packages/airflow/example_dags/example_dataset_alias_with_no_taskflow.py for tasks to queue
[2025-06-13T14:40:50.105-0400] {logging_mixin.py:190} INFO - [2025-06-13T14:40:50.105-0400] {dagbag.py:588} INFO - Filling up the DagBag from /Users/pranavr/.pyenv/versions/3.11.6/lib/python3.11/site-packages/airflow/example_dags/example_dataset_alias_with_no_taskflow.py
[2025-06-13T14:40:50.193-0400] {processor.py:925} INFO - DAG(s) 'dataset_alias_example_alias_producer_with_no_taskflow', 'dataset_s3_bucket_producer_with_no_taskflow', 'dataset_s3_bucket_consumer_with_no_taskflow', 'dataset_alias_example_alias_consumer_with_no_taskflow' retrieved from /Users/pranavr/.pyenv/versions/3.11.6/lib/python3.11/site-packages/airflow/example_dags/example_dataset_alias_with_no_taskflow.py
[2025-06-13T14:40:50.203-0400] {logging_mixin.py:190} INFO - [2025-06-13T14:40:50.203-0400] {dag.py:3239} INFO - Sync 4 DAGs
[2025-06-13T14:40:50.210-0400] {logging_mixin.py:190} INFO - [2025-06-13T14:40:50.210-0400] {dag.py:4180} INFO - Setting next_dagrun for dataset_alias_example_alias_consumer_with_no_taskflow to None, run_after=None
[2025-06-13T14:40:50.211-0400] {logging_mixin.py:190} INFO - [2025-06-13T14:40:50.211-0400] {dag.py:4180} INFO - Setting next_dagrun for dataset_alias_example_alias_producer_with_no_taskflow to None, run_after=None
[2025-06-13T14:40:50.211-0400] {logging_mixin.py:190} INFO - [2025-06-13T14:40:50.211-0400] {dag.py:4180} INFO - Setting next_dagrun for dataset_s3_bucket_consumer_with_no_taskflow to None, run_after=None
[2025-06-13T14:40:50.212-0400] {logging_mixin.py:190} INFO - [2025-06-13T14:40:50.212-0400] {dag.py:4180} INFO - Setting next_dagrun for dataset_s3_bucket_producer_with_no_taskflow to None, run_after=None
[2025-06-13T14:40:50.219-0400] {processor.py:208} INFO - Processing /Users/pranavr/.pyenv/versions/3.11.6/lib/python3.11/site-packages/airflow/example_dags/example_dataset_alias_with_no_taskflow.py took 117.686 seconds
[2025-06-13T14:43:18.929-0400] {processor.py:186} INFO - Started process (PID=11946) to work on /Users/pranavr/.pyenv/versions/3.11.6/lib/python3.11/site-packages/airflow/example_dags/example_dataset_alias_with_no_taskflow.py
[2025-06-13T14:43:18.931-0400] {processor.py:914} INFO - Processing file /Users/pranavr/.pyenv/versions/3.11.6/lib/python3.11/site-packages/airflow/example_dags/example_dataset_alias_with_no_taskflow.py for tasks to queue
[2025-06-13T14:43:18.931-0400] {logging_mixin.py:190} INFO - [2025-06-13T14:43:18.931-0400] {dagbag.py:588} INFO - Filling up the DagBag from /Users/pranavr/.pyenv/versions/3.11.6/lib/python3.11/site-packages/airflow/example_dags/example_dataset_alias_with_no_taskflow.py
[2025-06-13T14:43:19.013-0400] {processor.py:925} INFO - DAG(s) 'dataset_s3_bucket_producer_with_no_taskflow', 'dataset_alias_example_alias_producer_with_no_taskflow', 'dataset_alias_example_alias_consumer_with_no_taskflow', 'dataset_s3_bucket_consumer_with_no_taskflow' retrieved from /Users/pranavr/.pyenv/versions/3.11.6/lib/python3.11/site-packages/airflow/example_dags/example_dataset_alias_with_no_taskflow.py
[2025-06-13T14:43:19.022-0400] {logging_mixin.py:190} INFO - [2025-06-13T14:43:19.022-0400] {dag.py:3239} INFO - Sync 4 DAGs
[2025-06-13T14:43:19.028-0400] {logging_mixin.py:190} INFO - [2025-06-13T14:43:19.028-0400] {dag.py:4180} INFO - Setting next_dagrun for dataset_alias_example_alias_consumer_with_no_taskflow to None, run_after=None
[2025-06-13T14:43:19.029-0400] {logging_mixin.py:190} INFO - [2025-06-13T14:43:19.029-0400] {dag.py:4180} INFO - Setting next_dagrun for dataset_alias_example_alias_producer_with_no_taskflow to None, run_after=None
[2025-06-13T14:43:19.029-0400] {logging_mixin.py:190} INFO - [2025-06-13T14:43:19.029-0400] {dag.py:4180} INFO - Setting next_dagrun for dataset_s3_bucket_consumer_with_no_taskflow to None, run_after=None
[2025-06-13T14:43:19.029-0400] {logging_mixin.py:190} INFO - [2025-06-13T14:43:19.029-0400] {dag.py:4180} INFO - Setting next_dagrun for dataset_s3_bucket_producer_with_no_taskflow to None, run_after=None
[2025-06-13T14:43:19.036-0400] {processor.py:208} INFO - Processing /Users/pranavr/.pyenv/versions/3.11.6/lib/python3.11/site-packages/airflow/example_dags/example_dataset_alias_with_no_taskflow.py took 108.604 seconds
[2025-06-13T14:45:43.435-0400] {processor.py:186} INFO - Started process (PID=12237) to work on /Users/pranavr/.pyenv/versions/3.11.6/lib/python3.11/site-packages/airflow/example_dags/example_dataset_alias_with_no_taskflow.py
[2025-06-13T14:45:43.437-0400] {processor.py:914} INFO - Processing file /Users/pranavr/.pyenv/versions/3.11.6/lib/python3.11/site-packages/airflow/example_dags/example_dataset_alias_with_no_taskflow.py for tasks to queue
[2025-06-13T14:45:43.437-0400] {logging_mixin.py:190} INFO - [2025-06-13T14:45:43.437-0400] {dagbag.py:588} INFO - Filling up the DagBag from /Users/pranavr/.pyenv/versions/3.11.6/lib/python3.11/site-packages/airflow/example_dags/example_dataset_alias_with_no_taskflow.py
[2025-06-13T14:45:43.521-0400] {processor.py:925} INFO - DAG(s) 'dataset_s3_bucket_producer_with_no_taskflow', 'dataset_alias_example_alias_consumer_with_no_taskflow', 'dataset_alias_example_alias_producer_with_no_taskflow', 'dataset_s3_bucket_consumer_with_no_taskflow' retrieved from /Users/pranavr/.pyenv/versions/3.11.6/lib/python3.11/site-packages/airflow/example_dags/example_dataset_alias_with_no_taskflow.py
[2025-06-13T14:45:43.530-0400] {logging_mixin.py:190} INFO - [2025-06-13T14:45:43.530-0400] {dag.py:3239} INFO - Sync 4 DAGs
[2025-06-13T14:45:43.536-0400] {logging_mixin.py:190} INFO - [2025-06-13T14:45:43.536-0400] {dag.py:4180} INFO - Setting next_dagrun for dataset_alias_example_alias_consumer_with_no_taskflow to None, run_after=None
[2025-06-13T14:45:43.537-0400] {logging_mixin.py:190} INFO - [2025-06-13T14:45:43.537-0400] {dag.py:4180} INFO - Setting next_dagrun for dataset_alias_example_alias_producer_with_no_taskflow to None, run_after=None
[2025-06-13T14:45:43.537-0400] {logging_mixin.py:190} INFO - [2025-06-13T14:45:43.537-0400] {dag.py:4180} INFO - Setting next_dagrun for dataset_s3_bucket_consumer_with_no_taskflow to None, run_after=None
[2025-06-13T14:45:43.537-0400] {logging_mixin.py:190} INFO - [2025-06-13T14:45:43.537-0400] {dag.py:4180} INFO - Setting next_dagrun for dataset_s3_bucket_producer_with_no_taskflow to None, run_after=None
[2025-06-13T14:45:43.545-0400] {processor.py:208} INFO - Processing /Users/pranavr/.pyenv/versions/3.11.6/lib/python3.11/site-packages/airflow/example_dags/example_dataset_alias_with_no_taskflow.py took 110.416 seconds
[2025-06-13T14:48:10.235-0400] {processor.py:186} INFO - Started process (PID=12474) to work on /Users/pranavr/.pyenv/versions/3.11.6/lib/python3.11/site-packages/airflow/example_dags/example_dataset_alias_with_no_taskflow.py
[2025-06-13T14:48:10.237-0400] {processor.py:914} INFO - Processing file /Users/pranavr/.pyenv/versions/3.11.6/lib/python3.11/site-packages/airflow/example_dags/example_dataset_alias_with_no_taskflow.py for tasks to queue
[2025-06-13T14:48:10.237-0400] {logging_mixin.py:190} INFO - [2025-06-13T14:48:10.237-0400] {dagbag.py:588} INFO - Filling up the DagBag from /Users/pranavr/.pyenv/versions/3.11.6/lib/python3.11/site-packages/airflow/example_dags/example_dataset_alias_with_no_taskflow.py
[2025-06-13T14:48:10.321-0400] {processor.py:925} INFO - DAG(s) 'dataset_s3_bucket_producer_with_no_taskflow', 'dataset_alias_example_alias_consumer_with_no_taskflow', 'dataset_alias_example_alias_producer_with_no_taskflow', 'dataset_s3_bucket_consumer_with_no_taskflow' retrieved from /Users/pranavr/.pyenv/versions/3.11.6/lib/python3.11/site-packages/airflow/example_dags/example_dataset_alias_with_no_taskflow.py
[2025-06-13T14:48:10.330-0400] {logging_mixin.py:190} INFO - [2025-06-13T14:48:10.330-0400] {dag.py:3239} INFO - Sync 4 DAGs
[2025-06-13T14:48:10.336-0400] {logging_mixin.py:190} INFO - [2025-06-13T14:48:10.336-0400] {dag.py:4180} INFO - Setting next_dagrun for dataset_alias_example_alias_consumer_with_no_taskflow to None, run_after=None
[2025-06-13T14:48:10.337-0400] {logging_mixin.py:190} INFO - [2025-06-13T14:48:10.336-0400] {dag.py:4180} INFO - Setting next_dagrun for dataset_alias_example_alias_producer_with_no_taskflow to None, run_after=None
[2025-06-13T14:48:10.337-0400] {logging_mixin.py:190} INFO - [2025-06-13T14:48:10.337-0400] {dag.py:4180} INFO - Setting next_dagrun for dataset_s3_bucket_consumer_with_no_taskflow to None, run_after=None
[2025-06-13T14:48:10.337-0400] {logging_mixin.py:190} INFO - [2025-06-13T14:48:10.337-0400] {dag.py:4180} INFO - Setting next_dagrun for dataset_s3_bucket_producer_with_no_taskflow to None, run_after=None
[2025-06-13T14:48:10.344-0400] {processor.py:208} INFO - Processing /Users/pranavr/.pyenv/versions/3.11.6/lib/python3.11/site-packages/airflow/example_dags/example_dataset_alias_with_no_taskflow.py took 110.624 seconds
[2025-06-13T14:50:37.737-0400] {processor.py:186} INFO - Started process (PID=12716) to work on /Users/pranavr/.pyenv/versions/3.11.6/lib/python3.11/site-packages/airflow/example_dags/example_dataset_alias_with_no_taskflow.py
[2025-06-13T14:50:37.740-0400] {processor.py:914} INFO - Processing file /Users/pranavr/.pyenv/versions/3.11.6/lib/python3.11/site-packages/airflow/example_dags/example_dataset_alias_with_no_taskflow.py for tasks to queue
[2025-06-13T14:50:37.741-0400] {logging_mixin.py:190} INFO - [2025-06-13T14:50:37.741-0400] {dagbag.py:588} INFO - Filling up the DagBag from /Users/pranavr/.pyenv/versions/3.11.6/lib/python3.11/site-packages/airflow/example_dags/example_dataset_alias_with_no_taskflow.py
[2025-06-13T14:50:37.824-0400] {processor.py:925} INFO - DAG(s) 'dataset_s3_bucket_consumer_with_no_taskflow', 'dataset_alias_example_alias_consumer_with_no_taskflow', 'dataset_alias_example_alias_producer_with_no_taskflow', 'dataset_s3_bucket_producer_with_no_taskflow' retrieved from /Users/pranavr/.pyenv/versions/3.11.6/lib/python3.11/site-packages/airflow/example_dags/example_dataset_alias_with_no_taskflow.py
[2025-06-13T14:50:37.833-0400] {logging_mixin.py:190} INFO - [2025-06-13T14:50:37.833-0400] {dag.py:3239} INFO - Sync 4 DAGs
[2025-06-13T14:50:37.839-0400] {logging_mixin.py:190} INFO - [2025-06-13T14:50:37.839-0400] {dag.py:4180} INFO - Setting next_dagrun for dataset_alias_example_alias_consumer_with_no_taskflow to None, run_after=None
[2025-06-13T14:50:37.840-0400] {logging_mixin.py:190} INFO - [2025-06-13T14:50:37.840-0400] {dag.py:4180} INFO - Setting next_dagrun for dataset_alias_example_alias_producer_with_no_taskflow to None, run_after=None
[2025-06-13T14:50:37.840-0400] {logging_mixin.py:190} INFO - [2025-06-13T14:50:37.840-0400] {dag.py:4180} INFO - Setting next_dagrun for dataset_s3_bucket_consumer_with_no_taskflow to None, run_after=None
[2025-06-13T14:50:37.840-0400] {logging_mixin.py:190} INFO - [2025-06-13T14:50:37.840-0400] {dag.py:4180} INFO - Setting next_dagrun for dataset_s3_bucket_producer_with_no_taskflow to None, run_after=None
[2025-06-13T14:50:37.847-0400] {processor.py:208} INFO - Processing /Users/pranavr/.pyenv/versions/3.11.6/lib/python3.11/site-packages/airflow/example_dags/example_dataset_alias_with_no_taskflow.py took 111.949 seconds
[2025-06-13T14:53:07.520-0400] {processor.py:186} INFO - Started process (PID=14064) to work on /Users/pranavr/.pyenv/versions/3.11.6/lib/python3.11/site-packages/airflow/example_dags/example_dataset_alias_with_no_taskflow.py
[2025-06-13T14:53:07.523-0400] {processor.py:914} INFO - Processing file /Users/pranavr/.pyenv/versions/3.11.6/lib/python3.11/site-packages/airflow/example_dags/example_dataset_alias_with_no_taskflow.py for tasks to queue
[2025-06-13T14:53:07.523-0400] {logging_mixin.py:190} INFO - [2025-06-13T14:53:07.523-0400] {dagbag.py:588} INFO - Filling up the DagBag from /Users/pranavr/.pyenv/versions/3.11.6/lib/python3.11/site-packages/airflow/example_dags/example_dataset_alias_with_no_taskflow.py
[2025-06-13T14:53:07.602-0400] {processor.py:925} INFO - DAG(s) 'dataset_s3_bucket_consumer_with_no_taskflow', 'dataset_alias_example_alias_producer_with_no_taskflow', 'dataset_alias_example_alias_consumer_with_no_taskflow', 'dataset_s3_bucket_producer_with_no_taskflow' retrieved from /Users/pranavr/.pyenv/versions/3.11.6/lib/python3.11/site-packages/airflow/example_dags/example_dataset_alias_with_no_taskflow.py
[2025-06-13T14:53:07.611-0400] {logging_mixin.py:190} INFO - [2025-06-13T14:53:07.611-0400] {dag.py:3239} INFO - Sync 4 DAGs
[2025-06-13T14:53:07.617-0400] {logging_mixin.py:190} INFO - [2025-06-13T14:53:07.617-0400] {dag.py:4180} INFO - Setting next_dagrun for dataset_alias_example_alias_consumer_with_no_taskflow to None, run_after=None
[2025-06-13T14:53:07.617-0400] {logging_mixin.py:190} INFO - [2025-06-13T14:53:07.617-0400] {dag.py:4180} INFO - Setting next_dagrun for dataset_alias_example_alias_producer_with_no_taskflow to None, run_after=None
[2025-06-13T14:53:07.618-0400] {logging_mixin.py:190} INFO - [2025-06-13T14:53:07.618-0400] {dag.py:4180} INFO - Setting next_dagrun for dataset_s3_bucket_consumer_with_no_taskflow to None, run_after=None
[2025-06-13T14:53:07.618-0400] {logging_mixin.py:190} INFO - [2025-06-13T14:53:07.618-0400] {dag.py:4180} INFO - Setting next_dagrun for dataset_s3_bucket_producer_with_no_taskflow to None, run_after=None
[2025-06-13T14:53:07.625-0400] {processor.py:208} INFO - Processing /Users/pranavr/.pyenv/versions/3.11.6/lib/python3.11/site-packages/airflow/example_dags/example_dataset_alias_with_no_taskflow.py took 106.197 seconds
[2025-06-13T14:55:43.023-0400] {processor.py:186} INFO - Started process (PID=14290) to work on /Users/pranavr/.pyenv/versions/3.11.6/lib/python3.11/site-packages/airflow/example_dags/example_dataset_alias_with_no_taskflow.py
[2025-06-13T14:55:43.027-0400] {processor.py:914} INFO - Processing file /Users/pranavr/.pyenv/versions/3.11.6/lib/python3.11/site-packages/airflow/example_dags/example_dataset_alias_with_no_taskflow.py for tasks to queue
[2025-06-13T14:55:43.027-0400] {logging_mixin.py:190} INFO - [2025-06-13T14:55:43.027-0400] {dagbag.py:588} INFO - Filling up the DagBag from /Users/pranavr/.pyenv/versions/3.11.6/lib/python3.11/site-packages/airflow/example_dags/example_dataset_alias_with_no_taskflow.py
[2025-06-13T14:55:43.114-0400] {processor.py:925} INFO - DAG(s) 'dataset_alias_example_alias_consumer_with_no_taskflow', 'dataset_alias_example_alias_producer_with_no_taskflow', 'dataset_s3_bucket_producer_with_no_taskflow', 'dataset_s3_bucket_consumer_with_no_taskflow' retrieved from /Users/pranavr/.pyenv/versions/3.11.6/lib/python3.11/site-packages/airflow/example_dags/example_dataset_alias_with_no_taskflow.py
[2025-06-13T14:55:43.123-0400] {logging_mixin.py:190} INFO - [2025-06-13T14:55:43.123-0400] {dag.py:3239} INFO - Sync 4 DAGs
[2025-06-13T14:55:43.129-0400] {logging_mixin.py:190} INFO - [2025-06-13T14:55:43.129-0400] {dag.py:4180} INFO - Setting next_dagrun for dataset_alias_example_alias_consumer_with_no_taskflow to None, run_after=None
[2025-06-13T14:55:43.130-0400] {logging_mixin.py:190} INFO - [2025-06-13T14:55:43.130-0400] {dag.py:4180} INFO - Setting next_dagrun for dataset_alias_example_alias_producer_with_no_taskflow to None, run_after=None
[2025-06-13T14:55:43.130-0400] {logging_mixin.py:190} INFO - [2025-06-13T14:55:43.130-0400] {dag.py:4180} INFO - Setting next_dagrun for dataset_s3_bucket_consumer_with_no_taskflow to None, run_after=None
[2025-06-13T14:55:43.130-0400] {logging_mixin.py:190} INFO - [2025-06-13T14:55:43.130-0400] {dag.py:4180} INFO - Setting next_dagrun for dataset_s3_bucket_producer_with_no_taskflow to None, run_after=None
[2025-06-13T14:55:43.138-0400] {processor.py:208} INFO - Processing /Users/pranavr/.pyenv/versions/3.11.6/lib/python3.11/site-packages/airflow/example_dags/example_dataset_alias_with_no_taskflow.py took 115.767 seconds
[2025-06-13T14:58:18.077-0400] {processor.py:186} INFO - Started process (PID=14640) to work on /Users/pranavr/.pyenv/versions/3.11.6/lib/python3.11/site-packages/airflow/example_dags/example_dataset_alias_with_no_taskflow.py
[2025-06-13T14:58:18.079-0400] {processor.py:914} INFO - Processing file /Users/pranavr/.pyenv/versions/3.11.6/lib/python3.11/site-packages/airflow/example_dags/example_dataset_alias_with_no_taskflow.py for tasks to queue
[2025-06-13T14:58:18.079-0400] {logging_mixin.py:190} INFO - [2025-06-13T14:58:18.079-0400] {dagbag.py:588} INFO - Filling up the DagBag from /Users/pranavr/.pyenv/versions/3.11.6/lib/python3.11/site-packages/airflow/example_dags/example_dataset_alias_with_no_taskflow.py
[2025-06-13T14:58:18.174-0400] {processor.py:925} INFO - DAG(s) 'dataset_s3_bucket_producer_with_no_taskflow', 'dataset_s3_bucket_consumer_with_no_taskflow', 'dataset_alias_example_alias_consumer_with_no_taskflow', 'dataset_alias_example_alias_producer_with_no_taskflow' retrieved from /Users/pranavr/.pyenv/versions/3.11.6/lib/python3.11/site-packages/airflow/example_dags/example_dataset_alias_with_no_taskflow.py
[2025-06-13T14:58:18.186-0400] {logging_mixin.py:190} INFO - [2025-06-13T14:58:18.186-0400] {dag.py:3239} INFO - Sync 4 DAGs
[2025-06-13T14:58:18.194-0400] {logging_mixin.py:190} INFO - [2025-06-13T14:58:18.194-0400] {dag.py:4180} INFO - Setting next_dagrun for dataset_alias_example_alias_consumer_with_no_taskflow to None, run_after=None
[2025-06-13T14:58:18.195-0400] {logging_mixin.py:190} INFO - [2025-06-13T14:58:18.195-0400] {dag.py:4180} INFO - Setting next_dagrun for dataset_alias_example_alias_producer_with_no_taskflow to None, run_after=None
[2025-06-13T14:58:18.195-0400] {logging_mixin.py:190} INFO - [2025-06-13T14:58:18.195-0400] {dag.py:4180} INFO - Setting next_dagrun for dataset_s3_bucket_consumer_with_no_taskflow to None, run_after=None
[2025-06-13T14:58:18.195-0400] {logging_mixin.py:190} INFO - [2025-06-13T14:58:18.195-0400] {dag.py:4180} INFO - Setting next_dagrun for dataset_s3_bucket_producer_with_no_taskflow to None, run_after=None
[2025-06-13T14:58:18.204-0400] {processor.py:208} INFO - Processing /Users/pranavr/.pyenv/versions/3.11.6/lib/python3.11/site-packages/airflow/example_dags/example_dataset_alias_with_no_taskflow.py took 128.764 seconds
[2025-06-13T15:01:46.046-0400] {processor.py:186} INFO - Started process (PID=15160) to work on /Users/pranavr/.pyenv/versions/3.11.6/lib/python3.11/site-packages/airflow/example_dags/example_dataset_alias_with_no_taskflow.py
[2025-06-13T15:01:46.048-0400] {processor.py:914} INFO - Processing file /Users/pranavr/.pyenv/versions/3.11.6/lib/python3.11/site-packages/airflow/example_dags/example_dataset_alias_with_no_taskflow.py for tasks to queue
[2025-06-13T15:01:46.048-0400] {logging_mixin.py:190} INFO - [2025-06-13T15:01:46.048-0400] {dagbag.py:588} INFO - Filling up the DagBag from /Users/pranavr/.pyenv/versions/3.11.6/lib/python3.11/site-packages/airflow/example_dags/example_dataset_alias_with_no_taskflow.py
[2025-06-13T15:01:46.140-0400] {processor.py:925} INFO - DAG(s) 'dataset_alias_example_alias_producer_with_no_taskflow', 'dataset_alias_example_alias_consumer_with_no_taskflow', 'dataset_s3_bucket_producer_with_no_taskflow', 'dataset_s3_bucket_consumer_with_no_taskflow' retrieved from /Users/pranavr/.pyenv/versions/3.11.6/lib/python3.11/site-packages/airflow/example_dags/example_dataset_alias_with_no_taskflow.py
[2025-06-13T15:01:46.150-0400] {logging_mixin.py:190} INFO - [2025-06-13T15:01:46.150-0400] {dag.py:3239} INFO - Sync 4 DAGs
[2025-06-13T15:01:46.158-0400] {logging_mixin.py:190} INFO - [2025-06-13T15:01:46.158-0400] {dag.py:4180} INFO - Setting next_dagrun for dataset_alias_example_alias_consumer_with_no_taskflow to None, run_after=None
[2025-06-13T15:01:46.158-0400] {logging_mixin.py:190} INFO - [2025-06-13T15:01:46.158-0400] {dag.py:4180} INFO - Setting next_dagrun for dataset_alias_example_alias_producer_with_no_taskflow to None, run_after=None
[2025-06-13T15:01:46.159-0400] {logging_mixin.py:190} INFO - [2025-06-13T15:01:46.159-0400] {dag.py:4180} INFO - Setting next_dagrun for dataset_s3_bucket_consumer_with_no_taskflow to None, run_after=None
[2025-06-13T15:01:46.159-0400] {logging_mixin.py:190} INFO - [2025-06-13T15:01:46.159-0400] {dag.py:4180} INFO - Setting next_dagrun for dataset_s3_bucket_producer_with_no_taskflow to None, run_after=None
[2025-06-13T15:01:46.167-0400] {processor.py:208} INFO - Processing /Users/pranavr/.pyenv/versions/3.11.6/lib/python3.11/site-packages/airflow/example_dags/example_dataset_alias_with_no_taskflow.py took 122.640 seconds
[2025-06-13T15:05:48.772-0400] {processor.py:186} INFO - Started process (PID=16225) to work on /Users/pranavr/.pyenv/versions/3.11.6/lib/python3.11/site-packages/airflow/example_dags/example_dataset_alias_with_no_taskflow.py
[2025-06-13T15:05:48.774-0400] {processor.py:914} INFO - Processing file /Users/pranavr/.pyenv/versions/3.11.6/lib/python3.11/site-packages/airflow/example_dags/example_dataset_alias_with_no_taskflow.py for tasks to queue
[2025-06-13T15:05:48.774-0400] {logging_mixin.py:190} INFO - [2025-06-13T15:05:48.774-0400] {dagbag.py:588} INFO - Filling up the DagBag from /Users/pranavr/.pyenv/versions/3.11.6/lib/python3.11/site-packages/airflow/example_dags/example_dataset_alias_with_no_taskflow.py
[2025-06-13T15:05:48.873-0400] {processor.py:925} INFO - DAG(s) 'dataset_s3_bucket_consumer_with_no_taskflow', 'dataset_alias_example_alias_consumer_with_no_taskflow', 'dataset_s3_bucket_producer_with_no_taskflow', 'dataset_alias_example_alias_producer_with_no_taskflow' retrieved from /Users/pranavr/.pyenv/versions/3.11.6/lib/python3.11/site-packages/airflow/example_dags/example_dataset_alias_with_no_taskflow.py
[2025-06-13T15:05:48.883-0400] {logging_mixin.py:190} INFO - [2025-06-13T15:05:48.883-0400] {dag.py:3239} INFO - Sync 4 DAGs
[2025-06-13T15:05:48.890-0400] {logging_mixin.py:190} INFO - [2025-06-13T15:05:48.890-0400] {dag.py:4180} INFO - Setting next_dagrun for dataset_alias_example_alias_consumer_with_no_taskflow to None, run_after=None
[2025-06-13T15:05:48.891-0400] {logging_mixin.py:190} INFO - [2025-06-13T15:05:48.891-0400] {dag.py:4180} INFO - Setting next_dagrun for dataset_alias_example_alias_producer_with_no_taskflow to None, run_after=None
[2025-06-13T15:05:48.892-0400] {logging_mixin.py:190} INFO - [2025-06-13T15:05:48.892-0400] {dag.py:4180} INFO - Setting next_dagrun for dataset_s3_bucket_consumer_with_no_taskflow to None, run_after=None
[2025-06-13T15:05:48.892-0400] {logging_mixin.py:190} INFO - [2025-06-13T15:05:48.892-0400] {dag.py:4180} INFO - Setting next_dagrun for dataset_s3_bucket_producer_with_no_taskflow to None, run_after=None
[2025-06-13T15:05:48.901-0400] {processor.py:208} INFO - Processing /Users/pranavr/.pyenv/versions/3.11.6/lib/python3.11/site-packages/airflow/example_dags/example_dataset_alias_with_no_taskflow.py took 130.939 seconds
[2025-06-13T15:08:29.114-0400] {processor.py:186} INFO - Started process (PID=16490) to work on /Users/pranavr/.pyenv/versions/3.11.6/lib/python3.11/site-packages/airflow/example_dags/example_dataset_alias_with_no_taskflow.py
[2025-06-13T15:08:29.115-0400] {processor.py:914} INFO - Processing file /Users/pranavr/.pyenv/versions/3.11.6/lib/python3.11/site-packages/airflow/example_dags/example_dataset_alias_with_no_taskflow.py for tasks to queue
[2025-06-13T15:08:29.116-0400] {logging_mixin.py:190} INFO - [2025-06-13T15:08:29.116-0400] {dagbag.py:588} INFO - Filling up the DagBag from /Users/pranavr/.pyenv/versions/3.11.6/lib/python3.11/site-packages/airflow/example_dags/example_dataset_alias_with_no_taskflow.py
[2025-06-13T15:08:29.206-0400] {processor.py:925} INFO - DAG(s) 'dataset_s3_bucket_producer_with_no_taskflow', 'dataset_s3_bucket_consumer_with_no_taskflow', 'dataset_alias_example_alias_producer_with_no_taskflow', 'dataset_alias_example_alias_consumer_with_no_taskflow' retrieved from /Users/pranavr/.pyenv/versions/3.11.6/lib/python3.11/site-packages/airflow/example_dags/example_dataset_alias_with_no_taskflow.py
[2025-06-13T15:08:29.216-0400] {logging_mixin.py:190} INFO - [2025-06-13T15:08:29.216-0400] {dag.py:3239} INFO - Sync 4 DAGs
[2025-06-13T15:08:29.223-0400] {logging_mixin.py:190} INFO - [2025-06-13T15:08:29.223-0400] {dag.py:4180} INFO - Setting next_dagrun for dataset_alias_example_alias_consumer_with_no_taskflow to None, run_after=None
[2025-06-13T15:08:29.224-0400] {logging_mixin.py:190} INFO - [2025-06-13T15:08:29.224-0400] {dag.py:4180} INFO - Setting next_dagrun for dataset_alias_example_alias_producer_with_no_taskflow to None, run_after=None
[2025-06-13T15:08:29.224-0400] {logging_mixin.py:190} INFO - [2025-06-13T15:08:29.224-0400] {dag.py:4180} INFO - Setting next_dagrun for dataset_s3_bucket_consumer_with_no_taskflow to None, run_after=None
[2025-06-13T15:08:29.225-0400] {logging_mixin.py:190} INFO - [2025-06-13T15:08:29.225-0400] {dag.py:4180} INFO - Setting next_dagrun for dataset_s3_bucket_producer_with_no_taskflow to None, run_after=None
[2025-06-13T15:08:29.232-0400] {processor.py:208} INFO - Processing /Users/pranavr/.pyenv/versions/3.11.6/lib/python3.11/site-packages/airflow/example_dags/example_dataset_alias_with_no_taskflow.py took 120.053 seconds
[2025-06-13T15:11:16.129-0400] {processor.py:186} INFO - Started process (PID=16839) to work on /Users/pranavr/.pyenv/versions/3.11.6/lib/python3.11/site-packages/airflow/example_dags/example_dataset_alias_with_no_taskflow.py
[2025-06-13T15:11:16.131-0400] {processor.py:914} INFO - Processing file /Users/pranavr/.pyenv/versions/3.11.6/lib/python3.11/site-packages/airflow/example_dags/example_dataset_alias_with_no_taskflow.py for tasks to queue
[2025-06-13T15:11:16.131-0400] {logging_mixin.py:190} INFO - [2025-06-13T15:11:16.131-0400] {dagbag.py:588} INFO - Filling up the DagBag from /Users/pranavr/.pyenv/versions/3.11.6/lib/python3.11/site-packages/airflow/example_dags/example_dataset_alias_with_no_taskflow.py
[2025-06-13T15:11:16.226-0400] {processor.py:925} INFO - DAG(s) 'dataset_alias_example_alias_producer_with_no_taskflow', 'dataset_s3_bucket_consumer_with_no_taskflow', 'dataset_alias_example_alias_consumer_with_no_taskflow', 'dataset_s3_bucket_producer_with_no_taskflow' retrieved from /Users/pranavr/.pyenv/versions/3.11.6/lib/python3.11/site-packages/airflow/example_dags/example_dataset_alias_with_no_taskflow.py
[2025-06-13T15:11:16.237-0400] {logging_mixin.py:190} INFO - [2025-06-13T15:11:16.237-0400] {dag.py:3239} INFO - Sync 4 DAGs
[2025-06-13T15:11:16.245-0400] {logging_mixin.py:190} INFO - [2025-06-13T15:11:16.245-0400] {dag.py:4180} INFO - Setting next_dagrun for dataset_alias_example_alias_consumer_with_no_taskflow to None, run_after=None
[2025-06-13T15:11:16.246-0400] {logging_mixin.py:190} INFO - [2025-06-13T15:11:16.246-0400] {dag.py:4180} INFO - Setting next_dagrun for dataset_alias_example_alias_producer_with_no_taskflow to None, run_after=None
[2025-06-13T15:11:16.246-0400] {logging_mixin.py:190} INFO - [2025-06-13T15:11:16.246-0400] {dag.py:4180} INFO - Setting next_dagrun for dataset_s3_bucket_consumer_with_no_taskflow to None, run_after=None
[2025-06-13T15:11:16.246-0400] {logging_mixin.py:190} INFO - [2025-06-13T15:11:16.246-0400] {dag.py:4180} INFO - Setting next_dagrun for dataset_s3_bucket_producer_with_no_taskflow to None, run_after=None
[2025-06-13T15:11:16.256-0400] {processor.py:208} INFO - Processing /Users/pranavr/.pyenv/versions/3.11.6/lib/python3.11/site-packages/airflow/example_dags/example_dataset_alias_with_no_taskflow.py took 128.203 seconds
[2025-06-13T15:20:01.323-0400] {processor.py:186} INFO - Started process (PID=17852) to work on /Users/pranavr/.pyenv/versions/3.11.6/lib/python3.11/site-packages/airflow/example_dags/example_dataset_alias_with_no_taskflow.py
[2025-06-13T15:20:01.326-0400] {processor.py:914} INFO - Processing file /Users/pranavr/.pyenv/versions/3.11.6/lib/python3.11/site-packages/airflow/example_dags/example_dataset_alias_with_no_taskflow.py for tasks to queue
[2025-06-13T15:20:01.327-0400] {logging_mixin.py:190} INFO - [2025-06-13T15:20:01.327-0400] {dagbag.py:588} INFO - Filling up the DagBag from /Users/pranavr/.pyenv/versions/3.11.6/lib/python3.11/site-packages/airflow/example_dags/example_dataset_alias_with_no_taskflow.py
[2025-06-13T15:20:01.425-0400] {processor.py:925} INFO - DAG(s) 'dataset_alias_example_alias_producer_with_no_taskflow', 'dataset_s3_bucket_consumer_with_no_taskflow', 'dataset_alias_example_alias_consumer_with_no_taskflow', 'dataset_s3_bucket_producer_with_no_taskflow' retrieved from /Users/pranavr/.pyenv/versions/3.11.6/lib/python3.11/site-packages/airflow/example_dags/example_dataset_alias_with_no_taskflow.py
[2025-06-13T15:20:01.437-0400] {logging_mixin.py:190} INFO - [2025-06-13T15:20:01.437-0400] {dag.py:3239} INFO - Sync 4 DAGs
[2025-06-13T15:20:01.445-0400] {logging_mixin.py:190} INFO - [2025-06-13T15:20:01.445-0400] {dag.py:4180} INFO - Setting next_dagrun for dataset_alias_example_alias_consumer_with_no_taskflow to None, run_after=None
[2025-06-13T15:20:01.446-0400] {logging_mixin.py:190} INFO - [2025-06-13T15:20:01.446-0400] {dag.py:4180} INFO - Setting next_dagrun for dataset_alias_example_alias_producer_with_no_taskflow to None, run_after=None
[2025-06-13T15:20:01.446-0400] {logging_mixin.py:190} INFO - [2025-06-13T15:20:01.446-0400] {dag.py:4180} INFO - Setting next_dagrun for dataset_s3_bucket_consumer_with_no_taskflow to None, run_after=None
[2025-06-13T15:20:01.447-0400] {logging_mixin.py:190} INFO - [2025-06-13T15:20:01.447-0400] {dag.py:4180} INFO - Setting next_dagrun for dataset_s3_bucket_producer_with_no_taskflow to None, run_after=None
[2025-06-13T15:20:01.455-0400] {processor.py:208} INFO - Processing /Users/pranavr/.pyenv/versions/3.11.6/lib/python3.11/site-packages/airflow/example_dags/example_dataset_alias_with_no_taskflow.py took 134.056 seconds
[2025-06-13T15:26:16.976-0400] {processor.py:186} INFO - Started process (PID=19016) to work on /Users/pranavr/.pyenv/versions/3.11.6/lib/python3.11/site-packages/airflow/example_dags/example_dataset_alias_with_no_taskflow.py
[2025-06-13T15:26:16.978-0400] {processor.py:914} INFO - Processing file /Users/pranavr/.pyenv/versions/3.11.6/lib/python3.11/site-packages/airflow/example_dags/example_dataset_alias_with_no_taskflow.py for tasks to queue
[2025-06-13T15:26:16.978-0400] {logging_mixin.py:190} INFO - [2025-06-13T15:26:16.978-0400] {dagbag.py:588} INFO - Filling up the DagBag from /Users/pranavr/.pyenv/versions/3.11.6/lib/python3.11/site-packages/airflow/example_dags/example_dataset_alias_with_no_taskflow.py
[2025-06-13T15:26:17.088-0400] {processor.py:925} INFO - DAG(s) 'dataset_s3_bucket_producer_with_no_taskflow', 'dataset_alias_example_alias_consumer_with_no_taskflow', 'dataset_alias_example_alias_producer_with_no_taskflow', 'dataset_s3_bucket_consumer_with_no_taskflow' retrieved from /Users/pranavr/.pyenv/versions/3.11.6/lib/python3.11/site-packages/airflow/example_dags/example_dataset_alias_with_no_taskflow.py
[2025-06-13T15:26:17.156-0400] {logging_mixin.py:190} INFO - [2025-06-13T15:26:17.155-0400] {override.py:1930} INFO - Created Permission View: can read on DAG:dataset_s3_bucket_producer_with_no_taskflow
[2025-06-13T15:26:17.160-0400] {logging_mixin.py:190} INFO - [2025-06-13T15:26:17.159-0400] {override.py:1930} INFO - Created Permission View: can delete on DAG:dataset_s3_bucket_producer_with_no_taskflow
[2025-06-13T15:26:17.162-0400] {logging_mixin.py:190} INFO - [2025-06-13T15:26:17.162-0400] {override.py:1930} INFO - Created Permission View: can edit on DAG:dataset_s3_bucket_producer_with_no_taskflow
[2025-06-13T15:26:17.165-0400] {logging_mixin.py:190} INFO - [2025-06-13T15:26:17.165-0400] {override.py:1930} INFO - Created Permission View: menu access on DAG Run:dataset_s3_bucket_producer_with_no_taskflow
[2025-06-13T15:26:17.168-0400] {logging_mixin.py:190} INFO - [2025-06-13T15:26:17.168-0400] {override.py:1930} INFO - Created Permission View: can read on DAG Run:dataset_s3_bucket_producer_with_no_taskflow
[2025-06-13T15:26:17.170-0400] {logging_mixin.py:190} INFO - [2025-06-13T15:26:17.170-0400] {override.py:1930} INFO - Created Permission View: can delete on DAG Run:dataset_s3_bucket_producer_with_no_taskflow
[2025-06-13T15:26:17.173-0400] {logging_mixin.py:190} INFO - [2025-06-13T15:26:17.173-0400] {override.py:1930} INFO - Created Permission View: can create on DAG Run:dataset_s3_bucket_producer_with_no_taskflow
[2025-06-13T15:26:17.178-0400] {logging_mixin.py:190} INFO - [2025-06-13T15:26:17.178-0400] {override.py:1930} INFO - Created Permission View: can read on DAG:dataset_alias_example_alias_consumer_with_no_taskflow
[2025-06-13T15:26:17.181-0400] {logging_mixin.py:190} INFO - [2025-06-13T15:26:17.180-0400] {override.py:1930} INFO - Created Permission View: can delete on DAG:dataset_alias_example_alias_consumer_with_no_taskflow
[2025-06-13T15:26:17.183-0400] {logging_mixin.py:190} INFO - [2025-06-13T15:26:17.183-0400] {override.py:1930} INFO - Created Permission View: can edit on DAG:dataset_alias_example_alias_consumer_with_no_taskflow
[2025-06-13T15:26:17.186-0400] {logging_mixin.py:190} INFO - [2025-06-13T15:26:17.186-0400] {override.py:1930} INFO - Created Permission View: menu access on DAG Run:dataset_alias_example_alias_consumer_with_no_taskflow
[2025-06-13T15:26:17.188-0400] {logging_mixin.py:190} INFO - [2025-06-13T15:26:17.188-0400] {override.py:1930} INFO - Created Permission View: can read on DAG Run:dataset_alias_example_alias_consumer_with_no_taskflow
[2025-06-13T15:26:17.191-0400] {logging_mixin.py:190} INFO - [2025-06-13T15:26:17.191-0400] {override.py:1930} INFO - Created Permission View: can delete on DAG Run:dataset_alias_example_alias_consumer_with_no_taskflow
[2025-06-13T15:26:17.193-0400] {logging_mixin.py:190} INFO - [2025-06-13T15:26:17.193-0400] {override.py:1930} INFO - Created Permission View: can create on DAG Run:dataset_alias_example_alias_consumer_with_no_taskflow
[2025-06-13T15:26:17.199-0400] {logging_mixin.py:190} INFO - [2025-06-13T15:26:17.199-0400] {override.py:1930} INFO - Created Permission View: can read on DAG:dataset_alias_example_alias_producer_with_no_taskflow
[2025-06-13T15:26:17.201-0400] {logging_mixin.py:190} INFO - [2025-06-13T15:26:17.201-0400] {override.py:1930} INFO - Created Permission View: can delete on DAG:dataset_alias_example_alias_producer_with_no_taskflow
[2025-06-13T15:26:17.204-0400] {logging_mixin.py:190} INFO - [2025-06-13T15:26:17.203-0400] {override.py:1930} INFO - Created Permission View: can edit on DAG:dataset_alias_example_alias_producer_with_no_taskflow
[2025-06-13T15:26:17.207-0400] {logging_mixin.py:190} INFO - [2025-06-13T15:26:17.207-0400] {override.py:1930} INFO - Created Permission View: menu access on DAG Run:dataset_alias_example_alias_producer_with_no_taskflow
[2025-06-13T15:26:17.210-0400] {logging_mixin.py:190} INFO - [2025-06-13T15:26:17.209-0400] {override.py:1930} INFO - Created Permission View: can read on DAG Run:dataset_alias_example_alias_producer_with_no_taskflow
[2025-06-13T15:26:17.212-0400] {logging_mixin.py:190} INFO - [2025-06-13T15:26:17.212-0400] {override.py:1930} INFO - Created Permission View: can delete on DAG Run:dataset_alias_example_alias_producer_with_no_taskflow
[2025-06-13T15:26:17.214-0400] {logging_mixin.py:190} INFO - [2025-06-13T15:26:17.214-0400] {override.py:1930} INFO - Created Permission View: can create on DAG Run:dataset_alias_example_alias_producer_with_no_taskflow
[2025-06-13T15:26:17.220-0400] {logging_mixin.py:190} INFO - [2025-06-13T15:26:17.220-0400] {override.py:1930} INFO - Created Permission View: can read on DAG:dataset_s3_bucket_consumer_with_no_taskflow
[2025-06-13T15:26:17.223-0400] {logging_mixin.py:190} INFO - [2025-06-13T15:26:17.223-0400] {override.py:1930} INFO - Created Permission View: can delete on DAG:dataset_s3_bucket_consumer_with_no_taskflow
[2025-06-13T15:26:17.226-0400] {logging_mixin.py:190} INFO - [2025-06-13T15:26:17.226-0400] {override.py:1930} INFO - Created Permission View: can edit on DAG:dataset_s3_bucket_consumer_with_no_taskflow
[2025-06-13T15:26:17.229-0400] {logging_mixin.py:190} INFO - [2025-06-13T15:26:17.229-0400] {override.py:1930} INFO - Created Permission View: menu access on DAG Run:dataset_s3_bucket_consumer_with_no_taskflow
[2025-06-13T15:26:17.232-0400] {logging_mixin.py:190} INFO - [2025-06-13T15:26:17.231-0400] {override.py:1930} INFO - Created Permission View: can read on DAG Run:dataset_s3_bucket_consumer_with_no_taskflow
[2025-06-13T15:26:17.234-0400] {logging_mixin.py:190} INFO - [2025-06-13T15:26:17.234-0400] {override.py:1930} INFO - Created Permission View: can delete on DAG Run:dataset_s3_bucket_consumer_with_no_taskflow
[2025-06-13T15:26:17.236-0400] {logging_mixin.py:190} INFO - [2025-06-13T15:26:17.236-0400] {override.py:1930} INFO - Created Permission View: can create on DAG Run:dataset_s3_bucket_consumer_with_no_taskflow
[2025-06-13T15:26:17.236-0400] {logging_mixin.py:190} INFO - [2025-06-13T15:26:17.236-0400] {dag.py:3239} INFO - Sync 4 DAGs
[2025-06-13T15:26:17.242-0400] {logging_mixin.py:190} INFO - [2025-06-13T15:26:17.242-0400] {dag.py:3262} INFO - Creating ORM DAG for dataset_alias_example_alias_producer_with_no_taskflow
[2025-06-13T15:26:17.242-0400] {logging_mixin.py:190} INFO - [2025-06-13T15:26:17.242-0400] {dag.py:3262} INFO - Creating ORM DAG for dataset_s3_bucket_consumer_with_no_taskflow
[2025-06-13T15:26:17.242-0400] {logging_mixin.py:190} INFO - [2025-06-13T15:26:17.242-0400] {dag.py:3262} INFO - Creating ORM DAG for dataset_alias_example_alias_consumer_with_no_taskflow
[2025-06-13T15:26:17.242-0400] {logging_mixin.py:190} INFO - [2025-06-13T15:26:17.242-0400] {dag.py:3262} INFO - Creating ORM DAG for dataset_s3_bucket_producer_with_no_taskflow
[2025-06-13T15:26:17.246-0400] {logging_mixin.py:190} INFO - [2025-06-13T15:26:17.246-0400] {dag.py:4180} INFO - Setting next_dagrun for dataset_alias_example_alias_consumer_with_no_taskflow to None, run_after=None
[2025-06-13T15:26:17.246-0400] {logging_mixin.py:190} INFO - [2025-06-13T15:26:17.246-0400] {dag.py:4180} INFO - Setting next_dagrun for dataset_alias_example_alias_producer_with_no_taskflow to None, run_after=None
[2025-06-13T15:26:17.246-0400] {logging_mixin.py:190} INFO - [2025-06-13T15:26:17.246-0400] {dag.py:4180} INFO - Setting next_dagrun for dataset_s3_bucket_consumer_with_no_taskflow to None, run_after=None
[2025-06-13T15:26:17.246-0400] {logging_mixin.py:190} INFO - [2025-06-13T15:26:17.246-0400] {dag.py:4180} INFO - Setting next_dagrun for dataset_s3_bucket_producer_with_no_taskflow to None, run_after=None
[2025-06-13T15:26:17.594-0400] {processor.py:208} INFO - Processing /Users/pranavr/.pyenv/versions/3.11.6/lib/python3.11/site-packages/airflow/example_dags/example_dataset_alias_with_no_taskflow.py took 619.785 seconds
[2025-06-13T15:31:35.205-0400] {processor.py:186} INFO - Started process (PID=19960) to work on /Users/pranavr/.pyenv/versions/3.11.6/lib/python3.11/site-packages/airflow/example_dags/example_dataset_alias_with_no_taskflow.py
[2025-06-13T15:31:35.208-0400] {processor.py:914} INFO - Processing file /Users/pranavr/.pyenv/versions/3.11.6/lib/python3.11/site-packages/airflow/example_dags/example_dataset_alias_with_no_taskflow.py for tasks to queue
[2025-06-13T15:31:35.209-0400] {logging_mixin.py:190} INFO - [2025-06-13T15:31:35.209-0400] {dagbag.py:588} INFO - Filling up the DagBag from /Users/pranavr/.pyenv/versions/3.11.6/lib/python3.11/site-packages/airflow/example_dags/example_dataset_alias_with_no_taskflow.py
[2025-06-13T15:31:35.312-0400] {processor.py:925} INFO - DAG(s) 'dataset_s3_bucket_consumer_with_no_taskflow', 'dataset_alias_example_alias_consumer_with_no_taskflow', 'dataset_s3_bucket_producer_with_no_taskflow', 'dataset_alias_example_alias_producer_with_no_taskflow' retrieved from /Users/pranavr/.pyenv/versions/3.11.6/lib/python3.11/site-packages/airflow/example_dags/example_dataset_alias_with_no_taskflow.py
[2025-06-13T15:31:35.374-0400] {logging_mixin.py:190} INFO - [2025-06-13T15:31:35.374-0400] {override.py:1930} INFO - Created Permission View: can read on DAG:dataset_s3_bucket_consumer_with_no_taskflow
[2025-06-13T15:31:35.378-0400] {logging_mixin.py:190} INFO - [2025-06-13T15:31:35.378-0400] {override.py:1930} INFO - Created Permission View: can delete on DAG:dataset_s3_bucket_consumer_with_no_taskflow
[2025-06-13T15:31:35.380-0400] {logging_mixin.py:190} INFO - [2025-06-13T15:31:35.380-0400] {override.py:1930} INFO - Created Permission View: can edit on DAG:dataset_s3_bucket_consumer_with_no_taskflow
[2025-06-13T15:31:35.384-0400] {logging_mixin.py:190} INFO - [2025-06-13T15:31:35.383-0400] {override.py:1930} INFO - Created Permission View: can create on DAG Run:dataset_s3_bucket_consumer_with_no_taskflow
[2025-06-13T15:31:35.386-0400] {logging_mixin.py:190} INFO - [2025-06-13T15:31:35.386-0400] {override.py:1930} INFO - Created Permission View: can read on DAG Run:dataset_s3_bucket_consumer_with_no_taskflow
[2025-06-13T15:31:35.388-0400] {logging_mixin.py:190} INFO - [2025-06-13T15:31:35.388-0400] {override.py:1930} INFO - Created Permission View: can delete on DAG Run:dataset_s3_bucket_consumer_with_no_taskflow
[2025-06-13T15:31:35.390-0400] {logging_mixin.py:190} INFO - [2025-06-13T15:31:35.390-0400] {override.py:1930} INFO - Created Permission View: menu access on DAG Run:dataset_s3_bucket_consumer_with_no_taskflow
[2025-06-13T15:31:35.395-0400] {logging_mixin.py:190} INFO - [2025-06-13T15:31:35.395-0400] {override.py:1930} INFO - Created Permission View: can read on DAG:dataset_alias_example_alias_consumer_with_no_taskflow
[2025-06-13T15:31:35.398-0400] {logging_mixin.py:190} INFO - [2025-06-13T15:31:35.397-0400] {override.py:1930} INFO - Created Permission View: can delete on DAG:dataset_alias_example_alias_consumer_with_no_taskflow
[2025-06-13T15:31:35.400-0400] {logging_mixin.py:190} INFO - [2025-06-13T15:31:35.400-0400] {override.py:1930} INFO - Created Permission View: can edit on DAG:dataset_alias_example_alias_consumer_with_no_taskflow
[2025-06-13T15:31:35.404-0400] {logging_mixin.py:190} INFO - [2025-06-13T15:31:35.404-0400] {override.py:1930} INFO - Created Permission View: can create on DAG Run:dataset_alias_example_alias_consumer_with_no_taskflow
[2025-06-13T15:31:35.407-0400] {logging_mixin.py:190} INFO - [2025-06-13T15:31:35.407-0400] {override.py:1930} INFO - Created Permission View: can read on DAG Run:dataset_alias_example_alias_consumer_with_no_taskflow
[2025-06-13T15:31:35.410-0400] {logging_mixin.py:190} INFO - [2025-06-13T15:31:35.410-0400] {override.py:1930} INFO - Created Permission View: can delete on DAG Run:dataset_alias_example_alias_consumer_with_no_taskflow
[2025-06-13T15:31:35.413-0400] {logging_mixin.py:190} INFO - [2025-06-13T15:31:35.412-0400] {override.py:1930} INFO - Created Permission View: menu access on DAG Run:dataset_alias_example_alias_consumer_with_no_taskflow
[2025-06-13T15:31:35.418-0400] {logging_mixin.py:190} INFO - [2025-06-13T15:31:35.418-0400] {override.py:1930} INFO - Created Permission View: can read on DAG:dataset_s3_bucket_producer_with_no_taskflow
[2025-06-13T15:31:35.420-0400] {logging_mixin.py:190} INFO - [2025-06-13T15:31:35.420-0400] {override.py:1930} INFO - Created Permission View: can delete on DAG:dataset_s3_bucket_producer_with_no_taskflow
[2025-06-13T15:31:35.422-0400] {logging_mixin.py:190} INFO - [2025-06-13T15:31:35.422-0400] {override.py:1930} INFO - Created Permission View: can edit on DAG:dataset_s3_bucket_producer_with_no_taskflow
[2025-06-13T15:31:35.425-0400] {logging_mixin.py:190} INFO - [2025-06-13T15:31:35.425-0400] {override.py:1930} INFO - Created Permission View: can create on DAG Run:dataset_s3_bucket_producer_with_no_taskflow
[2025-06-13T15:31:35.427-0400] {logging_mixin.py:190} INFO - [2025-06-13T15:31:35.427-0400] {override.py:1930} INFO - Created Permission View: can read on DAG Run:dataset_s3_bucket_producer_with_no_taskflow
[2025-06-13T15:31:35.430-0400] {logging_mixin.py:190} INFO - [2025-06-13T15:31:35.429-0400] {override.py:1930} INFO - Created Permission View: can delete on DAG Run:dataset_s3_bucket_producer_with_no_taskflow
[2025-06-13T15:31:35.431-0400] {logging_mixin.py:190} INFO - [2025-06-13T15:31:35.431-0400] {override.py:1930} INFO - Created Permission View: menu access on DAG Run:dataset_s3_bucket_producer_with_no_taskflow
[2025-06-13T15:31:35.437-0400] {logging_mixin.py:190} INFO - [2025-06-13T15:31:35.437-0400] {override.py:1930} INFO - Created Permission View: can read on DAG:dataset_alias_example_alias_producer_with_no_taskflow
[2025-06-13T15:31:35.439-0400] {logging_mixin.py:190} INFO - [2025-06-13T15:31:35.439-0400] {override.py:1930} INFO - Created Permission View: can delete on DAG:dataset_alias_example_alias_producer_with_no_taskflow
[2025-06-13T15:31:35.441-0400] {logging_mixin.py:190} INFO - [2025-06-13T15:31:35.441-0400] {override.py:1930} INFO - Created Permission View: can edit on DAG:dataset_alias_example_alias_producer_with_no_taskflow
[2025-06-13T15:31:35.444-0400] {logging_mixin.py:190} INFO - [2025-06-13T15:31:35.444-0400] {override.py:1930} INFO - Created Permission View: can create on DAG Run:dataset_alias_example_alias_producer_with_no_taskflow
[2025-06-13T15:31:35.447-0400] {logging_mixin.py:190} INFO - [2025-06-13T15:31:35.447-0400] {override.py:1930} INFO - Created Permission View: can read on DAG Run:dataset_alias_example_alias_producer_with_no_taskflow
[2025-06-13T15:31:35.449-0400] {logging_mixin.py:190} INFO - [2025-06-13T15:31:35.449-0400] {override.py:1930} INFO - Created Permission View: can delete on DAG Run:dataset_alias_example_alias_producer_with_no_taskflow
[2025-06-13T15:31:35.451-0400] {logging_mixin.py:190} INFO - [2025-06-13T15:31:35.451-0400] {override.py:1930} INFO - Created Permission View: menu access on DAG Run:dataset_alias_example_alias_producer_with_no_taskflow
[2025-06-13T15:31:35.451-0400] {logging_mixin.py:190} INFO - [2025-06-13T15:31:35.451-0400] {dag.py:3239} INFO - Sync 4 DAGs
[2025-06-13T15:31:35.457-0400] {logging_mixin.py:190} INFO - [2025-06-13T15:31:35.457-0400] {dag.py:3262} INFO - Creating ORM DAG for dataset_alias_example_alias_consumer_with_no_taskflow
[2025-06-13T15:31:35.457-0400] {logging_mixin.py:190} INFO - [2025-06-13T15:31:35.457-0400] {dag.py:3262} INFO - Creating ORM DAG for dataset_alias_example_alias_producer_with_no_taskflow
[2025-06-13T15:31:35.457-0400] {logging_mixin.py:190} INFO - [2025-06-13T15:31:35.457-0400] {dag.py:3262} INFO - Creating ORM DAG for dataset_s3_bucket_producer_with_no_taskflow
[2025-06-13T15:31:35.457-0400] {logging_mixin.py:190} INFO - [2025-06-13T15:31:35.457-0400] {dag.py:3262} INFO - Creating ORM DAG for dataset_s3_bucket_consumer_with_no_taskflow
[2025-06-13T15:31:35.460-0400] {logging_mixin.py:190} INFO - [2025-06-13T15:31:35.460-0400] {dag.py:4180} INFO - Setting next_dagrun for dataset_alias_example_alias_consumer_with_no_taskflow to None, run_after=None
[2025-06-13T15:31:35.461-0400] {logging_mixin.py:190} INFO - [2025-06-13T15:31:35.461-0400] {dag.py:4180} INFO - Setting next_dagrun for dataset_alias_example_alias_producer_with_no_taskflow to None, run_after=None
[2025-06-13T15:31:35.461-0400] {logging_mixin.py:190} INFO - [2025-06-13T15:31:35.461-0400] {dag.py:4180} INFO - Setting next_dagrun for dataset_s3_bucket_consumer_with_no_taskflow to None, run_after=None
[2025-06-13T15:31:35.461-0400] {logging_mixin.py:190} INFO - [2025-06-13T15:31:35.461-0400] {dag.py:4180} INFO - Setting next_dagrun for dataset_s3_bucket_producer_with_no_taskflow to None, run_after=None
[2025-06-13T15:31:35.832-0400] {processor.py:208} INFO - Processing /Users/pranavr/.pyenv/versions/3.11.6/lib/python3.11/site-packages/airflow/example_dags/example_dataset_alias_with_no_taskflow.py took 628.212 seconds
[2025-06-13T15:37:07.385-0400] {processor.py:186} INFO - Started process (PID=20628) to work on /Users/pranavr/.pyenv/versions/3.11.6/lib/python3.11/site-packages/airflow/example_dags/example_dataset_alias_with_no_taskflow.py
[2025-06-13T15:37:07.386-0400] {processor.py:914} INFO - Processing file /Users/pranavr/.pyenv/versions/3.11.6/lib/python3.11/site-packages/airflow/example_dags/example_dataset_alias_with_no_taskflow.py for tasks to queue
[2025-06-13T15:37:07.387-0400] {logging_mixin.py:190} INFO - [2025-06-13T15:37:07.387-0400] {dagbag.py:588} INFO - Filling up the DagBag from /Users/pranavr/.pyenv/versions/3.11.6/lib/python3.11/site-packages/airflow/example_dags/example_dataset_alias_with_no_taskflow.py
[2025-06-13T15:37:07.476-0400] {processor.py:925} INFO - DAG(s) 'dataset_s3_bucket_consumer_with_no_taskflow', 'dataset_alias_example_alias_producer_with_no_taskflow', 'dataset_alias_example_alias_consumer_with_no_taskflow', 'dataset_s3_bucket_producer_with_no_taskflow' retrieved from /Users/pranavr/.pyenv/versions/3.11.6/lib/python3.11/site-packages/airflow/example_dags/example_dataset_alias_with_no_taskflow.py
[2025-06-13T15:37:07.521-0400] {logging_mixin.py:190} INFO - [2025-06-13T15:37:07.521-0400] {override.py:1930} INFO - Created Permission View: can delete on DAG:dataset_s3_bucket_consumer_with_no_taskflow
[2025-06-13T15:37:07.524-0400] {logging_mixin.py:190} INFO - [2025-06-13T15:37:07.524-0400] {override.py:1930} INFO - Created Permission View: can edit on DAG:dataset_s3_bucket_consumer_with_no_taskflow
[2025-06-13T15:37:07.527-0400] {logging_mixin.py:190} INFO - [2025-06-13T15:37:07.526-0400] {override.py:1930} INFO - Created Permission View: can read on DAG:dataset_s3_bucket_consumer_with_no_taskflow
[2025-06-13T15:37:07.530-0400] {logging_mixin.py:190} INFO - [2025-06-13T15:37:07.530-0400] {override.py:1930} INFO - Created Permission View: can delete on DAG Run:dataset_s3_bucket_consumer_with_no_taskflow
[2025-06-13T15:37:07.532-0400] {logging_mixin.py:190} INFO - [2025-06-13T15:37:07.532-0400] {override.py:1930} INFO - Created Permission View: menu access on DAG Run:dataset_s3_bucket_consumer_with_no_taskflow
[2025-06-13T15:37:07.534-0400] {logging_mixin.py:190} INFO - [2025-06-13T15:37:07.534-0400] {override.py:1930} INFO - Created Permission View: can create on DAG Run:dataset_s3_bucket_consumer_with_no_taskflow
[2025-06-13T15:37:07.536-0400] {logging_mixin.py:190} INFO - [2025-06-13T15:37:07.536-0400] {override.py:1930} INFO - Created Permission View: can read on DAG Run:dataset_s3_bucket_consumer_with_no_taskflow
[2025-06-13T15:37:07.542-0400] {logging_mixin.py:190} INFO - [2025-06-13T15:37:07.542-0400] {override.py:1930} INFO - Created Permission View: can delete on DAG:dataset_alias_example_alias_producer_with_no_taskflow
[2025-06-13T15:37:07.544-0400] {logging_mixin.py:190} INFO - [2025-06-13T15:37:07.544-0400] {override.py:1930} INFO - Created Permission View: can edit on DAG:dataset_alias_example_alias_producer_with_no_taskflow
[2025-06-13T15:37:07.546-0400] {logging_mixin.py:190} INFO - [2025-06-13T15:37:07.546-0400] {override.py:1930} INFO - Created Permission View: can read on DAG:dataset_alias_example_alias_producer_with_no_taskflow
[2025-06-13T15:37:07.549-0400] {logging_mixin.py:190} INFO - [2025-06-13T15:37:07.549-0400] {override.py:1930} INFO - Created Permission View: can delete on DAG Run:dataset_alias_example_alias_producer_with_no_taskflow
[2025-06-13T15:37:07.551-0400] {logging_mixin.py:190} INFO - [2025-06-13T15:37:07.551-0400] {override.py:1930} INFO - Created Permission View: menu access on DAG Run:dataset_alias_example_alias_producer_with_no_taskflow
[2025-06-13T15:37:07.553-0400] {logging_mixin.py:190} INFO - [2025-06-13T15:37:07.553-0400] {override.py:1930} INFO - Created Permission View: can create on DAG Run:dataset_alias_example_alias_producer_with_no_taskflow
[2025-06-13T15:37:07.555-0400] {logging_mixin.py:190} INFO - [2025-06-13T15:37:07.555-0400] {override.py:1930} INFO - Created Permission View: can read on DAG Run:dataset_alias_example_alias_producer_with_no_taskflow
[2025-06-13T15:37:07.560-0400] {logging_mixin.py:190} INFO - [2025-06-13T15:37:07.560-0400] {override.py:1930} INFO - Created Permission View: can delete on DAG:dataset_alias_example_alias_consumer_with_no_taskflow
[2025-06-13T15:37:07.562-0400] {logging_mixin.py:190} INFO - [2025-06-13T15:37:07.562-0400] {override.py:1930} INFO - Created Permission View: can edit on DAG:dataset_alias_example_alias_consumer_with_no_taskflow
[2025-06-13T15:37:07.564-0400] {logging_mixin.py:190} INFO - [2025-06-13T15:37:07.564-0400] {override.py:1930} INFO - Created Permission View: can read on DAG:dataset_alias_example_alias_consumer_with_no_taskflow
[2025-06-13T15:37:07.567-0400] {logging_mixin.py:190} INFO - [2025-06-13T15:37:07.567-0400] {override.py:1930} INFO - Created Permission View: can delete on DAG Run:dataset_alias_example_alias_consumer_with_no_taskflow
[2025-06-13T15:37:07.570-0400] {logging_mixin.py:190} INFO - [2025-06-13T15:37:07.569-0400] {override.py:1930} INFO - Created Permission View: menu access on DAG Run:dataset_alias_example_alias_consumer_with_no_taskflow
[2025-06-13T15:37:07.572-0400] {logging_mixin.py:190} INFO - [2025-06-13T15:37:07.572-0400] {override.py:1930} INFO - Created Permission View: can create on DAG Run:dataset_alias_example_alias_consumer_with_no_taskflow
[2025-06-13T15:37:07.574-0400] {logging_mixin.py:190} INFO - [2025-06-13T15:37:07.574-0400] {override.py:1930} INFO - Created Permission View: can read on DAG Run:dataset_alias_example_alias_consumer_with_no_taskflow
[2025-06-13T15:37:07.578-0400] {logging_mixin.py:190} INFO - [2025-06-13T15:37:07.578-0400] {override.py:1930} INFO - Created Permission View: can delete on DAG:dataset_s3_bucket_producer_with_no_taskflow
[2025-06-13T15:37:07.581-0400] {logging_mixin.py:190} INFO - [2025-06-13T15:37:07.581-0400] {override.py:1930} INFO - Created Permission View: can edit on DAG:dataset_s3_bucket_producer_with_no_taskflow
[2025-06-13T15:37:07.583-0400] {logging_mixin.py:190} INFO - [2025-06-13T15:37:07.583-0400] {override.py:1930} INFO - Created Permission View: can read on DAG:dataset_s3_bucket_producer_with_no_taskflow
[2025-06-13T15:37:07.586-0400] {logging_mixin.py:190} INFO - [2025-06-13T15:37:07.586-0400] {override.py:1930} INFO - Created Permission View: can delete on DAG Run:dataset_s3_bucket_producer_with_no_taskflow
[2025-06-13T15:37:07.588-0400] {logging_mixin.py:190} INFO - [2025-06-13T15:37:07.588-0400] {override.py:1930} INFO - Created Permission View: menu access on DAG Run:dataset_s3_bucket_producer_with_no_taskflow
[2025-06-13T15:37:07.590-0400] {logging_mixin.py:190} INFO - [2025-06-13T15:37:07.590-0400] {override.py:1930} INFO - Created Permission View: can create on DAG Run:dataset_s3_bucket_producer_with_no_taskflow
[2025-06-13T15:37:07.592-0400] {logging_mixin.py:190} INFO - [2025-06-13T15:37:07.592-0400] {override.py:1930} INFO - Created Permission View: can read on DAG Run:dataset_s3_bucket_producer_with_no_taskflow
[2025-06-13T15:37:07.593-0400] {logging_mixin.py:190} INFO - [2025-06-13T15:37:07.592-0400] {dag.py:3239} INFO - Sync 4 DAGs
[2025-06-13T15:37:07.598-0400] {logging_mixin.py:190} INFO - [2025-06-13T15:37:07.598-0400] {dag.py:3262} INFO - Creating ORM DAG for dataset_alias_example_alias_consumer_with_no_taskflow
[2025-06-13T15:37:07.598-0400] {logging_mixin.py:190} INFO - [2025-06-13T15:37:07.598-0400] {dag.py:3262} INFO - Creating ORM DAG for dataset_s3_bucket_producer_with_no_taskflow
[2025-06-13T15:37:07.599-0400] {logging_mixin.py:190} INFO - [2025-06-13T15:37:07.598-0400] {dag.py:3262} INFO - Creating ORM DAG for dataset_s3_bucket_consumer_with_no_taskflow
[2025-06-13T15:37:07.599-0400] {logging_mixin.py:190} INFO - [2025-06-13T15:37:07.599-0400] {dag.py:3262} INFO - Creating ORM DAG for dataset_alias_example_alias_producer_with_no_taskflow
[2025-06-13T15:37:07.602-0400] {logging_mixin.py:190} INFO - [2025-06-13T15:37:07.602-0400] {dag.py:4180} INFO - Setting next_dagrun for dataset_alias_example_alias_consumer_with_no_taskflow to None, run_after=None
[2025-06-13T15:37:07.602-0400] {logging_mixin.py:190} INFO - [2025-06-13T15:37:07.602-0400] {dag.py:4180} INFO - Setting next_dagrun for dataset_alias_example_alias_producer_with_no_taskflow to None, run_after=None
[2025-06-13T15:37:07.602-0400] {logging_mixin.py:190} INFO - [2025-06-13T15:37:07.602-0400] {dag.py:4180} INFO - Setting next_dagrun for dataset_s3_bucket_consumer_with_no_taskflow to None, run_after=None
[2025-06-13T15:37:07.602-0400] {logging_mixin.py:190} INFO - [2025-06-13T15:37:07.602-0400] {dag.py:4180} INFO - Setting next_dagrun for dataset_s3_bucket_producer_with_no_taskflow to None, run_after=None
[2025-06-13T15:37:07.871-0400] {processor.py:208} INFO - Processing /Users/pranavr/.pyenv/versions/3.11.6/lib/python3.11/site-packages/airflow/example_dags/example_dataset_alias_with_no_taskflow.py took 487.703 seconds
[2025-06-13T15:39:56.035-0400] {processor.py:186} INFO - Started process (PID=20891) to work on /Users/pranavr/.pyenv/versions/3.11.6/lib/python3.11/site-packages/airflow/example_dags/example_dataset_alias_with_no_taskflow.py
[2025-06-13T15:39:56.037-0400] {processor.py:914} INFO - Processing file /Users/pranavr/.pyenv/versions/3.11.6/lib/python3.11/site-packages/airflow/example_dags/example_dataset_alias_with_no_taskflow.py for tasks to queue
[2025-06-13T15:39:56.038-0400] {logging_mixin.py:190} INFO - [2025-06-13T15:39:56.038-0400] {dagbag.py:588} INFO - Filling up the DagBag from /Users/pranavr/.pyenv/versions/3.11.6/lib/python3.11/site-packages/airflow/example_dags/example_dataset_alias_with_no_taskflow.py
[2025-06-13T15:39:56.141-0400] {processor.py:925} INFO - DAG(s) 'dataset_s3_bucket_consumer_with_no_taskflow', 'dataset_s3_bucket_producer_with_no_taskflow', 'dataset_alias_example_alias_consumer_with_no_taskflow', 'dataset_alias_example_alias_producer_with_no_taskflow' retrieved from /Users/pranavr/.pyenv/versions/3.11.6/lib/python3.11/site-packages/airflow/example_dags/example_dataset_alias_with_no_taskflow.py
[2025-06-13T15:39:56.154-0400] {logging_mixin.py:190} INFO - [2025-06-13T15:39:56.154-0400] {dag.py:3239} INFO - Sync 4 DAGs
[2025-06-13T15:39:56.161-0400] {logging_mixin.py:190} INFO - [2025-06-13T15:39:56.161-0400] {dag.py:4180} INFO - Setting next_dagrun for dataset_alias_example_alias_consumer_with_no_taskflow to None, run_after=None
[2025-06-13T15:39:56.162-0400] {logging_mixin.py:190} INFO - [2025-06-13T15:39:56.162-0400] {dag.py:4180} INFO - Setting next_dagrun for dataset_alias_example_alias_producer_with_no_taskflow to None, run_after=None
[2025-06-13T15:39:56.162-0400] {logging_mixin.py:190} INFO - [2025-06-13T15:39:56.162-0400] {dag.py:4180} INFO - Setting next_dagrun for dataset_s3_bucket_consumer_with_no_taskflow to None, run_after=None
[2025-06-13T15:39:56.163-0400] {logging_mixin.py:190} INFO - [2025-06-13T15:39:56.163-0400] {dag.py:4180} INFO - Setting next_dagrun for dataset_s3_bucket_producer_with_no_taskflow to None, run_after=None
[2025-06-13T15:39:56.171-0400] {processor.py:208} INFO - Processing /Users/pranavr/.pyenv/versions/3.11.6/lib/python3.11/site-packages/airflow/example_dags/example_dataset_alias_with_no_taskflow.py took 137.517 seconds
[2025-06-13T15:44:38.680-0400] {processor.py:186} INFO - Started process (PID=21711) to work on /Users/pranavr/.pyenv/versions/3.11.6/lib/python3.11/site-packages/airflow/example_dags/example_dataset_alias_with_no_taskflow.py
[2025-06-13T15:44:38.682-0400] {processor.py:914} INFO - Processing file /Users/pranavr/.pyenv/versions/3.11.6/lib/python3.11/site-packages/airflow/example_dags/example_dataset_alias_with_no_taskflow.py for tasks to queue
[2025-06-13T15:44:38.682-0400] {logging_mixin.py:190} INFO - [2025-06-13T15:44:38.682-0400] {dagbag.py:588} INFO - Filling up the DagBag from /Users/pranavr/.pyenv/versions/3.11.6/lib/python3.11/site-packages/airflow/example_dags/example_dataset_alias_with_no_taskflow.py
[2025-06-13T15:44:38.781-0400] {processor.py:925} INFO - DAG(s) 'dataset_s3_bucket_producer_with_no_taskflow', 'dataset_s3_bucket_consumer_with_no_taskflow', 'dataset_alias_example_alias_consumer_with_no_taskflow', 'dataset_alias_example_alias_producer_with_no_taskflow' retrieved from /Users/pranavr/.pyenv/versions/3.11.6/lib/python3.11/site-packages/airflow/example_dags/example_dataset_alias_with_no_taskflow.py
[2025-06-13T15:44:38.845-0400] {logging_mixin.py:190} INFO - [2025-06-13T15:44:38.845-0400] {override.py:1930} INFO - Created Permission View: can delete on DAG:dataset_s3_bucket_producer_with_no_taskflow
[2025-06-13T15:44:38.849-0400] {logging_mixin.py:190} INFO - [2025-06-13T15:44:38.849-0400] {override.py:1930} INFO - Created Permission View: can read on DAG:dataset_s3_bucket_producer_with_no_taskflow
[2025-06-13T15:44:38.851-0400] {logging_mixin.py:190} INFO - [2025-06-13T15:44:38.851-0400] {override.py:1930} INFO - Created Permission View: can edit on DAG:dataset_s3_bucket_producer_with_no_taskflow
[2025-06-13T15:44:38.854-0400] {logging_mixin.py:190} INFO - [2025-06-13T15:44:38.854-0400] {override.py:1930} INFO - Created Permission View: can delete on DAG Run:dataset_s3_bucket_producer_with_no_taskflow
[2025-06-13T15:44:38.856-0400] {logging_mixin.py:190} INFO - [2025-06-13T15:44:38.856-0400] {override.py:1930} INFO - Created Permission View: can read on DAG Run:dataset_s3_bucket_producer_with_no_taskflow
[2025-06-13T15:44:38.858-0400] {logging_mixin.py:190} INFO - [2025-06-13T15:44:38.858-0400] {override.py:1930} INFO - Created Permission View: can create on DAG Run:dataset_s3_bucket_producer_with_no_taskflow
[2025-06-13T15:44:38.860-0400] {logging_mixin.py:190} INFO - [2025-06-13T15:44:38.860-0400] {override.py:1930} INFO - Created Permission View: menu access on DAG Run:dataset_s3_bucket_producer_with_no_taskflow
[2025-06-13T15:44:38.865-0400] {logging_mixin.py:190} INFO - [2025-06-13T15:44:38.865-0400] {override.py:1930} INFO - Created Permission View: can delete on DAG:dataset_s3_bucket_consumer_with_no_taskflow
[2025-06-13T15:44:38.867-0400] {logging_mixin.py:190} INFO - [2025-06-13T15:44:38.867-0400] {override.py:1930} INFO - Created Permission View: can read on DAG:dataset_s3_bucket_consumer_with_no_taskflow
[2025-06-13T15:44:38.869-0400] {logging_mixin.py:190} INFO - [2025-06-13T15:44:38.869-0400] {override.py:1930} INFO - Created Permission View: can edit on DAG:dataset_s3_bucket_consumer_with_no_taskflow
[2025-06-13T15:44:38.872-0400] {logging_mixin.py:190} INFO - [2025-06-13T15:44:38.872-0400] {override.py:1930} INFO - Created Permission View: can delete on DAG Run:dataset_s3_bucket_consumer_with_no_taskflow
[2025-06-13T15:44:38.874-0400] {logging_mixin.py:190} INFO - [2025-06-13T15:44:38.874-0400] {override.py:1930} INFO - Created Permission View: can read on DAG Run:dataset_s3_bucket_consumer_with_no_taskflow
[2025-06-13T15:44:38.876-0400] {logging_mixin.py:190} INFO - [2025-06-13T15:44:38.876-0400] {override.py:1930} INFO - Created Permission View: can create on DAG Run:dataset_s3_bucket_consumer_with_no_taskflow
[2025-06-13T15:44:38.878-0400] {logging_mixin.py:190} INFO - [2025-06-13T15:44:38.878-0400] {override.py:1930} INFO - Created Permission View: menu access on DAG Run:dataset_s3_bucket_consumer_with_no_taskflow
[2025-06-13T15:44:38.884-0400] {logging_mixin.py:190} INFO - [2025-06-13T15:44:38.883-0400] {override.py:1930} INFO - Created Permission View: can delete on DAG:dataset_alias_example_alias_consumer_with_no_taskflow
[2025-06-13T15:44:38.886-0400] {logging_mixin.py:190} INFO - [2025-06-13T15:44:38.886-0400] {override.py:1930} INFO - Created Permission View: can read on DAG:dataset_alias_example_alias_consumer_with_no_taskflow
[2025-06-13T15:44:38.888-0400] {logging_mixin.py:190} INFO - [2025-06-13T15:44:38.888-0400] {override.py:1930} INFO - Created Permission View: can edit on DAG:dataset_alias_example_alias_consumer_with_no_taskflow
[2025-06-13T15:44:38.891-0400] {logging_mixin.py:190} INFO - [2025-06-13T15:44:38.890-0400] {override.py:1930} INFO - Created Permission View: can delete on DAG Run:dataset_alias_example_alias_consumer_with_no_taskflow
[2025-06-13T15:44:38.893-0400] {logging_mixin.py:190} INFO - [2025-06-13T15:44:38.893-0400] {override.py:1930} INFO - Created Permission View: can read on DAG Run:dataset_alias_example_alias_consumer_with_no_taskflow
[2025-06-13T15:44:38.895-0400] {logging_mixin.py:190} INFO - [2025-06-13T15:44:38.895-0400] {override.py:1930} INFO - Created Permission View: can create on DAG Run:dataset_alias_example_alias_consumer_with_no_taskflow
[2025-06-13T15:44:38.897-0400] {logging_mixin.py:190} INFO - [2025-06-13T15:44:38.897-0400] {override.py:1930} INFO - Created Permission View: menu access on DAG Run:dataset_alias_example_alias_consumer_with_no_taskflow
[2025-06-13T15:44:38.903-0400] {logging_mixin.py:190} INFO - [2025-06-13T15:44:38.903-0400] {override.py:1930} INFO - Created Permission View: can delete on DAG:dataset_alias_example_alias_producer_with_no_taskflow
[2025-06-13T15:44:38.905-0400] {logging_mixin.py:190} INFO - [2025-06-13T15:44:38.905-0400] {override.py:1930} INFO - Created Permission View: can read on DAG:dataset_alias_example_alias_producer_with_no_taskflow
[2025-06-13T15:44:38.908-0400] {logging_mixin.py:190} INFO - [2025-06-13T15:44:38.907-0400] {override.py:1930} INFO - Created Permission View: can edit on DAG:dataset_alias_example_alias_producer_with_no_taskflow
[2025-06-13T15:44:38.911-0400] {logging_mixin.py:190} INFO - [2025-06-13T15:44:38.910-0400] {override.py:1930} INFO - Created Permission View: can delete on DAG Run:dataset_alias_example_alias_producer_with_no_taskflow
[2025-06-13T15:44:38.913-0400] {logging_mixin.py:190} INFO - [2025-06-13T15:44:38.912-0400] {override.py:1930} INFO - Created Permission View: can read on DAG Run:dataset_alias_example_alias_producer_with_no_taskflow
[2025-06-13T15:44:38.915-0400] {logging_mixin.py:190} INFO - [2025-06-13T15:44:38.915-0400] {override.py:1930} INFO - Created Permission View: can create on DAG Run:dataset_alias_example_alias_producer_with_no_taskflow
[2025-06-13T15:44:38.917-0400] {logging_mixin.py:190} INFO - [2025-06-13T15:44:38.917-0400] {override.py:1930} INFO - Created Permission View: menu access on DAG Run:dataset_alias_example_alias_producer_with_no_taskflow
[2025-06-13T15:44:38.917-0400] {logging_mixin.py:190} INFO - [2025-06-13T15:44:38.917-0400] {dag.py:3239} INFO - Sync 4 DAGs
[2025-06-13T15:44:38.922-0400] {logging_mixin.py:190} INFO - [2025-06-13T15:44:38.922-0400] {dag.py:3262} INFO - Creating ORM DAG for dataset_s3_bucket_producer_with_no_taskflow
[2025-06-13T15:44:38.922-0400] {logging_mixin.py:190} INFO - [2025-06-13T15:44:38.922-0400] {dag.py:3262} INFO - Creating ORM DAG for dataset_s3_bucket_consumer_with_no_taskflow
[2025-06-13T15:44:38.923-0400] {logging_mixin.py:190} INFO - [2025-06-13T15:44:38.923-0400] {dag.py:3262} INFO - Creating ORM DAG for dataset_alias_example_alias_consumer_with_no_taskflow
[2025-06-13T15:44:38.923-0400] {logging_mixin.py:190} INFO - [2025-06-13T15:44:38.923-0400] {dag.py:3262} INFO - Creating ORM DAG for dataset_alias_example_alias_producer_with_no_taskflow
[2025-06-13T15:44:38.925-0400] {logging_mixin.py:190} INFO - [2025-06-13T15:44:38.925-0400] {dag.py:4180} INFO - Setting next_dagrun for dataset_alias_example_alias_consumer_with_no_taskflow to None, run_after=None
[2025-06-13T15:44:38.926-0400] {logging_mixin.py:190} INFO - [2025-06-13T15:44:38.926-0400] {dag.py:4180} INFO - Setting next_dagrun for dataset_alias_example_alias_producer_with_no_taskflow to None, run_after=None
[2025-06-13T15:44:38.926-0400] {logging_mixin.py:190} INFO - [2025-06-13T15:44:38.926-0400] {dag.py:4180} INFO - Setting next_dagrun for dataset_s3_bucket_consumer_with_no_taskflow to None, run_after=None
[2025-06-13T15:44:38.926-0400] {logging_mixin.py:190} INFO - [2025-06-13T15:44:38.926-0400] {dag.py:4180} INFO - Setting next_dagrun for dataset_s3_bucket_producer_with_no_taskflow to None, run_after=None
[2025-06-13T15:44:39.243-0400] {processor.py:208} INFO - Processing /Users/pranavr/.pyenv/versions/3.11.6/lib/python3.11/site-packages/airflow/example_dags/example_dataset_alias_with_no_taskflow.py took 564.316 seconds
[2025-06-13T15:47:38.325-0400] {processor.py:186} INFO - Started process (PID=22088) to work on /Users/pranavr/.pyenv/versions/3.11.6/lib/python3.11/site-packages/airflow/example_dags/example_dataset_alias_with_no_taskflow.py
[2025-06-13T15:47:38.327-0400] {processor.py:914} INFO - Processing file /Users/pranavr/.pyenv/versions/3.11.6/lib/python3.11/site-packages/airflow/example_dags/example_dataset_alias_with_no_taskflow.py for tasks to queue
[2025-06-13T15:47:38.328-0400] {logging_mixin.py:190} INFO - [2025-06-13T15:47:38.327-0400] {dagbag.py:588} INFO - Filling up the DagBag from /Users/pranavr/.pyenv/versions/3.11.6/lib/python3.11/site-packages/airflow/example_dags/example_dataset_alias_with_no_taskflow.py
[2025-06-13T15:47:38.420-0400] {processor.py:925} INFO - DAG(s) 'dataset_alias_example_alias_consumer_with_no_taskflow', 'dataset_s3_bucket_producer_with_no_taskflow', 'dataset_alias_example_alias_producer_with_no_taskflow', 'dataset_s3_bucket_consumer_with_no_taskflow' retrieved from /Users/pranavr/.pyenv/versions/3.11.6/lib/python3.11/site-packages/airflow/example_dags/example_dataset_alias_with_no_taskflow.py
[2025-06-13T15:47:38.430-0400] {logging_mixin.py:190} INFO - [2025-06-13T15:47:38.430-0400] {dag.py:3239} INFO - Sync 4 DAGs
[2025-06-13T15:47:38.438-0400] {logging_mixin.py:190} INFO - [2025-06-13T15:47:38.437-0400] {dag.py:4180} INFO - Setting next_dagrun for dataset_alias_example_alias_consumer_with_no_taskflow to None, run_after=None
[2025-06-13T15:47:38.438-0400] {logging_mixin.py:190} INFO - [2025-06-13T15:47:38.438-0400] {dag.py:4180} INFO - Setting next_dagrun for dataset_alias_example_alias_producer_with_no_taskflow to None, run_after=None
[2025-06-13T15:47:38.439-0400] {logging_mixin.py:190} INFO - [2025-06-13T15:47:38.439-0400] {dag.py:4180} INFO - Setting next_dagrun for dataset_s3_bucket_consumer_with_no_taskflow to None, run_after=None
[2025-06-13T15:47:38.439-0400] {logging_mixin.py:190} INFO - [2025-06-13T15:47:38.439-0400] {dag.py:4180} INFO - Setting next_dagrun for dataset_s3_bucket_producer_with_no_taskflow to None, run_after=None
[2025-06-13T15:47:38.447-0400] {processor.py:208} INFO - Processing /Users/pranavr/.pyenv/versions/3.11.6/lib/python3.11/site-packages/airflow/example_dags/example_dataset_alias_with_no_taskflow.py took 123.236 seconds
[2025-06-13T15:50:27.655-0400] {processor.py:186} INFO - Started process (PID=22367) to work on /Users/pranavr/.pyenv/versions/3.11.6/lib/python3.11/site-packages/airflow/example_dags/example_dataset_alias_with_no_taskflow.py
[2025-06-13T15:50:27.657-0400] {processor.py:914} INFO - Processing file /Users/pranavr/.pyenv/versions/3.11.6/lib/python3.11/site-packages/airflow/example_dags/example_dataset_alias_with_no_taskflow.py for tasks to queue
[2025-06-13T15:50:27.657-0400] {logging_mixin.py:190} INFO - [2025-06-13T15:50:27.657-0400] {dagbag.py:588} INFO - Filling up the DagBag from /Users/pranavr/.pyenv/versions/3.11.6/lib/python3.11/site-packages/airflow/example_dags/example_dataset_alias_with_no_taskflow.py
[2025-06-13T15:50:27.760-0400] {processor.py:925} INFO - DAG(s) 'dataset_s3_bucket_consumer_with_no_taskflow', 'dataset_alias_example_alias_producer_with_no_taskflow', 'dataset_alias_example_alias_consumer_with_no_taskflow', 'dataset_s3_bucket_producer_with_no_taskflow' retrieved from /Users/pranavr/.pyenv/versions/3.11.6/lib/python3.11/site-packages/airflow/example_dags/example_dataset_alias_with_no_taskflow.py
[2025-06-13T15:50:27.771-0400] {logging_mixin.py:190} INFO - [2025-06-13T15:50:27.770-0400] {dag.py:3239} INFO - Sync 4 DAGs
[2025-06-13T15:50:27.778-0400] {logging_mixin.py:190} INFO - [2025-06-13T15:50:27.778-0400] {dag.py:4180} INFO - Setting next_dagrun for dataset_alias_example_alias_consumer_with_no_taskflow to None, run_after=None
[2025-06-13T15:50:27.779-0400] {logging_mixin.py:190} INFO - [2025-06-13T15:50:27.779-0400] {dag.py:4180} INFO - Setting next_dagrun for dataset_alias_example_alias_producer_with_no_taskflow to None, run_after=None
[2025-06-13T15:50:27.779-0400] {logging_mixin.py:190} INFO - [2025-06-13T15:50:27.779-0400] {dag.py:4180} INFO - Setting next_dagrun for dataset_s3_bucket_consumer_with_no_taskflow to None, run_after=None
[2025-06-13T15:50:27.780-0400] {logging_mixin.py:190} INFO - [2025-06-13T15:50:27.780-0400] {dag.py:4180} INFO - Setting next_dagrun for dataset_s3_bucket_producer_with_no_taskflow to None, run_after=None
[2025-06-13T15:50:27.788-0400] {processor.py:208} INFO - Processing /Users/pranavr/.pyenv/versions/3.11.6/lib/python3.11/site-packages/airflow/example_dags/example_dataset_alias_with_no_taskflow.py took 134.506 seconds
[2025-06-13T15:52:55.907-0400] {processor.py:186} INFO - Started process (PID=22689) to work on /Users/pranavr/.pyenv/versions/3.11.6/lib/python3.11/site-packages/airflow/example_dags/example_dataset_alias_with_no_taskflow.py
[2025-06-13T15:52:55.908-0400] {processor.py:914} INFO - Processing file /Users/pranavr/.pyenv/versions/3.11.6/lib/python3.11/site-packages/airflow/example_dags/example_dataset_alias_with_no_taskflow.py for tasks to queue
[2025-06-13T15:52:55.909-0400] {logging_mixin.py:190} INFO - [2025-06-13T15:52:55.909-0400] {dagbag.py:588} INFO - Filling up the DagBag from /Users/pranavr/.pyenv/versions/3.11.6/lib/python3.11/site-packages/airflow/example_dags/example_dataset_alias_with_no_taskflow.py
[2025-06-13T15:52:55.999-0400] {processor.py:925} INFO - DAG(s) 'dataset_alias_example_alias_producer_with_no_taskflow', 'dataset_s3_bucket_consumer_with_no_taskflow', 'dataset_s3_bucket_producer_with_no_taskflow', 'dataset_alias_example_alias_consumer_with_no_taskflow' retrieved from /Users/pranavr/.pyenv/versions/3.11.6/lib/python3.11/site-packages/airflow/example_dags/example_dataset_alias_with_no_taskflow.py
[2025-06-13T15:52:56.009-0400] {logging_mixin.py:190} INFO - [2025-06-13T15:52:56.008-0400] {dag.py:3239} INFO - Sync 4 DAGs
[2025-06-13T15:52:56.016-0400] {logging_mixin.py:190} INFO - [2025-06-13T15:52:56.015-0400] {dag.py:4180} INFO - Setting next_dagrun for dataset_alias_example_alias_consumer_with_no_taskflow to None, run_after=None
[2025-06-13T15:52:56.016-0400] {logging_mixin.py:190} INFO - [2025-06-13T15:52:56.016-0400] {dag.py:4180} INFO - Setting next_dagrun for dataset_alias_example_alias_producer_with_no_taskflow to None, run_after=None
[2025-06-13T15:52:56.017-0400] {logging_mixin.py:190} INFO - [2025-06-13T15:52:56.016-0400] {dag.py:4180} INFO - Setting next_dagrun for dataset_s3_bucket_consumer_with_no_taskflow to None, run_after=None
[2025-06-13T15:52:56.017-0400] {logging_mixin.py:190} INFO - [2025-06-13T15:52:56.017-0400] {dag.py:4180} INFO - Setting next_dagrun for dataset_s3_bucket_producer_with_no_taskflow to None, run_after=None
[2025-06-13T15:52:56.025-0400] {processor.py:208} INFO - Processing /Users/pranavr/.pyenv/versions/3.11.6/lib/python3.11/site-packages/airflow/example_dags/example_dataset_alias_with_no_taskflow.py took 120.405 seconds
[2025-06-13T15:55:24.049-0400] {processor.py:186} INFO - Started process (PID=22931) to work on /Users/pranavr/.pyenv/versions/3.11.6/lib/python3.11/site-packages/airflow/example_dags/example_dataset_alias_with_no_taskflow.py
[2025-06-13T15:55:24.051-0400] {processor.py:914} INFO - Processing file /Users/pranavr/.pyenv/versions/3.11.6/lib/python3.11/site-packages/airflow/example_dags/example_dataset_alias_with_no_taskflow.py for tasks to queue
[2025-06-13T15:55:24.051-0400] {logging_mixin.py:190} INFO - [2025-06-13T15:55:24.051-0400] {dagbag.py:588} INFO - Filling up the DagBag from /Users/pranavr/.pyenv/versions/3.11.6/lib/python3.11/site-packages/airflow/example_dags/example_dataset_alias_with_no_taskflow.py
[2025-06-13T15:55:24.136-0400] {processor.py:925} INFO - DAG(s) 'dataset_alias_example_alias_producer_with_no_taskflow', 'dataset_s3_bucket_consumer_with_no_taskflow', 'dataset_s3_bucket_producer_with_no_taskflow', 'dataset_alias_example_alias_consumer_with_no_taskflow' retrieved from /Users/pranavr/.pyenv/versions/3.11.6/lib/python3.11/site-packages/airflow/example_dags/example_dataset_alias_with_no_taskflow.py
[2025-06-13T15:55:24.145-0400] {logging_mixin.py:190} INFO - [2025-06-13T15:55:24.145-0400] {dag.py:3239} INFO - Sync 4 DAGs
[2025-06-13T15:55:24.152-0400] {logging_mixin.py:190} INFO - [2025-06-13T15:55:24.152-0400] {dag.py:4180} INFO - Setting next_dagrun for dataset_alias_example_alias_consumer_with_no_taskflow to None, run_after=None
[2025-06-13T15:55:24.152-0400] {logging_mixin.py:190} INFO - [2025-06-13T15:55:24.152-0400] {dag.py:4180} INFO - Setting next_dagrun for dataset_alias_example_alias_producer_with_no_taskflow to None, run_after=None
[2025-06-13T15:55:24.153-0400] {logging_mixin.py:190} INFO - [2025-06-13T15:55:24.153-0400] {dag.py:4180} INFO - Setting next_dagrun for dataset_s3_bucket_consumer_with_no_taskflow to None, run_after=None
[2025-06-13T15:55:24.153-0400] {logging_mixin.py:190} INFO - [2025-06-13T15:55:24.153-0400] {dag.py:4180} INFO - Setting next_dagrun for dataset_s3_bucket_producer_with_no_taskflow to None, run_after=None
[2025-06-13T15:55:24.160-0400] {processor.py:208} INFO - Processing /Users/pranavr/.pyenv/versions/3.11.6/lib/python3.11/site-packages/airflow/example_dags/example_dataset_alias_with_no_taskflow.py took 112.419 seconds
[2025-06-13T15:57:46.961-0400] {processor.py:186} INFO - Started process (PID=23155) to work on /Users/pranavr/.pyenv/versions/3.11.6/lib/python3.11/site-packages/airflow/example_dags/example_dataset_alias_with_no_taskflow.py
[2025-06-13T15:57:46.963-0400] {processor.py:914} INFO - Processing file /Users/pranavr/.pyenv/versions/3.11.6/lib/python3.11/site-packages/airflow/example_dags/example_dataset_alias_with_no_taskflow.py for tasks to queue
[2025-06-13T15:57:46.963-0400] {logging_mixin.py:190} INFO - [2025-06-13T15:57:46.963-0400] {dagbag.py:588} INFO - Filling up the DagBag from /Users/pranavr/.pyenv/versions/3.11.6/lib/python3.11/site-packages/airflow/example_dags/example_dataset_alias_with_no_taskflow.py
[2025-06-13T15:57:47.050-0400] {processor.py:925} INFO - DAG(s) 'dataset_alias_example_alias_producer_with_no_taskflow', 'dataset_alias_example_alias_consumer_with_no_taskflow', 'dataset_s3_bucket_consumer_with_no_taskflow', 'dataset_s3_bucket_producer_with_no_taskflow' retrieved from /Users/pranavr/.pyenv/versions/3.11.6/lib/python3.11/site-packages/airflow/example_dags/example_dataset_alias_with_no_taskflow.py
[2025-06-13T15:57:47.059-0400] {logging_mixin.py:190} INFO - [2025-06-13T15:57:47.059-0400] {dag.py:3239} INFO - Sync 4 DAGs
[2025-06-13T15:57:47.065-0400] {logging_mixin.py:190} INFO - [2025-06-13T15:57:47.065-0400] {dag.py:4180} INFO - Setting next_dagrun for dataset_alias_example_alias_consumer_with_no_taskflow to None, run_after=None
[2025-06-13T15:57:47.066-0400] {logging_mixin.py:190} INFO - [2025-06-13T15:57:47.066-0400] {dag.py:4180} INFO - Setting next_dagrun for dataset_alias_example_alias_producer_with_no_taskflow to None, run_after=None
[2025-06-13T15:57:47.066-0400] {logging_mixin.py:190} INFO - [2025-06-13T15:57:47.066-0400] {dag.py:4180} INFO - Setting next_dagrun for dataset_s3_bucket_consumer_with_no_taskflow to None, run_after=None
[2025-06-13T15:57:47.067-0400] {logging_mixin.py:190} INFO - [2025-06-13T15:57:47.067-0400] {dag.py:4180} INFO - Setting next_dagrun for dataset_s3_bucket_producer_with_no_taskflow to None, run_after=None
[2025-06-13T15:57:47.074-0400] {processor.py:208} INFO - Processing /Users/pranavr/.pyenv/versions/3.11.6/lib/python3.11/site-packages/airflow/example_dags/example_dataset_alias_with_no_taskflow.py took 113.726 seconds
[2025-06-13T16:00:12.523-0400] {processor.py:186} INFO - Started process (PID=23526) to work on /Users/pranavr/.pyenv/versions/3.11.6/lib/python3.11/site-packages/airflow/example_dags/example_dataset_alias_with_no_taskflow.py
[2025-06-13T16:00:12.525-0400] {processor.py:914} INFO - Processing file /Users/pranavr/.pyenv/versions/3.11.6/lib/python3.11/site-packages/airflow/example_dags/example_dataset_alias_with_no_taskflow.py for tasks to queue
[2025-06-13T16:00:12.526-0400] {logging_mixin.py:190} INFO - [2025-06-13T16:00:12.526-0400] {dagbag.py:588} INFO - Filling up the DagBag from /Users/pranavr/.pyenv/versions/3.11.6/lib/python3.11/site-packages/airflow/example_dags/example_dataset_alias_with_no_taskflow.py
[2025-06-13T16:00:12.611-0400] {processor.py:925} INFO - DAG(s) 'dataset_alias_example_alias_producer_with_no_taskflow', 'dataset_s3_bucket_consumer_with_no_taskflow', 'dataset_alias_example_alias_consumer_with_no_taskflow', 'dataset_s3_bucket_producer_with_no_taskflow' retrieved from /Users/pranavr/.pyenv/versions/3.11.6/lib/python3.11/site-packages/airflow/example_dags/example_dataset_alias_with_no_taskflow.py
[2025-06-13T16:00:12.620-0400] {logging_mixin.py:190} INFO - [2025-06-13T16:00:12.620-0400] {dag.py:3239} INFO - Sync 4 DAGs
[2025-06-13T16:00:12.626-0400] {logging_mixin.py:190} INFO - [2025-06-13T16:00:12.626-0400] {dag.py:4180} INFO - Setting next_dagrun for dataset_alias_example_alias_consumer_with_no_taskflow to None, run_after=None
[2025-06-13T16:00:12.627-0400] {logging_mixin.py:190} INFO - [2025-06-13T16:00:12.627-0400] {dag.py:4180} INFO - Setting next_dagrun for dataset_alias_example_alias_producer_with_no_taskflow to None, run_after=None
[2025-06-13T16:00:12.627-0400] {logging_mixin.py:190} INFO - [2025-06-13T16:00:12.627-0400] {dag.py:4180} INFO - Setting next_dagrun for dataset_s3_bucket_consumer_with_no_taskflow to None, run_after=None
[2025-06-13T16:00:12.628-0400] {logging_mixin.py:190} INFO - [2025-06-13T16:00:12.628-0400] {dag.py:4180} INFO - Setting next_dagrun for dataset_s3_bucket_producer_with_no_taskflow to None, run_after=None
[2025-06-13T16:00:12.635-0400] {processor.py:208} INFO - Processing /Users/pranavr/.pyenv/versions/3.11.6/lib/python3.11/site-packages/airflow/example_dags/example_dataset_alias_with_no_taskflow.py took 113.785 seconds
[2025-06-13T16:02:44.796-0400] {processor.py:186} INFO - Started process (PID=23914) to work on /Users/pranavr/.pyenv/versions/3.11.6/lib/python3.11/site-packages/airflow/example_dags/example_dataset_alias_with_no_taskflow.py
[2025-06-13T16:02:44.798-0400] {processor.py:914} INFO - Processing file /Users/pranavr/.pyenv/versions/3.11.6/lib/python3.11/site-packages/airflow/example_dags/example_dataset_alias_with_no_taskflow.py for tasks to queue
[2025-06-13T16:02:44.799-0400] {logging_mixin.py:190} INFO - [2025-06-13T16:02:44.798-0400] {dagbag.py:588} INFO - Filling up the DagBag from /Users/pranavr/.pyenv/versions/3.11.6/lib/python3.11/site-packages/airflow/example_dags/example_dataset_alias_with_no_taskflow.py
[2025-06-13T16:02:44.897-0400] {processor.py:925} INFO - DAG(s) 'dataset_s3_bucket_consumer_with_no_taskflow', 'dataset_alias_example_alias_producer_with_no_taskflow', 'dataset_s3_bucket_producer_with_no_taskflow', 'dataset_alias_example_alias_consumer_with_no_taskflow' retrieved from /Users/pranavr/.pyenv/versions/3.11.6/lib/python3.11/site-packages/airflow/example_dags/example_dataset_alias_with_no_taskflow.py
[2025-06-13T16:02:44.909-0400] {logging_mixin.py:190} INFO - [2025-06-13T16:02:44.908-0400] {dag.py:3239} INFO - Sync 4 DAGs
[2025-06-13T16:02:44.915-0400] {logging_mixin.py:190} INFO - [2025-06-13T16:02:44.915-0400] {dag.py:4180} INFO - Setting next_dagrun for dataset_alias_example_alias_consumer_with_no_taskflow to None, run_after=None
[2025-06-13T16:02:44.916-0400] {logging_mixin.py:190} INFO - [2025-06-13T16:02:44.916-0400] {dag.py:4180} INFO - Setting next_dagrun for dataset_alias_example_alias_producer_with_no_taskflow to None, run_after=None
[2025-06-13T16:02:44.917-0400] {logging_mixin.py:190} INFO - [2025-06-13T16:02:44.917-0400] {dag.py:4180} INFO - Setting next_dagrun for dataset_s3_bucket_consumer_with_no_taskflow to None, run_after=None
[2025-06-13T16:02:44.917-0400] {logging_mixin.py:190} INFO - [2025-06-13T16:02:44.917-0400] {dag.py:4180} INFO - Setting next_dagrun for dataset_s3_bucket_producer_with_no_taskflow to None, run_after=None
[2025-06-13T16:02:44.926-0400] {processor.py:208} INFO - Processing /Users/pranavr/.pyenv/versions/3.11.6/lib/python3.11/site-packages/airflow/example_dags/example_dataset_alias_with_no_taskflow.py took 131.078 seconds
