[2025-06-13T14:09:50.114-0400] {processor.py:153} INFO - Started process (PID=96556) to work on /Users/pranavr/drift-retrainer/venv311/lib/python3.11/site-packages/airflow/example_dags/example_time_delta_sensor_async.py
[2025-06-13T14:09:50.124-0400] {processor.py:743} INFO - Processing file /Users/pranavr/drift-retrainer/venv311/lib/python3.11/site-packages/airflow/example_dags/example_time_delta_sensor_async.py for tasks to queue
[2025-06-13T14:09:50.126-0400] {logging_mixin.py:137} INFO - [2025-06-13T14:09:50.126-0400] {dagbag.py:538} INFO - Filling up the DagBag from /Users/pranavr/drift-retrainer/venv311/lib/python3.11/site-packages/airflow/example_dags/example_time_delta_sensor_async.py
[2025-06-13T14:09:50.153-0400] {processor.py:753} INFO - DAG(s) dict_keys(['example_time_delta_sensor_async']) retrieved from /Users/pranavr/drift-retrainer/venv311/lib/python3.11/site-packages/airflow/example_dags/example_time_delta_sensor_async.py
[2025-06-13T14:09:50.712-0400] {logging_mixin.py:137} INFO - [2025-06-13T14:09:50.712-0400] {manager.py:504} INFO - Created Permission View: can delete on DAG:example_time_delta_sensor_async
[2025-06-13T14:09:50.715-0400] {logging_mixin.py:137} INFO - [2025-06-13T14:09:50.715-0400] {manager.py:504} INFO - Created Permission View: can edit on DAG:example_time_delta_sensor_async
[2025-06-13T14:09:50.718-0400] {logging_mixin.py:137} INFO - [2025-06-13T14:09:50.718-0400] {manager.py:504} INFO - Created Permission View: can read on DAG:example_time_delta_sensor_async
[2025-06-13T14:09:50.718-0400] {logging_mixin.py:137} INFO - [2025-06-13T14:09:50.718-0400] {dag.py:2690} INFO - Sync 1 DAGs
[2025-06-13T14:09:50.722-0400] {logging_mixin.py:137} INFO - [2025-06-13T14:09:50.722-0400] {dag.py:2711} INFO - Creating ORM DAG for example_time_delta_sensor_async
[2025-06-13T14:09:50.726-0400] {logging_mixin.py:137} INFO - [2025-06-13T14:09:50.726-0400] {dag.py:3437} INFO - Setting next_dagrun for example_time_delta_sensor_async to None, run_after=None
[2025-06-13T14:09:50.734-0400] {processor.py:175} INFO - Processing /Users/pranavr/drift-retrainer/venv311/lib/python3.11/site-packages/airflow/example_dags/example_time_delta_sensor_async.py took 0.639 seconds
[2025-06-13T14:11:18.423-0400] {processor.py:153} INFO - Started process (PID=97322) to work on /Users/pranavr/drift-retrainer/venv311/lib/python3.11/site-packages/airflow/example_dags/example_time_delta_sensor_async.py
[2025-06-13T14:11:18.425-0400] {processor.py:743} INFO - Processing file /Users/pranavr/drift-retrainer/venv311/lib/python3.11/site-packages/airflow/example_dags/example_time_delta_sensor_async.py for tasks to queue
[2025-06-13T14:11:18.426-0400] {logging_mixin.py:137} INFO - [2025-06-13T14:11:18.426-0400] {dagbag.py:538} INFO - Filling up the DagBag from /Users/pranavr/drift-retrainer/venv311/lib/python3.11/site-packages/airflow/example_dags/example_time_delta_sensor_async.py
[2025-06-13T14:11:18.448-0400] {processor.py:753} INFO - DAG(s) dict_keys(['example_time_delta_sensor_async']) retrieved from /Users/pranavr/drift-retrainer/venv311/lib/python3.11/site-packages/airflow/example_dags/example_time_delta_sensor_async.py
[2025-06-13T14:11:18.982-0400] {logging_mixin.py:137} INFO - [2025-06-13T14:11:18.982-0400] {dag.py:2690} INFO - Sync 1 DAGs
[2025-06-13T14:11:18.989-0400] {logging_mixin.py:137} INFO - [2025-06-13T14:11:18.989-0400] {dag.py:3437} INFO - Setting next_dagrun for example_time_delta_sensor_async to None, run_after=None
[2025-06-13T14:11:18.997-0400] {processor.py:175} INFO - Processing /Users/pranavr/drift-retrainer/venv311/lib/python3.11/site-packages/airflow/example_dags/example_time_delta_sensor_async.py took 0.574 seconds
[2025-06-13T14:12:19.372-0400] {processor.py:153} INFO - Started process (PID=97726) to work on /Users/pranavr/drift-retrainer/venv311/lib/python3.11/site-packages/airflow/example_dags/example_time_delta_sensor_async.py
[2025-06-13T14:12:19.374-0400] {processor.py:743} INFO - Processing file /Users/pranavr/drift-retrainer/venv311/lib/python3.11/site-packages/airflow/example_dags/example_time_delta_sensor_async.py for tasks to queue
[2025-06-13T14:12:19.375-0400] {logging_mixin.py:137} INFO - [2025-06-13T14:12:19.375-0400] {dagbag.py:538} INFO - Filling up the DagBag from /Users/pranavr/drift-retrainer/venv311/lib/python3.11/site-packages/airflow/example_dags/example_time_delta_sensor_async.py
[2025-06-13T14:12:19.405-0400] {processor.py:753} INFO - DAG(s) dict_keys(['example_time_delta_sensor_async']) retrieved from /Users/pranavr/drift-retrainer/venv311/lib/python3.11/site-packages/airflow/example_dags/example_time_delta_sensor_async.py
[2025-06-13T14:12:19.986-0400] {logging_mixin.py:137} INFO - [2025-06-13T14:12:19.986-0400] {dag.py:2690} INFO - Sync 1 DAGs
[2025-06-13T14:12:19.993-0400] {logging_mixin.py:137} INFO - [2025-06-13T14:12:19.992-0400] {dag.py:3437} INFO - Setting next_dagrun for example_time_delta_sensor_async to None, run_after=None
[2025-06-13T14:12:20.000-0400] {processor.py:175} INFO - Processing /Users/pranavr/drift-retrainer/venv311/lib/python3.11/site-packages/airflow/example_dags/example_time_delta_sensor_async.py took 0.629 seconds
[2025-06-13T14:13:17.338-0400] {processor.py:153} INFO - Started process (PID=97905) to work on /Users/pranavr/drift-retrainer/venv311/lib/python3.11/site-packages/airflow/example_dags/example_time_delta_sensor_async.py
[2025-06-13T14:13:17.340-0400] {processor.py:743} INFO - Processing file /Users/pranavr/drift-retrainer/venv311/lib/python3.11/site-packages/airflow/example_dags/example_time_delta_sensor_async.py for tasks to queue
[2025-06-13T14:13:17.340-0400] {logging_mixin.py:137} INFO - [2025-06-13T14:13:17.340-0400] {dagbag.py:538} INFO - Filling up the DagBag from /Users/pranavr/drift-retrainer/venv311/lib/python3.11/site-packages/airflow/example_dags/example_time_delta_sensor_async.py
[2025-06-13T14:13:17.366-0400] {processor.py:753} INFO - DAG(s) dict_keys(['example_time_delta_sensor_async']) retrieved from /Users/pranavr/drift-retrainer/venv311/lib/python3.11/site-packages/airflow/example_dags/example_time_delta_sensor_async.py
[2025-06-13T14:13:18.086-0400] {logging_mixin.py:137} INFO - [2025-06-13T14:13:18.086-0400] {dag.py:2690} INFO - Sync 1 DAGs
[2025-06-13T14:13:18.093-0400] {logging_mixin.py:137} INFO - [2025-06-13T14:13:18.093-0400] {dag.py:3437} INFO - Setting next_dagrun for example_time_delta_sensor_async to None, run_after=None
[2025-06-13T14:13:18.100-0400] {processor.py:175} INFO - Processing /Users/pranavr/drift-retrainer/venv311/lib/python3.11/site-packages/airflow/example_dags/example_time_delta_sensor_async.py took 0.763 seconds
[2025-06-13T14:15:04.771-0400] {processor.py:153} INFO - Started process (PID=2499) to work on /Users/pranavr/drift-retrainer/venv311/lib/python3.11/site-packages/airflow/example_dags/example_time_delta_sensor_async.py
[2025-06-13T14:15:04.775-0400] {processor.py:743} INFO - Processing file /Users/pranavr/drift-retrainer/venv311/lib/python3.11/site-packages/airflow/example_dags/example_time_delta_sensor_async.py for tasks to queue
[2025-06-13T14:15:04.775-0400] {logging_mixin.py:137} INFO - [2025-06-13T14:15:04.775-0400] {dagbag.py:538} INFO - Filling up the DagBag from /Users/pranavr/drift-retrainer/venv311/lib/python3.11/site-packages/airflow/example_dags/example_time_delta_sensor_async.py
[2025-06-13T14:15:04.803-0400] {processor.py:753} INFO - DAG(s) dict_keys(['example_time_delta_sensor_async']) retrieved from /Users/pranavr/drift-retrainer/venv311/lib/python3.11/site-packages/airflow/example_dags/example_time_delta_sensor_async.py
[2025-06-13T14:15:05.678-0400] {logging_mixin.py:137} INFO - [2025-06-13T14:15:05.678-0400] {dag.py:2690} INFO - Sync 1 DAGs
[2025-06-13T14:15:05.684-0400] {logging_mixin.py:137} INFO - [2025-06-13T14:15:05.684-0400] {dag.py:3437} INFO - Setting next_dagrun for example_time_delta_sensor_async to None, run_after=None
[2025-06-13T14:15:05.693-0400] {processor.py:175} INFO - Processing /Users/pranavr/drift-retrainer/venv311/lib/python3.11/site-packages/airflow/example_dags/example_time_delta_sensor_async.py took 0.922 seconds
[2025-06-13T14:16:03.302-0400] {processor.py:153} INFO - Started process (PID=3306) to work on /Users/pranavr/drift-retrainer/venv311/lib/python3.11/site-packages/airflow/example_dags/example_time_delta_sensor_async.py
[2025-06-13T14:16:03.304-0400] {processor.py:743} INFO - Processing file /Users/pranavr/drift-retrainer/venv311/lib/python3.11/site-packages/airflow/example_dags/example_time_delta_sensor_async.py for tasks to queue
[2025-06-13T14:16:03.304-0400] {logging_mixin.py:137} INFO - [2025-06-13T14:16:03.304-0400] {dagbag.py:538} INFO - Filling up the DagBag from /Users/pranavr/drift-retrainer/venv311/lib/python3.11/site-packages/airflow/example_dags/example_time_delta_sensor_async.py
[2025-06-13T14:16:03.327-0400] {processor.py:753} INFO - DAG(s) dict_keys(['example_time_delta_sensor_async']) retrieved from /Users/pranavr/drift-retrainer/venv311/lib/python3.11/site-packages/airflow/example_dags/example_time_delta_sensor_async.py
[2025-06-13T14:16:03.842-0400] {logging_mixin.py:137} INFO - [2025-06-13T14:16:03.842-0400] {dag.py:2690} INFO - Sync 1 DAGs
[2025-06-13T14:16:03.849-0400] {logging_mixin.py:137} INFO - [2025-06-13T14:16:03.849-0400] {dag.py:3437} INFO - Setting next_dagrun for example_time_delta_sensor_async to None, run_after=None
[2025-06-13T14:16:03.860-0400] {processor.py:175} INFO - Processing /Users/pranavr/drift-retrainer/venv311/lib/python3.11/site-packages/airflow/example_dags/example_time_delta_sensor_async.py took 0.559 seconds
[2025-06-13T14:17:02.338-0400] {processor.py:153} INFO - Started process (PID=3932) to work on /Users/pranavr/drift-retrainer/venv311/lib/python3.11/site-packages/airflow/example_dags/example_time_delta_sensor_async.py
[2025-06-13T14:17:02.340-0400] {processor.py:743} INFO - Processing file /Users/pranavr/drift-retrainer/venv311/lib/python3.11/site-packages/airflow/example_dags/example_time_delta_sensor_async.py for tasks to queue
[2025-06-13T14:17:02.340-0400] {logging_mixin.py:137} INFO - [2025-06-13T14:17:02.340-0400] {dagbag.py:538} INFO - Filling up the DagBag from /Users/pranavr/drift-retrainer/venv311/lib/python3.11/site-packages/airflow/example_dags/example_time_delta_sensor_async.py
[2025-06-13T14:17:02.362-0400] {processor.py:753} INFO - DAG(s) dict_keys(['example_time_delta_sensor_async']) retrieved from /Users/pranavr/drift-retrainer/venv311/lib/python3.11/site-packages/airflow/example_dags/example_time_delta_sensor_async.py
[2025-06-13T14:17:02.910-0400] {logging_mixin.py:137} INFO - [2025-06-13T14:17:02.910-0400] {dag.py:2690} INFO - Sync 1 DAGs
[2025-06-13T14:17:02.916-0400] {logging_mixin.py:137} INFO - [2025-06-13T14:17:02.916-0400] {dag.py:3437} INFO - Setting next_dagrun for example_time_delta_sensor_async to None, run_after=None
[2025-06-13T14:17:02.924-0400] {processor.py:175} INFO - Processing /Users/pranavr/drift-retrainer/venv311/lib/python3.11/site-packages/airflow/example_dags/example_time_delta_sensor_async.py took 0.587 seconds
[2025-06-13T14:17:57.069-0400] {processor.py:153} INFO - Started process (PID=5743) to work on /Users/pranavr/drift-retrainer/venv311/lib/python3.11/site-packages/airflow/example_dags/example_time_delta_sensor_async.py
[2025-06-13T14:17:57.079-0400] {processor.py:743} INFO - Processing file /Users/pranavr/drift-retrainer/venv311/lib/python3.11/site-packages/airflow/example_dags/example_time_delta_sensor_async.py for tasks to queue
[2025-06-13T14:17:57.079-0400] {logging_mixin.py:137} INFO - [2025-06-13T14:17:57.079-0400] {dagbag.py:538} INFO - Filling up the DagBag from /Users/pranavr/drift-retrainer/venv311/lib/python3.11/site-packages/airflow/example_dags/example_time_delta_sensor_async.py
[2025-06-13T14:17:57.106-0400] {processor.py:753} INFO - DAG(s) dict_keys(['example_time_delta_sensor_async']) retrieved from /Users/pranavr/drift-retrainer/venv311/lib/python3.11/site-packages/airflow/example_dags/example_time_delta_sensor_async.py
[2025-06-13T14:17:57.697-0400] {logging_mixin.py:137} INFO - [2025-06-13T14:17:57.697-0400] {dag.py:2690} INFO - Sync 1 DAGs
[2025-06-13T14:17:57.703-0400] {logging_mixin.py:137} INFO - [2025-06-13T14:17:57.703-0400] {dag.py:3437} INFO - Setting next_dagrun for example_time_delta_sensor_async to None, run_after=None
[2025-06-13T14:17:57.711-0400] {processor.py:175} INFO - Processing /Users/pranavr/drift-retrainer/venv311/lib/python3.11/site-packages/airflow/example_dags/example_time_delta_sensor_async.py took 0.643 seconds
[2025-06-13T14:18:57.759-0400] {processor.py:153} INFO - Started process (PID=6425) to work on /Users/pranavr/drift-retrainer/venv311/lib/python3.11/site-packages/airflow/example_dags/example_time_delta_sensor_async.py
[2025-06-13T14:18:57.762-0400] {processor.py:743} INFO - Processing file /Users/pranavr/drift-retrainer/venv311/lib/python3.11/site-packages/airflow/example_dags/example_time_delta_sensor_async.py for tasks to queue
[2025-06-13T14:18:57.763-0400] {logging_mixin.py:137} INFO - [2025-06-13T14:18:57.763-0400] {dagbag.py:538} INFO - Filling up the DagBag from /Users/pranavr/drift-retrainer/venv311/lib/python3.11/site-packages/airflow/example_dags/example_time_delta_sensor_async.py
[2025-06-13T14:18:57.789-0400] {processor.py:753} INFO - DAG(s) dict_keys(['example_time_delta_sensor_async']) retrieved from /Users/pranavr/drift-retrainer/venv311/lib/python3.11/site-packages/airflow/example_dags/example_time_delta_sensor_async.py
[2025-06-13T14:18:58.324-0400] {logging_mixin.py:137} INFO - [2025-06-13T14:18:58.324-0400] {dag.py:2690} INFO - Sync 1 DAGs
[2025-06-13T14:18:58.331-0400] {logging_mixin.py:137} INFO - [2025-06-13T14:18:58.331-0400] {dag.py:3437} INFO - Setting next_dagrun for example_time_delta_sensor_async to None, run_after=None
[2025-06-13T14:18:58.340-0400] {processor.py:175} INFO - Processing /Users/pranavr/drift-retrainer/venv311/lib/python3.11/site-packages/airflow/example_dags/example_time_delta_sensor_async.py took 0.581 seconds
[2025-06-13T14:19:58.975-0400] {processor.py:153} INFO - Started process (PID=6593) to work on /Users/pranavr/drift-retrainer/venv311/lib/python3.11/site-packages/airflow/example_dags/example_time_delta_sensor_async.py
[2025-06-13T14:19:58.977-0400] {processor.py:743} INFO - Processing file /Users/pranavr/drift-retrainer/venv311/lib/python3.11/site-packages/airflow/example_dags/example_time_delta_sensor_async.py for tasks to queue
[2025-06-13T14:19:58.978-0400] {logging_mixin.py:137} INFO - [2025-06-13T14:19:58.978-0400] {dagbag.py:538} INFO - Filling up the DagBag from /Users/pranavr/drift-retrainer/venv311/lib/python3.11/site-packages/airflow/example_dags/example_time_delta_sensor_async.py
[2025-06-13T14:19:59.018-0400] {processor.py:753} INFO - DAG(s) dict_keys(['example_time_delta_sensor_async']) retrieved from /Users/pranavr/drift-retrainer/venv311/lib/python3.11/site-packages/airflow/example_dags/example_time_delta_sensor_async.py
[2025-06-13T14:19:59.629-0400] {logging_mixin.py:137} INFO - [2025-06-13T14:19:59.629-0400] {dag.py:2690} INFO - Sync 1 DAGs
[2025-06-13T14:19:59.635-0400] {logging_mixin.py:137} INFO - [2025-06-13T14:19:59.635-0400] {dag.py:3437} INFO - Setting next_dagrun for example_time_delta_sensor_async to None, run_after=None
[2025-06-13T14:19:59.644-0400] {processor.py:175} INFO - Processing /Users/pranavr/drift-retrainer/venv311/lib/python3.11/site-packages/airflow/example_dags/example_time_delta_sensor_async.py took 0.669 seconds
[2025-06-13T14:21:52.564-0400] {processor.py:186} INFO - Started process (PID=7520) to work on /Users/pranavr/.pyenv/versions/3.11.6/lib/python3.11/site-packages/airflow/example_dags/example_time_delta_sensor_async.py
[2025-06-13T14:21:52.566-0400] {processor.py:914} INFO - Processing file /Users/pranavr/.pyenv/versions/3.11.6/lib/python3.11/site-packages/airflow/example_dags/example_time_delta_sensor_async.py for tasks to queue
[2025-06-13T14:21:52.567-0400] {logging_mixin.py:190} INFO - [2025-06-13T14:21:52.567-0400] {dagbag.py:588} INFO - Filling up the DagBag from /Users/pranavr/.pyenv/versions/3.11.6/lib/python3.11/site-packages/airflow/example_dags/example_time_delta_sensor_async.py
[2025-06-13T14:21:52.571-0400] {processor.py:925} INFO - DAG(s) 'example_time_delta_sensor_async' retrieved from /Users/pranavr/.pyenv/versions/3.11.6/lib/python3.11/site-packages/airflow/example_dags/example_time_delta_sensor_async.py
[2025-06-13T14:21:53.083-0400] {logging_mixin.py:190} INFO - [2025-06-13T14:21:53.083-0400] {dag.py:3239} INFO - Sync 1 DAGs
[2025-06-13T14:21:53.088-0400] {logging_mixin.py:190} INFO - [2025-06-13T14:21:53.088-0400] {dag.py:4180} INFO - Setting next_dagrun for example_time_delta_sensor_async to None, run_after=None
[2025-06-13T14:21:53.096-0400] {processor.py:208} INFO - Processing /Users/pranavr/.pyenv/versions/3.11.6/lib/python3.11/site-packages/airflow/example_dags/example_time_delta_sensor_async.py took 533.594 seconds
[2025-06-13T14:23:58.189-0400] {processor.py:186} INFO - Started process (PID=7872) to work on /Users/pranavr/.pyenv/versions/3.11.6/lib/python3.11/site-packages/airflow/example_dags/example_time_delta_sensor_async.py
[2025-06-13T14:23:58.191-0400] {processor.py:914} INFO - Processing file /Users/pranavr/.pyenv/versions/3.11.6/lib/python3.11/site-packages/airflow/example_dags/example_time_delta_sensor_async.py for tasks to queue
[2025-06-13T14:23:58.192-0400] {logging_mixin.py:190} INFO - [2025-06-13T14:23:58.192-0400] {dagbag.py:588} INFO - Filling up the DagBag from /Users/pranavr/.pyenv/versions/3.11.6/lib/python3.11/site-packages/airflow/example_dags/example_time_delta_sensor_async.py
[2025-06-13T14:23:58.198-0400] {processor.py:925} INFO - DAG(s) 'example_time_delta_sensor_async' retrieved from /Users/pranavr/.pyenv/versions/3.11.6/lib/python3.11/site-packages/airflow/example_dags/example_time_delta_sensor_async.py
[2025-06-13T14:23:58.636-0400] {logging_mixin.py:190} INFO - [2025-06-13T14:23:58.635-0400] {dag.py:3239} INFO - Sync 1 DAGs
[2025-06-13T14:23:58.642-0400] {logging_mixin.py:190} INFO - [2025-06-13T14:23:58.642-0400] {dag.py:4180} INFO - Setting next_dagrun for example_time_delta_sensor_async to None, run_after=None
[2025-06-13T14:23:58.651-0400] {processor.py:208} INFO - Processing /Users/pranavr/.pyenv/versions/3.11.6/lib/python3.11/site-packages/airflow/example_dags/example_time_delta_sensor_async.py took 464.000 seconds
[2025-06-13T14:25:29.470-0400] {processor.py:186} INFO - Started process (PID=7992) to work on /Users/pranavr/.pyenv/versions/3.11.6/lib/python3.11/site-packages/airflow/example_dags/example_time_delta_sensor_async.py
[2025-06-13T14:25:29.472-0400] {processor.py:914} INFO - Processing file /Users/pranavr/.pyenv/versions/3.11.6/lib/python3.11/site-packages/airflow/example_dags/example_time_delta_sensor_async.py for tasks to queue
[2025-06-13T14:25:29.472-0400] {logging_mixin.py:190} INFO - [2025-06-13T14:25:29.472-0400] {dagbag.py:588} INFO - Filling up the DagBag from /Users/pranavr/.pyenv/versions/3.11.6/lib/python3.11/site-packages/airflow/example_dags/example_time_delta_sensor_async.py
[2025-06-13T14:25:29.477-0400] {processor.py:925} INFO - DAG(s) 'example_time_delta_sensor_async' retrieved from /Users/pranavr/.pyenv/versions/3.11.6/lib/python3.11/site-packages/airflow/example_dags/example_time_delta_sensor_async.py
[2025-06-13T14:25:29.829-0400] {logging_mixin.py:190} INFO - [2025-06-13T14:25:29.829-0400] {dag.py:3239} INFO - Sync 1 DAGs
[2025-06-13T14:25:29.834-0400] {logging_mixin.py:190} INFO - [2025-06-13T14:25:29.834-0400] {dag.py:4180} INFO - Setting next_dagrun for example_time_delta_sensor_async to None, run_after=None
[2025-06-13T14:25:29.845-0400] {processor.py:208} INFO - Processing /Users/pranavr/.pyenv/versions/3.11.6/lib/python3.11/site-packages/airflow/example_dags/example_time_delta_sensor_async.py took 376.434 seconds
[2025-06-13T14:27:02.033-0400] {processor.py:186} INFO - Started process (PID=8101) to work on /Users/pranavr/.pyenv/versions/3.11.6/lib/python3.11/site-packages/airflow/example_dags/example_time_delta_sensor_async.py
[2025-06-13T14:27:02.036-0400] {processor.py:914} INFO - Processing file /Users/pranavr/.pyenv/versions/3.11.6/lib/python3.11/site-packages/airflow/example_dags/example_time_delta_sensor_async.py for tasks to queue
[2025-06-13T14:27:02.036-0400] {logging_mixin.py:190} INFO - [2025-06-13T14:27:02.036-0400] {dagbag.py:588} INFO - Filling up the DagBag from /Users/pranavr/.pyenv/versions/3.11.6/lib/python3.11/site-packages/airflow/example_dags/example_time_delta_sensor_async.py
[2025-06-13T14:27:02.047-0400] {processor.py:925} INFO - DAG(s) 'example_time_delta_sensor_async' retrieved from /Users/pranavr/.pyenv/versions/3.11.6/lib/python3.11/site-packages/airflow/example_dags/example_time_delta_sensor_async.py
[2025-06-13T14:27:02.436-0400] {logging_mixin.py:190} INFO - [2025-06-13T14:27:02.436-0400] {dag.py:3239} INFO - Sync 1 DAGs
[2025-06-13T14:27:02.440-0400] {logging_mixin.py:190} INFO - [2025-06-13T14:27:02.440-0400] {dag.py:4180} INFO - Setting next_dagrun for example_time_delta_sensor_async to None, run_after=None
[2025-06-13T14:27:02.449-0400] {processor.py:208} INFO - Processing /Users/pranavr/.pyenv/versions/3.11.6/lib/python3.11/site-packages/airflow/example_dags/example_time_delta_sensor_async.py took 418.377 seconds
[2025-06-13T14:28:32.477-0400] {processor.py:186} INFO - Started process (PID=8799) to work on /Users/pranavr/.pyenv/versions/3.11.6/lib/python3.11/site-packages/airflow/example_dags/example_time_delta_sensor_async.py
[2025-06-13T14:28:32.479-0400] {processor.py:914} INFO - Processing file /Users/pranavr/.pyenv/versions/3.11.6/lib/python3.11/site-packages/airflow/example_dags/example_time_delta_sensor_async.py for tasks to queue
[2025-06-13T14:28:32.480-0400] {logging_mixin.py:190} INFO - [2025-06-13T14:28:32.480-0400] {dagbag.py:588} INFO - Filling up the DagBag from /Users/pranavr/.pyenv/versions/3.11.6/lib/python3.11/site-packages/airflow/example_dags/example_time_delta_sensor_async.py
[2025-06-13T14:28:32.486-0400] {processor.py:925} INFO - DAG(s) 'example_time_delta_sensor_async' retrieved from /Users/pranavr/.pyenv/versions/3.11.6/lib/python3.11/site-packages/airflow/example_dags/example_time_delta_sensor_async.py
[2025-06-13T14:28:32.933-0400] {logging_mixin.py:190} INFO - [2025-06-13T14:28:32.932-0400] {dag.py:3239} INFO - Sync 1 DAGs
[2025-06-13T14:28:32.938-0400] {logging_mixin.py:190} INFO - [2025-06-13T14:28:32.938-0400] {dag.py:4180} INFO - Setting next_dagrun for example_time_delta_sensor_async to None, run_after=None
[2025-06-13T14:28:32.946-0400] {processor.py:208} INFO - Processing /Users/pranavr/.pyenv/versions/3.11.6/lib/python3.11/site-packages/airflow/example_dags/example_time_delta_sensor_async.py took 470.347 seconds
[2025-06-13T14:30:04.908-0400] {processor.py:186} INFO - Started process (PID=8929) to work on /Users/pranavr/.pyenv/versions/3.11.6/lib/python3.11/site-packages/airflow/example_dags/example_time_delta_sensor_async.py
[2025-06-13T14:30:04.910-0400] {processor.py:914} INFO - Processing file /Users/pranavr/.pyenv/versions/3.11.6/lib/python3.11/site-packages/airflow/example_dags/example_time_delta_sensor_async.py for tasks to queue
[2025-06-13T14:30:04.911-0400] {logging_mixin.py:190} INFO - [2025-06-13T14:30:04.910-0400] {dagbag.py:588} INFO - Filling up the DagBag from /Users/pranavr/.pyenv/versions/3.11.6/lib/python3.11/site-packages/airflow/example_dags/example_time_delta_sensor_async.py
[2025-06-13T14:30:04.915-0400] {processor.py:925} INFO - DAG(s) 'example_time_delta_sensor_async' retrieved from /Users/pranavr/.pyenv/versions/3.11.6/lib/python3.11/site-packages/airflow/example_dags/example_time_delta_sensor_async.py
[2025-06-13T14:30:05.282-0400] {logging_mixin.py:190} INFO - [2025-06-13T14:30:05.282-0400] {dag.py:3239} INFO - Sync 1 DAGs
[2025-06-13T14:30:05.287-0400] {logging_mixin.py:190} INFO - [2025-06-13T14:30:05.287-0400] {dag.py:4180} INFO - Setting next_dagrun for example_time_delta_sensor_async to None, run_after=None
[2025-06-13T14:30:05.295-0400] {processor.py:208} INFO - Processing /Users/pranavr/.pyenv/versions/3.11.6/lib/python3.11/site-packages/airflow/example_dags/example_time_delta_sensor_async.py took 388.287 seconds
[2025-06-13T14:31:32.797-0400] {processor.py:186} INFO - Started process (PID=9361) to work on /Users/pranavr/.pyenv/versions/3.11.6/lib/python3.11/site-packages/airflow/example_dags/example_time_delta_sensor_async.py
[2025-06-13T14:31:32.799-0400] {processor.py:914} INFO - Processing file /Users/pranavr/.pyenv/versions/3.11.6/lib/python3.11/site-packages/airflow/example_dags/example_time_delta_sensor_async.py for tasks to queue
[2025-06-13T14:31:32.800-0400] {logging_mixin.py:190} INFO - [2025-06-13T14:31:32.800-0400] {dagbag.py:588} INFO - Filling up the DagBag from /Users/pranavr/.pyenv/versions/3.11.6/lib/python3.11/site-packages/airflow/example_dags/example_time_delta_sensor_async.py
[2025-06-13T14:31:32.806-0400] {processor.py:925} INFO - DAG(s) 'example_time_delta_sensor_async' retrieved from /Users/pranavr/.pyenv/versions/3.11.6/lib/python3.11/site-packages/airflow/example_dags/example_time_delta_sensor_async.py
[2025-06-13T14:31:33.240-0400] {logging_mixin.py:190} INFO - [2025-06-13T14:31:33.240-0400] {dag.py:3239} INFO - Sync 1 DAGs
[2025-06-13T14:31:33.246-0400] {logging_mixin.py:190} INFO - [2025-06-13T14:31:33.246-0400] {dag.py:4180} INFO - Setting next_dagrun for example_time_delta_sensor_async to None, run_after=None
[2025-06-13T14:31:33.254-0400] {processor.py:208} INFO - Processing /Users/pranavr/.pyenv/versions/3.11.6/lib/python3.11/site-packages/airflow/example_dags/example_time_delta_sensor_async.py took 458.235 seconds
[2025-06-13T14:33:06.271-0400] {processor.py:186} INFO - Started process (PID=9584) to work on /Users/pranavr/.pyenv/versions/3.11.6/lib/python3.11/site-packages/airflow/example_dags/example_time_delta_sensor_async.py
[2025-06-13T14:33:06.273-0400] {processor.py:914} INFO - Processing file /Users/pranavr/.pyenv/versions/3.11.6/lib/python3.11/site-packages/airflow/example_dags/example_time_delta_sensor_async.py for tasks to queue
[2025-06-13T14:33:06.275-0400] {logging_mixin.py:190} INFO - [2025-06-13T14:33:06.275-0400] {dagbag.py:588} INFO - Filling up the DagBag from /Users/pranavr/.pyenv/versions/3.11.6/lib/python3.11/site-packages/airflow/example_dags/example_time_delta_sensor_async.py
[2025-06-13T14:33:06.283-0400] {processor.py:925} INFO - DAG(s) 'example_time_delta_sensor_async' retrieved from /Users/pranavr/.pyenv/versions/3.11.6/lib/python3.11/site-packages/airflow/example_dags/example_time_delta_sensor_async.py
[2025-06-13T14:33:06.675-0400] {logging_mixin.py:190} INFO - [2025-06-13T14:33:06.674-0400] {dag.py:3239} INFO - Sync 1 DAGs
[2025-06-13T14:33:06.681-0400] {logging_mixin.py:190} INFO - [2025-06-13T14:33:06.681-0400] {dag.py:4180} INFO - Setting next_dagrun for example_time_delta_sensor_async to None, run_after=None
[2025-06-13T14:33:06.690-0400] {processor.py:208} INFO - Processing /Users/pranavr/.pyenv/versions/3.11.6/lib/python3.11/site-packages/airflow/example_dags/example_time_delta_sensor_async.py took 424.012 seconds
[2025-06-13T14:34:35.726-0400] {processor.py:186} INFO - Started process (PID=10037) to work on /Users/pranavr/.pyenv/versions/3.11.6/lib/python3.11/site-packages/airflow/example_dags/example_time_delta_sensor_async.py
[2025-06-13T14:34:35.729-0400] {processor.py:914} INFO - Processing file /Users/pranavr/.pyenv/versions/3.11.6/lib/python3.11/site-packages/airflow/example_dags/example_time_delta_sensor_async.py for tasks to queue
[2025-06-13T14:34:35.729-0400] {logging_mixin.py:190} INFO - [2025-06-13T14:34:35.729-0400] {dagbag.py:588} INFO - Filling up the DagBag from /Users/pranavr/.pyenv/versions/3.11.6/lib/python3.11/site-packages/airflow/example_dags/example_time_delta_sensor_async.py
[2025-06-13T14:34:35.734-0400] {processor.py:925} INFO - DAG(s) 'example_time_delta_sensor_async' retrieved from /Users/pranavr/.pyenv/versions/3.11.6/lib/python3.11/site-packages/airflow/example_dags/example_time_delta_sensor_async.py
[2025-06-13T14:34:36.132-0400] {logging_mixin.py:190} INFO - [2025-06-13T14:34:36.131-0400] {dag.py:3239} INFO - Sync 1 DAGs
[2025-06-13T14:34:36.137-0400] {logging_mixin.py:190} INFO - [2025-06-13T14:34:36.137-0400] {dag.py:4180} INFO - Setting next_dagrun for example_time_delta_sensor_async to None, run_after=None
[2025-06-13T14:34:36.147-0400] {processor.py:208} INFO - Processing /Users/pranavr/.pyenv/versions/3.11.6/lib/python3.11/site-packages/airflow/example_dags/example_time_delta_sensor_async.py took 421.629 seconds
[2025-06-13T14:36:08.438-0400] {processor.py:186} INFO - Started process (PID=10830) to work on /Users/pranavr/.pyenv/versions/3.11.6/lib/python3.11/site-packages/airflow/example_dags/example_time_delta_sensor_async.py
[2025-06-13T14:36:08.441-0400] {processor.py:914} INFO - Processing file /Users/pranavr/.pyenv/versions/3.11.6/lib/python3.11/site-packages/airflow/example_dags/example_time_delta_sensor_async.py for tasks to queue
[2025-06-13T14:36:08.441-0400] {logging_mixin.py:190} INFO - [2025-06-13T14:36:08.441-0400] {dagbag.py:588} INFO - Filling up the DagBag from /Users/pranavr/.pyenv/versions/3.11.6/lib/python3.11/site-packages/airflow/example_dags/example_time_delta_sensor_async.py
[2025-06-13T14:36:08.446-0400] {processor.py:925} INFO - DAG(s) 'example_time_delta_sensor_async' retrieved from /Users/pranavr/.pyenv/versions/3.11.6/lib/python3.11/site-packages/airflow/example_dags/example_time_delta_sensor_async.py
[2025-06-13T14:36:08.864-0400] {logging_mixin.py:190} INFO - [2025-06-13T14:36:08.864-0400] {dag.py:3239} INFO - Sync 1 DAGs
[2025-06-13T14:36:08.870-0400] {logging_mixin.py:190} INFO - [2025-06-13T14:36:08.869-0400] {dag.py:4180} INFO - Setting next_dagrun for example_time_delta_sensor_async to None, run_after=None
[2025-06-13T14:36:08.880-0400] {processor.py:208} INFO - Processing /Users/pranavr/.pyenv/versions/3.11.6/lib/python3.11/site-packages/airflow/example_dags/example_time_delta_sensor_async.py took 443.383 seconds
[2025-06-13T14:37:38.593-0400] {processor.py:186} INFO - Started process (PID=11105) to work on /Users/pranavr/.pyenv/versions/3.11.6/lib/python3.11/site-packages/airflow/example_dags/example_time_delta_sensor_async.py
[2025-06-13T14:37:38.599-0400] {processor.py:914} INFO - Processing file /Users/pranavr/.pyenv/versions/3.11.6/lib/python3.11/site-packages/airflow/example_dags/example_time_delta_sensor_async.py for tasks to queue
[2025-06-13T14:37:38.599-0400] {logging_mixin.py:190} INFO - [2025-06-13T14:37:38.599-0400] {dagbag.py:588} INFO - Filling up the DagBag from /Users/pranavr/.pyenv/versions/3.11.6/lib/python3.11/site-packages/airflow/example_dags/example_time_delta_sensor_async.py
[2025-06-13T14:37:38.604-0400] {processor.py:925} INFO - DAG(s) 'example_time_delta_sensor_async' retrieved from /Users/pranavr/.pyenv/versions/3.11.6/lib/python3.11/site-packages/airflow/example_dags/example_time_delta_sensor_async.py
[2025-06-13T14:37:38.993-0400] {logging_mixin.py:190} INFO - [2025-06-13T14:37:38.993-0400] {dag.py:3239} INFO - Sync 1 DAGs
[2025-06-13T14:37:38.998-0400] {logging_mixin.py:190} INFO - [2025-06-13T14:37:38.998-0400] {dag.py:4180} INFO - Setting next_dagrun for example_time_delta_sensor_async to None, run_after=None
[2025-06-13T14:37:39.008-0400] {processor.py:208} INFO - Processing /Users/pranavr/.pyenv/versions/3.11.6/lib/python3.11/site-packages/airflow/example_dags/example_time_delta_sensor_async.py took 417.802 seconds
[2025-06-13T14:39:06.916-0400] {processor.py:186} INFO - Started process (PID=11289) to work on /Users/pranavr/.pyenv/versions/3.11.6/lib/python3.11/site-packages/airflow/example_dags/example_time_delta_sensor_async.py
[2025-06-13T14:39:06.918-0400] {processor.py:914} INFO - Processing file /Users/pranavr/.pyenv/versions/3.11.6/lib/python3.11/site-packages/airflow/example_dags/example_time_delta_sensor_async.py for tasks to queue
[2025-06-13T14:39:06.919-0400] {logging_mixin.py:190} INFO - [2025-06-13T14:39:06.919-0400] {dagbag.py:588} INFO - Filling up the DagBag from /Users/pranavr/.pyenv/versions/3.11.6/lib/python3.11/site-packages/airflow/example_dags/example_time_delta_sensor_async.py
[2025-06-13T14:39:06.923-0400] {processor.py:925} INFO - DAG(s) 'example_time_delta_sensor_async' retrieved from /Users/pranavr/.pyenv/versions/3.11.6/lib/python3.11/site-packages/airflow/example_dags/example_time_delta_sensor_async.py
[2025-06-13T14:39:07.208-0400] {logging_mixin.py:190} INFO - [2025-06-13T14:39:07.207-0400] {dag.py:3239} INFO - Sync 1 DAGs
[2025-06-13T14:39:07.212-0400] {logging_mixin.py:190} INFO - [2025-06-13T14:39:07.212-0400] {dag.py:4180} INFO - Setting next_dagrun for example_time_delta_sensor_async to None, run_after=None
[2025-06-13T14:39:07.219-0400] {processor.py:208} INFO - Processing /Users/pranavr/.pyenv/versions/3.11.6/lib/python3.11/site-packages/airflow/example_dags/example_time_delta_sensor_async.py took 304.286 seconds
[2025-06-13T14:40:26.960-0400] {processor.py:186} INFO - Started process (PID=11577) to work on /Users/pranavr/.pyenv/versions/3.11.6/lib/python3.11/site-packages/airflow/example_dags/example_time_delta_sensor_async.py
[2025-06-13T14:40:26.961-0400] {processor.py:914} INFO - Processing file /Users/pranavr/.pyenv/versions/3.11.6/lib/python3.11/site-packages/airflow/example_dags/example_time_delta_sensor_async.py for tasks to queue
[2025-06-13T14:40:26.962-0400] {logging_mixin.py:190} INFO - [2025-06-13T14:40:26.962-0400] {dagbag.py:588} INFO - Filling up the DagBag from /Users/pranavr/.pyenv/versions/3.11.6/lib/python3.11/site-packages/airflow/example_dags/example_time_delta_sensor_async.py
[2025-06-13T14:40:26.965-0400] {processor.py:925} INFO - DAG(s) 'example_time_delta_sensor_async' retrieved from /Users/pranavr/.pyenv/versions/3.11.6/lib/python3.11/site-packages/airflow/example_dags/example_time_delta_sensor_async.py
[2025-06-13T14:40:27.228-0400] {logging_mixin.py:190} INFO - [2025-06-13T14:40:27.228-0400] {dag.py:3239} INFO - Sync 1 DAGs
[2025-06-13T14:40:27.232-0400] {logging_mixin.py:190} INFO - [2025-06-13T14:40:27.232-0400] {dag.py:4180} INFO - Setting next_dagrun for example_time_delta_sensor_async to None, run_after=None
[2025-06-13T14:40:27.240-0400] {processor.py:208} INFO - Processing /Users/pranavr/.pyenv/versions/3.11.6/lib/python3.11/site-packages/airflow/example_dags/example_time_delta_sensor_async.py took 281.397 seconds
[2025-06-13T14:41:43.663-0400] {processor.py:186} INFO - Started process (PID=11767) to work on /Users/pranavr/.pyenv/versions/3.11.6/lib/python3.11/site-packages/airflow/example_dags/example_time_delta_sensor_async.py
[2025-06-13T14:41:43.665-0400] {processor.py:914} INFO - Processing file /Users/pranavr/.pyenv/versions/3.11.6/lib/python3.11/site-packages/airflow/example_dags/example_time_delta_sensor_async.py for tasks to queue
[2025-06-13T14:41:43.666-0400] {logging_mixin.py:190} INFO - [2025-06-13T14:41:43.665-0400] {dagbag.py:588} INFO - Filling up the DagBag from /Users/pranavr/.pyenv/versions/3.11.6/lib/python3.11/site-packages/airflow/example_dags/example_time_delta_sensor_async.py
[2025-06-13T14:41:43.669-0400] {processor.py:925} INFO - DAG(s) 'example_time_delta_sensor_async' retrieved from /Users/pranavr/.pyenv/versions/3.11.6/lib/python3.11/site-packages/airflow/example_dags/example_time_delta_sensor_async.py
[2025-06-13T14:41:43.944-0400] {logging_mixin.py:190} INFO - [2025-06-13T14:41:43.944-0400] {dag.py:3239} INFO - Sync 1 DAGs
[2025-06-13T14:41:43.948-0400] {logging_mixin.py:190} INFO - [2025-06-13T14:41:43.948-0400] {dag.py:4180} INFO - Setting next_dagrun for example_time_delta_sensor_async to None, run_after=None
[2025-06-13T14:41:43.955-0400] {processor.py:208} INFO - Processing /Users/pranavr/.pyenv/versions/3.11.6/lib/python3.11/site-packages/airflow/example_dags/example_time_delta_sensor_async.py took 293.094 seconds
[2025-06-13T14:42:57.830-0400] {processor.py:186} INFO - Started process (PID=11903) to work on /Users/pranavr/.pyenv/versions/3.11.6/lib/python3.11/site-packages/airflow/example_dags/example_time_delta_sensor_async.py
[2025-06-13T14:42:57.832-0400] {processor.py:914} INFO - Processing file /Users/pranavr/.pyenv/versions/3.11.6/lib/python3.11/site-packages/airflow/example_dags/example_time_delta_sensor_async.py for tasks to queue
[2025-06-13T14:42:57.832-0400] {logging_mixin.py:190} INFO - [2025-06-13T14:42:57.832-0400] {dagbag.py:588} INFO - Filling up the DagBag from /Users/pranavr/.pyenv/versions/3.11.6/lib/python3.11/site-packages/airflow/example_dags/example_time_delta_sensor_async.py
[2025-06-13T14:42:57.835-0400] {processor.py:925} INFO - DAG(s) 'example_time_delta_sensor_async' retrieved from /Users/pranavr/.pyenv/versions/3.11.6/lib/python3.11/site-packages/airflow/example_dags/example_time_delta_sensor_async.py
[2025-06-13T14:42:58.095-0400] {logging_mixin.py:190} INFO - [2025-06-13T14:42:58.095-0400] {dag.py:3239} INFO - Sync 1 DAGs
[2025-06-13T14:42:58.100-0400] {logging_mixin.py:190} INFO - [2025-06-13T14:42:58.099-0400] {dag.py:4180} INFO - Setting next_dagrun for example_time_delta_sensor_async to None, run_after=None
[2025-06-13T14:42:58.107-0400] {processor.py:208} INFO - Processing /Users/pranavr/.pyenv/versions/3.11.6/lib/python3.11/site-packages/airflow/example_dags/example_time_delta_sensor_async.py took 278.104 seconds
[2025-06-13T14:44:08.435-0400] {processor.py:186} INFO - Started process (PID=12025) to work on /Users/pranavr/.pyenv/versions/3.11.6/lib/python3.11/site-packages/airflow/example_dags/example_time_delta_sensor_async.py
[2025-06-13T14:44:08.437-0400] {processor.py:914} INFO - Processing file /Users/pranavr/.pyenv/versions/3.11.6/lib/python3.11/site-packages/airflow/example_dags/example_time_delta_sensor_async.py for tasks to queue
[2025-06-13T14:44:08.437-0400] {logging_mixin.py:190} INFO - [2025-06-13T14:44:08.437-0400] {dagbag.py:588} INFO - Filling up the DagBag from /Users/pranavr/.pyenv/versions/3.11.6/lib/python3.11/site-packages/airflow/example_dags/example_time_delta_sensor_async.py
[2025-06-13T14:44:08.440-0400] {processor.py:925} INFO - DAG(s) 'example_time_delta_sensor_async' retrieved from /Users/pranavr/.pyenv/versions/3.11.6/lib/python3.11/site-packages/airflow/example_dags/example_time_delta_sensor_async.py
[2025-06-13T14:44:08.695-0400] {logging_mixin.py:190} INFO - [2025-06-13T14:44:08.695-0400] {dag.py:3239} INFO - Sync 1 DAGs
[2025-06-13T14:44:08.700-0400] {logging_mixin.py:190} INFO - [2025-06-13T14:44:08.700-0400] {dag.py:4180} INFO - Setting next_dagrun for example_time_delta_sensor_async to None, run_after=None
[2025-06-13T14:44:08.707-0400] {processor.py:208} INFO - Processing /Users/pranavr/.pyenv/versions/3.11.6/lib/python3.11/site-packages/airflow/example_dags/example_time_delta_sensor_async.py took 273.231 seconds
[2025-06-13T14:45:23.690-0400] {processor.py:186} INFO - Started process (PID=12186) to work on /Users/pranavr/.pyenv/versions/3.11.6/lib/python3.11/site-packages/airflow/example_dags/example_time_delta_sensor_async.py
[2025-06-13T14:45:23.691-0400] {processor.py:914} INFO - Processing file /Users/pranavr/.pyenv/versions/3.11.6/lib/python3.11/site-packages/airflow/example_dags/example_time_delta_sensor_async.py for tasks to queue
[2025-06-13T14:45:23.692-0400] {logging_mixin.py:190} INFO - [2025-06-13T14:45:23.692-0400] {dagbag.py:588} INFO - Filling up the DagBag from /Users/pranavr/.pyenv/versions/3.11.6/lib/python3.11/site-packages/airflow/example_dags/example_time_delta_sensor_async.py
[2025-06-13T14:45:23.695-0400] {processor.py:925} INFO - DAG(s) 'example_time_delta_sensor_async' retrieved from /Users/pranavr/.pyenv/versions/3.11.6/lib/python3.11/site-packages/airflow/example_dags/example_time_delta_sensor_async.py
[2025-06-13T14:45:23.949-0400] {logging_mixin.py:190} INFO - [2025-06-13T14:45:23.948-0400] {dag.py:3239} INFO - Sync 1 DAGs
[2025-06-13T14:45:23.953-0400] {logging_mixin.py:190} INFO - [2025-06-13T14:45:23.953-0400] {dag.py:4180} INFO - Setting next_dagrun for example_time_delta_sensor_async to None, run_after=None
[2025-06-13T14:45:23.960-0400] {processor.py:208} INFO - Processing /Users/pranavr/.pyenv/versions/3.11.6/lib/python3.11/site-packages/airflow/example_dags/example_time_delta_sensor_async.py took 271.610 seconds
[2025-06-13T14:46:36.244-0400] {processor.py:186} INFO - Started process (PID=12339) to work on /Users/pranavr/.pyenv/versions/3.11.6/lib/python3.11/site-packages/airflow/example_dags/example_time_delta_sensor_async.py
[2025-06-13T14:46:36.246-0400] {processor.py:914} INFO - Processing file /Users/pranavr/.pyenv/versions/3.11.6/lib/python3.11/site-packages/airflow/example_dags/example_time_delta_sensor_async.py for tasks to queue
[2025-06-13T14:46:36.246-0400] {logging_mixin.py:190} INFO - [2025-06-13T14:46:36.246-0400] {dagbag.py:588} INFO - Filling up the DagBag from /Users/pranavr/.pyenv/versions/3.11.6/lib/python3.11/site-packages/airflow/example_dags/example_time_delta_sensor_async.py
[2025-06-13T14:46:36.249-0400] {processor.py:925} INFO - DAG(s) 'example_time_delta_sensor_async' retrieved from /Users/pranavr/.pyenv/versions/3.11.6/lib/python3.11/site-packages/airflow/example_dags/example_time_delta_sensor_async.py
[2025-06-13T14:46:36.504-0400] {logging_mixin.py:190} INFO - [2025-06-13T14:46:36.503-0400] {dag.py:3239} INFO - Sync 1 DAGs
[2025-06-13T14:46:36.508-0400] {logging_mixin.py:190} INFO - [2025-06-13T14:46:36.508-0400] {dag.py:4180} INFO - Setting next_dagrun for example_time_delta_sensor_async to None, run_after=None
[2025-06-13T14:46:36.515-0400] {processor.py:208} INFO - Processing /Users/pranavr/.pyenv/versions/3.11.6/lib/python3.11/site-packages/airflow/example_dags/example_time_delta_sensor_async.py took 271.878 seconds
[2025-06-13T14:47:47.243-0400] {processor.py:186} INFO - Started process (PID=12429) to work on /Users/pranavr/.pyenv/versions/3.11.6/lib/python3.11/site-packages/airflow/example_dags/example_time_delta_sensor_async.py
[2025-06-13T14:47:47.245-0400] {processor.py:914} INFO - Processing file /Users/pranavr/.pyenv/versions/3.11.6/lib/python3.11/site-packages/airflow/example_dags/example_time_delta_sensor_async.py for tasks to queue
[2025-06-13T14:47:47.245-0400] {logging_mixin.py:190} INFO - [2025-06-13T14:47:47.245-0400] {dagbag.py:588} INFO - Filling up the DagBag from /Users/pranavr/.pyenv/versions/3.11.6/lib/python3.11/site-packages/airflow/example_dags/example_time_delta_sensor_async.py
[2025-06-13T14:47:47.248-0400] {processor.py:925} INFO - DAG(s) 'example_time_delta_sensor_async' retrieved from /Users/pranavr/.pyenv/versions/3.11.6/lib/python3.11/site-packages/airflow/example_dags/example_time_delta_sensor_async.py
[2025-06-13T14:47:47.514-0400] {logging_mixin.py:190} INFO - [2025-06-13T14:47:47.513-0400] {dag.py:3239} INFO - Sync 1 DAGs
[2025-06-13T14:47:47.518-0400] {logging_mixin.py:190} INFO - [2025-06-13T14:47:47.518-0400] {dag.py:4180} INFO - Setting next_dagrun for example_time_delta_sensor_async to None, run_after=None
[2025-06-13T14:47:47.525-0400] {processor.py:208} INFO - Processing /Users/pranavr/.pyenv/versions/3.11.6/lib/python3.11/site-packages/airflow/example_dags/example_time_delta_sensor_async.py took 283.080 seconds
[2025-06-13T14:49:05.367-0400] {processor.py:186} INFO - Started process (PID=12541) to work on /Users/pranavr/.pyenv/versions/3.11.6/lib/python3.11/site-packages/airflow/example_dags/example_time_delta_sensor_async.py
[2025-06-13T14:49:05.369-0400] {processor.py:914} INFO - Processing file /Users/pranavr/.pyenv/versions/3.11.6/lib/python3.11/site-packages/airflow/example_dags/example_time_delta_sensor_async.py for tasks to queue
[2025-06-13T14:49:05.369-0400] {logging_mixin.py:190} INFO - [2025-06-13T14:49:05.369-0400] {dagbag.py:588} INFO - Filling up the DagBag from /Users/pranavr/.pyenv/versions/3.11.6/lib/python3.11/site-packages/airflow/example_dags/example_time_delta_sensor_async.py
[2025-06-13T14:49:05.372-0400] {processor.py:925} INFO - DAG(s) 'example_time_delta_sensor_async' retrieved from /Users/pranavr/.pyenv/versions/3.11.6/lib/python3.11/site-packages/airflow/example_dags/example_time_delta_sensor_async.py
[2025-06-13T14:49:05.639-0400] {logging_mixin.py:190} INFO - [2025-06-13T14:49:05.639-0400] {dag.py:3239} INFO - Sync 1 DAGs
[2025-06-13T14:49:05.643-0400] {logging_mixin.py:190} INFO - [2025-06-13T14:49:05.643-0400] {dag.py:4180} INFO - Setting next_dagrun for example_time_delta_sensor_async to None, run_after=None
[2025-06-13T14:49:05.651-0400] {processor.py:208} INFO - Processing /Users/pranavr/.pyenv/versions/3.11.6/lib/python3.11/site-packages/airflow/example_dags/example_time_delta_sensor_async.py took 285.121 seconds
[2025-06-13T14:50:18.360-0400] {processor.py:186} INFO - Started process (PID=12692) to work on /Users/pranavr/.pyenv/versions/3.11.6/lib/python3.11/site-packages/airflow/example_dags/example_time_delta_sensor_async.py
[2025-06-13T14:50:18.363-0400] {processor.py:914} INFO - Processing file /Users/pranavr/.pyenv/versions/3.11.6/lib/python3.11/site-packages/airflow/example_dags/example_time_delta_sensor_async.py for tasks to queue
[2025-06-13T14:50:18.363-0400] {logging_mixin.py:190} INFO - [2025-06-13T14:50:18.363-0400] {dagbag.py:588} INFO - Filling up the DagBag from /Users/pranavr/.pyenv/versions/3.11.6/lib/python3.11/site-packages/airflow/example_dags/example_time_delta_sensor_async.py
[2025-06-13T14:50:18.367-0400] {processor.py:925} INFO - DAG(s) 'example_time_delta_sensor_async' retrieved from /Users/pranavr/.pyenv/versions/3.11.6/lib/python3.11/site-packages/airflow/example_dags/example_time_delta_sensor_async.py
[2025-06-13T14:50:18.632-0400] {logging_mixin.py:190} INFO - [2025-06-13T14:50:18.631-0400] {dag.py:3239} INFO - Sync 1 DAGs
[2025-06-13T14:50:18.636-0400] {logging_mixin.py:190} INFO - [2025-06-13T14:50:18.636-0400] {dag.py:4180} INFO - Setting next_dagrun for example_time_delta_sensor_async to None, run_after=None
[2025-06-13T14:50:18.643-0400] {processor.py:208} INFO - Processing /Users/pranavr/.pyenv/versions/3.11.6/lib/python3.11/site-packages/airflow/example_dags/example_time_delta_sensor_async.py took 284.516 seconds
[2025-06-13T14:51:31.660-0400] {processor.py:186} INFO - Started process (PID=12826) to work on /Users/pranavr/.pyenv/versions/3.11.6/lib/python3.11/site-packages/airflow/example_dags/example_time_delta_sensor_async.py
[2025-06-13T14:51:31.662-0400] {processor.py:914} INFO - Processing file /Users/pranavr/.pyenv/versions/3.11.6/lib/python3.11/site-packages/airflow/example_dags/example_time_delta_sensor_async.py for tasks to queue
[2025-06-13T14:51:31.663-0400] {logging_mixin.py:190} INFO - [2025-06-13T14:51:31.663-0400] {dagbag.py:588} INFO - Filling up the DagBag from /Users/pranavr/.pyenv/versions/3.11.6/lib/python3.11/site-packages/airflow/example_dags/example_time_delta_sensor_async.py
[2025-06-13T14:51:31.667-0400] {processor.py:925} INFO - DAG(s) 'example_time_delta_sensor_async' retrieved from /Users/pranavr/.pyenv/versions/3.11.6/lib/python3.11/site-packages/airflow/example_dags/example_time_delta_sensor_async.py
[2025-06-13T14:51:32.028-0400] {logging_mixin.py:190} INFO - [2025-06-13T14:51:32.027-0400] {dag.py:3239} INFO - Sync 1 DAGs
[2025-06-13T14:51:32.033-0400] {logging_mixin.py:190} INFO - [2025-06-13T14:51:32.033-0400] {dag.py:4180} INFO - Setting next_dagrun for example_time_delta_sensor_async to None, run_after=None
[2025-06-13T14:51:32.041-0400] {processor.py:208} INFO - Processing /Users/pranavr/.pyenv/versions/3.11.6/lib/python3.11/site-packages/airflow/example_dags/example_time_delta_sensor_async.py took 382.267 seconds
[2025-06-13T14:52:46.423-0400] {processor.py:186} INFO - Started process (PID=14037) to work on /Users/pranavr/.pyenv/versions/3.11.6/lib/python3.11/site-packages/airflow/example_dags/example_time_delta_sensor_async.py
[2025-06-13T14:52:46.425-0400] {processor.py:914} INFO - Processing file /Users/pranavr/.pyenv/versions/3.11.6/lib/python3.11/site-packages/airflow/example_dags/example_time_delta_sensor_async.py for tasks to queue
[2025-06-13T14:52:46.426-0400] {logging_mixin.py:190} INFO - [2025-06-13T14:52:46.426-0400] {dagbag.py:588} INFO - Filling up the DagBag from /Users/pranavr/.pyenv/versions/3.11.6/lib/python3.11/site-packages/airflow/example_dags/example_time_delta_sensor_async.py
[2025-06-13T14:52:46.429-0400] {processor.py:925} INFO - DAG(s) 'example_time_delta_sensor_async' retrieved from /Users/pranavr/.pyenv/versions/3.11.6/lib/python3.11/site-packages/airflow/example_dags/example_time_delta_sensor_async.py
[2025-06-13T14:52:46.681-0400] {logging_mixin.py:190} INFO - [2025-06-13T14:52:46.681-0400] {dag.py:3239} INFO - Sync 1 DAGs
[2025-06-13T14:52:46.685-0400] {logging_mixin.py:190} INFO - [2025-06-13T14:52:46.685-0400] {dag.py:4180} INFO - Setting next_dagrun for example_time_delta_sensor_async to None, run_after=None
[2025-06-13T14:52:46.693-0400] {processor.py:208} INFO - Processing /Users/pranavr/.pyenv/versions/3.11.6/lib/python3.11/site-packages/airflow/example_dags/example_time_delta_sensor_async.py took 271.360 seconds
[2025-06-13T14:53:59.905-0400] {processor.py:186} INFO - Started process (PID=14141) to work on /Users/pranavr/.pyenv/versions/3.11.6/lib/python3.11/site-packages/airflow/example_dags/example_time_delta_sensor_async.py
[2025-06-13T14:53:59.907-0400] {processor.py:914} INFO - Processing file /Users/pranavr/.pyenv/versions/3.11.6/lib/python3.11/site-packages/airflow/example_dags/example_time_delta_sensor_async.py for tasks to queue
[2025-06-13T14:53:59.908-0400] {logging_mixin.py:190} INFO - [2025-06-13T14:53:59.908-0400] {dagbag.py:588} INFO - Filling up the DagBag from /Users/pranavr/.pyenv/versions/3.11.6/lib/python3.11/site-packages/airflow/example_dags/example_time_delta_sensor_async.py
[2025-06-13T14:53:59.912-0400] {processor.py:925} INFO - DAG(s) 'example_time_delta_sensor_async' retrieved from /Users/pranavr/.pyenv/versions/3.11.6/lib/python3.11/site-packages/airflow/example_dags/example_time_delta_sensor_async.py
[2025-06-13T14:54:00.196-0400] {logging_mixin.py:190} INFO - [2025-06-13T14:54:00.196-0400] {dag.py:3239} INFO - Sync 1 DAGs
[2025-06-13T14:54:00.202-0400] {logging_mixin.py:190} INFO - [2025-06-13T14:54:00.202-0400] {dag.py:4180} INFO - Setting next_dagrun for example_time_delta_sensor_async to None, run_after=None
[2025-06-13T14:54:00.210-0400] {processor.py:208} INFO - Processing /Users/pranavr/.pyenv/versions/3.11.6/lib/python3.11/site-packages/airflow/example_dags/example_time_delta_sensor_async.py took 306.221 seconds
[2025-06-13T14:55:18.297-0400] {processor.py:186} INFO - Started process (PID=14253) to work on /Users/pranavr/.pyenv/versions/3.11.6/lib/python3.11/site-packages/airflow/example_dags/example_time_delta_sensor_async.py
[2025-06-13T14:55:18.300-0400] {processor.py:914} INFO - Processing file /Users/pranavr/.pyenv/versions/3.11.6/lib/python3.11/site-packages/airflow/example_dags/example_time_delta_sensor_async.py for tasks to queue
[2025-06-13T14:55:18.300-0400] {logging_mixin.py:190} INFO - [2025-06-13T14:55:18.300-0400] {dagbag.py:588} INFO - Filling up the DagBag from /Users/pranavr/.pyenv/versions/3.11.6/lib/python3.11/site-packages/airflow/example_dags/example_time_delta_sensor_async.py
[2025-06-13T14:55:18.304-0400] {processor.py:925} INFO - DAG(s) 'example_time_delta_sensor_async' retrieved from /Users/pranavr/.pyenv/versions/3.11.6/lib/python3.11/site-packages/airflow/example_dags/example_time_delta_sensor_async.py
[2025-06-13T14:55:18.557-0400] {logging_mixin.py:190} INFO - [2025-06-13T14:55:18.557-0400] {dag.py:3239} INFO - Sync 1 DAGs
[2025-06-13T14:55:18.561-0400] {logging_mixin.py:190} INFO - [2025-06-13T14:55:18.561-0400] {dag.py:4180} INFO - Setting next_dagrun for example_time_delta_sensor_async to None, run_after=None
[2025-06-13T14:55:18.569-0400] {processor.py:208} INFO - Processing /Users/pranavr/.pyenv/versions/3.11.6/lib/python3.11/site-packages/airflow/example_dags/example_time_delta_sensor_async.py took 272.642 seconds
[2025-06-13T14:56:35.310-0400] {processor.py:186} INFO - Started process (PID=14394) to work on /Users/pranavr/.pyenv/versions/3.11.6/lib/python3.11/site-packages/airflow/example_dags/example_time_delta_sensor_async.py
[2025-06-13T14:56:35.313-0400] {processor.py:914} INFO - Processing file /Users/pranavr/.pyenv/versions/3.11.6/lib/python3.11/site-packages/airflow/example_dags/example_time_delta_sensor_async.py for tasks to queue
[2025-06-13T14:56:35.313-0400] {logging_mixin.py:190} INFO - [2025-06-13T14:56:35.313-0400] {dagbag.py:588} INFO - Filling up the DagBag from /Users/pranavr/.pyenv/versions/3.11.6/lib/python3.11/site-packages/airflow/example_dags/example_time_delta_sensor_async.py
[2025-06-13T14:56:35.316-0400] {processor.py:925} INFO - DAG(s) 'example_time_delta_sensor_async' retrieved from /Users/pranavr/.pyenv/versions/3.11.6/lib/python3.11/site-packages/airflow/example_dags/example_time_delta_sensor_async.py
[2025-06-13T14:56:35.569-0400] {logging_mixin.py:190} INFO - [2025-06-13T14:56:35.569-0400] {dag.py:3239} INFO - Sync 1 DAGs
[2025-06-13T14:56:35.574-0400] {logging_mixin.py:190} INFO - [2025-06-13T14:56:35.573-0400] {dag.py:4180} INFO - Setting next_dagrun for example_time_delta_sensor_async to None, run_after=None
[2025-06-13T14:56:35.581-0400] {processor.py:208} INFO - Processing /Users/pranavr/.pyenv/versions/3.11.6/lib/python3.11/site-packages/airflow/example_dags/example_time_delta_sensor_async.py took 271.830 seconds
[2025-06-13T14:57:51.864-0400] {processor.py:186} INFO - Started process (PID=14584) to work on /Users/pranavr/.pyenv/versions/3.11.6/lib/python3.11/site-packages/airflow/example_dags/example_time_delta_sensor_async.py
[2025-06-13T14:57:51.867-0400] {processor.py:914} INFO - Processing file /Users/pranavr/.pyenv/versions/3.11.6/lib/python3.11/site-packages/airflow/example_dags/example_time_delta_sensor_async.py for tasks to queue
[2025-06-13T14:57:51.867-0400] {logging_mixin.py:190} INFO - [2025-06-13T14:57:51.867-0400] {dagbag.py:588} INFO - Filling up the DagBag from /Users/pranavr/.pyenv/versions/3.11.6/lib/python3.11/site-packages/airflow/example_dags/example_time_delta_sensor_async.py
[2025-06-13T14:57:51.872-0400] {processor.py:925} INFO - DAG(s) 'example_time_delta_sensor_async' retrieved from /Users/pranavr/.pyenv/versions/3.11.6/lib/python3.11/site-packages/airflow/example_dags/example_time_delta_sensor_async.py
[2025-06-13T14:57:52.563-0400] {logging_mixin.py:190} INFO - [2025-06-13T14:57:52.563-0400] {dag.py:3239} INFO - Sync 1 DAGs
[2025-06-13T14:57:52.569-0400] {logging_mixin.py:190} INFO - [2025-06-13T14:57:52.569-0400] {dag.py:4180} INFO - Setting next_dagrun for example_time_delta_sensor_async to None, run_after=None
[2025-06-13T14:57:52.577-0400] {processor.py:208} INFO - Processing /Users/pranavr/.pyenv/versions/3.11.6/lib/python3.11/site-packages/airflow/example_dags/example_time_delta_sensor_async.py took 715.372 seconds
[2025-06-13T14:59:16.177-0400] {processor.py:186} INFO - Started process (PID=14749) to work on /Users/pranavr/.pyenv/versions/3.11.6/lib/python3.11/site-packages/airflow/example_dags/example_time_delta_sensor_async.py
[2025-06-13T14:59:16.179-0400] {processor.py:914} INFO - Processing file /Users/pranavr/.pyenv/versions/3.11.6/lib/python3.11/site-packages/airflow/example_dags/example_time_delta_sensor_async.py for tasks to queue
[2025-06-13T14:59:16.180-0400] {logging_mixin.py:190} INFO - [2025-06-13T14:59:16.180-0400] {dagbag.py:588} INFO - Filling up the DagBag from /Users/pranavr/.pyenv/versions/3.11.6/lib/python3.11/site-packages/airflow/example_dags/example_time_delta_sensor_async.py
[2025-06-13T14:59:16.184-0400] {processor.py:925} INFO - DAG(s) 'example_time_delta_sensor_async' retrieved from /Users/pranavr/.pyenv/versions/3.11.6/lib/python3.11/site-packages/airflow/example_dags/example_time_delta_sensor_async.py
[2025-06-13T14:59:16.507-0400] {logging_mixin.py:190} INFO - [2025-06-13T14:59:16.507-0400] {dag.py:3239} INFO - Sync 1 DAGs
[2025-06-13T14:59:16.511-0400] {logging_mixin.py:190} INFO - [2025-06-13T14:59:16.511-0400] {dag.py:4180} INFO - Setting next_dagrun for example_time_delta_sensor_async to None, run_after=None
[2025-06-13T14:59:16.519-0400] {processor.py:208} INFO - Processing /Users/pranavr/.pyenv/versions/3.11.6/lib/python3.11/site-packages/airflow/example_dags/example_time_delta_sensor_async.py took 342.451 seconds
[2025-06-13T15:00:47.493-0400] {processor.py:186} INFO - Started process (PID=15083) to work on /Users/pranavr/.pyenv/versions/3.11.6/lib/python3.11/site-packages/airflow/example_dags/example_time_delta_sensor_async.py
[2025-06-13T15:00:47.496-0400] {processor.py:914} INFO - Processing file /Users/pranavr/.pyenv/versions/3.11.6/lib/python3.11/site-packages/airflow/example_dags/example_time_delta_sensor_async.py for tasks to queue
[2025-06-13T15:00:47.496-0400] {logging_mixin.py:190} INFO - [2025-06-13T15:00:47.496-0400] {dagbag.py:588} INFO - Filling up the DagBag from /Users/pranavr/.pyenv/versions/3.11.6/lib/python3.11/site-packages/airflow/example_dags/example_time_delta_sensor_async.py
[2025-06-13T15:00:47.502-0400] {processor.py:925} INFO - DAG(s) 'example_time_delta_sensor_async' retrieved from /Users/pranavr/.pyenv/versions/3.11.6/lib/python3.11/site-packages/airflow/example_dags/example_time_delta_sensor_async.py
[2025-06-13T15:00:48.021-0400] {logging_mixin.py:190} INFO - [2025-06-13T15:00:48.021-0400] {dag.py:3239} INFO - Sync 1 DAGs
[2025-06-13T15:00:48.026-0400] {logging_mixin.py:190} INFO - [2025-06-13T15:00:48.026-0400] {dag.py:4180} INFO - Setting next_dagrun for example_time_delta_sensor_async to None, run_after=None
[2025-06-13T15:00:48.035-0400] {processor.py:208} INFO - Processing /Users/pranavr/.pyenv/versions/3.11.6/lib/python3.11/site-packages/airflow/example_dags/example_time_delta_sensor_async.py took 542.700 seconds
