[2025-06-13T14:09:45.293-0400] {processor.py:153} INFO - Started process (PID=96551) to work on /Users/pranavr/drift-retrainer/venv311/lib/python3.11/site-packages/airflow/example_dags/example_trigger_target_dag.py
[2025-06-13T14:09:45.295-0400] {processor.py:743} INFO - Processing file /Users/pranavr/drift-retrainer/venv311/lib/python3.11/site-packages/airflow/example_dags/example_trigger_target_dag.py for tasks to queue
[2025-06-13T14:09:45.295-0400] {logging_mixin.py:137} INFO - [2025-06-13T14:09:45.295-0400] {dagbag.py:538} INFO - Filling up the DagBag from /Users/pranavr/drift-retrainer/venv311/lib/python3.11/site-packages/airflow/example_dags/example_trigger_target_dag.py
[2025-06-13T14:09:45.332-0400] {processor.py:753} INFO - DAG(s) dict_keys(['example_trigger_target_dag']) retrieved from /Users/pranavr/drift-retrainer/venv311/lib/python3.11/site-packages/airflow/example_dags/example_trigger_target_dag.py
[2025-06-13T14:09:45.848-0400] {logging_mixin.py:137} INFO - [2025-06-13T14:09:45.848-0400] {manager.py:504} INFO - Created Permission View: can edit on DAG:example_trigger_target_dag
[2025-06-13T14:09:45.851-0400] {logging_mixin.py:137} INFO - [2025-06-13T14:09:45.851-0400] {manager.py:504} INFO - Created Permission View: can read on DAG:example_trigger_target_dag
[2025-06-13T14:09:45.854-0400] {logging_mixin.py:137} INFO - [2025-06-13T14:09:45.854-0400] {manager.py:504} INFO - Created Permission View: can delete on DAG:example_trigger_target_dag
[2025-06-13T14:09:45.854-0400] {logging_mixin.py:137} INFO - [2025-06-13T14:09:45.854-0400] {dag.py:2690} INFO - Sync 1 DAGs
[2025-06-13T14:09:45.858-0400] {logging_mixin.py:137} INFO - [2025-06-13T14:09:45.858-0400] {dag.py:2711} INFO - Creating ORM DAG for example_trigger_target_dag
[2025-06-13T14:09:45.861-0400] {logging_mixin.py:137} INFO - [2025-06-13T14:09:45.861-0400] {dag.py:3437} INFO - Setting next_dagrun for example_trigger_target_dag to None, run_after=None
[2025-06-13T14:09:45.868-0400] {processor.py:175} INFO - Processing /Users/pranavr/drift-retrainer/venv311/lib/python3.11/site-packages/airflow/example_dags/example_trigger_target_dag.py took 0.576 seconds
[2025-06-13T14:11:14.290-0400] {processor.py:153} INFO - Started process (PID=97313) to work on /Users/pranavr/drift-retrainer/venv311/lib/python3.11/site-packages/airflow/example_dags/example_trigger_target_dag.py
[2025-06-13T14:11:14.297-0400] {processor.py:743} INFO - Processing file /Users/pranavr/drift-retrainer/venv311/lib/python3.11/site-packages/airflow/example_dags/example_trigger_target_dag.py for tasks to queue
[2025-06-13T14:11:14.297-0400] {logging_mixin.py:137} INFO - [2025-06-13T14:11:14.297-0400] {dagbag.py:538} INFO - Filling up the DagBag from /Users/pranavr/drift-retrainer/venv311/lib/python3.11/site-packages/airflow/example_dags/example_trigger_target_dag.py
[2025-06-13T14:11:14.324-0400] {processor.py:753} INFO - DAG(s) dict_keys(['example_trigger_target_dag']) retrieved from /Users/pranavr/drift-retrainer/venv311/lib/python3.11/site-packages/airflow/example_dags/example_trigger_target_dag.py
[2025-06-13T14:11:14.784-0400] {logging_mixin.py:137} INFO - [2025-06-13T14:11:14.783-0400] {dag.py:2690} INFO - Sync 1 DAGs
[2025-06-13T14:11:14.791-0400] {logging_mixin.py:137} INFO - [2025-06-13T14:11:14.791-0400] {dag.py:3437} INFO - Setting next_dagrun for example_trigger_target_dag to None, run_after=None
[2025-06-13T14:11:14.799-0400] {processor.py:175} INFO - Processing /Users/pranavr/drift-retrainer/venv311/lib/python3.11/site-packages/airflow/example_dags/example_trigger_target_dag.py took 0.511 seconds
[2025-06-13T14:12:15.493-0400] {processor.py:153} INFO - Started process (PID=97720) to work on /Users/pranavr/drift-retrainer/venv311/lib/python3.11/site-packages/airflow/example_dags/example_trigger_target_dag.py
[2025-06-13T14:12:15.495-0400] {processor.py:743} INFO - Processing file /Users/pranavr/drift-retrainer/venv311/lib/python3.11/site-packages/airflow/example_dags/example_trigger_target_dag.py for tasks to queue
[2025-06-13T14:12:15.495-0400] {logging_mixin.py:137} INFO - [2025-06-13T14:12:15.495-0400] {dagbag.py:538} INFO - Filling up the DagBag from /Users/pranavr/drift-retrainer/venv311/lib/python3.11/site-packages/airflow/example_dags/example_trigger_target_dag.py
[2025-06-13T14:12:15.521-0400] {processor.py:753} INFO - DAG(s) dict_keys(['example_trigger_target_dag']) retrieved from /Users/pranavr/drift-retrainer/venv311/lib/python3.11/site-packages/airflow/example_dags/example_trigger_target_dag.py
[2025-06-13T14:12:15.960-0400] {logging_mixin.py:137} INFO - [2025-06-13T14:12:15.960-0400] {dag.py:2690} INFO - Sync 1 DAGs
[2025-06-13T14:12:15.967-0400] {logging_mixin.py:137} INFO - [2025-06-13T14:12:15.967-0400] {dag.py:3437} INFO - Setting next_dagrun for example_trigger_target_dag to None, run_after=None
[2025-06-13T14:12:15.976-0400] {processor.py:175} INFO - Processing /Users/pranavr/drift-retrainer/venv311/lib/python3.11/site-packages/airflow/example_dags/example_trigger_target_dag.py took 0.487 seconds
[2025-06-13T14:13:12.596-0400] {processor.py:153} INFO - Started process (PID=97855) to work on /Users/pranavr/drift-retrainer/venv311/lib/python3.11/site-packages/airflow/example_dags/example_trigger_target_dag.py
[2025-06-13T14:13:12.599-0400] {processor.py:743} INFO - Processing file /Users/pranavr/drift-retrainer/venv311/lib/python3.11/site-packages/airflow/example_dags/example_trigger_target_dag.py for tasks to queue
[2025-06-13T14:13:12.599-0400] {logging_mixin.py:137} INFO - [2025-06-13T14:13:12.599-0400] {dagbag.py:538} INFO - Filling up the DagBag from /Users/pranavr/drift-retrainer/venv311/lib/python3.11/site-packages/airflow/example_dags/example_trigger_target_dag.py
[2025-06-13T14:13:12.625-0400] {processor.py:753} INFO - DAG(s) dict_keys(['example_trigger_target_dag']) retrieved from /Users/pranavr/drift-retrainer/venv311/lib/python3.11/site-packages/airflow/example_dags/example_trigger_target_dag.py
[2025-06-13T14:13:13.109-0400] {logging_mixin.py:137} INFO - [2025-06-13T14:13:13.109-0400] {dag.py:2690} INFO - Sync 1 DAGs
[2025-06-13T14:13:13.116-0400] {logging_mixin.py:137} INFO - [2025-06-13T14:13:13.116-0400] {dag.py:3437} INFO - Setting next_dagrun for example_trigger_target_dag to None, run_after=None
[2025-06-13T14:13:13.125-0400] {processor.py:175} INFO - Processing /Users/pranavr/drift-retrainer/venv311/lib/python3.11/site-packages/airflow/example_dags/example_trigger_target_dag.py took 0.529 seconds
[2025-06-13T14:14:06.772-0400] {processor.py:153} INFO - Started process (PID=97957) to work on /Users/pranavr/drift-retrainer/venv311/lib/python3.11/site-packages/airflow/example_dags/example_trigger_target_dag.py
[2025-06-13T14:14:06.774-0400] {processor.py:743} INFO - Processing file /Users/pranavr/drift-retrainer/venv311/lib/python3.11/site-packages/airflow/example_dags/example_trigger_target_dag.py for tasks to queue
[2025-06-13T14:14:06.774-0400] {logging_mixin.py:137} INFO - [2025-06-13T14:14:06.774-0400] {dagbag.py:538} INFO - Filling up the DagBag from /Users/pranavr/drift-retrainer/venv311/lib/python3.11/site-packages/airflow/example_dags/example_trigger_target_dag.py
[2025-06-13T14:14:06.815-0400] {processor.py:753} INFO - DAG(s) dict_keys(['example_trigger_target_dag']) retrieved from /Users/pranavr/drift-retrainer/venv311/lib/python3.11/site-packages/airflow/example_dags/example_trigger_target_dag.py
[2025-06-13T14:14:07.517-0400] {logging_mixin.py:137} INFO - [2025-06-13T14:14:07.517-0400] {dag.py:2690} INFO - Sync 1 DAGs
[2025-06-13T14:14:07.535-0400] {logging_mixin.py:137} INFO - [2025-06-13T14:14:07.535-0400] {dag.py:3437} INFO - Setting next_dagrun for example_trigger_target_dag to None, run_after=None
[2025-06-13T14:14:07.546-0400] {processor.py:175} INFO - Processing /Users/pranavr/drift-retrainer/venv311/lib/python3.11/site-packages/airflow/example_dags/example_trigger_target_dag.py took 0.774 seconds
[2025-06-13T14:15:00.836-0400] {processor.py:153} INFO - Started process (PID=2019) to work on /Users/pranavr/drift-retrainer/venv311/lib/python3.11/site-packages/airflow/example_dags/example_trigger_target_dag.py
[2025-06-13T14:15:00.839-0400] {processor.py:743} INFO - Processing file /Users/pranavr/drift-retrainer/venv311/lib/python3.11/site-packages/airflow/example_dags/example_trigger_target_dag.py for tasks to queue
[2025-06-13T14:15:00.839-0400] {logging_mixin.py:137} INFO - [2025-06-13T14:15:00.839-0400] {dagbag.py:538} INFO - Filling up the DagBag from /Users/pranavr/drift-retrainer/venv311/lib/python3.11/site-packages/airflow/example_dags/example_trigger_target_dag.py
[2025-06-13T14:15:00.892-0400] {processor.py:753} INFO - DAG(s) dict_keys(['example_trigger_target_dag']) retrieved from /Users/pranavr/drift-retrainer/venv311/lib/python3.11/site-packages/airflow/example_dags/example_trigger_target_dag.py
[2025-06-13T14:15:01.334-0400] {logging_mixin.py:137} INFO - [2025-06-13T14:15:01.334-0400] {dag.py:2690} INFO - Sync 1 DAGs
[2025-06-13T14:15:01.343-0400] {logging_mixin.py:137} INFO - [2025-06-13T14:15:01.342-0400] {dag.py:3437} INFO - Setting next_dagrun for example_trigger_target_dag to None, run_after=None
[2025-06-13T14:15:01.352-0400] {processor.py:175} INFO - Processing /Users/pranavr/drift-retrainer/venv311/lib/python3.11/site-packages/airflow/example_dags/example_trigger_target_dag.py took 0.517 seconds
[2025-06-13T14:15:59.472-0400] {processor.py:153} INFO - Started process (PID=3296) to work on /Users/pranavr/drift-retrainer/venv311/lib/python3.11/site-packages/airflow/example_dags/example_trigger_target_dag.py
[2025-06-13T14:15:59.475-0400] {processor.py:743} INFO - Processing file /Users/pranavr/drift-retrainer/venv311/lib/python3.11/site-packages/airflow/example_dags/example_trigger_target_dag.py for tasks to queue
[2025-06-13T14:15:59.475-0400] {logging_mixin.py:137} INFO - [2025-06-13T14:15:59.475-0400] {dagbag.py:538} INFO - Filling up the DagBag from /Users/pranavr/drift-retrainer/venv311/lib/python3.11/site-packages/airflow/example_dags/example_trigger_target_dag.py
[2025-06-13T14:15:59.503-0400] {processor.py:753} INFO - DAG(s) dict_keys(['example_trigger_target_dag']) retrieved from /Users/pranavr/drift-retrainer/venv311/lib/python3.11/site-packages/airflow/example_dags/example_trigger_target_dag.py
[2025-06-13T14:15:59.972-0400] {logging_mixin.py:137} INFO - [2025-06-13T14:15:59.972-0400] {dag.py:2690} INFO - Sync 1 DAGs
[2025-06-13T14:15:59.980-0400] {logging_mixin.py:137} INFO - [2025-06-13T14:15:59.980-0400] {dag.py:3437} INFO - Setting next_dagrun for example_trigger_target_dag to None, run_after=None
[2025-06-13T14:15:59.989-0400] {processor.py:175} INFO - Processing /Users/pranavr/drift-retrainer/venv311/lib/python3.11/site-packages/airflow/example_dags/example_trigger_target_dag.py took 0.517 seconds
[2025-06-13T14:16:58.235-0400] {processor.py:153} INFO - Started process (PID=3921) to work on /Users/pranavr/drift-retrainer/venv311/lib/python3.11/site-packages/airflow/example_dags/example_trigger_target_dag.py
[2025-06-13T14:16:58.238-0400] {processor.py:743} INFO - Processing file /Users/pranavr/drift-retrainer/venv311/lib/python3.11/site-packages/airflow/example_dags/example_trigger_target_dag.py for tasks to queue
[2025-06-13T14:16:58.238-0400] {logging_mixin.py:137} INFO - [2025-06-13T14:16:58.238-0400] {dagbag.py:538} INFO - Filling up the DagBag from /Users/pranavr/drift-retrainer/venv311/lib/python3.11/site-packages/airflow/example_dags/example_trigger_target_dag.py
[2025-06-13T14:16:58.270-0400] {processor.py:753} INFO - DAG(s) dict_keys(['example_trigger_target_dag']) retrieved from /Users/pranavr/drift-retrainer/venv311/lib/python3.11/site-packages/airflow/example_dags/example_trigger_target_dag.py
[2025-06-13T14:16:58.809-0400] {logging_mixin.py:137} INFO - [2025-06-13T14:16:58.809-0400] {dag.py:2690} INFO - Sync 1 DAGs
[2025-06-13T14:16:58.816-0400] {logging_mixin.py:137} INFO - [2025-06-13T14:16:58.816-0400] {dag.py:3437} INFO - Setting next_dagrun for example_trigger_target_dag to None, run_after=None
[2025-06-13T14:16:58.825-0400] {processor.py:175} INFO - Processing /Users/pranavr/drift-retrainer/venv311/lib/python3.11/site-packages/airflow/example_dags/example_trigger_target_dag.py took 0.591 seconds
[2025-06-13T14:17:53.107-0400] {processor.py:153} INFO - Started process (PID=5734) to work on /Users/pranavr/drift-retrainer/venv311/lib/python3.11/site-packages/airflow/example_dags/example_trigger_target_dag.py
[2025-06-13T14:17:53.119-0400] {processor.py:743} INFO - Processing file /Users/pranavr/drift-retrainer/venv311/lib/python3.11/site-packages/airflow/example_dags/example_trigger_target_dag.py for tasks to queue
[2025-06-13T14:17:53.120-0400] {logging_mixin.py:137} INFO - [2025-06-13T14:17:53.120-0400] {dagbag.py:538} INFO - Filling up the DagBag from /Users/pranavr/drift-retrainer/venv311/lib/python3.11/site-packages/airflow/example_dags/example_trigger_target_dag.py
[2025-06-13T14:17:53.152-0400] {processor.py:753} INFO - DAG(s) dict_keys(['example_trigger_target_dag']) retrieved from /Users/pranavr/drift-retrainer/venv311/lib/python3.11/site-packages/airflow/example_dags/example_trigger_target_dag.py
[2025-06-13T14:17:53.635-0400] {logging_mixin.py:137} INFO - [2025-06-13T14:17:53.635-0400] {dag.py:2690} INFO - Sync 1 DAGs
[2025-06-13T14:17:53.642-0400] {logging_mixin.py:137} INFO - [2025-06-13T14:17:53.642-0400] {dag.py:3437} INFO - Setting next_dagrun for example_trigger_target_dag to None, run_after=None
[2025-06-13T14:17:53.651-0400] {processor.py:175} INFO - Processing /Users/pranavr/drift-retrainer/venv311/lib/python3.11/site-packages/airflow/example_dags/example_trigger_target_dag.py took 0.545 seconds
[2025-06-13T14:18:53.163-0400] {processor.py:153} INFO - Started process (PID=6408) to work on /Users/pranavr/drift-retrainer/venv311/lib/python3.11/site-packages/airflow/example_dags/example_trigger_target_dag.py
[2025-06-13T14:18:53.165-0400] {processor.py:743} INFO - Processing file /Users/pranavr/drift-retrainer/venv311/lib/python3.11/site-packages/airflow/example_dags/example_trigger_target_dag.py for tasks to queue
[2025-06-13T14:18:53.165-0400] {logging_mixin.py:137} INFO - [2025-06-13T14:18:53.165-0400] {dagbag.py:538} INFO - Filling up the DagBag from /Users/pranavr/drift-retrainer/venv311/lib/python3.11/site-packages/airflow/example_dags/example_trigger_target_dag.py
[2025-06-13T14:18:53.204-0400] {processor.py:753} INFO - DAG(s) dict_keys(['example_trigger_target_dag']) retrieved from /Users/pranavr/drift-retrainer/venv311/lib/python3.11/site-packages/airflow/example_dags/example_trigger_target_dag.py
[2025-06-13T14:18:53.672-0400] {logging_mixin.py:137} INFO - [2025-06-13T14:18:53.671-0400] {dag.py:2690} INFO - Sync 1 DAGs
[2025-06-13T14:18:53.679-0400] {logging_mixin.py:137} INFO - [2025-06-13T14:18:53.678-0400] {dag.py:3437} INFO - Setting next_dagrun for example_trigger_target_dag to None, run_after=None
[2025-06-13T14:18:53.688-0400] {processor.py:175} INFO - Processing /Users/pranavr/drift-retrainer/venv311/lib/python3.11/site-packages/airflow/example_dags/example_trigger_target_dag.py took 0.526 seconds
[2025-06-13T14:19:54.995-0400] {processor.py:153} INFO - Started process (PID=6587) to work on /Users/pranavr/drift-retrainer/venv311/lib/python3.11/site-packages/airflow/example_dags/example_trigger_target_dag.py
[2025-06-13T14:19:54.997-0400] {processor.py:743} INFO - Processing file /Users/pranavr/drift-retrainer/venv311/lib/python3.11/site-packages/airflow/example_dags/example_trigger_target_dag.py for tasks to queue
[2025-06-13T14:19:54.998-0400] {logging_mixin.py:137} INFO - [2025-06-13T14:19:54.998-0400] {dagbag.py:538} INFO - Filling up the DagBag from /Users/pranavr/drift-retrainer/venv311/lib/python3.11/site-packages/airflow/example_dags/example_trigger_target_dag.py
[2025-06-13T14:19:55.028-0400] {processor.py:753} INFO - DAG(s) dict_keys(['example_trigger_target_dag']) retrieved from /Users/pranavr/drift-retrainer/venv311/lib/python3.11/site-packages/airflow/example_dags/example_trigger_target_dag.py
[2025-06-13T14:19:55.457-0400] {logging_mixin.py:137} INFO - [2025-06-13T14:19:55.457-0400] {dag.py:2690} INFO - Sync 1 DAGs
[2025-06-13T14:19:55.465-0400] {logging_mixin.py:137} INFO - [2025-06-13T14:19:55.465-0400] {dag.py:3437} INFO - Setting next_dagrun for example_trigger_target_dag to None, run_after=None
[2025-06-13T14:19:55.474-0400] {processor.py:175} INFO - Processing /Users/pranavr/drift-retrainer/venv311/lib/python3.11/site-packages/airflow/example_dags/example_trigger_target_dag.py took 0.479 seconds
[2025-06-13T14:21:48.173-0400] {processor.py:186} INFO - Started process (PID=7513) to work on /Users/pranavr/.pyenv/versions/3.11.6/lib/python3.11/site-packages/airflow/example_dags/example_trigger_target_dag.py
[2025-06-13T14:21:48.176-0400] {processor.py:914} INFO - Processing file /Users/pranavr/.pyenv/versions/3.11.6/lib/python3.11/site-packages/airflow/example_dags/example_trigger_target_dag.py for tasks to queue
[2025-06-13T14:21:48.176-0400] {logging_mixin.py:190} INFO - [2025-06-13T14:21:48.176-0400] {dagbag.py:588} INFO - Filling up the DagBag from /Users/pranavr/.pyenv/versions/3.11.6/lib/python3.11/site-packages/airflow/example_dags/example_trigger_target_dag.py
[2025-06-13T14:21:48.194-0400] {processor.py:925} INFO - DAG(s) 'example_trigger_target_dag' retrieved from /Users/pranavr/.pyenv/versions/3.11.6/lib/python3.11/site-packages/airflow/example_dags/example_trigger_target_dag.py
[2025-06-13T14:21:48.340-0400] {logging_mixin.py:190} INFO - [2025-06-13T14:21:48.340-0400] {dag.py:3239} INFO - Sync 1 DAGs
[2025-06-13T14:21:48.345-0400] {logging_mixin.py:190} INFO - [2025-06-13T14:21:48.345-0400] {dag.py:4180} INFO - Setting next_dagrun for example_trigger_target_dag to None, run_after=None
[2025-06-13T14:21:48.355-0400] {processor.py:208} INFO - Processing /Users/pranavr/.pyenv/versions/3.11.6/lib/python3.11/site-packages/airflow/example_dags/example_trigger_target_dag.py took 184.029 seconds
[2025-06-13T14:23:54.328-0400] {processor.py:186} INFO - Started process (PID=7865) to work on /Users/pranavr/.pyenv/versions/3.11.6/lib/python3.11/site-packages/airflow/example_dags/example_trigger_target_dag.py
[2025-06-13T14:23:54.330-0400] {processor.py:914} INFO - Processing file /Users/pranavr/.pyenv/versions/3.11.6/lib/python3.11/site-packages/airflow/example_dags/example_trigger_target_dag.py for tasks to queue
[2025-06-13T14:23:54.330-0400] {logging_mixin.py:190} INFO - [2025-06-13T14:23:54.330-0400] {dagbag.py:588} INFO - Filling up the DagBag from /Users/pranavr/.pyenv/versions/3.11.6/lib/python3.11/site-packages/airflow/example_dags/example_trigger_target_dag.py
[2025-06-13T14:23:54.348-0400] {processor.py:925} INFO - DAG(s) 'example_trigger_target_dag' retrieved from /Users/pranavr/.pyenv/versions/3.11.6/lib/python3.11/site-packages/airflow/example_dags/example_trigger_target_dag.py
[2025-06-13T14:23:54.440-0400] {logging_mixin.py:190} INFO - [2025-06-13T14:23:54.440-0400] {dag.py:3239} INFO - Sync 1 DAGs
[2025-06-13T14:23:54.448-0400] {logging_mixin.py:190} INFO - [2025-06-13T14:23:54.448-0400] {dag.py:4180} INFO - Setting next_dagrun for example_trigger_target_dag to None, run_after=None
[2025-06-13T14:23:54.456-0400] {processor.py:208} INFO - Processing /Users/pranavr/.pyenv/versions/3.11.6/lib/python3.11/site-packages/airflow/example_dags/example_trigger_target_dag.py took 129.894 seconds
[2025-06-13T14:25:25.535-0400] {processor.py:186} INFO - Started process (PID=7985) to work on /Users/pranavr/.pyenv/versions/3.11.6/lib/python3.11/site-packages/airflow/example_dags/example_trigger_target_dag.py
[2025-06-13T14:25:25.542-0400] {processor.py:914} INFO - Processing file /Users/pranavr/.pyenv/versions/3.11.6/lib/python3.11/site-packages/airflow/example_dags/example_trigger_target_dag.py for tasks to queue
[2025-06-13T14:25:25.543-0400] {logging_mixin.py:190} INFO - [2025-06-13T14:25:25.543-0400] {dagbag.py:588} INFO - Filling up the DagBag from /Users/pranavr/.pyenv/versions/3.11.6/lib/python3.11/site-packages/airflow/example_dags/example_trigger_target_dag.py
[2025-06-13T14:25:25.563-0400] {processor.py:925} INFO - DAG(s) 'example_trigger_target_dag' retrieved from /Users/pranavr/.pyenv/versions/3.11.6/lib/python3.11/site-packages/airflow/example_dags/example_trigger_target_dag.py
[2025-06-13T14:25:25.650-0400] {logging_mixin.py:190} INFO - [2025-06-13T14:25:25.650-0400] {dag.py:3239} INFO - Sync 1 DAGs
[2025-06-13T14:25:25.655-0400] {logging_mixin.py:190} INFO - [2025-06-13T14:25:25.655-0400] {dag.py:4180} INFO - Setting next_dagrun for example_trigger_target_dag to None, run_after=None
[2025-06-13T14:25:25.665-0400] {processor.py:208} INFO - Processing /Users/pranavr/.pyenv/versions/3.11.6/lib/python3.11/site-packages/airflow/example_dags/example_trigger_target_dag.py took 131.388 seconds
[2025-06-13T14:26:58.090-0400] {processor.py:186} INFO - Started process (PID=8097) to work on /Users/pranavr/.pyenv/versions/3.11.6/lib/python3.11/site-packages/airflow/example_dags/example_trigger_target_dag.py
[2025-06-13T14:26:58.093-0400] {processor.py:914} INFO - Processing file /Users/pranavr/.pyenv/versions/3.11.6/lib/python3.11/site-packages/airflow/example_dags/example_trigger_target_dag.py for tasks to queue
[2025-06-13T14:26:58.093-0400] {logging_mixin.py:190} INFO - [2025-06-13T14:26:58.093-0400] {dagbag.py:588} INFO - Filling up the DagBag from /Users/pranavr/.pyenv/versions/3.11.6/lib/python3.11/site-packages/airflow/example_dags/example_trigger_target_dag.py
[2025-06-13T14:26:58.113-0400] {processor.py:925} INFO - DAG(s) 'example_trigger_target_dag' retrieved from /Users/pranavr/.pyenv/versions/3.11.6/lib/python3.11/site-packages/airflow/example_dags/example_trigger_target_dag.py
[2025-06-13T14:26:58.202-0400] {logging_mixin.py:190} INFO - [2025-06-13T14:26:58.201-0400] {dag.py:3239} INFO - Sync 1 DAGs
[2025-06-13T14:26:58.209-0400] {logging_mixin.py:190} INFO - [2025-06-13T14:26:58.209-0400] {dag.py:4180} INFO - Setting next_dagrun for example_trigger_target_dag to None, run_after=None
[2025-06-13T14:26:58.219-0400] {processor.py:208} INFO - Processing /Users/pranavr/.pyenv/versions/3.11.6/lib/python3.11/site-packages/airflow/example_dags/example_trigger_target_dag.py took 129.746 seconds
[2025-06-13T14:28:28.115-0400] {processor.py:186} INFO - Started process (PID=8794) to work on /Users/pranavr/.pyenv/versions/3.11.6/lib/python3.11/site-packages/airflow/example_dags/example_trigger_target_dag.py
[2025-06-13T14:28:28.117-0400] {processor.py:914} INFO - Processing file /Users/pranavr/.pyenv/versions/3.11.6/lib/python3.11/site-packages/airflow/example_dags/example_trigger_target_dag.py for tasks to queue
[2025-06-13T14:28:28.118-0400] {logging_mixin.py:190} INFO - [2025-06-13T14:28:28.118-0400] {dagbag.py:588} INFO - Filling up the DagBag from /Users/pranavr/.pyenv/versions/3.11.6/lib/python3.11/site-packages/airflow/example_dags/example_trigger_target_dag.py
[2025-06-13T14:28:28.138-0400] {processor.py:925} INFO - DAG(s) 'example_trigger_target_dag' retrieved from /Users/pranavr/.pyenv/versions/3.11.6/lib/python3.11/site-packages/airflow/example_dags/example_trigger_target_dag.py
[2025-06-13T14:28:28.224-0400] {logging_mixin.py:190} INFO - [2025-06-13T14:28:28.224-0400] {dag.py:3239} INFO - Sync 1 DAGs
[2025-06-13T14:28:28.231-0400] {logging_mixin.py:190} INFO - [2025-06-13T14:28:28.230-0400] {dag.py:4180} INFO - Setting next_dagrun for example_trigger_target_dag to None, run_after=None
[2025-06-13T14:28:28.240-0400] {processor.py:208} INFO - Processing /Users/pranavr/.pyenv/versions/3.11.6/lib/python3.11/site-packages/airflow/example_dags/example_trigger_target_dag.py took 126.019 seconds
[2025-06-13T14:30:00.634-0400] {processor.py:186} INFO - Started process (PID=8921) to work on /Users/pranavr/.pyenv/versions/3.11.6/lib/python3.11/site-packages/airflow/example_dags/example_trigger_target_dag.py
[2025-06-13T14:30:00.637-0400] {processor.py:914} INFO - Processing file /Users/pranavr/.pyenv/versions/3.11.6/lib/python3.11/site-packages/airflow/example_dags/example_trigger_target_dag.py for tasks to queue
[2025-06-13T14:30:00.639-0400] {logging_mixin.py:190} INFO - [2025-06-13T14:30:00.639-0400] {dagbag.py:588} INFO - Filling up the DagBag from /Users/pranavr/.pyenv/versions/3.11.6/lib/python3.11/site-packages/airflow/example_dags/example_trigger_target_dag.py
[2025-06-13T14:30:00.658-0400] {processor.py:925} INFO - DAG(s) 'example_trigger_target_dag' retrieved from /Users/pranavr/.pyenv/versions/3.11.6/lib/python3.11/site-packages/airflow/example_dags/example_trigger_target_dag.py
[2025-06-13T14:30:00.755-0400] {logging_mixin.py:190} INFO - [2025-06-13T14:30:00.755-0400] {dag.py:3239} INFO - Sync 1 DAGs
[2025-06-13T14:30:00.761-0400] {logging_mixin.py:190} INFO - [2025-06-13T14:30:00.761-0400] {dag.py:4180} INFO - Setting next_dagrun for example_trigger_target_dag to None, run_after=None
[2025-06-13T14:30:00.771-0400] {processor.py:208} INFO - Processing /Users/pranavr/.pyenv/versions/3.11.6/lib/python3.11/site-packages/airflow/example_dags/example_trigger_target_dag.py took 137.698 seconds
[2025-06-13T14:31:29.258-0400] {processor.py:186} INFO - Started process (PID=9356) to work on /Users/pranavr/.pyenv/versions/3.11.6/lib/python3.11/site-packages/airflow/example_dags/example_trigger_target_dag.py
[2025-06-13T14:31:29.261-0400] {processor.py:914} INFO - Processing file /Users/pranavr/.pyenv/versions/3.11.6/lib/python3.11/site-packages/airflow/example_dags/example_trigger_target_dag.py for tasks to queue
[2025-06-13T14:31:29.261-0400] {logging_mixin.py:190} INFO - [2025-06-13T14:31:29.261-0400] {dagbag.py:588} INFO - Filling up the DagBag from /Users/pranavr/.pyenv/versions/3.11.6/lib/python3.11/site-packages/airflow/example_dags/example_trigger_target_dag.py
[2025-06-13T14:31:29.279-0400] {processor.py:925} INFO - DAG(s) 'example_trigger_target_dag' retrieved from /Users/pranavr/.pyenv/versions/3.11.6/lib/python3.11/site-packages/airflow/example_dags/example_trigger_target_dag.py
[2025-06-13T14:31:29.362-0400] {logging_mixin.py:190} INFO - [2025-06-13T14:31:29.362-0400] {dag.py:3239} INFO - Sync 1 DAGs
[2025-06-13T14:31:29.368-0400] {logging_mixin.py:190} INFO - [2025-06-13T14:31:29.368-0400] {dag.py:4180} INFO - Setting next_dagrun for example_trigger_target_dag to None, run_after=None
[2025-06-13T14:31:29.377-0400] {processor.py:208} INFO - Processing /Users/pranavr/.pyenv/versions/3.11.6/lib/python3.11/site-packages/airflow/example_dags/example_trigger_target_dag.py took 121.021 seconds
[2025-06-13T14:33:02.112-0400] {processor.py:186} INFO - Started process (PID=9580) to work on /Users/pranavr/.pyenv/versions/3.11.6/lib/python3.11/site-packages/airflow/example_dags/example_trigger_target_dag.py
[2025-06-13T14:33:02.115-0400] {processor.py:914} INFO - Processing file /Users/pranavr/.pyenv/versions/3.11.6/lib/python3.11/site-packages/airflow/example_dags/example_trigger_target_dag.py for tasks to queue
[2025-06-13T14:33:02.116-0400] {logging_mixin.py:190} INFO - [2025-06-13T14:33:02.116-0400] {dagbag.py:588} INFO - Filling up the DagBag from /Users/pranavr/.pyenv/versions/3.11.6/lib/python3.11/site-packages/airflow/example_dags/example_trigger_target_dag.py
[2025-06-13T14:33:02.137-0400] {processor.py:925} INFO - DAG(s) 'example_trigger_target_dag' retrieved from /Users/pranavr/.pyenv/versions/3.11.6/lib/python3.11/site-packages/airflow/example_dags/example_trigger_target_dag.py
[2025-06-13T14:33:02.220-0400] {logging_mixin.py:190} INFO - [2025-06-13T14:33:02.220-0400] {dag.py:3239} INFO - Sync 1 DAGs
[2025-06-13T14:33:02.226-0400] {logging_mixin.py:190} INFO - [2025-06-13T14:33:02.226-0400] {dag.py:4180} INFO - Setting next_dagrun for example_trigger_target_dag to None, run_after=None
[2025-06-13T14:33:02.235-0400] {processor.py:208} INFO - Processing /Users/pranavr/.pyenv/versions/3.11.6/lib/python3.11/site-packages/airflow/example_dags/example_trigger_target_dag.py took 124.360 seconds
[2025-06-13T14:34:32.469-0400] {processor.py:186} INFO - Started process (PID=10033) to work on /Users/pranavr/.pyenv/versions/3.11.6/lib/python3.11/site-packages/airflow/example_dags/example_trigger_target_dag.py
[2025-06-13T14:34:32.471-0400] {processor.py:914} INFO - Processing file /Users/pranavr/.pyenv/versions/3.11.6/lib/python3.11/site-packages/airflow/example_dags/example_trigger_target_dag.py for tasks to queue
[2025-06-13T14:34:32.472-0400] {logging_mixin.py:190} INFO - [2025-06-13T14:34:32.472-0400] {dagbag.py:588} INFO - Filling up the DagBag from /Users/pranavr/.pyenv/versions/3.11.6/lib/python3.11/site-packages/airflow/example_dags/example_trigger_target_dag.py
[2025-06-13T14:34:32.492-0400] {processor.py:925} INFO - DAG(s) 'example_trigger_target_dag' retrieved from /Users/pranavr/.pyenv/versions/3.11.6/lib/python3.11/site-packages/airflow/example_dags/example_trigger_target_dag.py
[2025-06-13T14:34:32.574-0400] {logging_mixin.py:190} INFO - [2025-06-13T14:34:32.574-0400] {dag.py:3239} INFO - Sync 1 DAGs
[2025-06-13T14:34:32.582-0400] {logging_mixin.py:190} INFO - [2025-06-13T14:34:32.582-0400] {dag.py:4180} INFO - Setting next_dagrun for example_trigger_target_dag to None, run_after=None
[2025-06-13T14:34:32.592-0400] {processor.py:208} INFO - Processing /Users/pranavr/.pyenv/versions/3.11.6/lib/python3.11/site-packages/airflow/example_dags/example_trigger_target_dag.py took 123.934 seconds
[2025-06-13T14:36:04.033-0400] {processor.py:186} INFO - Started process (PID=10819) to work on /Users/pranavr/.pyenv/versions/3.11.6/lib/python3.11/site-packages/airflow/example_dags/example_trigger_target_dag.py
[2025-06-13T14:36:04.036-0400] {processor.py:914} INFO - Processing file /Users/pranavr/.pyenv/versions/3.11.6/lib/python3.11/site-packages/airflow/example_dags/example_trigger_target_dag.py for tasks to queue
[2025-06-13T14:36:04.037-0400] {logging_mixin.py:190} INFO - [2025-06-13T14:36:04.036-0400] {dagbag.py:588} INFO - Filling up the DagBag from /Users/pranavr/.pyenv/versions/3.11.6/lib/python3.11/site-packages/airflow/example_dags/example_trigger_target_dag.py
[2025-06-13T14:36:04.061-0400] {processor.py:925} INFO - DAG(s) 'example_trigger_target_dag' retrieved from /Users/pranavr/.pyenv/versions/3.11.6/lib/python3.11/site-packages/airflow/example_dags/example_trigger_target_dag.py
[2025-06-13T14:36:04.162-0400] {logging_mixin.py:190} INFO - [2025-06-13T14:36:04.161-0400] {dag.py:3239} INFO - Sync 1 DAGs
[2025-06-13T14:36:04.168-0400] {logging_mixin.py:190} INFO - [2025-06-13T14:36:04.168-0400] {dag.py:4180} INFO - Setting next_dagrun for example_trigger_target_dag to None, run_after=None
[2025-06-13T14:36:04.177-0400] {processor.py:208} INFO - Processing /Users/pranavr/.pyenv/versions/3.11.6/lib/python3.11/site-packages/airflow/example_dags/example_trigger_target_dag.py took 145.030 seconds
[2025-06-13T14:37:34.963-0400] {processor.py:186} INFO - Started process (PID=11100) to work on /Users/pranavr/.pyenv/versions/3.11.6/lib/python3.11/site-packages/airflow/example_dags/example_trigger_target_dag.py
[2025-06-13T14:37:34.966-0400] {processor.py:914} INFO - Processing file /Users/pranavr/.pyenv/versions/3.11.6/lib/python3.11/site-packages/airflow/example_dags/example_trigger_target_dag.py for tasks to queue
[2025-06-13T14:37:34.967-0400] {logging_mixin.py:190} INFO - [2025-06-13T14:37:34.967-0400] {dagbag.py:588} INFO - Filling up the DagBag from /Users/pranavr/.pyenv/versions/3.11.6/lib/python3.11/site-packages/airflow/example_dags/example_trigger_target_dag.py
[2025-06-13T14:37:34.990-0400] {processor.py:925} INFO - DAG(s) 'example_trigger_target_dag' retrieved from /Users/pranavr/.pyenv/versions/3.11.6/lib/python3.11/site-packages/airflow/example_dags/example_trigger_target_dag.py
[2025-06-13T14:37:35.079-0400] {logging_mixin.py:190} INFO - [2025-06-13T14:37:35.078-0400] {dag.py:3239} INFO - Sync 1 DAGs
[2025-06-13T14:37:35.084-0400] {logging_mixin.py:190} INFO - [2025-06-13T14:37:35.084-0400] {dag.py:4180} INFO - Setting next_dagrun for example_trigger_target_dag to None, run_after=None
[2025-06-13T14:37:35.094-0400] {processor.py:208} INFO - Processing /Users/pranavr/.pyenv/versions/3.11.6/lib/python3.11/site-packages/airflow/example_dags/example_trigger_target_dag.py took 133.198 seconds
[2025-06-13T14:39:03.176-0400] {processor.py:186} INFO - Started process (PID=11282) to work on /Users/pranavr/.pyenv/versions/3.11.6/lib/python3.11/site-packages/airflow/example_dags/example_trigger_target_dag.py
[2025-06-13T14:39:03.178-0400] {processor.py:914} INFO - Processing file /Users/pranavr/.pyenv/versions/3.11.6/lib/python3.11/site-packages/airflow/example_dags/example_trigger_target_dag.py for tasks to queue
[2025-06-13T14:39:03.179-0400] {logging_mixin.py:190} INFO - [2025-06-13T14:39:03.179-0400] {dagbag.py:588} INFO - Filling up the DagBag from /Users/pranavr/.pyenv/versions/3.11.6/lib/python3.11/site-packages/airflow/example_dags/example_trigger_target_dag.py
[2025-06-13T14:39:03.199-0400] {processor.py:925} INFO - DAG(s) 'example_trigger_target_dag' retrieved from /Users/pranavr/.pyenv/versions/3.11.6/lib/python3.11/site-packages/airflow/example_dags/example_trigger_target_dag.py
[2025-06-13T14:39:03.266-0400] {logging_mixin.py:190} INFO - [2025-06-13T14:39:03.266-0400] {dag.py:3239} INFO - Sync 1 DAGs
[2025-06-13T14:39:03.272-0400] {logging_mixin.py:190} INFO - [2025-06-13T14:39:03.272-0400] {dag.py:4180} INFO - Setting next_dagrun for example_trigger_target_dag to None, run_after=None
[2025-06-13T14:39:03.280-0400] {processor.py:208} INFO - Processing /Users/pranavr/.pyenv/versions/3.11.6/lib/python3.11/site-packages/airflow/example_dags/example_trigger_target_dag.py took 107.327 seconds
[2025-06-13T14:40:23.173-0400] {processor.py:186} INFO - Started process (PID=11571) to work on /Users/pranavr/.pyenv/versions/3.11.6/lib/python3.11/site-packages/airflow/example_dags/example_trigger_target_dag.py
[2025-06-13T14:40:23.175-0400] {processor.py:914} INFO - Processing file /Users/pranavr/.pyenv/versions/3.11.6/lib/python3.11/site-packages/airflow/example_dags/example_trigger_target_dag.py for tasks to queue
[2025-06-13T14:40:23.175-0400] {logging_mixin.py:190} INFO - [2025-06-13T14:40:23.175-0400] {dagbag.py:588} INFO - Filling up the DagBag from /Users/pranavr/.pyenv/versions/3.11.6/lib/python3.11/site-packages/airflow/example_dags/example_trigger_target_dag.py
[2025-06-13T14:40:23.190-0400] {processor.py:925} INFO - DAG(s) 'example_trigger_target_dag' retrieved from /Users/pranavr/.pyenv/versions/3.11.6/lib/python3.11/site-packages/airflow/example_dags/example_trigger_target_dag.py
[2025-06-13T14:40:23.257-0400] {logging_mixin.py:190} INFO - [2025-06-13T14:40:23.257-0400] {dag.py:3239} INFO - Sync 1 DAGs
[2025-06-13T14:40:23.262-0400] {logging_mixin.py:190} INFO - [2025-06-13T14:40:23.262-0400] {dag.py:4180} INFO - Setting next_dagrun for example_trigger_target_dag to None, run_after=None
[2025-06-13T14:40:23.270-0400] {processor.py:208} INFO - Processing /Users/pranavr/.pyenv/versions/3.11.6/lib/python3.11/site-packages/airflow/example_dags/example_trigger_target_dag.py took 98.710 seconds
[2025-06-13T14:41:40.670-0400] {processor.py:186} INFO - Started process (PID=11763) to work on /Users/pranavr/.pyenv/versions/3.11.6/lib/python3.11/site-packages/airflow/example_dags/example_trigger_target_dag.py
[2025-06-13T14:41:40.672-0400] {processor.py:914} INFO - Processing file /Users/pranavr/.pyenv/versions/3.11.6/lib/python3.11/site-packages/airflow/example_dags/example_trigger_target_dag.py for tasks to queue
[2025-06-13T14:41:40.672-0400] {logging_mixin.py:190} INFO - [2025-06-13T14:41:40.672-0400] {dagbag.py:588} INFO - Filling up the DagBag from /Users/pranavr/.pyenv/versions/3.11.6/lib/python3.11/site-packages/airflow/example_dags/example_trigger_target_dag.py
[2025-06-13T14:41:40.688-0400] {processor.py:925} INFO - DAG(s) 'example_trigger_target_dag' retrieved from /Users/pranavr/.pyenv/versions/3.11.6/lib/python3.11/site-packages/airflow/example_dags/example_trigger_target_dag.py
[2025-06-13T14:41:40.757-0400] {logging_mixin.py:190} INFO - [2025-06-13T14:41:40.756-0400] {dag.py:3239} INFO - Sync 1 DAGs
[2025-06-13T14:41:40.762-0400] {logging_mixin.py:190} INFO - [2025-06-13T14:41:40.762-0400] {dag.py:4180} INFO - Setting next_dagrun for example_trigger_target_dag to None, run_after=None
[2025-06-13T14:41:40.769-0400] {processor.py:208} INFO - Processing /Users/pranavr/.pyenv/versions/3.11.6/lib/python3.11/site-packages/airflow/example_dags/example_trigger_target_dag.py took 100.910 seconds
[2025-06-13T14:42:54.036-0400] {processor.py:186} INFO - Started process (PID=11898) to work on /Users/pranavr/.pyenv/versions/3.11.6/lib/python3.11/site-packages/airflow/example_dags/example_trigger_target_dag.py
[2025-06-13T14:42:54.037-0400] {processor.py:914} INFO - Processing file /Users/pranavr/.pyenv/versions/3.11.6/lib/python3.11/site-packages/airflow/example_dags/example_trigger_target_dag.py for tasks to queue
[2025-06-13T14:42:54.038-0400] {logging_mixin.py:190} INFO - [2025-06-13T14:42:54.038-0400] {dagbag.py:588} INFO - Filling up the DagBag from /Users/pranavr/.pyenv/versions/3.11.6/lib/python3.11/site-packages/airflow/example_dags/example_trigger_target_dag.py
[2025-06-13T14:42:54.052-0400] {processor.py:925} INFO - DAG(s) 'example_trigger_target_dag' retrieved from /Users/pranavr/.pyenv/versions/3.11.6/lib/python3.11/site-packages/airflow/example_dags/example_trigger_target_dag.py
[2025-06-13T14:42:54.115-0400] {logging_mixin.py:190} INFO - [2025-06-13T14:42:54.115-0400] {dag.py:3239} INFO - Sync 1 DAGs
[2025-06-13T14:42:54.120-0400] {logging_mixin.py:190} INFO - [2025-06-13T14:42:54.120-0400] {dag.py:4180} INFO - Setting next_dagrun for example_trigger_target_dag to None, run_after=None
[2025-06-13T14:42:54.127-0400] {processor.py:208} INFO - Processing /Users/pranavr/.pyenv/versions/3.11.6/lib/python3.11/site-packages/airflow/example_dags/example_trigger_target_dag.py took 93.189 seconds
[2025-06-13T14:44:05.534-0400] {processor.py:186} INFO - Started process (PID=12021) to work on /Users/pranavr/.pyenv/versions/3.11.6/lib/python3.11/site-packages/airflow/example_dags/example_trigger_target_dag.py
[2025-06-13T14:44:05.536-0400] {processor.py:914} INFO - Processing file /Users/pranavr/.pyenv/versions/3.11.6/lib/python3.11/site-packages/airflow/example_dags/example_trigger_target_dag.py for tasks to queue
[2025-06-13T14:44:05.536-0400] {logging_mixin.py:190} INFO - [2025-06-13T14:44:05.536-0400] {dagbag.py:588} INFO - Filling up the DagBag from /Users/pranavr/.pyenv/versions/3.11.6/lib/python3.11/site-packages/airflow/example_dags/example_trigger_target_dag.py
[2025-06-13T14:44:05.550-0400] {processor.py:925} INFO - DAG(s) 'example_trigger_target_dag' retrieved from /Users/pranavr/.pyenv/versions/3.11.6/lib/python3.11/site-packages/airflow/example_dags/example_trigger_target_dag.py
[2025-06-13T14:44:05.612-0400] {logging_mixin.py:190} INFO - [2025-06-13T14:44:05.612-0400] {dag.py:3239} INFO - Sync 1 DAGs
[2025-06-13T14:44:05.616-0400] {logging_mixin.py:190} INFO - [2025-06-13T14:44:05.616-0400] {dag.py:4180} INFO - Setting next_dagrun for example_trigger_target_dag to None, run_after=None
[2025-06-13T14:44:05.623-0400] {processor.py:208} INFO - Processing /Users/pranavr/.pyenv/versions/3.11.6/lib/python3.11/site-packages/airflow/example_dags/example_trigger_target_dag.py took 89.681 seconds
[2025-06-13T14:45:20.950-0400] {processor.py:186} INFO - Started process (PID=12180) to work on /Users/pranavr/.pyenv/versions/3.11.6/lib/python3.11/site-packages/airflow/example_dags/example_trigger_target_dag.py
[2025-06-13T14:45:20.951-0400] {processor.py:914} INFO - Processing file /Users/pranavr/.pyenv/versions/3.11.6/lib/python3.11/site-packages/airflow/example_dags/example_trigger_target_dag.py for tasks to queue
[2025-06-13T14:45:20.952-0400] {logging_mixin.py:190} INFO - [2025-06-13T14:45:20.952-0400] {dagbag.py:588} INFO - Filling up the DagBag from /Users/pranavr/.pyenv/versions/3.11.6/lib/python3.11/site-packages/airflow/example_dags/example_trigger_target_dag.py
[2025-06-13T14:45:20.967-0400] {processor.py:925} INFO - DAG(s) 'example_trigger_target_dag' retrieved from /Users/pranavr/.pyenv/versions/3.11.6/lib/python3.11/site-packages/airflow/example_dags/example_trigger_target_dag.py
[2025-06-13T14:45:21.032-0400] {logging_mixin.py:190} INFO - [2025-06-13T14:45:21.031-0400] {dag.py:3239} INFO - Sync 1 DAGs
[2025-06-13T14:45:21.036-0400] {logging_mixin.py:190} INFO - [2025-06-13T14:45:21.036-0400] {dag.py:4180} INFO - Setting next_dagrun for example_trigger_target_dag to None, run_after=None
[2025-06-13T14:45:21.043-0400] {processor.py:208} INFO - Processing /Users/pranavr/.pyenv/versions/3.11.6/lib/python3.11/site-packages/airflow/example_dags/example_trigger_target_dag.py took 94.932 seconds
[2025-06-13T14:46:33.044-0400] {processor.py:186} INFO - Started process (PID=12335) to work on /Users/pranavr/.pyenv/versions/3.11.6/lib/python3.11/site-packages/airflow/example_dags/example_trigger_target_dag.py
[2025-06-13T14:46:33.046-0400] {processor.py:914} INFO - Processing file /Users/pranavr/.pyenv/versions/3.11.6/lib/python3.11/site-packages/airflow/example_dags/example_trigger_target_dag.py for tasks to queue
[2025-06-13T14:46:33.046-0400] {logging_mixin.py:190} INFO - [2025-06-13T14:46:33.046-0400] {dagbag.py:588} INFO - Filling up the DagBag from /Users/pranavr/.pyenv/versions/3.11.6/lib/python3.11/site-packages/airflow/example_dags/example_trigger_target_dag.py
[2025-06-13T14:46:33.060-0400] {processor.py:925} INFO - DAG(s) 'example_trigger_target_dag' retrieved from /Users/pranavr/.pyenv/versions/3.11.6/lib/python3.11/site-packages/airflow/example_dags/example_trigger_target_dag.py
[2025-06-13T14:46:33.122-0400] {logging_mixin.py:190} INFO - [2025-06-13T14:46:33.122-0400] {dag.py:3239} INFO - Sync 1 DAGs
[2025-06-13T14:46:33.126-0400] {logging_mixin.py:190} INFO - [2025-06-13T14:46:33.126-0400] {dag.py:4180} INFO - Setting next_dagrun for example_trigger_target_dag to None, run_after=None
[2025-06-13T14:46:33.133-0400] {processor.py:208} INFO - Processing /Users/pranavr/.pyenv/versions/3.11.6/lib/python3.11/site-packages/airflow/example_dags/example_trigger_target_dag.py took 90.283 seconds
[2025-06-13T14:47:43.419-0400] {processor.py:186} INFO - Started process (PID=12423) to work on /Users/pranavr/.pyenv/versions/3.11.6/lib/python3.11/site-packages/airflow/example_dags/example_trigger_target_dag.py
[2025-06-13T14:47:43.420-0400] {processor.py:914} INFO - Processing file /Users/pranavr/.pyenv/versions/3.11.6/lib/python3.11/site-packages/airflow/example_dags/example_trigger_target_dag.py for tasks to queue
[2025-06-13T14:47:43.421-0400] {logging_mixin.py:190} INFO - [2025-06-13T14:47:43.421-0400] {dagbag.py:588} INFO - Filling up the DagBag from /Users/pranavr/.pyenv/versions/3.11.6/lib/python3.11/site-packages/airflow/example_dags/example_trigger_target_dag.py
[2025-06-13T14:47:43.435-0400] {processor.py:925} INFO - DAG(s) 'example_trigger_target_dag' retrieved from /Users/pranavr/.pyenv/versions/3.11.6/lib/python3.11/site-packages/airflow/example_dags/example_trigger_target_dag.py
[2025-06-13T14:47:43.502-0400] {logging_mixin.py:190} INFO - [2025-06-13T14:47:43.502-0400] {dag.py:3239} INFO - Sync 1 DAGs
[2025-06-13T14:47:43.506-0400] {logging_mixin.py:190} INFO - [2025-06-13T14:47:43.506-0400] {dag.py:4180} INFO - Setting next_dagrun for example_trigger_target_dag to None, run_after=None
[2025-06-13T14:47:43.514-0400] {processor.py:208} INFO - Processing /Users/pranavr/.pyenv/versions/3.11.6/lib/python3.11/site-packages/airflow/example_dags/example_trigger_target_dag.py took 97.050 seconds
[2025-06-13T14:49:01.575-0400] {processor.py:186} INFO - Started process (PID=12537) to work on /Users/pranavr/.pyenv/versions/3.11.6/lib/python3.11/site-packages/airflow/example_dags/example_trigger_target_dag.py
[2025-06-13T14:49:01.576-0400] {processor.py:914} INFO - Processing file /Users/pranavr/.pyenv/versions/3.11.6/lib/python3.11/site-packages/airflow/example_dags/example_trigger_target_dag.py for tasks to queue
[2025-06-13T14:49:01.577-0400] {logging_mixin.py:190} INFO - [2025-06-13T14:49:01.577-0400] {dagbag.py:588} INFO - Filling up the DagBag from /Users/pranavr/.pyenv/versions/3.11.6/lib/python3.11/site-packages/airflow/example_dags/example_trigger_target_dag.py
[2025-06-13T14:49:01.591-0400] {processor.py:925} INFO - DAG(s) 'example_trigger_target_dag' retrieved from /Users/pranavr/.pyenv/versions/3.11.6/lib/python3.11/site-packages/airflow/example_dags/example_trigger_target_dag.py
[2025-06-13T14:49:01.653-0400] {logging_mixin.py:190} INFO - [2025-06-13T14:49:01.653-0400] {dag.py:3239} INFO - Sync 1 DAGs
[2025-06-13T14:49:01.657-0400] {logging_mixin.py:190} INFO - [2025-06-13T14:49:01.657-0400] {dag.py:4180} INFO - Setting next_dagrun for example_trigger_target_dag to None, run_after=None
[2025-06-13T14:49:01.664-0400] {processor.py:208} INFO - Processing /Users/pranavr/.pyenv/versions/3.11.6/lib/python3.11/site-packages/airflow/example_dags/example_trigger_target_dag.py took 90.913 seconds
[2025-06-13T14:50:14.694-0400] {processor.py:186} INFO - Started process (PID=12688) to work on /Users/pranavr/.pyenv/versions/3.11.6/lib/python3.11/site-packages/airflow/example_dags/example_trigger_target_dag.py
[2025-06-13T14:50:14.696-0400] {processor.py:914} INFO - Processing file /Users/pranavr/.pyenv/versions/3.11.6/lib/python3.11/site-packages/airflow/example_dags/example_trigger_target_dag.py for tasks to queue
[2025-06-13T14:50:14.697-0400] {logging_mixin.py:190} INFO - [2025-06-13T14:50:14.697-0400] {dagbag.py:588} INFO - Filling up the DagBag from /Users/pranavr/.pyenv/versions/3.11.6/lib/python3.11/site-packages/airflow/example_dags/example_trigger_target_dag.py
[2025-06-13T14:50:14.710-0400] {processor.py:925} INFO - DAG(s) 'example_trigger_target_dag' retrieved from /Users/pranavr/.pyenv/versions/3.11.6/lib/python3.11/site-packages/airflow/example_dags/example_trigger_target_dag.py
[2025-06-13T14:50:14.771-0400] {logging_mixin.py:190} INFO - [2025-06-13T14:50:14.771-0400] {dag.py:3239} INFO - Sync 1 DAGs
[2025-06-13T14:50:14.775-0400] {logging_mixin.py:190} INFO - [2025-06-13T14:50:14.775-0400] {dag.py:4180} INFO - Setting next_dagrun for example_trigger_target_dag to None, run_after=None
[2025-06-13T14:50:14.782-0400] {processor.py:208} INFO - Processing /Users/pranavr/.pyenv/versions/3.11.6/lib/python3.11/site-packages/airflow/example_dags/example_trigger_target_dag.py took 89.518 seconds
[2025-06-13T14:51:27.812-0400] {processor.py:186} INFO - Started process (PID=12803) to work on /Users/pranavr/.pyenv/versions/3.11.6/lib/python3.11/site-packages/airflow/example_dags/example_trigger_target_dag.py
[2025-06-13T14:51:27.815-0400] {processor.py:914} INFO - Processing file /Users/pranavr/.pyenv/versions/3.11.6/lib/python3.11/site-packages/airflow/example_dags/example_trigger_target_dag.py for tasks to queue
[2025-06-13T14:51:27.816-0400] {logging_mixin.py:190} INFO - [2025-06-13T14:51:27.815-0400] {dagbag.py:588} INFO - Filling up the DagBag from /Users/pranavr/.pyenv/versions/3.11.6/lib/python3.11/site-packages/airflow/example_dags/example_trigger_target_dag.py
[2025-06-13T14:51:27.829-0400] {processor.py:925} INFO - DAG(s) 'example_trigger_target_dag' retrieved from /Users/pranavr/.pyenv/versions/3.11.6/lib/python3.11/site-packages/airflow/example_dags/example_trigger_target_dag.py
[2025-06-13T14:51:27.894-0400] {logging_mixin.py:190} INFO - [2025-06-13T14:51:27.894-0400] {dag.py:3239} INFO - Sync 1 DAGs
[2025-06-13T14:51:27.899-0400] {logging_mixin.py:190} INFO - [2025-06-13T14:51:27.899-0400] {dag.py:4180} INFO - Setting next_dagrun for example_trigger_target_dag to None, run_after=None
[2025-06-13T14:51:27.907-0400] {processor.py:208} INFO - Processing /Users/pranavr/.pyenv/versions/3.11.6/lib/python3.11/site-packages/airflow/example_dags/example_trigger_target_dag.py took 95.386 seconds
[2025-06-13T14:52:42.759-0400] {processor.py:186} INFO - Started process (PID=14033) to work on /Users/pranavr/.pyenv/versions/3.11.6/lib/python3.11/site-packages/airflow/example_dags/example_trigger_target_dag.py
[2025-06-13T14:52:42.762-0400] {processor.py:914} INFO - Processing file /Users/pranavr/.pyenv/versions/3.11.6/lib/python3.11/site-packages/airflow/example_dags/example_trigger_target_dag.py for tasks to queue
[2025-06-13T14:52:42.763-0400] {logging_mixin.py:190} INFO - [2025-06-13T14:52:42.763-0400] {dagbag.py:588} INFO - Filling up the DagBag from /Users/pranavr/.pyenv/versions/3.11.6/lib/python3.11/site-packages/airflow/example_dags/example_trigger_target_dag.py
[2025-06-13T14:52:42.777-0400] {processor.py:925} INFO - DAG(s) 'example_trigger_target_dag' retrieved from /Users/pranavr/.pyenv/versions/3.11.6/lib/python3.11/site-packages/airflow/example_dags/example_trigger_target_dag.py
[2025-06-13T14:52:42.839-0400] {logging_mixin.py:190} INFO - [2025-06-13T14:52:42.839-0400] {dag.py:3239} INFO - Sync 1 DAGs
[2025-06-13T14:52:42.843-0400] {logging_mixin.py:190} INFO - [2025-06-13T14:52:42.843-0400] {dag.py:4180} INFO - Setting next_dagrun for example_trigger_target_dag to None, run_after=None
[2025-06-13T14:52:42.850-0400] {processor.py:208} INFO - Processing /Users/pranavr/.pyenv/versions/3.11.6/lib/python3.11/site-packages/airflow/example_dags/example_trigger_target_dag.py took 91.859 seconds
[2025-06-13T14:53:56.583-0400] {processor.py:186} INFO - Started process (PID=14124) to work on /Users/pranavr/.pyenv/versions/3.11.6/lib/python3.11/site-packages/airflow/example_dags/example_trigger_target_dag.py
[2025-06-13T14:53:56.585-0400] {processor.py:914} INFO - Processing file /Users/pranavr/.pyenv/versions/3.11.6/lib/python3.11/site-packages/airflow/example_dags/example_trigger_target_dag.py for tasks to queue
[2025-06-13T14:53:56.585-0400] {logging_mixin.py:190} INFO - [2025-06-13T14:53:56.585-0400] {dagbag.py:588} INFO - Filling up the DagBag from /Users/pranavr/.pyenv/versions/3.11.6/lib/python3.11/site-packages/airflow/example_dags/example_trigger_target_dag.py
[2025-06-13T14:53:56.600-0400] {processor.py:925} INFO - DAG(s) 'example_trigger_target_dag' retrieved from /Users/pranavr/.pyenv/versions/3.11.6/lib/python3.11/site-packages/airflow/example_dags/example_trigger_target_dag.py
[2025-06-13T14:53:56.660-0400] {logging_mixin.py:190} INFO - [2025-06-13T14:53:56.660-0400] {dag.py:3239} INFO - Sync 1 DAGs
[2025-06-13T14:53:56.665-0400] {logging_mixin.py:190} INFO - [2025-06-13T14:53:56.665-0400] {dag.py:4180} INFO - Setting next_dagrun for example_trigger_target_dag to None, run_after=None
[2025-06-13T14:53:56.672-0400] {processor.py:208} INFO - Processing /Users/pranavr/.pyenv/versions/3.11.6/lib/python3.11/site-packages/airflow/example_dags/example_trigger_target_dag.py took 89.661 seconds
[2025-06-13T14:55:15.215-0400] {processor.py:186} INFO - Started process (PID=14240) to work on /Users/pranavr/.pyenv/versions/3.11.6/lib/python3.11/site-packages/airflow/example_dags/example_trigger_target_dag.py
[2025-06-13T14:55:15.218-0400] {processor.py:914} INFO - Processing file /Users/pranavr/.pyenv/versions/3.11.6/lib/python3.11/site-packages/airflow/example_dags/example_trigger_target_dag.py for tasks to queue
[2025-06-13T14:55:15.218-0400] {logging_mixin.py:190} INFO - [2025-06-13T14:55:15.218-0400] {dagbag.py:588} INFO - Filling up the DagBag from /Users/pranavr/.pyenv/versions/3.11.6/lib/python3.11/site-packages/airflow/example_dags/example_trigger_target_dag.py
[2025-06-13T14:55:15.232-0400] {processor.py:925} INFO - DAG(s) 'example_trigger_target_dag' retrieved from /Users/pranavr/.pyenv/versions/3.11.6/lib/python3.11/site-packages/airflow/example_dags/example_trigger_target_dag.py
[2025-06-13T14:55:15.293-0400] {logging_mixin.py:190} INFO - [2025-06-13T14:55:15.293-0400] {dag.py:3239} INFO - Sync 1 DAGs
[2025-06-13T14:55:15.297-0400] {logging_mixin.py:190} INFO - [2025-06-13T14:55:15.297-0400] {dag.py:4180} INFO - Setting next_dagrun for example_trigger_target_dag to None, run_after=None
[2025-06-13T14:55:15.304-0400] {processor.py:208} INFO - Processing /Users/pranavr/.pyenv/versions/3.11.6/lib/python3.11/site-packages/airflow/example_dags/example_trigger_target_dag.py took 90.297 seconds
[2025-06-13T14:56:32.113-0400] {processor.py:186} INFO - Started process (PID=14390) to work on /Users/pranavr/.pyenv/versions/3.11.6/lib/python3.11/site-packages/airflow/example_dags/example_trigger_target_dag.py
[2025-06-13T14:56:32.115-0400] {processor.py:914} INFO - Processing file /Users/pranavr/.pyenv/versions/3.11.6/lib/python3.11/site-packages/airflow/example_dags/example_trigger_target_dag.py for tasks to queue
[2025-06-13T14:56:32.116-0400] {logging_mixin.py:190} INFO - [2025-06-13T14:56:32.116-0400] {dagbag.py:588} INFO - Filling up the DagBag from /Users/pranavr/.pyenv/versions/3.11.6/lib/python3.11/site-packages/airflow/example_dags/example_trigger_target_dag.py
[2025-06-13T14:56:32.129-0400] {processor.py:925} INFO - DAG(s) 'example_trigger_target_dag' retrieved from /Users/pranavr/.pyenv/versions/3.11.6/lib/python3.11/site-packages/airflow/example_dags/example_trigger_target_dag.py
[2025-06-13T14:56:32.189-0400] {logging_mixin.py:190} INFO - [2025-06-13T14:56:32.189-0400] {dag.py:3239} INFO - Sync 1 DAGs
[2025-06-13T14:56:32.193-0400] {logging_mixin.py:190} INFO - [2025-06-13T14:56:32.193-0400] {dag.py:4180} INFO - Setting next_dagrun for example_trigger_target_dag to None, run_after=None
[2025-06-13T14:56:32.200-0400] {processor.py:208} INFO - Processing /Users/pranavr/.pyenv/versions/3.11.6/lib/python3.11/site-packages/airflow/example_dags/example_trigger_target_dag.py took 88.428 seconds
[2025-06-13T14:57:48.114-0400] {processor.py:186} INFO - Started process (PID=14579) to work on /Users/pranavr/.pyenv/versions/3.11.6/lib/python3.11/site-packages/airflow/example_dags/example_trigger_target_dag.py
[2025-06-13T14:57:48.117-0400] {processor.py:914} INFO - Processing file /Users/pranavr/.pyenv/versions/3.11.6/lib/python3.11/site-packages/airflow/example_dags/example_trigger_target_dag.py for tasks to queue
[2025-06-13T14:57:48.117-0400] {logging_mixin.py:190} INFO - [2025-06-13T14:57:48.117-0400] {dagbag.py:588} INFO - Filling up the DagBag from /Users/pranavr/.pyenv/versions/3.11.6/lib/python3.11/site-packages/airflow/example_dags/example_trigger_target_dag.py
[2025-06-13T14:57:48.147-0400] {processor.py:925} INFO - DAG(s) 'example_trigger_target_dag' retrieved from /Users/pranavr/.pyenv/versions/3.11.6/lib/python3.11/site-packages/airflow/example_dags/example_trigger_target_dag.py
[2025-06-13T14:57:48.227-0400] {logging_mixin.py:190} INFO - [2025-06-13T14:57:48.227-0400] {dag.py:3239} INFO - Sync 1 DAGs
[2025-06-13T14:57:48.233-0400] {logging_mixin.py:190} INFO - [2025-06-13T14:57:48.233-0400] {dag.py:4180} INFO - Setting next_dagrun for example_trigger_target_dag to None, run_after=None
[2025-06-13T14:57:48.242-0400] {processor.py:208} INFO - Processing /Users/pranavr/.pyenv/versions/3.11.6/lib/python3.11/site-packages/airflow/example_dags/example_trigger_target_dag.py took 128.883 seconds
[2025-06-13T14:59:12.664-0400] {processor.py:186} INFO - Started process (PID=14743) to work on /Users/pranavr/.pyenv/versions/3.11.6/lib/python3.11/site-packages/airflow/example_dags/example_trigger_target_dag.py
[2025-06-13T14:59:12.666-0400] {processor.py:914} INFO - Processing file /Users/pranavr/.pyenv/versions/3.11.6/lib/python3.11/site-packages/airflow/example_dags/example_trigger_target_dag.py for tasks to queue
[2025-06-13T14:59:12.666-0400] {logging_mixin.py:190} INFO - [2025-06-13T14:59:12.666-0400] {dagbag.py:588} INFO - Filling up the DagBag from /Users/pranavr/.pyenv/versions/3.11.6/lib/python3.11/site-packages/airflow/example_dags/example_trigger_target_dag.py
[2025-06-13T14:59:12.681-0400] {processor.py:925} INFO - DAG(s) 'example_trigger_target_dag' retrieved from /Users/pranavr/.pyenv/versions/3.11.6/lib/python3.11/site-packages/airflow/example_dags/example_trigger_target_dag.py
[2025-06-13T14:59:12.748-0400] {logging_mixin.py:190} INFO - [2025-06-13T14:59:12.748-0400] {dag.py:3239} INFO - Sync 1 DAGs
[2025-06-13T14:59:12.753-0400] {logging_mixin.py:190} INFO - [2025-06-13T14:59:12.753-0400] {dag.py:4180} INFO - Setting next_dagrun for example_trigger_target_dag to None, run_after=None
[2025-06-13T14:59:12.760-0400] {processor.py:208} INFO - Processing /Users/pranavr/.pyenv/versions/3.11.6/lib/python3.11/site-packages/airflow/example_dags/example_trigger_target_dag.py took 98.047 seconds
[2025-06-13T15:00:43.019-0400] {processor.py:186} INFO - Started process (PID=15072) to work on /Users/pranavr/.pyenv/versions/3.11.6/lib/python3.11/site-packages/airflow/example_dags/example_trigger_target_dag.py
[2025-06-13T15:00:43.021-0400] {processor.py:914} INFO - Processing file /Users/pranavr/.pyenv/versions/3.11.6/lib/python3.11/site-packages/airflow/example_dags/example_trigger_target_dag.py for tasks to queue
[2025-06-13T15:00:43.021-0400] {logging_mixin.py:190} INFO - [2025-06-13T15:00:43.021-0400] {dagbag.py:588} INFO - Filling up the DagBag from /Users/pranavr/.pyenv/versions/3.11.6/lib/python3.11/site-packages/airflow/example_dags/example_trigger_target_dag.py
[2025-06-13T15:00:43.041-0400] {processor.py:925} INFO - DAG(s) 'example_trigger_target_dag' retrieved from /Users/pranavr/.pyenv/versions/3.11.6/lib/python3.11/site-packages/airflow/example_dags/example_trigger_target_dag.py
[2025-06-13T15:00:43.115-0400] {logging_mixin.py:190} INFO - [2025-06-13T15:00:43.115-0400] {dag.py:3239} INFO - Sync 1 DAGs
[2025-06-13T15:00:43.121-0400] {logging_mixin.py:190} INFO - [2025-06-13T15:00:43.121-0400] {dag.py:4180} INFO - Setting next_dagrun for example_trigger_target_dag to None, run_after=None
[2025-06-13T15:00:43.128-0400] {processor.py:208} INFO - Processing /Users/pranavr/.pyenv/versions/3.11.6/lib/python3.11/site-packages/airflow/example_dags/example_trigger_target_dag.py took 111.421 seconds
