[2025-06-13T14:10:06.840-0400] {processor.py:153} INFO - Started process (PID=96570) to work on /Users/pranavr/drift-retrainer/venv311/lib/python3.11/site-packages/airflow/example_dags/example_sensors.py
[2025-06-13T14:10:06.842-0400] {processor.py:743} INFO - Processing file /Users/pranavr/drift-retrainer/venv311/lib/python3.11/site-packages/airflow/example_dags/example_sensors.py for tasks to queue
[2025-06-13T14:10:06.842-0400] {logging_mixin.py:137} INFO - [2025-06-13T14:10:06.842-0400] {dagbag.py:538} INFO - Filling up the DagBag from /Users/pranavr/drift-retrainer/venv311/lib/python3.11/site-packages/airflow/example_dags/example_sensors.py
[2025-06-13T14:10:06.877-0400] {processor.py:753} INFO - DAG(s) dict_keys(['example_sensors']) retrieved from /Users/pranavr/drift-retrainer/venv311/lib/python3.11/site-packages/airflow/example_dags/example_sensors.py
[2025-06-13T14:10:07.470-0400] {logging_mixin.py:137} INFO - [2025-06-13T14:10:07.470-0400] {manager.py:504} INFO - Created Permission View: can read on DAG:example_sensors
[2025-06-13T14:10:07.474-0400] {logging_mixin.py:137} INFO - [2025-06-13T14:10:07.474-0400] {manager.py:504} INFO - Created Permission View: can edit on DAG:example_sensors
[2025-06-13T14:10:07.478-0400] {logging_mixin.py:137} INFO - [2025-06-13T14:10:07.478-0400] {manager.py:504} INFO - Created Permission View: can delete on DAG:example_sensors
[2025-06-13T14:10:07.478-0400] {logging_mixin.py:137} INFO - [2025-06-13T14:10:07.478-0400] {dag.py:2690} INFO - Sync 1 DAGs
[2025-06-13T14:10:07.486-0400] {logging_mixin.py:137} INFO - [2025-06-13T14:10:07.486-0400] {dag.py:2711} INFO - Creating ORM DAG for example_sensors
[2025-06-13T14:10:07.490-0400] {logging_mixin.py:137} INFO - [2025-06-13T14:10:07.490-0400] {dag.py:3437} INFO - Setting next_dagrun for example_sensors to None, run_after=None
[2025-06-13T14:10:07.497-0400] {processor.py:175} INFO - Processing /Users/pranavr/drift-retrainer/venv311/lib/python3.11/site-packages/airflow/example_dags/example_sensors.py took 0.658 seconds
[2025-06-13T14:11:35.099-0400] {processor.py:153} INFO - Started process (PID=97471) to work on /Users/pranavr/drift-retrainer/venv311/lib/python3.11/site-packages/airflow/example_dags/example_sensors.py
[2025-06-13T14:11:35.101-0400] {processor.py:743} INFO - Processing file /Users/pranavr/drift-retrainer/venv311/lib/python3.11/site-packages/airflow/example_dags/example_sensors.py for tasks to queue
[2025-06-13T14:11:35.102-0400] {logging_mixin.py:137} INFO - [2025-06-13T14:11:35.101-0400] {dagbag.py:538} INFO - Filling up the DagBag from /Users/pranavr/drift-retrainer/venv311/lib/python3.11/site-packages/airflow/example_dags/example_sensors.py
[2025-06-13T14:11:35.144-0400] {processor.py:753} INFO - DAG(s) dict_keys(['example_sensors']) retrieved from /Users/pranavr/drift-retrainer/venv311/lib/python3.11/site-packages/airflow/example_dags/example_sensors.py
[2025-06-13T14:11:35.685-0400] {logging_mixin.py:137} INFO - [2025-06-13T14:11:35.685-0400] {dag.py:2690} INFO - Sync 1 DAGs
[2025-06-13T14:11:35.692-0400] {logging_mixin.py:137} INFO - [2025-06-13T14:11:35.692-0400] {dag.py:3437} INFO - Setting next_dagrun for example_sensors to None, run_after=None
[2025-06-13T14:11:35.699-0400] {processor.py:175} INFO - Processing /Users/pranavr/drift-retrainer/venv311/lib/python3.11/site-packages/airflow/example_dags/example_sensors.py took 0.601 seconds
[2025-06-13T14:13:29.894-0400] {processor.py:153} INFO - Started process (PID=97920) to work on /Users/pranavr/drift-retrainer/venv311/lib/python3.11/site-packages/airflow/example_dags/example_sensors.py
[2025-06-13T14:13:29.897-0400] {processor.py:743} INFO - Processing file /Users/pranavr/drift-retrainer/venv311/lib/python3.11/site-packages/airflow/example_dags/example_sensors.py for tasks to queue
[2025-06-13T14:13:29.898-0400] {logging_mixin.py:137} INFO - [2025-06-13T14:13:29.897-0400] {dagbag.py:538} INFO - Filling up the DagBag from /Users/pranavr/drift-retrainer/venv311/lib/python3.11/site-packages/airflow/example_dags/example_sensors.py
[2025-06-13T14:13:29.936-0400] {processor.py:753} INFO - DAG(s) dict_keys(['example_sensors']) retrieved from /Users/pranavr/drift-retrainer/venv311/lib/python3.11/site-packages/airflow/example_dags/example_sensors.py
[2025-06-13T14:13:30.455-0400] {logging_mixin.py:137} INFO - [2025-06-13T14:13:30.455-0400] {dag.py:2690} INFO - Sync 1 DAGs
[2025-06-13T14:13:30.462-0400] {logging_mixin.py:137} INFO - [2025-06-13T14:13:30.461-0400] {dag.py:3437} INFO - Setting next_dagrun for example_sensors to None, run_after=None
[2025-06-13T14:13:30.470-0400] {processor.py:175} INFO - Processing /Users/pranavr/drift-retrainer/venv311/lib/python3.11/site-packages/airflow/example_dags/example_sensors.py took 0.576 seconds
[2025-06-13T14:15:19.874-0400] {processor.py:153} INFO - Started process (PID=2762) to work on /Users/pranavr/drift-retrainer/venv311/lib/python3.11/site-packages/airflow/example_dags/example_sensors.py
[2025-06-13T14:15:19.876-0400] {processor.py:743} INFO - Processing file /Users/pranavr/drift-retrainer/venv311/lib/python3.11/site-packages/airflow/example_dags/example_sensors.py for tasks to queue
[2025-06-13T14:15:19.876-0400] {logging_mixin.py:137} INFO - [2025-06-13T14:15:19.876-0400] {dagbag.py:538} INFO - Filling up the DagBag from /Users/pranavr/drift-retrainer/venv311/lib/python3.11/site-packages/airflow/example_dags/example_sensors.py
[2025-06-13T14:15:19.937-0400] {processor.py:753} INFO - DAG(s) dict_keys(['example_sensors']) retrieved from /Users/pranavr/drift-retrainer/venv311/lib/python3.11/site-packages/airflow/example_dags/example_sensors.py
[2025-06-13T14:15:20.744-0400] {logging_mixin.py:137} INFO - [2025-06-13T14:15:20.744-0400] {dag.py:2690} INFO - Sync 1 DAGs
[2025-06-13T14:15:20.754-0400] {logging_mixin.py:137} INFO - [2025-06-13T14:15:20.754-0400] {dag.py:3437} INFO - Setting next_dagrun for example_sensors to None, run_after=None
[2025-06-13T14:15:20.767-0400] {processor.py:175} INFO - Processing /Users/pranavr/drift-retrainer/venv311/lib/python3.11/site-packages/airflow/example_dags/example_sensors.py took 0.894 seconds
[2025-06-13T14:17:15.025-0400] {processor.py:153} INFO - Started process (PID=3988) to work on /Users/pranavr/drift-retrainer/venv311/lib/python3.11/site-packages/airflow/example_dags/example_sensors.py
[2025-06-13T14:17:15.027-0400] {processor.py:743} INFO - Processing file /Users/pranavr/drift-retrainer/venv311/lib/python3.11/site-packages/airflow/example_dags/example_sensors.py for tasks to queue
[2025-06-13T14:17:15.029-0400] {logging_mixin.py:137} INFO - [2025-06-13T14:17:15.028-0400] {dagbag.py:538} INFO - Filling up the DagBag from /Users/pranavr/drift-retrainer/venv311/lib/python3.11/site-packages/airflow/example_dags/example_sensors.py
[2025-06-13T14:17:15.060-0400] {processor.py:753} INFO - DAG(s) dict_keys(['example_sensors']) retrieved from /Users/pranavr/drift-retrainer/venv311/lib/python3.11/site-packages/airflow/example_dags/example_sensors.py
[2025-06-13T14:17:15.585-0400] {logging_mixin.py:137} INFO - [2025-06-13T14:17:15.584-0400] {dag.py:2690} INFO - Sync 1 DAGs
[2025-06-13T14:17:15.592-0400] {logging_mixin.py:137} INFO - [2025-06-13T14:17:15.592-0400] {dag.py:3437} INFO - Setting next_dagrun for example_sensors to None, run_after=None
[2025-06-13T14:17:15.600-0400] {processor.py:175} INFO - Processing /Users/pranavr/drift-retrainer/venv311/lib/python3.11/site-packages/airflow/example_dags/example_sensors.py took 0.575 seconds
[2025-06-13T14:19:15.609-0400] {processor.py:153} INFO - Started process (PID=6496) to work on /Users/pranavr/drift-retrainer/venv311/lib/python3.11/site-packages/airflow/example_dags/example_sensors.py
[2025-06-13T14:19:15.624-0400] {processor.py:743} INFO - Processing file /Users/pranavr/drift-retrainer/venv311/lib/python3.11/site-packages/airflow/example_dags/example_sensors.py for tasks to queue
[2025-06-13T14:19:15.624-0400] {logging_mixin.py:137} INFO - [2025-06-13T14:19:15.624-0400] {dagbag.py:538} INFO - Filling up the DagBag from /Users/pranavr/drift-retrainer/venv311/lib/python3.11/site-packages/airflow/example_dags/example_sensors.py
[2025-06-13T14:19:15.678-0400] {processor.py:753} INFO - DAG(s) dict_keys(['example_sensors']) retrieved from /Users/pranavr/drift-retrainer/venv311/lib/python3.11/site-packages/airflow/example_dags/example_sensors.py
[2025-06-13T14:19:16.457-0400] {logging_mixin.py:137} INFO - [2025-06-13T14:19:16.457-0400] {dag.py:2690} INFO - Sync 1 DAGs
[2025-06-13T14:19:16.465-0400] {logging_mixin.py:137} INFO - [2025-06-13T14:19:16.465-0400] {dag.py:3437} INFO - Setting next_dagrun for example_sensors to None, run_after=None
[2025-06-13T14:19:16.474-0400] {processor.py:175} INFO - Processing /Users/pranavr/drift-retrainer/venv311/lib/python3.11/site-packages/airflow/example_dags/example_sensors.py took 0.865 seconds
[2025-06-13T14:22:13.042-0400] {processor.py:186} INFO - Started process (PID=7555) to work on /Users/pranavr/.pyenv/versions/3.11.6/lib/python3.11/site-packages/airflow/example_dags/example_sensors.py
[2025-06-13T14:22:13.044-0400] {processor.py:914} INFO - Processing file /Users/pranavr/.pyenv/versions/3.11.6/lib/python3.11/site-packages/airflow/example_dags/example_sensors.py for tasks to queue
[2025-06-13T14:22:13.045-0400] {logging_mixin.py:190} INFO - [2025-06-13T14:22:13.045-0400] {dagbag.py:588} INFO - Filling up the DagBag from /Users/pranavr/.pyenv/versions/3.11.6/lib/python3.11/site-packages/airflow/example_dags/example_sensors.py
[2025-06-13T14:22:13.054-0400] {processor.py:925} INFO - DAG(s) 'example_sensors' retrieved from /Users/pranavr/.pyenv/versions/3.11.6/lib/python3.11/site-packages/airflow/example_dags/example_sensors.py
[2025-06-13T14:22:13.586-0400] {logging_mixin.py:190} INFO - [2025-06-13T14:22:13.586-0400] {dag.py:3239} INFO - Sync 1 DAGs
[2025-06-13T14:22:13.593-0400] {logging_mixin.py:190} INFO - [2025-06-13T14:22:13.592-0400] {dag.py:4180} INFO - Setting next_dagrun for example_sensors to None, run_after=None
[2025-06-13T14:22:13.607-0400] {processor.py:208} INFO - Processing /Users/pranavr/.pyenv/versions/3.11.6/lib/python3.11/site-packages/airflow/example_dags/example_sensors.py took 567.424 seconds
[2025-06-13T14:24:20.276-0400] {processor.py:186} INFO - Started process (PID=7905) to work on /Users/pranavr/.pyenv/versions/3.11.6/lib/python3.11/site-packages/airflow/example_dags/example_sensors.py
[2025-06-13T14:24:20.278-0400] {processor.py:914} INFO - Processing file /Users/pranavr/.pyenv/versions/3.11.6/lib/python3.11/site-packages/airflow/example_dags/example_sensors.py for tasks to queue
[2025-06-13T14:24:20.278-0400] {logging_mixin.py:190} INFO - [2025-06-13T14:24:20.278-0400] {dagbag.py:588} INFO - Filling up the DagBag from /Users/pranavr/.pyenv/versions/3.11.6/lib/python3.11/site-packages/airflow/example_dags/example_sensors.py
[2025-06-13T14:24:20.288-0400] {processor.py:925} INFO - DAG(s) 'example_sensors' retrieved from /Users/pranavr/.pyenv/versions/3.11.6/lib/python3.11/site-packages/airflow/example_dags/example_sensors.py
[2025-06-13T14:24:20.713-0400] {logging_mixin.py:190} INFO - [2025-06-13T14:24:20.713-0400] {dag.py:3239} INFO - Sync 1 DAGs
[2025-06-13T14:24:20.719-0400] {logging_mixin.py:190} INFO - [2025-06-13T14:24:20.719-0400] {dag.py:4180} INFO - Setting next_dagrun for example_sensors to None, run_after=None
[2025-06-13T14:24:20.779-0400] {processor.py:208} INFO - Processing /Users/pranavr/.pyenv/versions/3.11.6/lib/python3.11/site-packages/airflow/example_dags/example_sensors.py took 504.588 seconds
[2025-06-13T14:25:50.831-0400] {processor.py:186} INFO - Started process (PID=8013) to work on /Users/pranavr/.pyenv/versions/3.11.6/lib/python3.11/site-packages/airflow/example_dags/example_sensors.py
[2025-06-13T14:25:50.833-0400] {processor.py:914} INFO - Processing file /Users/pranavr/.pyenv/versions/3.11.6/lib/python3.11/site-packages/airflow/example_dags/example_sensors.py for tasks to queue
[2025-06-13T14:25:50.833-0400] {logging_mixin.py:190} INFO - [2025-06-13T14:25:50.833-0400] {dagbag.py:588} INFO - Filling up the DagBag from /Users/pranavr/.pyenv/versions/3.11.6/lib/python3.11/site-packages/airflow/example_dags/example_sensors.py
[2025-06-13T14:25:50.842-0400] {processor.py:925} INFO - DAG(s) 'example_sensors' retrieved from /Users/pranavr/.pyenv/versions/3.11.6/lib/python3.11/site-packages/airflow/example_dags/example_sensors.py
[2025-06-13T14:25:51.230-0400] {logging_mixin.py:190} INFO - [2025-06-13T14:25:51.229-0400] {dag.py:3239} INFO - Sync 1 DAGs
[2025-06-13T14:25:51.235-0400] {logging_mixin.py:190} INFO - [2025-06-13T14:25:51.235-0400] {dag.py:4180} INFO - Setting next_dagrun for example_sensors to None, run_after=None
[2025-06-13T14:25:51.294-0400] {processor.py:208} INFO - Processing /Users/pranavr/.pyenv/versions/3.11.6/lib/python3.11/site-packages/airflow/example_dags/example_sensors.py took 465.174 seconds
[2025-06-13T14:27:22.824-0400] {processor.py:186} INFO - Started process (PID=8638) to work on /Users/pranavr/.pyenv/versions/3.11.6/lib/python3.11/site-packages/airflow/example_dags/example_sensors.py
[2025-06-13T14:27:22.826-0400] {processor.py:914} INFO - Processing file /Users/pranavr/.pyenv/versions/3.11.6/lib/python3.11/site-packages/airflow/example_dags/example_sensors.py for tasks to queue
[2025-06-13T14:27:22.827-0400] {logging_mixin.py:190} INFO - [2025-06-13T14:27:22.827-0400] {dagbag.py:588} INFO - Filling up the DagBag from /Users/pranavr/.pyenv/versions/3.11.6/lib/python3.11/site-packages/airflow/example_dags/example_sensors.py
[2025-06-13T14:27:22.836-0400] {processor.py:925} INFO - DAG(s) 'example_sensors' retrieved from /Users/pranavr/.pyenv/versions/3.11.6/lib/python3.11/site-packages/airflow/example_dags/example_sensors.py
[2025-06-13T14:27:23.201-0400] {logging_mixin.py:190} INFO - [2025-06-13T14:27:23.201-0400] {dag.py:3239} INFO - Sync 1 DAGs
[2025-06-13T14:27:23.206-0400] {logging_mixin.py:190} INFO - [2025-06-13T14:27:23.205-0400] {dag.py:4180} INFO - Setting next_dagrun for example_sensors to None, run_after=None
[2025-06-13T14:27:23.268-0400] {processor.py:208} INFO - Processing /Users/pranavr/.pyenv/versions/3.11.6/lib/python3.11/site-packages/airflow/example_dags/example_sensors.py took 445.177 seconds
[2025-06-13T14:28:52.799-0400] {processor.py:186} INFO - Started process (PID=8827) to work on /Users/pranavr/.pyenv/versions/3.11.6/lib/python3.11/site-packages/airflow/example_dags/example_sensors.py
[2025-06-13T14:28:52.801-0400] {processor.py:914} INFO - Processing file /Users/pranavr/.pyenv/versions/3.11.6/lib/python3.11/site-packages/airflow/example_dags/example_sensors.py for tasks to queue
[2025-06-13T14:28:52.802-0400] {logging_mixin.py:190} INFO - [2025-06-13T14:28:52.802-0400] {dagbag.py:588} INFO - Filling up the DagBag from /Users/pranavr/.pyenv/versions/3.11.6/lib/python3.11/site-packages/airflow/example_dags/example_sensors.py
[2025-06-13T14:28:52.821-0400] {processor.py:925} INFO - DAG(s) 'example_sensors' retrieved from /Users/pranavr/.pyenv/versions/3.11.6/lib/python3.11/site-packages/airflow/example_dags/example_sensors.py
[2025-06-13T14:28:53.274-0400] {logging_mixin.py:190} INFO - [2025-06-13T14:28:53.273-0400] {dag.py:3239} INFO - Sync 1 DAGs
[2025-06-13T14:28:53.279-0400] {logging_mixin.py:190} INFO - [2025-06-13T14:28:53.279-0400] {dag.py:4180} INFO - Setting next_dagrun for example_sensors to None, run_after=None
[2025-06-13T14:28:53.335-0400] {processor.py:208} INFO - Processing /Users/pranavr/.pyenv/versions/3.11.6/lib/python3.11/site-packages/airflow/example_dags/example_sensors.py took 538.190 seconds
[2025-06-13T14:30:24.718-0400] {processor.py:186} INFO - Started process (PID=8990) to work on /Users/pranavr/.pyenv/versions/3.11.6/lib/python3.11/site-packages/airflow/example_dags/example_sensors.py
[2025-06-13T14:30:24.720-0400] {processor.py:914} INFO - Processing file /Users/pranavr/.pyenv/versions/3.11.6/lib/python3.11/site-packages/airflow/example_dags/example_sensors.py for tasks to queue
[2025-06-13T14:30:24.720-0400] {logging_mixin.py:190} INFO - [2025-06-13T14:30:24.720-0400] {dagbag.py:588} INFO - Filling up the DagBag from /Users/pranavr/.pyenv/versions/3.11.6/lib/python3.11/site-packages/airflow/example_dags/example_sensors.py
[2025-06-13T14:30:24.729-0400] {processor.py:925} INFO - DAG(s) 'example_sensors' retrieved from /Users/pranavr/.pyenv/versions/3.11.6/lib/python3.11/site-packages/airflow/example_dags/example_sensors.py
[2025-06-13T14:30:25.159-0400] {logging_mixin.py:190} INFO - [2025-06-13T14:30:25.159-0400] {dag.py:3239} INFO - Sync 1 DAGs
[2025-06-13T14:30:25.165-0400] {logging_mixin.py:190} INFO - [2025-06-13T14:30:25.165-0400] {dag.py:4180} INFO - Setting next_dagrun for example_sensors to None, run_after=None
[2025-06-13T14:30:25.244-0400] {processor.py:208} INFO - Processing /Users/pranavr/.pyenv/versions/3.11.6/lib/python3.11/site-packages/airflow/example_dags/example_sensors.py took 527.954 seconds
[2025-06-13T14:31:52.922-0400] {processor.py:186} INFO - Started process (PID=9392) to work on /Users/pranavr/.pyenv/versions/3.11.6/lib/python3.11/site-packages/airflow/example_dags/example_sensors.py
[2025-06-13T14:31:52.924-0400] {processor.py:914} INFO - Processing file /Users/pranavr/.pyenv/versions/3.11.6/lib/python3.11/site-packages/airflow/example_dags/example_sensors.py for tasks to queue
[2025-06-13T14:31:52.925-0400] {logging_mixin.py:190} INFO - [2025-06-13T14:31:52.925-0400] {dagbag.py:588} INFO - Filling up the DagBag from /Users/pranavr/.pyenv/versions/3.11.6/lib/python3.11/site-packages/airflow/example_dags/example_sensors.py
[2025-06-13T14:31:52.934-0400] {processor.py:925} INFO - DAG(s) 'example_sensors' retrieved from /Users/pranavr/.pyenv/versions/3.11.6/lib/python3.11/site-packages/airflow/example_dags/example_sensors.py
[2025-06-13T14:31:53.302-0400] {logging_mixin.py:190} INFO - [2025-06-13T14:31:53.302-0400] {dag.py:3239} INFO - Sync 1 DAGs
[2025-06-13T14:31:53.306-0400] {logging_mixin.py:190} INFO - [2025-06-13T14:31:53.306-0400] {dag.py:4180} INFO - Setting next_dagrun for example_sensors to None, run_after=None
[2025-06-13T14:31:53.363-0400] {processor.py:208} INFO - Processing /Users/pranavr/.pyenv/versions/3.11.6/lib/python3.11/site-packages/airflow/example_dags/example_sensors.py took 442.691 seconds
[2025-06-13T14:33:26.279-0400] {processor.py:186} INFO - Started process (PID=9623) to work on /Users/pranavr/.pyenv/versions/3.11.6/lib/python3.11/site-packages/airflow/example_dags/example_sensors.py
[2025-06-13T14:33:26.281-0400] {processor.py:914} INFO - Processing file /Users/pranavr/.pyenv/versions/3.11.6/lib/python3.11/site-packages/airflow/example_dags/example_sensors.py for tasks to queue
[2025-06-13T14:33:26.282-0400] {logging_mixin.py:190} INFO - [2025-06-13T14:33:26.281-0400] {dagbag.py:588} INFO - Filling up the DagBag from /Users/pranavr/.pyenv/versions/3.11.6/lib/python3.11/site-packages/airflow/example_dags/example_sensors.py
[2025-06-13T14:33:26.291-0400] {processor.py:925} INFO - DAG(s) 'example_sensors' retrieved from /Users/pranavr/.pyenv/versions/3.11.6/lib/python3.11/site-packages/airflow/example_dags/example_sensors.py
[2025-06-13T14:33:26.661-0400] {logging_mixin.py:190} INFO - [2025-06-13T14:33:26.661-0400] {dag.py:3239} INFO - Sync 1 DAGs
[2025-06-13T14:33:26.667-0400] {logging_mixin.py:190} INFO - [2025-06-13T14:33:26.666-0400] {dag.py:4180} INFO - Setting next_dagrun for example_sensors to None, run_after=None
[2025-06-13T14:33:26.726-0400] {processor.py:208} INFO - Processing /Users/pranavr/.pyenv/versions/3.11.6/lib/python3.11/site-packages/airflow/example_dags/example_sensors.py took 448.664 seconds
[2025-06-13T14:34:57.988-0400] {processor.py:186} INFO - Started process (PID=10102) to work on /Users/pranavr/.pyenv/versions/3.11.6/lib/python3.11/site-packages/airflow/example_dags/example_sensors.py
[2025-06-13T14:34:57.990-0400] {processor.py:914} INFO - Processing file /Users/pranavr/.pyenv/versions/3.11.6/lib/python3.11/site-packages/airflow/example_dags/example_sensors.py for tasks to queue
[2025-06-13T14:34:57.991-0400] {logging_mixin.py:190} INFO - [2025-06-13T14:34:57.991-0400] {dagbag.py:588} INFO - Filling up the DagBag from /Users/pranavr/.pyenv/versions/3.11.6/lib/python3.11/site-packages/airflow/example_dags/example_sensors.py
[2025-06-13T14:34:58.007-0400] {processor.py:925} INFO - DAG(s) 'example_sensors' retrieved from /Users/pranavr/.pyenv/versions/3.11.6/lib/python3.11/site-packages/airflow/example_dags/example_sensors.py
[2025-06-13T14:34:58.455-0400] {logging_mixin.py:190} INFO - [2025-06-13T14:34:58.455-0400] {dag.py:3239} INFO - Sync 1 DAGs
[2025-06-13T14:34:58.462-0400] {logging_mixin.py:190} INFO - [2025-06-13T14:34:58.462-0400] {dag.py:4180} INFO - Setting next_dagrun for example_sensors to None, run_after=None
[2025-06-13T14:34:58.529-0400] {processor.py:208} INFO - Processing /Users/pranavr/.pyenv/versions/3.11.6/lib/python3.11/site-packages/airflow/example_dags/example_sensors.py took 542.172 seconds
[2025-06-13T14:36:28.778-0400] {processor.py:186} INFO - Started process (PID=10941) to work on /Users/pranavr/.pyenv/versions/3.11.6/lib/python3.11/site-packages/airflow/example_dags/example_sensors.py
[2025-06-13T14:36:28.780-0400] {processor.py:914} INFO - Processing file /Users/pranavr/.pyenv/versions/3.11.6/lib/python3.11/site-packages/airflow/example_dags/example_sensors.py for tasks to queue
[2025-06-13T14:36:28.781-0400] {logging_mixin.py:190} INFO - [2025-06-13T14:36:28.780-0400] {dagbag.py:588} INFO - Filling up the DagBag from /Users/pranavr/.pyenv/versions/3.11.6/lib/python3.11/site-packages/airflow/example_dags/example_sensors.py
[2025-06-13T14:36:28.794-0400] {processor.py:925} INFO - DAG(s) 'example_sensors' retrieved from /Users/pranavr/.pyenv/versions/3.11.6/lib/python3.11/site-packages/airflow/example_dags/example_sensors.py
[2025-06-13T14:36:29.214-0400] {logging_mixin.py:190} INFO - [2025-06-13T14:36:29.213-0400] {dag.py:3239} INFO - Sync 1 DAGs
[2025-06-13T14:36:29.219-0400] {logging_mixin.py:190} INFO - [2025-06-13T14:36:29.219-0400] {dag.py:4180} INFO - Setting next_dagrun for example_sensors to None, run_after=None
[2025-06-13T14:36:29.286-0400] {processor.py:208} INFO - Processing /Users/pranavr/.pyenv/versions/3.11.6/lib/python3.11/site-packages/airflow/example_dags/example_sensors.py took 510.272 seconds
[2025-06-13T14:37:58.171-0400] {processor.py:186} INFO - Started process (PID=11142) to work on /Users/pranavr/.pyenv/versions/3.11.6/lib/python3.11/site-packages/airflow/example_dags/example_sensors.py
[2025-06-13T14:37:58.175-0400] {processor.py:914} INFO - Processing file /Users/pranavr/.pyenv/versions/3.11.6/lib/python3.11/site-packages/airflow/example_dags/example_sensors.py for tasks to queue
[2025-06-13T14:37:58.175-0400] {logging_mixin.py:190} INFO - [2025-06-13T14:37:58.175-0400] {dagbag.py:588} INFO - Filling up the DagBag from /Users/pranavr/.pyenv/versions/3.11.6/lib/python3.11/site-packages/airflow/example_dags/example_sensors.py
[2025-06-13T14:37:58.187-0400] {processor.py:925} INFO - DAG(s) 'example_sensors' retrieved from /Users/pranavr/.pyenv/versions/3.11.6/lib/python3.11/site-packages/airflow/example_dags/example_sensors.py
[2025-06-13T14:37:58.618-0400] {logging_mixin.py:190} INFO - [2025-06-13T14:37:58.618-0400] {dag.py:3239} INFO - Sync 1 DAGs
[2025-06-13T14:37:58.624-0400] {logging_mixin.py:190} INFO - [2025-06-13T14:37:58.624-0400] {dag.py:4180} INFO - Setting next_dagrun for example_sensors to None, run_after=None
[2025-06-13T14:37:58.694-0400] {processor.py:208} INFO - Processing /Users/pranavr/.pyenv/versions/3.11.6/lib/python3.11/site-packages/airflow/example_dags/example_sensors.py took 524.734 seconds
[2025-06-13T14:39:24.967-0400] {processor.py:186} INFO - Started process (PID=11386) to work on /Users/pranavr/.pyenv/versions/3.11.6/lib/python3.11/site-packages/airflow/example_dags/example_sensors.py
[2025-06-13T14:39:24.969-0400] {processor.py:914} INFO - Processing file /Users/pranavr/.pyenv/versions/3.11.6/lib/python3.11/site-packages/airflow/example_dags/example_sensors.py for tasks to queue
[2025-06-13T14:39:24.970-0400] {logging_mixin.py:190} INFO - [2025-06-13T14:39:24.969-0400] {dagbag.py:588} INFO - Filling up the DagBag from /Users/pranavr/.pyenv/versions/3.11.6/lib/python3.11/site-packages/airflow/example_dags/example_sensors.py
[2025-06-13T14:39:24.977-0400] {processor.py:925} INFO - DAG(s) 'example_sensors' retrieved from /Users/pranavr/.pyenv/versions/3.11.6/lib/python3.11/site-packages/airflow/example_dags/example_sensors.py
[2025-06-13T14:39:25.274-0400] {logging_mixin.py:190} INFO - [2025-06-13T14:39:25.273-0400] {dag.py:3239} INFO - Sync 1 DAGs
[2025-06-13T14:39:25.278-0400] {logging_mixin.py:190} INFO - [2025-06-13T14:39:25.278-0400] {dag.py:4180} INFO - Setting next_dagrun for example_sensors to None, run_after=None
[2025-06-13T14:39:25.322-0400] {processor.py:208} INFO - Processing /Users/pranavr/.pyenv/versions/3.11.6/lib/python3.11/site-packages/airflow/example_dags/example_sensors.py took 356.819 seconds
[2025-06-13T14:41:57.714-0400] {processor.py:186} INFO - Started process (PID=11786) to work on /Users/pranavr/.pyenv/versions/3.11.6/lib/python3.11/site-packages/airflow/example_dags/example_sensors.py
[2025-06-13T14:41:57.716-0400] {processor.py:914} INFO - Processing file /Users/pranavr/.pyenv/versions/3.11.6/lib/python3.11/site-packages/airflow/example_dags/example_sensors.py for tasks to queue
[2025-06-13T14:41:57.716-0400] {logging_mixin.py:190} INFO - [2025-06-13T14:41:57.716-0400] {dagbag.py:588} INFO - Filling up the DagBag from /Users/pranavr/.pyenv/versions/3.11.6/lib/python3.11/site-packages/airflow/example_dags/example_sensors.py
[2025-06-13T14:41:57.723-0400] {processor.py:925} INFO - DAG(s) 'example_sensors' retrieved from /Users/pranavr/.pyenv/versions/3.11.6/lib/python3.11/site-packages/airflow/example_dags/example_sensors.py
[2025-06-13T14:41:57.996-0400] {logging_mixin.py:190} INFO - [2025-06-13T14:41:57.996-0400] {dag.py:3239} INFO - Sync 1 DAGs
[2025-06-13T14:41:58.001-0400] {logging_mixin.py:190} INFO - [2025-06-13T14:41:58.001-0400] {dag.py:4180} INFO - Setting next_dagrun for example_sensors to None, run_after=None
[2025-06-13T14:41:58.045-0400] {processor.py:208} INFO - Processing /Users/pranavr/.pyenv/versions/3.11.6/lib/python3.11/site-packages/airflow/example_dags/example_sensors.py took 333.231 seconds
[2025-06-13T14:44:23.668-0400] {processor.py:186} INFO - Started process (PID=12044) to work on /Users/pranavr/.pyenv/versions/3.11.6/lib/python3.11/site-packages/airflow/example_dags/example_sensors.py
[2025-06-13T14:44:23.670-0400] {processor.py:914} INFO - Processing file /Users/pranavr/.pyenv/versions/3.11.6/lib/python3.11/site-packages/airflow/example_dags/example_sensors.py for tasks to queue
[2025-06-13T14:44:23.670-0400] {logging_mixin.py:190} INFO - [2025-06-13T14:44:23.670-0400] {dagbag.py:588} INFO - Filling up the DagBag from /Users/pranavr/.pyenv/versions/3.11.6/lib/python3.11/site-packages/airflow/example_dags/example_sensors.py
[2025-06-13T14:44:23.676-0400] {processor.py:925} INFO - DAG(s) 'example_sensors' retrieved from /Users/pranavr/.pyenv/versions/3.11.6/lib/python3.11/site-packages/airflow/example_dags/example_sensors.py
[2025-06-13T14:44:23.934-0400] {logging_mixin.py:190} INFO - [2025-06-13T14:44:23.934-0400] {dag.py:3239} INFO - Sync 1 DAGs
[2025-06-13T14:44:23.938-0400] {logging_mixin.py:190} INFO - [2025-06-13T14:44:23.938-0400] {dag.py:4180} INFO - Setting next_dagrun for example_sensors to None, run_after=None
[2025-06-13T14:44:23.980-0400] {processor.py:208} INFO - Processing /Users/pranavr/.pyenv/versions/3.11.6/lib/python3.11/site-packages/airflow/example_dags/example_sensors.py took 313.500 seconds
[2025-06-13T14:46:46.425-0400] {processor.py:186} INFO - Started process (PID=12353) to work on /Users/pranavr/.pyenv/versions/3.11.6/lib/python3.11/site-packages/airflow/example_dags/example_sensors.py
[2025-06-13T14:46:46.427-0400] {processor.py:914} INFO - Processing file /Users/pranavr/.pyenv/versions/3.11.6/lib/python3.11/site-packages/airflow/example_dags/example_sensors.py for tasks to queue
[2025-06-13T14:46:46.427-0400] {logging_mixin.py:190} INFO - [2025-06-13T14:46:46.427-0400] {dagbag.py:588} INFO - Filling up the DagBag from /Users/pranavr/.pyenv/versions/3.11.6/lib/python3.11/site-packages/airflow/example_dags/example_sensors.py
[2025-06-13T14:46:46.433-0400] {processor.py:925} INFO - DAG(s) 'example_sensors' retrieved from /Users/pranavr/.pyenv/versions/3.11.6/lib/python3.11/site-packages/airflow/example_dags/example_sensors.py
[2025-06-13T14:46:46.693-0400] {logging_mixin.py:190} INFO - [2025-06-13T14:46:46.693-0400] {dag.py:3239} INFO - Sync 1 DAGs
[2025-06-13T14:46:46.697-0400] {logging_mixin.py:190} INFO - [2025-06-13T14:46:46.697-0400] {dag.py:4180} INFO - Setting next_dagrun for example_sensors to None, run_after=None
[2025-06-13T14:46:46.740-0400] {processor.py:208} INFO - Processing /Users/pranavr/.pyenv/versions/3.11.6/lib/python3.11/site-packages/airflow/example_dags/example_sensors.py took 316.183 seconds
[2025-06-13T14:48:04.342-0400] {processor.py:186} INFO - Started process (PID=12467) to work on /Users/pranavr/.pyenv/versions/3.11.6/lib/python3.11/site-packages/airflow/example_dags/example_sensors.py
[2025-06-13T14:48:04.344-0400] {processor.py:914} INFO - Processing file /Users/pranavr/.pyenv/versions/3.11.6/lib/python3.11/site-packages/airflow/example_dags/example_sensors.py for tasks to queue
[2025-06-13T14:48:04.344-0400] {logging_mixin.py:190} INFO - [2025-06-13T14:48:04.344-0400] {dagbag.py:588} INFO - Filling up the DagBag from /Users/pranavr/.pyenv/versions/3.11.6/lib/python3.11/site-packages/airflow/example_dags/example_sensors.py
[2025-06-13T14:48:04.350-0400] {processor.py:925} INFO - DAG(s) 'example_sensors' retrieved from /Users/pranavr/.pyenv/versions/3.11.6/lib/python3.11/site-packages/airflow/example_dags/example_sensors.py
[2025-06-13T14:48:04.618-0400] {logging_mixin.py:190} INFO - [2025-06-13T14:48:04.618-0400] {dag.py:3239} INFO - Sync 1 DAGs
[2025-06-13T14:48:04.622-0400] {logging_mixin.py:190} INFO - [2025-06-13T14:48:04.622-0400] {dag.py:4180} INFO - Setting next_dagrun for example_sensors to None, run_after=None
[2025-06-13T14:48:04.665-0400] {processor.py:208} INFO - Processing /Users/pranavr/.pyenv/versions/3.11.6/lib/python3.11/site-packages/airflow/example_dags/example_sensors.py took 324.421 seconds
[2025-06-13T14:50:32.373-0400] {processor.py:186} INFO - Started process (PID=12710) to work on /Users/pranavr/.pyenv/versions/3.11.6/lib/python3.11/site-packages/airflow/example_dags/example_sensors.py
[2025-06-13T14:50:32.376-0400] {processor.py:914} INFO - Processing file /Users/pranavr/.pyenv/versions/3.11.6/lib/python3.11/site-packages/airflow/example_dags/example_sensors.py for tasks to queue
[2025-06-13T14:50:32.377-0400] {logging_mixin.py:190} INFO - [2025-06-13T14:50:32.377-0400] {dagbag.py:588} INFO - Filling up the DagBag from /Users/pranavr/.pyenv/versions/3.11.6/lib/python3.11/site-packages/airflow/example_dags/example_sensors.py
[2025-06-13T14:50:32.384-0400] {processor.py:925} INFO - DAG(s) 'example_sensors' retrieved from /Users/pranavr/.pyenv/versions/3.11.6/lib/python3.11/site-packages/airflow/example_dags/example_sensors.py
[2025-06-13T14:50:32.643-0400] {logging_mixin.py:190} INFO - [2025-06-13T14:50:32.642-0400] {dag.py:3239} INFO - Sync 1 DAGs
[2025-06-13T14:50:32.647-0400] {logging_mixin.py:190} INFO - [2025-06-13T14:50:32.647-0400] {dag.py:4180} INFO - Setting next_dagrun for example_sensors to None, run_after=None
[2025-06-13T14:50:32.689-0400] {processor.py:208} INFO - Processing /Users/pranavr/.pyenv/versions/3.11.6/lib/python3.11/site-packages/airflow/example_dags/example_sensors.py took 316.804 seconds
[2025-06-13T14:53:01.692-0400] {processor.py:186} INFO - Started process (PID=14058) to work on /Users/pranavr/.pyenv/versions/3.11.6/lib/python3.11/site-packages/airflow/example_dags/example_sensors.py
[2025-06-13T14:53:01.694-0400] {processor.py:914} INFO - Processing file /Users/pranavr/.pyenv/versions/3.11.6/lib/python3.11/site-packages/airflow/example_dags/example_sensors.py for tasks to queue
[2025-06-13T14:53:01.694-0400] {logging_mixin.py:190} INFO - [2025-06-13T14:53:01.694-0400] {dagbag.py:588} INFO - Filling up the DagBag from /Users/pranavr/.pyenv/versions/3.11.6/lib/python3.11/site-packages/airflow/example_dags/example_sensors.py
[2025-06-13T14:53:01.701-0400] {processor.py:925} INFO - DAG(s) 'example_sensors' retrieved from /Users/pranavr/.pyenv/versions/3.11.6/lib/python3.11/site-packages/airflow/example_dags/example_sensors.py
[2025-06-13T14:53:01.961-0400] {logging_mixin.py:190} INFO - [2025-06-13T14:53:01.961-0400] {dag.py:3239} INFO - Sync 1 DAGs
[2025-06-13T14:53:01.965-0400] {logging_mixin.py:190} INFO - [2025-06-13T14:53:01.965-0400] {dag.py:4180} INFO - Setting next_dagrun for example_sensors to None, run_after=None
[2025-06-13T14:53:02.008-0400] {processor.py:208} INFO - Processing /Users/pranavr/.pyenv/versions/3.11.6/lib/python3.11/site-packages/airflow/example_dags/example_sensors.py took 316.936 seconds
[2025-06-13T14:55:37.083-0400] {processor.py:186} INFO - Started process (PID=14284) to work on /Users/pranavr/.pyenv/versions/3.11.6/lib/python3.11/site-packages/airflow/example_dags/example_sensors.py
[2025-06-13T14:55:37.085-0400] {processor.py:914} INFO - Processing file /Users/pranavr/.pyenv/versions/3.11.6/lib/python3.11/site-packages/airflow/example_dags/example_sensors.py for tasks to queue
[2025-06-13T14:55:37.086-0400] {logging_mixin.py:190} INFO - [2025-06-13T14:55:37.086-0400] {dagbag.py:588} INFO - Filling up the DagBag from /Users/pranavr/.pyenv/versions/3.11.6/lib/python3.11/site-packages/airflow/example_dags/example_sensors.py
[2025-06-13T14:55:37.092-0400] {processor.py:925} INFO - DAG(s) 'example_sensors' retrieved from /Users/pranavr/.pyenv/versions/3.11.6/lib/python3.11/site-packages/airflow/example_dags/example_sensors.py
[2025-06-13T14:55:37.364-0400] {logging_mixin.py:190} INFO - [2025-06-13T14:55:37.363-0400] {dag.py:3239} INFO - Sync 1 DAGs
[2025-06-13T14:55:37.368-0400] {logging_mixin.py:190} INFO - [2025-06-13T14:55:37.368-0400] {dag.py:4180} INFO - Setting next_dagrun for example_sensors to None, run_after=None
[2025-06-13T14:55:37.411-0400] {processor.py:208} INFO - Processing /Users/pranavr/.pyenv/versions/3.11.6/lib/python3.11/site-packages/airflow/example_dags/example_sensors.py took 329.700 seconds
[2025-06-13T14:58:12.477-0400] {processor.py:186} INFO - Started process (PID=14633) to work on /Users/pranavr/.pyenv/versions/3.11.6/lib/python3.11/site-packages/airflow/example_dags/example_sensors.py
[2025-06-13T14:58:12.479-0400] {processor.py:914} INFO - Processing file /Users/pranavr/.pyenv/versions/3.11.6/lib/python3.11/site-packages/airflow/example_dags/example_sensors.py for tasks to queue
[2025-06-13T14:58:12.480-0400] {logging_mixin.py:190} INFO - [2025-06-13T14:58:12.480-0400] {dagbag.py:588} INFO - Filling up the DagBag from /Users/pranavr/.pyenv/versions/3.11.6/lib/python3.11/site-packages/airflow/example_dags/example_sensors.py
[2025-06-13T14:58:12.487-0400] {processor.py:925} INFO - DAG(s) 'example_sensors' retrieved from /Users/pranavr/.pyenv/versions/3.11.6/lib/python3.11/site-packages/airflow/example_dags/example_sensors.py
[2025-06-13T14:58:12.926-0400] {logging_mixin.py:190} INFO - [2025-06-13T14:58:12.925-0400] {dag.py:3239} INFO - Sync 1 DAGs
[2025-06-13T14:58:12.931-0400] {logging_mixin.py:190} INFO - [2025-06-13T14:58:12.930-0400] {dag.py:4180} INFO - Setting next_dagrun for example_sensors to None, run_after=None
[2025-06-13T14:58:12.979-0400] {processor.py:208} INFO - Processing /Users/pranavr/.pyenv/versions/3.11.6/lib/python3.11/site-packages/airflow/example_dags/example_sensors.py took 503.116 seconds
[2025-06-13T15:01:09.033-0400] {processor.py:186} INFO - Started process (PID=15120) to work on /Users/pranavr/.pyenv/versions/3.11.6/lib/python3.11/site-packages/airflow/example_dags/example_sensors.py
[2025-06-13T15:01:09.035-0400] {processor.py:914} INFO - Processing file /Users/pranavr/.pyenv/versions/3.11.6/lib/python3.11/site-packages/airflow/example_dags/example_sensors.py for tasks to queue
[2025-06-13T15:01:09.036-0400] {logging_mixin.py:190} INFO - [2025-06-13T15:01:09.036-0400] {dagbag.py:588} INFO - Filling up the DagBag from /Users/pranavr/.pyenv/versions/3.11.6/lib/python3.11/site-packages/airflow/example_dags/example_sensors.py
[2025-06-13T15:01:09.044-0400] {processor.py:925} INFO - DAG(s) 'example_sensors' retrieved from /Users/pranavr/.pyenv/versions/3.11.6/lib/python3.11/site-packages/airflow/example_dags/example_sensors.py
[2025-06-13T15:01:09.610-0400] {logging_mixin.py:190} INFO - [2025-06-13T15:01:09.610-0400] {dag.py:3239} INFO - Sync 1 DAGs
[2025-06-13T15:01:09.615-0400] {logging_mixin.py:190} INFO - [2025-06-13T15:01:09.615-0400] {dag.py:4180} INFO - Setting next_dagrun for example_sensors to None, run_after=None
[2025-06-13T15:01:09.669-0400] {processor.py:208} INFO - Processing /Users/pranavr/.pyenv/versions/3.11.6/lib/python3.11/site-packages/airflow/example_dags/example_sensors.py took 636.998 seconds
[2025-06-13T15:03:12.031-0400] {processor.py:186} INFO - Started process (PID=15651) to work on /Users/pranavr/.pyenv/versions/3.11.6/lib/python3.11/site-packages/airflow/example_dags/example_sensors.py
[2025-06-13T15:03:12.033-0400] {processor.py:914} INFO - Processing file /Users/pranavr/.pyenv/versions/3.11.6/lib/python3.11/site-packages/airflow/example_dags/example_sensors.py for tasks to queue
[2025-06-13T15:03:12.034-0400] {logging_mixin.py:190} INFO - [2025-06-13T15:03:12.034-0400] {dagbag.py:588} INFO - Filling up the DagBag from /Users/pranavr/.pyenv/versions/3.11.6/lib/python3.11/site-packages/airflow/example_dags/example_sensors.py
[2025-06-13T15:03:12.043-0400] {processor.py:925} INFO - DAG(s) 'example_sensors' retrieved from /Users/pranavr/.pyenv/versions/3.11.6/lib/python3.11/site-packages/airflow/example_dags/example_sensors.py
[2025-06-13T15:03:12.468-0400] {logging_mixin.py:190} INFO - [2025-06-13T15:03:12.467-0400] {dag.py:3239} INFO - Sync 1 DAGs
[2025-06-13T15:03:12.472-0400] {logging_mixin.py:190} INFO - [2025-06-13T15:03:12.472-0400] {dag.py:4180} INFO - Setting next_dagrun for example_sensors to None, run_after=None
[2025-06-13T15:03:12.520-0400] {processor.py:208} INFO - Processing /Users/pranavr/.pyenv/versions/3.11.6/lib/python3.11/site-packages/airflow/example_dags/example_sensors.py took 490.198 seconds
[2025-06-13T15:05:10.860-0400] {processor.py:186} INFO - Started process (PID=16044) to work on /Users/pranavr/.pyenv/versions/3.11.6/lib/python3.11/site-packages/airflow/example_dags/example_sensors.py
[2025-06-13T15:05:10.862-0400] {processor.py:914} INFO - Processing file /Users/pranavr/.pyenv/versions/3.11.6/lib/python3.11/site-packages/airflow/example_dags/example_sensors.py for tasks to queue
[2025-06-13T15:05:10.862-0400] {logging_mixin.py:190} INFO - [2025-06-13T15:05:10.862-0400] {dagbag.py:588} INFO - Filling up the DagBag from /Users/pranavr/.pyenv/versions/3.11.6/lib/python3.11/site-packages/airflow/example_dags/example_sensors.py
[2025-06-13T15:05:10.872-0400] {processor.py:925} INFO - DAG(s) 'example_sensors' retrieved from /Users/pranavr/.pyenv/versions/3.11.6/lib/python3.11/site-packages/airflow/example_dags/example_sensors.py
[2025-06-13T15:05:11.480-0400] {logging_mixin.py:190} INFO - [2025-06-13T15:05:11.479-0400] {dag.py:3239} INFO - Sync 1 DAGs
[2025-06-13T15:05:11.485-0400] {logging_mixin.py:190} INFO - [2025-06-13T15:05:11.485-0400] {dag.py:4180} INFO - Setting next_dagrun for example_sensors to None, run_after=None
[2025-06-13T15:05:11.536-0400] {processor.py:208} INFO - Processing /Users/pranavr/.pyenv/versions/3.11.6/lib/python3.11/site-packages/airflow/example_dags/example_sensors.py took 678.436 seconds
[2025-06-13T15:07:02.686-0400] {processor.py:186} INFO - Started process (PID=16385) to work on /Users/pranavr/.pyenv/versions/3.11.6/lib/python3.11/site-packages/airflow/example_dags/example_sensors.py
[2025-06-13T15:07:02.688-0400] {processor.py:914} INFO - Processing file /Users/pranavr/.pyenv/versions/3.11.6/lib/python3.11/site-packages/airflow/example_dags/example_sensors.py for tasks to queue
[2025-06-13T15:07:02.689-0400] {logging_mixin.py:190} INFO - [2025-06-13T15:07:02.689-0400] {dagbag.py:588} INFO - Filling up the DagBag from /Users/pranavr/.pyenv/versions/3.11.6/lib/python3.11/site-packages/airflow/example_dags/example_sensors.py
[2025-06-13T15:07:02.696-0400] {processor.py:925} INFO - DAG(s) 'example_sensors' retrieved from /Users/pranavr/.pyenv/versions/3.11.6/lib/python3.11/site-packages/airflow/example_dags/example_sensors.py
[2025-06-13T15:07:03.174-0400] {logging_mixin.py:190} INFO - [2025-06-13T15:07:03.174-0400] {dag.py:3239} INFO - Sync 1 DAGs
[2025-06-13T15:07:03.179-0400] {logging_mixin.py:190} INFO - [2025-06-13T15:07:03.179-0400] {dag.py:4180} INFO - Setting next_dagrun for example_sensors to None, run_after=None
[2025-06-13T15:07:03.231-0400] {processor.py:208} INFO - Processing /Users/pranavr/.pyenv/versions/3.11.6/lib/python3.11/site-packages/airflow/example_dags/example_sensors.py took 545.707 seconds
[2025-06-13T15:09:43.238-0400] {processor.py:186} INFO - Started process (PID=16607) to work on /Users/pranavr/.pyenv/versions/3.11.6/lib/python3.11/site-packages/airflow/example_dags/example_sensors.py
[2025-06-13T15:09:43.241-0400] {processor.py:914} INFO - Processing file /Users/pranavr/.pyenv/versions/3.11.6/lib/python3.11/site-packages/airflow/example_dags/example_sensors.py for tasks to queue
[2025-06-13T15:09:43.241-0400] {logging_mixin.py:190} INFO - [2025-06-13T15:09:43.241-0400] {dagbag.py:588} INFO - Filling up the DagBag from /Users/pranavr/.pyenv/versions/3.11.6/lib/python3.11/site-packages/airflow/example_dags/example_sensors.py
[2025-06-13T15:09:43.250-0400] {processor.py:925} INFO - DAG(s) 'example_sensors' retrieved from /Users/pranavr/.pyenv/versions/3.11.6/lib/python3.11/site-packages/airflow/example_dags/example_sensors.py
[2025-06-13T15:09:43.764-0400] {logging_mixin.py:190} INFO - [2025-06-13T15:09:43.764-0400] {dag.py:3239} INFO - Sync 1 DAGs
[2025-06-13T15:09:43.768-0400] {logging_mixin.py:190} INFO - [2025-06-13T15:09:43.768-0400] {dag.py:4180} INFO - Setting next_dagrun for example_sensors to None, run_after=None
[2025-06-13T15:09:43.817-0400] {processor.py:208} INFO - Processing /Users/pranavr/.pyenv/versions/3.11.6/lib/python3.11/site-packages/airflow/example_dags/example_sensors.py took 580.033 seconds
[2025-06-13T15:12:33.900-0400] {processor.py:186} INFO - Started process (PID=16944) to work on /Users/pranavr/.pyenv/versions/3.11.6/lib/python3.11/site-packages/airflow/example_dags/example_sensors.py
[2025-06-13T15:12:33.902-0400] {processor.py:914} INFO - Processing file /Users/pranavr/.pyenv/versions/3.11.6/lib/python3.11/site-packages/airflow/example_dags/example_sensors.py for tasks to queue
[2025-06-13T15:12:33.902-0400] {logging_mixin.py:190} INFO - [2025-06-13T15:12:33.902-0400] {dagbag.py:588} INFO - Filling up the DagBag from /Users/pranavr/.pyenv/versions/3.11.6/lib/python3.11/site-packages/airflow/example_dags/example_sensors.py
[2025-06-13T15:12:33.911-0400] {processor.py:925} INFO - DAG(s) 'example_sensors' retrieved from /Users/pranavr/.pyenv/versions/3.11.6/lib/python3.11/site-packages/airflow/example_dags/example_sensors.py
[2025-06-13T15:12:34.276-0400] {logging_mixin.py:190} INFO - [2025-06-13T15:12:34.275-0400] {dag.py:3239} INFO - Sync 1 DAGs
[2025-06-13T15:12:34.284-0400] {logging_mixin.py:190} INFO - [2025-06-13T15:12:34.284-0400] {dag.py:4180} INFO - Setting next_dagrun for example_sensors to None, run_after=None
[2025-06-13T15:12:34.335-0400] {processor.py:208} INFO - Processing /Users/pranavr/.pyenv/versions/3.11.6/lib/python3.11/site-packages/airflow/example_dags/example_sensors.py took 436.995 seconds
[2025-06-13T15:14:00.595-0400] {processor.py:186} INFO - Started process (PID=17184) to work on /Users/pranavr/.pyenv/versions/3.11.6/lib/python3.11/site-packages/airflow/example_dags/example_sensors.py
[2025-06-13T15:14:00.597-0400] {processor.py:914} INFO - Processing file /Users/pranavr/.pyenv/versions/3.11.6/lib/python3.11/site-packages/airflow/example_dags/example_sensors.py for tasks to queue
[2025-06-13T15:14:00.597-0400] {logging_mixin.py:190} INFO - [2025-06-13T15:14:00.597-0400] {dagbag.py:588} INFO - Filling up the DagBag from /Users/pranavr/.pyenv/versions/3.11.6/lib/python3.11/site-packages/airflow/example_dags/example_sensors.py
[2025-06-13T15:14:00.605-0400] {processor.py:925} INFO - DAG(s) 'example_sensors' retrieved from /Users/pranavr/.pyenv/versions/3.11.6/lib/python3.11/site-packages/airflow/example_dags/example_sensors.py
[2025-06-13T15:14:01.130-0400] {logging_mixin.py:190} INFO - [2025-06-13T15:14:01.130-0400] {dag.py:3239} INFO - Sync 1 DAGs
[2025-06-13T15:14:01.135-0400] {logging_mixin.py:190} INFO - [2025-06-13T15:14:01.134-0400] {dag.py:4180} INFO - Setting next_dagrun for example_sensors to None, run_after=None
[2025-06-13T15:14:01.185-0400] {processor.py:208} INFO - Processing /Users/pranavr/.pyenv/versions/3.11.6/lib/python3.11/site-packages/airflow/example_dags/example_sensors.py took 591.618 seconds
[2025-06-13T15:19:21.620-0400] {processor.py:186} INFO - Started process (PID=17808) to work on /Users/pranavr/.pyenv/versions/3.11.6/lib/python3.11/site-packages/airflow/example_dags/example_sensors.py
[2025-06-13T15:19:21.622-0400] {processor.py:914} INFO - Processing file /Users/pranavr/.pyenv/versions/3.11.6/lib/python3.11/site-packages/airflow/example_dags/example_sensors.py for tasks to queue
[2025-06-13T15:19:21.622-0400] {logging_mixin.py:190} INFO - [2025-06-13T15:19:21.622-0400] {dagbag.py:588} INFO - Filling up the DagBag from /Users/pranavr/.pyenv/versions/3.11.6/lib/python3.11/site-packages/airflow/example_dags/example_sensors.py
[2025-06-13T15:19:21.630-0400] {processor.py:925} INFO - DAG(s) 'example_sensors' retrieved from /Users/pranavr/.pyenv/versions/3.11.6/lib/python3.11/site-packages/airflow/example_dags/example_sensors.py
[2025-06-13T15:19:22.183-0400] {logging_mixin.py:190} INFO - [2025-06-13T15:19:22.183-0400] {dag.py:3239} INFO - Sync 1 DAGs
[2025-06-13T15:19:22.189-0400] {logging_mixin.py:190} INFO - [2025-06-13T15:19:22.188-0400] {dag.py:4180} INFO - Setting next_dagrun for example_sensors to None, run_after=None
[2025-06-13T15:19:22.248-0400] {processor.py:208} INFO - Processing /Users/pranavr/.pyenv/versions/3.11.6/lib/python3.11/site-packages/airflow/example_dags/example_sensors.py took 629.853 seconds
[2025-06-13T15:25:34.537-0400] {processor.py:186} INFO - Started process (PID=18943) to work on /Users/pranavr/.pyenv/versions/3.11.6/lib/python3.11/site-packages/airflow/example_dags/example_sensors.py
[2025-06-13T15:25:34.539-0400] {processor.py:914} INFO - Processing file /Users/pranavr/.pyenv/versions/3.11.6/lib/python3.11/site-packages/airflow/example_dags/example_sensors.py for tasks to queue
[2025-06-13T15:25:34.539-0400] {logging_mixin.py:190} INFO - [2025-06-13T15:25:34.539-0400] {dagbag.py:588} INFO - Filling up the DagBag from /Users/pranavr/.pyenv/versions/3.11.6/lib/python3.11/site-packages/airflow/example_dags/example_sensors.py
[2025-06-13T15:25:34.550-0400] {processor.py:925} INFO - DAG(s) 'example_sensors' retrieved from /Users/pranavr/.pyenv/versions/3.11.6/lib/python3.11/site-packages/airflow/example_dags/example_sensors.py
[2025-06-13T15:25:35.121-0400] {logging_mixin.py:190} INFO - [2025-06-13T15:25:35.121-0400] {override.py:1930} INFO - Created Permission View: can read on DAG:example_sensors
[2025-06-13T15:25:35.125-0400] {logging_mixin.py:190} INFO - [2025-06-13T15:25:35.125-0400] {override.py:1930} INFO - Created Permission View: can edit on DAG:example_sensors
[2025-06-13T15:25:35.128-0400] {logging_mixin.py:190} INFO - [2025-06-13T15:25:35.128-0400] {override.py:1930} INFO - Created Permission View: can delete on DAG:example_sensors
[2025-06-13T15:25:35.131-0400] {logging_mixin.py:190} INFO - [2025-06-13T15:25:35.131-0400] {override.py:1930} INFO - Created Permission View: can read on DAG Run:example_sensors
[2025-06-13T15:25:35.133-0400] {logging_mixin.py:190} INFO - [2025-06-13T15:25:35.133-0400] {override.py:1930} INFO - Created Permission View: menu access on DAG Run:example_sensors
[2025-06-13T15:25:35.136-0400] {logging_mixin.py:190} INFO - [2025-06-13T15:25:35.136-0400] {override.py:1930} INFO - Created Permission View: can delete on DAG Run:example_sensors
[2025-06-13T15:25:35.138-0400] {logging_mixin.py:190} INFO - [2025-06-13T15:25:35.138-0400] {override.py:1930} INFO - Created Permission View: can create on DAG Run:example_sensors
[2025-06-13T15:25:35.138-0400] {logging_mixin.py:190} INFO - [2025-06-13T15:25:35.138-0400] {dag.py:3239} INFO - Sync 1 DAGs
[2025-06-13T15:25:35.143-0400] {logging_mixin.py:190} INFO - [2025-06-13T15:25:35.143-0400] {dag.py:3262} INFO - Creating ORM DAG for example_sensors
[2025-06-13T15:25:35.143-0400] {logging_mixin.py:190} INFO - [2025-06-13T15:25:35.143-0400] {dag.py:4180} INFO - Setting next_dagrun for example_sensors to None, run_after=None
[2025-06-13T15:25:35.151-0400] {processor.py:208} INFO - Processing /Users/pranavr/.pyenv/versions/3.11.6/lib/python3.11/site-packages/airflow/example_dags/example_sensors.py took 615.699 seconds
[2025-06-13T15:30:53.195-0400] {processor.py:186} INFO - Started process (PID=19909) to work on /Users/pranavr/.pyenv/versions/3.11.6/lib/python3.11/site-packages/airflow/example_dags/example_sensors.py
[2025-06-13T15:30:53.197-0400] {processor.py:914} INFO - Processing file /Users/pranavr/.pyenv/versions/3.11.6/lib/python3.11/site-packages/airflow/example_dags/example_sensors.py for tasks to queue
[2025-06-13T15:30:53.197-0400] {logging_mixin.py:190} INFO - [2025-06-13T15:30:53.197-0400] {dagbag.py:588} INFO - Filling up the DagBag from /Users/pranavr/.pyenv/versions/3.11.6/lib/python3.11/site-packages/airflow/example_dags/example_sensors.py
[2025-06-13T15:30:53.206-0400] {processor.py:925} INFO - DAG(s) 'example_sensors' retrieved from /Users/pranavr/.pyenv/versions/3.11.6/lib/python3.11/site-packages/airflow/example_dags/example_sensors.py
[2025-06-13T15:30:53.750-0400] {logging_mixin.py:190} INFO - [2025-06-13T15:30:53.750-0400] {override.py:1930} INFO - Created Permission View: can edit on DAG:example_sensors
[2025-06-13T15:30:53.754-0400] {logging_mixin.py:190} INFO - [2025-06-13T15:30:53.754-0400] {override.py:1930} INFO - Created Permission View: can delete on DAG:example_sensors
[2025-06-13T15:30:53.756-0400] {logging_mixin.py:190} INFO - [2025-06-13T15:30:53.756-0400] {override.py:1930} INFO - Created Permission View: can read on DAG:example_sensors
[2025-06-13T15:30:53.758-0400] {logging_mixin.py:190} INFO - [2025-06-13T15:30:53.758-0400] {override.py:1930} INFO - Created Permission View: can delete on DAG Run:example_sensors
[2025-06-13T15:30:53.761-0400] {logging_mixin.py:190} INFO - [2025-06-13T15:30:53.761-0400] {override.py:1930} INFO - Created Permission View: can create on DAG Run:example_sensors
[2025-06-13T15:30:53.763-0400] {logging_mixin.py:190} INFO - [2025-06-13T15:30:53.763-0400] {override.py:1930} INFO - Created Permission View: can read on DAG Run:example_sensors
[2025-06-13T15:30:53.765-0400] {logging_mixin.py:190} INFO - [2025-06-13T15:30:53.765-0400] {override.py:1930} INFO - Created Permission View: menu access on DAG Run:example_sensors
[2025-06-13T15:30:53.765-0400] {logging_mixin.py:190} INFO - [2025-06-13T15:30:53.765-0400] {dag.py:3239} INFO - Sync 1 DAGs
[2025-06-13T15:30:53.769-0400] {logging_mixin.py:190} INFO - [2025-06-13T15:30:53.769-0400] {dag.py:3262} INFO - Creating ORM DAG for example_sensors
[2025-06-13T15:30:53.770-0400] {logging_mixin.py:190} INFO - [2025-06-13T15:30:53.769-0400] {dag.py:4180} INFO - Setting next_dagrun for example_sensors to None, run_after=None
[2025-06-13T15:30:53.776-0400] {processor.py:208} INFO - Processing /Users/pranavr/.pyenv/versions/3.11.6/lib/python3.11/site-packages/airflow/example_dags/example_sensors.py took 582.648 seconds
[2025-06-13T15:36:27.868-0400] {processor.py:186} INFO - Started process (PID=20504) to work on /Users/pranavr/.pyenv/versions/3.11.6/lib/python3.11/site-packages/airflow/example_dags/example_sensors.py
[2025-06-13T15:36:27.870-0400] {processor.py:914} INFO - Processing file /Users/pranavr/.pyenv/versions/3.11.6/lib/python3.11/site-packages/airflow/example_dags/example_sensors.py for tasks to queue
[2025-06-13T15:36:27.871-0400] {logging_mixin.py:190} INFO - [2025-06-13T15:36:27.871-0400] {dagbag.py:588} INFO - Filling up the DagBag from /Users/pranavr/.pyenv/versions/3.11.6/lib/python3.11/site-packages/airflow/example_dags/example_sensors.py
[2025-06-13T15:36:27.879-0400] {processor.py:925} INFO - DAG(s) 'example_sensors' retrieved from /Users/pranavr/.pyenv/versions/3.11.6/lib/python3.11/site-packages/airflow/example_dags/example_sensors.py
[2025-06-13T15:36:28.428-0400] {logging_mixin.py:190} INFO - [2025-06-13T15:36:28.428-0400] {override.py:1930} INFO - Created Permission View: can delete on DAG:example_sensors
[2025-06-13T15:36:28.433-0400] {logging_mixin.py:190} INFO - [2025-06-13T15:36:28.433-0400] {override.py:1930} INFO - Created Permission View: can edit on DAG:example_sensors
[2025-06-13T15:36:28.436-0400] {logging_mixin.py:190} INFO - [2025-06-13T15:36:28.435-0400] {override.py:1930} INFO - Created Permission View: can read on DAG:example_sensors
[2025-06-13T15:36:28.439-0400] {logging_mixin.py:190} INFO - [2025-06-13T15:36:28.439-0400] {override.py:1930} INFO - Created Permission View: can delete on DAG Run:example_sensors
[2025-06-13T15:36:28.441-0400] {logging_mixin.py:190} INFO - [2025-06-13T15:36:28.441-0400] {override.py:1930} INFO - Created Permission View: menu access on DAG Run:example_sensors
[2025-06-13T15:36:28.444-0400] {logging_mixin.py:190} INFO - [2025-06-13T15:36:28.444-0400] {override.py:1930} INFO - Created Permission View: can create on DAG Run:example_sensors
[2025-06-13T15:36:28.447-0400] {logging_mixin.py:190} INFO - [2025-06-13T15:36:28.447-0400] {override.py:1930} INFO - Created Permission View: can read on DAG Run:example_sensors
[2025-06-13T15:36:28.448-0400] {logging_mixin.py:190} INFO - [2025-06-13T15:36:28.447-0400] {dag.py:3239} INFO - Sync 1 DAGs
[2025-06-13T15:36:28.452-0400] {logging_mixin.py:190} INFO - [2025-06-13T15:36:28.452-0400] {dag.py:3262} INFO - Creating ORM DAG for example_sensors
[2025-06-13T15:36:28.452-0400] {logging_mixin.py:190} INFO - [2025-06-13T15:36:28.452-0400] {dag.py:4180} INFO - Setting next_dagrun for example_sensors to None, run_after=None
[2025-06-13T15:36:28.460-0400] {processor.py:208} INFO - Processing /Users/pranavr/.pyenv/versions/3.11.6/lib/python3.11/site-packages/airflow/example_dags/example_sensors.py took 592.924 seconds
[2025-06-13T15:38:25.817-0400] {processor.py:186} INFO - Started process (PID=20762) to work on /Users/pranavr/.pyenv/versions/3.11.6/lib/python3.11/site-packages/airflow/example_dags/example_sensors.py
[2025-06-13T15:38:25.820-0400] {processor.py:914} INFO - Processing file /Users/pranavr/.pyenv/versions/3.11.6/lib/python3.11/site-packages/airflow/example_dags/example_sensors.py for tasks to queue
[2025-06-13T15:38:25.820-0400] {logging_mixin.py:190} INFO - [2025-06-13T15:38:25.820-0400] {dagbag.py:588} INFO - Filling up the DagBag from /Users/pranavr/.pyenv/versions/3.11.6/lib/python3.11/site-packages/airflow/example_dags/example_sensors.py
[2025-06-13T15:38:25.828-0400] {processor.py:925} INFO - DAG(s) 'example_sensors' retrieved from /Users/pranavr/.pyenv/versions/3.11.6/lib/python3.11/site-packages/airflow/example_dags/example_sensors.py
[2025-06-13T15:38:26.311-0400] {logging_mixin.py:190} INFO - [2025-06-13T15:38:26.311-0400] {dag.py:3239} INFO - Sync 1 DAGs
[2025-06-13T15:38:26.316-0400] {logging_mixin.py:190} INFO - [2025-06-13T15:38:26.315-0400] {dag.py:4180} INFO - Setting next_dagrun for example_sensors to None, run_after=None
[2025-06-13T15:38:26.365-0400] {processor.py:208} INFO - Processing /Users/pranavr/.pyenv/versions/3.11.6/lib/python3.11/site-packages/airflow/example_dags/example_sensors.py took 550.004 seconds
[2025-06-13T15:41:15.908-0400] {processor.py:186} INFO - Started process (PID=21000) to work on /Users/pranavr/.pyenv/versions/3.11.6/lib/python3.11/site-packages/airflow/example_dags/example_sensors.py
[2025-06-13T15:41:15.911-0400] {processor.py:914} INFO - Processing file /Users/pranavr/.pyenv/versions/3.11.6/lib/python3.11/site-packages/airflow/example_dags/example_sensors.py for tasks to queue
[2025-06-13T15:41:15.911-0400] {logging_mixin.py:190} INFO - [2025-06-13T15:41:15.911-0400] {dagbag.py:588} INFO - Filling up the DagBag from /Users/pranavr/.pyenv/versions/3.11.6/lib/python3.11/site-packages/airflow/example_dags/example_sensors.py
[2025-06-13T15:41:15.921-0400] {processor.py:925} INFO - DAG(s) 'example_sensors' retrieved from /Users/pranavr/.pyenv/versions/3.11.6/lib/python3.11/site-packages/airflow/example_dags/example_sensors.py
[2025-06-13T15:41:16.501-0400] {logging_mixin.py:190} INFO - [2025-06-13T15:41:16.501-0400] {dag.py:3239} INFO - Sync 1 DAGs
[2025-06-13T15:41:16.511-0400] {logging_mixin.py:190} INFO - [2025-06-13T15:41:16.511-0400] {dag.py:4180} INFO - Setting next_dagrun for example_sensors to None, run_after=None
[2025-06-13T15:41:16.568-0400] {processor.py:208} INFO - Processing /Users/pranavr/.pyenv/versions/3.11.6/lib/python3.11/site-packages/airflow/example_dags/example_sensors.py took 661.559 seconds
[2025-06-13T15:43:58.345-0400] {processor.py:186} INFO - Started process (PID=21566) to work on /Users/pranavr/.pyenv/versions/3.11.6/lib/python3.11/site-packages/airflow/example_dags/example_sensors.py
[2025-06-13T15:43:58.347-0400] {processor.py:914} INFO - Processing file /Users/pranavr/.pyenv/versions/3.11.6/lib/python3.11/site-packages/airflow/example_dags/example_sensors.py for tasks to queue
[2025-06-13T15:43:58.347-0400] {logging_mixin.py:190} INFO - [2025-06-13T15:43:58.347-0400] {dagbag.py:588} INFO - Filling up the DagBag from /Users/pranavr/.pyenv/versions/3.11.6/lib/python3.11/site-packages/airflow/example_dags/example_sensors.py
[2025-06-13T15:43:58.355-0400] {processor.py:925} INFO - DAG(s) 'example_sensors' retrieved from /Users/pranavr/.pyenv/versions/3.11.6/lib/python3.11/site-packages/airflow/example_dags/example_sensors.py
[2025-06-13T15:43:58.990-0400] {logging_mixin.py:190} INFO - [2025-06-13T15:43:58.989-0400] {override.py:1930} INFO - Created Permission View: can edit on DAG:example_sensors
[2025-06-13T15:43:58.993-0400] {logging_mixin.py:190} INFO - [2025-06-13T15:43:58.993-0400] {override.py:1930} INFO - Created Permission View: can delete on DAG:example_sensors
[2025-06-13T15:43:58.996-0400] {logging_mixin.py:190} INFO - [2025-06-13T15:43:58.996-0400] {override.py:1930} INFO - Created Permission View: can read on DAG:example_sensors
[2025-06-13T15:43:59.000-0400] {logging_mixin.py:190} INFO - [2025-06-13T15:43:59.000-0400] {override.py:1930} INFO - Created Permission View: menu access on DAG Run:example_sensors
[2025-06-13T15:43:59.003-0400] {logging_mixin.py:190} INFO - [2025-06-13T15:43:59.003-0400] {override.py:1930} INFO - Created Permission View: can delete on DAG Run:example_sensors
[2025-06-13T15:43:59.006-0400] {logging_mixin.py:190} INFO - [2025-06-13T15:43:59.006-0400] {override.py:1930} INFO - Created Permission View: can read on DAG Run:example_sensors
[2025-06-13T15:43:59.008-0400] {logging_mixin.py:190} INFO - [2025-06-13T15:43:59.008-0400] {override.py:1930} INFO - Created Permission View: can create on DAG Run:example_sensors
[2025-06-13T15:43:59.008-0400] {logging_mixin.py:190} INFO - [2025-06-13T15:43:59.008-0400] {dag.py:3239} INFO - Sync 1 DAGs
[2025-06-13T15:43:59.012-0400] {logging_mixin.py:190} INFO - [2025-06-13T15:43:59.012-0400] {dag.py:3262} INFO - Creating ORM DAG for example_sensors
[2025-06-13T15:43:59.013-0400] {logging_mixin.py:190} INFO - [2025-06-13T15:43:59.013-0400] {dag.py:4180} INFO - Setting next_dagrun for example_sensors to None, run_after=None
[2025-06-13T15:43:59.020-0400] {processor.py:208} INFO - Processing /Users/pranavr/.pyenv/versions/3.11.6/lib/python3.11/site-packages/airflow/example_dags/example_sensors.py took 676.779 seconds
[2025-06-13T15:46:00.011-0400] {processor.py:186} INFO - Started process (PID=21939) to work on /Users/pranavr/.pyenv/versions/3.11.6/lib/python3.11/site-packages/airflow/example_dags/example_sensors.py
[2025-06-13T15:46:00.013-0400] {processor.py:914} INFO - Processing file /Users/pranavr/.pyenv/versions/3.11.6/lib/python3.11/site-packages/airflow/example_dags/example_sensors.py for tasks to queue
[2025-06-13T15:46:00.014-0400] {logging_mixin.py:190} INFO - [2025-06-13T15:46:00.013-0400] {dagbag.py:588} INFO - Filling up the DagBag from /Users/pranavr/.pyenv/versions/3.11.6/lib/python3.11/site-packages/airflow/example_dags/example_sensors.py
[2025-06-13T15:46:00.022-0400] {processor.py:925} INFO - DAG(s) 'example_sensors' retrieved from /Users/pranavr/.pyenv/versions/3.11.6/lib/python3.11/site-packages/airflow/example_dags/example_sensors.py
[2025-06-13T15:46:00.414-0400] {logging_mixin.py:190} INFO - [2025-06-13T15:46:00.414-0400] {dag.py:3239} INFO - Sync 1 DAGs
[2025-06-13T15:46:00.419-0400] {logging_mixin.py:190} INFO - [2025-06-13T15:46:00.419-0400] {dag.py:4180} INFO - Setting next_dagrun for example_sensors to None, run_after=None
[2025-06-13T15:46:00.469-0400] {processor.py:208} INFO - Processing /Users/pranavr/.pyenv/versions/3.11.6/lib/python3.11/site-packages/airflow/example_dags/example_sensors.py took 458.889 seconds
[2025-06-13T15:47:29.553-0400] {processor.py:186} INFO - Started process (PID=22079) to work on /Users/pranavr/.pyenv/versions/3.11.6/lib/python3.11/site-packages/airflow/example_dags/example_sensors.py
[2025-06-13T15:47:29.555-0400] {processor.py:914} INFO - Processing file /Users/pranavr/.pyenv/versions/3.11.6/lib/python3.11/site-packages/airflow/example_dags/example_sensors.py for tasks to queue
[2025-06-13T15:47:29.556-0400] {logging_mixin.py:190} INFO - [2025-06-13T15:47:29.556-0400] {dagbag.py:588} INFO - Filling up the DagBag from /Users/pranavr/.pyenv/versions/3.11.6/lib/python3.11/site-packages/airflow/example_dags/example_sensors.py
[2025-06-13T15:47:29.563-0400] {processor.py:925} INFO - DAG(s) 'example_sensors' retrieved from /Users/pranavr/.pyenv/versions/3.11.6/lib/python3.11/site-packages/airflow/example_dags/example_sensors.py
[2025-06-13T15:47:29.992-0400] {logging_mixin.py:190} INFO - [2025-06-13T15:47:29.992-0400] {dag.py:3239} INFO - Sync 1 DAGs
[2025-06-13T15:47:29.998-0400] {logging_mixin.py:190} INFO - [2025-06-13T15:47:29.998-0400] {dag.py:4180} INFO - Setting next_dagrun for example_sensors to None, run_after=None
[2025-06-13T15:47:30.050-0400] {processor.py:208} INFO - Processing /Users/pranavr/.pyenv/versions/3.11.6/lib/python3.11/site-packages/airflow/example_dags/example_sensors.py took 498.391 seconds
[2025-06-13T15:48:55.215-0400] {processor.py:186} INFO - Started process (PID=22199) to work on /Users/pranavr/.pyenv/versions/3.11.6/lib/python3.11/site-packages/airflow/example_dags/example_sensors.py
[2025-06-13T15:48:55.218-0400] {processor.py:914} INFO - Processing file /Users/pranavr/.pyenv/versions/3.11.6/lib/python3.11/site-packages/airflow/example_dags/example_sensors.py for tasks to queue
[2025-06-13T15:48:55.218-0400] {logging_mixin.py:190} INFO - [2025-06-13T15:48:55.218-0400] {dagbag.py:588} INFO - Filling up the DagBag from /Users/pranavr/.pyenv/versions/3.11.6/lib/python3.11/site-packages/airflow/example_dags/example_sensors.py
[2025-06-13T15:48:55.227-0400] {processor.py:925} INFO - DAG(s) 'example_sensors' retrieved from /Users/pranavr/.pyenv/versions/3.11.6/lib/python3.11/site-packages/airflow/example_dags/example_sensors.py
[2025-06-13T15:48:55.610-0400] {logging_mixin.py:190} INFO - [2025-06-13T15:48:55.609-0400] {dag.py:3239} INFO - Sync 1 DAGs
[2025-06-13T15:48:55.614-0400] {logging_mixin.py:190} INFO - [2025-06-13T15:48:55.614-0400] {dag.py:4180} INFO - Setting next_dagrun for example_sensors to None, run_after=None
[2025-06-13T15:48:55.672-0400] {processor.py:208} INFO - Processing /Users/pranavr/.pyenv/versions/3.11.6/lib/python3.11/site-packages/airflow/example_dags/example_sensors.py took 458.480 seconds
[2025-06-13T15:51:34.251-0400] {processor.py:186} INFO - Started process (PID=22568) to work on /Users/pranavr/.pyenv/versions/3.11.6/lib/python3.11/site-packages/airflow/example_dags/example_sensors.py
[2025-06-13T15:51:34.253-0400] {processor.py:914} INFO - Processing file /Users/pranavr/.pyenv/versions/3.11.6/lib/python3.11/site-packages/airflow/example_dags/example_sensors.py for tasks to queue
[2025-06-13T15:51:34.253-0400] {logging_mixin.py:190} INFO - [2025-06-13T15:51:34.253-0400] {dagbag.py:588} INFO - Filling up the DagBag from /Users/pranavr/.pyenv/versions/3.11.6/lib/python3.11/site-packages/airflow/example_dags/example_sensors.py
[2025-06-13T15:51:34.260-0400] {processor.py:925} INFO - DAG(s) 'example_sensors' retrieved from /Users/pranavr/.pyenv/versions/3.11.6/lib/python3.11/site-packages/airflow/example_dags/example_sensors.py
[2025-06-13T15:51:34.518-0400] {logging_mixin.py:190} INFO - [2025-06-13T15:51:34.517-0400] {dag.py:3239} INFO - Sync 1 DAGs
[2025-06-13T15:51:34.522-0400] {logging_mixin.py:190} INFO - [2025-06-13T15:51:34.522-0400] {dag.py:4180} INFO - Setting next_dagrun for example_sensors to None, run_after=None
[2025-06-13T15:51:34.564-0400] {processor.py:208} INFO - Processing /Users/pranavr/.pyenv/versions/3.11.6/lib/python3.11/site-packages/airflow/example_dags/example_sensors.py took 314.304 seconds
[2025-06-13T15:54:04.502-0400] {processor.py:186} INFO - Started process (PID=22811) to work on /Users/pranavr/.pyenv/versions/3.11.6/lib/python3.11/site-packages/airflow/example_dags/example_sensors.py
[2025-06-13T15:54:04.504-0400] {processor.py:914} INFO - Processing file /Users/pranavr/.pyenv/versions/3.11.6/lib/python3.11/site-packages/airflow/example_dags/example_sensors.py for tasks to queue
[2025-06-13T15:54:04.504-0400] {logging_mixin.py:190} INFO - [2025-06-13T15:54:04.504-0400] {dagbag.py:588} INFO - Filling up the DagBag from /Users/pranavr/.pyenv/versions/3.11.6/lib/python3.11/site-packages/airflow/example_dags/example_sensors.py
[2025-06-13T15:54:04.512-0400] {processor.py:925} INFO - DAG(s) 'example_sensors' retrieved from /Users/pranavr/.pyenv/versions/3.11.6/lib/python3.11/site-packages/airflow/example_dags/example_sensors.py
[2025-06-13T15:54:04.900-0400] {logging_mixin.py:190} INFO - [2025-06-13T15:54:04.900-0400] {dag.py:3239} INFO - Sync 1 DAGs
[2025-06-13T15:54:04.905-0400] {logging_mixin.py:190} INFO - [2025-06-13T15:54:04.905-0400] {dag.py:4180} INFO - Setting next_dagrun for example_sensors to None, run_after=None
[2025-06-13T15:54:04.949-0400] {processor.py:208} INFO - Processing /Users/pranavr/.pyenv/versions/3.11.6/lib/python3.11/site-packages/airflow/example_dags/example_sensors.py took 449.014 seconds
[2025-06-13T15:56:27.075-0400] {processor.py:186} INFO - Started process (PID=23021) to work on /Users/pranavr/.pyenv/versions/3.11.6/lib/python3.11/site-packages/airflow/example_dags/example_sensors.py
[2025-06-13T15:56:27.077-0400] {processor.py:914} INFO - Processing file /Users/pranavr/.pyenv/versions/3.11.6/lib/python3.11/site-packages/airflow/example_dags/example_sensors.py for tasks to queue
[2025-06-13T15:56:27.078-0400] {logging_mixin.py:190} INFO - [2025-06-13T15:56:27.078-0400] {dagbag.py:588} INFO - Filling up the DagBag from /Users/pranavr/.pyenv/versions/3.11.6/lib/python3.11/site-packages/airflow/example_dags/example_sensors.py
[2025-06-13T15:56:27.085-0400] {processor.py:925} INFO - DAG(s) 'example_sensors' retrieved from /Users/pranavr/.pyenv/versions/3.11.6/lib/python3.11/site-packages/airflow/example_dags/example_sensors.py
[2025-06-13T15:56:27.348-0400] {logging_mixin.py:190} INFO - [2025-06-13T15:56:27.348-0400] {dag.py:3239} INFO - Sync 1 DAGs
[2025-06-13T15:56:27.352-0400] {logging_mixin.py:190} INFO - [2025-06-13T15:56:27.352-0400] {dag.py:4180} INFO - Setting next_dagrun for example_sensors to None, run_after=None
[2025-06-13T15:56:27.393-0400] {processor.py:208} INFO - Processing /Users/pranavr/.pyenv/versions/3.11.6/lib/python3.11/site-packages/airflow/example_dags/example_sensors.py took 319.169 seconds
[2025-06-13T15:58:49.874-0400] {processor.py:186} INFO - Started process (PID=23322) to work on /Users/pranavr/.pyenv/versions/3.11.6/lib/python3.11/site-packages/airflow/example_dags/example_sensors.py
[2025-06-13T15:58:49.876-0400] {processor.py:914} INFO - Processing file /Users/pranavr/.pyenv/versions/3.11.6/lib/python3.11/site-packages/airflow/example_dags/example_sensors.py for tasks to queue
[2025-06-13T15:58:49.877-0400] {logging_mixin.py:190} INFO - [2025-06-13T15:58:49.876-0400] {dagbag.py:588} INFO - Filling up the DagBag from /Users/pranavr/.pyenv/versions/3.11.6/lib/python3.11/site-packages/airflow/example_dags/example_sensors.py
[2025-06-13T15:58:49.884-0400] {processor.py:925} INFO - DAG(s) 'example_sensors' retrieved from /Users/pranavr/.pyenv/versions/3.11.6/lib/python3.11/site-packages/airflow/example_dags/example_sensors.py
[2025-06-13T15:58:50.148-0400] {logging_mixin.py:190} INFO - [2025-06-13T15:58:50.147-0400] {dag.py:3239} INFO - Sync 1 DAGs
[2025-06-13T15:58:50.152-0400] {logging_mixin.py:190} INFO - [2025-06-13T15:58:50.152-0400] {dag.py:4180} INFO - Setting next_dagrun for example_sensors to None, run_after=None
[2025-06-13T15:58:50.194-0400] {processor.py:208} INFO - Processing /Users/pranavr/.pyenv/versions/3.11.6/lib/python3.11/site-packages/airflow/example_dags/example_sensors.py took 321.428 seconds
[2025-06-13T16:01:20.816-0400] {processor.py:186} INFO - Started process (PID=23695) to work on /Users/pranavr/.pyenv/versions/3.11.6/lib/python3.11/site-packages/airflow/example_dags/example_sensors.py
[2025-06-13T16:01:20.819-0400] {processor.py:914} INFO - Processing file /Users/pranavr/.pyenv/versions/3.11.6/lib/python3.11/site-packages/airflow/example_dags/example_sensors.py for tasks to queue
[2025-06-13T16:01:20.819-0400] {logging_mixin.py:190} INFO - [2025-06-13T16:01:20.819-0400] {dagbag.py:588} INFO - Filling up the DagBag from /Users/pranavr/.pyenv/versions/3.11.6/lib/python3.11/site-packages/airflow/example_dags/example_sensors.py
[2025-06-13T16:01:20.826-0400] {processor.py:925} INFO - DAG(s) 'example_sensors' retrieved from /Users/pranavr/.pyenv/versions/3.11.6/lib/python3.11/site-packages/airflow/example_dags/example_sensors.py
[2025-06-13T16:01:21.084-0400] {logging_mixin.py:190} INFO - [2025-06-13T16:01:21.084-0400] {dag.py:3239} INFO - Sync 1 DAGs
[2025-06-13T16:01:21.088-0400] {logging_mixin.py:190} INFO - [2025-06-13T16:01:21.088-0400] {dag.py:4180} INFO - Setting next_dagrun for example_sensors to None, run_after=None
[2025-06-13T16:01:21.131-0400] {processor.py:208} INFO - Processing /Users/pranavr/.pyenv/versions/3.11.6/lib/python3.11/site-packages/airflow/example_dags/example_sensors.py took 315.495 seconds
[2025-06-13T16:04:04.024-0400] {processor.py:186} INFO - Started process (PID=24127) to work on /Users/pranavr/.pyenv/versions/3.11.6/lib/python3.11/site-packages/airflow/example_dags/example_sensors.py
[2025-06-13T16:04:04.026-0400] {processor.py:914} INFO - Processing file /Users/pranavr/.pyenv/versions/3.11.6/lib/python3.11/site-packages/airflow/example_dags/example_sensors.py for tasks to queue
[2025-06-13T16:04:04.027-0400] {logging_mixin.py:190} INFO - [2025-06-13T16:04:04.027-0400] {dagbag.py:588} INFO - Filling up the DagBag from /Users/pranavr/.pyenv/versions/3.11.6/lib/python3.11/site-packages/airflow/example_dags/example_sensors.py
[2025-06-13T16:04:04.034-0400] {processor.py:925} INFO - DAG(s) 'example_sensors' retrieved from /Users/pranavr/.pyenv/versions/3.11.6/lib/python3.11/site-packages/airflow/example_dags/example_sensors.py
[2025-06-13T16:04:04.385-0400] {logging_mixin.py:190} INFO - [2025-06-13T16:04:04.385-0400] {dag.py:3239} INFO - Sync 1 DAGs
[2025-06-13T16:04:04.390-0400] {logging_mixin.py:190} INFO - [2025-06-13T16:04:04.390-0400] {dag.py:4180} INFO - Setting next_dagrun for example_sensors to None, run_after=None
[2025-06-13T16:04:04.445-0400] {processor.py:208} INFO - Processing /Users/pranavr/.pyenv/versions/3.11.6/lib/python3.11/site-packages/airflow/example_dags/example_sensors.py took 421.840 seconds
