[2025-06-13T14:09:51.612-0400] {processor.py:153} INFO - Started process (PID=96557) to work on /Users/pranavr/drift-retrainer/venv311/lib/python3.11/site-packages/airflow/example_dags/example_task_group_decorator.py
[2025-06-13T14:09:51.614-0400] {processor.py:743} INFO - Processing file /Users/pranavr/drift-retrainer/venv311/lib/python3.11/site-packages/airflow/example_dags/example_task_group_decorator.py for tasks to queue
[2025-06-13T14:09:51.615-0400] {logging_mixin.py:137} INFO - [2025-06-13T14:09:51.615-0400] {dagbag.py:538} INFO - Filling up the DagBag from /Users/pranavr/drift-retrainer/venv311/lib/python3.11/site-packages/airflow/example_dags/example_task_group_decorator.py
[2025-06-13T14:09:51.655-0400] {processor.py:753} INFO - DAG(s) dict_keys(['example_task_group_decorator']) retrieved from /Users/pranavr/drift-retrainer/venv311/lib/python3.11/site-packages/airflow/example_dags/example_task_group_decorator.py
[2025-06-13T14:09:52.189-0400] {logging_mixin.py:137} INFO - [2025-06-13T14:09:52.189-0400] {manager.py:504} INFO - Created Permission View: can read on DAG:example_task_group_decorator
[2025-06-13T14:09:52.193-0400] {logging_mixin.py:137} INFO - [2025-06-13T14:09:52.193-0400] {manager.py:504} INFO - Created Permission View: can delete on DAG:example_task_group_decorator
[2025-06-13T14:09:52.195-0400] {logging_mixin.py:137} INFO - [2025-06-13T14:09:52.195-0400] {manager.py:504} INFO - Created Permission View: can edit on DAG:example_task_group_decorator
[2025-06-13T14:09:52.196-0400] {logging_mixin.py:137} INFO - [2025-06-13T14:09:52.195-0400] {dag.py:2690} INFO - Sync 1 DAGs
[2025-06-13T14:09:52.200-0400] {logging_mixin.py:137} INFO - [2025-06-13T14:09:52.200-0400] {dag.py:2711} INFO - Creating ORM DAG for example_task_group_decorator
[2025-06-13T14:09:52.203-0400] {logging_mixin.py:137} INFO - [2025-06-13T14:09:52.203-0400] {dag.py:3437} INFO - Setting next_dagrun for example_task_group_decorator to 2025-06-12T18:09:52.203509+00:00, run_after=2025-06-13T18:09:52.203509+00:00
[2025-06-13T14:09:52.211-0400] {processor.py:175} INFO - Processing /Users/pranavr/drift-retrainer/venv311/lib/python3.11/site-packages/airflow/example_dags/example_task_group_decorator.py took 0.599 seconds
[2025-06-13T14:11:20.692-0400] {processor.py:153} INFO - Started process (PID=97323) to work on /Users/pranavr/drift-retrainer/venv311/lib/python3.11/site-packages/airflow/example_dags/example_task_group_decorator.py
[2025-06-13T14:11:20.694-0400] {processor.py:743} INFO - Processing file /Users/pranavr/drift-retrainer/venv311/lib/python3.11/site-packages/airflow/example_dags/example_task_group_decorator.py for tasks to queue
[2025-06-13T14:11:20.694-0400] {logging_mixin.py:137} INFO - [2025-06-13T14:11:20.694-0400] {dagbag.py:538} INFO - Filling up the DagBag from /Users/pranavr/drift-retrainer/venv311/lib/python3.11/site-packages/airflow/example_dags/example_task_group_decorator.py
[2025-06-13T14:11:20.722-0400] {processor.py:753} INFO - DAG(s) dict_keys(['example_task_group_decorator']) retrieved from /Users/pranavr/drift-retrainer/venv311/lib/python3.11/site-packages/airflow/example_dags/example_task_group_decorator.py
[2025-06-13T14:11:21.248-0400] {logging_mixin.py:137} INFO - [2025-06-13T14:11:21.248-0400] {dag.py:2690} INFO - Sync 1 DAGs
[2025-06-13T14:11:21.258-0400] {logging_mixin.py:137} INFO - [2025-06-13T14:11:21.258-0400] {dag.py:3437} INFO - Setting next_dagrun for example_task_group_decorator to 2025-06-12T18:11:21.258344+00:00, run_after=2025-06-13T18:11:21.258344+00:00
[2025-06-13T14:11:21.267-0400] {processor.py:175} INFO - Processing /Users/pranavr/drift-retrainer/venv311/lib/python3.11/site-packages/airflow/example_dags/example_task_group_decorator.py took 0.576 seconds
[2025-06-13T14:12:21.807-0400] {processor.py:153} INFO - Started process (PID=97727) to work on /Users/pranavr/drift-retrainer/venv311/lib/python3.11/site-packages/airflow/example_dags/example_task_group_decorator.py
[2025-06-13T14:12:21.815-0400] {processor.py:743} INFO - Processing file /Users/pranavr/drift-retrainer/venv311/lib/python3.11/site-packages/airflow/example_dags/example_task_group_decorator.py for tasks to queue
[2025-06-13T14:12:21.816-0400] {logging_mixin.py:137} INFO - [2025-06-13T14:12:21.816-0400] {dagbag.py:538} INFO - Filling up the DagBag from /Users/pranavr/drift-retrainer/venv311/lib/python3.11/site-packages/airflow/example_dags/example_task_group_decorator.py
[2025-06-13T14:12:21.867-0400] {processor.py:753} INFO - DAG(s) dict_keys(['example_task_group_decorator']) retrieved from /Users/pranavr/drift-retrainer/venv311/lib/python3.11/site-packages/airflow/example_dags/example_task_group_decorator.py
[2025-06-13T14:12:22.447-0400] {logging_mixin.py:137} INFO - [2025-06-13T14:12:22.447-0400] {dag.py:2690} INFO - Sync 1 DAGs
[2025-06-13T14:12:22.454-0400] {logging_mixin.py:137} INFO - [2025-06-13T14:12:22.454-0400] {dag.py:3437} INFO - Setting next_dagrun for example_task_group_decorator to 2025-06-12T18:12:22.454342+00:00, run_after=2025-06-13T18:12:22.454342+00:00
[2025-06-13T14:12:22.461-0400] {processor.py:175} INFO - Processing /Users/pranavr/drift-retrainer/venv311/lib/python3.11/site-packages/airflow/example_dags/example_task_group_decorator.py took 0.656 seconds
[2025-06-13T14:14:10.860-0400] {processor.py:153} INFO - Started process (PID=98010) to work on /Users/pranavr/drift-retrainer/venv311/lib/python3.11/site-packages/airflow/example_dags/example_task_group_decorator.py
[2025-06-13T14:14:10.862-0400] {processor.py:743} INFO - Processing file /Users/pranavr/drift-retrainer/venv311/lib/python3.11/site-packages/airflow/example_dags/example_task_group_decorator.py for tasks to queue
[2025-06-13T14:14:10.863-0400] {logging_mixin.py:137} INFO - [2025-06-13T14:14:10.863-0400] {dagbag.py:538} INFO - Filling up the DagBag from /Users/pranavr/drift-retrainer/venv311/lib/python3.11/site-packages/airflow/example_dags/example_task_group_decorator.py
[2025-06-13T14:14:10.891-0400] {processor.py:753} INFO - DAG(s) dict_keys(['example_task_group_decorator']) retrieved from /Users/pranavr/drift-retrainer/venv311/lib/python3.11/site-packages/airflow/example_dags/example_task_group_decorator.py
[2025-06-13T14:14:11.344-0400] {logging_mixin.py:137} INFO - [2025-06-13T14:14:11.344-0400] {dag.py:2690} INFO - Sync 1 DAGs
[2025-06-13T14:14:11.352-0400] {logging_mixin.py:137} INFO - [2025-06-13T14:14:11.352-0400] {dag.py:3437} INFO - Setting next_dagrun for example_task_group_decorator to 2025-06-12T18:14:11.352298+00:00, run_after=2025-06-13T18:14:11.352298+00:00
[2025-06-13T14:14:11.361-0400] {processor.py:175} INFO - Processing /Users/pranavr/drift-retrainer/venv311/lib/python3.11/site-packages/airflow/example_dags/example_task_group_decorator.py took 0.501 seconds
[2025-06-13T14:16:05.559-0400] {processor.py:153} INFO - Started process (PID=3342) to work on /Users/pranavr/drift-retrainer/venv311/lib/python3.11/site-packages/airflow/example_dags/example_task_group_decorator.py
[2025-06-13T14:16:05.564-0400] {processor.py:743} INFO - Processing file /Users/pranavr/drift-retrainer/venv311/lib/python3.11/site-packages/airflow/example_dags/example_task_group_decorator.py for tasks to queue
[2025-06-13T14:16:05.566-0400] {logging_mixin.py:137} INFO - [2025-06-13T14:16:05.564-0400] {dagbag.py:538} INFO - Filling up the DagBag from /Users/pranavr/drift-retrainer/venv311/lib/python3.11/site-packages/airflow/example_dags/example_task_group_decorator.py
[2025-06-13T14:16:05.599-0400] {processor.py:753} INFO - DAG(s) dict_keys(['example_task_group_decorator']) retrieved from /Users/pranavr/drift-retrainer/venv311/lib/python3.11/site-packages/airflow/example_dags/example_task_group_decorator.py
[2025-06-13T14:16:06.047-0400] {logging_mixin.py:137} INFO - [2025-06-13T14:16:06.047-0400] {dag.py:2690} INFO - Sync 1 DAGs
[2025-06-13T14:16:06.054-0400] {logging_mixin.py:137} INFO - [2025-06-13T14:16:06.054-0400] {dag.py:3437} INFO - Setting next_dagrun for example_task_group_decorator to 2025-06-12T18:16:06.054615+00:00, run_after=2025-06-13T18:16:06.054615+00:00
[2025-06-13T14:16:06.062-0400] {processor.py:175} INFO - Processing /Users/pranavr/drift-retrainer/venv311/lib/python3.11/site-packages/airflow/example_dags/example_task_group_decorator.py took 0.505 seconds
[2025-06-13T14:17:04.668-0400] {processor.py:153} INFO - Started process (PID=3972) to work on /Users/pranavr/drift-retrainer/venv311/lib/python3.11/site-packages/airflow/example_dags/example_task_group_decorator.py
[2025-06-13T14:17:04.673-0400] {processor.py:743} INFO - Processing file /Users/pranavr/drift-retrainer/venv311/lib/python3.11/site-packages/airflow/example_dags/example_task_group_decorator.py for tasks to queue
[2025-06-13T14:17:04.673-0400] {logging_mixin.py:137} INFO - [2025-06-13T14:17:04.673-0400] {dagbag.py:538} INFO - Filling up the DagBag from /Users/pranavr/drift-retrainer/venv311/lib/python3.11/site-packages/airflow/example_dags/example_task_group_decorator.py
[2025-06-13T14:17:04.703-0400] {processor.py:753} INFO - DAG(s) dict_keys(['example_task_group_decorator']) retrieved from /Users/pranavr/drift-retrainer/venv311/lib/python3.11/site-packages/airflow/example_dags/example_task_group_decorator.py
[2025-06-13T14:17:05.180-0400] {logging_mixin.py:137} INFO - [2025-06-13T14:17:05.180-0400] {dag.py:2690} INFO - Sync 1 DAGs
[2025-06-13T14:17:05.188-0400] {logging_mixin.py:137} INFO - [2025-06-13T14:17:05.188-0400] {dag.py:3437} INFO - Setting next_dagrun for example_task_group_decorator to 2025-06-12T18:17:05.188193+00:00, run_after=2025-06-13T18:17:05.188193+00:00
[2025-06-13T14:17:05.196-0400] {processor.py:175} INFO - Processing /Users/pranavr/drift-retrainer/venv311/lib/python3.11/site-packages/airflow/example_dags/example_task_group_decorator.py took 0.528 seconds
[2025-06-13T14:19:00.148-0400] {processor.py:153} INFO - Started process (PID=6429) to work on /Users/pranavr/drift-retrainer/venv311/lib/python3.11/site-packages/airflow/example_dags/example_task_group_decorator.py
[2025-06-13T14:19:00.155-0400] {processor.py:743} INFO - Processing file /Users/pranavr/drift-retrainer/venv311/lib/python3.11/site-packages/airflow/example_dags/example_task_group_decorator.py for tasks to queue
[2025-06-13T14:19:00.170-0400] {logging_mixin.py:137} INFO - [2025-06-13T14:19:00.167-0400] {dagbag.py:538} INFO - Filling up the DagBag from /Users/pranavr/drift-retrainer/venv311/lib/python3.11/site-packages/airflow/example_dags/example_task_group_decorator.py
[2025-06-13T14:19:00.268-0400] {processor.py:753} INFO - DAG(s) dict_keys(['example_task_group_decorator']) retrieved from /Users/pranavr/drift-retrainer/venv311/lib/python3.11/site-packages/airflow/example_dags/example_task_group_decorator.py
[2025-06-13T14:19:00.763-0400] {logging_mixin.py:137} INFO - [2025-06-13T14:19:00.763-0400] {dag.py:2690} INFO - Sync 1 DAGs
[2025-06-13T14:19:00.773-0400] {logging_mixin.py:137} INFO - [2025-06-13T14:19:00.773-0400] {dag.py:3437} INFO - Setting next_dagrun for example_task_group_decorator to 2025-06-12T18:19:00.773006+00:00, run_after=2025-06-13T18:19:00.773006+00:00
[2025-06-13T14:19:00.784-0400] {processor.py:175} INFO - Processing /Users/pranavr/drift-retrainer/venv311/lib/python3.11/site-packages/airflow/example_dags/example_task_group_decorator.py took 0.636 seconds
[2025-06-13T14:20:01.695-0400] {processor.py:153} INFO - Started process (PID=6594) to work on /Users/pranavr/drift-retrainer/venv311/lib/python3.11/site-packages/airflow/example_dags/example_task_group_decorator.py
[2025-06-13T14:20:01.698-0400] {processor.py:743} INFO - Processing file /Users/pranavr/drift-retrainer/venv311/lib/python3.11/site-packages/airflow/example_dags/example_task_group_decorator.py for tasks to queue
[2025-06-13T14:20:01.698-0400] {logging_mixin.py:137} INFO - [2025-06-13T14:20:01.698-0400] {dagbag.py:538} INFO - Filling up the DagBag from /Users/pranavr/drift-retrainer/venv311/lib/python3.11/site-packages/airflow/example_dags/example_task_group_decorator.py
[2025-06-13T14:20:01.736-0400] {processor.py:753} INFO - DAG(s) dict_keys(['example_task_group_decorator']) retrieved from /Users/pranavr/drift-retrainer/venv311/lib/python3.11/site-packages/airflow/example_dags/example_task_group_decorator.py
[2025-06-13T14:20:02.223-0400] {logging_mixin.py:137} INFO - [2025-06-13T14:20:02.223-0400] {dag.py:2690} INFO - Sync 1 DAGs
[2025-06-13T14:20:02.230-0400] {logging_mixin.py:137} INFO - [2025-06-13T14:20:02.230-0400] {dag.py:3437} INFO - Setting next_dagrun for example_task_group_decorator to 2025-06-12T18:20:02.230497+00:00, run_after=2025-06-13T18:20:02.230497+00:00
[2025-06-13T14:20:02.242-0400] {processor.py:175} INFO - Processing /Users/pranavr/drift-retrainer/venv311/lib/python3.11/site-packages/airflow/example_dags/example_task_group_decorator.py took 0.547 seconds
[2025-06-13T14:21:54.402-0400] {processor.py:186} INFO - Started process (PID=7522) to work on /Users/pranavr/.pyenv/versions/3.11.6/lib/python3.11/site-packages/airflow/example_dags/example_task_group_decorator.py
[2025-06-13T14:21:54.404-0400] {processor.py:914} INFO - Processing file /Users/pranavr/.pyenv/versions/3.11.6/lib/python3.11/site-packages/airflow/example_dags/example_task_group_decorator.py for tasks to queue
[2025-06-13T14:21:54.405-0400] {logging_mixin.py:190} INFO - [2025-06-13T14:21:54.405-0400] {dagbag.py:588} INFO - Filling up the DagBag from /Users/pranavr/.pyenv/versions/3.11.6/lib/python3.11/site-packages/airflow/example_dags/example_task_group_decorator.py
[2025-06-13T14:21:54.429-0400] {processor.py:925} INFO - DAG(s) 'example_task_group_decorator' retrieved from /Users/pranavr/.pyenv/versions/3.11.6/lib/python3.11/site-packages/airflow/example_dags/example_task_group_decorator.py
[2025-06-13T14:21:54.553-0400] {logging_mixin.py:190} INFO - [2025-06-13T14:21:54.553-0400] {dag.py:3239} INFO - Sync 1 DAGs
[2025-06-13T14:21:54.559-0400] {logging_mixin.py:190} INFO - [2025-06-13T14:21:54.558-0400] {dag.py:4180} INFO - Setting next_dagrun for example_task_group_decorator to None, run_after=None
[2025-06-13T14:21:54.571-0400] {processor.py:208} INFO - Processing /Users/pranavr/.pyenv/versions/3.11.6/lib/python3.11/site-packages/airflow/example_dags/example_task_group_decorator.py took 170.306 seconds
[2025-06-13T14:24:00.815-0400] {processor.py:186} INFO - Started process (PID=7878) to work on /Users/pranavr/.pyenv/versions/3.11.6/lib/python3.11/site-packages/airflow/example_dags/example_task_group_decorator.py
[2025-06-13T14:24:00.818-0400] {processor.py:914} INFO - Processing file /Users/pranavr/.pyenv/versions/3.11.6/lib/python3.11/site-packages/airflow/example_dags/example_task_group_decorator.py for tasks to queue
[2025-06-13T14:24:00.818-0400] {logging_mixin.py:190} INFO - [2025-06-13T14:24:00.818-0400] {dagbag.py:588} INFO - Filling up the DagBag from /Users/pranavr/.pyenv/versions/3.11.6/lib/python3.11/site-packages/airflow/example_dags/example_task_group_decorator.py
[2025-06-13T14:24:00.840-0400] {processor.py:925} INFO - DAG(s) 'example_task_group_decorator' retrieved from /Users/pranavr/.pyenv/versions/3.11.6/lib/python3.11/site-packages/airflow/example_dags/example_task_group_decorator.py
[2025-06-13T14:24:00.924-0400] {logging_mixin.py:190} INFO - [2025-06-13T14:24:00.924-0400] {dag.py:3239} INFO - Sync 1 DAGs
[2025-06-13T14:24:00.930-0400] {logging_mixin.py:190} INFO - [2025-06-13T14:24:00.929-0400] {dag.py:4180} INFO - Setting next_dagrun for example_task_group_decorator to None, run_after=None
[2025-06-13T14:24:00.939-0400] {processor.py:208} INFO - Processing /Users/pranavr/.pyenv/versions/3.11.6/lib/python3.11/site-packages/airflow/example_dags/example_task_group_decorator.py took 126.062 seconds
[2025-06-13T14:25:31.603-0400] {processor.py:186} INFO - Started process (PID=7994) to work on /Users/pranavr/.pyenv/versions/3.11.6/lib/python3.11/site-packages/airflow/example_dags/example_task_group_decorator.py
[2025-06-13T14:25:31.606-0400] {processor.py:914} INFO - Processing file /Users/pranavr/.pyenv/versions/3.11.6/lib/python3.11/site-packages/airflow/example_dags/example_task_group_decorator.py for tasks to queue
[2025-06-13T14:25:31.607-0400] {logging_mixin.py:190} INFO - [2025-06-13T14:25:31.606-0400] {dagbag.py:588} INFO - Filling up the DagBag from /Users/pranavr/.pyenv/versions/3.11.6/lib/python3.11/site-packages/airflow/example_dags/example_task_group_decorator.py
[2025-06-13T14:25:31.629-0400] {processor.py:925} INFO - DAG(s) 'example_task_group_decorator' retrieved from /Users/pranavr/.pyenv/versions/3.11.6/lib/python3.11/site-packages/airflow/example_dags/example_task_group_decorator.py
[2025-06-13T14:25:31.725-0400] {logging_mixin.py:190} INFO - [2025-06-13T14:25:31.725-0400] {dag.py:3239} INFO - Sync 1 DAGs
[2025-06-13T14:25:31.731-0400] {logging_mixin.py:190} INFO - [2025-06-13T14:25:31.731-0400] {dag.py:4180} INFO - Setting next_dagrun for example_task_group_decorator to None, run_after=None
[2025-06-13T14:25:31.738-0400] {processor.py:208} INFO - Processing /Users/pranavr/.pyenv/versions/3.11.6/lib/python3.11/site-packages/airflow/example_dags/example_task_group_decorator.py took 138.018 seconds
[2025-06-13T14:27:04.557-0400] {processor.py:186} INFO - Started process (PID=8103) to work on /Users/pranavr/.pyenv/versions/3.11.6/lib/python3.11/site-packages/airflow/example_dags/example_task_group_decorator.py
[2025-06-13T14:27:04.559-0400] {processor.py:914} INFO - Processing file /Users/pranavr/.pyenv/versions/3.11.6/lib/python3.11/site-packages/airflow/example_dags/example_task_group_decorator.py for tasks to queue
[2025-06-13T14:27:04.561-0400] {logging_mixin.py:190} INFO - [2025-06-13T14:27:04.561-0400] {dagbag.py:588} INFO - Filling up the DagBag from /Users/pranavr/.pyenv/versions/3.11.6/lib/python3.11/site-packages/airflow/example_dags/example_task_group_decorator.py
[2025-06-13T14:27:04.583-0400] {processor.py:925} INFO - DAG(s) 'example_task_group_decorator' retrieved from /Users/pranavr/.pyenv/versions/3.11.6/lib/python3.11/site-packages/airflow/example_dags/example_task_group_decorator.py
[2025-06-13T14:27:04.669-0400] {logging_mixin.py:190} INFO - [2025-06-13T14:27:04.669-0400] {dag.py:3239} INFO - Sync 1 DAGs
[2025-06-13T14:27:04.675-0400] {logging_mixin.py:190} INFO - [2025-06-13T14:27:04.674-0400] {dag.py:4180} INFO - Setting next_dagrun for example_task_group_decorator to None, run_after=None
[2025-06-13T14:27:04.683-0400] {processor.py:208} INFO - Processing /Users/pranavr/.pyenv/versions/3.11.6/lib/python3.11/site-packages/airflow/example_dags/example_task_group_decorator.py took 127.385 seconds
[2025-06-13T14:28:34.361-0400] {processor.py:186} INFO - Started process (PID=8801) to work on /Users/pranavr/.pyenv/versions/3.11.6/lib/python3.11/site-packages/airflow/example_dags/example_task_group_decorator.py
[2025-06-13T14:28:34.363-0400] {processor.py:914} INFO - Processing file /Users/pranavr/.pyenv/versions/3.11.6/lib/python3.11/site-packages/airflow/example_dags/example_task_group_decorator.py for tasks to queue
[2025-06-13T14:28:34.364-0400] {logging_mixin.py:190} INFO - [2025-06-13T14:28:34.364-0400] {dagbag.py:588} INFO - Filling up the DagBag from /Users/pranavr/.pyenv/versions/3.11.6/lib/python3.11/site-packages/airflow/example_dags/example_task_group_decorator.py
[2025-06-13T14:28:34.390-0400] {processor.py:925} INFO - DAG(s) 'example_task_group_decorator' retrieved from /Users/pranavr/.pyenv/versions/3.11.6/lib/python3.11/site-packages/airflow/example_dags/example_task_group_decorator.py
[2025-06-13T14:28:34.482-0400] {logging_mixin.py:190} INFO - [2025-06-13T14:28:34.482-0400] {dag.py:3239} INFO - Sync 1 DAGs
[2025-06-13T14:28:34.488-0400] {logging_mixin.py:190} INFO - [2025-06-13T14:28:34.488-0400] {dag.py:4180} INFO - Setting next_dagrun for example_task_group_decorator to None, run_after=None
[2025-06-13T14:28:34.504-0400] {processor.py:208} INFO - Processing /Users/pranavr/.pyenv/versions/3.11.6/lib/python3.11/site-packages/airflow/example_dags/example_task_group_decorator.py took 146.162 seconds
[2025-06-13T14:30:06.771-0400] {processor.py:186} INFO - Started process (PID=8932) to work on /Users/pranavr/.pyenv/versions/3.11.6/lib/python3.11/site-packages/airflow/example_dags/example_task_group_decorator.py
[2025-06-13T14:30:06.774-0400] {processor.py:914} INFO - Processing file /Users/pranavr/.pyenv/versions/3.11.6/lib/python3.11/site-packages/airflow/example_dags/example_task_group_decorator.py for tasks to queue
[2025-06-13T14:30:06.775-0400] {logging_mixin.py:190} INFO - [2025-06-13T14:30:06.775-0400] {dagbag.py:588} INFO - Filling up the DagBag from /Users/pranavr/.pyenv/versions/3.11.6/lib/python3.11/site-packages/airflow/example_dags/example_task_group_decorator.py
[2025-06-13T14:30:06.800-0400] {processor.py:925} INFO - DAG(s) 'example_task_group_decorator' retrieved from /Users/pranavr/.pyenv/versions/3.11.6/lib/python3.11/site-packages/airflow/example_dags/example_task_group_decorator.py
[2025-06-13T14:30:06.885-0400] {logging_mixin.py:190} INFO - [2025-06-13T14:30:06.885-0400] {dag.py:3239} INFO - Sync 1 DAGs
[2025-06-13T14:30:06.891-0400] {logging_mixin.py:190} INFO - [2025-06-13T14:30:06.891-0400] {dag.py:4180} INFO - Setting next_dagrun for example_task_group_decorator to None, run_after=None
[2025-06-13T14:30:06.903-0400] {processor.py:208} INFO - Processing /Users/pranavr/.pyenv/versions/3.11.6/lib/python3.11/site-packages/airflow/example_dags/example_task_group_decorator.py took 133.530 seconds
[2025-06-13T14:31:35.337-0400] {processor.py:186} INFO - Started process (PID=9363) to work on /Users/pranavr/.pyenv/versions/3.11.6/lib/python3.11/site-packages/airflow/example_dags/example_task_group_decorator.py
[2025-06-13T14:31:35.339-0400] {processor.py:914} INFO - Processing file /Users/pranavr/.pyenv/versions/3.11.6/lib/python3.11/site-packages/airflow/example_dags/example_task_group_decorator.py for tasks to queue
[2025-06-13T14:31:35.340-0400] {logging_mixin.py:190} INFO - [2025-06-13T14:31:35.340-0400] {dagbag.py:588} INFO - Filling up the DagBag from /Users/pranavr/.pyenv/versions/3.11.6/lib/python3.11/site-packages/airflow/example_dags/example_task_group_decorator.py
[2025-06-13T14:31:35.366-0400] {processor.py:925} INFO - DAG(s) 'example_task_group_decorator' retrieved from /Users/pranavr/.pyenv/versions/3.11.6/lib/python3.11/site-packages/airflow/example_dags/example_task_group_decorator.py
[2025-06-13T14:31:35.449-0400] {logging_mixin.py:190} INFO - [2025-06-13T14:31:35.449-0400] {dag.py:3239} INFO - Sync 1 DAGs
[2025-06-13T14:31:35.455-0400] {logging_mixin.py:190} INFO - [2025-06-13T14:31:35.455-0400] {dag.py:4180} INFO - Setting next_dagrun for example_task_group_decorator to None, run_after=None
[2025-06-13T14:31:35.467-0400] {processor.py:208} INFO - Processing /Users/pranavr/.pyenv/versions/3.11.6/lib/python3.11/site-packages/airflow/example_dags/example_task_group_decorator.py took 131.218 seconds
[2025-06-13T14:33:08.280-0400] {processor.py:186} INFO - Started process (PID=9586) to work on /Users/pranavr/.pyenv/versions/3.11.6/lib/python3.11/site-packages/airflow/example_dags/example_task_group_decorator.py
[2025-06-13T14:33:08.282-0400] {processor.py:914} INFO - Processing file /Users/pranavr/.pyenv/versions/3.11.6/lib/python3.11/site-packages/airflow/example_dags/example_task_group_decorator.py for tasks to queue
[2025-06-13T14:33:08.283-0400] {logging_mixin.py:190} INFO - [2025-06-13T14:33:08.283-0400] {dagbag.py:588} INFO - Filling up the DagBag from /Users/pranavr/.pyenv/versions/3.11.6/lib/python3.11/site-packages/airflow/example_dags/example_task_group_decorator.py
[2025-06-13T14:33:08.308-0400] {processor.py:925} INFO - DAG(s) 'example_task_group_decorator' retrieved from /Users/pranavr/.pyenv/versions/3.11.6/lib/python3.11/site-packages/airflow/example_dags/example_task_group_decorator.py
[2025-06-13T14:33:08.401-0400] {logging_mixin.py:190} INFO - [2025-06-13T14:33:08.400-0400] {dag.py:3239} INFO - Sync 1 DAGs
[2025-06-13T14:33:08.406-0400] {logging_mixin.py:190} INFO - [2025-06-13T14:33:08.406-0400] {dag.py:4180} INFO - Setting next_dagrun for example_task_group_decorator to None, run_after=None
[2025-06-13T14:33:08.415-0400] {processor.py:208} INFO - Processing /Users/pranavr/.pyenv/versions/3.11.6/lib/python3.11/site-packages/airflow/example_dags/example_task_group_decorator.py took 136.522 seconds
[2025-06-13T14:34:38.194-0400] {processor.py:186} INFO - Started process (PID=10039) to work on /Users/pranavr/.pyenv/versions/3.11.6/lib/python3.11/site-packages/airflow/example_dags/example_task_group_decorator.py
[2025-06-13T14:34:38.197-0400] {processor.py:914} INFO - Processing file /Users/pranavr/.pyenv/versions/3.11.6/lib/python3.11/site-packages/airflow/example_dags/example_task_group_decorator.py for tasks to queue
[2025-06-13T14:34:38.198-0400] {logging_mixin.py:190} INFO - [2025-06-13T14:34:38.198-0400] {dagbag.py:588} INFO - Filling up the DagBag from /Users/pranavr/.pyenv/versions/3.11.6/lib/python3.11/site-packages/airflow/example_dags/example_task_group_decorator.py
[2025-06-13T14:34:38.220-0400] {processor.py:925} INFO - DAG(s) 'example_task_group_decorator' retrieved from /Users/pranavr/.pyenv/versions/3.11.6/lib/python3.11/site-packages/airflow/example_dags/example_task_group_decorator.py
[2025-06-13T14:34:38.307-0400] {logging_mixin.py:190} INFO - [2025-06-13T14:34:38.306-0400] {dag.py:3239} INFO - Sync 1 DAGs
[2025-06-13T14:34:38.312-0400] {logging_mixin.py:190} INFO - [2025-06-13T14:34:38.312-0400] {dag.py:4180} INFO - Setting next_dagrun for example_task_group_decorator to None, run_after=None
[2025-06-13T14:34:38.322-0400] {processor.py:208} INFO - Processing /Users/pranavr/.pyenv/versions/3.11.6/lib/python3.11/site-packages/airflow/example_dags/example_task_group_decorator.py took 129.299 seconds
[2025-06-13T14:36:10.195-0400] {processor.py:186} INFO - Started process (PID=10834) to work on /Users/pranavr/.pyenv/versions/3.11.6/lib/python3.11/site-packages/airflow/example_dags/example_task_group_decorator.py
[2025-06-13T14:36:10.197-0400] {processor.py:914} INFO - Processing file /Users/pranavr/.pyenv/versions/3.11.6/lib/python3.11/site-packages/airflow/example_dags/example_task_group_decorator.py for tasks to queue
[2025-06-13T14:36:10.198-0400] {logging_mixin.py:190} INFO - [2025-06-13T14:36:10.198-0400] {dagbag.py:588} INFO - Filling up the DagBag from /Users/pranavr/.pyenv/versions/3.11.6/lib/python3.11/site-packages/airflow/example_dags/example_task_group_decorator.py
[2025-06-13T14:36:10.221-0400] {processor.py:925} INFO - DAG(s) 'example_task_group_decorator' retrieved from /Users/pranavr/.pyenv/versions/3.11.6/lib/python3.11/site-packages/airflow/example_dags/example_task_group_decorator.py
[2025-06-13T14:36:10.307-0400] {logging_mixin.py:190} INFO - [2025-06-13T14:36:10.307-0400] {dag.py:3239} INFO - Sync 1 DAGs
[2025-06-13T14:36:10.312-0400] {logging_mixin.py:190} INFO - [2025-06-13T14:36:10.312-0400] {dag.py:4180} INFO - Setting next_dagrun for example_task_group_decorator to None, run_after=None
[2025-06-13T14:36:10.320-0400] {processor.py:208} INFO - Processing /Users/pranavr/.pyenv/versions/3.11.6/lib/python3.11/site-packages/airflow/example_dags/example_task_group_decorator.py took 126.013 seconds
[2025-06-13T14:37:41.072-0400] {processor.py:186} INFO - Started process (PID=11109) to work on /Users/pranavr/.pyenv/versions/3.11.6/lib/python3.11/site-packages/airflow/example_dags/example_task_group_decorator.py
[2025-06-13T14:37:41.076-0400] {processor.py:914} INFO - Processing file /Users/pranavr/.pyenv/versions/3.11.6/lib/python3.11/site-packages/airflow/example_dags/example_task_group_decorator.py for tasks to queue
[2025-06-13T14:37:41.077-0400] {logging_mixin.py:190} INFO - [2025-06-13T14:37:41.077-0400] {dagbag.py:588} INFO - Filling up the DagBag from /Users/pranavr/.pyenv/versions/3.11.6/lib/python3.11/site-packages/airflow/example_dags/example_task_group_decorator.py
[2025-06-13T14:37:41.098-0400] {processor.py:925} INFO - DAG(s) 'example_task_group_decorator' retrieved from /Users/pranavr/.pyenv/versions/3.11.6/lib/python3.11/site-packages/airflow/example_dags/example_task_group_decorator.py
[2025-06-13T14:37:41.181-0400] {logging_mixin.py:190} INFO - [2025-06-13T14:37:41.181-0400] {dag.py:3239} INFO - Sync 1 DAGs
[2025-06-13T14:37:41.187-0400] {logging_mixin.py:190} INFO - [2025-06-13T14:37:41.187-0400] {dag.py:4180} INFO - Setting next_dagrun for example_task_group_decorator to None, run_after=None
[2025-06-13T14:37:41.197-0400] {processor.py:208} INFO - Processing /Users/pranavr/.pyenv/versions/3.11.6/lib/python3.11/site-packages/airflow/example_dags/example_task_group_decorator.py took 126.868 seconds
[2025-06-13T14:39:09.089-0400] {processor.py:186} INFO - Started process (PID=11338) to work on /Users/pranavr/.pyenv/versions/3.11.6/lib/python3.11/site-packages/airflow/example_dags/example_task_group_decorator.py
[2025-06-13T14:39:09.091-0400] {processor.py:914} INFO - Processing file /Users/pranavr/.pyenv/versions/3.11.6/lib/python3.11/site-packages/airflow/example_dags/example_task_group_decorator.py for tasks to queue
[2025-06-13T14:39:09.091-0400] {logging_mixin.py:190} INFO - [2025-06-13T14:39:09.091-0400] {dagbag.py:588} INFO - Filling up the DagBag from /Users/pranavr/.pyenv/versions/3.11.6/lib/python3.11/site-packages/airflow/example_dags/example_task_group_decorator.py
[2025-06-13T14:39:09.110-0400] {processor.py:925} INFO - DAG(s) 'example_task_group_decorator' retrieved from /Users/pranavr/.pyenv/versions/3.11.6/lib/python3.11/site-packages/airflow/example_dags/example_task_group_decorator.py
[2025-06-13T14:39:09.179-0400] {logging_mixin.py:190} INFO - [2025-06-13T14:39:09.179-0400] {dag.py:3239} INFO - Sync 1 DAGs
[2025-06-13T14:39:09.184-0400] {logging_mixin.py:190} INFO - [2025-06-13T14:39:09.184-0400] {dag.py:4180} INFO - Setting next_dagrun for example_task_group_decorator to None, run_after=None
[2025-06-13T14:39:09.194-0400] {processor.py:208} INFO - Processing /Users/pranavr/.pyenv/versions/3.11.6/lib/python3.11/site-packages/airflow/example_dags/example_task_group_decorator.py took 105.916 seconds
[2025-06-13T14:40:29.070-0400] {processor.py:186} INFO - Started process (PID=11595) to work on /Users/pranavr/.pyenv/versions/3.11.6/lib/python3.11/site-packages/airflow/example_dags/example_task_group_decorator.py
[2025-06-13T14:40:29.072-0400] {processor.py:914} INFO - Processing file /Users/pranavr/.pyenv/versions/3.11.6/lib/python3.11/site-packages/airflow/example_dags/example_task_group_decorator.py for tasks to queue
[2025-06-13T14:40:29.072-0400] {logging_mixin.py:190} INFO - [2025-06-13T14:40:29.072-0400] {dagbag.py:588} INFO - Filling up the DagBag from /Users/pranavr/.pyenv/versions/3.11.6/lib/python3.11/site-packages/airflow/example_dags/example_task_group_decorator.py
[2025-06-13T14:40:29.089-0400] {processor.py:925} INFO - DAG(s) 'example_task_group_decorator' retrieved from /Users/pranavr/.pyenv/versions/3.11.6/lib/python3.11/site-packages/airflow/example_dags/example_task_group_decorator.py
[2025-06-13T14:40:29.158-0400] {logging_mixin.py:190} INFO - [2025-06-13T14:40:29.158-0400] {dag.py:3239} INFO - Sync 1 DAGs
[2025-06-13T14:40:29.162-0400] {logging_mixin.py:190} INFO - [2025-06-13T14:40:29.162-0400] {dag.py:4180} INFO - Setting next_dagrun for example_task_group_decorator to None, run_after=None
[2025-06-13T14:40:29.170-0400] {processor.py:208} INFO - Processing /Users/pranavr/.pyenv/versions/3.11.6/lib/python3.11/site-packages/airflow/example_dags/example_task_group_decorator.py took 100.411 seconds
[2025-06-13T14:41:45.804-0400] {processor.py:186} INFO - Started process (PID=11769) to work on /Users/pranavr/.pyenv/versions/3.11.6/lib/python3.11/site-packages/airflow/example_dags/example_task_group_decorator.py
[2025-06-13T14:41:45.806-0400] {processor.py:914} INFO - Processing file /Users/pranavr/.pyenv/versions/3.11.6/lib/python3.11/site-packages/airflow/example_dags/example_task_group_decorator.py for tasks to queue
[2025-06-13T14:41:45.807-0400] {logging_mixin.py:190} INFO - [2025-06-13T14:41:45.807-0400] {dagbag.py:588} INFO - Filling up the DagBag from /Users/pranavr/.pyenv/versions/3.11.6/lib/python3.11/site-packages/airflow/example_dags/example_task_group_decorator.py
[2025-06-13T14:41:45.824-0400] {processor.py:925} INFO - DAG(s) 'example_task_group_decorator' retrieved from /Users/pranavr/.pyenv/versions/3.11.6/lib/python3.11/site-packages/airflow/example_dags/example_task_group_decorator.py
[2025-06-13T14:41:45.894-0400] {logging_mixin.py:190} INFO - [2025-06-13T14:41:45.894-0400] {dag.py:3239} INFO - Sync 1 DAGs
[2025-06-13T14:41:45.898-0400] {logging_mixin.py:190} INFO - [2025-06-13T14:41:45.898-0400] {dag.py:4180} INFO - Setting next_dagrun for example_task_group_decorator to None, run_after=None
[2025-06-13T14:41:45.906-0400] {processor.py:208} INFO - Processing /Users/pranavr/.pyenv/versions/3.11.6/lib/python3.11/site-packages/airflow/example_dags/example_task_group_decorator.py took 103.139 seconds
[2025-06-13T14:42:59.021-0400] {processor.py:186} INFO - Started process (PID=11908) to work on /Users/pranavr/.pyenv/versions/3.11.6/lib/python3.11/site-packages/airflow/example_dags/example_task_group_decorator.py
[2025-06-13T14:42:59.022-0400] {processor.py:914} INFO - Processing file /Users/pranavr/.pyenv/versions/3.11.6/lib/python3.11/site-packages/airflow/example_dags/example_task_group_decorator.py for tasks to queue
[2025-06-13T14:42:59.023-0400] {logging_mixin.py:190} INFO - [2025-06-13T14:42:59.023-0400] {dagbag.py:588} INFO - Filling up the DagBag from /Users/pranavr/.pyenv/versions/3.11.6/lib/python3.11/site-packages/airflow/example_dags/example_task_group_decorator.py
[2025-06-13T14:42:59.041-0400] {processor.py:925} INFO - DAG(s) 'example_task_group_decorator' retrieved from /Users/pranavr/.pyenv/versions/3.11.6/lib/python3.11/site-packages/airflow/example_dags/example_task_group_decorator.py
[2025-06-13T14:42:59.113-0400] {logging_mixin.py:190} INFO - [2025-06-13T14:42:59.112-0400] {dag.py:3239} INFO - Sync 1 DAGs
[2025-06-13T14:42:59.116-0400] {logging_mixin.py:190} INFO - [2025-06-13T14:42:59.116-0400] {dag.py:4180} INFO - Setting next_dagrun for example_task_group_decorator to None, run_after=None
[2025-06-13T14:42:59.125-0400] {processor.py:208} INFO - Processing /Users/pranavr/.pyenv/versions/3.11.6/lib/python3.11/site-packages/airflow/example_dags/example_task_group_decorator.py took 105.550 seconds
[2025-06-13T14:44:10.496-0400] {processor.py:186} INFO - Started process (PID=12028) to work on /Users/pranavr/.pyenv/versions/3.11.6/lib/python3.11/site-packages/airflow/example_dags/example_task_group_decorator.py
[2025-06-13T14:44:10.498-0400] {processor.py:914} INFO - Processing file /Users/pranavr/.pyenv/versions/3.11.6/lib/python3.11/site-packages/airflow/example_dags/example_task_group_decorator.py for tasks to queue
[2025-06-13T14:44:10.498-0400] {logging_mixin.py:190} INFO - [2025-06-13T14:44:10.498-0400] {dagbag.py:588} INFO - Filling up the DagBag from /Users/pranavr/.pyenv/versions/3.11.6/lib/python3.11/site-packages/airflow/example_dags/example_task_group_decorator.py
[2025-06-13T14:44:10.515-0400] {processor.py:925} INFO - DAG(s) 'example_task_group_decorator' retrieved from /Users/pranavr/.pyenv/versions/3.11.6/lib/python3.11/site-packages/airflow/example_dags/example_task_group_decorator.py
[2025-06-13T14:44:10.579-0400] {logging_mixin.py:190} INFO - [2025-06-13T14:44:10.578-0400] {dag.py:3239} INFO - Sync 1 DAGs
[2025-06-13T14:44:10.582-0400] {logging_mixin.py:190} INFO - [2025-06-13T14:44:10.582-0400] {dag.py:4180} INFO - Setting next_dagrun for example_task_group_decorator to None, run_after=None
[2025-06-13T14:44:10.589-0400] {processor.py:208} INFO - Processing /Users/pranavr/.pyenv/versions/3.11.6/lib/python3.11/site-packages/airflow/example_dags/example_task_group_decorator.py took 94.083 seconds
[2025-06-13T14:45:25.206-0400] {processor.py:186} INFO - Started process (PID=12190) to work on /Users/pranavr/.pyenv/versions/3.11.6/lib/python3.11/site-packages/airflow/example_dags/example_task_group_decorator.py
[2025-06-13T14:45:25.208-0400] {processor.py:914} INFO - Processing file /Users/pranavr/.pyenv/versions/3.11.6/lib/python3.11/site-packages/airflow/example_dags/example_task_group_decorator.py for tasks to queue
[2025-06-13T14:45:25.208-0400] {logging_mixin.py:190} INFO - [2025-06-13T14:45:25.208-0400] {dagbag.py:588} INFO - Filling up the DagBag from /Users/pranavr/.pyenv/versions/3.11.6/lib/python3.11/site-packages/airflow/example_dags/example_task_group_decorator.py
[2025-06-13T14:45:25.225-0400] {processor.py:925} INFO - DAG(s) 'example_task_group_decorator' retrieved from /Users/pranavr/.pyenv/versions/3.11.6/lib/python3.11/site-packages/airflow/example_dags/example_task_group_decorator.py
[2025-06-13T14:45:25.288-0400] {logging_mixin.py:190} INFO - [2025-06-13T14:45:25.288-0400] {dag.py:3239} INFO - Sync 1 DAGs
[2025-06-13T14:45:25.292-0400] {logging_mixin.py:190} INFO - [2025-06-13T14:45:25.292-0400] {dag.py:4180} INFO - Setting next_dagrun for example_task_group_decorator to None, run_after=None
[2025-06-13T14:45:25.299-0400] {processor.py:208} INFO - Processing /Users/pranavr/.pyenv/versions/3.11.6/lib/python3.11/site-packages/airflow/example_dags/example_task_group_decorator.py took 94.015 seconds
[2025-06-13T14:46:38.307-0400] {processor.py:186} INFO - Started process (PID=12341) to work on /Users/pranavr/.pyenv/versions/3.11.6/lib/python3.11/site-packages/airflow/example_dags/example_task_group_decorator.py
[2025-06-13T14:46:38.309-0400] {processor.py:914} INFO - Processing file /Users/pranavr/.pyenv/versions/3.11.6/lib/python3.11/site-packages/airflow/example_dags/example_task_group_decorator.py for tasks to queue
[2025-06-13T14:46:38.309-0400] {logging_mixin.py:190} INFO - [2025-06-13T14:46:38.309-0400] {dagbag.py:588} INFO - Filling up the DagBag from /Users/pranavr/.pyenv/versions/3.11.6/lib/python3.11/site-packages/airflow/example_dags/example_task_group_decorator.py
[2025-06-13T14:46:38.327-0400] {processor.py:925} INFO - DAG(s) 'example_task_group_decorator' retrieved from /Users/pranavr/.pyenv/versions/3.11.6/lib/python3.11/site-packages/airflow/example_dags/example_task_group_decorator.py
[2025-06-13T14:46:38.391-0400] {logging_mixin.py:190} INFO - [2025-06-13T14:46:38.391-0400] {dag.py:3239} INFO - Sync 1 DAGs
[2025-06-13T14:46:38.394-0400] {logging_mixin.py:190} INFO - [2025-06-13T14:46:38.394-0400] {dag.py:4180} INFO - Setting next_dagrun for example_task_group_decorator to None, run_after=None
[2025-06-13T14:46:38.401-0400] {processor.py:208} INFO - Processing /Users/pranavr/.pyenv/versions/3.11.6/lib/python3.11/site-packages/airflow/example_dags/example_task_group_decorator.py took 95.303 seconds
[2025-06-13T14:47:49.449-0400] {processor.py:186} INFO - Started process (PID=12431) to work on /Users/pranavr/.pyenv/versions/3.11.6/lib/python3.11/site-packages/airflow/example_dags/example_task_group_decorator.py
[2025-06-13T14:47:49.451-0400] {processor.py:914} INFO - Processing file /Users/pranavr/.pyenv/versions/3.11.6/lib/python3.11/site-packages/airflow/example_dags/example_task_group_decorator.py for tasks to queue
[2025-06-13T14:47:49.452-0400] {logging_mixin.py:190} INFO - [2025-06-13T14:47:49.451-0400] {dagbag.py:588} INFO - Filling up the DagBag from /Users/pranavr/.pyenv/versions/3.11.6/lib/python3.11/site-packages/airflow/example_dags/example_task_group_decorator.py
[2025-06-13T14:47:49.472-0400] {processor.py:925} INFO - DAG(s) 'example_task_group_decorator' retrieved from /Users/pranavr/.pyenv/versions/3.11.6/lib/python3.11/site-packages/airflow/example_dags/example_task_group_decorator.py
[2025-06-13T14:47:49.543-0400] {logging_mixin.py:190} INFO - [2025-06-13T14:47:49.543-0400] {dag.py:3239} INFO - Sync 1 DAGs
[2025-06-13T14:47:49.547-0400] {logging_mixin.py:190} INFO - [2025-06-13T14:47:49.547-0400] {dag.py:4180} INFO - Setting next_dagrun for example_task_group_decorator to None, run_after=None
[2025-06-13T14:47:49.554-0400] {processor.py:208} INFO - Processing /Users/pranavr/.pyenv/versions/3.11.6/lib/python3.11/site-packages/airflow/example_dags/example_task_group_decorator.py took 105.804 seconds
[2025-06-13T14:49:06.722-0400] {processor.py:186} INFO - Started process (PID=12543) to work on /Users/pranavr/.pyenv/versions/3.11.6/lib/python3.11/site-packages/airflow/example_dags/example_task_group_decorator.py
[2025-06-13T14:49:06.724-0400] {processor.py:914} INFO - Processing file /Users/pranavr/.pyenv/versions/3.11.6/lib/python3.11/site-packages/airflow/example_dags/example_task_group_decorator.py for tasks to queue
[2025-06-13T14:49:06.725-0400] {logging_mixin.py:190} INFO - [2025-06-13T14:49:06.724-0400] {dagbag.py:588} INFO - Filling up the DagBag from /Users/pranavr/.pyenv/versions/3.11.6/lib/python3.11/site-packages/airflow/example_dags/example_task_group_decorator.py
[2025-06-13T14:49:06.742-0400] {processor.py:925} INFO - DAG(s) 'example_task_group_decorator' retrieved from /Users/pranavr/.pyenv/versions/3.11.6/lib/python3.11/site-packages/airflow/example_dags/example_task_group_decorator.py
[2025-06-13T14:49:06.809-0400] {logging_mixin.py:190} INFO - [2025-06-13T14:49:06.809-0400] {dag.py:3239} INFO - Sync 1 DAGs
[2025-06-13T14:49:06.813-0400] {logging_mixin.py:190} INFO - [2025-06-13T14:49:06.813-0400] {dag.py:4180} INFO - Setting next_dagrun for example_task_group_decorator to None, run_after=None
[2025-06-13T14:49:06.820-0400] {processor.py:208} INFO - Processing /Users/pranavr/.pyenv/versions/3.11.6/lib/python3.11/site-packages/airflow/example_dags/example_task_group_decorator.py took 99.144 seconds
[2025-06-13T14:50:20.462-0400] {processor.py:186} INFO - Started process (PID=12695) to work on /Users/pranavr/.pyenv/versions/3.11.6/lib/python3.11/site-packages/airflow/example_dags/example_task_group_decorator.py
[2025-06-13T14:50:20.464-0400] {processor.py:914} INFO - Processing file /Users/pranavr/.pyenv/versions/3.11.6/lib/python3.11/site-packages/airflow/example_dags/example_task_group_decorator.py for tasks to queue
[2025-06-13T14:50:20.465-0400] {logging_mixin.py:190} INFO - [2025-06-13T14:50:20.465-0400] {dagbag.py:588} INFO - Filling up the DagBag from /Users/pranavr/.pyenv/versions/3.11.6/lib/python3.11/site-packages/airflow/example_dags/example_task_group_decorator.py
[2025-06-13T14:50:20.482-0400] {processor.py:925} INFO - DAG(s) 'example_task_group_decorator' retrieved from /Users/pranavr/.pyenv/versions/3.11.6/lib/python3.11/site-packages/airflow/example_dags/example_task_group_decorator.py
[2025-06-13T14:50:20.547-0400] {logging_mixin.py:190} INFO - [2025-06-13T14:50:20.546-0400] {dag.py:3239} INFO - Sync 1 DAGs
[2025-06-13T14:50:20.550-0400] {logging_mixin.py:190} INFO - [2025-06-13T14:50:20.550-0400] {dag.py:4180} INFO - Setting next_dagrun for example_task_group_decorator to None, run_after=None
[2025-06-13T14:50:20.557-0400] {processor.py:208} INFO - Processing /Users/pranavr/.pyenv/versions/3.11.6/lib/python3.11/site-packages/airflow/example_dags/example_task_group_decorator.py took 96.020 seconds
[2025-06-13T14:51:33.917-0400] {processor.py:186} INFO - Started process (PID=13282) to work on /Users/pranavr/.pyenv/versions/3.11.6/lib/python3.11/site-packages/airflow/example_dags/example_task_group_decorator.py
[2025-06-13T14:51:33.919-0400] {processor.py:914} INFO - Processing file /Users/pranavr/.pyenv/versions/3.11.6/lib/python3.11/site-packages/airflow/example_dags/example_task_group_decorator.py for tasks to queue
[2025-06-13T14:51:33.919-0400] {logging_mixin.py:190} INFO - [2025-06-13T14:51:33.919-0400] {dagbag.py:588} INFO - Filling up the DagBag from /Users/pranavr/.pyenv/versions/3.11.6/lib/python3.11/site-packages/airflow/example_dags/example_task_group_decorator.py
[2025-06-13T14:51:33.936-0400] {processor.py:925} INFO - DAG(s) 'example_task_group_decorator' retrieved from /Users/pranavr/.pyenv/versions/3.11.6/lib/python3.11/site-packages/airflow/example_dags/example_task_group_decorator.py
[2025-06-13T14:51:34.003-0400] {logging_mixin.py:190} INFO - [2025-06-13T14:51:34.003-0400] {dag.py:3239} INFO - Sync 1 DAGs
[2025-06-13T14:51:34.007-0400] {logging_mixin.py:190} INFO - [2025-06-13T14:51:34.007-0400] {dag.py:4180} INFO - Setting next_dagrun for example_task_group_decorator to None, run_after=None
[2025-06-13T14:51:34.014-0400] {processor.py:208} INFO - Processing /Users/pranavr/.pyenv/versions/3.11.6/lib/python3.11/site-packages/airflow/example_dags/example_task_group_decorator.py took 98.567 seconds
[2025-06-13T14:52:48.479-0400] {processor.py:186} INFO - Started process (PID=14039) to work on /Users/pranavr/.pyenv/versions/3.11.6/lib/python3.11/site-packages/airflow/example_dags/example_task_group_decorator.py
[2025-06-13T14:52:48.482-0400] {processor.py:914} INFO - Processing file /Users/pranavr/.pyenv/versions/3.11.6/lib/python3.11/site-packages/airflow/example_dags/example_task_group_decorator.py for tasks to queue
[2025-06-13T14:52:48.482-0400] {logging_mixin.py:190} INFO - [2025-06-13T14:52:48.482-0400] {dagbag.py:588} INFO - Filling up the DagBag from /Users/pranavr/.pyenv/versions/3.11.6/lib/python3.11/site-packages/airflow/example_dags/example_task_group_decorator.py
[2025-06-13T14:52:48.498-0400] {processor.py:925} INFO - DAG(s) 'example_task_group_decorator' retrieved from /Users/pranavr/.pyenv/versions/3.11.6/lib/python3.11/site-packages/airflow/example_dags/example_task_group_decorator.py
[2025-06-13T14:52:48.561-0400] {logging_mixin.py:190} INFO - [2025-06-13T14:52:48.561-0400] {dag.py:3239} INFO - Sync 1 DAGs
[2025-06-13T14:52:48.565-0400] {logging_mixin.py:190} INFO - [2025-06-13T14:52:48.565-0400] {dag.py:4180} INFO - Setting next_dagrun for example_task_group_decorator to None, run_after=None
[2025-06-13T14:52:48.571-0400] {processor.py:208} INFO - Processing /Users/pranavr/.pyenv/versions/3.11.6/lib/python3.11/site-packages/airflow/example_dags/example_task_group_decorator.py took 93.472 seconds
[2025-06-13T14:54:02.020-0400] {processor.py:186} INFO - Started process (PID=14145) to work on /Users/pranavr/.pyenv/versions/3.11.6/lib/python3.11/site-packages/airflow/example_dags/example_task_group_decorator.py
[2025-06-13T14:54:02.022-0400] {processor.py:914} INFO - Processing file /Users/pranavr/.pyenv/versions/3.11.6/lib/python3.11/site-packages/airflow/example_dags/example_task_group_decorator.py for tasks to queue
[2025-06-13T14:54:02.023-0400] {logging_mixin.py:190} INFO - [2025-06-13T14:54:02.023-0400] {dagbag.py:588} INFO - Filling up the DagBag from /Users/pranavr/.pyenv/versions/3.11.6/lib/python3.11/site-packages/airflow/example_dags/example_task_group_decorator.py
[2025-06-13T14:54:02.040-0400] {processor.py:925} INFO - DAG(s) 'example_task_group_decorator' retrieved from /Users/pranavr/.pyenv/versions/3.11.6/lib/python3.11/site-packages/airflow/example_dags/example_task_group_decorator.py
[2025-06-13T14:54:02.103-0400] {logging_mixin.py:190} INFO - [2025-06-13T14:54:02.103-0400] {dag.py:3239} INFO - Sync 1 DAGs
[2025-06-13T14:54:02.107-0400] {logging_mixin.py:190} INFO - [2025-06-13T14:54:02.107-0400] {dag.py:4180} INFO - Setting next_dagrun for example_task_group_decorator to None, run_after=None
[2025-06-13T14:54:02.114-0400] {processor.py:208} INFO - Processing /Users/pranavr/.pyenv/versions/3.11.6/lib/python3.11/site-packages/airflow/example_dags/example_task_group_decorator.py took 95.870 seconds
[2025-06-13T14:55:20.424-0400] {processor.py:186} INFO - Started process (PID=14262) to work on /Users/pranavr/.pyenv/versions/3.11.6/lib/python3.11/site-packages/airflow/example_dags/example_task_group_decorator.py
[2025-06-13T14:55:20.426-0400] {processor.py:914} INFO - Processing file /Users/pranavr/.pyenv/versions/3.11.6/lib/python3.11/site-packages/airflow/example_dags/example_task_group_decorator.py for tasks to queue
[2025-06-13T14:55:20.427-0400] {logging_mixin.py:190} INFO - [2025-06-13T14:55:20.427-0400] {dagbag.py:588} INFO - Filling up the DagBag from /Users/pranavr/.pyenv/versions/3.11.6/lib/python3.11/site-packages/airflow/example_dags/example_task_group_decorator.py
[2025-06-13T14:55:20.446-0400] {processor.py:925} INFO - DAG(s) 'example_task_group_decorator' retrieved from /Users/pranavr/.pyenv/versions/3.11.6/lib/python3.11/site-packages/airflow/example_dags/example_task_group_decorator.py
[2025-06-13T14:55:20.519-0400] {logging_mixin.py:190} INFO - [2025-06-13T14:55:20.519-0400] {dag.py:3239} INFO - Sync 1 DAGs
[2025-06-13T14:55:20.523-0400] {logging_mixin.py:190} INFO - [2025-06-13T14:55:20.523-0400] {dag.py:4180} INFO - Setting next_dagrun for example_task_group_decorator to None, run_after=None
[2025-06-13T14:55:20.530-0400] {processor.py:208} INFO - Processing /Users/pranavr/.pyenv/versions/3.11.6/lib/python3.11/site-packages/airflow/example_dags/example_task_group_decorator.py took 107.149 seconds
[2025-06-13T14:56:37.370-0400] {processor.py:186} INFO - Started process (PID=14396) to work on /Users/pranavr/.pyenv/versions/3.11.6/lib/python3.11/site-packages/airflow/example_dags/example_task_group_decorator.py
[2025-06-13T14:56:37.372-0400] {processor.py:914} INFO - Processing file /Users/pranavr/.pyenv/versions/3.11.6/lib/python3.11/site-packages/airflow/example_dags/example_task_group_decorator.py for tasks to queue
[2025-06-13T14:56:37.373-0400] {logging_mixin.py:190} INFO - [2025-06-13T14:56:37.373-0400] {dagbag.py:588} INFO - Filling up the DagBag from /Users/pranavr/.pyenv/versions/3.11.6/lib/python3.11/site-packages/airflow/example_dags/example_task_group_decorator.py
[2025-06-13T14:56:37.389-0400] {processor.py:925} INFO - DAG(s) 'example_task_group_decorator' retrieved from /Users/pranavr/.pyenv/versions/3.11.6/lib/python3.11/site-packages/airflow/example_dags/example_task_group_decorator.py
[2025-06-13T14:56:37.452-0400] {logging_mixin.py:190} INFO - [2025-06-13T14:56:37.452-0400] {dag.py:3239} INFO - Sync 1 DAGs
[2025-06-13T14:56:37.456-0400] {logging_mixin.py:190} INFO - [2025-06-13T14:56:37.456-0400] {dag.py:4180} INFO - Setting next_dagrun for example_task_group_decorator to None, run_after=None
[2025-06-13T14:56:37.462-0400] {processor.py:208} INFO - Processing /Users/pranavr/.pyenv/versions/3.11.6/lib/python3.11/site-packages/airflow/example_dags/example_task_group_decorator.py took 93.811 seconds
[2025-06-13T14:57:54.704-0400] {processor.py:186} INFO - Started process (PID=14588) to work on /Users/pranavr/.pyenv/versions/3.11.6/lib/python3.11/site-packages/airflow/example_dags/example_task_group_decorator.py
[2025-06-13T14:57:54.706-0400] {processor.py:914} INFO - Processing file /Users/pranavr/.pyenv/versions/3.11.6/lib/python3.11/site-packages/airflow/example_dags/example_task_group_decorator.py for tasks to queue
[2025-06-13T14:57:54.706-0400] {logging_mixin.py:190} INFO - [2025-06-13T14:57:54.706-0400] {dagbag.py:588} INFO - Filling up the DagBag from /Users/pranavr/.pyenv/versions/3.11.6/lib/python3.11/site-packages/airflow/example_dags/example_task_group_decorator.py
[2025-06-13T14:57:54.733-0400] {processor.py:925} INFO - DAG(s) 'example_task_group_decorator' retrieved from /Users/pranavr/.pyenv/versions/3.11.6/lib/python3.11/site-packages/airflow/example_dags/example_task_group_decorator.py
[2025-06-13T14:57:54.809-0400] {logging_mixin.py:190} INFO - [2025-06-13T14:57:54.809-0400] {dag.py:3239} INFO - Sync 1 DAGs
[2025-06-13T14:57:54.815-0400] {logging_mixin.py:190} INFO - [2025-06-13T14:57:54.815-0400] {dag.py:4180} INFO - Setting next_dagrun for example_task_group_decorator to None, run_after=None
[2025-06-13T14:57:54.824-0400] {processor.py:208} INFO - Processing /Users/pranavr/.pyenv/versions/3.11.6/lib/python3.11/site-packages/airflow/example_dags/example_task_group_decorator.py took 122.046 seconds
[2025-06-13T14:59:18.397-0400] {processor.py:186} INFO - Started process (PID=14751) to work on /Users/pranavr/.pyenv/versions/3.11.6/lib/python3.11/site-packages/airflow/example_dags/example_task_group_decorator.py
[2025-06-13T14:59:18.400-0400] {processor.py:914} INFO - Processing file /Users/pranavr/.pyenv/versions/3.11.6/lib/python3.11/site-packages/airflow/example_dags/example_task_group_decorator.py for tasks to queue
[2025-06-13T14:59:18.400-0400] {logging_mixin.py:190} INFO - [2025-06-13T14:59:18.400-0400] {dagbag.py:588} INFO - Filling up the DagBag from /Users/pranavr/.pyenv/versions/3.11.6/lib/python3.11/site-packages/airflow/example_dags/example_task_group_decorator.py
[2025-06-13T14:59:18.420-0400] {processor.py:925} INFO - DAG(s) 'example_task_group_decorator' retrieved from /Users/pranavr/.pyenv/versions/3.11.6/lib/python3.11/site-packages/airflow/example_dags/example_task_group_decorator.py
[2025-06-13T14:59:18.491-0400] {logging_mixin.py:190} INFO - [2025-06-13T14:59:18.491-0400] {dag.py:3239} INFO - Sync 1 DAGs
[2025-06-13T14:59:18.497-0400] {logging_mixin.py:190} INFO - [2025-06-13T14:59:18.497-0400] {dag.py:4180} INFO - Setting next_dagrun for example_task_group_decorator to None, run_after=None
[2025-06-13T14:59:18.504-0400] {processor.py:208} INFO - Processing /Users/pranavr/.pyenv/versions/3.11.6/lib/python3.11/site-packages/airflow/example_dags/example_task_group_decorator.py took 108.641 seconds
[2025-06-13T15:00:50.320-0400] {processor.py:186} INFO - Started process (PID=15085) to work on /Users/pranavr/.pyenv/versions/3.11.6/lib/python3.11/site-packages/airflow/example_dags/example_task_group_decorator.py
[2025-06-13T15:00:50.322-0400] {processor.py:914} INFO - Processing file /Users/pranavr/.pyenv/versions/3.11.6/lib/python3.11/site-packages/airflow/example_dags/example_task_group_decorator.py for tasks to queue
[2025-06-13T15:00:50.323-0400] {logging_mixin.py:190} INFO - [2025-06-13T15:00:50.323-0400] {dagbag.py:588} INFO - Filling up the DagBag from /Users/pranavr/.pyenv/versions/3.11.6/lib/python3.11/site-packages/airflow/example_dags/example_task_group_decorator.py
[2025-06-13T15:00:50.349-0400] {processor.py:925} INFO - DAG(s) 'example_task_group_decorator' retrieved from /Users/pranavr/.pyenv/versions/3.11.6/lib/python3.11/site-packages/airflow/example_dags/example_task_group_decorator.py
[2025-06-13T15:00:50.426-0400] {logging_mixin.py:190} INFO - [2025-06-13T15:00:50.426-0400] {dag.py:3239} INFO - Sync 1 DAGs
[2025-06-13T15:00:50.431-0400] {logging_mixin.py:190} INFO - [2025-06-13T15:00:50.430-0400] {dag.py:4180} INFO - Setting next_dagrun for example_task_group_decorator to None, run_after=None
[2025-06-13T15:00:50.439-0400] {processor.py:208} INFO - Processing /Users/pranavr/.pyenv/versions/3.11.6/lib/python3.11/site-packages/airflow/example_dags/example_task_group_decorator.py took 121.142 seconds
