[2025-06-13T14:10:00.409-0400] {processor.py:153} INFO - Started process (PID=96567) to work on /Users/pranavr/drift-retrainer/venv311/lib/python3.11/site-packages/airflow/example_dags/example_skip_dag.py
[2025-06-13T14:10:00.411-0400] {processor.py:743} INFO - Processing file /Users/pranavr/drift-retrainer/venv311/lib/python3.11/site-packages/airflow/example_dags/example_skip_dag.py for tasks to queue
[2025-06-13T14:10:00.411-0400] {logging_mixin.py:137} INFO - [2025-06-13T14:10:00.411-0400] {dagbag.py:538} INFO - Filling up the DagBag from /Users/pranavr/drift-retrainer/venv311/lib/python3.11/site-packages/airflow/example_dags/example_skip_dag.py
[2025-06-13T14:10:00.426-0400] {processor.py:753} INFO - DAG(s) dict_keys(['example_skip_dag']) retrieved from /Users/pranavr/drift-retrainer/venv311/lib/python3.11/site-packages/airflow/example_dags/example_skip_dag.py
[2025-06-13T14:10:00.919-0400] {logging_mixin.py:137} INFO - [2025-06-13T14:10:00.919-0400] {manager.py:504} INFO - Created Permission View: can edit on DAG:example_skip_dag
[2025-06-13T14:10:00.922-0400] {logging_mixin.py:137} INFO - [2025-06-13T14:10:00.922-0400] {manager.py:504} INFO - Created Permission View: can read on DAG:example_skip_dag
[2025-06-13T14:10:00.925-0400] {logging_mixin.py:137} INFO - [2025-06-13T14:10:00.925-0400] {manager.py:504} INFO - Created Permission View: can delete on DAG:example_skip_dag
[2025-06-13T14:10:00.925-0400] {logging_mixin.py:137} INFO - [2025-06-13T14:10:00.925-0400] {dag.py:2690} INFO - Sync 1 DAGs
[2025-06-13T14:10:00.931-0400] {logging_mixin.py:137} INFO - [2025-06-13T14:10:00.930-0400] {dag.py:2711} INFO - Creating ORM DAG for example_skip_dag
[2025-06-13T14:10:00.934-0400] {logging_mixin.py:137} INFO - [2025-06-13T14:10:00.934-0400] {dag.py:3437} INFO - Setting next_dagrun for example_skip_dag to 2025-06-12T18:10:00.934426+00:00, run_after=2025-06-13T18:10:00.934426+00:00
[2025-06-13T14:10:00.942-0400] {processor.py:175} INFO - Processing /Users/pranavr/drift-retrainer/venv311/lib/python3.11/site-packages/airflow/example_dags/example_skip_dag.py took 0.534 seconds
[2025-06-13T14:11:28.767-0400] {processor.py:153} INFO - Started process (PID=97413) to work on /Users/pranavr/drift-retrainer/venv311/lib/python3.11/site-packages/airflow/example_dags/example_skip_dag.py
[2025-06-13T14:11:28.769-0400] {processor.py:743} INFO - Processing file /Users/pranavr/drift-retrainer/venv311/lib/python3.11/site-packages/airflow/example_dags/example_skip_dag.py for tasks to queue
[2025-06-13T14:11:28.769-0400] {logging_mixin.py:137} INFO - [2025-06-13T14:11:28.769-0400] {dagbag.py:538} INFO - Filling up the DagBag from /Users/pranavr/drift-retrainer/venv311/lib/python3.11/site-packages/airflow/example_dags/example_skip_dag.py
[2025-06-13T14:11:28.786-0400] {processor.py:753} INFO - DAG(s) dict_keys(['example_skip_dag']) retrieved from /Users/pranavr/drift-retrainer/venv311/lib/python3.11/site-packages/airflow/example_dags/example_skip_dag.py
[2025-06-13T14:11:29.279-0400] {logging_mixin.py:137} INFO - [2025-06-13T14:11:29.278-0400] {dag.py:2690} INFO - Sync 1 DAGs
[2025-06-13T14:11:29.287-0400] {logging_mixin.py:137} INFO - [2025-06-13T14:11:29.287-0400] {dag.py:3437} INFO - Setting next_dagrun for example_skip_dag to 2025-06-12T18:11:29.287729+00:00, run_after=2025-06-13T18:11:29.287729+00:00
[2025-06-13T14:11:29.300-0400] {processor.py:175} INFO - Processing /Users/pranavr/drift-retrainer/venv311/lib/python3.11/site-packages/airflow/example_dags/example_skip_dag.py took 0.534 seconds
[2025-06-13T14:13:23.507-0400] {processor.py:153} INFO - Started process (PID=97912) to work on /Users/pranavr/drift-retrainer/venv311/lib/python3.11/site-packages/airflow/example_dags/example_skip_dag.py
[2025-06-13T14:13:23.510-0400] {processor.py:743} INFO - Processing file /Users/pranavr/drift-retrainer/venv311/lib/python3.11/site-packages/airflow/example_dags/example_skip_dag.py for tasks to queue
[2025-06-13T14:13:23.511-0400] {logging_mixin.py:137} INFO - [2025-06-13T14:13:23.511-0400] {dagbag.py:538} INFO - Filling up the DagBag from /Users/pranavr/drift-retrainer/venv311/lib/python3.11/site-packages/airflow/example_dags/example_skip_dag.py
[2025-06-13T14:13:23.524-0400] {processor.py:753} INFO - DAG(s) dict_keys(['example_skip_dag']) retrieved from /Users/pranavr/drift-retrainer/venv311/lib/python3.11/site-packages/airflow/example_dags/example_skip_dag.py
[2025-06-13T14:13:23.989-0400] {logging_mixin.py:137} INFO - [2025-06-13T14:13:23.989-0400] {dag.py:2690} INFO - Sync 1 DAGs
[2025-06-13T14:13:23.996-0400] {logging_mixin.py:137} INFO - [2025-06-13T14:13:23.996-0400] {dag.py:3437} INFO - Setting next_dagrun for example_skip_dag to 2025-06-12T18:13:23.995930+00:00, run_after=2025-06-13T18:13:23.995930+00:00
[2025-06-13T14:13:24.006-0400] {processor.py:175} INFO - Processing /Users/pranavr/drift-retrainer/venv311/lib/python3.11/site-packages/airflow/example_dags/example_skip_dag.py took 0.499 seconds
[2025-06-13T14:15:13.269-0400] {processor.py:153} INFO - Started process (PID=2601) to work on /Users/pranavr/drift-retrainer/venv311/lib/python3.11/site-packages/airflow/example_dags/example_skip_dag.py
[2025-06-13T14:15:13.271-0400] {processor.py:743} INFO - Processing file /Users/pranavr/drift-retrainer/venv311/lib/python3.11/site-packages/airflow/example_dags/example_skip_dag.py for tasks to queue
[2025-06-13T14:15:13.272-0400] {logging_mixin.py:137} INFO - [2025-06-13T14:15:13.272-0400] {dagbag.py:538} INFO - Filling up the DagBag from /Users/pranavr/drift-retrainer/venv311/lib/python3.11/site-packages/airflow/example_dags/example_skip_dag.py
[2025-06-13T14:15:13.296-0400] {processor.py:753} INFO - DAG(s) dict_keys(['example_skip_dag']) retrieved from /Users/pranavr/drift-retrainer/venv311/lib/python3.11/site-packages/airflow/example_dags/example_skip_dag.py
[2025-06-13T14:15:13.819-0400] {logging_mixin.py:137} INFO - [2025-06-13T14:15:13.819-0400] {dag.py:2690} INFO - Sync 1 DAGs
[2025-06-13T14:15:13.826-0400] {logging_mixin.py:137} INFO - [2025-06-13T14:15:13.826-0400] {dag.py:3437} INFO - Setting next_dagrun for example_skip_dag to 2025-06-12T18:15:13.826551+00:00, run_after=2025-06-13T18:15:13.826551+00:00
[2025-06-13T14:15:13.835-0400] {processor.py:175} INFO - Processing /Users/pranavr/drift-retrainer/venv311/lib/python3.11/site-packages/airflow/example_dags/example_skip_dag.py took 0.567 seconds
[2025-06-13T14:17:08.503-0400] {processor.py:153} INFO - Started process (PID=3976) to work on /Users/pranavr/drift-retrainer/venv311/lib/python3.11/site-packages/airflow/example_dags/example_skip_dag.py
[2025-06-13T14:17:08.505-0400] {processor.py:743} INFO - Processing file /Users/pranavr/drift-retrainer/venv311/lib/python3.11/site-packages/airflow/example_dags/example_skip_dag.py for tasks to queue
[2025-06-13T14:17:08.505-0400] {logging_mixin.py:137} INFO - [2025-06-13T14:17:08.505-0400] {dagbag.py:538} INFO - Filling up the DagBag from /Users/pranavr/drift-retrainer/venv311/lib/python3.11/site-packages/airflow/example_dags/example_skip_dag.py
[2025-06-13T14:17:08.521-0400] {processor.py:753} INFO - DAG(s) dict_keys(['example_skip_dag']) retrieved from /Users/pranavr/drift-retrainer/venv311/lib/python3.11/site-packages/airflow/example_dags/example_skip_dag.py
[2025-06-13T14:17:09.061-0400] {logging_mixin.py:137} INFO - [2025-06-13T14:17:09.060-0400] {dag.py:2690} INFO - Sync 1 DAGs
[2025-06-13T14:17:09.068-0400] {logging_mixin.py:137} INFO - [2025-06-13T14:17:09.068-0400] {dag.py:3437} INFO - Setting next_dagrun for example_skip_dag to 2025-06-12T18:17:09.068186+00:00, run_after=2025-06-13T18:17:09.068186+00:00
[2025-06-13T14:17:09.079-0400] {processor.py:175} INFO - Processing /Users/pranavr/drift-retrainer/venv311/lib/python3.11/site-packages/airflow/example_dags/example_skip_dag.py took 0.577 seconds
[2025-06-13T14:19:08.704-0400] {processor.py:153} INFO - Started process (PID=6471) to work on /Users/pranavr/drift-retrainer/venv311/lib/python3.11/site-packages/airflow/example_dags/example_skip_dag.py
[2025-06-13T14:19:08.710-0400] {processor.py:743} INFO - Processing file /Users/pranavr/drift-retrainer/venv311/lib/python3.11/site-packages/airflow/example_dags/example_skip_dag.py for tasks to queue
[2025-06-13T14:19:08.710-0400] {logging_mixin.py:137} INFO - [2025-06-13T14:19:08.710-0400] {dagbag.py:538} INFO - Filling up the DagBag from /Users/pranavr/drift-retrainer/venv311/lib/python3.11/site-packages/airflow/example_dags/example_skip_dag.py
[2025-06-13T14:19:08.727-0400] {processor.py:753} INFO - DAG(s) dict_keys(['example_skip_dag']) retrieved from /Users/pranavr/drift-retrainer/venv311/lib/python3.11/site-packages/airflow/example_dags/example_skip_dag.py
[2025-06-13T14:19:09.200-0400] {logging_mixin.py:137} INFO - [2025-06-13T14:19:09.200-0400] {dag.py:2690} INFO - Sync 1 DAGs
[2025-06-13T14:19:09.209-0400] {logging_mixin.py:137} INFO - [2025-06-13T14:19:09.209-0400] {dag.py:3437} INFO - Setting next_dagrun for example_skip_dag to 2025-06-12T18:19:09.209671+00:00, run_after=2025-06-13T18:19:09.209671+00:00
[2025-06-13T14:19:09.220-0400] {processor.py:175} INFO - Processing /Users/pranavr/drift-retrainer/venv311/lib/python3.11/site-packages/airflow/example_dags/example_skip_dag.py took 0.516 seconds
[2025-06-13T14:22:02.118-0400] {processor.py:186} INFO - Started process (PID=7538) to work on /Users/pranavr/.pyenv/versions/3.11.6/lib/python3.11/site-packages/airflow/example_dags/example_skip_dag.py
[2025-06-13T14:22:02.120-0400] {processor.py:914} INFO - Processing file /Users/pranavr/.pyenv/versions/3.11.6/lib/python3.11/site-packages/airflow/example_dags/example_skip_dag.py for tasks to queue
[2025-06-13T14:22:02.121-0400] {logging_mixin.py:190} INFO - [2025-06-13T14:22:02.121-0400] {dagbag.py:588} INFO - Filling up the DagBag from /Users/pranavr/.pyenv/versions/3.11.6/lib/python3.11/site-packages/airflow/example_dags/example_skip_dag.py
[2025-06-13T14:22:02.128-0400] {processor.py:925} INFO - DAG(s) 'example_skip_dag' retrieved from /Users/pranavr/.pyenv/versions/3.11.6/lib/python3.11/site-packages/airflow/example_dags/example_skip_dag.py
[2025-06-13T14:22:02.283-0400] {logging_mixin.py:190} INFO - [2025-06-13T14:22:02.282-0400] {dag.py:3239} INFO - Sync 1 DAGs
[2025-06-13T14:22:02.291-0400] {logging_mixin.py:190} INFO - [2025-06-13T14:22:02.291-0400] {dag.py:4180} INFO - Setting next_dagrun for example_skip_dag to 2025-06-12T00:00:00+00:00, run_after=2025-06-13T00:00:00+00:00
[2025-06-13T14:22:02.305-0400] {processor.py:208} INFO - Processing /Users/pranavr/.pyenv/versions/3.11.6/lib/python3.11/site-packages/airflow/example_dags/example_skip_dag.py took 189.400 seconds
[2025-06-13T14:24:09.475-0400] {processor.py:186} INFO - Started process (PID=7888) to work on /Users/pranavr/.pyenv/versions/3.11.6/lib/python3.11/site-packages/airflow/example_dags/example_skip_dag.py
[2025-06-13T14:24:09.478-0400] {processor.py:914} INFO - Processing file /Users/pranavr/.pyenv/versions/3.11.6/lib/python3.11/site-packages/airflow/example_dags/example_skip_dag.py for tasks to queue
[2025-06-13T14:24:09.481-0400] {logging_mixin.py:190} INFO - [2025-06-13T14:24:09.481-0400] {dagbag.py:588} INFO - Filling up the DagBag from /Users/pranavr/.pyenv/versions/3.11.6/lib/python3.11/site-packages/airflow/example_dags/example_skip_dag.py
[2025-06-13T14:24:09.486-0400] {processor.py:925} INFO - DAG(s) 'example_skip_dag' retrieved from /Users/pranavr/.pyenv/versions/3.11.6/lib/python3.11/site-packages/airflow/example_dags/example_skip_dag.py
[2025-06-13T14:24:09.570-0400] {logging_mixin.py:190} INFO - [2025-06-13T14:24:09.570-0400] {dag.py:3239} INFO - Sync 1 DAGs
[2025-06-13T14:24:09.577-0400] {logging_mixin.py:190} INFO - [2025-06-13T14:24:09.577-0400] {dag.py:4180} INFO - Setting next_dagrun for example_skip_dag to 2025-06-12T00:00:00+00:00, run_after=2025-06-13T00:00:00+00:00
[2025-06-13T14:24:09.584-0400] {processor.py:208} INFO - Processing /Users/pranavr/.pyenv/versions/3.11.6/lib/python3.11/site-packages/airflow/example_dags/example_skip_dag.py took 113.993 seconds
[2025-06-13T14:25:40.705-0400] {processor.py:186} INFO - Started process (PID=8002) to work on /Users/pranavr/.pyenv/versions/3.11.6/lib/python3.11/site-packages/airflow/example_dags/example_skip_dag.py
[2025-06-13T14:25:40.708-0400] {processor.py:914} INFO - Processing file /Users/pranavr/.pyenv/versions/3.11.6/lib/python3.11/site-packages/airflow/example_dags/example_skip_dag.py for tasks to queue
[2025-06-13T14:25:40.708-0400] {logging_mixin.py:190} INFO - [2025-06-13T14:25:40.708-0400] {dagbag.py:588} INFO - Filling up the DagBag from /Users/pranavr/.pyenv/versions/3.11.6/lib/python3.11/site-packages/airflow/example_dags/example_skip_dag.py
[2025-06-13T14:25:40.712-0400] {processor.py:925} INFO - DAG(s) 'example_skip_dag' retrieved from /Users/pranavr/.pyenv/versions/3.11.6/lib/python3.11/site-packages/airflow/example_dags/example_skip_dag.py
[2025-06-13T14:25:40.803-0400] {logging_mixin.py:190} INFO - [2025-06-13T14:25:40.803-0400] {dag.py:3239} INFO - Sync 1 DAGs
[2025-06-13T14:25:40.810-0400] {logging_mixin.py:190} INFO - [2025-06-13T14:25:40.810-0400] {dag.py:4180} INFO - Setting next_dagrun for example_skip_dag to 2025-06-12T00:00:00+00:00, run_after=2025-06-13T00:00:00+00:00
[2025-06-13T14:25:40.818-0400] {processor.py:208} INFO - Processing /Users/pranavr/.pyenv/versions/3.11.6/lib/python3.11/site-packages/airflow/example_dags/example_skip_dag.py took 114.060 seconds
[2025-06-13T14:27:13.303-0400] {processor.py:186} INFO - Started process (PID=8114) to work on /Users/pranavr/.pyenv/versions/3.11.6/lib/python3.11/site-packages/airflow/example_dags/example_skip_dag.py
[2025-06-13T14:27:13.306-0400] {processor.py:914} INFO - Processing file /Users/pranavr/.pyenv/versions/3.11.6/lib/python3.11/site-packages/airflow/example_dags/example_skip_dag.py for tasks to queue
[2025-06-13T14:27:13.306-0400] {logging_mixin.py:190} INFO - [2025-06-13T14:27:13.306-0400] {dagbag.py:588} INFO - Filling up the DagBag from /Users/pranavr/.pyenv/versions/3.11.6/lib/python3.11/site-packages/airflow/example_dags/example_skip_dag.py
[2025-06-13T14:27:13.311-0400] {processor.py:925} INFO - DAG(s) 'example_skip_dag' retrieved from /Users/pranavr/.pyenv/versions/3.11.6/lib/python3.11/site-packages/airflow/example_dags/example_skip_dag.py
[2025-06-13T14:27:13.401-0400] {logging_mixin.py:190} INFO - [2025-06-13T14:27:13.401-0400] {dag.py:3239} INFO - Sync 1 DAGs
[2025-06-13T14:27:13.408-0400] {logging_mixin.py:190} INFO - [2025-06-13T14:27:13.408-0400] {dag.py:4180} INFO - Setting next_dagrun for example_skip_dag to 2025-06-12T00:00:00+00:00, run_after=2025-06-13T00:00:00+00:00
[2025-06-13T14:27:13.416-0400] {processor.py:208} INFO - Processing /Users/pranavr/.pyenv/versions/3.11.6/lib/python3.11/site-packages/airflow/example_dags/example_skip_dag.py took 115.297 seconds
[2025-06-13T14:28:42.671-0400] {processor.py:186} INFO - Started process (PID=8813) to work on /Users/pranavr/.pyenv/versions/3.11.6/lib/python3.11/site-packages/airflow/example_dags/example_skip_dag.py
[2025-06-13T14:28:42.673-0400] {processor.py:914} INFO - Processing file /Users/pranavr/.pyenv/versions/3.11.6/lib/python3.11/site-packages/airflow/example_dags/example_skip_dag.py for tasks to queue
[2025-06-13T14:28:42.674-0400] {logging_mixin.py:190} INFO - [2025-06-13T14:28:42.674-0400] {dagbag.py:588} INFO - Filling up the DagBag from /Users/pranavr/.pyenv/versions/3.11.6/lib/python3.11/site-packages/airflow/example_dags/example_skip_dag.py
[2025-06-13T14:28:42.678-0400] {processor.py:925} INFO - DAG(s) 'example_skip_dag' retrieved from /Users/pranavr/.pyenv/versions/3.11.6/lib/python3.11/site-packages/airflow/example_dags/example_skip_dag.py
[2025-06-13T14:28:42.763-0400] {logging_mixin.py:190} INFO - [2025-06-13T14:28:42.763-0400] {dag.py:3239} INFO - Sync 1 DAGs
[2025-06-13T14:28:42.771-0400] {logging_mixin.py:190} INFO - [2025-06-13T14:28:42.771-0400] {dag.py:4180} INFO - Setting next_dagrun for example_skip_dag to 2025-06-12T00:00:00+00:00, run_after=2025-06-13T00:00:00+00:00
[2025-06-13T14:28:42.780-0400] {processor.py:208} INFO - Processing /Users/pranavr/.pyenv/versions/3.11.6/lib/python3.11/site-packages/airflow/example_dags/example_skip_dag.py took 110.209 seconds
[2025-06-13T14:30:15.125-0400] {processor.py:186} INFO - Started process (PID=8943) to work on /Users/pranavr/.pyenv/versions/3.11.6/lib/python3.11/site-packages/airflow/example_dags/example_skip_dag.py
[2025-06-13T14:30:15.127-0400] {processor.py:914} INFO - Processing file /Users/pranavr/.pyenv/versions/3.11.6/lib/python3.11/site-packages/airflow/example_dags/example_skip_dag.py for tasks to queue
[2025-06-13T14:30:15.128-0400] {logging_mixin.py:190} INFO - [2025-06-13T14:30:15.128-0400] {dagbag.py:588} INFO - Filling up the DagBag from /Users/pranavr/.pyenv/versions/3.11.6/lib/python3.11/site-packages/airflow/example_dags/example_skip_dag.py
[2025-06-13T14:30:15.132-0400] {processor.py:925} INFO - DAG(s) 'example_skip_dag' retrieved from /Users/pranavr/.pyenv/versions/3.11.6/lib/python3.11/site-packages/airflow/example_dags/example_skip_dag.py
[2025-06-13T14:30:15.227-0400] {logging_mixin.py:190} INFO - [2025-06-13T14:30:15.227-0400] {dag.py:3239} INFO - Sync 1 DAGs
[2025-06-13T14:30:15.236-0400] {logging_mixin.py:190} INFO - [2025-06-13T14:30:15.236-0400] {dag.py:4180} INFO - Setting next_dagrun for example_skip_dag to 2025-06-12T00:00:00+00:00, run_after=2025-06-13T00:00:00+00:00
[2025-06-13T14:30:15.246-0400] {processor.py:208} INFO - Processing /Users/pranavr/.pyenv/versions/3.11.6/lib/python3.11/site-packages/airflow/example_dags/example_skip_dag.py took 122.000 seconds
[2025-06-13T14:31:42.863-0400] {processor.py:186} INFO - Started process (PID=9376) to work on /Users/pranavr/.pyenv/versions/3.11.6/lib/python3.11/site-packages/airflow/example_dags/example_skip_dag.py
[2025-06-13T14:31:42.866-0400] {processor.py:914} INFO - Processing file /Users/pranavr/.pyenv/versions/3.11.6/lib/python3.11/site-packages/airflow/example_dags/example_skip_dag.py for tasks to queue
[2025-06-13T14:31:42.867-0400] {logging_mixin.py:190} INFO - [2025-06-13T14:31:42.866-0400] {dagbag.py:588} INFO - Filling up the DagBag from /Users/pranavr/.pyenv/versions/3.11.6/lib/python3.11/site-packages/airflow/example_dags/example_skip_dag.py
[2025-06-13T14:31:42.872-0400] {processor.py:925} INFO - DAG(s) 'example_skip_dag' retrieved from /Users/pranavr/.pyenv/versions/3.11.6/lib/python3.11/site-packages/airflow/example_dags/example_skip_dag.py
[2025-06-13T14:31:42.964-0400] {logging_mixin.py:190} INFO - [2025-06-13T14:31:42.964-0400] {dag.py:3239} INFO - Sync 1 DAGs
[2025-06-13T14:31:42.972-0400] {logging_mixin.py:190} INFO - [2025-06-13T14:31:42.972-0400] {dag.py:4180} INFO - Setting next_dagrun for example_skip_dag to 2025-06-12T00:00:00+00:00, run_after=2025-06-13T00:00:00+00:00
[2025-06-13T14:31:42.981-0400] {processor.py:208} INFO - Processing /Users/pranavr/.pyenv/versions/3.11.6/lib/python3.11/site-packages/airflow/example_dags/example_skip_dag.py took 119.294 seconds
[2025-06-13T14:33:16.110-0400] {processor.py:186} INFO - Started process (PID=9595) to work on /Users/pranavr/.pyenv/versions/3.11.6/lib/python3.11/site-packages/airflow/example_dags/example_skip_dag.py
[2025-06-13T14:33:16.113-0400] {processor.py:914} INFO - Processing file /Users/pranavr/.pyenv/versions/3.11.6/lib/python3.11/site-packages/airflow/example_dags/example_skip_dag.py for tasks to queue
[2025-06-13T14:33:16.114-0400] {logging_mixin.py:190} INFO - [2025-06-13T14:33:16.114-0400] {dagbag.py:588} INFO - Filling up the DagBag from /Users/pranavr/.pyenv/versions/3.11.6/lib/python3.11/site-packages/airflow/example_dags/example_skip_dag.py
[2025-06-13T14:33:16.118-0400] {processor.py:925} INFO - DAG(s) 'example_skip_dag' retrieved from /Users/pranavr/.pyenv/versions/3.11.6/lib/python3.11/site-packages/airflow/example_dags/example_skip_dag.py
[2025-06-13T14:33:16.205-0400] {logging_mixin.py:190} INFO - [2025-06-13T14:33:16.205-0400] {dag.py:3239} INFO - Sync 1 DAGs
[2025-06-13T14:33:16.213-0400] {logging_mixin.py:190} INFO - [2025-06-13T14:33:16.212-0400] {dag.py:4180} INFO - Setting next_dagrun for example_skip_dag to 2025-06-12T00:00:00+00:00, run_after=2025-06-13T00:00:00+00:00
[2025-06-13T14:33:16.221-0400] {processor.py:208} INFO - Processing /Users/pranavr/.pyenv/versions/3.11.6/lib/python3.11/site-packages/airflow/example_dags/example_skip_dag.py took 113.059 seconds
[2025-06-13T14:34:47.491-0400] {processor.py:186} INFO - Started process (PID=10053) to work on /Users/pranavr/.pyenv/versions/3.11.6/lib/python3.11/site-packages/airflow/example_dags/example_skip_dag.py
[2025-06-13T14:34:47.498-0400] {processor.py:914} INFO - Processing file /Users/pranavr/.pyenv/versions/3.11.6/lib/python3.11/site-packages/airflow/example_dags/example_skip_dag.py for tasks to queue
[2025-06-13T14:34:47.500-0400] {logging_mixin.py:190} INFO - [2025-06-13T14:34:47.500-0400] {dagbag.py:588} INFO - Filling up the DagBag from /Users/pranavr/.pyenv/versions/3.11.6/lib/python3.11/site-packages/airflow/example_dags/example_skip_dag.py
[2025-06-13T14:34:47.512-0400] {processor.py:925} INFO - DAG(s) 'example_skip_dag' retrieved from /Users/pranavr/.pyenv/versions/3.11.6/lib/python3.11/site-packages/airflow/example_dags/example_skip_dag.py
[2025-06-13T14:34:47.621-0400] {logging_mixin.py:190} INFO - [2025-06-13T14:34:47.621-0400] {dag.py:3239} INFO - Sync 1 DAGs
[2025-06-13T14:34:47.628-0400] {logging_mixin.py:190} INFO - [2025-06-13T14:34:47.628-0400] {dag.py:4180} INFO - Setting next_dagrun for example_skip_dag to 2025-06-12T00:00:00+00:00, run_after=2025-06-13T00:00:00+00:00
[2025-06-13T14:34:47.637-0400] {processor.py:208} INFO - Processing /Users/pranavr/.pyenv/versions/3.11.6/lib/python3.11/site-packages/airflow/example_dags/example_skip_dag.py took 150.155 seconds
[2025-06-13T14:36:18.620-0400] {processor.py:186} INFO - Started process (PID=10848) to work on /Users/pranavr/.pyenv/versions/3.11.6/lib/python3.11/site-packages/airflow/example_dags/example_skip_dag.py
[2025-06-13T14:36:18.622-0400] {processor.py:914} INFO - Processing file /Users/pranavr/.pyenv/versions/3.11.6/lib/python3.11/site-packages/airflow/example_dags/example_skip_dag.py for tasks to queue
[2025-06-13T14:36:18.623-0400] {logging_mixin.py:190} INFO - [2025-06-13T14:36:18.623-0400] {dagbag.py:588} INFO - Filling up the DagBag from /Users/pranavr/.pyenv/versions/3.11.6/lib/python3.11/site-packages/airflow/example_dags/example_skip_dag.py
[2025-06-13T14:36:18.627-0400] {processor.py:925} INFO - DAG(s) 'example_skip_dag' retrieved from /Users/pranavr/.pyenv/versions/3.11.6/lib/python3.11/site-packages/airflow/example_dags/example_skip_dag.py
[2025-06-13T14:36:18.717-0400] {logging_mixin.py:190} INFO - [2025-06-13T14:36:18.717-0400] {dag.py:3239} INFO - Sync 1 DAGs
[2025-06-13T14:36:18.724-0400] {logging_mixin.py:190} INFO - [2025-06-13T14:36:18.724-0400] {dag.py:4180} INFO - Setting next_dagrun for example_skip_dag to 2025-06-12T00:00:00+00:00, run_after=2025-06-13T00:00:00+00:00
[2025-06-13T14:36:18.734-0400] {processor.py:208} INFO - Processing /Users/pranavr/.pyenv/versions/3.11.6/lib/python3.11/site-packages/airflow/example_dags/example_skip_dag.py took 115.177 seconds
[2025-06-13T14:37:47.570-0400] {processor.py:186} INFO - Started process (PID=11123) to work on /Users/pranavr/.pyenv/versions/3.11.6/lib/python3.11/site-packages/airflow/example_dags/example_skip_dag.py
[2025-06-13T14:37:47.573-0400] {processor.py:914} INFO - Processing file /Users/pranavr/.pyenv/versions/3.11.6/lib/python3.11/site-packages/airflow/example_dags/example_skip_dag.py for tasks to queue
[2025-06-13T14:37:47.574-0400] {logging_mixin.py:190} INFO - [2025-06-13T14:37:47.574-0400] {dagbag.py:588} INFO - Filling up the DagBag from /Users/pranavr/.pyenv/versions/3.11.6/lib/python3.11/site-packages/airflow/example_dags/example_skip_dag.py
[2025-06-13T14:37:47.582-0400] {processor.py:925} INFO - DAG(s) 'example_skip_dag' retrieved from /Users/pranavr/.pyenv/versions/3.11.6/lib/python3.11/site-packages/airflow/example_dags/example_skip_dag.py
[2025-06-13T14:37:47.682-0400] {logging_mixin.py:190} INFO - [2025-06-13T14:37:47.682-0400] {dag.py:3239} INFO - Sync 1 DAGs
[2025-06-13T14:37:47.691-0400] {logging_mixin.py:190} INFO - [2025-06-13T14:37:47.691-0400] {dag.py:4180} INFO - Setting next_dagrun for example_skip_dag to 2025-06-12T00:00:00+00:00, run_after=2025-06-13T00:00:00+00:00
[2025-06-13T14:37:47.701-0400] {processor.py:208} INFO - Processing /Users/pranavr/.pyenv/versions/3.11.6/lib/python3.11/site-packages/airflow/example_dags/example_skip_dag.py took 131.713 seconds
[2025-06-13T14:39:16.006-0400] {processor.py:186} INFO - Started process (PID=11359) to work on /Users/pranavr/.pyenv/versions/3.11.6/lib/python3.11/site-packages/airflow/example_dags/example_skip_dag.py
[2025-06-13T14:39:16.008-0400] {processor.py:914} INFO - Processing file /Users/pranavr/.pyenv/versions/3.11.6/lib/python3.11/site-packages/airflow/example_dags/example_skip_dag.py for tasks to queue
[2025-06-13T14:39:16.009-0400] {logging_mixin.py:190} INFO - [2025-06-13T14:39:16.009-0400] {dagbag.py:588} INFO - Filling up the DagBag from /Users/pranavr/.pyenv/versions/3.11.6/lib/python3.11/site-packages/airflow/example_dags/example_skip_dag.py
[2025-06-13T14:39:16.012-0400] {processor.py:925} INFO - DAG(s) 'example_skip_dag' retrieved from /Users/pranavr/.pyenv/versions/3.11.6/lib/python3.11/site-packages/airflow/example_dags/example_skip_dag.py
[2025-06-13T14:39:16.083-0400] {logging_mixin.py:190} INFO - [2025-06-13T14:39:16.083-0400] {dag.py:3239} INFO - Sync 1 DAGs
[2025-06-13T14:39:16.090-0400] {logging_mixin.py:190} INFO - [2025-06-13T14:39:16.090-0400] {dag.py:4180} INFO - Setting next_dagrun for example_skip_dag to 2025-06-12T00:00:00+00:00, run_after=2025-06-13T00:00:00+00:00
[2025-06-13T14:39:16.098-0400] {processor.py:208} INFO - Processing /Users/pranavr/.pyenv/versions/3.11.6/lib/python3.11/site-packages/airflow/example_dags/example_skip_dag.py took 93.834 seconds
[2025-06-13T14:40:35.519-0400] {processor.py:186} INFO - Started process (PID=11610) to work on /Users/pranavr/.pyenv/versions/3.11.6/lib/python3.11/site-packages/airflow/example_dags/example_skip_dag.py
[2025-06-13T14:40:35.521-0400] {processor.py:914} INFO - Processing file /Users/pranavr/.pyenv/versions/3.11.6/lib/python3.11/site-packages/airflow/example_dags/example_skip_dag.py for tasks to queue
[2025-06-13T14:40:35.522-0400] {logging_mixin.py:190} INFO - [2025-06-13T14:40:35.522-0400] {dagbag.py:588} INFO - Filling up the DagBag from /Users/pranavr/.pyenv/versions/3.11.6/lib/python3.11/site-packages/airflow/example_dags/example_skip_dag.py
[2025-06-13T14:40:35.528-0400] {processor.py:925} INFO - DAG(s) 'example_skip_dag' retrieved from /Users/pranavr/.pyenv/versions/3.11.6/lib/python3.11/site-packages/airflow/example_dags/example_skip_dag.py
[2025-06-13T14:40:35.615-0400] {logging_mixin.py:190} INFO - [2025-06-13T14:40:35.615-0400] {dag.py:3239} INFO - Sync 1 DAGs
[2025-06-13T14:40:35.623-0400] {logging_mixin.py:190} INFO - [2025-06-13T14:40:35.623-0400] {dag.py:4180} INFO - Setting next_dagrun for example_skip_dag to 2025-06-12T00:00:00+00:00, run_after=2025-06-13T00:00:00+00:00
[2025-06-13T14:40:35.631-0400] {processor.py:208} INFO - Processing /Users/pranavr/.pyenv/versions/3.11.6/lib/python3.11/site-packages/airflow/example_dags/example_skip_dag.py took 113.000 seconds
[2025-06-13T14:41:53.836-0400] {processor.py:186} INFO - Started process (PID=11779) to work on /Users/pranavr/.pyenv/versions/3.11.6/lib/python3.11/site-packages/airflow/example_dags/example_skip_dag.py
[2025-06-13T14:41:53.839-0400] {processor.py:914} INFO - Processing file /Users/pranavr/.pyenv/versions/3.11.6/lib/python3.11/site-packages/airflow/example_dags/example_skip_dag.py for tasks to queue
[2025-06-13T14:41:53.839-0400] {logging_mixin.py:190} INFO - [2025-06-13T14:41:53.839-0400] {dagbag.py:588} INFO - Filling up the DagBag from /Users/pranavr/.pyenv/versions/3.11.6/lib/python3.11/site-packages/airflow/example_dags/example_skip_dag.py
[2025-06-13T14:41:53.843-0400] {processor.py:925} INFO - DAG(s) 'example_skip_dag' retrieved from /Users/pranavr/.pyenv/versions/3.11.6/lib/python3.11/site-packages/airflow/example_dags/example_skip_dag.py
[2025-06-13T14:41:53.914-0400] {logging_mixin.py:190} INFO - [2025-06-13T14:41:53.913-0400] {dag.py:3239} INFO - Sync 1 DAGs
[2025-06-13T14:41:53.921-0400] {logging_mixin.py:190} INFO - [2025-06-13T14:41:53.921-0400] {dag.py:4180} INFO - Setting next_dagrun for example_skip_dag to 2025-06-12T00:00:00+00:00, run_after=2025-06-13T00:00:00+00:00
[2025-06-13T14:41:53.928-0400] {processor.py:208} INFO - Processing /Users/pranavr/.pyenv/versions/3.11.6/lib/python3.11/site-packages/airflow/example_dags/example_skip_dag.py took 92.449 seconds
[2025-06-13T14:43:05.820-0400] {processor.py:186} INFO - Started process (PID=11931) to work on /Users/pranavr/.pyenv/versions/3.11.6/lib/python3.11/site-packages/airflow/example_dags/example_skip_dag.py
[2025-06-13T14:43:05.822-0400] {processor.py:914} INFO - Processing file /Users/pranavr/.pyenv/versions/3.11.6/lib/python3.11/site-packages/airflow/example_dags/example_skip_dag.py for tasks to queue
[2025-06-13T14:43:05.822-0400] {logging_mixin.py:190} INFO - [2025-06-13T14:43:05.822-0400] {dagbag.py:588} INFO - Filling up the DagBag from /Users/pranavr/.pyenv/versions/3.11.6/lib/python3.11/site-packages/airflow/example_dags/example_skip_dag.py
[2025-06-13T14:43:05.826-0400] {processor.py:925} INFO - DAG(s) 'example_skip_dag' retrieved from /Users/pranavr/.pyenv/versions/3.11.6/lib/python3.11/site-packages/airflow/example_dags/example_skip_dag.py
[2025-06-13T14:43:05.893-0400] {logging_mixin.py:190} INFO - [2025-06-13T14:43:05.893-0400] {dag.py:3239} INFO - Sync 1 DAGs
[2025-06-13T14:43:05.899-0400] {logging_mixin.py:190} INFO - [2025-06-13T14:43:05.899-0400] {dag.py:4180} INFO - Setting next_dagrun for example_skip_dag to 2025-06-12T00:00:00+00:00, run_after=2025-06-13T00:00:00+00:00
[2025-06-13T14:43:05.906-0400] {processor.py:208} INFO - Processing /Users/pranavr/.pyenv/versions/3.11.6/lib/python3.11/site-packages/airflow/example_dags/example_skip_dag.py took 87.762 seconds
[2025-06-13T14:44:18.129-0400] {processor.py:186} INFO - Started process (PID=12036) to work on /Users/pranavr/.pyenv/versions/3.11.6/lib/python3.11/site-packages/airflow/example_dags/example_skip_dag.py
[2025-06-13T14:44:18.130-0400] {processor.py:914} INFO - Processing file /Users/pranavr/.pyenv/versions/3.11.6/lib/python3.11/site-packages/airflow/example_dags/example_skip_dag.py for tasks to queue
[2025-06-13T14:44:18.131-0400] {logging_mixin.py:190} INFO - [2025-06-13T14:44:18.131-0400] {dagbag.py:588} INFO - Filling up the DagBag from /Users/pranavr/.pyenv/versions/3.11.6/lib/python3.11/site-packages/airflow/example_dags/example_skip_dag.py
[2025-06-13T14:44:18.134-0400] {processor.py:925} INFO - DAG(s) 'example_skip_dag' retrieved from /Users/pranavr/.pyenv/versions/3.11.6/lib/python3.11/site-packages/airflow/example_dags/example_skip_dag.py
[2025-06-13T14:44:18.196-0400] {logging_mixin.py:190} INFO - [2025-06-13T14:44:18.196-0400] {dag.py:3239} INFO - Sync 1 DAGs
[2025-06-13T14:44:18.202-0400] {logging_mixin.py:190} INFO - [2025-06-13T14:44:18.202-0400] {dag.py:4180} INFO - Setting next_dagrun for example_skip_dag to 2025-06-12T00:00:00+00:00, run_after=2025-06-13T00:00:00+00:00
[2025-06-13T14:44:18.209-0400] {processor.py:208} INFO - Processing /Users/pranavr/.pyenv/versions/3.11.6/lib/python3.11/site-packages/airflow/example_dags/example_skip_dag.py took 81.624 seconds
[2025-06-13T14:45:32.500-0400] {processor.py:186} INFO - Started process (PID=12201) to work on /Users/pranavr/.pyenv/versions/3.11.6/lib/python3.11/site-packages/airflow/example_dags/example_skip_dag.py
[2025-06-13T14:45:32.502-0400] {processor.py:914} INFO - Processing file /Users/pranavr/.pyenv/versions/3.11.6/lib/python3.11/site-packages/airflow/example_dags/example_skip_dag.py for tasks to queue
[2025-06-13T14:45:32.502-0400] {logging_mixin.py:190} INFO - [2025-06-13T14:45:32.502-0400] {dagbag.py:588} INFO - Filling up the DagBag from /Users/pranavr/.pyenv/versions/3.11.6/lib/python3.11/site-packages/airflow/example_dags/example_skip_dag.py
[2025-06-13T14:45:32.505-0400] {processor.py:925} INFO - DAG(s) 'example_skip_dag' retrieved from /Users/pranavr/.pyenv/versions/3.11.6/lib/python3.11/site-packages/airflow/example_dags/example_skip_dag.py
[2025-06-13T14:45:32.572-0400] {logging_mixin.py:190} INFO - [2025-06-13T14:45:32.572-0400] {dag.py:3239} INFO - Sync 1 DAGs
[2025-06-13T14:45:32.579-0400] {logging_mixin.py:190} INFO - [2025-06-13T14:45:32.579-0400] {dag.py:4180} INFO - Setting next_dagrun for example_skip_dag to 2025-06-12T00:00:00+00:00, run_after=2025-06-13T00:00:00+00:00
[2025-06-13T14:45:32.586-0400] {processor.py:208} INFO - Processing /Users/pranavr/.pyenv/versions/3.11.6/lib/python3.11/site-packages/airflow/example_dags/example_skip_dag.py took 87.183 seconds
[2025-06-13T14:46:44.288-0400] {processor.py:186} INFO - Started process (PID=12349) to work on /Users/pranavr/.pyenv/versions/3.11.6/lib/python3.11/site-packages/airflow/example_dags/example_skip_dag.py
[2025-06-13T14:46:44.290-0400] {processor.py:914} INFO - Processing file /Users/pranavr/.pyenv/versions/3.11.6/lib/python3.11/site-packages/airflow/example_dags/example_skip_dag.py for tasks to queue
[2025-06-13T14:46:44.290-0400] {logging_mixin.py:190} INFO - [2025-06-13T14:46:44.290-0400] {dagbag.py:588} INFO - Filling up the DagBag from /Users/pranavr/.pyenv/versions/3.11.6/lib/python3.11/site-packages/airflow/example_dags/example_skip_dag.py
[2025-06-13T14:46:44.293-0400] {processor.py:925} INFO - DAG(s) 'example_skip_dag' retrieved from /Users/pranavr/.pyenv/versions/3.11.6/lib/python3.11/site-packages/airflow/example_dags/example_skip_dag.py
[2025-06-13T14:46:44.355-0400] {logging_mixin.py:190} INFO - [2025-06-13T14:46:44.355-0400] {dag.py:3239} INFO - Sync 1 DAGs
[2025-06-13T14:46:44.361-0400] {logging_mixin.py:190} INFO - [2025-06-13T14:46:44.361-0400] {dag.py:4180} INFO - Setting next_dagrun for example_skip_dag to 2025-06-12T00:00:00+00:00, run_after=2025-06-13T00:00:00+00:00
[2025-06-13T14:46:44.368-0400] {processor.py:208} INFO - Processing /Users/pranavr/.pyenv/versions/3.11.6/lib/python3.11/site-packages/airflow/example_dags/example_skip_dag.py took 81.049 seconds
[2025-06-13T14:47:56.659-0400] {processor.py:186} INFO - Started process (PID=12441) to work on /Users/pranavr/.pyenv/versions/3.11.6/lib/python3.11/site-packages/airflow/example_dags/example_skip_dag.py
[2025-06-13T14:47:56.661-0400] {processor.py:914} INFO - Processing file /Users/pranavr/.pyenv/versions/3.11.6/lib/python3.11/site-packages/airflow/example_dags/example_skip_dag.py for tasks to queue
[2025-06-13T14:47:56.662-0400] {logging_mixin.py:190} INFO - [2025-06-13T14:47:56.661-0400] {dagbag.py:588} INFO - Filling up the DagBag from /Users/pranavr/.pyenv/versions/3.11.6/lib/python3.11/site-packages/airflow/example_dags/example_skip_dag.py
[2025-06-13T14:47:56.665-0400] {processor.py:925} INFO - DAG(s) 'example_skip_dag' retrieved from /Users/pranavr/.pyenv/versions/3.11.6/lib/python3.11/site-packages/airflow/example_dags/example_skip_dag.py
[2025-06-13T14:47:56.732-0400] {logging_mixin.py:190} INFO - [2025-06-13T14:47:56.732-0400] {dag.py:3239} INFO - Sync 1 DAGs
[2025-06-13T14:47:56.738-0400] {logging_mixin.py:190} INFO - [2025-06-13T14:47:56.738-0400] {dag.py:4180} INFO - Setting next_dagrun for example_skip_dag to 2025-06-12T00:00:00+00:00, run_after=2025-06-13T00:00:00+00:00
[2025-06-13T14:47:56.745-0400] {processor.py:208} INFO - Processing /Users/pranavr/.pyenv/versions/3.11.6/lib/python3.11/site-packages/airflow/example_dags/example_skip_dag.py took 86.924 seconds
[2025-06-13T14:49:14.556-0400] {processor.py:186} INFO - Started process (PID=12568) to work on /Users/pranavr/.pyenv/versions/3.11.6/lib/python3.11/site-packages/airflow/example_dags/example_skip_dag.py
[2025-06-13T14:49:14.558-0400] {processor.py:914} INFO - Processing file /Users/pranavr/.pyenv/versions/3.11.6/lib/python3.11/site-packages/airflow/example_dags/example_skip_dag.py for tasks to queue
[2025-06-13T14:49:14.559-0400] {logging_mixin.py:190} INFO - [2025-06-13T14:49:14.559-0400] {dagbag.py:588} INFO - Filling up the DagBag from /Users/pranavr/.pyenv/versions/3.11.6/lib/python3.11/site-packages/airflow/example_dags/example_skip_dag.py
[2025-06-13T14:49:14.562-0400] {processor.py:925} INFO - DAG(s) 'example_skip_dag' retrieved from /Users/pranavr/.pyenv/versions/3.11.6/lib/python3.11/site-packages/airflow/example_dags/example_skip_dag.py
[2025-06-13T14:49:14.631-0400] {logging_mixin.py:190} INFO - [2025-06-13T14:49:14.630-0400] {dag.py:3239} INFO - Sync 1 DAGs
[2025-06-13T14:49:14.637-0400] {logging_mixin.py:190} INFO - [2025-06-13T14:49:14.637-0400] {dag.py:4180} INFO - Setting next_dagrun for example_skip_dag to 2025-06-12T00:00:00+00:00, run_after=2025-06-13T00:00:00+00:00
[2025-06-13T14:49:14.644-0400] {processor.py:208} INFO - Processing /Users/pranavr/.pyenv/versions/3.11.6/lib/python3.11/site-packages/airflow/example_dags/example_skip_dag.py took 89.268 seconds
[2025-06-13T14:50:27.368-0400] {processor.py:186} INFO - Started process (PID=12703) to work on /Users/pranavr/.pyenv/versions/3.11.6/lib/python3.11/site-packages/airflow/example_dags/example_skip_dag.py
[2025-06-13T14:50:27.371-0400] {processor.py:914} INFO - Processing file /Users/pranavr/.pyenv/versions/3.11.6/lib/python3.11/site-packages/airflow/example_dags/example_skip_dag.py for tasks to queue
[2025-06-13T14:50:27.371-0400] {logging_mixin.py:190} INFO - [2025-06-13T14:50:27.371-0400] {dagbag.py:588} INFO - Filling up the DagBag from /Users/pranavr/.pyenv/versions/3.11.6/lib/python3.11/site-packages/airflow/example_dags/example_skip_dag.py
[2025-06-13T14:50:27.374-0400] {processor.py:925} INFO - DAG(s) 'example_skip_dag' retrieved from /Users/pranavr/.pyenv/versions/3.11.6/lib/python3.11/site-packages/airflow/example_dags/example_skip_dag.py
[2025-06-13T14:50:27.437-0400] {logging_mixin.py:190} INFO - [2025-06-13T14:50:27.437-0400] {dag.py:3239} INFO - Sync 1 DAGs
[2025-06-13T14:50:27.443-0400] {logging_mixin.py:190} INFO - [2025-06-13T14:50:27.443-0400] {dag.py:4180} INFO - Setting next_dagrun for example_skip_dag to 2025-06-12T00:00:00+00:00, run_after=2025-06-13T00:00:00+00:00
[2025-06-13T14:50:27.450-0400] {processor.py:208} INFO - Processing /Users/pranavr/.pyenv/versions/3.11.6/lib/python3.11/site-packages/airflow/example_dags/example_skip_dag.py took 83.067 seconds
[2025-06-13T14:51:40.521-0400] {processor.py:186} INFO - Started process (PID=13360) to work on /Users/pranavr/.pyenv/versions/3.11.6/lib/python3.11/site-packages/airflow/example_dags/example_skip_dag.py
[2025-06-13T14:51:40.523-0400] {processor.py:914} INFO - Processing file /Users/pranavr/.pyenv/versions/3.11.6/lib/python3.11/site-packages/airflow/example_dags/example_skip_dag.py for tasks to queue
[2025-06-13T14:51:40.524-0400] {logging_mixin.py:190} INFO - [2025-06-13T14:51:40.524-0400] {dagbag.py:588} INFO - Filling up the DagBag from /Users/pranavr/.pyenv/versions/3.11.6/lib/python3.11/site-packages/airflow/example_dags/example_skip_dag.py
[2025-06-13T14:51:40.527-0400] {processor.py:925} INFO - DAG(s) 'example_skip_dag' retrieved from /Users/pranavr/.pyenv/versions/3.11.6/lib/python3.11/site-packages/airflow/example_dags/example_skip_dag.py
[2025-06-13T14:51:40.599-0400] {logging_mixin.py:190} INFO - [2025-06-13T14:51:40.599-0400] {dag.py:3239} INFO - Sync 1 DAGs
[2025-06-13T14:51:40.606-0400] {logging_mixin.py:190} INFO - [2025-06-13T14:51:40.606-0400] {dag.py:4180} INFO - Setting next_dagrun for example_skip_dag to 2025-06-12T00:00:00+00:00, run_after=2025-06-13T00:00:00+00:00
[2025-06-13T14:51:40.613-0400] {processor.py:208} INFO - Processing /Users/pranavr/.pyenv/versions/3.11.6/lib/python3.11/site-packages/airflow/example_dags/example_skip_dag.py took 93.146 seconds
[2025-06-13T14:52:55.294-0400] {processor.py:186} INFO - Started process (PID=14048) to work on /Users/pranavr/.pyenv/versions/3.11.6/lib/python3.11/site-packages/airflow/example_dags/example_skip_dag.py
[2025-06-13T14:52:55.297-0400] {processor.py:914} INFO - Processing file /Users/pranavr/.pyenv/versions/3.11.6/lib/python3.11/site-packages/airflow/example_dags/example_skip_dag.py for tasks to queue
[2025-06-13T14:52:55.297-0400] {logging_mixin.py:190} INFO - [2025-06-13T14:52:55.297-0400] {dagbag.py:588} INFO - Filling up the DagBag from /Users/pranavr/.pyenv/versions/3.11.6/lib/python3.11/site-packages/airflow/example_dags/example_skip_dag.py
[2025-06-13T14:52:55.301-0400] {processor.py:925} INFO - DAG(s) 'example_skip_dag' retrieved from /Users/pranavr/.pyenv/versions/3.11.6/lib/python3.11/site-packages/airflow/example_dags/example_skip_dag.py
[2025-06-13T14:52:55.364-0400] {logging_mixin.py:190} INFO - [2025-06-13T14:52:55.364-0400] {dag.py:3239} INFO - Sync 1 DAGs
[2025-06-13T14:52:55.370-0400] {logging_mixin.py:190} INFO - [2025-06-13T14:52:55.370-0400] {dag.py:4180} INFO - Setting next_dagrun for example_skip_dag to 2025-06-12T00:00:00+00:00, run_after=2025-06-13T00:00:00+00:00
[2025-06-13T14:52:55.377-0400] {processor.py:208} INFO - Processing /Users/pranavr/.pyenv/versions/3.11.6/lib/python3.11/site-packages/airflow/example_dags/example_skip_dag.py took 84.439 seconds
[2025-06-13T14:54:08.827-0400] {processor.py:186} INFO - Started process (PID=14153) to work on /Users/pranavr/.pyenv/versions/3.11.6/lib/python3.11/site-packages/airflow/example_dags/example_skip_dag.py
[2025-06-13T14:54:08.829-0400] {processor.py:914} INFO - Processing file /Users/pranavr/.pyenv/versions/3.11.6/lib/python3.11/site-packages/airflow/example_dags/example_skip_dag.py for tasks to queue
[2025-06-13T14:54:08.830-0400] {logging_mixin.py:190} INFO - [2025-06-13T14:54:08.830-0400] {dagbag.py:588} INFO - Filling up the DagBag from /Users/pranavr/.pyenv/versions/3.11.6/lib/python3.11/site-packages/airflow/example_dags/example_skip_dag.py
[2025-06-13T14:54:08.833-0400] {processor.py:925} INFO - DAG(s) 'example_skip_dag' retrieved from /Users/pranavr/.pyenv/versions/3.11.6/lib/python3.11/site-packages/airflow/example_dags/example_skip_dag.py
[2025-06-13T14:54:08.898-0400] {logging_mixin.py:190} INFO - [2025-06-13T14:54:08.898-0400] {dag.py:3239} INFO - Sync 1 DAGs
[2025-06-13T14:54:08.905-0400] {logging_mixin.py:190} INFO - [2025-06-13T14:54:08.905-0400] {dag.py:4180} INFO - Setting next_dagrun for example_skip_dag to 2025-06-12T00:00:00+00:00, run_after=2025-06-13T00:00:00+00:00
[2025-06-13T14:54:08.912-0400] {processor.py:208} INFO - Processing /Users/pranavr/.pyenv/versions/3.11.6/lib/python3.11/site-packages/airflow/example_dags/example_skip_dag.py took 85.475 seconds
[2025-06-13T14:55:27.703-0400] {processor.py:186} INFO - Started process (PID=14273) to work on /Users/pranavr/.pyenv/versions/3.11.6/lib/python3.11/site-packages/airflow/example_dags/example_skip_dag.py
[2025-06-13T14:55:27.706-0400] {processor.py:914} INFO - Processing file /Users/pranavr/.pyenv/versions/3.11.6/lib/python3.11/site-packages/airflow/example_dags/example_skip_dag.py for tasks to queue
[2025-06-13T14:55:27.706-0400] {logging_mixin.py:190} INFO - [2025-06-13T14:55:27.706-0400] {dagbag.py:588} INFO - Filling up the DagBag from /Users/pranavr/.pyenv/versions/3.11.6/lib/python3.11/site-packages/airflow/example_dags/example_skip_dag.py
[2025-06-13T14:55:27.710-0400] {processor.py:925} INFO - DAG(s) 'example_skip_dag' retrieved from /Users/pranavr/.pyenv/versions/3.11.6/lib/python3.11/site-packages/airflow/example_dags/example_skip_dag.py
[2025-06-13T14:55:27.779-0400] {logging_mixin.py:190} INFO - [2025-06-13T14:55:27.779-0400] {dag.py:3239} INFO - Sync 1 DAGs
[2025-06-13T14:55:27.785-0400] {logging_mixin.py:190} INFO - [2025-06-13T14:55:27.785-0400] {dag.py:4180} INFO - Setting next_dagrun for example_skip_dag to 2025-06-12T00:00:00+00:00, run_after=2025-06-13T00:00:00+00:00
[2025-06-13T14:55:27.792-0400] {processor.py:208} INFO - Processing /Users/pranavr/.pyenv/versions/3.11.6/lib/python3.11/site-packages/airflow/example_dags/example_skip_dag.py took 90.207 seconds
[2025-06-13T14:56:43.919-0400] {processor.py:186} INFO - Started process (PID=14404) to work on /Users/pranavr/.pyenv/versions/3.11.6/lib/python3.11/site-packages/airflow/example_dags/example_skip_dag.py
[2025-06-13T14:56:43.922-0400] {processor.py:914} INFO - Processing file /Users/pranavr/.pyenv/versions/3.11.6/lib/python3.11/site-packages/airflow/example_dags/example_skip_dag.py for tasks to queue
[2025-06-13T14:56:43.922-0400] {logging_mixin.py:190} INFO - [2025-06-13T14:56:43.922-0400] {dagbag.py:588} INFO - Filling up the DagBag from /Users/pranavr/.pyenv/versions/3.11.6/lib/python3.11/site-packages/airflow/example_dags/example_skip_dag.py
[2025-06-13T14:56:43.926-0400] {processor.py:925} INFO - DAG(s) 'example_skip_dag' retrieved from /Users/pranavr/.pyenv/versions/3.11.6/lib/python3.11/site-packages/airflow/example_dags/example_skip_dag.py
[2025-06-13T14:56:43.988-0400] {logging_mixin.py:190} INFO - [2025-06-13T14:56:43.988-0400] {dag.py:3239} INFO - Sync 1 DAGs
[2025-06-13T14:56:43.994-0400] {logging_mixin.py:190} INFO - [2025-06-13T14:56:43.994-0400] {dag.py:4180} INFO - Setting next_dagrun for example_skip_dag to 2025-06-12T00:00:00+00:00, run_after=2025-06-13T00:00:00+00:00
[2025-06-13T14:56:44.001-0400] {processor.py:208} INFO - Processing /Users/pranavr/.pyenv/versions/3.11.6/lib/python3.11/site-packages/airflow/example_dags/example_skip_dag.py took 82.406 seconds
[2025-06-13T14:58:03.159-0400] {processor.py:186} INFO - Started process (PID=14613) to work on /Users/pranavr/.pyenv/versions/3.11.6/lib/python3.11/site-packages/airflow/example_dags/example_skip_dag.py
[2025-06-13T14:58:03.161-0400] {processor.py:914} INFO - Processing file /Users/pranavr/.pyenv/versions/3.11.6/lib/python3.11/site-packages/airflow/example_dags/example_skip_dag.py for tasks to queue
[2025-06-13T14:58:03.162-0400] {logging_mixin.py:190} INFO - [2025-06-13T14:58:03.161-0400] {dagbag.py:588} INFO - Filling up the DagBag from /Users/pranavr/.pyenv/versions/3.11.6/lib/python3.11/site-packages/airflow/example_dags/example_skip_dag.py
[2025-06-13T14:58:03.165-0400] {processor.py:925} INFO - DAG(s) 'example_skip_dag' retrieved from /Users/pranavr/.pyenv/versions/3.11.6/lib/python3.11/site-packages/airflow/example_dags/example_skip_dag.py
[2025-06-13T14:58:03.236-0400] {logging_mixin.py:190} INFO - [2025-06-13T14:58:03.236-0400] {dag.py:3239} INFO - Sync 1 DAGs
[2025-06-13T14:58:03.244-0400] {logging_mixin.py:190} INFO - [2025-06-13T14:58:03.243-0400] {dag.py:4180} INFO - Setting next_dagrun for example_skip_dag to 2025-06-12T00:00:00+00:00, run_after=2025-06-13T00:00:00+00:00
[2025-06-13T14:58:03.251-0400] {processor.py:208} INFO - Processing /Users/pranavr/.pyenv/versions/3.11.6/lib/python3.11/site-packages/airflow/example_dags/example_skip_dag.py took 93.418 seconds
[2025-06-13T14:59:26.089-0400] {processor.py:186} INFO - Started process (PID=14768) to work on /Users/pranavr/.pyenv/versions/3.11.6/lib/python3.11/site-packages/airflow/example_dags/example_skip_dag.py
[2025-06-13T14:59:26.093-0400] {processor.py:914} INFO - Processing file /Users/pranavr/.pyenv/versions/3.11.6/lib/python3.11/site-packages/airflow/example_dags/example_skip_dag.py for tasks to queue
[2025-06-13T14:59:26.093-0400] {logging_mixin.py:190} INFO - [2025-06-13T14:59:26.093-0400] {dagbag.py:588} INFO - Filling up the DagBag from /Users/pranavr/.pyenv/versions/3.11.6/lib/python3.11/site-packages/airflow/example_dags/example_skip_dag.py
[2025-06-13T14:59:26.098-0400] {processor.py:925} INFO - DAG(s) 'example_skip_dag' retrieved from /Users/pranavr/.pyenv/versions/3.11.6/lib/python3.11/site-packages/airflow/example_dags/example_skip_dag.py
[2025-06-13T14:59:26.183-0400] {logging_mixin.py:190} INFO - [2025-06-13T14:59:26.183-0400] {dag.py:3239} INFO - Sync 1 DAGs
[2025-06-13T14:59:26.190-0400] {logging_mixin.py:190} INFO - [2025-06-13T14:59:26.190-0400] {dag.py:4180} INFO - Setting next_dagrun for example_skip_dag to 2025-06-12T00:00:00+00:00, run_after=2025-06-13T00:00:00+00:00
[2025-06-13T14:59:26.198-0400] {processor.py:208} INFO - Processing /Users/pranavr/.pyenv/versions/3.11.6/lib/python3.11/site-packages/airflow/example_dags/example_skip_dag.py took 110.482 seconds
[2025-06-13T15:00:58.599-0400] {processor.py:186} INFO - Started process (PID=15102) to work on /Users/pranavr/.pyenv/versions/3.11.6/lib/python3.11/site-packages/airflow/example_dags/example_skip_dag.py
[2025-06-13T15:00:58.602-0400] {processor.py:914} INFO - Processing file /Users/pranavr/.pyenv/versions/3.11.6/lib/python3.11/site-packages/airflow/example_dags/example_skip_dag.py for tasks to queue
[2025-06-13T15:00:58.602-0400] {logging_mixin.py:190} INFO - [2025-06-13T15:00:58.602-0400] {dagbag.py:588} INFO - Filling up the DagBag from /Users/pranavr/.pyenv/versions/3.11.6/lib/python3.11/site-packages/airflow/example_dags/example_skip_dag.py
[2025-06-13T15:00:58.606-0400] {processor.py:925} INFO - DAG(s) 'example_skip_dag' retrieved from /Users/pranavr/.pyenv/versions/3.11.6/lib/python3.11/site-packages/airflow/example_dags/example_skip_dag.py
[2025-06-13T15:00:58.685-0400] {logging_mixin.py:190} INFO - [2025-06-13T15:00:58.684-0400] {dag.py:3239} INFO - Sync 1 DAGs
[2025-06-13T15:00:58.693-0400] {logging_mixin.py:190} INFO - [2025-06-13T15:00:58.692-0400] {dag.py:4180} INFO - Setting next_dagrun for example_skip_dag to 2025-06-12T00:00:00+00:00, run_after=2025-06-13T00:00:00+00:00
[2025-06-13T15:00:58.701-0400] {processor.py:208} INFO - Processing /Users/pranavr/.pyenv/versions/3.11.6/lib/python3.11/site-packages/airflow/example_dags/example_skip_dag.py took 102.989 seconds
