[2025-06-13T14:22:27.148-0400] {processor.py:186} INFO - Started process (PID=7600) to work on /Users/pranavr/.pyenv/versions/3.11.6/lib/python3.11/site-packages/airflow/example_dags/example_params_ui_tutorial.py
[2025-06-13T14:22:27.151-0400] {processor.py:914} INFO - Processing file /Users/pranavr/.pyenv/versions/3.11.6/lib/python3.11/site-packages/airflow/example_dags/example_params_ui_tutorial.py for tasks to queue
[2025-06-13T14:22:27.151-0400] {logging_mixin.py:190} INFO - [2025-06-13T14:22:27.151-0400] {dagbag.py:588} INFO - Filling up the DagBag from /Users/pranavr/.pyenv/versions/3.11.6/lib/python3.11/site-packages/airflow/example_dags/example_params_ui_tutorial.py
[2025-06-13T14:22:27.174-0400] {processor.py:925} INFO - DAG(s) 'example_params_ui_tutorial' retrieved from /Users/pranavr/.pyenv/versions/3.11.6/lib/python3.11/site-packages/airflow/example_dags/example_params_ui_tutorial.py
[2025-06-13T14:22:27.305-0400] {logging_mixin.py:190} INFO - [2025-06-13T14:22:27.304-0400] {dag.py:3239} INFO - Sync 1 DAGs
[2025-06-13T14:22:27.309-0400] {logging_mixin.py:190} INFO - [2025-06-13T14:22:27.309-0400] {dag.py:4180} INFO - Setting next_dagrun for example_params_ui_tutorial to None, run_after=None
[2025-06-13T14:22:27.320-0400] {processor.py:208} INFO - Processing /Users/pranavr/.pyenv/versions/3.11.6/lib/python3.11/site-packages/airflow/example_dags/example_params_ui_tutorial.py took 174.354 seconds
[2025-06-13T14:24:31.193-0400] {processor.py:186} INFO - Started process (PID=7920) to work on /Users/pranavr/.pyenv/versions/3.11.6/lib/python3.11/site-packages/airflow/example_dags/example_params_ui_tutorial.py
[2025-06-13T14:24:31.196-0400] {processor.py:914} INFO - Processing file /Users/pranavr/.pyenv/versions/3.11.6/lib/python3.11/site-packages/airflow/example_dags/example_params_ui_tutorial.py for tasks to queue
[2025-06-13T14:24:31.197-0400] {logging_mixin.py:190} INFO - [2025-06-13T14:24:31.197-0400] {dagbag.py:588} INFO - Filling up the DagBag from /Users/pranavr/.pyenv/versions/3.11.6/lib/python3.11/site-packages/airflow/example_dags/example_params_ui_tutorial.py
[2025-06-13T14:24:31.217-0400] {processor.py:925} INFO - DAG(s) 'example_params_ui_tutorial' retrieved from /Users/pranavr/.pyenv/versions/3.11.6/lib/python3.11/site-packages/airflow/example_dags/example_params_ui_tutorial.py
[2025-06-13T14:24:31.317-0400] {logging_mixin.py:190} INFO - [2025-06-13T14:24:31.317-0400] {dag.py:3239} INFO - Sync 1 DAGs
[2025-06-13T14:24:31.321-0400] {logging_mixin.py:190} INFO - [2025-06-13T14:24:31.321-0400] {dag.py:4180} INFO - Setting next_dagrun for example_params_ui_tutorial to None, run_after=None
[2025-06-13T14:24:31.331-0400] {processor.py:208} INFO - Processing /Users/pranavr/.pyenv/versions/3.11.6/lib/python3.11/site-packages/airflow/example_dags/example_params_ui_tutorial.py took 139.002 seconds
[2025-06-13T14:27:32.394-0400] {processor.py:186} INFO - Started process (PID=8676) to work on /Users/pranavr/.pyenv/versions/3.11.6/lib/python3.11/site-packages/airflow/example_dags/example_params_ui_tutorial.py
[2025-06-13T14:27:32.396-0400] {processor.py:914} INFO - Processing file /Users/pranavr/.pyenv/versions/3.11.6/lib/python3.11/site-packages/airflow/example_dags/example_params_ui_tutorial.py for tasks to queue
[2025-06-13T14:27:32.397-0400] {logging_mixin.py:190} INFO - [2025-06-13T14:27:32.396-0400] {dagbag.py:588} INFO - Filling up the DagBag from /Users/pranavr/.pyenv/versions/3.11.6/lib/python3.11/site-packages/airflow/example_dags/example_params_ui_tutorial.py
[2025-06-13T14:27:32.416-0400] {processor.py:925} INFO - DAG(s) 'example_params_ui_tutorial' retrieved from /Users/pranavr/.pyenv/versions/3.11.6/lib/python3.11/site-packages/airflow/example_dags/example_params_ui_tutorial.py
[2025-06-13T14:27:32.512-0400] {logging_mixin.py:190} INFO - [2025-06-13T14:27:32.512-0400] {dag.py:3239} INFO - Sync 1 DAGs
[2025-06-13T14:27:32.516-0400] {logging_mixin.py:190} INFO - [2025-06-13T14:27:32.516-0400] {dag.py:4180} INFO - Setting next_dagrun for example_params_ui_tutorial to None, run_after=None
[2025-06-13T14:27:32.526-0400] {processor.py:208} INFO - Processing /Users/pranavr/.pyenv/versions/3.11.6/lib/python3.11/site-packages/airflow/example_dags/example_params_ui_tutorial.py took 133.405 seconds
[2025-06-13T14:30:35.204-0400] {processor.py:186} INFO - Started process (PID=9084) to work on /Users/pranavr/.pyenv/versions/3.11.6/lib/python3.11/site-packages/airflow/example_dags/example_params_ui_tutorial.py
[2025-06-13T14:30:35.206-0400] {processor.py:914} INFO - Processing file /Users/pranavr/.pyenv/versions/3.11.6/lib/python3.11/site-packages/airflow/example_dags/example_params_ui_tutorial.py for tasks to queue
[2025-06-13T14:30:35.207-0400] {logging_mixin.py:190} INFO - [2025-06-13T14:30:35.207-0400] {dagbag.py:588} INFO - Filling up the DagBag from /Users/pranavr/.pyenv/versions/3.11.6/lib/python3.11/site-packages/airflow/example_dags/example_params_ui_tutorial.py
[2025-06-13T14:30:35.227-0400] {processor.py:925} INFO - DAG(s) 'example_params_ui_tutorial' retrieved from /Users/pranavr/.pyenv/versions/3.11.6/lib/python3.11/site-packages/airflow/example_dags/example_params_ui_tutorial.py
[2025-06-13T14:30:35.324-0400] {logging_mixin.py:190} INFO - [2025-06-13T14:30:35.324-0400] {dag.py:3239} INFO - Sync 1 DAGs
[2025-06-13T14:30:35.329-0400] {logging_mixin.py:190} INFO - [2025-06-13T14:30:35.329-0400] {dag.py:4180} INFO - Setting next_dagrun for example_params_ui_tutorial to None, run_after=None
[2025-06-13T14:30:35.339-0400] {processor.py:208} INFO - Processing /Users/pranavr/.pyenv/versions/3.11.6/lib/python3.11/site-packages/airflow/example_dags/example_params_ui_tutorial.py took 136.551 seconds
[2025-06-13T14:33:37.204-0400] {processor.py:186} INFO - Started process (PID=9634) to work on /Users/pranavr/.pyenv/versions/3.11.6/lib/python3.11/site-packages/airflow/example_dags/example_params_ui_tutorial.py
[2025-06-13T14:33:37.206-0400] {processor.py:914} INFO - Processing file /Users/pranavr/.pyenv/versions/3.11.6/lib/python3.11/site-packages/airflow/example_dags/example_params_ui_tutorial.py for tasks to queue
[2025-06-13T14:33:37.207-0400] {logging_mixin.py:190} INFO - [2025-06-13T14:33:37.207-0400] {dagbag.py:588} INFO - Filling up the DagBag from /Users/pranavr/.pyenv/versions/3.11.6/lib/python3.11/site-packages/airflow/example_dags/example_params_ui_tutorial.py
[2025-06-13T14:33:37.229-0400] {processor.py:925} INFO - DAG(s) 'example_params_ui_tutorial' retrieved from /Users/pranavr/.pyenv/versions/3.11.6/lib/python3.11/site-packages/airflow/example_dags/example_params_ui_tutorial.py
[2025-06-13T14:33:37.326-0400] {logging_mixin.py:190} INFO - [2025-06-13T14:33:37.326-0400] {dag.py:3239} INFO - Sync 1 DAGs
[2025-06-13T14:33:37.331-0400] {logging_mixin.py:190} INFO - [2025-06-13T14:33:37.331-0400] {dag.py:4180} INFO - Setting next_dagrun for example_params_ui_tutorial to None, run_after=None
[2025-06-13T14:33:37.341-0400] {processor.py:208} INFO - Processing /Users/pranavr/.pyenv/versions/3.11.6/lib/python3.11/site-packages/airflow/example_dags/example_params_ui_tutorial.py took 138.804 seconds
[2025-06-13T14:36:39.741-0400] {processor.py:186} INFO - Started process (PID=10974) to work on /Users/pranavr/.pyenv/versions/3.11.6/lib/python3.11/site-packages/airflow/example_dags/example_params_ui_tutorial.py
[2025-06-13T14:36:39.743-0400] {processor.py:914} INFO - Processing file /Users/pranavr/.pyenv/versions/3.11.6/lib/python3.11/site-packages/airflow/example_dags/example_params_ui_tutorial.py for tasks to queue
[2025-06-13T14:36:39.746-0400] {logging_mixin.py:190} INFO - [2025-06-13T14:36:39.745-0400] {dagbag.py:588} INFO - Filling up the DagBag from /Users/pranavr/.pyenv/versions/3.11.6/lib/python3.11/site-packages/airflow/example_dags/example_params_ui_tutorial.py
[2025-06-13T14:36:39.767-0400] {processor.py:925} INFO - DAG(s) 'example_params_ui_tutorial' retrieved from /Users/pranavr/.pyenv/versions/3.11.6/lib/python3.11/site-packages/airflow/example_dags/example_params_ui_tutorial.py
[2025-06-13T14:36:39.870-0400] {logging_mixin.py:190} INFO - [2025-06-13T14:36:39.870-0400] {dag.py:3239} INFO - Sync 1 DAGs
[2025-06-13T14:36:39.875-0400] {logging_mixin.py:190} INFO - [2025-06-13T14:36:39.875-0400] {dag.py:4180} INFO - Setting next_dagrun for example_params_ui_tutorial to None, run_after=None
[2025-06-13T14:36:39.885-0400] {processor.py:208} INFO - Processing /Users/pranavr/.pyenv/versions/3.11.6/lib/python3.11/site-packages/airflow/example_dags/example_params_ui_tutorial.py took 146.739 seconds
[2025-06-13T14:39:34.998-0400] {processor.py:186} INFO - Started process (PID=11425) to work on /Users/pranavr/.pyenv/versions/3.11.6/lib/python3.11/site-packages/airflow/example_dags/example_params_ui_tutorial.py
[2025-06-13T14:39:35.000-0400] {processor.py:914} INFO - Processing file /Users/pranavr/.pyenv/versions/3.11.6/lib/python3.11/site-packages/airflow/example_dags/example_params_ui_tutorial.py for tasks to queue
[2025-06-13T14:39:35.001-0400] {logging_mixin.py:190} INFO - [2025-06-13T14:39:35.001-0400] {dagbag.py:588} INFO - Filling up the DagBag from /Users/pranavr/.pyenv/versions/3.11.6/lib/python3.11/site-packages/airflow/example_dags/example_params_ui_tutorial.py
[2025-06-13T14:39:35.017-0400] {processor.py:925} INFO - DAG(s) 'example_params_ui_tutorial' retrieved from /Users/pranavr/.pyenv/versions/3.11.6/lib/python3.11/site-packages/airflow/example_dags/example_params_ui_tutorial.py
[2025-06-13T14:39:35.092-0400] {logging_mixin.py:190} INFO - [2025-06-13T14:39:35.092-0400] {dag.py:3239} INFO - Sync 1 DAGs
[2025-06-13T14:39:35.096-0400] {logging_mixin.py:190} INFO - [2025-06-13T14:39:35.096-0400] {dag.py:4180} INFO - Setting next_dagrun for example_params_ui_tutorial to None, run_after=None
[2025-06-13T14:39:35.104-0400] {processor.py:208} INFO - Processing /Users/pranavr/.pyenv/versions/3.11.6/lib/python3.11/site-packages/airflow/example_dags/example_params_ui_tutorial.py took 106.528 seconds
[2025-06-13T14:42:07.498-0400] {processor.py:186} INFO - Started process (PID=11811) to work on /Users/pranavr/.pyenv/versions/3.11.6/lib/python3.11/site-packages/airflow/example_dags/example_params_ui_tutorial.py
[2025-06-13T14:42:07.500-0400] {processor.py:914} INFO - Processing file /Users/pranavr/.pyenv/versions/3.11.6/lib/python3.11/site-packages/airflow/example_dags/example_params_ui_tutorial.py for tasks to queue
[2025-06-13T14:42:07.501-0400] {logging_mixin.py:190} INFO - [2025-06-13T14:42:07.500-0400] {dagbag.py:588} INFO - Filling up the DagBag from /Users/pranavr/.pyenv/versions/3.11.6/lib/python3.11/site-packages/airflow/example_dags/example_params_ui_tutorial.py
[2025-06-13T14:42:07.516-0400] {processor.py:925} INFO - DAG(s) 'example_params_ui_tutorial' retrieved from /Users/pranavr/.pyenv/versions/3.11.6/lib/python3.11/site-packages/airflow/example_dags/example_params_ui_tutorial.py
[2025-06-13T14:42:07.592-0400] {logging_mixin.py:190} INFO - [2025-06-13T14:42:07.592-0400] {dag.py:3239} INFO - Sync 1 DAGs
[2025-06-13T14:42:07.597-0400] {logging_mixin.py:190} INFO - [2025-06-13T14:42:07.596-0400] {dag.py:4180} INFO - Setting next_dagrun for example_params_ui_tutorial to None, run_after=None
[2025-06-13T14:42:07.604-0400] {processor.py:208} INFO - Processing /Users/pranavr/.pyenv/versions/3.11.6/lib/python3.11/site-packages/airflow/example_dags/example_params_ui_tutorial.py took 107.205 seconds
[2025-06-13T14:44:32.998-0400] {processor.py:186} INFO - Started process (PID=12055) to work on /Users/pranavr/.pyenv/versions/3.11.6/lib/python3.11/site-packages/airflow/example_dags/example_params_ui_tutorial.py
[2025-06-13T14:44:33.000-0400] {processor.py:914} INFO - Processing file /Users/pranavr/.pyenv/versions/3.11.6/lib/python3.11/site-packages/airflow/example_dags/example_params_ui_tutorial.py for tasks to queue
[2025-06-13T14:44:33.000-0400] {logging_mixin.py:190} INFO - [2025-06-13T14:44:33.000-0400] {dagbag.py:588} INFO - Filling up the DagBag from /Users/pranavr/.pyenv/versions/3.11.6/lib/python3.11/site-packages/airflow/example_dags/example_params_ui_tutorial.py
[2025-06-13T14:44:33.014-0400] {processor.py:925} INFO - DAG(s) 'example_params_ui_tutorial' retrieved from /Users/pranavr/.pyenv/versions/3.11.6/lib/python3.11/site-packages/airflow/example_dags/example_params_ui_tutorial.py
[2025-06-13T14:44:33.084-0400] {logging_mixin.py:190} INFO - [2025-06-13T14:44:33.084-0400] {dag.py:3239} INFO - Sync 1 DAGs
[2025-06-13T14:44:33.088-0400] {logging_mixin.py:190} INFO - [2025-06-13T14:44:33.088-0400] {dag.py:4180} INFO - Setting next_dagrun for example_params_ui_tutorial to None, run_after=None
[2025-06-13T14:44:33.095-0400] {processor.py:208} INFO - Processing /Users/pranavr/.pyenv/versions/3.11.6/lib/python3.11/site-packages/airflow/example_dags/example_params_ui_tutorial.py took 97.500 seconds
[2025-06-13T14:46:56.076-0400] {processor.py:186} INFO - Started process (PID=12364) to work on /Users/pranavr/.pyenv/versions/3.11.6/lib/python3.11/site-packages/airflow/example_dags/example_params_ui_tutorial.py
[2025-06-13T14:46:56.078-0400] {processor.py:914} INFO - Processing file /Users/pranavr/.pyenv/versions/3.11.6/lib/python3.11/site-packages/airflow/example_dags/example_params_ui_tutorial.py for tasks to queue
[2025-06-13T14:46:56.078-0400] {logging_mixin.py:190} INFO - [2025-06-13T14:46:56.078-0400] {dagbag.py:588} INFO - Filling up the DagBag from /Users/pranavr/.pyenv/versions/3.11.6/lib/python3.11/site-packages/airflow/example_dags/example_params_ui_tutorial.py
[2025-06-13T14:46:56.092-0400] {processor.py:925} INFO - DAG(s) 'example_params_ui_tutorial' retrieved from /Users/pranavr/.pyenv/versions/3.11.6/lib/python3.11/site-packages/airflow/example_dags/example_params_ui_tutorial.py
[2025-06-13T14:46:56.161-0400] {logging_mixin.py:190} INFO - [2025-06-13T14:46:56.161-0400] {dag.py:3239} INFO - Sync 1 DAGs
[2025-06-13T14:46:56.165-0400] {logging_mixin.py:190} INFO - [2025-06-13T14:46:56.165-0400] {dag.py:4180} INFO - Setting next_dagrun for example_params_ui_tutorial to None, run_after=None
[2025-06-13T14:46:56.172-0400] {processor.py:208} INFO - Processing /Users/pranavr/.pyenv/versions/3.11.6/lib/python3.11/site-packages/airflow/example_dags/example_params_ui_tutorial.py took 97.426 seconds
[2025-06-13T14:49:27.503-0400] {processor.py:186} INFO - Started process (PID=12591) to work on /Users/pranavr/.pyenv/versions/3.11.6/lib/python3.11/site-packages/airflow/example_dags/example_params_ui_tutorial.py
[2025-06-13T14:49:27.505-0400] {processor.py:914} INFO - Processing file /Users/pranavr/.pyenv/versions/3.11.6/lib/python3.11/site-packages/airflow/example_dags/example_params_ui_tutorial.py for tasks to queue
[2025-06-13T14:49:27.505-0400] {logging_mixin.py:190} INFO - [2025-06-13T14:49:27.505-0400] {dagbag.py:588} INFO - Filling up the DagBag from /Users/pranavr/.pyenv/versions/3.11.6/lib/python3.11/site-packages/airflow/example_dags/example_params_ui_tutorial.py
[2025-06-13T14:49:27.521-0400] {processor.py:925} INFO - DAG(s) 'example_params_ui_tutorial' retrieved from /Users/pranavr/.pyenv/versions/3.11.6/lib/python3.11/site-packages/airflow/example_dags/example_params_ui_tutorial.py
[2025-06-13T14:49:27.592-0400] {logging_mixin.py:190} INFO - [2025-06-13T14:49:27.592-0400] {dag.py:3239} INFO - Sync 1 DAGs
[2025-06-13T14:49:27.596-0400] {logging_mixin.py:190} INFO - [2025-06-13T14:49:27.596-0400] {dag.py:4180} INFO - Setting next_dagrun for example_params_ui_tutorial to None, run_after=None
[2025-06-13T14:49:27.603-0400] {processor.py:208} INFO - Processing /Users/pranavr/.pyenv/versions/3.11.6/lib/python3.11/site-packages/airflow/example_dags/example_params_ui_tutorial.py took 101.352 seconds
[2025-06-13T14:51:55.932-0400] {processor.py:186} INFO - Started process (PID=13938) to work on /Users/pranavr/.pyenv/versions/3.11.6/lib/python3.11/site-packages/airflow/example_dags/example_params_ui_tutorial.py
[2025-06-13T14:51:55.935-0400] {processor.py:914} INFO - Processing file /Users/pranavr/.pyenv/versions/3.11.6/lib/python3.11/site-packages/airflow/example_dags/example_params_ui_tutorial.py for tasks to queue
[2025-06-13T14:51:55.935-0400] {logging_mixin.py:190} INFO - [2025-06-13T14:51:55.935-0400] {dagbag.py:588} INFO - Filling up the DagBag from /Users/pranavr/.pyenv/versions/3.11.6/lib/python3.11/site-packages/airflow/example_dags/example_params_ui_tutorial.py
[2025-06-13T14:51:55.950-0400] {processor.py:925} INFO - DAG(s) 'example_params_ui_tutorial' retrieved from /Users/pranavr/.pyenv/versions/3.11.6/lib/python3.11/site-packages/airflow/example_dags/example_params_ui_tutorial.py
[2025-06-13T14:51:56.020-0400] {logging_mixin.py:190} INFO - [2025-06-13T14:51:56.020-0400] {dag.py:3239} INFO - Sync 1 DAGs
[2025-06-13T14:51:56.024-0400] {logging_mixin.py:190} INFO - [2025-06-13T14:51:56.024-0400] {dag.py:4180} INFO - Setting next_dagrun for example_params_ui_tutorial to None, run_after=None
[2025-06-13T14:51:56.031-0400] {processor.py:208} INFO - Processing /Users/pranavr/.pyenv/versions/3.11.6/lib/python3.11/site-packages/airflow/example_dags/example_params_ui_tutorial.py took 100.423 seconds
[2025-06-13T14:54:25.195-0400] {processor.py:186} INFO - Started process (PID=14177) to work on /Users/pranavr/.pyenv/versions/3.11.6/lib/python3.11/site-packages/airflow/example_dags/example_params_ui_tutorial.py
[2025-06-13T14:54:25.197-0400] {processor.py:914} INFO - Processing file /Users/pranavr/.pyenv/versions/3.11.6/lib/python3.11/site-packages/airflow/example_dags/example_params_ui_tutorial.py for tasks to queue
[2025-06-13T14:54:25.198-0400] {logging_mixin.py:190} INFO - [2025-06-13T14:54:25.198-0400] {dagbag.py:588} INFO - Filling up the DagBag from /Users/pranavr/.pyenv/versions/3.11.6/lib/python3.11/site-packages/airflow/example_dags/example_params_ui_tutorial.py
[2025-06-13T14:54:25.213-0400] {processor.py:925} INFO - DAG(s) 'example_params_ui_tutorial' retrieved from /Users/pranavr/.pyenv/versions/3.11.6/lib/python3.11/site-packages/airflow/example_dags/example_params_ui_tutorial.py
[2025-06-13T14:54:25.284-0400] {logging_mixin.py:190} INFO - [2025-06-13T14:54:25.284-0400] {dag.py:3239} INFO - Sync 1 DAGs
[2025-06-13T14:54:25.288-0400] {logging_mixin.py:190} INFO - [2025-06-13T14:54:25.288-0400] {dag.py:4180} INFO - Setting next_dagrun for example_params_ui_tutorial to None, run_after=None
[2025-06-13T14:54:25.294-0400] {processor.py:208} INFO - Processing /Users/pranavr/.pyenv/versions/3.11.6/lib/python3.11/site-packages/airflow/example_dags/example_params_ui_tutorial.py took 100.957 seconds
[2025-06-13T14:56:56.997-0400] {processor.py:186} INFO - Started process (PID=14423) to work on /Users/pranavr/.pyenv/versions/3.11.6/lib/python3.11/site-packages/airflow/example_dags/example_params_ui_tutorial.py
[2025-06-13T14:56:57.000-0400] {processor.py:914} INFO - Processing file /Users/pranavr/.pyenv/versions/3.11.6/lib/python3.11/site-packages/airflow/example_dags/example_params_ui_tutorial.py for tasks to queue
[2025-06-13T14:56:57.000-0400] {logging_mixin.py:190} INFO - [2025-06-13T14:56:57.000-0400] {dagbag.py:588} INFO - Filling up the DagBag from /Users/pranavr/.pyenv/versions/3.11.6/lib/python3.11/site-packages/airflow/example_dags/example_params_ui_tutorial.py
[2025-06-13T14:56:57.016-0400] {processor.py:925} INFO - DAG(s) 'example_params_ui_tutorial' retrieved from /Users/pranavr/.pyenv/versions/3.11.6/lib/python3.11/site-packages/airflow/example_dags/example_params_ui_tutorial.py
[2025-06-13T14:56:57.087-0400] {logging_mixin.py:190} INFO - [2025-06-13T14:56:57.087-0400] {dag.py:3239} INFO - Sync 1 DAGs
[2025-06-13T14:56:57.091-0400] {logging_mixin.py:190} INFO - [2025-06-13T14:56:57.091-0400] {dag.py:4180} INFO - Setting next_dagrun for example_params_ui_tutorial to None, run_after=None
[2025-06-13T14:56:57.098-0400] {processor.py:208} INFO - Processing /Users/pranavr/.pyenv/versions/3.11.6/lib/python3.11/site-packages/airflow/example_dags/example_params_ui_tutorial.py took 102.061 seconds
[2025-06-13T14:59:42.046-0400] {processor.py:186} INFO - Started process (PID=14788) to work on /Users/pranavr/.pyenv/versions/3.11.6/lib/python3.11/site-packages/airflow/example_dags/example_params_ui_tutorial.py
[2025-06-13T14:59:42.048-0400] {processor.py:914} INFO - Processing file /Users/pranavr/.pyenv/versions/3.11.6/lib/python3.11/site-packages/airflow/example_dags/example_params_ui_tutorial.py for tasks to queue
[2025-06-13T14:59:42.048-0400] {logging_mixin.py:190} INFO - [2025-06-13T14:59:42.048-0400] {dagbag.py:588} INFO - Filling up the DagBag from /Users/pranavr/.pyenv/versions/3.11.6/lib/python3.11/site-packages/airflow/example_dags/example_params_ui_tutorial.py
[2025-06-13T14:59:42.064-0400] {processor.py:925} INFO - DAG(s) 'example_params_ui_tutorial' retrieved from /Users/pranavr/.pyenv/versions/3.11.6/lib/python3.11/site-packages/airflow/example_dags/example_params_ui_tutorial.py
[2025-06-13T14:59:42.145-0400] {logging_mixin.py:190} INFO - [2025-06-13T14:59:42.145-0400] {dag.py:3239} INFO - Sync 1 DAGs
[2025-06-13T14:59:42.150-0400] {logging_mixin.py:190} INFO - [2025-06-13T14:59:42.150-0400] {dag.py:4180} INFO - Setting next_dagrun for example_params_ui_tutorial to None, run_after=None
[2025-06-13T14:59:42.158-0400] {processor.py:208} INFO - Processing /Users/pranavr/.pyenv/versions/3.11.6/lib/python3.11/site-packages/airflow/example_dags/example_params_ui_tutorial.py took 114.005 seconds
[2025-06-13T15:01:19.594-0400] {processor.py:186} INFO - Started process (PID=15131) to work on /Users/pranavr/.pyenv/versions/3.11.6/lib/python3.11/site-packages/airflow/example_dags/example_params_ui_tutorial.py
[2025-06-13T15:01:19.596-0400] {processor.py:914} INFO - Processing file /Users/pranavr/.pyenv/versions/3.11.6/lib/python3.11/site-packages/airflow/example_dags/example_params_ui_tutorial.py for tasks to queue
[2025-06-13T15:01:19.597-0400] {logging_mixin.py:190} INFO - [2025-06-13T15:01:19.597-0400] {dagbag.py:588} INFO - Filling up the DagBag from /Users/pranavr/.pyenv/versions/3.11.6/lib/python3.11/site-packages/airflow/example_dags/example_params_ui_tutorial.py
[2025-06-13T15:01:19.614-0400] {processor.py:925} INFO - DAG(s) 'example_params_ui_tutorial' retrieved from /Users/pranavr/.pyenv/versions/3.11.6/lib/python3.11/site-packages/airflow/example_dags/example_params_ui_tutorial.py
[2025-06-13T15:01:19.694-0400] {logging_mixin.py:190} INFO - [2025-06-13T15:01:19.694-0400] {dag.py:3239} INFO - Sync 1 DAGs
[2025-06-13T15:01:19.698-0400] {logging_mixin.py:190} INFO - [2025-06-13T15:01:19.698-0400] {dag.py:4180} INFO - Setting next_dagrun for example_params_ui_tutorial to None, run_after=None
[2025-06-13T15:01:19.706-0400] {processor.py:208} INFO - Processing /Users/pranavr/.pyenv/versions/3.11.6/lib/python3.11/site-packages/airflow/example_dags/example_params_ui_tutorial.py took 113.016 seconds
[2025-06-13T15:03:23.789-0400] {processor.py:186} INFO - Started process (PID=15676) to work on /Users/pranavr/.pyenv/versions/3.11.6/lib/python3.11/site-packages/airflow/example_dags/example_params_ui_tutorial.py
[2025-06-13T15:03:23.791-0400] {processor.py:914} INFO - Processing file /Users/pranavr/.pyenv/versions/3.11.6/lib/python3.11/site-packages/airflow/example_dags/example_params_ui_tutorial.py for tasks to queue
[2025-06-13T15:03:23.791-0400] {logging_mixin.py:190} INFO - [2025-06-13T15:03:23.791-0400] {dagbag.py:588} INFO - Filling up the DagBag from /Users/pranavr/.pyenv/versions/3.11.6/lib/python3.11/site-packages/airflow/example_dags/example_params_ui_tutorial.py
[2025-06-13T15:03:23.809-0400] {processor.py:925} INFO - DAG(s) 'example_params_ui_tutorial' retrieved from /Users/pranavr/.pyenv/versions/3.11.6/lib/python3.11/site-packages/airflow/example_dags/example_params_ui_tutorial.py
[2025-06-13T15:03:23.888-0400] {logging_mixin.py:190} INFO - [2025-06-13T15:03:23.888-0400] {dag.py:3239} INFO - Sync 1 DAGs
[2025-06-13T15:03:23.894-0400] {logging_mixin.py:190} INFO - [2025-06-13T15:03:23.893-0400] {dag.py:4180} INFO - Setting next_dagrun for example_params_ui_tutorial to None, run_after=None
[2025-06-13T15:03:23.902-0400] {processor.py:208} INFO - Processing /Users/pranavr/.pyenv/versions/3.11.6/lib/python3.11/site-packages/airflow/example_dags/example_params_ui_tutorial.py took 114.821 seconds
[2025-06-13T15:05:21.369-0400] {processor.py:186} INFO - Started process (PID=16106) to work on /Users/pranavr/.pyenv/versions/3.11.6/lib/python3.11/site-packages/airflow/example_dags/example_params_ui_tutorial.py
[2025-06-13T15:05:21.371-0400] {processor.py:914} INFO - Processing file /Users/pranavr/.pyenv/versions/3.11.6/lib/python3.11/site-packages/airflow/example_dags/example_params_ui_tutorial.py for tasks to queue
[2025-06-13T15:05:21.371-0400] {logging_mixin.py:190} INFO - [2025-06-13T15:05:21.371-0400] {dagbag.py:588} INFO - Filling up the DagBag from /Users/pranavr/.pyenv/versions/3.11.6/lib/python3.11/site-packages/airflow/example_dags/example_params_ui_tutorial.py
[2025-06-13T15:05:21.387-0400] {processor.py:925} INFO - DAG(s) 'example_params_ui_tutorial' retrieved from /Users/pranavr/.pyenv/versions/3.11.6/lib/python3.11/site-packages/airflow/example_dags/example_params_ui_tutorial.py
[2025-06-13T15:05:21.464-0400] {logging_mixin.py:190} INFO - [2025-06-13T15:05:21.464-0400] {dag.py:3239} INFO - Sync 1 DAGs
[2025-06-13T15:05:21.468-0400] {logging_mixin.py:190} INFO - [2025-06-13T15:05:21.468-0400] {dag.py:4180} INFO - Setting next_dagrun for example_params_ui_tutorial to None, run_after=None
[2025-06-13T15:05:21.476-0400] {processor.py:208} INFO - Processing /Users/pranavr/.pyenv/versions/3.11.6/lib/python3.11/site-packages/airflow/example_dags/example_params_ui_tutorial.py took 108.937 seconds
[2025-06-13T15:07:13.062-0400] {processor.py:186} INFO - Started process (PID=16399) to work on /Users/pranavr/.pyenv/versions/3.11.6/lib/python3.11/site-packages/airflow/example_dags/example_params_ui_tutorial.py
[2025-06-13T15:07:13.064-0400] {processor.py:914} INFO - Processing file /Users/pranavr/.pyenv/versions/3.11.6/lib/python3.11/site-packages/airflow/example_dags/example_params_ui_tutorial.py for tasks to queue
[2025-06-13T15:07:13.064-0400] {logging_mixin.py:190} INFO - [2025-06-13T15:07:13.064-0400] {dagbag.py:588} INFO - Filling up the DagBag from /Users/pranavr/.pyenv/versions/3.11.6/lib/python3.11/site-packages/airflow/example_dags/example_params_ui_tutorial.py
[2025-06-13T15:07:13.081-0400] {processor.py:925} INFO - DAG(s) 'example_params_ui_tutorial' retrieved from /Users/pranavr/.pyenv/versions/3.11.6/lib/python3.11/site-packages/airflow/example_dags/example_params_ui_tutorial.py
[2025-06-13T15:07:13.159-0400] {logging_mixin.py:190} INFO - [2025-06-13T15:07:13.159-0400] {dag.py:3239} INFO - Sync 1 DAGs
[2025-06-13T15:07:13.163-0400] {logging_mixin.py:190} INFO - [2025-06-13T15:07:13.163-0400] {dag.py:4180} INFO - Setting next_dagrun for example_params_ui_tutorial to None, run_after=None
[2025-06-13T15:07:13.171-0400] {processor.py:208} INFO - Processing /Users/pranavr/.pyenv/versions/3.11.6/lib/python3.11/site-packages/airflow/example_dags/example_params_ui_tutorial.py took 110.746 seconds
[2025-06-13T15:09:53.530-0400] {processor.py:186} INFO - Started process (PID=16708) to work on /Users/pranavr/.pyenv/versions/3.11.6/lib/python3.11/site-packages/airflow/example_dags/example_params_ui_tutorial.py
[2025-06-13T15:09:53.532-0400] {processor.py:914} INFO - Processing file /Users/pranavr/.pyenv/versions/3.11.6/lib/python3.11/site-packages/airflow/example_dags/example_params_ui_tutorial.py for tasks to queue
[2025-06-13T15:09:53.532-0400] {logging_mixin.py:190} INFO - [2025-06-13T15:09:53.532-0400] {dagbag.py:588} INFO - Filling up the DagBag from /Users/pranavr/.pyenv/versions/3.11.6/lib/python3.11/site-packages/airflow/example_dags/example_params_ui_tutorial.py
[2025-06-13T15:09:53.549-0400] {processor.py:925} INFO - DAG(s) 'example_params_ui_tutorial' retrieved from /Users/pranavr/.pyenv/versions/3.11.6/lib/python3.11/site-packages/airflow/example_dags/example_params_ui_tutorial.py
[2025-06-13T15:09:53.631-0400] {logging_mixin.py:190} INFO - [2025-06-13T15:09:53.631-0400] {dag.py:3239} INFO - Sync 1 DAGs
[2025-06-13T15:09:53.636-0400] {logging_mixin.py:190} INFO - [2025-06-13T15:09:53.636-0400] {dag.py:4180} INFO - Setting next_dagrun for example_params_ui_tutorial to None, run_after=None
[2025-06-13T15:09:53.644-0400] {processor.py:208} INFO - Processing /Users/pranavr/.pyenv/versions/3.11.6/lib/python3.11/site-packages/airflow/example_dags/example_params_ui_tutorial.py took 115.476 seconds
[2025-06-13T15:12:43.774-0400] {processor.py:186} INFO - Started process (PID=16954) to work on /Users/pranavr/.pyenv/versions/3.11.6/lib/python3.11/site-packages/airflow/example_dags/example_params_ui_tutorial.py
[2025-06-13T15:12:43.776-0400] {processor.py:914} INFO - Processing file /Users/pranavr/.pyenv/versions/3.11.6/lib/python3.11/site-packages/airflow/example_dags/example_params_ui_tutorial.py for tasks to queue
[2025-06-13T15:12:43.777-0400] {logging_mixin.py:190} INFO - [2025-06-13T15:12:43.777-0400] {dagbag.py:588} INFO - Filling up the DagBag from /Users/pranavr/.pyenv/versions/3.11.6/lib/python3.11/site-packages/airflow/example_dags/example_params_ui_tutorial.py
[2025-06-13T15:12:43.793-0400] {processor.py:925} INFO - DAG(s) 'example_params_ui_tutorial' retrieved from /Users/pranavr/.pyenv/versions/3.11.6/lib/python3.11/site-packages/airflow/example_dags/example_params_ui_tutorial.py
[2025-06-13T15:12:43.884-0400] {logging_mixin.py:190} INFO - [2025-06-13T15:12:43.884-0400] {dag.py:3239} INFO - Sync 1 DAGs
[2025-06-13T15:12:43.890-0400] {logging_mixin.py:190} INFO - [2025-06-13T15:12:43.890-0400] {dag.py:4180} INFO - Setting next_dagrun for example_params_ui_tutorial to None, run_after=None
[2025-06-13T15:12:43.898-0400] {processor.py:208} INFO - Processing /Users/pranavr/.pyenv/versions/3.11.6/lib/python3.11/site-packages/airflow/example_dags/example_params_ui_tutorial.py took 125.237 seconds
[2025-06-13T15:19:33.482-0400] {processor.py:186} INFO - Started process (PID=17819) to work on /Users/pranavr/.pyenv/versions/3.11.6/lib/python3.11/site-packages/airflow/example_dags/example_params_ui_tutorial.py
[2025-06-13T15:19:33.485-0400] {processor.py:914} INFO - Processing file /Users/pranavr/.pyenv/versions/3.11.6/lib/python3.11/site-packages/airflow/example_dags/example_params_ui_tutorial.py for tasks to queue
[2025-06-13T15:19:33.486-0400] {logging_mixin.py:190} INFO - [2025-06-13T15:19:33.485-0400] {dagbag.py:588} INFO - Filling up the DagBag from /Users/pranavr/.pyenv/versions/3.11.6/lib/python3.11/site-packages/airflow/example_dags/example_params_ui_tutorial.py
[2025-06-13T15:19:33.511-0400] {processor.py:925} INFO - DAG(s) 'example_params_ui_tutorial' retrieved from /Users/pranavr/.pyenv/versions/3.11.6/lib/python3.11/site-packages/airflow/example_dags/example_params_ui_tutorial.py
[2025-06-13T15:19:33.599-0400] {logging_mixin.py:190} INFO - [2025-06-13T15:19:33.599-0400] {dag.py:3239} INFO - Sync 1 DAGs
[2025-06-13T15:19:33.604-0400] {logging_mixin.py:190} INFO - [2025-06-13T15:19:33.604-0400] {dag.py:4180} INFO - Setting next_dagrun for example_params_ui_tutorial to None, run_after=None
[2025-06-13T15:19:33.613-0400] {processor.py:208} INFO - Processing /Users/pranavr/.pyenv/versions/3.11.6/lib/python3.11/site-packages/airflow/example_dags/example_params_ui_tutorial.py took 132.652 seconds
[2025-06-13T15:25:45.079-0400] {processor.py:186} INFO - Started process (PID=18957) to work on /Users/pranavr/.pyenv/versions/3.11.6/lib/python3.11/site-packages/airflow/example_dags/example_params_ui_tutorial.py
[2025-06-13T15:25:45.081-0400] {processor.py:914} INFO - Processing file /Users/pranavr/.pyenv/versions/3.11.6/lib/python3.11/site-packages/airflow/example_dags/example_params_ui_tutorial.py for tasks to queue
[2025-06-13T15:25:45.082-0400] {logging_mixin.py:190} INFO - [2025-06-13T15:25:45.082-0400] {dagbag.py:588} INFO - Filling up the DagBag from /Users/pranavr/.pyenv/versions/3.11.6/lib/python3.11/site-packages/airflow/example_dags/example_params_ui_tutorial.py
[2025-06-13T15:25:45.099-0400] {processor.py:925} INFO - DAG(s) 'example_params_ui_tutorial' retrieved from /Users/pranavr/.pyenv/versions/3.11.6/lib/python3.11/site-packages/airflow/example_dags/example_params_ui_tutorial.py
[2025-06-13T15:25:45.216-0400] {logging_mixin.py:190} INFO - [2025-06-13T15:25:45.216-0400] {override.py:1930} INFO - Created Permission View: can read on DAG:example_params_ui_tutorial
[2025-06-13T15:25:45.220-0400] {logging_mixin.py:190} INFO - [2025-06-13T15:25:45.220-0400] {override.py:1930} INFO - Created Permission View: can edit on DAG:example_params_ui_tutorial
[2025-06-13T15:25:45.222-0400] {logging_mixin.py:190} INFO - [2025-06-13T15:25:45.222-0400] {override.py:1930} INFO - Created Permission View: can delete on DAG:example_params_ui_tutorial
[2025-06-13T15:25:45.225-0400] {logging_mixin.py:190} INFO - [2025-06-13T15:25:45.225-0400] {override.py:1930} INFO - Created Permission View: can read on DAG Run:example_params_ui_tutorial
[2025-06-13T15:25:45.228-0400] {logging_mixin.py:190} INFO - [2025-06-13T15:25:45.228-0400] {override.py:1930} INFO - Created Permission View: can delete on DAG Run:example_params_ui_tutorial
[2025-06-13T15:25:45.230-0400] {logging_mixin.py:190} INFO - [2025-06-13T15:25:45.230-0400] {override.py:1930} INFO - Created Permission View: menu access on DAG Run:example_params_ui_tutorial
[2025-06-13T15:25:45.232-0400] {logging_mixin.py:190} INFO - [2025-06-13T15:25:45.232-0400] {override.py:1930} INFO - Created Permission View: can create on DAG Run:example_params_ui_tutorial
[2025-06-13T15:25:45.232-0400] {logging_mixin.py:190} INFO - [2025-06-13T15:25:45.232-0400] {dag.py:3239} INFO - Sync 1 DAGs
[2025-06-13T15:25:45.237-0400] {logging_mixin.py:190} INFO - [2025-06-13T15:25:45.237-0400] {dag.py:3262} INFO - Creating ORM DAG for example_params_ui_tutorial
[2025-06-13T15:25:45.237-0400] {logging_mixin.py:190} INFO - [2025-06-13T15:25:45.237-0400] {dag.py:4180} INFO - Setting next_dagrun for example_params_ui_tutorial to None, run_after=None
[2025-06-13T15:25:45.245-0400] {processor.py:208} INFO - Processing /Users/pranavr/.pyenv/versions/3.11.6/lib/python3.11/site-packages/airflow/example_dags/example_params_ui_tutorial.py took 167.373 seconds
[2025-06-13T15:31:05.310-0400] {processor.py:186} INFO - Started process (PID=19927) to work on /Users/pranavr/.pyenv/versions/3.11.6/lib/python3.11/site-packages/airflow/example_dags/example_params_ui_tutorial.py
[2025-06-13T15:31:05.313-0400] {processor.py:914} INFO - Processing file /Users/pranavr/.pyenv/versions/3.11.6/lib/python3.11/site-packages/airflow/example_dags/example_params_ui_tutorial.py for tasks to queue
[2025-06-13T15:31:05.313-0400] {logging_mixin.py:190} INFO - [2025-06-13T15:31:05.313-0400] {dagbag.py:588} INFO - Filling up the DagBag from /Users/pranavr/.pyenv/versions/3.11.6/lib/python3.11/site-packages/airflow/example_dags/example_params_ui_tutorial.py
[2025-06-13T15:31:05.339-0400] {processor.py:925} INFO - DAG(s) 'example_params_ui_tutorial' retrieved from /Users/pranavr/.pyenv/versions/3.11.6/lib/python3.11/site-packages/airflow/example_dags/example_params_ui_tutorial.py
[2025-06-13T15:31:05.539-0400] {logging_mixin.py:190} INFO - [2025-06-13T15:31:05.538-0400] {override.py:1930} INFO - Created Permission View: can edit on DAG:example_params_ui_tutorial
[2025-06-13T15:31:05.549-0400] {logging_mixin.py:190} INFO - [2025-06-13T15:31:05.549-0400] {override.py:1930} INFO - Created Permission View: can read on DAG:example_params_ui_tutorial
[2025-06-13T15:31:05.556-0400] {logging_mixin.py:190} INFO - [2025-06-13T15:31:05.556-0400] {override.py:1930} INFO - Created Permission View: can delete on DAG:example_params_ui_tutorial
[2025-06-13T15:31:05.648-0400] {logging_mixin.py:190} INFO - [2025-06-13T15:31:05.647-0400] {override.py:1930} INFO - Created Permission View: can delete on DAG Run:example_params_ui_tutorial
[2025-06-13T15:31:05.652-0400] {logging_mixin.py:190} INFO - [2025-06-13T15:31:05.651-0400] {override.py:1930} INFO - Created Permission View: menu access on DAG Run:example_params_ui_tutorial
[2025-06-13T15:31:05.658-0400] {logging_mixin.py:190} INFO - [2025-06-13T15:31:05.657-0400] {override.py:1930} INFO - Created Permission View: can read on DAG Run:example_params_ui_tutorial
[2025-06-13T15:31:05.664-0400] {logging_mixin.py:190} INFO - [2025-06-13T15:31:05.664-0400] {override.py:1930} INFO - Created Permission View: can create on DAG Run:example_params_ui_tutorial
[2025-06-13T15:31:05.665-0400] {logging_mixin.py:190} INFO - [2025-06-13T15:31:05.665-0400] {dag.py:3239} INFO - Sync 1 DAGs
[2025-06-13T15:31:05.670-0400] {logging_mixin.py:190} INFO - [2025-06-13T15:31:05.670-0400] {dag.py:3262} INFO - Creating ORM DAG for example_params_ui_tutorial
[2025-06-13T15:31:05.670-0400] {logging_mixin.py:190} INFO - [2025-06-13T15:31:05.670-0400] {dag.py:4180} INFO - Setting next_dagrun for example_params_ui_tutorial to None, run_after=None
[2025-06-13T15:31:05.679-0400] {processor.py:208} INFO - Processing /Users/pranavr/.pyenv/versions/3.11.6/lib/python3.11/site-packages/airflow/example_dags/example_params_ui_tutorial.py took 370.152 seconds
[2025-06-13T15:36:37.880-0400] {processor.py:186} INFO - Started process (PID=20536) to work on /Users/pranavr/.pyenv/versions/3.11.6/lib/python3.11/site-packages/airflow/example_dags/example_params_ui_tutorial.py
[2025-06-13T15:36:37.883-0400] {processor.py:914} INFO - Processing file /Users/pranavr/.pyenv/versions/3.11.6/lib/python3.11/site-packages/airflow/example_dags/example_params_ui_tutorial.py for tasks to queue
[2025-06-13T15:36:37.883-0400] {logging_mixin.py:190} INFO - [2025-06-13T15:36:37.883-0400] {dagbag.py:588} INFO - Filling up the DagBag from /Users/pranavr/.pyenv/versions/3.11.6/lib/python3.11/site-packages/airflow/example_dags/example_params_ui_tutorial.py
[2025-06-13T15:36:37.899-0400] {processor.py:925} INFO - DAG(s) 'example_params_ui_tutorial' retrieved from /Users/pranavr/.pyenv/versions/3.11.6/lib/python3.11/site-packages/airflow/example_dags/example_params_ui_tutorial.py
[2025-06-13T15:36:38.011-0400] {logging_mixin.py:190} INFO - [2025-06-13T15:36:38.011-0400] {override.py:1930} INFO - Created Permission View: can read on DAG:example_params_ui_tutorial
[2025-06-13T15:36:38.015-0400] {logging_mixin.py:190} INFO - [2025-06-13T15:36:38.014-0400] {override.py:1930} INFO - Created Permission View: can delete on DAG:example_params_ui_tutorial
[2025-06-13T15:36:38.017-0400] {logging_mixin.py:190} INFO - [2025-06-13T15:36:38.017-0400] {override.py:1930} INFO - Created Permission View: can edit on DAG:example_params_ui_tutorial
[2025-06-13T15:36:38.020-0400] {logging_mixin.py:190} INFO - [2025-06-13T15:36:38.020-0400] {override.py:1930} INFO - Created Permission View: can read on DAG Run:example_params_ui_tutorial
[2025-06-13T15:36:38.022-0400] {logging_mixin.py:190} INFO - [2025-06-13T15:36:38.022-0400] {override.py:1930} INFO - Created Permission View: can delete on DAG Run:example_params_ui_tutorial
[2025-06-13T15:36:38.024-0400] {logging_mixin.py:190} INFO - [2025-06-13T15:36:38.024-0400] {override.py:1930} INFO - Created Permission View: menu access on DAG Run:example_params_ui_tutorial
[2025-06-13T15:36:38.026-0400] {logging_mixin.py:190} INFO - [2025-06-13T15:36:38.026-0400] {override.py:1930} INFO - Created Permission View: can create on DAG Run:example_params_ui_tutorial
[2025-06-13T15:36:38.026-0400] {logging_mixin.py:190} INFO - [2025-06-13T15:36:38.026-0400] {dag.py:3239} INFO - Sync 1 DAGs
[2025-06-13T15:36:38.031-0400] {logging_mixin.py:190} INFO - [2025-06-13T15:36:38.031-0400] {dag.py:3262} INFO - Creating ORM DAG for example_params_ui_tutorial
[2025-06-13T15:36:38.031-0400] {logging_mixin.py:190} INFO - [2025-06-13T15:36:38.031-0400] {dag.py:4180} INFO - Setting next_dagrun for example_params_ui_tutorial to None, run_after=None
[2025-06-13T15:36:38.038-0400] {processor.py:208} INFO - Processing /Users/pranavr/.pyenv/versions/3.11.6/lib/python3.11/site-packages/airflow/example_dags/example_params_ui_tutorial.py took 158.825 seconds
[2025-06-13T15:38:35.083-0400] {processor.py:186} INFO - Started process (PID=20773) to work on /Users/pranavr/.pyenv/versions/3.11.6/lib/python3.11/site-packages/airflow/example_dags/example_params_ui_tutorial.py
[2025-06-13T15:38:35.085-0400] {processor.py:914} INFO - Processing file /Users/pranavr/.pyenv/versions/3.11.6/lib/python3.11/site-packages/airflow/example_dags/example_params_ui_tutorial.py for tasks to queue
[2025-06-13T15:38:35.086-0400] {logging_mixin.py:190} INFO - [2025-06-13T15:38:35.086-0400] {dagbag.py:588} INFO - Filling up the DagBag from /Users/pranavr/.pyenv/versions/3.11.6/lib/python3.11/site-packages/airflow/example_dags/example_params_ui_tutorial.py
[2025-06-13T15:38:35.103-0400] {processor.py:925} INFO - DAG(s) 'example_params_ui_tutorial' retrieved from /Users/pranavr/.pyenv/versions/3.11.6/lib/python3.11/site-packages/airflow/example_dags/example_params_ui_tutorial.py
[2025-06-13T15:38:35.182-0400] {logging_mixin.py:190} INFO - [2025-06-13T15:38:35.182-0400] {dag.py:3239} INFO - Sync 1 DAGs
[2025-06-13T15:38:35.186-0400] {logging_mixin.py:190} INFO - [2025-06-13T15:38:35.186-0400] {dag.py:4180} INFO - Setting next_dagrun for example_params_ui_tutorial to None, run_after=None
[2025-06-13T15:38:35.195-0400] {processor.py:208} INFO - Processing /Users/pranavr/.pyenv/versions/3.11.6/lib/python3.11/site-packages/airflow/example_dags/example_params_ui_tutorial.py took 113.225 seconds
[2025-06-13T15:41:27.801-0400] {processor.py:186} INFO - Started process (PID=21024) to work on /Users/pranavr/.pyenv/versions/3.11.6/lib/python3.11/site-packages/airflow/example_dags/example_params_ui_tutorial.py
[2025-06-13T15:41:27.803-0400] {processor.py:914} INFO - Processing file /Users/pranavr/.pyenv/versions/3.11.6/lib/python3.11/site-packages/airflow/example_dags/example_params_ui_tutorial.py for tasks to queue
[2025-06-13T15:41:27.804-0400] {logging_mixin.py:190} INFO - [2025-06-13T15:41:27.804-0400] {dagbag.py:588} INFO - Filling up the DagBag from /Users/pranavr/.pyenv/versions/3.11.6/lib/python3.11/site-packages/airflow/example_dags/example_params_ui_tutorial.py
[2025-06-13T15:41:27.830-0400] {processor.py:925} INFO - DAG(s) 'example_params_ui_tutorial' retrieved from /Users/pranavr/.pyenv/versions/3.11.6/lib/python3.11/site-packages/airflow/example_dags/example_params_ui_tutorial.py
[2025-06-13T15:41:27.916-0400] {logging_mixin.py:190} INFO - [2025-06-13T15:41:27.916-0400] {dag.py:3239} INFO - Sync 1 DAGs
[2025-06-13T15:41:27.922-0400] {logging_mixin.py:190} INFO - [2025-06-13T15:41:27.922-0400] {dag.py:4180} INFO - Setting next_dagrun for example_params_ui_tutorial to None, run_after=None
[2025-06-13T15:41:27.931-0400] {processor.py:208} INFO - Processing /Users/pranavr/.pyenv/versions/3.11.6/lib/python3.11/site-packages/airflow/example_dags/example_params_ui_tutorial.py took 131.110 seconds
[2025-06-13T15:44:09.146-0400] {processor.py:186} INFO - Started process (PID=21579) to work on /Users/pranavr/.pyenv/versions/3.11.6/lib/python3.11/site-packages/airflow/example_dags/example_params_ui_tutorial.py
[2025-06-13T15:44:09.148-0400] {processor.py:914} INFO - Processing file /Users/pranavr/.pyenv/versions/3.11.6/lib/python3.11/site-packages/airflow/example_dags/example_params_ui_tutorial.py for tasks to queue
[2025-06-13T15:44:09.149-0400] {logging_mixin.py:190} INFO - [2025-06-13T15:44:09.149-0400] {dagbag.py:588} INFO - Filling up the DagBag from /Users/pranavr/.pyenv/versions/3.11.6/lib/python3.11/site-packages/airflow/example_dags/example_params_ui_tutorial.py
[2025-06-13T15:44:09.167-0400] {processor.py:925} INFO - DAG(s) 'example_params_ui_tutorial' retrieved from /Users/pranavr/.pyenv/versions/3.11.6/lib/python3.11/site-packages/airflow/example_dags/example_params_ui_tutorial.py
[2025-06-13T15:44:09.281-0400] {logging_mixin.py:190} INFO - [2025-06-13T15:44:09.281-0400] {override.py:1930} INFO - Created Permission View: can read on DAG:example_params_ui_tutorial
[2025-06-13T15:44:09.285-0400] {logging_mixin.py:190} INFO - [2025-06-13T15:44:09.285-0400] {override.py:1930} INFO - Created Permission View: can edit on DAG:example_params_ui_tutorial
[2025-06-13T15:44:09.287-0400] {logging_mixin.py:190} INFO - [2025-06-13T15:44:09.287-0400] {override.py:1930} INFO - Created Permission View: can delete on DAG:example_params_ui_tutorial
[2025-06-13T15:44:09.290-0400] {logging_mixin.py:190} INFO - [2025-06-13T15:44:09.289-0400] {override.py:1930} INFO - Created Permission View: can read on DAG Run:example_params_ui_tutorial
[2025-06-13T15:44:09.292-0400] {logging_mixin.py:190} INFO - [2025-06-13T15:44:09.292-0400] {override.py:1930} INFO - Created Permission View: can create on DAG Run:example_params_ui_tutorial
[2025-06-13T15:44:09.294-0400] {logging_mixin.py:190} INFO - [2025-06-13T15:44:09.293-0400] {override.py:1930} INFO - Created Permission View: can delete on DAG Run:example_params_ui_tutorial
[2025-06-13T15:44:09.296-0400] {logging_mixin.py:190} INFO - [2025-06-13T15:44:09.296-0400] {override.py:1930} INFO - Created Permission View: menu access on DAG Run:example_params_ui_tutorial
[2025-06-13T15:44:09.296-0400] {logging_mixin.py:190} INFO - [2025-06-13T15:44:09.296-0400] {dag.py:3239} INFO - Sync 1 DAGs
[2025-06-13T15:44:09.300-0400] {logging_mixin.py:190} INFO - [2025-06-13T15:44:09.300-0400] {dag.py:3262} INFO - Creating ORM DAG for example_params_ui_tutorial
[2025-06-13T15:44:09.300-0400] {logging_mixin.py:190} INFO - [2025-06-13T15:44:09.300-0400] {dag.py:4180} INFO - Setting next_dagrun for example_params_ui_tutorial to None, run_after=None
[2025-06-13T15:44:09.308-0400] {processor.py:208} INFO - Processing /Users/pranavr/.pyenv/versions/3.11.6/lib/python3.11/site-packages/airflow/example_dags/example_params_ui_tutorial.py took 163.481 seconds
[2025-06-13T15:46:10.061-0400] {processor.py:186} INFO - Started process (PID=21972) to work on /Users/pranavr/.pyenv/versions/3.11.6/lib/python3.11/site-packages/airflow/example_dags/example_params_ui_tutorial.py
[2025-06-13T15:46:10.063-0400] {processor.py:914} INFO - Processing file /Users/pranavr/.pyenv/versions/3.11.6/lib/python3.11/site-packages/airflow/example_dags/example_params_ui_tutorial.py for tasks to queue
[2025-06-13T15:46:10.064-0400] {logging_mixin.py:190} INFO - [2025-06-13T15:46:10.064-0400] {dagbag.py:588} INFO - Filling up the DagBag from /Users/pranavr/.pyenv/versions/3.11.6/lib/python3.11/site-packages/airflow/example_dags/example_params_ui_tutorial.py
[2025-06-13T15:46:10.087-0400] {processor.py:925} INFO - DAG(s) 'example_params_ui_tutorial' retrieved from /Users/pranavr/.pyenv/versions/3.11.6/lib/python3.11/site-packages/airflow/example_dags/example_params_ui_tutorial.py
[2025-06-13T15:46:10.172-0400] {logging_mixin.py:190} INFO - [2025-06-13T15:46:10.172-0400] {dag.py:3239} INFO - Sync 1 DAGs
[2025-06-13T15:46:10.177-0400] {logging_mixin.py:190} INFO - [2025-06-13T15:46:10.177-0400] {dag.py:4180} INFO - Setting next_dagrun for example_params_ui_tutorial to None, run_after=None
[2025-06-13T15:46:10.186-0400] {processor.py:208} INFO - Processing /Users/pranavr/.pyenv/versions/3.11.6/lib/python3.11/site-packages/airflow/example_dags/example_params_ui_tutorial.py took 126.148 seconds
[2025-06-13T15:49:01.676-0400] {processor.py:186} INFO - Started process (PID=22205) to work on /Users/pranavr/.pyenv/versions/3.11.6/lib/python3.11/site-packages/airflow/example_dags/example_params_ui_tutorial.py
[2025-06-13T15:49:01.678-0400] {processor.py:914} INFO - Processing file /Users/pranavr/.pyenv/versions/3.11.6/lib/python3.11/site-packages/airflow/example_dags/example_params_ui_tutorial.py for tasks to queue
[2025-06-13T15:49:01.679-0400] {logging_mixin.py:190} INFO - [2025-06-13T15:49:01.678-0400] {dagbag.py:588} INFO - Filling up the DagBag from /Users/pranavr/.pyenv/versions/3.11.6/lib/python3.11/site-packages/airflow/example_dags/example_params_ui_tutorial.py
[2025-06-13T15:49:01.697-0400] {processor.py:925} INFO - DAG(s) 'example_params_ui_tutorial' retrieved from /Users/pranavr/.pyenv/versions/3.11.6/lib/python3.11/site-packages/airflow/example_dags/example_params_ui_tutorial.py
[2025-06-13T15:49:01.783-0400] {logging_mixin.py:190} INFO - [2025-06-13T15:49:01.783-0400] {dag.py:3239} INFO - Sync 1 DAGs
[2025-06-13T15:49:01.787-0400] {logging_mixin.py:190} INFO - [2025-06-13T15:49:01.787-0400] {dag.py:4180} INFO - Setting next_dagrun for example_params_ui_tutorial to None, run_after=None
[2025-06-13T15:49:01.796-0400] {processor.py:208} INFO - Processing /Users/pranavr/.pyenv/versions/3.11.6/lib/python3.11/site-packages/airflow/example_dags/example_params_ui_tutorial.py took 122.226 seconds
[2025-06-13T15:51:38.579-0400] {processor.py:186} INFO - Started process (PID=22574) to work on /Users/pranavr/.pyenv/versions/3.11.6/lib/python3.11/site-packages/airflow/example_dags/example_params_ui_tutorial.py
[2025-06-13T15:51:38.581-0400] {processor.py:914} INFO - Processing file /Users/pranavr/.pyenv/versions/3.11.6/lib/python3.11/site-packages/airflow/example_dags/example_params_ui_tutorial.py for tasks to queue
[2025-06-13T15:51:38.582-0400] {logging_mixin.py:190} INFO - [2025-06-13T15:51:38.582-0400] {dagbag.py:588} INFO - Filling up the DagBag from /Users/pranavr/.pyenv/versions/3.11.6/lib/python3.11/site-packages/airflow/example_dags/example_params_ui_tutorial.py
[2025-06-13T15:51:38.596-0400] {processor.py:925} INFO - DAG(s) 'example_params_ui_tutorial' retrieved from /Users/pranavr/.pyenv/versions/3.11.6/lib/python3.11/site-packages/airflow/example_dags/example_params_ui_tutorial.py
[2025-06-13T15:51:38.667-0400] {logging_mixin.py:190} INFO - [2025-06-13T15:51:38.667-0400] {dag.py:3239} INFO - Sync 1 DAGs
[2025-06-13T15:51:38.671-0400] {logging_mixin.py:190} INFO - [2025-06-13T15:51:38.671-0400] {dag.py:4180} INFO - Setting next_dagrun for example_params_ui_tutorial to None, run_after=None
[2025-06-13T15:51:38.678-0400] {processor.py:208} INFO - Processing /Users/pranavr/.pyenv/versions/3.11.6/lib/python3.11/site-packages/airflow/example_dags/example_params_ui_tutorial.py took 100.382 seconds
[2025-06-13T15:54:09.431-0400] {processor.py:186} INFO - Started process (PID=22830) to work on /Users/pranavr/.pyenv/versions/3.11.6/lib/python3.11/site-packages/airflow/example_dags/example_params_ui_tutorial.py
[2025-06-13T15:54:09.433-0400] {processor.py:914} INFO - Processing file /Users/pranavr/.pyenv/versions/3.11.6/lib/python3.11/site-packages/airflow/example_dags/example_params_ui_tutorial.py for tasks to queue
[2025-06-13T15:54:09.433-0400] {logging_mixin.py:190} INFO - [2025-06-13T15:54:09.433-0400] {dagbag.py:588} INFO - Filling up the DagBag from /Users/pranavr/.pyenv/versions/3.11.6/lib/python3.11/site-packages/airflow/example_dags/example_params_ui_tutorial.py
[2025-06-13T15:54:09.448-0400] {processor.py:925} INFO - DAG(s) 'example_params_ui_tutorial' retrieved from /Users/pranavr/.pyenv/versions/3.11.6/lib/python3.11/site-packages/airflow/example_dags/example_params_ui_tutorial.py
[2025-06-13T15:54:09.518-0400] {logging_mixin.py:190} INFO - [2025-06-13T15:54:09.518-0400] {dag.py:3239} INFO - Sync 1 DAGs
[2025-06-13T15:54:09.522-0400] {logging_mixin.py:190} INFO - [2025-06-13T15:54:09.522-0400] {dag.py:4180} INFO - Setting next_dagrun for example_params_ui_tutorial to None, run_after=None
[2025-06-13T15:54:09.529-0400] {processor.py:208} INFO - Processing /Users/pranavr/.pyenv/versions/3.11.6/lib/python3.11/site-packages/airflow/example_dags/example_params_ui_tutorial.py took 99.811 seconds
[2025-06-13T15:56:32.874-0400] {processor.py:186} INFO - Started process (PID=23028) to work on /Users/pranavr/.pyenv/versions/3.11.6/lib/python3.11/site-packages/airflow/example_dags/example_params_ui_tutorial.py
[2025-06-13T15:56:32.877-0400] {processor.py:914} INFO - Processing file /Users/pranavr/.pyenv/versions/3.11.6/lib/python3.11/site-packages/airflow/example_dags/example_params_ui_tutorial.py for tasks to queue
[2025-06-13T15:56:32.878-0400] {logging_mixin.py:190} INFO - [2025-06-13T15:56:32.877-0400] {dagbag.py:588} INFO - Filling up the DagBag from /Users/pranavr/.pyenv/versions/3.11.6/lib/python3.11/site-packages/airflow/example_dags/example_params_ui_tutorial.py
[2025-06-13T15:56:32.892-0400] {processor.py:925} INFO - DAG(s) 'example_params_ui_tutorial' retrieved from /Users/pranavr/.pyenv/versions/3.11.6/lib/python3.11/site-packages/airflow/example_dags/example_params_ui_tutorial.py
[2025-06-13T15:56:32.963-0400] {logging_mixin.py:190} INFO - [2025-06-13T15:56:32.963-0400] {dag.py:3239} INFO - Sync 1 DAGs
[2025-06-13T15:56:32.967-0400] {logging_mixin.py:190} INFO - [2025-06-13T15:56:32.966-0400] {dag.py:4180} INFO - Setting next_dagrun for example_params_ui_tutorial to None, run_after=None
[2025-06-13T15:56:32.973-0400] {processor.py:208} INFO - Processing /Users/pranavr/.pyenv/versions/3.11.6/lib/python3.11/site-packages/airflow/example_dags/example_params_ui_tutorial.py took 100.143 seconds
[2025-06-13T15:58:55.780-0400] {processor.py:186} INFO - Started process (PID=23335) to work on /Users/pranavr/.pyenv/versions/3.11.6/lib/python3.11/site-packages/airflow/example_dags/example_params_ui_tutorial.py
[2025-06-13T15:58:55.782-0400] {processor.py:914} INFO - Processing file /Users/pranavr/.pyenv/versions/3.11.6/lib/python3.11/site-packages/airflow/example_dags/example_params_ui_tutorial.py for tasks to queue
[2025-06-13T15:58:55.782-0400] {logging_mixin.py:190} INFO - [2025-06-13T15:58:55.782-0400] {dagbag.py:588} INFO - Filling up the DagBag from /Users/pranavr/.pyenv/versions/3.11.6/lib/python3.11/site-packages/airflow/example_dags/example_params_ui_tutorial.py
[2025-06-13T15:58:55.798-0400] {processor.py:925} INFO - DAG(s) 'example_params_ui_tutorial' retrieved from /Users/pranavr/.pyenv/versions/3.11.6/lib/python3.11/site-packages/airflow/example_dags/example_params_ui_tutorial.py
[2025-06-13T15:58:55.876-0400] {logging_mixin.py:190} INFO - [2025-06-13T15:58:55.876-0400] {dag.py:3239} INFO - Sync 1 DAGs
[2025-06-13T15:58:55.880-0400] {logging_mixin.py:190} INFO - [2025-06-13T15:58:55.880-0400] {dag.py:4180} INFO - Setting next_dagrun for example_params_ui_tutorial to None, run_after=None
[2025-06-13T15:58:55.888-0400] {processor.py:208} INFO - Processing /Users/pranavr/.pyenv/versions/3.11.6/lib/python3.11/site-packages/airflow/example_dags/example_params_ui_tutorial.py took 109.461 seconds
[2025-06-13T16:01:26.672-0400] {processor.py:186} INFO - Started process (PID=23712) to work on /Users/pranavr/.pyenv/versions/3.11.6/lib/python3.11/site-packages/airflow/example_dags/example_params_ui_tutorial.py
[2025-06-13T16:01:26.674-0400] {processor.py:914} INFO - Processing file /Users/pranavr/.pyenv/versions/3.11.6/lib/python3.11/site-packages/airflow/example_dags/example_params_ui_tutorial.py for tasks to queue
[2025-06-13T16:01:26.675-0400] {logging_mixin.py:190} INFO - [2025-06-13T16:01:26.675-0400] {dagbag.py:588} INFO - Filling up the DagBag from /Users/pranavr/.pyenv/versions/3.11.6/lib/python3.11/site-packages/airflow/example_dags/example_params_ui_tutorial.py
[2025-06-13T16:01:26.689-0400] {processor.py:925} INFO - DAG(s) 'example_params_ui_tutorial' retrieved from /Users/pranavr/.pyenv/versions/3.11.6/lib/python3.11/site-packages/airflow/example_dags/example_params_ui_tutorial.py
[2025-06-13T16:01:26.758-0400] {logging_mixin.py:190} INFO - [2025-06-13T16:01:26.758-0400] {dag.py:3239} INFO - Sync 1 DAGs
[2025-06-13T16:01:26.762-0400] {logging_mixin.py:190} INFO - [2025-06-13T16:01:26.762-0400] {dag.py:4180} INFO - Setting next_dagrun for example_params_ui_tutorial to None, run_after=None
[2025-06-13T16:01:26.769-0400] {processor.py:208} INFO - Processing /Users/pranavr/.pyenv/versions/3.11.6/lib/python3.11/site-packages/airflow/example_dags/example_params_ui_tutorial.py took 98.048 seconds
[2025-06-13T16:04:10.400-0400] {processor.py:186} INFO - Started process (PID=24136) to work on /Users/pranavr/.pyenv/versions/3.11.6/lib/python3.11/site-packages/airflow/example_dags/example_params_ui_tutorial.py
[2025-06-13T16:04:10.402-0400] {processor.py:914} INFO - Processing file /Users/pranavr/.pyenv/versions/3.11.6/lib/python3.11/site-packages/airflow/example_dags/example_params_ui_tutorial.py for tasks to queue
[2025-06-13T16:04:10.402-0400] {logging_mixin.py:190} INFO - [2025-06-13T16:04:10.402-0400] {dagbag.py:588} INFO - Filling up the DagBag from /Users/pranavr/.pyenv/versions/3.11.6/lib/python3.11/site-packages/airflow/example_dags/example_params_ui_tutorial.py
[2025-06-13T16:04:10.419-0400] {processor.py:925} INFO - DAG(s) 'example_params_ui_tutorial' retrieved from /Users/pranavr/.pyenv/versions/3.11.6/lib/python3.11/site-packages/airflow/example_dags/example_params_ui_tutorial.py
[2025-06-13T16:04:10.504-0400] {logging_mixin.py:190} INFO - [2025-06-13T16:04:10.504-0400] {dag.py:3239} INFO - Sync 1 DAGs
[2025-06-13T16:04:10.509-0400] {logging_mixin.py:190} INFO - [2025-06-13T16:04:10.509-0400] {dag.py:4180} INFO - Setting next_dagrun for example_params_ui_tutorial to None, run_after=None
[2025-06-13T16:04:10.518-0400] {processor.py:208} INFO - Processing /Users/pranavr/.pyenv/versions/3.11.6/lib/python3.11/site-packages/airflow/example_dags/example_params_ui_tutorial.py took 120.139 seconds
