[2025-06-13T14:10:45.615-0400] {processor.py:153} INFO - Started process (PID=97179) to work on /Users/pranavr/drift-retrainer/venv311/lib/python3.11/site-packages/airflow/example_dags/example_branch_labels.py
[2025-06-13T14:10:45.617-0400] {processor.py:743} INFO - Processing file /Users/pranavr/drift-retrainer/venv311/lib/python3.11/site-packages/airflow/example_dags/example_branch_labels.py for tasks to queue
[2025-06-13T14:10:45.617-0400] {logging_mixin.py:137} INFO - [2025-06-13T14:10:45.617-0400] {dagbag.py:538} INFO - Filling up the DagBag from /Users/pranavr/drift-retrainer/venv311/lib/python3.11/site-packages/airflow/example_dags/example_branch_labels.py
[2025-06-13T14:10:45.634-0400] {processor.py:753} INFO - DAG(s) dict_keys(['example_branch_labels']) retrieved from /Users/pranavr/drift-retrainer/venv311/lib/python3.11/site-packages/airflow/example_dags/example_branch_labels.py
[2025-06-13T14:10:46.153-0400] {logging_mixin.py:137} INFO - [2025-06-13T14:10:46.153-0400] {manager.py:504} INFO - Created Permission View: can read on DAG:example_branch_labels
[2025-06-13T14:10:46.156-0400] {logging_mixin.py:137} INFO - [2025-06-13T14:10:46.156-0400] {manager.py:504} INFO - Created Permission View: can edit on DAG:example_branch_labels
[2025-06-13T14:10:46.160-0400] {logging_mixin.py:137} INFO - [2025-06-13T14:10:46.160-0400] {manager.py:504} INFO - Created Permission View: can delete on DAG:example_branch_labels
[2025-06-13T14:10:46.160-0400] {logging_mixin.py:137} INFO - [2025-06-13T14:10:46.160-0400] {dag.py:2690} INFO - Sync 1 DAGs
[2025-06-13T14:10:46.166-0400] {logging_mixin.py:137} INFO - [2025-06-13T14:10:46.165-0400] {dag.py:2711} INFO - Creating ORM DAG for example_branch_labels
[2025-06-13T14:10:46.171-0400] {logging_mixin.py:137} INFO - [2025-06-13T14:10:46.171-0400] {dag.py:3437} INFO - Setting next_dagrun for example_branch_labels to 2025-06-12T00:00:00+00:00, run_after=2025-06-13T00:00:00+00:00
[2025-06-13T14:10:46.179-0400] {processor.py:175} INFO - Processing /Users/pranavr/drift-retrainer/venv311/lib/python3.11/site-packages/airflow/example_dags/example_branch_labels.py took 0.565 seconds
[2025-06-13T14:12:42.527-0400] {processor.py:153} INFO - Started process (PID=97742) to work on /Users/pranavr/drift-retrainer/venv311/lib/python3.11/site-packages/airflow/example_dags/example_branch_labels.py
[2025-06-13T14:12:42.529-0400] {processor.py:743} INFO - Processing file /Users/pranavr/drift-retrainer/venv311/lib/python3.11/site-packages/airflow/example_dags/example_branch_labels.py for tasks to queue
[2025-06-13T14:12:42.530-0400] {logging_mixin.py:137} INFO - [2025-06-13T14:12:42.530-0400] {dagbag.py:538} INFO - Filling up the DagBag from /Users/pranavr/drift-retrainer/venv311/lib/python3.11/site-packages/airflow/example_dags/example_branch_labels.py
[2025-06-13T14:12:42.546-0400] {processor.py:753} INFO - DAG(s) dict_keys(['example_branch_labels']) retrieved from /Users/pranavr/drift-retrainer/venv311/lib/python3.11/site-packages/airflow/example_dags/example_branch_labels.py
[2025-06-13T14:12:43.026-0400] {logging_mixin.py:137} INFO - [2025-06-13T14:12:43.026-0400] {dag.py:2690} INFO - Sync 1 DAGs
[2025-06-13T14:12:43.035-0400] {logging_mixin.py:137} INFO - [2025-06-13T14:12:43.034-0400] {dag.py:3437} INFO - Setting next_dagrun for example_branch_labels to 2025-06-12T00:00:00+00:00, run_after=2025-06-13T00:00:00+00:00
[2025-06-13T14:12:43.042-0400] {processor.py:175} INFO - Processing /Users/pranavr/drift-retrainer/venv311/lib/python3.11/site-packages/airflow/example_dags/example_branch_labels.py took 0.516 seconds
[2025-06-13T14:14:30.871-0400] {processor.py:153} INFO - Started process (PID=587) to work on /Users/pranavr/drift-retrainer/venv311/lib/python3.11/site-packages/airflow/example_dags/example_branch_labels.py
[2025-06-13T14:14:30.873-0400] {processor.py:743} INFO - Processing file /Users/pranavr/drift-retrainer/venv311/lib/python3.11/site-packages/airflow/example_dags/example_branch_labels.py for tasks to queue
[2025-06-13T14:14:30.873-0400] {logging_mixin.py:137} INFO - [2025-06-13T14:14:30.873-0400] {dagbag.py:538} INFO - Filling up the DagBag from /Users/pranavr/drift-retrainer/venv311/lib/python3.11/site-packages/airflow/example_dags/example_branch_labels.py
[2025-06-13T14:14:30.888-0400] {processor.py:753} INFO - DAG(s) dict_keys(['example_branch_labels']) retrieved from /Users/pranavr/drift-retrainer/venv311/lib/python3.11/site-packages/airflow/example_dags/example_branch_labels.py
[2025-06-13T14:14:31.354-0400] {logging_mixin.py:137} INFO - [2025-06-13T14:14:31.353-0400] {dag.py:2690} INFO - Sync 1 DAGs
[2025-06-13T14:14:31.361-0400] {logging_mixin.py:137} INFO - [2025-06-13T14:14:31.361-0400] {dag.py:3437} INFO - Setting next_dagrun for example_branch_labels to 2025-06-12T00:00:00+00:00, run_after=2025-06-13T00:00:00+00:00
[2025-06-13T14:14:31.369-0400] {processor.py:175} INFO - Processing /Users/pranavr/drift-retrainer/venv311/lib/python3.11/site-packages/airflow/example_dags/example_branch_labels.py took 0.498 seconds
[2025-06-13T14:16:28.487-0400] {processor.py:153} INFO - Started process (PID=3552) to work on /Users/pranavr/drift-retrainer/venv311/lib/python3.11/site-packages/airflow/example_dags/example_branch_labels.py
[2025-06-13T14:16:28.490-0400] {processor.py:743} INFO - Processing file /Users/pranavr/drift-retrainer/venv311/lib/python3.11/site-packages/airflow/example_dags/example_branch_labels.py for tasks to queue
[2025-06-13T14:16:28.490-0400] {logging_mixin.py:137} INFO - [2025-06-13T14:16:28.490-0400] {dagbag.py:538} INFO - Filling up the DagBag from /Users/pranavr/drift-retrainer/venv311/lib/python3.11/site-packages/airflow/example_dags/example_branch_labels.py
[2025-06-13T14:16:28.507-0400] {processor.py:753} INFO - DAG(s) dict_keys(['example_branch_labels']) retrieved from /Users/pranavr/drift-retrainer/venv311/lib/python3.11/site-packages/airflow/example_dags/example_branch_labels.py
[2025-06-13T14:16:28.973-0400] {logging_mixin.py:137} INFO - [2025-06-13T14:16:28.973-0400] {dag.py:2690} INFO - Sync 1 DAGs
[2025-06-13T14:16:28.981-0400] {logging_mixin.py:137} INFO - [2025-06-13T14:16:28.981-0400] {dag.py:3437} INFO - Setting next_dagrun for example_branch_labels to 2025-06-12T00:00:00+00:00, run_after=2025-06-13T00:00:00+00:00
[2025-06-13T14:16:28.990-0400] {processor.py:175} INFO - Processing /Users/pranavr/drift-retrainer/venv311/lib/python3.11/site-packages/airflow/example_dags/example_branch_labels.py took 0.503 seconds
[2025-06-13T14:18:20.609-0400] {processor.py:153} INFO - Started process (PID=6304) to work on /Users/pranavr/drift-retrainer/venv311/lib/python3.11/site-packages/airflow/example_dags/example_branch_labels.py
[2025-06-13T14:18:20.612-0400] {processor.py:743} INFO - Processing file /Users/pranavr/drift-retrainer/venv311/lib/python3.11/site-packages/airflow/example_dags/example_branch_labels.py for tasks to queue
[2025-06-13T14:18:20.612-0400] {logging_mixin.py:137} INFO - [2025-06-13T14:18:20.612-0400] {dagbag.py:538} INFO - Filling up the DagBag from /Users/pranavr/drift-retrainer/venv311/lib/python3.11/site-packages/airflow/example_dags/example_branch_labels.py
[2025-06-13T14:18:20.631-0400] {processor.py:753} INFO - DAG(s) dict_keys(['example_branch_labels']) retrieved from /Users/pranavr/drift-retrainer/venv311/lib/python3.11/site-packages/airflow/example_dags/example_branch_labels.py
[2025-06-13T14:18:21.114-0400] {logging_mixin.py:137} INFO - [2025-06-13T14:18:21.114-0400] {dag.py:2690} INFO - Sync 1 DAGs
[2025-06-13T14:18:21.122-0400] {logging_mixin.py:137} INFO - [2025-06-13T14:18:21.122-0400] {dag.py:3437} INFO - Setting next_dagrun for example_branch_labels to 2025-06-12T00:00:00+00:00, run_after=2025-06-13T00:00:00+00:00
[2025-06-13T14:18:21.130-0400] {processor.py:175} INFO - Processing /Users/pranavr/drift-retrainer/venv311/lib/python3.11/site-packages/airflow/example_dags/example_branch_labels.py took 0.523 seconds
[2025-06-13T14:20:25.603-0400] {processor.py:153} INFO - Started process (PID=6706) to work on /Users/pranavr/drift-retrainer/venv311/lib/python3.11/site-packages/airflow/example_dags/example_branch_labels.py
[2025-06-13T14:20:25.605-0400] {processor.py:743} INFO - Processing file /Users/pranavr/drift-retrainer/venv311/lib/python3.11/site-packages/airflow/example_dags/example_branch_labels.py for tasks to queue
[2025-06-13T14:20:25.605-0400] {logging_mixin.py:137} INFO - [2025-06-13T14:20:25.605-0400] {dagbag.py:538} INFO - Filling up the DagBag from /Users/pranavr/drift-retrainer/venv311/lib/python3.11/site-packages/airflow/example_dags/example_branch_labels.py
[2025-06-13T14:20:25.621-0400] {processor.py:753} INFO - DAG(s) dict_keys(['example_branch_labels']) retrieved from /Users/pranavr/drift-retrainer/venv311/lib/python3.11/site-packages/airflow/example_dags/example_branch_labels.py
[2025-06-13T14:20:25.653-0400] {logging_mixin.py:137} INFO - [2025-06-13T14:20:25.641-0400] {dag.py:2690} INFO - Sync 1 DAGs
[2025-06-13T14:20:26.146-0400] {logging_mixin.py:137} INFO - [2025-06-13T14:20:26.146-0400] {dag.py:3437} INFO - Setting next_dagrun for example_branch_labels to 2025-06-12T00:00:00+00:00, run_after=2025-06-13T00:00:00+00:00
[2025-06-13T14:20:26.155-0400] {processor.py:175} INFO - Processing /Users/pranavr/drift-retrainer/venv311/lib/python3.11/site-packages/airflow/example_dags/example_branch_labels.py took 0.553 seconds
[2025-06-13T14:23:10.868-0400] {processor.py:186} INFO - Started process (PID=7799) to work on /Users/pranavr/.pyenv/versions/3.11.6/lib/python3.11/site-packages/airflow/example_dags/example_branch_labels.py
[2025-06-13T14:23:10.871-0400] {processor.py:914} INFO - Processing file /Users/pranavr/.pyenv/versions/3.11.6/lib/python3.11/site-packages/airflow/example_dags/example_branch_labels.py for tasks to queue
[2025-06-13T14:23:10.873-0400] {logging_mixin.py:190} INFO - [2025-06-13T14:23:10.872-0400] {dagbag.py:588} INFO - Filling up the DagBag from /Users/pranavr/.pyenv/versions/3.11.6/lib/python3.11/site-packages/airflow/example_dags/example_branch_labels.py
[2025-06-13T14:23:10.880-0400] {processor.py:925} INFO - DAG(s) 'example_branch_labels' retrieved from /Users/pranavr/.pyenv/versions/3.11.6/lib/python3.11/site-packages/airflow/example_dags/example_branch_labels.py
[2025-06-13T14:23:11.030-0400] {logging_mixin.py:190} INFO - [2025-06-13T14:23:11.030-0400] {dag.py:3239} INFO - Sync 1 DAGs
[2025-06-13T14:23:11.040-0400] {logging_mixin.py:190} INFO - [2025-06-13T14:23:11.040-0400] {dag.py:4180} INFO - Setting next_dagrun for example_branch_labels to 2025-06-12T00:00:00+00:00, run_after=2025-06-13T00:00:00+00:00
[2025-06-13T14:23:11.050-0400] {processor.py:208} INFO - Processing /Users/pranavr/.pyenv/versions/3.11.6/lib/python3.11/site-packages/airflow/example_dags/example_branch_labels.py took 184.452 seconds
[2025-06-13T14:26:14.271-0400] {processor.py:186} INFO - Started process (PID=8044) to work on /Users/pranavr/.pyenv/versions/3.11.6/lib/python3.11/site-packages/airflow/example_dags/example_branch_labels.py
[2025-06-13T14:26:14.274-0400] {processor.py:914} INFO - Processing file /Users/pranavr/.pyenv/versions/3.11.6/lib/python3.11/site-packages/airflow/example_dags/example_branch_labels.py for tasks to queue
[2025-06-13T14:26:14.275-0400] {logging_mixin.py:190} INFO - [2025-06-13T14:26:14.274-0400] {dagbag.py:588} INFO - Filling up the DagBag from /Users/pranavr/.pyenv/versions/3.11.6/lib/python3.11/site-packages/airflow/example_dags/example_branch_labels.py
[2025-06-13T14:26:14.281-0400] {processor.py:925} INFO - DAG(s) 'example_branch_labels' retrieved from /Users/pranavr/.pyenv/versions/3.11.6/lib/python3.11/site-packages/airflow/example_dags/example_branch_labels.py
[2025-06-13T14:26:14.367-0400] {logging_mixin.py:190} INFO - [2025-06-13T14:26:14.367-0400] {dag.py:3239} INFO - Sync 1 DAGs
[2025-06-13T14:26:14.376-0400] {logging_mixin.py:190} INFO - [2025-06-13T14:26:14.376-0400] {dag.py:4180} INFO - Setting next_dagrun for example_branch_labels to 2025-06-12T00:00:00+00:00, run_after=2025-06-13T00:00:00+00:00
[2025-06-13T14:26:14.386-0400] {processor.py:208} INFO - Processing /Users/pranavr/.pyenv/versions/3.11.6/lib/python3.11/site-packages/airflow/example_dags/example_branch_labels.py took 116.863 seconds
[2025-06-13T14:29:18.052-0400] {processor.py:186} INFO - Started process (PID=8868) to work on /Users/pranavr/.pyenv/versions/3.11.6/lib/python3.11/site-packages/airflow/example_dags/example_branch_labels.py
[2025-06-13T14:29:18.054-0400] {processor.py:914} INFO - Processing file /Users/pranavr/.pyenv/versions/3.11.6/lib/python3.11/site-packages/airflow/example_dags/example_branch_labels.py for tasks to queue
[2025-06-13T14:29:18.055-0400] {logging_mixin.py:190} INFO - [2025-06-13T14:29:18.055-0400] {dagbag.py:588} INFO - Filling up the DagBag from /Users/pranavr/.pyenv/versions/3.11.6/lib/python3.11/site-packages/airflow/example_dags/example_branch_labels.py
[2025-06-13T14:29:18.062-0400] {processor.py:925} INFO - DAG(s) 'example_branch_labels' retrieved from /Users/pranavr/.pyenv/versions/3.11.6/lib/python3.11/site-packages/airflow/example_dags/example_branch_labels.py
[2025-06-13T14:29:18.154-0400] {logging_mixin.py:190} INFO - [2025-06-13T14:29:18.154-0400] {dag.py:3239} INFO - Sync 1 DAGs
[2025-06-13T14:29:18.163-0400] {logging_mixin.py:190} INFO - [2025-06-13T14:29:18.163-0400] {dag.py:4180} INFO - Setting next_dagrun for example_branch_labels to 2025-06-12T00:00:00+00:00, run_after=2025-06-13T00:00:00+00:00
[2025-06-13T14:29:18.171-0400] {processor.py:208} INFO - Processing /Users/pranavr/.pyenv/versions/3.11.6/lib/python3.11/site-packages/airflow/example_dags/example_branch_labels.py took 123.373 seconds
[2025-06-13T14:32:15.936-0400] {processor.py:186} INFO - Started process (PID=9507) to work on /Users/pranavr/.pyenv/versions/3.11.6/lib/python3.11/site-packages/airflow/example_dags/example_branch_labels.py
[2025-06-13T14:32:15.939-0400] {processor.py:914} INFO - Processing file /Users/pranavr/.pyenv/versions/3.11.6/lib/python3.11/site-packages/airflow/example_dags/example_branch_labels.py for tasks to queue
[2025-06-13T14:32:15.939-0400] {logging_mixin.py:190} INFO - [2025-06-13T14:32:15.939-0400] {dagbag.py:588} INFO - Filling up the DagBag from /Users/pranavr/.pyenv/versions/3.11.6/lib/python3.11/site-packages/airflow/example_dags/example_branch_labels.py
[2025-06-13T14:32:15.945-0400] {processor.py:925} INFO - DAG(s) 'example_branch_labels' retrieved from /Users/pranavr/.pyenv/versions/3.11.6/lib/python3.11/site-packages/airflow/example_dags/example_branch_labels.py
[2025-06-13T14:32:16.031-0400] {logging_mixin.py:190} INFO - [2025-06-13T14:32:16.031-0400] {dag.py:3239} INFO - Sync 1 DAGs
[2025-06-13T14:32:16.040-0400] {logging_mixin.py:190} INFO - [2025-06-13T14:32:16.040-0400] {dag.py:4180} INFO - Setting next_dagrun for example_branch_labels to 2025-06-12T00:00:00+00:00, run_after=2025-06-13T00:00:00+00:00
[2025-06-13T14:32:16.048-0400] {processor.py:208} INFO - Processing /Users/pranavr/.pyenv/versions/3.11.6/lib/python3.11/site-packages/airflow/example_dags/example_branch_labels.py took 113.680 seconds
[2025-06-13T14:35:21.348-0400] {processor.py:186} INFO - Started process (PID=10154) to work on /Users/pranavr/.pyenv/versions/3.11.6/lib/python3.11/site-packages/airflow/example_dags/example_branch_labels.py
[2025-06-13T14:35:21.350-0400] {processor.py:914} INFO - Processing file /Users/pranavr/.pyenv/versions/3.11.6/lib/python3.11/site-packages/airflow/example_dags/example_branch_labels.py for tasks to queue
[2025-06-13T14:35:21.351-0400] {logging_mixin.py:190} INFO - [2025-06-13T14:35:21.350-0400] {dagbag.py:588} INFO - Filling up the DagBag from /Users/pranavr/.pyenv/versions/3.11.6/lib/python3.11/site-packages/airflow/example_dags/example_branch_labels.py
[2025-06-13T14:35:21.357-0400] {processor.py:925} INFO - DAG(s) 'example_branch_labels' retrieved from /Users/pranavr/.pyenv/versions/3.11.6/lib/python3.11/site-packages/airflow/example_dags/example_branch_labels.py
[2025-06-13T14:35:21.445-0400] {logging_mixin.py:190} INFO - [2025-06-13T14:35:21.444-0400] {dag.py:3239} INFO - Sync 1 DAGs
[2025-06-13T14:35:21.453-0400] {logging_mixin.py:190} INFO - [2025-06-13T14:35:21.453-0400] {dag.py:4180} INFO - Setting next_dagrun for example_branch_labels to 2025-06-12T00:00:00+00:00, run_after=2025-06-13T00:00:00+00:00
[2025-06-13T14:35:21.464-0400] {processor.py:208} INFO - Processing /Users/pranavr/.pyenv/versions/3.11.6/lib/python3.11/site-packages/airflow/example_dags/example_branch_labels.py took 117.148 seconds
[2025-06-13T14:38:19.883-0400] {processor.py:186} INFO - Started process (PID=11206) to work on /Users/pranavr/.pyenv/versions/3.11.6/lib/python3.11/site-packages/airflow/example_dags/example_branch_labels.py
[2025-06-13T14:38:19.887-0400] {processor.py:914} INFO - Processing file /Users/pranavr/.pyenv/versions/3.11.6/lib/python3.11/site-packages/airflow/example_dags/example_branch_labels.py for tasks to queue
[2025-06-13T14:38:19.888-0400] {logging_mixin.py:190} INFO - [2025-06-13T14:38:19.887-0400] {dagbag.py:588} INFO - Filling up the DagBag from /Users/pranavr/.pyenv/versions/3.11.6/lib/python3.11/site-packages/airflow/example_dags/example_branch_labels.py
[2025-06-13T14:38:19.893-0400] {processor.py:925} INFO - DAG(s) 'example_branch_labels' retrieved from /Users/pranavr/.pyenv/versions/3.11.6/lib/python3.11/site-packages/airflow/example_dags/example_branch_labels.py
[2025-06-13T14:38:19.975-0400] {logging_mixin.py:190} INFO - [2025-06-13T14:38:19.975-0400] {dag.py:3239} INFO - Sync 1 DAGs
[2025-06-13T14:38:19.984-0400] {logging_mixin.py:190} INFO - [2025-06-13T14:38:19.984-0400] {dag.py:4180} INFO - Setting next_dagrun for example_branch_labels to 2025-06-12T00:00:00+00:00, run_after=2025-06-13T00:00:00+00:00
[2025-06-13T14:38:19.993-0400] {processor.py:208} INFO - Processing /Users/pranavr/.pyenv/versions/3.11.6/lib/python3.11/site-packages/airflow/example_dags/example_branch_labels.py took 111.452 seconds
[2025-06-13T14:41:01.497-0400] {processor.py:186} INFO - Started process (PID=11710) to work on /Users/pranavr/.pyenv/versions/3.11.6/lib/python3.11/site-packages/airflow/example_dags/example_branch_labels.py
[2025-06-13T14:41:01.499-0400] {processor.py:914} INFO - Processing file /Users/pranavr/.pyenv/versions/3.11.6/lib/python3.11/site-packages/airflow/example_dags/example_branch_labels.py for tasks to queue
[2025-06-13T14:41:01.499-0400] {logging_mixin.py:190} INFO - [2025-06-13T14:41:01.499-0400] {dagbag.py:588} INFO - Filling up the DagBag from /Users/pranavr/.pyenv/versions/3.11.6/lib/python3.11/site-packages/airflow/example_dags/example_branch_labels.py
[2025-06-13T14:41:01.503-0400] {processor.py:925} INFO - DAG(s) 'example_branch_labels' retrieved from /Users/pranavr/.pyenv/versions/3.11.6/lib/python3.11/site-packages/airflow/example_dags/example_branch_labels.py
[2025-06-13T14:41:01.565-0400] {logging_mixin.py:190} INFO - [2025-06-13T14:41:01.565-0400] {dag.py:3239} INFO - Sync 1 DAGs
[2025-06-13T14:41:01.572-0400] {logging_mixin.py:190} INFO - [2025-06-13T14:41:01.572-0400] {dag.py:4180} INFO - Setting next_dagrun for example_branch_labels to 2025-06-12T00:00:00+00:00, run_after=2025-06-13T00:00:00+00:00
[2025-06-13T14:41:01.579-0400] {processor.py:208} INFO - Processing /Users/pranavr/.pyenv/versions/3.11.6/lib/python3.11/site-packages/airflow/example_dags/example_branch_labels.py took 83.540 seconds
[2025-06-13T14:43:30.934-0400] {processor.py:186} INFO - Started process (PID=11962) to work on /Users/pranavr/.pyenv/versions/3.11.6/lib/python3.11/site-packages/airflow/example_dags/example_branch_labels.py
[2025-06-13T14:43:30.936-0400] {processor.py:914} INFO - Processing file /Users/pranavr/.pyenv/versions/3.11.6/lib/python3.11/site-packages/airflow/example_dags/example_branch_labels.py for tasks to queue
[2025-06-13T14:43:30.936-0400] {logging_mixin.py:190} INFO - [2025-06-13T14:43:30.936-0400] {dagbag.py:588} INFO - Filling up the DagBag from /Users/pranavr/.pyenv/versions/3.11.6/lib/python3.11/site-packages/airflow/example_dags/example_branch_labels.py
[2025-06-13T14:43:30.940-0400] {processor.py:925} INFO - DAG(s) 'example_branch_labels' retrieved from /Users/pranavr/.pyenv/versions/3.11.6/lib/python3.11/site-packages/airflow/example_dags/example_branch_labels.py
[2025-06-13T14:43:31.002-0400] {logging_mixin.py:190} INFO - [2025-06-13T14:43:31.002-0400] {dag.py:3239} INFO - Sync 1 DAGs
[2025-06-13T14:43:31.009-0400] {logging_mixin.py:190} INFO - [2025-06-13T14:43:31.009-0400] {dag.py:4180} INFO - Setting next_dagrun for example_branch_labels to 2025-06-12T00:00:00+00:00, run_after=2025-06-13T00:00:00+00:00
[2025-06-13T14:43:31.016-0400] {processor.py:208} INFO - Processing /Users/pranavr/.pyenv/versions/3.11.6/lib/python3.11/site-packages/airflow/example_dags/example_branch_labels.py took 82.780 seconds
[2025-06-13T14:45:55.023-0400] {processor.py:186} INFO - Started process (PID=12262) to work on /Users/pranavr/.pyenv/versions/3.11.6/lib/python3.11/site-packages/airflow/example_dags/example_branch_labels.py
[2025-06-13T14:45:55.025-0400] {processor.py:914} INFO - Processing file /Users/pranavr/.pyenv/versions/3.11.6/lib/python3.11/site-packages/airflow/example_dags/example_branch_labels.py for tasks to queue
[2025-06-13T14:45:55.025-0400] {logging_mixin.py:190} INFO - [2025-06-13T14:45:55.025-0400] {dagbag.py:588} INFO - Filling up the DagBag from /Users/pranavr/.pyenv/versions/3.11.6/lib/python3.11/site-packages/airflow/example_dags/example_branch_labels.py
[2025-06-13T14:45:55.029-0400] {processor.py:925} INFO - DAG(s) 'example_branch_labels' retrieved from /Users/pranavr/.pyenv/versions/3.11.6/lib/python3.11/site-packages/airflow/example_dags/example_branch_labels.py
[2025-06-13T14:45:55.091-0400] {logging_mixin.py:190} INFO - [2025-06-13T14:45:55.091-0400] {dag.py:3239} INFO - Sync 1 DAGs
[2025-06-13T14:45:55.098-0400] {logging_mixin.py:190} INFO - [2025-06-13T14:45:55.098-0400] {dag.py:4180} INFO - Setting next_dagrun for example_branch_labels to 2025-06-12T00:00:00+00:00, run_after=2025-06-13T00:00:00+00:00
[2025-06-13T14:45:55.105-0400] {processor.py:208} INFO - Processing /Users/pranavr/.pyenv/versions/3.11.6/lib/python3.11/site-packages/airflow/example_dags/example_branch_labels.py took 83.299 seconds
[2025-06-13T14:48:23.039-0400] {processor.py:186} INFO - Started process (PID=12488) to work on /Users/pranavr/.pyenv/versions/3.11.6/lib/python3.11/site-packages/airflow/example_dags/example_branch_labels.py
[2025-06-13T14:48:23.041-0400] {processor.py:914} INFO - Processing file /Users/pranavr/.pyenv/versions/3.11.6/lib/python3.11/site-packages/airflow/example_dags/example_branch_labels.py for tasks to queue
[2025-06-13T14:48:23.041-0400] {logging_mixin.py:190} INFO - [2025-06-13T14:48:23.041-0400] {dagbag.py:588} INFO - Filling up the DagBag from /Users/pranavr/.pyenv/versions/3.11.6/lib/python3.11/site-packages/airflow/example_dags/example_branch_labels.py
[2025-06-13T14:48:23.046-0400] {processor.py:925} INFO - DAG(s) 'example_branch_labels' retrieved from /Users/pranavr/.pyenv/versions/3.11.6/lib/python3.11/site-packages/airflow/example_dags/example_branch_labels.py
[2025-06-13T14:48:23.112-0400] {logging_mixin.py:190} INFO - [2025-06-13T14:48:23.112-0400] {dag.py:3239} INFO - Sync 1 DAGs
[2025-06-13T14:48:23.119-0400] {logging_mixin.py:190} INFO - [2025-06-13T14:48:23.119-0400] {dag.py:4180} INFO - Setting next_dagrun for example_branch_labels to 2025-06-12T00:00:00+00:00, run_after=2025-06-13T00:00:00+00:00
[2025-06-13T14:48:23.126-0400] {processor.py:208} INFO - Processing /Users/pranavr/.pyenv/versions/3.11.6/lib/python3.11/site-packages/airflow/example_dags/example_branch_labels.py took 88.069 seconds
[2025-06-13T14:50:50.311-0400] {processor.py:186} INFO - Started process (PID=12731) to work on /Users/pranavr/.pyenv/versions/3.11.6/lib/python3.11/site-packages/airflow/example_dags/example_branch_labels.py
[2025-06-13T14:50:50.313-0400] {processor.py:914} INFO - Processing file /Users/pranavr/.pyenv/versions/3.11.6/lib/python3.11/site-packages/airflow/example_dags/example_branch_labels.py for tasks to queue
[2025-06-13T14:50:50.314-0400] {logging_mixin.py:190} INFO - [2025-06-13T14:50:50.314-0400] {dagbag.py:588} INFO - Filling up the DagBag from /Users/pranavr/.pyenv/versions/3.11.6/lib/python3.11/site-packages/airflow/example_dags/example_branch_labels.py
[2025-06-13T14:50:50.318-0400] {processor.py:925} INFO - DAG(s) 'example_branch_labels' retrieved from /Users/pranavr/.pyenv/versions/3.11.6/lib/python3.11/site-packages/airflow/example_dags/example_branch_labels.py
[2025-06-13T14:50:50.386-0400] {logging_mixin.py:190} INFO - [2025-06-13T14:50:50.386-0400] {dag.py:3239} INFO - Sync 1 DAGs
[2025-06-13T14:50:50.393-0400] {logging_mixin.py:190} INFO - [2025-06-13T14:50:50.393-0400] {dag.py:4180} INFO - Setting next_dagrun for example_branch_labels to 2025-06-12T00:00:00+00:00, run_after=2025-06-13T00:00:00+00:00
[2025-06-13T14:50:50.399-0400] {processor.py:208} INFO - Processing /Users/pranavr/.pyenv/versions/3.11.6/lib/python3.11/site-packages/airflow/example_dags/example_branch_labels.py took 89.280 seconds
[2025-06-13T14:53:20.122-0400] {processor.py:186} INFO - Started process (PID=14079) to work on /Users/pranavr/.pyenv/versions/3.11.6/lib/python3.11/site-packages/airflow/example_dags/example_branch_labels.py
[2025-06-13T14:53:20.124-0400] {processor.py:914} INFO - Processing file /Users/pranavr/.pyenv/versions/3.11.6/lib/python3.11/site-packages/airflow/example_dags/example_branch_labels.py for tasks to queue
[2025-06-13T14:53:20.125-0400] {logging_mixin.py:190} INFO - [2025-06-13T14:53:20.125-0400] {dagbag.py:588} INFO - Filling up the DagBag from /Users/pranavr/.pyenv/versions/3.11.6/lib/python3.11/site-packages/airflow/example_dags/example_branch_labels.py
[2025-06-13T14:53:20.129-0400] {processor.py:925} INFO - DAG(s) 'example_branch_labels' retrieved from /Users/pranavr/.pyenv/versions/3.11.6/lib/python3.11/site-packages/airflow/example_dags/example_branch_labels.py
[2025-06-13T14:53:20.194-0400] {logging_mixin.py:190} INFO - [2025-06-13T14:53:20.193-0400] {dag.py:3239} INFO - Sync 1 DAGs
[2025-06-13T14:53:20.200-0400] {logging_mixin.py:190} INFO - [2025-06-13T14:53:20.200-0400] {dag.py:4180} INFO - Setting next_dagrun for example_branch_labels to 2025-06-12T00:00:00+00:00, run_after=2025-06-13T00:00:00+00:00
[2025-06-13T14:53:20.207-0400] {processor.py:208} INFO - Processing /Users/pranavr/.pyenv/versions/3.11.6/lib/python3.11/site-packages/airflow/example_dags/example_branch_labels.py took 86.625 seconds
[2025-06-13T14:55:54.594-0400] {processor.py:186} INFO - Started process (PID=14319) to work on /Users/pranavr/.pyenv/versions/3.11.6/lib/python3.11/site-packages/airflow/example_dags/example_branch_labels.py
[2025-06-13T14:55:54.596-0400] {processor.py:914} INFO - Processing file /Users/pranavr/.pyenv/versions/3.11.6/lib/python3.11/site-packages/airflow/example_dags/example_branch_labels.py for tasks to queue
[2025-06-13T14:55:54.596-0400] {logging_mixin.py:190} INFO - [2025-06-13T14:55:54.596-0400] {dagbag.py:588} INFO - Filling up the DagBag from /Users/pranavr/.pyenv/versions/3.11.6/lib/python3.11/site-packages/airflow/example_dags/example_branch_labels.py
[2025-06-13T14:55:54.600-0400] {processor.py:925} INFO - DAG(s) 'example_branch_labels' retrieved from /Users/pranavr/.pyenv/versions/3.11.6/lib/python3.11/site-packages/airflow/example_dags/example_branch_labels.py
[2025-06-13T14:55:54.666-0400] {logging_mixin.py:190} INFO - [2025-06-13T14:55:54.666-0400] {dag.py:3239} INFO - Sync 1 DAGs
[2025-06-13T14:55:54.673-0400] {logging_mixin.py:190} INFO - [2025-06-13T14:55:54.673-0400] {dag.py:4180} INFO - Setting next_dagrun for example_branch_labels to 2025-06-12T00:00:00+00:00, run_after=2025-06-13T00:00:00+00:00
[2025-06-13T14:55:54.680-0400] {processor.py:208} INFO - Processing /Users/pranavr/.pyenv/versions/3.11.6/lib/python3.11/site-packages/airflow/example_dags/example_branch_labels.py took 87.232 seconds
[2025-06-13T14:58:32.131-0400] {processor.py:186} INFO - Started process (PID=14681) to work on /Users/pranavr/.pyenv/versions/3.11.6/lib/python3.11/site-packages/airflow/example_dags/example_branch_labels.py
[2025-06-13T14:58:32.134-0400] {processor.py:914} INFO - Processing file /Users/pranavr/.pyenv/versions/3.11.6/lib/python3.11/site-packages/airflow/example_dags/example_branch_labels.py for tasks to queue
[2025-06-13T14:58:32.134-0400] {logging_mixin.py:190} INFO - [2025-06-13T14:58:32.134-0400] {dagbag.py:588} INFO - Filling up the DagBag from /Users/pranavr/.pyenv/versions/3.11.6/lib/python3.11/site-packages/airflow/example_dags/example_branch_labels.py
[2025-06-13T14:58:32.140-0400] {processor.py:925} INFO - DAG(s) 'example_branch_labels' retrieved from /Users/pranavr/.pyenv/versions/3.11.6/lib/python3.11/site-packages/airflow/example_dags/example_branch_labels.py
[2025-06-13T14:58:32.212-0400] {logging_mixin.py:190} INFO - [2025-06-13T14:58:32.212-0400] {dag.py:3239} INFO - Sync 1 DAGs
[2025-06-13T14:58:32.220-0400] {logging_mixin.py:190} INFO - [2025-06-13T14:58:32.220-0400] {dag.py:4180} INFO - Setting next_dagrun for example_branch_labels to 2025-06-12T00:00:00+00:00, run_after=2025-06-13T00:00:00+00:00
[2025-06-13T14:58:32.228-0400] {processor.py:208} INFO - Processing /Users/pranavr/.pyenv/versions/3.11.6/lib/python3.11/site-packages/airflow/example_dags/example_branch_labels.py took 98.122 seconds
[2025-06-13T15:02:00.941-0400] {processor.py:186} INFO - Started process (PID=15224) to work on /Users/pranavr/.pyenv/versions/3.11.6/lib/python3.11/site-packages/airflow/example_dags/example_branch_labels.py
[2025-06-13T15:02:00.943-0400] {processor.py:914} INFO - Processing file /Users/pranavr/.pyenv/versions/3.11.6/lib/python3.11/site-packages/airflow/example_dags/example_branch_labels.py for tasks to queue
[2025-06-13T15:02:00.944-0400] {logging_mixin.py:190} INFO - [2025-06-13T15:02:00.944-0400] {dagbag.py:588} INFO - Filling up the DagBag from /Users/pranavr/.pyenv/versions/3.11.6/lib/python3.11/site-packages/airflow/example_dags/example_branch_labels.py
[2025-06-13T15:02:00.951-0400] {processor.py:925} INFO - DAG(s) 'example_branch_labels' retrieved from /Users/pranavr/.pyenv/versions/3.11.6/lib/python3.11/site-packages/airflow/example_dags/example_branch_labels.py
[2025-06-13T15:02:01.024-0400] {logging_mixin.py:190} INFO - [2025-06-13T15:02:01.024-0400] {dag.py:3239} INFO - Sync 1 DAGs
[2025-06-13T15:02:01.032-0400] {logging_mixin.py:190} INFO - [2025-06-13T15:02:01.032-0400] {dag.py:4180} INFO - Setting next_dagrun for example_branch_labels to 2025-06-12T00:00:00+00:00, run_after=2025-06-13T00:00:00+00:00
[2025-06-13T15:02:01.040-0400] {processor.py:208} INFO - Processing /Users/pranavr/.pyenv/versions/3.11.6/lib/python3.11/site-packages/airflow/example_dags/example_branch_labels.py took 100.279 seconds
