[2025-06-13T14:22:48.956-0400] {processor.py:186} INFO - Started process (PID=7756) to work on /Users/pranavr/.pyenv/versions/3.11.6/lib/python3.11/site-packages/airflow/example_dags/example_dynamic_task_mapping_with_no_taskflow_operators.py
[2025-06-13T14:22:48.958-0400] {processor.py:914} INFO - Processing file /Users/pranavr/.pyenv/versions/3.11.6/lib/python3.11/site-packages/airflow/example_dags/example_dynamic_task_mapping_with_no_taskflow_operators.py for tasks to queue
[2025-06-13T14:22:48.958-0400] {logging_mixin.py:190} INFO - [2025-06-13T14:22:48.958-0400] {dagbag.py:588} INFO - Filling up the DagBag from /Users/pranavr/.pyenv/versions/3.11.6/lib/python3.11/site-packages/airflow/example_dags/example_dynamic_task_mapping_with_no_taskflow_operators.py
[2025-06-13T14:22:48.963-0400] {processor.py:925} INFO - DAG(s) 'example_dynamic_task_mapping_with_no_taskflow_operators' retrieved from /Users/pranavr/.pyenv/versions/3.11.6/lib/python3.11/site-packages/airflow/example_dags/example_dynamic_task_mapping_with_no_taskflow_operators.py
[2025-06-13T14:22:49.085-0400] {logging_mixin.py:190} INFO - [2025-06-13T14:22:49.085-0400] {dag.py:3239} INFO - Sync 1 DAGs
[2025-06-13T14:22:49.089-0400] {logging_mixin.py:190} INFO - [2025-06-13T14:22:49.089-0400] {dag.py:4180} INFO - Setting next_dagrun for example_dynamic_task_mapping_with_no_taskflow_operators to None, run_after=None
[2025-06-13T14:22:49.099-0400] {processor.py:208} INFO - Processing /Users/pranavr/.pyenv/versions/3.11.6/lib/python3.11/site-packages/airflow/example_dags/example_dynamic_task_mapping_with_no_taskflow_operators.py took 144.984 seconds
[2025-06-13T14:24:51.029-0400] {processor.py:186} INFO - Started process (PID=7943) to work on /Users/pranavr/.pyenv/versions/3.11.6/lib/python3.11/site-packages/airflow/example_dags/example_dynamic_task_mapping_with_no_taskflow_operators.py
[2025-06-13T14:24:51.038-0400] {processor.py:914} INFO - Processing file /Users/pranavr/.pyenv/versions/3.11.6/lib/python3.11/site-packages/airflow/example_dags/example_dynamic_task_mapping_with_no_taskflow_operators.py for tasks to queue
[2025-06-13T14:24:51.038-0400] {logging_mixin.py:190} INFO - [2025-06-13T14:24:51.038-0400] {dagbag.py:588} INFO - Filling up the DagBag from /Users/pranavr/.pyenv/versions/3.11.6/lib/python3.11/site-packages/airflow/example_dags/example_dynamic_task_mapping_with_no_taskflow_operators.py
[2025-06-13T14:24:51.044-0400] {processor.py:925} INFO - DAG(s) 'example_dynamic_task_mapping_with_no_taskflow_operators' retrieved from /Users/pranavr/.pyenv/versions/3.11.6/lib/python3.11/site-packages/airflow/example_dags/example_dynamic_task_mapping_with_no_taskflow_operators.py
[2025-06-13T14:24:51.132-0400] {logging_mixin.py:190} INFO - [2025-06-13T14:24:51.131-0400] {dag.py:3239} INFO - Sync 1 DAGs
[2025-06-13T14:24:51.136-0400] {logging_mixin.py:190} INFO - [2025-06-13T14:24:51.136-0400] {dag.py:4180} INFO - Setting next_dagrun for example_dynamic_task_mapping_with_no_taskflow_operators to None, run_after=None
[2025-06-13T14:24:51.146-0400] {processor.py:208} INFO - Processing /Users/pranavr/.pyenv/versions/3.11.6/lib/python3.11/site-packages/airflow/example_dags/example_dynamic_task_mapping_with_no_taskflow_operators.py took 118.568 seconds
[2025-06-13T14:27:54.370-0400] {processor.py:186} INFO - Started process (PID=8746) to work on /Users/pranavr/.pyenv/versions/3.11.6/lib/python3.11/site-packages/airflow/example_dags/example_dynamic_task_mapping_with_no_taskflow_operators.py
[2025-06-13T14:27:54.372-0400] {processor.py:914} INFO - Processing file /Users/pranavr/.pyenv/versions/3.11.6/lib/python3.11/site-packages/airflow/example_dags/example_dynamic_task_mapping_with_no_taskflow_operators.py for tasks to queue
[2025-06-13T14:27:54.372-0400] {logging_mixin.py:190} INFO - [2025-06-13T14:27:54.372-0400] {dagbag.py:588} INFO - Filling up the DagBag from /Users/pranavr/.pyenv/versions/3.11.6/lib/python3.11/site-packages/airflow/example_dags/example_dynamic_task_mapping_with_no_taskflow_operators.py
[2025-06-13T14:27:54.376-0400] {processor.py:925} INFO - DAG(s) 'example_dynamic_task_mapping_with_no_taskflow_operators' retrieved from /Users/pranavr/.pyenv/versions/3.11.6/lib/python3.11/site-packages/airflow/example_dags/example_dynamic_task_mapping_with_no_taskflow_operators.py
[2025-06-13T14:27:54.461-0400] {logging_mixin.py:190} INFO - [2025-06-13T14:27:54.461-0400] {dag.py:3239} INFO - Sync 1 DAGs
[2025-06-13T14:27:54.465-0400] {logging_mixin.py:190} INFO - [2025-06-13T14:27:54.465-0400] {dag.py:4180} INFO - Setting next_dagrun for example_dynamic_task_mapping_with_no_taskflow_operators to None, run_after=None
[2025-06-13T14:27:54.473-0400] {processor.py:208} INFO - Processing /Users/pranavr/.pyenv/versions/3.11.6/lib/python3.11/site-packages/airflow/example_dags/example_dynamic_task_mapping_with_no_taskflow_operators.py took 104.701 seconds
[2025-06-13T14:30:55.333-0400] {processor.py:186} INFO - Started process (PID=9267) to work on /Users/pranavr/.pyenv/versions/3.11.6/lib/python3.11/site-packages/airflow/example_dags/example_dynamic_task_mapping_with_no_taskflow_operators.py
[2025-06-13T14:30:55.340-0400] {processor.py:914} INFO - Processing file /Users/pranavr/.pyenv/versions/3.11.6/lib/python3.11/site-packages/airflow/example_dags/example_dynamic_task_mapping_with_no_taskflow_operators.py for tasks to queue
[2025-06-13T14:30:55.341-0400] {logging_mixin.py:190} INFO - [2025-06-13T14:30:55.341-0400] {dagbag.py:588} INFO - Filling up the DagBag from /Users/pranavr/.pyenv/versions/3.11.6/lib/python3.11/site-packages/airflow/example_dags/example_dynamic_task_mapping_with_no_taskflow_operators.py
[2025-06-13T14:30:55.345-0400] {processor.py:925} INFO - DAG(s) 'example_dynamic_task_mapping_with_no_taskflow_operators' retrieved from /Users/pranavr/.pyenv/versions/3.11.6/lib/python3.11/site-packages/airflow/example_dags/example_dynamic_task_mapping_with_no_taskflow_operators.py
[2025-06-13T14:30:55.435-0400] {logging_mixin.py:190} INFO - [2025-06-13T14:30:55.434-0400] {dag.py:3239} INFO - Sync 1 DAGs
[2025-06-13T14:30:55.440-0400] {logging_mixin.py:190} INFO - [2025-06-13T14:30:55.440-0400] {dag.py:4180} INFO - Setting next_dagrun for example_dynamic_task_mapping_with_no_taskflow_operators to None, run_after=None
[2025-06-13T14:30:55.452-0400] {processor.py:208} INFO - Processing /Users/pranavr/.pyenv/versions/3.11.6/lib/python3.11/site-packages/airflow/example_dags/example_dynamic_task_mapping_with_no_taskflow_operators.py took 123.719 seconds
[2025-06-13T14:33:57.293-0400] {processor.py:186} INFO - Started process (PID=9759) to work on /Users/pranavr/.pyenv/versions/3.11.6/lib/python3.11/site-packages/airflow/example_dags/example_dynamic_task_mapping_with_no_taskflow_operators.py
[2025-06-13T14:33:57.295-0400] {processor.py:914} INFO - Processing file /Users/pranavr/.pyenv/versions/3.11.6/lib/python3.11/site-packages/airflow/example_dags/example_dynamic_task_mapping_with_no_taskflow_operators.py for tasks to queue
[2025-06-13T14:33:57.296-0400] {logging_mixin.py:190} INFO - [2025-06-13T14:33:57.296-0400] {dagbag.py:588} INFO - Filling up the DagBag from /Users/pranavr/.pyenv/versions/3.11.6/lib/python3.11/site-packages/airflow/example_dags/example_dynamic_task_mapping_with_no_taskflow_operators.py
[2025-06-13T14:33:57.299-0400] {processor.py:925} INFO - DAG(s) 'example_dynamic_task_mapping_with_no_taskflow_operators' retrieved from /Users/pranavr/.pyenv/versions/3.11.6/lib/python3.11/site-packages/airflow/example_dags/example_dynamic_task_mapping_with_no_taskflow_operators.py
[2025-06-13T14:33:57.386-0400] {logging_mixin.py:190} INFO - [2025-06-13T14:33:57.386-0400] {dag.py:3239} INFO - Sync 1 DAGs
[2025-06-13T14:33:57.391-0400] {logging_mixin.py:190} INFO - [2025-06-13T14:33:57.391-0400] {dag.py:4180} INFO - Setting next_dagrun for example_dynamic_task_mapping_with_no_taskflow_operators to None, run_after=None
[2025-06-13T14:33:57.401-0400] {processor.py:208} INFO - Processing /Users/pranavr/.pyenv/versions/3.11.6/lib/python3.11/site-packages/airflow/example_dags/example_dynamic_task_mapping_with_no_taskflow_operators.py took 109.109 seconds
[2025-06-13T14:36:59.595-0400] {processor.py:186} INFO - Started process (PID=11010) to work on /Users/pranavr/.pyenv/versions/3.11.6/lib/python3.11/site-packages/airflow/example_dags/example_dynamic_task_mapping_with_no_taskflow_operators.py
[2025-06-13T14:36:59.598-0400] {processor.py:914} INFO - Processing file /Users/pranavr/.pyenv/versions/3.11.6/lib/python3.11/site-packages/airflow/example_dags/example_dynamic_task_mapping_with_no_taskflow_operators.py for tasks to queue
[2025-06-13T14:36:59.598-0400] {logging_mixin.py:190} INFO - [2025-06-13T14:36:59.598-0400] {dagbag.py:588} INFO - Filling up the DagBag from /Users/pranavr/.pyenv/versions/3.11.6/lib/python3.11/site-packages/airflow/example_dags/example_dynamic_task_mapping_with_no_taskflow_operators.py
[2025-06-13T14:36:59.603-0400] {processor.py:925} INFO - DAG(s) 'example_dynamic_task_mapping_with_no_taskflow_operators' retrieved from /Users/pranavr/.pyenv/versions/3.11.6/lib/python3.11/site-packages/airflow/example_dags/example_dynamic_task_mapping_with_no_taskflow_operators.py
[2025-06-13T14:36:59.705-0400] {logging_mixin.py:190} INFO - [2025-06-13T14:36:59.704-0400] {dag.py:3239} INFO - Sync 1 DAGs
[2025-06-13T14:36:59.712-0400] {logging_mixin.py:190} INFO - [2025-06-13T14:36:59.711-0400] {dag.py:4180} INFO - Setting next_dagrun for example_dynamic_task_mapping_with_no_taskflow_operators to None, run_after=None
[2025-06-13T14:36:59.727-0400] {processor.py:208} INFO - Processing /Users/pranavr/.pyenv/versions/3.11.6/lib/python3.11/site-packages/airflow/example_dags/example_dynamic_task_mapping_with_no_taskflow_operators.py took 133.045 seconds
[2025-06-13T14:39:52.285-0400] {processor.py:186} INFO - Started process (PID=11449) to work on /Users/pranavr/.pyenv/versions/3.11.6/lib/python3.11/site-packages/airflow/example_dags/example_dynamic_task_mapping_with_no_taskflow_operators.py
[2025-06-13T14:39:52.288-0400] {processor.py:914} INFO - Processing file /Users/pranavr/.pyenv/versions/3.11.6/lib/python3.11/site-packages/airflow/example_dags/example_dynamic_task_mapping_with_no_taskflow_operators.py for tasks to queue
[2025-06-13T14:39:52.289-0400] {logging_mixin.py:190} INFO - [2025-06-13T14:39:52.288-0400] {dagbag.py:588} INFO - Filling up the DagBag from /Users/pranavr/.pyenv/versions/3.11.6/lib/python3.11/site-packages/airflow/example_dags/example_dynamic_task_mapping_with_no_taskflow_operators.py
[2025-06-13T14:39:52.292-0400] {processor.py:925} INFO - DAG(s) 'example_dynamic_task_mapping_with_no_taskflow_operators' retrieved from /Users/pranavr/.pyenv/versions/3.11.6/lib/python3.11/site-packages/airflow/example_dags/example_dynamic_task_mapping_with_no_taskflow_operators.py
[2025-06-13T14:39:52.354-0400] {logging_mixin.py:190} INFO - [2025-06-13T14:39:52.354-0400] {dag.py:3239} INFO - Sync 1 DAGs
[2025-06-13T14:39:52.357-0400] {logging_mixin.py:190} INFO - [2025-06-13T14:39:52.357-0400] {dag.py:4180} INFO - Setting next_dagrun for example_dynamic_task_mapping_with_no_taskflow_operators to None, run_after=None
[2025-06-13T14:39:52.364-0400] {processor.py:208} INFO - Processing /Users/pranavr/.pyenv/versions/3.11.6/lib/python3.11/site-packages/airflow/example_dags/example_dynamic_task_mapping_with_no_taskflow_operators.py took 80.271 seconds
[2025-06-13T14:42:24.918-0400] {processor.py:186} INFO - Started process (PID=11833) to work on /Users/pranavr/.pyenv/versions/3.11.6/lib/python3.11/site-packages/airflow/example_dags/example_dynamic_task_mapping_with_no_taskflow_operators.py
[2025-06-13T14:42:24.920-0400] {processor.py:914} INFO - Processing file /Users/pranavr/.pyenv/versions/3.11.6/lib/python3.11/site-packages/airflow/example_dags/example_dynamic_task_mapping_with_no_taskflow_operators.py for tasks to queue
[2025-06-13T14:42:24.920-0400] {logging_mixin.py:190} INFO - [2025-06-13T14:42:24.920-0400] {dagbag.py:588} INFO - Filling up the DagBag from /Users/pranavr/.pyenv/versions/3.11.6/lib/python3.11/site-packages/airflow/example_dags/example_dynamic_task_mapping_with_no_taskflow_operators.py
[2025-06-13T14:42:24.923-0400] {processor.py:925} INFO - DAG(s) 'example_dynamic_task_mapping_with_no_taskflow_operators' retrieved from /Users/pranavr/.pyenv/versions/3.11.6/lib/python3.11/site-packages/airflow/example_dags/example_dynamic_task_mapping_with_no_taskflow_operators.py
[2025-06-13T14:42:24.989-0400] {logging_mixin.py:190} INFO - [2025-06-13T14:42:24.989-0400] {dag.py:3239} INFO - Sync 1 DAGs
[2025-06-13T14:42:24.993-0400] {logging_mixin.py:190} INFO - [2025-06-13T14:42:24.993-0400] {dag.py:4180} INFO - Setting next_dagrun for example_dynamic_task_mapping_with_no_taskflow_operators to None, run_after=None
[2025-06-13T14:42:25.000-0400] {processor.py:208} INFO - Processing /Users/pranavr/.pyenv/versions/3.11.6/lib/python3.11/site-packages/airflow/example_dags/example_dynamic_task_mapping_with_no_taskflow_operators.py took 83.310 seconds
[2025-06-13T14:44:49.840-0400] {processor.py:186} INFO - Started process (PID=12116) to work on /Users/pranavr/.pyenv/versions/3.11.6/lib/python3.11/site-packages/airflow/example_dags/example_dynamic_task_mapping_with_no_taskflow_operators.py
[2025-06-13T14:44:49.842-0400] {processor.py:914} INFO - Processing file /Users/pranavr/.pyenv/versions/3.11.6/lib/python3.11/site-packages/airflow/example_dags/example_dynamic_task_mapping_with_no_taskflow_operators.py for tasks to queue
[2025-06-13T14:44:49.842-0400] {logging_mixin.py:190} INFO - [2025-06-13T14:44:49.842-0400] {dagbag.py:588} INFO - Filling up the DagBag from /Users/pranavr/.pyenv/versions/3.11.6/lib/python3.11/site-packages/airflow/example_dags/example_dynamic_task_mapping_with_no_taskflow_operators.py
[2025-06-13T14:44:49.845-0400] {processor.py:925} INFO - DAG(s) 'example_dynamic_task_mapping_with_no_taskflow_operators' retrieved from /Users/pranavr/.pyenv/versions/3.11.6/lib/python3.11/site-packages/airflow/example_dags/example_dynamic_task_mapping_with_no_taskflow_operators.py
[2025-06-13T14:44:49.909-0400] {logging_mixin.py:190} INFO - [2025-06-13T14:44:49.909-0400] {dag.py:3239} INFO - Sync 1 DAGs
[2025-06-13T14:44:49.913-0400] {logging_mixin.py:190} INFO - [2025-06-13T14:44:49.913-0400] {dag.py:4180} INFO - Setting next_dagrun for example_dynamic_task_mapping_with_no_taskflow_operators to None, run_after=None
[2025-06-13T14:44:49.920-0400] {processor.py:208} INFO - Processing /Users/pranavr/.pyenv/versions/3.11.6/lib/python3.11/site-packages/airflow/example_dags/example_dynamic_task_mapping_with_no_taskflow_operators.py took 80.965 seconds
[2025-06-13T14:47:14.163-0400] {processor.py:186} INFO - Started process (PID=12387) to work on /Users/pranavr/.pyenv/versions/3.11.6/lib/python3.11/site-packages/airflow/example_dags/example_dynamic_task_mapping_with_no_taskflow_operators.py
[2025-06-13T14:47:14.164-0400] {processor.py:914} INFO - Processing file /Users/pranavr/.pyenv/versions/3.11.6/lib/python3.11/site-packages/airflow/example_dags/example_dynamic_task_mapping_with_no_taskflow_operators.py for tasks to queue
[2025-06-13T14:47:14.165-0400] {logging_mixin.py:190} INFO - [2025-06-13T14:47:14.165-0400] {dagbag.py:588} INFO - Filling up the DagBag from /Users/pranavr/.pyenv/versions/3.11.6/lib/python3.11/site-packages/airflow/example_dags/example_dynamic_task_mapping_with_no_taskflow_operators.py
[2025-06-13T14:47:14.168-0400] {processor.py:925} INFO - DAG(s) 'example_dynamic_task_mapping_with_no_taskflow_operators' retrieved from /Users/pranavr/.pyenv/versions/3.11.6/lib/python3.11/site-packages/airflow/example_dags/example_dynamic_task_mapping_with_no_taskflow_operators.py
[2025-06-13T14:47:14.229-0400] {logging_mixin.py:190} INFO - [2025-06-13T14:47:14.228-0400] {dag.py:3239} INFO - Sync 1 DAGs
[2025-06-13T14:47:14.232-0400] {logging_mixin.py:190} INFO - [2025-06-13T14:47:14.232-0400] {dag.py:4180} INFO - Setting next_dagrun for example_dynamic_task_mapping_with_no_taskflow_operators to None, run_after=None
[2025-06-13T14:47:14.239-0400] {processor.py:208} INFO - Processing /Users/pranavr/.pyenv/versions/3.11.6/lib/python3.11/site-packages/airflow/example_dags/example_dynamic_task_mapping_with_no_taskflow_operators.py took 77.826 seconds
[2025-06-13T14:49:44.577-0400] {processor.py:186} INFO - Started process (PID=12620) to work on /Users/pranavr/.pyenv/versions/3.11.6/lib/python3.11/site-packages/airflow/example_dags/example_dynamic_task_mapping_with_no_taskflow_operators.py
[2025-06-13T14:49:44.579-0400] {processor.py:914} INFO - Processing file /Users/pranavr/.pyenv/versions/3.11.6/lib/python3.11/site-packages/airflow/example_dags/example_dynamic_task_mapping_with_no_taskflow_operators.py for tasks to queue
[2025-06-13T14:49:44.580-0400] {logging_mixin.py:190} INFO - [2025-06-13T14:49:44.580-0400] {dagbag.py:588} INFO - Filling up the DagBag from /Users/pranavr/.pyenv/versions/3.11.6/lib/python3.11/site-packages/airflow/example_dags/example_dynamic_task_mapping_with_no_taskflow_operators.py
[2025-06-13T14:49:44.583-0400] {processor.py:925} INFO - DAG(s) 'example_dynamic_task_mapping_with_no_taskflow_operators' retrieved from /Users/pranavr/.pyenv/versions/3.11.6/lib/python3.11/site-packages/airflow/example_dags/example_dynamic_task_mapping_with_no_taskflow_operators.py
[2025-06-13T14:49:44.644-0400] {logging_mixin.py:190} INFO - [2025-06-13T14:49:44.644-0400] {dag.py:3239} INFO - Sync 1 DAGs
[2025-06-13T14:49:44.648-0400] {logging_mixin.py:190} INFO - [2025-06-13T14:49:44.648-0400] {dag.py:4180} INFO - Setting next_dagrun for example_dynamic_task_mapping_with_no_taskflow_operators to None, run_after=None
[2025-06-13T14:49:44.655-0400] {processor.py:208} INFO - Processing /Users/pranavr/.pyenv/versions/3.11.6/lib/python3.11/site-packages/airflow/example_dags/example_dynamic_task_mapping_with_no_taskflow_operators.py took 79.227 seconds
[2025-06-13T14:52:12.931-0400] {processor.py:186} INFO - Started process (PID=13977) to work on /Users/pranavr/.pyenv/versions/3.11.6/lib/python3.11/site-packages/airflow/example_dags/example_dynamic_task_mapping_with_no_taskflow_operators.py
[2025-06-13T14:52:12.933-0400] {processor.py:914} INFO - Processing file /Users/pranavr/.pyenv/versions/3.11.6/lib/python3.11/site-packages/airflow/example_dags/example_dynamic_task_mapping_with_no_taskflow_operators.py for tasks to queue
[2025-06-13T14:52:12.933-0400] {logging_mixin.py:190} INFO - [2025-06-13T14:52:12.933-0400] {dagbag.py:588} INFO - Filling up the DagBag from /Users/pranavr/.pyenv/versions/3.11.6/lib/python3.11/site-packages/airflow/example_dags/example_dynamic_task_mapping_with_no_taskflow_operators.py
[2025-06-13T14:52:12.937-0400] {processor.py:925} INFO - DAG(s) 'example_dynamic_task_mapping_with_no_taskflow_operators' retrieved from /Users/pranavr/.pyenv/versions/3.11.6/lib/python3.11/site-packages/airflow/example_dags/example_dynamic_task_mapping_with_no_taskflow_operators.py
[2025-06-13T14:52:13.000-0400] {logging_mixin.py:190} INFO - [2025-06-13T14:52:13.000-0400] {dag.py:3239} INFO - Sync 1 DAGs
[2025-06-13T14:52:13.004-0400] {logging_mixin.py:190} INFO - [2025-06-13T14:52:13.004-0400] {dag.py:4180} INFO - Setting next_dagrun for example_dynamic_task_mapping_with_no_taskflow_operators to None, run_after=None
[2025-06-13T14:52:13.011-0400] {processor.py:208} INFO - Processing /Users/pranavr/.pyenv/versions/3.11.6/lib/python3.11/site-packages/airflow/example_dags/example_dynamic_task_mapping_with_no_taskflow_operators.py took 81.872 seconds
[2025-06-13T14:54:42.992-0400] {processor.py:186} INFO - Started process (PID=14202) to work on /Users/pranavr/.pyenv/versions/3.11.6/lib/python3.11/site-packages/airflow/example_dags/example_dynamic_task_mapping_with_no_taskflow_operators.py
[2025-06-13T14:54:42.994-0400] {processor.py:914} INFO - Processing file /Users/pranavr/.pyenv/versions/3.11.6/lib/python3.11/site-packages/airflow/example_dags/example_dynamic_task_mapping_with_no_taskflow_operators.py for tasks to queue
[2025-06-13T14:54:42.995-0400] {logging_mixin.py:190} INFO - [2025-06-13T14:54:42.995-0400] {dagbag.py:588} INFO - Filling up the DagBag from /Users/pranavr/.pyenv/versions/3.11.6/lib/python3.11/site-packages/airflow/example_dags/example_dynamic_task_mapping_with_no_taskflow_operators.py
[2025-06-13T14:54:42.998-0400] {processor.py:925} INFO - DAG(s) 'example_dynamic_task_mapping_with_no_taskflow_operators' retrieved from /Users/pranavr/.pyenv/versions/3.11.6/lib/python3.11/site-packages/airflow/example_dags/example_dynamic_task_mapping_with_no_taskflow_operators.py
[2025-06-13T14:54:43.061-0400] {logging_mixin.py:190} INFO - [2025-06-13T14:54:43.061-0400] {dag.py:3239} INFO - Sync 1 DAGs
[2025-06-13T14:54:43.066-0400] {logging_mixin.py:190} INFO - [2025-06-13T14:54:43.066-0400] {dag.py:4180} INFO - Setting next_dagrun for example_dynamic_task_mapping_with_no_taskflow_operators to None, run_after=None
[2025-06-13T14:54:43.073-0400] {processor.py:208} INFO - Processing /Users/pranavr/.pyenv/versions/3.11.6/lib/python3.11/site-packages/airflow/example_dags/example_dynamic_task_mapping_with_no_taskflow_operators.py took 81.426 seconds
[2025-06-13T14:57:15.832-0400] {processor.py:186} INFO - Started process (PID=14446) to work on /Users/pranavr/.pyenv/versions/3.11.6/lib/python3.11/site-packages/airflow/example_dags/example_dynamic_task_mapping_with_no_taskflow_operators.py
[2025-06-13T14:57:15.834-0400] {processor.py:914} INFO - Processing file /Users/pranavr/.pyenv/versions/3.11.6/lib/python3.11/site-packages/airflow/example_dags/example_dynamic_task_mapping_with_no_taskflow_operators.py for tasks to queue
[2025-06-13T14:57:15.834-0400] {logging_mixin.py:190} INFO - [2025-06-13T14:57:15.834-0400] {dagbag.py:588} INFO - Filling up the DagBag from /Users/pranavr/.pyenv/versions/3.11.6/lib/python3.11/site-packages/airflow/example_dags/example_dynamic_task_mapping_with_no_taskflow_operators.py
[2025-06-13T14:57:15.837-0400] {processor.py:925} INFO - DAG(s) 'example_dynamic_task_mapping_with_no_taskflow_operators' retrieved from /Users/pranavr/.pyenv/versions/3.11.6/lib/python3.11/site-packages/airflow/example_dags/example_dynamic_task_mapping_with_no_taskflow_operators.py
[2025-06-13T14:57:15.901-0400] {logging_mixin.py:190} INFO - [2025-06-13T14:57:15.901-0400] {dag.py:3239} INFO - Sync 1 DAGs
[2025-06-13T14:57:15.905-0400] {logging_mixin.py:190} INFO - [2025-06-13T14:57:15.905-0400] {dag.py:4180} INFO - Setting next_dagrun for example_dynamic_task_mapping_with_no_taskflow_operators to None, run_after=None
[2025-06-13T14:57:15.911-0400] {processor.py:208} INFO - Processing /Users/pranavr/.pyenv/versions/3.11.6/lib/python3.11/site-packages/airflow/example_dags/example_dynamic_task_mapping_with_no_taskflow_operators.py took 80.981 seconds
[2025-06-13T15:00:01.083-0400] {processor.py:186} INFO - Started process (PID=14830) to work on /Users/pranavr/.pyenv/versions/3.11.6/lib/python3.11/site-packages/airflow/example_dags/example_dynamic_task_mapping_with_no_taskflow_operators.py
[2025-06-13T15:00:01.085-0400] {processor.py:914} INFO - Processing file /Users/pranavr/.pyenv/versions/3.11.6/lib/python3.11/site-packages/airflow/example_dags/example_dynamic_task_mapping_with_no_taskflow_operators.py for tasks to queue
[2025-06-13T15:00:01.085-0400] {logging_mixin.py:190} INFO - [2025-06-13T15:00:01.085-0400] {dagbag.py:588} INFO - Filling up the DagBag from /Users/pranavr/.pyenv/versions/3.11.6/lib/python3.11/site-packages/airflow/example_dags/example_dynamic_task_mapping_with_no_taskflow_operators.py
[2025-06-13T15:00:01.089-0400] {processor.py:925} INFO - DAG(s) 'example_dynamic_task_mapping_with_no_taskflow_operators' retrieved from /Users/pranavr/.pyenv/versions/3.11.6/lib/python3.11/site-packages/airflow/example_dags/example_dynamic_task_mapping_with_no_taskflow_operators.py
[2025-06-13T15:00:01.160-0400] {logging_mixin.py:190} INFO - [2025-06-13T15:00:01.160-0400] {dag.py:3239} INFO - Sync 1 DAGs
[2025-06-13T15:00:01.165-0400] {logging_mixin.py:190} INFO - [2025-06-13T15:00:01.165-0400] {dag.py:4180} INFO - Setting next_dagrun for example_dynamic_task_mapping_with_no_taskflow_operators to None, run_after=None
[2025-06-13T15:00:01.172-0400] {processor.py:208} INFO - Processing /Users/pranavr/.pyenv/versions/3.11.6/lib/python3.11/site-packages/airflow/example_dags/example_dynamic_task_mapping_with_no_taskflow_operators.py took 91.214 seconds
[2025-06-13T15:01:39.071-0400] {processor.py:186} INFO - Started process (PID=15152) to work on /Users/pranavr/.pyenv/versions/3.11.6/lib/python3.11/site-packages/airflow/example_dags/example_dynamic_task_mapping_with_no_taskflow_operators.py
[2025-06-13T15:01:39.073-0400] {processor.py:914} INFO - Processing file /Users/pranavr/.pyenv/versions/3.11.6/lib/python3.11/site-packages/airflow/example_dags/example_dynamic_task_mapping_with_no_taskflow_operators.py for tasks to queue
[2025-06-13T15:01:39.074-0400] {logging_mixin.py:190} INFO - [2025-06-13T15:01:39.074-0400] {dagbag.py:588} INFO - Filling up the DagBag from /Users/pranavr/.pyenv/versions/3.11.6/lib/python3.11/site-packages/airflow/example_dags/example_dynamic_task_mapping_with_no_taskflow_operators.py
[2025-06-13T15:01:39.079-0400] {processor.py:925} INFO - DAG(s) 'example_dynamic_task_mapping_with_no_taskflow_operators' retrieved from /Users/pranavr/.pyenv/versions/3.11.6/lib/python3.11/site-packages/airflow/example_dags/example_dynamic_task_mapping_with_no_taskflow_operators.py
[2025-06-13T15:01:39.152-0400] {logging_mixin.py:190} INFO - [2025-06-13T15:01:39.152-0400] {dag.py:3239} INFO - Sync 1 DAGs
[2025-06-13T15:01:39.156-0400] {logging_mixin.py:190} INFO - [2025-06-13T15:01:39.156-0400] {dag.py:4180} INFO - Setting next_dagrun for example_dynamic_task_mapping_with_no_taskflow_operators to None, run_after=None
[2025-06-13T15:01:39.164-0400] {processor.py:208} INFO - Processing /Users/pranavr/.pyenv/versions/3.11.6/lib/python3.11/site-packages/airflow/example_dags/example_dynamic_task_mapping_with_no_taskflow_operators.py took 94.425 seconds
[2025-06-13T15:03:45.070-0400] {processor.py:186} INFO - Started process (PID=15726) to work on /Users/pranavr/.pyenv/versions/3.11.6/lib/python3.11/site-packages/airflow/example_dags/example_dynamic_task_mapping_with_no_taskflow_operators.py
[2025-06-13T15:03:45.072-0400] {processor.py:914} INFO - Processing file /Users/pranavr/.pyenv/versions/3.11.6/lib/python3.11/site-packages/airflow/example_dags/example_dynamic_task_mapping_with_no_taskflow_operators.py for tasks to queue
[2025-06-13T15:03:45.073-0400] {logging_mixin.py:190} INFO - [2025-06-13T15:03:45.073-0400] {dagbag.py:588} INFO - Filling up the DagBag from /Users/pranavr/.pyenv/versions/3.11.6/lib/python3.11/site-packages/airflow/example_dags/example_dynamic_task_mapping_with_no_taskflow_operators.py
[2025-06-13T15:03:45.077-0400] {processor.py:925} INFO - DAG(s) 'example_dynamic_task_mapping_with_no_taskflow_operators' retrieved from /Users/pranavr/.pyenv/versions/3.11.6/lib/python3.11/site-packages/airflow/example_dags/example_dynamic_task_mapping_with_no_taskflow_operators.py
[2025-06-13T15:03:45.162-0400] {logging_mixin.py:190} INFO - [2025-06-13T15:03:45.162-0400] {dag.py:3239} INFO - Sync 1 DAGs
[2025-06-13T15:03:45.169-0400] {logging_mixin.py:190} INFO - [2025-06-13T15:03:45.169-0400] {dag.py:4180} INFO - Setting next_dagrun for example_dynamic_task_mapping_with_no_taskflow_operators to None, run_after=None
[2025-06-13T15:03:45.178-0400] {processor.py:208} INFO - Processing /Users/pranavr/.pyenv/versions/3.11.6/lib/python3.11/site-packages/airflow/example_dags/example_dynamic_task_mapping_with_no_taskflow_operators.py took 108.845 seconds
[2025-06-13T15:05:40.705-0400] {processor.py:186} INFO - Started process (PID=16136) to work on /Users/pranavr/.pyenv/versions/3.11.6/lib/python3.11/site-packages/airflow/example_dags/example_dynamic_task_mapping_with_no_taskflow_operators.py
[2025-06-13T15:05:40.707-0400] {processor.py:914} INFO - Processing file /Users/pranavr/.pyenv/versions/3.11.6/lib/python3.11/site-packages/airflow/example_dags/example_dynamic_task_mapping_with_no_taskflow_operators.py for tasks to queue
[2025-06-13T15:05:40.708-0400] {logging_mixin.py:190} INFO - [2025-06-13T15:05:40.708-0400] {dagbag.py:588} INFO - Filling up the DagBag from /Users/pranavr/.pyenv/versions/3.11.6/lib/python3.11/site-packages/airflow/example_dags/example_dynamic_task_mapping_with_no_taskflow_operators.py
[2025-06-13T15:05:40.711-0400] {processor.py:925} INFO - DAG(s) 'example_dynamic_task_mapping_with_no_taskflow_operators' retrieved from /Users/pranavr/.pyenv/versions/3.11.6/lib/python3.11/site-packages/airflow/example_dags/example_dynamic_task_mapping_with_no_taskflow_operators.py
[2025-06-13T15:05:40.783-0400] {logging_mixin.py:190} INFO - [2025-06-13T15:05:40.783-0400] {dag.py:3239} INFO - Sync 1 DAGs
[2025-06-13T15:05:40.788-0400] {logging_mixin.py:190} INFO - [2025-06-13T15:05:40.788-0400] {dag.py:4180} INFO - Setting next_dagrun for example_dynamic_task_mapping_with_no_taskflow_operators to None, run_after=None
[2025-06-13T15:05:40.796-0400] {processor.py:208} INFO - Processing /Users/pranavr/.pyenv/versions/3.11.6/lib/python3.11/site-packages/airflow/example_dags/example_dynamic_task_mapping_with_no_taskflow_operators.py took 91.624 seconds
[2025-06-13T15:08:21.244-0400] {processor.py:186} INFO - Started process (PID=16482) to work on /Users/pranavr/.pyenv/versions/3.11.6/lib/python3.11/site-packages/airflow/example_dags/example_dynamic_task_mapping_with_no_taskflow_operators.py
[2025-06-13T15:08:21.246-0400] {processor.py:914} INFO - Processing file /Users/pranavr/.pyenv/versions/3.11.6/lib/python3.11/site-packages/airflow/example_dags/example_dynamic_task_mapping_with_no_taskflow_operators.py for tasks to queue
[2025-06-13T15:08:21.247-0400] {logging_mixin.py:190} INFO - [2025-06-13T15:08:21.247-0400] {dagbag.py:588} INFO - Filling up the DagBag from /Users/pranavr/.pyenv/versions/3.11.6/lib/python3.11/site-packages/airflow/example_dags/example_dynamic_task_mapping_with_no_taskflow_operators.py
[2025-06-13T15:08:21.250-0400] {processor.py:925} INFO - DAG(s) 'example_dynamic_task_mapping_with_no_taskflow_operators' retrieved from /Users/pranavr/.pyenv/versions/3.11.6/lib/python3.11/site-packages/airflow/example_dags/example_dynamic_task_mapping_with_no_taskflow_operators.py
[2025-06-13T15:08:21.322-0400] {logging_mixin.py:190} INFO - [2025-06-13T15:08:21.321-0400] {dag.py:3239} INFO - Sync 1 DAGs
[2025-06-13T15:08:21.326-0400] {logging_mixin.py:190} INFO - [2025-06-13T15:08:21.326-0400] {dag.py:4180} INFO - Setting next_dagrun for example_dynamic_task_mapping_with_no_taskflow_operators to None, run_after=None
[2025-06-13T15:08:21.333-0400] {processor.py:208} INFO - Processing /Users/pranavr/.pyenv/versions/3.11.6/lib/python3.11/site-packages/airflow/example_dags/example_dynamic_task_mapping_with_no_taskflow_operators.py took 90.685 seconds
[2025-06-13T15:11:09.101-0400] {processor.py:186} INFO - Started process (PID=16829) to work on /Users/pranavr/.pyenv/versions/3.11.6/lib/python3.11/site-packages/airflow/example_dags/example_dynamic_task_mapping_with_no_taskflow_operators.py
[2025-06-13T15:11:09.104-0400] {processor.py:914} INFO - Processing file /Users/pranavr/.pyenv/versions/3.11.6/lib/python3.11/site-packages/airflow/example_dags/example_dynamic_task_mapping_with_no_taskflow_operators.py for tasks to queue
[2025-06-13T15:11:09.104-0400] {logging_mixin.py:190} INFO - [2025-06-13T15:11:09.104-0400] {dagbag.py:588} INFO - Filling up the DagBag from /Users/pranavr/.pyenv/versions/3.11.6/lib/python3.11/site-packages/airflow/example_dags/example_dynamic_task_mapping_with_no_taskflow_operators.py
[2025-06-13T15:11:09.108-0400] {processor.py:925} INFO - DAG(s) 'example_dynamic_task_mapping_with_no_taskflow_operators' retrieved from /Users/pranavr/.pyenv/versions/3.11.6/lib/python3.11/site-packages/airflow/example_dags/example_dynamic_task_mapping_with_no_taskflow_operators.py
[2025-06-13T15:11:09.193-0400] {logging_mixin.py:190} INFO - [2025-06-13T15:11:09.193-0400] {dag.py:3239} INFO - Sync 1 DAGs
[2025-06-13T15:11:09.199-0400] {logging_mixin.py:190} INFO - [2025-06-13T15:11:09.199-0400] {dag.py:4180} INFO - Setting next_dagrun for example_dynamic_task_mapping_with_no_taskflow_operators to None, run_after=None
[2025-06-13T15:11:09.209-0400] {processor.py:208} INFO - Processing /Users/pranavr/.pyenv/versions/3.11.6/lib/python3.11/site-packages/airflow/example_dags/example_dynamic_task_mapping_with_no_taskflow_operators.py took 108.977 seconds
[2025-06-13T15:13:03.819-0400] {processor.py:186} INFO - Started process (PID=16992) to work on /Users/pranavr/.pyenv/versions/3.11.6/lib/python3.11/site-packages/airflow/example_dags/example_dynamic_task_mapping_with_no_taskflow_operators.py
[2025-06-13T15:13:03.821-0400] {processor.py:914} INFO - Processing file /Users/pranavr/.pyenv/versions/3.11.6/lib/python3.11/site-packages/airflow/example_dags/example_dynamic_task_mapping_with_no_taskflow_operators.py for tasks to queue
[2025-06-13T15:13:03.822-0400] {logging_mixin.py:190} INFO - [2025-06-13T15:13:03.822-0400] {dagbag.py:588} INFO - Filling up the DagBag from /Users/pranavr/.pyenv/versions/3.11.6/lib/python3.11/site-packages/airflow/example_dags/example_dynamic_task_mapping_with_no_taskflow_operators.py
[2025-06-13T15:13:03.829-0400] {processor.py:925} INFO - DAG(s) 'example_dynamic_task_mapping_with_no_taskflow_operators' retrieved from /Users/pranavr/.pyenv/versions/3.11.6/lib/python3.11/site-packages/airflow/example_dags/example_dynamic_task_mapping_with_no_taskflow_operators.py
[2025-06-13T15:13:03.926-0400] {logging_mixin.py:190} INFO - [2025-06-13T15:13:03.926-0400] {dag.py:3239} INFO - Sync 1 DAGs
[2025-06-13T15:13:03.931-0400] {logging_mixin.py:190} INFO - [2025-06-13T15:13:03.931-0400] {dag.py:4180} INFO - Setting next_dagrun for example_dynamic_task_mapping_with_no_taskflow_operators to None, run_after=None
[2025-06-13T15:13:03.939-0400] {processor.py:208} INFO - Processing /Users/pranavr/.pyenv/versions/3.11.6/lib/python3.11/site-packages/airflow/example_dags/example_dynamic_task_mapping_with_no_taskflow_operators.py took 121.819 seconds
[2025-06-13T15:19:53.115-0400] {processor.py:186} INFO - Started process (PID=17842) to work on /Users/pranavr/.pyenv/versions/3.11.6/lib/python3.11/site-packages/airflow/example_dags/example_dynamic_task_mapping_with_no_taskflow_operators.py
[2025-06-13T15:19:53.117-0400] {processor.py:914} INFO - Processing file /Users/pranavr/.pyenv/versions/3.11.6/lib/python3.11/site-packages/airflow/example_dags/example_dynamic_task_mapping_with_no_taskflow_operators.py for tasks to queue
[2025-06-13T15:19:53.118-0400] {logging_mixin.py:190} INFO - [2025-06-13T15:19:53.118-0400] {dagbag.py:588} INFO - Filling up the DagBag from /Users/pranavr/.pyenv/versions/3.11.6/lib/python3.11/site-packages/airflow/example_dags/example_dynamic_task_mapping_with_no_taskflow_operators.py
[2025-06-13T15:19:53.122-0400] {processor.py:925} INFO - DAG(s) 'example_dynamic_task_mapping_with_no_taskflow_operators' retrieved from /Users/pranavr/.pyenv/versions/3.11.6/lib/python3.11/site-packages/airflow/example_dags/example_dynamic_task_mapping_with_no_taskflow_operators.py
[2025-06-13T15:19:53.194-0400] {logging_mixin.py:190} INFO - [2025-06-13T15:19:53.194-0400] {dag.py:3239} INFO - Sync 1 DAGs
[2025-06-13T15:19:53.199-0400] {logging_mixin.py:190} INFO - [2025-06-13T15:19:53.199-0400] {dag.py:4180} INFO - Setting next_dagrun for example_dynamic_task_mapping_with_no_taskflow_operators to None, run_after=None
[2025-06-13T15:19:53.206-0400] {processor.py:208} INFO - Processing /Users/pranavr/.pyenv/versions/3.11.6/lib/python3.11/site-packages/airflow/example_dags/example_dynamic_task_mapping_with_no_taskflow_operators.py took 92.542 seconds
[2025-06-13T15:26:07.755-0400] {processor.py:186} INFO - Started process (PID=18994) to work on /Users/pranavr/.pyenv/versions/3.11.6/lib/python3.11/site-packages/airflow/example_dags/example_dynamic_task_mapping_with_no_taskflow_operators.py
[2025-06-13T15:26:07.758-0400] {processor.py:914} INFO - Processing file /Users/pranavr/.pyenv/versions/3.11.6/lib/python3.11/site-packages/airflow/example_dags/example_dynamic_task_mapping_with_no_taskflow_operators.py for tasks to queue
[2025-06-13T15:26:07.758-0400] {logging_mixin.py:190} INFO - [2025-06-13T15:26:07.758-0400] {dagbag.py:588} INFO - Filling up the DagBag from /Users/pranavr/.pyenv/versions/3.11.6/lib/python3.11/site-packages/airflow/example_dags/example_dynamic_task_mapping_with_no_taskflow_operators.py
[2025-06-13T15:26:07.764-0400] {processor.py:925} INFO - DAG(s) 'example_dynamic_task_mapping_with_no_taskflow_operators' retrieved from /Users/pranavr/.pyenv/versions/3.11.6/lib/python3.11/site-packages/airflow/example_dags/example_dynamic_task_mapping_with_no_taskflow_operators.py
[2025-06-13T15:26:07.914-0400] {logging_mixin.py:190} INFO - [2025-06-13T15:26:07.914-0400] {override.py:1930} INFO - Created Permission View: can edit on DAG:example_dynamic_task_mapping_with_no_taskflow_operators
[2025-06-13T15:26:07.918-0400] {logging_mixin.py:190} INFO - [2025-06-13T15:26:07.918-0400] {override.py:1930} INFO - Created Permission View: can delete on DAG:example_dynamic_task_mapping_with_no_taskflow_operators
[2025-06-13T15:26:07.921-0400] {logging_mixin.py:190} INFO - [2025-06-13T15:26:07.921-0400] {override.py:1930} INFO - Created Permission View: can read on DAG:example_dynamic_task_mapping_with_no_taskflow_operators
[2025-06-13T15:26:07.924-0400] {logging_mixin.py:190} INFO - [2025-06-13T15:26:07.924-0400] {override.py:1930} INFO - Created Permission View: can delete on DAG Run:example_dynamic_task_mapping_with_no_taskflow_operators
[2025-06-13T15:26:07.927-0400] {logging_mixin.py:190} INFO - [2025-06-13T15:26:07.927-0400] {override.py:1930} INFO - Created Permission View: can create on DAG Run:example_dynamic_task_mapping_with_no_taskflow_operators
[2025-06-13T15:26:07.929-0400] {logging_mixin.py:190} INFO - [2025-06-13T15:26:07.929-0400] {override.py:1930} INFO - Created Permission View: can read on DAG Run:example_dynamic_task_mapping_with_no_taskflow_operators
[2025-06-13T15:26:07.931-0400] {logging_mixin.py:190} INFO - [2025-06-13T15:26:07.931-0400] {override.py:1930} INFO - Created Permission View: menu access on DAG Run:example_dynamic_task_mapping_with_no_taskflow_operators
[2025-06-13T15:26:07.932-0400] {logging_mixin.py:190} INFO - [2025-06-13T15:26:07.931-0400] {dag.py:3239} INFO - Sync 1 DAGs
[2025-06-13T15:26:07.936-0400] {logging_mixin.py:190} INFO - [2025-06-13T15:26:07.936-0400] {dag.py:3262} INFO - Creating ORM DAG for example_dynamic_task_mapping_with_no_taskflow_operators
[2025-06-13T15:26:07.937-0400] {logging_mixin.py:190} INFO - [2025-06-13T15:26:07.937-0400] {dag.py:4180} INFO - Setting next_dagrun for example_dynamic_task_mapping_with_no_taskflow_operators to None, run_after=None
[2025-06-13T15:26:07.944-0400] {processor.py:208} INFO - Processing /Users/pranavr/.pyenv/versions/3.11.6/lib/python3.11/site-packages/airflow/example_dags/example_dynamic_task_mapping_with_no_taskflow_operators.py took 190.557 seconds
[2025-06-13T15:31:26.432-0400] {processor.py:186} INFO - Started process (PID=19950) to work on /Users/pranavr/.pyenv/versions/3.11.6/lib/python3.11/site-packages/airflow/example_dags/example_dynamic_task_mapping_with_no_taskflow_operators.py
[2025-06-13T15:31:26.435-0400] {processor.py:914} INFO - Processing file /Users/pranavr/.pyenv/versions/3.11.6/lib/python3.11/site-packages/airflow/example_dags/example_dynamic_task_mapping_with_no_taskflow_operators.py for tasks to queue
[2025-06-13T15:31:26.435-0400] {logging_mixin.py:190} INFO - [2025-06-13T15:31:26.435-0400] {dagbag.py:588} INFO - Filling up the DagBag from /Users/pranavr/.pyenv/versions/3.11.6/lib/python3.11/site-packages/airflow/example_dags/example_dynamic_task_mapping_with_no_taskflow_operators.py
[2025-06-13T15:31:26.439-0400] {processor.py:925} INFO - DAG(s) 'example_dynamic_task_mapping_with_no_taskflow_operators' retrieved from /Users/pranavr/.pyenv/versions/3.11.6/lib/python3.11/site-packages/airflow/example_dags/example_dynamic_task_mapping_with_no_taskflow_operators.py
[2025-06-13T15:31:26.544-0400] {logging_mixin.py:190} INFO - [2025-06-13T15:31:26.544-0400] {override.py:1930} INFO - Created Permission View: can delete on DAG:example_dynamic_task_mapping_with_no_taskflow_operators
[2025-06-13T15:31:26.548-0400] {logging_mixin.py:190} INFO - [2025-06-13T15:31:26.548-0400] {override.py:1930} INFO - Created Permission View: can read on DAG:example_dynamic_task_mapping_with_no_taskflow_operators
[2025-06-13T15:31:26.550-0400] {logging_mixin.py:190} INFO - [2025-06-13T15:31:26.550-0400] {override.py:1930} INFO - Created Permission View: can edit on DAG:example_dynamic_task_mapping_with_no_taskflow_operators
[2025-06-13T15:31:26.553-0400] {logging_mixin.py:190} INFO - [2025-06-13T15:31:26.553-0400] {override.py:1930} INFO - Created Permission View: menu access on DAG Run:example_dynamic_task_mapping_with_no_taskflow_operators
[2025-06-13T15:31:26.556-0400] {logging_mixin.py:190} INFO - [2025-06-13T15:31:26.555-0400] {override.py:1930} INFO - Created Permission View: can delete on DAG Run:example_dynamic_task_mapping_with_no_taskflow_operators
[2025-06-13T15:31:26.558-0400] {logging_mixin.py:190} INFO - [2025-06-13T15:31:26.557-0400] {override.py:1930} INFO - Created Permission View: can read on DAG Run:example_dynamic_task_mapping_with_no_taskflow_operators
[2025-06-13T15:31:26.559-0400] {logging_mixin.py:190} INFO - [2025-06-13T15:31:26.559-0400] {override.py:1930} INFO - Created Permission View: can create on DAG Run:example_dynamic_task_mapping_with_no_taskflow_operators
[2025-06-13T15:31:26.560-0400] {logging_mixin.py:190} INFO - [2025-06-13T15:31:26.559-0400] {dag.py:3239} INFO - Sync 1 DAGs
[2025-06-13T15:31:26.564-0400] {logging_mixin.py:190} INFO - [2025-06-13T15:31:26.564-0400] {dag.py:3262} INFO - Creating ORM DAG for example_dynamic_task_mapping_with_no_taskflow_operators
[2025-06-13T15:31:26.564-0400] {logging_mixin.py:190} INFO - [2025-06-13T15:31:26.564-0400] {dag.py:4180} INFO - Setting next_dagrun for example_dynamic_task_mapping_with_no_taskflow_operators to None, run_after=None
[2025-06-13T15:31:26.569-0400] {processor.py:208} INFO - Processing /Users/pranavr/.pyenv/versions/3.11.6/lib/python3.11/site-packages/airflow/example_dags/example_dynamic_task_mapping_with_no_taskflow_operators.py took 139.453 seconds
[2025-06-13T15:36:59.316-0400] {processor.py:186} INFO - Started process (PID=20617) to work on /Users/pranavr/.pyenv/versions/3.11.6/lib/python3.11/site-packages/airflow/example_dags/example_dynamic_task_mapping_with_no_taskflow_operators.py
[2025-06-13T15:36:59.319-0400] {processor.py:914} INFO - Processing file /Users/pranavr/.pyenv/versions/3.11.6/lib/python3.11/site-packages/airflow/example_dags/example_dynamic_task_mapping_with_no_taskflow_operators.py for tasks to queue
[2025-06-13T15:36:59.319-0400] {logging_mixin.py:190} INFO - [2025-06-13T15:36:59.319-0400] {dagbag.py:588} INFO - Filling up the DagBag from /Users/pranavr/.pyenv/versions/3.11.6/lib/python3.11/site-packages/airflow/example_dags/example_dynamic_task_mapping_with_no_taskflow_operators.py
[2025-06-13T15:36:59.325-0400] {processor.py:925} INFO - DAG(s) 'example_dynamic_task_mapping_with_no_taskflow_operators' retrieved from /Users/pranavr/.pyenv/versions/3.11.6/lib/python3.11/site-packages/airflow/example_dags/example_dynamic_task_mapping_with_no_taskflow_operators.py
[2025-06-13T15:36:59.489-0400] {logging_mixin.py:190} INFO - [2025-06-13T15:36:59.489-0400] {override.py:1930} INFO - Created Permission View: can delete on DAG:example_dynamic_task_mapping_with_no_taskflow_operators
[2025-06-13T15:36:59.496-0400] {logging_mixin.py:190} INFO - [2025-06-13T15:36:59.496-0400] {override.py:1930} INFO - Created Permission View: can read on DAG:example_dynamic_task_mapping_with_no_taskflow_operators
[2025-06-13T15:36:59.499-0400] {logging_mixin.py:190} INFO - [2025-06-13T15:36:59.499-0400] {override.py:1930} INFO - Created Permission View: can edit on DAG:example_dynamic_task_mapping_with_no_taskflow_operators
[2025-06-13T15:36:59.502-0400] {logging_mixin.py:190} INFO - [2025-06-13T15:36:59.502-0400] {override.py:1930} INFO - Created Permission View: menu access on DAG Run:example_dynamic_task_mapping_with_no_taskflow_operators
[2025-06-13T15:36:59.505-0400] {logging_mixin.py:190} INFO - [2025-06-13T15:36:59.505-0400] {override.py:1930} INFO - Created Permission View: can delete on DAG Run:example_dynamic_task_mapping_with_no_taskflow_operators
[2025-06-13T15:36:59.509-0400] {logging_mixin.py:190} INFO - [2025-06-13T15:36:59.508-0400] {override.py:1930} INFO - Created Permission View: can read on DAG Run:example_dynamic_task_mapping_with_no_taskflow_operators
[2025-06-13T15:36:59.512-0400] {logging_mixin.py:190} INFO - [2025-06-13T15:36:59.512-0400] {override.py:1930} INFO - Created Permission View: can create on DAG Run:example_dynamic_task_mapping_with_no_taskflow_operators
[2025-06-13T15:36:59.512-0400] {logging_mixin.py:190} INFO - [2025-06-13T15:36:59.512-0400] {dag.py:3239} INFO - Sync 1 DAGs
[2025-06-13T15:36:59.517-0400] {logging_mixin.py:190} INFO - [2025-06-13T15:36:59.517-0400] {dag.py:3262} INFO - Creating ORM DAG for example_dynamic_task_mapping_with_no_taskflow_operators
[2025-06-13T15:36:59.517-0400] {logging_mixin.py:190} INFO - [2025-06-13T15:36:59.517-0400] {dag.py:4180} INFO - Setting next_dagrun for example_dynamic_task_mapping_with_no_taskflow_operators to None, run_after=None
[2025-06-13T15:36:59.524-0400] {processor.py:208} INFO - Processing /Users/pranavr/.pyenv/versions/3.11.6/lib/python3.11/site-packages/airflow/example_dags/example_dynamic_task_mapping_with_no_taskflow_operators.py took 210.294 seconds
[2025-06-13T15:38:53.084-0400] {processor.py:186} INFO - Started process (PID=20795) to work on /Users/pranavr/.pyenv/versions/3.11.6/lib/python3.11/site-packages/airflow/example_dags/example_dynamic_task_mapping_with_no_taskflow_operators.py
[2025-06-13T15:38:53.086-0400] {processor.py:914} INFO - Processing file /Users/pranavr/.pyenv/versions/3.11.6/lib/python3.11/site-packages/airflow/example_dags/example_dynamic_task_mapping_with_no_taskflow_operators.py for tasks to queue
[2025-06-13T15:38:53.087-0400] {logging_mixin.py:190} INFO - [2025-06-13T15:38:53.087-0400] {dagbag.py:588} INFO - Filling up the DagBag from /Users/pranavr/.pyenv/versions/3.11.6/lib/python3.11/site-packages/airflow/example_dags/example_dynamic_task_mapping_with_no_taskflow_operators.py
[2025-06-13T15:38:53.090-0400] {processor.py:925} INFO - DAG(s) 'example_dynamic_task_mapping_with_no_taskflow_operators' retrieved from /Users/pranavr/.pyenv/versions/3.11.6/lib/python3.11/site-packages/airflow/example_dags/example_dynamic_task_mapping_with_no_taskflow_operators.py
[2025-06-13T15:38:53.163-0400] {logging_mixin.py:190} INFO - [2025-06-13T15:38:53.163-0400] {dag.py:3239} INFO - Sync 1 DAGs
[2025-06-13T15:38:53.167-0400] {logging_mixin.py:190} INFO - [2025-06-13T15:38:53.167-0400] {dag.py:4180} INFO - Setting next_dagrun for example_dynamic_task_mapping_with_no_taskflow_operators to None, run_after=None
[2025-06-13T15:38:53.176-0400] {processor.py:208} INFO - Processing /Users/pranavr/.pyenv/versions/3.11.6/lib/python3.11/site-packages/airflow/example_dags/example_dynamic_task_mapping_with_no_taskflow_operators.py took 92.902 seconds
[2025-06-13T15:41:47.168-0400] {processor.py:186} INFO - Started process (PID=21066) to work on /Users/pranavr/.pyenv/versions/3.11.6/lib/python3.11/site-packages/airflow/example_dags/example_dynamic_task_mapping_with_no_taskflow_operators.py
[2025-06-13T15:41:47.170-0400] {processor.py:914} INFO - Processing file /Users/pranavr/.pyenv/versions/3.11.6/lib/python3.11/site-packages/airflow/example_dags/example_dynamic_task_mapping_with_no_taskflow_operators.py for tasks to queue
[2025-06-13T15:41:47.170-0400] {logging_mixin.py:190} INFO - [2025-06-13T15:41:47.170-0400] {dagbag.py:588} INFO - Filling up the DagBag from /Users/pranavr/.pyenv/versions/3.11.6/lib/python3.11/site-packages/airflow/example_dags/example_dynamic_task_mapping_with_no_taskflow_operators.py
[2025-06-13T15:41:47.175-0400] {processor.py:925} INFO - DAG(s) 'example_dynamic_task_mapping_with_no_taskflow_operators' retrieved from /Users/pranavr/.pyenv/versions/3.11.6/lib/python3.11/site-packages/airflow/example_dags/example_dynamic_task_mapping_with_no_taskflow_operators.py
[2025-06-13T15:41:47.251-0400] {logging_mixin.py:190} INFO - [2025-06-13T15:41:47.250-0400] {dag.py:3239} INFO - Sync 1 DAGs
[2025-06-13T15:41:47.255-0400] {logging_mixin.py:190} INFO - [2025-06-13T15:41:47.255-0400] {dag.py:4180} INFO - Setting next_dagrun for example_dynamic_task_mapping_with_no_taskflow_operators to None, run_after=None
[2025-06-13T15:41:47.265-0400] {processor.py:208} INFO - Processing /Users/pranavr/.pyenv/versions/3.11.6/lib/python3.11/site-packages/airflow/example_dags/example_dynamic_task_mapping_with_no_taskflow_operators.py took 98.315 seconds
[2025-06-13T15:44:30.053-0400] {processor.py:186} INFO - Started process (PID=21673) to work on /Users/pranavr/.pyenv/versions/3.11.6/lib/python3.11/site-packages/airflow/example_dags/example_dynamic_task_mapping_with_no_taskflow_operators.py
[2025-06-13T15:44:30.055-0400] {processor.py:914} INFO - Processing file /Users/pranavr/.pyenv/versions/3.11.6/lib/python3.11/site-packages/airflow/example_dags/example_dynamic_task_mapping_with_no_taskflow_operators.py for tasks to queue
[2025-06-13T15:44:30.055-0400] {logging_mixin.py:190} INFO - [2025-06-13T15:44:30.055-0400] {dagbag.py:588} INFO - Filling up the DagBag from /Users/pranavr/.pyenv/versions/3.11.6/lib/python3.11/site-packages/airflow/example_dags/example_dynamic_task_mapping_with_no_taskflow_operators.py
[2025-06-13T15:44:30.061-0400] {processor.py:925} INFO - DAG(s) 'example_dynamic_task_mapping_with_no_taskflow_operators' retrieved from /Users/pranavr/.pyenv/versions/3.11.6/lib/python3.11/site-packages/airflow/example_dags/example_dynamic_task_mapping_with_no_taskflow_operators.py
[2025-06-13T15:44:30.186-0400] {logging_mixin.py:190} INFO - [2025-06-13T15:44:30.185-0400] {override.py:1930} INFO - Created Permission View: can read on DAG:example_dynamic_task_mapping_with_no_taskflow_operators
[2025-06-13T15:44:30.190-0400] {logging_mixin.py:190} INFO - [2025-06-13T15:44:30.190-0400] {override.py:1930} INFO - Created Permission View: can delete on DAG:example_dynamic_task_mapping_with_no_taskflow_operators
[2025-06-13T15:44:30.192-0400] {logging_mixin.py:190} INFO - [2025-06-13T15:44:30.192-0400] {override.py:1930} INFO - Created Permission View: can edit on DAG:example_dynamic_task_mapping_with_no_taskflow_operators
[2025-06-13T15:44:30.195-0400] {logging_mixin.py:190} INFO - [2025-06-13T15:44:30.195-0400] {override.py:1930} INFO - Created Permission View: can read on DAG Run:example_dynamic_task_mapping_with_no_taskflow_operators
[2025-06-13T15:44:30.198-0400] {logging_mixin.py:190} INFO - [2025-06-13T15:44:30.198-0400] {override.py:1930} INFO - Created Permission View: menu access on DAG Run:example_dynamic_task_mapping_with_no_taskflow_operators
[2025-06-13T15:44:30.200-0400] {logging_mixin.py:190} INFO - [2025-06-13T15:44:30.200-0400] {override.py:1930} INFO - Created Permission View: can delete on DAG Run:example_dynamic_task_mapping_with_no_taskflow_operators
[2025-06-13T15:44:30.202-0400] {logging_mixin.py:190} INFO - [2025-06-13T15:44:30.202-0400] {override.py:1930} INFO - Created Permission View: can create on DAG Run:example_dynamic_task_mapping_with_no_taskflow_operators
[2025-06-13T15:44:30.202-0400] {logging_mixin.py:190} INFO - [2025-06-13T15:44:30.202-0400] {dag.py:3239} INFO - Sync 1 DAGs
[2025-06-13T15:44:30.206-0400] {logging_mixin.py:190} INFO - [2025-06-13T15:44:30.206-0400] {dag.py:3262} INFO - Creating ORM DAG for example_dynamic_task_mapping_with_no_taskflow_operators
[2025-06-13T15:44:30.207-0400] {logging_mixin.py:190} INFO - [2025-06-13T15:44:30.207-0400] {dag.py:4180} INFO - Setting next_dagrun for example_dynamic_task_mapping_with_no_taskflow_operators to None, run_after=None
[2025-06-13T15:44:30.213-0400] {processor.py:208} INFO - Processing /Users/pranavr/.pyenv/versions/3.11.6/lib/python3.11/site-packages/airflow/example_dags/example_dynamic_task_mapping_with_no_taskflow_operators.py took 161.477 seconds
[2025-06-13T15:46:28.887-0400] {processor.py:186} INFO - Started process (PID=22002) to work on /Users/pranavr/.pyenv/versions/3.11.6/lib/python3.11/site-packages/airflow/example_dags/example_dynamic_task_mapping_with_no_taskflow_operators.py
[2025-06-13T15:46:28.889-0400] {processor.py:914} INFO - Processing file /Users/pranavr/.pyenv/versions/3.11.6/lib/python3.11/site-packages/airflow/example_dags/example_dynamic_task_mapping_with_no_taskflow_operators.py for tasks to queue
[2025-06-13T15:46:28.890-0400] {logging_mixin.py:190} INFO - [2025-06-13T15:46:28.890-0400] {dagbag.py:588} INFO - Filling up the DagBag from /Users/pranavr/.pyenv/versions/3.11.6/lib/python3.11/site-packages/airflow/example_dags/example_dynamic_task_mapping_with_no_taskflow_operators.py
[2025-06-13T15:46:28.895-0400] {processor.py:925} INFO - DAG(s) 'example_dynamic_task_mapping_with_no_taskflow_operators' retrieved from /Users/pranavr/.pyenv/versions/3.11.6/lib/python3.11/site-packages/airflow/example_dags/example_dynamic_task_mapping_with_no_taskflow_operators.py
[2025-06-13T15:46:28.964-0400] {logging_mixin.py:190} INFO - [2025-06-13T15:46:28.964-0400] {dag.py:3239} INFO - Sync 1 DAGs
[2025-06-13T15:46:28.968-0400] {logging_mixin.py:190} INFO - [2025-06-13T15:46:28.968-0400] {dag.py:4180} INFO - Setting next_dagrun for example_dynamic_task_mapping_with_no_taskflow_operators to None, run_after=None
[2025-06-13T15:46:28.975-0400] {processor.py:208} INFO - Processing /Users/pranavr/.pyenv/versions/3.11.6/lib/python3.11/site-packages/airflow/example_dags/example_dynamic_task_mapping_with_no_taskflow_operators.py took 89.401 seconds
[2025-06-13T15:49:19.616-0400] {processor.py:186} INFO - Started process (PID=22252) to work on /Users/pranavr/.pyenv/versions/3.11.6/lib/python3.11/site-packages/airflow/example_dags/example_dynamic_task_mapping_with_no_taskflow_operators.py
[2025-06-13T15:49:19.618-0400] {processor.py:914} INFO - Processing file /Users/pranavr/.pyenv/versions/3.11.6/lib/python3.11/site-packages/airflow/example_dags/example_dynamic_task_mapping_with_no_taskflow_operators.py for tasks to queue
[2025-06-13T15:49:19.619-0400] {logging_mixin.py:190} INFO - [2025-06-13T15:49:19.619-0400] {dagbag.py:588} INFO - Filling up the DagBag from /Users/pranavr/.pyenv/versions/3.11.6/lib/python3.11/site-packages/airflow/example_dags/example_dynamic_task_mapping_with_no_taskflow_operators.py
[2025-06-13T15:49:19.622-0400] {processor.py:925} INFO - DAG(s) 'example_dynamic_task_mapping_with_no_taskflow_operators' retrieved from /Users/pranavr/.pyenv/versions/3.11.6/lib/python3.11/site-packages/airflow/example_dags/example_dynamic_task_mapping_with_no_taskflow_operators.py
[2025-06-13T15:49:19.694-0400] {logging_mixin.py:190} INFO - [2025-06-13T15:49:19.694-0400] {dag.py:3239} INFO - Sync 1 DAGs
[2025-06-13T15:49:19.698-0400] {logging_mixin.py:190} INFO - [2025-06-13T15:49:19.698-0400] {dag.py:4180} INFO - Setting next_dagrun for example_dynamic_task_mapping_with_no_taskflow_operators to None, run_after=None
[2025-06-13T15:49:19.705-0400] {processor.py:208} INFO - Processing /Users/pranavr/.pyenv/versions/3.11.6/lib/python3.11/site-packages/airflow/example_dags/example_dynamic_task_mapping_with_no_taskflow_operators.py took 90.524 seconds
[2025-06-13T15:51:57.138-0400] {processor.py:186} INFO - Started process (PID=22595) to work on /Users/pranavr/.pyenv/versions/3.11.6/lib/python3.11/site-packages/airflow/example_dags/example_dynamic_task_mapping_with_no_taskflow_operators.py
[2025-06-13T15:51:57.140-0400] {processor.py:914} INFO - Processing file /Users/pranavr/.pyenv/versions/3.11.6/lib/python3.11/site-packages/airflow/example_dags/example_dynamic_task_mapping_with_no_taskflow_operators.py for tasks to queue
[2025-06-13T15:51:57.141-0400] {logging_mixin.py:190} INFO - [2025-06-13T15:51:57.141-0400] {dagbag.py:588} INFO - Filling up the DagBag from /Users/pranavr/.pyenv/versions/3.11.6/lib/python3.11/site-packages/airflow/example_dags/example_dynamic_task_mapping_with_no_taskflow_operators.py
[2025-06-13T15:51:57.144-0400] {processor.py:925} INFO - DAG(s) 'example_dynamic_task_mapping_with_no_taskflow_operators' retrieved from /Users/pranavr/.pyenv/versions/3.11.6/lib/python3.11/site-packages/airflow/example_dags/example_dynamic_task_mapping_with_no_taskflow_operators.py
[2025-06-13T15:51:57.208-0400] {logging_mixin.py:190} INFO - [2025-06-13T15:51:57.208-0400] {dag.py:3239} INFO - Sync 1 DAGs
[2025-06-13T15:51:57.212-0400] {logging_mixin.py:190} INFO - [2025-06-13T15:51:57.212-0400] {dag.py:4180} INFO - Setting next_dagrun for example_dynamic_task_mapping_with_no_taskflow_operators to None, run_after=None
[2025-06-13T15:51:57.218-0400] {processor.py:208} INFO - Processing /Users/pranavr/.pyenv/versions/3.11.6/lib/python3.11/site-packages/airflow/example_dags/example_dynamic_task_mapping_with_no_taskflow_operators.py took 81.379 seconds
[2025-06-13T15:54:26.024-0400] {processor.py:186} INFO - Started process (PID=22860) to work on /Users/pranavr/.pyenv/versions/3.11.6/lib/python3.11/site-packages/airflow/example_dags/example_dynamic_task_mapping_with_no_taskflow_operators.py
[2025-06-13T15:54:26.026-0400] {processor.py:914} INFO - Processing file /Users/pranavr/.pyenv/versions/3.11.6/lib/python3.11/site-packages/airflow/example_dags/example_dynamic_task_mapping_with_no_taskflow_operators.py for tasks to queue
[2025-06-13T15:54:26.026-0400] {logging_mixin.py:190} INFO - [2025-06-13T15:54:26.026-0400] {dagbag.py:588} INFO - Filling up the DagBag from /Users/pranavr/.pyenv/versions/3.11.6/lib/python3.11/site-packages/airflow/example_dags/example_dynamic_task_mapping_with_no_taskflow_operators.py
[2025-06-13T15:54:26.029-0400] {processor.py:925} INFO - DAG(s) 'example_dynamic_task_mapping_with_no_taskflow_operators' retrieved from /Users/pranavr/.pyenv/versions/3.11.6/lib/python3.11/site-packages/airflow/example_dags/example_dynamic_task_mapping_with_no_taskflow_operators.py
[2025-06-13T15:54:26.091-0400] {logging_mixin.py:190} INFO - [2025-06-13T15:54:26.091-0400] {dag.py:3239} INFO - Sync 1 DAGs
[2025-06-13T15:54:26.095-0400] {logging_mixin.py:190} INFO - [2025-06-13T15:54:26.094-0400] {dag.py:4180} INFO - Setting next_dagrun for example_dynamic_task_mapping_with_no_taskflow_operators to None, run_after=None
[2025-06-13T15:54:26.102-0400] {processor.py:208} INFO - Processing /Users/pranavr/.pyenv/versions/3.11.6/lib/python3.11/site-packages/airflow/example_dags/example_dynamic_task_mapping_with_no_taskflow_operators.py took 79.610 seconds
[2025-06-13T15:56:50.616-0400] {processor.py:186} INFO - Started process (PID=23053) to work on /Users/pranavr/.pyenv/versions/3.11.6/lib/python3.11/site-packages/airflow/example_dags/example_dynamic_task_mapping_with_no_taskflow_operators.py
[2025-06-13T15:56:50.618-0400] {processor.py:914} INFO - Processing file /Users/pranavr/.pyenv/versions/3.11.6/lib/python3.11/site-packages/airflow/example_dags/example_dynamic_task_mapping_with_no_taskflow_operators.py for tasks to queue
[2025-06-13T15:56:50.619-0400] {logging_mixin.py:190} INFO - [2025-06-13T15:56:50.619-0400] {dagbag.py:588} INFO - Filling up the DagBag from /Users/pranavr/.pyenv/versions/3.11.6/lib/python3.11/site-packages/airflow/example_dags/example_dynamic_task_mapping_with_no_taskflow_operators.py
[2025-06-13T15:56:50.622-0400] {processor.py:925} INFO - DAG(s) 'example_dynamic_task_mapping_with_no_taskflow_operators' retrieved from /Users/pranavr/.pyenv/versions/3.11.6/lib/python3.11/site-packages/airflow/example_dags/example_dynamic_task_mapping_with_no_taskflow_operators.py
[2025-06-13T15:56:50.688-0400] {logging_mixin.py:190} INFO - [2025-06-13T15:56:50.688-0400] {dag.py:3239} INFO - Sync 1 DAGs
[2025-06-13T15:56:50.692-0400] {logging_mixin.py:190} INFO - [2025-06-13T15:56:50.692-0400] {dag.py:4180} INFO - Setting next_dagrun for example_dynamic_task_mapping_with_no_taskflow_operators to None, run_after=None
[2025-06-13T15:56:50.698-0400] {processor.py:208} INFO - Processing /Users/pranavr/.pyenv/versions/3.11.6/lib/python3.11/site-packages/airflow/example_dags/example_dynamic_task_mapping_with_no_taskflow_operators.py took 83.056 seconds
[2025-06-13T15:59:13.642-0400] {processor.py:186} INFO - Started process (PID=23380) to work on /Users/pranavr/.pyenv/versions/3.11.6/lib/python3.11/site-packages/airflow/example_dags/example_dynamic_task_mapping_with_no_taskflow_operators.py
[2025-06-13T15:59:13.644-0400] {processor.py:914} INFO - Processing file /Users/pranavr/.pyenv/versions/3.11.6/lib/python3.11/site-packages/airflow/example_dags/example_dynamic_task_mapping_with_no_taskflow_operators.py for tasks to queue
[2025-06-13T15:59:13.645-0400] {logging_mixin.py:190} INFO - [2025-06-13T15:59:13.645-0400] {dagbag.py:588} INFO - Filling up the DagBag from /Users/pranavr/.pyenv/versions/3.11.6/lib/python3.11/site-packages/airflow/example_dags/example_dynamic_task_mapping_with_no_taskflow_operators.py
[2025-06-13T15:59:13.648-0400] {processor.py:925} INFO - DAG(s) 'example_dynamic_task_mapping_with_no_taskflow_operators' retrieved from /Users/pranavr/.pyenv/versions/3.11.6/lib/python3.11/site-packages/airflow/example_dags/example_dynamic_task_mapping_with_no_taskflow_operators.py
[2025-06-13T15:59:13.713-0400] {logging_mixin.py:190} INFO - [2025-06-13T15:59:13.713-0400] {dag.py:3239} INFO - Sync 1 DAGs
[2025-06-13T15:59:13.717-0400] {logging_mixin.py:190} INFO - [2025-06-13T15:59:13.717-0400] {dag.py:4180} INFO - Setting next_dagrun for example_dynamic_task_mapping_with_no_taskflow_operators to None, run_after=None
[2025-06-13T15:59:13.724-0400] {processor.py:208} INFO - Processing /Users/pranavr/.pyenv/versions/3.11.6/lib/python3.11/site-packages/airflow/example_dags/example_dynamic_task_mapping_with_no_taskflow_operators.py took 82.481 seconds
[2025-06-13T16:01:43.876-0400] {processor.py:186} INFO - Started process (PID=23777) to work on /Users/pranavr/.pyenv/versions/3.11.6/lib/python3.11/site-packages/airflow/example_dags/example_dynamic_task_mapping_with_no_taskflow_operators.py
[2025-06-13T16:01:43.878-0400] {processor.py:914} INFO - Processing file /Users/pranavr/.pyenv/versions/3.11.6/lib/python3.11/site-packages/airflow/example_dags/example_dynamic_task_mapping_with_no_taskflow_operators.py for tasks to queue
[2025-06-13T16:01:43.879-0400] {logging_mixin.py:190} INFO - [2025-06-13T16:01:43.878-0400] {dagbag.py:588} INFO - Filling up the DagBag from /Users/pranavr/.pyenv/versions/3.11.6/lib/python3.11/site-packages/airflow/example_dags/example_dynamic_task_mapping_with_no_taskflow_operators.py
[2025-06-13T16:01:43.882-0400] {processor.py:925} INFO - DAG(s) 'example_dynamic_task_mapping_with_no_taskflow_operators' retrieved from /Users/pranavr/.pyenv/versions/3.11.6/lib/python3.11/site-packages/airflow/example_dags/example_dynamic_task_mapping_with_no_taskflow_operators.py
[2025-06-13T16:01:43.958-0400] {logging_mixin.py:190} INFO - [2025-06-13T16:01:43.957-0400] {dag.py:3239} INFO - Sync 1 DAGs
[2025-06-13T16:01:43.962-0400] {logging_mixin.py:190} INFO - [2025-06-13T16:01:43.962-0400] {dag.py:4180} INFO - Setting next_dagrun for example_dynamic_task_mapping_with_no_taskflow_operators to None, run_after=None
[2025-06-13T16:01:43.970-0400] {processor.py:208} INFO - Processing /Users/pranavr/.pyenv/versions/3.11.6/lib/python3.11/site-packages/airflow/example_dags/example_dynamic_task_mapping_with_no_taskflow_operators.py took 95.076 seconds
[2025-06-13T16:04:30.980-0400] {processor.py:186} INFO - Started process (PID=24207) to work on /Users/pranavr/.pyenv/versions/3.11.6/lib/python3.11/site-packages/airflow/example_dags/example_dynamic_task_mapping_with_no_taskflow_operators.py
[2025-06-13T16:04:30.983-0400] {processor.py:914} INFO - Processing file /Users/pranavr/.pyenv/versions/3.11.6/lib/python3.11/site-packages/airflow/example_dags/example_dynamic_task_mapping_with_no_taskflow_operators.py for tasks to queue
[2025-06-13T16:04:30.983-0400] {logging_mixin.py:190} INFO - [2025-06-13T16:04:30.983-0400] {dagbag.py:588} INFO - Filling up the DagBag from /Users/pranavr/.pyenv/versions/3.11.6/lib/python3.11/site-packages/airflow/example_dags/example_dynamic_task_mapping_with_no_taskflow_operators.py
[2025-06-13T16:04:30.989-0400] {processor.py:925} INFO - DAG(s) 'example_dynamic_task_mapping_with_no_taskflow_operators' retrieved from /Users/pranavr/.pyenv/versions/3.11.6/lib/python3.11/site-packages/airflow/example_dags/example_dynamic_task_mapping_with_no_taskflow_operators.py
[2025-06-13T16:04:31.069-0400] {logging_mixin.py:190} INFO - [2025-06-13T16:04:31.069-0400] {dag.py:3239} INFO - Sync 1 DAGs
[2025-06-13T16:04:31.075-0400] {logging_mixin.py:190} INFO - [2025-06-13T16:04:31.075-0400] {dag.py:4180} INFO - Setting next_dagrun for example_dynamic_task_mapping_with_no_taskflow_operators to None, run_after=None
[2025-06-13T16:04:31.084-0400] {processor.py:208} INFO - Processing /Users/pranavr/.pyenv/versions/3.11.6/lib/python3.11/site-packages/airflow/example_dags/example_dynamic_task_mapping_with_no_taskflow_operators.py took 105.139 seconds
