[2025-06-13T14:09:56.299-0400] {processor.py:153} INFO - Started process (PID=96561) to work on /Users/pranavr/drift-retrainer/venv311/lib/python3.11/site-packages/airflow/example_dags/example_subdag_operator.py
[2025-06-13T14:09:56.302-0400] {processor.py:743} INFO - Processing file /Users/pranavr/drift-retrainer/venv311/lib/python3.11/site-packages/airflow/example_dags/example_subdag_operator.py for tasks to queue
[2025-06-13T14:09:56.302-0400] {logging_mixin.py:137} INFO - [2025-06-13T14:09:56.302-0400] {dagbag.py:538} INFO - Filling up the DagBag from /Users/pranavr/drift-retrainer/venv311/lib/python3.11/site-packages/airflow/example_dags/example_subdag_operator.py
[2025-06-13T14:09:56.841-0400] {processor.py:753} INFO - DAG(s) dict_keys(['example_subdag_operator.section-1', 'example_subdag_operator.section-2', 'example_subdag_operator']) retrieved from /Users/pranavr/drift-retrainer/venv311/lib/python3.11/site-packages/airflow/example_dags/example_subdag_operator.py
[2025-06-13T14:09:56.955-0400] {logging_mixin.py:137} INFO - [2025-06-13T14:09:56.954-0400] {manager.py:504} INFO - Created Permission View: can read on DAG:example_subdag_operator
[2025-06-13T14:09:56.958-0400] {logging_mixin.py:137} INFO - [2025-06-13T14:09:56.958-0400] {manager.py:504} INFO - Created Permission View: can edit on DAG:example_subdag_operator
[2025-06-13T14:09:56.961-0400] {logging_mixin.py:137} INFO - [2025-06-13T14:09:56.961-0400] {manager.py:504} INFO - Created Permission View: can delete on DAG:example_subdag_operator
[2025-06-13T14:09:56.961-0400] {logging_mixin.py:137} INFO - [2025-06-13T14:09:56.961-0400] {dag.py:2690} INFO - Sync 3 DAGs
[2025-06-13T14:09:56.965-0400] {logging_mixin.py:137} INFO - [2025-06-13T14:09:56.965-0400] {dag.py:2711} INFO - Creating ORM DAG for example_subdag_operator
[2025-06-13T14:09:56.965-0400] {logging_mixin.py:137} INFO - [2025-06-13T14:09:56.965-0400] {dag.py:2711} INFO - Creating ORM DAG for example_subdag_operator.section-1
[2025-06-13T14:09:56.965-0400] {logging_mixin.py:137} INFO - [2025-06-13T14:09:56.965-0400] {dag.py:2711} INFO - Creating ORM DAG for example_subdag_operator.section-2
[2025-06-13T14:09:56.968-0400] {logging_mixin.py:137} INFO - [2025-06-13T14:09:56.968-0400] {dag.py:3437} INFO - Setting next_dagrun for example_subdag_operator to 2022-01-01T00:00:00+00:00, run_after=2022-01-01T00:00:00+00:00
[2025-06-13T14:09:56.969-0400] {logging_mixin.py:137} INFO - [2025-06-13T14:09:56.969-0400] {dag.py:3437} INFO - Setting next_dagrun for example_subdag_operator.section-1 to None, run_after=None
[2025-06-13T14:09:56.969-0400] {logging_mixin.py:137} INFO - [2025-06-13T14:09:56.969-0400] {dag.py:3437} INFO - Setting next_dagrun for example_subdag_operator.section-2 to None, run_after=None
[2025-06-13T14:09:56.972-0400] {logging_mixin.py:137} INFO - [2025-06-13T14:09:56.972-0400] {dag.py:2690} INFO - Sync 2 DAGs
[2025-06-13T14:09:56.974-0400] {logging_mixin.py:137} INFO - [2025-06-13T14:09:56.974-0400] {dag.py:3437} INFO - Setting next_dagrun for example_subdag_operator.section-1 to None, run_after=None
[2025-06-13T14:09:56.975-0400] {logging_mixin.py:137} INFO - [2025-06-13T14:09:56.975-0400] {dag.py:3437} INFO - Setting next_dagrun for example_subdag_operator.section-2 to None, run_after=None
[2025-06-13T14:09:56.981-0400] {processor.py:175} INFO - Processing /Users/pranavr/drift-retrainer/venv311/lib/python3.11/site-packages/airflow/example_dags/example_subdag_operator.py took 0.684 seconds
[2025-06-13T14:11:24.644-0400] {processor.py:153} INFO - Started process (PID=97333) to work on /Users/pranavr/drift-retrainer/venv311/lib/python3.11/site-packages/airflow/example_dags/example_subdag_operator.py
[2025-06-13T14:11:24.646-0400] {processor.py:743} INFO - Processing file /Users/pranavr/drift-retrainer/venv311/lib/python3.11/site-packages/airflow/example_dags/example_subdag_operator.py for tasks to queue
[2025-06-13T14:11:24.647-0400] {logging_mixin.py:137} INFO - [2025-06-13T14:11:24.647-0400] {dagbag.py:538} INFO - Filling up the DagBag from /Users/pranavr/drift-retrainer/venv311/lib/python3.11/site-packages/airflow/example_dags/example_subdag_operator.py
[2025-06-13T14:11:25.138-0400] {processor.py:753} INFO - DAG(s) dict_keys(['example_subdag_operator.section-1', 'example_subdag_operator.section-2', 'example_subdag_operator']) retrieved from /Users/pranavr/drift-retrainer/venv311/lib/python3.11/site-packages/airflow/example_dags/example_subdag_operator.py
[2025-06-13T14:11:25.222-0400] {logging_mixin.py:137} INFO - [2025-06-13T14:11:25.222-0400] {dag.py:2690} INFO - Sync 3 DAGs
[2025-06-13T14:11:25.229-0400] {logging_mixin.py:137} INFO - [2025-06-13T14:11:25.229-0400] {dag.py:3437} INFO - Setting next_dagrun for example_subdag_operator to 2022-01-01T00:00:00+00:00, run_after=2022-01-01T00:00:00+00:00
[2025-06-13T14:11:25.230-0400] {logging_mixin.py:137} INFO - [2025-06-13T14:11:25.230-0400] {dag.py:3437} INFO - Setting next_dagrun for example_subdag_operator.section-1 to None, run_after=None
[2025-06-13T14:11:25.231-0400] {logging_mixin.py:137} INFO - [2025-06-13T14:11:25.231-0400] {dag.py:3437} INFO - Setting next_dagrun for example_subdag_operator.section-2 to None, run_after=None
[2025-06-13T14:11:25.233-0400] {logging_mixin.py:137} INFO - [2025-06-13T14:11:25.233-0400] {dag.py:2690} INFO - Sync 2 DAGs
[2025-06-13T14:11:25.235-0400] {logging_mixin.py:137} INFO - [2025-06-13T14:11:25.235-0400] {dag.py:3437} INFO - Setting next_dagrun for example_subdag_operator.section-1 to None, run_after=None
[2025-06-13T14:11:25.235-0400] {logging_mixin.py:137} INFO - [2025-06-13T14:11:25.235-0400] {dag.py:3437} INFO - Setting next_dagrun for example_subdag_operator.section-2 to None, run_after=None
[2025-06-13T14:11:25.240-0400] {processor.py:175} INFO - Processing /Users/pranavr/drift-retrainer/venv311/lib/python3.11/site-packages/airflow/example_dags/example_subdag_operator.py took 0.597 seconds
[2025-06-13T14:13:18.914-0400] {processor.py:153} INFO - Started process (PID=97906) to work on /Users/pranavr/drift-retrainer/venv311/lib/python3.11/site-packages/airflow/example_dags/example_subdag_operator.py
[2025-06-13T14:13:18.916-0400] {processor.py:743} INFO - Processing file /Users/pranavr/drift-retrainer/venv311/lib/python3.11/site-packages/airflow/example_dags/example_subdag_operator.py for tasks to queue
[2025-06-13T14:13:18.916-0400] {logging_mixin.py:137} INFO - [2025-06-13T14:13:18.916-0400] {dagbag.py:538} INFO - Filling up the DagBag from /Users/pranavr/drift-retrainer/venv311/lib/python3.11/site-packages/airflow/example_dags/example_subdag_operator.py
[2025-06-13T14:13:19.468-0400] {processor.py:753} INFO - DAG(s) dict_keys(['example_subdag_operator.section-1', 'example_subdag_operator.section-2', 'example_subdag_operator']) retrieved from /Users/pranavr/drift-retrainer/venv311/lib/python3.11/site-packages/airflow/example_dags/example_subdag_operator.py
[2025-06-13T14:13:19.528-0400] {logging_mixin.py:137} INFO - [2025-06-13T14:13:19.528-0400] {dag.py:2690} INFO - Sync 3 DAGs
[2025-06-13T14:13:19.534-0400] {logging_mixin.py:137} INFO - [2025-06-13T14:13:19.534-0400] {dag.py:3437} INFO - Setting next_dagrun for example_subdag_operator to 2022-01-01T00:00:00+00:00, run_after=2022-01-01T00:00:00+00:00
[2025-06-13T14:13:19.535-0400] {logging_mixin.py:137} INFO - [2025-06-13T14:13:19.535-0400] {dag.py:3437} INFO - Setting next_dagrun for example_subdag_operator.section-1 to None, run_after=None
[2025-06-13T14:13:19.536-0400] {logging_mixin.py:137} INFO - [2025-06-13T14:13:19.536-0400] {dag.py:3437} INFO - Setting next_dagrun for example_subdag_operator.section-2 to None, run_after=None
[2025-06-13T14:13:19.538-0400] {logging_mixin.py:137} INFO - [2025-06-13T14:13:19.538-0400] {dag.py:2690} INFO - Sync 2 DAGs
[2025-06-13T14:13:19.540-0400] {logging_mixin.py:137} INFO - [2025-06-13T14:13:19.540-0400] {dag.py:3437} INFO - Setting next_dagrun for example_subdag_operator.section-1 to None, run_after=None
[2025-06-13T14:13:19.540-0400] {logging_mixin.py:137} INFO - [2025-06-13T14:13:19.540-0400] {dag.py:3437} INFO - Setting next_dagrun for example_subdag_operator.section-2 to None, run_after=None
[2025-06-13T14:13:19.545-0400] {processor.py:175} INFO - Processing /Users/pranavr/drift-retrainer/venv311/lib/python3.11/site-packages/airflow/example_dags/example_subdag_operator.py took 0.632 seconds
[2025-06-13T14:15:07.719-0400] {processor.py:153} INFO - Started process (PID=2578) to work on /Users/pranavr/drift-retrainer/venv311/lib/python3.11/site-packages/airflow/example_dags/example_subdag_operator.py
[2025-06-13T14:15:07.722-0400] {processor.py:743} INFO - Processing file /Users/pranavr/drift-retrainer/venv311/lib/python3.11/site-packages/airflow/example_dags/example_subdag_operator.py for tasks to queue
[2025-06-13T14:15:07.723-0400] {logging_mixin.py:137} INFO - [2025-06-13T14:15:07.723-0400] {dagbag.py:538} INFO - Filling up the DagBag from /Users/pranavr/drift-retrainer/venv311/lib/python3.11/site-packages/airflow/example_dags/example_subdag_operator.py
[2025-06-13T14:15:08.702-0400] {processor.py:753} INFO - DAG(s) dict_keys(['example_subdag_operator.section-1', 'example_subdag_operator.section-2', 'example_subdag_operator']) retrieved from /Users/pranavr/drift-retrainer/venv311/lib/python3.11/site-packages/airflow/example_dags/example_subdag_operator.py
[2025-06-13T14:15:08.793-0400] {logging_mixin.py:137} INFO - [2025-06-13T14:15:08.792-0400] {dag.py:2690} INFO - Sync 3 DAGs
[2025-06-13T14:15:08.802-0400] {logging_mixin.py:137} INFO - [2025-06-13T14:15:08.802-0400] {dag.py:3437} INFO - Setting next_dagrun for example_subdag_operator to 2022-01-01T00:00:00+00:00, run_after=2022-01-01T00:00:00+00:00
[2025-06-13T14:15:08.804-0400] {logging_mixin.py:137} INFO - [2025-06-13T14:15:08.804-0400] {dag.py:3437} INFO - Setting next_dagrun for example_subdag_operator.section-1 to None, run_after=None
[2025-06-13T14:15:08.804-0400] {logging_mixin.py:137} INFO - [2025-06-13T14:15:08.804-0400] {dag.py:3437} INFO - Setting next_dagrun for example_subdag_operator.section-2 to None, run_after=None
[2025-06-13T14:15:08.807-0400] {logging_mixin.py:137} INFO - [2025-06-13T14:15:08.807-0400] {dag.py:2690} INFO - Sync 2 DAGs
[2025-06-13T14:15:08.809-0400] {logging_mixin.py:137} INFO - [2025-06-13T14:15:08.809-0400] {dag.py:3437} INFO - Setting next_dagrun for example_subdag_operator.section-1 to None, run_after=None
[2025-06-13T14:15:08.809-0400] {logging_mixin.py:137} INFO - [2025-06-13T14:15:08.809-0400] {dag.py:3437} INFO - Setting next_dagrun for example_subdag_operator.section-2 to None, run_after=None
[2025-06-13T14:15:08.815-0400] {processor.py:175} INFO - Processing /Users/pranavr/drift-retrainer/venv311/lib/python3.11/site-packages/airflow/example_dags/example_subdag_operator.py took 1.097 seconds
[2025-06-13T14:16:09.441-0400] {processor.py:153} INFO - Started process (PID=3347) to work on /Users/pranavr/drift-retrainer/venv311/lib/python3.11/site-packages/airflow/example_dags/example_subdag_operator.py
[2025-06-13T14:16:09.444-0400] {processor.py:743} INFO - Processing file /Users/pranavr/drift-retrainer/venv311/lib/python3.11/site-packages/airflow/example_dags/example_subdag_operator.py for tasks to queue
[2025-06-13T14:16:09.446-0400] {logging_mixin.py:137} INFO - [2025-06-13T14:16:09.445-0400] {dagbag.py:538} INFO - Filling up the DagBag from /Users/pranavr/drift-retrainer/venv311/lib/python3.11/site-packages/airflow/example_dags/example_subdag_operator.py
[2025-06-13T14:16:09.938-0400] {processor.py:753} INFO - DAG(s) dict_keys(['example_subdag_operator.section-1', 'example_subdag_operator.section-2', 'example_subdag_operator']) retrieved from /Users/pranavr/drift-retrainer/venv311/lib/python3.11/site-packages/airflow/example_dags/example_subdag_operator.py
[2025-06-13T14:16:09.988-0400] {logging_mixin.py:137} INFO - [2025-06-13T14:16:09.987-0400] {dag.py:2690} INFO - Sync 3 DAGs
[2025-06-13T14:16:09.995-0400] {logging_mixin.py:137} INFO - [2025-06-13T14:16:09.995-0400] {dag.py:3437} INFO - Setting next_dagrun for example_subdag_operator to 2022-01-01T00:00:00+00:00, run_after=2022-01-01T00:00:00+00:00
[2025-06-13T14:16:09.996-0400] {logging_mixin.py:137} INFO - [2025-06-13T14:16:09.996-0400] {dag.py:3437} INFO - Setting next_dagrun for example_subdag_operator.section-1 to None, run_after=None
[2025-06-13T14:16:09.996-0400] {logging_mixin.py:137} INFO - [2025-06-13T14:16:09.996-0400] {dag.py:3437} INFO - Setting next_dagrun for example_subdag_operator.section-2 to None, run_after=None
[2025-06-13T14:16:09.999-0400] {logging_mixin.py:137} INFO - [2025-06-13T14:16:09.998-0400] {dag.py:2690} INFO - Sync 2 DAGs
[2025-06-13T14:16:10.001-0400] {logging_mixin.py:137} INFO - [2025-06-13T14:16:10.001-0400] {dag.py:3437} INFO - Setting next_dagrun for example_subdag_operator.section-1 to None, run_after=None
[2025-06-13T14:16:10.001-0400] {logging_mixin.py:137} INFO - [2025-06-13T14:16:10.001-0400] {dag.py:3437} INFO - Setting next_dagrun for example_subdag_operator.section-2 to None, run_after=None
[2025-06-13T14:16:10.010-0400] {processor.py:175} INFO - Processing /Users/pranavr/drift-retrainer/venv311/lib/python3.11/site-packages/airflow/example_dags/example_subdag_operator.py took 0.569 seconds
[2025-06-13T14:18:01.700-0400] {processor.py:153} INFO - Started process (PID=5791) to work on /Users/pranavr/drift-retrainer/venv311/lib/python3.11/site-packages/airflow/example_dags/example_subdag_operator.py
[2025-06-13T14:18:01.702-0400] {processor.py:743} INFO - Processing file /Users/pranavr/drift-retrainer/venv311/lib/python3.11/site-packages/airflow/example_dags/example_subdag_operator.py for tasks to queue
[2025-06-13T14:18:01.703-0400] {logging_mixin.py:137} INFO - [2025-06-13T14:18:01.703-0400] {dagbag.py:538} INFO - Filling up the DagBag from /Users/pranavr/drift-retrainer/venv311/lib/python3.11/site-packages/airflow/example_dags/example_subdag_operator.py
[2025-06-13T14:18:02.183-0400] {processor.py:753} INFO - DAG(s) dict_keys(['example_subdag_operator.section-1', 'example_subdag_operator.section-2', 'example_subdag_operator']) retrieved from /Users/pranavr/drift-retrainer/venv311/lib/python3.11/site-packages/airflow/example_dags/example_subdag_operator.py
[2025-06-13T14:18:02.236-0400] {logging_mixin.py:137} INFO - [2025-06-13T14:18:02.236-0400] {dag.py:2690} INFO - Sync 3 DAGs
[2025-06-13T14:18:02.244-0400] {logging_mixin.py:137} INFO - [2025-06-13T14:18:02.243-0400] {dag.py:3437} INFO - Setting next_dagrun for example_subdag_operator to 2022-01-01T00:00:00+00:00, run_after=2022-01-01T00:00:00+00:00
[2025-06-13T14:18:02.245-0400] {logging_mixin.py:137} INFO - [2025-06-13T14:18:02.245-0400] {dag.py:3437} INFO - Setting next_dagrun for example_subdag_operator.section-1 to None, run_after=None
[2025-06-13T14:18:02.245-0400] {logging_mixin.py:137} INFO - [2025-06-13T14:18:02.245-0400] {dag.py:3437} INFO - Setting next_dagrun for example_subdag_operator.section-2 to None, run_after=None
[2025-06-13T14:18:02.247-0400] {logging_mixin.py:137} INFO - [2025-06-13T14:18:02.247-0400] {dag.py:2690} INFO - Sync 2 DAGs
[2025-06-13T14:18:02.249-0400] {logging_mixin.py:137} INFO - [2025-06-13T14:18:02.249-0400] {dag.py:3437} INFO - Setting next_dagrun for example_subdag_operator.section-1 to None, run_after=None
[2025-06-13T14:18:02.249-0400] {logging_mixin.py:137} INFO - [2025-06-13T14:18:02.249-0400] {dag.py:3437} INFO - Setting next_dagrun for example_subdag_operator.section-2 to None, run_after=None
[2025-06-13T14:18:02.254-0400] {processor.py:175} INFO - Processing /Users/pranavr/drift-retrainer/venv311/lib/python3.11/site-packages/airflow/example_dags/example_subdag_operator.py took 0.555 seconds
[2025-06-13T14:19:04.071-0400] {processor.py:153} INFO - Started process (PID=6438) to work on /Users/pranavr/drift-retrainer/venv311/lib/python3.11/site-packages/airflow/example_dags/example_subdag_operator.py
[2025-06-13T14:19:04.073-0400] {processor.py:743} INFO - Processing file /Users/pranavr/drift-retrainer/venv311/lib/python3.11/site-packages/airflow/example_dags/example_subdag_operator.py for tasks to queue
[2025-06-13T14:19:04.073-0400] {logging_mixin.py:137} INFO - [2025-06-13T14:19:04.073-0400] {dagbag.py:538} INFO - Filling up the DagBag from /Users/pranavr/drift-retrainer/venv311/lib/python3.11/site-packages/airflow/example_dags/example_subdag_operator.py
[2025-06-13T14:19:04.547-0400] {processor.py:753} INFO - DAG(s) dict_keys(['example_subdag_operator.section-1', 'example_subdag_operator.section-2', 'example_subdag_operator']) retrieved from /Users/pranavr/drift-retrainer/venv311/lib/python3.11/site-packages/airflow/example_dags/example_subdag_operator.py
[2025-06-13T14:19:04.632-0400] {logging_mixin.py:137} INFO - [2025-06-13T14:19:04.632-0400] {dag.py:2690} INFO - Sync 3 DAGs
[2025-06-13T14:19:04.640-0400] {logging_mixin.py:137} INFO - [2025-06-13T14:19:04.640-0400] {dag.py:3437} INFO - Setting next_dagrun for example_subdag_operator to 2022-01-01T00:00:00+00:00, run_after=2022-01-01T00:00:00+00:00
[2025-06-13T14:19:04.641-0400] {logging_mixin.py:137} INFO - [2025-06-13T14:19:04.641-0400] {dag.py:3437} INFO - Setting next_dagrun for example_subdag_operator.section-1 to None, run_after=None
[2025-06-13T14:19:04.641-0400] {logging_mixin.py:137} INFO - [2025-06-13T14:19:04.641-0400] {dag.py:3437} INFO - Setting next_dagrun for example_subdag_operator.section-2 to None, run_after=None
[2025-06-13T14:19:04.643-0400] {logging_mixin.py:137} INFO - [2025-06-13T14:19:04.643-0400] {dag.py:2690} INFO - Sync 2 DAGs
[2025-06-13T14:19:04.644-0400] {logging_mixin.py:137} INFO - [2025-06-13T14:19:04.644-0400] {dag.py:3437} INFO - Setting next_dagrun for example_subdag_operator.section-1 to None, run_after=None
[2025-06-13T14:19:04.645-0400] {logging_mixin.py:137} INFO - [2025-06-13T14:19:04.645-0400] {dag.py:3437} INFO - Setting next_dagrun for example_subdag_operator.section-2 to None, run_after=None
[2025-06-13T14:19:04.649-0400] {processor.py:175} INFO - Processing /Users/pranavr/drift-retrainer/venv311/lib/python3.11/site-packages/airflow/example_dags/example_subdag_operator.py took 0.579 seconds
[2025-06-13T14:21:58.794-0400] {processor.py:186} INFO - Started process (PID=7532) to work on /Users/pranavr/.pyenv/versions/3.11.6/lib/python3.11/site-packages/airflow/example_dags/example_subdag_operator.py
[2025-06-13T14:21:58.796-0400] {processor.py:914} INFO - Processing file /Users/pranavr/.pyenv/versions/3.11.6/lib/python3.11/site-packages/airflow/example_dags/example_subdag_operator.py for tasks to queue
[2025-06-13T14:21:58.797-0400] {logging_mixin.py:190} INFO - [2025-06-13T14:21:58.797-0400] {dagbag.py:588} INFO - Filling up the DagBag from /Users/pranavr/.pyenv/versions/3.11.6/lib/python3.11/site-packages/airflow/example_dags/example_subdag_operator.py
[2025-06-13T14:21:58.882-0400] {processor.py:925} INFO - DAG(s) 'example_subdag_operator.section-1', 'example_subdag_operator.section-2', 'example_subdag_operator' retrieved from /Users/pranavr/.pyenv/versions/3.11.6/lib/python3.11/site-packages/airflow/example_dags/example_subdag_operator.py
[2025-06-13T14:21:59.267-0400] {logging_mixin.py:190} INFO - [2025-06-13T14:21:59.267-0400] {dag.py:3239} INFO - Sync 3 DAGs
[2025-06-13T14:21:59.275-0400] {logging_mixin.py:190} INFO - [2025-06-13T14:21:59.275-0400] {dag.py:4180} INFO - Setting next_dagrun for example_subdag_operator to 2022-01-01T00:00:00+00:00, run_after=2022-01-01T00:00:00+00:00
[2025-06-13T14:21:59.276-0400] {logging_mixin.py:190} INFO - [2025-06-13T14:21:59.276-0400] {dag.py:4180} INFO - Setting next_dagrun for example_subdag_operator.section-1 to None, run_after=None
[2025-06-13T14:21:59.277-0400] {logging_mixin.py:190} INFO - [2025-06-13T14:21:59.277-0400] {dag.py:4180} INFO - Setting next_dagrun for example_subdag_operator.section-2 to None, run_after=None
[2025-06-13T14:21:59.281-0400] {logging_mixin.py:190} INFO - [2025-06-13T14:21:59.281-0400] {dag.py:3239} INFO - Sync 2 DAGs
[2025-06-13T14:21:59.283-0400] {logging_mixin.py:190} INFO - [2025-06-13T14:21:59.283-0400] {dag.py:4180} INFO - Setting next_dagrun for example_subdag_operator.section-1 to None, run_after=None
[2025-06-13T14:21:59.283-0400] {logging_mixin.py:190} INFO - [2025-06-13T14:21:59.283-0400] {dag.py:4180} INFO - Setting next_dagrun for example_subdag_operator.section-2 to None, run_after=None
[2025-06-13T14:21:59.289-0400] {processor.py:208} INFO - Processing /Users/pranavr/.pyenv/versions/3.11.6/lib/python3.11/site-packages/airflow/example_dags/example_subdag_operator.py took 496.533 seconds
[2025-06-13T14:24:04.744-0400] {processor.py:186} INFO - Started process (PID=7884) to work on /Users/pranavr/.pyenv/versions/3.11.6/lib/python3.11/site-packages/airflow/example_dags/example_subdag_operator.py
[2025-06-13T14:24:04.746-0400] {processor.py:914} INFO - Processing file /Users/pranavr/.pyenv/versions/3.11.6/lib/python3.11/site-packages/airflow/example_dags/example_subdag_operator.py for tasks to queue
[2025-06-13T14:24:04.746-0400] {logging_mixin.py:190} INFO - [2025-06-13T14:24:04.746-0400] {dagbag.py:588} INFO - Filling up the DagBag from /Users/pranavr/.pyenv/versions/3.11.6/lib/python3.11/site-packages/airflow/example_dags/example_subdag_operator.py
[2025-06-13T14:24:04.838-0400] {processor.py:925} INFO - DAG(s) 'example_subdag_operator.section-1', 'example_subdag_operator.section-2', 'example_subdag_operator' retrieved from /Users/pranavr/.pyenv/versions/3.11.6/lib/python3.11/site-packages/airflow/example_dags/example_subdag_operator.py
[2025-06-13T14:24:05.140-0400] {logging_mixin.py:190} INFO - [2025-06-13T14:24:05.140-0400] {dag.py:3239} INFO - Sync 3 DAGs
[2025-06-13T14:24:05.147-0400] {logging_mixin.py:190} INFO - [2025-06-13T14:24:05.147-0400] {dag.py:4180} INFO - Setting next_dagrun for example_subdag_operator to 2022-01-01T00:00:00+00:00, run_after=2022-01-01T00:00:00+00:00
[2025-06-13T14:24:05.149-0400] {logging_mixin.py:190} INFO - [2025-06-13T14:24:05.149-0400] {dag.py:4180} INFO - Setting next_dagrun for example_subdag_operator.section-1 to None, run_after=None
[2025-06-13T14:24:05.149-0400] {logging_mixin.py:190} INFO - [2025-06-13T14:24:05.149-0400] {dag.py:4180} INFO - Setting next_dagrun for example_subdag_operator.section-2 to None, run_after=None
[2025-06-13T14:24:05.152-0400] {logging_mixin.py:190} INFO - [2025-06-13T14:24:05.152-0400] {dag.py:3239} INFO - Sync 2 DAGs
[2025-06-13T14:24:05.204-0400] {logging_mixin.py:190} INFO - [2025-06-13T14:24:05.204-0400] {dag.py:4180} INFO - Setting next_dagrun for example_subdag_operator.section-1 to None, run_after=None
[2025-06-13T14:24:05.204-0400] {logging_mixin.py:190} INFO - [2025-06-13T14:24:05.204-0400] {dag.py:4180} INFO - Setting next_dagrun for example_subdag_operator.section-2 to None, run_after=None
[2025-06-13T14:24:05.210-0400] {processor.py:208} INFO - Processing /Users/pranavr/.pyenv/versions/3.11.6/lib/python3.11/site-packages/airflow/example_dags/example_subdag_operator.py took 468.329 seconds
[2025-06-13T14:25:35.963-0400] {processor.py:186} INFO - Started process (PID=7998) to work on /Users/pranavr/.pyenv/versions/3.11.6/lib/python3.11/site-packages/airflow/example_dags/example_subdag_operator.py
[2025-06-13T14:25:35.965-0400] {processor.py:914} INFO - Processing file /Users/pranavr/.pyenv/versions/3.11.6/lib/python3.11/site-packages/airflow/example_dags/example_subdag_operator.py for tasks to queue
[2025-06-13T14:25:35.966-0400] {logging_mixin.py:190} INFO - [2025-06-13T14:25:35.966-0400] {dagbag.py:588} INFO - Filling up the DagBag from /Users/pranavr/.pyenv/versions/3.11.6/lib/python3.11/site-packages/airflow/example_dags/example_subdag_operator.py
[2025-06-13T14:25:36.058-0400] {processor.py:925} INFO - DAG(s) 'example_subdag_operator.section-1', 'example_subdag_operator.section-2', 'example_subdag_operator' retrieved from /Users/pranavr/.pyenv/versions/3.11.6/lib/python3.11/site-packages/airflow/example_dags/example_subdag_operator.py
[2025-06-13T14:25:36.368-0400] {logging_mixin.py:190} INFO - [2025-06-13T14:25:36.368-0400] {dag.py:3239} INFO - Sync 3 DAGs
[2025-06-13T14:25:36.376-0400] {logging_mixin.py:190} INFO - [2025-06-13T14:25:36.376-0400] {dag.py:4180} INFO - Setting next_dagrun for example_subdag_operator to 2022-01-01T00:00:00+00:00, run_after=2022-01-01T00:00:00+00:00
[2025-06-13T14:25:36.379-0400] {logging_mixin.py:190} INFO - [2025-06-13T14:25:36.379-0400] {dag.py:4180} INFO - Setting next_dagrun for example_subdag_operator.section-1 to None, run_after=None
[2025-06-13T14:25:36.379-0400] {logging_mixin.py:190} INFO - [2025-06-13T14:25:36.379-0400] {dag.py:4180} INFO - Setting next_dagrun for example_subdag_operator.section-2 to None, run_after=None
[2025-06-13T14:25:36.383-0400] {logging_mixin.py:190} INFO - [2025-06-13T14:25:36.382-0400] {dag.py:3239} INFO - Sync 2 DAGs
[2025-06-13T14:25:36.432-0400] {logging_mixin.py:190} INFO - [2025-06-13T14:25:36.432-0400] {dag.py:4180} INFO - Setting next_dagrun for example_subdag_operator.section-1 to None, run_after=None
[2025-06-13T14:25:36.432-0400] {logging_mixin.py:190} INFO - [2025-06-13T14:25:36.432-0400] {dag.py:4180} INFO - Setting next_dagrun for example_subdag_operator.section-2 to None, run_after=None
[2025-06-13T14:25:36.438-0400] {processor.py:208} INFO - Processing /Users/pranavr/.pyenv/versions/3.11.6/lib/python3.11/site-packages/airflow/example_dags/example_subdag_operator.py took 476.484 seconds
[2025-06-13T14:27:08.525-0400] {processor.py:186} INFO - Started process (PID=8107) to work on /Users/pranavr/.pyenv/versions/3.11.6/lib/python3.11/site-packages/airflow/example_dags/example_subdag_operator.py
[2025-06-13T14:27:08.532-0400] {processor.py:914} INFO - Processing file /Users/pranavr/.pyenv/versions/3.11.6/lib/python3.11/site-packages/airflow/example_dags/example_subdag_operator.py for tasks to queue
[2025-06-13T14:27:08.533-0400] {logging_mixin.py:190} INFO - [2025-06-13T14:27:08.533-0400] {dagbag.py:588} INFO - Filling up the DagBag from /Users/pranavr/.pyenv/versions/3.11.6/lib/python3.11/site-packages/airflow/example_dags/example_subdag_operator.py
[2025-06-13T14:27:08.642-0400] {processor.py:925} INFO - DAG(s) 'example_subdag_operator.section-1', 'example_subdag_operator.section-2', 'example_subdag_operator' retrieved from /Users/pranavr/.pyenv/versions/3.11.6/lib/python3.11/site-packages/airflow/example_dags/example_subdag_operator.py
[2025-06-13T14:27:08.966-0400] {logging_mixin.py:190} INFO - [2025-06-13T14:27:08.966-0400] {dag.py:3239} INFO - Sync 3 DAGs
[2025-06-13T14:27:08.975-0400] {logging_mixin.py:190} INFO - [2025-06-13T14:27:08.975-0400] {dag.py:4180} INFO - Setting next_dagrun for example_subdag_operator to 2022-01-01T00:00:00+00:00, run_after=2022-01-01T00:00:00+00:00
[2025-06-13T14:27:08.977-0400] {logging_mixin.py:190} INFO - [2025-06-13T14:27:08.977-0400] {dag.py:4180} INFO - Setting next_dagrun for example_subdag_operator.section-1 to None, run_after=None
[2025-06-13T14:27:08.978-0400] {logging_mixin.py:190} INFO - [2025-06-13T14:27:08.977-0400] {dag.py:4180} INFO - Setting next_dagrun for example_subdag_operator.section-2 to None, run_after=None
[2025-06-13T14:27:08.980-0400] {logging_mixin.py:190} INFO - [2025-06-13T14:27:08.980-0400] {dag.py:3239} INFO - Sync 2 DAGs
[2025-06-13T14:27:09.036-0400] {logging_mixin.py:190} INFO - [2025-06-13T14:27:09.036-0400] {dag.py:4180} INFO - Setting next_dagrun for example_subdag_operator.section-1 to None, run_after=None
[2025-06-13T14:27:09.036-0400] {logging_mixin.py:190} INFO - [2025-06-13T14:27:09.036-0400] {dag.py:4180} INFO - Setting next_dagrun for example_subdag_operator.section-2 to None, run_after=None
[2025-06-13T14:27:09.042-0400] {processor.py:208} INFO - Processing /Users/pranavr/.pyenv/versions/3.11.6/lib/python3.11/site-packages/airflow/example_dags/example_subdag_operator.py took 518.980 seconds
[2025-06-13T14:28:38.641-0400] {processor.py:186} INFO - Started process (PID=8809) to work on /Users/pranavr/.pyenv/versions/3.11.6/lib/python3.11/site-packages/airflow/example_dags/example_subdag_operator.py
[2025-06-13T14:28:38.644-0400] {processor.py:914} INFO - Processing file /Users/pranavr/.pyenv/versions/3.11.6/lib/python3.11/site-packages/airflow/example_dags/example_subdag_operator.py for tasks to queue
[2025-06-13T14:28:38.644-0400] {logging_mixin.py:190} INFO - [2025-06-13T14:28:38.644-0400] {dagbag.py:588} INFO - Filling up the DagBag from /Users/pranavr/.pyenv/versions/3.11.6/lib/python3.11/site-packages/airflow/example_dags/example_subdag_operator.py
[2025-06-13T14:28:38.732-0400] {processor.py:925} INFO - DAG(s) 'example_subdag_operator.section-1', 'example_subdag_operator.section-2', 'example_subdag_operator' retrieved from /Users/pranavr/.pyenv/versions/3.11.6/lib/python3.11/site-packages/airflow/example_dags/example_subdag_operator.py
[2025-06-13T14:28:39.048-0400] {logging_mixin.py:190} INFO - [2025-06-13T14:28:39.048-0400] {dag.py:3239} INFO - Sync 3 DAGs
[2025-06-13T14:28:39.056-0400] {logging_mixin.py:190} INFO - [2025-06-13T14:28:39.056-0400] {dag.py:4180} INFO - Setting next_dagrun for example_subdag_operator to 2022-01-01T00:00:00+00:00, run_after=2022-01-01T00:00:00+00:00
[2025-06-13T14:28:39.058-0400] {logging_mixin.py:190} INFO - [2025-06-13T14:28:39.058-0400] {dag.py:4180} INFO - Setting next_dagrun for example_subdag_operator.section-1 to None, run_after=None
[2025-06-13T14:28:39.059-0400] {logging_mixin.py:190} INFO - [2025-06-13T14:28:39.059-0400] {dag.py:4180} INFO - Setting next_dagrun for example_subdag_operator.section-2 to None, run_after=None
[2025-06-13T14:28:39.061-0400] {logging_mixin.py:190} INFO - [2025-06-13T14:28:39.061-0400] {dag.py:3239} INFO - Sync 2 DAGs
[2025-06-13T14:28:39.110-0400] {logging_mixin.py:190} INFO - [2025-06-13T14:28:39.110-0400] {dag.py:4180} INFO - Setting next_dagrun for example_subdag_operator.section-1 to None, run_after=None
[2025-06-13T14:28:39.110-0400] {logging_mixin.py:190} INFO - [2025-06-13T14:28:39.110-0400] {dag.py:4180} INFO - Setting next_dagrun for example_subdag_operator.section-2 to None, run_after=None
[2025-06-13T14:28:39.118-0400] {processor.py:208} INFO - Processing /Users/pranavr/.pyenv/versions/3.11.6/lib/python3.11/site-packages/airflow/example_dags/example_subdag_operator.py took 478.163 seconds
[2025-06-13T14:30:11.007-0400] {processor.py:186} INFO - Started process (PID=8937) to work on /Users/pranavr/.pyenv/versions/3.11.6/lib/python3.11/site-packages/airflow/example_dags/example_subdag_operator.py
[2025-06-13T14:30:11.009-0400] {processor.py:914} INFO - Processing file /Users/pranavr/.pyenv/versions/3.11.6/lib/python3.11/site-packages/airflow/example_dags/example_subdag_operator.py for tasks to queue
[2025-06-13T14:30:11.010-0400] {logging_mixin.py:190} INFO - [2025-06-13T14:30:11.010-0400] {dagbag.py:588} INFO - Filling up the DagBag from /Users/pranavr/.pyenv/versions/3.11.6/lib/python3.11/site-packages/airflow/example_dags/example_subdag_operator.py
[2025-06-13T14:30:11.095-0400] {processor.py:925} INFO - DAG(s) 'example_subdag_operator.section-1', 'example_subdag_operator.section-2', 'example_subdag_operator' retrieved from /Users/pranavr/.pyenv/versions/3.11.6/lib/python3.11/site-packages/airflow/example_dags/example_subdag_operator.py
[2025-06-13T14:30:11.407-0400] {logging_mixin.py:190} INFO - [2025-06-13T14:30:11.407-0400] {dag.py:3239} INFO - Sync 3 DAGs
[2025-06-13T14:30:11.415-0400] {logging_mixin.py:190} INFO - [2025-06-13T14:30:11.415-0400] {dag.py:4180} INFO - Setting next_dagrun for example_subdag_operator to 2022-01-01T00:00:00+00:00, run_after=2022-01-01T00:00:00+00:00
[2025-06-13T14:30:11.417-0400] {logging_mixin.py:190} INFO - [2025-06-13T14:30:11.417-0400] {dag.py:4180} INFO - Setting next_dagrun for example_subdag_operator.section-1 to None, run_after=None
[2025-06-13T14:30:11.417-0400] {logging_mixin.py:190} INFO - [2025-06-13T14:30:11.417-0400] {dag.py:4180} INFO - Setting next_dagrun for example_subdag_operator.section-2 to None, run_after=None
[2025-06-13T14:30:11.420-0400] {logging_mixin.py:190} INFO - [2025-06-13T14:30:11.420-0400] {dag.py:3239} INFO - Sync 2 DAGs
[2025-06-13T14:30:11.469-0400] {logging_mixin.py:190} INFO - [2025-06-13T14:30:11.469-0400] {dag.py:4180} INFO - Setting next_dagrun for example_subdag_operator.section-1 to None, run_after=None
[2025-06-13T14:30:11.469-0400] {logging_mixin.py:190} INFO - [2025-06-13T14:30:11.469-0400] {dag.py:4180} INFO - Setting next_dagrun for example_subdag_operator.section-2 to None, run_after=None
[2025-06-13T14:30:11.475-0400] {processor.py:208} INFO - Processing /Users/pranavr/.pyenv/versions/3.11.6/lib/python3.11/site-packages/airflow/example_dags/example_subdag_operator.py took 469.341 seconds
[2025-06-13T14:31:38.262-0400] {processor.py:186} INFO - Started process (PID=9367) to work on /Users/pranavr/.pyenv/versions/3.11.6/lib/python3.11/site-packages/airflow/example_dags/example_subdag_operator.py
[2025-06-13T14:31:38.265-0400] {processor.py:914} INFO - Processing file /Users/pranavr/.pyenv/versions/3.11.6/lib/python3.11/site-packages/airflow/example_dags/example_subdag_operator.py for tasks to queue
[2025-06-13T14:31:38.265-0400] {logging_mixin.py:190} INFO - [2025-06-13T14:31:38.265-0400] {dagbag.py:588} INFO - Filling up the DagBag from /Users/pranavr/.pyenv/versions/3.11.6/lib/python3.11/site-packages/airflow/example_dags/example_subdag_operator.py
[2025-06-13T14:31:38.359-0400] {processor.py:925} INFO - DAG(s) 'example_subdag_operator.section-1', 'example_subdag_operator.section-2', 'example_subdag_operator' retrieved from /Users/pranavr/.pyenv/versions/3.11.6/lib/python3.11/site-packages/airflow/example_dags/example_subdag_operator.py
[2025-06-13T14:31:38.668-0400] {logging_mixin.py:190} INFO - [2025-06-13T14:31:38.667-0400] {dag.py:3239} INFO - Sync 3 DAGs
[2025-06-13T14:31:38.676-0400] {logging_mixin.py:190} INFO - [2025-06-13T14:31:38.676-0400] {dag.py:4180} INFO - Setting next_dagrun for example_subdag_operator to 2022-01-01T00:00:00+00:00, run_after=2022-01-01T00:00:00+00:00
[2025-06-13T14:31:38.678-0400] {logging_mixin.py:190} INFO - [2025-06-13T14:31:38.678-0400] {dag.py:4180} INFO - Setting next_dagrun for example_subdag_operator.section-1 to None, run_after=None
[2025-06-13T14:31:38.678-0400] {logging_mixin.py:190} INFO - [2025-06-13T14:31:38.678-0400] {dag.py:4180} INFO - Setting next_dagrun for example_subdag_operator.section-2 to None, run_after=None
[2025-06-13T14:31:38.681-0400] {logging_mixin.py:190} INFO - [2025-06-13T14:31:38.681-0400] {dag.py:3239} INFO - Sync 2 DAGs
[2025-06-13T14:31:38.734-0400] {logging_mixin.py:190} INFO - [2025-06-13T14:31:38.734-0400] {dag.py:4180} INFO - Setting next_dagrun for example_subdag_operator.section-1 to None, run_after=None
[2025-06-13T14:31:38.734-0400] {logging_mixin.py:190} INFO - [2025-06-13T14:31:38.734-0400] {dag.py:4180} INFO - Setting next_dagrun for example_subdag_operator.section-2 to None, run_after=None
[2025-06-13T14:31:38.741-0400] {processor.py:208} INFO - Processing /Users/pranavr/.pyenv/versions/3.11.6/lib/python3.11/site-packages/airflow/example_dags/example_subdag_operator.py took 480.495 seconds
[2025-06-13T14:33:12.578-0400] {processor.py:186} INFO - Started process (PID=9591) to work on /Users/pranavr/.pyenv/versions/3.11.6/lib/python3.11/site-packages/airflow/example_dags/example_subdag_operator.py
[2025-06-13T14:33:12.580-0400] {processor.py:914} INFO - Processing file /Users/pranavr/.pyenv/versions/3.11.6/lib/python3.11/site-packages/airflow/example_dags/example_subdag_operator.py for tasks to queue
[2025-06-13T14:33:12.581-0400] {logging_mixin.py:190} INFO - [2025-06-13T14:33:12.581-0400] {dagbag.py:588} INFO - Filling up the DagBag from /Users/pranavr/.pyenv/versions/3.11.6/lib/python3.11/site-packages/airflow/example_dags/example_subdag_operator.py
[2025-06-13T14:33:12.678-0400] {processor.py:925} INFO - DAG(s) 'example_subdag_operator.section-1', 'example_subdag_operator.section-2', 'example_subdag_operator' retrieved from /Users/pranavr/.pyenv/versions/3.11.6/lib/python3.11/site-packages/airflow/example_dags/example_subdag_operator.py
[2025-06-13T14:33:12.980-0400] {logging_mixin.py:190} INFO - [2025-06-13T14:33:12.980-0400] {dag.py:3239} INFO - Sync 3 DAGs
[2025-06-13T14:33:12.992-0400] {logging_mixin.py:190} INFO - [2025-06-13T14:33:12.992-0400] {dag.py:4180} INFO - Setting next_dagrun for example_subdag_operator to 2022-01-01T00:00:00+00:00, run_after=2022-01-01T00:00:00+00:00
[2025-06-13T14:33:12.995-0400] {logging_mixin.py:190} INFO - [2025-06-13T14:33:12.995-0400] {dag.py:4180} INFO - Setting next_dagrun for example_subdag_operator.section-1 to None, run_after=None
[2025-06-13T14:33:12.995-0400] {logging_mixin.py:190} INFO - [2025-06-13T14:33:12.995-0400] {dag.py:4180} INFO - Setting next_dagrun for example_subdag_operator.section-2 to None, run_after=None
[2025-06-13T14:33:13.000-0400] {logging_mixin.py:190} INFO - [2025-06-13T14:33:13.000-0400] {dag.py:3239} INFO - Sync 2 DAGs
[2025-06-13T14:33:13.046-0400] {logging_mixin.py:190} INFO - [2025-06-13T14:33:13.046-0400] {dag.py:4180} INFO - Setting next_dagrun for example_subdag_operator.section-1 to None, run_after=None
[2025-06-13T14:33:13.046-0400] {logging_mixin.py:190} INFO - [2025-06-13T14:33:13.046-0400] {dag.py:4180} INFO - Setting next_dagrun for example_subdag_operator.section-2 to None, run_after=None
[2025-06-13T14:33:13.052-0400] {processor.py:208} INFO - Processing /Users/pranavr/.pyenv/versions/3.11.6/lib/python3.11/site-packages/airflow/example_dags/example_subdag_operator.py took 476.695 seconds
[2025-06-13T14:34:42.265-0400] {processor.py:186} INFO - Started process (PID=10043) to work on /Users/pranavr/.pyenv/versions/3.11.6/lib/python3.11/site-packages/airflow/example_dags/example_subdag_operator.py
[2025-06-13T14:34:42.269-0400] {processor.py:914} INFO - Processing file /Users/pranavr/.pyenv/versions/3.11.6/lib/python3.11/site-packages/airflow/example_dags/example_subdag_operator.py for tasks to queue
[2025-06-13T14:34:42.271-0400] {logging_mixin.py:190} INFO - [2025-06-13T14:34:42.270-0400] {dagbag.py:588} INFO - Filling up the DagBag from /Users/pranavr/.pyenv/versions/3.11.6/lib/python3.11/site-packages/airflow/example_dags/example_subdag_operator.py
[2025-06-13T14:34:42.377-0400] {processor.py:925} INFO - DAG(s) 'example_subdag_operator.section-1', 'example_subdag_operator.section-2', 'example_subdag_operator' retrieved from /Users/pranavr/.pyenv/versions/3.11.6/lib/python3.11/site-packages/airflow/example_dags/example_subdag_operator.py
[2025-06-13T14:34:42.765-0400] {logging_mixin.py:190} INFO - [2025-06-13T14:34:42.764-0400] {dag.py:3239} INFO - Sync 3 DAGs
[2025-06-13T14:34:42.779-0400] {logging_mixin.py:190} INFO - [2025-06-13T14:34:42.779-0400] {dag.py:4180} INFO - Setting next_dagrun for example_subdag_operator to 2022-01-01T00:00:00+00:00, run_after=2022-01-01T00:00:00+00:00
[2025-06-13T14:34:42.783-0400] {logging_mixin.py:190} INFO - [2025-06-13T14:34:42.783-0400] {dag.py:4180} INFO - Setting next_dagrun for example_subdag_operator.section-1 to None, run_after=None
[2025-06-13T14:34:42.784-0400] {logging_mixin.py:190} INFO - [2025-06-13T14:34:42.784-0400] {dag.py:4180} INFO - Setting next_dagrun for example_subdag_operator.section-2 to None, run_after=None
[2025-06-13T14:34:42.786-0400] {logging_mixin.py:190} INFO - [2025-06-13T14:34:42.786-0400] {dag.py:3239} INFO - Sync 2 DAGs
[2025-06-13T14:34:42.851-0400] {logging_mixin.py:190} INFO - [2025-06-13T14:34:42.851-0400] {dag.py:4180} INFO - Setting next_dagrun for example_subdag_operator.section-1 to None, run_after=None
[2025-06-13T14:34:42.852-0400] {logging_mixin.py:190} INFO - [2025-06-13T14:34:42.852-0400] {dag.py:4180} INFO - Setting next_dagrun for example_subdag_operator.section-2 to None, run_after=None
[2025-06-13T14:34:42.857-0400] {processor.py:208} INFO - Processing /Users/pranavr/.pyenv/versions/3.11.6/lib/python3.11/site-packages/airflow/example_dags/example_subdag_operator.py took 595.212 seconds
[2025-06-13T14:36:13.763-0400] {processor.py:186} INFO - Started process (PID=10840) to work on /Users/pranavr/.pyenv/versions/3.11.6/lib/python3.11/site-packages/airflow/example_dags/example_subdag_operator.py
[2025-06-13T14:36:13.765-0400] {processor.py:914} INFO - Processing file /Users/pranavr/.pyenv/versions/3.11.6/lib/python3.11/site-packages/airflow/example_dags/example_subdag_operator.py for tasks to queue
[2025-06-13T14:36:13.765-0400] {logging_mixin.py:190} INFO - [2025-06-13T14:36:13.765-0400] {dagbag.py:588} INFO - Filling up the DagBag from /Users/pranavr/.pyenv/versions/3.11.6/lib/python3.11/site-packages/airflow/example_dags/example_subdag_operator.py
[2025-06-13T14:36:13.869-0400] {processor.py:925} INFO - DAG(s) 'example_subdag_operator.section-1', 'example_subdag_operator.section-2', 'example_subdag_operator' retrieved from /Users/pranavr/.pyenv/versions/3.11.6/lib/python3.11/site-packages/airflow/example_dags/example_subdag_operator.py
[2025-06-13T14:36:14.139-0400] {logging_mixin.py:190} INFO - [2025-06-13T14:36:14.138-0400] {dag.py:3239} INFO - Sync 3 DAGs
[2025-06-13T14:36:14.152-0400] {logging_mixin.py:190} INFO - [2025-06-13T14:36:14.152-0400] {dag.py:4180} INFO - Setting next_dagrun for example_subdag_operator to 2022-01-01T00:00:00+00:00, run_after=2022-01-01T00:00:00+00:00
[2025-06-13T14:36:14.154-0400] {logging_mixin.py:190} INFO - [2025-06-13T14:36:14.154-0400] {dag.py:4180} INFO - Setting next_dagrun for example_subdag_operator.section-1 to None, run_after=None
[2025-06-13T14:36:14.155-0400] {logging_mixin.py:190} INFO - [2025-06-13T14:36:14.155-0400] {dag.py:4180} INFO - Setting next_dagrun for example_subdag_operator.section-2 to None, run_after=None
[2025-06-13T14:36:14.158-0400] {logging_mixin.py:190} INFO - [2025-06-13T14:36:14.157-0400] {dag.py:3239} INFO - Sync 2 DAGs
[2025-06-13T14:36:14.214-0400] {logging_mixin.py:190} INFO - [2025-06-13T14:36:14.214-0400] {dag.py:4180} INFO - Setting next_dagrun for example_subdag_operator.section-1 to None, run_after=None
[2025-06-13T14:36:14.215-0400] {logging_mixin.py:190} INFO - [2025-06-13T14:36:14.215-0400] {dag.py:4180} INFO - Setting next_dagrun for example_subdag_operator.section-2 to None, run_after=None
[2025-06-13T14:36:14.221-0400] {processor.py:208} INFO - Processing /Users/pranavr/.pyenv/versions/3.11.6/lib/python3.11/site-packages/airflow/example_dags/example_subdag_operator.py took 459.420 seconds
[2025-06-13T14:37:44.736-0400] {processor.py:186} INFO - Started process (PID=11117) to work on /Users/pranavr/.pyenv/versions/3.11.6/lib/python3.11/site-packages/airflow/example_dags/example_subdag_operator.py
[2025-06-13T14:37:44.738-0400] {processor.py:914} INFO - Processing file /Users/pranavr/.pyenv/versions/3.11.6/lib/python3.11/site-packages/airflow/example_dags/example_subdag_operator.py for tasks to queue
[2025-06-13T14:37:44.739-0400] {logging_mixin.py:190} INFO - [2025-06-13T14:37:44.739-0400] {dagbag.py:588} INFO - Filling up the DagBag from /Users/pranavr/.pyenv/versions/3.11.6/lib/python3.11/site-packages/airflow/example_dags/example_subdag_operator.py
[2025-06-13T14:37:44.840-0400] {processor.py:925} INFO - DAG(s) 'example_subdag_operator.section-1', 'example_subdag_operator.section-2', 'example_subdag_operator' retrieved from /Users/pranavr/.pyenv/versions/3.11.6/lib/python3.11/site-packages/airflow/example_dags/example_subdag_operator.py
[2025-06-13T14:37:45.162-0400] {logging_mixin.py:190} INFO - [2025-06-13T14:37:45.162-0400] {dag.py:3239} INFO - Sync 3 DAGs
[2025-06-13T14:37:45.171-0400] {logging_mixin.py:190} INFO - [2025-06-13T14:37:45.171-0400] {dag.py:4180} INFO - Setting next_dagrun for example_subdag_operator to 2022-01-01T00:00:00+00:00, run_after=2022-01-01T00:00:00+00:00
[2025-06-13T14:37:45.173-0400] {logging_mixin.py:190} INFO - [2025-06-13T14:37:45.173-0400] {dag.py:4180} INFO - Setting next_dagrun for example_subdag_operator.section-1 to None, run_after=None
[2025-06-13T14:37:45.174-0400] {logging_mixin.py:190} INFO - [2025-06-13T14:37:45.174-0400] {dag.py:4180} INFO - Setting next_dagrun for example_subdag_operator.section-2 to None, run_after=None
[2025-06-13T14:37:45.176-0400] {logging_mixin.py:190} INFO - [2025-06-13T14:37:45.176-0400] {dag.py:3239} INFO - Sync 2 DAGs
[2025-06-13T14:37:45.232-0400] {logging_mixin.py:190} INFO - [2025-06-13T14:37:45.232-0400] {dag.py:4180} INFO - Setting next_dagrun for example_subdag_operator.section-1 to None, run_after=None
[2025-06-13T14:37:45.232-0400] {logging_mixin.py:190} INFO - [2025-06-13T14:37:45.232-0400] {dag.py:4180} INFO - Setting next_dagrun for example_subdag_operator.section-2 to None, run_after=None
[2025-06-13T14:37:45.239-0400] {processor.py:208} INFO - Processing /Users/pranavr/.pyenv/versions/3.11.6/lib/python3.11/site-packages/airflow/example_dags/example_subdag_operator.py took 504.224 seconds
[2025-06-13T14:39:12.907-0400] {processor.py:186} INFO - Started process (PID=11350) to work on /Users/pranavr/.pyenv/versions/3.11.6/lib/python3.11/site-packages/airflow/example_dags/example_subdag_operator.py
[2025-06-13T14:39:12.909-0400] {processor.py:914} INFO - Processing file /Users/pranavr/.pyenv/versions/3.11.6/lib/python3.11/site-packages/airflow/example_dags/example_subdag_operator.py for tasks to queue
[2025-06-13T14:39:12.910-0400] {logging_mixin.py:190} INFO - [2025-06-13T14:39:12.910-0400] {dagbag.py:588} INFO - Filling up the DagBag from /Users/pranavr/.pyenv/versions/3.11.6/lib/python3.11/site-packages/airflow/example_dags/example_subdag_operator.py
[2025-06-13T14:39:12.979-0400] {processor.py:925} INFO - DAG(s) 'example_subdag_operator.section-1', 'example_subdag_operator.section-2', 'example_subdag_operator' retrieved from /Users/pranavr/.pyenv/versions/3.11.6/lib/python3.11/site-packages/airflow/example_dags/example_subdag_operator.py
[2025-06-13T14:39:13.182-0400] {logging_mixin.py:190} INFO - [2025-06-13T14:39:13.182-0400] {dag.py:3239} INFO - Sync 3 DAGs
[2025-06-13T14:39:13.189-0400] {logging_mixin.py:190} INFO - [2025-06-13T14:39:13.189-0400] {dag.py:4180} INFO - Setting next_dagrun for example_subdag_operator to 2022-01-01T00:00:00+00:00, run_after=2022-01-01T00:00:00+00:00
[2025-06-13T14:39:13.191-0400] {logging_mixin.py:190} INFO - [2025-06-13T14:39:13.191-0400] {dag.py:4180} INFO - Setting next_dagrun for example_subdag_operator.section-1 to None, run_after=None
[2025-06-13T14:39:13.191-0400] {logging_mixin.py:190} INFO - [2025-06-13T14:39:13.191-0400] {dag.py:4180} INFO - Setting next_dagrun for example_subdag_operator.section-2 to None, run_after=None
[2025-06-13T14:39:13.194-0400] {logging_mixin.py:190} INFO - [2025-06-13T14:39:13.194-0400] {dag.py:3239} INFO - Sync 2 DAGs
[2025-06-13T14:39:13.231-0400] {logging_mixin.py:190} INFO - [2025-06-13T14:39:13.231-0400] {dag.py:4180} INFO - Setting next_dagrun for example_subdag_operator.section-1 to None, run_after=None
[2025-06-13T14:39:13.231-0400] {logging_mixin.py:190} INFO - [2025-06-13T14:39:13.231-0400] {dag.py:4180} INFO - Setting next_dagrun for example_subdag_operator.section-2 to None, run_after=None
[2025-06-13T14:39:13.236-0400] {processor.py:208} INFO - Processing /Users/pranavr/.pyenv/versions/3.11.6/lib/python3.11/site-packages/airflow/example_dags/example_subdag_operator.py took 329.945 seconds
[2025-06-13T14:40:31.848-0400] {processor.py:186} INFO - Started process (PID=11604) to work on /Users/pranavr/.pyenv/versions/3.11.6/lib/python3.11/site-packages/airflow/example_dags/example_subdag_operator.py
[2025-06-13T14:40:31.850-0400] {processor.py:914} INFO - Processing file /Users/pranavr/.pyenv/versions/3.11.6/lib/python3.11/site-packages/airflow/example_dags/example_subdag_operator.py for tasks to queue
[2025-06-13T14:40:31.851-0400] {logging_mixin.py:190} INFO - [2025-06-13T14:40:31.850-0400] {dagbag.py:588} INFO - Filling up the DagBag from /Users/pranavr/.pyenv/versions/3.11.6/lib/python3.11/site-packages/airflow/example_dags/example_subdag_operator.py
[2025-06-13T14:40:31.920-0400] {processor.py:925} INFO - DAG(s) 'example_subdag_operator.section-1', 'example_subdag_operator.section-2', 'example_subdag_operator' retrieved from /Users/pranavr/.pyenv/versions/3.11.6/lib/python3.11/site-packages/airflow/example_dags/example_subdag_operator.py
[2025-06-13T14:40:32.122-0400] {logging_mixin.py:190} INFO - [2025-06-13T14:40:32.122-0400] {dag.py:3239} INFO - Sync 3 DAGs
[2025-06-13T14:40:32.129-0400] {logging_mixin.py:190} INFO - [2025-06-13T14:40:32.129-0400] {dag.py:4180} INFO - Setting next_dagrun for example_subdag_operator to 2022-01-01T00:00:00+00:00, run_after=2022-01-01T00:00:00+00:00
[2025-06-13T14:40:32.131-0400] {logging_mixin.py:190} INFO - [2025-06-13T14:40:32.131-0400] {dag.py:4180} INFO - Setting next_dagrun for example_subdag_operator.section-1 to None, run_after=None
[2025-06-13T14:40:32.131-0400] {logging_mixin.py:190} INFO - [2025-06-13T14:40:32.131-0400] {dag.py:4180} INFO - Setting next_dagrun for example_subdag_operator.section-2 to None, run_after=None
[2025-06-13T14:40:32.133-0400] {logging_mixin.py:190} INFO - [2025-06-13T14:40:32.133-0400] {dag.py:3239} INFO - Sync 2 DAGs
[2025-06-13T14:40:32.172-0400] {logging_mixin.py:190} INFO - [2025-06-13T14:40:32.171-0400] {dag.py:4180} INFO - Setting next_dagrun for example_subdag_operator.section-1 to None, run_after=None
[2025-06-13T14:40:32.172-0400] {logging_mixin.py:190} INFO - [2025-06-13T14:40:32.172-0400] {dag.py:4180} INFO - Setting next_dagrun for example_subdag_operator.section-2 to None, run_after=None
[2025-06-13T14:40:32.176-0400] {processor.py:208} INFO - Processing /Users/pranavr/.pyenv/versions/3.11.6/lib/python3.11/site-packages/airflow/example_dags/example_subdag_operator.py took 329.347 seconds
[2025-06-13T14:41:49.624-0400] {processor.py:186} INFO - Started process (PID=11773) to work on /Users/pranavr/.pyenv/versions/3.11.6/lib/python3.11/site-packages/airflow/example_dags/example_subdag_operator.py
[2025-06-13T14:41:49.626-0400] {processor.py:914} INFO - Processing file /Users/pranavr/.pyenv/versions/3.11.6/lib/python3.11/site-packages/airflow/example_dags/example_subdag_operator.py for tasks to queue
[2025-06-13T14:41:49.626-0400] {logging_mixin.py:190} INFO - [2025-06-13T14:41:49.626-0400] {dagbag.py:588} INFO - Filling up the DagBag from /Users/pranavr/.pyenv/versions/3.11.6/lib/python3.11/site-packages/airflow/example_dags/example_subdag_operator.py
[2025-06-13T14:41:49.690-0400] {processor.py:925} INFO - DAG(s) 'example_subdag_operator.section-1', 'example_subdag_operator.section-2', 'example_subdag_operator' retrieved from /Users/pranavr/.pyenv/versions/3.11.6/lib/python3.11/site-packages/airflow/example_dags/example_subdag_operator.py
[2025-06-13T14:41:49.908-0400] {logging_mixin.py:190} INFO - [2025-06-13T14:41:49.908-0400] {dag.py:3239} INFO - Sync 3 DAGs
[2025-06-13T14:41:49.916-0400] {logging_mixin.py:190} INFO - [2025-06-13T14:41:49.916-0400] {dag.py:4180} INFO - Setting next_dagrun for example_subdag_operator to 2022-01-01T00:00:00+00:00, run_after=2022-01-01T00:00:00+00:00
[2025-06-13T14:41:49.918-0400] {logging_mixin.py:190} INFO - [2025-06-13T14:41:49.918-0400] {dag.py:4180} INFO - Setting next_dagrun for example_subdag_operator.section-1 to None, run_after=None
[2025-06-13T14:41:49.918-0400] {logging_mixin.py:190} INFO - [2025-06-13T14:41:49.918-0400] {dag.py:4180} INFO - Setting next_dagrun for example_subdag_operator.section-2 to None, run_after=None
[2025-06-13T14:41:49.921-0400] {logging_mixin.py:190} INFO - [2025-06-13T14:41:49.921-0400] {dag.py:3239} INFO - Sync 2 DAGs
[2025-06-13T14:41:49.972-0400] {logging_mixin.py:190} INFO - [2025-06-13T14:41:49.972-0400] {dag.py:4180} INFO - Setting next_dagrun for example_subdag_operator.section-1 to None, run_after=None
[2025-06-13T14:41:49.972-0400] {logging_mixin.py:190} INFO - [2025-06-13T14:41:49.972-0400] {dag.py:4180} INFO - Setting next_dagrun for example_subdag_operator.section-2 to None, run_after=None
[2025-06-13T14:41:49.977-0400] {processor.py:208} INFO - Processing /Users/pranavr/.pyenv/versions/3.11.6/lib/python3.11/site-packages/airflow/example_dags/example_subdag_operator.py took 354.299 seconds
[2025-06-13T14:43:01.902-0400] {processor.py:186} INFO - Started process (PID=11915) to work on /Users/pranavr/.pyenv/versions/3.11.6/lib/python3.11/site-packages/airflow/example_dags/example_subdag_operator.py
[2025-06-13T14:43:01.904-0400] {processor.py:914} INFO - Processing file /Users/pranavr/.pyenv/versions/3.11.6/lib/python3.11/site-packages/airflow/example_dags/example_subdag_operator.py for tasks to queue
[2025-06-13T14:43:01.904-0400] {logging_mixin.py:190} INFO - [2025-06-13T14:43:01.904-0400] {dagbag.py:588} INFO - Filling up the DagBag from /Users/pranavr/.pyenv/versions/3.11.6/lib/python3.11/site-packages/airflow/example_dags/example_subdag_operator.py
[2025-06-13T14:43:01.977-0400] {processor.py:925} INFO - DAG(s) 'example_subdag_operator.section-1', 'example_subdag_operator.section-2', 'example_subdag_operator' retrieved from /Users/pranavr/.pyenv/versions/3.11.6/lib/python3.11/site-packages/airflow/example_dags/example_subdag_operator.py
[2025-06-13T14:43:02.193-0400] {logging_mixin.py:190} INFO - [2025-06-13T14:43:02.193-0400] {dag.py:3239} INFO - Sync 3 DAGs
[2025-06-13T14:43:02.200-0400] {logging_mixin.py:190} INFO - [2025-06-13T14:43:02.200-0400] {dag.py:4180} INFO - Setting next_dagrun for example_subdag_operator to 2022-01-01T00:00:00+00:00, run_after=2022-01-01T00:00:00+00:00
[2025-06-13T14:43:02.202-0400] {logging_mixin.py:190} INFO - [2025-06-13T14:43:02.202-0400] {dag.py:4180} INFO - Setting next_dagrun for example_subdag_operator.section-1 to None, run_after=None
[2025-06-13T14:43:02.202-0400] {logging_mixin.py:190} INFO - [2025-06-13T14:43:02.202-0400] {dag.py:4180} INFO - Setting next_dagrun for example_subdag_operator.section-2 to None, run_after=None
[2025-06-13T14:43:02.204-0400] {logging_mixin.py:190} INFO - [2025-06-13T14:43:02.204-0400] {dag.py:3239} INFO - Sync 2 DAGs
[2025-06-13T14:43:02.241-0400] {logging_mixin.py:190} INFO - [2025-06-13T14:43:02.241-0400] {dag.py:4180} INFO - Setting next_dagrun for example_subdag_operator.section-1 to None, run_after=None
[2025-06-13T14:43:02.241-0400] {logging_mixin.py:190} INFO - [2025-06-13T14:43:02.241-0400] {dag.py:4180} INFO - Setting next_dagrun for example_subdag_operator.section-2 to None, run_after=None
[2025-06-13T14:43:02.246-0400] {processor.py:208} INFO - Processing /Users/pranavr/.pyenv/versions/3.11.6/lib/python3.11/site-packages/airflow/example_dags/example_subdag_operator.py took 345.730 seconds
[2025-06-13T14:44:14.163-0400] {processor.py:186} INFO - Started process (PID=12032) to work on /Users/pranavr/.pyenv/versions/3.11.6/lib/python3.11/site-packages/airflow/example_dags/example_subdag_operator.py
[2025-06-13T14:44:14.165-0400] {processor.py:914} INFO - Processing file /Users/pranavr/.pyenv/versions/3.11.6/lib/python3.11/site-packages/airflow/example_dags/example_subdag_operator.py for tasks to queue
[2025-06-13T14:44:14.165-0400] {logging_mixin.py:190} INFO - [2025-06-13T14:44:14.165-0400] {dagbag.py:588} INFO - Filling up the DagBag from /Users/pranavr/.pyenv/versions/3.11.6/lib/python3.11/site-packages/airflow/example_dags/example_subdag_operator.py
[2025-06-13T14:44:14.229-0400] {processor.py:925} INFO - DAG(s) 'example_subdag_operator.section-1', 'example_subdag_operator.section-2', 'example_subdag_operator' retrieved from /Users/pranavr/.pyenv/versions/3.11.6/lib/python3.11/site-packages/airflow/example_dags/example_subdag_operator.py
[2025-06-13T14:44:14.427-0400] {logging_mixin.py:190} INFO - [2025-06-13T14:44:14.427-0400] {dag.py:3239} INFO - Sync 3 DAGs
[2025-06-13T14:44:14.434-0400] {logging_mixin.py:190} INFO - [2025-06-13T14:44:14.433-0400] {dag.py:4180} INFO - Setting next_dagrun for example_subdag_operator to 2022-01-01T00:00:00+00:00, run_after=2022-01-01T00:00:00+00:00
[2025-06-13T14:44:14.435-0400] {logging_mixin.py:190} INFO - [2025-06-13T14:44:14.435-0400] {dag.py:4180} INFO - Setting next_dagrun for example_subdag_operator.section-1 to None, run_after=None
[2025-06-13T14:44:14.436-0400] {logging_mixin.py:190} INFO - [2025-06-13T14:44:14.435-0400] {dag.py:4180} INFO - Setting next_dagrun for example_subdag_operator.section-2 to None, run_after=None
[2025-06-13T14:44:14.438-0400] {logging_mixin.py:190} INFO - [2025-06-13T14:44:14.438-0400] {dag.py:3239} INFO - Sync 2 DAGs
[2025-06-13T14:44:14.473-0400] {logging_mixin.py:190} INFO - [2025-06-13T14:44:14.473-0400] {dag.py:4180} INFO - Setting next_dagrun for example_subdag_operator.section-1 to None, run_after=None
[2025-06-13T14:44:14.473-0400] {logging_mixin.py:190} INFO - [2025-06-13T14:44:14.473-0400] {dag.py:4180} INFO - Setting next_dagrun for example_subdag_operator.section-2 to None, run_after=None
[2025-06-13T14:44:14.478-0400] {processor.py:208} INFO - Processing /Users/pranavr/.pyenv/versions/3.11.6/lib/python3.11/site-packages/airflow/example_dags/example_subdag_operator.py took 316.250 seconds
[2025-06-13T14:45:28.958-0400] {processor.py:186} INFO - Started process (PID=12196) to work on /Users/pranavr/.pyenv/versions/3.11.6/lib/python3.11/site-packages/airflow/example_dags/example_subdag_operator.py
[2025-06-13T14:45:28.960-0400] {processor.py:914} INFO - Processing file /Users/pranavr/.pyenv/versions/3.11.6/lib/python3.11/site-packages/airflow/example_dags/example_subdag_operator.py for tasks to queue
[2025-06-13T14:45:28.960-0400] {logging_mixin.py:190} INFO - [2025-06-13T14:45:28.960-0400] {dagbag.py:588} INFO - Filling up the DagBag from /Users/pranavr/.pyenv/versions/3.11.6/lib/python3.11/site-packages/airflow/example_dags/example_subdag_operator.py
[2025-06-13T14:45:29.030-0400] {processor.py:925} INFO - DAG(s) 'example_subdag_operator.section-1', 'example_subdag_operator.section-2', 'example_subdag_operator' retrieved from /Users/pranavr/.pyenv/versions/3.11.6/lib/python3.11/site-packages/airflow/example_dags/example_subdag_operator.py
[2025-06-13T14:45:29.242-0400] {logging_mixin.py:190} INFO - [2025-06-13T14:45:29.242-0400] {dag.py:3239} INFO - Sync 3 DAGs
[2025-06-13T14:45:29.249-0400] {logging_mixin.py:190} INFO - [2025-06-13T14:45:29.249-0400] {dag.py:4180} INFO - Setting next_dagrun for example_subdag_operator to 2022-01-01T00:00:00+00:00, run_after=2022-01-01T00:00:00+00:00
[2025-06-13T14:45:29.251-0400] {logging_mixin.py:190} INFO - [2025-06-13T14:45:29.251-0400] {dag.py:4180} INFO - Setting next_dagrun for example_subdag_operator.section-1 to None, run_after=None
[2025-06-13T14:45:29.251-0400] {logging_mixin.py:190} INFO - [2025-06-13T14:45:29.251-0400] {dag.py:4180} INFO - Setting next_dagrun for example_subdag_operator.section-2 to None, run_after=None
[2025-06-13T14:45:29.253-0400] {logging_mixin.py:190} INFO - [2025-06-13T14:45:29.253-0400] {dag.py:3239} INFO - Sync 2 DAGs
[2025-06-13T14:45:29.294-0400] {logging_mixin.py:190} INFO - [2025-06-13T14:45:29.294-0400] {dag.py:4180} INFO - Setting next_dagrun for example_subdag_operator.section-1 to None, run_after=None
[2025-06-13T14:45:29.294-0400] {logging_mixin.py:190} INFO - [2025-06-13T14:45:29.294-0400] {dag.py:4180} INFO - Setting next_dagrun for example_subdag_operator.section-2 to None, run_after=None
[2025-06-13T14:45:29.299-0400] {processor.py:208} INFO - Processing /Users/pranavr/.pyenv/versions/3.11.6/lib/python3.11/site-packages/airflow/example_dags/example_subdag_operator.py took 342.578 seconds
[2025-06-13T14:46:40.258-0400] {processor.py:186} INFO - Started process (PID=12345) to work on /Users/pranavr/.pyenv/versions/3.11.6/lib/python3.11/site-packages/airflow/example_dags/example_subdag_operator.py
[2025-06-13T14:46:40.260-0400] {processor.py:914} INFO - Processing file /Users/pranavr/.pyenv/versions/3.11.6/lib/python3.11/site-packages/airflow/example_dags/example_subdag_operator.py for tasks to queue
[2025-06-13T14:46:40.260-0400] {logging_mixin.py:190} INFO - [2025-06-13T14:46:40.260-0400] {dagbag.py:588} INFO - Filling up the DagBag from /Users/pranavr/.pyenv/versions/3.11.6/lib/python3.11/site-packages/airflow/example_dags/example_subdag_operator.py
[2025-06-13T14:46:40.329-0400] {processor.py:925} INFO - DAG(s) 'example_subdag_operator.section-1', 'example_subdag_operator.section-2', 'example_subdag_operator' retrieved from /Users/pranavr/.pyenv/versions/3.11.6/lib/python3.11/site-packages/airflow/example_dags/example_subdag_operator.py
[2025-06-13T14:46:40.545-0400] {logging_mixin.py:190} INFO - [2025-06-13T14:46:40.545-0400] {dag.py:3239} INFO - Sync 3 DAGs
[2025-06-13T14:46:40.551-0400] {logging_mixin.py:190} INFO - [2025-06-13T14:46:40.551-0400] {dag.py:4180} INFO - Setting next_dagrun for example_subdag_operator to 2022-01-01T00:00:00+00:00, run_after=2022-01-01T00:00:00+00:00
[2025-06-13T14:46:40.553-0400] {logging_mixin.py:190} INFO - [2025-06-13T14:46:40.553-0400] {dag.py:4180} INFO - Setting next_dagrun for example_subdag_operator.section-1 to None, run_after=None
[2025-06-13T14:46:40.554-0400] {logging_mixin.py:190} INFO - [2025-06-13T14:46:40.554-0400] {dag.py:4180} INFO - Setting next_dagrun for example_subdag_operator.section-2 to None, run_after=None
[2025-06-13T14:46:40.556-0400] {logging_mixin.py:190} INFO - [2025-06-13T14:46:40.556-0400] {dag.py:3239} INFO - Sync 2 DAGs
[2025-06-13T14:46:40.595-0400] {logging_mixin.py:190} INFO - [2025-06-13T14:46:40.594-0400] {dag.py:4180} INFO - Setting next_dagrun for example_subdag_operator.section-1 to None, run_after=None
[2025-06-13T14:46:40.595-0400] {logging_mixin.py:190} INFO - [2025-06-13T14:46:40.595-0400] {dag.py:4180} INFO - Setting next_dagrun for example_subdag_operator.section-2 to None, run_after=None
[2025-06-13T14:46:40.600-0400] {processor.py:208} INFO - Processing /Users/pranavr/.pyenv/versions/3.11.6/lib/python3.11/site-packages/airflow/example_dags/example_subdag_operator.py took 343.426 seconds
[2025-06-13T14:47:52.546-0400] {processor.py:186} INFO - Started process (PID=12437) to work on /Users/pranavr/.pyenv/versions/3.11.6/lib/python3.11/site-packages/airflow/example_dags/example_subdag_operator.py
[2025-06-13T14:47:52.548-0400] {processor.py:914} INFO - Processing file /Users/pranavr/.pyenv/versions/3.11.6/lib/python3.11/site-packages/airflow/example_dags/example_subdag_operator.py for tasks to queue
[2025-06-13T14:47:52.548-0400] {logging_mixin.py:190} INFO - [2025-06-13T14:47:52.548-0400] {dagbag.py:588} INFO - Filling up the DagBag from /Users/pranavr/.pyenv/versions/3.11.6/lib/python3.11/site-packages/airflow/example_dags/example_subdag_operator.py
[2025-06-13T14:47:52.619-0400] {processor.py:925} INFO - DAG(s) 'example_subdag_operator.section-1', 'example_subdag_operator.section-2', 'example_subdag_operator' retrieved from /Users/pranavr/.pyenv/versions/3.11.6/lib/python3.11/site-packages/airflow/example_dags/example_subdag_operator.py
[2025-06-13T14:47:52.840-0400] {logging_mixin.py:190} INFO - [2025-06-13T14:47:52.840-0400] {dag.py:3239} INFO - Sync 3 DAGs
[2025-06-13T14:47:52.849-0400] {logging_mixin.py:190} INFO - [2025-06-13T14:47:52.849-0400] {dag.py:4180} INFO - Setting next_dagrun for example_subdag_operator to 2022-01-01T00:00:00+00:00, run_after=2022-01-01T00:00:00+00:00
[2025-06-13T14:47:52.851-0400] {logging_mixin.py:190} INFO - [2025-06-13T14:47:52.851-0400] {dag.py:4180} INFO - Setting next_dagrun for example_subdag_operator.section-1 to None, run_after=None
[2025-06-13T14:47:52.851-0400] {logging_mixin.py:190} INFO - [2025-06-13T14:47:52.851-0400] {dag.py:4180} INFO - Setting next_dagrun for example_subdag_operator.section-2 to None, run_after=None
[2025-06-13T14:47:52.854-0400] {logging_mixin.py:190} INFO - [2025-06-13T14:47:52.854-0400] {dag.py:3239} INFO - Sync 2 DAGs
[2025-06-13T14:47:52.893-0400] {logging_mixin.py:190} INFO - [2025-06-13T14:47:52.893-0400] {dag.py:4180} INFO - Setting next_dagrun for example_subdag_operator.section-1 to None, run_after=None
[2025-06-13T14:47:52.893-0400] {logging_mixin.py:190} INFO - [2025-06-13T14:47:52.893-0400] {dag.py:4180} INFO - Setting next_dagrun for example_subdag_operator.section-2 to None, run_after=None
[2025-06-13T14:47:52.898-0400] {processor.py:208} INFO - Processing /Users/pranavr/.pyenv/versions/3.11.6/lib/python3.11/site-packages/airflow/example_dags/example_subdag_operator.py took 353.101 seconds
[2025-06-13T14:49:10.537-0400] {processor.py:186} INFO - Started process (PID=12561) to work on /Users/pranavr/.pyenv/versions/3.11.6/lib/python3.11/site-packages/airflow/example_dags/example_subdag_operator.py
[2025-06-13T14:49:10.538-0400] {processor.py:914} INFO - Processing file /Users/pranavr/.pyenv/versions/3.11.6/lib/python3.11/site-packages/airflow/example_dags/example_subdag_operator.py for tasks to queue
[2025-06-13T14:49:10.539-0400] {logging_mixin.py:190} INFO - [2025-06-13T14:49:10.539-0400] {dagbag.py:588} INFO - Filling up the DagBag from /Users/pranavr/.pyenv/versions/3.11.6/lib/python3.11/site-packages/airflow/example_dags/example_subdag_operator.py
[2025-06-13T14:49:10.603-0400] {processor.py:925} INFO - DAG(s) 'example_subdag_operator.section-1', 'example_subdag_operator.section-2', 'example_subdag_operator' retrieved from /Users/pranavr/.pyenv/versions/3.11.6/lib/python3.11/site-packages/airflow/example_dags/example_subdag_operator.py
[2025-06-13T14:49:10.813-0400] {logging_mixin.py:190} INFO - [2025-06-13T14:49:10.813-0400] {dag.py:3239} INFO - Sync 3 DAGs
[2025-06-13T14:49:10.820-0400] {logging_mixin.py:190} INFO - [2025-06-13T14:49:10.820-0400] {dag.py:4180} INFO - Setting next_dagrun for example_subdag_operator to 2022-01-01T00:00:00+00:00, run_after=2022-01-01T00:00:00+00:00
[2025-06-13T14:49:10.821-0400] {logging_mixin.py:190} INFO - [2025-06-13T14:49:10.821-0400] {dag.py:4180} INFO - Setting next_dagrun for example_subdag_operator.section-1 to None, run_after=None
[2025-06-13T14:49:10.822-0400] {logging_mixin.py:190} INFO - [2025-06-13T14:49:10.822-0400] {dag.py:4180} INFO - Setting next_dagrun for example_subdag_operator.section-2 to None, run_after=None
[2025-06-13T14:49:10.824-0400] {logging_mixin.py:190} INFO - [2025-06-13T14:49:10.824-0400] {dag.py:3239} INFO - Sync 2 DAGs
[2025-06-13T14:49:10.863-0400] {logging_mixin.py:190} INFO - [2025-06-13T14:49:10.862-0400] {dag.py:4180} INFO - Setting next_dagrun for example_subdag_operator.section-1 to None, run_after=None
[2025-06-13T14:49:10.863-0400] {logging_mixin.py:190} INFO - [2025-06-13T14:49:10.863-0400] {dag.py:4180} INFO - Setting next_dagrun for example_subdag_operator.section-2 to None, run_after=None
[2025-06-13T14:49:10.868-0400] {processor.py:208} INFO - Processing /Users/pranavr/.pyenv/versions/3.11.6/lib/python3.11/site-packages/airflow/example_dags/example_subdag_operator.py took 332.268 seconds
[2025-06-13T14:50:23.376-0400] {processor.py:186} INFO - Started process (PID=12699) to work on /Users/pranavr/.pyenv/versions/3.11.6/lib/python3.11/site-packages/airflow/example_dags/example_subdag_operator.py
[2025-06-13T14:50:23.378-0400] {processor.py:914} INFO - Processing file /Users/pranavr/.pyenv/versions/3.11.6/lib/python3.11/site-packages/airflow/example_dags/example_subdag_operator.py for tasks to queue
[2025-06-13T14:50:23.379-0400] {logging_mixin.py:190} INFO - [2025-06-13T14:50:23.379-0400] {dagbag.py:588} INFO - Filling up the DagBag from /Users/pranavr/.pyenv/versions/3.11.6/lib/python3.11/site-packages/airflow/example_dags/example_subdag_operator.py
[2025-06-13T14:50:23.442-0400] {processor.py:925} INFO - DAG(s) 'example_subdag_operator.section-1', 'example_subdag_operator.section-2', 'example_subdag_operator' retrieved from /Users/pranavr/.pyenv/versions/3.11.6/lib/python3.11/site-packages/airflow/example_dags/example_subdag_operator.py
[2025-06-13T14:50:23.643-0400] {logging_mixin.py:190} INFO - [2025-06-13T14:50:23.643-0400] {dag.py:3239} INFO - Sync 3 DAGs
[2025-06-13T14:50:23.650-0400] {logging_mixin.py:190} INFO - [2025-06-13T14:50:23.650-0400] {dag.py:4180} INFO - Setting next_dagrun for example_subdag_operator to 2022-01-01T00:00:00+00:00, run_after=2022-01-01T00:00:00+00:00
[2025-06-13T14:50:23.652-0400] {logging_mixin.py:190} INFO - [2025-06-13T14:50:23.652-0400] {dag.py:4180} INFO - Setting next_dagrun for example_subdag_operator.section-1 to None, run_after=None
[2025-06-13T14:50:23.652-0400] {logging_mixin.py:190} INFO - [2025-06-13T14:50:23.652-0400] {dag.py:4180} INFO - Setting next_dagrun for example_subdag_operator.section-2 to None, run_after=None
[2025-06-13T14:50:23.654-0400] {logging_mixin.py:190} INFO - [2025-06-13T14:50:23.654-0400] {dag.py:3239} INFO - Sync 2 DAGs
[2025-06-13T14:50:23.690-0400] {logging_mixin.py:190} INFO - [2025-06-13T14:50:23.690-0400] {dag.py:4180} INFO - Setting next_dagrun for example_subdag_operator.section-1 to None, run_after=None
[2025-06-13T14:50:23.690-0400] {logging_mixin.py:190} INFO - [2025-06-13T14:50:23.690-0400] {dag.py:4180} INFO - Setting next_dagrun for example_subdag_operator.section-2 to None, run_after=None
[2025-06-13T14:50:23.695-0400] {processor.py:208} INFO - Processing /Users/pranavr/.pyenv/versions/3.11.6/lib/python3.11/site-packages/airflow/example_dags/example_subdag_operator.py took 320.780 seconds
[2025-06-13T14:51:36.782-0400] {processor.py:186} INFO - Started process (PID=13337) to work on /Users/pranavr/.pyenv/versions/3.11.6/lib/python3.11/site-packages/airflow/example_dags/example_subdag_operator.py
[2025-06-13T14:51:36.784-0400] {processor.py:914} INFO - Processing file /Users/pranavr/.pyenv/versions/3.11.6/lib/python3.11/site-packages/airflow/example_dags/example_subdag_operator.py for tasks to queue
[2025-06-13T14:51:36.785-0400] {logging_mixin.py:190} INFO - [2025-06-13T14:51:36.785-0400] {dagbag.py:588} INFO - Filling up the DagBag from /Users/pranavr/.pyenv/versions/3.11.6/lib/python3.11/site-packages/airflow/example_dags/example_subdag_operator.py
[2025-06-13T14:51:36.854-0400] {processor.py:925} INFO - DAG(s) 'example_subdag_operator.section-1', 'example_subdag_operator.section-2', 'example_subdag_operator' retrieved from /Users/pranavr/.pyenv/versions/3.11.6/lib/python3.11/site-packages/airflow/example_dags/example_subdag_operator.py
[2025-06-13T14:51:37.071-0400] {logging_mixin.py:190} INFO - [2025-06-13T14:51:37.071-0400] {dag.py:3239} INFO - Sync 3 DAGs
[2025-06-13T14:51:37.079-0400] {logging_mixin.py:190} INFO - [2025-06-13T14:51:37.079-0400] {dag.py:4180} INFO - Setting next_dagrun for example_subdag_operator to 2022-01-01T00:00:00+00:00, run_after=2022-01-01T00:00:00+00:00
[2025-06-13T14:51:37.081-0400] {logging_mixin.py:190} INFO - [2025-06-13T14:51:37.081-0400] {dag.py:4180} INFO - Setting next_dagrun for example_subdag_operator.section-1 to None, run_after=None
[2025-06-13T14:51:37.081-0400] {logging_mixin.py:190} INFO - [2025-06-13T14:51:37.081-0400] {dag.py:4180} INFO - Setting next_dagrun for example_subdag_operator.section-2 to None, run_after=None
[2025-06-13T14:51:37.084-0400] {logging_mixin.py:190} INFO - [2025-06-13T14:51:37.084-0400] {dag.py:3239} INFO - Sync 2 DAGs
[2025-06-13T14:51:37.124-0400] {logging_mixin.py:190} INFO - [2025-06-13T14:51:37.124-0400] {dag.py:4180} INFO - Setting next_dagrun for example_subdag_operator.section-1 to None, run_after=None
[2025-06-13T14:51:37.124-0400] {logging_mixin.py:190} INFO - [2025-06-13T14:51:37.124-0400] {dag.py:4180} INFO - Setting next_dagrun for example_subdag_operator.section-2 to None, run_after=None
[2025-06-13T14:51:37.129-0400] {processor.py:208} INFO - Processing /Users/pranavr/.pyenv/versions/3.11.6/lib/python3.11/site-packages/airflow/example_dags/example_subdag_operator.py took 349.474 seconds
[2025-06-13T14:52:52.148-0400] {processor.py:186} INFO - Started process (PID=14044) to work on /Users/pranavr/.pyenv/versions/3.11.6/lib/python3.11/site-packages/airflow/example_dags/example_subdag_operator.py
[2025-06-13T14:52:52.151-0400] {processor.py:914} INFO - Processing file /Users/pranavr/.pyenv/versions/3.11.6/lib/python3.11/site-packages/airflow/example_dags/example_subdag_operator.py for tasks to queue
[2025-06-13T14:52:52.151-0400] {logging_mixin.py:190} INFO - [2025-06-13T14:52:52.151-0400] {dagbag.py:588} INFO - Filling up the DagBag from /Users/pranavr/.pyenv/versions/3.11.6/lib/python3.11/site-packages/airflow/example_dags/example_subdag_operator.py
[2025-06-13T14:52:52.217-0400] {processor.py:925} INFO - DAG(s) 'example_subdag_operator.section-1', 'example_subdag_operator.section-2', 'example_subdag_operator' retrieved from /Users/pranavr/.pyenv/versions/3.11.6/lib/python3.11/site-packages/airflow/example_dags/example_subdag_operator.py
[2025-06-13T14:52:52.420-0400] {logging_mixin.py:190} INFO - [2025-06-13T14:52:52.420-0400] {dag.py:3239} INFO - Sync 3 DAGs
[2025-06-13T14:52:52.427-0400] {logging_mixin.py:190} INFO - [2025-06-13T14:52:52.427-0400] {dag.py:4180} INFO - Setting next_dagrun for example_subdag_operator to 2022-01-01T00:00:00+00:00, run_after=2022-01-01T00:00:00+00:00
[2025-06-13T14:52:52.428-0400] {logging_mixin.py:190} INFO - [2025-06-13T14:52:52.428-0400] {dag.py:4180} INFO - Setting next_dagrun for example_subdag_operator.section-1 to None, run_after=None
[2025-06-13T14:52:52.429-0400] {logging_mixin.py:190} INFO - [2025-06-13T14:52:52.429-0400] {dag.py:4180} INFO - Setting next_dagrun for example_subdag_operator.section-2 to None, run_after=None
[2025-06-13T14:52:52.431-0400] {logging_mixin.py:190} INFO - [2025-06-13T14:52:52.431-0400] {dag.py:3239} INFO - Sync 2 DAGs
[2025-06-13T14:52:52.468-0400] {logging_mixin.py:190} INFO - [2025-06-13T14:52:52.468-0400] {dag.py:4180} INFO - Setting next_dagrun for example_subdag_operator.section-1 to None, run_after=None
[2025-06-13T14:52:52.468-0400] {logging_mixin.py:190} INFO - [2025-06-13T14:52:52.468-0400] {dag.py:4180} INFO - Setting next_dagrun for example_subdag_operator.section-2 to None, run_after=None
[2025-06-13T14:52:52.473-0400] {processor.py:208} INFO - Processing /Users/pranavr/.pyenv/versions/3.11.6/lib/python3.11/site-packages/airflow/example_dags/example_subdag_operator.py took 325.739 seconds
[2025-06-13T14:54:05.680-0400] {processor.py:186} INFO - Started process (PID=14149) to work on /Users/pranavr/.pyenv/versions/3.11.6/lib/python3.11/site-packages/airflow/example_dags/example_subdag_operator.py
[2025-06-13T14:54:05.682-0400] {processor.py:914} INFO - Processing file /Users/pranavr/.pyenv/versions/3.11.6/lib/python3.11/site-packages/airflow/example_dags/example_subdag_operator.py for tasks to queue
[2025-06-13T14:54:05.683-0400] {logging_mixin.py:190} INFO - [2025-06-13T14:54:05.683-0400] {dagbag.py:588} INFO - Filling up the DagBag from /Users/pranavr/.pyenv/versions/3.11.6/lib/python3.11/site-packages/airflow/example_dags/example_subdag_operator.py
[2025-06-13T14:54:05.747-0400] {processor.py:925} INFO - DAG(s) 'example_subdag_operator.section-1', 'example_subdag_operator.section-2', 'example_subdag_operator' retrieved from /Users/pranavr/.pyenv/versions/3.11.6/lib/python3.11/site-packages/airflow/example_dags/example_subdag_operator.py
[2025-06-13T14:54:05.948-0400] {logging_mixin.py:190} INFO - [2025-06-13T14:54:05.947-0400] {dag.py:3239} INFO - Sync 3 DAGs
[2025-06-13T14:54:05.954-0400] {logging_mixin.py:190} INFO - [2025-06-13T14:54:05.954-0400] {dag.py:4180} INFO - Setting next_dagrun for example_subdag_operator to 2022-01-01T00:00:00+00:00, run_after=2022-01-01T00:00:00+00:00
[2025-06-13T14:54:05.956-0400] {logging_mixin.py:190} INFO - [2025-06-13T14:54:05.956-0400] {dag.py:4180} INFO - Setting next_dagrun for example_subdag_operator.section-1 to None, run_after=None
[2025-06-13T14:54:05.956-0400] {logging_mixin.py:190} INFO - [2025-06-13T14:54:05.956-0400] {dag.py:4180} INFO - Setting next_dagrun for example_subdag_operator.section-2 to None, run_after=None
[2025-06-13T14:54:05.958-0400] {logging_mixin.py:190} INFO - [2025-06-13T14:54:05.958-0400] {dag.py:3239} INFO - Sync 2 DAGs
[2025-06-13T14:54:05.996-0400] {logging_mixin.py:190} INFO - [2025-06-13T14:54:05.995-0400] {dag.py:4180} INFO - Setting next_dagrun for example_subdag_operator.section-1 to None, run_after=None
[2025-06-13T14:54:05.996-0400] {logging_mixin.py:190} INFO - [2025-06-13T14:54:05.996-0400] {dag.py:4180} INFO - Setting next_dagrun for example_subdag_operator.section-2 to None, run_after=None
[2025-06-13T14:54:06.001-0400] {processor.py:208} INFO - Processing /Users/pranavr/.pyenv/versions/3.11.6/lib/python3.11/site-packages/airflow/example_dags/example_subdag_operator.py took 322.489 seconds
[2025-06-13T14:55:24.241-0400] {processor.py:186} INFO - Started process (PID=14266) to work on /Users/pranavr/.pyenv/versions/3.11.6/lib/python3.11/site-packages/airflow/example_dags/example_subdag_operator.py
[2025-06-13T14:55:24.244-0400] {processor.py:914} INFO - Processing file /Users/pranavr/.pyenv/versions/3.11.6/lib/python3.11/site-packages/airflow/example_dags/example_subdag_operator.py for tasks to queue
[2025-06-13T14:55:24.244-0400] {logging_mixin.py:190} INFO - [2025-06-13T14:55:24.244-0400] {dagbag.py:588} INFO - Filling up the DagBag from /Users/pranavr/.pyenv/versions/3.11.6/lib/python3.11/site-packages/airflow/example_dags/example_subdag_operator.py
[2025-06-13T14:55:24.314-0400] {processor.py:925} INFO - DAG(s) 'example_subdag_operator.section-1', 'example_subdag_operator.section-2', 'example_subdag_operator' retrieved from /Users/pranavr/.pyenv/versions/3.11.6/lib/python3.11/site-packages/airflow/example_dags/example_subdag_operator.py
[2025-06-13T14:55:24.523-0400] {logging_mixin.py:190} INFO - [2025-06-13T14:55:24.523-0400] {dag.py:3239} INFO - Sync 3 DAGs
[2025-06-13T14:55:24.531-0400] {logging_mixin.py:190} INFO - [2025-06-13T14:55:24.531-0400] {dag.py:4180} INFO - Setting next_dagrun for example_subdag_operator to 2022-01-01T00:00:00+00:00, run_after=2022-01-01T00:00:00+00:00
[2025-06-13T14:55:24.533-0400] {logging_mixin.py:190} INFO - [2025-06-13T14:55:24.533-0400] {dag.py:4180} INFO - Setting next_dagrun for example_subdag_operator.section-1 to None, run_after=None
[2025-06-13T14:55:24.533-0400] {logging_mixin.py:190} INFO - [2025-06-13T14:55:24.533-0400] {dag.py:4180} INFO - Setting next_dagrun for example_subdag_operator.section-2 to None, run_after=None
[2025-06-13T14:55:24.535-0400] {logging_mixin.py:190} INFO - [2025-06-13T14:55:24.535-0400] {dag.py:3239} INFO - Sync 2 DAGs
[2025-06-13T14:55:24.573-0400] {logging_mixin.py:190} INFO - [2025-06-13T14:55:24.573-0400] {dag.py:4180} INFO - Setting next_dagrun for example_subdag_operator.section-1 to None, run_after=None
[2025-06-13T14:55:24.574-0400] {logging_mixin.py:190} INFO - [2025-06-13T14:55:24.573-0400] {dag.py:4180} INFO - Setting next_dagrun for example_subdag_operator.section-2 to None, run_after=None
[2025-06-13T14:55:24.579-0400] {processor.py:208} INFO - Processing /Users/pranavr/.pyenv/versions/3.11.6/lib/python3.11/site-packages/airflow/example_dags/example_subdag_operator.py took 339.233 seconds
[2025-06-13T14:56:40.820-0400] {processor.py:186} INFO - Started process (PID=14400) to work on /Users/pranavr/.pyenv/versions/3.11.6/lib/python3.11/site-packages/airflow/example_dags/example_subdag_operator.py
[2025-06-13T14:56:40.822-0400] {processor.py:914} INFO - Processing file /Users/pranavr/.pyenv/versions/3.11.6/lib/python3.11/site-packages/airflow/example_dags/example_subdag_operator.py for tasks to queue
[2025-06-13T14:56:40.822-0400] {logging_mixin.py:190} INFO - [2025-06-13T14:56:40.822-0400] {dagbag.py:588} INFO - Filling up the DagBag from /Users/pranavr/.pyenv/versions/3.11.6/lib/python3.11/site-packages/airflow/example_dags/example_subdag_operator.py
[2025-06-13T14:56:40.886-0400] {processor.py:925} INFO - DAG(s) 'example_subdag_operator.section-1', 'example_subdag_operator.section-2', 'example_subdag_operator' retrieved from /Users/pranavr/.pyenv/versions/3.11.6/lib/python3.11/site-packages/airflow/example_dags/example_subdag_operator.py
[2025-06-13T14:56:41.091-0400] {logging_mixin.py:190} INFO - [2025-06-13T14:56:41.090-0400] {dag.py:3239} INFO - Sync 3 DAGs
[2025-06-13T14:56:41.098-0400] {logging_mixin.py:190} INFO - [2025-06-13T14:56:41.098-0400] {dag.py:4180} INFO - Setting next_dagrun for example_subdag_operator to 2022-01-01T00:00:00+00:00, run_after=2022-01-01T00:00:00+00:00
[2025-06-13T14:56:41.100-0400] {logging_mixin.py:190} INFO - [2025-06-13T14:56:41.100-0400] {dag.py:4180} INFO - Setting next_dagrun for example_subdag_operator.section-1 to None, run_after=None
[2025-06-13T14:56:41.100-0400] {logging_mixin.py:190} INFO - [2025-06-13T14:56:41.100-0400] {dag.py:4180} INFO - Setting next_dagrun for example_subdag_operator.section-2 to None, run_after=None
[2025-06-13T14:56:41.102-0400] {logging_mixin.py:190} INFO - [2025-06-13T14:56:41.102-0400] {dag.py:3239} INFO - Sync 2 DAGs
[2025-06-13T14:56:41.143-0400] {logging_mixin.py:190} INFO - [2025-06-13T14:56:41.143-0400] {dag.py:4180} INFO - Setting next_dagrun for example_subdag_operator.section-1 to None, run_after=None
[2025-06-13T14:56:41.143-0400] {logging_mixin.py:190} INFO - [2025-06-13T14:56:41.143-0400] {dag.py:4180} INFO - Setting next_dagrun for example_subdag_operator.section-2 to None, run_after=None
[2025-06-13T14:56:41.149-0400] {processor.py:208} INFO - Processing /Users/pranavr/.pyenv/versions/3.11.6/lib/python3.11/site-packages/airflow/example_dags/example_subdag_operator.py took 330.107 seconds
[2025-06-13T14:57:58.646-0400] {processor.py:186} INFO - Started process (PID=14596) to work on /Users/pranavr/.pyenv/versions/3.11.6/lib/python3.11/site-packages/airflow/example_dags/example_subdag_operator.py
[2025-06-13T14:57:58.648-0400] {processor.py:914} INFO - Processing file /Users/pranavr/.pyenv/versions/3.11.6/lib/python3.11/site-packages/airflow/example_dags/example_subdag_operator.py for tasks to queue
[2025-06-13T14:57:58.649-0400] {logging_mixin.py:190} INFO - [2025-06-13T14:57:58.648-0400] {dagbag.py:588} INFO - Filling up the DagBag from /Users/pranavr/.pyenv/versions/3.11.6/lib/python3.11/site-packages/airflow/example_dags/example_subdag_operator.py
[2025-06-13T14:57:58.724-0400] {processor.py:925} INFO - DAG(s) 'example_subdag_operator.section-1', 'example_subdag_operator.section-2', 'example_subdag_operator' retrieved from /Users/pranavr/.pyenv/versions/3.11.6/lib/python3.11/site-packages/airflow/example_dags/example_subdag_operator.py
[2025-06-13T14:57:59.051-0400] {logging_mixin.py:190} INFO - [2025-06-13T14:57:59.050-0400] {dag.py:3239} INFO - Sync 3 DAGs
[2025-06-13T14:57:59.059-0400] {logging_mixin.py:190} INFO - [2025-06-13T14:57:59.059-0400] {dag.py:4180} INFO - Setting next_dagrun for example_subdag_operator to 2022-01-01T00:00:00+00:00, run_after=2022-01-01T00:00:00+00:00
[2025-06-13T14:57:59.061-0400] {logging_mixin.py:190} INFO - [2025-06-13T14:57:59.061-0400] {dag.py:4180} INFO - Setting next_dagrun for example_subdag_operator.section-1 to None, run_after=None
[2025-06-13T14:57:59.062-0400] {logging_mixin.py:190} INFO - [2025-06-13T14:57:59.062-0400] {dag.py:4180} INFO - Setting next_dagrun for example_subdag_operator.section-2 to None, run_after=None
[2025-06-13T14:57:59.064-0400] {logging_mixin.py:190} INFO - [2025-06-13T14:57:59.064-0400] {dag.py:3239} INFO - Sync 2 DAGs
[2025-06-13T14:57:59.109-0400] {logging_mixin.py:190} INFO - [2025-06-13T14:57:59.109-0400] {dag.py:4180} INFO - Setting next_dagrun for example_subdag_operator.section-1 to None, run_after=None
[2025-06-13T14:57:59.109-0400] {logging_mixin.py:190} INFO - [2025-06-13T14:57:59.109-0400] {dag.py:4180} INFO - Setting next_dagrun for example_subdag_operator.section-2 to None, run_after=None
[2025-06-13T14:57:59.116-0400] {processor.py:208} INFO - Processing /Users/pranavr/.pyenv/versions/3.11.6/lib/python3.11/site-packages/airflow/example_dags/example_subdag_operator.py took 472.189 seconds
[2025-06-13T14:59:21.652-0400] {processor.py:186} INFO - Started process (PID=14758) to work on /Users/pranavr/.pyenv/versions/3.11.6/lib/python3.11/site-packages/airflow/example_dags/example_subdag_operator.py
[2025-06-13T14:59:21.654-0400] {processor.py:914} INFO - Processing file /Users/pranavr/.pyenv/versions/3.11.6/lib/python3.11/site-packages/airflow/example_dags/example_subdag_operator.py for tasks to queue
[2025-06-13T14:59:21.654-0400] {logging_mixin.py:190} INFO - [2025-06-13T14:59:21.654-0400] {dagbag.py:588} INFO - Filling up the DagBag from /Users/pranavr/.pyenv/versions/3.11.6/lib/python3.11/site-packages/airflow/example_dags/example_subdag_operator.py
[2025-06-13T14:59:21.729-0400] {processor.py:925} INFO - DAG(s) 'example_subdag_operator.section-1', 'example_subdag_operator.section-2', 'example_subdag_operator' retrieved from /Users/pranavr/.pyenv/versions/3.11.6/lib/python3.11/site-packages/airflow/example_dags/example_subdag_operator.py
[2025-06-13T14:59:21.988-0400] {logging_mixin.py:190} INFO - [2025-06-13T14:59:21.988-0400] {dag.py:3239} INFO - Sync 3 DAGs
[2025-06-13T14:59:21.995-0400] {logging_mixin.py:190} INFO - [2025-06-13T14:59:21.995-0400] {dag.py:4180} INFO - Setting next_dagrun for example_subdag_operator to 2022-01-01T00:00:00+00:00, run_after=2022-01-01T00:00:00+00:00
[2025-06-13T14:59:21.997-0400] {logging_mixin.py:190} INFO - [2025-06-13T14:59:21.997-0400] {dag.py:4180} INFO - Setting next_dagrun for example_subdag_operator.section-1 to None, run_after=None
[2025-06-13T14:59:21.997-0400] {logging_mixin.py:190} INFO - [2025-06-13T14:59:21.997-0400] {dag.py:4180} INFO - Setting next_dagrun for example_subdag_operator.section-2 to None, run_after=None
[2025-06-13T14:59:21.999-0400] {logging_mixin.py:190} INFO - [2025-06-13T14:59:21.999-0400] {dag.py:3239} INFO - Sync 2 DAGs
[2025-06-13T14:59:22.039-0400] {logging_mixin.py:190} INFO - [2025-06-13T14:59:22.039-0400] {dag.py:4180} INFO - Setting next_dagrun for example_subdag_operator.section-1 to None, run_after=None
[2025-06-13T14:59:22.039-0400] {logging_mixin.py:190} INFO - [2025-06-13T14:59:22.039-0400] {dag.py:4180} INFO - Setting next_dagrun for example_subdag_operator.section-2 to None, run_after=None
[2025-06-13T14:59:22.044-0400] {processor.py:208} INFO - Processing /Users/pranavr/.pyenv/versions/3.11.6/lib/python3.11/site-packages/airflow/example_dags/example_subdag_operator.py took 393.516 seconds
[2025-06-13T15:00:54.045-0400] {processor.py:186} INFO - Started process (PID=15093) to work on /Users/pranavr/.pyenv/versions/3.11.6/lib/python3.11/site-packages/airflow/example_dags/example_subdag_operator.py
[2025-06-13T15:00:54.047-0400] {processor.py:914} INFO - Processing file /Users/pranavr/.pyenv/versions/3.11.6/lib/python3.11/site-packages/airflow/example_dags/example_subdag_operator.py for tasks to queue
[2025-06-13T15:00:54.048-0400] {logging_mixin.py:190} INFO - [2025-06-13T15:00:54.048-0400] {dagbag.py:588} INFO - Filling up the DagBag from /Users/pranavr/.pyenv/versions/3.11.6/lib/python3.11/site-packages/airflow/example_dags/example_subdag_operator.py
[2025-06-13T15:00:54.128-0400] {processor.py:925} INFO - DAG(s) 'example_subdag_operator.section-1', 'example_subdag_operator.section-2', 'example_subdag_operator' retrieved from /Users/pranavr/.pyenv/versions/3.11.6/lib/python3.11/site-packages/airflow/example_dags/example_subdag_operator.py
[2025-06-13T15:00:54.581-0400] {logging_mixin.py:190} INFO - [2025-06-13T15:00:54.580-0400] {dag.py:3239} INFO - Sync 3 DAGs
[2025-06-13T15:00:54.589-0400] {logging_mixin.py:190} INFO - [2025-06-13T15:00:54.589-0400] {dag.py:4180} INFO - Setting next_dagrun for example_subdag_operator to 2022-01-01T00:00:00+00:00, run_after=2022-01-01T00:00:00+00:00
[2025-06-13T15:00:54.592-0400] {logging_mixin.py:190} INFO - [2025-06-13T15:00:54.592-0400] {dag.py:4180} INFO - Setting next_dagrun for example_subdag_operator.section-1 to None, run_after=None
[2025-06-13T15:00:54.592-0400] {logging_mixin.py:190} INFO - [2025-06-13T15:00:54.592-0400] {dag.py:4180} INFO - Setting next_dagrun for example_subdag_operator.section-2 to None, run_after=None
[2025-06-13T15:00:54.598-0400] {logging_mixin.py:190} INFO - [2025-06-13T15:00:54.598-0400] {dag.py:3239} INFO - Sync 2 DAGs
[2025-06-13T15:00:54.643-0400] {logging_mixin.py:190} INFO - [2025-06-13T15:00:54.643-0400] {dag.py:4180} INFO - Setting next_dagrun for example_subdag_operator.section-1 to None, run_after=None
[2025-06-13T15:00:54.643-0400] {logging_mixin.py:190} INFO - [2025-06-13T15:00:54.643-0400] {dag.py:4180} INFO - Setting next_dagrun for example_subdag_operator.section-2 to None, run_after=None
[2025-06-13T15:00:54.650-0400] {processor.py:208} INFO - Processing /Users/pranavr/.pyenv/versions/3.11.6/lib/python3.11/site-packages/airflow/example_dags/example_subdag_operator.py took 605.928 seconds
