[2025-06-13T14:09:47.673-0400] {processor.py:153} INFO - Started process (PID=96552) to work on /Users/pranavr/drift-retrainer/venv311/lib/python3.11/site-packages/airflow/example_dags/example_trigger_controller_dag.py
[2025-06-13T14:09:47.676-0400] {processor.py:743} INFO - Processing file /Users/pranavr/drift-retrainer/venv311/lib/python3.11/site-packages/airflow/example_dags/example_trigger_controller_dag.py for tasks to queue
[2025-06-13T14:09:47.676-0400] {logging_mixin.py:137} INFO - [2025-06-13T14:09:47.676-0400] {dagbag.py:538} INFO - Filling up the DagBag from /Users/pranavr/drift-retrainer/venv311/lib/python3.11/site-packages/airflow/example_dags/example_trigger_controller_dag.py
[2025-06-13T14:09:47.697-0400] {processor.py:753} INFO - DAG(s) dict_keys(['example_trigger_controller_dag']) retrieved from /Users/pranavr/drift-retrainer/venv311/lib/python3.11/site-packages/airflow/example_dags/example_trigger_controller_dag.py
[2025-06-13T14:09:48.200-0400] {logging_mixin.py:137} INFO - [2025-06-13T14:09:48.199-0400] {manager.py:504} INFO - Created Permission View: can edit on DAG:example_trigger_controller_dag
[2025-06-13T14:09:48.203-0400] {logging_mixin.py:137} INFO - [2025-06-13T14:09:48.203-0400] {manager.py:504} INFO - Created Permission View: can read on DAG:example_trigger_controller_dag
[2025-06-13T14:09:48.206-0400] {logging_mixin.py:137} INFO - [2025-06-13T14:09:48.206-0400] {manager.py:504} INFO - Created Permission View: can delete on DAG:example_trigger_controller_dag
[2025-06-13T14:09:48.206-0400] {logging_mixin.py:137} INFO - [2025-06-13T14:09:48.206-0400] {dag.py:2690} INFO - Sync 1 DAGs
[2025-06-13T14:09:48.211-0400] {logging_mixin.py:137} INFO - [2025-06-13T14:09:48.210-0400] {dag.py:2711} INFO - Creating ORM DAG for example_trigger_controller_dag
[2025-06-13T14:09:48.213-0400] {logging_mixin.py:137} INFO - [2025-06-13T14:09:48.213-0400] {dag.py:3437} INFO - Setting next_dagrun for example_trigger_controller_dag to 2021-01-01T00:00:00+00:00, run_after=2021-01-01T00:00:00+00:00
[2025-06-13T14:09:48.222-0400] {processor.py:175} INFO - Processing /Users/pranavr/drift-retrainer/venv311/lib/python3.11/site-packages/airflow/example_dags/example_trigger_controller_dag.py took 0.549 seconds
[2025-06-13T14:11:16.166-0400] {processor.py:153} INFO - Started process (PID=97316) to work on /Users/pranavr/drift-retrainer/venv311/lib/python3.11/site-packages/airflow/example_dags/example_trigger_controller_dag.py
[2025-06-13T14:11:16.168-0400] {processor.py:743} INFO - Processing file /Users/pranavr/drift-retrainer/venv311/lib/python3.11/site-packages/airflow/example_dags/example_trigger_controller_dag.py for tasks to queue
[2025-06-13T14:11:16.168-0400] {logging_mixin.py:137} INFO - [2025-06-13T14:11:16.168-0400] {dagbag.py:538} INFO - Filling up the DagBag from /Users/pranavr/drift-retrainer/venv311/lib/python3.11/site-packages/airflow/example_dags/example_trigger_controller_dag.py
[2025-06-13T14:11:16.184-0400] {processor.py:753} INFO - DAG(s) dict_keys(['example_trigger_controller_dag']) retrieved from /Users/pranavr/drift-retrainer/venv311/lib/python3.11/site-packages/airflow/example_dags/example_trigger_controller_dag.py
[2025-06-13T14:11:16.688-0400] {logging_mixin.py:137} INFO - [2025-06-13T14:11:16.688-0400] {dag.py:2690} INFO - Sync 1 DAGs
[2025-06-13T14:11:16.696-0400] {logging_mixin.py:137} INFO - [2025-06-13T14:11:16.696-0400] {dag.py:3437} INFO - Setting next_dagrun for example_trigger_controller_dag to 2021-01-01T00:00:00+00:00, run_after=2021-01-01T00:00:00+00:00
[2025-06-13T14:11:16.705-0400] {processor.py:175} INFO - Processing /Users/pranavr/drift-retrainer/venv311/lib/python3.11/site-packages/airflow/example_dags/example_trigger_controller_dag.py took 0.540 seconds
[2025-06-13T14:12:17.129-0400] {processor.py:153} INFO - Started process (PID=97721) to work on /Users/pranavr/drift-retrainer/venv311/lib/python3.11/site-packages/airflow/example_dags/example_trigger_controller_dag.py
[2025-06-13T14:12:17.131-0400] {processor.py:743} INFO - Processing file /Users/pranavr/drift-retrainer/venv311/lib/python3.11/site-packages/airflow/example_dags/example_trigger_controller_dag.py for tasks to queue
[2025-06-13T14:12:17.131-0400] {logging_mixin.py:137} INFO - [2025-06-13T14:12:17.131-0400] {dagbag.py:538} INFO - Filling up the DagBag from /Users/pranavr/drift-retrainer/venv311/lib/python3.11/site-packages/airflow/example_dags/example_trigger_controller_dag.py
[2025-06-13T14:12:17.146-0400] {processor.py:753} INFO - DAG(s) dict_keys(['example_trigger_controller_dag']) retrieved from /Users/pranavr/drift-retrainer/venv311/lib/python3.11/site-packages/airflow/example_dags/example_trigger_controller_dag.py
[2025-06-13T14:12:17.619-0400] {logging_mixin.py:137} INFO - [2025-06-13T14:12:17.619-0400] {dag.py:2690} INFO - Sync 1 DAGs
[2025-06-13T14:12:17.630-0400] {logging_mixin.py:137} INFO - [2025-06-13T14:12:17.630-0400] {dag.py:3437} INFO - Setting next_dagrun for example_trigger_controller_dag to 2021-01-01T00:00:00+00:00, run_after=2021-01-01T00:00:00+00:00
[2025-06-13T14:12:17.640-0400] {processor.py:175} INFO - Processing /Users/pranavr/drift-retrainer/venv311/lib/python3.11/site-packages/airflow/example_dags/example_trigger_controller_dag.py took 0.512 seconds
[2025-06-13T14:13:15.111-0400] {processor.py:153} INFO - Started process (PID=97901) to work on /Users/pranavr/drift-retrainer/venv311/lib/python3.11/site-packages/airflow/example_dags/example_trigger_controller_dag.py
[2025-06-13T14:13:15.113-0400] {processor.py:743} INFO - Processing file /Users/pranavr/drift-retrainer/venv311/lib/python3.11/site-packages/airflow/example_dags/example_trigger_controller_dag.py for tasks to queue
[2025-06-13T14:13:15.114-0400] {logging_mixin.py:137} INFO - [2025-06-13T14:13:15.113-0400] {dagbag.py:538} INFO - Filling up the DagBag from /Users/pranavr/drift-retrainer/venv311/lib/python3.11/site-packages/airflow/example_dags/example_trigger_controller_dag.py
[2025-06-13T14:13:15.128-0400] {processor.py:753} INFO - DAG(s) dict_keys(['example_trigger_controller_dag']) retrieved from /Users/pranavr/drift-retrainer/venv311/lib/python3.11/site-packages/airflow/example_dags/example_trigger_controller_dag.py
[2025-06-13T14:13:15.590-0400] {logging_mixin.py:137} INFO - [2025-06-13T14:13:15.589-0400] {dag.py:2690} INFO - Sync 1 DAGs
[2025-06-13T14:13:15.598-0400] {logging_mixin.py:137} INFO - [2025-06-13T14:13:15.598-0400] {dag.py:3437} INFO - Setting next_dagrun for example_trigger_controller_dag to 2021-01-01T00:00:00+00:00, run_after=2021-01-01T00:00:00+00:00
[2025-06-13T14:13:15.607-0400] {processor.py:175} INFO - Processing /Users/pranavr/drift-retrainer/venv311/lib/python3.11/site-packages/airflow/example_dags/example_trigger_controller_dag.py took 0.496 seconds
[2025-06-13T14:14:08.548-0400] {processor.py:153} INFO - Started process (PID=97962) to work on /Users/pranavr/drift-retrainer/venv311/lib/python3.11/site-packages/airflow/example_dags/example_trigger_controller_dag.py
[2025-06-13T14:14:08.550-0400] {processor.py:743} INFO - Processing file /Users/pranavr/drift-retrainer/venv311/lib/python3.11/site-packages/airflow/example_dags/example_trigger_controller_dag.py for tasks to queue
[2025-06-13T14:14:08.550-0400] {logging_mixin.py:137} INFO - [2025-06-13T14:14:08.550-0400] {dagbag.py:538} INFO - Filling up the DagBag from /Users/pranavr/drift-retrainer/venv311/lib/python3.11/site-packages/airflow/example_dags/example_trigger_controller_dag.py
[2025-06-13T14:14:08.580-0400] {processor.py:753} INFO - DAG(s) dict_keys(['example_trigger_controller_dag']) retrieved from /Users/pranavr/drift-retrainer/venv311/lib/python3.11/site-packages/airflow/example_dags/example_trigger_controller_dag.py
[2025-06-13T14:14:09.044-0400] {logging_mixin.py:137} INFO - [2025-06-13T14:14:09.044-0400] {dag.py:2690} INFO - Sync 1 DAGs
[2025-06-13T14:14:09.053-0400] {logging_mixin.py:137} INFO - [2025-06-13T14:14:09.053-0400] {dag.py:3437} INFO - Setting next_dagrun for example_trigger_controller_dag to 2021-01-01T00:00:00+00:00, run_after=2021-01-01T00:00:00+00:00
[2025-06-13T14:14:09.062-0400] {processor.py:175} INFO - Processing /Users/pranavr/drift-retrainer/venv311/lib/python3.11/site-packages/airflow/example_dags/example_trigger_controller_dag.py took 0.515 seconds
[2025-06-13T14:15:03.223-0400] {processor.py:153} INFO - Started process (PID=2492) to work on /Users/pranavr/drift-retrainer/venv311/lib/python3.11/site-packages/airflow/example_dags/example_trigger_controller_dag.py
[2025-06-13T14:15:03.225-0400] {processor.py:743} INFO - Processing file /Users/pranavr/drift-retrainer/venv311/lib/python3.11/site-packages/airflow/example_dags/example_trigger_controller_dag.py for tasks to queue
[2025-06-13T14:15:03.226-0400] {logging_mixin.py:137} INFO - [2025-06-13T14:15:03.226-0400] {dagbag.py:538} INFO - Filling up the DagBag from /Users/pranavr/drift-retrainer/venv311/lib/python3.11/site-packages/airflow/example_dags/example_trigger_controller_dag.py
[2025-06-13T14:15:03.240-0400] {processor.py:753} INFO - DAG(s) dict_keys(['example_trigger_controller_dag']) retrieved from /Users/pranavr/drift-retrainer/venv311/lib/python3.11/site-packages/airflow/example_dags/example_trigger_controller_dag.py
[2025-06-13T14:15:03.899-0400] {logging_mixin.py:137} INFO - [2025-06-13T14:15:03.899-0400] {dag.py:2690} INFO - Sync 1 DAGs
[2025-06-13T14:15:03.911-0400] {logging_mixin.py:137} INFO - [2025-06-13T14:15:03.911-0400] {dag.py:3437} INFO - Setting next_dagrun for example_trigger_controller_dag to 2021-01-01T00:00:00+00:00, run_after=2021-01-01T00:00:00+00:00
[2025-06-13T14:15:03.920-0400] {processor.py:175} INFO - Processing /Users/pranavr/drift-retrainer/venv311/lib/python3.11/site-packages/airflow/example_dags/example_trigger_controller_dag.py took 0.698 seconds
[2025-06-13T14:16:00.976-0400] {processor.py:153} INFO - Started process (PID=3301) to work on /Users/pranavr/drift-retrainer/venv311/lib/python3.11/site-packages/airflow/example_dags/example_trigger_controller_dag.py
[2025-06-13T14:16:00.978-0400] {processor.py:743} INFO - Processing file /Users/pranavr/drift-retrainer/venv311/lib/python3.11/site-packages/airflow/example_dags/example_trigger_controller_dag.py for tasks to queue
[2025-06-13T14:16:00.978-0400] {logging_mixin.py:137} INFO - [2025-06-13T14:16:00.978-0400] {dagbag.py:538} INFO - Filling up the DagBag from /Users/pranavr/drift-retrainer/venv311/lib/python3.11/site-packages/airflow/example_dags/example_trigger_controller_dag.py
[2025-06-13T14:16:00.993-0400] {processor.py:753} INFO - DAG(s) dict_keys(['example_trigger_controller_dag']) retrieved from /Users/pranavr/drift-retrainer/venv311/lib/python3.11/site-packages/airflow/example_dags/example_trigger_controller_dag.py
[2025-06-13T14:16:01.524-0400] {logging_mixin.py:137} INFO - [2025-06-13T14:16:01.524-0400] {dag.py:2690} INFO - Sync 1 DAGs
[2025-06-13T14:16:01.533-0400] {logging_mixin.py:137} INFO - [2025-06-13T14:16:01.533-0400] {dag.py:3437} INFO - Setting next_dagrun for example_trigger_controller_dag to 2021-01-01T00:00:00+00:00, run_after=2021-01-01T00:00:00+00:00
[2025-06-13T14:16:01.544-0400] {processor.py:175} INFO - Processing /Users/pranavr/drift-retrainer/venv311/lib/python3.11/site-packages/airflow/example_dags/example_trigger_controller_dag.py took 0.568 seconds
[2025-06-13T14:16:59.977-0400] {processor.py:153} INFO - Started process (PID=3928) to work on /Users/pranavr/drift-retrainer/venv311/lib/python3.11/site-packages/airflow/example_dags/example_trigger_controller_dag.py
[2025-06-13T14:16:59.983-0400] {processor.py:743} INFO - Processing file /Users/pranavr/drift-retrainer/venv311/lib/python3.11/site-packages/airflow/example_dags/example_trigger_controller_dag.py for tasks to queue
[2025-06-13T14:16:59.983-0400] {logging_mixin.py:137} INFO - [2025-06-13T14:16:59.983-0400] {dagbag.py:538} INFO - Filling up the DagBag from /Users/pranavr/drift-retrainer/venv311/lib/python3.11/site-packages/airflow/example_dags/example_trigger_controller_dag.py
[2025-06-13T14:17:00.014-0400] {processor.py:753} INFO - DAG(s) dict_keys(['example_trigger_controller_dag']) retrieved from /Users/pranavr/drift-retrainer/venv311/lib/python3.11/site-packages/airflow/example_dags/example_trigger_controller_dag.py
[2025-06-13T14:17:00.519-0400] {logging_mixin.py:137} INFO - [2025-06-13T14:17:00.519-0400] {dag.py:2690} INFO - Sync 1 DAGs
[2025-06-13T14:17:00.530-0400] {logging_mixin.py:137} INFO - [2025-06-13T14:17:00.530-0400] {dag.py:3437} INFO - Setting next_dagrun for example_trigger_controller_dag to 2021-01-01T00:00:00+00:00, run_after=2021-01-01T00:00:00+00:00
[2025-06-13T14:17:00.538-0400] {processor.py:175} INFO - Processing /Users/pranavr/drift-retrainer/venv311/lib/python3.11/site-packages/airflow/example_dags/example_trigger_controller_dag.py took 0.561 seconds
[2025-06-13T14:17:55.457-0400] {processor.py:153} INFO - Started process (PID=5735) to work on /Users/pranavr/drift-retrainer/venv311/lib/python3.11/site-packages/airflow/example_dags/example_trigger_controller_dag.py
[2025-06-13T14:17:55.459-0400] {processor.py:743} INFO - Processing file /Users/pranavr/drift-retrainer/venv311/lib/python3.11/site-packages/airflow/example_dags/example_trigger_controller_dag.py for tasks to queue
[2025-06-13T14:17:55.459-0400] {logging_mixin.py:137} INFO - [2025-06-13T14:17:55.459-0400] {dagbag.py:538} INFO - Filling up the DagBag from /Users/pranavr/drift-retrainer/venv311/lib/python3.11/site-packages/airflow/example_dags/example_trigger_controller_dag.py
[2025-06-13T14:17:55.475-0400] {processor.py:753} INFO - DAG(s) dict_keys(['example_trigger_controller_dag']) retrieved from /Users/pranavr/drift-retrainer/venv311/lib/python3.11/site-packages/airflow/example_dags/example_trigger_controller_dag.py
[2025-06-13T14:17:55.966-0400] {logging_mixin.py:137} INFO - [2025-06-13T14:17:55.966-0400] {dag.py:2690} INFO - Sync 1 DAGs
[2025-06-13T14:17:55.974-0400] {logging_mixin.py:137} INFO - [2025-06-13T14:17:55.974-0400] {dag.py:3437} INFO - Setting next_dagrun for example_trigger_controller_dag to 2021-01-01T00:00:00+00:00, run_after=2021-01-01T00:00:00+00:00
[2025-06-13T14:17:55.982-0400] {processor.py:175} INFO - Processing /Users/pranavr/drift-retrainer/venv311/lib/python3.11/site-packages/airflow/example_dags/example_trigger_controller_dag.py took 0.526 seconds
[2025-06-13T14:18:55.508-0400] {processor.py:153} INFO - Started process (PID=6421) to work on /Users/pranavr/drift-retrainer/venv311/lib/python3.11/site-packages/airflow/example_dags/example_trigger_controller_dag.py
[2025-06-13T14:18:55.511-0400] {processor.py:743} INFO - Processing file /Users/pranavr/drift-retrainer/venv311/lib/python3.11/site-packages/airflow/example_dags/example_trigger_controller_dag.py for tasks to queue
[2025-06-13T14:18:55.512-0400] {logging_mixin.py:137} INFO - [2025-06-13T14:18:55.511-0400] {dagbag.py:538} INFO - Filling up the DagBag from /Users/pranavr/drift-retrainer/venv311/lib/python3.11/site-packages/airflow/example_dags/example_trigger_controller_dag.py
[2025-06-13T14:18:55.528-0400] {processor.py:753} INFO - DAG(s) dict_keys(['example_trigger_controller_dag']) retrieved from /Users/pranavr/drift-retrainer/venv311/lib/python3.11/site-packages/airflow/example_dags/example_trigger_controller_dag.py
[2025-06-13T14:18:55.994-0400] {logging_mixin.py:137} INFO - [2025-06-13T14:18:55.994-0400] {dag.py:2690} INFO - Sync 1 DAGs
[2025-06-13T14:18:56.003-0400] {logging_mixin.py:137} INFO - [2025-06-13T14:18:56.003-0400] {dag.py:3437} INFO - Setting next_dagrun for example_trigger_controller_dag to 2021-01-01T00:00:00+00:00, run_after=2021-01-01T00:00:00+00:00
[2025-06-13T14:18:56.011-0400] {processor.py:175} INFO - Processing /Users/pranavr/drift-retrainer/venv311/lib/python3.11/site-packages/airflow/example_dags/example_trigger_controller_dag.py took 0.504 seconds
[2025-06-13T14:19:57.179-0400] {processor.py:153} INFO - Started process (PID=6590) to work on /Users/pranavr/drift-retrainer/venv311/lib/python3.11/site-packages/airflow/example_dags/example_trigger_controller_dag.py
[2025-06-13T14:19:57.181-0400] {processor.py:743} INFO - Processing file /Users/pranavr/drift-retrainer/venv311/lib/python3.11/site-packages/airflow/example_dags/example_trigger_controller_dag.py for tasks to queue
[2025-06-13T14:19:57.182-0400] {logging_mixin.py:137} INFO - [2025-06-13T14:19:57.182-0400] {dagbag.py:538} INFO - Filling up the DagBag from /Users/pranavr/drift-retrainer/venv311/lib/python3.11/site-packages/airflow/example_dags/example_trigger_controller_dag.py
[2025-06-13T14:19:57.197-0400] {processor.py:753} INFO - DAG(s) dict_keys(['example_trigger_controller_dag']) retrieved from /Users/pranavr/drift-retrainer/venv311/lib/python3.11/site-packages/airflow/example_dags/example_trigger_controller_dag.py
[2025-06-13T14:19:57.652-0400] {logging_mixin.py:137} INFO - [2025-06-13T14:19:57.652-0400] {dag.py:2690} INFO - Sync 1 DAGs
[2025-06-13T14:19:57.659-0400] {logging_mixin.py:137} INFO - [2025-06-13T14:19:57.659-0400] {dag.py:3437} INFO - Setting next_dagrun for example_trigger_controller_dag to 2021-01-01T00:00:00+00:00, run_after=2021-01-01T00:00:00+00:00
[2025-06-13T14:19:57.668-0400] {processor.py:175} INFO - Processing /Users/pranavr/drift-retrainer/venv311/lib/python3.11/site-packages/airflow/example_dags/example_trigger_controller_dag.py took 0.490 seconds
[2025-06-13T14:21:50.417-0400] {processor.py:186} INFO - Started process (PID=7516) to work on /Users/pranavr/.pyenv/versions/3.11.6/lib/python3.11/site-packages/airflow/example_dags/example_trigger_controller_dag.py
[2025-06-13T14:21:50.419-0400] {processor.py:914} INFO - Processing file /Users/pranavr/.pyenv/versions/3.11.6/lib/python3.11/site-packages/airflow/example_dags/example_trigger_controller_dag.py for tasks to queue
[2025-06-13T14:21:50.420-0400] {logging_mixin.py:190} INFO - [2025-06-13T14:21:50.420-0400] {dagbag.py:588} INFO - Filling up the DagBag from /Users/pranavr/.pyenv/versions/3.11.6/lib/python3.11/site-packages/airflow/example_dags/example_trigger_controller_dag.py
[2025-06-13T14:21:50.426-0400] {processor.py:925} INFO - DAG(s) 'example_trigger_controller_dag' retrieved from /Users/pranavr/.pyenv/versions/3.11.6/lib/python3.11/site-packages/airflow/example_dags/example_trigger_controller_dag.py
[2025-06-13T14:21:50.550-0400] {logging_mixin.py:190} INFO - [2025-06-13T14:21:50.550-0400] {dag.py:3239} INFO - Sync 1 DAGs
[2025-06-13T14:21:50.558-0400] {logging_mixin.py:190} INFO - [2025-06-13T14:21:50.558-0400] {dag.py:4180} INFO - Setting next_dagrun for example_trigger_controller_dag to 2021-01-01T00:00:00+00:00, run_after=2021-01-01T00:00:00+00:00
[2025-06-13T14:21:50.567-0400] {processor.py:208} INFO - Processing /Users/pranavr/.pyenv/versions/3.11.6/lib/python3.11/site-packages/airflow/example_dags/example_trigger_controller_dag.py took 152.988 seconds
[2025-06-13T14:23:55.949-0400] {processor.py:186} INFO - Started process (PID=7867) to work on /Users/pranavr/.pyenv/versions/3.11.6/lib/python3.11/site-packages/airflow/example_dags/example_trigger_controller_dag.py
[2025-06-13T14:23:55.951-0400] {processor.py:914} INFO - Processing file /Users/pranavr/.pyenv/versions/3.11.6/lib/python3.11/site-packages/airflow/example_dags/example_trigger_controller_dag.py for tasks to queue
[2025-06-13T14:23:55.951-0400] {logging_mixin.py:190} INFO - [2025-06-13T14:23:55.951-0400] {dagbag.py:588} INFO - Filling up the DagBag from /Users/pranavr/.pyenv/versions/3.11.6/lib/python3.11/site-packages/airflow/example_dags/example_trigger_controller_dag.py
[2025-06-13T14:23:55.957-0400] {processor.py:925} INFO - DAG(s) 'example_trigger_controller_dag' retrieved from /Users/pranavr/.pyenv/versions/3.11.6/lib/python3.11/site-packages/airflow/example_dags/example_trigger_controller_dag.py
[2025-06-13T14:23:56.036-0400] {logging_mixin.py:190} INFO - [2025-06-13T14:23:56.035-0400] {dag.py:3239} INFO - Sync 1 DAGs
[2025-06-13T14:23:56.043-0400] {logging_mixin.py:190} INFO - [2025-06-13T14:23:56.042-0400] {dag.py:4180} INFO - Setting next_dagrun for example_trigger_controller_dag to 2021-01-01T00:00:00+00:00, run_after=2021-01-01T00:00:00+00:00
[2025-06-13T14:23:56.051-0400] {processor.py:208} INFO - Processing /Users/pranavr/.pyenv/versions/3.11.6/lib/python3.11/site-packages/airflow/example_dags/example_trigger_controller_dag.py took 104.448 seconds
[2025-06-13T14:25:27.649-0400] {processor.py:186} INFO - Started process (PID=7989) to work on /Users/pranavr/.pyenv/versions/3.11.6/lib/python3.11/site-packages/airflow/example_dags/example_trigger_controller_dag.py
[2025-06-13T14:25:27.651-0400] {processor.py:914} INFO - Processing file /Users/pranavr/.pyenv/versions/3.11.6/lib/python3.11/site-packages/airflow/example_dags/example_trigger_controller_dag.py for tasks to queue
[2025-06-13T14:25:27.652-0400] {logging_mixin.py:190} INFO - [2025-06-13T14:25:27.651-0400] {dagbag.py:588} INFO - Filling up the DagBag from /Users/pranavr/.pyenv/versions/3.11.6/lib/python3.11/site-packages/airflow/example_dags/example_trigger_controller_dag.py
[2025-06-13T14:25:27.659-0400] {processor.py:925} INFO - DAG(s) 'example_trigger_controller_dag' retrieved from /Users/pranavr/.pyenv/versions/3.11.6/lib/python3.11/site-packages/airflow/example_dags/example_trigger_controller_dag.py
[2025-06-13T14:25:27.740-0400] {logging_mixin.py:190} INFO - [2025-06-13T14:25:27.740-0400] {dag.py:3239} INFO - Sync 1 DAGs
[2025-06-13T14:25:27.746-0400] {logging_mixin.py:190} INFO - [2025-06-13T14:25:27.746-0400] {dag.py:4180} INFO - Setting next_dagrun for example_trigger_controller_dag to 2021-01-01T00:00:00+00:00, run_after=2021-01-01T00:00:00+00:00
[2025-06-13T14:25:27.755-0400] {processor.py:208} INFO - Processing /Users/pranavr/.pyenv/versions/3.11.6/lib/python3.11/site-packages/airflow/example_dags/example_trigger_controller_dag.py took 107.847 seconds
[2025-06-13T14:27:00.273-0400] {processor.py:186} INFO - Started process (PID=8099) to work on /Users/pranavr/.pyenv/versions/3.11.6/lib/python3.11/site-packages/airflow/example_dags/example_trigger_controller_dag.py
[2025-06-13T14:27:00.276-0400] {processor.py:914} INFO - Processing file /Users/pranavr/.pyenv/versions/3.11.6/lib/python3.11/site-packages/airflow/example_dags/example_trigger_controller_dag.py for tasks to queue
[2025-06-13T14:27:00.276-0400] {logging_mixin.py:190} INFO - [2025-06-13T14:27:00.276-0400] {dagbag.py:588} INFO - Filling up the DagBag from /Users/pranavr/.pyenv/versions/3.11.6/lib/python3.11/site-packages/airflow/example_dags/example_trigger_controller_dag.py
[2025-06-13T14:27:00.292-0400] {processor.py:925} INFO - DAG(s) 'example_trigger_controller_dag' retrieved from /Users/pranavr/.pyenv/versions/3.11.6/lib/python3.11/site-packages/airflow/example_dags/example_trigger_controller_dag.py
[2025-06-13T14:27:00.371-0400] {logging_mixin.py:190} INFO - [2025-06-13T14:27:00.371-0400] {dag.py:3239} INFO - Sync 1 DAGs
[2025-06-13T14:27:00.380-0400] {logging_mixin.py:190} INFO - [2025-06-13T14:27:00.379-0400] {dag.py:4180} INFO - Setting next_dagrun for example_trigger_controller_dag to 2021-01-01T00:00:00+00:00, run_after=2021-01-01T00:00:00+00:00
[2025-06-13T14:27:00.389-0400] {processor.py:208} INFO - Processing /Users/pranavr/.pyenv/versions/3.11.6/lib/python3.11/site-packages/airflow/example_dags/example_trigger_controller_dag.py took 117.321 seconds
[2025-06-13T14:28:30.324-0400] {processor.py:186} INFO - Started process (PID=8797) to work on /Users/pranavr/.pyenv/versions/3.11.6/lib/python3.11/site-packages/airflow/example_dags/example_trigger_controller_dag.py
[2025-06-13T14:28:30.326-0400] {processor.py:914} INFO - Processing file /Users/pranavr/.pyenv/versions/3.11.6/lib/python3.11/site-packages/airflow/example_dags/example_trigger_controller_dag.py for tasks to queue
[2025-06-13T14:28:30.326-0400] {logging_mixin.py:190} INFO - [2025-06-13T14:28:30.326-0400] {dagbag.py:588} INFO - Filling up the DagBag from /Users/pranavr/.pyenv/versions/3.11.6/lib/python3.11/site-packages/airflow/example_dags/example_trigger_controller_dag.py
[2025-06-13T14:28:30.333-0400] {processor.py:925} INFO - DAG(s) 'example_trigger_controller_dag' retrieved from /Users/pranavr/.pyenv/versions/3.11.6/lib/python3.11/site-packages/airflow/example_dags/example_trigger_controller_dag.py
[2025-06-13T14:28:30.422-0400] {logging_mixin.py:190} INFO - [2025-06-13T14:28:30.422-0400] {dag.py:3239} INFO - Sync 1 DAGs
[2025-06-13T14:28:30.430-0400] {logging_mixin.py:190} INFO - [2025-06-13T14:28:30.430-0400] {dag.py:4180} INFO - Setting next_dagrun for example_trigger_controller_dag to 2021-01-01T00:00:00+00:00, run_after=2021-01-01T00:00:00+00:00
[2025-06-13T14:28:30.438-0400] {processor.py:208} INFO - Processing /Users/pranavr/.pyenv/versions/3.11.6/lib/python3.11/site-packages/airflow/example_dags/example_trigger_controller_dag.py took 116.091 seconds
[2025-06-13T14:30:02.811-0400] {processor.py:186} INFO - Started process (PID=8927) to work on /Users/pranavr/.pyenv/versions/3.11.6/lib/python3.11/site-packages/airflow/example_dags/example_trigger_controller_dag.py
[2025-06-13T14:30:02.813-0400] {processor.py:914} INFO - Processing file /Users/pranavr/.pyenv/versions/3.11.6/lib/python3.11/site-packages/airflow/example_dags/example_trigger_controller_dag.py for tasks to queue
[2025-06-13T14:30:02.813-0400] {logging_mixin.py:190} INFO - [2025-06-13T14:30:02.813-0400] {dagbag.py:588} INFO - Filling up the DagBag from /Users/pranavr/.pyenv/versions/3.11.6/lib/python3.11/site-packages/airflow/example_dags/example_trigger_controller_dag.py
[2025-06-13T14:30:02.819-0400] {processor.py:925} INFO - DAG(s) 'example_trigger_controller_dag' retrieved from /Users/pranavr/.pyenv/versions/3.11.6/lib/python3.11/site-packages/airflow/example_dags/example_trigger_controller_dag.py
[2025-06-13T14:30:02.903-0400] {logging_mixin.py:190} INFO - [2025-06-13T14:30:02.903-0400] {dag.py:3239} INFO - Sync 1 DAGs
[2025-06-13T14:30:02.910-0400] {logging_mixin.py:190} INFO - [2025-06-13T14:30:02.910-0400] {dag.py:4180} INFO - Setting next_dagrun for example_trigger_controller_dag to 2021-01-01T00:00:00+00:00, run_after=2021-01-01T00:00:00+00:00
[2025-06-13T14:30:02.920-0400] {processor.py:208} INFO - Processing /Users/pranavr/.pyenv/versions/3.11.6/lib/python3.11/site-packages/airflow/example_dags/example_trigger_controller_dag.py took 110.696 seconds
[2025-06-13T14:31:30.667-0400] {processor.py:186} INFO - Started process (PID=9359) to work on /Users/pranavr/.pyenv/versions/3.11.6/lib/python3.11/site-packages/airflow/example_dags/example_trigger_controller_dag.py
[2025-06-13T14:31:30.669-0400] {processor.py:914} INFO - Processing file /Users/pranavr/.pyenv/versions/3.11.6/lib/python3.11/site-packages/airflow/example_dags/example_trigger_controller_dag.py for tasks to queue
[2025-06-13T14:31:30.670-0400] {logging_mixin.py:190} INFO - [2025-06-13T14:31:30.670-0400] {dagbag.py:588} INFO - Filling up the DagBag from /Users/pranavr/.pyenv/versions/3.11.6/lib/python3.11/site-packages/airflow/example_dags/example_trigger_controller_dag.py
[2025-06-13T14:31:30.675-0400] {processor.py:925} INFO - DAG(s) 'example_trigger_controller_dag' retrieved from /Users/pranavr/.pyenv/versions/3.11.6/lib/python3.11/site-packages/airflow/example_dags/example_trigger_controller_dag.py
[2025-06-13T14:31:30.760-0400] {logging_mixin.py:190} INFO - [2025-06-13T14:31:30.760-0400] {dag.py:3239} INFO - Sync 1 DAGs
[2025-06-13T14:31:30.769-0400] {logging_mixin.py:190} INFO - [2025-06-13T14:31:30.769-0400] {dag.py:4180} INFO - Setting next_dagrun for example_trigger_controller_dag to 2021-01-01T00:00:00+00:00, run_after=2021-01-01T00:00:00+00:00
[2025-06-13T14:31:30.782-0400] {processor.py:208} INFO - Processing /Users/pranavr/.pyenv/versions/3.11.6/lib/python3.11/site-packages/airflow/example_dags/example_trigger_controller_dag.py took 115.472 seconds
[2025-06-13T14:33:04.293-0400] {processor.py:186} INFO - Started process (PID=9582) to work on /Users/pranavr/.pyenv/versions/3.11.6/lib/python3.11/site-packages/airflow/example_dags/example_trigger_controller_dag.py
[2025-06-13T14:33:04.295-0400] {processor.py:914} INFO - Processing file /Users/pranavr/.pyenv/versions/3.11.6/lib/python3.11/site-packages/airflow/example_dags/example_trigger_controller_dag.py for tasks to queue
[2025-06-13T14:33:04.296-0400] {logging_mixin.py:190} INFO - [2025-06-13T14:33:04.296-0400] {dagbag.py:588} INFO - Filling up the DagBag from /Users/pranavr/.pyenv/versions/3.11.6/lib/python3.11/site-packages/airflow/example_dags/example_trigger_controller_dag.py
[2025-06-13T14:33:04.302-0400] {processor.py:925} INFO - DAG(s) 'example_trigger_controller_dag' retrieved from /Users/pranavr/.pyenv/versions/3.11.6/lib/python3.11/site-packages/airflow/example_dags/example_trigger_controller_dag.py
[2025-06-13T14:33:04.385-0400] {logging_mixin.py:190} INFO - [2025-06-13T14:33:04.384-0400] {dag.py:3239} INFO - Sync 1 DAGs
[2025-06-13T14:33:04.393-0400] {logging_mixin.py:190} INFO - [2025-06-13T14:33:04.392-0400] {dag.py:4180} INFO - Setting next_dagrun for example_trigger_controller_dag to 2021-01-01T00:00:00+00:00, run_after=2021-01-01T00:00:00+00:00
[2025-06-13T14:33:04.401-0400] {processor.py:208} INFO - Processing /Users/pranavr/.pyenv/versions/3.11.6/lib/python3.11/site-packages/airflow/example_dags/example_trigger_controller_dag.py took 109.957 seconds
[2025-06-13T14:34:33.883-0400] {processor.py:186} INFO - Started process (PID=10035) to work on /Users/pranavr/.pyenv/versions/3.11.6/lib/python3.11/site-packages/airflow/example_dags/example_trigger_controller_dag.py
[2025-06-13T14:34:33.885-0400] {processor.py:914} INFO - Processing file /Users/pranavr/.pyenv/versions/3.11.6/lib/python3.11/site-packages/airflow/example_dags/example_trigger_controller_dag.py for tasks to queue
[2025-06-13T14:34:33.886-0400] {logging_mixin.py:190} INFO - [2025-06-13T14:34:33.886-0400] {dagbag.py:588} INFO - Filling up the DagBag from /Users/pranavr/.pyenv/versions/3.11.6/lib/python3.11/site-packages/airflow/example_dags/example_trigger_controller_dag.py
[2025-06-13T14:34:33.892-0400] {processor.py:925} INFO - DAG(s) 'example_trigger_controller_dag' retrieved from /Users/pranavr/.pyenv/versions/3.11.6/lib/python3.11/site-packages/airflow/example_dags/example_trigger_controller_dag.py
[2025-06-13T14:34:33.975-0400] {logging_mixin.py:190} INFO - [2025-06-13T14:34:33.975-0400] {dag.py:3239} INFO - Sync 1 DAGs
[2025-06-13T14:34:33.983-0400] {logging_mixin.py:190} INFO - [2025-06-13T14:34:33.982-0400] {dag.py:4180} INFO - Setting next_dagrun for example_trigger_controller_dag to 2021-01-01T00:00:00+00:00, run_after=2021-01-01T00:00:00+00:00
[2025-06-13T14:34:33.992-0400] {processor.py:208} INFO - Processing /Users/pranavr/.pyenv/versions/3.11.6/lib/python3.11/site-packages/airflow/example_dags/example_trigger_controller_dag.py took 110.645 seconds
[2025-06-13T14:36:06.265-0400] {processor.py:186} INFO - Started process (PID=10824) to work on /Users/pranavr/.pyenv/versions/3.11.6/lib/python3.11/site-packages/airflow/example_dags/example_trigger_controller_dag.py
[2025-06-13T14:36:06.267-0400] {processor.py:914} INFO - Processing file /Users/pranavr/.pyenv/versions/3.11.6/lib/python3.11/site-packages/airflow/example_dags/example_trigger_controller_dag.py for tasks to queue
[2025-06-13T14:36:06.268-0400] {logging_mixin.py:190} INFO - [2025-06-13T14:36:06.268-0400] {dagbag.py:588} INFO - Filling up the DagBag from /Users/pranavr/.pyenv/versions/3.11.6/lib/python3.11/site-packages/airflow/example_dags/example_trigger_controller_dag.py
[2025-06-13T14:36:06.274-0400] {processor.py:925} INFO - DAG(s) 'example_trigger_controller_dag' retrieved from /Users/pranavr/.pyenv/versions/3.11.6/lib/python3.11/site-packages/airflow/example_dags/example_trigger_controller_dag.py
[2025-06-13T14:36:06.368-0400] {logging_mixin.py:190} INFO - [2025-06-13T14:36:06.368-0400] {dag.py:3239} INFO - Sync 1 DAGs
[2025-06-13T14:36:06.376-0400] {logging_mixin.py:190} INFO - [2025-06-13T14:36:06.376-0400] {dag.py:4180} INFO - Setting next_dagrun for example_trigger_controller_dag to 2021-01-01T00:00:00+00:00, run_after=2021-01-01T00:00:00+00:00
[2025-06-13T14:36:06.386-0400] {processor.py:208} INFO - Processing /Users/pranavr/.pyenv/versions/3.11.6/lib/python3.11/site-packages/airflow/example_dags/example_trigger_controller_dag.py took 122.672 seconds
[2025-06-13T14:37:36.453-0400] {processor.py:186} INFO - Started process (PID=11103) to work on /Users/pranavr/.pyenv/versions/3.11.6/lib/python3.11/site-packages/airflow/example_dags/example_trigger_controller_dag.py
[2025-06-13T14:37:36.455-0400] {processor.py:914} INFO - Processing file /Users/pranavr/.pyenv/versions/3.11.6/lib/python3.11/site-packages/airflow/example_dags/example_trigger_controller_dag.py for tasks to queue
[2025-06-13T14:37:36.456-0400] {logging_mixin.py:190} INFO - [2025-06-13T14:37:36.456-0400] {dagbag.py:588} INFO - Filling up the DagBag from /Users/pranavr/.pyenv/versions/3.11.6/lib/python3.11/site-packages/airflow/example_dags/example_trigger_controller_dag.py
[2025-06-13T14:37:36.462-0400] {processor.py:925} INFO - DAG(s) 'example_trigger_controller_dag' retrieved from /Users/pranavr/.pyenv/versions/3.11.6/lib/python3.11/site-packages/airflow/example_dags/example_trigger_controller_dag.py
[2025-06-13T14:37:36.545-0400] {logging_mixin.py:190} INFO - [2025-06-13T14:37:36.544-0400] {dag.py:3239} INFO - Sync 1 DAGs
[2025-06-13T14:37:36.552-0400] {logging_mixin.py:190} INFO - [2025-06-13T14:37:36.552-0400] {dag.py:4180} INFO - Setting next_dagrun for example_trigger_controller_dag to 2021-01-01T00:00:00+00:00, run_after=2021-01-01T00:00:00+00:00
[2025-06-13T14:37:36.561-0400] {processor.py:208} INFO - Processing /Users/pranavr/.pyenv/versions/3.11.6/lib/python3.11/site-packages/airflow/example_dags/example_trigger_controller_dag.py took 109.404 seconds
[2025-06-13T14:39:05.133-0400] {processor.py:186} INFO - Started process (PID=11284) to work on /Users/pranavr/.pyenv/versions/3.11.6/lib/python3.11/site-packages/airflow/example_dags/example_trigger_controller_dag.py
[2025-06-13T14:39:05.134-0400] {processor.py:914} INFO - Processing file /Users/pranavr/.pyenv/versions/3.11.6/lib/python3.11/site-packages/airflow/example_dags/example_trigger_controller_dag.py for tasks to queue
[2025-06-13T14:39:05.135-0400] {logging_mixin.py:190} INFO - [2025-06-13T14:39:05.135-0400] {dagbag.py:588} INFO - Filling up the DagBag from /Users/pranavr/.pyenv/versions/3.11.6/lib/python3.11/site-packages/airflow/example_dags/example_trigger_controller_dag.py
[2025-06-13T14:39:05.140-0400] {processor.py:925} INFO - DAG(s) 'example_trigger_controller_dag' retrieved from /Users/pranavr/.pyenv/versions/3.11.6/lib/python3.11/site-packages/airflow/example_dags/example_trigger_controller_dag.py
[2025-06-13T14:39:05.209-0400] {logging_mixin.py:190} INFO - [2025-06-13T14:39:05.209-0400] {dag.py:3239} INFO - Sync 1 DAGs
[2025-06-13T14:39:05.215-0400] {logging_mixin.py:190} INFO - [2025-06-13T14:39:05.215-0400] {dag.py:4180} INFO - Setting next_dagrun for example_trigger_controller_dag to 2021-01-01T00:00:00+00:00, run_after=2021-01-01T00:00:00+00:00
[2025-06-13T14:39:05.223-0400] {processor.py:208} INFO - Processing /Users/pranavr/.pyenv/versions/3.11.6/lib/python3.11/site-packages/airflow/example_dags/example_trigger_controller_dag.py took 91.624 seconds
[2025-06-13T14:40:25.071-0400] {processor.py:186} INFO - Started process (PID=11573) to work on /Users/pranavr/.pyenv/versions/3.11.6/lib/python3.11/site-packages/airflow/example_dags/example_trigger_controller_dag.py
[2025-06-13T14:40:25.073-0400] {processor.py:914} INFO - Processing file /Users/pranavr/.pyenv/versions/3.11.6/lib/python3.11/site-packages/airflow/example_dags/example_trigger_controller_dag.py for tasks to queue
[2025-06-13T14:40:25.074-0400] {logging_mixin.py:190} INFO - [2025-06-13T14:40:25.074-0400] {dagbag.py:588} INFO - Filling up the DagBag from /Users/pranavr/.pyenv/versions/3.11.6/lib/python3.11/site-packages/airflow/example_dags/example_trigger_controller_dag.py
[2025-06-13T14:40:25.078-0400] {processor.py:925} INFO - DAG(s) 'example_trigger_controller_dag' retrieved from /Users/pranavr/.pyenv/versions/3.11.6/lib/python3.11/site-packages/airflow/example_dags/example_trigger_controller_dag.py
[2025-06-13T14:40:25.143-0400] {logging_mixin.py:190} INFO - [2025-06-13T14:40:25.142-0400] {dag.py:3239} INFO - Sync 1 DAGs
[2025-06-13T14:40:25.149-0400] {logging_mixin.py:190} INFO - [2025-06-13T14:40:25.149-0400] {dag.py:4180} INFO - Setting next_dagrun for example_trigger_controller_dag to 2021-01-01T00:00:00+00:00, run_after=2021-01-01T00:00:00+00:00
[2025-06-13T14:40:25.157-0400] {processor.py:208} INFO - Processing /Users/pranavr/.pyenv/versions/3.11.6/lib/python3.11/site-packages/airflow/example_dags/example_trigger_controller_dag.py took 86.855 seconds
[2025-06-13T14:41:42.636-0400] {processor.py:186} INFO - Started process (PID=11765) to work on /Users/pranavr/.pyenv/versions/3.11.6/lib/python3.11/site-packages/airflow/example_dags/example_trigger_controller_dag.py
[2025-06-13T14:41:42.638-0400] {processor.py:914} INFO - Processing file /Users/pranavr/.pyenv/versions/3.11.6/lib/python3.11/site-packages/airflow/example_dags/example_trigger_controller_dag.py for tasks to queue
[2025-06-13T14:41:42.639-0400] {logging_mixin.py:190} INFO - [2025-06-13T14:41:42.639-0400] {dagbag.py:588} INFO - Filling up the DagBag from /Users/pranavr/.pyenv/versions/3.11.6/lib/python3.11/site-packages/airflow/example_dags/example_trigger_controller_dag.py
[2025-06-13T14:41:42.643-0400] {processor.py:925} INFO - DAG(s) 'example_trigger_controller_dag' retrieved from /Users/pranavr/.pyenv/versions/3.11.6/lib/python3.11/site-packages/airflow/example_dags/example_trigger_controller_dag.py
[2025-06-13T14:41:42.714-0400] {logging_mixin.py:190} INFO - [2025-06-13T14:41:42.714-0400] {dag.py:3239} INFO - Sync 1 DAGs
[2025-06-13T14:41:42.722-0400] {logging_mixin.py:190} INFO - [2025-06-13T14:41:42.721-0400] {dag.py:4180} INFO - Setting next_dagrun for example_trigger_controller_dag to 2021-01-01T00:00:00+00:00, run_after=2021-01-01T00:00:00+00:00
[2025-06-13T14:41:42.730-0400] {processor.py:208} INFO - Processing /Users/pranavr/.pyenv/versions/3.11.6/lib/python3.11/site-packages/airflow/example_dags/example_trigger_controller_dag.py took 95.029 seconds
[2025-06-13T14:42:55.946-0400] {processor.py:186} INFO - Started process (PID=11900) to work on /Users/pranavr/.pyenv/versions/3.11.6/lib/python3.11/site-packages/airflow/example_dags/example_trigger_controller_dag.py
[2025-06-13T14:42:55.948-0400] {processor.py:914} INFO - Processing file /Users/pranavr/.pyenv/versions/3.11.6/lib/python3.11/site-packages/airflow/example_dags/example_trigger_controller_dag.py for tasks to queue
[2025-06-13T14:42:55.948-0400] {logging_mixin.py:190} INFO - [2025-06-13T14:42:55.948-0400] {dagbag.py:588} INFO - Filling up the DagBag from /Users/pranavr/.pyenv/versions/3.11.6/lib/python3.11/site-packages/airflow/example_dags/example_trigger_controller_dag.py
[2025-06-13T14:42:55.952-0400] {processor.py:925} INFO - DAG(s) 'example_trigger_controller_dag' retrieved from /Users/pranavr/.pyenv/versions/3.11.6/lib/python3.11/site-packages/airflow/example_dags/example_trigger_controller_dag.py
[2025-06-13T14:42:56.015-0400] {logging_mixin.py:190} INFO - [2025-06-13T14:42:56.015-0400] {dag.py:3239} INFO - Sync 1 DAGs
[2025-06-13T14:42:56.022-0400] {logging_mixin.py:190} INFO - [2025-06-13T14:42:56.022-0400] {dag.py:4180} INFO - Setting next_dagrun for example_trigger_controller_dag to 2021-01-01T00:00:00+00:00, run_after=2021-01-01T00:00:00+00:00
[2025-06-13T14:42:56.029-0400] {processor.py:208} INFO - Processing /Users/pranavr/.pyenv/versions/3.11.6/lib/python3.11/site-packages/airflow/example_dags/example_trigger_controller_dag.py took 84.275 seconds
[2025-06-13T14:44:07.379-0400] {processor.py:186} INFO - Started process (PID=12023) to work on /Users/pranavr/.pyenv/versions/3.11.6/lib/python3.11/site-packages/airflow/example_dags/example_trigger_controller_dag.py
[2025-06-13T14:44:07.381-0400] {processor.py:914} INFO - Processing file /Users/pranavr/.pyenv/versions/3.11.6/lib/python3.11/site-packages/airflow/example_dags/example_trigger_controller_dag.py for tasks to queue
[2025-06-13T14:44:07.381-0400] {logging_mixin.py:190} INFO - [2025-06-13T14:44:07.381-0400] {dagbag.py:588} INFO - Filling up the DagBag from /Users/pranavr/.pyenv/versions/3.11.6/lib/python3.11/site-packages/airflow/example_dags/example_trigger_controller_dag.py
[2025-06-13T14:44:07.385-0400] {processor.py:925} INFO - DAG(s) 'example_trigger_controller_dag' retrieved from /Users/pranavr/.pyenv/versions/3.11.6/lib/python3.11/site-packages/airflow/example_dags/example_trigger_controller_dag.py
[2025-06-13T14:44:07.448-0400] {logging_mixin.py:190} INFO - [2025-06-13T14:44:07.448-0400] {dag.py:3239} INFO - Sync 1 DAGs
[2025-06-13T14:44:07.454-0400] {logging_mixin.py:190} INFO - [2025-06-13T14:44:07.454-0400] {dag.py:4180} INFO - Setting next_dagrun for example_trigger_controller_dag to 2021-01-01T00:00:00+00:00, run_after=2021-01-01T00:00:00+00:00
[2025-06-13T14:44:07.461-0400] {processor.py:208} INFO - Processing /Users/pranavr/.pyenv/versions/3.11.6/lib/python3.11/site-packages/airflow/example_dags/example_trigger_controller_dag.py took 83.253 seconds
[2025-06-13T14:45:21.832-0400] {processor.py:186} INFO - Started process (PID=12184) to work on /Users/pranavr/.pyenv/versions/3.11.6/lib/python3.11/site-packages/airflow/example_dags/example_trigger_controller_dag.py
[2025-06-13T14:45:21.834-0400] {processor.py:914} INFO - Processing file /Users/pranavr/.pyenv/versions/3.11.6/lib/python3.11/site-packages/airflow/example_dags/example_trigger_controller_dag.py for tasks to queue
[2025-06-13T14:45:21.835-0400] {logging_mixin.py:190} INFO - [2025-06-13T14:45:21.834-0400] {dagbag.py:588} INFO - Filling up the DagBag from /Users/pranavr/.pyenv/versions/3.11.6/lib/python3.11/site-packages/airflow/example_dags/example_trigger_controller_dag.py
[2025-06-13T14:45:21.839-0400] {processor.py:925} INFO - DAG(s) 'example_trigger_controller_dag' retrieved from /Users/pranavr/.pyenv/versions/3.11.6/lib/python3.11/site-packages/airflow/example_dags/example_trigger_controller_dag.py
[2025-06-13T14:45:21.904-0400] {logging_mixin.py:190} INFO - [2025-06-13T14:45:21.904-0400] {dag.py:3239} INFO - Sync 1 DAGs
[2025-06-13T14:45:21.911-0400] {logging_mixin.py:190} INFO - [2025-06-13T14:45:21.910-0400] {dag.py:4180} INFO - Setting next_dagrun for example_trigger_controller_dag to 2021-01-01T00:00:00+00:00, run_after=2021-01-01T00:00:00+00:00
[2025-06-13T14:45:21.918-0400] {processor.py:208} INFO - Processing /Users/pranavr/.pyenv/versions/3.11.6/lib/python3.11/site-packages/airflow/example_dags/example_trigger_controller_dag.py took 86.535 seconds
[2025-06-13T14:46:34.404-0400] {processor.py:186} INFO - Started process (PID=12337) to work on /Users/pranavr/.pyenv/versions/3.11.6/lib/python3.11/site-packages/airflow/example_dags/example_trigger_controller_dag.py
[2025-06-13T14:46:34.406-0400] {processor.py:914} INFO - Processing file /Users/pranavr/.pyenv/versions/3.11.6/lib/python3.11/site-packages/airflow/example_dags/example_trigger_controller_dag.py for tasks to queue
[2025-06-13T14:46:34.406-0400] {logging_mixin.py:190} INFO - [2025-06-13T14:46:34.406-0400] {dagbag.py:588} INFO - Filling up the DagBag from /Users/pranavr/.pyenv/versions/3.11.6/lib/python3.11/site-packages/airflow/example_dags/example_trigger_controller_dag.py
[2025-06-13T14:46:34.410-0400] {processor.py:925} INFO - DAG(s) 'example_trigger_controller_dag' retrieved from /Users/pranavr/.pyenv/versions/3.11.6/lib/python3.11/site-packages/airflow/example_dags/example_trigger_controller_dag.py
[2025-06-13T14:46:34.470-0400] {logging_mixin.py:190} INFO - [2025-06-13T14:46:34.470-0400] {dag.py:3239} INFO - Sync 1 DAGs
[2025-06-13T14:46:34.476-0400] {logging_mixin.py:190} INFO - [2025-06-13T14:46:34.476-0400] {dag.py:4180} INFO - Setting next_dagrun for example_trigger_controller_dag to 2021-01-01T00:00:00+00:00, run_after=2021-01-01T00:00:00+00:00
[2025-06-13T14:46:34.483-0400] {processor.py:208} INFO - Processing /Users/pranavr/.pyenv/versions/3.11.6/lib/python3.11/site-packages/airflow/example_dags/example_trigger_controller_dag.py took 80.210 seconds
[2025-06-13T14:47:45.355-0400] {processor.py:186} INFO - Started process (PID=12426) to work on /Users/pranavr/.pyenv/versions/3.11.6/lib/python3.11/site-packages/airflow/example_dags/example_trigger_controller_dag.py
[2025-06-13T14:47:45.357-0400] {processor.py:914} INFO - Processing file /Users/pranavr/.pyenv/versions/3.11.6/lib/python3.11/site-packages/airflow/example_dags/example_trigger_controller_dag.py for tasks to queue
[2025-06-13T14:47:45.358-0400] {logging_mixin.py:190} INFO - [2025-06-13T14:47:45.358-0400] {dagbag.py:588} INFO - Filling up the DagBag from /Users/pranavr/.pyenv/versions/3.11.6/lib/python3.11/site-packages/airflow/example_dags/example_trigger_controller_dag.py
[2025-06-13T14:47:45.362-0400] {processor.py:925} INFO - DAG(s) 'example_trigger_controller_dag' retrieved from /Users/pranavr/.pyenv/versions/3.11.6/lib/python3.11/site-packages/airflow/example_dags/example_trigger_controller_dag.py
[2025-06-13T14:47:45.430-0400] {logging_mixin.py:190} INFO - [2025-06-13T14:47:45.430-0400] {dag.py:3239} INFO - Sync 1 DAGs
[2025-06-13T14:47:45.437-0400] {logging_mixin.py:190} INFO - [2025-06-13T14:47:45.437-0400] {dag.py:4180} INFO - Setting next_dagrun for example_trigger_controller_dag to 2021-01-01T00:00:00+00:00, run_after=2021-01-01T00:00:00+00:00
[2025-06-13T14:47:45.444-0400] {processor.py:208} INFO - Processing /Users/pranavr/.pyenv/versions/3.11.6/lib/python3.11/site-packages/airflow/example_dags/example_trigger_controller_dag.py took 89.771 seconds
[2025-06-13T14:49:03.472-0400] {processor.py:186} INFO - Started process (PID=12539) to work on /Users/pranavr/.pyenv/versions/3.11.6/lib/python3.11/site-packages/airflow/example_dags/example_trigger_controller_dag.py
[2025-06-13T14:49:03.474-0400] {processor.py:914} INFO - Processing file /Users/pranavr/.pyenv/versions/3.11.6/lib/python3.11/site-packages/airflow/example_dags/example_trigger_controller_dag.py for tasks to queue
[2025-06-13T14:49:03.474-0400] {logging_mixin.py:190} INFO - [2025-06-13T14:49:03.474-0400] {dagbag.py:588} INFO - Filling up the DagBag from /Users/pranavr/.pyenv/versions/3.11.6/lib/python3.11/site-packages/airflow/example_dags/example_trigger_controller_dag.py
[2025-06-13T14:49:03.478-0400] {processor.py:925} INFO - DAG(s) 'example_trigger_controller_dag' retrieved from /Users/pranavr/.pyenv/versions/3.11.6/lib/python3.11/site-packages/airflow/example_dags/example_trigger_controller_dag.py
[2025-06-13T14:49:03.545-0400] {logging_mixin.py:190} INFO - [2025-06-13T14:49:03.545-0400] {dag.py:3239} INFO - Sync 1 DAGs
[2025-06-13T14:49:03.551-0400] {logging_mixin.py:190} INFO - [2025-06-13T14:49:03.551-0400] {dag.py:4180} INFO - Setting next_dagrun for example_trigger_controller_dag to 2021-01-01T00:00:00+00:00, run_after=2021-01-01T00:00:00+00:00
[2025-06-13T14:49:03.559-0400] {processor.py:208} INFO - Processing /Users/pranavr/.pyenv/versions/3.11.6/lib/python3.11/site-packages/airflow/example_dags/example_trigger_controller_dag.py took 88.673 seconds
[2025-06-13T14:50:16.524-0400] {processor.py:186} INFO - Started process (PID=12690) to work on /Users/pranavr/.pyenv/versions/3.11.6/lib/python3.11/site-packages/airflow/example_dags/example_trigger_controller_dag.py
[2025-06-13T14:50:16.527-0400] {processor.py:914} INFO - Processing file /Users/pranavr/.pyenv/versions/3.11.6/lib/python3.11/site-packages/airflow/example_dags/example_trigger_controller_dag.py for tasks to queue
[2025-06-13T14:50:16.527-0400] {logging_mixin.py:190} INFO - [2025-06-13T14:50:16.527-0400] {dagbag.py:588} INFO - Filling up the DagBag from /Users/pranavr/.pyenv/versions/3.11.6/lib/python3.11/site-packages/airflow/example_dags/example_trigger_controller_dag.py
[2025-06-13T14:50:16.532-0400] {processor.py:925} INFO - DAG(s) 'example_trigger_controller_dag' retrieved from /Users/pranavr/.pyenv/versions/3.11.6/lib/python3.11/site-packages/airflow/example_dags/example_trigger_controller_dag.py
[2025-06-13T14:50:16.591-0400] {logging_mixin.py:190} INFO - [2025-06-13T14:50:16.591-0400] {dag.py:3239} INFO - Sync 1 DAGs
[2025-06-13T14:50:16.597-0400] {logging_mixin.py:190} INFO - [2025-06-13T14:50:16.597-0400] {dag.py:4180} INFO - Setting next_dagrun for example_trigger_controller_dag to 2021-01-01T00:00:00+00:00, run_after=2021-01-01T00:00:00+00:00
[2025-06-13T14:50:16.604-0400] {processor.py:208} INFO - Processing /Users/pranavr/.pyenv/versions/3.11.6/lib/python3.11/site-packages/airflow/example_dags/example_trigger_controller_dag.py took 80.818 seconds
[2025-06-13T14:51:29.727-0400] {processor.py:186} INFO - Started process (PID=12808) to work on /Users/pranavr/.pyenv/versions/3.11.6/lib/python3.11/site-packages/airflow/example_dags/example_trigger_controller_dag.py
[2025-06-13T14:51:29.729-0400] {processor.py:914} INFO - Processing file /Users/pranavr/.pyenv/versions/3.11.6/lib/python3.11/site-packages/airflow/example_dags/example_trigger_controller_dag.py for tasks to queue
[2025-06-13T14:51:29.729-0400] {logging_mixin.py:190} INFO - [2025-06-13T14:51:29.729-0400] {dagbag.py:588} INFO - Filling up the DagBag from /Users/pranavr/.pyenv/versions/3.11.6/lib/python3.11/site-packages/airflow/example_dags/example_trigger_controller_dag.py
[2025-06-13T14:51:29.734-0400] {processor.py:925} INFO - DAG(s) 'example_trigger_controller_dag' retrieved from /Users/pranavr/.pyenv/versions/3.11.6/lib/python3.11/site-packages/airflow/example_dags/example_trigger_controller_dag.py
[2025-06-13T14:51:29.800-0400] {logging_mixin.py:190} INFO - [2025-06-13T14:51:29.800-0400] {dag.py:3239} INFO - Sync 1 DAGs
[2025-06-13T14:51:29.807-0400] {logging_mixin.py:190} INFO - [2025-06-13T14:51:29.807-0400] {dag.py:4180} INFO - Setting next_dagrun for example_trigger_controller_dag to 2021-01-01T00:00:00+00:00, run_after=2021-01-01T00:00:00+00:00
[2025-06-13T14:51:29.815-0400] {processor.py:208} INFO - Processing /Users/pranavr/.pyenv/versions/3.11.6/lib/python3.11/site-packages/airflow/example_dags/example_trigger_controller_dag.py took 89.183 seconds
[2025-06-13T14:52:44.597-0400] {processor.py:186} INFO - Started process (PID=14035) to work on /Users/pranavr/.pyenv/versions/3.11.6/lib/python3.11/site-packages/airflow/example_dags/example_trigger_controller_dag.py
[2025-06-13T14:52:44.600-0400] {processor.py:914} INFO - Processing file /Users/pranavr/.pyenv/versions/3.11.6/lib/python3.11/site-packages/airflow/example_dags/example_trigger_controller_dag.py for tasks to queue
[2025-06-13T14:52:44.600-0400] {logging_mixin.py:190} INFO - [2025-06-13T14:52:44.600-0400] {dagbag.py:588} INFO - Filling up the DagBag from /Users/pranavr/.pyenv/versions/3.11.6/lib/python3.11/site-packages/airflow/example_dags/example_trigger_controller_dag.py
[2025-06-13T14:52:44.604-0400] {processor.py:925} INFO - DAG(s) 'example_trigger_controller_dag' retrieved from /Users/pranavr/.pyenv/versions/3.11.6/lib/python3.11/site-packages/airflow/example_dags/example_trigger_controller_dag.py
[2025-06-13T14:52:44.666-0400] {logging_mixin.py:190} INFO - [2025-06-13T14:52:44.666-0400] {dag.py:3239} INFO - Sync 1 DAGs
[2025-06-13T14:52:44.672-0400] {logging_mixin.py:190} INFO - [2025-06-13T14:52:44.672-0400] {dag.py:4180} INFO - Setting next_dagrun for example_trigger_controller_dag to 2021-01-01T00:00:00+00:00, run_after=2021-01-01T00:00:00+00:00
[2025-06-13T14:52:44.679-0400] {processor.py:208} INFO - Processing /Users/pranavr/.pyenv/versions/3.11.6/lib/python3.11/site-packages/airflow/example_dags/example_trigger_controller_dag.py took 83.494 seconds
[2025-06-13T14:53:58.003-0400] {processor.py:186} INFO - Started process (PID=14127) to work on /Users/pranavr/.pyenv/versions/3.11.6/lib/python3.11/site-packages/airflow/example_dags/example_trigger_controller_dag.py
[2025-06-13T14:53:58.005-0400] {processor.py:914} INFO - Processing file /Users/pranavr/.pyenv/versions/3.11.6/lib/python3.11/site-packages/airflow/example_dags/example_trigger_controller_dag.py for tasks to queue
[2025-06-13T14:53:58.005-0400] {logging_mixin.py:190} INFO - [2025-06-13T14:53:58.005-0400] {dagbag.py:588} INFO - Filling up the DagBag from /Users/pranavr/.pyenv/versions/3.11.6/lib/python3.11/site-packages/airflow/example_dags/example_trigger_controller_dag.py
[2025-06-13T14:53:58.010-0400] {processor.py:925} INFO - DAG(s) 'example_trigger_controller_dag' retrieved from /Users/pranavr/.pyenv/versions/3.11.6/lib/python3.11/site-packages/airflow/example_dags/example_trigger_controller_dag.py
[2025-06-13T14:53:58.076-0400] {logging_mixin.py:190} INFO - [2025-06-13T14:53:58.076-0400] {dag.py:3239} INFO - Sync 1 DAGs
[2025-06-13T14:53:58.083-0400] {logging_mixin.py:190} INFO - [2025-06-13T14:53:58.083-0400] {dag.py:4180} INFO - Setting next_dagrun for example_trigger_controller_dag to 2021-01-01T00:00:00+00:00, run_after=2021-01-01T00:00:00+00:00
[2025-06-13T14:53:58.090-0400] {processor.py:208} INFO - Processing /Users/pranavr/.pyenv/versions/3.11.6/lib/python3.11/site-packages/airflow/example_dags/example_trigger_controller_dag.py took 88.477 seconds
[2025-06-13T14:55:16.403-0400] {processor.py:186} INFO - Started process (PID=14242) to work on /Users/pranavr/.pyenv/versions/3.11.6/lib/python3.11/site-packages/airflow/example_dags/example_trigger_controller_dag.py
[2025-06-13T14:55:16.406-0400] {processor.py:914} INFO - Processing file /Users/pranavr/.pyenv/versions/3.11.6/lib/python3.11/site-packages/airflow/example_dags/example_trigger_controller_dag.py for tasks to queue
[2025-06-13T14:55:16.406-0400] {logging_mixin.py:190} INFO - [2025-06-13T14:55:16.406-0400] {dagbag.py:588} INFO - Filling up the DagBag from /Users/pranavr/.pyenv/versions/3.11.6/lib/python3.11/site-packages/airflow/example_dags/example_trigger_controller_dag.py
[2025-06-13T14:55:16.410-0400] {processor.py:925} INFO - DAG(s) 'example_trigger_controller_dag' retrieved from /Users/pranavr/.pyenv/versions/3.11.6/lib/python3.11/site-packages/airflow/example_dags/example_trigger_controller_dag.py
[2025-06-13T14:55:16.473-0400] {logging_mixin.py:190} INFO - [2025-06-13T14:55:16.473-0400] {dag.py:3239} INFO - Sync 1 DAGs
[2025-06-13T14:55:16.480-0400] {logging_mixin.py:190} INFO - [2025-06-13T14:55:16.480-0400] {dag.py:4180} INFO - Setting next_dagrun for example_trigger_controller_dag to 2021-01-01T00:00:00+00:00, run_after=2021-01-01T00:00:00+00:00
[2025-06-13T14:55:16.487-0400] {processor.py:208} INFO - Processing /Users/pranavr/.pyenv/versions/3.11.6/lib/python3.11/site-packages/airflow/example_dags/example_trigger_controller_dag.py took 84.585 seconds
[2025-06-13T14:56:33.934-0400] {processor.py:186} INFO - Started process (PID=14392) to work on /Users/pranavr/.pyenv/versions/3.11.6/lib/python3.11/site-packages/airflow/example_dags/example_trigger_controller_dag.py
[2025-06-13T14:56:33.936-0400] {processor.py:914} INFO - Processing file /Users/pranavr/.pyenv/versions/3.11.6/lib/python3.11/site-packages/airflow/example_dags/example_trigger_controller_dag.py for tasks to queue
[2025-06-13T14:56:33.937-0400] {logging_mixin.py:190} INFO - [2025-06-13T14:56:33.937-0400] {dagbag.py:588} INFO - Filling up the DagBag from /Users/pranavr/.pyenv/versions/3.11.6/lib/python3.11/site-packages/airflow/example_dags/example_trigger_controller_dag.py
[2025-06-13T14:56:33.941-0400] {processor.py:925} INFO - DAG(s) 'example_trigger_controller_dag' retrieved from /Users/pranavr/.pyenv/versions/3.11.6/lib/python3.11/site-packages/airflow/example_dags/example_trigger_controller_dag.py
[2025-06-13T14:56:34.000-0400] {logging_mixin.py:190} INFO - [2025-06-13T14:56:34.000-0400] {dag.py:3239} INFO - Sync 1 DAGs
[2025-06-13T14:56:34.006-0400] {logging_mixin.py:190} INFO - [2025-06-13T14:56:34.006-0400] {dag.py:4180} INFO - Setting next_dagrun for example_trigger_controller_dag to 2021-01-01T00:00:00+00:00, run_after=2021-01-01T00:00:00+00:00
[2025-06-13T14:56:34.012-0400] {processor.py:208} INFO - Processing /Users/pranavr/.pyenv/versions/3.11.6/lib/python3.11/site-packages/airflow/example_dags/example_trigger_controller_dag.py took 79.871 seconds
[2025-06-13T14:57:50.423-0400] {processor.py:186} INFO - Started process (PID=14581) to work on /Users/pranavr/.pyenv/versions/3.11.6/lib/python3.11/site-packages/airflow/example_dags/example_trigger_controller_dag.py
[2025-06-13T14:57:50.425-0400] {processor.py:914} INFO - Processing file /Users/pranavr/.pyenv/versions/3.11.6/lib/python3.11/site-packages/airflow/example_dags/example_trigger_controller_dag.py for tasks to queue
[2025-06-13T14:57:50.426-0400] {logging_mixin.py:190} INFO - [2025-06-13T14:57:50.426-0400] {dagbag.py:588} INFO - Filling up the DagBag from /Users/pranavr/.pyenv/versions/3.11.6/lib/python3.11/site-packages/airflow/example_dags/example_trigger_controller_dag.py
[2025-06-13T14:57:50.431-0400] {processor.py:925} INFO - DAG(s) 'example_trigger_controller_dag' retrieved from /Users/pranavr/.pyenv/versions/3.11.6/lib/python3.11/site-packages/airflow/example_dags/example_trigger_controller_dag.py
[2025-06-13T14:57:50.514-0400] {logging_mixin.py:190} INFO - [2025-06-13T14:57:50.513-0400] {dag.py:3239} INFO - Sync 1 DAGs
[2025-06-13T14:57:50.521-0400] {logging_mixin.py:190} INFO - [2025-06-13T14:57:50.521-0400] {dag.py:4180} INFO - Setting next_dagrun for example_trigger_controller_dag to 2021-01-01T00:00:00+00:00, run_after=2021-01-01T00:00:00+00:00
[2025-06-13T14:57:50.530-0400] {processor.py:208} INFO - Processing /Users/pranavr/.pyenv/versions/3.11.6/lib/python3.11/site-packages/airflow/example_dags/example_trigger_controller_dag.py took 108.094 seconds
[2025-06-13T14:59:14.232-0400] {processor.py:186} INFO - Started process (PID=14746) to work on /Users/pranavr/.pyenv/versions/3.11.6/lib/python3.11/site-packages/airflow/example_dags/example_trigger_controller_dag.py
[2025-06-13T14:59:14.234-0400] {processor.py:914} INFO - Processing file /Users/pranavr/.pyenv/versions/3.11.6/lib/python3.11/site-packages/airflow/example_dags/example_trigger_controller_dag.py for tasks to queue
[2025-06-13T14:59:14.234-0400] {logging_mixin.py:190} INFO - [2025-06-13T14:59:14.234-0400] {dagbag.py:588} INFO - Filling up the DagBag from /Users/pranavr/.pyenv/versions/3.11.6/lib/python3.11/site-packages/airflow/example_dags/example_trigger_controller_dag.py
[2025-06-13T14:59:14.239-0400] {processor.py:925} INFO - DAG(s) 'example_trigger_controller_dag' retrieved from /Users/pranavr/.pyenv/versions/3.11.6/lib/python3.11/site-packages/airflow/example_dags/example_trigger_controller_dag.py
[2025-06-13T14:59:14.307-0400] {logging_mixin.py:190} INFO - [2025-06-13T14:59:14.307-0400] {dag.py:3239} INFO - Sync 1 DAGs
[2025-06-13T14:59:14.314-0400] {logging_mixin.py:190} INFO - [2025-06-13T14:59:14.314-0400] {dag.py:4180} INFO - Setting next_dagrun for example_trigger_controller_dag to 2021-01-01T00:00:00+00:00, run_after=2021-01-01T00:00:00+00:00
[2025-06-13T14:59:14.323-0400] {processor.py:208} INFO - Processing /Users/pranavr/.pyenv/versions/3.11.6/lib/python3.11/site-packages/airflow/example_dags/example_trigger_controller_dag.py took 92.867 seconds
[2025-06-13T15:00:44.744-0400] {processor.py:186} INFO - Started process (PID=15078) to work on /Users/pranavr/.pyenv/versions/3.11.6/lib/python3.11/site-packages/airflow/example_dags/example_trigger_controller_dag.py
[2025-06-13T15:00:44.747-0400] {processor.py:914} INFO - Processing file /Users/pranavr/.pyenv/versions/3.11.6/lib/python3.11/site-packages/airflow/example_dags/example_trigger_controller_dag.py for tasks to queue
[2025-06-13T15:00:44.747-0400] {logging_mixin.py:190} INFO - [2025-06-13T15:00:44.747-0400] {dagbag.py:588} INFO - Filling up the DagBag from /Users/pranavr/.pyenv/versions/3.11.6/lib/python3.11/site-packages/airflow/example_dags/example_trigger_controller_dag.py
[2025-06-13T15:00:44.753-0400] {processor.py:925} INFO - DAG(s) 'example_trigger_controller_dag' retrieved from /Users/pranavr/.pyenv/versions/3.11.6/lib/python3.11/site-packages/airflow/example_dags/example_trigger_controller_dag.py
[2025-06-13T15:00:44.825-0400] {logging_mixin.py:190} INFO - [2025-06-13T15:00:44.825-0400] {dag.py:3239} INFO - Sync 1 DAGs
[2025-06-13T15:00:44.833-0400] {logging_mixin.py:190} INFO - [2025-06-13T15:00:44.833-0400] {dag.py:4180} INFO - Setting next_dagrun for example_trigger_controller_dag to 2021-01-01T00:00:00+00:00, run_after=2021-01-01T00:00:00+00:00
[2025-06-13T15:00:44.840-0400] {processor.py:208} INFO - Processing /Users/pranavr/.pyenv/versions/3.11.6/lib/python3.11/site-packages/airflow/example_dags/example_trigger_controller_dag.py took 98.264 seconds
