[2025-06-13T14:10:30.779-0400] {processor.py:153} INFO - Started process (PID=96621) to work on /Users/pranavr/drift-retrainer/venv311/lib/python3.11/site-packages/airflow/example_dags/example_datasets.py
[2025-06-13T14:10:30.781-0400] {processor.py:743} INFO - Processing file /Users/pranavr/drift-retrainer/venv311/lib/python3.11/site-packages/airflow/example_dags/example_datasets.py for tasks to queue
[2025-06-13T14:10:30.781-0400] {logging_mixin.py:137} INFO - [2025-06-13T14:10:30.781-0400] {dagbag.py:538} INFO - Filling up the DagBag from /Users/pranavr/drift-retrainer/venv311/lib/python3.11/site-packages/airflow/example_dags/example_datasets.py
[2025-06-13T14:10:30.814-0400] {processor.py:753} INFO - DAG(s) dict_keys(['dataset_produces_1', 'dataset_consumes_1_never_scheduled', 'dataset_produces_2', 'dataset_consumes_1', 'dataset_consumes_1_and_2', 'dataset_consumes_unknown_never_scheduled']) retrieved from /Users/pranavr/drift-retrainer/venv311/lib/python3.11/site-packages/airflow/example_dags/example_datasets.py
[2025-06-13T14:10:31.377-0400] {logging_mixin.py:137} INFO - [2025-06-13T14:10:31.377-0400] {manager.py:504} INFO - Created Permission View: can read on DAG:dataset_produces_1
[2025-06-13T14:10:31.381-0400] {logging_mixin.py:137} INFO - [2025-06-13T14:10:31.380-0400] {manager.py:504} INFO - Created Permission View: can delete on DAG:dataset_produces_1
[2025-06-13T14:10:31.383-0400] {logging_mixin.py:137} INFO - [2025-06-13T14:10:31.383-0400] {manager.py:504} INFO - Created Permission View: can edit on DAG:dataset_produces_1
[2025-06-13T14:10:31.389-0400] {logging_mixin.py:137} INFO - [2025-06-13T14:10:31.389-0400] {manager.py:504} INFO - Created Permission View: can read on DAG:dataset_consumes_1_never_scheduled
[2025-06-13T14:10:31.392-0400] {logging_mixin.py:137} INFO - [2025-06-13T14:10:31.392-0400] {manager.py:504} INFO - Created Permission View: can delete on DAG:dataset_consumes_1_never_scheduled
[2025-06-13T14:10:31.396-0400] {logging_mixin.py:137} INFO - [2025-06-13T14:10:31.396-0400] {manager.py:504} INFO - Created Permission View: can edit on DAG:dataset_consumes_1_never_scheduled
[2025-06-13T14:10:31.405-0400] {logging_mixin.py:137} INFO - [2025-06-13T14:10:31.405-0400] {manager.py:504} INFO - Created Permission View: can read on DAG:dataset_produces_2
[2025-06-13T14:10:31.407-0400] {logging_mixin.py:137} INFO - [2025-06-13T14:10:31.407-0400] {manager.py:504} INFO - Created Permission View: can delete on DAG:dataset_produces_2
[2025-06-13T14:10:31.409-0400] {logging_mixin.py:137} INFO - [2025-06-13T14:10:31.409-0400] {manager.py:504} INFO - Created Permission View: can edit on DAG:dataset_produces_2
[2025-06-13T14:10:31.414-0400] {logging_mixin.py:137} INFO - [2025-06-13T14:10:31.414-0400] {manager.py:504} INFO - Created Permission View: can read on DAG:dataset_consumes_1
[2025-06-13T14:10:31.416-0400] {logging_mixin.py:137} INFO - [2025-06-13T14:10:31.416-0400] {manager.py:504} INFO - Created Permission View: can delete on DAG:dataset_consumes_1
[2025-06-13T14:10:31.418-0400] {logging_mixin.py:137} INFO - [2025-06-13T14:10:31.418-0400] {manager.py:504} INFO - Created Permission View: can edit on DAG:dataset_consumes_1
[2025-06-13T14:10:31.424-0400] {logging_mixin.py:137} INFO - [2025-06-13T14:10:31.424-0400] {manager.py:504} INFO - Created Permission View: can read on DAG:dataset_consumes_1_and_2
[2025-06-13T14:10:31.426-0400] {logging_mixin.py:137} INFO - [2025-06-13T14:10:31.426-0400] {manager.py:504} INFO - Created Permission View: can delete on DAG:dataset_consumes_1_and_2
[2025-06-13T14:10:31.429-0400] {logging_mixin.py:137} INFO - [2025-06-13T14:10:31.429-0400] {manager.py:504} INFO - Created Permission View: can edit on DAG:dataset_consumes_1_and_2
[2025-06-13T14:10:31.434-0400] {logging_mixin.py:137} INFO - [2025-06-13T14:10:31.434-0400] {manager.py:504} INFO - Created Permission View: can read on DAG:dataset_consumes_unknown_never_scheduled
[2025-06-13T14:10:31.436-0400] {logging_mixin.py:137} INFO - [2025-06-13T14:10:31.436-0400] {manager.py:504} INFO - Created Permission View: can delete on DAG:dataset_consumes_unknown_never_scheduled
[2025-06-13T14:10:31.439-0400] {logging_mixin.py:137} INFO - [2025-06-13T14:10:31.439-0400] {manager.py:504} INFO - Created Permission View: can edit on DAG:dataset_consumes_unknown_never_scheduled
[2025-06-13T14:10:31.439-0400] {logging_mixin.py:137} INFO - [2025-06-13T14:10:31.439-0400] {dag.py:2690} INFO - Sync 6 DAGs
[2025-06-13T14:10:31.451-0400] {logging_mixin.py:137} INFO - [2025-06-13T14:10:31.451-0400] {dag.py:2711} INFO - Creating ORM DAG for dataset_produces_2
[2025-06-13T14:10:31.451-0400] {logging_mixin.py:137} INFO - [2025-06-13T14:10:31.451-0400] {dag.py:2711} INFO - Creating ORM DAG for dataset_consumes_1_never_scheduled
[2025-06-13T14:10:31.452-0400] {logging_mixin.py:137} INFO - [2025-06-13T14:10:31.452-0400] {dag.py:2711} INFO - Creating ORM DAG for dataset_consumes_unknown_never_scheduled
[2025-06-13T14:10:31.452-0400] {logging_mixin.py:137} INFO - [2025-06-13T14:10:31.452-0400] {dag.py:2711} INFO - Creating ORM DAG for dataset_consumes_1
[2025-06-13T14:10:31.452-0400] {logging_mixin.py:137} INFO - [2025-06-13T14:10:31.452-0400] {dag.py:2711} INFO - Creating ORM DAG for dataset_consumes_1_and_2
[2025-06-13T14:10:31.452-0400] {logging_mixin.py:137} INFO - [2025-06-13T14:10:31.452-0400] {dag.py:2711} INFO - Creating ORM DAG for dataset_produces_1
[2025-06-13T14:10:31.472-0400] {logging_mixin.py:137} INFO - [2025-06-13T14:10:31.472-0400] {dag.py:3437} INFO - Setting next_dagrun for dataset_consumes_1 to None, run_after=None
[2025-06-13T14:10:31.472-0400] {logging_mixin.py:137} INFO - [2025-06-13T14:10:31.472-0400] {dag.py:3437} INFO - Setting next_dagrun for dataset_consumes_1_and_2 to None, run_after=None
[2025-06-13T14:10:31.472-0400] {logging_mixin.py:137} INFO - [2025-06-13T14:10:31.472-0400] {dag.py:3437} INFO - Setting next_dagrun for dataset_consumes_1_never_scheduled to None, run_after=None
[2025-06-13T14:10:31.472-0400] {logging_mixin.py:137} INFO - [2025-06-13T14:10:31.472-0400] {dag.py:3437} INFO - Setting next_dagrun for dataset_consumes_unknown_never_scheduled to None, run_after=None
[2025-06-13T14:10:31.481-0400] {logging_mixin.py:137} INFO - [2025-06-13T14:10:31.481-0400] {dag.py:3437} INFO - Setting next_dagrun for dataset_produces_1 to 2025-06-12T00:00:00+00:00, run_after=2025-06-13T00:00:00+00:00
[2025-06-13T14:10:31.481-0400] {logging_mixin.py:137} INFO - [2025-06-13T14:10:31.481-0400] {dag.py:3437} INFO - Setting next_dagrun for dataset_produces_2 to None, run_after=None
[2025-06-13T14:10:31.543-0400] {processor.py:175} INFO - Processing /Users/pranavr/drift-retrainer/venv311/lib/python3.11/site-packages/airflow/example_dags/example_datasets.py took 0.766 seconds
[2025-06-13T14:12:29.986-0400] {processor.py:153} INFO - Started process (PID=97736) to work on /Users/pranavr/drift-retrainer/venv311/lib/python3.11/site-packages/airflow/example_dags/example_datasets.py
[2025-06-13T14:12:29.995-0400] {processor.py:743} INFO - Processing file /Users/pranavr/drift-retrainer/venv311/lib/python3.11/site-packages/airflow/example_dags/example_datasets.py for tasks to queue
[2025-06-13T14:12:29.996-0400] {logging_mixin.py:137} INFO - [2025-06-13T14:12:29.996-0400] {dagbag.py:538} INFO - Filling up the DagBag from /Users/pranavr/drift-retrainer/venv311/lib/python3.11/site-packages/airflow/example_dags/example_datasets.py
[2025-06-13T14:12:30.019-0400] {processor.py:753} INFO - DAG(s) dict_keys(['dataset_consumes_unknown_never_scheduled', 'dataset_produces_2', 'dataset_produces_1', 'dataset_consumes_1_never_scheduled', 'dataset_consumes_1_and_2', 'dataset_consumes_1']) retrieved from /Users/pranavr/drift-retrainer/venv311/lib/python3.11/site-packages/airflow/example_dags/example_datasets.py
[2025-06-13T14:12:30.524-0400] {logging_mixin.py:137} INFO - [2025-06-13T14:12:30.524-0400] {dag.py:2690} INFO - Sync 6 DAGs
[2025-06-13T14:12:30.532-0400] {logging_mixin.py:137} INFO - [2025-06-13T14:12:30.532-0400] {dag.py:3437} INFO - Setting next_dagrun for dataset_consumes_1 to None, run_after=None
[2025-06-13T14:12:30.533-0400] {logging_mixin.py:137} INFO - [2025-06-13T14:12:30.533-0400] {dag.py:3437} INFO - Setting next_dagrun for dataset_consumes_1_and_2 to None, run_after=None
[2025-06-13T14:12:30.533-0400] {logging_mixin.py:137} INFO - [2025-06-13T14:12:30.533-0400] {dag.py:3437} INFO - Setting next_dagrun for dataset_consumes_1_never_scheduled to None, run_after=None
[2025-06-13T14:12:30.533-0400] {logging_mixin.py:137} INFO - [2025-06-13T14:12:30.533-0400] {dag.py:3437} INFO - Setting next_dagrun for dataset_consumes_unknown_never_scheduled to None, run_after=None
[2025-06-13T14:12:30.534-0400] {logging_mixin.py:137} INFO - [2025-06-13T14:12:30.534-0400] {dag.py:3437} INFO - Setting next_dagrun for dataset_produces_1 to 2025-06-12T00:00:00+00:00, run_after=2025-06-13T00:00:00+00:00
[2025-06-13T14:12:30.534-0400] {logging_mixin.py:137} INFO - [2025-06-13T14:12:30.534-0400] {dag.py:3437} INFO - Setting next_dagrun for dataset_produces_2 to None, run_after=None
[2025-06-13T14:12:30.547-0400] {processor.py:175} INFO - Processing /Users/pranavr/drift-retrainer/venv311/lib/python3.11/site-packages/airflow/example_dags/example_datasets.py took 0.561 seconds
[2025-06-13T14:14:19.516-0400] {processor.py:153} INFO - Started process (PID=98697) to work on /Users/pranavr/drift-retrainer/venv311/lib/python3.11/site-packages/airflow/example_dags/example_datasets.py
[2025-06-13T14:14:19.518-0400] {processor.py:743} INFO - Processing file /Users/pranavr/drift-retrainer/venv311/lib/python3.11/site-packages/airflow/example_dags/example_datasets.py for tasks to queue
[2025-06-13T14:14:19.518-0400] {logging_mixin.py:137} INFO - [2025-06-13T14:14:19.518-0400] {dagbag.py:538} INFO - Filling up the DagBag from /Users/pranavr/drift-retrainer/venv311/lib/python3.11/site-packages/airflow/example_dags/example_datasets.py
[2025-06-13T14:14:19.535-0400] {processor.py:753} INFO - DAG(s) dict_keys(['dataset_produces_2', 'dataset_produces_1', 'dataset_consumes_1_never_scheduled', 'dataset_consumes_1_and_2', 'dataset_consumes_1', 'dataset_consumes_unknown_never_scheduled']) retrieved from /Users/pranavr/drift-retrainer/venv311/lib/python3.11/site-packages/airflow/example_dags/example_datasets.py
[2025-06-13T14:14:20.008-0400] {logging_mixin.py:137} INFO - [2025-06-13T14:14:20.008-0400] {dag.py:2690} INFO - Sync 6 DAGs
[2025-06-13T14:14:20.015-0400] {logging_mixin.py:137} INFO - [2025-06-13T14:14:20.015-0400] {dag.py:3437} INFO - Setting next_dagrun for dataset_consumes_1 to None, run_after=None
[2025-06-13T14:14:20.015-0400] {logging_mixin.py:137} INFO - [2025-06-13T14:14:20.015-0400] {dag.py:3437} INFO - Setting next_dagrun for dataset_consumes_1_and_2 to None, run_after=None
[2025-06-13T14:14:20.016-0400] {logging_mixin.py:137} INFO - [2025-06-13T14:14:20.016-0400] {dag.py:3437} INFO - Setting next_dagrun for dataset_consumes_1_never_scheduled to None, run_after=None
[2025-06-13T14:14:20.016-0400] {logging_mixin.py:137} INFO - [2025-06-13T14:14:20.016-0400] {dag.py:3437} INFO - Setting next_dagrun for dataset_consumes_unknown_never_scheduled to None, run_after=None
[2025-06-13T14:14:20.017-0400] {logging_mixin.py:137} INFO - [2025-06-13T14:14:20.017-0400] {dag.py:3437} INFO - Setting next_dagrun for dataset_produces_1 to 2025-06-12T00:00:00+00:00, run_after=2025-06-13T00:00:00+00:00
[2025-06-13T14:14:20.018-0400] {logging_mixin.py:137} INFO - [2025-06-13T14:14:20.018-0400] {dag.py:3437} INFO - Setting next_dagrun for dataset_produces_2 to None, run_after=None
[2025-06-13T14:14:20.031-0400] {processor.py:175} INFO - Processing /Users/pranavr/drift-retrainer/venv311/lib/python3.11/site-packages/airflow/example_dags/example_datasets.py took 0.516 seconds
[2025-06-13T14:16:15.845-0400] {processor.py:153} INFO - Started process (PID=3350) to work on /Users/pranavr/drift-retrainer/venv311/lib/python3.11/site-packages/airflow/example_dags/example_datasets.py
[2025-06-13T14:16:15.848-0400] {processor.py:743} INFO - Processing file /Users/pranavr/drift-retrainer/venv311/lib/python3.11/site-packages/airflow/example_dags/example_datasets.py for tasks to queue
[2025-06-13T14:16:15.848-0400] {logging_mixin.py:137} INFO - [2025-06-13T14:16:15.848-0400] {dagbag.py:538} INFO - Filling up the DagBag from /Users/pranavr/drift-retrainer/venv311/lib/python3.11/site-packages/airflow/example_dags/example_datasets.py
[2025-06-13T14:16:15.887-0400] {processor.py:753} INFO - DAG(s) dict_keys(['dataset_produces_1', 'dataset_consumes_1', 'dataset_consumes_1_and_2', 'dataset_consumes_unknown_never_scheduled', 'dataset_produces_2', 'dataset_consumes_1_never_scheduled']) retrieved from /Users/pranavr/drift-retrainer/venv311/lib/python3.11/site-packages/airflow/example_dags/example_datasets.py
[2025-06-13T14:16:16.386-0400] {logging_mixin.py:137} INFO - [2025-06-13T14:16:16.386-0400] {dag.py:2690} INFO - Sync 6 DAGs
[2025-06-13T14:16:16.394-0400] {logging_mixin.py:137} INFO - [2025-06-13T14:16:16.394-0400] {dag.py:3437} INFO - Setting next_dagrun for dataset_consumes_1 to None, run_after=None
[2025-06-13T14:16:16.395-0400] {logging_mixin.py:137} INFO - [2025-06-13T14:16:16.395-0400] {dag.py:3437} INFO - Setting next_dagrun for dataset_consumes_1_and_2 to None, run_after=None
[2025-06-13T14:16:16.395-0400] {logging_mixin.py:137} INFO - [2025-06-13T14:16:16.395-0400] {dag.py:3437} INFO - Setting next_dagrun for dataset_consumes_1_never_scheduled to None, run_after=None
[2025-06-13T14:16:16.396-0400] {logging_mixin.py:137} INFO - [2025-06-13T14:16:16.396-0400] {dag.py:3437} INFO - Setting next_dagrun for dataset_consumes_unknown_never_scheduled to None, run_after=None
[2025-06-13T14:16:16.397-0400] {logging_mixin.py:137} INFO - [2025-06-13T14:16:16.397-0400] {dag.py:3437} INFO - Setting next_dagrun for dataset_produces_1 to 2025-06-12T00:00:00+00:00, run_after=2025-06-13T00:00:00+00:00
[2025-06-13T14:16:16.397-0400] {logging_mixin.py:137} INFO - [2025-06-13T14:16:16.397-0400] {dag.py:3437} INFO - Setting next_dagrun for dataset_produces_2 to None, run_after=None
[2025-06-13T14:16:16.410-0400] {processor.py:175} INFO - Processing /Users/pranavr/drift-retrainer/venv311/lib/python3.11/site-packages/airflow/example_dags/example_datasets.py took 0.565 seconds
[2025-06-13T14:18:07.671-0400] {processor.py:153} INFO - Started process (PID=5800) to work on /Users/pranavr/drift-retrainer/venv311/lib/python3.11/site-packages/airflow/example_dags/example_datasets.py
[2025-06-13T14:18:07.674-0400] {processor.py:743} INFO - Processing file /Users/pranavr/drift-retrainer/venv311/lib/python3.11/site-packages/airflow/example_dags/example_datasets.py for tasks to queue
[2025-06-13T14:18:07.674-0400] {logging_mixin.py:137} INFO - [2025-06-13T14:18:07.674-0400] {dagbag.py:538} INFO - Filling up the DagBag from /Users/pranavr/drift-retrainer/venv311/lib/python3.11/site-packages/airflow/example_dags/example_datasets.py
[2025-06-13T14:18:07.691-0400] {processor.py:753} INFO - DAG(s) dict_keys(['dataset_consumes_1', 'dataset_produces_1', 'dataset_consumes_1_never_scheduled', 'dataset_consumes_1_and_2', 'dataset_consumes_unknown_never_scheduled', 'dataset_produces_2']) retrieved from /Users/pranavr/drift-retrainer/venv311/lib/python3.11/site-packages/airflow/example_dags/example_datasets.py
[2025-06-13T14:18:08.204-0400] {logging_mixin.py:137} INFO - [2025-06-13T14:18:08.204-0400] {dag.py:2690} INFO - Sync 6 DAGs
[2025-06-13T14:18:08.211-0400] {logging_mixin.py:137} INFO - [2025-06-13T14:18:08.211-0400] {dag.py:3437} INFO - Setting next_dagrun for dataset_consumes_1 to None, run_after=None
[2025-06-13T14:18:08.212-0400] {logging_mixin.py:137} INFO - [2025-06-13T14:18:08.212-0400] {dag.py:3437} INFO - Setting next_dagrun for dataset_consumes_1_and_2 to None, run_after=None
[2025-06-13T14:18:08.212-0400] {logging_mixin.py:137} INFO - [2025-06-13T14:18:08.212-0400] {dag.py:3437} INFO - Setting next_dagrun for dataset_consumes_1_never_scheduled to None, run_after=None
[2025-06-13T14:18:08.213-0400] {logging_mixin.py:137} INFO - [2025-06-13T14:18:08.213-0400] {dag.py:3437} INFO - Setting next_dagrun for dataset_consumes_unknown_never_scheduled to None, run_after=None
[2025-06-13T14:18:08.214-0400] {logging_mixin.py:137} INFO - [2025-06-13T14:18:08.214-0400] {dag.py:3437} INFO - Setting next_dagrun for dataset_produces_1 to 2025-06-12T00:00:00+00:00, run_after=2025-06-13T00:00:00+00:00
[2025-06-13T14:18:08.214-0400] {logging_mixin.py:137} INFO - [2025-06-13T14:18:08.214-0400] {dag.py:3437} INFO - Setting next_dagrun for dataset_produces_2 to None, run_after=None
[2025-06-13T14:18:08.226-0400] {processor.py:175} INFO - Processing /Users/pranavr/drift-retrainer/venv311/lib/python3.11/site-packages/airflow/example_dags/example_datasets.py took 0.555 seconds
[2025-06-13T14:20:12.612-0400] {processor.py:153} INFO - Started process (PID=6646) to work on /Users/pranavr/drift-retrainer/venv311/lib/python3.11/site-packages/airflow/example_dags/example_datasets.py
[2025-06-13T14:20:12.614-0400] {processor.py:743} INFO - Processing file /Users/pranavr/drift-retrainer/venv311/lib/python3.11/site-packages/airflow/example_dags/example_datasets.py for tasks to queue
[2025-06-13T14:20:12.614-0400] {logging_mixin.py:137} INFO - [2025-06-13T14:20:12.614-0400] {dagbag.py:538} INFO - Filling up the DagBag from /Users/pranavr/drift-retrainer/venv311/lib/python3.11/site-packages/airflow/example_dags/example_datasets.py
[2025-06-13T14:20:12.632-0400] {processor.py:753} INFO - DAG(s) dict_keys(['dataset_consumes_1', 'dataset_consumes_1_never_scheduled', 'dataset_consumes_1_and_2', 'dataset_produces_1', 'dataset_produces_2', 'dataset_consumes_unknown_never_scheduled']) retrieved from /Users/pranavr/drift-retrainer/venv311/lib/python3.11/site-packages/airflow/example_dags/example_datasets.py
[2025-06-13T14:20:12.673-0400] {logging_mixin.py:137} INFO - [2025-06-13T14:20:12.673-0400] {dag.py:2690} INFO - Sync 6 DAGs
[2025-06-13T14:20:13.129-0400] {logging_mixin.py:137} INFO - [2025-06-13T14:20:13.129-0400] {dag.py:3437} INFO - Setting next_dagrun for dataset_consumes_1 to None, run_after=None
[2025-06-13T14:20:13.130-0400] {logging_mixin.py:137} INFO - [2025-06-13T14:20:13.130-0400] {dag.py:3437} INFO - Setting next_dagrun for dataset_consumes_1_and_2 to None, run_after=None
[2025-06-13T14:20:13.131-0400] {logging_mixin.py:137} INFO - [2025-06-13T14:20:13.130-0400] {dag.py:3437} INFO - Setting next_dagrun for dataset_consumes_1_never_scheduled to None, run_after=None
[2025-06-13T14:20:13.131-0400] {logging_mixin.py:137} INFO - [2025-06-13T14:20:13.131-0400] {dag.py:3437} INFO - Setting next_dagrun for dataset_consumes_unknown_never_scheduled to None, run_after=None
[2025-06-13T14:20:13.132-0400] {logging_mixin.py:137} INFO - [2025-06-13T14:20:13.132-0400] {dag.py:3437} INFO - Setting next_dagrun for dataset_produces_1 to 2025-06-12T00:00:00+00:00, run_after=2025-06-13T00:00:00+00:00
[2025-06-13T14:20:13.132-0400] {logging_mixin.py:137} INFO - [2025-06-13T14:20:13.132-0400] {dag.py:3437} INFO - Setting next_dagrun for dataset_produces_2 to None, run_after=None
[2025-06-13T14:20:13.147-0400] {processor.py:175} INFO - Processing /Users/pranavr/drift-retrainer/venv311/lib/python3.11/site-packages/airflow/example_dags/example_datasets.py took 0.535 seconds
[2025-06-13T14:22:55.091-0400] {processor.py:186} INFO - Started process (PID=7766) to work on /Users/pranavr/.pyenv/versions/3.11.6/lib/python3.11/site-packages/airflow/example_dags/example_datasets.py
[2025-06-13T14:22:55.093-0400] {processor.py:914} INFO - Processing file /Users/pranavr/.pyenv/versions/3.11.6/lib/python3.11/site-packages/airflow/example_dags/example_datasets.py for tasks to queue
[2025-06-13T14:22:55.094-0400] {logging_mixin.py:190} INFO - [2025-06-13T14:22:55.094-0400] {dagbag.py:588} INFO - Filling up the DagBag from /Users/pranavr/.pyenv/versions/3.11.6/lib/python3.11/site-packages/airflow/example_dags/example_datasets.py
[2025-06-13T14:22:55.129-0400] {processor.py:925} INFO - DAG(s) 'dataset_consumes_1', 'consume_1_or_both_2_and_3_with_dataset_expressions', 'conditional_dataset_and_time_based_timetable', 'consume_1_and_2_with_dataset_expressions', 'dataset_produces_1', 'dataset_consumes_1_never_scheduled', 'consume_1_or_2_with_dataset_expressions', 'dataset_consumes_unknown_never_scheduled', 'dataset_consumes_1_and_2', 'dataset_produces_2' retrieved from /Users/pranavr/.pyenv/versions/3.11.6/lib/python3.11/site-packages/airflow/example_dags/example_datasets.py
[2025-06-13T14:22:55.299-0400] {logging_mixin.py:190} INFO - [2025-06-13T14:22:55.299-0400] {dag.py:3239} INFO - Sync 10 DAGs
[2025-06-13T14:22:55.310-0400] {logging_mixin.py:190} INFO - [2025-06-13T14:22:55.310-0400] {dag.py:4180} INFO - Setting next_dagrun for conditional_dataset_and_time_based_timetable to 2025-06-11T01:00:00+00:00, run_after=2025-06-11T01:00:00+00:00
[2025-06-13T14:22:55.311-0400] {logging_mixin.py:190} INFO - [2025-06-13T14:22:55.311-0400] {dag.py:4180} INFO - Setting next_dagrun for consume_1_and_2_with_dataset_expressions to None, run_after=None
[2025-06-13T14:22:55.312-0400] {logging_mixin.py:190} INFO - [2025-06-13T14:22:55.312-0400] {dag.py:4180} INFO - Setting next_dagrun for consume_1_or_2_with_dataset_expressions to None, run_after=None
[2025-06-13T14:22:55.312-0400] {logging_mixin.py:190} INFO - [2025-06-13T14:22:55.312-0400] {dag.py:4180} INFO - Setting next_dagrun for consume_1_or_both_2_and_3_with_dataset_expressions to None, run_after=None
[2025-06-13T14:22:55.312-0400] {logging_mixin.py:190} INFO - [2025-06-13T14:22:55.312-0400] {dag.py:4180} INFO - Setting next_dagrun for dataset_consumes_1 to None, run_after=None
[2025-06-13T14:22:55.312-0400] {logging_mixin.py:190} INFO - [2025-06-13T14:22:55.312-0400] {dag.py:4180} INFO - Setting next_dagrun for dataset_consumes_1_and_2 to None, run_after=None
[2025-06-13T14:22:55.313-0400] {logging_mixin.py:190} INFO - [2025-06-13T14:22:55.313-0400] {dag.py:4180} INFO - Setting next_dagrun for dataset_consumes_1_never_scheduled to None, run_after=None
[2025-06-13T14:22:55.313-0400] {logging_mixin.py:190} INFO - [2025-06-13T14:22:55.313-0400] {dag.py:4180} INFO - Setting next_dagrun for dataset_consumes_unknown_never_scheduled to None, run_after=None
[2025-06-13T14:22:55.314-0400] {logging_mixin.py:190} INFO - [2025-06-13T14:22:55.314-0400] {dag.py:4180} INFO - Setting next_dagrun for dataset_produces_1 to 2025-06-12T00:00:00+00:00, run_after=2025-06-13T00:00:00+00:00
[2025-06-13T14:22:55.314-0400] {logging_mixin.py:190} INFO - [2025-06-13T14:22:55.314-0400] {dag.py:4180} INFO - Setting next_dagrun for dataset_produces_2 to None, run_after=None
[2025-06-13T14:22:55.334-0400] {processor.py:208} INFO - Processing /Users/pranavr/.pyenv/versions/3.11.6/lib/python3.11/site-packages/airflow/example_dags/example_datasets.py took 245.252 seconds
[2025-06-13T14:25:58.162-0400] {processor.py:186} INFO - Started process (PID=8022) to work on /Users/pranavr/.pyenv/versions/3.11.6/lib/python3.11/site-packages/airflow/example_dags/example_datasets.py
[2025-06-13T14:25:58.165-0400] {processor.py:914} INFO - Processing file /Users/pranavr/.pyenv/versions/3.11.6/lib/python3.11/site-packages/airflow/example_dags/example_datasets.py for tasks to queue
[2025-06-13T14:25:58.166-0400] {logging_mixin.py:190} INFO - [2025-06-13T14:25:58.165-0400] {dagbag.py:588} INFO - Filling up the DagBag from /Users/pranavr/.pyenv/versions/3.11.6/lib/python3.11/site-packages/airflow/example_dags/example_datasets.py
[2025-06-13T14:25:58.203-0400] {processor.py:925} INFO - DAG(s) 'consume_1_and_2_with_dataset_expressions', 'dataset_consumes_1', 'dataset_produces_1', 'dataset_consumes_1_and_2', 'dataset_consumes_unknown_never_scheduled', 'dataset_consumes_1_never_scheduled', 'dataset_produces_2', 'consume_1_or_both_2_and_3_with_dataset_expressions', 'consume_1_or_2_with_dataset_expressions', 'conditional_dataset_and_time_based_timetable' retrieved from /Users/pranavr/.pyenv/versions/3.11.6/lib/python3.11/site-packages/airflow/example_dags/example_datasets.py
[2025-06-13T14:25:58.330-0400] {logging_mixin.py:190} INFO - [2025-06-13T14:25:58.330-0400] {dag.py:3239} INFO - Sync 10 DAGs
[2025-06-13T14:25:58.341-0400] {logging_mixin.py:190} INFO - [2025-06-13T14:25:58.341-0400] {dag.py:4180} INFO - Setting next_dagrun for conditional_dataset_and_time_based_timetable to 2025-06-11T01:00:00+00:00, run_after=2025-06-11T01:00:00+00:00
[2025-06-13T14:25:58.342-0400] {logging_mixin.py:190} INFO - [2025-06-13T14:25:58.342-0400] {dag.py:4180} INFO - Setting next_dagrun for consume_1_and_2_with_dataset_expressions to None, run_after=None
[2025-06-13T14:25:58.342-0400] {logging_mixin.py:190} INFO - [2025-06-13T14:25:58.342-0400] {dag.py:4180} INFO - Setting next_dagrun for consume_1_or_2_with_dataset_expressions to None, run_after=None
[2025-06-13T14:25:58.343-0400] {logging_mixin.py:190} INFO - [2025-06-13T14:25:58.343-0400] {dag.py:4180} INFO - Setting next_dagrun for consume_1_or_both_2_and_3_with_dataset_expressions to None, run_after=None
[2025-06-13T14:25:58.343-0400] {logging_mixin.py:190} INFO - [2025-06-13T14:25:58.343-0400] {dag.py:4180} INFO - Setting next_dagrun for dataset_consumes_1 to None, run_after=None
[2025-06-13T14:25:58.343-0400] {logging_mixin.py:190} INFO - [2025-06-13T14:25:58.343-0400] {dag.py:4180} INFO - Setting next_dagrun for dataset_consumes_1_and_2 to None, run_after=None
[2025-06-13T14:25:58.343-0400] {logging_mixin.py:190} INFO - [2025-06-13T14:25:58.343-0400] {dag.py:4180} INFO - Setting next_dagrun for dataset_consumes_1_never_scheduled to None, run_after=None
[2025-06-13T14:25:58.344-0400] {logging_mixin.py:190} INFO - [2025-06-13T14:25:58.344-0400] {dag.py:4180} INFO - Setting next_dagrun for dataset_consumes_unknown_never_scheduled to None, run_after=None
[2025-06-13T14:25:58.344-0400] {logging_mixin.py:190} INFO - [2025-06-13T14:25:58.344-0400] {dag.py:4180} INFO - Setting next_dagrun for dataset_produces_1 to 2025-06-12T00:00:00+00:00, run_after=2025-06-13T00:00:00+00:00
[2025-06-13T14:25:58.345-0400] {logging_mixin.py:190} INFO - [2025-06-13T14:25:58.345-0400] {dag.py:4180} INFO - Setting next_dagrun for dataset_produces_2 to None, run_after=None
[2025-06-13T14:25:58.356-0400] {processor.py:208} INFO - Processing /Users/pranavr/.pyenv/versions/3.11.6/lib/python3.11/site-packages/airflow/example_dags/example_datasets.py took 197.715 seconds
[2025-06-13T14:29:01.642-0400] {processor.py:186} INFO - Started process (PID=8849) to work on /Users/pranavr/.pyenv/versions/3.11.6/lib/python3.11/site-packages/airflow/example_dags/example_datasets.py
[2025-06-13T14:29:01.644-0400] {processor.py:914} INFO - Processing file /Users/pranavr/.pyenv/versions/3.11.6/lib/python3.11/site-packages/airflow/example_dags/example_datasets.py for tasks to queue
[2025-06-13T14:29:01.645-0400] {logging_mixin.py:190} INFO - [2025-06-13T14:29:01.645-0400] {dagbag.py:588} INFO - Filling up the DagBag from /Users/pranavr/.pyenv/versions/3.11.6/lib/python3.11/site-packages/airflow/example_dags/example_datasets.py
[2025-06-13T14:29:01.683-0400] {processor.py:925} INFO - DAG(s) 'dataset_produces_1', 'consume_1_or_both_2_and_3_with_dataset_expressions', 'dataset_consumes_1_and_2', 'conditional_dataset_and_time_based_timetable', 'dataset_produces_2', 'dataset_consumes_1', 'dataset_consumes_unknown_never_scheduled', 'consume_1_and_2_with_dataset_expressions', 'consume_1_or_2_with_dataset_expressions', 'dataset_consumes_1_never_scheduled' retrieved from /Users/pranavr/.pyenv/versions/3.11.6/lib/python3.11/site-packages/airflow/example_dags/example_datasets.py
[2025-06-13T14:29:01.778-0400] {logging_mixin.py:190} INFO - [2025-06-13T14:29:01.778-0400] {dag.py:3239} INFO - Sync 10 DAGs
[2025-06-13T14:29:01.788-0400] {logging_mixin.py:190} INFO - [2025-06-13T14:29:01.788-0400] {dag.py:4180} INFO - Setting next_dagrun for conditional_dataset_and_time_based_timetable to 2025-06-11T01:00:00+00:00, run_after=2025-06-11T01:00:00+00:00
[2025-06-13T14:29:01.789-0400] {logging_mixin.py:190} INFO - [2025-06-13T14:29:01.789-0400] {dag.py:4180} INFO - Setting next_dagrun for consume_1_and_2_with_dataset_expressions to None, run_after=None
[2025-06-13T14:29:01.790-0400] {logging_mixin.py:190} INFO - [2025-06-13T14:29:01.790-0400] {dag.py:4180} INFO - Setting next_dagrun for consume_1_or_2_with_dataset_expressions to None, run_after=None
[2025-06-13T14:29:01.790-0400] {logging_mixin.py:190} INFO - [2025-06-13T14:29:01.790-0400] {dag.py:4180} INFO - Setting next_dagrun for consume_1_or_both_2_and_3_with_dataset_expressions to None, run_after=None
[2025-06-13T14:29:01.790-0400] {logging_mixin.py:190} INFO - [2025-06-13T14:29:01.790-0400] {dag.py:4180} INFO - Setting next_dagrun for dataset_consumes_1 to None, run_after=None
[2025-06-13T14:29:01.791-0400] {logging_mixin.py:190} INFO - [2025-06-13T14:29:01.791-0400] {dag.py:4180} INFO - Setting next_dagrun for dataset_consumes_1_and_2 to None, run_after=None
[2025-06-13T14:29:01.791-0400] {logging_mixin.py:190} INFO - [2025-06-13T14:29:01.791-0400] {dag.py:4180} INFO - Setting next_dagrun for dataset_consumes_1_never_scheduled to None, run_after=None
[2025-06-13T14:29:01.791-0400] {logging_mixin.py:190} INFO - [2025-06-13T14:29:01.791-0400] {dag.py:4180} INFO - Setting next_dagrun for dataset_consumes_unknown_never_scheduled to None, run_after=None
[2025-06-13T14:29:01.792-0400] {logging_mixin.py:190} INFO - [2025-06-13T14:29:01.792-0400] {dag.py:4180} INFO - Setting next_dagrun for dataset_produces_1 to 2025-06-12T00:00:00+00:00, run_after=2025-06-13T00:00:00+00:00
[2025-06-13T14:29:01.792-0400] {logging_mixin.py:190} INFO - [2025-06-13T14:29:01.792-0400] {dag.py:4180} INFO - Setting next_dagrun for dataset_produces_2 to None, run_after=None
[2025-06-13T14:29:01.803-0400] {processor.py:208} INFO - Processing /Users/pranavr/.pyenv/versions/3.11.6/lib/python3.11/site-packages/airflow/example_dags/example_datasets.py took 164.276 seconds
[2025-06-13T14:31:59.698-0400] {processor.py:186} INFO - Started process (PID=9460) to work on /Users/pranavr/.pyenv/versions/3.11.6/lib/python3.11/site-packages/airflow/example_dags/example_datasets.py
[2025-06-13T14:31:59.700-0400] {processor.py:914} INFO - Processing file /Users/pranavr/.pyenv/versions/3.11.6/lib/python3.11/site-packages/airflow/example_dags/example_datasets.py for tasks to queue
[2025-06-13T14:31:59.701-0400] {logging_mixin.py:190} INFO - [2025-06-13T14:31:59.701-0400] {dagbag.py:588} INFO - Filling up the DagBag from /Users/pranavr/.pyenv/versions/3.11.6/lib/python3.11/site-packages/airflow/example_dags/example_datasets.py
[2025-06-13T14:31:59.734-0400] {processor.py:925} INFO - DAG(s) 'dataset_consumes_unknown_never_scheduled', 'dataset_consumes_1_never_scheduled', 'dataset_consumes_1_and_2', 'consume_1_and_2_with_dataset_expressions', 'dataset_produces_1', 'consume_1_or_2_with_dataset_expressions', 'consume_1_or_both_2_and_3_with_dataset_expressions', 'dataset_consumes_1', 'conditional_dataset_and_time_based_timetable', 'dataset_produces_2' retrieved from /Users/pranavr/.pyenv/versions/3.11.6/lib/python3.11/site-packages/airflow/example_dags/example_datasets.py
[2025-06-13T14:31:59.830-0400] {logging_mixin.py:190} INFO - [2025-06-13T14:31:59.830-0400] {dag.py:3239} INFO - Sync 10 DAGs
[2025-06-13T14:31:59.842-0400] {logging_mixin.py:190} INFO - [2025-06-13T14:31:59.841-0400] {dag.py:4180} INFO - Setting next_dagrun for conditional_dataset_and_time_based_timetable to 2025-06-11T01:00:00+00:00, run_after=2025-06-11T01:00:00+00:00
[2025-06-13T14:31:59.843-0400] {logging_mixin.py:190} INFO - [2025-06-13T14:31:59.843-0400] {dag.py:4180} INFO - Setting next_dagrun for consume_1_and_2_with_dataset_expressions to None, run_after=None
[2025-06-13T14:31:59.844-0400] {logging_mixin.py:190} INFO - [2025-06-13T14:31:59.843-0400] {dag.py:4180} INFO - Setting next_dagrun for consume_1_or_2_with_dataset_expressions to None, run_after=None
[2025-06-13T14:31:59.844-0400] {logging_mixin.py:190} INFO - [2025-06-13T14:31:59.844-0400] {dag.py:4180} INFO - Setting next_dagrun for consume_1_or_both_2_and_3_with_dataset_expressions to None, run_after=None
[2025-06-13T14:31:59.844-0400] {logging_mixin.py:190} INFO - [2025-06-13T14:31:59.844-0400] {dag.py:4180} INFO - Setting next_dagrun for dataset_consumes_1 to None, run_after=None
[2025-06-13T14:31:59.844-0400] {logging_mixin.py:190} INFO - [2025-06-13T14:31:59.844-0400] {dag.py:4180} INFO - Setting next_dagrun for dataset_consumes_1_and_2 to None, run_after=None
[2025-06-13T14:31:59.845-0400] {logging_mixin.py:190} INFO - [2025-06-13T14:31:59.845-0400] {dag.py:4180} INFO - Setting next_dagrun for dataset_consumes_1_never_scheduled to None, run_after=None
[2025-06-13T14:31:59.845-0400] {logging_mixin.py:190} INFO - [2025-06-13T14:31:59.845-0400] {dag.py:4180} INFO - Setting next_dagrun for dataset_consumes_unknown_never_scheduled to None, run_after=None
[2025-06-13T14:31:59.846-0400] {logging_mixin.py:190} INFO - [2025-06-13T14:31:59.846-0400] {dag.py:4180} INFO - Setting next_dagrun for dataset_produces_1 to 2025-06-12T00:00:00+00:00, run_after=2025-06-13T00:00:00+00:00
[2025-06-13T14:31:59.847-0400] {logging_mixin.py:190} INFO - [2025-06-13T14:31:59.847-0400] {dag.py:4180} INFO - Setting next_dagrun for dataset_produces_2 to None, run_after=None
[2025-06-13T14:31:59.862-0400] {processor.py:208} INFO - Processing /Users/pranavr/.pyenv/versions/3.11.6/lib/python3.11/site-packages/airflow/example_dags/example_datasets.py took 165.366 seconds
[2025-06-13T14:35:04.763-0400] {processor.py:186} INFO - Started process (PID=10123) to work on /Users/pranavr/.pyenv/versions/3.11.6/lib/python3.11/site-packages/airflow/example_dags/example_datasets.py
[2025-06-13T14:35:04.766-0400] {processor.py:914} INFO - Processing file /Users/pranavr/.pyenv/versions/3.11.6/lib/python3.11/site-packages/airflow/example_dags/example_datasets.py for tasks to queue
[2025-06-13T14:35:04.766-0400] {logging_mixin.py:190} INFO - [2025-06-13T14:35:04.766-0400] {dagbag.py:588} INFO - Filling up the DagBag from /Users/pranavr/.pyenv/versions/3.11.6/lib/python3.11/site-packages/airflow/example_dags/example_datasets.py
[2025-06-13T14:35:04.804-0400] {processor.py:925} INFO - DAG(s) 'dataset_consumes_unknown_never_scheduled', 'dataset_produces_1', 'dataset_consumes_1', 'consume_1_or_both_2_and_3_with_dataset_expressions', 'dataset_consumes_1_never_scheduled', 'dataset_produces_2', 'consume_1_and_2_with_dataset_expressions', 'consume_1_or_2_with_dataset_expressions', 'conditional_dataset_and_time_based_timetable', 'dataset_consumes_1_and_2' retrieved from /Users/pranavr/.pyenv/versions/3.11.6/lib/python3.11/site-packages/airflow/example_dags/example_datasets.py
[2025-06-13T14:35:04.897-0400] {logging_mixin.py:190} INFO - [2025-06-13T14:35:04.897-0400] {dag.py:3239} INFO - Sync 10 DAGs
[2025-06-13T14:35:04.909-0400] {logging_mixin.py:190} INFO - [2025-06-13T14:35:04.909-0400] {dag.py:4180} INFO - Setting next_dagrun for conditional_dataset_and_time_based_timetable to 2025-06-11T01:00:00+00:00, run_after=2025-06-11T01:00:00+00:00
[2025-06-13T14:35:04.910-0400] {logging_mixin.py:190} INFO - [2025-06-13T14:35:04.910-0400] {dag.py:4180} INFO - Setting next_dagrun for consume_1_and_2_with_dataset_expressions to None, run_after=None
[2025-06-13T14:35:04.910-0400] {logging_mixin.py:190} INFO - [2025-06-13T14:35:04.910-0400] {dag.py:4180} INFO - Setting next_dagrun for consume_1_or_2_with_dataset_expressions to None, run_after=None
[2025-06-13T14:35:04.910-0400] {logging_mixin.py:190} INFO - [2025-06-13T14:35:04.910-0400] {dag.py:4180} INFO - Setting next_dagrun for consume_1_or_both_2_and_3_with_dataset_expressions to None, run_after=None
[2025-06-13T14:35:04.911-0400] {logging_mixin.py:190} INFO - [2025-06-13T14:35:04.911-0400] {dag.py:4180} INFO - Setting next_dagrun for dataset_consumes_1 to None, run_after=None
[2025-06-13T14:35:04.911-0400] {logging_mixin.py:190} INFO - [2025-06-13T14:35:04.911-0400] {dag.py:4180} INFO - Setting next_dagrun for dataset_consumes_1_and_2 to None, run_after=None
[2025-06-13T14:35:04.911-0400] {logging_mixin.py:190} INFO - [2025-06-13T14:35:04.911-0400] {dag.py:4180} INFO - Setting next_dagrun for dataset_consumes_1_never_scheduled to None, run_after=None
[2025-06-13T14:35:04.911-0400] {logging_mixin.py:190} INFO - [2025-06-13T14:35:04.911-0400] {dag.py:4180} INFO - Setting next_dagrun for dataset_consumes_unknown_never_scheduled to None, run_after=None
[2025-06-13T14:35:04.912-0400] {logging_mixin.py:190} INFO - [2025-06-13T14:35:04.912-0400] {dag.py:4180} INFO - Setting next_dagrun for dataset_produces_1 to 2025-06-12T00:00:00+00:00, run_after=2025-06-13T00:00:00+00:00
[2025-06-13T14:35:04.913-0400] {logging_mixin.py:190} INFO - [2025-06-13T14:35:04.912-0400] {dag.py:4180} INFO - Setting next_dagrun for dataset_produces_2 to None, run_after=None
[2025-06-13T14:35:04.925-0400] {processor.py:208} INFO - Processing /Users/pranavr/.pyenv/versions/3.11.6/lib/python3.11/site-packages/airflow/example_dags/example_datasets.py took 162.972 seconds
[2025-06-13T14:38:04.617-0400] {processor.py:186} INFO - Started process (PID=11171) to work on /Users/pranavr/.pyenv/versions/3.11.6/lib/python3.11/site-packages/airflow/example_dags/example_datasets.py
[2025-06-13T14:38:04.620-0400] {processor.py:914} INFO - Processing file /Users/pranavr/.pyenv/versions/3.11.6/lib/python3.11/site-packages/airflow/example_dags/example_datasets.py for tasks to queue
[2025-06-13T14:38:04.620-0400] {logging_mixin.py:190} INFO - [2025-06-13T14:38:04.620-0400] {dagbag.py:588} INFO - Filling up the DagBag from /Users/pranavr/.pyenv/versions/3.11.6/lib/python3.11/site-packages/airflow/example_dags/example_datasets.py
[2025-06-13T14:38:04.659-0400] {processor.py:925} INFO - DAG(s) 'dataset_consumes_1_and_2', 'consume_1_and_2_with_dataset_expressions', 'dataset_consumes_unknown_never_scheduled', 'consume_1_or_both_2_and_3_with_dataset_expressions', 'dataset_produces_2', 'dataset_consumes_1_never_scheduled', 'dataset_produces_1', 'conditional_dataset_and_time_based_timetable', 'dataset_consumes_1', 'consume_1_or_2_with_dataset_expressions' retrieved from /Users/pranavr/.pyenv/versions/3.11.6/lib/python3.11/site-packages/airflow/example_dags/example_datasets.py
[2025-06-13T14:38:04.763-0400] {logging_mixin.py:190} INFO - [2025-06-13T14:38:04.763-0400] {dag.py:3239} INFO - Sync 10 DAGs
[2025-06-13T14:38:04.773-0400] {logging_mixin.py:190} INFO - [2025-06-13T14:38:04.773-0400] {dag.py:4180} INFO - Setting next_dagrun for conditional_dataset_and_time_based_timetable to 2025-06-11T01:00:00+00:00, run_after=2025-06-11T01:00:00+00:00
[2025-06-13T14:38:04.775-0400] {logging_mixin.py:190} INFO - [2025-06-13T14:38:04.775-0400] {dag.py:4180} INFO - Setting next_dagrun for consume_1_and_2_with_dataset_expressions to None, run_after=None
[2025-06-13T14:38:04.775-0400] {logging_mixin.py:190} INFO - [2025-06-13T14:38:04.775-0400] {dag.py:4180} INFO - Setting next_dagrun for consume_1_or_2_with_dataset_expressions to None, run_after=None
[2025-06-13T14:38:04.775-0400] {logging_mixin.py:190} INFO - [2025-06-13T14:38:04.775-0400] {dag.py:4180} INFO - Setting next_dagrun for consume_1_or_both_2_and_3_with_dataset_expressions to None, run_after=None
[2025-06-13T14:38:04.776-0400] {logging_mixin.py:190} INFO - [2025-06-13T14:38:04.776-0400] {dag.py:4180} INFO - Setting next_dagrun for dataset_consumes_1 to None, run_after=None
[2025-06-13T14:38:04.776-0400] {logging_mixin.py:190} INFO - [2025-06-13T14:38:04.776-0400] {dag.py:4180} INFO - Setting next_dagrun for dataset_consumes_1_and_2 to None, run_after=None
[2025-06-13T14:38:04.776-0400] {logging_mixin.py:190} INFO - [2025-06-13T14:38:04.776-0400] {dag.py:4180} INFO - Setting next_dagrun for dataset_consumes_1_never_scheduled to None, run_after=None
[2025-06-13T14:38:04.777-0400] {logging_mixin.py:190} INFO - [2025-06-13T14:38:04.777-0400] {dag.py:4180} INFO - Setting next_dagrun for dataset_consumes_unknown_never_scheduled to None, run_after=None
[2025-06-13T14:38:04.778-0400] {logging_mixin.py:190} INFO - [2025-06-13T14:38:04.778-0400] {dag.py:4180} INFO - Setting next_dagrun for dataset_produces_1 to 2025-06-12T00:00:00+00:00, run_after=2025-06-13T00:00:00+00:00
[2025-06-13T14:38:04.778-0400] {logging_mixin.py:190} INFO - [2025-06-13T14:38:04.778-0400] {dag.py:4180} INFO - Setting next_dagrun for dataset_produces_2 to None, run_after=None
[2025-06-13T14:38:04.795-0400] {processor.py:208} INFO - Processing /Users/pranavr/.pyenv/versions/3.11.6/lib/python3.11/site-packages/airflow/example_dags/example_datasets.py took 179.698 seconds
[2025-06-13T14:40:48.196-0400] {processor.py:186} INFO - Started process (PID=11688) to work on /Users/pranavr/.pyenv/versions/3.11.6/lib/python3.11/site-packages/airflow/example_dags/example_datasets.py
[2025-06-13T14:40:48.198-0400] {processor.py:914} INFO - Processing file /Users/pranavr/.pyenv/versions/3.11.6/lib/python3.11/site-packages/airflow/example_dags/example_datasets.py for tasks to queue
[2025-06-13T14:40:48.199-0400] {logging_mixin.py:190} INFO - [2025-06-13T14:40:48.199-0400] {dagbag.py:588} INFO - Filling up the DagBag from /Users/pranavr/.pyenv/versions/3.11.6/lib/python3.11/site-packages/airflow/example_dags/example_datasets.py
[2025-06-13T14:40:48.227-0400] {processor.py:925} INFO - DAG(s) 'dataset_consumes_1_never_scheduled', 'consume_1_and_2_with_dataset_expressions', 'dataset_produces_2', 'dataset_consumes_1_and_2', 'consume_1_or_both_2_and_3_with_dataset_expressions', 'dataset_produces_1', 'conditional_dataset_and_time_based_timetable', 'dataset_consumes_1', 'consume_1_or_2_with_dataset_expressions', 'dataset_consumes_unknown_never_scheduled' retrieved from /Users/pranavr/.pyenv/versions/3.11.6/lib/python3.11/site-packages/airflow/example_dags/example_datasets.py
[2025-06-13T14:40:48.302-0400] {logging_mixin.py:190} INFO - [2025-06-13T14:40:48.302-0400] {dag.py:3239} INFO - Sync 10 DAGs
[2025-06-13T14:40:48.311-0400] {logging_mixin.py:190} INFO - [2025-06-13T14:40:48.311-0400] {dag.py:4180} INFO - Setting next_dagrun for conditional_dataset_and_time_based_timetable to 2025-06-11T01:00:00+00:00, run_after=2025-06-11T01:00:00+00:00
[2025-06-13T14:40:48.313-0400] {logging_mixin.py:190} INFO - [2025-06-13T14:40:48.313-0400] {dag.py:4180} INFO - Setting next_dagrun for consume_1_and_2_with_dataset_expressions to None, run_after=None
[2025-06-13T14:40:48.313-0400] {logging_mixin.py:190} INFO - [2025-06-13T14:40:48.313-0400] {dag.py:4180} INFO - Setting next_dagrun for consume_1_or_2_with_dataset_expressions to None, run_after=None
[2025-06-13T14:40:48.313-0400] {logging_mixin.py:190} INFO - [2025-06-13T14:40:48.313-0400] {dag.py:4180} INFO - Setting next_dagrun for consume_1_or_both_2_and_3_with_dataset_expressions to None, run_after=None
[2025-06-13T14:40:48.313-0400] {logging_mixin.py:190} INFO - [2025-06-13T14:40:48.313-0400] {dag.py:4180} INFO - Setting next_dagrun for dataset_consumes_1 to None, run_after=None
[2025-06-13T14:40:48.314-0400] {logging_mixin.py:190} INFO - [2025-06-13T14:40:48.314-0400] {dag.py:4180} INFO - Setting next_dagrun for dataset_consumes_1_and_2 to None, run_after=None
[2025-06-13T14:40:48.314-0400] {logging_mixin.py:190} INFO - [2025-06-13T14:40:48.314-0400] {dag.py:4180} INFO - Setting next_dagrun for dataset_consumes_1_never_scheduled to None, run_after=None
[2025-06-13T14:40:48.314-0400] {logging_mixin.py:190} INFO - [2025-06-13T14:40:48.314-0400] {dag.py:4180} INFO - Setting next_dagrun for dataset_consumes_unknown_never_scheduled to None, run_after=None
[2025-06-13T14:40:48.315-0400] {logging_mixin.py:190} INFO - [2025-06-13T14:40:48.315-0400] {dag.py:4180} INFO - Setting next_dagrun for dataset_produces_1 to 2025-06-12T00:00:00+00:00, run_after=2025-06-13T00:00:00+00:00
[2025-06-13T14:40:48.315-0400] {logging_mixin.py:190} INFO - [2025-06-13T14:40:48.315-0400] {dag.py:4180} INFO - Setting next_dagrun for dataset_produces_2 to None, run_after=None
[2025-06-13T14:40:48.327-0400] {processor.py:208} INFO - Processing /Users/pranavr/.pyenv/versions/3.11.6/lib/python3.11/site-packages/airflow/example_dags/example_datasets.py took 131.454 seconds
[2025-06-13T14:43:17.035-0400] {processor.py:186} INFO - Started process (PID=11944) to work on /Users/pranavr/.pyenv/versions/3.11.6/lib/python3.11/site-packages/airflow/example_dags/example_datasets.py
[2025-06-13T14:43:17.037-0400] {processor.py:914} INFO - Processing file /Users/pranavr/.pyenv/versions/3.11.6/lib/python3.11/site-packages/airflow/example_dags/example_datasets.py for tasks to queue
[2025-06-13T14:43:17.037-0400] {logging_mixin.py:190} INFO - [2025-06-13T14:43:17.037-0400] {dagbag.py:588} INFO - Filling up the DagBag from /Users/pranavr/.pyenv/versions/3.11.6/lib/python3.11/site-packages/airflow/example_dags/example_datasets.py
[2025-06-13T14:43:17.056-0400] {processor.py:925} INFO - DAG(s) 'consume_1_or_both_2_and_3_with_dataset_expressions', 'dataset_consumes_1', 'consume_1_or_2_with_dataset_expressions', 'dataset_produces_2', 'dataset_produces_1', 'dataset_consumes_1_never_scheduled', 'dataset_consumes_unknown_never_scheduled', 'conditional_dataset_and_time_based_timetable', 'dataset_consumes_1_and_2', 'consume_1_and_2_with_dataset_expressions' retrieved from /Users/pranavr/.pyenv/versions/3.11.6/lib/python3.11/site-packages/airflow/example_dags/example_datasets.py
[2025-06-13T14:43:17.129-0400] {logging_mixin.py:190} INFO - [2025-06-13T14:43:17.129-0400] {dag.py:3239} INFO - Sync 10 DAGs
[2025-06-13T14:43:17.138-0400] {logging_mixin.py:190} INFO - [2025-06-13T14:43:17.137-0400] {dag.py:4180} INFO - Setting next_dagrun for conditional_dataset_and_time_based_timetable to 2025-06-11T01:00:00+00:00, run_after=2025-06-11T01:00:00+00:00
[2025-06-13T14:43:17.139-0400] {logging_mixin.py:190} INFO - [2025-06-13T14:43:17.139-0400] {dag.py:4180} INFO - Setting next_dagrun for consume_1_and_2_with_dataset_expressions to None, run_after=None
[2025-06-13T14:43:17.139-0400] {logging_mixin.py:190} INFO - [2025-06-13T14:43:17.139-0400] {dag.py:4180} INFO - Setting next_dagrun for consume_1_or_2_with_dataset_expressions to None, run_after=None
[2025-06-13T14:43:17.139-0400] {logging_mixin.py:190} INFO - [2025-06-13T14:43:17.139-0400] {dag.py:4180} INFO - Setting next_dagrun for consume_1_or_both_2_and_3_with_dataset_expressions to None, run_after=None
[2025-06-13T14:43:17.139-0400] {logging_mixin.py:190} INFO - [2025-06-13T14:43:17.139-0400] {dag.py:4180} INFO - Setting next_dagrun for dataset_consumes_1 to None, run_after=None
[2025-06-13T14:43:17.140-0400] {logging_mixin.py:190} INFO - [2025-06-13T14:43:17.140-0400] {dag.py:4180} INFO - Setting next_dagrun for dataset_consumes_1_and_2 to None, run_after=None
[2025-06-13T14:43:17.140-0400] {logging_mixin.py:190} INFO - [2025-06-13T14:43:17.140-0400] {dag.py:4180} INFO - Setting next_dagrun for dataset_consumes_1_never_scheduled to None, run_after=None
[2025-06-13T14:43:17.140-0400] {logging_mixin.py:190} INFO - [2025-06-13T14:43:17.140-0400] {dag.py:4180} INFO - Setting next_dagrun for dataset_consumes_unknown_never_scheduled to None, run_after=None
[2025-06-13T14:43:17.141-0400] {logging_mixin.py:190} INFO - [2025-06-13T14:43:17.141-0400] {dag.py:4180} INFO - Setting next_dagrun for dataset_produces_1 to 2025-06-12T00:00:00+00:00, run_after=2025-06-13T00:00:00+00:00
[2025-06-13T14:43:17.141-0400] {logging_mixin.py:190} INFO - [2025-06-13T14:43:17.141-0400] {dag.py:4180} INFO - Setting next_dagrun for dataset_produces_2 to None, run_after=None
[2025-06-13T14:43:17.151-0400] {processor.py:208} INFO - Processing /Users/pranavr/.pyenv/versions/3.11.6/lib/python3.11/site-packages/airflow/example_dags/example_datasets.py took 117.241 seconds
[2025-06-13T14:45:41.490-0400] {processor.py:186} INFO - Started process (PID=12233) to work on /Users/pranavr/.pyenv/versions/3.11.6/lib/python3.11/site-packages/airflow/example_dags/example_datasets.py
[2025-06-13T14:45:41.492-0400] {processor.py:914} INFO - Processing file /Users/pranavr/.pyenv/versions/3.11.6/lib/python3.11/site-packages/airflow/example_dags/example_datasets.py for tasks to queue
[2025-06-13T14:45:41.492-0400] {logging_mixin.py:190} INFO - [2025-06-13T14:45:41.492-0400] {dagbag.py:588} INFO - Filling up the DagBag from /Users/pranavr/.pyenv/versions/3.11.6/lib/python3.11/site-packages/airflow/example_dags/example_datasets.py
[2025-06-13T14:45:41.511-0400] {processor.py:925} INFO - DAG(s) 'consume_1_and_2_with_dataset_expressions', 'dataset_produces_1', 'dataset_consumes_1_never_scheduled', 'dataset_consumes_1', 'conditional_dataset_and_time_based_timetable', 'consume_1_or_both_2_and_3_with_dataset_expressions', 'dataset_produces_2', 'dataset_consumes_1_and_2', 'consume_1_or_2_with_dataset_expressions', 'dataset_consumes_unknown_never_scheduled' retrieved from /Users/pranavr/.pyenv/versions/3.11.6/lib/python3.11/site-packages/airflow/example_dags/example_datasets.py
[2025-06-13T14:45:41.585-0400] {logging_mixin.py:190} INFO - [2025-06-13T14:45:41.585-0400] {dag.py:3239} INFO - Sync 10 DAGs
[2025-06-13T14:45:41.594-0400] {logging_mixin.py:190} INFO - [2025-06-13T14:45:41.594-0400] {dag.py:4180} INFO - Setting next_dagrun for conditional_dataset_and_time_based_timetable to 2025-06-11T01:00:00+00:00, run_after=2025-06-11T01:00:00+00:00
[2025-06-13T14:45:41.595-0400] {logging_mixin.py:190} INFO - [2025-06-13T14:45:41.595-0400] {dag.py:4180} INFO - Setting next_dagrun for consume_1_and_2_with_dataset_expressions to None, run_after=None
[2025-06-13T14:45:41.596-0400] {logging_mixin.py:190} INFO - [2025-06-13T14:45:41.596-0400] {dag.py:4180} INFO - Setting next_dagrun for consume_1_or_2_with_dataset_expressions to None, run_after=None
[2025-06-13T14:45:41.596-0400] {logging_mixin.py:190} INFO - [2025-06-13T14:45:41.596-0400] {dag.py:4180} INFO - Setting next_dagrun for consume_1_or_both_2_and_3_with_dataset_expressions to None, run_after=None
[2025-06-13T14:45:41.596-0400] {logging_mixin.py:190} INFO - [2025-06-13T14:45:41.596-0400] {dag.py:4180} INFO - Setting next_dagrun for dataset_consumes_1 to None, run_after=None
[2025-06-13T14:45:41.596-0400] {logging_mixin.py:190} INFO - [2025-06-13T14:45:41.596-0400] {dag.py:4180} INFO - Setting next_dagrun for dataset_consumes_1_and_2 to None, run_after=None
[2025-06-13T14:45:41.597-0400] {logging_mixin.py:190} INFO - [2025-06-13T14:45:41.597-0400] {dag.py:4180} INFO - Setting next_dagrun for dataset_consumes_1_never_scheduled to None, run_after=None
[2025-06-13T14:45:41.597-0400] {logging_mixin.py:190} INFO - [2025-06-13T14:45:41.597-0400] {dag.py:4180} INFO - Setting next_dagrun for dataset_consumes_unknown_never_scheduled to None, run_after=None
[2025-06-13T14:45:41.598-0400] {logging_mixin.py:190} INFO - [2025-06-13T14:45:41.598-0400] {dag.py:4180} INFO - Setting next_dagrun for dataset_produces_1 to 2025-06-12T00:00:00+00:00, run_after=2025-06-13T00:00:00+00:00
[2025-06-13T14:45:41.598-0400] {logging_mixin.py:190} INFO - [2025-06-13T14:45:41.598-0400] {dag.py:4180} INFO - Setting next_dagrun for dataset_produces_2 to None, run_after=None
[2025-06-13T14:45:41.609-0400] {processor.py:208} INFO - Processing /Users/pranavr/.pyenv/versions/3.11.6/lib/python3.11/site-packages/airflow/example_dags/example_datasets.py took 120.330 seconds
[2025-06-13T14:48:08.352-0400] {processor.py:186} INFO - Started process (PID=12471) to work on /Users/pranavr/.pyenv/versions/3.11.6/lib/python3.11/site-packages/airflow/example_dags/example_datasets.py
[2025-06-13T14:48:08.354-0400] {processor.py:914} INFO - Processing file /Users/pranavr/.pyenv/versions/3.11.6/lib/python3.11/site-packages/airflow/example_dags/example_datasets.py for tasks to queue
[2025-06-13T14:48:08.355-0400] {logging_mixin.py:190} INFO - [2025-06-13T14:48:08.354-0400] {dagbag.py:588} INFO - Filling up the DagBag from /Users/pranavr/.pyenv/versions/3.11.6/lib/python3.11/site-packages/airflow/example_dags/example_datasets.py
[2025-06-13T14:48:08.372-0400] {processor.py:925} INFO - DAG(s) 'conditional_dataset_and_time_based_timetable', 'consume_1_and_2_with_dataset_expressions', 'dataset_consumes_1_never_scheduled', 'dataset_produces_1', 'dataset_consumes_1', 'consume_1_or_2_with_dataset_expressions', 'dataset_produces_2', 'dataset_consumes_1_and_2', 'dataset_consumes_unknown_never_scheduled', 'consume_1_or_both_2_and_3_with_dataset_expressions' retrieved from /Users/pranavr/.pyenv/versions/3.11.6/lib/python3.11/site-packages/airflow/example_dags/example_datasets.py
[2025-06-13T14:48:08.443-0400] {logging_mixin.py:190} INFO - [2025-06-13T14:48:08.443-0400] {dag.py:3239} INFO - Sync 10 DAGs
[2025-06-13T14:48:08.451-0400] {logging_mixin.py:190} INFO - [2025-06-13T14:48:08.451-0400] {dag.py:4180} INFO - Setting next_dagrun for conditional_dataset_and_time_based_timetable to 2025-06-11T01:00:00+00:00, run_after=2025-06-11T01:00:00+00:00
[2025-06-13T14:48:08.452-0400] {logging_mixin.py:190} INFO - [2025-06-13T14:48:08.452-0400] {dag.py:4180} INFO - Setting next_dagrun for consume_1_and_2_with_dataset_expressions to None, run_after=None
[2025-06-13T14:48:08.453-0400] {logging_mixin.py:190} INFO - [2025-06-13T14:48:08.452-0400] {dag.py:4180} INFO - Setting next_dagrun for consume_1_or_2_with_dataset_expressions to None, run_after=None
[2025-06-13T14:48:08.453-0400] {logging_mixin.py:190} INFO - [2025-06-13T14:48:08.453-0400] {dag.py:4180} INFO - Setting next_dagrun for consume_1_or_both_2_and_3_with_dataset_expressions to None, run_after=None
[2025-06-13T14:48:08.453-0400] {logging_mixin.py:190} INFO - [2025-06-13T14:48:08.453-0400] {dag.py:4180} INFO - Setting next_dagrun for dataset_consumes_1 to None, run_after=None
[2025-06-13T14:48:08.453-0400] {logging_mixin.py:190} INFO - [2025-06-13T14:48:08.453-0400] {dag.py:4180} INFO - Setting next_dagrun for dataset_consumes_1_and_2 to None, run_after=None
[2025-06-13T14:48:08.454-0400] {logging_mixin.py:190} INFO - [2025-06-13T14:48:08.453-0400] {dag.py:4180} INFO - Setting next_dagrun for dataset_consumes_1_never_scheduled to None, run_after=None
[2025-06-13T14:48:08.454-0400] {logging_mixin.py:190} INFO - [2025-06-13T14:48:08.454-0400] {dag.py:4180} INFO - Setting next_dagrun for dataset_consumes_unknown_never_scheduled to None, run_after=None
[2025-06-13T14:48:08.454-0400] {logging_mixin.py:190} INFO - [2025-06-13T14:48:08.454-0400] {dag.py:4180} INFO - Setting next_dagrun for dataset_produces_1 to 2025-06-12T00:00:00+00:00, run_after=2025-06-13T00:00:00+00:00
[2025-06-13T14:48:08.455-0400] {logging_mixin.py:190} INFO - [2025-06-13T14:48:08.455-0400] {dag.py:4180} INFO - Setting next_dagrun for dataset_produces_2 to None, run_after=None
[2025-06-13T14:48:08.464-0400] {processor.py:208} INFO - Processing /Users/pranavr/.pyenv/versions/3.11.6/lib/python3.11/site-packages/airflow/example_dags/example_datasets.py took 113.479 seconds
[2025-06-13T14:50:36.311-0400] {processor.py:186} INFO - Started process (PID=12714) to work on /Users/pranavr/.pyenv/versions/3.11.6/lib/python3.11/site-packages/airflow/example_dags/example_datasets.py
[2025-06-13T14:50:36.313-0400] {processor.py:914} INFO - Processing file /Users/pranavr/.pyenv/versions/3.11.6/lib/python3.11/site-packages/airflow/example_dags/example_datasets.py for tasks to queue
[2025-06-13T14:50:36.314-0400] {logging_mixin.py:190} INFO - [2025-06-13T14:50:36.314-0400] {dagbag.py:588} INFO - Filling up the DagBag from /Users/pranavr/.pyenv/versions/3.11.6/lib/python3.11/site-packages/airflow/example_dags/example_datasets.py
[2025-06-13T14:50:36.336-0400] {processor.py:925} INFO - DAG(s) 'dataset_consumes_1', 'dataset_consumes_unknown_never_scheduled', 'consume_1_or_2_with_dataset_expressions', 'dataset_consumes_1_and_2', 'dataset_produces_2', 'consume_1_or_both_2_and_3_with_dataset_expressions', 'dataset_consumes_1_never_scheduled', 'consume_1_and_2_with_dataset_expressions', 'conditional_dataset_and_time_based_timetable', 'dataset_produces_1' retrieved from /Users/pranavr/.pyenv/versions/3.11.6/lib/python3.11/site-packages/airflow/example_dags/example_datasets.py
[2025-06-13T14:50:36.406-0400] {logging_mixin.py:190} INFO - [2025-06-13T14:50:36.406-0400] {dag.py:3239} INFO - Sync 10 DAGs
[2025-06-13T14:50:36.414-0400] {logging_mixin.py:190} INFO - [2025-06-13T14:50:36.413-0400] {dag.py:4180} INFO - Setting next_dagrun for conditional_dataset_and_time_based_timetable to 2025-06-11T01:00:00+00:00, run_after=2025-06-11T01:00:00+00:00
[2025-06-13T14:50:36.415-0400] {logging_mixin.py:190} INFO - [2025-06-13T14:50:36.415-0400] {dag.py:4180} INFO - Setting next_dagrun for consume_1_and_2_with_dataset_expressions to None, run_after=None
[2025-06-13T14:50:36.415-0400] {logging_mixin.py:190} INFO - [2025-06-13T14:50:36.415-0400] {dag.py:4180} INFO - Setting next_dagrun for consume_1_or_2_with_dataset_expressions to None, run_after=None
[2025-06-13T14:50:36.415-0400] {logging_mixin.py:190} INFO - [2025-06-13T14:50:36.415-0400] {dag.py:4180} INFO - Setting next_dagrun for consume_1_or_both_2_and_3_with_dataset_expressions to None, run_after=None
[2025-06-13T14:50:36.415-0400] {logging_mixin.py:190} INFO - [2025-06-13T14:50:36.415-0400] {dag.py:4180} INFO - Setting next_dagrun for dataset_consumes_1 to None, run_after=None
[2025-06-13T14:50:36.416-0400] {logging_mixin.py:190} INFO - [2025-06-13T14:50:36.416-0400] {dag.py:4180} INFO - Setting next_dagrun for dataset_consumes_1_and_2 to None, run_after=None
[2025-06-13T14:50:36.416-0400] {logging_mixin.py:190} INFO - [2025-06-13T14:50:36.416-0400] {dag.py:4180} INFO - Setting next_dagrun for dataset_consumes_1_never_scheduled to None, run_after=None
[2025-06-13T14:50:36.416-0400] {logging_mixin.py:190} INFO - [2025-06-13T14:50:36.416-0400] {dag.py:4180} INFO - Setting next_dagrun for dataset_consumes_unknown_never_scheduled to None, run_after=None
[2025-06-13T14:50:36.417-0400] {logging_mixin.py:190} INFO - [2025-06-13T14:50:36.417-0400] {dag.py:4180} INFO - Setting next_dagrun for dataset_produces_1 to 2025-06-12T00:00:00+00:00, run_after=2025-06-13T00:00:00+00:00
[2025-06-13T14:50:36.417-0400] {logging_mixin.py:190} INFO - [2025-06-13T14:50:36.417-0400] {dag.py:4180} INFO - Setting next_dagrun for dataset_produces_2 to None, run_after=None
[2025-06-13T14:50:36.427-0400] {processor.py:208} INFO - Processing /Users/pranavr/.pyenv/versions/3.11.6/lib/python3.11/site-packages/airflow/example_dags/example_datasets.py took 117.313 seconds
[2025-06-13T14:53:05.648-0400] {processor.py:186} INFO - Started process (PID=14062) to work on /Users/pranavr/.pyenv/versions/3.11.6/lib/python3.11/site-packages/airflow/example_dags/example_datasets.py
[2025-06-13T14:53:05.650-0400] {processor.py:914} INFO - Processing file /Users/pranavr/.pyenv/versions/3.11.6/lib/python3.11/site-packages/airflow/example_dags/example_datasets.py for tasks to queue
[2025-06-13T14:53:05.651-0400] {logging_mixin.py:190} INFO - [2025-06-13T14:53:05.651-0400] {dagbag.py:588} INFO - Filling up the DagBag from /Users/pranavr/.pyenv/versions/3.11.6/lib/python3.11/site-packages/airflow/example_dags/example_datasets.py
[2025-06-13T14:53:05.672-0400] {processor.py:925} INFO - DAG(s) 'dataset_consumes_1', 'dataset_consumes_1_never_scheduled', 'dataset_consumes_unknown_never_scheduled', 'dataset_produces_1', 'conditional_dataset_and_time_based_timetable', 'dataset_produces_2', 'dataset_consumes_1_and_2', 'consume_1_or_2_with_dataset_expressions', 'consume_1_and_2_with_dataset_expressions', 'consume_1_or_both_2_and_3_with_dataset_expressions' retrieved from /Users/pranavr/.pyenv/versions/3.11.6/lib/python3.11/site-packages/airflow/example_dags/example_datasets.py
[2025-06-13T14:53:05.742-0400] {logging_mixin.py:190} INFO - [2025-06-13T14:53:05.742-0400] {dag.py:3239} INFO - Sync 10 DAGs
[2025-06-13T14:53:05.750-0400] {logging_mixin.py:190} INFO - [2025-06-13T14:53:05.750-0400] {dag.py:4180} INFO - Setting next_dagrun for conditional_dataset_and_time_based_timetable to 2025-06-11T01:00:00+00:00, run_after=2025-06-11T01:00:00+00:00
[2025-06-13T14:53:05.751-0400] {logging_mixin.py:190} INFO - [2025-06-13T14:53:05.751-0400] {dag.py:4180} INFO - Setting next_dagrun for consume_1_and_2_with_dataset_expressions to None, run_after=None
[2025-06-13T14:53:05.751-0400] {logging_mixin.py:190} INFO - [2025-06-13T14:53:05.751-0400] {dag.py:4180} INFO - Setting next_dagrun for consume_1_or_2_with_dataset_expressions to None, run_after=None
[2025-06-13T14:53:05.752-0400] {logging_mixin.py:190} INFO - [2025-06-13T14:53:05.752-0400] {dag.py:4180} INFO - Setting next_dagrun for consume_1_or_both_2_and_3_with_dataset_expressions to None, run_after=None
[2025-06-13T14:53:05.752-0400] {logging_mixin.py:190} INFO - [2025-06-13T14:53:05.752-0400] {dag.py:4180} INFO - Setting next_dagrun for dataset_consumes_1 to None, run_after=None
[2025-06-13T14:53:05.752-0400] {logging_mixin.py:190} INFO - [2025-06-13T14:53:05.752-0400] {dag.py:4180} INFO - Setting next_dagrun for dataset_consumes_1_and_2 to None, run_after=None
[2025-06-13T14:53:05.752-0400] {logging_mixin.py:190} INFO - [2025-06-13T14:53:05.752-0400] {dag.py:4180} INFO - Setting next_dagrun for dataset_consumes_1_never_scheduled to None, run_after=None
[2025-06-13T14:53:05.753-0400] {logging_mixin.py:190} INFO - [2025-06-13T14:53:05.753-0400] {dag.py:4180} INFO - Setting next_dagrun for dataset_consumes_unknown_never_scheduled to None, run_after=None
[2025-06-13T14:53:05.753-0400] {logging_mixin.py:190} INFO - [2025-06-13T14:53:05.753-0400] {dag.py:4180} INFO - Setting next_dagrun for dataset_produces_1 to 2025-06-12T00:00:00+00:00, run_after=2025-06-13T00:00:00+00:00
[2025-06-13T14:53:05.754-0400] {logging_mixin.py:190} INFO - [2025-06-13T14:53:05.754-0400] {dag.py:4180} INFO - Setting next_dagrun for dataset_produces_2 to None, run_after=None
[2025-06-13T14:53:05.763-0400] {processor.py:208} INFO - Processing /Users/pranavr/.pyenv/versions/3.11.6/lib/python3.11/site-packages/airflow/example_dags/example_datasets.py took 117.095 seconds
[2025-06-13T14:55:41.088-0400] {processor.py:186} INFO - Started process (PID=14288) to work on /Users/pranavr/.pyenv/versions/3.11.6/lib/python3.11/site-packages/airflow/example_dags/example_datasets.py
[2025-06-13T14:55:41.090-0400] {processor.py:914} INFO - Processing file /Users/pranavr/.pyenv/versions/3.11.6/lib/python3.11/site-packages/airflow/example_dags/example_datasets.py for tasks to queue
[2025-06-13T14:55:41.091-0400] {logging_mixin.py:190} INFO - [2025-06-13T14:55:41.091-0400] {dagbag.py:588} INFO - Filling up the DagBag from /Users/pranavr/.pyenv/versions/3.11.6/lib/python3.11/site-packages/airflow/example_dags/example_datasets.py
[2025-06-13T14:55:41.114-0400] {processor.py:925} INFO - DAG(s) 'dataset_produces_2', 'dataset_consumes_1_and_2', 'dataset_produces_1', 'dataset_consumes_unknown_never_scheduled', 'dataset_consumes_1_never_scheduled', 'dataset_consumes_1', 'consume_1_and_2_with_dataset_expressions', 'conditional_dataset_and_time_based_timetable', 'consume_1_or_both_2_and_3_with_dataset_expressions', 'consume_1_or_2_with_dataset_expressions' retrieved from /Users/pranavr/.pyenv/versions/3.11.6/lib/python3.11/site-packages/airflow/example_dags/example_datasets.py
[2025-06-13T14:55:41.192-0400] {logging_mixin.py:190} INFO - [2025-06-13T14:55:41.192-0400] {dag.py:3239} INFO - Sync 10 DAGs
[2025-06-13T14:55:41.200-0400] {logging_mixin.py:190} INFO - [2025-06-13T14:55:41.200-0400] {dag.py:4180} INFO - Setting next_dagrun for conditional_dataset_and_time_based_timetable to 2025-06-11T01:00:00+00:00, run_after=2025-06-11T01:00:00+00:00
[2025-06-13T14:55:41.202-0400] {logging_mixin.py:190} INFO - [2025-06-13T14:55:41.202-0400] {dag.py:4180} INFO - Setting next_dagrun for consume_1_and_2_with_dataset_expressions to None, run_after=None
[2025-06-13T14:55:41.202-0400] {logging_mixin.py:190} INFO - [2025-06-13T14:55:41.202-0400] {dag.py:4180} INFO - Setting next_dagrun for consume_1_or_2_with_dataset_expressions to None, run_after=None
[2025-06-13T14:55:41.203-0400] {logging_mixin.py:190} INFO - [2025-06-13T14:55:41.203-0400] {dag.py:4180} INFO - Setting next_dagrun for consume_1_or_both_2_and_3_with_dataset_expressions to None, run_after=None
[2025-06-13T14:55:41.203-0400] {logging_mixin.py:190} INFO - [2025-06-13T14:55:41.203-0400] {dag.py:4180} INFO - Setting next_dagrun for dataset_consumes_1 to None, run_after=None
[2025-06-13T14:55:41.203-0400] {logging_mixin.py:190} INFO - [2025-06-13T14:55:41.203-0400] {dag.py:4180} INFO - Setting next_dagrun for dataset_consumes_1_and_2 to None, run_after=None
[2025-06-13T14:55:41.204-0400] {logging_mixin.py:190} INFO - [2025-06-13T14:55:41.204-0400] {dag.py:4180} INFO - Setting next_dagrun for dataset_consumes_1_never_scheduled to None, run_after=None
[2025-06-13T14:55:41.204-0400] {logging_mixin.py:190} INFO - [2025-06-13T14:55:41.204-0400] {dag.py:4180} INFO - Setting next_dagrun for dataset_consumes_unknown_never_scheduled to None, run_after=None
[2025-06-13T14:55:41.205-0400] {logging_mixin.py:190} INFO - [2025-06-13T14:55:41.205-0400] {dag.py:4180} INFO - Setting next_dagrun for dataset_produces_1 to 2025-06-12T00:00:00+00:00, run_after=2025-06-13T00:00:00+00:00
[2025-06-13T14:55:41.205-0400] {logging_mixin.py:190} INFO - [2025-06-13T14:55:41.205-0400] {dag.py:4180} INFO - Setting next_dagrun for dataset_produces_2 to None, run_after=None
[2025-06-13T14:55:41.216-0400] {processor.py:208} INFO - Processing /Users/pranavr/.pyenv/versions/3.11.6/lib/python3.11/site-packages/airflow/example_dags/example_datasets.py took 129.875 seconds
[2025-06-13T14:58:16.477-0400] {processor.py:186} INFO - Started process (PID=14638) to work on /Users/pranavr/.pyenv/versions/3.11.6/lib/python3.11/site-packages/airflow/example_dags/example_datasets.py
[2025-06-13T14:58:16.479-0400] {processor.py:914} INFO - Processing file /Users/pranavr/.pyenv/versions/3.11.6/lib/python3.11/site-packages/airflow/example_dags/example_datasets.py for tasks to queue
[2025-06-13T14:58:16.480-0400] {logging_mixin.py:190} INFO - [2025-06-13T14:58:16.480-0400] {dagbag.py:588} INFO - Filling up the DagBag from /Users/pranavr/.pyenv/versions/3.11.6/lib/python3.11/site-packages/airflow/example_dags/example_datasets.py
[2025-06-13T14:58:16.507-0400] {processor.py:925} INFO - DAG(s) 'conditional_dataset_and_time_based_timetable', 'dataset_consumes_1', 'dataset_produces_2', 'dataset_consumes_unknown_never_scheduled', 'dataset_produces_1', 'consume_1_and_2_with_dataset_expressions', 'consume_1_or_2_with_dataset_expressions', 'consume_1_or_both_2_and_3_with_dataset_expressions', 'dataset_consumes_1_and_2', 'dataset_consumes_1_never_scheduled' retrieved from /Users/pranavr/.pyenv/versions/3.11.6/lib/python3.11/site-packages/airflow/example_dags/example_datasets.py
[2025-06-13T14:58:16.590-0400] {logging_mixin.py:190} INFO - [2025-06-13T14:58:16.590-0400] {dag.py:3239} INFO - Sync 10 DAGs
[2025-06-13T14:58:16.599-0400] {logging_mixin.py:190} INFO - [2025-06-13T14:58:16.599-0400] {dag.py:4180} INFO - Setting next_dagrun for conditional_dataset_and_time_based_timetable to 2025-06-11T01:00:00+00:00, run_after=2025-06-11T01:00:00+00:00
[2025-06-13T14:58:16.600-0400] {logging_mixin.py:190} INFO - [2025-06-13T14:58:16.600-0400] {dag.py:4180} INFO - Setting next_dagrun for consume_1_and_2_with_dataset_expressions to None, run_after=None
[2025-06-13T14:58:16.601-0400] {logging_mixin.py:190} INFO - [2025-06-13T14:58:16.601-0400] {dag.py:4180} INFO - Setting next_dagrun for consume_1_or_2_with_dataset_expressions to None, run_after=None
[2025-06-13T14:58:16.601-0400] {logging_mixin.py:190} INFO - [2025-06-13T14:58:16.601-0400] {dag.py:4180} INFO - Setting next_dagrun for consume_1_or_both_2_and_3_with_dataset_expressions to None, run_after=None
[2025-06-13T14:58:16.601-0400] {logging_mixin.py:190} INFO - [2025-06-13T14:58:16.601-0400] {dag.py:4180} INFO - Setting next_dagrun for dataset_consumes_1 to None, run_after=None
[2025-06-13T14:58:16.602-0400] {logging_mixin.py:190} INFO - [2025-06-13T14:58:16.602-0400] {dag.py:4180} INFO - Setting next_dagrun for dataset_consumes_1_and_2 to None, run_after=None
[2025-06-13T14:58:16.602-0400] {logging_mixin.py:190} INFO - [2025-06-13T14:58:16.602-0400] {dag.py:4180} INFO - Setting next_dagrun for dataset_consumes_1_never_scheduled to None, run_after=None
[2025-06-13T14:58:16.602-0400] {logging_mixin.py:190} INFO - [2025-06-13T14:58:16.602-0400] {dag.py:4180} INFO - Setting next_dagrun for dataset_consumes_unknown_never_scheduled to None, run_after=None
[2025-06-13T14:58:16.603-0400] {logging_mixin.py:190} INFO - [2025-06-13T14:58:16.603-0400] {dag.py:4180} INFO - Setting next_dagrun for dataset_produces_1 to 2025-06-12T00:00:00+00:00, run_after=2025-06-13T00:00:00+00:00
[2025-06-13T14:58:16.604-0400] {logging_mixin.py:190} INFO - [2025-06-13T14:58:16.603-0400] {dag.py:4180} INFO - Setting next_dagrun for dataset_produces_2 to None, run_after=None
[2025-06-13T14:58:16.616-0400] {processor.py:208} INFO - Processing /Users/pranavr/.pyenv/versions/3.11.6/lib/python3.11/site-packages/airflow/example_dags/example_datasets.py took 140.012 seconds
[2025-06-13T15:01:44.969-0400] {processor.py:186} INFO - Started process (PID=15158) to work on /Users/pranavr/.pyenv/versions/3.11.6/lib/python3.11/site-packages/airflow/example_dags/example_datasets.py
[2025-06-13T15:01:44.972-0400] {processor.py:914} INFO - Processing file /Users/pranavr/.pyenv/versions/3.11.6/lib/python3.11/site-packages/airflow/example_dags/example_datasets.py for tasks to queue
[2025-06-13T15:01:44.972-0400] {logging_mixin.py:190} INFO - [2025-06-13T15:01:44.972-0400] {dagbag.py:588} INFO - Filling up the DagBag from /Users/pranavr/.pyenv/versions/3.11.6/lib/python3.11/site-packages/airflow/example_dags/example_datasets.py
[2025-06-13T15:01:44.996-0400] {processor.py:925} INFO - DAG(s) 'consume_1_and_2_with_dataset_expressions', 'conditional_dataset_and_time_based_timetable', 'dataset_consumes_1_never_scheduled', 'dataset_consumes_unknown_never_scheduled', 'consume_1_or_2_with_dataset_expressions', 'consume_1_or_both_2_and_3_with_dataset_expressions', 'dataset_produces_2', 'dataset_produces_1', 'dataset_consumes_1_and_2', 'dataset_consumes_1' retrieved from /Users/pranavr/.pyenv/versions/3.11.6/lib/python3.11/site-packages/airflow/example_dags/example_datasets.py
[2025-06-13T15:01:45.075-0400] {logging_mixin.py:190} INFO - [2025-06-13T15:01:45.075-0400] {dag.py:3239} INFO - Sync 10 DAGs
[2025-06-13T15:01:45.084-0400] {logging_mixin.py:190} INFO - [2025-06-13T15:01:45.084-0400] {dag.py:4180} INFO - Setting next_dagrun for conditional_dataset_and_time_based_timetable to 2025-06-11T01:00:00+00:00, run_after=2025-06-11T01:00:00+00:00
[2025-06-13T15:01:45.086-0400] {logging_mixin.py:190} INFO - [2025-06-13T15:01:45.086-0400] {dag.py:4180} INFO - Setting next_dagrun for consume_1_and_2_with_dataset_expressions to None, run_after=None
[2025-06-13T15:01:45.086-0400] {logging_mixin.py:190} INFO - [2025-06-13T15:01:45.086-0400] {dag.py:4180} INFO - Setting next_dagrun for consume_1_or_2_with_dataset_expressions to None, run_after=None
[2025-06-13T15:01:45.086-0400] {logging_mixin.py:190} INFO - [2025-06-13T15:01:45.086-0400] {dag.py:4180} INFO - Setting next_dagrun for consume_1_or_both_2_and_3_with_dataset_expressions to None, run_after=None
[2025-06-13T15:01:45.086-0400] {logging_mixin.py:190} INFO - [2025-06-13T15:01:45.086-0400] {dag.py:4180} INFO - Setting next_dagrun for dataset_consumes_1 to None, run_after=None
[2025-06-13T15:01:45.087-0400] {logging_mixin.py:190} INFO - [2025-06-13T15:01:45.087-0400] {dag.py:4180} INFO - Setting next_dagrun for dataset_consumes_1_and_2 to None, run_after=None
[2025-06-13T15:01:45.087-0400] {logging_mixin.py:190} INFO - [2025-06-13T15:01:45.087-0400] {dag.py:4180} INFO - Setting next_dagrun for dataset_consumes_1_never_scheduled to None, run_after=None
[2025-06-13T15:01:45.087-0400] {logging_mixin.py:190} INFO - [2025-06-13T15:01:45.087-0400] {dag.py:4180} INFO - Setting next_dagrun for dataset_consumes_unknown_never_scheduled to None, run_after=None
[2025-06-13T15:01:45.088-0400] {logging_mixin.py:190} INFO - [2025-06-13T15:01:45.088-0400] {dag.py:4180} INFO - Setting next_dagrun for dataset_produces_1 to 2025-06-12T00:00:00+00:00, run_after=2025-06-13T00:00:00+00:00
[2025-06-13T15:01:45.088-0400] {logging_mixin.py:190} INFO - [2025-06-13T15:01:45.088-0400] {dag.py:4180} INFO - Setting next_dagrun for dataset_produces_2 to None, run_after=None
[2025-06-13T15:01:45.100-0400] {processor.py:208} INFO - Processing /Users/pranavr/.pyenv/versions/3.11.6/lib/python3.11/site-packages/airflow/example_dags/example_datasets.py took 131.801 seconds
