[2025-06-13T14:10:24.436-0400] {processor.py:153} INFO - Started process (PID=96591) to work on /Users/pranavr/drift-retrainer/venv311/lib/python3.11/site-packages/airflow/example_dags/example_kubernetes_executor.py
[2025-06-13T14:10:24.438-0400] {processor.py:743} INFO - Processing file /Users/pranavr/drift-retrainer/venv311/lib/python3.11/site-packages/airflow/example_dags/example_kubernetes_executor.py for tasks to queue
[2025-06-13T14:10:24.438-0400] {logging_mixin.py:137} INFO - [2025-06-13T14:10:24.438-0400] {dagbag.py:538} INFO - Filling up the DagBag from /Users/pranavr/drift-retrainer/venv311/lib/python3.11/site-packages/airflow/example_dags/example_kubernetes_executor.py
[2025-06-13T14:10:24.464-0400] {logging_mixin.py:137} INFO - [2025-06-13T14:10:24.464-0400] {example_kubernetes_executor.py:41} WARNING - The example_kubernetes_executor example DAG requires the kubernetes provider. Please install it with: pip install apache-airflow[cncf.kubernetes]
[2025-06-13T14:10:24.464-0400] {processor.py:755} WARNING - No viable dags retrieved from /Users/pranavr/drift-retrainer/venv311/lib/python3.11/site-packages/airflow/example_dags/example_kubernetes_executor.py
[2025-06-13T14:10:24.931-0400] {processor.py:175} INFO - Processing /Users/pranavr/drift-retrainer/venv311/lib/python3.11/site-packages/airflow/example_dags/example_kubernetes_executor.py took 0.495 seconds
[2025-06-13T14:11:52.892-0400] {processor.py:153} INFO - Started process (PID=97486) to work on /Users/pranavr/drift-retrainer/venv311/lib/python3.11/site-packages/airflow/example_dags/example_kubernetes_executor.py
[2025-06-13T14:11:52.894-0400] {processor.py:743} INFO - Processing file /Users/pranavr/drift-retrainer/venv311/lib/python3.11/site-packages/airflow/example_dags/example_kubernetes_executor.py for tasks to queue
[2025-06-13T14:11:52.894-0400] {logging_mixin.py:137} INFO - [2025-06-13T14:11:52.894-0400] {dagbag.py:538} INFO - Filling up the DagBag from /Users/pranavr/drift-retrainer/venv311/lib/python3.11/site-packages/airflow/example_dags/example_kubernetes_executor.py
[2025-06-13T14:11:52.916-0400] {logging_mixin.py:137} INFO - [2025-06-13T14:11:52.916-0400] {example_kubernetes_executor.py:41} WARNING - The example_kubernetes_executor example DAG requires the kubernetes provider. Please install it with: pip install apache-airflow[cncf.kubernetes]
[2025-06-13T14:11:52.916-0400] {processor.py:755} WARNING - No viable dags retrieved from /Users/pranavr/drift-retrainer/venv311/lib/python3.11/site-packages/airflow/example_dags/example_kubernetes_executor.py
[2025-06-13T14:11:53.384-0400] {processor.py:175} INFO - Processing /Users/pranavr/drift-retrainer/venv311/lib/python3.11/site-packages/airflow/example_dags/example_kubernetes_executor.py took 0.493 seconds
[2025-06-13T14:13:46.071-0400] {processor.py:153} INFO - Started process (PID=97942) to work on /Users/pranavr/drift-retrainer/venv311/lib/python3.11/site-packages/airflow/example_dags/example_kubernetes_executor.py
[2025-06-13T14:13:46.080-0400] {processor.py:743} INFO - Processing file /Users/pranavr/drift-retrainer/venv311/lib/python3.11/site-packages/airflow/example_dags/example_kubernetes_executor.py for tasks to queue
[2025-06-13T14:13:46.080-0400] {logging_mixin.py:137} INFO - [2025-06-13T14:13:46.080-0400] {dagbag.py:538} INFO - Filling up the DagBag from /Users/pranavr/drift-retrainer/venv311/lib/python3.11/site-packages/airflow/example_dags/example_kubernetes_executor.py
[2025-06-13T14:13:46.102-0400] {logging_mixin.py:137} INFO - [2025-06-13T14:13:46.102-0400] {example_kubernetes_executor.py:41} WARNING - The example_kubernetes_executor example DAG requires the kubernetes provider. Please install it with: pip install apache-airflow[cncf.kubernetes]
[2025-06-13T14:13:46.103-0400] {processor.py:755} WARNING - No viable dags retrieved from /Users/pranavr/drift-retrainer/venv311/lib/python3.11/site-packages/airflow/example_dags/example_kubernetes_executor.py
[2025-06-13T14:13:46.566-0400] {processor.py:175} INFO - Processing /Users/pranavr/drift-retrainer/venv311/lib/python3.11/site-packages/airflow/example_dags/example_kubernetes_executor.py took 0.495 seconds
[2025-06-13T14:15:37.848-0400] {processor.py:153} INFO - Started process (PID=2944) to work on /Users/pranavr/drift-retrainer/venv311/lib/python3.11/site-packages/airflow/example_dags/example_kubernetes_executor.py
[2025-06-13T14:15:37.851-0400] {processor.py:743} INFO - Processing file /Users/pranavr/drift-retrainer/venv311/lib/python3.11/site-packages/airflow/example_dags/example_kubernetes_executor.py for tasks to queue
[2025-06-13T14:15:37.851-0400] {logging_mixin.py:137} INFO - [2025-06-13T14:15:37.851-0400] {dagbag.py:538} INFO - Filling up the DagBag from /Users/pranavr/drift-retrainer/venv311/lib/python3.11/site-packages/airflow/example_dags/example_kubernetes_executor.py
[2025-06-13T14:15:37.880-0400] {logging_mixin.py:137} INFO - [2025-06-13T14:15:37.879-0400] {example_kubernetes_executor.py:41} WARNING - The example_kubernetes_executor example DAG requires the kubernetes provider. Please install it with: pip install apache-airflow[cncf.kubernetes]
[2025-06-13T14:15:37.880-0400] {processor.py:755} WARNING - No viable dags retrieved from /Users/pranavr/drift-retrainer/venv311/lib/python3.11/site-packages/airflow/example_dags/example_kubernetes_executor.py
[2025-06-13T14:15:38.343-0400] {processor.py:175} INFO - Processing /Users/pranavr/drift-retrainer/venv311/lib/python3.11/site-packages/airflow/example_dags/example_kubernetes_executor.py took 0.496 seconds
[2025-06-13T14:17:31.592-0400] {processor.py:153} INFO - Started process (PID=3997) to work on /Users/pranavr/drift-retrainer/venv311/lib/python3.11/site-packages/airflow/example_dags/example_kubernetes_executor.py
[2025-06-13T14:17:31.594-0400] {processor.py:743} INFO - Processing file /Users/pranavr/drift-retrainer/venv311/lib/python3.11/site-packages/airflow/example_dags/example_kubernetes_executor.py for tasks to queue
[2025-06-13T14:17:31.594-0400] {logging_mixin.py:137} INFO - [2025-06-13T14:17:31.594-0400] {dagbag.py:538} INFO - Filling up the DagBag from /Users/pranavr/drift-retrainer/venv311/lib/python3.11/site-packages/airflow/example_dags/example_kubernetes_executor.py
[2025-06-13T14:17:31.621-0400] {logging_mixin.py:137} INFO - [2025-06-13T14:17:31.621-0400] {example_kubernetes_executor.py:41} WARNING - The example_kubernetes_executor example DAG requires the kubernetes provider. Please install it with: pip install apache-airflow[cncf.kubernetes]
[2025-06-13T14:17:31.621-0400] {processor.py:755} WARNING - No viable dags retrieved from /Users/pranavr/drift-retrainer/venv311/lib/python3.11/site-packages/airflow/example_dags/example_kubernetes_executor.py
[2025-06-13T14:17:32.088-0400] {processor.py:175} INFO - Processing /Users/pranavr/drift-retrainer/venv311/lib/python3.11/site-packages/airflow/example_dags/example_kubernetes_executor.py took 0.497 seconds
[2025-06-13T14:19:33.595-0400] {processor.py:153} INFO - Started process (PID=6514) to work on /Users/pranavr/drift-retrainer/venv311/lib/python3.11/site-packages/airflow/example_dags/example_kubernetes_executor.py
[2025-06-13T14:19:33.597-0400] {processor.py:743} INFO - Processing file /Users/pranavr/drift-retrainer/venv311/lib/python3.11/site-packages/airflow/example_dags/example_kubernetes_executor.py for tasks to queue
[2025-06-13T14:19:33.598-0400] {logging_mixin.py:137} INFO - [2025-06-13T14:19:33.598-0400] {dagbag.py:538} INFO - Filling up the DagBag from /Users/pranavr/drift-retrainer/venv311/lib/python3.11/site-packages/airflow/example_dags/example_kubernetes_executor.py
[2025-06-13T14:19:33.643-0400] {logging_mixin.py:137} INFO - [2025-06-13T14:19:33.643-0400] {example_kubernetes_executor.py:41} WARNING - The example_kubernetes_executor example DAG requires the kubernetes provider. Please install it with: pip install apache-airflow[cncf.kubernetes]
[2025-06-13T14:19:33.643-0400] {processor.py:755} WARNING - No viable dags retrieved from /Users/pranavr/drift-retrainer/venv311/lib/python3.11/site-packages/airflow/example_dags/example_kubernetes_executor.py
[2025-06-13T14:19:34.105-0400] {processor.py:175} INFO - Processing /Users/pranavr/drift-retrainer/venv311/lib/python3.11/site-packages/airflow/example_dags/example_kubernetes_executor.py took 0.510 seconds
[2025-06-13T14:22:42.554-0400] {processor.py:186} INFO - Started process (PID=7660) to work on /Users/pranavr/.pyenv/versions/3.11.6/lib/python3.11/site-packages/airflow/example_dags/example_kubernetes_executor.py
[2025-06-13T14:22:42.556-0400] {processor.py:914} INFO - Processing file /Users/pranavr/.pyenv/versions/3.11.6/lib/python3.11/site-packages/airflow/example_dags/example_kubernetes_executor.py for tasks to queue
[2025-06-13T14:22:42.557-0400] {logging_mixin.py:190} INFO - [2025-06-13T14:22:42.557-0400] {dagbag.py:588} INFO - Filling up the DagBag from /Users/pranavr/.pyenv/versions/3.11.6/lib/python3.11/site-packages/airflow/example_dags/example_kubernetes_executor.py
[2025-06-13T14:22:42.581-0400] {logging_mixin.py:190} INFO - [2025-06-13T14:22:42.581-0400] {example_kubernetes_executor.py:39} WARNING - The example_kubernetes_executor example DAG requires the kubernetes provider. Please install it with: pip install apache-airflow[cncf.kubernetes]
[2025-06-13T14:22:42.582-0400] {processor.py:927} WARNING - No viable dags retrieved from /Users/pranavr/.pyenv/versions/3.11.6/lib/python3.11/site-packages/airflow/example_dags/example_kubernetes_executor.py
[2025-06-13T14:22:42.676-0400] {processor.py:208} INFO - Processing /Users/pranavr/.pyenv/versions/3.11.6/lib/python3.11/site-packages/airflow/example_dags/example_kubernetes_executor.py took 124.534 seconds
[2025-06-13T14:24:45.139-0400] {processor.py:186} INFO - Started process (PID=7934) to work on /Users/pranavr/.pyenv/versions/3.11.6/lib/python3.11/site-packages/airflow/example_dags/example_kubernetes_executor.py
[2025-06-13T14:24:45.141-0400] {processor.py:914} INFO - Processing file /Users/pranavr/.pyenv/versions/3.11.6/lib/python3.11/site-packages/airflow/example_dags/example_kubernetes_executor.py for tasks to queue
[2025-06-13T14:24:45.142-0400] {logging_mixin.py:190} INFO - [2025-06-13T14:24:45.142-0400] {dagbag.py:588} INFO - Filling up the DagBag from /Users/pranavr/.pyenv/versions/3.11.6/lib/python3.11/site-packages/airflow/example_dags/example_kubernetes_executor.py
[2025-06-13T14:24:45.160-0400] {logging_mixin.py:190} INFO - [2025-06-13T14:24:45.160-0400] {example_kubernetes_executor.py:39} WARNING - The example_kubernetes_executor example DAG requires the kubernetes provider. Please install it with: pip install apache-airflow[cncf.kubernetes]
[2025-06-13T14:24:45.160-0400] {processor.py:927} WARNING - No viable dags retrieved from /Users/pranavr/.pyenv/versions/3.11.6/lib/python3.11/site-packages/airflow/example_dags/example_kubernetes_executor.py
[2025-06-13T14:24:45.234-0400] {processor.py:208} INFO - Processing /Users/pranavr/.pyenv/versions/3.11.6/lib/python3.11/site-packages/airflow/example_dags/example_kubernetes_executor.py took 96.564 seconds
[2025-06-13T14:27:48.540-0400] {processor.py:186} INFO - Started process (PID=8733) to work on /Users/pranavr/.pyenv/versions/3.11.6/lib/python3.11/site-packages/airflow/example_dags/example_kubernetes_executor.py
[2025-06-13T14:27:48.542-0400] {processor.py:914} INFO - Processing file /Users/pranavr/.pyenv/versions/3.11.6/lib/python3.11/site-packages/airflow/example_dags/example_kubernetes_executor.py for tasks to queue
[2025-06-13T14:27:48.542-0400] {logging_mixin.py:190} INFO - [2025-06-13T14:27:48.542-0400] {dagbag.py:588} INFO - Filling up the DagBag from /Users/pranavr/.pyenv/versions/3.11.6/lib/python3.11/site-packages/airflow/example_dags/example_kubernetes_executor.py
[2025-06-13T14:27:48.559-0400] {logging_mixin.py:190} INFO - [2025-06-13T14:27:48.559-0400] {example_kubernetes_executor.py:39} WARNING - The example_kubernetes_executor example DAG requires the kubernetes provider. Please install it with: pip install apache-airflow[cncf.kubernetes]
[2025-06-13T14:27:48.559-0400] {processor.py:927} WARNING - No viable dags retrieved from /Users/pranavr/.pyenv/versions/3.11.6/lib/python3.11/site-packages/airflow/example_dags/example_kubernetes_executor.py
[2025-06-13T14:27:48.634-0400] {processor.py:208} INFO - Processing /Users/pranavr/.pyenv/versions/3.11.6/lib/python3.11/site-packages/airflow/example_dags/example_kubernetes_executor.py took 95.630 seconds
[2025-06-13T14:30:49.193-0400] {processor.py:186} INFO - Started process (PID=9177) to work on /Users/pranavr/.pyenv/versions/3.11.6/lib/python3.11/site-packages/airflow/example_dags/example_kubernetes_executor.py
[2025-06-13T14:30:49.195-0400] {processor.py:914} INFO - Processing file /Users/pranavr/.pyenv/versions/3.11.6/lib/python3.11/site-packages/airflow/example_dags/example_kubernetes_executor.py for tasks to queue
[2025-06-13T14:30:49.195-0400] {logging_mixin.py:190} INFO - [2025-06-13T14:30:49.195-0400] {dagbag.py:588} INFO - Filling up the DagBag from /Users/pranavr/.pyenv/versions/3.11.6/lib/python3.11/site-packages/airflow/example_dags/example_kubernetes_executor.py
[2025-06-13T14:30:49.214-0400] {logging_mixin.py:190} INFO - [2025-06-13T14:30:49.213-0400] {example_kubernetes_executor.py:39} WARNING - The example_kubernetes_executor example DAG requires the kubernetes provider. Please install it with: pip install apache-airflow[cncf.kubernetes]
[2025-06-13T14:30:49.214-0400] {processor.py:927} WARNING - No viable dags retrieved from /Users/pranavr/.pyenv/versions/3.11.6/lib/python3.11/site-packages/airflow/example_dags/example_kubernetes_executor.py
[2025-06-13T14:30:49.292-0400] {processor.py:208} INFO - Processing /Users/pranavr/.pyenv/versions/3.11.6/lib/python3.11/site-packages/airflow/example_dags/example_kubernetes_executor.py took 100.936 seconds
[2025-06-13T14:33:51.153-0400] {processor.py:186} INFO - Started process (PID=9728) to work on /Users/pranavr/.pyenv/versions/3.11.6/lib/python3.11/site-packages/airflow/example_dags/example_kubernetes_executor.py
[2025-06-13T14:33:51.157-0400] {processor.py:914} INFO - Processing file /Users/pranavr/.pyenv/versions/3.11.6/lib/python3.11/site-packages/airflow/example_dags/example_kubernetes_executor.py for tasks to queue
[2025-06-13T14:33:51.157-0400] {logging_mixin.py:190} INFO - [2025-06-13T14:33:51.157-0400] {dagbag.py:588} INFO - Filling up the DagBag from /Users/pranavr/.pyenv/versions/3.11.6/lib/python3.11/site-packages/airflow/example_dags/example_kubernetes_executor.py
[2025-06-13T14:33:51.176-0400] {logging_mixin.py:190} INFO - [2025-06-13T14:33:51.176-0400] {example_kubernetes_executor.py:39} WARNING - The example_kubernetes_executor example DAG requires the kubernetes provider. Please install it with: pip install apache-airflow[cncf.kubernetes]
[2025-06-13T14:33:51.177-0400] {processor.py:927} WARNING - No viable dags retrieved from /Users/pranavr/.pyenv/versions/3.11.6/lib/python3.11/site-packages/airflow/example_dags/example_kubernetes_executor.py
[2025-06-13T14:33:51.257-0400] {processor.py:208} INFO - Processing /Users/pranavr/.pyenv/versions/3.11.6/lib/python3.11/site-packages/airflow/example_dags/example_kubernetes_executor.py took 105.245 seconds
[2025-06-13T14:36:53.491-0400] {processor.py:186} INFO - Started process (PID=10998) to work on /Users/pranavr/.pyenv/versions/3.11.6/lib/python3.11/site-packages/airflow/example_dags/example_kubernetes_executor.py
[2025-06-13T14:36:53.493-0400] {processor.py:914} INFO - Processing file /Users/pranavr/.pyenv/versions/3.11.6/lib/python3.11/site-packages/airflow/example_dags/example_kubernetes_executor.py for tasks to queue
[2025-06-13T14:36:53.494-0400] {logging_mixin.py:190} INFO - [2025-06-13T14:36:53.494-0400] {dagbag.py:588} INFO - Filling up the DagBag from /Users/pranavr/.pyenv/versions/3.11.6/lib/python3.11/site-packages/airflow/example_dags/example_kubernetes_executor.py
[2025-06-13T14:36:53.511-0400] {logging_mixin.py:190} INFO - [2025-06-13T14:36:53.511-0400] {example_kubernetes_executor.py:39} WARNING - The example_kubernetes_executor example DAG requires the kubernetes provider. Please install it with: pip install apache-airflow[cncf.kubernetes]
[2025-06-13T14:36:53.512-0400] {processor.py:927} WARNING - No viable dags retrieved from /Users/pranavr/.pyenv/versions/3.11.6/lib/python3.11/site-packages/airflow/example_dags/example_kubernetes_executor.py
[2025-06-13T14:36:53.585-0400] {processor.py:208} INFO - Processing /Users/pranavr/.pyenv/versions/3.11.6/lib/python3.11/site-packages/airflow/example_dags/example_kubernetes_executor.py took 95.304 seconds
[2025-06-13T14:39:46.364-0400] {processor.py:186} INFO - Started process (PID=11439) to work on /Users/pranavr/.pyenv/versions/3.11.6/lib/python3.11/site-packages/airflow/example_dags/example_kubernetes_executor.py
[2025-06-13T14:39:46.366-0400] {processor.py:914} INFO - Processing file /Users/pranavr/.pyenv/versions/3.11.6/lib/python3.11/site-packages/airflow/example_dags/example_kubernetes_executor.py for tasks to queue
[2025-06-13T14:39:46.367-0400] {logging_mixin.py:190} INFO - [2025-06-13T14:39:46.367-0400] {dagbag.py:588} INFO - Filling up the DagBag from /Users/pranavr/.pyenv/versions/3.11.6/lib/python3.11/site-packages/airflow/example_dags/example_kubernetes_executor.py
[2025-06-13T14:39:46.379-0400] {logging_mixin.py:190} INFO - [2025-06-13T14:39:46.379-0400] {example_kubernetes_executor.py:39} WARNING - The example_kubernetes_executor example DAG requires the kubernetes provider. Please install it with: pip install apache-airflow[cncf.kubernetes]
[2025-06-13T14:39:46.380-0400] {processor.py:927} WARNING - No viable dags retrieved from /Users/pranavr/.pyenv/versions/3.11.6/lib/python3.11/site-packages/airflow/example_dags/example_kubernetes_executor.py
[2025-06-13T14:39:46.438-0400] {processor.py:208} INFO - Processing /Users/pranavr/.pyenv/versions/3.11.6/lib/python3.11/site-packages/airflow/example_dags/example_kubernetes_executor.py took 75.297 seconds
[2025-06-13T14:42:19.129-0400] {processor.py:186} INFO - Started process (PID=11827) to work on /Users/pranavr/.pyenv/versions/3.11.6/lib/python3.11/site-packages/airflow/example_dags/example_kubernetes_executor.py
[2025-06-13T14:42:19.132-0400] {processor.py:914} INFO - Processing file /Users/pranavr/.pyenv/versions/3.11.6/lib/python3.11/site-packages/airflow/example_dags/example_kubernetes_executor.py for tasks to queue
[2025-06-13T14:42:19.132-0400] {logging_mixin.py:190} INFO - [2025-06-13T14:42:19.132-0400] {dagbag.py:588} INFO - Filling up the DagBag from /Users/pranavr/.pyenv/versions/3.11.6/lib/python3.11/site-packages/airflow/example_dags/example_kubernetes_executor.py
[2025-06-13T14:42:19.145-0400] {logging_mixin.py:190} INFO - [2025-06-13T14:42:19.145-0400] {example_kubernetes_executor.py:39} WARNING - The example_kubernetes_executor example DAG requires the kubernetes provider. Please install it with: pip install apache-airflow[cncf.kubernetes]
[2025-06-13T14:42:19.145-0400] {processor.py:927} WARNING - No viable dags retrieved from /Users/pranavr/.pyenv/versions/3.11.6/lib/python3.11/site-packages/airflow/example_dags/example_kubernetes_executor.py
[2025-06-13T14:42:19.202-0400] {processor.py:208} INFO - Processing /Users/pranavr/.pyenv/versions/3.11.6/lib/python3.11/site-packages/airflow/example_dags/example_kubernetes_executor.py took 74.041 seconds
[2025-06-13T14:44:44.526-0400] {processor.py:186} INFO - Started process (PID=12078) to work on /Users/pranavr/.pyenv/versions/3.11.6/lib/python3.11/site-packages/airflow/example_dags/example_kubernetes_executor.py
[2025-06-13T14:44:44.528-0400] {processor.py:914} INFO - Processing file /Users/pranavr/.pyenv/versions/3.11.6/lib/python3.11/site-packages/airflow/example_dags/example_kubernetes_executor.py for tasks to queue
[2025-06-13T14:44:44.529-0400] {logging_mixin.py:190} INFO - [2025-06-13T14:44:44.529-0400] {dagbag.py:588} INFO - Filling up the DagBag from /Users/pranavr/.pyenv/versions/3.11.6/lib/python3.11/site-packages/airflow/example_dags/example_kubernetes_executor.py
[2025-06-13T14:44:44.543-0400] {logging_mixin.py:190} INFO - [2025-06-13T14:44:44.543-0400] {example_kubernetes_executor.py:39} WARNING - The example_kubernetes_executor example DAG requires the kubernetes provider. Please install it with: pip install apache-airflow[cncf.kubernetes]
[2025-06-13T14:44:44.543-0400] {processor.py:927} WARNING - No viable dags retrieved from /Users/pranavr/.pyenv/versions/3.11.6/lib/python3.11/site-packages/airflow/example_dags/example_kubernetes_executor.py
[2025-06-13T14:44:44.612-0400] {processor.py:208} INFO - Processing /Users/pranavr/.pyenv/versions/3.11.6/lib/python3.11/site-packages/airflow/example_dags/example_kubernetes_executor.py took 86.806 seconds
[2025-06-13T14:47:08.745-0400] {processor.py:186} INFO - Started process (PID=12380) to work on /Users/pranavr/.pyenv/versions/3.11.6/lib/python3.11/site-packages/airflow/example_dags/example_kubernetes_executor.py
[2025-06-13T14:47:08.746-0400] {processor.py:914} INFO - Processing file /Users/pranavr/.pyenv/versions/3.11.6/lib/python3.11/site-packages/airflow/example_dags/example_kubernetes_executor.py for tasks to queue
[2025-06-13T14:47:08.747-0400] {logging_mixin.py:190} INFO - [2025-06-13T14:47:08.747-0400] {dagbag.py:588} INFO - Filling up the DagBag from /Users/pranavr/.pyenv/versions/3.11.6/lib/python3.11/site-packages/airflow/example_dags/example_kubernetes_executor.py
[2025-06-13T14:47:08.759-0400] {logging_mixin.py:190} INFO - [2025-06-13T14:47:08.759-0400] {example_kubernetes_executor.py:39} WARNING - The example_kubernetes_executor example DAG requires the kubernetes provider. Please install it with: pip install apache-airflow[cncf.kubernetes]
[2025-06-13T14:47:08.759-0400] {processor.py:927} WARNING - No viable dags retrieved from /Users/pranavr/.pyenv/versions/3.11.6/lib/python3.11/site-packages/airflow/example_dags/example_kubernetes_executor.py
[2025-06-13T14:47:08.816-0400] {processor.py:208} INFO - Processing /Users/pranavr/.pyenv/versions/3.11.6/lib/python3.11/site-packages/airflow/example_dags/example_kubernetes_executor.py took 73.016 seconds
[2025-06-13T14:49:38.739-0400] {processor.py:186} INFO - Started process (PID=12612) to work on /Users/pranavr/.pyenv/versions/3.11.6/lib/python3.11/site-packages/airflow/example_dags/example_kubernetes_executor.py
[2025-06-13T14:49:38.741-0400] {processor.py:914} INFO - Processing file /Users/pranavr/.pyenv/versions/3.11.6/lib/python3.11/site-packages/airflow/example_dags/example_kubernetes_executor.py for tasks to queue
[2025-06-13T14:49:38.742-0400] {logging_mixin.py:190} INFO - [2025-06-13T14:49:38.742-0400] {dagbag.py:588} INFO - Filling up the DagBag from /Users/pranavr/.pyenv/versions/3.11.6/lib/python3.11/site-packages/airflow/example_dags/example_kubernetes_executor.py
[2025-06-13T14:49:38.755-0400] {logging_mixin.py:190} INFO - [2025-06-13T14:49:38.755-0400] {example_kubernetes_executor.py:39} WARNING - The example_kubernetes_executor example DAG requires the kubernetes provider. Please install it with: pip install apache-airflow[cncf.kubernetes]
[2025-06-13T14:49:38.755-0400] {processor.py:927} WARNING - No viable dags retrieved from /Users/pranavr/.pyenv/versions/3.11.6/lib/python3.11/site-packages/airflow/example_dags/example_kubernetes_executor.py
[2025-06-13T14:49:38.815-0400] {processor.py:208} INFO - Processing /Users/pranavr/.pyenv/versions/3.11.6/lib/python3.11/site-packages/airflow/example_dags/example_kubernetes_executor.py took 77.038 seconds
[2025-06-13T14:52:08.010-0400] {processor.py:186} INFO - Started process (PID=13970) to work on /Users/pranavr/.pyenv/versions/3.11.6/lib/python3.11/site-packages/airflow/example_dags/example_kubernetes_executor.py
[2025-06-13T14:52:08.013-0400] {processor.py:914} INFO - Processing file /Users/pranavr/.pyenv/versions/3.11.6/lib/python3.11/site-packages/airflow/example_dags/example_kubernetes_executor.py for tasks to queue
[2025-06-13T14:52:08.013-0400] {logging_mixin.py:190} INFO - [2025-06-13T14:52:08.013-0400] {dagbag.py:588} INFO - Filling up the DagBag from /Users/pranavr/.pyenv/versions/3.11.6/lib/python3.11/site-packages/airflow/example_dags/example_kubernetes_executor.py
[2025-06-13T14:52:08.027-0400] {logging_mixin.py:190} INFO - [2025-06-13T14:52:08.027-0400] {example_kubernetes_executor.py:39} WARNING - The example_kubernetes_executor example DAG requires the kubernetes provider. Please install it with: pip install apache-airflow[cncf.kubernetes]
[2025-06-13T14:52:08.027-0400] {processor.py:927} WARNING - No viable dags retrieved from /Users/pranavr/.pyenv/versions/3.11.6/lib/python3.11/site-packages/airflow/example_dags/example_kubernetes_executor.py
[2025-06-13T14:52:08.087-0400] {processor.py:208} INFO - Processing /Users/pranavr/.pyenv/versions/3.11.6/lib/python3.11/site-packages/airflow/example_dags/example_kubernetes_executor.py took 78.432 seconds
[2025-06-13T14:54:37.948-0400] {processor.py:186} INFO - Started process (PID=14196) to work on /Users/pranavr/.pyenv/versions/3.11.6/lib/python3.11/site-packages/airflow/example_dags/example_kubernetes_executor.py
[2025-06-13T14:54:37.950-0400] {processor.py:914} INFO - Processing file /Users/pranavr/.pyenv/versions/3.11.6/lib/python3.11/site-packages/airflow/example_dags/example_kubernetes_executor.py for tasks to queue
[2025-06-13T14:54:37.951-0400] {logging_mixin.py:190} INFO - [2025-06-13T14:54:37.951-0400] {dagbag.py:588} INFO - Filling up the DagBag from /Users/pranavr/.pyenv/versions/3.11.6/lib/python3.11/site-packages/airflow/example_dags/example_kubernetes_executor.py
[2025-06-13T14:54:37.964-0400] {logging_mixin.py:190} INFO - [2025-06-13T14:54:37.964-0400] {example_kubernetes_executor.py:39} WARNING - The example_kubernetes_executor example DAG requires the kubernetes provider. Please install it with: pip install apache-airflow[cncf.kubernetes]
[2025-06-13T14:54:37.964-0400] {processor.py:927} WARNING - No viable dags retrieved from /Users/pranavr/.pyenv/versions/3.11.6/lib/python3.11/site-packages/airflow/example_dags/example_kubernetes_executor.py
[2025-06-13T14:54:38.022-0400] {processor.py:208} INFO - Processing /Users/pranavr/.pyenv/versions/3.11.6/lib/python3.11/site-packages/airflow/example_dags/example_kubernetes_executor.py took 75.832 seconds
[2025-06-13T14:57:10.139-0400] {processor.py:186} INFO - Started process (PID=14440) to work on /Users/pranavr/.pyenv/versions/3.11.6/lib/python3.11/site-packages/airflow/example_dags/example_kubernetes_executor.py
[2025-06-13T14:57:10.142-0400] {processor.py:914} INFO - Processing file /Users/pranavr/.pyenv/versions/3.11.6/lib/python3.11/site-packages/airflow/example_dags/example_kubernetes_executor.py for tasks to queue
[2025-06-13T14:57:10.143-0400] {logging_mixin.py:190} INFO - [2025-06-13T14:57:10.142-0400] {dagbag.py:588} INFO - Filling up the DagBag from /Users/pranavr/.pyenv/versions/3.11.6/lib/python3.11/site-packages/airflow/example_dags/example_kubernetes_executor.py
[2025-06-13T14:57:10.155-0400] {logging_mixin.py:190} INFO - [2025-06-13T14:57:10.155-0400] {example_kubernetes_executor.py:39} WARNING - The example_kubernetes_executor example DAG requires the kubernetes provider. Please install it with: pip install apache-airflow[cncf.kubernetes]
[2025-06-13T14:57:10.156-0400] {processor.py:927} WARNING - No viable dags retrieved from /Users/pranavr/.pyenv/versions/3.11.6/lib/python3.11/site-packages/airflow/example_dags/example_kubernetes_executor.py
[2025-06-13T14:57:10.217-0400] {processor.py:208} INFO - Processing /Users/pranavr/.pyenv/versions/3.11.6/lib/python3.11/site-packages/airflow/example_dags/example_kubernetes_executor.py took 78.406 seconds
[2025-06-13T14:59:55.127-0400] {processor.py:186} INFO - Started process (PID=14811) to work on /Users/pranavr/.pyenv/versions/3.11.6/lib/python3.11/site-packages/airflow/example_dags/example_kubernetes_executor.py
[2025-06-13T14:59:55.129-0400] {processor.py:914} INFO - Processing file /Users/pranavr/.pyenv/versions/3.11.6/lib/python3.11/site-packages/airflow/example_dags/example_kubernetes_executor.py for tasks to queue
[2025-06-13T14:59:55.130-0400] {logging_mixin.py:190} INFO - [2025-06-13T14:59:55.130-0400] {dagbag.py:588} INFO - Filling up the DagBag from /Users/pranavr/.pyenv/versions/3.11.6/lib/python3.11/site-packages/airflow/example_dags/example_kubernetes_executor.py
[2025-06-13T14:59:55.149-0400] {logging_mixin.py:190} INFO - [2025-06-13T14:59:55.149-0400] {example_kubernetes_executor.py:39} WARNING - The example_kubernetes_executor example DAG requires the kubernetes provider. Please install it with: pip install apache-airflow[cncf.kubernetes]
[2025-06-13T14:59:55.149-0400] {processor.py:927} WARNING - No viable dags retrieved from /Users/pranavr/.pyenv/versions/3.11.6/lib/python3.11/site-packages/airflow/example_dags/example_kubernetes_executor.py
[2025-06-13T14:59:55.212-0400] {processor.py:208} INFO - Processing /Users/pranavr/.pyenv/versions/3.11.6/lib/python3.11/site-packages/airflow/example_dags/example_kubernetes_executor.py took 86.298 seconds
[2025-06-13T15:01:33.098-0400] {processor.py:186} INFO - Started process (PID=15146) to work on /Users/pranavr/.pyenv/versions/3.11.6/lib/python3.11/site-packages/airflow/example_dags/example_kubernetes_executor.py
[2025-06-13T15:01:33.100-0400] {processor.py:914} INFO - Processing file /Users/pranavr/.pyenv/versions/3.11.6/lib/python3.11/site-packages/airflow/example_dags/example_kubernetes_executor.py for tasks to queue
[2025-06-13T15:01:33.101-0400] {logging_mixin.py:190} INFO - [2025-06-13T15:01:33.101-0400] {dagbag.py:588} INFO - Filling up the DagBag from /Users/pranavr/.pyenv/versions/3.11.6/lib/python3.11/site-packages/airflow/example_dags/example_kubernetes_executor.py
[2025-06-13T15:01:33.122-0400] {logging_mixin.py:190} INFO - [2025-06-13T15:01:33.122-0400] {example_kubernetes_executor.py:39} WARNING - The example_kubernetes_executor example DAG requires the kubernetes provider. Please install it with: pip install apache-airflow[cncf.kubernetes]
[2025-06-13T15:01:33.122-0400] {processor.py:927} WARNING - No viable dags retrieved from /Users/pranavr/.pyenv/versions/3.11.6/lib/python3.11/site-packages/airflow/example_dags/example_kubernetes_executor.py
[2025-06-13T15:01:33.186-0400] {processor.py:208} INFO - Processing /Users/pranavr/.pyenv/versions/3.11.6/lib/python3.11/site-packages/airflow/example_dags/example_kubernetes_executor.py took 89.705 seconds
[2025-06-13T15:03:39.085-0400] {processor.py:186} INFO - Started process (PID=15712) to work on /Users/pranavr/.pyenv/versions/3.11.6/lib/python3.11/site-packages/airflow/example_dags/example_kubernetes_executor.py
[2025-06-13T15:03:39.088-0400] {processor.py:914} INFO - Processing file /Users/pranavr/.pyenv/versions/3.11.6/lib/python3.11/site-packages/airflow/example_dags/example_kubernetes_executor.py for tasks to queue
[2025-06-13T15:03:39.088-0400] {logging_mixin.py:190} INFO - [2025-06-13T15:03:39.088-0400] {dagbag.py:588} INFO - Filling up the DagBag from /Users/pranavr/.pyenv/versions/3.11.6/lib/python3.11/site-packages/airflow/example_dags/example_kubernetes_executor.py
[2025-06-13T15:03:39.109-0400] {logging_mixin.py:190} INFO - [2025-06-13T15:03:39.109-0400] {example_kubernetes_executor.py:39} WARNING - The example_kubernetes_executor example DAG requires the kubernetes provider. Please install it with: pip install apache-airflow[cncf.kubernetes]
[2025-06-13T15:03:39.109-0400] {processor.py:927} WARNING - No viable dags retrieved from /Users/pranavr/.pyenv/versions/3.11.6/lib/python3.11/site-packages/airflow/example_dags/example_kubernetes_executor.py
[2025-06-13T15:03:39.176-0400] {processor.py:208} INFO - Processing /Users/pranavr/.pyenv/versions/3.11.6/lib/python3.11/site-packages/airflow/example_dags/example_kubernetes_executor.py took 91.663 seconds
[2025-06-13T15:05:35.162-0400] {processor.py:186} INFO - Started process (PID=16130) to work on /Users/pranavr/.pyenv/versions/3.11.6/lib/python3.11/site-packages/airflow/example_dags/example_kubernetes_executor.py
[2025-06-13T15:05:35.165-0400] {processor.py:914} INFO - Processing file /Users/pranavr/.pyenv/versions/3.11.6/lib/python3.11/site-packages/airflow/example_dags/example_kubernetes_executor.py for tasks to queue
[2025-06-13T15:05:35.165-0400] {logging_mixin.py:190} INFO - [2025-06-13T15:05:35.165-0400] {dagbag.py:588} INFO - Filling up the DagBag from /Users/pranavr/.pyenv/versions/3.11.6/lib/python3.11/site-packages/airflow/example_dags/example_kubernetes_executor.py
[2025-06-13T15:05:35.183-0400] {logging_mixin.py:190} INFO - [2025-06-13T15:05:35.183-0400] {example_kubernetes_executor.py:39} WARNING - The example_kubernetes_executor example DAG requires the kubernetes provider. Please install it with: pip install apache-airflow[cncf.kubernetes]
[2025-06-13T15:05:35.183-0400] {processor.py:927} WARNING - No viable dags retrieved from /Users/pranavr/.pyenv/versions/3.11.6/lib/python3.11/site-packages/airflow/example_dags/example_kubernetes_executor.py
[2025-06-13T15:05:35.249-0400] {processor.py:208} INFO - Processing /Users/pranavr/.pyenv/versions/3.11.6/lib/python3.11/site-packages/airflow/example_dags/example_kubernetes_executor.py took 88.259 seconds
[2025-06-13T15:07:26.005-0400] {processor.py:186} INFO - Started process (PID=16413) to work on /Users/pranavr/.pyenv/versions/3.11.6/lib/python3.11/site-packages/airflow/example_dags/example_kubernetes_executor.py
[2025-06-13T15:07:26.007-0400] {processor.py:914} INFO - Processing file /Users/pranavr/.pyenv/versions/3.11.6/lib/python3.11/site-packages/airflow/example_dags/example_kubernetes_executor.py for tasks to queue
[2025-06-13T15:07:26.007-0400] {logging_mixin.py:190} INFO - [2025-06-13T15:07:26.007-0400] {dagbag.py:588} INFO - Filling up the DagBag from /Users/pranavr/.pyenv/versions/3.11.6/lib/python3.11/site-packages/airflow/example_dags/example_kubernetes_executor.py
[2025-06-13T15:07:26.028-0400] {logging_mixin.py:190} INFO - [2025-06-13T15:07:26.028-0400] {example_kubernetes_executor.py:39} WARNING - The example_kubernetes_executor example DAG requires the kubernetes provider. Please install it with: pip install apache-airflow[cncf.kubernetes]
[2025-06-13T15:07:26.028-0400] {processor.py:927} WARNING - No viable dags retrieved from /Users/pranavr/.pyenv/versions/3.11.6/lib/python3.11/site-packages/airflow/example_dags/example_kubernetes_executor.py
[2025-06-13T15:07:26.098-0400] {processor.py:208} INFO - Processing /Users/pranavr/.pyenv/versions/3.11.6/lib/python3.11/site-packages/airflow/example_dags/example_kubernetes_executor.py took 94.259 seconds
[2025-06-13T15:10:06.492-0400] {processor.py:186} INFO - Started process (PID=16740) to work on /Users/pranavr/.pyenv/versions/3.11.6/lib/python3.11/site-packages/airflow/example_dags/example_kubernetes_executor.py
[2025-06-13T15:10:06.494-0400] {processor.py:914} INFO - Processing file /Users/pranavr/.pyenv/versions/3.11.6/lib/python3.11/site-packages/airflow/example_dags/example_kubernetes_executor.py for tasks to queue
[2025-06-13T15:10:06.494-0400] {logging_mixin.py:190} INFO - [2025-06-13T15:10:06.494-0400] {dagbag.py:588} INFO - Filling up the DagBag from /Users/pranavr/.pyenv/versions/3.11.6/lib/python3.11/site-packages/airflow/example_dags/example_kubernetes_executor.py
[2025-06-13T15:10:06.509-0400] {logging_mixin.py:190} INFO - [2025-06-13T15:10:06.509-0400] {example_kubernetes_executor.py:39} WARNING - The example_kubernetes_executor example DAG requires the kubernetes provider. Please install it with: pip install apache-airflow[cncf.kubernetes]
[2025-06-13T15:10:06.509-0400] {processor.py:927} WARNING - No viable dags retrieved from /Users/pranavr/.pyenv/versions/3.11.6/lib/python3.11/site-packages/airflow/example_dags/example_kubernetes_executor.py
[2025-06-13T15:10:06.573-0400] {processor.py:208} INFO - Processing /Users/pranavr/.pyenv/versions/3.11.6/lib/python3.11/site-packages/airflow/example_dags/example_kubernetes_executor.py took 82.164 seconds
[2025-06-13T15:12:57.523-0400] {processor.py:186} INFO - Started process (PID=16971) to work on /Users/pranavr/.pyenv/versions/3.11.6/lib/python3.11/site-packages/airflow/example_dags/example_kubernetes_executor.py
[2025-06-13T15:12:57.525-0400] {processor.py:914} INFO - Processing file /Users/pranavr/.pyenv/versions/3.11.6/lib/python3.11/site-packages/airflow/example_dags/example_kubernetes_executor.py for tasks to queue
[2025-06-13T15:12:57.525-0400] {logging_mixin.py:190} INFO - [2025-06-13T15:12:57.525-0400] {dagbag.py:588} INFO - Filling up the DagBag from /Users/pranavr/.pyenv/versions/3.11.6/lib/python3.11/site-packages/airflow/example_dags/example_kubernetes_executor.py
[2025-06-13T15:12:57.546-0400] {logging_mixin.py:190} INFO - [2025-06-13T15:12:57.546-0400] {example_kubernetes_executor.py:39} WARNING - The example_kubernetes_executor example DAG requires the kubernetes provider. Please install it with: pip install apache-airflow[cncf.kubernetes]
[2025-06-13T15:12:57.547-0400] {processor.py:927} WARNING - No viable dags retrieved from /Users/pranavr/.pyenv/versions/3.11.6/lib/python3.11/site-packages/airflow/example_dags/example_kubernetes_executor.py
[2025-06-13T15:12:57.612-0400] {processor.py:208} INFO - Processing /Users/pranavr/.pyenv/versions/3.11.6/lib/python3.11/site-packages/airflow/example_dags/example_kubernetes_executor.py took 90.480 seconds
[2025-06-13T15:19:47.313-0400] {processor.py:186} INFO - Started process (PID=17833) to work on /Users/pranavr/.pyenv/versions/3.11.6/lib/python3.11/site-packages/airflow/example_dags/example_kubernetes_executor.py
[2025-06-13T15:19:47.315-0400] {processor.py:914} INFO - Processing file /Users/pranavr/.pyenv/versions/3.11.6/lib/python3.11/site-packages/airflow/example_dags/example_kubernetes_executor.py for tasks to queue
[2025-06-13T15:19:47.316-0400] {logging_mixin.py:190} INFO - [2025-06-13T15:19:47.316-0400] {dagbag.py:588} INFO - Filling up the DagBag from /Users/pranavr/.pyenv/versions/3.11.6/lib/python3.11/site-packages/airflow/example_dags/example_kubernetes_executor.py
[2025-06-13T15:19:47.337-0400] {logging_mixin.py:190} INFO - [2025-06-13T15:19:47.337-0400] {example_kubernetes_executor.py:39} WARNING - The example_kubernetes_executor example DAG requires the kubernetes provider. Please install it with: pip install apache-airflow[cncf.kubernetes]
[2025-06-13T15:19:47.337-0400] {processor.py:927} WARNING - No viable dags retrieved from /Users/pranavr/.pyenv/versions/3.11.6/lib/python3.11/site-packages/airflow/example_dags/example_kubernetes_executor.py
[2025-06-13T15:19:47.415-0400] {processor.py:208} INFO - Processing /Users/pranavr/.pyenv/versions/3.11.6/lib/python3.11/site-packages/airflow/example_dags/example_kubernetes_executor.py took 102.812 seconds
[2025-06-13T15:26:00.666-0400] {processor.py:186} INFO - Started process (PID=18984) to work on /Users/pranavr/.pyenv/versions/3.11.6/lib/python3.11/site-packages/airflow/example_dags/example_kubernetes_executor.py
[2025-06-13T15:26:00.668-0400] {processor.py:914} INFO - Processing file /Users/pranavr/.pyenv/versions/3.11.6/lib/python3.11/site-packages/airflow/example_dags/example_kubernetes_executor.py for tasks to queue
[2025-06-13T15:26:00.669-0400] {logging_mixin.py:190} INFO - [2025-06-13T15:26:00.668-0400] {dagbag.py:588} INFO - Filling up the DagBag from /Users/pranavr/.pyenv/versions/3.11.6/lib/python3.11/site-packages/airflow/example_dags/example_kubernetes_executor.py
[2025-06-13T15:26:00.694-0400] {logging_mixin.py:190} INFO - [2025-06-13T15:26:00.694-0400] {example_kubernetes_executor.py:39} WARNING - The example_kubernetes_executor example DAG requires the kubernetes provider. Please install it with: pip install apache-airflow[cncf.kubernetes]
[2025-06-13T15:26:00.694-0400] {processor.py:927} WARNING - No viable dags retrieved from /Users/pranavr/.pyenv/versions/3.11.6/lib/python3.11/site-packages/airflow/example_dags/example_kubernetes_executor.py
[2025-06-13T15:26:00.765-0400] {processor.py:208} INFO - Processing /Users/pranavr/.pyenv/versions/3.11.6/lib/python3.11/site-packages/airflow/example_dags/example_kubernetes_executor.py took 100.959 seconds
[2025-06-13T15:31:20.589-0400] {processor.py:186} INFO - Started process (PID=19944) to work on /Users/pranavr/.pyenv/versions/3.11.6/lib/python3.11/site-packages/airflow/example_dags/example_kubernetes_executor.py
[2025-06-13T15:31:20.591-0400] {processor.py:914} INFO - Processing file /Users/pranavr/.pyenv/versions/3.11.6/lib/python3.11/site-packages/airflow/example_dags/example_kubernetes_executor.py for tasks to queue
[2025-06-13T15:31:20.591-0400] {logging_mixin.py:190} INFO - [2025-06-13T15:31:20.591-0400] {dagbag.py:588} INFO - Filling up the DagBag from /Users/pranavr/.pyenv/versions/3.11.6/lib/python3.11/site-packages/airflow/example_dags/example_kubernetes_executor.py
[2025-06-13T15:31:20.612-0400] {logging_mixin.py:190} INFO - [2025-06-13T15:31:20.612-0400] {example_kubernetes_executor.py:39} WARNING - The example_kubernetes_executor example DAG requires the kubernetes provider. Please install it with: pip install apache-airflow[cncf.kubernetes]
[2025-06-13T15:31:20.612-0400] {processor.py:927} WARNING - No viable dags retrieved from /Users/pranavr/.pyenv/versions/3.11.6/lib/python3.11/site-packages/airflow/example_dags/example_kubernetes_executor.py
[2025-06-13T15:31:20.679-0400] {processor.py:208} INFO - Processing /Users/pranavr/.pyenv/versions/3.11.6/lib/python3.11/site-packages/airflow/example_dags/example_kubernetes_executor.py took 91.510 seconds
[2025-06-13T15:36:52.721-0400] {processor.py:186} INFO - Started process (PID=20611) to work on /Users/pranavr/.pyenv/versions/3.11.6/lib/python3.11/site-packages/airflow/example_dags/example_kubernetes_executor.py
[2025-06-13T15:36:52.723-0400] {processor.py:914} INFO - Processing file /Users/pranavr/.pyenv/versions/3.11.6/lib/python3.11/site-packages/airflow/example_dags/example_kubernetes_executor.py for tasks to queue
[2025-06-13T15:36:52.724-0400] {logging_mixin.py:190} INFO - [2025-06-13T15:36:52.724-0400] {dagbag.py:588} INFO - Filling up the DagBag from /Users/pranavr/.pyenv/versions/3.11.6/lib/python3.11/site-packages/airflow/example_dags/example_kubernetes_executor.py
[2025-06-13T15:36:52.739-0400] {logging_mixin.py:190} INFO - [2025-06-13T15:36:52.739-0400] {example_kubernetes_executor.py:39} WARNING - The example_kubernetes_executor example DAG requires the kubernetes provider. Please install it with: pip install apache-airflow[cncf.kubernetes]
[2025-06-13T15:36:52.739-0400] {processor.py:927} WARNING - No viable dags retrieved from /Users/pranavr/.pyenv/versions/3.11.6/lib/python3.11/site-packages/airflow/example_dags/example_kubernetes_executor.py
[2025-06-13T15:36:52.809-0400] {processor.py:208} INFO - Processing /Users/pranavr/.pyenv/versions/3.11.6/lib/python3.11/site-packages/airflow/example_dags/example_kubernetes_executor.py took 88.611 seconds
[2025-06-13T15:38:47.979-0400] {processor.py:186} INFO - Started process (PID=20787) to work on /Users/pranavr/.pyenv/versions/3.11.6/lib/python3.11/site-packages/airflow/example_dags/example_kubernetes_executor.py
[2025-06-13T15:38:47.982-0400] {processor.py:914} INFO - Processing file /Users/pranavr/.pyenv/versions/3.11.6/lib/python3.11/site-packages/airflow/example_dags/example_kubernetes_executor.py for tasks to queue
[2025-06-13T15:38:47.982-0400] {logging_mixin.py:190} INFO - [2025-06-13T15:38:47.982-0400] {dagbag.py:588} INFO - Filling up the DagBag from /Users/pranavr/.pyenv/versions/3.11.6/lib/python3.11/site-packages/airflow/example_dags/example_kubernetes_executor.py
[2025-06-13T15:38:47.998-0400] {logging_mixin.py:190} INFO - [2025-06-13T15:38:47.998-0400] {example_kubernetes_executor.py:39} WARNING - The example_kubernetes_executor example DAG requires the kubernetes provider. Please install it with: pip install apache-airflow[cncf.kubernetes]
[2025-06-13T15:38:47.998-0400] {processor.py:927} WARNING - No viable dags retrieved from /Users/pranavr/.pyenv/versions/3.11.6/lib/python3.11/site-packages/airflow/example_dags/example_kubernetes_executor.py
[2025-06-13T15:38:48.065-0400] {processor.py:208} INFO - Processing /Users/pranavr/.pyenv/versions/3.11.6/lib/python3.11/site-packages/airflow/example_dags/example_kubernetes_executor.py took 87.750 seconds
[2025-06-13T15:41:40.341-0400] {processor.py:186} INFO - Started process (PID=21056) to work on /Users/pranavr/.pyenv/versions/3.11.6/lib/python3.11/site-packages/airflow/example_dags/example_kubernetes_executor.py
[2025-06-13T15:41:40.343-0400] {processor.py:914} INFO - Processing file /Users/pranavr/.pyenv/versions/3.11.6/lib/python3.11/site-packages/airflow/example_dags/example_kubernetes_executor.py for tasks to queue
[2025-06-13T15:41:40.343-0400] {logging_mixin.py:190} INFO - [2025-06-13T15:41:40.343-0400] {dagbag.py:588} INFO - Filling up the DagBag from /Users/pranavr/.pyenv/versions/3.11.6/lib/python3.11/site-packages/airflow/example_dags/example_kubernetes_executor.py
[2025-06-13T15:41:40.360-0400] {logging_mixin.py:190} INFO - [2025-06-13T15:41:40.360-0400] {example_kubernetes_executor.py:39} WARNING - The example_kubernetes_executor example DAG requires the kubernetes provider. Please install it with: pip install apache-airflow[cncf.kubernetes]
[2025-06-13T15:41:40.360-0400] {processor.py:927} WARNING - No viable dags retrieved from /Users/pranavr/.pyenv/versions/3.11.6/lib/python3.11/site-packages/airflow/example_dags/example_kubernetes_executor.py
[2025-06-13T15:41:40.443-0400] {processor.py:208} INFO - Processing /Users/pranavr/.pyenv/versions/3.11.6/lib/python3.11/site-packages/airflow/example_dags/example_kubernetes_executor.py took 103.755 seconds
[2025-06-13T15:44:23.180-0400] {processor.py:186} INFO - Started process (PID=21594) to work on /Users/pranavr/.pyenv/versions/3.11.6/lib/python3.11/site-packages/airflow/example_dags/example_kubernetes_executor.py
[2025-06-13T15:44:23.182-0400] {processor.py:914} INFO - Processing file /Users/pranavr/.pyenv/versions/3.11.6/lib/python3.11/site-packages/airflow/example_dags/example_kubernetes_executor.py for tasks to queue
[2025-06-13T15:44:23.183-0400] {logging_mixin.py:190} INFO - [2025-06-13T15:44:23.183-0400] {dagbag.py:588} INFO - Filling up the DagBag from /Users/pranavr/.pyenv/versions/3.11.6/lib/python3.11/site-packages/airflow/example_dags/example_kubernetes_executor.py
[2025-06-13T15:44:23.208-0400] {logging_mixin.py:190} INFO - [2025-06-13T15:44:23.208-0400] {example_kubernetes_executor.py:39} WARNING - The example_kubernetes_executor example DAG requires the kubernetes provider. Please install it with: pip install apache-airflow[cncf.kubernetes]
[2025-06-13T15:44:23.208-0400] {processor.py:927} WARNING - No viable dags retrieved from /Users/pranavr/.pyenv/versions/3.11.6/lib/python3.11/site-packages/airflow/example_dags/example_kubernetes_executor.py
[2025-06-13T15:44:23.276-0400] {processor.py:208} INFO - Processing /Users/pranavr/.pyenv/versions/3.11.6/lib/python3.11/site-packages/airflow/example_dags/example_kubernetes_executor.py took 97.529 seconds
[2025-06-13T15:46:22.902-0400] {processor.py:186} INFO - Started process (PID=21993) to work on /Users/pranavr/.pyenv/versions/3.11.6/lib/python3.11/site-packages/airflow/example_dags/example_kubernetes_executor.py
[2025-06-13T15:46:22.905-0400] {processor.py:914} INFO - Processing file /Users/pranavr/.pyenv/versions/3.11.6/lib/python3.11/site-packages/airflow/example_dags/example_kubernetes_executor.py for tasks to queue
[2025-06-13T15:46:22.906-0400] {logging_mixin.py:190} INFO - [2025-06-13T15:46:22.905-0400] {dagbag.py:588} INFO - Filling up the DagBag from /Users/pranavr/.pyenv/versions/3.11.6/lib/python3.11/site-packages/airflow/example_dags/example_kubernetes_executor.py
[2025-06-13T15:46:22.925-0400] {logging_mixin.py:190} INFO - [2025-06-13T15:46:22.925-0400] {example_kubernetes_executor.py:39} WARNING - The example_kubernetes_executor example DAG requires the kubernetes provider. Please install it with: pip install apache-airflow[cncf.kubernetes]
[2025-06-13T15:46:22.925-0400] {processor.py:927} WARNING - No viable dags retrieved from /Users/pranavr/.pyenv/versions/3.11.6/lib/python3.11/site-packages/airflow/example_dags/example_kubernetes_executor.py
[2025-06-13T15:46:22.991-0400] {processor.py:208} INFO - Processing /Users/pranavr/.pyenv/versions/3.11.6/lib/python3.11/site-packages/airflow/example_dags/example_kubernetes_executor.py took 90.139 seconds
[2025-06-13T15:49:13.614-0400] {processor.py:186} INFO - Started process (PID=22246) to work on /Users/pranavr/.pyenv/versions/3.11.6/lib/python3.11/site-packages/airflow/example_dags/example_kubernetes_executor.py
[2025-06-13T15:49:13.616-0400] {processor.py:914} INFO - Processing file /Users/pranavr/.pyenv/versions/3.11.6/lib/python3.11/site-packages/airflow/example_dags/example_kubernetes_executor.py for tasks to queue
[2025-06-13T15:49:13.616-0400] {logging_mixin.py:190} INFO - [2025-06-13T15:49:13.616-0400] {dagbag.py:588} INFO - Filling up the DagBag from /Users/pranavr/.pyenv/versions/3.11.6/lib/python3.11/site-packages/airflow/example_dags/example_kubernetes_executor.py
[2025-06-13T15:49:13.642-0400] {logging_mixin.py:190} INFO - [2025-06-13T15:49:13.642-0400] {example_kubernetes_executor.py:39} WARNING - The example_kubernetes_executor example DAG requires the kubernetes provider. Please install it with: pip install apache-airflow[cncf.kubernetes]
[2025-06-13T15:49:13.642-0400] {processor.py:927} WARNING - No viable dags retrieved from /Users/pranavr/.pyenv/versions/3.11.6/lib/python3.11/site-packages/airflow/example_dags/example_kubernetes_executor.py
[2025-06-13T15:49:13.720-0400] {processor.py:208} INFO - Processing /Users/pranavr/.pyenv/versions/3.11.6/lib/python3.11/site-packages/airflow/example_dags/example_kubernetes_executor.py took 107.551 seconds
[2025-06-13T15:51:51.287-0400] {processor.py:186} INFO - Started process (PID=22589) to work on /Users/pranavr/.pyenv/versions/3.11.6/lib/python3.11/site-packages/airflow/example_dags/example_kubernetes_executor.py
[2025-06-13T15:51:51.289-0400] {processor.py:914} INFO - Processing file /Users/pranavr/.pyenv/versions/3.11.6/lib/python3.11/site-packages/airflow/example_dags/example_kubernetes_executor.py for tasks to queue
[2025-06-13T15:51:51.289-0400] {logging_mixin.py:190} INFO - [2025-06-13T15:51:51.289-0400] {dagbag.py:588} INFO - Filling up the DagBag from /Users/pranavr/.pyenv/versions/3.11.6/lib/python3.11/site-packages/airflow/example_dags/example_kubernetes_executor.py
[2025-06-13T15:51:51.303-0400] {logging_mixin.py:190} INFO - [2025-06-13T15:51:51.303-0400] {example_kubernetes_executor.py:39} WARNING - The example_kubernetes_executor example DAG requires the kubernetes provider. Please install it with: pip install apache-airflow[cncf.kubernetes]
[2025-06-13T15:51:51.303-0400] {processor.py:927} WARNING - No viable dags retrieved from /Users/pranavr/.pyenv/versions/3.11.6/lib/python3.11/site-packages/airflow/example_dags/example_kubernetes_executor.py
[2025-06-13T15:51:51.368-0400] {processor.py:208} INFO - Processing /Users/pranavr/.pyenv/versions/3.11.6/lib/python3.11/site-packages/airflow/example_dags/example_kubernetes_executor.py took 82.327 seconds
[2025-06-13T15:54:20.309-0400] {processor.py:186} INFO - Started process (PID=22850) to work on /Users/pranavr/.pyenv/versions/3.11.6/lib/python3.11/site-packages/airflow/example_dags/example_kubernetes_executor.py
[2025-06-13T15:54:20.311-0400] {processor.py:914} INFO - Processing file /Users/pranavr/.pyenv/versions/3.11.6/lib/python3.11/site-packages/airflow/example_dags/example_kubernetes_executor.py for tasks to queue
[2025-06-13T15:54:20.312-0400] {logging_mixin.py:190} INFO - [2025-06-13T15:54:20.312-0400] {dagbag.py:588} INFO - Filling up the DagBag from /Users/pranavr/.pyenv/versions/3.11.6/lib/python3.11/site-packages/airflow/example_dags/example_kubernetes_executor.py
[2025-06-13T15:54:20.325-0400] {logging_mixin.py:190} INFO - [2025-06-13T15:54:20.325-0400] {example_kubernetes_executor.py:39} WARNING - The example_kubernetes_executor example DAG requires the kubernetes provider. Please install it with: pip install apache-airflow[cncf.kubernetes]
[2025-06-13T15:54:20.325-0400] {processor.py:927} WARNING - No viable dags retrieved from /Users/pranavr/.pyenv/versions/3.11.6/lib/python3.11/site-packages/airflow/example_dags/example_kubernetes_executor.py
[2025-06-13T15:54:20.384-0400] {processor.py:208} INFO - Processing /Users/pranavr/.pyenv/versions/3.11.6/lib/python3.11/site-packages/airflow/example_dags/example_kubernetes_executor.py took 76.241 seconds
[2025-06-13T15:56:45.226-0400] {processor.py:186} INFO - Started process (PID=23046) to work on /Users/pranavr/.pyenv/versions/3.11.6/lib/python3.11/site-packages/airflow/example_dags/example_kubernetes_executor.py
[2025-06-13T15:56:45.228-0400] {processor.py:914} INFO - Processing file /Users/pranavr/.pyenv/versions/3.11.6/lib/python3.11/site-packages/airflow/example_dags/example_kubernetes_executor.py for tasks to queue
[2025-06-13T15:56:45.229-0400] {logging_mixin.py:190} INFO - [2025-06-13T15:56:45.229-0400] {dagbag.py:588} INFO - Filling up the DagBag from /Users/pranavr/.pyenv/versions/3.11.6/lib/python3.11/site-packages/airflow/example_dags/example_kubernetes_executor.py
[2025-06-13T15:56:45.242-0400] {logging_mixin.py:190} INFO - [2025-06-13T15:56:45.242-0400] {example_kubernetes_executor.py:39} WARNING - The example_kubernetes_executor example DAG requires the kubernetes provider. Please install it with: pip install apache-airflow[cncf.kubernetes]
[2025-06-13T15:56:45.242-0400] {processor.py:927} WARNING - No viable dags retrieved from /Users/pranavr/.pyenv/versions/3.11.6/lib/python3.11/site-packages/airflow/example_dags/example_kubernetes_executor.py
[2025-06-13T15:56:45.301-0400] {processor.py:208} INFO - Processing /Users/pranavr/.pyenv/versions/3.11.6/lib/python3.11/site-packages/airflow/example_dags/example_kubernetes_executor.py took 76.690 seconds
[2025-06-13T15:59:07.955-0400] {processor.py:186} INFO - Started process (PID=23369) to work on /Users/pranavr/.pyenv/versions/3.11.6/lib/python3.11/site-packages/airflow/example_dags/example_kubernetes_executor.py
[2025-06-13T15:59:07.957-0400] {processor.py:914} INFO - Processing file /Users/pranavr/.pyenv/versions/3.11.6/lib/python3.11/site-packages/airflow/example_dags/example_kubernetes_executor.py for tasks to queue
[2025-06-13T15:59:07.957-0400] {logging_mixin.py:190} INFO - [2025-06-13T15:59:07.957-0400] {dagbag.py:588} INFO - Filling up the DagBag from /Users/pranavr/.pyenv/versions/3.11.6/lib/python3.11/site-packages/airflow/example_dags/example_kubernetes_executor.py
[2025-06-13T15:59:07.971-0400] {logging_mixin.py:190} INFO - [2025-06-13T15:59:07.971-0400] {example_kubernetes_executor.py:39} WARNING - The example_kubernetes_executor example DAG requires the kubernetes provider. Please install it with: pip install apache-airflow[cncf.kubernetes]
[2025-06-13T15:59:07.972-0400] {processor.py:927} WARNING - No viable dags retrieved from /Users/pranavr/.pyenv/versions/3.11.6/lib/python3.11/site-packages/airflow/example_dags/example_kubernetes_executor.py
[2025-06-13T15:59:08.032-0400] {processor.py:208} INFO - Processing /Users/pranavr/.pyenv/versions/3.11.6/lib/python3.11/site-packages/airflow/example_dags/example_kubernetes_executor.py took 79.165 seconds
[2025-06-13T16:01:38.595-0400] {processor.py:186} INFO - Started process (PID=23753) to work on /Users/pranavr/.pyenv/versions/3.11.6/lib/python3.11/site-packages/airflow/example_dags/example_kubernetes_executor.py
[2025-06-13T16:01:38.597-0400] {processor.py:914} INFO - Processing file /Users/pranavr/.pyenv/versions/3.11.6/lib/python3.11/site-packages/airflow/example_dags/example_kubernetes_executor.py for tasks to queue
[2025-06-13T16:01:38.597-0400] {logging_mixin.py:190} INFO - [2025-06-13T16:01:38.597-0400] {dagbag.py:588} INFO - Filling up the DagBag from /Users/pranavr/.pyenv/versions/3.11.6/lib/python3.11/site-packages/airflow/example_dags/example_kubernetes_executor.py
[2025-06-13T16:01:38.612-0400] {logging_mixin.py:190} INFO - [2025-06-13T16:01:38.612-0400] {example_kubernetes_executor.py:39} WARNING - The example_kubernetes_executor example DAG requires the kubernetes provider. Please install it with: pip install apache-airflow[cncf.kubernetes]
[2025-06-13T16:01:38.612-0400] {processor.py:927} WARNING - No viable dags retrieved from /Users/pranavr/.pyenv/versions/3.11.6/lib/python3.11/site-packages/airflow/example_dags/example_kubernetes_executor.py
[2025-06-13T16:01:38.673-0400] {processor.py:208} INFO - Processing /Users/pranavr/.pyenv/versions/3.11.6/lib/python3.11/site-packages/airflow/example_dags/example_kubernetes_executor.py took 79.811 seconds
[2025-06-13T16:04:23.027-0400] {processor.py:186} INFO - Started process (PID=24176) to work on /Users/pranavr/.pyenv/versions/3.11.6/lib/python3.11/site-packages/airflow/example_dags/example_kubernetes_executor.py
[2025-06-13T16:04:23.030-0400] {processor.py:914} INFO - Processing file /Users/pranavr/.pyenv/versions/3.11.6/lib/python3.11/site-packages/airflow/example_dags/example_kubernetes_executor.py for tasks to queue
[2025-06-13T16:04:23.030-0400] {logging_mixin.py:190} INFO - [2025-06-13T16:04:23.030-0400] {dagbag.py:588} INFO - Filling up the DagBag from /Users/pranavr/.pyenv/versions/3.11.6/lib/python3.11/site-packages/airflow/example_dags/example_kubernetes_executor.py
[2025-06-13T16:04:23.046-0400] {logging_mixin.py:190} INFO - [2025-06-13T16:04:23.045-0400] {example_kubernetes_executor.py:39} WARNING - The example_kubernetes_executor example DAG requires the kubernetes provider. Please install it with: pip install apache-airflow[cncf.kubernetes]
[2025-06-13T16:04:23.046-0400] {processor.py:927} WARNING - No viable dags retrieved from /Users/pranavr/.pyenv/versions/3.11.6/lib/python3.11/site-packages/airflow/example_dags/example_kubernetes_executor.py
[2025-06-13T16:04:23.114-0400] {processor.py:208} INFO - Processing /Users/pranavr/.pyenv/versions/3.11.6/lib/python3.11/site-packages/airflow/example_dags/example_kubernetes_executor.py took 87.919 seconds
