[2025-06-13T14:10:50.228-0400] {processor.py:153} INFO - Started process (PID=97186) to work on /Users/pranavr/drift-retrainer/venv311/lib/python3.11/site-packages/airflow/example_dags/example_branch_datetime_operator.py
[2025-06-13T14:10:50.231-0400] {processor.py:743} INFO - Processing file /Users/pranavr/drift-retrainer/venv311/lib/python3.11/site-packages/airflow/example_dags/example_branch_datetime_operator.py for tasks to queue
[2025-06-13T14:10:50.231-0400] {logging_mixin.py:137} INFO - [2025-06-13T14:10:50.231-0400] {dagbag.py:538} INFO - Filling up the DagBag from /Users/pranavr/drift-retrainer/venv311/lib/python3.11/site-packages/airflow/example_dags/example_branch_datetime_operator.py
[2025-06-13T14:10:50.250-0400] {processor.py:753} INFO - DAG(s) dict_keys(['example_branch_datetime_operator', 'example_branch_datetime_operator_2', 'example_branch_datetime_operator_3']) retrieved from /Users/pranavr/drift-retrainer/venv311/lib/python3.11/site-packages/airflow/example_dags/example_branch_datetime_operator.py
[2025-06-13T14:10:50.814-0400] {logging_mixin.py:137} INFO - [2025-06-13T14:10:50.814-0400] {manager.py:504} INFO - Created Permission View: can read on DAG:example_branch_datetime_operator
[2025-06-13T14:10:50.818-0400] {logging_mixin.py:137} INFO - [2025-06-13T14:10:50.818-0400] {manager.py:504} INFO - Created Permission View: can delete on DAG:example_branch_datetime_operator
[2025-06-13T14:10:50.823-0400] {logging_mixin.py:137} INFO - [2025-06-13T14:10:50.823-0400] {manager.py:504} INFO - Created Permission View: can edit on DAG:example_branch_datetime_operator
[2025-06-13T14:10:50.833-0400] {logging_mixin.py:137} INFO - [2025-06-13T14:10:50.833-0400] {manager.py:504} INFO - Created Permission View: can read on DAG:example_branch_datetime_operator_2
[2025-06-13T14:10:50.836-0400] {logging_mixin.py:137} INFO - [2025-06-13T14:10:50.836-0400] {manager.py:504} INFO - Created Permission View: can delete on DAG:example_branch_datetime_operator_2
[2025-06-13T14:10:50.838-0400] {logging_mixin.py:137} INFO - [2025-06-13T14:10:50.838-0400] {manager.py:504} INFO - Created Permission View: can edit on DAG:example_branch_datetime_operator_2
[2025-06-13T14:10:50.844-0400] {logging_mixin.py:137} INFO - [2025-06-13T14:10:50.844-0400] {manager.py:504} INFO - Created Permission View: can read on DAG:example_branch_datetime_operator_3
[2025-06-13T14:10:50.846-0400] {logging_mixin.py:137} INFO - [2025-06-13T14:10:50.846-0400] {manager.py:504} INFO - Created Permission View: can delete on DAG:example_branch_datetime_operator_3
[2025-06-13T14:10:50.848-0400] {logging_mixin.py:137} INFO - [2025-06-13T14:10:50.848-0400] {manager.py:504} INFO - Created Permission View: can edit on DAG:example_branch_datetime_operator_3
[2025-06-13T14:10:50.848-0400] {logging_mixin.py:137} INFO - [2025-06-13T14:10:50.848-0400] {dag.py:2690} INFO - Sync 3 DAGs
[2025-06-13T14:10:50.853-0400] {logging_mixin.py:137} INFO - [2025-06-13T14:10:50.852-0400] {dag.py:2711} INFO - Creating ORM DAG for example_branch_datetime_operator
[2025-06-13T14:10:50.853-0400] {logging_mixin.py:137} INFO - [2025-06-13T14:10:50.853-0400] {dag.py:2711} INFO - Creating ORM DAG for example_branch_datetime_operator_3
[2025-06-13T14:10:50.853-0400] {logging_mixin.py:137} INFO - [2025-06-13T14:10:50.853-0400] {dag.py:2711} INFO - Creating ORM DAG for example_branch_datetime_operator_2
[2025-06-13T14:10:50.856-0400] {logging_mixin.py:137} INFO - [2025-06-13T14:10:50.856-0400] {dag.py:3437} INFO - Setting next_dagrun for example_branch_datetime_operator to 2025-06-12T00:00:00+00:00, run_after=2025-06-13T00:00:00+00:00
[2025-06-13T14:10:50.857-0400] {logging_mixin.py:137} INFO - [2025-06-13T14:10:50.857-0400] {dag.py:3437} INFO - Setting next_dagrun for example_branch_datetime_operator_2 to 2025-06-12T00:00:00+00:00, run_after=2025-06-13T00:00:00+00:00
[2025-06-13T14:10:50.858-0400] {logging_mixin.py:137} INFO - [2025-06-13T14:10:50.857-0400] {dag.py:3437} INFO - Setting next_dagrun for example_branch_datetime_operator_3 to 2025-06-12T00:00:00+00:00, run_after=2025-06-13T00:00:00+00:00
[2025-06-13T14:10:50.867-0400] {processor.py:175} INFO - Processing /Users/pranavr/drift-retrainer/venv311/lib/python3.11/site-packages/airflow/example_dags/example_branch_datetime_operator.py took 0.640 seconds
[2025-06-13T14:12:47.052-0400] {processor.py:153} INFO - Started process (PID=97744) to work on /Users/pranavr/drift-retrainer/venv311/lib/python3.11/site-packages/airflow/example_dags/example_branch_datetime_operator.py
[2025-06-13T14:12:47.054-0400] {processor.py:743} INFO - Processing file /Users/pranavr/drift-retrainer/venv311/lib/python3.11/site-packages/airflow/example_dags/example_branch_datetime_operator.py for tasks to queue
[2025-06-13T14:12:47.055-0400] {logging_mixin.py:137} INFO - [2025-06-13T14:12:47.054-0400] {dagbag.py:538} INFO - Filling up the DagBag from /Users/pranavr/drift-retrainer/venv311/lib/python3.11/site-packages/airflow/example_dags/example_branch_datetime_operator.py
[2025-06-13T14:12:47.073-0400] {processor.py:753} INFO - DAG(s) dict_keys(['example_branch_datetime_operator_2', 'example_branch_datetime_operator', 'example_branch_datetime_operator_3']) retrieved from /Users/pranavr/drift-retrainer/venv311/lib/python3.11/site-packages/airflow/example_dags/example_branch_datetime_operator.py
[2025-06-13T14:12:47.594-0400] {logging_mixin.py:137} INFO - [2025-06-13T14:12:47.594-0400] {dag.py:2690} INFO - Sync 3 DAGs
[2025-06-13T14:12:47.602-0400] {logging_mixin.py:137} INFO - [2025-06-13T14:12:47.602-0400] {dag.py:3437} INFO - Setting next_dagrun for example_branch_datetime_operator to 2025-06-12T00:00:00+00:00, run_after=2025-06-13T00:00:00+00:00
[2025-06-13T14:12:47.604-0400] {logging_mixin.py:137} INFO - [2025-06-13T14:12:47.604-0400] {dag.py:3437} INFO - Setting next_dagrun for example_branch_datetime_operator_2 to 2025-06-12T00:00:00+00:00, run_after=2025-06-13T00:00:00+00:00
[2025-06-13T14:12:47.605-0400] {logging_mixin.py:137} INFO - [2025-06-13T14:12:47.605-0400] {dag.py:3437} INFO - Setting next_dagrun for example_branch_datetime_operator_3 to 2025-06-12T00:00:00+00:00, run_after=2025-06-13T00:00:00+00:00
[2025-06-13T14:12:47.613-0400] {processor.py:175} INFO - Processing /Users/pranavr/drift-retrainer/venv311/lib/python3.11/site-packages/airflow/example_dags/example_branch_datetime_operator.py took 0.562 seconds
[2025-06-13T14:14:34.876-0400] {processor.py:153} INFO - Started process (PID=745) to work on /Users/pranavr/drift-retrainer/venv311/lib/python3.11/site-packages/airflow/example_dags/example_branch_datetime_operator.py
[2025-06-13T14:14:34.878-0400] {processor.py:743} INFO - Processing file /Users/pranavr/drift-retrainer/venv311/lib/python3.11/site-packages/airflow/example_dags/example_branch_datetime_operator.py for tasks to queue
[2025-06-13T14:14:34.878-0400] {logging_mixin.py:137} INFO - [2025-06-13T14:14:34.878-0400] {dagbag.py:538} INFO - Filling up the DagBag from /Users/pranavr/drift-retrainer/venv311/lib/python3.11/site-packages/airflow/example_dags/example_branch_datetime_operator.py
[2025-06-13T14:14:34.897-0400] {processor.py:753} INFO - DAG(s) dict_keys(['example_branch_datetime_operator', 'example_branch_datetime_operator_3', 'example_branch_datetime_operator_2']) retrieved from /Users/pranavr/drift-retrainer/venv311/lib/python3.11/site-packages/airflow/example_dags/example_branch_datetime_operator.py
[2025-06-13T14:14:35.356-0400] {logging_mixin.py:137} INFO - [2025-06-13T14:14:35.356-0400] {dag.py:2690} INFO - Sync 3 DAGs
[2025-06-13T14:14:35.365-0400] {logging_mixin.py:137} INFO - [2025-06-13T14:14:35.365-0400] {dag.py:3437} INFO - Setting next_dagrun for example_branch_datetime_operator to 2025-06-12T00:00:00+00:00, run_after=2025-06-13T00:00:00+00:00
[2025-06-13T14:14:35.366-0400] {logging_mixin.py:137} INFO - [2025-06-13T14:14:35.366-0400] {dag.py:3437} INFO - Setting next_dagrun for example_branch_datetime_operator_2 to 2025-06-12T00:00:00+00:00, run_after=2025-06-13T00:00:00+00:00
[2025-06-13T14:14:35.367-0400] {logging_mixin.py:137} INFO - [2025-06-13T14:14:35.367-0400] {dag.py:3437} INFO - Setting next_dagrun for example_branch_datetime_operator_3 to 2025-06-12T00:00:00+00:00, run_after=2025-06-13T00:00:00+00:00
[2025-06-13T14:14:35.373-0400] {processor.py:175} INFO - Processing /Users/pranavr/drift-retrainer/venv311/lib/python3.11/site-packages/airflow/example_dags/example_branch_datetime_operator.py took 0.498 seconds
[2025-06-13T14:16:32.132-0400] {processor.py:153} INFO - Started process (PID=3557) to work on /Users/pranavr/drift-retrainer/venv311/lib/python3.11/site-packages/airflow/example_dags/example_branch_datetime_operator.py
[2025-06-13T14:16:32.138-0400] {processor.py:743} INFO - Processing file /Users/pranavr/drift-retrainer/venv311/lib/python3.11/site-packages/airflow/example_dags/example_branch_datetime_operator.py for tasks to queue
[2025-06-13T14:16:32.138-0400] {logging_mixin.py:137} INFO - [2025-06-13T14:16:32.138-0400] {dagbag.py:538} INFO - Filling up the DagBag from /Users/pranavr/drift-retrainer/venv311/lib/python3.11/site-packages/airflow/example_dags/example_branch_datetime_operator.py
[2025-06-13T14:16:32.155-0400] {processor.py:753} INFO - DAG(s) dict_keys(['example_branch_datetime_operator', 'example_branch_datetime_operator_2', 'example_branch_datetime_operator_3']) retrieved from /Users/pranavr/drift-retrainer/venv311/lib/python3.11/site-packages/airflow/example_dags/example_branch_datetime_operator.py
[2025-06-13T14:16:32.614-0400] {logging_mixin.py:137} INFO - [2025-06-13T14:16:32.614-0400] {dag.py:2690} INFO - Sync 3 DAGs
[2025-06-13T14:16:32.623-0400] {logging_mixin.py:137} INFO - [2025-06-13T14:16:32.623-0400] {dag.py:3437} INFO - Setting next_dagrun for example_branch_datetime_operator to 2025-06-12T00:00:00+00:00, run_after=2025-06-13T00:00:00+00:00
[2025-06-13T14:16:32.625-0400] {logging_mixin.py:137} INFO - [2025-06-13T14:16:32.625-0400] {dag.py:3437} INFO - Setting next_dagrun for example_branch_datetime_operator_2 to 2025-06-12T00:00:00+00:00, run_after=2025-06-13T00:00:00+00:00
[2025-06-13T14:16:32.626-0400] {logging_mixin.py:137} INFO - [2025-06-13T14:16:32.626-0400] {dag.py:3437} INFO - Setting next_dagrun for example_branch_datetime_operator_3 to 2025-06-12T00:00:00+00:00, run_after=2025-06-13T00:00:00+00:00
[2025-06-13T14:16:32.635-0400] {processor.py:175} INFO - Processing /Users/pranavr/drift-retrainer/venv311/lib/python3.11/site-packages/airflow/example_dags/example_branch_datetime_operator.py took 0.504 seconds
[2025-06-13T14:18:25.609-0400] {processor.py:153} INFO - Started process (PID=6315) to work on /Users/pranavr/drift-retrainer/venv311/lib/python3.11/site-packages/airflow/example_dags/example_branch_datetime_operator.py
[2025-06-13T14:18:25.616-0400] {processor.py:743} INFO - Processing file /Users/pranavr/drift-retrainer/venv311/lib/python3.11/site-packages/airflow/example_dags/example_branch_datetime_operator.py for tasks to queue
[2025-06-13T14:18:25.616-0400] {logging_mixin.py:137} INFO - [2025-06-13T14:18:25.616-0400] {dagbag.py:538} INFO - Filling up the DagBag from /Users/pranavr/drift-retrainer/venv311/lib/python3.11/site-packages/airflow/example_dags/example_branch_datetime_operator.py
[2025-06-13T14:18:25.654-0400] {processor.py:753} INFO - DAG(s) dict_keys(['example_branch_datetime_operator', 'example_branch_datetime_operator_3', 'example_branch_datetime_operator_2']) retrieved from /Users/pranavr/drift-retrainer/venv311/lib/python3.11/site-packages/airflow/example_dags/example_branch_datetime_operator.py
[2025-06-13T14:18:26.204-0400] {logging_mixin.py:137} INFO - [2025-06-13T14:18:26.204-0400] {dag.py:2690} INFO - Sync 3 DAGs
[2025-06-13T14:18:26.214-0400] {logging_mixin.py:137} INFO - [2025-06-13T14:18:26.214-0400] {dag.py:3437} INFO - Setting next_dagrun for example_branch_datetime_operator to 2025-06-12T00:00:00+00:00, run_after=2025-06-13T00:00:00+00:00
[2025-06-13T14:18:26.215-0400] {logging_mixin.py:137} INFO - [2025-06-13T14:18:26.215-0400] {dag.py:3437} INFO - Setting next_dagrun for example_branch_datetime_operator_2 to 2025-06-12T00:00:00+00:00, run_after=2025-06-13T00:00:00+00:00
[2025-06-13T14:18:26.216-0400] {logging_mixin.py:137} INFO - [2025-06-13T14:18:26.216-0400] {dag.py:3437} INFO - Setting next_dagrun for example_branch_datetime_operator_3 to 2025-06-12T00:00:00+00:00, run_after=2025-06-13T00:00:00+00:00
[2025-06-13T14:18:26.224-0400] {processor.py:175} INFO - Processing /Users/pranavr/drift-retrainer/venv311/lib/python3.11/site-packages/airflow/example_dags/example_branch_datetime_operator.py took 0.622 seconds
[2025-06-13T14:20:30.767-0400] {processor.py:153} INFO - Started process (PID=6711) to work on /Users/pranavr/drift-retrainer/venv311/lib/python3.11/site-packages/airflow/example_dags/example_branch_datetime_operator.py
[2025-06-13T14:20:30.769-0400] {processor.py:743} INFO - Processing file /Users/pranavr/drift-retrainer/venv311/lib/python3.11/site-packages/airflow/example_dags/example_branch_datetime_operator.py for tasks to queue
[2025-06-13T14:20:30.769-0400] {logging_mixin.py:137} INFO - [2025-06-13T14:20:30.769-0400] {dagbag.py:538} INFO - Filling up the DagBag from /Users/pranavr/drift-retrainer/venv311/lib/python3.11/site-packages/airflow/example_dags/example_branch_datetime_operator.py
[2025-06-13T14:20:30.828-0400] {processor.py:753} INFO - DAG(s) dict_keys(['example_branch_datetime_operator_3', 'example_branch_datetime_operator_2', 'example_branch_datetime_operator']) retrieved from /Users/pranavr/drift-retrainer/venv311/lib/python3.11/site-packages/airflow/example_dags/example_branch_datetime_operator.py
[2025-06-13T14:20:30.871-0400] {logging_mixin.py:137} INFO - [2025-06-13T14:20:30.870-0400] {dag.py:2690} INFO - Sync 3 DAGs
[2025-06-13T14:20:31.825-0400] {logging_mixin.py:137} INFO - [2025-06-13T14:20:31.825-0400] {dag.py:3437} INFO - Setting next_dagrun for example_branch_datetime_operator to 2025-06-12T00:00:00+00:00, run_after=2025-06-13T00:00:00+00:00
[2025-06-13T14:20:31.826-0400] {logging_mixin.py:137} INFO - [2025-06-13T14:20:31.826-0400] {dag.py:3437} INFO - Setting next_dagrun for example_branch_datetime_operator_2 to 2025-06-12T00:00:00+00:00, run_after=2025-06-13T00:00:00+00:00
[2025-06-13T14:20:31.827-0400] {logging_mixin.py:137} INFO - [2025-06-13T14:20:31.827-0400] {dag.py:3437} INFO - Setting next_dagrun for example_branch_datetime_operator_3 to 2025-06-12T00:00:00+00:00, run_after=2025-06-13T00:00:00+00:00
[2025-06-13T14:20:31.842-0400] {processor.py:175} INFO - Processing /Users/pranavr/drift-retrainer/venv311/lib/python3.11/site-packages/airflow/example_dags/example_branch_datetime_operator.py took 1.075 seconds
[2025-06-13T14:23:14.501-0400] {processor.py:186} INFO - Started process (PID=7806) to work on /Users/pranavr/.pyenv/versions/3.11.6/lib/python3.11/site-packages/airflow/example_dags/example_branch_datetime_operator.py
[2025-06-13T14:23:14.504-0400] {processor.py:914} INFO - Processing file /Users/pranavr/.pyenv/versions/3.11.6/lib/python3.11/site-packages/airflow/example_dags/example_branch_datetime_operator.py for tasks to queue
[2025-06-13T14:23:14.504-0400] {logging_mixin.py:190} INFO - [2025-06-13T14:23:14.504-0400] {dagbag.py:588} INFO - Filling up the DagBag from /Users/pranavr/.pyenv/versions/3.11.6/lib/python3.11/site-packages/airflow/example_dags/example_branch_datetime_operator.py
[2025-06-13T14:23:14.513-0400] {processor.py:925} INFO - DAG(s) 'example_branch_datetime_operator_2', 'example_branch_datetime_operator', 'example_branch_datetime_operator_3' retrieved from /Users/pranavr/.pyenv/versions/3.11.6/lib/python3.11/site-packages/airflow/example_dags/example_branch_datetime_operator.py
[2025-06-13T14:23:14.649-0400] {logging_mixin.py:190} INFO - [2025-06-13T14:23:14.648-0400] {dag.py:3239} INFO - Sync 3 DAGs
[2025-06-13T14:23:14.659-0400] {logging_mixin.py:190} INFO - [2025-06-13T14:23:14.659-0400] {dag.py:4180} INFO - Setting next_dagrun for example_branch_datetime_operator to 2025-06-12T00:00:00+00:00, run_after=2025-06-13T00:00:00+00:00
[2025-06-13T14:23:14.662-0400] {logging_mixin.py:190} INFO - [2025-06-13T14:23:14.662-0400] {dag.py:4180} INFO - Setting next_dagrun for example_branch_datetime_operator_2 to 2025-06-12T00:00:00+00:00, run_after=2025-06-13T00:00:00+00:00
[2025-06-13T14:23:14.663-0400] {logging_mixin.py:190} INFO - [2025-06-13T14:23:14.663-0400] {dag.py:4180} INFO - Setting next_dagrun for example_branch_datetime_operator_3 to 2025-06-12T00:00:00+00:00, run_after=2025-06-13T00:00:00+00:00
[2025-06-13T14:23:14.671-0400] {processor.py:208} INFO - Processing /Users/pranavr/.pyenv/versions/3.11.6/lib/python3.11/site-packages/airflow/example_dags/example_branch_datetime_operator.py took 172.713 seconds
[2025-06-13T14:26:17.872-0400] {processor.py:186} INFO - Started process (PID=8050) to work on /Users/pranavr/.pyenv/versions/3.11.6/lib/python3.11/site-packages/airflow/example_dags/example_branch_datetime_operator.py
[2025-06-13T14:26:17.875-0400] {processor.py:914} INFO - Processing file /Users/pranavr/.pyenv/versions/3.11.6/lib/python3.11/site-packages/airflow/example_dags/example_branch_datetime_operator.py for tasks to queue
[2025-06-13T14:26:17.875-0400] {logging_mixin.py:190} INFO - [2025-06-13T14:26:17.875-0400] {dagbag.py:588} INFO - Filling up the DagBag from /Users/pranavr/.pyenv/versions/3.11.6/lib/python3.11/site-packages/airflow/example_dags/example_branch_datetime_operator.py
[2025-06-13T14:26:17.883-0400] {processor.py:925} INFO - DAG(s) 'example_branch_datetime_operator_2', 'example_branch_datetime_operator', 'example_branch_datetime_operator_3' retrieved from /Users/pranavr/.pyenv/versions/3.11.6/lib/python3.11/site-packages/airflow/example_dags/example_branch_datetime_operator.py
[2025-06-13T14:26:17.967-0400] {logging_mixin.py:190} INFO - [2025-06-13T14:26:17.967-0400] {dag.py:3239} INFO - Sync 3 DAGs
[2025-06-13T14:26:17.976-0400] {logging_mixin.py:190} INFO - [2025-06-13T14:26:17.976-0400] {dag.py:4180} INFO - Setting next_dagrun for example_branch_datetime_operator to 2025-06-12T00:00:00+00:00, run_after=2025-06-13T00:00:00+00:00
[2025-06-13T14:26:17.977-0400] {logging_mixin.py:190} INFO - [2025-06-13T14:26:17.977-0400] {dag.py:4180} INFO - Setting next_dagrun for example_branch_datetime_operator_2 to 2025-06-12T00:00:00+00:00, run_after=2025-06-13T00:00:00+00:00
[2025-06-13T14:26:17.978-0400] {logging_mixin.py:190} INFO - [2025-06-13T14:26:17.978-0400] {dag.py:4180} INFO - Setting next_dagrun for example_branch_datetime_operator_3 to 2025-06-12T00:00:00+00:00, run_after=2025-06-13T00:00:00+00:00
[2025-06-13T14:26:17.986-0400] {processor.py:208} INFO - Processing /Users/pranavr/.pyenv/versions/3.11.6/lib/python3.11/site-packages/airflow/example_dags/example_branch_datetime_operator.py took 115.405 seconds
[2025-06-13T14:29:22.394-0400] {processor.py:186} INFO - Started process (PID=8873) to work on /Users/pranavr/.pyenv/versions/3.11.6/lib/python3.11/site-packages/airflow/example_dags/example_branch_datetime_operator.py
[2025-06-13T14:29:22.396-0400] {processor.py:914} INFO - Processing file /Users/pranavr/.pyenv/versions/3.11.6/lib/python3.11/site-packages/airflow/example_dags/example_branch_datetime_operator.py for tasks to queue
[2025-06-13T14:29:22.397-0400] {logging_mixin.py:190} INFO - [2025-06-13T14:29:22.397-0400] {dagbag.py:588} INFO - Filling up the DagBag from /Users/pranavr/.pyenv/versions/3.11.6/lib/python3.11/site-packages/airflow/example_dags/example_branch_datetime_operator.py
[2025-06-13T14:29:22.404-0400] {processor.py:925} INFO - DAG(s) 'example_branch_datetime_operator_2', 'example_branch_datetime_operator_3', 'example_branch_datetime_operator' retrieved from /Users/pranavr/.pyenv/versions/3.11.6/lib/python3.11/site-packages/airflow/example_dags/example_branch_datetime_operator.py
[2025-06-13T14:29:22.503-0400] {logging_mixin.py:190} INFO - [2025-06-13T14:29:22.502-0400] {dag.py:3239} INFO - Sync 3 DAGs
[2025-06-13T14:29:22.511-0400] {logging_mixin.py:190} INFO - [2025-06-13T14:29:22.511-0400] {dag.py:4180} INFO - Setting next_dagrun for example_branch_datetime_operator to 2025-06-12T00:00:00+00:00, run_after=2025-06-13T00:00:00+00:00
[2025-06-13T14:29:22.513-0400] {logging_mixin.py:190} INFO - [2025-06-13T14:29:22.513-0400] {dag.py:4180} INFO - Setting next_dagrun for example_branch_datetime_operator_2 to 2025-06-12T00:00:00+00:00, run_after=2025-06-13T00:00:00+00:00
[2025-06-13T14:29:22.514-0400] {logging_mixin.py:190} INFO - [2025-06-13T14:29:22.514-0400] {dag.py:4180} INFO - Setting next_dagrun for example_branch_datetime_operator_3 to 2025-06-12T00:00:00+00:00, run_after=2025-06-13T00:00:00+00:00
[2025-06-13T14:29:22.521-0400] {processor.py:208} INFO - Processing /Users/pranavr/.pyenv/versions/3.11.6/lib/python3.11/site-packages/airflow/example_dags/example_branch_datetime_operator.py took 128.894 seconds
[2025-06-13T14:32:19.910-0400] {processor.py:186} INFO - Started process (PID=9511) to work on /Users/pranavr/.pyenv/versions/3.11.6/lib/python3.11/site-packages/airflow/example_dags/example_branch_datetime_operator.py
[2025-06-13T14:32:19.912-0400] {processor.py:914} INFO - Processing file /Users/pranavr/.pyenv/versions/3.11.6/lib/python3.11/site-packages/airflow/example_dags/example_branch_datetime_operator.py for tasks to queue
[2025-06-13T14:32:19.913-0400] {logging_mixin.py:190} INFO - [2025-06-13T14:32:19.912-0400] {dagbag.py:588} INFO - Filling up the DagBag from /Users/pranavr/.pyenv/versions/3.11.6/lib/python3.11/site-packages/airflow/example_dags/example_branch_datetime_operator.py
[2025-06-13T14:32:19.920-0400] {processor.py:925} INFO - DAG(s) 'example_branch_datetime_operator_3', 'example_branch_datetime_operator_2', 'example_branch_datetime_operator' retrieved from /Users/pranavr/.pyenv/versions/3.11.6/lib/python3.11/site-packages/airflow/example_dags/example_branch_datetime_operator.py
[2025-06-13T14:32:20.009-0400] {logging_mixin.py:190} INFO - [2025-06-13T14:32:20.009-0400] {dag.py:3239} INFO - Sync 3 DAGs
[2025-06-13T14:32:20.019-0400] {logging_mixin.py:190} INFO - [2025-06-13T14:32:20.018-0400] {dag.py:4180} INFO - Setting next_dagrun for example_branch_datetime_operator to 2025-06-12T00:00:00+00:00, run_after=2025-06-13T00:00:00+00:00
[2025-06-13T14:32:20.021-0400] {logging_mixin.py:190} INFO - [2025-06-13T14:32:20.021-0400] {dag.py:4180} INFO - Setting next_dagrun for example_branch_datetime_operator_2 to 2025-06-12T00:00:00+00:00, run_after=2025-06-13T00:00:00+00:00
[2025-06-13T14:32:20.022-0400] {logging_mixin.py:190} INFO - [2025-06-13T14:32:20.022-0400] {dag.py:4180} INFO - Setting next_dagrun for example_branch_datetime_operator_3 to 2025-06-12T00:00:00+00:00, run_after=2025-06-13T00:00:00+00:00
[2025-06-13T14:32:20.030-0400] {processor.py:208} INFO - Processing /Users/pranavr/.pyenv/versions/3.11.6/lib/python3.11/site-packages/airflow/example_dags/example_branch_datetime_operator.py took 121.547 seconds
[2025-06-13T14:35:25.432-0400] {processor.py:186} INFO - Started process (PID=10160) to work on /Users/pranavr/.pyenv/versions/3.11.6/lib/python3.11/site-packages/airflow/example_dags/example_branch_datetime_operator.py
[2025-06-13T14:35:25.434-0400] {processor.py:914} INFO - Processing file /Users/pranavr/.pyenv/versions/3.11.6/lib/python3.11/site-packages/airflow/example_dags/example_branch_datetime_operator.py for tasks to queue
[2025-06-13T14:35:25.434-0400] {logging_mixin.py:190} INFO - [2025-06-13T14:35:25.434-0400] {dagbag.py:588} INFO - Filling up the DagBag from /Users/pranavr/.pyenv/versions/3.11.6/lib/python3.11/site-packages/airflow/example_dags/example_branch_datetime_operator.py
[2025-06-13T14:35:25.447-0400] {processor.py:925} INFO - DAG(s) 'example_branch_datetime_operator_3', 'example_branch_datetime_operator_2', 'example_branch_datetime_operator' retrieved from /Users/pranavr/.pyenv/versions/3.11.6/lib/python3.11/site-packages/airflow/example_dags/example_branch_datetime_operator.py
[2025-06-13T14:35:25.540-0400] {logging_mixin.py:190} INFO - [2025-06-13T14:35:25.540-0400] {dag.py:3239} INFO - Sync 3 DAGs
[2025-06-13T14:35:25.549-0400] {logging_mixin.py:190} INFO - [2025-06-13T14:35:25.549-0400] {dag.py:4180} INFO - Setting next_dagrun for example_branch_datetime_operator to 2025-06-12T00:00:00+00:00, run_after=2025-06-13T00:00:00+00:00
[2025-06-13T14:35:25.551-0400] {logging_mixin.py:190} INFO - [2025-06-13T14:35:25.551-0400] {dag.py:4180} INFO - Setting next_dagrun for example_branch_datetime_operator_2 to 2025-06-12T00:00:00+00:00, run_after=2025-06-13T00:00:00+00:00
[2025-06-13T14:35:25.552-0400] {logging_mixin.py:190} INFO - [2025-06-13T14:35:25.552-0400] {dag.py:4180} INFO - Setting next_dagrun for example_branch_datetime_operator_3 to 2025-06-12T00:00:00+00:00, run_after=2025-06-13T00:00:00+00:00
[2025-06-13T14:35:25.560-0400] {processor.py:208} INFO - Processing /Users/pranavr/.pyenv/versions/3.11.6/lib/python3.11/site-packages/airflow/example_dags/example_branch_datetime_operator.py took 129.972 seconds
[2025-06-13T14:38:24.163-0400] {processor.py:186} INFO - Started process (PID=11212) to work on /Users/pranavr/.pyenv/versions/3.11.6/lib/python3.11/site-packages/airflow/example_dags/example_branch_datetime_operator.py
[2025-06-13T14:38:24.165-0400] {processor.py:914} INFO - Processing file /Users/pranavr/.pyenv/versions/3.11.6/lib/python3.11/site-packages/airflow/example_dags/example_branch_datetime_operator.py for tasks to queue
[2025-06-13T14:38:24.166-0400] {logging_mixin.py:190} INFO - [2025-06-13T14:38:24.166-0400] {dagbag.py:588} INFO - Filling up the DagBag from /Users/pranavr/.pyenv/versions/3.11.6/lib/python3.11/site-packages/airflow/example_dags/example_branch_datetime_operator.py
[2025-06-13T14:38:24.173-0400] {processor.py:925} INFO - DAG(s) 'example_branch_datetime_operator_2', 'example_branch_datetime_operator_3', 'example_branch_datetime_operator' retrieved from /Users/pranavr/.pyenv/versions/3.11.6/lib/python3.11/site-packages/airflow/example_dags/example_branch_datetime_operator.py
[2025-06-13T14:38:24.268-0400] {logging_mixin.py:190} INFO - [2025-06-13T14:38:24.268-0400] {dag.py:3239} INFO - Sync 3 DAGs
[2025-06-13T14:38:24.278-0400] {logging_mixin.py:190} INFO - [2025-06-13T14:38:24.278-0400] {dag.py:4180} INFO - Setting next_dagrun for example_branch_datetime_operator to 2025-06-12T00:00:00+00:00, run_after=2025-06-13T00:00:00+00:00
[2025-06-13T14:38:24.280-0400] {logging_mixin.py:190} INFO - [2025-06-13T14:38:24.280-0400] {dag.py:4180} INFO - Setting next_dagrun for example_branch_datetime_operator_2 to 2025-06-12T00:00:00+00:00, run_after=2025-06-13T00:00:00+00:00
[2025-06-13T14:38:24.281-0400] {logging_mixin.py:190} INFO - [2025-06-13T14:38:24.281-0400] {dag.py:4180} INFO - Setting next_dagrun for example_branch_datetime_operator_3 to 2025-06-12T00:00:00+00:00, run_after=2025-06-13T00:00:00+00:00
[2025-06-13T14:38:24.288-0400] {processor.py:208} INFO - Processing /Users/pranavr/.pyenv/versions/3.11.6/lib/python3.11/site-packages/airflow/example_dags/example_branch_datetime_operator.py took 127.012 seconds
[2025-06-13T14:41:05.255-0400] {processor.py:186} INFO - Started process (PID=11714) to work on /Users/pranavr/.pyenv/versions/3.11.6/lib/python3.11/site-packages/airflow/example_dags/example_branch_datetime_operator.py
[2025-06-13T14:41:05.257-0400] {processor.py:914} INFO - Processing file /Users/pranavr/.pyenv/versions/3.11.6/lib/python3.11/site-packages/airflow/example_dags/example_branch_datetime_operator.py for tasks to queue
[2025-06-13T14:41:05.258-0400] {logging_mixin.py:190} INFO - [2025-06-13T14:41:05.258-0400] {dagbag.py:588} INFO - Filling up the DagBag from /Users/pranavr/.pyenv/versions/3.11.6/lib/python3.11/site-packages/airflow/example_dags/example_branch_datetime_operator.py
[2025-06-13T14:41:05.264-0400] {processor.py:925} INFO - DAG(s) 'example_branch_datetime_operator_2', 'example_branch_datetime_operator', 'example_branch_datetime_operator_3' retrieved from /Users/pranavr/.pyenv/versions/3.11.6/lib/python3.11/site-packages/airflow/example_dags/example_branch_datetime_operator.py
[2025-06-13T14:41:05.333-0400] {logging_mixin.py:190} INFO - [2025-06-13T14:41:05.333-0400] {dag.py:3239} INFO - Sync 3 DAGs
[2025-06-13T14:41:05.340-0400] {logging_mixin.py:190} INFO - [2025-06-13T14:41:05.340-0400] {dag.py:4180} INFO - Setting next_dagrun for example_branch_datetime_operator to 2025-06-12T00:00:00+00:00, run_after=2025-06-13T00:00:00+00:00
[2025-06-13T14:41:05.342-0400] {logging_mixin.py:190} INFO - [2025-06-13T14:41:05.342-0400] {dag.py:4180} INFO - Setting next_dagrun for example_branch_datetime_operator_2 to 2025-06-12T00:00:00+00:00, run_after=2025-06-13T00:00:00+00:00
[2025-06-13T14:41:05.343-0400] {logging_mixin.py:190} INFO - [2025-06-13T14:41:05.343-0400] {dag.py:4180} INFO - Setting next_dagrun for example_branch_datetime_operator_3 to 2025-06-12T00:00:00+00:00, run_after=2025-06-13T00:00:00+00:00
[2025-06-13T14:41:05.349-0400] {processor.py:208} INFO - Processing /Users/pranavr/.pyenv/versions/3.11.6/lib/python3.11/site-packages/airflow/example_dags/example_branch_datetime_operator.py took 95.354 seconds
[2025-06-13T14:43:33.974-0400] {processor.py:186} INFO - Started process (PID=11967) to work on /Users/pranavr/.pyenv/versions/3.11.6/lib/python3.11/site-packages/airflow/example_dags/example_branch_datetime_operator.py
[2025-06-13T14:43:33.976-0400] {processor.py:914} INFO - Processing file /Users/pranavr/.pyenv/versions/3.11.6/lib/python3.11/site-packages/airflow/example_dags/example_branch_datetime_operator.py for tasks to queue
[2025-06-13T14:43:33.976-0400] {logging_mixin.py:190} INFO - [2025-06-13T14:43:33.976-0400] {dagbag.py:588} INFO - Filling up the DagBag from /Users/pranavr/.pyenv/versions/3.11.6/lib/python3.11/site-packages/airflow/example_dags/example_branch_datetime_operator.py
[2025-06-13T14:43:33.982-0400] {processor.py:925} INFO - DAG(s) 'example_branch_datetime_operator_3', 'example_branch_datetime_operator', 'example_branch_datetime_operator_2' retrieved from /Users/pranavr/.pyenv/versions/3.11.6/lib/python3.11/site-packages/airflow/example_dags/example_branch_datetime_operator.py
[2025-06-13T14:43:34.048-0400] {logging_mixin.py:190} INFO - [2025-06-13T14:43:34.048-0400] {dag.py:3239} INFO - Sync 3 DAGs
[2025-06-13T14:43:34.055-0400] {logging_mixin.py:190} INFO - [2025-06-13T14:43:34.055-0400] {dag.py:4180} INFO - Setting next_dagrun for example_branch_datetime_operator to 2025-06-12T00:00:00+00:00, run_after=2025-06-13T00:00:00+00:00
[2025-06-13T14:43:34.057-0400] {logging_mixin.py:190} INFO - [2025-06-13T14:43:34.057-0400] {dag.py:4180} INFO - Setting next_dagrun for example_branch_datetime_operator_2 to 2025-06-12T00:00:00+00:00, run_after=2025-06-13T00:00:00+00:00
[2025-06-13T14:43:34.057-0400] {logging_mixin.py:190} INFO - [2025-06-13T14:43:34.057-0400] {dag.py:4180} INFO - Setting next_dagrun for example_branch_datetime_operator_3 to 2025-06-12T00:00:00+00:00, run_after=2025-06-13T00:00:00+00:00
[2025-06-13T14:43:34.063-0400] {processor.py:208} INFO - Processing /Users/pranavr/.pyenv/versions/3.11.6/lib/python3.11/site-packages/airflow/example_dags/example_branch_datetime_operator.py took 90.292 seconds
[2025-06-13T14:45:58.690-0400] {processor.py:186} INFO - Started process (PID=12282) to work on /Users/pranavr/.pyenv/versions/3.11.6/lib/python3.11/site-packages/airflow/example_dags/example_branch_datetime_operator.py
[2025-06-13T14:45:58.692-0400] {processor.py:914} INFO - Processing file /Users/pranavr/.pyenv/versions/3.11.6/lib/python3.11/site-packages/airflow/example_dags/example_branch_datetime_operator.py for tasks to queue
[2025-06-13T14:45:58.692-0400] {logging_mixin.py:190} INFO - [2025-06-13T14:45:58.692-0400] {dagbag.py:588} INFO - Filling up the DagBag from /Users/pranavr/.pyenv/versions/3.11.6/lib/python3.11/site-packages/airflow/example_dags/example_branch_datetime_operator.py
[2025-06-13T14:45:58.697-0400] {processor.py:925} INFO - DAG(s) 'example_branch_datetime_operator_3', 'example_branch_datetime_operator_2', 'example_branch_datetime_operator' retrieved from /Users/pranavr/.pyenv/versions/3.11.6/lib/python3.11/site-packages/airflow/example_dags/example_branch_datetime_operator.py
[2025-06-13T14:45:58.767-0400] {logging_mixin.py:190} INFO - [2025-06-13T14:45:58.767-0400] {dag.py:3239} INFO - Sync 3 DAGs
[2025-06-13T14:45:58.775-0400] {logging_mixin.py:190} INFO - [2025-06-13T14:45:58.775-0400] {dag.py:4180} INFO - Setting next_dagrun for example_branch_datetime_operator to 2025-06-12T00:00:00+00:00, run_after=2025-06-13T00:00:00+00:00
[2025-06-13T14:45:58.777-0400] {logging_mixin.py:190} INFO - [2025-06-13T14:45:58.777-0400] {dag.py:4180} INFO - Setting next_dagrun for example_branch_datetime_operator_2 to 2025-06-12T00:00:00+00:00, run_after=2025-06-13T00:00:00+00:00
[2025-06-13T14:45:58.777-0400] {logging_mixin.py:190} INFO - [2025-06-13T14:45:58.777-0400] {dag.py:4180} INFO - Setting next_dagrun for example_branch_datetime_operator_3 to 2025-06-12T00:00:00+00:00, run_after=2025-06-13T00:00:00+00:00
[2025-06-13T14:45:58.783-0400] {processor.py:208} INFO - Processing /Users/pranavr/.pyenv/versions/3.11.6/lib/python3.11/site-packages/airflow/example_dags/example_branch_datetime_operator.py took 94.673 seconds
[2025-06-13T14:48:26.831-0400] {processor.py:186} INFO - Started process (PID=12492) to work on /Users/pranavr/.pyenv/versions/3.11.6/lib/python3.11/site-packages/airflow/example_dags/example_branch_datetime_operator.py
[2025-06-13T14:48:26.833-0400] {processor.py:914} INFO - Processing file /Users/pranavr/.pyenv/versions/3.11.6/lib/python3.11/site-packages/airflow/example_dags/example_branch_datetime_operator.py for tasks to queue
[2025-06-13T14:48:26.833-0400] {logging_mixin.py:190} INFO - [2025-06-13T14:48:26.833-0400] {dagbag.py:588} INFO - Filling up the DagBag from /Users/pranavr/.pyenv/versions/3.11.6/lib/python3.11/site-packages/airflow/example_dags/example_branch_datetime_operator.py
[2025-06-13T14:48:26.838-0400] {processor.py:925} INFO - DAG(s) 'example_branch_datetime_operator', 'example_branch_datetime_operator_3', 'example_branch_datetime_operator_2' retrieved from /Users/pranavr/.pyenv/versions/3.11.6/lib/python3.11/site-packages/airflow/example_dags/example_branch_datetime_operator.py
[2025-06-13T14:48:26.904-0400] {logging_mixin.py:190} INFO - [2025-06-13T14:48:26.904-0400] {dag.py:3239} INFO - Sync 3 DAGs
[2025-06-13T14:48:26.910-0400] {logging_mixin.py:190} INFO - [2025-06-13T14:48:26.910-0400] {dag.py:4180} INFO - Setting next_dagrun for example_branch_datetime_operator to 2025-06-12T00:00:00+00:00, run_after=2025-06-13T00:00:00+00:00
[2025-06-13T14:48:26.912-0400] {logging_mixin.py:190} INFO - [2025-06-13T14:48:26.912-0400] {dag.py:4180} INFO - Setting next_dagrun for example_branch_datetime_operator_2 to 2025-06-12T00:00:00+00:00, run_after=2025-06-13T00:00:00+00:00
[2025-06-13T14:48:26.913-0400] {logging_mixin.py:190} INFO - [2025-06-13T14:48:26.913-0400] {dag.py:4180} INFO - Setting next_dagrun for example_branch_datetime_operator_3 to 2025-06-12T00:00:00+00:00, run_after=2025-06-13T00:00:00+00:00
[2025-06-13T14:48:26.919-0400] {processor.py:208} INFO - Processing /Users/pranavr/.pyenv/versions/3.11.6/lib/python3.11/site-packages/airflow/example_dags/example_branch_datetime_operator.py took 89.544 seconds
[2025-06-13T14:50:53.988-0400] {processor.py:186} INFO - Started process (PID=12735) to work on /Users/pranavr/.pyenv/versions/3.11.6/lib/python3.11/site-packages/airflow/example_dags/example_branch_datetime_operator.py
[2025-06-13T14:50:53.990-0400] {processor.py:914} INFO - Processing file /Users/pranavr/.pyenv/versions/3.11.6/lib/python3.11/site-packages/airflow/example_dags/example_branch_datetime_operator.py for tasks to queue
[2025-06-13T14:50:53.991-0400] {logging_mixin.py:190} INFO - [2025-06-13T14:50:53.990-0400] {dagbag.py:588} INFO - Filling up the DagBag from /Users/pranavr/.pyenv/versions/3.11.6/lib/python3.11/site-packages/airflow/example_dags/example_branch_datetime_operator.py
[2025-06-13T14:50:53.996-0400] {processor.py:925} INFO - DAG(s) 'example_branch_datetime_operator', 'example_branch_datetime_operator_3', 'example_branch_datetime_operator_2' retrieved from /Users/pranavr/.pyenv/versions/3.11.6/lib/python3.11/site-packages/airflow/example_dags/example_branch_datetime_operator.py
[2025-06-13T14:50:54.061-0400] {logging_mixin.py:190} INFO - [2025-06-13T14:50:54.061-0400] {dag.py:3239} INFO - Sync 3 DAGs
[2025-06-13T14:50:54.067-0400] {logging_mixin.py:190} INFO - [2025-06-13T14:50:54.067-0400] {dag.py:4180} INFO - Setting next_dagrun for example_branch_datetime_operator to 2025-06-12T00:00:00+00:00, run_after=2025-06-13T00:00:00+00:00
[2025-06-13T14:50:54.069-0400] {logging_mixin.py:190} INFO - [2025-06-13T14:50:54.069-0400] {dag.py:4180} INFO - Setting next_dagrun for example_branch_datetime_operator_2 to 2025-06-12T00:00:00+00:00, run_after=2025-06-13T00:00:00+00:00
[2025-06-13T14:50:54.070-0400] {logging_mixin.py:190} INFO - [2025-06-13T14:50:54.070-0400] {dag.py:4180} INFO - Setting next_dagrun for example_branch_datetime_operator_3 to 2025-06-12T00:00:00+00:00, run_after=2025-06-13T00:00:00+00:00
[2025-06-13T14:50:54.076-0400] {processor.py:208} INFO - Processing /Users/pranavr/.pyenv/versions/3.11.6/lib/python3.11/site-packages/airflow/example_dags/example_branch_datetime_operator.py took 89.349 seconds
[2025-06-13T14:53:23.780-0400] {processor.py:186} INFO - Started process (PID=14083) to work on /Users/pranavr/.pyenv/versions/3.11.6/lib/python3.11/site-packages/airflow/example_dags/example_branch_datetime_operator.py
[2025-06-13T14:53:23.782-0400] {processor.py:914} INFO - Processing file /Users/pranavr/.pyenv/versions/3.11.6/lib/python3.11/site-packages/airflow/example_dags/example_branch_datetime_operator.py for tasks to queue
[2025-06-13T14:53:23.783-0400] {logging_mixin.py:190} INFO - [2025-06-13T14:53:23.783-0400] {dagbag.py:588} INFO - Filling up the DagBag from /Users/pranavr/.pyenv/versions/3.11.6/lib/python3.11/site-packages/airflow/example_dags/example_branch_datetime_operator.py
[2025-06-13T14:53:23.788-0400] {processor.py:925} INFO - DAG(s) 'example_branch_datetime_operator_2', 'example_branch_datetime_operator_3', 'example_branch_datetime_operator' retrieved from /Users/pranavr/.pyenv/versions/3.11.6/lib/python3.11/site-packages/airflow/example_dags/example_branch_datetime_operator.py
[2025-06-13T14:53:23.852-0400] {logging_mixin.py:190} INFO - [2025-06-13T14:53:23.851-0400] {dag.py:3239} INFO - Sync 3 DAGs
[2025-06-13T14:53:23.858-0400] {logging_mixin.py:190} INFO - [2025-06-13T14:53:23.858-0400] {dag.py:4180} INFO - Setting next_dagrun for example_branch_datetime_operator to 2025-06-12T00:00:00+00:00, run_after=2025-06-13T00:00:00+00:00
[2025-06-13T14:53:23.860-0400] {logging_mixin.py:190} INFO - [2025-06-13T14:53:23.860-0400] {dag.py:4180} INFO - Setting next_dagrun for example_branch_datetime_operator_2 to 2025-06-12T00:00:00+00:00, run_after=2025-06-13T00:00:00+00:00
[2025-06-13T14:53:23.861-0400] {logging_mixin.py:190} INFO - [2025-06-13T14:53:23.861-0400] {dag.py:4180} INFO - Setting next_dagrun for example_branch_datetime_operator_3 to 2025-06-12T00:00:00+00:00, run_after=2025-06-13T00:00:00+00:00
[2025-06-13T14:53:23.867-0400] {processor.py:208} INFO - Processing /Users/pranavr/.pyenv/versions/3.11.6/lib/python3.11/site-packages/airflow/example_dags/example_branch_datetime_operator.py took 87.809 seconds
[2025-06-13T14:55:58.431-0400] {processor.py:186} INFO - Started process (PID=14326) to work on /Users/pranavr/.pyenv/versions/3.11.6/lib/python3.11/site-packages/airflow/example_dags/example_branch_datetime_operator.py
[2025-06-13T14:55:58.434-0400] {processor.py:914} INFO - Processing file /Users/pranavr/.pyenv/versions/3.11.6/lib/python3.11/site-packages/airflow/example_dags/example_branch_datetime_operator.py for tasks to queue
[2025-06-13T14:55:58.436-0400] {logging_mixin.py:190} INFO - [2025-06-13T14:55:58.436-0400] {dagbag.py:588} INFO - Filling up the DagBag from /Users/pranavr/.pyenv/versions/3.11.6/lib/python3.11/site-packages/airflow/example_dags/example_branch_datetime_operator.py
[2025-06-13T14:55:58.442-0400] {processor.py:925} INFO - DAG(s) 'example_branch_datetime_operator_2', 'example_branch_datetime_operator', 'example_branch_datetime_operator_3' retrieved from /Users/pranavr/.pyenv/versions/3.11.6/lib/python3.11/site-packages/airflow/example_dags/example_branch_datetime_operator.py
[2025-06-13T14:55:58.515-0400] {logging_mixin.py:190} INFO - [2025-06-13T14:55:58.515-0400] {dag.py:3239} INFO - Sync 3 DAGs
[2025-06-13T14:55:58.523-0400] {logging_mixin.py:190} INFO - [2025-06-13T14:55:58.523-0400] {dag.py:4180} INFO - Setting next_dagrun for example_branch_datetime_operator to 2025-06-12T00:00:00+00:00, run_after=2025-06-13T00:00:00+00:00
[2025-06-13T14:55:58.525-0400] {logging_mixin.py:190} INFO - [2025-06-13T14:55:58.525-0400] {dag.py:4180} INFO - Setting next_dagrun for example_branch_datetime_operator_2 to 2025-06-12T00:00:00+00:00, run_after=2025-06-13T00:00:00+00:00
[2025-06-13T14:55:58.526-0400] {logging_mixin.py:190} INFO - [2025-06-13T14:55:58.526-0400] {dag.py:4180} INFO - Setting next_dagrun for example_branch_datetime_operator_3 to 2025-06-12T00:00:00+00:00, run_after=2025-06-13T00:00:00+00:00
[2025-06-13T14:55:58.532-0400] {processor.py:208} INFO - Processing /Users/pranavr/.pyenv/versions/3.11.6/lib/python3.11/site-packages/airflow/example_dags/example_branch_datetime_operator.py took 102.585 seconds
[2025-06-13T14:58:36.067-0400] {processor.py:186} INFO - Started process (PID=14685) to work on /Users/pranavr/.pyenv/versions/3.11.6/lib/python3.11/site-packages/airflow/example_dags/example_branch_datetime_operator.py
[2025-06-13T14:58:36.069-0400] {processor.py:914} INFO - Processing file /Users/pranavr/.pyenv/versions/3.11.6/lib/python3.11/site-packages/airflow/example_dags/example_branch_datetime_operator.py for tasks to queue
[2025-06-13T14:58:36.070-0400] {logging_mixin.py:190} INFO - [2025-06-13T14:58:36.070-0400] {dagbag.py:588} INFO - Filling up the DagBag from /Users/pranavr/.pyenv/versions/3.11.6/lib/python3.11/site-packages/airflow/example_dags/example_branch_datetime_operator.py
[2025-06-13T14:58:36.077-0400] {processor.py:925} INFO - DAG(s) 'example_branch_datetime_operator', 'example_branch_datetime_operator_3', 'example_branch_datetime_operator_2' retrieved from /Users/pranavr/.pyenv/versions/3.11.6/lib/python3.11/site-packages/airflow/example_dags/example_branch_datetime_operator.py
[2025-06-13T14:58:36.162-0400] {logging_mixin.py:190} INFO - [2025-06-13T14:58:36.162-0400] {dag.py:3239} INFO - Sync 3 DAGs
[2025-06-13T14:58:36.170-0400] {logging_mixin.py:190} INFO - [2025-06-13T14:58:36.170-0400] {dag.py:4180} INFO - Setting next_dagrun for example_branch_datetime_operator to 2025-06-12T00:00:00+00:00, run_after=2025-06-13T00:00:00+00:00
[2025-06-13T14:58:36.172-0400] {logging_mixin.py:190} INFO - [2025-06-13T14:58:36.172-0400] {dag.py:4180} INFO - Setting next_dagrun for example_branch_datetime_operator_2 to 2025-06-12T00:00:00+00:00, run_after=2025-06-13T00:00:00+00:00
[2025-06-13T14:58:36.173-0400] {logging_mixin.py:190} INFO - [2025-06-13T14:58:36.172-0400] {dag.py:4180} INFO - Setting next_dagrun for example_branch_datetime_operator_3 to 2025-06-12T00:00:00+00:00, run_after=2025-06-13T00:00:00+00:00
[2025-06-13T14:58:36.180-0400] {processor.py:208} INFO - Processing /Users/pranavr/.pyenv/versions/3.11.6/lib/python3.11/site-packages/airflow/example_dags/example_branch_datetime_operator.py took 114.359 seconds
[2025-06-13T15:02:04.979-0400] {processor.py:186} INFO - Started process (PID=15232) to work on /Users/pranavr/.pyenv/versions/3.11.6/lib/python3.11/site-packages/airflow/example_dags/example_branch_datetime_operator.py
[2025-06-13T15:02:04.981-0400] {processor.py:914} INFO - Processing file /Users/pranavr/.pyenv/versions/3.11.6/lib/python3.11/site-packages/airflow/example_dags/example_branch_datetime_operator.py for tasks to queue
[2025-06-13T15:02:04.982-0400] {logging_mixin.py:190} INFO - [2025-06-13T15:02:04.982-0400] {dagbag.py:588} INFO - Filling up the DagBag from /Users/pranavr/.pyenv/versions/3.11.6/lib/python3.11/site-packages/airflow/example_dags/example_branch_datetime_operator.py
[2025-06-13T15:02:04.990-0400] {processor.py:925} INFO - DAG(s) 'example_branch_datetime_operator_3', 'example_branch_datetime_operator', 'example_branch_datetime_operator_2' retrieved from /Users/pranavr/.pyenv/versions/3.11.6/lib/python3.11/site-packages/airflow/example_dags/example_branch_datetime_operator.py
[2025-06-13T15:02:05.066-0400] {logging_mixin.py:190} INFO - [2025-06-13T15:02:05.066-0400] {dag.py:3239} INFO - Sync 3 DAGs
[2025-06-13T15:02:05.075-0400] {logging_mixin.py:190} INFO - [2025-06-13T15:02:05.075-0400] {dag.py:4180} INFO - Setting next_dagrun for example_branch_datetime_operator to 2025-06-12T00:00:00+00:00, run_after=2025-06-13T00:00:00+00:00
[2025-06-13T15:02:05.077-0400] {logging_mixin.py:190} INFO - [2025-06-13T15:02:05.077-0400] {dag.py:4180} INFO - Setting next_dagrun for example_branch_datetime_operator_2 to 2025-06-12T00:00:00+00:00, run_after=2025-06-13T00:00:00+00:00
[2025-06-13T15:02:05.078-0400] {logging_mixin.py:190} INFO - [2025-06-13T15:02:05.078-0400] {dag.py:4180} INFO - Setting next_dagrun for example_branch_datetime_operator_3 to 2025-06-12T00:00:00+00:00, run_after=2025-06-13T00:00:00+00:00
[2025-06-13T15:02:05.084-0400] {processor.py:208} INFO - Processing /Users/pranavr/.pyenv/versions/3.11.6/lib/python3.11/site-packages/airflow/example_dags/example_branch_datetime_operator.py took 106.542 seconds
