[2025-06-13T14:22:59.246-0400] {processor.py:186} INFO - Started process (PID=7774) to work on /Users/pranavr/.pyenv/versions/3.11.6/lib/python3.11/site-packages/airflow/example_dags/example_dataset_alias.py
[2025-06-13T14:22:59.248-0400] {processor.py:914} INFO - Processing file /Users/pranavr/.pyenv/versions/3.11.6/lib/python3.11/site-packages/airflow/example_dags/example_dataset_alias.py for tasks to queue
[2025-06-13T14:22:59.249-0400] {logging_mixin.py:190} INFO - [2025-06-13T14:22:59.249-0400] {dagbag.py:588} INFO - Filling up the DagBag from /Users/pranavr/.pyenv/versions/3.11.6/lib/python3.11/site-packages/airflow/example_dags/example_dataset_alias.py
[2025-06-13T14:22:59.364-0400] {processor.py:925} INFO - DAG(s) 'dataset_alias_example_alias_producer', 'dataset_s3_bucket_producer', 'dataset_s3_bucket_consumer', 'dataset_alias_example_alias_consumer' retrieved from /Users/pranavr/.pyenv/versions/3.11.6/lib/python3.11/site-packages/airflow/example_dags/example_dataset_alias.py
[2025-06-13T14:22:59.428-0400] {logging_mixin.py:190} INFO - [2025-06-13T14:22:59.428-0400] {dag.py:3239} INFO - Sync 4 DAGs
[2025-06-13T14:22:59.436-0400] {logging_mixin.py:190} INFO - [2025-06-13T14:22:59.436-0400] {dag.py:4180} INFO - Setting next_dagrun for dataset_alias_example_alias_consumer to None, run_after=None
[2025-06-13T14:22:59.437-0400] {logging_mixin.py:190} INFO - [2025-06-13T14:22:59.437-0400] {dag.py:4180} INFO - Setting next_dagrun for dataset_alias_example_alias_producer to None, run_after=None
[2025-06-13T14:22:59.437-0400] {logging_mixin.py:190} INFO - [2025-06-13T14:22:59.437-0400] {dag.py:4180} INFO - Setting next_dagrun for dataset_s3_bucket_consumer to None, run_after=None
[2025-06-13T14:22:59.438-0400] {logging_mixin.py:190} INFO - [2025-06-13T14:22:59.438-0400] {dag.py:4180} INFO - Setting next_dagrun for dataset_s3_bucket_producer to None, run_after=None
[2025-06-13T14:22:59.449-0400] {processor.py:208} INFO - Processing /Users/pranavr/.pyenv/versions/3.11.6/lib/python3.11/site-packages/airflow/example_dags/example_dataset_alias.py took 204.110 seconds
[2025-06-13T14:26:02.138-0400] {processor.py:186} INFO - Started process (PID=8029) to work on /Users/pranavr/.pyenv/versions/3.11.6/lib/python3.11/site-packages/airflow/example_dags/example_dataset_alias.py
[2025-06-13T14:26:02.141-0400] {processor.py:914} INFO - Processing file /Users/pranavr/.pyenv/versions/3.11.6/lib/python3.11/site-packages/airflow/example_dags/example_dataset_alias.py for tasks to queue
[2025-06-13T14:26:02.142-0400] {logging_mixin.py:190} INFO - [2025-06-13T14:26:02.142-0400] {dagbag.py:588} INFO - Filling up the DagBag from /Users/pranavr/.pyenv/versions/3.11.6/lib/python3.11/site-packages/airflow/example_dags/example_dataset_alias.py
[2025-06-13T14:26:02.254-0400] {processor.py:925} INFO - DAG(s) 'dataset_alias_example_alias_consumer', 'dataset_s3_bucket_consumer', 'dataset_alias_example_alias_producer', 'dataset_s3_bucket_producer' retrieved from /Users/pranavr/.pyenv/versions/3.11.6/lib/python3.11/site-packages/airflow/example_dags/example_dataset_alias.py
[2025-06-13T14:26:02.269-0400] {logging_mixin.py:190} INFO - [2025-06-13T14:26:02.268-0400] {dag.py:3239} INFO - Sync 4 DAGs
[2025-06-13T14:26:02.277-0400] {logging_mixin.py:190} INFO - [2025-06-13T14:26:02.277-0400] {dag.py:4180} INFO - Setting next_dagrun for dataset_alias_example_alias_consumer to None, run_after=None
[2025-06-13T14:26:02.278-0400] {logging_mixin.py:190} INFO - [2025-06-13T14:26:02.278-0400] {dag.py:4180} INFO - Setting next_dagrun for dataset_alias_example_alias_producer to None, run_after=None
[2025-06-13T14:26:02.278-0400] {logging_mixin.py:190} INFO - [2025-06-13T14:26:02.278-0400] {dag.py:4180} INFO - Setting next_dagrun for dataset_s3_bucket_consumer to None, run_after=None
[2025-06-13T14:26:02.279-0400] {logging_mixin.py:190} INFO - [2025-06-13T14:26:02.279-0400] {dag.py:4180} INFO - Setting next_dagrun for dataset_s3_bucket_producer to None, run_after=None
[2025-06-13T14:26:02.288-0400] {processor.py:208} INFO - Processing /Users/pranavr/.pyenv/versions/3.11.6/lib/python3.11/site-packages/airflow/example_dags/example_dataset_alias.py took 152.741 seconds
[2025-06-13T14:29:05.665-0400] {processor.py:186} INFO - Started process (PID=8855) to work on /Users/pranavr/.pyenv/versions/3.11.6/lib/python3.11/site-packages/airflow/example_dags/example_dataset_alias.py
[2025-06-13T14:29:05.667-0400] {processor.py:914} INFO - Processing file /Users/pranavr/.pyenv/versions/3.11.6/lib/python3.11/site-packages/airflow/example_dags/example_dataset_alias.py for tasks to queue
[2025-06-13T14:29:05.668-0400] {logging_mixin.py:190} INFO - [2025-06-13T14:29:05.668-0400] {dagbag.py:588} INFO - Filling up the DagBag from /Users/pranavr/.pyenv/versions/3.11.6/lib/python3.11/site-packages/airflow/example_dags/example_dataset_alias.py
[2025-06-13T14:29:05.792-0400] {processor.py:925} INFO - DAG(s) 'dataset_alias_example_alias_producer', 'dataset_alias_example_alias_consumer', 'dataset_s3_bucket_consumer', 'dataset_s3_bucket_producer' retrieved from /Users/pranavr/.pyenv/versions/3.11.6/lib/python3.11/site-packages/airflow/example_dags/example_dataset_alias.py
[2025-06-13T14:29:05.804-0400] {logging_mixin.py:190} INFO - [2025-06-13T14:29:05.804-0400] {dag.py:3239} INFO - Sync 4 DAGs
[2025-06-13T14:29:05.812-0400] {logging_mixin.py:190} INFO - [2025-06-13T14:29:05.812-0400] {dag.py:4180} INFO - Setting next_dagrun for dataset_alias_example_alias_consumer to None, run_after=None
[2025-06-13T14:29:05.813-0400] {logging_mixin.py:190} INFO - [2025-06-13T14:29:05.813-0400] {dag.py:4180} INFO - Setting next_dagrun for dataset_alias_example_alias_producer to None, run_after=None
[2025-06-13T14:29:05.813-0400] {logging_mixin.py:190} INFO - [2025-06-13T14:29:05.813-0400] {dag.py:4180} INFO - Setting next_dagrun for dataset_s3_bucket_consumer to None, run_after=None
[2025-06-13T14:29:05.813-0400] {logging_mixin.py:190} INFO - [2025-06-13T14:29:05.813-0400] {dag.py:4180} INFO - Setting next_dagrun for dataset_s3_bucket_producer to None, run_after=None
[2025-06-13T14:29:05.824-0400] {processor.py:208} INFO - Processing /Users/pranavr/.pyenv/versions/3.11.6/lib/python3.11/site-packages/airflow/example_dags/example_dataset_alias.py took 161.017 seconds
[2025-06-13T14:32:03.704-0400] {processor.py:186} INFO - Started process (PID=9466) to work on /Users/pranavr/.pyenv/versions/3.11.6/lib/python3.11/site-packages/airflow/example_dags/example_dataset_alias.py
[2025-06-13T14:32:03.706-0400] {processor.py:914} INFO - Processing file /Users/pranavr/.pyenv/versions/3.11.6/lib/python3.11/site-packages/airflow/example_dags/example_dataset_alias.py for tasks to queue
[2025-06-13T14:32:03.707-0400] {logging_mixin.py:190} INFO - [2025-06-13T14:32:03.707-0400] {dagbag.py:588} INFO - Filling up the DagBag from /Users/pranavr/.pyenv/versions/3.11.6/lib/python3.11/site-packages/airflow/example_dags/example_dataset_alias.py
[2025-06-13T14:32:03.823-0400] {processor.py:925} INFO - DAG(s) 'dataset_s3_bucket_producer', 'dataset_alias_example_alias_producer', 'dataset_alias_example_alias_consumer', 'dataset_s3_bucket_consumer' retrieved from /Users/pranavr/.pyenv/versions/3.11.6/lib/python3.11/site-packages/airflow/example_dags/example_dataset_alias.py
[2025-06-13T14:32:03.839-0400] {logging_mixin.py:190} INFO - [2025-06-13T14:32:03.839-0400] {dag.py:3239} INFO - Sync 4 DAGs
[2025-06-13T14:32:03.848-0400] {logging_mixin.py:190} INFO - [2025-06-13T14:32:03.848-0400] {dag.py:4180} INFO - Setting next_dagrun for dataset_alias_example_alias_consumer to None, run_after=None
[2025-06-13T14:32:03.849-0400] {logging_mixin.py:190} INFO - [2025-06-13T14:32:03.849-0400] {dag.py:4180} INFO - Setting next_dagrun for dataset_alias_example_alias_producer to None, run_after=None
[2025-06-13T14:32:03.850-0400] {logging_mixin.py:190} INFO - [2025-06-13T14:32:03.849-0400] {dag.py:4180} INFO - Setting next_dagrun for dataset_s3_bucket_consumer to None, run_after=None
[2025-06-13T14:32:03.850-0400] {logging_mixin.py:190} INFO - [2025-06-13T14:32:03.850-0400] {dag.py:4180} INFO - Setting next_dagrun for dataset_s3_bucket_producer to None, run_after=None
[2025-06-13T14:32:03.860-0400] {processor.py:208} INFO - Processing /Users/pranavr/.pyenv/versions/3.11.6/lib/python3.11/site-packages/airflow/example_dags/example_dataset_alias.py took 157.482 seconds
[2025-06-13T14:35:09.265-0400] {processor.py:186} INFO - Started process (PID=10139) to work on /Users/pranavr/.pyenv/versions/3.11.6/lib/python3.11/site-packages/airflow/example_dags/example_dataset_alias.py
[2025-06-13T14:35:09.268-0400] {processor.py:914} INFO - Processing file /Users/pranavr/.pyenv/versions/3.11.6/lib/python3.11/site-packages/airflow/example_dags/example_dataset_alias.py for tasks to queue
[2025-06-13T14:35:09.269-0400] {logging_mixin.py:190} INFO - [2025-06-13T14:35:09.269-0400] {dagbag.py:588} INFO - Filling up the DagBag from /Users/pranavr/.pyenv/versions/3.11.6/lib/python3.11/site-packages/airflow/example_dags/example_dataset_alias.py
[2025-06-13T14:35:09.382-0400] {processor.py:925} INFO - DAG(s) 'dataset_s3_bucket_consumer', 'dataset_alias_example_alias_producer', 'dataset_alias_example_alias_consumer', 'dataset_s3_bucket_producer' retrieved from /Users/pranavr/.pyenv/versions/3.11.6/lib/python3.11/site-packages/airflow/example_dags/example_dataset_alias.py
[2025-06-13T14:35:09.396-0400] {logging_mixin.py:190} INFO - [2025-06-13T14:35:09.396-0400] {dag.py:3239} INFO - Sync 4 DAGs
[2025-06-13T14:35:09.404-0400] {logging_mixin.py:190} INFO - [2025-06-13T14:35:09.404-0400] {dag.py:4180} INFO - Setting next_dagrun for dataset_alias_example_alias_consumer to None, run_after=None
[2025-06-13T14:35:09.405-0400] {logging_mixin.py:190} INFO - [2025-06-13T14:35:09.405-0400] {dag.py:4180} INFO - Setting next_dagrun for dataset_alias_example_alias_producer to None, run_after=None
[2025-06-13T14:35:09.406-0400] {logging_mixin.py:190} INFO - [2025-06-13T14:35:09.405-0400] {dag.py:4180} INFO - Setting next_dagrun for dataset_s3_bucket_consumer to None, run_after=None
[2025-06-13T14:35:09.406-0400] {logging_mixin.py:190} INFO - [2025-06-13T14:35:09.406-0400] {dag.py:4180} INFO - Setting next_dagrun for dataset_s3_bucket_producer to None, run_after=None
[2025-06-13T14:35:09.416-0400] {processor.py:208} INFO - Processing /Users/pranavr/.pyenv/versions/3.11.6/lib/python3.11/site-packages/airflow/example_dags/example_dataset_alias.py took 152.578 seconds
[2025-06-13T14:38:08.708-0400] {processor.py:186} INFO - Started process (PID=11177) to work on /Users/pranavr/.pyenv/versions/3.11.6/lib/python3.11/site-packages/airflow/example_dags/example_dataset_alias.py
[2025-06-13T14:38:08.710-0400] {processor.py:914} INFO - Processing file /Users/pranavr/.pyenv/versions/3.11.6/lib/python3.11/site-packages/airflow/example_dags/example_dataset_alias.py for tasks to queue
[2025-06-13T14:38:08.711-0400] {logging_mixin.py:190} INFO - [2025-06-13T14:38:08.711-0400] {dagbag.py:588} INFO - Filling up the DagBag from /Users/pranavr/.pyenv/versions/3.11.6/lib/python3.11/site-packages/airflow/example_dags/example_dataset_alias.py
[2025-06-13T14:38:08.828-0400] {processor.py:925} INFO - DAG(s) 'dataset_s3_bucket_producer', 'dataset_alias_example_alias_consumer', 'dataset_s3_bucket_consumer', 'dataset_alias_example_alias_producer' retrieved from /Users/pranavr/.pyenv/versions/3.11.6/lib/python3.11/site-packages/airflow/example_dags/example_dataset_alias.py
[2025-06-13T14:38:08.845-0400] {logging_mixin.py:190} INFO - [2025-06-13T14:38:08.845-0400] {dag.py:3239} INFO - Sync 4 DAGs
[2025-06-13T14:38:08.854-0400] {logging_mixin.py:190} INFO - [2025-06-13T14:38:08.854-0400] {dag.py:4180} INFO - Setting next_dagrun for dataset_alias_example_alias_consumer to None, run_after=None
[2025-06-13T14:38:08.855-0400] {logging_mixin.py:190} INFO - [2025-06-13T14:38:08.855-0400] {dag.py:4180} INFO - Setting next_dagrun for dataset_alias_example_alias_producer to None, run_after=None
[2025-06-13T14:38:08.855-0400] {logging_mixin.py:190} INFO - [2025-06-13T14:38:08.855-0400] {dag.py:4180} INFO - Setting next_dagrun for dataset_s3_bucket_consumer to None, run_after=None
[2025-06-13T14:38:08.856-0400] {logging_mixin.py:190} INFO - [2025-06-13T14:38:08.856-0400] {dag.py:4180} INFO - Setting next_dagrun for dataset_s3_bucket_producer to None, run_after=None
[2025-06-13T14:38:08.864-0400] {processor.py:208} INFO - Processing /Users/pranavr/.pyenv/versions/3.11.6/lib/python3.11/site-packages/airflow/example_dags/example_dataset_alias.py took 159.375 seconds
[2025-06-13T14:40:51.244-0400] {processor.py:186} INFO - Started process (PID=11694) to work on /Users/pranavr/.pyenv/versions/3.11.6/lib/python3.11/site-packages/airflow/example_dags/example_dataset_alias.py
[2025-06-13T14:40:51.247-0400] {processor.py:914} INFO - Processing file /Users/pranavr/.pyenv/versions/3.11.6/lib/python3.11/site-packages/airflow/example_dags/example_dataset_alias.py for tasks to queue
[2025-06-13T14:40:51.247-0400] {logging_mixin.py:190} INFO - [2025-06-13T14:40:51.247-0400] {dagbag.py:588} INFO - Filling up the DagBag from /Users/pranavr/.pyenv/versions/3.11.6/lib/python3.11/site-packages/airflow/example_dags/example_dataset_alias.py
[2025-06-13T14:40:51.332-0400] {processor.py:925} INFO - DAG(s) 'dataset_s3_bucket_consumer', 'dataset_alias_example_alias_consumer', 'dataset_s3_bucket_producer', 'dataset_alias_example_alias_producer' retrieved from /Users/pranavr/.pyenv/versions/3.11.6/lib/python3.11/site-packages/airflow/example_dags/example_dataset_alias.py
[2025-06-13T14:40:51.343-0400] {logging_mixin.py:190} INFO - [2025-06-13T14:40:51.343-0400] {dag.py:3239} INFO - Sync 4 DAGs
[2025-06-13T14:40:51.349-0400] {logging_mixin.py:190} INFO - [2025-06-13T14:40:51.349-0400] {dag.py:4180} INFO - Setting next_dagrun for dataset_alias_example_alias_consumer to None, run_after=None
[2025-06-13T14:40:51.350-0400] {logging_mixin.py:190} INFO - [2025-06-13T14:40:51.350-0400] {dag.py:4180} INFO - Setting next_dagrun for dataset_alias_example_alias_producer to None, run_after=None
[2025-06-13T14:40:51.350-0400] {logging_mixin.py:190} INFO - [2025-06-13T14:40:51.350-0400] {dag.py:4180} INFO - Setting next_dagrun for dataset_s3_bucket_consumer to None, run_after=None
[2025-06-13T14:40:51.350-0400] {logging_mixin.py:190} INFO - [2025-06-13T14:40:51.350-0400] {dag.py:4180} INFO - Setting next_dagrun for dataset_s3_bucket_producer to None, run_after=None
[2025-06-13T14:40:51.358-0400] {processor.py:208} INFO - Processing /Users/pranavr/.pyenv/versions/3.11.6/lib/python3.11/site-packages/airflow/example_dags/example_dataset_alias.py took 115.288 seconds
[2025-06-13T14:43:20.454-0400] {processor.py:186} INFO - Started process (PID=11949) to work on /Users/pranavr/.pyenv/versions/3.11.6/lib/python3.11/site-packages/airflow/example_dags/example_dataset_alias.py
[2025-06-13T14:43:20.456-0400] {processor.py:914} INFO - Processing file /Users/pranavr/.pyenv/versions/3.11.6/lib/python3.11/site-packages/airflow/example_dags/example_dataset_alias.py for tasks to queue
[2025-06-13T14:43:20.456-0400] {logging_mixin.py:190} INFO - [2025-06-13T14:43:20.456-0400] {dagbag.py:588} INFO - Filling up the DagBag from /Users/pranavr/.pyenv/versions/3.11.6/lib/python3.11/site-packages/airflow/example_dags/example_dataset_alias.py
[2025-06-13T14:43:20.548-0400] {processor.py:925} INFO - DAG(s) 'dataset_s3_bucket_producer', 'dataset_alias_example_alias_producer', 'dataset_s3_bucket_consumer', 'dataset_alias_example_alias_consumer' retrieved from /Users/pranavr/.pyenv/versions/3.11.6/lib/python3.11/site-packages/airflow/example_dags/example_dataset_alias.py
[2025-06-13T14:43:20.558-0400] {logging_mixin.py:190} INFO - [2025-06-13T14:43:20.558-0400] {dag.py:3239} INFO - Sync 4 DAGs
[2025-06-13T14:43:20.565-0400] {logging_mixin.py:190} INFO - [2025-06-13T14:43:20.565-0400] {dag.py:4180} INFO - Setting next_dagrun for dataset_alias_example_alias_consumer to None, run_after=None
[2025-06-13T14:43:20.565-0400] {logging_mixin.py:190} INFO - [2025-06-13T14:43:20.565-0400] {dag.py:4180} INFO - Setting next_dagrun for dataset_alias_example_alias_producer to None, run_after=None
[2025-06-13T14:43:20.566-0400] {logging_mixin.py:190} INFO - [2025-06-13T14:43:20.566-0400] {dag.py:4180} INFO - Setting next_dagrun for dataset_s3_bucket_consumer to None, run_after=None
[2025-06-13T14:43:20.566-0400] {logging_mixin.py:190} INFO - [2025-06-13T14:43:20.566-0400] {dag.py:4180} INFO - Setting next_dagrun for dataset_s3_bucket_producer to None, run_after=None
[2025-06-13T14:43:20.574-0400] {processor.py:208} INFO - Processing /Users/pranavr/.pyenv/versions/3.11.6/lib/python3.11/site-packages/airflow/example_dags/example_dataset_alias.py took 121.037 seconds
[2025-06-13T14:45:45.360-0400] {processor.py:186} INFO - Started process (PID=12241) to work on /Users/pranavr/.pyenv/versions/3.11.6/lib/python3.11/site-packages/airflow/example_dags/example_dataset_alias.py
[2025-06-13T14:45:45.362-0400] {processor.py:914} INFO - Processing file /Users/pranavr/.pyenv/versions/3.11.6/lib/python3.11/site-packages/airflow/example_dags/example_dataset_alias.py for tasks to queue
[2025-06-13T14:45:45.362-0400] {logging_mixin.py:190} INFO - [2025-06-13T14:45:45.362-0400] {dagbag.py:588} INFO - Filling up the DagBag from /Users/pranavr/.pyenv/versions/3.11.6/lib/python3.11/site-packages/airflow/example_dags/example_dataset_alias.py
[2025-06-13T14:45:45.447-0400] {processor.py:925} INFO - DAG(s) 'dataset_s3_bucket_consumer', 'dataset_alias_example_alias_producer', 'dataset_alias_example_alias_consumer', 'dataset_s3_bucket_producer' retrieved from /Users/pranavr/.pyenv/versions/3.11.6/lib/python3.11/site-packages/airflow/example_dags/example_dataset_alias.py
[2025-06-13T14:45:45.457-0400] {logging_mixin.py:190} INFO - [2025-06-13T14:45:45.456-0400] {dag.py:3239} INFO - Sync 4 DAGs
[2025-06-13T14:45:45.463-0400] {logging_mixin.py:190} INFO - [2025-06-13T14:45:45.463-0400] {dag.py:4180} INFO - Setting next_dagrun for dataset_alias_example_alias_consumer to None, run_after=None
[2025-06-13T14:45:45.464-0400] {logging_mixin.py:190} INFO - [2025-06-13T14:45:45.464-0400] {dag.py:4180} INFO - Setting next_dagrun for dataset_alias_example_alias_producer to None, run_after=None
[2025-06-13T14:45:45.464-0400] {logging_mixin.py:190} INFO - [2025-06-13T14:45:45.464-0400] {dag.py:4180} INFO - Setting next_dagrun for dataset_s3_bucket_consumer to None, run_after=None
[2025-06-13T14:45:45.464-0400] {logging_mixin.py:190} INFO - [2025-06-13T14:45:45.464-0400] {dag.py:4180} INFO - Setting next_dagrun for dataset_s3_bucket_producer to None, run_after=None
[2025-06-13T14:45:45.472-0400] {processor.py:208} INFO - Processing /Users/pranavr/.pyenv/versions/3.11.6/lib/python3.11/site-packages/airflow/example_dags/example_dataset_alias.py took 112.850 seconds
[2025-06-13T14:48:12.130-0400] {processor.py:186} INFO - Started process (PID=12476) to work on /Users/pranavr/.pyenv/versions/3.11.6/lib/python3.11/site-packages/airflow/example_dags/example_dataset_alias.py
[2025-06-13T14:48:12.132-0400] {processor.py:914} INFO - Processing file /Users/pranavr/.pyenv/versions/3.11.6/lib/python3.11/site-packages/airflow/example_dags/example_dataset_alias.py for tasks to queue
[2025-06-13T14:48:12.132-0400] {logging_mixin.py:190} INFO - [2025-06-13T14:48:12.132-0400] {dagbag.py:588} INFO - Filling up the DagBag from /Users/pranavr/.pyenv/versions/3.11.6/lib/python3.11/site-packages/airflow/example_dags/example_dataset_alias.py
[2025-06-13T14:48:12.221-0400] {processor.py:925} INFO - DAG(s) 'dataset_s3_bucket_consumer', 'dataset_alias_example_alias_consumer', 'dataset_s3_bucket_producer', 'dataset_alias_example_alias_producer' retrieved from /Users/pranavr/.pyenv/versions/3.11.6/lib/python3.11/site-packages/airflow/example_dags/example_dataset_alias.py
[2025-06-13T14:48:12.231-0400] {logging_mixin.py:190} INFO - [2025-06-13T14:48:12.231-0400] {dag.py:3239} INFO - Sync 4 DAGs
[2025-06-13T14:48:12.237-0400] {logging_mixin.py:190} INFO - [2025-06-13T14:48:12.237-0400] {dag.py:4180} INFO - Setting next_dagrun for dataset_alias_example_alias_consumer to None, run_after=None
[2025-06-13T14:48:12.238-0400] {logging_mixin.py:190} INFO - [2025-06-13T14:48:12.238-0400] {dag.py:4180} INFO - Setting next_dagrun for dataset_alias_example_alias_producer to None, run_after=None
[2025-06-13T14:48:12.238-0400] {logging_mixin.py:190} INFO - [2025-06-13T14:48:12.238-0400] {dag.py:4180} INFO - Setting next_dagrun for dataset_s3_bucket_consumer to None, run_after=None
[2025-06-13T14:48:12.239-0400] {logging_mixin.py:190} INFO - [2025-06-13T14:48:12.239-0400] {dag.py:4180} INFO - Setting next_dagrun for dataset_s3_bucket_producer to None, run_after=None
[2025-06-13T14:48:12.247-0400] {processor.py:208} INFO - Processing /Users/pranavr/.pyenv/versions/3.11.6/lib/python3.11/site-packages/airflow/example_dags/example_dataset_alias.py took 117.716 seconds
[2025-06-13T14:50:39.603-0400] {processor.py:186} INFO - Started process (PID=12718) to work on /Users/pranavr/.pyenv/versions/3.11.6/lib/python3.11/site-packages/airflow/example_dags/example_dataset_alias.py
[2025-06-13T14:50:39.606-0400] {processor.py:914} INFO - Processing file /Users/pranavr/.pyenv/versions/3.11.6/lib/python3.11/site-packages/airflow/example_dags/example_dataset_alias.py for tasks to queue
[2025-06-13T14:50:39.606-0400] {logging_mixin.py:190} INFO - [2025-06-13T14:50:39.606-0400] {dagbag.py:588} INFO - Filling up the DagBag from /Users/pranavr/.pyenv/versions/3.11.6/lib/python3.11/site-packages/airflow/example_dags/example_dataset_alias.py
[2025-06-13T14:50:39.688-0400] {processor.py:925} INFO - DAG(s) 'dataset_s3_bucket_producer', 'dataset_alias_example_alias_producer', 'dataset_s3_bucket_consumer', 'dataset_alias_example_alias_consumer' retrieved from /Users/pranavr/.pyenv/versions/3.11.6/lib/python3.11/site-packages/airflow/example_dags/example_dataset_alias.py
[2025-06-13T14:50:39.697-0400] {logging_mixin.py:190} INFO - [2025-06-13T14:50:39.697-0400] {dag.py:3239} INFO - Sync 4 DAGs
[2025-06-13T14:50:39.703-0400] {logging_mixin.py:190} INFO - [2025-06-13T14:50:39.703-0400] {dag.py:4180} INFO - Setting next_dagrun for dataset_alias_example_alias_consumer to None, run_after=None
[2025-06-13T14:50:39.704-0400] {logging_mixin.py:190} INFO - [2025-06-13T14:50:39.704-0400] {dag.py:4180} INFO - Setting next_dagrun for dataset_alias_example_alias_producer to None, run_after=None
[2025-06-13T14:50:39.704-0400] {logging_mixin.py:190} INFO - [2025-06-13T14:50:39.704-0400] {dag.py:4180} INFO - Setting next_dagrun for dataset_s3_bucket_consumer to None, run_after=None
[2025-06-13T14:50:39.705-0400] {logging_mixin.py:190} INFO - [2025-06-13T14:50:39.705-0400] {dag.py:4180} INFO - Setting next_dagrun for dataset_s3_bucket_producer to None, run_after=None
[2025-06-13T14:50:39.712-0400] {processor.py:208} INFO - Processing /Users/pranavr/.pyenv/versions/3.11.6/lib/python3.11/site-packages/airflow/example_dags/example_dataset_alias.py took 109.797 seconds
[2025-06-13T14:53:09.456-0400] {processor.py:186} INFO - Started process (PID=14066) to work on /Users/pranavr/.pyenv/versions/3.11.6/lib/python3.11/site-packages/airflow/example_dags/example_dataset_alias.py
[2025-06-13T14:53:09.458-0400] {processor.py:914} INFO - Processing file /Users/pranavr/.pyenv/versions/3.11.6/lib/python3.11/site-packages/airflow/example_dags/example_dataset_alias.py for tasks to queue
[2025-06-13T14:53:09.458-0400] {logging_mixin.py:190} INFO - [2025-06-13T14:53:09.458-0400] {dagbag.py:588} INFO - Filling up the DagBag from /Users/pranavr/.pyenv/versions/3.11.6/lib/python3.11/site-packages/airflow/example_dags/example_dataset_alias.py
[2025-06-13T14:53:09.552-0400] {processor.py:925} INFO - DAG(s) 'dataset_alias_example_alias_producer', 'dataset_alias_example_alias_consumer', 'dataset_s3_bucket_producer', 'dataset_s3_bucket_consumer' retrieved from /Users/pranavr/.pyenv/versions/3.11.6/lib/python3.11/site-packages/airflow/example_dags/example_dataset_alias.py
[2025-06-13T14:53:09.563-0400] {logging_mixin.py:190} INFO - [2025-06-13T14:53:09.563-0400] {dag.py:3239} INFO - Sync 4 DAGs
[2025-06-13T14:53:09.570-0400] {logging_mixin.py:190} INFO - [2025-06-13T14:53:09.570-0400] {dag.py:4180} INFO - Setting next_dagrun for dataset_alias_example_alias_consumer to None, run_after=None
[2025-06-13T14:53:09.571-0400] {logging_mixin.py:190} INFO - [2025-06-13T14:53:09.571-0400] {dag.py:4180} INFO - Setting next_dagrun for dataset_alias_example_alias_producer to None, run_after=None
[2025-06-13T14:53:09.571-0400] {logging_mixin.py:190} INFO - [2025-06-13T14:53:09.571-0400] {dag.py:4180} INFO - Setting next_dagrun for dataset_s3_bucket_consumer to None, run_after=None
[2025-06-13T14:53:09.572-0400] {logging_mixin.py:190} INFO - [2025-06-13T14:53:09.572-0400] {dag.py:4180} INFO - Setting next_dagrun for dataset_s3_bucket_producer to None, run_after=None
[2025-06-13T14:53:09.580-0400] {processor.py:208} INFO - Processing /Users/pranavr/.pyenv/versions/3.11.6/lib/python3.11/site-packages/airflow/example_dags/example_dataset_alias.py took 125.413 seconds
[2025-06-13T14:55:44.953-0400] {processor.py:186} INFO - Started process (PID=14292) to work on /Users/pranavr/.pyenv/versions/3.11.6/lib/python3.11/site-packages/airflow/example_dags/example_dataset_alias.py
[2025-06-13T14:55:44.955-0400] {processor.py:914} INFO - Processing file /Users/pranavr/.pyenv/versions/3.11.6/lib/python3.11/site-packages/airflow/example_dags/example_dataset_alias.py for tasks to queue
[2025-06-13T14:55:44.956-0400] {logging_mixin.py:190} INFO - [2025-06-13T14:55:44.956-0400] {dagbag.py:588} INFO - Filling up the DagBag from /Users/pranavr/.pyenv/versions/3.11.6/lib/python3.11/site-packages/airflow/example_dags/example_dataset_alias.py
[2025-06-13T14:55:45.044-0400] {processor.py:925} INFO - DAG(s) 'dataset_alias_example_alias_producer', 'dataset_s3_bucket_consumer', 'dataset_alias_example_alias_consumer', 'dataset_s3_bucket_producer' retrieved from /Users/pranavr/.pyenv/versions/3.11.6/lib/python3.11/site-packages/airflow/example_dags/example_dataset_alias.py
[2025-06-13T14:55:45.053-0400] {logging_mixin.py:190} INFO - [2025-06-13T14:55:45.053-0400] {dag.py:3239} INFO - Sync 4 DAGs
[2025-06-13T14:55:45.060-0400] {logging_mixin.py:190} INFO - [2025-06-13T14:55:45.060-0400] {dag.py:4180} INFO - Setting next_dagrun for dataset_alias_example_alias_consumer to None, run_after=None
[2025-06-13T14:55:45.061-0400] {logging_mixin.py:190} INFO - [2025-06-13T14:55:45.060-0400] {dag.py:4180} INFO - Setting next_dagrun for dataset_alias_example_alias_producer to None, run_after=None
[2025-06-13T14:55:45.061-0400] {logging_mixin.py:190} INFO - [2025-06-13T14:55:45.061-0400] {dag.py:4180} INFO - Setting next_dagrun for dataset_s3_bucket_consumer to None, run_after=None
[2025-06-13T14:55:45.061-0400] {logging_mixin.py:190} INFO - [2025-06-13T14:55:45.061-0400] {dag.py:4180} INFO - Setting next_dagrun for dataset_s3_bucket_producer to None, run_after=None
[2025-06-13T14:55:45.068-0400] {processor.py:208} INFO - Processing /Users/pranavr/.pyenv/versions/3.11.6/lib/python3.11/site-packages/airflow/example_dags/example_dataset_alias.py took 116.556 seconds
[2025-06-13T14:58:20.111-0400] {processor.py:186} INFO - Started process (PID=14667) to work on /Users/pranavr/.pyenv/versions/3.11.6/lib/python3.11/site-packages/airflow/example_dags/example_dataset_alias.py
[2025-06-13T14:58:20.113-0400] {processor.py:914} INFO - Processing file /Users/pranavr/.pyenv/versions/3.11.6/lib/python3.11/site-packages/airflow/example_dags/example_dataset_alias.py for tasks to queue
[2025-06-13T14:58:20.114-0400] {logging_mixin.py:190} INFO - [2025-06-13T14:58:20.114-0400] {dagbag.py:588} INFO - Filling up the DagBag from /Users/pranavr/.pyenv/versions/3.11.6/lib/python3.11/site-packages/airflow/example_dags/example_dataset_alias.py
[2025-06-13T14:58:20.226-0400] {processor.py:925} INFO - DAG(s) 'dataset_alias_example_alias_producer', 'dataset_s3_bucket_producer', 'dataset_alias_example_alias_consumer', 'dataset_s3_bucket_consumer' retrieved from /Users/pranavr/.pyenv/versions/3.11.6/lib/python3.11/site-packages/airflow/example_dags/example_dataset_alias.py
[2025-06-13T14:58:20.238-0400] {logging_mixin.py:190} INFO - [2025-06-13T14:58:20.238-0400] {dag.py:3239} INFO - Sync 4 DAGs
[2025-06-13T14:58:20.246-0400] {logging_mixin.py:190} INFO - [2025-06-13T14:58:20.246-0400] {dag.py:4180} INFO - Setting next_dagrun for dataset_alias_example_alias_consumer to None, run_after=None
[2025-06-13T14:58:20.247-0400] {logging_mixin.py:190} INFO - [2025-06-13T14:58:20.247-0400] {dag.py:4180} INFO - Setting next_dagrun for dataset_alias_example_alias_producer to None, run_after=None
[2025-06-13T14:58:20.247-0400] {logging_mixin.py:190} INFO - [2025-06-13T14:58:20.247-0400] {dag.py:4180} INFO - Setting next_dagrun for dataset_s3_bucket_consumer to None, run_after=None
[2025-06-13T14:58:20.248-0400] {logging_mixin.py:190} INFO - [2025-06-13T14:58:20.248-0400] {dag.py:4180} INFO - Setting next_dagrun for dataset_s3_bucket_producer to None, run_after=None
[2025-06-13T14:58:20.258-0400] {processor.py:208} INFO - Processing /Users/pranavr/.pyenv/versions/3.11.6/lib/python3.11/site-packages/airflow/example_dags/example_dataset_alias.py took 147.903 seconds
[2025-06-13T15:01:48.038-0400] {processor.py:186} INFO - Started process (PID=15162) to work on /Users/pranavr/.pyenv/versions/3.11.6/lib/python3.11/site-packages/airflow/example_dags/example_dataset_alias.py
[2025-06-13T15:01:48.040-0400] {processor.py:914} INFO - Processing file /Users/pranavr/.pyenv/versions/3.11.6/lib/python3.11/site-packages/airflow/example_dags/example_dataset_alias.py for tasks to queue
[2025-06-13T15:01:48.041-0400] {logging_mixin.py:190} INFO - [2025-06-13T15:01:48.041-0400] {dagbag.py:588} INFO - Filling up the DagBag from /Users/pranavr/.pyenv/versions/3.11.6/lib/python3.11/site-packages/airflow/example_dags/example_dataset_alias.py
[2025-06-13T15:01:48.136-0400] {processor.py:925} INFO - DAG(s) 'dataset_s3_bucket_consumer', 'dataset_s3_bucket_producer', 'dataset_alias_example_alias_consumer', 'dataset_alias_example_alias_producer' retrieved from /Users/pranavr/.pyenv/versions/3.11.6/lib/python3.11/site-packages/airflow/example_dags/example_dataset_alias.py
[2025-06-13T15:01:48.148-0400] {logging_mixin.py:190} INFO - [2025-06-13T15:01:48.147-0400] {dag.py:3239} INFO - Sync 4 DAGs
[2025-06-13T15:01:48.156-0400] {logging_mixin.py:190} INFO - [2025-06-13T15:01:48.156-0400] {dag.py:4180} INFO - Setting next_dagrun for dataset_alias_example_alias_consumer to None, run_after=None
[2025-06-13T15:01:48.157-0400] {logging_mixin.py:190} INFO - [2025-06-13T15:01:48.157-0400] {dag.py:4180} INFO - Setting next_dagrun for dataset_alias_example_alias_producer to None, run_after=None
[2025-06-13T15:01:48.157-0400] {logging_mixin.py:190} INFO - [2025-06-13T15:01:48.157-0400] {dag.py:4180} INFO - Setting next_dagrun for dataset_s3_bucket_consumer to None, run_after=None
[2025-06-13T15:01:48.157-0400] {logging_mixin.py:190} INFO - [2025-06-13T15:01:48.157-0400] {dag.py:4180} INFO - Setting next_dagrun for dataset_s3_bucket_producer to None, run_after=None
[2025-06-13T15:01:48.166-0400] {processor.py:208} INFO - Processing /Users/pranavr/.pyenv/versions/3.11.6/lib/python3.11/site-packages/airflow/example_dags/example_dataset_alias.py took 129.680 seconds
