[2025-06-13T14:09:41.342-0400] {processor.py:153} INFO - Started process (PID=96546) to work on /Users/pranavr/drift-retrainer/venv311/lib/python3.11/site-packages/airflow/example_dags/example_xcomargs.py
[2025-06-13T14:09:41.352-0400] {processor.py:743} INFO - Processing file /Users/pranavr/drift-retrainer/venv311/lib/python3.11/site-packages/airflow/example_dags/example_xcomargs.py for tasks to queue
[2025-06-13T14:09:41.353-0400] {logging_mixin.py:137} INFO - [2025-06-13T14:09:41.353-0400] {dagbag.py:538} INFO - Filling up the DagBag from /Users/pranavr/drift-retrainer/venv311/lib/python3.11/site-packages/airflow/example_dags/example_xcomargs.py
[2025-06-13T14:09:41.390-0400] {processor.py:753} INFO - DAG(s) dict_keys(['example_xcom_args', 'example_xcom_args_with_operators']) retrieved from /Users/pranavr/drift-retrainer/venv311/lib/python3.11/site-packages/airflow/example_dags/example_xcomargs.py
[2025-06-13T14:09:41.873-0400] {logging_mixin.py:137} INFO - [2025-06-13T14:09:41.872-0400] {manager.py:504} INFO - Created Permission View: can edit on DAG:example_xcom_args
[2025-06-13T14:09:41.876-0400] {logging_mixin.py:137} INFO - [2025-06-13T14:09:41.876-0400] {manager.py:504} INFO - Created Permission View: can read on DAG:example_xcom_args
[2025-06-13T14:09:41.879-0400] {logging_mixin.py:137} INFO - [2025-06-13T14:09:41.878-0400] {manager.py:504} INFO - Created Permission View: can delete on DAG:example_xcom_args
[2025-06-13T14:09:41.885-0400] {logging_mixin.py:137} INFO - [2025-06-13T14:09:41.885-0400] {manager.py:504} INFO - Created Permission View: can edit on DAG:example_xcom_args_with_operators
[2025-06-13T14:09:41.888-0400] {logging_mixin.py:137} INFO - [2025-06-13T14:09:41.888-0400] {manager.py:504} INFO - Created Permission View: can read on DAG:example_xcom_args_with_operators
[2025-06-13T14:09:41.891-0400] {logging_mixin.py:137} INFO - [2025-06-13T14:09:41.891-0400] {manager.py:504} INFO - Created Permission View: can delete on DAG:example_xcom_args_with_operators
[2025-06-13T14:09:41.891-0400] {logging_mixin.py:137} INFO - [2025-06-13T14:09:41.891-0400] {dag.py:2690} INFO - Sync 2 DAGs
[2025-06-13T14:09:41.896-0400] {logging_mixin.py:137} INFO - [2025-06-13T14:09:41.896-0400] {dag.py:2711} INFO - Creating ORM DAG for example_xcom_args
[2025-06-13T14:09:41.896-0400] {logging_mixin.py:137} INFO - [2025-06-13T14:09:41.896-0400] {dag.py:2711} INFO - Creating ORM DAG for example_xcom_args_with_operators
[2025-06-13T14:09:41.899-0400] {logging_mixin.py:137} INFO - [2025-06-13T14:09:41.899-0400] {dag.py:3437} INFO - Setting next_dagrun for example_xcom_args to None, run_after=None
[2025-06-13T14:09:41.899-0400] {logging_mixin.py:137} INFO - [2025-06-13T14:09:41.899-0400] {dag.py:3437} INFO - Setting next_dagrun for example_xcom_args_with_operators to None, run_after=None
[2025-06-13T14:09:41.907-0400] {processor.py:175} INFO - Processing /Users/pranavr/drift-retrainer/venv311/lib/python3.11/site-packages/airflow/example_dags/example_xcomargs.py took 0.566 seconds
[2025-06-13T14:11:09.809-0400] {processor.py:153} INFO - Started process (PID=97258) to work on /Users/pranavr/drift-retrainer/venv311/lib/python3.11/site-packages/airflow/example_dags/example_xcomargs.py
[2025-06-13T14:11:09.813-0400] {processor.py:743} INFO - Processing file /Users/pranavr/drift-retrainer/venv311/lib/python3.11/site-packages/airflow/example_dags/example_xcomargs.py for tasks to queue
[2025-06-13T14:11:09.814-0400] {logging_mixin.py:137} INFO - [2025-06-13T14:11:09.814-0400] {dagbag.py:538} INFO - Filling up the DagBag from /Users/pranavr/drift-retrainer/venv311/lib/python3.11/site-packages/airflow/example_dags/example_xcomargs.py
[2025-06-13T14:11:09.860-0400] {processor.py:753} INFO - DAG(s) dict_keys(['example_xcom_args_with_operators', 'example_xcom_args']) retrieved from /Users/pranavr/drift-retrainer/venv311/lib/python3.11/site-packages/airflow/example_dags/example_xcomargs.py
[2025-06-13T14:11:10.331-0400] {logging_mixin.py:137} INFO - [2025-06-13T14:11:10.331-0400] {dag.py:2690} INFO - Sync 2 DAGs
[2025-06-13T14:11:10.339-0400] {logging_mixin.py:137} INFO - [2025-06-13T14:11:10.339-0400] {dag.py:3437} INFO - Setting next_dagrun for example_xcom_args to None, run_after=None
[2025-06-13T14:11:10.340-0400] {logging_mixin.py:137} INFO - [2025-06-13T14:11:10.340-0400] {dag.py:3437} INFO - Setting next_dagrun for example_xcom_args_with_operators to None, run_after=None
[2025-06-13T14:11:10.349-0400] {processor.py:175} INFO - Processing /Users/pranavr/drift-retrainer/venv311/lib/python3.11/site-packages/airflow/example_dags/example_xcomargs.py took 0.541 seconds
[2025-06-13T14:12:10.831-0400] {processor.py:153} INFO - Started process (PID=97713) to work on /Users/pranavr/drift-retrainer/venv311/lib/python3.11/site-packages/airflow/example_dags/example_xcomargs.py
[2025-06-13T14:12:10.834-0400] {processor.py:743} INFO - Processing file /Users/pranavr/drift-retrainer/venv311/lib/python3.11/site-packages/airflow/example_dags/example_xcomargs.py for tasks to queue
[2025-06-13T14:12:10.835-0400] {logging_mixin.py:137} INFO - [2025-06-13T14:12:10.835-0400] {dagbag.py:538} INFO - Filling up the DagBag from /Users/pranavr/drift-retrainer/venv311/lib/python3.11/site-packages/airflow/example_dags/example_xcomargs.py
[2025-06-13T14:12:10.880-0400] {processor.py:753} INFO - DAG(s) dict_keys(['example_xcom_args_with_operators', 'example_xcom_args']) retrieved from /Users/pranavr/drift-retrainer/venv311/lib/python3.11/site-packages/airflow/example_dags/example_xcomargs.py
[2025-06-13T14:12:11.337-0400] {logging_mixin.py:137} INFO - [2025-06-13T14:12:11.337-0400] {dag.py:2690} INFO - Sync 2 DAGs
[2025-06-13T14:12:11.345-0400] {logging_mixin.py:137} INFO - [2025-06-13T14:12:11.345-0400] {dag.py:3437} INFO - Setting next_dagrun for example_xcom_args to None, run_after=None
[2025-06-13T14:12:11.346-0400] {logging_mixin.py:137} INFO - [2025-06-13T14:12:11.346-0400] {dag.py:3437} INFO - Setting next_dagrun for example_xcom_args_with_operators to None, run_after=None
[2025-06-13T14:12:11.358-0400] {processor.py:175} INFO - Processing /Users/pranavr/drift-retrainer/venv311/lib/python3.11/site-packages/airflow/example_dags/example_xcomargs.py took 0.536 seconds
[2025-06-13T14:13:08.445-0400] {processor.py:153} INFO - Started process (PID=97837) to work on /Users/pranavr/drift-retrainer/venv311/lib/python3.11/site-packages/airflow/example_dags/example_xcomargs.py
[2025-06-13T14:13:08.448-0400] {processor.py:743} INFO - Processing file /Users/pranavr/drift-retrainer/venv311/lib/python3.11/site-packages/airflow/example_dags/example_xcomargs.py for tasks to queue
[2025-06-13T14:13:08.448-0400] {logging_mixin.py:137} INFO - [2025-06-13T14:13:08.448-0400] {dagbag.py:538} INFO - Filling up the DagBag from /Users/pranavr/drift-retrainer/venv311/lib/python3.11/site-packages/airflow/example_dags/example_xcomargs.py
[2025-06-13T14:13:08.483-0400] {processor.py:753} INFO - DAG(s) dict_keys(['example_xcom_args', 'example_xcom_args_with_operators']) retrieved from /Users/pranavr/drift-retrainer/venv311/lib/python3.11/site-packages/airflow/example_dags/example_xcomargs.py
[2025-06-13T14:13:08.927-0400] {logging_mixin.py:137} INFO - [2025-06-13T14:13:08.927-0400] {dag.py:2690} INFO - Sync 2 DAGs
[2025-06-13T14:13:08.962-0400] {logging_mixin.py:137} INFO - [2025-06-13T14:13:08.962-0400] {dag.py:3437} INFO - Setting next_dagrun for example_xcom_args to None, run_after=None
[2025-06-13T14:13:08.963-0400] {logging_mixin.py:137} INFO - [2025-06-13T14:13:08.963-0400] {dag.py:3437} INFO - Setting next_dagrun for example_xcom_args_with_operators to None, run_after=None
[2025-06-13T14:13:09.004-0400] {processor.py:175} INFO - Processing /Users/pranavr/drift-retrainer/venv311/lib/python3.11/site-packages/airflow/example_dags/example_xcomargs.py took 0.559 seconds
[2025-06-13T14:14:02.351-0400] {processor.py:153} INFO - Started process (PID=97955) to work on /Users/pranavr/drift-retrainer/venv311/lib/python3.11/site-packages/airflow/example_dags/example_xcomargs.py
[2025-06-13T14:14:02.354-0400] {processor.py:743} INFO - Processing file /Users/pranavr/drift-retrainer/venv311/lib/python3.11/site-packages/airflow/example_dags/example_xcomargs.py for tasks to queue
[2025-06-13T14:14:02.354-0400] {logging_mixin.py:137} INFO - [2025-06-13T14:14:02.354-0400] {dagbag.py:538} INFO - Filling up the DagBag from /Users/pranavr/drift-retrainer/venv311/lib/python3.11/site-packages/airflow/example_dags/example_xcomargs.py
[2025-06-13T14:14:02.380-0400] {processor.py:753} INFO - DAG(s) dict_keys(['example_xcom_args', 'example_xcom_args_with_operators']) retrieved from /Users/pranavr/drift-retrainer/venv311/lib/python3.11/site-packages/airflow/example_dags/example_xcomargs.py
[2025-06-13T14:14:02.818-0400] {logging_mixin.py:137} INFO - [2025-06-13T14:14:02.817-0400] {dag.py:2690} INFO - Sync 2 DAGs
[2025-06-13T14:14:02.826-0400] {logging_mixin.py:137} INFO - [2025-06-13T14:14:02.826-0400] {dag.py:3437} INFO - Setting next_dagrun for example_xcom_args to None, run_after=None
[2025-06-13T14:14:02.828-0400] {logging_mixin.py:137} INFO - [2025-06-13T14:14:02.828-0400] {dag.py:3437} INFO - Setting next_dagrun for example_xcom_args_with_operators to None, run_after=None
[2025-06-13T14:14:02.837-0400] {processor.py:175} INFO - Processing /Users/pranavr/drift-retrainer/venv311/lib/python3.11/site-packages/airflow/example_dags/example_xcomargs.py took 0.486 seconds
[2025-06-13T14:14:56.454-0400] {processor.py:153} INFO - Started process (PID=1264) to work on /Users/pranavr/drift-retrainer/venv311/lib/python3.11/site-packages/airflow/example_dags/example_xcomargs.py
[2025-06-13T14:14:56.456-0400] {processor.py:743} INFO - Processing file /Users/pranavr/drift-retrainer/venv311/lib/python3.11/site-packages/airflow/example_dags/example_xcomargs.py for tasks to queue
[2025-06-13T14:14:56.457-0400] {logging_mixin.py:137} INFO - [2025-06-13T14:14:56.457-0400] {dagbag.py:538} INFO - Filling up the DagBag from /Users/pranavr/drift-retrainer/venv311/lib/python3.11/site-packages/airflow/example_dags/example_xcomargs.py
[2025-06-13T14:14:56.517-0400] {processor.py:753} INFO - DAG(s) dict_keys(['example_xcom_args', 'example_xcom_args_with_operators']) retrieved from /Users/pranavr/drift-retrainer/venv311/lib/python3.11/site-packages/airflow/example_dags/example_xcomargs.py
[2025-06-13T14:14:56.989-0400] {logging_mixin.py:137} INFO - [2025-06-13T14:14:56.989-0400] {dag.py:2690} INFO - Sync 2 DAGs
[2025-06-13T14:14:56.996-0400] {logging_mixin.py:137} INFO - [2025-06-13T14:14:56.996-0400] {dag.py:3437} INFO - Setting next_dagrun for example_xcom_args to None, run_after=None
[2025-06-13T14:14:56.997-0400] {logging_mixin.py:137} INFO - [2025-06-13T14:14:56.997-0400] {dag.py:3437} INFO - Setting next_dagrun for example_xcom_args_with_operators to None, run_after=None
[2025-06-13T14:14:57.005-0400] {processor.py:175} INFO - Processing /Users/pranavr/drift-retrainer/venv311/lib/python3.11/site-packages/airflow/example_dags/example_xcomargs.py took 0.553 seconds
[2025-06-13T14:15:54.744-0400] {processor.py:153} INFO - Started process (PID=3281) to work on /Users/pranavr/drift-retrainer/venv311/lib/python3.11/site-packages/airflow/example_dags/example_xcomargs.py
[2025-06-13T14:15:54.748-0400] {processor.py:743} INFO - Processing file /Users/pranavr/drift-retrainer/venv311/lib/python3.11/site-packages/airflow/example_dags/example_xcomargs.py for tasks to queue
[2025-06-13T14:15:54.748-0400] {logging_mixin.py:137} INFO - [2025-06-13T14:15:54.748-0400] {dagbag.py:538} INFO - Filling up the DagBag from /Users/pranavr/drift-retrainer/venv311/lib/python3.11/site-packages/airflow/example_dags/example_xcomargs.py
[2025-06-13T14:15:54.775-0400] {processor.py:753} INFO - DAG(s) dict_keys(['example_xcom_args', 'example_xcom_args_with_operators']) retrieved from /Users/pranavr/drift-retrainer/venv311/lib/python3.11/site-packages/airflow/example_dags/example_xcomargs.py
[2025-06-13T14:15:55.257-0400] {logging_mixin.py:137} INFO - [2025-06-13T14:15:55.256-0400] {dag.py:2690} INFO - Sync 2 DAGs
[2025-06-13T14:15:55.267-0400] {logging_mixin.py:137} INFO - [2025-06-13T14:15:55.266-0400] {dag.py:3437} INFO - Setting next_dagrun for example_xcom_args to None, run_after=None
[2025-06-13T14:15:55.268-0400] {logging_mixin.py:137} INFO - [2025-06-13T14:15:55.268-0400] {dag.py:3437} INFO - Setting next_dagrun for example_xcom_args_with_operators to None, run_after=None
[2025-06-13T14:15:55.276-0400] {processor.py:175} INFO - Processing /Users/pranavr/drift-retrainer/venv311/lib/python3.11/site-packages/airflow/example_dags/example_xcomargs.py took 0.533 seconds
[2025-06-13T14:16:53.685-0400] {processor.py:153} INFO - Started process (PID=3903) to work on /Users/pranavr/drift-retrainer/venv311/lib/python3.11/site-packages/airflow/example_dags/example_xcomargs.py
[2025-06-13T14:16:53.688-0400] {processor.py:743} INFO - Processing file /Users/pranavr/drift-retrainer/venv311/lib/python3.11/site-packages/airflow/example_dags/example_xcomargs.py for tasks to queue
[2025-06-13T14:16:53.688-0400] {logging_mixin.py:137} INFO - [2025-06-13T14:16:53.688-0400] {dagbag.py:538} INFO - Filling up the DagBag from /Users/pranavr/drift-retrainer/venv311/lib/python3.11/site-packages/airflow/example_dags/example_xcomargs.py
[2025-06-13T14:16:53.715-0400] {processor.py:753} INFO - DAG(s) dict_keys(['example_xcom_args', 'example_xcom_args_with_operators']) retrieved from /Users/pranavr/drift-retrainer/venv311/lib/python3.11/site-packages/airflow/example_dags/example_xcomargs.py
[2025-06-13T14:16:54.185-0400] {logging_mixin.py:137} INFO - [2025-06-13T14:16:54.185-0400] {dag.py:2690} INFO - Sync 2 DAGs
[2025-06-13T14:16:54.191-0400] {logging_mixin.py:137} INFO - [2025-06-13T14:16:54.191-0400] {dag.py:3437} INFO - Setting next_dagrun for example_xcom_args to None, run_after=None
[2025-06-13T14:16:54.193-0400] {logging_mixin.py:137} INFO - [2025-06-13T14:16:54.193-0400] {dag.py:3437} INFO - Setting next_dagrun for example_xcom_args_with_operators to None, run_after=None
[2025-06-13T14:16:54.202-0400] {processor.py:175} INFO - Processing /Users/pranavr/drift-retrainer/venv311/lib/python3.11/site-packages/airflow/example_dags/example_xcomargs.py took 0.517 seconds
[2025-06-13T14:17:49.144-0400] {processor.py:153} INFO - Started process (PID=5718) to work on /Users/pranavr/drift-retrainer/venv311/lib/python3.11/site-packages/airflow/example_dags/example_xcomargs.py
[2025-06-13T14:17:49.148-0400] {processor.py:743} INFO - Processing file /Users/pranavr/drift-retrainer/venv311/lib/python3.11/site-packages/airflow/example_dags/example_xcomargs.py for tasks to queue
[2025-06-13T14:17:49.148-0400] {logging_mixin.py:137} INFO - [2025-06-13T14:17:49.148-0400] {dagbag.py:538} INFO - Filling up the DagBag from /Users/pranavr/drift-retrainer/venv311/lib/python3.11/site-packages/airflow/example_dags/example_xcomargs.py
[2025-06-13T14:17:49.237-0400] {processor.py:753} INFO - DAG(s) dict_keys(['example_xcom_args', 'example_xcom_args_with_operators']) retrieved from /Users/pranavr/drift-retrainer/venv311/lib/python3.11/site-packages/airflow/example_dags/example_xcomargs.py
[2025-06-13T14:17:49.694-0400] {logging_mixin.py:137} INFO - [2025-06-13T14:17:49.694-0400] {dag.py:2690} INFO - Sync 2 DAGs
[2025-06-13T14:17:49.701-0400] {logging_mixin.py:137} INFO - [2025-06-13T14:17:49.701-0400] {dag.py:3437} INFO - Setting next_dagrun for example_xcom_args to None, run_after=None
[2025-06-13T14:17:49.702-0400] {logging_mixin.py:137} INFO - [2025-06-13T14:17:49.702-0400] {dag.py:3437} INFO - Setting next_dagrun for example_xcom_args_with_operators to None, run_after=None
[2025-06-13T14:17:49.711-0400] {processor.py:175} INFO - Processing /Users/pranavr/drift-retrainer/venv311/lib/python3.11/site-packages/airflow/example_dags/example_xcomargs.py took 0.570 seconds
[2025-06-13T14:18:48.756-0400] {processor.py:153} INFO - Started process (PID=6389) to work on /Users/pranavr/drift-retrainer/venv311/lib/python3.11/site-packages/airflow/example_dags/example_xcomargs.py
[2025-06-13T14:18:48.759-0400] {processor.py:743} INFO - Processing file /Users/pranavr/drift-retrainer/venv311/lib/python3.11/site-packages/airflow/example_dags/example_xcomargs.py for tasks to queue
[2025-06-13T14:18:48.760-0400] {logging_mixin.py:137} INFO - [2025-06-13T14:18:48.760-0400] {dagbag.py:538} INFO - Filling up the DagBag from /Users/pranavr/drift-retrainer/venv311/lib/python3.11/site-packages/airflow/example_dags/example_xcomargs.py
[2025-06-13T14:18:48.802-0400] {processor.py:753} INFO - DAG(s) dict_keys(['example_xcom_args', 'example_xcom_args_with_operators']) retrieved from /Users/pranavr/drift-retrainer/venv311/lib/python3.11/site-packages/airflow/example_dags/example_xcomargs.py
[2025-06-13T14:18:49.415-0400] {logging_mixin.py:137} INFO - [2025-06-13T14:18:49.415-0400] {dag.py:2690} INFO - Sync 2 DAGs
[2025-06-13T14:18:49.474-0400] {logging_mixin.py:137} INFO - [2025-06-13T14:18:49.472-0400] {dag.py:3437} INFO - Setting next_dagrun for example_xcom_args to None, run_after=None
[2025-06-13T14:18:49.479-0400] {logging_mixin.py:137} INFO - [2025-06-13T14:18:49.478-0400] {dag.py:3437} INFO - Setting next_dagrun for example_xcom_args_with_operators to None, run_after=None
[2025-06-13T14:18:49.573-0400] {processor.py:175} INFO - Processing /Users/pranavr/drift-retrainer/venv311/lib/python3.11/site-packages/airflow/example_dags/example_xcomargs.py took 0.818 seconds
[2025-06-13T14:19:51.413-0400] {processor.py:153} INFO - Started process (PID=6585) to work on /Users/pranavr/drift-retrainer/venv311/lib/python3.11/site-packages/airflow/example_dags/example_xcomargs.py
[2025-06-13T14:19:51.416-0400] {processor.py:743} INFO - Processing file /Users/pranavr/drift-retrainer/venv311/lib/python3.11/site-packages/airflow/example_dags/example_xcomargs.py for tasks to queue
[2025-06-13T14:19:51.416-0400] {logging_mixin.py:137} INFO - [2025-06-13T14:19:51.416-0400] {dagbag.py:538} INFO - Filling up the DagBag from /Users/pranavr/drift-retrainer/venv311/lib/python3.11/site-packages/airflow/example_dags/example_xcomargs.py
[2025-06-13T14:19:51.463-0400] {processor.py:753} INFO - DAG(s) dict_keys(['example_xcom_args', 'example_xcom_args_with_operators']) retrieved from /Users/pranavr/drift-retrainer/venv311/lib/python3.11/site-packages/airflow/example_dags/example_xcomargs.py
[2025-06-13T14:19:51.917-0400] {logging_mixin.py:137} INFO - [2025-06-13T14:19:51.917-0400] {dag.py:2690} INFO - Sync 2 DAGs
[2025-06-13T14:19:51.924-0400] {logging_mixin.py:137} INFO - [2025-06-13T14:19:51.924-0400] {dag.py:3437} INFO - Setting next_dagrun for example_xcom_args to None, run_after=None
[2025-06-13T14:19:51.925-0400] {logging_mixin.py:137} INFO - [2025-06-13T14:19:51.925-0400] {dag.py:3437} INFO - Setting next_dagrun for example_xcom_args_with_operators to None, run_after=None
[2025-06-13T14:19:51.933-0400] {processor.py:175} INFO - Processing /Users/pranavr/drift-retrainer/venv311/lib/python3.11/site-packages/airflow/example_dags/example_xcomargs.py took 0.520 seconds
[2025-06-13T14:21:41.042-0400] {processor.py:186} INFO - Started process (PID=7503) to work on /Users/pranavr/.pyenv/versions/3.11.6/lib/python3.11/site-packages/airflow/example_dags/example_xcomargs.py
[2025-06-13T14:21:41.045-0400] {processor.py:914} INFO - Processing file /Users/pranavr/.pyenv/versions/3.11.6/lib/python3.11/site-packages/airflow/example_dags/example_xcomargs.py for tasks to queue
[2025-06-13T14:21:41.046-0400] {logging_mixin.py:190} INFO - [2025-06-13T14:21:41.046-0400] {dagbag.py:588} INFO - Filling up the DagBag from /Users/pranavr/.pyenv/versions/3.11.6/lib/python3.11/site-packages/airflow/example_dags/example_xcomargs.py
[2025-06-13T14:21:41.071-0400] {processor.py:925} INFO - DAG(s) 'example_xcom_args_with_operators', 'example_xcom_args' retrieved from /Users/pranavr/.pyenv/versions/3.11.6/lib/python3.11/site-packages/airflow/example_dags/example_xcomargs.py
[2025-06-13T14:21:41.216-0400] {logging_mixin.py:190} INFO - [2025-06-13T14:21:41.216-0400] {dag.py:3239} INFO - Sync 2 DAGs
[2025-06-13T14:21:41.220-0400] {logging_mixin.py:190} INFO - [2025-06-13T14:21:41.220-0400] {dag.py:4180} INFO - Setting next_dagrun for example_xcom_args to None, run_after=None
[2025-06-13T14:21:41.222-0400] {logging_mixin.py:190} INFO - [2025-06-13T14:21:41.222-0400] {dag.py:4180} INFO - Setting next_dagrun for example_xcom_args_with_operators to None, run_after=None
[2025-06-13T14:21:41.233-0400] {processor.py:208} INFO - Processing /Users/pranavr/.pyenv/versions/3.11.6/lib/python3.11/site-packages/airflow/example_dags/example_xcomargs.py took 193.961 seconds
[2025-06-13T14:23:47.757-0400] {processor.py:186} INFO - Started process (PID=7858) to work on /Users/pranavr/.pyenv/versions/3.11.6/lib/python3.11/site-packages/airflow/example_dags/example_xcomargs.py
[2025-06-13T14:23:47.759-0400] {processor.py:914} INFO - Processing file /Users/pranavr/.pyenv/versions/3.11.6/lib/python3.11/site-packages/airflow/example_dags/example_xcomargs.py for tasks to queue
[2025-06-13T14:23:47.759-0400] {logging_mixin.py:190} INFO - [2025-06-13T14:23:47.759-0400] {dagbag.py:588} INFO - Filling up the DagBag from /Users/pranavr/.pyenv/versions/3.11.6/lib/python3.11/site-packages/airflow/example_dags/example_xcomargs.py
[2025-06-13T14:23:47.778-0400] {processor.py:925} INFO - DAG(s) 'example_xcom_args_with_operators', 'example_xcom_args' retrieved from /Users/pranavr/.pyenv/versions/3.11.6/lib/python3.11/site-packages/airflow/example_dags/example_xcomargs.py
[2025-06-13T14:23:47.863-0400] {logging_mixin.py:190} INFO - [2025-06-13T14:23:47.863-0400] {dag.py:3239} INFO - Sync 2 DAGs
[2025-06-13T14:23:47.869-0400] {logging_mixin.py:190} INFO - [2025-06-13T14:23:47.868-0400] {dag.py:4180} INFO - Setting next_dagrun for example_xcom_args to None, run_after=None
[2025-06-13T14:23:47.870-0400] {logging_mixin.py:190} INFO - [2025-06-13T14:23:47.870-0400] {dag.py:4180} INFO - Setting next_dagrun for example_xcom_args_with_operators to None, run_after=None
[2025-06-13T14:23:47.878-0400] {processor.py:208} INFO - Processing /Users/pranavr/.pyenv/versions/3.11.6/lib/python3.11/site-packages/airflow/example_dags/example_xcomargs.py took 122.330 seconds
[2025-06-13T14:25:19.050-0400] {processor.py:186} INFO - Started process (PID=7979) to work on /Users/pranavr/.pyenv/versions/3.11.6/lib/python3.11/site-packages/airflow/example_dags/example_xcomargs.py
[2025-06-13T14:25:19.052-0400] {processor.py:914} INFO - Processing file /Users/pranavr/.pyenv/versions/3.11.6/lib/python3.11/site-packages/airflow/example_dags/example_xcomargs.py for tasks to queue
[2025-06-13T14:25:19.052-0400] {logging_mixin.py:190} INFO - [2025-06-13T14:25:19.052-0400] {dagbag.py:588} INFO - Filling up the DagBag from /Users/pranavr/.pyenv/versions/3.11.6/lib/python3.11/site-packages/airflow/example_dags/example_xcomargs.py
[2025-06-13T14:25:19.076-0400] {processor.py:925} INFO - DAG(s) 'example_xcom_args_with_operators', 'example_xcom_args' retrieved from /Users/pranavr/.pyenv/versions/3.11.6/lib/python3.11/site-packages/airflow/example_dags/example_xcomargs.py
[2025-06-13T14:25:19.159-0400] {logging_mixin.py:190} INFO - [2025-06-13T14:25:19.159-0400] {dag.py:3239} INFO - Sync 2 DAGs
[2025-06-13T14:25:19.166-0400] {logging_mixin.py:190} INFO - [2025-06-13T14:25:19.166-0400] {dag.py:4180} INFO - Setting next_dagrun for example_xcom_args to None, run_after=None
[2025-06-13T14:25:19.167-0400] {logging_mixin.py:190} INFO - [2025-06-13T14:25:19.167-0400] {dag.py:4180} INFO - Setting next_dagrun for example_xcom_args_with_operators to None, run_after=None
[2025-06-13T14:25:19.176-0400] {processor.py:208} INFO - Processing /Users/pranavr/.pyenv/versions/3.11.6/lib/python3.11/site-packages/airflow/example_dags/example_xcomargs.py took 127.706 seconds
[2025-06-13T14:26:51.304-0400] {processor.py:186} INFO - Started process (PID=8089) to work on /Users/pranavr/.pyenv/versions/3.11.6/lib/python3.11/site-packages/airflow/example_dags/example_xcomargs.py
[2025-06-13T14:26:51.306-0400] {processor.py:914} INFO - Processing file /Users/pranavr/.pyenv/versions/3.11.6/lib/python3.11/site-packages/airflow/example_dags/example_xcomargs.py for tasks to queue
[2025-06-13T14:26:51.307-0400] {logging_mixin.py:190} INFO - [2025-06-13T14:26:51.307-0400] {dagbag.py:588} INFO - Filling up the DagBag from /Users/pranavr/.pyenv/versions/3.11.6/lib/python3.11/site-packages/airflow/example_dags/example_xcomargs.py
[2025-06-13T14:26:51.326-0400] {processor.py:925} INFO - DAG(s) 'example_xcom_args', 'example_xcom_args_with_operators' retrieved from /Users/pranavr/.pyenv/versions/3.11.6/lib/python3.11/site-packages/airflow/example_dags/example_xcomargs.py
[2025-06-13T14:26:51.415-0400] {logging_mixin.py:190} INFO - [2025-06-13T14:26:51.414-0400] {dag.py:3239} INFO - Sync 2 DAGs
[2025-06-13T14:26:51.421-0400] {logging_mixin.py:190} INFO - [2025-06-13T14:26:51.421-0400] {dag.py:4180} INFO - Setting next_dagrun for example_xcom_args to None, run_after=None
[2025-06-13T14:26:51.422-0400] {logging_mixin.py:190} INFO - [2025-06-13T14:26:51.422-0400] {dag.py:4180} INFO - Setting next_dagrun for example_xcom_args_with_operators to None, run_after=None
[2025-06-13T14:26:51.429-0400] {processor.py:208} INFO - Processing /Users/pranavr/.pyenv/versions/3.11.6/lib/python3.11/site-packages/airflow/example_dags/example_xcomargs.py took 126.350 seconds
[2025-06-13T14:28:22.263-0400] {processor.py:186} INFO - Started process (PID=8786) to work on /Users/pranavr/.pyenv/versions/3.11.6/lib/python3.11/site-packages/airflow/example_dags/example_xcomargs.py
[2025-06-13T14:28:22.265-0400] {processor.py:914} INFO - Processing file /Users/pranavr/.pyenv/versions/3.11.6/lib/python3.11/site-packages/airflow/example_dags/example_xcomargs.py for tasks to queue
[2025-06-13T14:28:22.265-0400] {logging_mixin.py:190} INFO - [2025-06-13T14:28:22.265-0400] {dagbag.py:588} INFO - Filling up the DagBag from /Users/pranavr/.pyenv/versions/3.11.6/lib/python3.11/site-packages/airflow/example_dags/example_xcomargs.py
[2025-06-13T14:28:22.285-0400] {processor.py:925} INFO - DAG(s) 'example_xcom_args', 'example_xcom_args_with_operators' retrieved from /Users/pranavr/.pyenv/versions/3.11.6/lib/python3.11/site-packages/airflow/example_dags/example_xcomargs.py
[2025-06-13T14:28:22.373-0400] {logging_mixin.py:190} INFO - [2025-06-13T14:28:22.373-0400] {dag.py:3239} INFO - Sync 2 DAGs
[2025-06-13T14:28:22.379-0400] {logging_mixin.py:190} INFO - [2025-06-13T14:28:22.379-0400] {dag.py:4180} INFO - Setting next_dagrun for example_xcom_args to None, run_after=None
[2025-06-13T14:28:22.381-0400] {logging_mixin.py:190} INFO - [2025-06-13T14:28:22.381-0400] {dag.py:4180} INFO - Setting next_dagrun for example_xcom_args_with_operators to None, run_after=None
[2025-06-13T14:28:22.391-0400] {processor.py:208} INFO - Processing /Users/pranavr/.pyenv/versions/3.11.6/lib/python3.11/site-packages/airflow/example_dags/example_xcomargs.py took 129.728 seconds
[2025-06-13T14:29:54.343-0400] {processor.py:186} INFO - Started process (PID=8911) to work on /Users/pranavr/.pyenv/versions/3.11.6/lib/python3.11/site-packages/airflow/example_dags/example_xcomargs.py
[2025-06-13T14:29:54.346-0400] {processor.py:914} INFO - Processing file /Users/pranavr/.pyenv/versions/3.11.6/lib/python3.11/site-packages/airflow/example_dags/example_xcomargs.py for tasks to queue
[2025-06-13T14:29:54.347-0400] {logging_mixin.py:190} INFO - [2025-06-13T14:29:54.347-0400] {dagbag.py:588} INFO - Filling up the DagBag from /Users/pranavr/.pyenv/versions/3.11.6/lib/python3.11/site-packages/airflow/example_dags/example_xcomargs.py
[2025-06-13T14:29:54.370-0400] {processor.py:925} INFO - DAG(s) 'example_xcom_args', 'example_xcom_args_with_operators' retrieved from /Users/pranavr/.pyenv/versions/3.11.6/lib/python3.11/site-packages/airflow/example_dags/example_xcomargs.py
[2025-06-13T14:29:54.452-0400] {logging_mixin.py:190} INFO - [2025-06-13T14:29:54.452-0400] {dag.py:3239} INFO - Sync 2 DAGs
[2025-06-13T14:29:54.459-0400] {logging_mixin.py:190} INFO - [2025-06-13T14:29:54.459-0400] {dag.py:4180} INFO - Setting next_dagrun for example_xcom_args to None, run_after=None
[2025-06-13T14:29:54.461-0400] {logging_mixin.py:190} INFO - [2025-06-13T14:29:54.461-0400] {dag.py:4180} INFO - Setting next_dagrun for example_xcom_args_with_operators to None, run_after=None
[2025-06-13T14:29:54.469-0400] {processor.py:208} INFO - Processing /Users/pranavr/.pyenv/versions/3.11.6/lib/python3.11/site-packages/airflow/example_dags/example_xcomargs.py took 127.769 seconds
[2025-06-13T14:31:22.390-0400] {processor.py:186} INFO - Started process (PID=9348) to work on /Users/pranavr/.pyenv/versions/3.11.6/lib/python3.11/site-packages/airflow/example_dags/example_xcomargs.py
[2025-06-13T14:31:22.393-0400] {processor.py:914} INFO - Processing file /Users/pranavr/.pyenv/versions/3.11.6/lib/python3.11/site-packages/airflow/example_dags/example_xcomargs.py for tasks to queue
[2025-06-13T14:31:22.394-0400] {logging_mixin.py:190} INFO - [2025-06-13T14:31:22.394-0400] {dagbag.py:588} INFO - Filling up the DagBag from /Users/pranavr/.pyenv/versions/3.11.6/lib/python3.11/site-packages/airflow/example_dags/example_xcomargs.py
[2025-06-13T14:31:22.419-0400] {processor.py:925} INFO - DAG(s) 'example_xcom_args_with_operators', 'example_xcom_args' retrieved from /Users/pranavr/.pyenv/versions/3.11.6/lib/python3.11/site-packages/airflow/example_dags/example_xcomargs.py
[2025-06-13T14:31:22.509-0400] {logging_mixin.py:190} INFO - [2025-06-13T14:31:22.509-0400] {dag.py:3239} INFO - Sync 2 DAGs
[2025-06-13T14:31:22.514-0400] {logging_mixin.py:190} INFO - [2025-06-13T14:31:22.513-0400] {dag.py:4180} INFO - Setting next_dagrun for example_xcom_args to None, run_after=None
[2025-06-13T14:31:22.515-0400] {logging_mixin.py:190} INFO - [2025-06-13T14:31:22.515-0400] {dag.py:4180} INFO - Setting next_dagrun for example_xcom_args_with_operators to None, run_after=None
[2025-06-13T14:31:22.522-0400] {processor.py:208} INFO - Processing /Users/pranavr/.pyenv/versions/3.11.6/lib/python3.11/site-packages/airflow/example_dags/example_xcomargs.py took 133.753 seconds
[2025-06-13T14:32:55.115-0400] {processor.py:186} INFO - Started process (PID=9569) to work on /Users/pranavr/.pyenv/versions/3.11.6/lib/python3.11/site-packages/airflow/example_dags/example_xcomargs.py
[2025-06-13T14:32:55.118-0400] {processor.py:914} INFO - Processing file /Users/pranavr/.pyenv/versions/3.11.6/lib/python3.11/site-packages/airflow/example_dags/example_xcomargs.py for tasks to queue
[2025-06-13T14:32:55.119-0400] {logging_mixin.py:190} INFO - [2025-06-13T14:32:55.118-0400] {dagbag.py:588} INFO - Filling up the DagBag from /Users/pranavr/.pyenv/versions/3.11.6/lib/python3.11/site-packages/airflow/example_dags/example_xcomargs.py
[2025-06-13T14:32:55.139-0400] {processor.py:925} INFO - DAG(s) 'example_xcom_args_with_operators', 'example_xcom_args' retrieved from /Users/pranavr/.pyenv/versions/3.11.6/lib/python3.11/site-packages/airflow/example_dags/example_xcomargs.py
[2025-06-13T14:32:55.223-0400] {logging_mixin.py:190} INFO - [2025-06-13T14:32:55.223-0400] {dag.py:3239} INFO - Sync 2 DAGs
[2025-06-13T14:32:55.229-0400] {logging_mixin.py:190} INFO - [2025-06-13T14:32:55.229-0400] {dag.py:4180} INFO - Setting next_dagrun for example_xcom_args to None, run_after=None
[2025-06-13T14:32:55.230-0400] {logging_mixin.py:190} INFO - [2025-06-13T14:32:55.230-0400] {dag.py:4180} INFO - Setting next_dagrun for example_xcom_args_with_operators to None, run_after=None
[2025-06-13T14:32:55.241-0400] {processor.py:208} INFO - Processing /Users/pranavr/.pyenv/versions/3.11.6/lib/python3.11/site-packages/airflow/example_dags/example_xcomargs.py took 126.751 seconds
[2025-06-13T14:34:25.608-0400] {processor.py:186} INFO - Started process (PID=10024) to work on /Users/pranavr/.pyenv/versions/3.11.6/lib/python3.11/site-packages/airflow/example_dags/example_xcomargs.py
[2025-06-13T14:34:25.612-0400] {processor.py:914} INFO - Processing file /Users/pranavr/.pyenv/versions/3.11.6/lib/python3.11/site-packages/airflow/example_dags/example_xcomargs.py for tasks to queue
[2025-06-13T14:34:25.616-0400] {logging_mixin.py:190} INFO - [2025-06-13T14:34:25.616-0400] {dagbag.py:588} INFO - Filling up the DagBag from /Users/pranavr/.pyenv/versions/3.11.6/lib/python3.11/site-packages/airflow/example_dags/example_xcomargs.py
[2025-06-13T14:34:25.637-0400] {processor.py:925} INFO - DAG(s) 'example_xcom_args_with_operators', 'example_xcom_args' retrieved from /Users/pranavr/.pyenv/versions/3.11.6/lib/python3.11/site-packages/airflow/example_dags/example_xcomargs.py
[2025-06-13T14:34:25.734-0400] {logging_mixin.py:190} INFO - [2025-06-13T14:34:25.734-0400] {dag.py:3239} INFO - Sync 2 DAGs
[2025-06-13T14:34:25.741-0400] {logging_mixin.py:190} INFO - [2025-06-13T14:34:25.741-0400] {dag.py:4180} INFO - Setting next_dagrun for example_xcom_args to None, run_after=None
[2025-06-13T14:34:25.743-0400] {logging_mixin.py:190} INFO - [2025-06-13T14:34:25.743-0400] {dag.py:4180} INFO - Setting next_dagrun for example_xcom_args_with_operators to None, run_after=None
[2025-06-13T14:34:25.751-0400] {processor.py:208} INFO - Processing /Users/pranavr/.pyenv/versions/3.11.6/lib/python3.11/site-packages/airflow/example_dags/example_xcomargs.py took 144.704 seconds
[2025-06-13T14:35:57.711-0400] {processor.py:186} INFO - Started process (PID=10314) to work on /Users/pranavr/.pyenv/versions/3.11.6/lib/python3.11/site-packages/airflow/example_dags/example_xcomargs.py
[2025-06-13T14:35:57.714-0400] {processor.py:914} INFO - Processing file /Users/pranavr/.pyenv/versions/3.11.6/lib/python3.11/site-packages/airflow/example_dags/example_xcomargs.py for tasks to queue
[2025-06-13T14:35:57.715-0400] {logging_mixin.py:190} INFO - [2025-06-13T14:35:57.714-0400] {dagbag.py:588} INFO - Filling up the DagBag from /Users/pranavr/.pyenv/versions/3.11.6/lib/python3.11/site-packages/airflow/example_dags/example_xcomargs.py
[2025-06-13T14:35:57.738-0400] {processor.py:925} INFO - DAG(s) 'example_xcom_args_with_operators', 'example_xcom_args' retrieved from /Users/pranavr/.pyenv/versions/3.11.6/lib/python3.11/site-packages/airflow/example_dags/example_xcomargs.py
[2025-06-13T14:35:57.855-0400] {logging_mixin.py:190} INFO - [2025-06-13T14:35:57.855-0400] {dag.py:3239} INFO - Sync 2 DAGs
[2025-06-13T14:35:57.865-0400] {logging_mixin.py:190} INFO - [2025-06-13T14:35:57.865-0400] {dag.py:4180} INFO - Setting next_dagrun for example_xcom_args to None, run_after=None
[2025-06-13T14:35:57.867-0400] {logging_mixin.py:190} INFO - [2025-06-13T14:35:57.867-0400] {dag.py:4180} INFO - Setting next_dagrun for example_xcom_args_with_operators to None, run_after=None
[2025-06-13T14:35:57.879-0400] {processor.py:208} INFO - Processing /Users/pranavr/.pyenv/versions/3.11.6/lib/python3.11/site-packages/airflow/example_dags/example_xcomargs.py took 170.025 seconds
[2025-06-13T14:37:28.177-0400] {processor.py:186} INFO - Started process (PID=11091) to work on /Users/pranavr/.pyenv/versions/3.11.6/lib/python3.11/site-packages/airflow/example_dags/example_xcomargs.py
[2025-06-13T14:37:28.179-0400] {processor.py:914} INFO - Processing file /Users/pranavr/.pyenv/versions/3.11.6/lib/python3.11/site-packages/airflow/example_dags/example_xcomargs.py for tasks to queue
[2025-06-13T14:37:28.182-0400] {logging_mixin.py:190} INFO - [2025-06-13T14:37:28.181-0400] {dagbag.py:588} INFO - Filling up the DagBag from /Users/pranavr/.pyenv/versions/3.11.6/lib/python3.11/site-packages/airflow/example_dags/example_xcomargs.py
[2025-06-13T14:37:28.201-0400] {processor.py:925} INFO - DAG(s) 'example_xcom_args_with_operators', 'example_xcom_args' retrieved from /Users/pranavr/.pyenv/versions/3.11.6/lib/python3.11/site-packages/airflow/example_dags/example_xcomargs.py
[2025-06-13T14:37:28.293-0400] {logging_mixin.py:190} INFO - [2025-06-13T14:37:28.292-0400] {dag.py:3239} INFO - Sync 2 DAGs
[2025-06-13T14:37:28.299-0400] {logging_mixin.py:190} INFO - [2025-06-13T14:37:28.299-0400] {dag.py:4180} INFO - Setting next_dagrun for example_xcom_args to None, run_after=None
[2025-06-13T14:37:28.301-0400] {logging_mixin.py:190} INFO - [2025-06-13T14:37:28.301-0400] {dag.py:4180} INFO - Setting next_dagrun for example_xcom_args_with_operators to None, run_after=None
[2025-06-13T14:37:28.309-0400] {processor.py:208} INFO - Processing /Users/pranavr/.pyenv/versions/3.11.6/lib/python3.11/site-packages/airflow/example_dags/example_xcomargs.py took 133.456 seconds
[2025-06-13T14:38:56.970-0400] {processor.py:186} INFO - Started process (PID=11266) to work on /Users/pranavr/.pyenv/versions/3.11.6/lib/python3.11/site-packages/airflow/example_dags/example_xcomargs.py
[2025-06-13T14:38:56.972-0400] {processor.py:914} INFO - Processing file /Users/pranavr/.pyenv/versions/3.11.6/lib/python3.11/site-packages/airflow/example_dags/example_xcomargs.py for tasks to queue
[2025-06-13T14:38:56.972-0400] {logging_mixin.py:190} INFO - [2025-06-13T14:38:56.972-0400] {dagbag.py:588} INFO - Filling up the DagBag from /Users/pranavr/.pyenv/versions/3.11.6/lib/python3.11/site-packages/airflow/example_dags/example_xcomargs.py
[2025-06-13T14:38:56.988-0400] {processor.py:925} INFO - DAG(s) 'example_xcom_args', 'example_xcom_args_with_operators' retrieved from /Users/pranavr/.pyenv/versions/3.11.6/lib/python3.11/site-packages/airflow/example_dags/example_xcomargs.py
[2025-06-13T14:38:57.058-0400] {logging_mixin.py:190} INFO - [2025-06-13T14:38:57.058-0400] {dag.py:3239} INFO - Sync 2 DAGs
[2025-06-13T14:38:57.063-0400] {logging_mixin.py:190} INFO - [2025-06-13T14:38:57.063-0400] {dag.py:4180} INFO - Setting next_dagrun for example_xcom_args to None, run_after=None
[2025-06-13T14:38:57.065-0400] {logging_mixin.py:190} INFO - [2025-06-13T14:38:57.065-0400] {dag.py:4180} INFO - Setting next_dagrun for example_xcom_args_with_operators to None, run_after=None
[2025-06-13T14:38:57.071-0400] {processor.py:208} INFO - Processing /Users/pranavr/.pyenv/versions/3.11.6/lib/python3.11/site-packages/airflow/example_dags/example_xcomargs.py took 103.180 seconds
[2025-06-13T14:40:17.650-0400] {processor.py:186} INFO - Started process (PID=11555) to work on /Users/pranavr/.pyenv/versions/3.11.6/lib/python3.11/site-packages/airflow/example_dags/example_xcomargs.py
[2025-06-13T14:40:17.651-0400] {processor.py:914} INFO - Processing file /Users/pranavr/.pyenv/versions/3.11.6/lib/python3.11/site-packages/airflow/example_dags/example_xcomargs.py for tasks to queue
[2025-06-13T14:40:17.652-0400] {logging_mixin.py:190} INFO - [2025-06-13T14:40:17.652-0400] {dagbag.py:588} INFO - Filling up the DagBag from /Users/pranavr/.pyenv/versions/3.11.6/lib/python3.11/site-packages/airflow/example_dags/example_xcomargs.py
[2025-06-13T14:40:17.668-0400] {processor.py:925} INFO - DAG(s) 'example_xcom_args_with_operators', 'example_xcom_args' retrieved from /Users/pranavr/.pyenv/versions/3.11.6/lib/python3.11/site-packages/airflow/example_dags/example_xcomargs.py
[2025-06-13T14:40:17.736-0400] {logging_mixin.py:190} INFO - [2025-06-13T14:40:17.736-0400] {dag.py:3239} INFO - Sync 2 DAGs
[2025-06-13T14:40:17.740-0400] {logging_mixin.py:190} INFO - [2025-06-13T14:40:17.740-0400] {dag.py:4180} INFO - Setting next_dagrun for example_xcom_args to None, run_after=None
[2025-06-13T14:40:17.742-0400] {logging_mixin.py:190} INFO - [2025-06-13T14:40:17.742-0400] {dag.py:4180} INFO - Setting next_dagrun for example_xcom_args_with_operators to None, run_after=None
[2025-06-13T14:40:17.749-0400] {processor.py:208} INFO - Processing /Users/pranavr/.pyenv/versions/3.11.6/lib/python3.11/site-packages/airflow/example_dags/example_xcomargs.py took 100.770 seconds
[2025-06-13T14:41:34.663-0400] {processor.py:186} INFO - Started process (PID=11756) to work on /Users/pranavr/.pyenv/versions/3.11.6/lib/python3.11/site-packages/airflow/example_dags/example_xcomargs.py
[2025-06-13T14:41:34.665-0400] {processor.py:914} INFO - Processing file /Users/pranavr/.pyenv/versions/3.11.6/lib/python3.11/site-packages/airflow/example_dags/example_xcomargs.py for tasks to queue
[2025-06-13T14:41:34.665-0400] {logging_mixin.py:190} INFO - [2025-06-13T14:41:34.665-0400] {dagbag.py:588} INFO - Filling up the DagBag from /Users/pranavr/.pyenv/versions/3.11.6/lib/python3.11/site-packages/airflow/example_dags/example_xcomargs.py
[2025-06-13T14:41:34.683-0400] {processor.py:925} INFO - DAG(s) 'example_xcom_args', 'example_xcom_args_with_operators' retrieved from /Users/pranavr/.pyenv/versions/3.11.6/lib/python3.11/site-packages/airflow/example_dags/example_xcomargs.py
[2025-06-13T14:41:34.753-0400] {logging_mixin.py:190} INFO - [2025-06-13T14:41:34.753-0400] {dag.py:3239} INFO - Sync 2 DAGs
[2025-06-13T14:41:34.758-0400] {logging_mixin.py:190} INFO - [2025-06-13T14:41:34.757-0400] {dag.py:4180} INFO - Setting next_dagrun for example_xcom_args to None, run_after=None
[2025-06-13T14:41:34.759-0400] {logging_mixin.py:190} INFO - [2025-06-13T14:41:34.759-0400] {dag.py:4180} INFO - Setting next_dagrun for example_xcom_args_with_operators to None, run_after=None
[2025-06-13T14:41:34.766-0400] {processor.py:208} INFO - Processing /Users/pranavr/.pyenv/versions/3.11.6/lib/python3.11/site-packages/airflow/example_dags/example_xcomargs.py took 104.384 seconds
[2025-06-13T14:42:48.130-0400] {processor.py:186} INFO - Started process (PID=11884) to work on /Users/pranavr/.pyenv/versions/3.11.6/lib/python3.11/site-packages/airflow/example_dags/example_xcomargs.py
[2025-06-13T14:42:48.132-0400] {processor.py:914} INFO - Processing file /Users/pranavr/.pyenv/versions/3.11.6/lib/python3.11/site-packages/airflow/example_dags/example_xcomargs.py for tasks to queue
[2025-06-13T14:42:48.132-0400] {logging_mixin.py:190} INFO - [2025-06-13T14:42:48.132-0400] {dagbag.py:588} INFO - Filling up the DagBag from /Users/pranavr/.pyenv/versions/3.11.6/lib/python3.11/site-packages/airflow/example_dags/example_xcomargs.py
[2025-06-13T14:42:48.148-0400] {processor.py:925} INFO - DAG(s) 'example_xcom_args', 'example_xcom_args_with_operators' retrieved from /Users/pranavr/.pyenv/versions/3.11.6/lib/python3.11/site-packages/airflow/example_dags/example_xcomargs.py
[2025-06-13T14:42:48.215-0400] {logging_mixin.py:190} INFO - [2025-06-13T14:42:48.215-0400] {dag.py:3239} INFO - Sync 2 DAGs
[2025-06-13T14:42:48.220-0400] {logging_mixin.py:190} INFO - [2025-06-13T14:42:48.220-0400] {dag.py:4180} INFO - Setting next_dagrun for example_xcom_args to None, run_after=None
[2025-06-13T14:42:48.221-0400] {logging_mixin.py:190} INFO - [2025-06-13T14:42:48.221-0400] {dag.py:4180} INFO - Setting next_dagrun for example_xcom_args_with_operators to None, run_after=None
[2025-06-13T14:42:48.228-0400] {processor.py:208} INFO - Processing /Users/pranavr/.pyenv/versions/3.11.6/lib/python3.11/site-packages/airflow/example_dags/example_xcomargs.py took 99.180 seconds
[2025-06-13T14:44:01.013-0400] {processor.py:186} INFO - Started process (PID=12015) to work on /Users/pranavr/.pyenv/versions/3.11.6/lib/python3.11/site-packages/airflow/example_dags/example_xcomargs.py
[2025-06-13T14:44:01.014-0400] {processor.py:914} INFO - Processing file /Users/pranavr/.pyenv/versions/3.11.6/lib/python3.11/site-packages/airflow/example_dags/example_xcomargs.py for tasks to queue
[2025-06-13T14:44:01.015-0400] {logging_mixin.py:190} INFO - [2025-06-13T14:44:01.015-0400] {dagbag.py:588} INFO - Filling up the DagBag from /Users/pranavr/.pyenv/versions/3.11.6/lib/python3.11/site-packages/airflow/example_dags/example_xcomargs.py
[2025-06-13T14:44:01.029-0400] {processor.py:925} INFO - DAG(s) 'example_xcom_args', 'example_xcom_args_with_operators' retrieved from /Users/pranavr/.pyenv/versions/3.11.6/lib/python3.11/site-packages/airflow/example_dags/example_xcomargs.py
[2025-06-13T14:44:01.091-0400] {logging_mixin.py:190} INFO - [2025-06-13T14:44:01.091-0400] {dag.py:3239} INFO - Sync 2 DAGs
[2025-06-13T14:44:01.095-0400] {logging_mixin.py:190} INFO - [2025-06-13T14:44:01.095-0400] {dag.py:4180} INFO - Setting next_dagrun for example_xcom_args to None, run_after=None
[2025-06-13T14:44:01.096-0400] {logging_mixin.py:190} INFO - [2025-06-13T14:44:01.096-0400] {dag.py:4180} INFO - Setting next_dagrun for example_xcom_args_with_operators to None, run_after=None
[2025-06-13T14:44:01.103-0400] {processor.py:208} INFO - Processing /Users/pranavr/.pyenv/versions/3.11.6/lib/python3.11/site-packages/airflow/example_dags/example_xcomargs.py took 91.130 seconds
[2025-06-13T14:45:15.971-0400] {processor.py:186} INFO - Started process (PID=12171) to work on /Users/pranavr/.pyenv/versions/3.11.6/lib/python3.11/site-packages/airflow/example_dags/example_xcomargs.py
[2025-06-13T14:45:15.973-0400] {processor.py:914} INFO - Processing file /Users/pranavr/.pyenv/versions/3.11.6/lib/python3.11/site-packages/airflow/example_dags/example_xcomargs.py for tasks to queue
[2025-06-13T14:45:15.974-0400] {logging_mixin.py:190} INFO - [2025-06-13T14:45:15.974-0400] {dagbag.py:588} INFO - Filling up the DagBag from /Users/pranavr/.pyenv/versions/3.11.6/lib/python3.11/site-packages/airflow/example_dags/example_xcomargs.py
[2025-06-13T14:45:15.989-0400] {processor.py:925} INFO - DAG(s) 'example_xcom_args', 'example_xcom_args_with_operators' retrieved from /Users/pranavr/.pyenv/versions/3.11.6/lib/python3.11/site-packages/airflow/example_dags/example_xcomargs.py
[2025-06-13T14:45:16.056-0400] {logging_mixin.py:190} INFO - [2025-06-13T14:45:16.056-0400] {dag.py:3239} INFO - Sync 2 DAGs
[2025-06-13T14:45:16.062-0400] {logging_mixin.py:190} INFO - [2025-06-13T14:45:16.061-0400] {dag.py:4180} INFO - Setting next_dagrun for example_xcom_args to None, run_after=None
[2025-06-13T14:45:16.063-0400] {logging_mixin.py:190} INFO - [2025-06-13T14:45:16.063-0400] {dag.py:4180} INFO - Setting next_dagrun for example_xcom_args_with_operators to None, run_after=None
[2025-06-13T14:45:16.070-0400] {processor.py:208} INFO - Processing /Users/pranavr/.pyenv/versions/3.11.6/lib/python3.11/site-packages/airflow/example_dags/example_xcomargs.py took 99.695 seconds
[2025-06-13T14:46:27.224-0400] {processor.py:186} INFO - Started process (PID=12328) to work on /Users/pranavr/.pyenv/versions/3.11.6/lib/python3.11/site-packages/airflow/example_dags/example_xcomargs.py
[2025-06-13T14:46:27.226-0400] {processor.py:914} INFO - Processing file /Users/pranavr/.pyenv/versions/3.11.6/lib/python3.11/site-packages/airflow/example_dags/example_xcomargs.py for tasks to queue
[2025-06-13T14:46:27.226-0400] {logging_mixin.py:190} INFO - [2025-06-13T14:46:27.226-0400] {dagbag.py:588} INFO - Filling up the DagBag from /Users/pranavr/.pyenv/versions/3.11.6/lib/python3.11/site-packages/airflow/example_dags/example_xcomargs.py
[2025-06-13T14:46:27.240-0400] {processor.py:925} INFO - DAG(s) 'example_xcom_args', 'example_xcom_args_with_operators' retrieved from /Users/pranavr/.pyenv/versions/3.11.6/lib/python3.11/site-packages/airflow/example_dags/example_xcomargs.py
[2025-06-13T14:46:27.305-0400] {logging_mixin.py:190} INFO - [2025-06-13T14:46:27.305-0400] {dag.py:3239} INFO - Sync 2 DAGs
[2025-06-13T14:46:27.310-0400] {logging_mixin.py:190} INFO - [2025-06-13T14:46:27.310-0400] {dag.py:4180} INFO - Setting next_dagrun for example_xcom_args to None, run_after=None
[2025-06-13T14:46:27.311-0400] {logging_mixin.py:190} INFO - [2025-06-13T14:46:27.311-0400] {dag.py:4180} INFO - Setting next_dagrun for example_xcom_args_with_operators to None, run_after=None
[2025-06-13T14:46:27.317-0400] {processor.py:208} INFO - Processing /Users/pranavr/.pyenv/versions/3.11.6/lib/python3.11/site-packages/airflow/example_dags/example_xcomargs.py took 94.426 seconds
[2025-06-13T14:47:38.295-0400] {processor.py:186} INFO - Started process (PID=12417) to work on /Users/pranavr/.pyenv/versions/3.11.6/lib/python3.11/site-packages/airflow/example_dags/example_xcomargs.py
[2025-06-13T14:47:38.297-0400] {processor.py:914} INFO - Processing file /Users/pranavr/.pyenv/versions/3.11.6/lib/python3.11/site-packages/airflow/example_dags/example_xcomargs.py for tasks to queue
[2025-06-13T14:47:38.297-0400] {logging_mixin.py:190} INFO - [2025-06-13T14:47:38.297-0400] {dagbag.py:588} INFO - Filling up the DagBag from /Users/pranavr/.pyenv/versions/3.11.6/lib/python3.11/site-packages/airflow/example_dags/example_xcomargs.py
[2025-06-13T14:47:38.312-0400] {processor.py:925} INFO - DAG(s) 'example_xcom_args', 'example_xcom_args_with_operators' retrieved from /Users/pranavr/.pyenv/versions/3.11.6/lib/python3.11/site-packages/airflow/example_dags/example_xcomargs.py
[2025-06-13T14:47:38.373-0400] {logging_mixin.py:190} INFO - [2025-06-13T14:47:38.373-0400] {dag.py:3239} INFO - Sync 2 DAGs
[2025-06-13T14:47:38.377-0400] {logging_mixin.py:190} INFO - [2025-06-13T14:47:38.377-0400] {dag.py:4180} INFO - Setting next_dagrun for example_xcom_args to None, run_after=None
[2025-06-13T14:47:38.378-0400] {logging_mixin.py:190} INFO - [2025-06-13T14:47:38.378-0400] {dag.py:4180} INFO - Setting next_dagrun for example_xcom_args_with_operators to None, run_after=None
[2025-06-13T14:47:38.384-0400] {processor.py:208} INFO - Processing /Users/pranavr/.pyenv/versions/3.11.6/lib/python3.11/site-packages/airflow/example_dags/example_xcomargs.py took 89.925 seconds
[2025-06-13T14:48:55.834-0400] {processor.py:186} INFO - Started process (PID=12529) to work on /Users/pranavr/.pyenv/versions/3.11.6/lib/python3.11/site-packages/airflow/example_dags/example_xcomargs.py
[2025-06-13T14:48:55.836-0400] {processor.py:914} INFO - Processing file /Users/pranavr/.pyenv/versions/3.11.6/lib/python3.11/site-packages/airflow/example_dags/example_xcomargs.py for tasks to queue
[2025-06-13T14:48:55.836-0400] {logging_mixin.py:190} INFO - [2025-06-13T14:48:55.836-0400] {dagbag.py:588} INFO - Filling up the DagBag from /Users/pranavr/.pyenv/versions/3.11.6/lib/python3.11/site-packages/airflow/example_dags/example_xcomargs.py
[2025-06-13T14:48:55.851-0400] {processor.py:925} INFO - DAG(s) 'example_xcom_args_with_operators', 'example_xcom_args' retrieved from /Users/pranavr/.pyenv/versions/3.11.6/lib/python3.11/site-packages/airflow/example_dags/example_xcomargs.py
[2025-06-13T14:48:55.919-0400] {logging_mixin.py:190} INFO - [2025-06-13T14:48:55.919-0400] {dag.py:3239} INFO - Sync 2 DAGs
[2025-06-13T14:48:55.923-0400] {logging_mixin.py:190} INFO - [2025-06-13T14:48:55.923-0400] {dag.py:4180} INFO - Setting next_dagrun for example_xcom_args to None, run_after=None
[2025-06-13T14:48:55.925-0400] {logging_mixin.py:190} INFO - [2025-06-13T14:48:55.924-0400] {dag.py:4180} INFO - Setting next_dagrun for example_xcom_args_with_operators to None, run_after=None
[2025-06-13T14:48:55.931-0400] {processor.py:208} INFO - Processing /Users/pranavr/.pyenv/versions/3.11.6/lib/python3.11/site-packages/airflow/example_dags/example_xcomargs.py took 98.618 seconds
[2025-06-13T14:50:08.882-0400] {processor.py:186} INFO - Started process (PID=12681) to work on /Users/pranavr/.pyenv/versions/3.11.6/lib/python3.11/site-packages/airflow/example_dags/example_xcomargs.py
[2025-06-13T14:50:08.885-0400] {processor.py:914} INFO - Processing file /Users/pranavr/.pyenv/versions/3.11.6/lib/python3.11/site-packages/airflow/example_dags/example_xcomargs.py for tasks to queue
[2025-06-13T14:50:08.885-0400] {logging_mixin.py:190} INFO - [2025-06-13T14:50:08.885-0400] {dagbag.py:588} INFO - Filling up the DagBag from /Users/pranavr/.pyenv/versions/3.11.6/lib/python3.11/site-packages/airflow/example_dags/example_xcomargs.py
[2025-06-13T14:50:08.900-0400] {processor.py:925} INFO - DAG(s) 'example_xcom_args_with_operators', 'example_xcom_args' retrieved from /Users/pranavr/.pyenv/versions/3.11.6/lib/python3.11/site-packages/airflow/example_dags/example_xcomargs.py
[2025-06-13T14:50:08.963-0400] {logging_mixin.py:190} INFO - [2025-06-13T14:50:08.963-0400] {dag.py:3239} INFO - Sync 2 DAGs
[2025-06-13T14:50:08.967-0400] {logging_mixin.py:190} INFO - [2025-06-13T14:50:08.967-0400] {dag.py:4180} INFO - Setting next_dagrun for example_xcom_args to None, run_after=None
[2025-06-13T14:50:08.968-0400] {logging_mixin.py:190} INFO - [2025-06-13T14:50:08.968-0400] {dag.py:4180} INFO - Setting next_dagrun for example_xcom_args_with_operators to None, run_after=None
[2025-06-13T14:50:08.974-0400] {processor.py:208} INFO - Processing /Users/pranavr/.pyenv/versions/3.11.6/lib/python3.11/site-packages/airflow/example_dags/example_xcomargs.py took 93.748 seconds
[2025-06-13T14:51:21.974-0400] {processor.py:186} INFO - Started process (PID=12788) to work on /Users/pranavr/.pyenv/versions/3.11.6/lib/python3.11/site-packages/airflow/example_dags/example_xcomargs.py
[2025-06-13T14:51:21.977-0400] {processor.py:914} INFO - Processing file /Users/pranavr/.pyenv/versions/3.11.6/lib/python3.11/site-packages/airflow/example_dags/example_xcomargs.py for tasks to queue
[2025-06-13T14:51:21.977-0400] {logging_mixin.py:190} INFO - [2025-06-13T14:51:21.977-0400] {dagbag.py:588} INFO - Filling up the DagBag from /Users/pranavr/.pyenv/versions/3.11.6/lib/python3.11/site-packages/airflow/example_dags/example_xcomargs.py
[2025-06-13T14:51:21.992-0400] {processor.py:925} INFO - DAG(s) 'example_xcom_args_with_operators', 'example_xcom_args' retrieved from /Users/pranavr/.pyenv/versions/3.11.6/lib/python3.11/site-packages/airflow/example_dags/example_xcomargs.py
[2025-06-13T14:51:22.062-0400] {logging_mixin.py:190} INFO - [2025-06-13T14:51:22.062-0400] {dag.py:3239} INFO - Sync 2 DAGs
[2025-06-13T14:51:22.067-0400] {logging_mixin.py:190} INFO - [2025-06-13T14:51:22.067-0400] {dag.py:4180} INFO - Setting next_dagrun for example_xcom_args to None, run_after=None
[2025-06-13T14:51:22.068-0400] {logging_mixin.py:190} INFO - [2025-06-13T14:51:22.068-0400] {dag.py:4180} INFO - Setting next_dagrun for example_xcom_args_with_operators to None, run_after=None
[2025-06-13T14:51:22.075-0400] {processor.py:208} INFO - Processing /Users/pranavr/.pyenv/versions/3.11.6/lib/python3.11/site-packages/airflow/example_dags/example_xcomargs.py took 101.918 seconds
[2025-06-13T14:52:37.596-0400] {processor.py:186} INFO - Started process (PID=14027) to work on /Users/pranavr/.pyenv/versions/3.11.6/lib/python3.11/site-packages/airflow/example_dags/example_xcomargs.py
[2025-06-13T14:52:37.599-0400] {processor.py:914} INFO - Processing file /Users/pranavr/.pyenv/versions/3.11.6/lib/python3.11/site-packages/airflow/example_dags/example_xcomargs.py for tasks to queue
[2025-06-13T14:52:37.600-0400] {logging_mixin.py:190} INFO - [2025-06-13T14:52:37.599-0400] {dagbag.py:588} INFO - Filling up the DagBag from /Users/pranavr/.pyenv/versions/3.11.6/lib/python3.11/site-packages/airflow/example_dags/example_xcomargs.py
[2025-06-13T14:52:37.614-0400] {processor.py:925} INFO - DAG(s) 'example_xcom_args', 'example_xcom_args_with_operators' retrieved from /Users/pranavr/.pyenv/versions/3.11.6/lib/python3.11/site-packages/airflow/example_dags/example_xcomargs.py
[2025-06-13T14:52:37.676-0400] {logging_mixin.py:190} INFO - [2025-06-13T14:52:37.676-0400] {dag.py:3239} INFO - Sync 2 DAGs
[2025-06-13T14:52:37.680-0400] {logging_mixin.py:190} INFO - [2025-06-13T14:52:37.680-0400] {dag.py:4180} INFO - Setting next_dagrun for example_xcom_args to None, run_after=None
[2025-06-13T14:52:37.681-0400] {logging_mixin.py:190} INFO - [2025-06-13T14:52:37.681-0400] {dag.py:4180} INFO - Setting next_dagrun for example_xcom_args_with_operators to None, run_after=None
[2025-06-13T14:52:37.688-0400] {processor.py:208} INFO - Processing /Users/pranavr/.pyenv/versions/3.11.6/lib/python3.11/site-packages/airflow/example_dags/example_xcomargs.py took 92.649 seconds
[2025-06-13T14:53:50.776-0400] {processor.py:186} INFO - Started process (PID=14118) to work on /Users/pranavr/.pyenv/versions/3.11.6/lib/python3.11/site-packages/airflow/example_dags/example_xcomargs.py
[2025-06-13T14:53:50.778-0400] {processor.py:914} INFO - Processing file /Users/pranavr/.pyenv/versions/3.11.6/lib/python3.11/site-packages/airflow/example_dags/example_xcomargs.py for tasks to queue
[2025-06-13T14:53:50.778-0400] {logging_mixin.py:190} INFO - [2025-06-13T14:53:50.778-0400] {dagbag.py:588} INFO - Filling up the DagBag from /Users/pranavr/.pyenv/versions/3.11.6/lib/python3.11/site-packages/airflow/example_dags/example_xcomargs.py
[2025-06-13T14:53:50.793-0400] {processor.py:925} INFO - DAG(s) 'example_xcom_args', 'example_xcom_args_with_operators' retrieved from /Users/pranavr/.pyenv/versions/3.11.6/lib/python3.11/site-packages/airflow/example_dags/example_xcomargs.py
[2025-06-13T14:53:50.855-0400] {logging_mixin.py:190} INFO - [2025-06-13T14:53:50.855-0400] {dag.py:3239} INFO - Sync 2 DAGs
[2025-06-13T14:53:50.860-0400] {logging_mixin.py:190} INFO - [2025-06-13T14:53:50.860-0400] {dag.py:4180} INFO - Setting next_dagrun for example_xcom_args to None, run_after=None
[2025-06-13T14:53:50.861-0400] {logging_mixin.py:190} INFO - [2025-06-13T14:53:50.861-0400] {dag.py:4180} INFO - Setting next_dagrun for example_xcom_args_with_operators to None, run_after=None
[2025-06-13T14:53:50.867-0400] {processor.py:208} INFO - Processing /Users/pranavr/.pyenv/versions/3.11.6/lib/python3.11/site-packages/airflow/example_dags/example_xcomargs.py took 92.023 seconds
[2025-06-13T14:55:09.779-0400] {processor.py:186} INFO - Started process (PID=14234) to work on /Users/pranavr/.pyenv/versions/3.11.6/lib/python3.11/site-packages/airflow/example_dags/example_xcomargs.py
[2025-06-13T14:55:09.781-0400] {processor.py:914} INFO - Processing file /Users/pranavr/.pyenv/versions/3.11.6/lib/python3.11/site-packages/airflow/example_dags/example_xcomargs.py for tasks to queue
[2025-06-13T14:55:09.782-0400] {logging_mixin.py:190} INFO - [2025-06-13T14:55:09.782-0400] {dagbag.py:588} INFO - Filling up the DagBag from /Users/pranavr/.pyenv/versions/3.11.6/lib/python3.11/site-packages/airflow/example_dags/example_xcomargs.py
[2025-06-13T14:55:09.799-0400] {processor.py:925} INFO - DAG(s) 'example_xcom_args', 'example_xcom_args_with_operators' retrieved from /Users/pranavr/.pyenv/versions/3.11.6/lib/python3.11/site-packages/airflow/example_dags/example_xcomargs.py
[2025-06-13T14:55:09.873-0400] {logging_mixin.py:190} INFO - [2025-06-13T14:55:09.873-0400] {dag.py:3239} INFO - Sync 2 DAGs
[2025-06-13T14:55:09.878-0400] {logging_mixin.py:190} INFO - [2025-06-13T14:55:09.878-0400] {dag.py:4180} INFO - Setting next_dagrun for example_xcom_args to None, run_after=None
[2025-06-13T14:55:09.880-0400] {logging_mixin.py:190} INFO - [2025-06-13T14:55:09.880-0400] {dag.py:4180} INFO - Setting next_dagrun for example_xcom_args_with_operators to None, run_after=None
[2025-06-13T14:55:09.887-0400] {processor.py:208} INFO - Processing /Users/pranavr/.pyenv/versions/3.11.6/lib/python3.11/site-packages/airflow/example_dags/example_xcomargs.py took 109.632 seconds
[2025-06-13T14:56:26.337-0400] {processor.py:186} INFO - Started process (PID=14383) to work on /Users/pranavr/.pyenv/versions/3.11.6/lib/python3.11/site-packages/airflow/example_dags/example_xcomargs.py
[2025-06-13T14:56:26.340-0400] {processor.py:914} INFO - Processing file /Users/pranavr/.pyenv/versions/3.11.6/lib/python3.11/site-packages/airflow/example_dags/example_xcomargs.py for tasks to queue
[2025-06-13T14:56:26.340-0400] {logging_mixin.py:190} INFO - [2025-06-13T14:56:26.340-0400] {dagbag.py:588} INFO - Filling up the DagBag from /Users/pranavr/.pyenv/versions/3.11.6/lib/python3.11/site-packages/airflow/example_dags/example_xcomargs.py
[2025-06-13T14:56:26.355-0400] {processor.py:925} INFO - DAG(s) 'example_xcom_args_with_operators', 'example_xcom_args' retrieved from /Users/pranavr/.pyenv/versions/3.11.6/lib/python3.11/site-packages/airflow/example_dags/example_xcomargs.py
[2025-06-13T14:56:26.417-0400] {logging_mixin.py:190} INFO - [2025-06-13T14:56:26.417-0400] {dag.py:3239} INFO - Sync 2 DAGs
[2025-06-13T14:56:26.422-0400] {logging_mixin.py:190} INFO - [2025-06-13T14:56:26.421-0400] {dag.py:4180} INFO - Setting next_dagrun for example_xcom_args to None, run_after=None
[2025-06-13T14:56:26.423-0400] {logging_mixin.py:190} INFO - [2025-06-13T14:56:26.423-0400] {dag.py:4180} INFO - Setting next_dagrun for example_xcom_args_with_operators to None, run_after=None
[2025-06-13T14:56:26.429-0400] {processor.py:208} INFO - Processing /Users/pranavr/.pyenv/versions/3.11.6/lib/python3.11/site-packages/airflow/example_dags/example_xcomargs.py took 93.323 seconds
[2025-06-13T14:57:41.284-0400] {processor.py:186} INFO - Started process (PID=14563) to work on /Users/pranavr/.pyenv/versions/3.11.6/lib/python3.11/site-packages/airflow/example_dags/example_xcomargs.py
[2025-06-13T14:57:41.286-0400] {processor.py:914} INFO - Processing file /Users/pranavr/.pyenv/versions/3.11.6/lib/python3.11/site-packages/airflow/example_dags/example_xcomargs.py for tasks to queue
[2025-06-13T14:57:41.287-0400] {logging_mixin.py:190} INFO - [2025-06-13T14:57:41.286-0400] {dagbag.py:588} INFO - Filling up the DagBag from /Users/pranavr/.pyenv/versions/3.11.6/lib/python3.11/site-packages/airflow/example_dags/example_xcomargs.py
[2025-06-13T14:57:41.303-0400] {processor.py:925} INFO - DAG(s) 'example_xcom_args_with_operators', 'example_xcom_args' retrieved from /Users/pranavr/.pyenv/versions/3.11.6/lib/python3.11/site-packages/airflow/example_dags/example_xcomargs.py
[2025-06-13T14:57:41.370-0400] {logging_mixin.py:190} INFO - [2025-06-13T14:57:41.369-0400] {dag.py:3239} INFO - Sync 2 DAGs
[2025-06-13T14:57:41.374-0400] {logging_mixin.py:190} INFO - [2025-06-13T14:57:41.374-0400] {dag.py:4180} INFO - Setting next_dagrun for example_xcom_args to None, run_after=None
[2025-06-13T14:57:41.375-0400] {logging_mixin.py:190} INFO - [2025-06-13T14:57:41.375-0400] {dag.py:4180} INFO - Setting next_dagrun for example_xcom_args_with_operators to None, run_after=None
[2025-06-13T14:57:41.381-0400] {processor.py:208} INFO - Processing /Users/pranavr/.pyenv/versions/3.11.6/lib/python3.11/site-packages/airflow/example_dags/example_xcomargs.py took 98.590 seconds
[2025-06-13T14:59:06.277-0400] {processor.py:186} INFO - Started process (PID=14732) to work on /Users/pranavr/.pyenv/versions/3.11.6/lib/python3.11/site-packages/airflow/example_dags/example_xcomargs.py
[2025-06-13T14:59:06.279-0400] {processor.py:914} INFO - Processing file /Users/pranavr/.pyenv/versions/3.11.6/lib/python3.11/site-packages/airflow/example_dags/example_xcomargs.py for tasks to queue
[2025-06-13T14:59:06.280-0400] {logging_mixin.py:190} INFO - [2025-06-13T14:59:06.280-0400] {dagbag.py:588} INFO - Filling up the DagBag from /Users/pranavr/.pyenv/versions/3.11.6/lib/python3.11/site-packages/airflow/example_dags/example_xcomargs.py
[2025-06-13T14:59:06.296-0400] {processor.py:925} INFO - DAG(s) 'example_xcom_args', 'example_xcom_args_with_operators' retrieved from /Users/pranavr/.pyenv/versions/3.11.6/lib/python3.11/site-packages/airflow/example_dags/example_xcomargs.py
[2025-06-13T14:59:06.371-0400] {logging_mixin.py:190} INFO - [2025-06-13T14:59:06.371-0400] {dag.py:3239} INFO - Sync 2 DAGs
[2025-06-13T14:59:06.378-0400] {logging_mixin.py:190} INFO - [2025-06-13T14:59:06.378-0400] {dag.py:4180} INFO - Setting next_dagrun for example_xcom_args to None, run_after=None
[2025-06-13T14:59:06.379-0400] {logging_mixin.py:190} INFO - [2025-06-13T14:59:06.379-0400] {dag.py:4180} INFO - Setting next_dagrun for example_xcom_args_with_operators to None, run_after=None
[2025-06-13T14:59:06.385-0400] {processor.py:208} INFO - Processing /Users/pranavr/.pyenv/versions/3.11.6/lib/python3.11/site-packages/airflow/example_dags/example_xcomargs.py took 109.490 seconds
[2025-06-13T15:00:36.262-0400] {processor.py:186} INFO - Started process (PID=15063) to work on /Users/pranavr/.pyenv/versions/3.11.6/lib/python3.11/site-packages/airflow/example_dags/example_xcomargs.py
[2025-06-13T15:00:36.265-0400] {processor.py:914} INFO - Processing file /Users/pranavr/.pyenv/versions/3.11.6/lib/python3.11/site-packages/airflow/example_dags/example_xcomargs.py for tasks to queue
[2025-06-13T15:00:36.266-0400] {logging_mixin.py:190} INFO - [2025-06-13T15:00:36.266-0400] {dagbag.py:588} INFO - Filling up the DagBag from /Users/pranavr/.pyenv/versions/3.11.6/lib/python3.11/site-packages/airflow/example_dags/example_xcomargs.py
[2025-06-13T15:00:36.290-0400] {processor.py:925} INFO - DAG(s) 'example_xcom_args_with_operators', 'example_xcom_args' retrieved from /Users/pranavr/.pyenv/versions/3.11.6/lib/python3.11/site-packages/airflow/example_dags/example_xcomargs.py
[2025-06-13T15:00:36.359-0400] {logging_mixin.py:190} INFO - [2025-06-13T15:00:36.359-0400] {dag.py:3239} INFO - Sync 2 DAGs
[2025-06-13T15:00:36.364-0400] {logging_mixin.py:190} INFO - [2025-06-13T15:00:36.364-0400] {dag.py:4180} INFO - Setting next_dagrun for example_xcom_args to None, run_after=None
[2025-06-13T15:00:36.366-0400] {logging_mixin.py:190} INFO - [2025-06-13T15:00:36.366-0400] {dag.py:4180} INFO - Setting next_dagrun for example_xcom_args_with_operators to None, run_after=None
[2025-06-13T15:00:36.372-0400] {processor.py:208} INFO - Processing /Users/pranavr/.pyenv/versions/3.11.6/lib/python3.11/site-packages/airflow/example_dags/example_xcomargs.py took 111.362 seconds
