[2025-06-13T14:10:02.704-0400] {processor.py:153} INFO - Started process (PID=96568) to work on /Users/pranavr/drift-retrainer/venv311/lib/python3.11/site-packages/airflow/example_dags/example_short_circuit_operator.py
[2025-06-13T14:10:02.705-0400] {processor.py:743} INFO - Processing file /Users/pranavr/drift-retrainer/venv311/lib/python3.11/site-packages/airflow/example_dags/example_short_circuit_operator.py for tasks to queue
[2025-06-13T14:10:02.706-0400] {logging_mixin.py:137} INFO - [2025-06-13T14:10:02.706-0400] {dagbag.py:538} INFO - Filling up the DagBag from /Users/pranavr/drift-retrainer/venv311/lib/python3.11/site-packages/airflow/example_dags/example_short_circuit_operator.py
[2025-06-13T14:10:02.736-0400] {processor.py:753} INFO - DAG(s) dict_keys(['example_short_circuit_operator']) retrieved from /Users/pranavr/drift-retrainer/venv311/lib/python3.11/site-packages/airflow/example_dags/example_short_circuit_operator.py
[2025-06-13T14:10:03.255-0400] {logging_mixin.py:137} INFO - [2025-06-13T14:10:03.254-0400] {manager.py:504} INFO - Created Permission View: can read on DAG:example_short_circuit_operator
[2025-06-13T14:10:03.259-0400] {logging_mixin.py:137} INFO - [2025-06-13T14:10:03.259-0400] {manager.py:504} INFO - Created Permission View: can edit on DAG:example_short_circuit_operator
[2025-06-13T14:10:03.262-0400] {logging_mixin.py:137} INFO - [2025-06-13T14:10:03.262-0400] {manager.py:504} INFO - Created Permission View: can delete on DAG:example_short_circuit_operator
[2025-06-13T14:10:03.262-0400] {logging_mixin.py:137} INFO - [2025-06-13T14:10:03.262-0400] {dag.py:2690} INFO - Sync 1 DAGs
[2025-06-13T14:10:03.267-0400] {logging_mixin.py:137} INFO - [2025-06-13T14:10:03.266-0400] {dag.py:2711} INFO - Creating ORM DAG for example_short_circuit_operator
[2025-06-13T14:10:03.270-0400] {logging_mixin.py:137} INFO - [2025-06-13T14:10:03.270-0400] {dag.py:3437} INFO - Setting next_dagrun for example_short_circuit_operator to 2025-06-12T18:10:03.270526+00:00, run_after=2025-06-13T18:10:03.270526+00:00
[2025-06-13T14:10:03.279-0400] {processor.py:175} INFO - Processing /Users/pranavr/drift-retrainer/venv311/lib/python3.11/site-packages/airflow/example_dags/example_short_circuit_operator.py took 0.576 seconds
[2025-06-13T14:11:30.587-0400] {processor.py:153} INFO - Started process (PID=97417) to work on /Users/pranavr/drift-retrainer/venv311/lib/python3.11/site-packages/airflow/example_dags/example_short_circuit_operator.py
[2025-06-13T14:11:30.620-0400] {processor.py:743} INFO - Processing file /Users/pranavr/drift-retrainer/venv311/lib/python3.11/site-packages/airflow/example_dags/example_short_circuit_operator.py for tasks to queue
[2025-06-13T14:11:30.620-0400] {logging_mixin.py:137} INFO - [2025-06-13T14:11:30.620-0400] {dagbag.py:538} INFO - Filling up the DagBag from /Users/pranavr/drift-retrainer/venv311/lib/python3.11/site-packages/airflow/example_dags/example_short_circuit_operator.py
[2025-06-13T14:11:30.650-0400] {processor.py:753} INFO - DAG(s) dict_keys(['example_short_circuit_operator']) retrieved from /Users/pranavr/drift-retrainer/venv311/lib/python3.11/site-packages/airflow/example_dags/example_short_circuit_operator.py
[2025-06-13T14:11:31.117-0400] {logging_mixin.py:137} INFO - [2025-06-13T14:11:31.117-0400] {dag.py:2690} INFO - Sync 1 DAGs
[2025-06-13T14:11:31.126-0400] {logging_mixin.py:137} INFO - [2025-06-13T14:11:31.126-0400] {dag.py:3437} INFO - Setting next_dagrun for example_short_circuit_operator to 2025-06-12T18:11:31.126579+00:00, run_after=2025-06-13T18:11:31.126579+00:00
[2025-06-13T14:11:31.136-0400] {processor.py:175} INFO - Processing /Users/pranavr/drift-retrainer/venv311/lib/python3.11/site-packages/airflow/example_dags/example_short_circuit_operator.py took 0.549 seconds
[2025-06-13T14:13:24.946-0400] {processor.py:153} INFO - Started process (PID=97917) to work on /Users/pranavr/drift-retrainer/venv311/lib/python3.11/site-packages/airflow/example_dags/example_short_circuit_operator.py
[2025-06-13T14:13:24.948-0400] {processor.py:743} INFO - Processing file /Users/pranavr/drift-retrainer/venv311/lib/python3.11/site-packages/airflow/example_dags/example_short_circuit_operator.py for tasks to queue
[2025-06-13T14:13:24.949-0400] {logging_mixin.py:137} INFO - [2025-06-13T14:13:24.949-0400] {dagbag.py:538} INFO - Filling up the DagBag from /Users/pranavr/drift-retrainer/venv311/lib/python3.11/site-packages/airflow/example_dags/example_short_circuit_operator.py
[2025-06-13T14:13:24.971-0400] {processor.py:753} INFO - DAG(s) dict_keys(['example_short_circuit_operator']) retrieved from /Users/pranavr/drift-retrainer/venv311/lib/python3.11/site-packages/airflow/example_dags/example_short_circuit_operator.py
[2025-06-13T14:13:25.452-0400] {logging_mixin.py:137} INFO - [2025-06-13T14:13:25.452-0400] {dag.py:2690} INFO - Sync 1 DAGs
[2025-06-13T14:13:25.460-0400] {logging_mixin.py:137} INFO - [2025-06-13T14:13:25.460-0400] {dag.py:3437} INFO - Setting next_dagrun for example_short_circuit_operator to 2025-06-12T18:13:25.460656+00:00, run_after=2025-06-13T18:13:25.460656+00:00
[2025-06-13T14:13:25.481-0400] {processor.py:175} INFO - Processing /Users/pranavr/drift-retrainer/venv311/lib/python3.11/site-packages/airflow/example_dags/example_short_circuit_operator.py took 0.535 seconds
[2025-06-13T14:15:15.758-0400] {processor.py:153} INFO - Started process (PID=2608) to work on /Users/pranavr/drift-retrainer/venv311/lib/python3.11/site-packages/airflow/example_dags/example_short_circuit_operator.py
[2025-06-13T14:15:15.760-0400] {processor.py:743} INFO - Processing file /Users/pranavr/drift-retrainer/venv311/lib/python3.11/site-packages/airflow/example_dags/example_short_circuit_operator.py for tasks to queue
[2025-06-13T14:15:15.760-0400] {logging_mixin.py:137} INFO - [2025-06-13T14:15:15.760-0400] {dagbag.py:538} INFO - Filling up the DagBag from /Users/pranavr/drift-retrainer/venv311/lib/python3.11/site-packages/airflow/example_dags/example_short_circuit_operator.py
[2025-06-13T14:15:15.785-0400] {processor.py:753} INFO - DAG(s) dict_keys(['example_short_circuit_operator']) retrieved from /Users/pranavr/drift-retrainer/venv311/lib/python3.11/site-packages/airflow/example_dags/example_short_circuit_operator.py
[2025-06-13T14:15:16.226-0400] {logging_mixin.py:137} INFO - [2025-06-13T14:15:16.226-0400] {dag.py:2690} INFO - Sync 1 DAGs
[2025-06-13T14:15:16.235-0400] {logging_mixin.py:137} INFO - [2025-06-13T14:15:16.235-0400] {dag.py:3437} INFO - Setting next_dagrun for example_short_circuit_operator to 2025-06-12T18:15:16.235462+00:00, run_after=2025-06-13T18:15:16.235462+00:00
[2025-06-13T14:15:16.245-0400] {processor.py:175} INFO - Processing /Users/pranavr/drift-retrainer/venv311/lib/python3.11/site-packages/airflow/example_dags/example_short_circuit_operator.py took 0.488 seconds
[2025-06-13T14:17:10.879-0400] {processor.py:153} INFO - Started process (PID=3982) to work on /Users/pranavr/drift-retrainer/venv311/lib/python3.11/site-packages/airflow/example_dags/example_short_circuit_operator.py
[2025-06-13T14:17:10.881-0400] {processor.py:743} INFO - Processing file /Users/pranavr/drift-retrainer/venv311/lib/python3.11/site-packages/airflow/example_dags/example_short_circuit_operator.py for tasks to queue
[2025-06-13T14:17:10.881-0400] {logging_mixin.py:137} INFO - [2025-06-13T14:17:10.881-0400] {dagbag.py:538} INFO - Filling up the DagBag from /Users/pranavr/drift-retrainer/venv311/lib/python3.11/site-packages/airflow/example_dags/example_short_circuit_operator.py
[2025-06-13T14:17:10.906-0400] {processor.py:753} INFO - DAG(s) dict_keys(['example_short_circuit_operator']) retrieved from /Users/pranavr/drift-retrainer/venv311/lib/python3.11/site-packages/airflow/example_dags/example_short_circuit_operator.py
[2025-06-13T14:17:11.365-0400] {logging_mixin.py:137} INFO - [2025-06-13T14:17:11.365-0400] {dag.py:2690} INFO - Sync 1 DAGs
[2025-06-13T14:17:11.373-0400] {logging_mixin.py:137} INFO - [2025-06-13T14:17:11.373-0400] {dag.py:3437} INFO - Setting next_dagrun for example_short_circuit_operator to 2025-06-12T18:17:11.373299+00:00, run_after=2025-06-13T18:17:11.373299+00:00
[2025-06-13T14:17:11.380-0400] {processor.py:175} INFO - Processing /Users/pranavr/drift-retrainer/venv311/lib/python3.11/site-packages/airflow/example_dags/example_short_circuit_operator.py took 0.502 seconds
[2025-06-13T14:19:10.309-0400] {processor.py:153} INFO - Started process (PID=6488) to work on /Users/pranavr/drift-retrainer/venv311/lib/python3.11/site-packages/airflow/example_dags/example_short_circuit_operator.py
[2025-06-13T14:19:10.311-0400] {processor.py:743} INFO - Processing file /Users/pranavr/drift-retrainer/venv311/lib/python3.11/site-packages/airflow/example_dags/example_short_circuit_operator.py for tasks to queue
[2025-06-13T14:19:10.311-0400] {logging_mixin.py:137} INFO - [2025-06-13T14:19:10.311-0400] {dagbag.py:538} INFO - Filling up the DagBag from /Users/pranavr/drift-retrainer/venv311/lib/python3.11/site-packages/airflow/example_dags/example_short_circuit_operator.py
[2025-06-13T14:19:10.338-0400] {processor.py:753} INFO - DAG(s) dict_keys(['example_short_circuit_operator']) retrieved from /Users/pranavr/drift-retrainer/venv311/lib/python3.11/site-packages/airflow/example_dags/example_short_circuit_operator.py
[2025-06-13T14:19:10.976-0400] {logging_mixin.py:137} INFO - [2025-06-13T14:19:10.975-0400] {dag.py:2690} INFO - Sync 1 DAGs
[2025-06-13T14:19:10.983-0400] {logging_mixin.py:137} INFO - [2025-06-13T14:19:10.983-0400] {dag.py:3437} INFO - Setting next_dagrun for example_short_circuit_operator to 2025-06-12T18:19:10.983365+00:00, run_after=2025-06-13T18:19:10.983365+00:00
[2025-06-13T14:19:10.990-0400] {processor.py:175} INFO - Processing /Users/pranavr/drift-retrainer/venv311/lib/python3.11/site-packages/airflow/example_dags/example_short_circuit_operator.py took 0.681 seconds
[2025-06-13T14:22:04.458-0400] {processor.py:186} INFO - Started process (PID=7540) to work on /Users/pranavr/.pyenv/versions/3.11.6/lib/python3.11/site-packages/airflow/example_dags/example_short_circuit_operator.py
[2025-06-13T14:22:04.460-0400] {processor.py:914} INFO - Processing file /Users/pranavr/.pyenv/versions/3.11.6/lib/python3.11/site-packages/airflow/example_dags/example_short_circuit_operator.py for tasks to queue
[2025-06-13T14:22:04.461-0400] {logging_mixin.py:190} INFO - [2025-06-13T14:22:04.461-0400] {dagbag.py:588} INFO - Filling up the DagBag from /Users/pranavr/.pyenv/versions/3.11.6/lib/python3.11/site-packages/airflow/example_dags/example_short_circuit_operator.py
[2025-06-13T14:22:04.475-0400] {processor.py:925} INFO - DAG(s) 'example_short_circuit_operator' retrieved from /Users/pranavr/.pyenv/versions/3.11.6/lib/python3.11/site-packages/airflow/example_dags/example_short_circuit_operator.py
[2025-06-13T14:22:04.606-0400] {logging_mixin.py:190} INFO - [2025-06-13T14:22:04.605-0400] {dag.py:3239} INFO - Sync 1 DAGs
[2025-06-13T14:22:04.611-0400] {logging_mixin.py:190} INFO - [2025-06-13T14:22:04.611-0400] {dag.py:4180} INFO - Setting next_dagrun for example_short_circuit_operator to None, run_after=None
[2025-06-13T14:22:04.621-0400] {processor.py:208} INFO - Processing /Users/pranavr/.pyenv/versions/3.11.6/lib/python3.11/site-packages/airflow/example_dags/example_short_circuit_operator.py took 164.486 seconds
[2025-06-13T14:24:11.563-0400] {processor.py:186} INFO - Started process (PID=7891) to work on /Users/pranavr/.pyenv/versions/3.11.6/lib/python3.11/site-packages/airflow/example_dags/example_short_circuit_operator.py
[2025-06-13T14:24:11.566-0400] {processor.py:914} INFO - Processing file /Users/pranavr/.pyenv/versions/3.11.6/lib/python3.11/site-packages/airflow/example_dags/example_short_circuit_operator.py for tasks to queue
[2025-06-13T14:24:11.567-0400] {logging_mixin.py:190} INFO - [2025-06-13T14:24:11.567-0400] {dagbag.py:588} INFO - Filling up the DagBag from /Users/pranavr/.pyenv/versions/3.11.6/lib/python3.11/site-packages/airflow/example_dags/example_short_circuit_operator.py
[2025-06-13T14:24:11.588-0400] {processor.py:925} INFO - DAG(s) 'example_short_circuit_operator' retrieved from /Users/pranavr/.pyenv/versions/3.11.6/lib/python3.11/site-packages/airflow/example_dags/example_short_circuit_operator.py
[2025-06-13T14:24:11.725-0400] {logging_mixin.py:190} INFO - [2025-06-13T14:24:11.725-0400] {dag.py:3239} INFO - Sync 1 DAGs
[2025-06-13T14:24:11.737-0400] {logging_mixin.py:190} INFO - [2025-06-13T14:24:11.737-0400] {dag.py:4180} INFO - Setting next_dagrun for example_short_circuit_operator to None, run_after=None
[2025-06-13T14:24:11.757-0400] {processor.py:208} INFO - Processing /Users/pranavr/.pyenv/versions/3.11.6/lib/python3.11/site-packages/airflow/example_dags/example_short_circuit_operator.py took 196.593 seconds
[2025-06-13T14:25:42.517-0400] {processor.py:186} INFO - Started process (PID=8004) to work on /Users/pranavr/.pyenv/versions/3.11.6/lib/python3.11/site-packages/airflow/example_dags/example_short_circuit_operator.py
[2025-06-13T14:25:42.519-0400] {processor.py:914} INFO - Processing file /Users/pranavr/.pyenv/versions/3.11.6/lib/python3.11/site-packages/airflow/example_dags/example_short_circuit_operator.py for tasks to queue
[2025-06-13T14:25:42.519-0400] {logging_mixin.py:190} INFO - [2025-06-13T14:25:42.519-0400] {dagbag.py:588} INFO - Filling up the DagBag from /Users/pranavr/.pyenv/versions/3.11.6/lib/python3.11/site-packages/airflow/example_dags/example_short_circuit_operator.py
[2025-06-13T14:25:42.534-0400] {processor.py:925} INFO - DAG(s) 'example_short_circuit_operator' retrieved from /Users/pranavr/.pyenv/versions/3.11.6/lib/python3.11/site-packages/airflow/example_dags/example_short_circuit_operator.py
[2025-06-13T14:25:42.621-0400] {logging_mixin.py:190} INFO - [2025-06-13T14:25:42.620-0400] {dag.py:3239} INFO - Sync 1 DAGs
[2025-06-13T14:25:42.626-0400] {logging_mixin.py:190} INFO - [2025-06-13T14:25:42.626-0400] {dag.py:4180} INFO - Setting next_dagrun for example_short_circuit_operator to None, run_after=None
[2025-06-13T14:25:42.637-0400] {processor.py:208} INFO - Processing /Users/pranavr/.pyenv/versions/3.11.6/lib/python3.11/site-packages/airflow/example_dags/example_short_circuit_operator.py took 121.910 seconds
[2025-06-13T14:27:15.277-0400] {processor.py:186} INFO - Started process (PID=8136) to work on /Users/pranavr/.pyenv/versions/3.11.6/lib/python3.11/site-packages/airflow/example_dags/example_short_circuit_operator.py
[2025-06-13T14:27:15.279-0400] {processor.py:914} INFO - Processing file /Users/pranavr/.pyenv/versions/3.11.6/lib/python3.11/site-packages/airflow/example_dags/example_short_circuit_operator.py for tasks to queue
[2025-06-13T14:27:15.280-0400] {logging_mixin.py:190} INFO - [2025-06-13T14:27:15.280-0400] {dagbag.py:588} INFO - Filling up the DagBag from /Users/pranavr/.pyenv/versions/3.11.6/lib/python3.11/site-packages/airflow/example_dags/example_short_circuit_operator.py
[2025-06-13T14:27:15.294-0400] {processor.py:925} INFO - DAG(s) 'example_short_circuit_operator' retrieved from /Users/pranavr/.pyenv/versions/3.11.6/lib/python3.11/site-packages/airflow/example_dags/example_short_circuit_operator.py
[2025-06-13T14:27:15.389-0400] {logging_mixin.py:190} INFO - [2025-06-13T14:27:15.389-0400] {dag.py:3239} INFO - Sync 1 DAGs
[2025-06-13T14:27:15.395-0400] {logging_mixin.py:190} INFO - [2025-06-13T14:27:15.394-0400] {dag.py:4180} INFO - Setting next_dagrun for example_short_circuit_operator to None, run_after=None
[2025-06-13T14:27:15.404-0400] {processor.py:208} INFO - Processing /Users/pranavr/.pyenv/versions/3.11.6/lib/python3.11/site-packages/airflow/example_dags/example_short_circuit_operator.py took 127.679 seconds
[2025-06-13T14:28:44.777-0400] {processor.py:186} INFO - Started process (PID=8815) to work on /Users/pranavr/.pyenv/versions/3.11.6/lib/python3.11/site-packages/airflow/example_dags/example_short_circuit_operator.py
[2025-06-13T14:28:44.779-0400] {processor.py:914} INFO - Processing file /Users/pranavr/.pyenv/versions/3.11.6/lib/python3.11/site-packages/airflow/example_dags/example_short_circuit_operator.py for tasks to queue
[2025-06-13T14:28:44.780-0400] {logging_mixin.py:190} INFO - [2025-06-13T14:28:44.780-0400] {dagbag.py:588} INFO - Filling up the DagBag from /Users/pranavr/.pyenv/versions/3.11.6/lib/python3.11/site-packages/airflow/example_dags/example_short_circuit_operator.py
[2025-06-13T14:28:44.795-0400] {processor.py:925} INFO - DAG(s) 'example_short_circuit_operator' retrieved from /Users/pranavr/.pyenv/versions/3.11.6/lib/python3.11/site-packages/airflow/example_dags/example_short_circuit_operator.py
[2025-06-13T14:28:44.884-0400] {logging_mixin.py:190} INFO - [2025-06-13T14:28:44.884-0400] {dag.py:3239} INFO - Sync 1 DAGs
[2025-06-13T14:28:44.890-0400] {logging_mixin.py:190} INFO - [2025-06-13T14:28:44.890-0400] {dag.py:4180} INFO - Setting next_dagrun for example_short_circuit_operator to None, run_after=None
[2025-06-13T14:28:44.900-0400] {processor.py:208} INFO - Processing /Users/pranavr/.pyenv/versions/3.11.6/lib/python3.11/site-packages/airflow/example_dags/example_short_circuit_operator.py took 123.945 seconds
[2025-06-13T14:30:16.824-0400] {processor.py:186} INFO - Started process (PID=8954) to work on /Users/pranavr/.pyenv/versions/3.11.6/lib/python3.11/site-packages/airflow/example_dags/example_short_circuit_operator.py
[2025-06-13T14:30:16.827-0400] {processor.py:914} INFO - Processing file /Users/pranavr/.pyenv/versions/3.11.6/lib/python3.11/site-packages/airflow/example_dags/example_short_circuit_operator.py for tasks to queue
[2025-06-13T14:30:16.828-0400] {logging_mixin.py:190} INFO - [2025-06-13T14:30:16.827-0400] {dagbag.py:588} INFO - Filling up the DagBag from /Users/pranavr/.pyenv/versions/3.11.6/lib/python3.11/site-packages/airflow/example_dags/example_short_circuit_operator.py
[2025-06-13T14:30:16.848-0400] {processor.py:925} INFO - DAG(s) 'example_short_circuit_operator' retrieved from /Users/pranavr/.pyenv/versions/3.11.6/lib/python3.11/site-packages/airflow/example_dags/example_short_circuit_operator.py
[2025-06-13T14:30:16.943-0400] {logging_mixin.py:190} INFO - [2025-06-13T14:30:16.943-0400] {dag.py:3239} INFO - Sync 1 DAGs
[2025-06-13T14:30:16.950-0400] {logging_mixin.py:190} INFO - [2025-06-13T14:30:16.949-0400] {dag.py:4180} INFO - Setting next_dagrun for example_short_circuit_operator to None, run_after=None
[2025-06-13T14:30:16.959-0400] {processor.py:208} INFO - Processing /Users/pranavr/.pyenv/versions/3.11.6/lib/python3.11/site-packages/airflow/example_dags/example_short_circuit_operator.py took 137.101 seconds
[2025-06-13T14:31:45.016-0400] {processor.py:186} INFO - Started process (PID=9380) to work on /Users/pranavr/.pyenv/versions/3.11.6/lib/python3.11/site-packages/airflow/example_dags/example_short_circuit_operator.py
[2025-06-13T14:31:45.023-0400] {processor.py:914} INFO - Processing file /Users/pranavr/.pyenv/versions/3.11.6/lib/python3.11/site-packages/airflow/example_dags/example_short_circuit_operator.py for tasks to queue
[2025-06-13T14:31:45.023-0400] {logging_mixin.py:190} INFO - [2025-06-13T14:31:45.023-0400] {dagbag.py:588} INFO - Filling up the DagBag from /Users/pranavr/.pyenv/versions/3.11.6/lib/python3.11/site-packages/airflow/example_dags/example_short_circuit_operator.py
[2025-06-13T14:31:45.039-0400] {processor.py:925} INFO - DAG(s) 'example_short_circuit_operator' retrieved from /Users/pranavr/.pyenv/versions/3.11.6/lib/python3.11/site-packages/airflow/example_dags/example_short_circuit_operator.py
[2025-06-13T14:31:45.135-0400] {logging_mixin.py:190} INFO - [2025-06-13T14:31:45.134-0400] {dag.py:3239} INFO - Sync 1 DAGs
[2025-06-13T14:31:45.139-0400] {logging_mixin.py:190} INFO - [2025-06-13T14:31:45.139-0400] {dag.py:4180} INFO - Setting next_dagrun for example_short_circuit_operator to None, run_after=None
[2025-06-13T14:31:45.150-0400] {processor.py:208} INFO - Processing /Users/pranavr/.pyenv/versions/3.11.6/lib/python3.11/site-packages/airflow/example_dags/example_short_circuit_operator.py took 134.999 seconds
[2025-06-13T14:33:17.823-0400] {processor.py:186} INFO - Started process (PID=9597) to work on /Users/pranavr/.pyenv/versions/3.11.6/lib/python3.11/site-packages/airflow/example_dags/example_short_circuit_operator.py
[2025-06-13T14:33:17.825-0400] {processor.py:914} INFO - Processing file /Users/pranavr/.pyenv/versions/3.11.6/lib/python3.11/site-packages/airflow/example_dags/example_short_circuit_operator.py for tasks to queue
[2025-06-13T14:33:17.826-0400] {logging_mixin.py:190} INFO - [2025-06-13T14:33:17.825-0400] {dagbag.py:588} INFO - Filling up the DagBag from /Users/pranavr/.pyenv/versions/3.11.6/lib/python3.11/site-packages/airflow/example_dags/example_short_circuit_operator.py
[2025-06-13T14:33:17.846-0400] {processor.py:925} INFO - DAG(s) 'example_short_circuit_operator' retrieved from /Users/pranavr/.pyenv/versions/3.11.6/lib/python3.11/site-packages/airflow/example_dags/example_short_circuit_operator.py
[2025-06-13T14:33:17.933-0400] {logging_mixin.py:190} INFO - [2025-06-13T14:33:17.933-0400] {dag.py:3239} INFO - Sync 1 DAGs
[2025-06-13T14:33:17.939-0400] {logging_mixin.py:190} INFO - [2025-06-13T14:33:17.938-0400] {dag.py:4180} INFO - Setting next_dagrun for example_short_circuit_operator to None, run_after=None
[2025-06-13T14:33:17.953-0400] {processor.py:208} INFO - Processing /Users/pranavr/.pyenv/versions/3.11.6/lib/python3.11/site-packages/airflow/example_dags/example_short_circuit_operator.py took 132.761 seconds
[2025-06-13T14:34:50.053-0400] {processor.py:186} INFO - Started process (PID=10068) to work on /Users/pranavr/.pyenv/versions/3.11.6/lib/python3.11/site-packages/airflow/example_dags/example_short_circuit_operator.py
[2025-06-13T14:34:50.055-0400] {processor.py:914} INFO - Processing file /Users/pranavr/.pyenv/versions/3.11.6/lib/python3.11/site-packages/airflow/example_dags/example_short_circuit_operator.py for tasks to queue
[2025-06-13T14:34:50.055-0400] {logging_mixin.py:190} INFO - [2025-06-13T14:34:50.055-0400] {dagbag.py:588} INFO - Filling up the DagBag from /Users/pranavr/.pyenv/versions/3.11.6/lib/python3.11/site-packages/airflow/example_dags/example_short_circuit_operator.py
[2025-06-13T14:34:50.071-0400] {processor.py:925} INFO - DAG(s) 'example_short_circuit_operator' retrieved from /Users/pranavr/.pyenv/versions/3.11.6/lib/python3.11/site-packages/airflow/example_dags/example_short_circuit_operator.py
[2025-06-13T14:34:50.178-0400] {logging_mixin.py:190} INFO - [2025-06-13T14:34:50.177-0400] {dag.py:3239} INFO - Sync 1 DAGs
[2025-06-13T14:34:50.183-0400] {logging_mixin.py:190} INFO - [2025-06-13T14:34:50.183-0400] {dag.py:4180} INFO - Setting next_dagrun for example_short_circuit_operator to None, run_after=None
[2025-06-13T14:34:50.194-0400] {processor.py:208} INFO - Processing /Users/pranavr/.pyenv/versions/3.11.6/lib/python3.11/site-packages/airflow/example_dags/example_short_circuit_operator.py took 143.413 seconds
[2025-06-13T14:36:20.871-0400] {processor.py:186} INFO - Started process (PID=10862) to work on /Users/pranavr/.pyenv/versions/3.11.6/lib/python3.11/site-packages/airflow/example_dags/example_short_circuit_operator.py
[2025-06-13T14:36:20.876-0400] {processor.py:914} INFO - Processing file /Users/pranavr/.pyenv/versions/3.11.6/lib/python3.11/site-packages/airflow/example_dags/example_short_circuit_operator.py for tasks to queue
[2025-06-13T14:36:20.877-0400] {logging_mixin.py:190} INFO - [2025-06-13T14:36:20.877-0400] {dagbag.py:588} INFO - Filling up the DagBag from /Users/pranavr/.pyenv/versions/3.11.6/lib/python3.11/site-packages/airflow/example_dags/example_short_circuit_operator.py
[2025-06-13T14:36:20.895-0400] {processor.py:925} INFO - DAG(s) 'example_short_circuit_operator' retrieved from /Users/pranavr/.pyenv/versions/3.11.6/lib/python3.11/site-packages/airflow/example_dags/example_short_circuit_operator.py
[2025-06-13T14:36:21.000-0400] {logging_mixin.py:190} INFO - [2025-06-13T14:36:21.000-0400] {dag.py:3239} INFO - Sync 1 DAGs
[2025-06-13T14:36:21.006-0400] {logging_mixin.py:190} INFO - [2025-06-13T14:36:21.006-0400] {dag.py:4180} INFO - Setting next_dagrun for example_short_circuit_operator to None, run_after=None
[2025-06-13T14:36:21.019-0400] {processor.py:208} INFO - Processing /Users/pranavr/.pyenv/versions/3.11.6/lib/python3.11/site-packages/airflow/example_dags/example_short_circuit_operator.py took 149.864 seconds
[2025-06-13T14:37:49.746-0400] {processor.py:186} INFO - Started process (PID=11127) to work on /Users/pranavr/.pyenv/versions/3.11.6/lib/python3.11/site-packages/airflow/example_dags/example_short_circuit_operator.py
[2025-06-13T14:37:49.748-0400] {processor.py:914} INFO - Processing file /Users/pranavr/.pyenv/versions/3.11.6/lib/python3.11/site-packages/airflow/example_dags/example_short_circuit_operator.py for tasks to queue
[2025-06-13T14:37:49.749-0400] {logging_mixin.py:190} INFO - [2025-06-13T14:37:49.749-0400] {dagbag.py:588} INFO - Filling up the DagBag from /Users/pranavr/.pyenv/versions/3.11.6/lib/python3.11/site-packages/airflow/example_dags/example_short_circuit_operator.py
[2025-06-13T14:37:49.763-0400] {processor.py:925} INFO - DAG(s) 'example_short_circuit_operator' retrieved from /Users/pranavr/.pyenv/versions/3.11.6/lib/python3.11/site-packages/airflow/example_dags/example_short_circuit_operator.py
[2025-06-13T14:37:49.853-0400] {logging_mixin.py:190} INFO - [2025-06-13T14:37:49.853-0400] {dag.py:3239} INFO - Sync 1 DAGs
[2025-06-13T14:37:49.858-0400] {logging_mixin.py:190} INFO - [2025-06-13T14:37:49.858-0400] {dag.py:4180} INFO - Setting next_dagrun for example_short_circuit_operator to None, run_after=None
[2025-06-13T14:37:49.866-0400] {processor.py:208} INFO - Processing /Users/pranavr/.pyenv/versions/3.11.6/lib/python3.11/site-packages/airflow/example_dags/example_short_circuit_operator.py took 121.248 seconds
[2025-06-13T14:39:17.949-0400] {processor.py:186} INFO - Started process (PID=11361) to work on /Users/pranavr/.pyenv/versions/3.11.6/lib/python3.11/site-packages/airflow/example_dags/example_short_circuit_operator.py
[2025-06-13T14:39:17.951-0400] {processor.py:914} INFO - Processing file /Users/pranavr/.pyenv/versions/3.11.6/lib/python3.11/site-packages/airflow/example_dags/example_short_circuit_operator.py for tasks to queue
[2025-06-13T14:39:17.952-0400] {logging_mixin.py:190} INFO - [2025-06-13T14:39:17.952-0400] {dagbag.py:588} INFO - Filling up the DagBag from /Users/pranavr/.pyenv/versions/3.11.6/lib/python3.11/site-packages/airflow/example_dags/example_short_circuit_operator.py
[2025-06-13T14:39:17.963-0400] {processor.py:925} INFO - DAG(s) 'example_short_circuit_operator' retrieved from /Users/pranavr/.pyenv/versions/3.11.6/lib/python3.11/site-packages/airflow/example_dags/example_short_circuit_operator.py
[2025-06-13T14:39:18.032-0400] {logging_mixin.py:190} INFO - [2025-06-13T14:39:18.032-0400] {dag.py:3239} INFO - Sync 1 DAGs
[2025-06-13T14:39:18.037-0400] {logging_mixin.py:190} INFO - [2025-06-13T14:39:18.037-0400] {dag.py:4180} INFO - Setting next_dagrun for example_short_circuit_operator to None, run_after=None
[2025-06-13T14:39:18.045-0400] {processor.py:208} INFO - Processing /Users/pranavr/.pyenv/versions/3.11.6/lib/python3.11/site-packages/airflow/example_dags/example_short_circuit_operator.py took 96.682 seconds
[2025-06-13T14:40:37.786-0400] {processor.py:186} INFO - Started process (PID=11614) to work on /Users/pranavr/.pyenv/versions/3.11.6/lib/python3.11/site-packages/airflow/example_dags/example_short_circuit_operator.py
[2025-06-13T14:40:37.789-0400] {processor.py:914} INFO - Processing file /Users/pranavr/.pyenv/versions/3.11.6/lib/python3.11/site-packages/airflow/example_dags/example_short_circuit_operator.py for tasks to queue
[2025-06-13T14:40:37.789-0400] {logging_mixin.py:190} INFO - [2025-06-13T14:40:37.789-0400] {dagbag.py:588} INFO - Filling up the DagBag from /Users/pranavr/.pyenv/versions/3.11.6/lib/python3.11/site-packages/airflow/example_dags/example_short_circuit_operator.py
[2025-06-13T14:40:37.819-0400] {processor.py:925} INFO - DAG(s) 'example_short_circuit_operator' retrieved from /Users/pranavr/.pyenv/versions/3.11.6/lib/python3.11/site-packages/airflow/example_dags/example_short_circuit_operator.py
[2025-06-13T14:40:37.895-0400] {logging_mixin.py:190} INFO - [2025-06-13T14:40:37.895-0400] {dag.py:3239} INFO - Sync 1 DAGs
[2025-06-13T14:40:37.901-0400] {logging_mixin.py:190} INFO - [2025-06-13T14:40:37.901-0400] {dag.py:4180} INFO - Setting next_dagrun for example_short_circuit_operator to None, run_after=None
[2025-06-13T14:40:37.909-0400] {processor.py:208} INFO - Processing /Users/pranavr/.pyenv/versions/3.11.6/lib/python3.11/site-packages/airflow/example_dags/example_short_circuit_operator.py took 125.012 seconds
[2025-06-13T14:41:54.784-0400] {processor.py:186} INFO - Started process (PID=11781) to work on /Users/pranavr/.pyenv/versions/3.11.6/lib/python3.11/site-packages/airflow/example_dags/example_short_circuit_operator.py
[2025-06-13T14:41:54.786-0400] {processor.py:914} INFO - Processing file /Users/pranavr/.pyenv/versions/3.11.6/lib/python3.11/site-packages/airflow/example_dags/example_short_circuit_operator.py for tasks to queue
[2025-06-13T14:41:54.786-0400] {logging_mixin.py:190} INFO - [2025-06-13T14:41:54.786-0400] {dagbag.py:588} INFO - Filling up the DagBag from /Users/pranavr/.pyenv/versions/3.11.6/lib/python3.11/site-packages/airflow/example_dags/example_short_circuit_operator.py
[2025-06-13T14:41:54.797-0400] {processor.py:925} INFO - DAG(s) 'example_short_circuit_operator' retrieved from /Users/pranavr/.pyenv/versions/3.11.6/lib/python3.11/site-packages/airflow/example_dags/example_short_circuit_operator.py
[2025-06-13T14:41:54.863-0400] {logging_mixin.py:190} INFO - [2025-06-13T14:41:54.863-0400] {dag.py:3239} INFO - Sync 1 DAGs
[2025-06-13T14:41:54.867-0400] {logging_mixin.py:190} INFO - [2025-06-13T14:41:54.867-0400] {dag.py:4180} INFO - Setting next_dagrun for example_short_circuit_operator to None, run_after=None
[2025-06-13T14:41:54.874-0400] {processor.py:208} INFO - Processing /Users/pranavr/.pyenv/versions/3.11.6/lib/python3.11/site-packages/airflow/example_dags/example_short_circuit_operator.py took 91.567 seconds
[2025-06-13T14:43:07.704-0400] {processor.py:186} INFO - Started process (PID=11933) to work on /Users/pranavr/.pyenv/versions/3.11.6/lib/python3.11/site-packages/airflow/example_dags/example_short_circuit_operator.py
[2025-06-13T14:43:07.706-0400] {processor.py:914} INFO - Processing file /Users/pranavr/.pyenv/versions/3.11.6/lib/python3.11/site-packages/airflow/example_dags/example_short_circuit_operator.py for tasks to queue
[2025-06-13T14:43:07.707-0400] {logging_mixin.py:190} INFO - [2025-06-13T14:43:07.707-0400] {dagbag.py:588} INFO - Filling up the DagBag from /Users/pranavr/.pyenv/versions/3.11.6/lib/python3.11/site-packages/airflow/example_dags/example_short_circuit_operator.py
[2025-06-13T14:43:07.718-0400] {processor.py:925} INFO - DAG(s) 'example_short_circuit_operator' retrieved from /Users/pranavr/.pyenv/versions/3.11.6/lib/python3.11/site-packages/airflow/example_dags/example_short_circuit_operator.py
[2025-06-13T14:43:07.785-0400] {logging_mixin.py:190} INFO - [2025-06-13T14:43:07.785-0400] {dag.py:3239} INFO - Sync 1 DAGs
[2025-06-13T14:43:07.790-0400] {logging_mixin.py:190} INFO - [2025-06-13T14:43:07.789-0400] {dag.py:4180} INFO - Setting next_dagrun for example_short_circuit_operator to None, run_after=None
[2025-06-13T14:43:07.797-0400] {processor.py:208} INFO - Processing /Users/pranavr/.pyenv/versions/3.11.6/lib/python3.11/site-packages/airflow/example_dags/example_short_circuit_operator.py took 94.153 seconds
[2025-06-13T14:44:19.965-0400] {processor.py:186} INFO - Started process (PID=12038) to work on /Users/pranavr/.pyenv/versions/3.11.6/lib/python3.11/site-packages/airflow/example_dags/example_short_circuit_operator.py
[2025-06-13T14:44:19.967-0400] {processor.py:914} INFO - Processing file /Users/pranavr/.pyenv/versions/3.11.6/lib/python3.11/site-packages/airflow/example_dags/example_short_circuit_operator.py for tasks to queue
[2025-06-13T14:44:19.967-0400] {logging_mixin.py:190} INFO - [2025-06-13T14:44:19.967-0400] {dagbag.py:588} INFO - Filling up the DagBag from /Users/pranavr/.pyenv/versions/3.11.6/lib/python3.11/site-packages/airflow/example_dags/example_short_circuit_operator.py
[2025-06-13T14:44:19.977-0400] {processor.py:925} INFO - DAG(s) 'example_short_circuit_operator' retrieved from /Users/pranavr/.pyenv/versions/3.11.6/lib/python3.11/site-packages/airflow/example_dags/example_short_circuit_operator.py
[2025-06-13T14:44:20.044-0400] {logging_mixin.py:190} INFO - [2025-06-13T14:44:20.044-0400] {dag.py:3239} INFO - Sync 1 DAGs
[2025-06-13T14:44:20.048-0400] {logging_mixin.py:190} INFO - [2025-06-13T14:44:20.048-0400] {dag.py:4180} INFO - Setting next_dagrun for example_short_circuit_operator to None, run_after=None
[2025-06-13T14:44:20.055-0400] {processor.py:208} INFO - Processing /Users/pranavr/.pyenv/versions/3.11.6/lib/python3.11/site-packages/airflow/example_dags/example_short_circuit_operator.py took 91.571 seconds
[2025-06-13T14:45:33.920-0400] {processor.py:186} INFO - Started process (PID=12206) to work on /Users/pranavr/.pyenv/versions/3.11.6/lib/python3.11/site-packages/airflow/example_dags/example_short_circuit_operator.py
[2025-06-13T14:45:33.922-0400] {processor.py:914} INFO - Processing file /Users/pranavr/.pyenv/versions/3.11.6/lib/python3.11/site-packages/airflow/example_dags/example_short_circuit_operator.py for tasks to queue
[2025-06-13T14:45:33.922-0400] {logging_mixin.py:190} INFO - [2025-06-13T14:45:33.922-0400] {dagbag.py:588} INFO - Filling up the DagBag from /Users/pranavr/.pyenv/versions/3.11.6/lib/python3.11/site-packages/airflow/example_dags/example_short_circuit_operator.py
[2025-06-13T14:45:33.934-0400] {processor.py:925} INFO - DAG(s) 'example_short_circuit_operator' retrieved from /Users/pranavr/.pyenv/versions/3.11.6/lib/python3.11/site-packages/airflow/example_dags/example_short_circuit_operator.py
[2025-06-13T14:45:34.003-0400] {logging_mixin.py:190} INFO - [2025-06-13T14:45:34.003-0400] {dag.py:3239} INFO - Sync 1 DAGs
[2025-06-13T14:45:34.007-0400] {logging_mixin.py:190} INFO - [2025-06-13T14:45:34.007-0400] {dag.py:4180} INFO - Setting next_dagrun for example_short_circuit_operator to None, run_after=None
[2025-06-13T14:45:34.015-0400] {processor.py:208} INFO - Processing /Users/pranavr/.pyenv/versions/3.11.6/lib/python3.11/site-packages/airflow/example_dags/example_short_circuit_operator.py took 95.859 seconds
[2025-06-13T14:46:45.233-0400] {processor.py:186} INFO - Started process (PID=12351) to work on /Users/pranavr/.pyenv/versions/3.11.6/lib/python3.11/site-packages/airflow/example_dags/example_short_circuit_operator.py
[2025-06-13T14:46:45.235-0400] {processor.py:914} INFO - Processing file /Users/pranavr/.pyenv/versions/3.11.6/lib/python3.11/site-packages/airflow/example_dags/example_short_circuit_operator.py for tasks to queue
[2025-06-13T14:46:45.235-0400] {logging_mixin.py:190} INFO - [2025-06-13T14:46:45.235-0400] {dagbag.py:588} INFO - Filling up the DagBag from /Users/pranavr/.pyenv/versions/3.11.6/lib/python3.11/site-packages/airflow/example_dags/example_short_circuit_operator.py
[2025-06-13T14:46:45.245-0400] {processor.py:925} INFO - DAG(s) 'example_short_circuit_operator' retrieved from /Users/pranavr/.pyenv/versions/3.11.6/lib/python3.11/site-packages/airflow/example_dags/example_short_circuit_operator.py
[2025-06-13T14:46:45.308-0400] {logging_mixin.py:190} INFO - [2025-06-13T14:46:45.308-0400] {dag.py:3239} INFO - Sync 1 DAGs
[2025-06-13T14:46:45.312-0400] {logging_mixin.py:190} INFO - [2025-06-13T14:46:45.312-0400] {dag.py:4180} INFO - Setting next_dagrun for example_short_circuit_operator to None, run_after=None
[2025-06-13T14:46:45.319-0400] {processor.py:208} INFO - Processing /Users/pranavr/.pyenv/versions/3.11.6/lib/python3.11/site-packages/airflow/example_dags/example_short_circuit_operator.py took 87.165 seconds
[2025-06-13T14:47:58.505-0400] {processor.py:186} INFO - Started process (PID=12445) to work on /Users/pranavr/.pyenv/versions/3.11.6/lib/python3.11/site-packages/airflow/example_dags/example_short_circuit_operator.py
[2025-06-13T14:47:58.506-0400] {processor.py:914} INFO - Processing file /Users/pranavr/.pyenv/versions/3.11.6/lib/python3.11/site-packages/airflow/example_dags/example_short_circuit_operator.py for tasks to queue
[2025-06-13T14:47:58.507-0400] {logging_mixin.py:190} INFO - [2025-06-13T14:47:58.507-0400] {dagbag.py:588} INFO - Filling up the DagBag from /Users/pranavr/.pyenv/versions/3.11.6/lib/python3.11/site-packages/airflow/example_dags/example_short_circuit_operator.py
[2025-06-13T14:47:58.518-0400] {processor.py:925} INFO - DAG(s) 'example_short_circuit_operator' retrieved from /Users/pranavr/.pyenv/versions/3.11.6/lib/python3.11/site-packages/airflow/example_dags/example_short_circuit_operator.py
[2025-06-13T14:47:58.581-0400] {logging_mixin.py:190} INFO - [2025-06-13T14:47:58.581-0400] {dag.py:3239} INFO - Sync 1 DAGs
[2025-06-13T14:47:58.585-0400] {logging_mixin.py:190} INFO - [2025-06-13T14:47:58.585-0400] {dag.py:4180} INFO - Setting next_dagrun for example_short_circuit_operator to None, run_after=None
[2025-06-13T14:47:58.593-0400] {processor.py:208} INFO - Processing /Users/pranavr/.pyenv/versions/3.11.6/lib/python3.11/site-packages/airflow/example_dags/example_short_circuit_operator.py took 88.892 seconds
[2025-06-13T14:49:15.561-0400] {processor.py:186} INFO - Started process (PID=12571) to work on /Users/pranavr/.pyenv/versions/3.11.6/lib/python3.11/site-packages/airflow/example_dags/example_short_circuit_operator.py
[2025-06-13T14:49:15.562-0400] {processor.py:914} INFO - Processing file /Users/pranavr/.pyenv/versions/3.11.6/lib/python3.11/site-packages/airflow/example_dags/example_short_circuit_operator.py for tasks to queue
[2025-06-13T14:49:15.563-0400] {logging_mixin.py:190} INFO - [2025-06-13T14:49:15.563-0400] {dagbag.py:588} INFO - Filling up the DagBag from /Users/pranavr/.pyenv/versions/3.11.6/lib/python3.11/site-packages/airflow/example_dags/example_short_circuit_operator.py
[2025-06-13T14:49:15.574-0400] {processor.py:925} INFO - DAG(s) 'example_short_circuit_operator' retrieved from /Users/pranavr/.pyenv/versions/3.11.6/lib/python3.11/site-packages/airflow/example_dags/example_short_circuit_operator.py
[2025-06-13T14:49:15.638-0400] {logging_mixin.py:190} INFO - [2025-06-13T14:49:15.638-0400] {dag.py:3239} INFO - Sync 1 DAGs
[2025-06-13T14:49:15.642-0400] {logging_mixin.py:190} INFO - [2025-06-13T14:49:15.642-0400] {dag.py:4180} INFO - Setting next_dagrun for example_short_circuit_operator to None, run_after=None
[2025-06-13T14:49:15.649-0400] {processor.py:208} INFO - Processing /Users/pranavr/.pyenv/versions/3.11.6/lib/python3.11/site-packages/airflow/example_dags/example_short_circuit_operator.py took 89.795 seconds
[2025-06-13T14:50:29.193-0400] {processor.py:186} INFO - Started process (PID=12705) to work on /Users/pranavr/.pyenv/versions/3.11.6/lib/python3.11/site-packages/airflow/example_dags/example_short_circuit_operator.py
[2025-06-13T14:50:29.195-0400] {processor.py:914} INFO - Processing file /Users/pranavr/.pyenv/versions/3.11.6/lib/python3.11/site-packages/airflow/example_dags/example_short_circuit_operator.py for tasks to queue
[2025-06-13T14:50:29.196-0400] {logging_mixin.py:190} INFO - [2025-06-13T14:50:29.195-0400] {dagbag.py:588} INFO - Filling up the DagBag from /Users/pranavr/.pyenv/versions/3.11.6/lib/python3.11/site-packages/airflow/example_dags/example_short_circuit_operator.py
[2025-06-13T14:50:29.205-0400] {processor.py:925} INFO - DAG(s) 'example_short_circuit_operator' retrieved from /Users/pranavr/.pyenv/versions/3.11.6/lib/python3.11/site-packages/airflow/example_dags/example_short_circuit_operator.py
[2025-06-13T14:50:29.268-0400] {logging_mixin.py:190} INFO - [2025-06-13T14:50:29.267-0400] {dag.py:3239} INFO - Sync 1 DAGs
[2025-06-13T14:50:29.272-0400] {logging_mixin.py:190} INFO - [2025-06-13T14:50:29.272-0400] {dag.py:4180} INFO - Setting next_dagrun for example_short_circuit_operator to None, run_after=None
[2025-06-13T14:50:29.279-0400] {processor.py:208} INFO - Processing /Users/pranavr/.pyenv/versions/3.11.6/lib/python3.11/site-packages/airflow/example_dags/example_short_circuit_operator.py took 87.429 seconds
[2025-06-13T14:51:42.444-0400] {processor.py:186} INFO - Started process (PID=13843) to work on /Users/pranavr/.pyenv/versions/3.11.6/lib/python3.11/site-packages/airflow/example_dags/example_short_circuit_operator.py
[2025-06-13T14:51:42.446-0400] {processor.py:914} INFO - Processing file /Users/pranavr/.pyenv/versions/3.11.6/lib/python3.11/site-packages/airflow/example_dags/example_short_circuit_operator.py for tasks to queue
[2025-06-13T14:51:42.447-0400] {logging_mixin.py:190} INFO - [2025-06-13T14:51:42.447-0400] {dagbag.py:588} INFO - Filling up the DagBag from /Users/pranavr/.pyenv/versions/3.11.6/lib/python3.11/site-packages/airflow/example_dags/example_short_circuit_operator.py
[2025-06-13T14:51:42.458-0400] {processor.py:925} INFO - DAG(s) 'example_short_circuit_operator' retrieved from /Users/pranavr/.pyenv/versions/3.11.6/lib/python3.11/site-packages/airflow/example_dags/example_short_circuit_operator.py
[2025-06-13T14:51:42.528-0400] {logging_mixin.py:190} INFO - [2025-06-13T14:51:42.528-0400] {dag.py:3239} INFO - Sync 1 DAGs
[2025-06-13T14:51:42.532-0400] {logging_mixin.py:190} INFO - [2025-06-13T14:51:42.532-0400] {dag.py:4180} INFO - Setting next_dagrun for example_short_circuit_operator to None, run_after=None
[2025-06-13T14:51:42.540-0400] {processor.py:208} INFO - Processing /Users/pranavr/.pyenv/versions/3.11.6/lib/python3.11/site-packages/airflow/example_dags/example_short_circuit_operator.py took 97.112 seconds
[2025-06-13T14:52:56.122-0400] {processor.py:186} INFO - Started process (PID=14050) to work on /Users/pranavr/.pyenv/versions/3.11.6/lib/python3.11/site-packages/airflow/example_dags/example_short_circuit_operator.py
[2025-06-13T14:52:56.125-0400] {processor.py:914} INFO - Processing file /Users/pranavr/.pyenv/versions/3.11.6/lib/python3.11/site-packages/airflow/example_dags/example_short_circuit_operator.py for tasks to queue
[2025-06-13T14:52:56.126-0400] {logging_mixin.py:190} INFO - [2025-06-13T14:52:56.125-0400] {dagbag.py:588} INFO - Filling up the DagBag from /Users/pranavr/.pyenv/versions/3.11.6/lib/python3.11/site-packages/airflow/example_dags/example_short_circuit_operator.py
[2025-06-13T14:52:56.135-0400] {processor.py:925} INFO - DAG(s) 'example_short_circuit_operator' retrieved from /Users/pranavr/.pyenv/versions/3.11.6/lib/python3.11/site-packages/airflow/example_dags/example_short_circuit_operator.py
[2025-06-13T14:52:56.198-0400] {logging_mixin.py:190} INFO - [2025-06-13T14:52:56.198-0400] {dag.py:3239} INFO - Sync 1 DAGs
[2025-06-13T14:52:56.202-0400] {logging_mixin.py:190} INFO - [2025-06-13T14:52:56.202-0400] {dag.py:4180} INFO - Setting next_dagrun for example_short_circuit_operator to None, run_after=None
[2025-06-13T14:52:56.210-0400] {processor.py:208} INFO - Processing /Users/pranavr/.pyenv/versions/3.11.6/lib/python3.11/site-packages/airflow/example_dags/example_short_circuit_operator.py took 88.221 seconds
[2025-06-13T14:54:10.652-0400] {processor.py:186} INFO - Started process (PID=14156) to work on /Users/pranavr/.pyenv/versions/3.11.6/lib/python3.11/site-packages/airflow/example_dags/example_short_circuit_operator.py
[2025-06-13T14:54:10.654-0400] {processor.py:914} INFO - Processing file /Users/pranavr/.pyenv/versions/3.11.6/lib/python3.11/site-packages/airflow/example_dags/example_short_circuit_operator.py for tasks to queue
[2025-06-13T14:54:10.655-0400] {logging_mixin.py:190} INFO - [2025-06-13T14:54:10.654-0400] {dagbag.py:588} INFO - Filling up the DagBag from /Users/pranavr/.pyenv/versions/3.11.6/lib/python3.11/site-packages/airflow/example_dags/example_short_circuit_operator.py
[2025-06-13T14:54:10.664-0400] {processor.py:925} INFO - DAG(s) 'example_short_circuit_operator' retrieved from /Users/pranavr/.pyenv/versions/3.11.6/lib/python3.11/site-packages/airflow/example_dags/example_short_circuit_operator.py
[2025-06-13T14:54:10.726-0400] {logging_mixin.py:190} INFO - [2025-06-13T14:54:10.726-0400] {dag.py:3239} INFO - Sync 1 DAGs
[2025-06-13T14:54:10.730-0400] {logging_mixin.py:190} INFO - [2025-06-13T14:54:10.730-0400] {dag.py:4180} INFO - Setting next_dagrun for example_short_circuit_operator to None, run_after=None
[2025-06-13T14:54:10.737-0400] {processor.py:208} INFO - Processing /Users/pranavr/.pyenv/versions/3.11.6/lib/python3.11/site-packages/airflow/example_dags/example_short_circuit_operator.py took 86.439 seconds
[2025-06-13T14:55:29.596-0400] {processor.py:186} INFO - Started process (PID=14275) to work on /Users/pranavr/.pyenv/versions/3.11.6/lib/python3.11/site-packages/airflow/example_dags/example_short_circuit_operator.py
[2025-06-13T14:55:29.598-0400] {processor.py:914} INFO - Processing file /Users/pranavr/.pyenv/versions/3.11.6/lib/python3.11/site-packages/airflow/example_dags/example_short_circuit_operator.py for tasks to queue
[2025-06-13T14:55:29.599-0400] {logging_mixin.py:190} INFO - [2025-06-13T14:55:29.599-0400] {dagbag.py:588} INFO - Filling up the DagBag from /Users/pranavr/.pyenv/versions/3.11.6/lib/python3.11/site-packages/airflow/example_dags/example_short_circuit_operator.py
[2025-06-13T14:55:29.610-0400] {processor.py:925} INFO - DAG(s) 'example_short_circuit_operator' retrieved from /Users/pranavr/.pyenv/versions/3.11.6/lib/python3.11/site-packages/airflow/example_dags/example_short_circuit_operator.py
[2025-06-13T14:55:29.679-0400] {logging_mixin.py:190} INFO - [2025-06-13T14:55:29.679-0400] {dag.py:3239} INFO - Sync 1 DAGs
[2025-06-13T14:55:29.684-0400] {logging_mixin.py:190} INFO - [2025-06-13T14:55:29.684-0400] {dag.py:4180} INFO - Setting next_dagrun for example_short_circuit_operator to None, run_after=None
[2025-06-13T14:55:29.692-0400] {processor.py:208} INFO - Processing /Users/pranavr/.pyenv/versions/3.11.6/lib/python3.11/site-packages/airflow/example_dags/example_short_circuit_operator.py took 97.899 seconds
[2025-06-13T14:56:44.800-0400] {processor.py:186} INFO - Started process (PID=14407) to work on /Users/pranavr/.pyenv/versions/3.11.6/lib/python3.11/site-packages/airflow/example_dags/example_short_circuit_operator.py
[2025-06-13T14:56:44.803-0400] {processor.py:914} INFO - Processing file /Users/pranavr/.pyenv/versions/3.11.6/lib/python3.11/site-packages/airflow/example_dags/example_short_circuit_operator.py for tasks to queue
[2025-06-13T14:56:44.803-0400] {logging_mixin.py:190} INFO - [2025-06-13T14:56:44.803-0400] {dagbag.py:588} INFO - Filling up the DagBag from /Users/pranavr/.pyenv/versions/3.11.6/lib/python3.11/site-packages/airflow/example_dags/example_short_circuit_operator.py
[2025-06-13T14:56:44.813-0400] {processor.py:925} INFO - DAG(s) 'example_short_circuit_operator' retrieved from /Users/pranavr/.pyenv/versions/3.11.6/lib/python3.11/site-packages/airflow/example_dags/example_short_circuit_operator.py
[2025-06-13T14:56:44.874-0400] {logging_mixin.py:190} INFO - [2025-06-13T14:56:44.874-0400] {dag.py:3239} INFO - Sync 1 DAGs
[2025-06-13T14:56:44.878-0400] {logging_mixin.py:190} INFO - [2025-06-13T14:56:44.878-0400] {dag.py:4180} INFO - Setting next_dagrun for example_short_circuit_operator to None, run_after=None
[2025-06-13T14:56:44.885-0400] {processor.py:208} INFO - Processing /Users/pranavr/.pyenv/versions/3.11.6/lib/python3.11/site-packages/airflow/example_dags/example_short_circuit_operator.py took 86.407 seconds
[2025-06-13T14:58:05.033-0400] {processor.py:186} INFO - Started process (PID=14618) to work on /Users/pranavr/.pyenv/versions/3.11.6/lib/python3.11/site-packages/airflow/example_dags/example_short_circuit_operator.py
[2025-06-13T14:58:05.035-0400] {processor.py:914} INFO - Processing file /Users/pranavr/.pyenv/versions/3.11.6/lib/python3.11/site-packages/airflow/example_dags/example_short_circuit_operator.py for tasks to queue
[2025-06-13T14:58:05.035-0400] {logging_mixin.py:190} INFO - [2025-06-13T14:58:05.035-0400] {dagbag.py:588} INFO - Filling up the DagBag from /Users/pranavr/.pyenv/versions/3.11.6/lib/python3.11/site-packages/airflow/example_dags/example_short_circuit_operator.py
[2025-06-13T14:58:05.046-0400] {processor.py:925} INFO - DAG(s) 'example_short_circuit_operator' retrieved from /Users/pranavr/.pyenv/versions/3.11.6/lib/python3.11/site-packages/airflow/example_dags/example_short_circuit_operator.py
[2025-06-13T14:58:05.123-0400] {logging_mixin.py:190} INFO - [2025-06-13T14:58:05.123-0400] {dag.py:3239} INFO - Sync 1 DAGs
[2025-06-13T14:58:05.128-0400] {logging_mixin.py:190} INFO - [2025-06-13T14:58:05.127-0400] {dag.py:4180} INFO - Setting next_dagrun for example_short_circuit_operator to None, run_after=None
[2025-06-13T14:58:05.135-0400] {processor.py:208} INFO - Processing /Users/pranavr/.pyenv/versions/3.11.6/lib/python3.11/site-packages/airflow/example_dags/example_short_circuit_operator.py took 103.801 seconds
[2025-06-13T14:59:28.057-0400] {processor.py:186} INFO - Started process (PID=14770) to work on /Users/pranavr/.pyenv/versions/3.11.6/lib/python3.11/site-packages/airflow/example_dags/example_short_circuit_operator.py
[2025-06-13T14:59:28.059-0400] {processor.py:914} INFO - Processing file /Users/pranavr/.pyenv/versions/3.11.6/lib/python3.11/site-packages/airflow/example_dags/example_short_circuit_operator.py for tasks to queue
[2025-06-13T14:59:28.060-0400] {logging_mixin.py:190} INFO - [2025-06-13T14:59:28.060-0400] {dagbag.py:588} INFO - Filling up the DagBag from /Users/pranavr/.pyenv/versions/3.11.6/lib/python3.11/site-packages/airflow/example_dags/example_short_circuit_operator.py
[2025-06-13T14:59:28.071-0400] {processor.py:925} INFO - DAG(s) 'example_short_circuit_operator' retrieved from /Users/pranavr/.pyenv/versions/3.11.6/lib/python3.11/site-packages/airflow/example_dags/example_short_circuit_operator.py
[2025-06-13T14:59:28.141-0400] {logging_mixin.py:190} INFO - [2025-06-13T14:59:28.141-0400] {dag.py:3239} INFO - Sync 1 DAGs
[2025-06-13T14:59:28.145-0400] {logging_mixin.py:190} INFO - [2025-06-13T14:59:28.145-0400] {dag.py:4180} INFO - Setting next_dagrun for example_short_circuit_operator to None, run_after=None
[2025-06-13T14:59:28.153-0400] {processor.py:208} INFO - Processing /Users/pranavr/.pyenv/versions/3.11.6/lib/python3.11/site-packages/airflow/example_dags/example_short_circuit_operator.py took 96.835 seconds
[2025-06-13T15:01:00.668-0400] {processor.py:186} INFO - Started process (PID=15104) to work on /Users/pranavr/.pyenv/versions/3.11.6/lib/python3.11/site-packages/airflow/example_dags/example_short_circuit_operator.py
[2025-06-13T15:01:00.670-0400] {processor.py:914} INFO - Processing file /Users/pranavr/.pyenv/versions/3.11.6/lib/python3.11/site-packages/airflow/example_dags/example_short_circuit_operator.py for tasks to queue
[2025-06-13T15:01:00.670-0400] {logging_mixin.py:190} INFO - [2025-06-13T15:01:00.670-0400] {dagbag.py:588} INFO - Filling up the DagBag from /Users/pranavr/.pyenv/versions/3.11.6/lib/python3.11/site-packages/airflow/example_dags/example_short_circuit_operator.py
[2025-06-13T15:01:00.683-0400] {processor.py:925} INFO - DAG(s) 'example_short_circuit_operator' retrieved from /Users/pranavr/.pyenv/versions/3.11.6/lib/python3.11/site-packages/airflow/example_dags/example_short_circuit_operator.py
[2025-06-13T15:01:00.754-0400] {logging_mixin.py:190} INFO - [2025-06-13T15:01:00.754-0400] {dag.py:3239} INFO - Sync 1 DAGs
[2025-06-13T15:01:00.759-0400] {logging_mixin.py:190} INFO - [2025-06-13T15:01:00.759-0400] {dag.py:4180} INFO - Setting next_dagrun for example_short_circuit_operator to None, run_after=None
[2025-06-13T15:01:00.767-0400] {processor.py:208} INFO - Processing /Users/pranavr/.pyenv/versions/3.11.6/lib/python3.11/site-packages/airflow/example_dags/example_short_circuit_operator.py took 100.844 seconds
