[2025-06-13T14:23:19.035-0400] {processor.py:186} INFO - Started process (PID=7815) to work on /Users/pranavr/.pyenv/versions/3.11.6/lib/python3.11/site-packages/airflow/example_dags/example_bash_decorator.py
[2025-06-13T14:23:19.037-0400] {processor.py:914} INFO - Processing file /Users/pranavr/.pyenv/versions/3.11.6/lib/python3.11/site-packages/airflow/example_dags/example_bash_decorator.py for tasks to queue
[2025-06-13T14:23:19.038-0400] {logging_mixin.py:190} INFO - [2025-06-13T14:23:19.037-0400] {dagbag.py:588} INFO - Filling up the DagBag from /Users/pranavr/.pyenv/versions/3.11.6/lib/python3.11/site-packages/airflow/example_dags/example_bash_decorator.py
[2025-06-13T14:23:19.072-0400] {processor.py:925} INFO - DAG(s) 'example_bash_decorator' retrieved from /Users/pranavr/.pyenv/versions/3.11.6/lib/python3.11/site-packages/airflow/example_dags/example_bash_decorator.py
[2025-06-13T14:23:19.202-0400] {logging_mixin.py:190} INFO - [2025-06-13T14:23:19.202-0400] {dag.py:3239} INFO - Sync 1 DAGs
[2025-06-13T14:23:19.210-0400] {logging_mixin.py:190} INFO - [2025-06-13T14:23:19.209-0400] {dag.py:4180} INFO - Setting next_dagrun for example_bash_decorator to None, run_after=None
[2025-06-13T14:23:19.220-0400] {processor.py:208} INFO - Processing /Users/pranavr/.pyenv/versions/3.11.6/lib/python3.11/site-packages/airflow/example_dags/example_bash_decorator.py took 186.939 seconds
[2025-06-13T14:26:22.172-0400] {processor.py:186} INFO - Started process (PID=8055) to work on /Users/pranavr/.pyenv/versions/3.11.6/lib/python3.11/site-packages/airflow/example_dags/example_bash_decorator.py
[2025-06-13T14:26:22.174-0400] {processor.py:914} INFO - Processing file /Users/pranavr/.pyenv/versions/3.11.6/lib/python3.11/site-packages/airflow/example_dags/example_bash_decorator.py for tasks to queue
[2025-06-13T14:26:22.175-0400] {logging_mixin.py:190} INFO - [2025-06-13T14:26:22.175-0400] {dagbag.py:588} INFO - Filling up the DagBag from /Users/pranavr/.pyenv/versions/3.11.6/lib/python3.11/site-packages/airflow/example_dags/example_bash_decorator.py
[2025-06-13T14:26:22.206-0400] {processor.py:925} INFO - DAG(s) 'example_bash_decorator' retrieved from /Users/pranavr/.pyenv/versions/3.11.6/lib/python3.11/site-packages/airflow/example_dags/example_bash_decorator.py
[2025-06-13T14:26:22.355-0400] {logging_mixin.py:190} INFO - [2025-06-13T14:26:22.355-0400] {dag.py:3239} INFO - Sync 1 DAGs
[2025-06-13T14:26:22.359-0400] {logging_mixin.py:190} INFO - [2025-06-13T14:26:22.359-0400] {dag.py:4180} INFO - Setting next_dagrun for example_bash_decorator to None, run_after=None
[2025-06-13T14:26:22.368-0400] {processor.py:208} INFO - Processing /Users/pranavr/.pyenv/versions/3.11.6/lib/python3.11/site-packages/airflow/example_dags/example_bash_decorator.py took 201.683 seconds
[2025-06-13T14:29:26.299-0400] {processor.py:186} INFO - Started process (PID=8877) to work on /Users/pranavr/.pyenv/versions/3.11.6/lib/python3.11/site-packages/airflow/example_dags/example_bash_decorator.py
[2025-06-13T14:29:26.303-0400] {processor.py:914} INFO - Processing file /Users/pranavr/.pyenv/versions/3.11.6/lib/python3.11/site-packages/airflow/example_dags/example_bash_decorator.py for tasks to queue
[2025-06-13T14:29:26.304-0400] {logging_mixin.py:190} INFO - [2025-06-13T14:29:26.304-0400] {dagbag.py:588} INFO - Filling up the DagBag from /Users/pranavr/.pyenv/versions/3.11.6/lib/python3.11/site-packages/airflow/example_dags/example_bash_decorator.py
[2025-06-13T14:29:26.336-0400] {processor.py:925} INFO - DAG(s) 'example_bash_decorator' retrieved from /Users/pranavr/.pyenv/versions/3.11.6/lib/python3.11/site-packages/airflow/example_dags/example_bash_decorator.py
[2025-06-13T14:29:26.476-0400] {logging_mixin.py:190} INFO - [2025-06-13T14:29:26.476-0400] {dag.py:3239} INFO - Sync 1 DAGs
[2025-06-13T14:29:26.480-0400] {logging_mixin.py:190} INFO - [2025-06-13T14:29:26.480-0400] {dag.py:4180} INFO - Setting next_dagrun for example_bash_decorator to None, run_after=None
[2025-06-13T14:29:26.490-0400] {processor.py:208} INFO - Processing /Users/pranavr/.pyenv/versions/3.11.6/lib/python3.11/site-packages/airflow/example_dags/example_bash_decorator.py took 192.550 seconds
[2025-06-13T14:32:23.300-0400] {processor.py:186} INFO - Started process (PID=9515) to work on /Users/pranavr/.pyenv/versions/3.11.6/lib/python3.11/site-packages/airflow/example_dags/example_bash_decorator.py
[2025-06-13T14:32:23.302-0400] {processor.py:914} INFO - Processing file /Users/pranavr/.pyenv/versions/3.11.6/lib/python3.11/site-packages/airflow/example_dags/example_bash_decorator.py for tasks to queue
[2025-06-13T14:32:23.302-0400] {logging_mixin.py:190} INFO - [2025-06-13T14:32:23.302-0400] {dagbag.py:588} INFO - Filling up the DagBag from /Users/pranavr/.pyenv/versions/3.11.6/lib/python3.11/site-packages/airflow/example_dags/example_bash_decorator.py
[2025-06-13T14:32:23.325-0400] {processor.py:925} INFO - DAG(s) 'example_bash_decorator' retrieved from /Users/pranavr/.pyenv/versions/3.11.6/lib/python3.11/site-packages/airflow/example_dags/example_bash_decorator.py
[2025-06-13T14:32:23.466-0400] {logging_mixin.py:190} INFO - [2025-06-13T14:32:23.466-0400] {dag.py:3239} INFO - Sync 1 DAGs
[2025-06-13T14:32:23.471-0400] {logging_mixin.py:190} INFO - [2025-06-13T14:32:23.470-0400] {dag.py:4180} INFO - Setting next_dagrun for example_bash_decorator to None, run_after=None
[2025-06-13T14:32:23.483-0400] {processor.py:208} INFO - Processing /Users/pranavr/.pyenv/versions/3.11.6/lib/python3.11/site-packages/airflow/example_dags/example_bash_decorator.py took 185.158 seconds
[2025-06-13T14:35:28.416-0400] {processor.py:186} INFO - Started process (PID=10164) to work on /Users/pranavr/.pyenv/versions/3.11.6/lib/python3.11/site-packages/airflow/example_dags/example_bash_decorator.py
[2025-06-13T14:35:28.418-0400] {processor.py:914} INFO - Processing file /Users/pranavr/.pyenv/versions/3.11.6/lib/python3.11/site-packages/airflow/example_dags/example_bash_decorator.py for tasks to queue
[2025-06-13T14:35:28.419-0400] {logging_mixin.py:190} INFO - [2025-06-13T14:35:28.419-0400] {dagbag.py:588} INFO - Filling up the DagBag from /Users/pranavr/.pyenv/versions/3.11.6/lib/python3.11/site-packages/airflow/example_dags/example_bash_decorator.py
[2025-06-13T14:35:28.445-0400] {processor.py:925} INFO - DAG(s) 'example_bash_decorator' retrieved from /Users/pranavr/.pyenv/versions/3.11.6/lib/python3.11/site-packages/airflow/example_dags/example_bash_decorator.py
[2025-06-13T14:35:28.579-0400] {logging_mixin.py:190} INFO - [2025-06-13T14:35:28.579-0400] {dag.py:3239} INFO - Sync 1 DAGs
[2025-06-13T14:35:28.583-0400] {logging_mixin.py:190} INFO - [2025-06-13T14:35:28.583-0400] {dag.py:4180} INFO - Setting next_dagrun for example_bash_decorator to None, run_after=None
[2025-06-13T14:35:28.596-0400] {processor.py:208} INFO - Processing /Users/pranavr/.pyenv/versions/3.11.6/lib/python3.11/site-packages/airflow/example_dags/example_bash_decorator.py took 185.333 seconds
[2025-06-13T14:38:28.568-0400] {processor.py:186} INFO - Started process (PID=11218) to work on /Users/pranavr/.pyenv/versions/3.11.6/lib/python3.11/site-packages/airflow/example_dags/example_bash_decorator.py
[2025-06-13T14:38:28.571-0400] {processor.py:914} INFO - Processing file /Users/pranavr/.pyenv/versions/3.11.6/lib/python3.11/site-packages/airflow/example_dags/example_bash_decorator.py for tasks to queue
[2025-06-13T14:38:28.572-0400] {logging_mixin.py:190} INFO - [2025-06-13T14:38:28.572-0400] {dagbag.py:588} INFO - Filling up the DagBag from /Users/pranavr/.pyenv/versions/3.11.6/lib/python3.11/site-packages/airflow/example_dags/example_bash_decorator.py
[2025-06-13T14:38:28.605-0400] {processor.py:925} INFO - DAG(s) 'example_bash_decorator' retrieved from /Users/pranavr/.pyenv/versions/3.11.6/lib/python3.11/site-packages/airflow/example_dags/example_bash_decorator.py
[2025-06-13T14:38:28.747-0400] {logging_mixin.py:190} INFO - [2025-06-13T14:38:28.747-0400] {dag.py:3239} INFO - Sync 1 DAGs
[2025-06-13T14:38:28.751-0400] {logging_mixin.py:190} INFO - [2025-06-13T14:38:28.751-0400] {dag.py:4180} INFO - Setting next_dagrun for example_bash_decorator to None, run_after=None
[2025-06-13T14:38:28.760-0400] {processor.py:208} INFO - Processing /Users/pranavr/.pyenv/versions/3.11.6/lib/python3.11/site-packages/airflow/example_dags/example_bash_decorator.py took 193.910 seconds
[2025-06-13T14:41:09.301-0400] {processor.py:186} INFO - Started process (PID=11722) to work on /Users/pranavr/.pyenv/versions/3.11.6/lib/python3.11/site-packages/airflow/example_dags/example_bash_decorator.py
[2025-06-13T14:41:09.303-0400] {processor.py:914} INFO - Processing file /Users/pranavr/.pyenv/versions/3.11.6/lib/python3.11/site-packages/airflow/example_dags/example_bash_decorator.py for tasks to queue
[2025-06-13T14:41:09.304-0400] {logging_mixin.py:190} INFO - [2025-06-13T14:41:09.304-0400] {dagbag.py:588} INFO - Filling up the DagBag from /Users/pranavr/.pyenv/versions/3.11.6/lib/python3.11/site-packages/airflow/example_dags/example_bash_decorator.py
[2025-06-13T14:41:09.323-0400] {processor.py:925} INFO - DAG(s) 'example_bash_decorator' retrieved from /Users/pranavr/.pyenv/versions/3.11.6/lib/python3.11/site-packages/airflow/example_dags/example_bash_decorator.py
[2025-06-13T14:41:09.434-0400] {logging_mixin.py:190} INFO - [2025-06-13T14:41:09.434-0400] {dag.py:3239} INFO - Sync 1 DAGs
[2025-06-13T14:41:09.439-0400] {logging_mixin.py:190} INFO - [2025-06-13T14:41:09.438-0400] {dag.py:4180} INFO - Setting next_dagrun for example_bash_decorator to None, run_after=None
[2025-06-13T14:41:09.448-0400] {processor.py:208} INFO - Processing /Users/pranavr/.pyenv/versions/3.11.6/lib/python3.11/site-packages/airflow/example_dags/example_bash_decorator.py took 148.054 seconds
[2025-06-13T14:43:37.633-0400] {processor.py:186} INFO - Started process (PID=11971) to work on /Users/pranavr/.pyenv/versions/3.11.6/lib/python3.11/site-packages/airflow/example_dags/example_bash_decorator.py
[2025-06-13T14:43:37.635-0400] {processor.py:914} INFO - Processing file /Users/pranavr/.pyenv/versions/3.11.6/lib/python3.11/site-packages/airflow/example_dags/example_bash_decorator.py for tasks to queue
[2025-06-13T14:43:37.635-0400] {logging_mixin.py:190} INFO - [2025-06-13T14:43:37.635-0400] {dagbag.py:588} INFO - Filling up the DagBag from /Users/pranavr/.pyenv/versions/3.11.6/lib/python3.11/site-packages/airflow/example_dags/example_bash_decorator.py
[2025-06-13T14:43:37.652-0400] {processor.py:925} INFO - DAG(s) 'example_bash_decorator' retrieved from /Users/pranavr/.pyenv/versions/3.11.6/lib/python3.11/site-packages/airflow/example_dags/example_bash_decorator.py
[2025-06-13T14:43:37.747-0400] {logging_mixin.py:190} INFO - [2025-06-13T14:43:37.747-0400] {dag.py:3239} INFO - Sync 1 DAGs
[2025-06-13T14:43:37.750-0400] {logging_mixin.py:190} INFO - [2025-06-13T14:43:37.750-0400] {dag.py:4180} INFO - Setting next_dagrun for example_bash_decorator to None, run_after=None
[2025-06-13T14:43:37.757-0400] {processor.py:208} INFO - Processing /Users/pranavr/.pyenv/versions/3.11.6/lib/python3.11/site-packages/airflow/example_dags/example_bash_decorator.py took 125.164 seconds
[2025-06-13T14:46:02.399-0400] {processor.py:186} INFO - Started process (PID=12296) to work on /Users/pranavr/.pyenv/versions/3.11.6/lib/python3.11/site-packages/airflow/example_dags/example_bash_decorator.py
[2025-06-13T14:46:02.401-0400] {processor.py:914} INFO - Processing file /Users/pranavr/.pyenv/versions/3.11.6/lib/python3.11/site-packages/airflow/example_dags/example_bash_decorator.py for tasks to queue
[2025-06-13T14:46:02.401-0400] {logging_mixin.py:190} INFO - [2025-06-13T14:46:02.401-0400] {dagbag.py:588} INFO - Filling up the DagBag from /Users/pranavr/.pyenv/versions/3.11.6/lib/python3.11/site-packages/airflow/example_dags/example_bash_decorator.py
[2025-06-13T14:46:02.417-0400] {processor.py:925} INFO - DAG(s) 'example_bash_decorator' retrieved from /Users/pranavr/.pyenv/versions/3.11.6/lib/python3.11/site-packages/airflow/example_dags/example_bash_decorator.py
[2025-06-13T14:46:02.511-0400] {logging_mixin.py:190} INFO - [2025-06-13T14:46:02.511-0400] {dag.py:3239} INFO - Sync 1 DAGs
[2025-06-13T14:46:02.514-0400] {logging_mixin.py:190} INFO - [2025-06-13T14:46:02.514-0400] {dag.py:4180} INFO - Setting next_dagrun for example_bash_decorator to None, run_after=None
[2025-06-13T14:46:02.522-0400] {processor.py:208} INFO - Processing /Users/pranavr/.pyenv/versions/3.11.6/lib/python3.11/site-packages/airflow/example_dags/example_bash_decorator.py took 123.527 seconds
[2025-06-13T14:48:29.934-0400] {processor.py:186} INFO - Started process (PID=12498) to work on /Users/pranavr/.pyenv/versions/3.11.6/lib/python3.11/site-packages/airflow/example_dags/example_bash_decorator.py
[2025-06-13T14:48:29.936-0400] {processor.py:914} INFO - Processing file /Users/pranavr/.pyenv/versions/3.11.6/lib/python3.11/site-packages/airflow/example_dags/example_bash_decorator.py for tasks to queue
[2025-06-13T14:48:29.936-0400] {logging_mixin.py:190} INFO - [2025-06-13T14:48:29.936-0400] {dagbag.py:588} INFO - Filling up the DagBag from /Users/pranavr/.pyenv/versions/3.11.6/lib/python3.11/site-packages/airflow/example_dags/example_bash_decorator.py
[2025-06-13T14:48:29.955-0400] {processor.py:925} INFO - DAG(s) 'example_bash_decorator' retrieved from /Users/pranavr/.pyenv/versions/3.11.6/lib/python3.11/site-packages/airflow/example_dags/example_bash_decorator.py
[2025-06-13T14:48:30.059-0400] {logging_mixin.py:190} INFO - [2025-06-13T14:48:30.059-0400] {dag.py:3239} INFO - Sync 1 DAGs
[2025-06-13T14:48:30.063-0400] {logging_mixin.py:190} INFO - [2025-06-13T14:48:30.063-0400] {dag.py:4180} INFO - Setting next_dagrun for example_bash_decorator to None, run_after=None
[2025-06-13T14:48:30.071-0400] {processor.py:208} INFO - Processing /Users/pranavr/.pyenv/versions/3.11.6/lib/python3.11/site-packages/airflow/example_dags/example_bash_decorator.py took 137.901 seconds
[2025-06-13T14:50:57.686-0400] {processor.py:186} INFO - Started process (PID=12739) to work on /Users/pranavr/.pyenv/versions/3.11.6/lib/python3.11/site-packages/airflow/example_dags/example_bash_decorator.py
[2025-06-13T14:50:57.688-0400] {processor.py:914} INFO - Processing file /Users/pranavr/.pyenv/versions/3.11.6/lib/python3.11/site-packages/airflow/example_dags/example_bash_decorator.py for tasks to queue
[2025-06-13T14:50:57.689-0400] {logging_mixin.py:190} INFO - [2025-06-13T14:50:57.689-0400] {dagbag.py:588} INFO - Filling up the DagBag from /Users/pranavr/.pyenv/versions/3.11.6/lib/python3.11/site-packages/airflow/example_dags/example_bash_decorator.py
[2025-06-13T14:50:57.704-0400] {processor.py:925} INFO - DAG(s) 'example_bash_decorator' retrieved from /Users/pranavr/.pyenv/versions/3.11.6/lib/python3.11/site-packages/airflow/example_dags/example_bash_decorator.py
[2025-06-13T14:50:57.800-0400] {logging_mixin.py:190} INFO - [2025-06-13T14:50:57.800-0400] {dag.py:3239} INFO - Sync 1 DAGs
[2025-06-13T14:50:57.804-0400] {logging_mixin.py:190} INFO - [2025-06-13T14:50:57.804-0400] {dag.py:4180} INFO - Setting next_dagrun for example_bash_decorator to None, run_after=None
[2025-06-13T14:50:57.812-0400] {processor.py:208} INFO - Processing /Users/pranavr/.pyenv/versions/3.11.6/lib/python3.11/site-packages/airflow/example_dags/example_bash_decorator.py took 127.144 seconds
[2025-06-13T14:53:26.768-0400] {processor.py:186} INFO - Started process (PID=14087) to work on /Users/pranavr/.pyenv/versions/3.11.6/lib/python3.11/site-packages/airflow/example_dags/example_bash_decorator.py
[2025-06-13T14:53:26.771-0400] {processor.py:914} INFO - Processing file /Users/pranavr/.pyenv/versions/3.11.6/lib/python3.11/site-packages/airflow/example_dags/example_bash_decorator.py for tasks to queue
[2025-06-13T14:53:26.771-0400] {logging_mixin.py:190} INFO - [2025-06-13T14:53:26.771-0400] {dagbag.py:588} INFO - Filling up the DagBag from /Users/pranavr/.pyenv/versions/3.11.6/lib/python3.11/site-packages/airflow/example_dags/example_bash_decorator.py
[2025-06-13T14:53:26.787-0400] {processor.py:925} INFO - DAG(s) 'example_bash_decorator' retrieved from /Users/pranavr/.pyenv/versions/3.11.6/lib/python3.11/site-packages/airflow/example_dags/example_bash_decorator.py
[2025-06-13T14:53:26.881-0400] {logging_mixin.py:190} INFO - [2025-06-13T14:53:26.881-0400] {dag.py:3239} INFO - Sync 1 DAGs
[2025-06-13T14:53:26.884-0400] {logging_mixin.py:190} INFO - [2025-06-13T14:53:26.884-0400] {dag.py:4180} INFO - Setting next_dagrun for example_bash_decorator to None, run_after=None
[2025-06-13T14:53:26.892-0400] {processor.py:208} INFO - Processing /Users/pranavr/.pyenv/versions/3.11.6/lib/python3.11/site-packages/airflow/example_dags/example_bash_decorator.py took 124.742 seconds
[2025-06-13T14:56:02.273-0400] {processor.py:186} INFO - Started process (PID=14344) to work on /Users/pranavr/.pyenv/versions/3.11.6/lib/python3.11/site-packages/airflow/example_dags/example_bash_decorator.py
[2025-06-13T14:56:02.275-0400] {processor.py:914} INFO - Processing file /Users/pranavr/.pyenv/versions/3.11.6/lib/python3.11/site-packages/airflow/example_dags/example_bash_decorator.py for tasks to queue
[2025-06-13T14:56:02.276-0400] {logging_mixin.py:190} INFO - [2025-06-13T14:56:02.276-0400] {dagbag.py:588} INFO - Filling up the DagBag from /Users/pranavr/.pyenv/versions/3.11.6/lib/python3.11/site-packages/airflow/example_dags/example_bash_decorator.py
[2025-06-13T14:56:02.297-0400] {processor.py:925} INFO - DAG(s) 'example_bash_decorator' retrieved from /Users/pranavr/.pyenv/versions/3.11.6/lib/python3.11/site-packages/airflow/example_dags/example_bash_decorator.py
[2025-06-13T14:56:02.410-0400] {logging_mixin.py:190} INFO - [2025-06-13T14:56:02.410-0400] {dag.py:3239} INFO - Sync 1 DAGs
[2025-06-13T14:56:02.413-0400] {logging_mixin.py:190} INFO - [2025-06-13T14:56:02.413-0400] {dag.py:4180} INFO - Setting next_dagrun for example_bash_decorator to None, run_after=None
[2025-06-13T14:56:02.420-0400] {processor.py:208} INFO - Processing /Users/pranavr/.pyenv/versions/3.11.6/lib/python3.11/site-packages/airflow/example_dags/example_bash_decorator.py took 149.039 seconds
[2025-06-13T14:58:39.189-0400] {processor.py:186} INFO - Started process (PID=14693) to work on /Users/pranavr/.pyenv/versions/3.11.6/lib/python3.11/site-packages/airflow/example_dags/example_bash_decorator.py
[2025-06-13T14:58:39.191-0400] {processor.py:914} INFO - Processing file /Users/pranavr/.pyenv/versions/3.11.6/lib/python3.11/site-packages/airflow/example_dags/example_bash_decorator.py for tasks to queue
[2025-06-13T14:58:39.192-0400] {logging_mixin.py:190} INFO - [2025-06-13T14:58:39.192-0400] {dagbag.py:588} INFO - Filling up the DagBag from /Users/pranavr/.pyenv/versions/3.11.6/lib/python3.11/site-packages/airflow/example_dags/example_bash_decorator.py
[2025-06-13T14:58:39.213-0400] {processor.py:925} INFO - DAG(s) 'example_bash_decorator' retrieved from /Users/pranavr/.pyenv/versions/3.11.6/lib/python3.11/site-packages/airflow/example_dags/example_bash_decorator.py
[2025-06-13T14:58:39.336-0400] {logging_mixin.py:190} INFO - [2025-06-13T14:58:39.336-0400] {dag.py:3239} INFO - Sync 1 DAGs
[2025-06-13T14:58:39.340-0400] {logging_mixin.py:190} INFO - [2025-06-13T14:58:39.340-0400] {dag.py:4180} INFO - Setting next_dagrun for example_bash_decorator to None, run_after=None
[2025-06-13T14:58:39.349-0400] {processor.py:208} INFO - Processing /Users/pranavr/.pyenv/versions/3.11.6/lib/python3.11/site-packages/airflow/example_dags/example_bash_decorator.py took 160.714 seconds
[2025-06-13T15:02:08.032-0400] {processor.py:186} INFO - Started process (PID=15238) to work on /Users/pranavr/.pyenv/versions/3.11.6/lib/python3.11/site-packages/airflow/example_dags/example_bash_decorator.py
[2025-06-13T15:02:08.034-0400] {processor.py:914} INFO - Processing file /Users/pranavr/.pyenv/versions/3.11.6/lib/python3.11/site-packages/airflow/example_dags/example_bash_decorator.py for tasks to queue
[2025-06-13T15:02:08.034-0400] {logging_mixin.py:190} INFO - [2025-06-13T15:02:08.034-0400] {dagbag.py:588} INFO - Filling up the DagBag from /Users/pranavr/.pyenv/versions/3.11.6/lib/python3.11/site-packages/airflow/example_dags/example_bash_decorator.py
[2025-06-13T15:02:08.059-0400] {processor.py:925} INFO - DAG(s) 'example_bash_decorator' retrieved from /Users/pranavr/.pyenv/versions/3.11.6/lib/python3.11/site-packages/airflow/example_dags/example_bash_decorator.py
[2025-06-13T15:02:08.188-0400] {logging_mixin.py:190} INFO - [2025-06-13T15:02:08.187-0400] {dag.py:3239} INFO - Sync 1 DAGs
[2025-06-13T15:02:08.192-0400] {logging_mixin.py:190} INFO - [2025-06-13T15:02:08.192-0400] {dag.py:4180} INFO - Setting next_dagrun for example_bash_decorator to None, run_after=None
[2025-06-13T15:02:08.200-0400] {processor.py:208} INFO - Processing /Users/pranavr/.pyenv/versions/3.11.6/lib/python3.11/site-packages/airflow/example_dags/example_bash_decorator.py took 169.846 seconds
[2025-06-13T15:06:09.206-0400] {processor.py:186} INFO - Started process (PID=16264) to work on /Users/pranavr/.pyenv/versions/3.11.6/lib/python3.11/site-packages/airflow/example_dags/example_bash_decorator.py
[2025-06-13T15:06:09.208-0400] {processor.py:914} INFO - Processing file /Users/pranavr/.pyenv/versions/3.11.6/lib/python3.11/site-packages/airflow/example_dags/example_bash_decorator.py for tasks to queue
[2025-06-13T15:06:09.208-0400] {logging_mixin.py:190} INFO - [2025-06-13T15:06:09.208-0400] {dagbag.py:588} INFO - Filling up the DagBag from /Users/pranavr/.pyenv/versions/3.11.6/lib/python3.11/site-packages/airflow/example_dags/example_bash_decorator.py
[2025-06-13T15:06:09.232-0400] {processor.py:925} INFO - DAG(s) 'example_bash_decorator' retrieved from /Users/pranavr/.pyenv/versions/3.11.6/lib/python3.11/site-packages/airflow/example_dags/example_bash_decorator.py
[2025-06-13T15:06:09.360-0400] {logging_mixin.py:190} INFO - [2025-06-13T15:06:09.360-0400] {dag.py:3239} INFO - Sync 1 DAGs
[2025-06-13T15:06:09.364-0400] {logging_mixin.py:190} INFO - [2025-06-13T15:06:09.364-0400] {dag.py:4180} INFO - Setting next_dagrun for example_bash_decorator to None, run_after=None
[2025-06-13T15:06:09.373-0400] {processor.py:208} INFO - Processing /Users/pranavr/.pyenv/versions/3.11.6/lib/python3.11/site-packages/airflow/example_dags/example_bash_decorator.py took 168.409 seconds
[2025-06-13T15:08:47.246-0400] {processor.py:186} INFO - Started process (PID=16513) to work on /Users/pranavr/.pyenv/versions/3.11.6/lib/python3.11/site-packages/airflow/example_dags/example_bash_decorator.py
[2025-06-13T15:08:47.248-0400] {processor.py:914} INFO - Processing file /Users/pranavr/.pyenv/versions/3.11.6/lib/python3.11/site-packages/airflow/example_dags/example_bash_decorator.py for tasks to queue
[2025-06-13T15:08:47.248-0400] {logging_mixin.py:190} INFO - [2025-06-13T15:08:47.248-0400] {dagbag.py:588} INFO - Filling up the DagBag from /Users/pranavr/.pyenv/versions/3.11.6/lib/python3.11/site-packages/airflow/example_dags/example_bash_decorator.py
[2025-06-13T15:08:47.273-0400] {processor.py:925} INFO - DAG(s) 'example_bash_decorator' retrieved from /Users/pranavr/.pyenv/versions/3.11.6/lib/python3.11/site-packages/airflow/example_dags/example_bash_decorator.py
[2025-06-13T15:08:47.395-0400] {logging_mixin.py:190} INFO - [2025-06-13T15:08:47.395-0400] {dag.py:3239} INFO - Sync 1 DAGs
[2025-06-13T15:08:47.400-0400] {logging_mixin.py:190} INFO - [2025-06-13T15:08:47.400-0400] {dag.py:4180} INFO - Setting next_dagrun for example_bash_decorator to None, run_after=None
[2025-06-13T15:08:47.408-0400] {processor.py:208} INFO - Processing /Users/pranavr/.pyenv/versions/3.11.6/lib/python3.11/site-packages/airflow/example_dags/example_bash_decorator.py took 163.959 seconds
[2025-06-13T15:11:38.220-0400] {processor.py:186} INFO - Started process (PID=16876) to work on /Users/pranavr/.pyenv/versions/3.11.6/lib/python3.11/site-packages/airflow/example_dags/example_bash_decorator.py
[2025-06-13T15:11:38.222-0400] {processor.py:914} INFO - Processing file /Users/pranavr/.pyenv/versions/3.11.6/lib/python3.11/site-packages/airflow/example_dags/example_bash_decorator.py for tasks to queue
[2025-06-13T15:11:38.223-0400] {logging_mixin.py:190} INFO - [2025-06-13T15:11:38.223-0400] {dagbag.py:588} INFO - Filling up the DagBag from /Users/pranavr/.pyenv/versions/3.11.6/lib/python3.11/site-packages/airflow/example_dags/example_bash_decorator.py
[2025-06-13T15:11:38.249-0400] {processor.py:925} INFO - DAG(s) 'example_bash_decorator' retrieved from /Users/pranavr/.pyenv/versions/3.11.6/lib/python3.11/site-packages/airflow/example_dags/example_bash_decorator.py
[2025-06-13T15:11:38.374-0400] {logging_mixin.py:190} INFO - [2025-06-13T15:11:38.374-0400] {dag.py:3239} INFO - Sync 1 DAGs
[2025-06-13T15:11:38.378-0400] {logging_mixin.py:190} INFO - [2025-06-13T15:11:38.378-0400] {dag.py:4180} INFO - Setting next_dagrun for example_bash_decorator to None, run_after=None
[2025-06-13T15:11:38.387-0400] {processor.py:208} INFO - Processing /Users/pranavr/.pyenv/versions/3.11.6/lib/python3.11/site-packages/airflow/example_dags/example_bash_decorator.py took 167.981 seconds
[2025-06-13T15:20:20.286-0400] {processor.py:186} INFO - Started process (PID=17879) to work on /Users/pranavr/.pyenv/versions/3.11.6/lib/python3.11/site-packages/airflow/example_dags/example_bash_decorator.py
[2025-06-13T15:20:20.288-0400] {processor.py:914} INFO - Processing file /Users/pranavr/.pyenv/versions/3.11.6/lib/python3.11/site-packages/airflow/example_dags/example_bash_decorator.py for tasks to queue
[2025-06-13T15:20:20.289-0400] {logging_mixin.py:190} INFO - [2025-06-13T15:20:20.289-0400] {dagbag.py:588} INFO - Filling up the DagBag from /Users/pranavr/.pyenv/versions/3.11.6/lib/python3.11/site-packages/airflow/example_dags/example_bash_decorator.py
[2025-06-13T15:20:20.313-0400] {processor.py:925} INFO - DAG(s) 'example_bash_decorator' retrieved from /Users/pranavr/.pyenv/versions/3.11.6/lib/python3.11/site-packages/airflow/example_dags/example_bash_decorator.py
[2025-06-13T15:20:20.435-0400] {logging_mixin.py:190} INFO - [2025-06-13T15:20:20.435-0400] {dag.py:3239} INFO - Sync 1 DAGs
[2025-06-13T15:20:20.440-0400] {logging_mixin.py:190} INFO - [2025-06-13T15:20:20.440-0400] {dag.py:4180} INFO - Setting next_dagrun for example_bash_decorator to None, run_after=None
[2025-06-13T15:20:20.448-0400] {processor.py:208} INFO - Processing /Users/pranavr/.pyenv/versions/3.11.6/lib/python3.11/site-packages/airflow/example_dags/example_bash_decorator.py took 163.442 seconds
[2025-06-13T15:26:39.264-0400] {processor.py:186} INFO - Started process (PID=19040) to work on /Users/pranavr/.pyenv/versions/3.11.6/lib/python3.11/site-packages/airflow/example_dags/example_bash_decorator.py
[2025-06-13T15:26:39.266-0400] {processor.py:914} INFO - Processing file /Users/pranavr/.pyenv/versions/3.11.6/lib/python3.11/site-packages/airflow/example_dags/example_bash_decorator.py for tasks to queue
[2025-06-13T15:26:39.268-0400] {logging_mixin.py:190} INFO - [2025-06-13T15:26:39.268-0400] {dagbag.py:588} INFO - Filling up the DagBag from /Users/pranavr/.pyenv/versions/3.11.6/lib/python3.11/site-packages/airflow/example_dags/example_bash_decorator.py
[2025-06-13T15:26:39.294-0400] {processor.py:925} INFO - DAG(s) 'example_bash_decorator' retrieved from /Users/pranavr/.pyenv/versions/3.11.6/lib/python3.11/site-packages/airflow/example_dags/example_bash_decorator.py
[2025-06-13T15:26:39.398-0400] {logging_mixin.py:190} INFO - [2025-06-13T15:26:39.398-0400] {override.py:1930} INFO - Created Permission View: can delete on DAG:example_bash_decorator
[2025-06-13T15:26:39.402-0400] {logging_mixin.py:190} INFO - [2025-06-13T15:26:39.401-0400] {override.py:1930} INFO - Created Permission View: can edit on DAG:example_bash_decorator
[2025-06-13T15:26:39.404-0400] {logging_mixin.py:190} INFO - [2025-06-13T15:26:39.404-0400] {override.py:1930} INFO - Created Permission View: can read on DAG:example_bash_decorator
[2025-06-13T15:26:39.407-0400] {logging_mixin.py:190} INFO - [2025-06-13T15:26:39.407-0400] {override.py:1930} INFO - Created Permission View: can delete on DAG Run:example_bash_decorator
[2025-06-13T15:26:39.409-0400] {logging_mixin.py:190} INFO - [2025-06-13T15:26:39.409-0400] {override.py:1930} INFO - Created Permission View: menu access on DAG Run:example_bash_decorator
[2025-06-13T15:26:39.411-0400] {logging_mixin.py:190} INFO - [2025-06-13T15:26:39.411-0400] {override.py:1930} INFO - Created Permission View: can read on DAG Run:example_bash_decorator
[2025-06-13T15:26:39.413-0400] {logging_mixin.py:190} INFO - [2025-06-13T15:26:39.413-0400] {override.py:1930} INFO - Created Permission View: can create on DAG Run:example_bash_decorator
[2025-06-13T15:26:39.413-0400] {logging_mixin.py:190} INFO - [2025-06-13T15:26:39.413-0400] {dag.py:3239} INFO - Sync 1 DAGs
[2025-06-13T15:26:39.419-0400] {logging_mixin.py:190} INFO - [2025-06-13T15:26:39.419-0400] {dag.py:3262} INFO - Creating ORM DAG for example_bash_decorator
[2025-06-13T15:26:39.419-0400] {logging_mixin.py:190} INFO - [2025-06-13T15:26:39.419-0400] {dag.py:4180} INFO - Setting next_dagrun for example_bash_decorator to None, run_after=None
[2025-06-13T15:26:39.426-0400] {processor.py:208} INFO - Processing /Users/pranavr/.pyenv/versions/3.11.6/lib/python3.11/site-packages/airflow/example_dags/example_bash_decorator.py took 162.925 seconds
[2025-06-13T15:31:56.202-0400] {processor.py:186} INFO - Started process (PID=19983) to work on /Users/pranavr/.pyenv/versions/3.11.6/lib/python3.11/site-packages/airflow/example_dags/example_bash_decorator.py
[2025-06-13T15:31:56.204-0400] {processor.py:914} INFO - Processing file /Users/pranavr/.pyenv/versions/3.11.6/lib/python3.11/site-packages/airflow/example_dags/example_bash_decorator.py for tasks to queue
[2025-06-13T15:31:56.205-0400] {logging_mixin.py:190} INFO - [2025-06-13T15:31:56.205-0400] {dagbag.py:588} INFO - Filling up the DagBag from /Users/pranavr/.pyenv/versions/3.11.6/lib/python3.11/site-packages/airflow/example_dags/example_bash_decorator.py
[2025-06-13T15:31:56.229-0400] {processor.py:925} INFO - DAG(s) 'example_bash_decorator' retrieved from /Users/pranavr/.pyenv/versions/3.11.6/lib/python3.11/site-packages/airflow/example_dags/example_bash_decorator.py
[2025-06-13T15:31:56.338-0400] {logging_mixin.py:190} INFO - [2025-06-13T15:31:56.338-0400] {override.py:1930} INFO - Created Permission View: can read on DAG:example_bash_decorator
[2025-06-13T15:31:56.342-0400] {logging_mixin.py:190} INFO - [2025-06-13T15:31:56.342-0400] {override.py:1930} INFO - Created Permission View: can edit on DAG:example_bash_decorator
[2025-06-13T15:31:56.344-0400] {logging_mixin.py:190} INFO - [2025-06-13T15:31:56.344-0400] {override.py:1930} INFO - Created Permission View: can delete on DAG:example_bash_decorator
[2025-06-13T15:31:56.347-0400] {logging_mixin.py:190} INFO - [2025-06-13T15:31:56.347-0400] {override.py:1930} INFO - Created Permission View: can read on DAG Run:example_bash_decorator
[2025-06-13T15:31:56.349-0400] {logging_mixin.py:190} INFO - [2025-06-13T15:31:56.349-0400] {override.py:1930} INFO - Created Permission View: menu access on DAG Run:example_bash_decorator
[2025-06-13T15:31:56.351-0400] {logging_mixin.py:190} INFO - [2025-06-13T15:31:56.351-0400] {override.py:1930} INFO - Created Permission View: can create on DAG Run:example_bash_decorator
[2025-06-13T15:31:56.353-0400] {logging_mixin.py:190} INFO - [2025-06-13T15:31:56.353-0400] {override.py:1930} INFO - Created Permission View: can delete on DAG Run:example_bash_decorator
[2025-06-13T15:31:56.353-0400] {logging_mixin.py:190} INFO - [2025-06-13T15:31:56.353-0400] {dag.py:3239} INFO - Sync 1 DAGs
[2025-06-13T15:31:56.358-0400] {logging_mixin.py:190} INFO - [2025-06-13T15:31:56.358-0400] {dag.py:3262} INFO - Creating ORM DAG for example_bash_decorator
[2025-06-13T15:31:56.358-0400] {logging_mixin.py:190} INFO - [2025-06-13T15:31:56.358-0400] {dag.py:4180} INFO - Setting next_dagrun for example_bash_decorator to None, run_after=None
[2025-06-13T15:31:56.365-0400] {processor.py:208} INFO - Processing /Users/pranavr/.pyenv/versions/3.11.6/lib/python3.11/site-packages/airflow/example_dags/example_bash_decorator.py took 165.681 seconds
[2025-06-13T15:37:28.897-0400] {processor.py:186} INFO - Started process (PID=20669) to work on /Users/pranavr/.pyenv/versions/3.11.6/lib/python3.11/site-packages/airflow/example_dags/example_bash_decorator.py
[2025-06-13T15:37:28.899-0400] {processor.py:914} INFO - Processing file /Users/pranavr/.pyenv/versions/3.11.6/lib/python3.11/site-packages/airflow/example_dags/example_bash_decorator.py for tasks to queue
[2025-06-13T15:37:28.899-0400] {logging_mixin.py:190} INFO - [2025-06-13T15:37:28.899-0400] {dagbag.py:588} INFO - Filling up the DagBag from /Users/pranavr/.pyenv/versions/3.11.6/lib/python3.11/site-packages/airflow/example_dags/example_bash_decorator.py
[2025-06-13T15:37:28.923-0400] {processor.py:925} INFO - DAG(s) 'example_bash_decorator' retrieved from /Users/pranavr/.pyenv/versions/3.11.6/lib/python3.11/site-packages/airflow/example_dags/example_bash_decorator.py
[2025-06-13T15:37:29.032-0400] {logging_mixin.py:190} INFO - [2025-06-13T15:37:29.032-0400] {override.py:1930} INFO - Created Permission View: can edit on DAG:example_bash_decorator
[2025-06-13T15:37:29.036-0400] {logging_mixin.py:190} INFO - [2025-06-13T15:37:29.035-0400] {override.py:1930} INFO - Created Permission View: can read on DAG:example_bash_decorator
[2025-06-13T15:37:29.038-0400] {logging_mixin.py:190} INFO - [2025-06-13T15:37:29.038-0400] {override.py:1930} INFO - Created Permission View: can delete on DAG:example_bash_decorator
[2025-06-13T15:37:29.040-0400] {logging_mixin.py:190} INFO - [2025-06-13T15:37:29.040-0400] {override.py:1930} INFO - Created Permission View: menu access on DAG Run:example_bash_decorator
[2025-06-13T15:37:29.042-0400] {logging_mixin.py:190} INFO - [2025-06-13T15:37:29.042-0400] {override.py:1930} INFO - Created Permission View: can read on DAG Run:example_bash_decorator
[2025-06-13T15:37:29.045-0400] {logging_mixin.py:190} INFO - [2025-06-13T15:37:29.045-0400] {override.py:1930} INFO - Created Permission View: can create on DAG Run:example_bash_decorator
[2025-06-13T15:37:29.047-0400] {logging_mixin.py:190} INFO - [2025-06-13T15:37:29.047-0400] {override.py:1930} INFO - Created Permission View: can delete on DAG Run:example_bash_decorator
[2025-06-13T15:37:29.047-0400] {logging_mixin.py:190} INFO - [2025-06-13T15:37:29.047-0400] {dag.py:3239} INFO - Sync 1 DAGs
[2025-06-13T15:37:29.052-0400] {logging_mixin.py:190} INFO - [2025-06-13T15:37:29.052-0400] {dag.py:3262} INFO - Creating ORM DAG for example_bash_decorator
[2025-06-13T15:37:29.053-0400] {logging_mixin.py:190} INFO - [2025-06-13T15:37:29.053-0400] {dag.py:4180} INFO - Setting next_dagrun for example_bash_decorator to None, run_after=None
[2025-06-13T15:37:29.059-0400] {processor.py:208} INFO - Processing /Users/pranavr/.pyenv/versions/3.11.6/lib/python3.11/site-packages/airflow/example_dags/example_bash_decorator.py took 163.404 seconds
[2025-06-13T15:40:17.777-0400] {processor.py:186} INFO - Started process (PID=20922) to work on /Users/pranavr/.pyenv/versions/3.11.6/lib/python3.11/site-packages/airflow/example_dags/example_bash_decorator.py
[2025-06-13T15:40:17.779-0400] {processor.py:914} INFO - Processing file /Users/pranavr/.pyenv/versions/3.11.6/lib/python3.11/site-packages/airflow/example_dags/example_bash_decorator.py for tasks to queue
[2025-06-13T15:40:17.779-0400] {logging_mixin.py:190} INFO - [2025-06-13T15:40:17.779-0400] {dagbag.py:588} INFO - Filling up the DagBag from /Users/pranavr/.pyenv/versions/3.11.6/lib/python3.11/site-packages/airflow/example_dags/example_bash_decorator.py
[2025-06-13T15:40:17.803-0400] {processor.py:925} INFO - DAG(s) 'example_bash_decorator' retrieved from /Users/pranavr/.pyenv/versions/3.11.6/lib/python3.11/site-packages/airflow/example_dags/example_bash_decorator.py
[2025-06-13T15:40:17.917-0400] {logging_mixin.py:190} INFO - [2025-06-13T15:40:17.917-0400] {dag.py:3239} INFO - Sync 1 DAGs
[2025-06-13T15:40:17.921-0400] {logging_mixin.py:190} INFO - [2025-06-13T15:40:17.921-0400] {dag.py:4180} INFO - Setting next_dagrun for example_bash_decorator to None, run_after=None
[2025-06-13T15:40:17.932-0400] {processor.py:208} INFO - Processing /Users/pranavr/.pyenv/versions/3.11.6/lib/python3.11/site-packages/airflow/example_dags/example_bash_decorator.py took 156.243 seconds
[2025-06-13T15:45:03.258-0400] {processor.py:186} INFO - Started process (PID=21825) to work on /Users/pranavr/.pyenv/versions/3.11.6/lib/python3.11/site-packages/airflow/example_dags/example_bash_decorator.py
[2025-06-13T15:45:03.260-0400] {processor.py:914} INFO - Processing file /Users/pranavr/.pyenv/versions/3.11.6/lib/python3.11/site-packages/airflow/example_dags/example_bash_decorator.py for tasks to queue
[2025-06-13T15:45:03.261-0400] {logging_mixin.py:190} INFO - [2025-06-13T15:45:03.261-0400] {dagbag.py:588} INFO - Filling up the DagBag from /Users/pranavr/.pyenv/versions/3.11.6/lib/python3.11/site-packages/airflow/example_dags/example_bash_decorator.py
[2025-06-13T15:45:03.285-0400] {processor.py:925} INFO - DAG(s) 'example_bash_decorator' retrieved from /Users/pranavr/.pyenv/versions/3.11.6/lib/python3.11/site-packages/airflow/example_dags/example_bash_decorator.py
[2025-06-13T15:45:03.392-0400] {logging_mixin.py:190} INFO - [2025-06-13T15:45:03.391-0400] {override.py:1930} INFO - Created Permission View: can read on DAG:example_bash_decorator
[2025-06-13T15:45:03.395-0400] {logging_mixin.py:190} INFO - [2025-06-13T15:45:03.395-0400] {override.py:1930} INFO - Created Permission View: can edit on DAG:example_bash_decorator
[2025-06-13T15:45:03.397-0400] {logging_mixin.py:190} INFO - [2025-06-13T15:45:03.397-0400] {override.py:1930} INFO - Created Permission View: can delete on DAG:example_bash_decorator
[2025-06-13T15:45:03.400-0400] {logging_mixin.py:190} INFO - [2025-06-13T15:45:03.400-0400] {override.py:1930} INFO - Created Permission View: menu access on DAG Run:example_bash_decorator
[2025-06-13T15:45:03.402-0400] {logging_mixin.py:190} INFO - [2025-06-13T15:45:03.402-0400] {override.py:1930} INFO - Created Permission View: can read on DAG Run:example_bash_decorator
[2025-06-13T15:45:03.404-0400] {logging_mixin.py:190} INFO - [2025-06-13T15:45:03.404-0400] {override.py:1930} INFO - Created Permission View: can create on DAG Run:example_bash_decorator
[2025-06-13T15:45:03.406-0400] {logging_mixin.py:190} INFO - [2025-06-13T15:45:03.406-0400] {override.py:1930} INFO - Created Permission View: can delete on DAG Run:example_bash_decorator
[2025-06-13T15:45:03.406-0400] {logging_mixin.py:190} INFO - [2025-06-13T15:45:03.406-0400] {dag.py:3239} INFO - Sync 1 DAGs
[2025-06-13T15:45:03.411-0400] {logging_mixin.py:190} INFO - [2025-06-13T15:45:03.411-0400] {dag.py:3262} INFO - Creating ORM DAG for example_bash_decorator
[2025-06-13T15:45:03.411-0400] {logging_mixin.py:190} INFO - [2025-06-13T15:45:03.411-0400] {dag.py:4180} INFO - Setting next_dagrun for example_bash_decorator to None, run_after=None
[2025-06-13T15:45:03.418-0400] {processor.py:208} INFO - Processing /Users/pranavr/.pyenv/versions/3.11.6/lib/python3.11/site-packages/airflow/example_dags/example_bash_decorator.py took 160.536 seconds
[2025-06-13T15:47:59.340-0400] {processor.py:186} INFO - Started process (PID=22115) to work on /Users/pranavr/.pyenv/versions/3.11.6/lib/python3.11/site-packages/airflow/example_dags/example_bash_decorator.py
[2025-06-13T15:47:59.342-0400] {processor.py:914} INFO - Processing file /Users/pranavr/.pyenv/versions/3.11.6/lib/python3.11/site-packages/airflow/example_dags/example_bash_decorator.py for tasks to queue
[2025-06-13T15:47:59.342-0400] {logging_mixin.py:190} INFO - [2025-06-13T15:47:59.342-0400] {dagbag.py:588} INFO - Filling up the DagBag from /Users/pranavr/.pyenv/versions/3.11.6/lib/python3.11/site-packages/airflow/example_dags/example_bash_decorator.py
[2025-06-13T15:47:59.368-0400] {processor.py:925} INFO - DAG(s) 'example_bash_decorator' retrieved from /Users/pranavr/.pyenv/versions/3.11.6/lib/python3.11/site-packages/airflow/example_dags/example_bash_decorator.py
[2025-06-13T15:47:59.502-0400] {logging_mixin.py:190} INFO - [2025-06-13T15:47:59.502-0400] {dag.py:3239} INFO - Sync 1 DAGs
[2025-06-13T15:47:59.506-0400] {logging_mixin.py:190} INFO - [2025-06-13T15:47:59.506-0400] {dag.py:4180} INFO - Setting next_dagrun for example_bash_decorator to None, run_after=None
[2025-06-13T15:47:59.517-0400] {processor.py:208} INFO - Processing /Users/pranavr/.pyenv/versions/3.11.6/lib/python3.11/site-packages/airflow/example_dags/example_bash_decorator.py took 178.121 seconds
[2025-06-13T15:50:47.839-0400] {processor.py:186} INFO - Started process (PID=22390) to work on /Users/pranavr/.pyenv/versions/3.11.6/lib/python3.11/site-packages/airflow/example_dags/example_bash_decorator.py
[2025-06-13T15:50:47.842-0400] {processor.py:914} INFO - Processing file /Users/pranavr/.pyenv/versions/3.11.6/lib/python3.11/site-packages/airflow/example_dags/example_bash_decorator.py for tasks to queue
[2025-06-13T15:50:47.843-0400] {logging_mixin.py:190} INFO - [2025-06-13T15:50:47.843-0400] {dagbag.py:588} INFO - Filling up the DagBag from /Users/pranavr/.pyenv/versions/3.11.6/lib/python3.11/site-packages/airflow/example_dags/example_bash_decorator.py
[2025-06-13T15:50:47.867-0400] {processor.py:925} INFO - DAG(s) 'example_bash_decorator' retrieved from /Users/pranavr/.pyenv/versions/3.11.6/lib/python3.11/site-packages/airflow/example_dags/example_bash_decorator.py
[2025-06-13T15:50:47.986-0400] {logging_mixin.py:190} INFO - [2025-06-13T15:50:47.986-0400] {dag.py:3239} INFO - Sync 1 DAGs
[2025-06-13T15:50:47.990-0400] {logging_mixin.py:190} INFO - [2025-06-13T15:50:47.990-0400] {dag.py:4180} INFO - Setting next_dagrun for example_bash_decorator to None, run_after=None
[2025-06-13T15:50:47.999-0400] {processor.py:208} INFO - Processing /Users/pranavr/.pyenv/versions/3.11.6/lib/python3.11/site-packages/airflow/example_dags/example_bash_decorator.py took 161.312 seconds
[2025-06-13T15:53:15.446-0400] {processor.py:186} INFO - Started process (PID=22720) to work on /Users/pranavr/.pyenv/versions/3.11.6/lib/python3.11/site-packages/airflow/example_dags/example_bash_decorator.py
[2025-06-13T15:53:15.448-0400] {processor.py:914} INFO - Processing file /Users/pranavr/.pyenv/versions/3.11.6/lib/python3.11/site-packages/airflow/example_dags/example_bash_decorator.py for tasks to queue
[2025-06-13T15:53:15.448-0400] {logging_mixin.py:190} INFO - [2025-06-13T15:53:15.448-0400] {dagbag.py:588} INFO - Filling up the DagBag from /Users/pranavr/.pyenv/versions/3.11.6/lib/python3.11/site-packages/airflow/example_dags/example_bash_decorator.py
[2025-06-13T15:53:15.464-0400] {processor.py:925} INFO - DAG(s) 'example_bash_decorator' retrieved from /Users/pranavr/.pyenv/versions/3.11.6/lib/python3.11/site-packages/airflow/example_dags/example_bash_decorator.py
[2025-06-13T15:53:15.558-0400] {logging_mixin.py:190} INFO - [2025-06-13T15:53:15.558-0400] {dag.py:3239} INFO - Sync 1 DAGs
[2025-06-13T15:53:15.562-0400] {logging_mixin.py:190} INFO - [2025-06-13T15:53:15.562-0400] {dag.py:4180} INFO - Setting next_dagrun for example_bash_decorator to None, run_after=None
[2025-06-13T15:53:15.569-0400] {processor.py:208} INFO - Processing /Users/pranavr/.pyenv/versions/3.11.6/lib/python3.11/site-packages/airflow/example_dags/example_bash_decorator.py took 124.037 seconds
[2025-06-13T15:55:40.764-0400] {processor.py:186} INFO - Started process (PID=22955) to work on /Users/pranavr/.pyenv/versions/3.11.6/lib/python3.11/site-packages/airflow/example_dags/example_bash_decorator.py
[2025-06-13T15:55:40.766-0400] {processor.py:914} INFO - Processing file /Users/pranavr/.pyenv/versions/3.11.6/lib/python3.11/site-packages/airflow/example_dags/example_bash_decorator.py for tasks to queue
[2025-06-13T15:55:40.766-0400] {logging_mixin.py:190} INFO - [2025-06-13T15:55:40.766-0400] {dagbag.py:588} INFO - Filling up the DagBag from /Users/pranavr/.pyenv/versions/3.11.6/lib/python3.11/site-packages/airflow/example_dags/example_bash_decorator.py
[2025-06-13T15:55:40.783-0400] {processor.py:925} INFO - DAG(s) 'example_bash_decorator' retrieved from /Users/pranavr/.pyenv/versions/3.11.6/lib/python3.11/site-packages/airflow/example_dags/example_bash_decorator.py
[2025-06-13T15:55:40.888-0400] {logging_mixin.py:190} INFO - [2025-06-13T15:55:40.888-0400] {dag.py:3239} INFO - Sync 1 DAGs
[2025-06-13T15:55:40.892-0400] {logging_mixin.py:190} INFO - [2025-06-13T15:55:40.892-0400] {dag.py:4180} INFO - Setting next_dagrun for example_bash_decorator to None, run_after=None
[2025-06-13T15:55:40.899-0400] {processor.py:208} INFO - Processing /Users/pranavr/.pyenv/versions/3.11.6/lib/python3.11/site-packages/airflow/example_dags/example_bash_decorator.py took 136.364 seconds
[2025-06-13T15:58:05.481-0400] {processor.py:186} INFO - Started process (PID=23188) to work on /Users/pranavr/.pyenv/versions/3.11.6/lib/python3.11/site-packages/airflow/example_dags/example_bash_decorator.py
[2025-06-13T15:58:05.482-0400] {processor.py:914} INFO - Processing file /Users/pranavr/.pyenv/versions/3.11.6/lib/python3.11/site-packages/airflow/example_dags/example_bash_decorator.py for tasks to queue
[2025-06-13T15:58:05.483-0400] {logging_mixin.py:190} INFO - [2025-06-13T15:58:05.483-0400] {dagbag.py:588} INFO - Filling up the DagBag from /Users/pranavr/.pyenv/versions/3.11.6/lib/python3.11/site-packages/airflow/example_dags/example_bash_decorator.py
[2025-06-13T15:58:05.500-0400] {processor.py:925} INFO - DAG(s) 'example_bash_decorator' retrieved from /Users/pranavr/.pyenv/versions/3.11.6/lib/python3.11/site-packages/airflow/example_dags/example_bash_decorator.py
[2025-06-13T15:58:05.606-0400] {logging_mixin.py:190} INFO - [2025-06-13T15:58:05.606-0400] {dag.py:3239} INFO - Sync 1 DAGs
[2025-06-13T15:58:05.609-0400] {logging_mixin.py:190} INFO - [2025-06-13T15:58:05.609-0400] {dag.py:4180} INFO - Setting next_dagrun for example_bash_decorator to None, run_after=None
[2025-06-13T15:58:05.616-0400] {processor.py:208} INFO - Processing /Users/pranavr/.pyenv/versions/3.11.6/lib/python3.11/site-packages/airflow/example_dags/example_bash_decorator.py took 136.997 seconds
[2025-06-13T16:00:32.178-0400] {processor.py:186} INFO - Started process (PID=23582) to work on /Users/pranavr/.pyenv/versions/3.11.6/lib/python3.11/site-packages/airflow/example_dags/example_bash_decorator.py
[2025-06-13T16:00:32.180-0400] {processor.py:914} INFO - Processing file /Users/pranavr/.pyenv/versions/3.11.6/lib/python3.11/site-packages/airflow/example_dags/example_bash_decorator.py for tasks to queue
[2025-06-13T16:00:32.181-0400] {logging_mixin.py:190} INFO - [2025-06-13T16:00:32.181-0400] {dagbag.py:588} INFO - Filling up the DagBag from /Users/pranavr/.pyenv/versions/3.11.6/lib/python3.11/site-packages/airflow/example_dags/example_bash_decorator.py
[2025-06-13T16:00:32.197-0400] {processor.py:925} INFO - DAG(s) 'example_bash_decorator' retrieved from /Users/pranavr/.pyenv/versions/3.11.6/lib/python3.11/site-packages/airflow/example_dags/example_bash_decorator.py
[2025-06-13T16:00:32.302-0400] {logging_mixin.py:190} INFO - [2025-06-13T16:00:32.302-0400] {dag.py:3239} INFO - Sync 1 DAGs
[2025-06-13T16:00:32.306-0400] {logging_mixin.py:190} INFO - [2025-06-13T16:00:32.306-0400] {dag.py:4180} INFO - Setting next_dagrun for example_bash_decorator to None, run_after=None
[2025-06-13T16:00:32.313-0400] {processor.py:208} INFO - Processing /Users/pranavr/.pyenv/versions/3.11.6/lib/python3.11/site-packages/airflow/example_dags/example_bash_decorator.py took 136.333 seconds
[2025-06-13T16:03:06.914-0400] {processor.py:186} INFO - Started process (PID=23984) to work on /Users/pranavr/.pyenv/versions/3.11.6/lib/python3.11/site-packages/airflow/example_dags/example_bash_decorator.py
[2025-06-13T16:03:06.916-0400] {processor.py:914} INFO - Processing file /Users/pranavr/.pyenv/versions/3.11.6/lib/python3.11/site-packages/airflow/example_dags/example_bash_decorator.py for tasks to queue
[2025-06-13T16:03:06.917-0400] {logging_mixin.py:190} INFO - [2025-06-13T16:03:06.917-0400] {dagbag.py:588} INFO - Filling up the DagBag from /Users/pranavr/.pyenv/versions/3.11.6/lib/python3.11/site-packages/airflow/example_dags/example_bash_decorator.py
[2025-06-13T16:03:06.941-0400] {processor.py:925} INFO - DAG(s) 'example_bash_decorator' retrieved from /Users/pranavr/.pyenv/versions/3.11.6/lib/python3.11/site-packages/airflow/example_dags/example_bash_decorator.py
[2025-06-13T16:03:07.063-0400] {logging_mixin.py:190} INFO - [2025-06-13T16:03:07.063-0400] {dag.py:3239} INFO - Sync 1 DAGs
[2025-06-13T16:03:07.067-0400] {logging_mixin.py:190} INFO - [2025-06-13T16:03:07.067-0400] {dag.py:4180} INFO - Setting next_dagrun for example_bash_decorator to None, run_after=None
[2025-06-13T16:03:07.076-0400] {processor.py:208} INFO - Processing /Users/pranavr/.pyenv/versions/3.11.6/lib/python3.11/site-packages/airflow/example_dags/example_bash_decorator.py took 163.229 seconds
