[2025-06-13T14:10:09.306-0400] {processor.py:153} INFO - Started process (PID=96572) to work on /Users/pranavr/drift-retrainer/venv311/lib/python3.11/site-packages/airflow/example_dags/example_sensor_decorator.py
[2025-06-13T14:10:09.308-0400] {processor.py:743} INFO - Processing file /Users/pranavr/drift-retrainer/venv311/lib/python3.11/site-packages/airflow/example_dags/example_sensor_decorator.py for tasks to queue
[2025-06-13T14:10:09.308-0400] {logging_mixin.py:137} INFO - [2025-06-13T14:10:09.308-0400] {dagbag.py:538} INFO - Filling up the DagBag from /Users/pranavr/drift-retrainer/venv311/lib/python3.11/site-packages/airflow/example_dags/example_sensor_decorator.py
[2025-06-13T14:10:09.348-0400] {processor.py:753} INFO - DAG(s) dict_keys(['example_sensor_decorator']) retrieved from /Users/pranavr/drift-retrainer/venv311/lib/python3.11/site-packages/airflow/example_dags/example_sensor_decorator.py
[2025-06-13T14:10:09.901-0400] {logging_mixin.py:137} INFO - [2025-06-13T14:10:09.901-0400] {manager.py:504} INFO - Created Permission View: can read on DAG:example_sensor_decorator
[2025-06-13T14:10:09.914-0400] {logging_mixin.py:137} INFO - [2025-06-13T14:10:09.914-0400] {manager.py:504} INFO - Created Permission View: can edit on DAG:example_sensor_decorator
[2025-06-13T14:10:09.918-0400] {logging_mixin.py:137} INFO - [2025-06-13T14:10:09.918-0400] {manager.py:504} INFO - Created Permission View: can delete on DAG:example_sensor_decorator
[2025-06-13T14:10:09.918-0400] {logging_mixin.py:137} INFO - [2025-06-13T14:10:09.918-0400] {dag.py:2690} INFO - Sync 1 DAGs
[2025-06-13T14:10:09.923-0400] {logging_mixin.py:137} INFO - [2025-06-13T14:10:09.922-0400] {dag.py:2711} INFO - Creating ORM DAG for example_sensor_decorator
[2025-06-13T14:10:09.926-0400] {logging_mixin.py:137} INFO - [2025-06-13T14:10:09.926-0400] {dag.py:3437} INFO - Setting next_dagrun for example_sensor_decorator to None, run_after=None
[2025-06-13T14:10:09.936-0400] {processor.py:175} INFO - Processing /Users/pranavr/drift-retrainer/venv311/lib/python3.11/site-packages/airflow/example_dags/example_sensor_decorator.py took 0.630 seconds
[2025-06-13T14:11:37.962-0400] {processor.py:153} INFO - Started process (PID=97476) to work on /Users/pranavr/drift-retrainer/venv311/lib/python3.11/site-packages/airflow/example_dags/example_sensor_decorator.py
[2025-06-13T14:11:37.967-0400] {processor.py:743} INFO - Processing file /Users/pranavr/drift-retrainer/venv311/lib/python3.11/site-packages/airflow/example_dags/example_sensor_decorator.py for tasks to queue
[2025-06-13T14:11:37.968-0400] {logging_mixin.py:137} INFO - [2025-06-13T14:11:37.968-0400] {dagbag.py:538} INFO - Filling up the DagBag from /Users/pranavr/drift-retrainer/venv311/lib/python3.11/site-packages/airflow/example_dags/example_sensor_decorator.py
[2025-06-13T14:11:38.017-0400] {processor.py:753} INFO - DAG(s) dict_keys(['example_sensor_decorator']) retrieved from /Users/pranavr/drift-retrainer/venv311/lib/python3.11/site-packages/airflow/example_dags/example_sensor_decorator.py
[2025-06-13T14:11:38.558-0400] {logging_mixin.py:137} INFO - [2025-06-13T14:11:38.558-0400] {dag.py:2690} INFO - Sync 1 DAGs
[2025-06-13T14:11:38.565-0400] {logging_mixin.py:137} INFO - [2025-06-13T14:11:38.565-0400] {dag.py:3437} INFO - Setting next_dagrun for example_sensor_decorator to None, run_after=None
[2025-06-13T14:11:38.576-0400] {processor.py:175} INFO - Processing /Users/pranavr/drift-retrainer/venv311/lib/python3.11/site-packages/airflow/example_dags/example_sensor_decorator.py took 0.614 seconds
[2025-06-13T14:13:31.290-0400] {processor.py:153} INFO - Started process (PID=97925) to work on /Users/pranavr/drift-retrainer/venv311/lib/python3.11/site-packages/airflow/example_dags/example_sensor_decorator.py
[2025-06-13T14:13:31.292-0400] {processor.py:743} INFO - Processing file /Users/pranavr/drift-retrainer/venv311/lib/python3.11/site-packages/airflow/example_dags/example_sensor_decorator.py for tasks to queue
[2025-06-13T14:13:31.293-0400] {logging_mixin.py:137} INFO - [2025-06-13T14:13:31.292-0400] {dagbag.py:538} INFO - Filling up the DagBag from /Users/pranavr/drift-retrainer/venv311/lib/python3.11/site-packages/airflow/example_dags/example_sensor_decorator.py
[2025-06-13T14:13:31.326-0400] {processor.py:753} INFO - DAG(s) dict_keys(['example_sensor_decorator']) retrieved from /Users/pranavr/drift-retrainer/venv311/lib/python3.11/site-packages/airflow/example_dags/example_sensor_decorator.py
[2025-06-13T14:13:31.823-0400] {logging_mixin.py:137} INFO - [2025-06-13T14:13:31.823-0400] {dag.py:2690} INFO - Sync 1 DAGs
[2025-06-13T14:13:31.833-0400] {logging_mixin.py:137} INFO - [2025-06-13T14:13:31.832-0400] {dag.py:3437} INFO - Setting next_dagrun for example_sensor_decorator to None, run_after=None
[2025-06-13T14:13:31.843-0400] {processor.py:175} INFO - Processing /Users/pranavr/drift-retrainer/venv311/lib/python3.11/site-packages/airflow/example_dags/example_sensor_decorator.py took 0.553 seconds
[2025-06-13T14:15:23.098-0400] {processor.py:153} INFO - Started process (PID=2868) to work on /Users/pranavr/drift-retrainer/venv311/lib/python3.11/site-packages/airflow/example_dags/example_sensor_decorator.py
[2025-06-13T14:15:23.100-0400] {processor.py:743} INFO - Processing file /Users/pranavr/drift-retrainer/venv311/lib/python3.11/site-packages/airflow/example_dags/example_sensor_decorator.py for tasks to queue
[2025-06-13T14:15:23.100-0400] {logging_mixin.py:137} INFO - [2025-06-13T14:15:23.100-0400] {dagbag.py:538} INFO - Filling up the DagBag from /Users/pranavr/drift-retrainer/venv311/lib/python3.11/site-packages/airflow/example_dags/example_sensor_decorator.py
[2025-06-13T14:15:23.128-0400] {processor.py:753} INFO - DAG(s) dict_keys(['example_sensor_decorator']) retrieved from /Users/pranavr/drift-retrainer/venv311/lib/python3.11/site-packages/airflow/example_dags/example_sensor_decorator.py
[2025-06-13T14:15:23.673-0400] {logging_mixin.py:137} INFO - [2025-06-13T14:15:23.673-0400] {dag.py:2690} INFO - Sync 1 DAGs
[2025-06-13T14:15:23.681-0400] {logging_mixin.py:137} INFO - [2025-06-13T14:15:23.681-0400] {dag.py:3437} INFO - Setting next_dagrun for example_sensor_decorator to None, run_after=None
[2025-06-13T14:15:23.690-0400] {processor.py:175} INFO - Processing /Users/pranavr/drift-retrainer/venv311/lib/python3.11/site-packages/airflow/example_dags/example_sensor_decorator.py took 0.593 seconds
[2025-06-13T14:17:17.526-0400] {processor.py:153} INFO - Started process (PID=3989) to work on /Users/pranavr/drift-retrainer/venv311/lib/python3.11/site-packages/airflow/example_dags/example_sensor_decorator.py
[2025-06-13T14:17:17.529-0400] {processor.py:743} INFO - Processing file /Users/pranavr/drift-retrainer/venv311/lib/python3.11/site-packages/airflow/example_dags/example_sensor_decorator.py for tasks to queue
[2025-06-13T14:17:17.529-0400] {logging_mixin.py:137} INFO - [2025-06-13T14:17:17.529-0400] {dagbag.py:538} INFO - Filling up the DagBag from /Users/pranavr/drift-retrainer/venv311/lib/python3.11/site-packages/airflow/example_dags/example_sensor_decorator.py
[2025-06-13T14:17:17.559-0400] {processor.py:753} INFO - DAG(s) dict_keys(['example_sensor_decorator']) retrieved from /Users/pranavr/drift-retrainer/venv311/lib/python3.11/site-packages/airflow/example_dags/example_sensor_decorator.py
[2025-06-13T14:17:18.032-0400] {logging_mixin.py:137} INFO - [2025-06-13T14:17:18.032-0400] {dag.py:2690} INFO - Sync 1 DAGs
[2025-06-13T14:17:18.039-0400] {logging_mixin.py:137} INFO - [2025-06-13T14:17:18.039-0400] {dag.py:3437} INFO - Setting next_dagrun for example_sensor_decorator to None, run_after=None
[2025-06-13T14:17:18.048-0400] {processor.py:175} INFO - Processing /Users/pranavr/drift-retrainer/venv311/lib/python3.11/site-packages/airflow/example_dags/example_sensor_decorator.py took 0.522 seconds
[2025-06-13T14:19:18.926-0400] {processor.py:153} INFO - Started process (PID=6497) to work on /Users/pranavr/drift-retrainer/venv311/lib/python3.11/site-packages/airflow/example_dags/example_sensor_decorator.py
[2025-06-13T14:19:18.928-0400] {processor.py:743} INFO - Processing file /Users/pranavr/drift-retrainer/venv311/lib/python3.11/site-packages/airflow/example_dags/example_sensor_decorator.py for tasks to queue
[2025-06-13T14:19:18.929-0400] {logging_mixin.py:137} INFO - [2025-06-13T14:19:18.929-0400] {dagbag.py:538} INFO - Filling up the DagBag from /Users/pranavr/drift-retrainer/venv311/lib/python3.11/site-packages/airflow/example_dags/example_sensor_decorator.py
[2025-06-13T14:19:18.985-0400] {processor.py:753} INFO - DAG(s) dict_keys(['example_sensor_decorator']) retrieved from /Users/pranavr/drift-retrainer/venv311/lib/python3.11/site-packages/airflow/example_dags/example_sensor_decorator.py
[2025-06-13T14:19:19.519-0400] {logging_mixin.py:137} INFO - [2025-06-13T14:19:19.519-0400] {dag.py:2690} INFO - Sync 1 DAGs
[2025-06-13T14:19:19.528-0400] {logging_mixin.py:137} INFO - [2025-06-13T14:19:19.528-0400] {dag.py:3437} INFO - Setting next_dagrun for example_sensor_decorator to None, run_after=None
[2025-06-13T14:19:19.536-0400] {processor.py:175} INFO - Processing /Users/pranavr/drift-retrainer/venv311/lib/python3.11/site-packages/airflow/example_dags/example_sensor_decorator.py took 0.611 seconds
[2025-06-13T14:22:16.026-0400] {processor.py:186} INFO - Started process (PID=7557) to work on /Users/pranavr/.pyenv/versions/3.11.6/lib/python3.11/site-packages/airflow/example_dags/example_sensor_decorator.py
[2025-06-13T14:22:16.028-0400] {processor.py:914} INFO - Processing file /Users/pranavr/.pyenv/versions/3.11.6/lib/python3.11/site-packages/airflow/example_dags/example_sensor_decorator.py for tasks to queue
[2025-06-13T14:22:16.029-0400] {logging_mixin.py:190} INFO - [2025-06-13T14:22:16.029-0400] {dagbag.py:588} INFO - Filling up the DagBag from /Users/pranavr/.pyenv/versions/3.11.6/lib/python3.11/site-packages/airflow/example_dags/example_sensor_decorator.py
[2025-06-13T14:22:16.051-0400] {processor.py:925} INFO - DAG(s) 'example_sensor_decorator' retrieved from /Users/pranavr/.pyenv/versions/3.11.6/lib/python3.11/site-packages/airflow/example_dags/example_sensor_decorator.py
[2025-06-13T14:22:16.711-0400] {logging_mixin.py:190} INFO - [2025-06-13T14:22:16.710-0400] {dag.py:3239} INFO - Sync 1 DAGs
[2025-06-13T14:22:16.716-0400] {logging_mixin.py:190} INFO - [2025-06-13T14:22:16.715-0400] {dag.py:4180} INFO - Setting next_dagrun for example_sensor_decorator to None, run_after=None
[2025-06-13T14:22:16.730-0400] {processor.py:208} INFO - Processing /Users/pranavr/.pyenv/versions/3.11.6/lib/python3.11/site-packages/airflow/example_dags/example_sensor_decorator.py took 705.695 seconds
[2025-06-13T14:24:22.938-0400] {processor.py:186} INFO - Started process (PID=7907) to work on /Users/pranavr/.pyenv/versions/3.11.6/lib/python3.11/site-packages/airflow/example_dags/example_sensor_decorator.py
[2025-06-13T14:24:22.940-0400] {processor.py:914} INFO - Processing file /Users/pranavr/.pyenv/versions/3.11.6/lib/python3.11/site-packages/airflow/example_dags/example_sensor_decorator.py for tasks to queue
[2025-06-13T14:24:22.940-0400] {logging_mixin.py:190} INFO - [2025-06-13T14:24:22.940-0400] {dagbag.py:588} INFO - Filling up the DagBag from /Users/pranavr/.pyenv/versions/3.11.6/lib/python3.11/site-packages/airflow/example_dags/example_sensor_decorator.py
[2025-06-13T14:24:22.959-0400] {processor.py:925} INFO - DAG(s) 'example_sensor_decorator' retrieved from /Users/pranavr/.pyenv/versions/3.11.6/lib/python3.11/site-packages/airflow/example_dags/example_sensor_decorator.py
[2025-06-13T14:24:23.272-0400] {logging_mixin.py:190} INFO - [2025-06-13T14:24:23.272-0400] {dag.py:3239} INFO - Sync 1 DAGs
[2025-06-13T14:24:23.322-0400] {logging_mixin.py:190} INFO - [2025-06-13T14:24:23.321-0400] {dag.py:4180} INFO - Setting next_dagrun for example_sensor_decorator to None, run_after=None
[2025-06-13T14:24:23.332-0400] {processor.py:208} INFO - Processing /Users/pranavr/.pyenv/versions/3.11.6/lib/python3.11/site-packages/airflow/example_dags/example_sensor_decorator.py took 395.262 seconds
[2025-06-13T14:25:53.365-0400] {processor.py:186} INFO - Started process (PID=8015) to work on /Users/pranavr/.pyenv/versions/3.11.6/lib/python3.11/site-packages/airflow/example_dags/example_sensor_decorator.py
[2025-06-13T14:25:53.368-0400] {processor.py:914} INFO - Processing file /Users/pranavr/.pyenv/versions/3.11.6/lib/python3.11/site-packages/airflow/example_dags/example_sensor_decorator.py for tasks to queue
[2025-06-13T14:25:53.369-0400] {logging_mixin.py:190} INFO - [2025-06-13T14:25:53.369-0400] {dagbag.py:588} INFO - Filling up the DagBag from /Users/pranavr/.pyenv/versions/3.11.6/lib/python3.11/site-packages/airflow/example_dags/example_sensor_decorator.py
[2025-06-13T14:25:53.391-0400] {processor.py:925} INFO - DAG(s) 'example_sensor_decorator' retrieved from /Users/pranavr/.pyenv/versions/3.11.6/lib/python3.11/site-packages/airflow/example_dags/example_sensor_decorator.py
[2025-06-13T14:25:53.721-0400] {logging_mixin.py:190} INFO - [2025-06-13T14:25:53.721-0400] {dag.py:3239} INFO - Sync 1 DAGs
[2025-06-13T14:25:53.776-0400] {logging_mixin.py:190} INFO - [2025-06-13T14:25:53.776-0400] {dag.py:4180} INFO - Setting next_dagrun for example_sensor_decorator to None, run_after=None
[2025-06-13T14:25:53.787-0400] {processor.py:208} INFO - Processing /Users/pranavr/.pyenv/versions/3.11.6/lib/python3.11/site-packages/airflow/example_dags/example_sensor_decorator.py took 423.037 seconds
[2025-06-13T14:27:25.327-0400] {processor.py:186} INFO - Started process (PID=8642) to work on /Users/pranavr/.pyenv/versions/3.11.6/lib/python3.11/site-packages/airflow/example_dags/example_sensor_decorator.py
[2025-06-13T14:27:25.329-0400] {processor.py:914} INFO - Processing file /Users/pranavr/.pyenv/versions/3.11.6/lib/python3.11/site-packages/airflow/example_dags/example_sensor_decorator.py for tasks to queue
[2025-06-13T14:27:25.330-0400] {logging_mixin.py:190} INFO - [2025-06-13T14:27:25.329-0400] {dagbag.py:588} INFO - Filling up the DagBag from /Users/pranavr/.pyenv/versions/3.11.6/lib/python3.11/site-packages/airflow/example_dags/example_sensor_decorator.py
[2025-06-13T14:27:25.349-0400] {processor.py:925} INFO - DAG(s) 'example_sensor_decorator' retrieved from /Users/pranavr/.pyenv/versions/3.11.6/lib/python3.11/site-packages/airflow/example_dags/example_sensor_decorator.py
[2025-06-13T14:27:25.658-0400] {logging_mixin.py:190} INFO - [2025-06-13T14:27:25.658-0400] {dag.py:3239} INFO - Sync 1 DAGs
[2025-06-13T14:27:25.708-0400] {logging_mixin.py:190} INFO - [2025-06-13T14:27:25.708-0400] {dag.py:4180} INFO - Setting next_dagrun for example_sensor_decorator to None, run_after=None
[2025-06-13T14:27:25.716-0400] {processor.py:208} INFO - Processing /Users/pranavr/.pyenv/versions/3.11.6/lib/python3.11/site-packages/airflow/example_dags/example_sensor_decorator.py took 390.604 seconds
[2025-06-13T14:28:55.603-0400] {processor.py:186} INFO - Started process (PID=8833) to work on /Users/pranavr/.pyenv/versions/3.11.6/lib/python3.11/site-packages/airflow/example_dags/example_sensor_decorator.py
[2025-06-13T14:28:55.605-0400] {processor.py:914} INFO - Processing file /Users/pranavr/.pyenv/versions/3.11.6/lib/python3.11/site-packages/airflow/example_dags/example_sensor_decorator.py for tasks to queue
[2025-06-13T14:28:55.606-0400] {logging_mixin.py:190} INFO - [2025-06-13T14:28:55.605-0400] {dagbag.py:588} INFO - Filling up the DagBag from /Users/pranavr/.pyenv/versions/3.11.6/lib/python3.11/site-packages/airflow/example_dags/example_sensor_decorator.py
[2025-06-13T14:28:55.627-0400] {processor.py:925} INFO - DAG(s) 'example_sensor_decorator' retrieved from /Users/pranavr/.pyenv/versions/3.11.6/lib/python3.11/site-packages/airflow/example_dags/example_sensor_decorator.py
[2025-06-13T14:28:56.022-0400] {logging_mixin.py:190} INFO - [2025-06-13T14:28:56.022-0400] {dag.py:3239} INFO - Sync 1 DAGs
[2025-06-13T14:28:56.095-0400] {logging_mixin.py:190} INFO - [2025-06-13T14:28:56.095-0400] {dag.py:4180} INFO - Setting next_dagrun for example_sensor_decorator to None, run_after=None
[2025-06-13T14:28:56.104-0400] {processor.py:208} INFO - Processing /Users/pranavr/.pyenv/versions/3.11.6/lib/python3.11/site-packages/airflow/example_dags/example_sensor_decorator.py took 503.115 seconds
[2025-06-13T14:30:27.356-0400] {processor.py:186} INFO - Started process (PID=8992) to work on /Users/pranavr/.pyenv/versions/3.11.6/lib/python3.11/site-packages/airflow/example_dags/example_sensor_decorator.py
[2025-06-13T14:30:27.358-0400] {processor.py:914} INFO - Processing file /Users/pranavr/.pyenv/versions/3.11.6/lib/python3.11/site-packages/airflow/example_dags/example_sensor_decorator.py for tasks to queue
[2025-06-13T14:30:27.359-0400] {logging_mixin.py:190} INFO - [2025-06-13T14:30:27.359-0400] {dagbag.py:588} INFO - Filling up the DagBag from /Users/pranavr/.pyenv/versions/3.11.6/lib/python3.11/site-packages/airflow/example_dags/example_sensor_decorator.py
[2025-06-13T14:30:27.382-0400] {processor.py:925} INFO - DAG(s) 'example_sensor_decorator' retrieved from /Users/pranavr/.pyenv/versions/3.11.6/lib/python3.11/site-packages/airflow/example_dags/example_sensor_decorator.py
[2025-06-13T14:30:27.757-0400] {logging_mixin.py:190} INFO - [2025-06-13T14:30:27.756-0400] {dag.py:3239} INFO - Sync 1 DAGs
[2025-06-13T14:30:27.820-0400] {logging_mixin.py:190} INFO - [2025-06-13T14:30:27.820-0400] {dag.py:4180} INFO - Setting next_dagrun for example_sensor_decorator to None, run_after=None
[2025-06-13T14:30:27.829-0400] {processor.py:208} INFO - Processing /Users/pranavr/.pyenv/versions/3.11.6/lib/python3.11/site-packages/airflow/example_dags/example_sensor_decorator.py took 474.125 seconds
[2025-06-13T14:31:55.050-0400] {processor.py:186} INFO - Started process (PID=9395) to work on /Users/pranavr/.pyenv/versions/3.11.6/lib/python3.11/site-packages/airflow/example_dags/example_sensor_decorator.py
[2025-06-13T14:31:55.052-0400] {processor.py:914} INFO - Processing file /Users/pranavr/.pyenv/versions/3.11.6/lib/python3.11/site-packages/airflow/example_dags/example_sensor_decorator.py for tasks to queue
[2025-06-13T14:31:55.053-0400] {logging_mixin.py:190} INFO - [2025-06-13T14:31:55.053-0400] {dagbag.py:588} INFO - Filling up the DagBag from /Users/pranavr/.pyenv/versions/3.11.6/lib/python3.11/site-packages/airflow/example_dags/example_sensor_decorator.py
[2025-06-13T14:31:55.073-0400] {processor.py:925} INFO - DAG(s) 'example_sensor_decorator' retrieved from /Users/pranavr/.pyenv/versions/3.11.6/lib/python3.11/site-packages/airflow/example_dags/example_sensor_decorator.py
[2025-06-13T14:31:55.415-0400] {logging_mixin.py:190} INFO - [2025-06-13T14:31:55.415-0400] {dag.py:3239} INFO - Sync 1 DAGs
[2025-06-13T14:31:55.471-0400] {logging_mixin.py:190} INFO - [2025-06-13T14:31:55.471-0400] {dag.py:4180} INFO - Setting next_dagrun for example_sensor_decorator to None, run_after=None
[2025-06-13T14:31:55.480-0400] {processor.py:208} INFO - Processing /Users/pranavr/.pyenv/versions/3.11.6/lib/python3.11/site-packages/airflow/example_dags/example_sensor_decorator.py took 432.116 seconds
[2025-06-13T14:33:28.862-0400] {processor.py:186} INFO - Started process (PID=9625) to work on /Users/pranavr/.pyenv/versions/3.11.6/lib/python3.11/site-packages/airflow/example_dags/example_sensor_decorator.py
[2025-06-13T14:33:28.864-0400] {processor.py:914} INFO - Processing file /Users/pranavr/.pyenv/versions/3.11.6/lib/python3.11/site-packages/airflow/example_dags/example_sensor_decorator.py for tasks to queue
[2025-06-13T14:33:28.865-0400] {logging_mixin.py:190} INFO - [2025-06-13T14:33:28.864-0400] {dagbag.py:588} INFO - Filling up the DagBag from /Users/pranavr/.pyenv/versions/3.11.6/lib/python3.11/site-packages/airflow/example_dags/example_sensor_decorator.py
[2025-06-13T14:33:28.892-0400] {processor.py:925} INFO - DAG(s) 'example_sensor_decorator' retrieved from /Users/pranavr/.pyenv/versions/3.11.6/lib/python3.11/site-packages/airflow/example_dags/example_sensor_decorator.py
[2025-06-13T14:33:29.213-0400] {logging_mixin.py:190} INFO - [2025-06-13T14:33:29.213-0400] {dag.py:3239} INFO - Sync 1 DAGs
[2025-06-13T14:33:29.264-0400] {logging_mixin.py:190} INFO - [2025-06-13T14:33:29.264-0400] {dag.py:4180} INFO - Setting next_dagrun for example_sensor_decorator to None, run_after=None
[2025-06-13T14:33:29.274-0400] {processor.py:208} INFO - Processing /Users/pranavr/.pyenv/versions/3.11.6/lib/python3.11/site-packages/airflow/example_dags/example_sensor_decorator.py took 413.399 seconds
[2025-06-13T14:35:00.653-0400] {processor.py:186} INFO - Started process (PID=10115) to work on /Users/pranavr/.pyenv/versions/3.11.6/lib/python3.11/site-packages/airflow/example_dags/example_sensor_decorator.py
[2025-06-13T14:35:00.655-0400] {processor.py:914} INFO - Processing file /Users/pranavr/.pyenv/versions/3.11.6/lib/python3.11/site-packages/airflow/example_dags/example_sensor_decorator.py for tasks to queue
[2025-06-13T14:35:00.656-0400] {logging_mixin.py:190} INFO - [2025-06-13T14:35:00.656-0400] {dagbag.py:588} INFO - Filling up the DagBag from /Users/pranavr/.pyenv/versions/3.11.6/lib/python3.11/site-packages/airflow/example_dags/example_sensor_decorator.py
[2025-06-13T14:35:00.674-0400] {processor.py:925} INFO - DAG(s) 'example_sensor_decorator' retrieved from /Users/pranavr/.pyenv/versions/3.11.6/lib/python3.11/site-packages/airflow/example_dags/example_sensor_decorator.py
[2025-06-13T14:35:01.073-0400] {logging_mixin.py:190} INFO - [2025-06-13T14:35:01.072-0400] {dag.py:3239} INFO - Sync 1 DAGs
[2025-06-13T14:35:01.137-0400] {logging_mixin.py:190} INFO - [2025-06-13T14:35:01.137-0400] {dag.py:4180} INFO - Setting next_dagrun for example_sensor_decorator to None, run_after=None
[2025-06-13T14:35:01.147-0400] {processor.py:208} INFO - Processing /Users/pranavr/.pyenv/versions/3.11.6/lib/python3.11/site-packages/airflow/example_dags/example_sensor_decorator.py took 494.840 seconds
[2025-06-13T14:36:31.421-0400] {processor.py:186} INFO - Started process (PID=10958) to work on /Users/pranavr/.pyenv/versions/3.11.6/lib/python3.11/site-packages/airflow/example_dags/example_sensor_decorator.py
[2025-06-13T14:36:31.423-0400] {processor.py:914} INFO - Processing file /Users/pranavr/.pyenv/versions/3.11.6/lib/python3.11/site-packages/airflow/example_dags/example_sensor_decorator.py for tasks to queue
[2025-06-13T14:36:31.424-0400] {logging_mixin.py:190} INFO - [2025-06-13T14:36:31.424-0400] {dagbag.py:588} INFO - Filling up the DagBag from /Users/pranavr/.pyenv/versions/3.11.6/lib/python3.11/site-packages/airflow/example_dags/example_sensor_decorator.py
[2025-06-13T14:36:31.448-0400] {processor.py:925} INFO - DAG(s) 'example_sensor_decorator' retrieved from /Users/pranavr/.pyenv/versions/3.11.6/lib/python3.11/site-packages/airflow/example_dags/example_sensor_decorator.py
[2025-06-13T14:36:31.780-0400] {logging_mixin.py:190} INFO - [2025-06-13T14:36:31.780-0400] {dag.py:3239} INFO - Sync 1 DAGs
[2025-06-13T14:36:31.841-0400] {logging_mixin.py:190} INFO - [2025-06-13T14:36:31.841-0400] {dag.py:4180} INFO - Setting next_dagrun for example_sensor_decorator to None, run_after=None
[2025-06-13T14:36:31.852-0400] {processor.py:208} INFO - Processing /Users/pranavr/.pyenv/versions/3.11.6/lib/python3.11/site-packages/airflow/example_dags/example_sensor_decorator.py took 433.293 seconds
[2025-06-13T14:37:59.965-0400] {processor.py:186} INFO - Started process (PID=11158) to work on /Users/pranavr/.pyenv/versions/3.11.6/lib/python3.11/site-packages/airflow/example_dags/example_sensor_decorator.py
[2025-06-13T14:37:59.967-0400] {processor.py:914} INFO - Processing file /Users/pranavr/.pyenv/versions/3.11.6/lib/python3.11/site-packages/airflow/example_dags/example_sensor_decorator.py for tasks to queue
[2025-06-13T14:37:59.968-0400] {logging_mixin.py:190} INFO - [2025-06-13T14:37:59.968-0400] {dagbag.py:588} INFO - Filling up the DagBag from /Users/pranavr/.pyenv/versions/3.11.6/lib/python3.11/site-packages/airflow/example_dags/example_sensor_decorator.py
[2025-06-13T14:37:59.987-0400] {processor.py:925} INFO - DAG(s) 'example_sensor_decorator' retrieved from /Users/pranavr/.pyenv/versions/3.11.6/lib/python3.11/site-packages/airflow/example_dags/example_sensor_decorator.py
[2025-06-13T14:38:00.324-0400] {logging_mixin.py:190} INFO - [2025-06-13T14:38:00.324-0400] {dag.py:3239} INFO - Sync 1 DAGs
[2025-06-13T14:38:00.373-0400] {logging_mixin.py:190} INFO - [2025-06-13T14:38:00.373-0400] {dag.py:4180} INFO - Setting next_dagrun for example_sensor_decorator to None, run_after=None
[2025-06-13T14:38:00.381-0400] {processor.py:208} INFO - Processing /Users/pranavr/.pyenv/versions/3.11.6/lib/python3.11/site-packages/airflow/example_dags/example_sensor_decorator.py took 422.500 seconds
[2025-06-13T14:39:27.163-0400] {processor.py:186} INFO - Started process (PID=11409) to work on /Users/pranavr/.pyenv/versions/3.11.6/lib/python3.11/site-packages/airflow/example_dags/example_sensor_decorator.py
[2025-06-13T14:39:27.165-0400] {processor.py:914} INFO - Processing file /Users/pranavr/.pyenv/versions/3.11.6/lib/python3.11/site-packages/airflow/example_dags/example_sensor_decorator.py for tasks to queue
[2025-06-13T14:39:27.165-0400] {logging_mixin.py:190} INFO - [2025-06-13T14:39:27.165-0400] {dagbag.py:588} INFO - Filling up the DagBag from /Users/pranavr/.pyenv/versions/3.11.6/lib/python3.11/site-packages/airflow/example_dags/example_sensor_decorator.py
[2025-06-13T14:39:27.180-0400] {processor.py:925} INFO - DAG(s) 'example_sensor_decorator' retrieved from /Users/pranavr/.pyenv/versions/3.11.6/lib/python3.11/site-packages/airflow/example_dags/example_sensor_decorator.py
[2025-06-13T14:39:27.454-0400] {logging_mixin.py:190} INFO - [2025-06-13T14:39:27.454-0400] {dag.py:3239} INFO - Sync 1 DAGs
[2025-06-13T14:39:27.496-0400] {logging_mixin.py:190} INFO - [2025-06-13T14:39:27.496-0400] {dag.py:4180} INFO - Setting next_dagrun for example_sensor_decorator to None, run_after=None
[2025-06-13T14:39:27.503-0400] {processor.py:208} INFO - Processing /Users/pranavr/.pyenv/versions/3.11.6/lib/python3.11/site-packages/airflow/example_dags/example_sensor_decorator.py took 342.214 seconds
[2025-06-13T14:41:59.879-0400] {processor.py:186} INFO - Started process (PID=11802) to work on /Users/pranavr/.pyenv/versions/3.11.6/lib/python3.11/site-packages/airflow/example_dags/example_sensor_decorator.py
[2025-06-13T14:41:59.882-0400] {processor.py:914} INFO - Processing file /Users/pranavr/.pyenv/versions/3.11.6/lib/python3.11/site-packages/airflow/example_dags/example_sensor_decorator.py for tasks to queue
[2025-06-13T14:41:59.882-0400] {logging_mixin.py:190} INFO - [2025-06-13T14:41:59.882-0400] {dagbag.py:588} INFO - Filling up the DagBag from /Users/pranavr/.pyenv/versions/3.11.6/lib/python3.11/site-packages/airflow/example_dags/example_sensor_decorator.py
[2025-06-13T14:41:59.896-0400] {processor.py:925} INFO - DAG(s) 'example_sensor_decorator' retrieved from /Users/pranavr/.pyenv/versions/3.11.6/lib/python3.11/site-packages/airflow/example_dags/example_sensor_decorator.py
[2025-06-13T14:42:00.157-0400] {logging_mixin.py:190} INFO - [2025-06-13T14:42:00.156-0400] {dag.py:3239} INFO - Sync 1 DAGs
[2025-06-13T14:42:00.195-0400] {logging_mixin.py:190} INFO - [2025-06-13T14:42:00.195-0400] {dag.py:4180} INFO - Setting next_dagrun for example_sensor_decorator to None, run_after=None
[2025-06-13T14:42:00.202-0400] {processor.py:208} INFO - Processing /Users/pranavr/.pyenv/versions/3.11.6/lib/python3.11/site-packages/airflow/example_dags/example_sensor_decorator.py took 324.696 seconds
[2025-06-13T14:44:25.282-0400] {processor.py:186} INFO - Started process (PID=12046) to work on /Users/pranavr/.pyenv/versions/3.11.6/lib/python3.11/site-packages/airflow/example_dags/example_sensor_decorator.py
[2025-06-13T14:44:25.283-0400] {processor.py:914} INFO - Processing file /Users/pranavr/.pyenv/versions/3.11.6/lib/python3.11/site-packages/airflow/example_dags/example_sensor_decorator.py for tasks to queue
[2025-06-13T14:44:25.284-0400] {logging_mixin.py:190} INFO - [2025-06-13T14:44:25.284-0400] {dagbag.py:588} INFO - Filling up the DagBag from /Users/pranavr/.pyenv/versions/3.11.6/lib/python3.11/site-packages/airflow/example_dags/example_sensor_decorator.py
[2025-06-13T14:44:25.298-0400] {processor.py:925} INFO - DAG(s) 'example_sensor_decorator' retrieved from /Users/pranavr/.pyenv/versions/3.11.6/lib/python3.11/site-packages/airflow/example_dags/example_sensor_decorator.py
[2025-06-13T14:44:25.553-0400] {logging_mixin.py:190} INFO - [2025-06-13T14:44:25.553-0400] {dag.py:3239} INFO - Sync 1 DAGs
[2025-06-13T14:44:25.591-0400] {logging_mixin.py:190} INFO - [2025-06-13T14:44:25.591-0400] {dag.py:4180} INFO - Setting next_dagrun for example_sensor_decorator to None, run_after=None
[2025-06-13T14:44:25.599-0400] {processor.py:208} INFO - Processing /Users/pranavr/.pyenv/versions/3.11.6/lib/python3.11/site-packages/airflow/example_dags/example_sensor_decorator.py took 318.824 seconds
[2025-06-13T14:46:48.537-0400] {processor.py:186} INFO - Started process (PID=12355) to work on /Users/pranavr/.pyenv/versions/3.11.6/lib/python3.11/site-packages/airflow/example_dags/example_sensor_decorator.py
[2025-06-13T14:46:48.539-0400] {processor.py:914} INFO - Processing file /Users/pranavr/.pyenv/versions/3.11.6/lib/python3.11/site-packages/airflow/example_dags/example_sensor_decorator.py for tasks to queue
[2025-06-13T14:46:48.539-0400] {logging_mixin.py:190} INFO - [2025-06-13T14:46:48.539-0400] {dagbag.py:588} INFO - Filling up the DagBag from /Users/pranavr/.pyenv/versions/3.11.6/lib/python3.11/site-packages/airflow/example_dags/example_sensor_decorator.py
[2025-06-13T14:46:48.553-0400] {processor.py:925} INFO - DAG(s) 'example_sensor_decorator' retrieved from /Users/pranavr/.pyenv/versions/3.11.6/lib/python3.11/site-packages/airflow/example_dags/example_sensor_decorator.py
[2025-06-13T14:46:48.805-0400] {logging_mixin.py:190} INFO - [2025-06-13T14:46:48.805-0400] {dag.py:3239} INFO - Sync 1 DAGs
[2025-06-13T14:46:48.845-0400] {logging_mixin.py:190} INFO - [2025-06-13T14:46:48.845-0400] {dag.py:4180} INFO - Setting next_dagrun for example_sensor_decorator to None, run_after=None
[2025-06-13T14:46:48.853-0400] {processor.py:208} INFO - Processing /Users/pranavr/.pyenv/versions/3.11.6/lib/python3.11/site-packages/airflow/example_dags/example_sensor_decorator.py took 316.862 seconds
[2025-06-13T14:49:19.615-0400] {processor.py:186} INFO - Started process (PID=12580) to work on /Users/pranavr/.pyenv/versions/3.11.6/lib/python3.11/site-packages/airflow/example_dags/example_sensor_decorator.py
[2025-06-13T14:49:19.617-0400] {processor.py:914} INFO - Processing file /Users/pranavr/.pyenv/versions/3.11.6/lib/python3.11/site-packages/airflow/example_dags/example_sensor_decorator.py for tasks to queue
[2025-06-13T14:49:19.618-0400] {logging_mixin.py:190} INFO - [2025-06-13T14:49:19.618-0400] {dagbag.py:588} INFO - Filling up the DagBag from /Users/pranavr/.pyenv/versions/3.11.6/lib/python3.11/site-packages/airflow/example_dags/example_sensor_decorator.py
[2025-06-13T14:49:19.633-0400] {processor.py:925} INFO - DAG(s) 'example_sensor_decorator' retrieved from /Users/pranavr/.pyenv/versions/3.11.6/lib/python3.11/site-packages/airflow/example_dags/example_sensor_decorator.py
[2025-06-13T14:49:19.906-0400] {logging_mixin.py:190} INFO - [2025-06-13T14:49:19.906-0400] {dag.py:3239} INFO - Sync 1 DAGs
[2025-06-13T14:49:19.947-0400] {logging_mixin.py:190} INFO - [2025-06-13T14:49:19.947-0400] {dag.py:4180} INFO - Setting next_dagrun for example_sensor_decorator to None, run_after=None
[2025-06-13T14:49:19.954-0400] {processor.py:208} INFO - Processing /Users/pranavr/.pyenv/versions/3.11.6/lib/python3.11/site-packages/airflow/example_dags/example_sensor_decorator.py took 340.342 seconds
[2025-06-13T14:51:47.986-0400] {processor.py:186} INFO - Started process (PID=13878) to work on /Users/pranavr/.pyenv/versions/3.11.6/lib/python3.11/site-packages/airflow/example_dags/example_sensor_decorator.py
[2025-06-13T14:51:47.988-0400] {processor.py:914} INFO - Processing file /Users/pranavr/.pyenv/versions/3.11.6/lib/python3.11/site-packages/airflow/example_dags/example_sensor_decorator.py for tasks to queue
[2025-06-13T14:51:47.989-0400] {logging_mixin.py:190} INFO - [2025-06-13T14:51:47.988-0400] {dagbag.py:588} INFO - Filling up the DagBag from /Users/pranavr/.pyenv/versions/3.11.6/lib/python3.11/site-packages/airflow/example_dags/example_sensor_decorator.py
[2025-06-13T14:51:48.004-0400] {processor.py:925} INFO - DAG(s) 'example_sensor_decorator' retrieved from /Users/pranavr/.pyenv/versions/3.11.6/lib/python3.11/site-packages/airflow/example_dags/example_sensor_decorator.py
[2025-06-13T14:51:48.323-0400] {logging_mixin.py:190} INFO - [2025-06-13T14:51:48.323-0400] {dag.py:3239} INFO - Sync 1 DAGs
[2025-06-13T14:51:48.365-0400] {logging_mixin.py:190} INFO - [2025-06-13T14:51:48.365-0400] {dag.py:4180} INFO - Setting next_dagrun for example_sensor_decorator to None, run_after=None
[2025-06-13T14:51:48.372-0400] {processor.py:208} INFO - Processing /Users/pranavr/.pyenv/versions/3.11.6/lib/python3.11/site-packages/airflow/example_dags/example_sensor_decorator.py took 387.654 seconds
[2025-06-13T14:54:17.526-0400] {processor.py:186} INFO - Started process (PID=14164) to work on /Users/pranavr/.pyenv/versions/3.11.6/lib/python3.11/site-packages/airflow/example_dags/example_sensor_decorator.py
[2025-06-13T14:54:17.528-0400] {processor.py:914} INFO - Processing file /Users/pranavr/.pyenv/versions/3.11.6/lib/python3.11/site-packages/airflow/example_dags/example_sensor_decorator.py for tasks to queue
[2025-06-13T14:54:17.529-0400] {logging_mixin.py:190} INFO - [2025-06-13T14:54:17.529-0400] {dagbag.py:588} INFO - Filling up the DagBag from /Users/pranavr/.pyenv/versions/3.11.6/lib/python3.11/site-packages/airflow/example_dags/example_sensor_decorator.py
[2025-06-13T14:54:17.545-0400] {processor.py:925} INFO - DAG(s) 'example_sensor_decorator' retrieved from /Users/pranavr/.pyenv/versions/3.11.6/lib/python3.11/site-packages/airflow/example_dags/example_sensor_decorator.py
[2025-06-13T14:54:17.961-0400] {logging_mixin.py:190} INFO - [2025-06-13T14:54:17.961-0400] {dag.py:3239} INFO - Sync 1 DAGs
[2025-06-13T14:54:18.008-0400] {logging_mixin.py:190} INFO - [2025-06-13T14:54:18.007-0400] {dag.py:4180} INFO - Setting next_dagrun for example_sensor_decorator to None, run_after=None
[2025-06-13T14:54:18.016-0400] {processor.py:208} INFO - Processing /Users/pranavr/.pyenv/versions/3.11.6/lib/python3.11/site-packages/airflow/example_dags/example_sensor_decorator.py took 491.067 seconds
[2025-06-13T14:56:49.826-0400] {processor.py:186} INFO - Started process (PID=14414) to work on /Users/pranavr/.pyenv/versions/3.11.6/lib/python3.11/site-packages/airflow/example_dags/example_sensor_decorator.py
[2025-06-13T14:56:49.829-0400] {processor.py:914} INFO - Processing file /Users/pranavr/.pyenv/versions/3.11.6/lib/python3.11/site-packages/airflow/example_dags/example_sensor_decorator.py for tasks to queue
[2025-06-13T14:56:49.829-0400] {logging_mixin.py:190} INFO - [2025-06-13T14:56:49.829-0400] {dagbag.py:588} INFO - Filling up the DagBag from /Users/pranavr/.pyenv/versions/3.11.6/lib/python3.11/site-packages/airflow/example_dags/example_sensor_decorator.py
[2025-06-13T14:56:49.843-0400] {processor.py:925} INFO - DAG(s) 'example_sensor_decorator' retrieved from /Users/pranavr/.pyenv/versions/3.11.6/lib/python3.11/site-packages/airflow/example_dags/example_sensor_decorator.py
[2025-06-13T14:56:50.100-0400] {logging_mixin.py:190} INFO - [2025-06-13T14:56:50.100-0400] {dag.py:3239} INFO - Sync 1 DAGs
[2025-06-13T14:56:50.139-0400] {logging_mixin.py:190} INFO - [2025-06-13T14:56:50.139-0400] {dag.py:4180} INFO - Setting next_dagrun for example_sensor_decorator to None, run_after=None
[2025-06-13T14:56:50.146-0400] {processor.py:208} INFO - Processing /Users/pranavr/.pyenv/versions/3.11.6/lib/python3.11/site-packages/airflow/example_dags/example_sensor_decorator.py took 321.500 seconds
[2025-06-13T14:59:34.910-0400] {processor.py:186} INFO - Started process (PID=14779) to work on /Users/pranavr/.pyenv/versions/3.11.6/lib/python3.11/site-packages/airflow/example_dags/example_sensor_decorator.py
[2025-06-13T14:59:34.912-0400] {processor.py:914} INFO - Processing file /Users/pranavr/.pyenv/versions/3.11.6/lib/python3.11/site-packages/airflow/example_dags/example_sensor_decorator.py for tasks to queue
[2025-06-13T14:59:34.912-0400] {logging_mixin.py:190} INFO - [2025-06-13T14:59:34.912-0400] {dagbag.py:588} INFO - Filling up the DagBag from /Users/pranavr/.pyenv/versions/3.11.6/lib/python3.11/site-packages/airflow/example_dags/example_sensor_decorator.py
[2025-06-13T14:59:34.928-0400] {processor.py:925} INFO - DAG(s) 'example_sensor_decorator' retrieved from /Users/pranavr/.pyenv/versions/3.11.6/lib/python3.11/site-packages/airflow/example_dags/example_sensor_decorator.py
[2025-06-13T14:59:35.384-0400] {logging_mixin.py:190} INFO - [2025-06-13T14:59:35.384-0400] {dag.py:3239} INFO - Sync 1 DAGs
[2025-06-13T14:59:35.426-0400] {logging_mixin.py:190} INFO - [2025-06-13T14:59:35.426-0400] {dag.py:4180} INFO - Setting next_dagrun for example_sensor_decorator to None, run_after=None
[2025-06-13T14:59:35.433-0400] {processor.py:208} INFO - Processing /Users/pranavr/.pyenv/versions/3.11.6/lib/python3.11/site-packages/airflow/example_dags/example_sensor_decorator.py took 524.947 seconds
[2025-06-13T15:01:11.670-0400] {processor.py:186} INFO - Started process (PID=15123) to work on /Users/pranavr/.pyenv/versions/3.11.6/lib/python3.11/site-packages/airflow/example_dags/example_sensor_decorator.py
[2025-06-13T15:01:11.673-0400] {processor.py:914} INFO - Processing file /Users/pranavr/.pyenv/versions/3.11.6/lib/python3.11/site-packages/airflow/example_dags/example_sensor_decorator.py for tasks to queue
[2025-06-13T15:01:11.673-0400] {logging_mixin.py:190} INFO - [2025-06-13T15:01:11.673-0400] {dagbag.py:588} INFO - Filling up the DagBag from /Users/pranavr/.pyenv/versions/3.11.6/lib/python3.11/site-packages/airflow/example_dags/example_sensor_decorator.py
[2025-06-13T15:01:11.697-0400] {processor.py:925} INFO - DAG(s) 'example_sensor_decorator' retrieved from /Users/pranavr/.pyenv/versions/3.11.6/lib/python3.11/site-packages/airflow/example_dags/example_sensor_decorator.py
[2025-06-13T15:01:12.000-0400] {logging_mixin.py:190} INFO - [2025-06-13T15:01:11.999-0400] {dag.py:3239} INFO - Sync 1 DAGs
[2025-06-13T15:01:12.048-0400] {logging_mixin.py:190} INFO - [2025-06-13T15:01:12.048-0400] {dag.py:4180} INFO - Setting next_dagrun for example_sensor_decorator to None, run_after=None
[2025-06-13T15:01:12.056-0400] {processor.py:208} INFO - Processing /Users/pranavr/.pyenv/versions/3.11.6/lib/python3.11/site-packages/airflow/example_dags/example_sensor_decorator.py took 387.304 seconds
