[2025-06-13T14:22:43.934-0400] {processor.py:186} INFO - Started process (PID=7704) to work on /Users/pranavr/.pyenv/versions/3.11.6/lib/python3.11/site-packages/airflow/example_dags/example_inlet_event_extra.py
[2025-06-13T14:22:43.936-0400] {processor.py:914} INFO - Processing file /Users/pranavr/.pyenv/versions/3.11.6/lib/python3.11/site-packages/airflow/example_dags/example_inlet_event_extra.py for tasks to queue
[2025-06-13T14:22:43.936-0400] {logging_mixin.py:190} INFO - [2025-06-13T14:22:43.936-0400] {dagbag.py:588} INFO - Filling up the DagBag from /Users/pranavr/.pyenv/versions/3.11.6/lib/python3.11/site-packages/airflow/example_dags/example_inlet_event_extra.py
[2025-06-13T14:22:43.977-0400] {processor.py:925} INFO - DAG(s) 'read_dataset_event', 'read_dataset_event_from_classic' retrieved from /Users/pranavr/.pyenv/versions/3.11.6/lib/python3.11/site-packages/airflow/example_dags/example_inlet_event_extra.py
[2025-06-13T14:22:44.101-0400] {logging_mixin.py:190} INFO - [2025-06-13T14:22:44.101-0400] {dag.py:3239} INFO - Sync 2 DAGs
[2025-06-13T14:22:44.110-0400] {logging_mixin.py:190} INFO - [2025-06-13T14:22:44.110-0400] {dag.py:4180} INFO - Setting next_dagrun for read_dataset_event to 2025-06-12T00:00:00+00:00, run_after=2025-06-13T00:00:00+00:00
[2025-06-13T14:22:44.112-0400] {logging_mixin.py:190} INFO - [2025-06-13T14:22:44.112-0400] {dag.py:4180} INFO - Setting next_dagrun for read_dataset_event_from_classic to 2025-06-12T00:00:00+00:00, run_after=2025-06-13T00:00:00+00:00
[2025-06-13T14:22:44.121-0400] {processor.py:208} INFO - Processing /Users/pranavr/.pyenv/versions/3.11.6/lib/python3.11/site-packages/airflow/example_dags/example_inlet_event_extra.py took 188.997 seconds
[2025-06-13T14:24:47.205-0400] {processor.py:186} INFO - Started process (PID=7936) to work on /Users/pranavr/.pyenv/versions/3.11.6/lib/python3.11/site-packages/airflow/example_dags/example_inlet_event_extra.py
[2025-06-13T14:24:47.207-0400] {processor.py:914} INFO - Processing file /Users/pranavr/.pyenv/versions/3.11.6/lib/python3.11/site-packages/airflow/example_dags/example_inlet_event_extra.py for tasks to queue
[2025-06-13T14:24:47.208-0400] {logging_mixin.py:190} INFO - [2025-06-13T14:24:47.208-0400] {dagbag.py:588} INFO - Filling up the DagBag from /Users/pranavr/.pyenv/versions/3.11.6/lib/python3.11/site-packages/airflow/example_dags/example_inlet_event_extra.py
[2025-06-13T14:24:47.252-0400] {processor.py:925} INFO - DAG(s) 'read_dataset_event', 'read_dataset_event_from_classic' retrieved from /Users/pranavr/.pyenv/versions/3.11.6/lib/python3.11/site-packages/airflow/example_dags/example_inlet_event_extra.py
[2025-06-13T14:24:47.337-0400] {logging_mixin.py:190} INFO - [2025-06-13T14:24:47.336-0400] {dag.py:3239} INFO - Sync 2 DAGs
[2025-06-13T14:24:47.347-0400] {logging_mixin.py:190} INFO - [2025-06-13T14:24:47.347-0400] {dag.py:4180} INFO - Setting next_dagrun for read_dataset_event to 2025-06-12T00:00:00+00:00, run_after=2025-06-13T00:00:00+00:00
[2025-06-13T14:24:47.350-0400] {logging_mixin.py:190} INFO - [2025-06-13T14:24:47.349-0400] {dag.py:4180} INFO - Setting next_dagrun for read_dataset_event_from_classic to 2025-06-12T00:00:00+00:00, run_after=2025-06-13T00:00:00+00:00
[2025-06-13T14:24:47.361-0400] {processor.py:208} INFO - Processing /Users/pranavr/.pyenv/versions/3.11.6/lib/python3.11/site-packages/airflow/example_dags/example_inlet_event_extra.py took 158.014 seconds
[2025-06-13T14:27:50.603-0400] {processor.py:186} INFO - Started process (PID=8736) to work on /Users/pranavr/.pyenv/versions/3.11.6/lib/python3.11/site-packages/airflow/example_dags/example_inlet_event_extra.py
[2025-06-13T14:27:50.605-0400] {processor.py:914} INFO - Processing file /Users/pranavr/.pyenv/versions/3.11.6/lib/python3.11/site-packages/airflow/example_dags/example_inlet_event_extra.py for tasks to queue
[2025-06-13T14:27:50.605-0400] {logging_mixin.py:190} INFO - [2025-06-13T14:27:50.605-0400] {dagbag.py:588} INFO - Filling up the DagBag from /Users/pranavr/.pyenv/versions/3.11.6/lib/python3.11/site-packages/airflow/example_dags/example_inlet_event_extra.py
[2025-06-13T14:27:50.646-0400] {processor.py:925} INFO - DAG(s) 'read_dataset_event', 'read_dataset_event_from_classic' retrieved from /Users/pranavr/.pyenv/versions/3.11.6/lib/python3.11/site-packages/airflow/example_dags/example_inlet_event_extra.py
[2025-06-13T14:27:50.728-0400] {logging_mixin.py:190} INFO - [2025-06-13T14:27:50.728-0400] {dag.py:3239} INFO - Sync 2 DAGs
[2025-06-13T14:27:50.736-0400] {logging_mixin.py:190} INFO - [2025-06-13T14:27:50.736-0400] {dag.py:4180} INFO - Setting next_dagrun for read_dataset_event to 2025-06-12T00:00:00+00:00, run_after=2025-06-13T00:00:00+00:00
[2025-06-13T14:27:50.738-0400] {logging_mixin.py:190} INFO - [2025-06-13T14:27:50.738-0400] {dag.py:4180} INFO - Setting next_dagrun for read_dataset_event_from_classic to 2025-06-12T00:00:00+00:00, run_after=2025-06-13T00:00:00+00:00
[2025-06-13T14:27:50.748-0400] {processor.py:208} INFO - Processing /Users/pranavr/.pyenv/versions/3.11.6/lib/python3.11/site-packages/airflow/example_dags/example_inlet_event_extra.py took 146.724 seconds
[2025-06-13T14:30:51.313-0400] {processor.py:186} INFO - Started process (PID=9182) to work on /Users/pranavr/.pyenv/versions/3.11.6/lib/python3.11/site-packages/airflow/example_dags/example_inlet_event_extra.py
[2025-06-13T14:30:51.316-0400] {processor.py:914} INFO - Processing file /Users/pranavr/.pyenv/versions/3.11.6/lib/python3.11/site-packages/airflow/example_dags/example_inlet_event_extra.py for tasks to queue
[2025-06-13T14:30:51.316-0400] {logging_mixin.py:190} INFO - [2025-06-13T14:30:51.316-0400] {dagbag.py:588} INFO - Filling up the DagBag from /Users/pranavr/.pyenv/versions/3.11.6/lib/python3.11/site-packages/airflow/example_dags/example_inlet_event_extra.py
[2025-06-13T14:30:51.356-0400] {processor.py:925} INFO - DAG(s) 'read_dataset_event', 'read_dataset_event_from_classic' retrieved from /Users/pranavr/.pyenv/versions/3.11.6/lib/python3.11/site-packages/airflow/example_dags/example_inlet_event_extra.py
[2025-06-13T14:30:51.443-0400] {logging_mixin.py:190} INFO - [2025-06-13T14:30:51.443-0400] {dag.py:3239} INFO - Sync 2 DAGs
[2025-06-13T14:30:51.452-0400] {logging_mixin.py:190} INFO - [2025-06-13T14:30:51.452-0400] {dag.py:4180} INFO - Setting next_dagrun for read_dataset_event to 2025-06-12T00:00:00+00:00, run_after=2025-06-13T00:00:00+00:00
[2025-06-13T14:30:51.454-0400] {logging_mixin.py:190} INFO - [2025-06-13T14:30:51.454-0400] {dag.py:4180} INFO - Setting next_dagrun for read_dataset_event_from_classic to 2025-06-12T00:00:00+00:00, run_after=2025-06-13T00:00:00+00:00
[2025-06-13T14:30:51.463-0400] {processor.py:208} INFO - Processing /Users/pranavr/.pyenv/versions/3.11.6/lib/python3.11/site-packages/airflow/example_dags/example_inlet_event_extra.py took 150.909 seconds
[2025-06-13T14:33:53.368-0400] {processor.py:186} INFO - Started process (PID=9753) to work on /Users/pranavr/.pyenv/versions/3.11.6/lib/python3.11/site-packages/airflow/example_dags/example_inlet_event_extra.py
[2025-06-13T14:33:53.370-0400] {processor.py:914} INFO - Processing file /Users/pranavr/.pyenv/versions/3.11.6/lib/python3.11/site-packages/airflow/example_dags/example_inlet_event_extra.py for tasks to queue
[2025-06-13T14:33:53.371-0400] {logging_mixin.py:190} INFO - [2025-06-13T14:33:53.371-0400] {dagbag.py:588} INFO - Filling up the DagBag from /Users/pranavr/.pyenv/versions/3.11.6/lib/python3.11/site-packages/airflow/example_dags/example_inlet_event_extra.py
[2025-06-13T14:33:53.425-0400] {processor.py:925} INFO - DAG(s) 'read_dataset_event_from_classic', 'read_dataset_event' retrieved from /Users/pranavr/.pyenv/versions/3.11.6/lib/python3.11/site-packages/airflow/example_dags/example_inlet_event_extra.py
[2025-06-13T14:33:53.516-0400] {logging_mixin.py:190} INFO - [2025-06-13T14:33:53.516-0400] {dag.py:3239} INFO - Sync 2 DAGs
[2025-06-13T14:33:53.526-0400] {logging_mixin.py:190} INFO - [2025-06-13T14:33:53.526-0400] {dag.py:4180} INFO - Setting next_dagrun for read_dataset_event to 2025-06-12T00:00:00+00:00, run_after=2025-06-13T00:00:00+00:00
[2025-06-13T14:33:53.528-0400] {logging_mixin.py:190} INFO - [2025-06-13T14:33:53.527-0400] {dag.py:4180} INFO - Setting next_dagrun for read_dataset_event_from_classic to 2025-06-12T00:00:00+00:00, run_after=2025-06-13T00:00:00+00:00
[2025-06-13T14:33:53.535-0400] {processor.py:208} INFO - Processing /Users/pranavr/.pyenv/versions/3.11.6/lib/python3.11/site-packages/airflow/example_dags/example_inlet_event_extra.py took 169.656 seconds
[2025-06-13T14:36:55.650-0400] {processor.py:186} INFO - Started process (PID=11001) to work on /Users/pranavr/.pyenv/versions/3.11.6/lib/python3.11/site-packages/airflow/example_dags/example_inlet_event_extra.py
[2025-06-13T14:36:55.652-0400] {processor.py:914} INFO - Processing file /Users/pranavr/.pyenv/versions/3.11.6/lib/python3.11/site-packages/airflow/example_dags/example_inlet_event_extra.py for tasks to queue
[2025-06-13T14:36:55.653-0400] {logging_mixin.py:190} INFO - [2025-06-13T14:36:55.653-0400] {dagbag.py:588} INFO - Filling up the DagBag from /Users/pranavr/.pyenv/versions/3.11.6/lib/python3.11/site-packages/airflow/example_dags/example_inlet_event_extra.py
[2025-06-13T14:36:55.696-0400] {processor.py:925} INFO - DAG(s) 'read_dataset_event', 'read_dataset_event_from_classic' retrieved from /Users/pranavr/.pyenv/versions/3.11.6/lib/python3.11/site-packages/airflow/example_dags/example_inlet_event_extra.py
[2025-06-13T14:36:55.777-0400] {logging_mixin.py:190} INFO - [2025-06-13T14:36:55.777-0400] {dag.py:3239} INFO - Sync 2 DAGs
[2025-06-13T14:36:55.785-0400] {logging_mixin.py:190} INFO - [2025-06-13T14:36:55.785-0400] {dag.py:4180} INFO - Setting next_dagrun for read_dataset_event to 2025-06-12T00:00:00+00:00, run_after=2025-06-13T00:00:00+00:00
[2025-06-13T14:36:55.787-0400] {logging_mixin.py:190} INFO - [2025-06-13T14:36:55.787-0400] {dag.py:4180} INFO - Setting next_dagrun for read_dataset_event_from_classic to 2025-06-12T00:00:00+00:00, run_after=2025-06-13T00:00:00+00:00
[2025-06-13T14:36:55.795-0400] {processor.py:208} INFO - Processing /Users/pranavr/.pyenv/versions/3.11.6/lib/python3.11/site-packages/airflow/example_dags/example_inlet_event_extra.py took 149.557 seconds
[2025-06-13T14:39:48.250-0400] {processor.py:186} INFO - Started process (PID=11441) to work on /Users/pranavr/.pyenv/versions/3.11.6/lib/python3.11/site-packages/airflow/example_dags/example_inlet_event_extra.py
[2025-06-13T14:39:48.252-0400] {processor.py:914} INFO - Processing file /Users/pranavr/.pyenv/versions/3.11.6/lib/python3.11/site-packages/airflow/example_dags/example_inlet_event_extra.py for tasks to queue
[2025-06-13T14:39:48.253-0400] {logging_mixin.py:190} INFO - [2025-06-13T14:39:48.253-0400] {dagbag.py:588} INFO - Filling up the DagBag from /Users/pranavr/.pyenv/versions/3.11.6/lib/python3.11/site-packages/airflow/example_dags/example_inlet_event_extra.py
[2025-06-13T14:39:48.281-0400] {processor.py:925} INFO - DAG(s) 'read_dataset_event_from_classic', 'read_dataset_event' retrieved from /Users/pranavr/.pyenv/versions/3.11.6/lib/python3.11/site-packages/airflow/example_dags/example_inlet_event_extra.py
[2025-06-13T14:39:48.350-0400] {logging_mixin.py:190} INFO - [2025-06-13T14:39:48.350-0400] {dag.py:3239} INFO - Sync 2 DAGs
[2025-06-13T14:39:48.358-0400] {logging_mixin.py:190} INFO - [2025-06-13T14:39:48.358-0400] {dag.py:4180} INFO - Setting next_dagrun for read_dataset_event to 2025-06-12T00:00:00+00:00, run_after=2025-06-13T00:00:00+00:00
[2025-06-13T14:39:48.359-0400] {logging_mixin.py:190} INFO - [2025-06-13T14:39:48.359-0400] {dag.py:4180} INFO - Setting next_dagrun for read_dataset_event_from_classic to 2025-06-12T00:00:00+00:00, run_after=2025-06-13T00:00:00+00:00
[2025-06-13T14:39:48.366-0400] {processor.py:208} INFO - Processing /Users/pranavr/.pyenv/versions/3.11.6/lib/python3.11/site-packages/airflow/example_dags/example_inlet_event_extra.py took 117.483 seconds
[2025-06-13T14:42:20.962-0400] {processor.py:186} INFO - Started process (PID=11829) to work on /Users/pranavr/.pyenv/versions/3.11.6/lib/python3.11/site-packages/airflow/example_dags/example_inlet_event_extra.py
[2025-06-13T14:42:20.965-0400] {processor.py:914} INFO - Processing file /Users/pranavr/.pyenv/versions/3.11.6/lib/python3.11/site-packages/airflow/example_dags/example_inlet_event_extra.py for tasks to queue
[2025-06-13T14:42:20.966-0400] {logging_mixin.py:190} INFO - [2025-06-13T14:42:20.965-0400] {dagbag.py:588} INFO - Filling up the DagBag from /Users/pranavr/.pyenv/versions/3.11.6/lib/python3.11/site-packages/airflow/example_dags/example_inlet_event_extra.py
[2025-06-13T14:42:20.992-0400] {processor.py:925} INFO - DAG(s) 'read_dataset_event_from_classic', 'read_dataset_event' retrieved from /Users/pranavr/.pyenv/versions/3.11.6/lib/python3.11/site-packages/airflow/example_dags/example_inlet_event_extra.py
[2025-06-13T14:42:21.054-0400] {logging_mixin.py:190} INFO - [2025-06-13T14:42:21.054-0400] {dag.py:3239} INFO - Sync 2 DAGs
[2025-06-13T14:42:21.060-0400] {logging_mixin.py:190} INFO - [2025-06-13T14:42:21.060-0400] {dag.py:4180} INFO - Setting next_dagrun for read_dataset_event to 2025-06-12T00:00:00+00:00, run_after=2025-06-13T00:00:00+00:00
[2025-06-13T14:42:21.062-0400] {logging_mixin.py:190} INFO - [2025-06-13T14:42:21.062-0400] {dag.py:4180} INFO - Setting next_dagrun for read_dataset_event_from_classic to 2025-06-12T00:00:00+00:00, run_after=2025-06-13T00:00:00+00:00
[2025-06-13T14:42:21.068-0400] {processor.py:208} INFO - Processing /Users/pranavr/.pyenv/versions/3.11.6/lib/python3.11/site-packages/airflow/example_dags/example_inlet_event_extra.py took 107.010 seconds
[2025-06-13T14:44:46.470-0400] {processor.py:186} INFO - Started process (PID=12095) to work on /Users/pranavr/.pyenv/versions/3.11.6/lib/python3.11/site-packages/airflow/example_dags/example_inlet_event_extra.py
[2025-06-13T14:44:46.472-0400] {processor.py:914} INFO - Processing file /Users/pranavr/.pyenv/versions/3.11.6/lib/python3.11/site-packages/airflow/example_dags/example_inlet_event_extra.py for tasks to queue
[2025-06-13T14:44:46.472-0400] {logging_mixin.py:190} INFO - [2025-06-13T14:44:46.472-0400] {dagbag.py:588} INFO - Filling up the DagBag from /Users/pranavr/.pyenv/versions/3.11.6/lib/python3.11/site-packages/airflow/example_dags/example_inlet_event_extra.py
[2025-06-13T14:44:46.498-0400] {processor.py:925} INFO - DAG(s) 'read_dataset_event_from_classic', 'read_dataset_event' retrieved from /Users/pranavr/.pyenv/versions/3.11.6/lib/python3.11/site-packages/airflow/example_dags/example_inlet_event_extra.py
[2025-06-13T14:44:46.563-0400] {logging_mixin.py:190} INFO - [2025-06-13T14:44:46.563-0400] {dag.py:3239} INFO - Sync 2 DAGs
[2025-06-13T14:44:46.570-0400] {logging_mixin.py:190} INFO - [2025-06-13T14:44:46.570-0400] {dag.py:4180} INFO - Setting next_dagrun for read_dataset_event to 2025-06-12T00:00:00+00:00, run_after=2025-06-13T00:00:00+00:00
[2025-06-13T14:44:46.571-0400] {logging_mixin.py:190} INFO - [2025-06-13T14:44:46.571-0400] {dag.py:4180} INFO - Setting next_dagrun for read_dataset_event_from_classic to 2025-06-12T00:00:00+00:00, run_after=2025-06-13T00:00:00+00:00
[2025-06-13T14:44:46.578-0400] {processor.py:208} INFO - Processing /Users/pranavr/.pyenv/versions/3.11.6/lib/python3.11/site-packages/airflow/example_dags/example_inlet_event_extra.py took 109.355 seconds
[2025-06-13T14:47:10.236-0400] {processor.py:186} INFO - Started process (PID=12383) to work on /Users/pranavr/.pyenv/versions/3.11.6/lib/python3.11/site-packages/airflow/example_dags/example_inlet_event_extra.py
[2025-06-13T14:47:10.238-0400] {processor.py:914} INFO - Processing file /Users/pranavr/.pyenv/versions/3.11.6/lib/python3.11/site-packages/airflow/example_dags/example_inlet_event_extra.py for tasks to queue
[2025-06-13T14:47:10.238-0400] {logging_mixin.py:190} INFO - [2025-06-13T14:47:10.238-0400] {dagbag.py:588} INFO - Filling up the DagBag from /Users/pranavr/.pyenv/versions/3.11.6/lib/python3.11/site-packages/airflow/example_dags/example_inlet_event_extra.py
[2025-06-13T14:47:10.263-0400] {processor.py:925} INFO - DAG(s) 'read_dataset_event_from_classic', 'read_dataset_event' retrieved from /Users/pranavr/.pyenv/versions/3.11.6/lib/python3.11/site-packages/airflow/example_dags/example_inlet_event_extra.py
[2025-06-13T14:47:10.326-0400] {logging_mixin.py:190} INFO - [2025-06-13T14:47:10.325-0400] {dag.py:3239} INFO - Sync 2 DAGs
[2025-06-13T14:47:10.332-0400] {logging_mixin.py:190} INFO - [2025-06-13T14:47:10.332-0400] {dag.py:4180} INFO - Setting next_dagrun for read_dataset_event to 2025-06-12T00:00:00+00:00, run_after=2025-06-13T00:00:00+00:00
[2025-06-13T14:47:10.334-0400] {logging_mixin.py:190} INFO - [2025-06-13T14:47:10.334-0400] {dag.py:4180} INFO - Setting next_dagrun for read_dataset_event_from_classic to 2025-06-12T00:00:00+00:00, run_after=2025-06-13T00:00:00+00:00
[2025-06-13T14:47:10.340-0400] {processor.py:208} INFO - Processing /Users/pranavr/.pyenv/versions/3.11.6/lib/python3.11/site-packages/airflow/example_dags/example_inlet_event_extra.py took 105.092 seconds
[2025-06-13T14:49:40.562-0400] {processor.py:186} INFO - Started process (PID=12616) to work on /Users/pranavr/.pyenv/versions/3.11.6/lib/python3.11/site-packages/airflow/example_dags/example_inlet_event_extra.py
[2025-06-13T14:49:40.564-0400] {processor.py:914} INFO - Processing file /Users/pranavr/.pyenv/versions/3.11.6/lib/python3.11/site-packages/airflow/example_dags/example_inlet_event_extra.py for tasks to queue
[2025-06-13T14:49:40.565-0400] {logging_mixin.py:190} INFO - [2025-06-13T14:49:40.565-0400] {dagbag.py:588} INFO - Filling up the DagBag from /Users/pranavr/.pyenv/versions/3.11.6/lib/python3.11/site-packages/airflow/example_dags/example_inlet_event_extra.py
[2025-06-13T14:49:40.592-0400] {processor.py:925} INFO - DAG(s) 'read_dataset_event', 'read_dataset_event_from_classic' retrieved from /Users/pranavr/.pyenv/versions/3.11.6/lib/python3.11/site-packages/airflow/example_dags/example_inlet_event_extra.py
[2025-06-13T14:49:40.654-0400] {logging_mixin.py:190} INFO - [2025-06-13T14:49:40.654-0400] {dag.py:3239} INFO - Sync 2 DAGs
[2025-06-13T14:49:40.661-0400] {logging_mixin.py:190} INFO - [2025-06-13T14:49:40.661-0400] {dag.py:4180} INFO - Setting next_dagrun for read_dataset_event to 2025-06-12T00:00:00+00:00, run_after=2025-06-13T00:00:00+00:00
[2025-06-13T14:49:40.662-0400] {logging_mixin.py:190} INFO - [2025-06-13T14:49:40.662-0400] {dag.py:4180} INFO - Setting next_dagrun for read_dataset_event_from_classic to 2025-06-12T00:00:00+00:00, run_after=2025-06-13T00:00:00+00:00
[2025-06-13T14:49:40.668-0400] {processor.py:208} INFO - Processing /Users/pranavr/.pyenv/versions/3.11.6/lib/python3.11/site-packages/airflow/example_dags/example_inlet_event_extra.py took 108.304 seconds
[2025-06-13T14:52:09.832-0400] {processor.py:186} INFO - Started process (PID=13973) to work on /Users/pranavr/.pyenv/versions/3.11.6/lib/python3.11/site-packages/airflow/example_dags/example_inlet_event_extra.py
[2025-06-13T14:52:09.835-0400] {processor.py:914} INFO - Processing file /Users/pranavr/.pyenv/versions/3.11.6/lib/python3.11/site-packages/airflow/example_dags/example_inlet_event_extra.py for tasks to queue
[2025-06-13T14:52:09.835-0400] {logging_mixin.py:190} INFO - [2025-06-13T14:52:09.835-0400] {dagbag.py:588} INFO - Filling up the DagBag from /Users/pranavr/.pyenv/versions/3.11.6/lib/python3.11/site-packages/airflow/example_dags/example_inlet_event_extra.py
[2025-06-13T14:52:09.865-0400] {processor.py:925} INFO - DAG(s) 'read_dataset_event', 'read_dataset_event_from_classic' retrieved from /Users/pranavr/.pyenv/versions/3.11.6/lib/python3.11/site-packages/airflow/example_dags/example_inlet_event_extra.py
[2025-06-13T14:52:09.926-0400] {logging_mixin.py:190} INFO - [2025-06-13T14:52:09.926-0400] {dag.py:3239} INFO - Sync 2 DAGs
[2025-06-13T14:52:09.933-0400] {logging_mixin.py:190} INFO - [2025-06-13T14:52:09.933-0400] {dag.py:4180} INFO - Setting next_dagrun for read_dataset_event to 2025-06-12T00:00:00+00:00, run_after=2025-06-13T00:00:00+00:00
[2025-06-13T14:52:09.934-0400] {logging_mixin.py:190} INFO - [2025-06-13T14:52:09.934-0400] {dag.py:4180} INFO - Setting next_dagrun for read_dataset_event_from_classic to 2025-06-12T00:00:00+00:00, run_after=2025-06-13T00:00:00+00:00
[2025-06-13T14:52:09.940-0400] {processor.py:208} INFO - Processing /Users/pranavr/.pyenv/versions/3.11.6/lib/python3.11/site-packages/airflow/example_dags/example_inlet_event_extra.py took 109.231 seconds
[2025-06-13T14:54:39.792-0400] {processor.py:186} INFO - Started process (PID=14198) to work on /Users/pranavr/.pyenv/versions/3.11.6/lib/python3.11/site-packages/airflow/example_dags/example_inlet_event_extra.py
[2025-06-13T14:54:39.794-0400] {processor.py:914} INFO - Processing file /Users/pranavr/.pyenv/versions/3.11.6/lib/python3.11/site-packages/airflow/example_dags/example_inlet_event_extra.py for tasks to queue
[2025-06-13T14:54:39.795-0400] {logging_mixin.py:190} INFO - [2025-06-13T14:54:39.794-0400] {dagbag.py:588} INFO - Filling up the DagBag from /Users/pranavr/.pyenv/versions/3.11.6/lib/python3.11/site-packages/airflow/example_dags/example_inlet_event_extra.py
[2025-06-13T14:54:39.826-0400] {processor.py:925} INFO - DAG(s) 'read_dataset_event', 'read_dataset_event_from_classic' retrieved from /Users/pranavr/.pyenv/versions/3.11.6/lib/python3.11/site-packages/airflow/example_dags/example_inlet_event_extra.py
[2025-06-13T14:54:39.889-0400] {logging_mixin.py:190} INFO - [2025-06-13T14:54:39.889-0400] {dag.py:3239} INFO - Sync 2 DAGs
[2025-06-13T14:54:39.896-0400] {logging_mixin.py:190} INFO - [2025-06-13T14:54:39.896-0400] {dag.py:4180} INFO - Setting next_dagrun for read_dataset_event to 2025-06-12T00:00:00+00:00, run_after=2025-06-13T00:00:00+00:00
[2025-06-13T14:54:39.898-0400] {logging_mixin.py:190} INFO - [2025-06-13T14:54:39.898-0400] {dag.py:4180} INFO - Setting next_dagrun for read_dataset_event_from_classic to 2025-06-12T00:00:00+00:00, run_after=2025-06-13T00:00:00+00:00
[2025-06-13T14:54:39.904-0400] {processor.py:208} INFO - Processing /Users/pranavr/.pyenv/versions/3.11.6/lib/python3.11/site-packages/airflow/example_dags/example_inlet_event_extra.py took 113.155 seconds
[2025-06-13T14:57:11.683-0400] {processor.py:186} INFO - Started process (PID=14442) to work on /Users/pranavr/.pyenv/versions/3.11.6/lib/python3.11/site-packages/airflow/example_dags/example_inlet_event_extra.py
[2025-06-13T14:57:11.685-0400] {processor.py:914} INFO - Processing file /Users/pranavr/.pyenv/versions/3.11.6/lib/python3.11/site-packages/airflow/example_dags/example_inlet_event_extra.py for tasks to queue
[2025-06-13T14:57:11.686-0400] {logging_mixin.py:190} INFO - [2025-06-13T14:57:11.686-0400] {dagbag.py:588} INFO - Filling up the DagBag from /Users/pranavr/.pyenv/versions/3.11.6/lib/python3.11/site-packages/airflow/example_dags/example_inlet_event_extra.py
[2025-06-13T14:57:11.717-0400] {processor.py:925} INFO - DAG(s) 'read_dataset_event_from_classic', 'read_dataset_event' retrieved from /Users/pranavr/.pyenv/versions/3.11.6/lib/python3.11/site-packages/airflow/example_dags/example_inlet_event_extra.py
[2025-06-13T14:57:11.780-0400] {logging_mixin.py:190} INFO - [2025-06-13T14:57:11.780-0400] {dag.py:3239} INFO - Sync 2 DAGs
[2025-06-13T14:57:11.788-0400] {logging_mixin.py:190} INFO - [2025-06-13T14:57:11.788-0400] {dag.py:4180} INFO - Setting next_dagrun for read_dataset_event to 2025-06-12T00:00:00+00:00, run_after=2025-06-13T00:00:00+00:00
[2025-06-13T14:57:11.790-0400] {logging_mixin.py:190} INFO - [2025-06-13T14:57:11.790-0400] {dag.py:4180} INFO - Setting next_dagrun for read_dataset_event_from_classic to 2025-06-12T00:00:00+00:00, run_after=2025-06-13T00:00:00+00:00
[2025-06-13T14:57:11.796-0400] {processor.py:208} INFO - Processing /Users/pranavr/.pyenv/versions/3.11.6/lib/python3.11/site-packages/airflow/example_dags/example_inlet_event_extra.py took 113.707 seconds
[2025-06-13T14:59:57.150-0400] {processor.py:186} INFO - Started process (PID=14813) to work on /Users/pranavr/.pyenv/versions/3.11.6/lib/python3.11/site-packages/airflow/example_dags/example_inlet_event_extra.py
[2025-06-13T14:59:57.152-0400] {processor.py:914} INFO - Processing file /Users/pranavr/.pyenv/versions/3.11.6/lib/python3.11/site-packages/airflow/example_dags/example_inlet_event_extra.py for tasks to queue
[2025-06-13T14:59:57.152-0400] {logging_mixin.py:190} INFO - [2025-06-13T14:59:57.152-0400] {dagbag.py:588} INFO - Filling up the DagBag from /Users/pranavr/.pyenv/versions/3.11.6/lib/python3.11/site-packages/airflow/example_dags/example_inlet_event_extra.py
[2025-06-13T14:59:57.194-0400] {processor.py:925} INFO - DAG(s) 'read_dataset_event_from_classic', 'read_dataset_event' retrieved from /Users/pranavr/.pyenv/versions/3.11.6/lib/python3.11/site-packages/airflow/example_dags/example_inlet_event_extra.py
[2025-06-13T14:59:57.268-0400] {logging_mixin.py:190} INFO - [2025-06-13T14:59:57.268-0400] {dag.py:3239} INFO - Sync 2 DAGs
[2025-06-13T14:59:57.276-0400] {logging_mixin.py:190} INFO - [2025-06-13T14:59:57.276-0400] {dag.py:4180} INFO - Setting next_dagrun for read_dataset_event to 2025-06-12T00:00:00+00:00, run_after=2025-06-13T00:00:00+00:00
[2025-06-13T14:59:57.279-0400] {logging_mixin.py:190} INFO - [2025-06-13T14:59:57.279-0400] {dag.py:4180} INFO - Setting next_dagrun for read_dataset_event_from_classic to 2025-06-12T00:00:00+00:00, run_after=2025-06-13T00:00:00+00:00
[2025-06-13T14:59:57.286-0400] {processor.py:208} INFO - Processing /Users/pranavr/.pyenv/versions/3.11.6/lib/python3.11/site-packages/airflow/example_dags/example_inlet_event_extra.py took 137.999 seconds
[2025-06-13T15:01:35.052-0400] {processor.py:186} INFO - Started process (PID=15148) to work on /Users/pranavr/.pyenv/versions/3.11.6/lib/python3.11/site-packages/airflow/example_dags/example_inlet_event_extra.py
[2025-06-13T15:01:35.054-0400] {processor.py:914} INFO - Processing file /Users/pranavr/.pyenv/versions/3.11.6/lib/python3.11/site-packages/airflow/example_dags/example_inlet_event_extra.py for tasks to queue
[2025-06-13T15:01:35.055-0400] {logging_mixin.py:190} INFO - [2025-06-13T15:01:35.055-0400] {dagbag.py:588} INFO - Filling up the DagBag from /Users/pranavr/.pyenv/versions/3.11.6/lib/python3.11/site-packages/airflow/example_dags/example_inlet_event_extra.py
[2025-06-13T15:01:35.090-0400] {processor.py:925} INFO - DAG(s) 'read_dataset_event', 'read_dataset_event_from_classic' retrieved from /Users/pranavr/.pyenv/versions/3.11.6/lib/python3.11/site-packages/airflow/example_dags/example_inlet_event_extra.py
[2025-06-13T15:01:35.163-0400] {logging_mixin.py:190} INFO - [2025-06-13T15:01:35.163-0400] {dag.py:3239} INFO - Sync 2 DAGs
[2025-06-13T15:01:35.171-0400] {logging_mixin.py:190} INFO - [2025-06-13T15:01:35.171-0400] {dag.py:4180} INFO - Setting next_dagrun for read_dataset_event to 2025-06-12T00:00:00+00:00, run_after=2025-06-13T00:00:00+00:00
[2025-06-13T15:01:35.173-0400] {logging_mixin.py:190} INFO - [2025-06-13T15:01:35.173-0400] {dag.py:4180} INFO - Setting next_dagrun for read_dataset_event_from_classic to 2025-06-12T00:00:00+00:00, run_after=2025-06-13T00:00:00+00:00
[2025-06-13T15:01:35.180-0400] {processor.py:208} INFO - Processing /Users/pranavr/.pyenv/versions/3.11.6/lib/python3.11/site-packages/airflow/example_dags/example_inlet_event_extra.py took 128.969 seconds
[2025-06-13T15:03:41.027-0400] {processor.py:186} INFO - Started process (PID=15716) to work on /Users/pranavr/.pyenv/versions/3.11.6/lib/python3.11/site-packages/airflow/example_dags/example_inlet_event_extra.py
[2025-06-13T15:03:41.029-0400] {processor.py:914} INFO - Processing file /Users/pranavr/.pyenv/versions/3.11.6/lib/python3.11/site-packages/airflow/example_dags/example_inlet_event_extra.py for tasks to queue
[2025-06-13T15:03:41.030-0400] {logging_mixin.py:190} INFO - [2025-06-13T15:03:41.030-0400] {dagbag.py:588} INFO - Filling up the DagBag from /Users/pranavr/.pyenv/versions/3.11.6/lib/python3.11/site-packages/airflow/example_dags/example_inlet_event_extra.py
[2025-06-13T15:03:41.065-0400] {processor.py:925} INFO - DAG(s) 'read_dataset_event_from_classic', 'read_dataset_event' retrieved from /Users/pranavr/.pyenv/versions/3.11.6/lib/python3.11/site-packages/airflow/example_dags/example_inlet_event_extra.py
[2025-06-13T15:03:41.138-0400] {logging_mixin.py:190} INFO - [2025-06-13T15:03:41.138-0400] {dag.py:3239} INFO - Sync 2 DAGs
[2025-06-13T15:03:41.145-0400] {logging_mixin.py:190} INFO - [2025-06-13T15:03:41.145-0400] {dag.py:4180} INFO - Setting next_dagrun for read_dataset_event to 2025-06-12T00:00:00+00:00, run_after=2025-06-13T00:00:00+00:00
[2025-06-13T15:03:41.147-0400] {logging_mixin.py:190} INFO - [2025-06-13T15:03:41.147-0400] {dag.py:4180} INFO - Setting next_dagrun for read_dataset_event_from_classic to 2025-06-12T00:00:00+00:00, run_after=2025-06-13T00:00:00+00:00
[2025-06-13T15:03:41.154-0400] {processor.py:208} INFO - Processing /Users/pranavr/.pyenv/versions/3.11.6/lib/python3.11/site-packages/airflow/example_dags/example_inlet_event_extra.py took 127.926 seconds
[2025-06-13T15:05:36.303-0400] {processor.py:186} INFO - Started process (PID=16132) to work on /Users/pranavr/.pyenv/versions/3.11.6/lib/python3.11/site-packages/airflow/example_dags/example_inlet_event_extra.py
[2025-06-13T15:05:36.305-0400] {processor.py:914} INFO - Processing file /Users/pranavr/.pyenv/versions/3.11.6/lib/python3.11/site-packages/airflow/example_dags/example_inlet_event_extra.py for tasks to queue
[2025-06-13T15:05:36.306-0400] {logging_mixin.py:190} INFO - [2025-06-13T15:05:36.306-0400] {dagbag.py:588} INFO - Filling up the DagBag from /Users/pranavr/.pyenv/versions/3.11.6/lib/python3.11/site-packages/airflow/example_dags/example_inlet_event_extra.py
[2025-06-13T15:05:36.340-0400] {processor.py:925} INFO - DAG(s) 'read_dataset_event', 'read_dataset_event_from_classic' retrieved from /Users/pranavr/.pyenv/versions/3.11.6/lib/python3.11/site-packages/airflow/example_dags/example_inlet_event_extra.py
[2025-06-13T15:05:36.411-0400] {logging_mixin.py:190} INFO - [2025-06-13T15:05:36.411-0400] {dag.py:3239} INFO - Sync 2 DAGs
[2025-06-13T15:05:36.419-0400] {logging_mixin.py:190} INFO - [2025-06-13T15:05:36.419-0400] {dag.py:4180} INFO - Setting next_dagrun for read_dataset_event to 2025-06-12T00:00:00+00:00, run_after=2025-06-13T00:00:00+00:00
[2025-06-13T15:05:36.421-0400] {logging_mixin.py:190} INFO - [2025-06-13T15:05:36.421-0400] {dag.py:4180} INFO - Setting next_dagrun for read_dataset_event_from_classic to 2025-06-12T00:00:00+00:00, run_after=2025-06-13T00:00:00+00:00
[2025-06-13T15:05:36.428-0400] {processor.py:208} INFO - Processing /Users/pranavr/.pyenv/versions/3.11.6/lib/python3.11/site-packages/airflow/example_dags/example_inlet_event_extra.py took 126.283 seconds
[2025-06-13T15:07:26.953-0400] {processor.py:186} INFO - Started process (PID=16415) to work on /Users/pranavr/.pyenv/versions/3.11.6/lib/python3.11/site-packages/airflow/example_dags/example_inlet_event_extra.py
[2025-06-13T15:07:26.955-0400] {processor.py:914} INFO - Processing file /Users/pranavr/.pyenv/versions/3.11.6/lib/python3.11/site-packages/airflow/example_dags/example_inlet_event_extra.py for tasks to queue
[2025-06-13T15:07:26.956-0400] {logging_mixin.py:190} INFO - [2025-06-13T15:07:26.956-0400] {dagbag.py:588} INFO - Filling up the DagBag from /Users/pranavr/.pyenv/versions/3.11.6/lib/python3.11/site-packages/airflow/example_dags/example_inlet_event_extra.py
[2025-06-13T15:07:26.992-0400] {processor.py:925} INFO - DAG(s) 'read_dataset_event_from_classic', 'read_dataset_event' retrieved from /Users/pranavr/.pyenv/versions/3.11.6/lib/python3.11/site-packages/airflow/example_dags/example_inlet_event_extra.py
[2025-06-13T15:07:27.062-0400] {logging_mixin.py:190} INFO - [2025-06-13T15:07:27.062-0400] {dag.py:3239} INFO - Sync 2 DAGs
[2025-06-13T15:07:27.070-0400] {logging_mixin.py:190} INFO - [2025-06-13T15:07:27.069-0400] {dag.py:4180} INFO - Setting next_dagrun for read_dataset_event to 2025-06-12T00:00:00+00:00, run_after=2025-06-13T00:00:00+00:00
[2025-06-13T15:07:27.071-0400] {logging_mixin.py:190} INFO - [2025-06-13T15:07:27.071-0400] {dag.py:4180} INFO - Setting next_dagrun for read_dataset_event_from_classic to 2025-06-12T00:00:00+00:00, run_after=2025-06-13T00:00:00+00:00
[2025-06-13T15:07:27.077-0400] {processor.py:208} INFO - Processing /Users/pranavr/.pyenv/versions/3.11.6/lib/python3.11/site-packages/airflow/example_dags/example_inlet_event_extra.py took 125.488 seconds
[2025-06-13T15:10:08.462-0400] {processor.py:186} INFO - Started process (PID=16744) to work on /Users/pranavr/.pyenv/versions/3.11.6/lib/python3.11/site-packages/airflow/example_dags/example_inlet_event_extra.py
[2025-06-13T15:10:08.464-0400] {processor.py:914} INFO - Processing file /Users/pranavr/.pyenv/versions/3.11.6/lib/python3.11/site-packages/airflow/example_dags/example_inlet_event_extra.py for tasks to queue
[2025-06-13T15:10:08.465-0400] {logging_mixin.py:190} INFO - [2025-06-13T15:10:08.464-0400] {dagbag.py:588} INFO - Filling up the DagBag from /Users/pranavr/.pyenv/versions/3.11.6/lib/python3.11/site-packages/airflow/example_dags/example_inlet_event_extra.py
[2025-06-13T15:10:08.501-0400] {processor.py:925} INFO - DAG(s) 'read_dataset_event_from_classic', 'read_dataset_event' retrieved from /Users/pranavr/.pyenv/versions/3.11.6/lib/python3.11/site-packages/airflow/example_dags/example_inlet_event_extra.py
[2025-06-13T15:10:08.614-0400] {logging_mixin.py:190} INFO - [2025-06-13T15:10:08.614-0400] {dag.py:3239} INFO - Sync 2 DAGs
[2025-06-13T15:10:08.623-0400] {logging_mixin.py:190} INFO - [2025-06-13T15:10:08.623-0400] {dag.py:4180} INFO - Setting next_dagrun for read_dataset_event to 2025-06-12T00:00:00+00:00, run_after=2025-06-13T00:00:00+00:00
[2025-06-13T15:10:08.625-0400] {logging_mixin.py:190} INFO - [2025-06-13T15:10:08.625-0400] {dag.py:4180} INFO - Setting next_dagrun for read_dataset_event_from_classic to 2025-06-12T00:00:00+00:00, run_after=2025-06-13T00:00:00+00:00
[2025-06-13T15:10:08.838-0400] {processor.py:208} INFO - Processing /Users/pranavr/.pyenv/versions/3.11.6/lib/python3.11/site-packages/airflow/example_dags/example_inlet_event_extra.py took 377.504 seconds
[2025-06-13T15:12:58.506-0400] {processor.py:186} INFO - Started process (PID=16973) to work on /Users/pranavr/.pyenv/versions/3.11.6/lib/python3.11/site-packages/airflow/example_dags/example_inlet_event_extra.py
[2025-06-13T15:12:58.508-0400] {processor.py:914} INFO - Processing file /Users/pranavr/.pyenv/versions/3.11.6/lib/python3.11/site-packages/airflow/example_dags/example_inlet_event_extra.py for tasks to queue
[2025-06-13T15:12:58.509-0400] {logging_mixin.py:190} INFO - [2025-06-13T15:12:58.508-0400] {dagbag.py:588} INFO - Filling up the DagBag from /Users/pranavr/.pyenv/versions/3.11.6/lib/python3.11/site-packages/airflow/example_dags/example_inlet_event_extra.py
[2025-06-13T15:12:58.544-0400] {processor.py:925} INFO - DAG(s) 'read_dataset_event', 'read_dataset_event_from_classic' retrieved from /Users/pranavr/.pyenv/versions/3.11.6/lib/python3.11/site-packages/airflow/example_dags/example_inlet_event_extra.py
[2025-06-13T15:12:58.619-0400] {logging_mixin.py:190} INFO - [2025-06-13T15:12:58.619-0400] {dag.py:3239} INFO - Sync 2 DAGs
[2025-06-13T15:12:58.627-0400] {logging_mixin.py:190} INFO - [2025-06-13T15:12:58.627-0400] {dag.py:4180} INFO - Setting next_dagrun for read_dataset_event to 2025-06-12T00:00:00+00:00, run_after=2025-06-13T00:00:00+00:00
[2025-06-13T15:12:58.629-0400] {logging_mixin.py:190} INFO - [2025-06-13T15:12:58.629-0400] {dag.py:4180} INFO - Setting next_dagrun for read_dataset_event_from_classic to 2025-06-12T00:00:00+00:00, run_after=2025-06-13T00:00:00+00:00
[2025-06-13T15:12:58.636-0400] {processor.py:208} INFO - Processing /Users/pranavr/.pyenv/versions/3.11.6/lib/python3.11/site-packages/airflow/example_dags/example_inlet_event_extra.py took 131.218 seconds
[2025-06-13T15:19:49.299-0400] {processor.py:186} INFO - Started process (PID=17836) to work on /Users/pranavr/.pyenv/versions/3.11.6/lib/python3.11/site-packages/airflow/example_dags/example_inlet_event_extra.py
[2025-06-13T15:19:49.301-0400] {processor.py:914} INFO - Processing file /Users/pranavr/.pyenv/versions/3.11.6/lib/python3.11/site-packages/airflow/example_dags/example_inlet_event_extra.py for tasks to queue
[2025-06-13T15:19:49.301-0400] {logging_mixin.py:190} INFO - [2025-06-13T15:19:49.301-0400] {dagbag.py:588} INFO - Filling up the DagBag from /Users/pranavr/.pyenv/versions/3.11.6/lib/python3.11/site-packages/airflow/example_dags/example_inlet_event_extra.py
[2025-06-13T15:19:49.338-0400] {processor.py:925} INFO - DAG(s) 'read_dataset_event', 'read_dataset_event_from_classic' retrieved from /Users/pranavr/.pyenv/versions/3.11.6/lib/python3.11/site-packages/airflow/example_dags/example_inlet_event_extra.py
[2025-06-13T15:19:49.413-0400] {logging_mixin.py:190} INFO - [2025-06-13T15:19:49.413-0400] {dag.py:3239} INFO - Sync 2 DAGs
[2025-06-13T15:19:49.423-0400] {logging_mixin.py:190} INFO - [2025-06-13T15:19:49.422-0400] {dag.py:4180} INFO - Setting next_dagrun for read_dataset_event to 2025-06-12T00:00:00+00:00, run_after=2025-06-13T00:00:00+00:00
[2025-06-13T15:19:49.425-0400] {logging_mixin.py:190} INFO - [2025-06-13T15:19:49.425-0400] {dag.py:4180} INFO - Setting next_dagrun for read_dataset_event_from_classic to 2025-06-12T00:00:00+00:00, run_after=2025-06-13T00:00:00+00:00
[2025-06-13T15:19:49.433-0400] {processor.py:208} INFO - Processing /Users/pranavr/.pyenv/versions/3.11.6/lib/python3.11/site-packages/airflow/example_dags/example_inlet_event_extra.py took 135.639 seconds
[2025-06-13T15:26:01.880-0400] {processor.py:186} INFO - Started process (PID=18986) to work on /Users/pranavr/.pyenv/versions/3.11.6/lib/python3.11/site-packages/airflow/example_dags/example_inlet_event_extra.py
[2025-06-13T15:26:01.882-0400] {processor.py:914} INFO - Processing file /Users/pranavr/.pyenv/versions/3.11.6/lib/python3.11/site-packages/airflow/example_dags/example_inlet_event_extra.py for tasks to queue
[2025-06-13T15:26:01.882-0400] {logging_mixin.py:190} INFO - [2025-06-13T15:26:01.882-0400] {dagbag.py:588} INFO - Filling up the DagBag from /Users/pranavr/.pyenv/versions/3.11.6/lib/python3.11/site-packages/airflow/example_dags/example_inlet_event_extra.py
[2025-06-13T15:26:01.916-0400] {processor.py:925} INFO - DAG(s) 'read_dataset_event_from_classic', 'read_dataset_event' retrieved from /Users/pranavr/.pyenv/versions/3.11.6/lib/python3.11/site-packages/airflow/example_dags/example_inlet_event_extra.py
[2025-06-13T15:26:02.022-0400] {logging_mixin.py:190} INFO - [2025-06-13T15:26:02.021-0400] {override.py:1930} INFO - Created Permission View: can edit on DAG:read_dataset_event_from_classic
[2025-06-13T15:26:02.025-0400] {logging_mixin.py:190} INFO - [2025-06-13T15:26:02.025-0400] {override.py:1930} INFO - Created Permission View: can read on DAG:read_dataset_event_from_classic
[2025-06-13T15:26:02.030-0400] {logging_mixin.py:190} INFO - [2025-06-13T15:26:02.029-0400] {override.py:1930} INFO - Created Permission View: can delete on DAG:read_dataset_event_from_classic
[2025-06-13T15:26:02.036-0400] {logging_mixin.py:190} INFO - [2025-06-13T15:26:02.036-0400] {override.py:1930} INFO - Created Permission View: can create on DAG Run:read_dataset_event_from_classic
[2025-06-13T15:26:02.038-0400] {logging_mixin.py:190} INFO - [2025-06-13T15:26:02.038-0400] {override.py:1930} INFO - Created Permission View: menu access on DAG Run:read_dataset_event_from_classic
[2025-06-13T15:26:02.040-0400] {logging_mixin.py:190} INFO - [2025-06-13T15:26:02.040-0400] {override.py:1930} INFO - Created Permission View: can read on DAG Run:read_dataset_event_from_classic
[2025-06-13T15:26:02.043-0400] {logging_mixin.py:190} INFO - [2025-06-13T15:26:02.042-0400] {override.py:1930} INFO - Created Permission View: can delete on DAG Run:read_dataset_event_from_classic
[2025-06-13T15:26:02.047-0400] {logging_mixin.py:190} INFO - [2025-06-13T15:26:02.047-0400] {override.py:1930} INFO - Created Permission View: can edit on DAG:read_dataset_event
[2025-06-13T15:26:02.049-0400] {logging_mixin.py:190} INFO - [2025-06-13T15:26:02.049-0400] {override.py:1930} INFO - Created Permission View: can read on DAG:read_dataset_event
[2025-06-13T15:26:02.051-0400] {logging_mixin.py:190} INFO - [2025-06-13T15:26:02.051-0400] {override.py:1930} INFO - Created Permission View: can delete on DAG:read_dataset_event
[2025-06-13T15:26:02.053-0400] {logging_mixin.py:190} INFO - [2025-06-13T15:26:02.053-0400] {override.py:1930} INFO - Created Permission View: can create on DAG Run:read_dataset_event
[2025-06-13T15:26:02.055-0400] {logging_mixin.py:190} INFO - [2025-06-13T15:26:02.055-0400] {override.py:1930} INFO - Created Permission View: menu access on DAG Run:read_dataset_event
[2025-06-13T15:26:02.057-0400] {logging_mixin.py:190} INFO - [2025-06-13T15:26:02.057-0400] {override.py:1930} INFO - Created Permission View: can read on DAG Run:read_dataset_event
[2025-06-13T15:26:02.059-0400] {logging_mixin.py:190} INFO - [2025-06-13T15:26:02.059-0400] {override.py:1930} INFO - Created Permission View: can delete on DAG Run:read_dataset_event
[2025-06-13T15:26:02.059-0400] {logging_mixin.py:190} INFO - [2025-06-13T15:26:02.059-0400] {dag.py:3239} INFO - Sync 2 DAGs
[2025-06-13T15:26:02.064-0400] {logging_mixin.py:190} INFO - [2025-06-13T15:26:02.064-0400] {dag.py:3262} INFO - Creating ORM DAG for read_dataset_event
[2025-06-13T15:26:02.064-0400] {logging_mixin.py:190} INFO - [2025-06-13T15:26:02.064-0400] {dag.py:3262} INFO - Creating ORM DAG for read_dataset_event_from_classic
[2025-06-13T15:26:02.067-0400] {logging_mixin.py:190} INFO - [2025-06-13T15:26:02.067-0400] {dag.py:4180} INFO - Setting next_dagrun for read_dataset_event to 2025-06-12T00:00:00+00:00, run_after=2025-06-13T00:00:00+00:00
[2025-06-13T15:26:02.068-0400] {logging_mixin.py:190} INFO - [2025-06-13T15:26:02.068-0400] {dag.py:4180} INFO - Setting next_dagrun for read_dataset_event_from_classic to 2025-06-12T00:00:00+00:00, run_after=2025-06-13T00:00:00+00:00
[2025-06-13T15:26:02.075-0400] {processor.py:208} INFO - Processing /Users/pranavr/.pyenv/versions/3.11.6/lib/python3.11/site-packages/airflow/example_dags/example_inlet_event_extra.py took 196.284 seconds
[2025-06-13T15:31:21.758-0400] {processor.py:186} INFO - Started process (PID=19946) to work on /Users/pranavr/.pyenv/versions/3.11.6/lib/python3.11/site-packages/airflow/example_dags/example_inlet_event_extra.py
[2025-06-13T15:31:21.760-0400] {processor.py:914} INFO - Processing file /Users/pranavr/.pyenv/versions/3.11.6/lib/python3.11/site-packages/airflow/example_dags/example_inlet_event_extra.py for tasks to queue
[2025-06-13T15:31:21.761-0400] {logging_mixin.py:190} INFO - [2025-06-13T15:31:21.761-0400] {dagbag.py:588} INFO - Filling up the DagBag from /Users/pranavr/.pyenv/versions/3.11.6/lib/python3.11/site-packages/airflow/example_dags/example_inlet_event_extra.py
[2025-06-13T15:31:21.801-0400] {processor.py:925} INFO - DAG(s) 'read_dataset_event_from_classic', 'read_dataset_event' retrieved from /Users/pranavr/.pyenv/versions/3.11.6/lib/python3.11/site-packages/airflow/example_dags/example_inlet_event_extra.py
[2025-06-13T15:31:21.934-0400] {logging_mixin.py:190} INFO - [2025-06-13T15:31:21.934-0400] {override.py:1930} INFO - Created Permission View: can edit on DAG:read_dataset_event_from_classic
[2025-06-13T15:31:21.938-0400] {logging_mixin.py:190} INFO - [2025-06-13T15:31:21.938-0400] {override.py:1930} INFO - Created Permission View: can read on DAG:read_dataset_event_from_classic
[2025-06-13T15:31:21.941-0400] {logging_mixin.py:190} INFO - [2025-06-13T15:31:21.940-0400] {override.py:1930} INFO - Created Permission View: can delete on DAG:read_dataset_event_from_classic
[2025-06-13T15:31:21.944-0400] {logging_mixin.py:190} INFO - [2025-06-13T15:31:21.944-0400] {override.py:1930} INFO - Created Permission View: can delete on DAG Run:read_dataset_event_from_classic
[2025-06-13T15:31:21.946-0400] {logging_mixin.py:190} INFO - [2025-06-13T15:31:21.946-0400] {override.py:1930} INFO - Created Permission View: can read on DAG Run:read_dataset_event_from_classic
[2025-06-13T15:31:21.949-0400] {logging_mixin.py:190} INFO - [2025-06-13T15:31:21.949-0400] {override.py:1930} INFO - Created Permission View: menu access on DAG Run:read_dataset_event_from_classic
[2025-06-13T15:31:21.952-0400] {logging_mixin.py:190} INFO - [2025-06-13T15:31:21.951-0400] {override.py:1930} INFO - Created Permission View: can create on DAG Run:read_dataset_event_from_classic
[2025-06-13T15:31:21.957-0400] {logging_mixin.py:190} INFO - [2025-06-13T15:31:21.957-0400] {override.py:1930} INFO - Created Permission View: can edit on DAG:read_dataset_event
[2025-06-13T15:31:21.960-0400] {logging_mixin.py:190} INFO - [2025-06-13T15:31:21.959-0400] {override.py:1930} INFO - Created Permission View: can read on DAG:read_dataset_event
[2025-06-13T15:31:21.962-0400] {logging_mixin.py:190} INFO - [2025-06-13T15:31:21.962-0400] {override.py:1930} INFO - Created Permission View: can delete on DAG:read_dataset_event
[2025-06-13T15:31:21.965-0400] {logging_mixin.py:190} INFO - [2025-06-13T15:31:21.965-0400] {override.py:1930} INFO - Created Permission View: can delete on DAG Run:read_dataset_event
[2025-06-13T15:31:21.967-0400] {logging_mixin.py:190} INFO - [2025-06-13T15:31:21.967-0400] {override.py:1930} INFO - Created Permission View: can read on DAG Run:read_dataset_event
[2025-06-13T15:31:21.969-0400] {logging_mixin.py:190} INFO - [2025-06-13T15:31:21.969-0400] {override.py:1930} INFO - Created Permission View: menu access on DAG Run:read_dataset_event
[2025-06-13T15:31:21.971-0400] {logging_mixin.py:190} INFO - [2025-06-13T15:31:21.971-0400] {override.py:1930} INFO - Created Permission View: can create on DAG Run:read_dataset_event
[2025-06-13T15:31:21.971-0400] {logging_mixin.py:190} INFO - [2025-06-13T15:31:21.971-0400] {dag.py:3239} INFO - Sync 2 DAGs
[2025-06-13T15:31:21.976-0400] {logging_mixin.py:190} INFO - [2025-06-13T15:31:21.976-0400] {dag.py:3262} INFO - Creating ORM DAG for read_dataset_event
[2025-06-13T15:31:21.976-0400] {logging_mixin.py:190} INFO - [2025-06-13T15:31:21.976-0400] {dag.py:3262} INFO - Creating ORM DAG for read_dataset_event_from_classic
[2025-06-13T15:31:21.979-0400] {logging_mixin.py:190} INFO - [2025-06-13T15:31:21.979-0400] {dag.py:4180} INFO - Setting next_dagrun for read_dataset_event to 2025-06-12T00:00:00+00:00, run_after=2025-06-13T00:00:00+00:00
[2025-06-13T15:31:21.980-0400] {logging_mixin.py:190} INFO - [2025-06-13T15:31:21.980-0400] {dag.py:4180} INFO - Setting next_dagrun for read_dataset_event_from_classic to 2025-06-12T00:00:00+00:00, run_after=2025-06-13T00:00:00+00:00
[2025-06-13T15:31:21.987-0400] {processor.py:208} INFO - Processing /Users/pranavr/.pyenv/versions/3.11.6/lib/python3.11/site-packages/airflow/example_dags/example_inlet_event_extra.py took 231.100 seconds
[2025-06-13T15:36:54.708-0400] {processor.py:186} INFO - Started process (PID=20613) to work on /Users/pranavr/.pyenv/versions/3.11.6/lib/python3.11/site-packages/airflow/example_dags/example_inlet_event_extra.py
[2025-06-13T15:36:54.710-0400] {processor.py:914} INFO - Processing file /Users/pranavr/.pyenv/versions/3.11.6/lib/python3.11/site-packages/airflow/example_dags/example_inlet_event_extra.py for tasks to queue
[2025-06-13T15:36:54.711-0400] {logging_mixin.py:190} INFO - [2025-06-13T15:36:54.711-0400] {dagbag.py:588} INFO - Filling up the DagBag from /Users/pranavr/.pyenv/versions/3.11.6/lib/python3.11/site-packages/airflow/example_dags/example_inlet_event_extra.py
[2025-06-13T15:36:54.753-0400] {processor.py:925} INFO - DAG(s) 'read_dataset_event_from_classic', 'read_dataset_event' retrieved from /Users/pranavr/.pyenv/versions/3.11.6/lib/python3.11/site-packages/airflow/example_dags/example_inlet_event_extra.py
[2025-06-13T15:36:54.866-0400] {logging_mixin.py:190} INFO - [2025-06-13T15:36:54.866-0400] {override.py:1930} INFO - Created Permission View: can read on DAG:read_dataset_event_from_classic
[2025-06-13T15:36:54.870-0400] {logging_mixin.py:190} INFO - [2025-06-13T15:36:54.870-0400] {override.py:1930} INFO - Created Permission View: can delete on DAG:read_dataset_event_from_classic
[2025-06-13T15:36:54.872-0400] {logging_mixin.py:190} INFO - [2025-06-13T15:36:54.872-0400] {override.py:1930} INFO - Created Permission View: can edit on DAG:read_dataset_event_from_classic
[2025-06-13T15:36:54.875-0400] {logging_mixin.py:190} INFO - [2025-06-13T15:36:54.875-0400] {override.py:1930} INFO - Created Permission View: menu access on DAG Run:read_dataset_event_from_classic
[2025-06-13T15:36:54.878-0400] {logging_mixin.py:190} INFO - [2025-06-13T15:36:54.877-0400] {override.py:1930} INFO - Created Permission View: can read on DAG Run:read_dataset_event_from_classic
[2025-06-13T15:36:54.880-0400] {logging_mixin.py:190} INFO - [2025-06-13T15:36:54.880-0400] {override.py:1930} INFO - Created Permission View: can create on DAG Run:read_dataset_event_from_classic
[2025-06-13T15:36:54.882-0400] {logging_mixin.py:190} INFO - [2025-06-13T15:36:54.882-0400] {override.py:1930} INFO - Created Permission View: can delete on DAG Run:read_dataset_event_from_classic
[2025-06-13T15:36:54.887-0400] {logging_mixin.py:190} INFO - [2025-06-13T15:36:54.887-0400] {override.py:1930} INFO - Created Permission View: can read on DAG:read_dataset_event
[2025-06-13T15:36:54.889-0400] {logging_mixin.py:190} INFO - [2025-06-13T15:36:54.889-0400] {override.py:1930} INFO - Created Permission View: can delete on DAG:read_dataset_event
[2025-06-13T15:36:54.891-0400] {logging_mixin.py:190} INFO - [2025-06-13T15:36:54.891-0400] {override.py:1930} INFO - Created Permission View: can edit on DAG:read_dataset_event
[2025-06-13T15:36:54.894-0400] {logging_mixin.py:190} INFO - [2025-06-13T15:36:54.894-0400] {override.py:1930} INFO - Created Permission View: menu access on DAG Run:read_dataset_event
[2025-06-13T15:36:54.896-0400] {logging_mixin.py:190} INFO - [2025-06-13T15:36:54.896-0400] {override.py:1930} INFO - Created Permission View: can read on DAG Run:read_dataset_event
[2025-06-13T15:36:54.898-0400] {logging_mixin.py:190} INFO - [2025-06-13T15:36:54.898-0400] {override.py:1930} INFO - Created Permission View: can create on DAG Run:read_dataset_event
[2025-06-13T15:36:54.900-0400] {logging_mixin.py:190} INFO - [2025-06-13T15:36:54.900-0400] {override.py:1930} INFO - Created Permission View: can delete on DAG Run:read_dataset_event
[2025-06-13T15:36:54.900-0400] {logging_mixin.py:190} INFO - [2025-06-13T15:36:54.900-0400] {dag.py:3239} INFO - Sync 2 DAGs
[2025-06-13T15:36:54.906-0400] {logging_mixin.py:190} INFO - [2025-06-13T15:36:54.906-0400] {dag.py:3262} INFO - Creating ORM DAG for read_dataset_event
[2025-06-13T15:36:54.906-0400] {logging_mixin.py:190} INFO - [2025-06-13T15:36:54.906-0400] {dag.py:3262} INFO - Creating ORM DAG for read_dataset_event_from_classic
[2025-06-13T15:36:54.910-0400] {logging_mixin.py:190} INFO - [2025-06-13T15:36:54.910-0400] {dag.py:4180} INFO - Setting next_dagrun for read_dataset_event to 2025-06-12T00:00:00+00:00, run_after=2025-06-13T00:00:00+00:00
[2025-06-13T15:36:54.911-0400] {logging_mixin.py:190} INFO - [2025-06-13T15:36:54.910-0400] {dag.py:4180} INFO - Setting next_dagrun for read_dataset_event_from_classic to 2025-06-12T00:00:00+00:00, run_after=2025-06-13T00:00:00+00:00
[2025-06-13T15:36:54.917-0400] {processor.py:208} INFO - Processing /Users/pranavr/.pyenv/versions/3.11.6/lib/python3.11/site-packages/airflow/example_dags/example_inlet_event_extra.py took 210.745 seconds
[2025-06-13T15:38:49.923-0400] {processor.py:186} INFO - Started process (PID=20790) to work on /Users/pranavr/.pyenv/versions/3.11.6/lib/python3.11/site-packages/airflow/example_dags/example_inlet_event_extra.py
[2025-06-13T15:38:49.925-0400] {processor.py:914} INFO - Processing file /Users/pranavr/.pyenv/versions/3.11.6/lib/python3.11/site-packages/airflow/example_dags/example_inlet_event_extra.py for tasks to queue
[2025-06-13T15:38:49.926-0400] {logging_mixin.py:190} INFO - [2025-06-13T15:38:49.926-0400] {dagbag.py:588} INFO - Filling up the DagBag from /Users/pranavr/.pyenv/versions/3.11.6/lib/python3.11/site-packages/airflow/example_dags/example_inlet_event_extra.py
[2025-06-13T15:38:49.963-0400] {processor.py:925} INFO - DAG(s) 'read_dataset_event', 'read_dataset_event_from_classic' retrieved from /Users/pranavr/.pyenv/versions/3.11.6/lib/python3.11/site-packages/airflow/example_dags/example_inlet_event_extra.py
[2025-06-13T15:38:50.037-0400] {logging_mixin.py:190} INFO - [2025-06-13T15:38:50.037-0400] {dag.py:3239} INFO - Sync 2 DAGs
[2025-06-13T15:38:50.045-0400] {logging_mixin.py:190} INFO - [2025-06-13T15:38:50.045-0400] {dag.py:4180} INFO - Setting next_dagrun for read_dataset_event to 2025-06-12T00:00:00+00:00, run_after=2025-06-13T00:00:00+00:00
[2025-06-13T15:38:50.047-0400] {logging_mixin.py:190} INFO - [2025-06-13T15:38:50.047-0400] {dag.py:4180} INFO - Setting next_dagrun for read_dataset_event_from_classic to 2025-06-12T00:00:00+00:00, run_after=2025-06-13T00:00:00+00:00
[2025-06-13T15:38:50.054-0400] {processor.py:208} INFO - Processing /Users/pranavr/.pyenv/versions/3.11.6/lib/python3.11/site-packages/airflow/example_dags/example_inlet_event_extra.py took 131.669 seconds
[2025-06-13T15:41:42.379-0400] {processor.py:186} INFO - Started process (PID=21058) to work on /Users/pranavr/.pyenv/versions/3.11.6/lib/python3.11/site-packages/airflow/example_dags/example_inlet_event_extra.py
[2025-06-13T15:41:42.381-0400] {processor.py:914} INFO - Processing file /Users/pranavr/.pyenv/versions/3.11.6/lib/python3.11/site-packages/airflow/example_dags/example_inlet_event_extra.py for tasks to queue
[2025-06-13T15:41:42.381-0400] {logging_mixin.py:190} INFO - [2025-06-13T15:41:42.381-0400] {dagbag.py:588} INFO - Filling up the DagBag from /Users/pranavr/.pyenv/versions/3.11.6/lib/python3.11/site-packages/airflow/example_dags/example_inlet_event_extra.py
[2025-06-13T15:41:42.420-0400] {processor.py:925} INFO - DAG(s) 'read_dataset_event', 'read_dataset_event_from_classic' retrieved from /Users/pranavr/.pyenv/versions/3.11.6/lib/python3.11/site-packages/airflow/example_dags/example_inlet_event_extra.py
[2025-06-13T15:41:42.498-0400] {logging_mixin.py:190} INFO - [2025-06-13T15:41:42.498-0400] {dag.py:3239} INFO - Sync 2 DAGs
[2025-06-13T15:41:42.507-0400] {logging_mixin.py:190} INFO - [2025-06-13T15:41:42.507-0400] {dag.py:4180} INFO - Setting next_dagrun for read_dataset_event to 2025-06-12T00:00:00+00:00, run_after=2025-06-13T00:00:00+00:00
[2025-06-13T15:41:42.510-0400] {logging_mixin.py:190} INFO - [2025-06-13T15:41:42.510-0400] {dag.py:4180} INFO - Setting next_dagrun for read_dataset_event_from_classic to 2025-06-12T00:00:00+00:00, run_after=2025-06-13T00:00:00+00:00
[2025-06-13T15:41:42.518-0400] {processor.py:208} INFO - Processing /Users/pranavr/.pyenv/versions/3.11.6/lib/python3.11/site-packages/airflow/example_dags/example_inlet_event_extra.py took 140.537 seconds
[2025-06-13T15:44:24.968-0400] {processor.py:186} INFO - Started process (PID=21603) to work on /Users/pranavr/.pyenv/versions/3.11.6/lib/python3.11/site-packages/airflow/example_dags/example_inlet_event_extra.py
[2025-06-13T15:44:24.971-0400] {processor.py:914} INFO - Processing file /Users/pranavr/.pyenv/versions/3.11.6/lib/python3.11/site-packages/airflow/example_dags/example_inlet_event_extra.py for tasks to queue
[2025-06-13T15:44:24.971-0400] {logging_mixin.py:190} INFO - [2025-06-13T15:44:24.971-0400] {dagbag.py:588} INFO - Filling up the DagBag from /Users/pranavr/.pyenv/versions/3.11.6/lib/python3.11/site-packages/airflow/example_dags/example_inlet_event_extra.py
[2025-06-13T15:44:25.012-0400] {processor.py:925} INFO - DAG(s) 'read_dataset_event_from_classic', 'read_dataset_event' retrieved from /Users/pranavr/.pyenv/versions/3.11.6/lib/python3.11/site-packages/airflow/example_dags/example_inlet_event_extra.py
[2025-06-13T15:44:25.135-0400] {logging_mixin.py:190} INFO - [2025-06-13T15:44:25.135-0400] {override.py:1930} INFO - Created Permission View: can delete on DAG:read_dataset_event_from_classic
[2025-06-13T15:44:25.138-0400] {logging_mixin.py:190} INFO - [2025-06-13T15:44:25.138-0400] {override.py:1930} INFO - Created Permission View: can edit on DAG:read_dataset_event_from_classic
[2025-06-13T15:44:25.140-0400] {logging_mixin.py:190} INFO - [2025-06-13T15:44:25.140-0400] {override.py:1930} INFO - Created Permission View: can read on DAG:read_dataset_event_from_classic
[2025-06-13T15:44:25.144-0400] {logging_mixin.py:190} INFO - [2025-06-13T15:44:25.144-0400] {override.py:1930} INFO - Created Permission View: can delete on DAG Run:read_dataset_event_from_classic
[2025-06-13T15:44:25.147-0400] {logging_mixin.py:190} INFO - [2025-06-13T15:44:25.147-0400] {override.py:1930} INFO - Created Permission View: can create on DAG Run:read_dataset_event_from_classic
[2025-06-13T15:44:25.150-0400] {logging_mixin.py:190} INFO - [2025-06-13T15:44:25.150-0400] {override.py:1930} INFO - Created Permission View: menu access on DAG Run:read_dataset_event_from_classic
[2025-06-13T15:44:25.152-0400] {logging_mixin.py:190} INFO - [2025-06-13T15:44:25.152-0400] {override.py:1930} INFO - Created Permission View: can read on DAG Run:read_dataset_event_from_classic
[2025-06-13T15:44:25.158-0400] {logging_mixin.py:190} INFO - [2025-06-13T15:44:25.157-0400] {override.py:1930} INFO - Created Permission View: can delete on DAG:read_dataset_event
[2025-06-13T15:44:25.160-0400] {logging_mixin.py:190} INFO - [2025-06-13T15:44:25.160-0400] {override.py:1930} INFO - Created Permission View: can edit on DAG:read_dataset_event
[2025-06-13T15:44:25.162-0400] {logging_mixin.py:190} INFO - [2025-06-13T15:44:25.162-0400] {override.py:1930} INFO - Created Permission View: can read on DAG:read_dataset_event
[2025-06-13T15:44:25.165-0400] {logging_mixin.py:190} INFO - [2025-06-13T15:44:25.165-0400] {override.py:1930} INFO - Created Permission View: can delete on DAG Run:read_dataset_event
[2025-06-13T15:44:25.167-0400] {logging_mixin.py:190} INFO - [2025-06-13T15:44:25.167-0400] {override.py:1930} INFO - Created Permission View: can create on DAG Run:read_dataset_event
[2025-06-13T15:44:25.169-0400] {logging_mixin.py:190} INFO - [2025-06-13T15:44:25.168-0400] {override.py:1930} INFO - Created Permission View: menu access on DAG Run:read_dataset_event
[2025-06-13T15:44:25.170-0400] {logging_mixin.py:190} INFO - [2025-06-13T15:44:25.170-0400] {override.py:1930} INFO - Created Permission View: can read on DAG Run:read_dataset_event
[2025-06-13T15:44:25.171-0400] {logging_mixin.py:190} INFO - [2025-06-13T15:44:25.170-0400] {dag.py:3239} INFO - Sync 2 DAGs
[2025-06-13T15:44:25.176-0400] {logging_mixin.py:190} INFO - [2025-06-13T15:44:25.176-0400] {dag.py:3262} INFO - Creating ORM DAG for read_dataset_event
[2025-06-13T15:44:25.187-0400] {logging_mixin.py:190} INFO - [2025-06-13T15:44:25.187-0400] {dag.py:3262} INFO - Creating ORM DAG for read_dataset_event_from_classic
[2025-06-13T15:44:25.191-0400] {logging_mixin.py:190} INFO - [2025-06-13T15:44:25.191-0400] {dag.py:4180} INFO - Setting next_dagrun for read_dataset_event to 2025-06-12T00:00:00+00:00, run_after=2025-06-13T00:00:00+00:00
[2025-06-13T15:44:25.191-0400] {logging_mixin.py:190} INFO - [2025-06-13T15:44:25.191-0400] {dag.py:4180} INFO - Setting next_dagrun for read_dataset_event_from_classic to 2025-06-12T00:00:00+00:00, run_after=2025-06-13T00:00:00+00:00
[2025-06-13T15:44:25.199-0400] {processor.py:208} INFO - Processing /Users/pranavr/.pyenv/versions/3.11.6/lib/python3.11/site-packages/airflow/example_dags/example_inlet_event_extra.py took 232.261 seconds
[2025-06-13T15:46:24.860-0400] {processor.py:186} INFO - Started process (PID=21995) to work on /Users/pranavr/.pyenv/versions/3.11.6/lib/python3.11/site-packages/airflow/example_dags/example_inlet_event_extra.py
[2025-06-13T15:46:24.862-0400] {processor.py:914} INFO - Processing file /Users/pranavr/.pyenv/versions/3.11.6/lib/python3.11/site-packages/airflow/example_dags/example_inlet_event_extra.py for tasks to queue
[2025-06-13T15:46:24.863-0400] {logging_mixin.py:190} INFO - [2025-06-13T15:46:24.862-0400] {dagbag.py:588} INFO - Filling up the DagBag from /Users/pranavr/.pyenv/versions/3.11.6/lib/python3.11/site-packages/airflow/example_dags/example_inlet_event_extra.py
[2025-06-13T15:46:24.896-0400] {processor.py:925} INFO - DAG(s) 'read_dataset_event_from_classic', 'read_dataset_event' retrieved from /Users/pranavr/.pyenv/versions/3.11.6/lib/python3.11/site-packages/airflow/example_dags/example_inlet_event_extra.py
[2025-06-13T15:46:24.968-0400] {logging_mixin.py:190} INFO - [2025-06-13T15:46:24.968-0400] {dag.py:3239} INFO - Sync 2 DAGs
[2025-06-13T15:46:24.976-0400] {logging_mixin.py:190} INFO - [2025-06-13T15:46:24.976-0400] {dag.py:4180} INFO - Setting next_dagrun for read_dataset_event to 2025-06-12T00:00:00+00:00, run_after=2025-06-13T00:00:00+00:00
[2025-06-13T15:46:24.978-0400] {logging_mixin.py:190} INFO - [2025-06-13T15:46:24.978-0400] {dag.py:4180} INFO - Setting next_dagrun for read_dataset_event_from_classic to 2025-06-12T00:00:00+00:00, run_after=2025-06-13T00:00:00+00:00
[2025-06-13T15:46:24.986-0400] {processor.py:208} INFO - Processing /Users/pranavr/.pyenv/versions/3.11.6/lib/python3.11/site-packages/airflow/example_dags/example_inlet_event_extra.py took 127.499 seconds
[2025-06-13T15:49:15.778-0400] {processor.py:186} INFO - Started process (PID=22248) to work on /Users/pranavr/.pyenv/versions/3.11.6/lib/python3.11/site-packages/airflow/example_dags/example_inlet_event_extra.py
[2025-06-13T15:49:15.781-0400] {processor.py:914} INFO - Processing file /Users/pranavr/.pyenv/versions/3.11.6/lib/python3.11/site-packages/airflow/example_dags/example_inlet_event_extra.py for tasks to queue
[2025-06-13T15:49:15.781-0400] {logging_mixin.py:190} INFO - [2025-06-13T15:49:15.781-0400] {dagbag.py:588} INFO - Filling up the DagBag from /Users/pranavr/.pyenv/versions/3.11.6/lib/python3.11/site-packages/airflow/example_dags/example_inlet_event_extra.py
[2025-06-13T15:49:15.824-0400] {processor.py:925} INFO - DAG(s) 'read_dataset_event_from_classic', 'read_dataset_event' retrieved from /Users/pranavr/.pyenv/versions/3.11.6/lib/python3.11/site-packages/airflow/example_dags/example_inlet_event_extra.py
[2025-06-13T15:49:15.904-0400] {logging_mixin.py:190} INFO - [2025-06-13T15:49:15.904-0400] {dag.py:3239} INFO - Sync 2 DAGs
[2025-06-13T15:49:15.916-0400] {logging_mixin.py:190} INFO - [2025-06-13T15:49:15.916-0400] {dag.py:4180} INFO - Setting next_dagrun for read_dataset_event to 2025-06-12T00:00:00+00:00, run_after=2025-06-13T00:00:00+00:00
[2025-06-13T15:49:15.918-0400] {logging_mixin.py:190} INFO - [2025-06-13T15:49:15.918-0400] {dag.py:4180} INFO - Setting next_dagrun for read_dataset_event_from_classic to 2025-06-12T00:00:00+00:00, run_after=2025-06-13T00:00:00+00:00
[2025-06-13T15:49:15.926-0400] {processor.py:208} INFO - Processing /Users/pranavr/.pyenv/versions/3.11.6/lib/python3.11/site-packages/airflow/example_dags/example_inlet_event_extra.py took 149.292 seconds
[2025-06-13T15:51:53.191-0400] {processor.py:186} INFO - Started process (PID=22591) to work on /Users/pranavr/.pyenv/versions/3.11.6/lib/python3.11/site-packages/airflow/example_dags/example_inlet_event_extra.py
[2025-06-13T15:51:53.194-0400] {processor.py:914} INFO - Processing file /Users/pranavr/.pyenv/versions/3.11.6/lib/python3.11/site-packages/airflow/example_dags/example_inlet_event_extra.py for tasks to queue
[2025-06-13T15:51:53.194-0400] {logging_mixin.py:190} INFO - [2025-06-13T15:51:53.194-0400] {dagbag.py:588} INFO - Filling up the DagBag from /Users/pranavr/.pyenv/versions/3.11.6/lib/python3.11/site-packages/airflow/example_dags/example_inlet_event_extra.py
[2025-06-13T15:51:53.223-0400] {processor.py:925} INFO - DAG(s) 'read_dataset_event', 'read_dataset_event_from_classic' retrieved from /Users/pranavr/.pyenv/versions/3.11.6/lib/python3.11/site-packages/airflow/example_dags/example_inlet_event_extra.py
[2025-06-13T15:51:53.290-0400] {logging_mixin.py:190} INFO - [2025-06-13T15:51:53.290-0400] {dag.py:3239} INFO - Sync 2 DAGs
[2025-06-13T15:51:53.298-0400] {logging_mixin.py:190} INFO - [2025-06-13T15:51:53.297-0400] {dag.py:4180} INFO - Setting next_dagrun for read_dataset_event to 2025-06-12T00:00:00+00:00, run_after=2025-06-13T00:00:00+00:00
[2025-06-13T15:51:53.299-0400] {logging_mixin.py:190} INFO - [2025-06-13T15:51:53.299-0400] {dag.py:4180} INFO - Setting next_dagrun for read_dataset_event_from_classic to 2025-06-12T00:00:00+00:00, run_after=2025-06-13T00:00:00+00:00
[2025-06-13T15:51:53.305-0400] {processor.py:208} INFO - Processing /Users/pranavr/.pyenv/versions/3.11.6/lib/python3.11/site-packages/airflow/example_dags/example_inlet_event_extra.py took 115.894 seconds
[2025-06-13T15:54:22.140-0400] {processor.py:186} INFO - Started process (PID=22854) to work on /Users/pranavr/.pyenv/versions/3.11.6/lib/python3.11/site-packages/airflow/example_dags/example_inlet_event_extra.py
[2025-06-13T15:54:22.143-0400] {processor.py:914} INFO - Processing file /Users/pranavr/.pyenv/versions/3.11.6/lib/python3.11/site-packages/airflow/example_dags/example_inlet_event_extra.py for tasks to queue
[2025-06-13T15:54:22.143-0400] {logging_mixin.py:190} INFO - [2025-06-13T15:54:22.143-0400] {dagbag.py:588} INFO - Filling up the DagBag from /Users/pranavr/.pyenv/versions/3.11.6/lib/python3.11/site-packages/airflow/example_dags/example_inlet_event_extra.py
[2025-06-13T15:54:22.169-0400] {processor.py:925} INFO - DAG(s) 'read_dataset_event_from_classic', 'read_dataset_event' retrieved from /Users/pranavr/.pyenv/versions/3.11.6/lib/python3.11/site-packages/airflow/example_dags/example_inlet_event_extra.py
[2025-06-13T15:54:22.230-0400] {logging_mixin.py:190} INFO - [2025-06-13T15:54:22.230-0400] {dag.py:3239} INFO - Sync 2 DAGs
[2025-06-13T15:54:22.236-0400] {logging_mixin.py:190} INFO - [2025-06-13T15:54:22.236-0400] {dag.py:4180} INFO - Setting next_dagrun for read_dataset_event to 2025-06-12T00:00:00+00:00, run_after=2025-06-13T00:00:00+00:00
[2025-06-13T15:54:22.238-0400] {logging_mixin.py:190} INFO - [2025-06-13T15:54:22.238-0400] {dag.py:4180} INFO - Setting next_dagrun for read_dataset_event_from_classic to 2025-06-12T00:00:00+00:00, run_after=2025-06-13T00:00:00+00:00
[2025-06-13T15:54:22.244-0400] {processor.py:208} INFO - Processing /Users/pranavr/.pyenv/versions/3.11.6/lib/python3.11/site-packages/airflow/example_dags/example_inlet_event_extra.py took 105.188 seconds
[2025-06-13T15:56:47.103-0400] {processor.py:186} INFO - Started process (PID=23049) to work on /Users/pranavr/.pyenv/versions/3.11.6/lib/python3.11/site-packages/airflow/example_dags/example_inlet_event_extra.py
[2025-06-13T15:56:47.106-0400] {processor.py:914} INFO - Processing file /Users/pranavr/.pyenv/versions/3.11.6/lib/python3.11/site-packages/airflow/example_dags/example_inlet_event_extra.py for tasks to queue
[2025-06-13T15:56:47.107-0400] {logging_mixin.py:190} INFO - [2025-06-13T15:56:47.107-0400] {dagbag.py:588} INFO - Filling up the DagBag from /Users/pranavr/.pyenv/versions/3.11.6/lib/python3.11/site-packages/airflow/example_dags/example_inlet_event_extra.py
[2025-06-13T15:56:47.145-0400] {processor.py:925} INFO - DAG(s) 'read_dataset_event', 'read_dataset_event_from_classic' retrieved from /Users/pranavr/.pyenv/versions/3.11.6/lib/python3.11/site-packages/airflow/example_dags/example_inlet_event_extra.py
[2025-06-13T15:56:47.213-0400] {logging_mixin.py:190} INFO - [2025-06-13T15:56:47.213-0400] {dag.py:3239} INFO - Sync 2 DAGs
[2025-06-13T15:56:47.220-0400] {logging_mixin.py:190} INFO - [2025-06-13T15:56:47.220-0400] {dag.py:4180} INFO - Setting next_dagrun for read_dataset_event to 2025-06-12T00:00:00+00:00, run_after=2025-06-13T00:00:00+00:00
[2025-06-13T15:56:47.222-0400] {logging_mixin.py:190} INFO - [2025-06-13T15:56:47.222-0400] {dag.py:4180} INFO - Setting next_dagrun for read_dataset_event_from_classic to 2025-06-12T00:00:00+00:00, run_after=2025-06-13T00:00:00+00:00
[2025-06-13T15:56:47.229-0400] {processor.py:208} INFO - Processing /Users/pranavr/.pyenv/versions/3.11.6/lib/python3.11/site-packages/airflow/example_dags/example_inlet_event_extra.py took 127.242 seconds
[2025-06-13T15:59:09.803-0400] {processor.py:186} INFO - Started process (PID=23371) to work on /Users/pranavr/.pyenv/versions/3.11.6/lib/python3.11/site-packages/airflow/example_dags/example_inlet_event_extra.py
[2025-06-13T15:59:09.805-0400] {processor.py:914} INFO - Processing file /Users/pranavr/.pyenv/versions/3.11.6/lib/python3.11/site-packages/airflow/example_dags/example_inlet_event_extra.py for tasks to queue
[2025-06-13T15:59:09.805-0400] {logging_mixin.py:190} INFO - [2025-06-13T15:59:09.805-0400] {dagbag.py:588} INFO - Filling up the DagBag from /Users/pranavr/.pyenv/versions/3.11.6/lib/python3.11/site-packages/airflow/example_dags/example_inlet_event_extra.py
[2025-06-13T15:59:09.840-0400] {processor.py:925} INFO - DAG(s) 'read_dataset_event', 'read_dataset_event_from_classic' retrieved from /Users/pranavr/.pyenv/versions/3.11.6/lib/python3.11/site-packages/airflow/example_dags/example_inlet_event_extra.py
[2025-06-13T15:59:09.904-0400] {logging_mixin.py:190} INFO - [2025-06-13T15:59:09.904-0400] {dag.py:3239} INFO - Sync 2 DAGs
[2025-06-13T15:59:09.911-0400] {logging_mixin.py:190} INFO - [2025-06-13T15:59:09.911-0400] {dag.py:4180} INFO - Setting next_dagrun for read_dataset_event to 2025-06-12T00:00:00+00:00, run_after=2025-06-13T00:00:00+00:00
[2025-06-13T15:59:09.912-0400] {logging_mixin.py:190} INFO - [2025-06-13T15:59:09.912-0400] {dag.py:4180} INFO - Setting next_dagrun for read_dataset_event_from_classic to 2025-06-12T00:00:00+00:00, run_after=2025-06-13T00:00:00+00:00
[2025-06-13T15:59:09.918-0400] {processor.py:208} INFO - Processing /Users/pranavr/.pyenv/versions/3.11.6/lib/python3.11/site-packages/airflow/example_dags/example_inlet_event_extra.py took 116.540 seconds
[2025-06-13T16:01:39.704-0400] {processor.py:186} INFO - Started process (PID=23755) to work on /Users/pranavr/.pyenv/versions/3.11.6/lib/python3.11/site-packages/airflow/example_dags/example_inlet_event_extra.py
[2025-06-13T16:01:39.706-0400] {processor.py:914} INFO - Processing file /Users/pranavr/.pyenv/versions/3.11.6/lib/python3.11/site-packages/airflow/example_dags/example_inlet_event_extra.py for tasks to queue
[2025-06-13T16:01:39.707-0400] {logging_mixin.py:190} INFO - [2025-06-13T16:01:39.707-0400] {dagbag.py:588} INFO - Filling up the DagBag from /Users/pranavr/.pyenv/versions/3.11.6/lib/python3.11/site-packages/airflow/example_dags/example_inlet_event_extra.py
[2025-06-13T16:01:39.738-0400] {processor.py:925} INFO - DAG(s) 'read_dataset_event_from_classic', 'read_dataset_event' retrieved from /Users/pranavr/.pyenv/versions/3.11.6/lib/python3.11/site-packages/airflow/example_dags/example_inlet_event_extra.py
[2025-06-13T16:01:39.806-0400] {logging_mixin.py:190} INFO - [2025-06-13T16:01:39.806-0400] {dag.py:3239} INFO - Sync 2 DAGs
[2025-06-13T16:01:39.814-0400] {logging_mixin.py:190} INFO - [2025-06-13T16:01:39.814-0400] {dag.py:4180} INFO - Setting next_dagrun for read_dataset_event to 2025-06-12T00:00:00+00:00, run_after=2025-06-13T00:00:00+00:00
[2025-06-13T16:01:39.815-0400] {logging_mixin.py:190} INFO - [2025-06-13T16:01:39.815-0400] {dag.py:4180} INFO - Setting next_dagrun for read_dataset_event_from_classic to 2025-06-12T00:00:00+00:00, run_after=2025-06-13T00:00:00+00:00
[2025-06-13T16:01:39.821-0400] {processor.py:208} INFO - Processing /Users/pranavr/.pyenv/versions/3.11.6/lib/python3.11/site-packages/airflow/example_dags/example_inlet_event_extra.py took 118.526 seconds
[2025-06-13T16:04:24.047-0400] {processor.py:186} INFO - Started process (PID=24178) to work on /Users/pranavr/.pyenv/versions/3.11.6/lib/python3.11/site-packages/airflow/example_dags/example_inlet_event_extra.py
[2025-06-13T16:04:24.050-0400] {processor.py:914} INFO - Processing file /Users/pranavr/.pyenv/versions/3.11.6/lib/python3.11/site-packages/airflow/example_dags/example_inlet_event_extra.py for tasks to queue
[2025-06-13T16:04:24.050-0400] {logging_mixin.py:190} INFO - [2025-06-13T16:04:24.050-0400] {dagbag.py:588} INFO - Filling up the DagBag from /Users/pranavr/.pyenv/versions/3.11.6/lib/python3.11/site-packages/airflow/example_dags/example_inlet_event_extra.py
[2025-06-13T16:04:24.083-0400] {processor.py:925} INFO - DAG(s) 'read_dataset_event_from_classic', 'read_dataset_event' retrieved from /Users/pranavr/.pyenv/versions/3.11.6/lib/python3.11/site-packages/airflow/example_dags/example_inlet_event_extra.py
[2025-06-13T16:04:24.156-0400] {logging_mixin.py:190} INFO - [2025-06-13T16:04:24.155-0400] {dag.py:3239} INFO - Sync 2 DAGs
[2025-06-13T16:04:24.164-0400] {logging_mixin.py:190} INFO - [2025-06-13T16:04:24.164-0400] {dag.py:4180} INFO - Setting next_dagrun for read_dataset_event to 2025-06-12T00:00:00+00:00, run_after=2025-06-13T00:00:00+00:00
[2025-06-13T16:04:24.166-0400] {logging_mixin.py:190} INFO - [2025-06-13T16:04:24.165-0400] {dag.py:4180} INFO - Setting next_dagrun for read_dataset_event_from_classic to 2025-06-12T00:00:00+00:00, run_after=2025-06-13T00:00:00+00:00
[2025-06-13T16:04:24.173-0400] {processor.py:208} INFO - Processing /Users/pranavr/.pyenv/versions/3.11.6/lib/python3.11/site-packages/airflow/example_dags/example_inlet_event_extra.py took 127.486 seconds
