[2025-06-13T14:10:25.791-0400] {processor.py:153} INFO - Started process (PID=96601) to work on /Users/pranavr/drift-retrainer/venv311/lib/python3.11/site-packages/airflow/example_dags/example_external_task_marker_dag.py
[2025-06-13T14:10:25.793-0400] {processor.py:743} INFO - Processing file /Users/pranavr/drift-retrainer/venv311/lib/python3.11/site-packages/airflow/example_dags/example_external_task_marker_dag.py for tasks to queue
[2025-06-13T14:10:25.794-0400] {logging_mixin.py:137} INFO - [2025-06-13T14:10:25.794-0400] {dagbag.py:538} INFO - Filling up the DagBag from /Users/pranavr/drift-retrainer/venv311/lib/python3.11/site-packages/airflow/example_dags/example_external_task_marker_dag.py
[2025-06-13T14:10:25.831-0400] {processor.py:753} INFO - DAG(s) dict_keys(['example_external_task_marker_child', 'example_external_task_marker_parent']) retrieved from /Users/pranavr/drift-retrainer/venv311/lib/python3.11/site-packages/airflow/example_dags/example_external_task_marker_dag.py
[2025-06-13T14:10:26.441-0400] {logging_mixin.py:137} INFO - [2025-06-13T14:10:26.441-0400] {manager.py:504} INFO - Created Permission View: can read on DAG:example_external_task_marker_child
[2025-06-13T14:10:26.445-0400] {logging_mixin.py:137} INFO - [2025-06-13T14:10:26.445-0400] {manager.py:504} INFO - Created Permission View: can edit on DAG:example_external_task_marker_child
[2025-06-13T14:10:26.448-0400] {logging_mixin.py:137} INFO - [2025-06-13T14:10:26.448-0400] {manager.py:504} INFO - Created Permission View: can delete on DAG:example_external_task_marker_child
[2025-06-13T14:10:26.453-0400] {logging_mixin.py:137} INFO - [2025-06-13T14:10:26.452-0400] {manager.py:504} INFO - Created Permission View: can read on DAG:example_external_task_marker_parent
[2025-06-13T14:10:26.455-0400] {logging_mixin.py:137} INFO - [2025-06-13T14:10:26.455-0400] {manager.py:504} INFO - Created Permission View: can edit on DAG:example_external_task_marker_parent
[2025-06-13T14:10:26.458-0400] {logging_mixin.py:137} INFO - [2025-06-13T14:10:26.457-0400] {manager.py:504} INFO - Created Permission View: can delete on DAG:example_external_task_marker_parent
[2025-06-13T14:10:26.458-0400] {logging_mixin.py:137} INFO - [2025-06-13T14:10:26.458-0400] {dag.py:2690} INFO - Sync 2 DAGs
[2025-06-13T14:10:26.462-0400] {logging_mixin.py:137} INFO - [2025-06-13T14:10:26.462-0400] {dag.py:2711} INFO - Creating ORM DAG for example_external_task_marker_parent
[2025-06-13T14:10:26.462-0400] {logging_mixin.py:137} INFO - [2025-06-13T14:10:26.462-0400] {dag.py:2711} INFO - Creating ORM DAG for example_external_task_marker_child
[2025-06-13T14:10:26.465-0400] {logging_mixin.py:137} INFO - [2025-06-13T14:10:26.465-0400] {dag.py:3437} INFO - Setting next_dagrun for example_external_task_marker_child to None, run_after=None
[2025-06-13T14:10:26.465-0400] {logging_mixin.py:137} INFO - [2025-06-13T14:10:26.465-0400] {dag.py:3437} INFO - Setting next_dagrun for example_external_task_marker_parent to None, run_after=None
[2025-06-13T14:10:26.473-0400] {processor.py:175} INFO - Processing /Users/pranavr/drift-retrainer/venv311/lib/python3.11/site-packages/airflow/example_dags/example_external_task_marker_dag.py took 0.690 seconds
[2025-06-13T14:12:25.917-0400] {processor.py:153} INFO - Started process (PID=97733) to work on /Users/pranavr/drift-retrainer/venv311/lib/python3.11/site-packages/airflow/example_dags/example_external_task_marker_dag.py
[2025-06-13T14:12:25.920-0400] {processor.py:743} INFO - Processing file /Users/pranavr/drift-retrainer/venv311/lib/python3.11/site-packages/airflow/example_dags/example_external_task_marker_dag.py for tasks to queue
[2025-06-13T14:12:25.920-0400] {logging_mixin.py:137} INFO - [2025-06-13T14:12:25.920-0400] {dagbag.py:538} INFO - Filling up the DagBag from /Users/pranavr/drift-retrainer/venv311/lib/python3.11/site-packages/airflow/example_dags/example_external_task_marker_dag.py
[2025-06-13T14:12:25.934-0400] {processor.py:753} INFO - DAG(s) dict_keys(['example_external_task_marker_parent', 'example_external_task_marker_child']) retrieved from /Users/pranavr/drift-retrainer/venv311/lib/python3.11/site-packages/airflow/example_dags/example_external_task_marker_dag.py
[2025-06-13T14:12:26.512-0400] {logging_mixin.py:137} INFO - [2025-06-13T14:12:26.512-0400] {dag.py:2690} INFO - Sync 2 DAGs
[2025-06-13T14:12:26.519-0400] {logging_mixin.py:137} INFO - [2025-06-13T14:12:26.519-0400] {dag.py:3437} INFO - Setting next_dagrun for example_external_task_marker_child to None, run_after=None
[2025-06-13T14:12:26.520-0400] {logging_mixin.py:137} INFO - [2025-06-13T14:12:26.520-0400] {dag.py:3437} INFO - Setting next_dagrun for example_external_task_marker_parent to None, run_after=None
[2025-06-13T14:12:26.527-0400] {processor.py:175} INFO - Processing /Users/pranavr/drift-retrainer/venv311/lib/python3.11/site-packages/airflow/example_dags/example_external_task_marker_dag.py took 0.613 seconds
[2025-06-13T14:14:14.788-0400] {processor.py:153} INFO - Started process (PID=98255) to work on /Users/pranavr/drift-retrainer/venv311/lib/python3.11/site-packages/airflow/example_dags/example_external_task_marker_dag.py
[2025-06-13T14:14:14.791-0400] {processor.py:743} INFO - Processing file /Users/pranavr/drift-retrainer/venv311/lib/python3.11/site-packages/airflow/example_dags/example_external_task_marker_dag.py for tasks to queue
[2025-06-13T14:14:14.791-0400] {logging_mixin.py:137} INFO - [2025-06-13T14:14:14.791-0400] {dagbag.py:538} INFO - Filling up the DagBag from /Users/pranavr/drift-retrainer/venv311/lib/python3.11/site-packages/airflow/example_dags/example_external_task_marker_dag.py
[2025-06-13T14:14:14.807-0400] {processor.py:753} INFO - DAG(s) dict_keys(['example_external_task_marker_parent', 'example_external_task_marker_child']) retrieved from /Users/pranavr/drift-retrainer/venv311/lib/python3.11/site-packages/airflow/example_dags/example_external_task_marker_dag.py
[2025-06-13T14:14:15.374-0400] {logging_mixin.py:137} INFO - [2025-06-13T14:14:15.374-0400] {dag.py:2690} INFO - Sync 2 DAGs
[2025-06-13T14:14:15.381-0400] {logging_mixin.py:137} INFO - [2025-06-13T14:14:15.381-0400] {dag.py:3437} INFO - Setting next_dagrun for example_external_task_marker_child to None, run_after=None
[2025-06-13T14:14:15.382-0400] {logging_mixin.py:137} INFO - [2025-06-13T14:14:15.382-0400] {dag.py:3437} INFO - Setting next_dagrun for example_external_task_marker_parent to None, run_after=None
[2025-06-13T14:14:15.390-0400] {processor.py:175} INFO - Processing /Users/pranavr/drift-retrainer/venv311/lib/python3.11/site-packages/airflow/example_dags/example_external_task_marker_dag.py took 0.602 seconds
[2025-06-13T14:16:11.709-0400] {processor.py:153} INFO - Started process (PID=3348) to work on /Users/pranavr/drift-retrainer/venv311/lib/python3.11/site-packages/airflow/example_dags/example_external_task_marker_dag.py
[2025-06-13T14:16:11.715-0400] {processor.py:743} INFO - Processing file /Users/pranavr/drift-retrainer/venv311/lib/python3.11/site-packages/airflow/example_dags/example_external_task_marker_dag.py for tasks to queue
[2025-06-13T14:16:11.715-0400] {logging_mixin.py:137} INFO - [2025-06-13T14:16:11.715-0400] {dagbag.py:538} INFO - Filling up the DagBag from /Users/pranavr/drift-retrainer/venv311/lib/python3.11/site-packages/airflow/example_dags/example_external_task_marker_dag.py
[2025-06-13T14:16:11.731-0400] {processor.py:753} INFO - DAG(s) dict_keys(['example_external_task_marker_child', 'example_external_task_marker_parent']) retrieved from /Users/pranavr/drift-retrainer/venv311/lib/python3.11/site-packages/airflow/example_dags/example_external_task_marker_dag.py
[2025-06-13T14:16:12.236-0400] {logging_mixin.py:137} INFO - [2025-06-13T14:16:12.236-0400] {dag.py:2690} INFO - Sync 2 DAGs
[2025-06-13T14:16:12.244-0400] {logging_mixin.py:137} INFO - [2025-06-13T14:16:12.244-0400] {dag.py:3437} INFO - Setting next_dagrun for example_external_task_marker_child to None, run_after=None
[2025-06-13T14:16:12.245-0400] {logging_mixin.py:137} INFO - [2025-06-13T14:16:12.245-0400] {dag.py:3437} INFO - Setting next_dagrun for example_external_task_marker_parent to None, run_after=None
[2025-06-13T14:16:12.253-0400] {processor.py:175} INFO - Processing /Users/pranavr/drift-retrainer/venv311/lib/python3.11/site-packages/airflow/example_dags/example_external_task_marker_dag.py took 0.545 seconds
[2025-06-13T14:18:03.453-0400] {processor.py:153} INFO - Started process (PID=5794) to work on /Users/pranavr/drift-retrainer/venv311/lib/python3.11/site-packages/airflow/example_dags/example_external_task_marker_dag.py
[2025-06-13T14:18:03.456-0400] {processor.py:743} INFO - Processing file /Users/pranavr/drift-retrainer/venv311/lib/python3.11/site-packages/airflow/example_dags/example_external_task_marker_dag.py for tasks to queue
[2025-06-13T14:18:03.456-0400] {logging_mixin.py:137} INFO - [2025-06-13T14:18:03.456-0400] {dagbag.py:538} INFO - Filling up the DagBag from /Users/pranavr/drift-retrainer/venv311/lib/python3.11/site-packages/airflow/example_dags/example_external_task_marker_dag.py
[2025-06-13T14:18:03.474-0400] {processor.py:753} INFO - DAG(s) dict_keys(['example_external_task_marker_child', 'example_external_task_marker_parent']) retrieved from /Users/pranavr/drift-retrainer/venv311/lib/python3.11/site-packages/airflow/example_dags/example_external_task_marker_dag.py
[2025-06-13T14:18:03.989-0400] {logging_mixin.py:137} INFO - [2025-06-13T14:18:03.989-0400] {dag.py:2690} INFO - Sync 2 DAGs
[2025-06-13T14:18:03.996-0400] {logging_mixin.py:137} INFO - [2025-06-13T14:18:03.995-0400] {dag.py:3437} INFO - Setting next_dagrun for example_external_task_marker_child to None, run_after=None
[2025-06-13T14:18:03.997-0400] {logging_mixin.py:137} INFO - [2025-06-13T14:18:03.997-0400] {dag.py:3437} INFO - Setting next_dagrun for example_external_task_marker_parent to None, run_after=None
[2025-06-13T14:18:04.005-0400] {processor.py:175} INFO - Processing /Users/pranavr/drift-retrainer/venv311/lib/python3.11/site-packages/airflow/example_dags/example_external_task_marker_dag.py took 0.552 seconds
[2025-06-13T14:20:06.909-0400] {processor.py:153} INFO - Started process (PID=6633) to work on /Users/pranavr/drift-retrainer/venv311/lib/python3.11/site-packages/airflow/example_dags/example_external_task_marker_dag.py
[2025-06-13T14:20:06.912-0400] {processor.py:743} INFO - Processing file /Users/pranavr/drift-retrainer/venv311/lib/python3.11/site-packages/airflow/example_dags/example_external_task_marker_dag.py for tasks to queue
[2025-06-13T14:20:06.912-0400] {logging_mixin.py:137} INFO - [2025-06-13T14:20:06.912-0400] {dagbag.py:538} INFO - Filling up the DagBag from /Users/pranavr/drift-retrainer/venv311/lib/python3.11/site-packages/airflow/example_dags/example_external_task_marker_dag.py
[2025-06-13T14:20:06.960-0400] {processor.py:753} INFO - DAG(s) dict_keys(['example_external_task_marker_child', 'example_external_task_marker_parent']) retrieved from /Users/pranavr/drift-retrainer/venv311/lib/python3.11/site-packages/airflow/example_dags/example_external_task_marker_dag.py
[2025-06-13T14:20:07.935-0400] {logging_mixin.py:137} INFO - [2025-06-13T14:20:07.935-0400] {dag.py:2690} INFO - Sync 2 DAGs
[2025-06-13T14:20:07.943-0400] {logging_mixin.py:137} INFO - [2025-06-13T14:20:07.942-0400] {dag.py:3437} INFO - Setting next_dagrun for example_external_task_marker_child to None, run_after=None
[2025-06-13T14:20:07.943-0400] {logging_mixin.py:137} INFO - [2025-06-13T14:20:07.943-0400] {dag.py:3437} INFO - Setting next_dagrun for example_external_task_marker_parent to None, run_after=None
[2025-06-13T14:20:08.308-0400] {processor.py:178} ERROR - Got an exception! Propagating...
Traceback (most recent call last):
  File "/Users/pranavr/drift-retrainer/venv311/lib/python3.11/site-packages/airflow/dag_processing/processor.py", line 174, in _run_file_processor
    _handle_dag_file_processing()
  File "/Users/pranavr/drift-retrainer/venv311/lib/python3.11/site-packages/airflow/dag_processing/processor.py", line 155, in _handle_dag_file_processing
    result: tuple[int, int] = dag_file_processor.process_file(
                              ^^^^^^^^^^^^^^^^^^^^^^^^^^^^^^^^
  File "/Users/pranavr/drift-retrainer/venv311/lib/python3.11/site-packages/airflow/utils/session.py", line 75, in wrapper
    return func(*args, session=session, **kwargs)
           ^^^^^^^^^^^^^^^^^^^^^^^^^^^^^^^^^^^^^^
  File "/Users/pranavr/drift-retrainer/venv311/lib/python3.11/site-packages/airflow/dag_processing/processor.py", line 768, in process_file
    dagbag.sync_to_db(processor_subdir=self._dag_directory, session=session)
  File "/Users/pranavr/drift-retrainer/venv311/lib/python3.11/site-packages/airflow/utils/session.py", line 72, in wrapper
    return func(*args, **kwargs)
           ^^^^^^^^^^^^^^^^^^^^^
  File "/Users/pranavr/drift-retrainer/venv311/lib/python3.11/site-packages/airflow/models/dagbag.py", line 645, in sync_to_db
    for attempt in run_with_db_retries(logger=self.log):
  File "/Users/pranavr/drift-retrainer/venv311/lib/python3.11/site-packages/tenacity/__init__.py", line 384, in __iter__
    do = self.iter(retry_state=retry_state)
         ^^^^^^^^^^^^^^^^^^^^^^^^^^^^^^^^^^
  File "/Users/pranavr/drift-retrainer/venv311/lib/python3.11/site-packages/tenacity/__init__.py", line 351, in iter
    return fut.result()
           ^^^^^^^^^^^^
  File "/Users/pranavr/.pyenv/versions/3.11.6/lib/python3.11/concurrent/futures/_base.py", line 449, in result
    return self.__get_result()
           ^^^^^^^^^^^^^^^^^^^
  File "/Users/pranavr/.pyenv/versions/3.11.6/lib/python3.11/concurrent/futures/_base.py", line 401, in __get_result
    raise self._exception
  File "/Users/pranavr/drift-retrainer/venv311/lib/python3.11/site-packages/airflow/models/dagbag.py", line 659, in sync_to_db
    DAG.bulk_write_to_db(
  File "/Users/pranavr/drift-retrainer/venv311/lib/python3.11/site-packages/airflow/utils/session.py", line 72, in wrapper
    return func(*args, **kwargs)
           ^^^^^^^^^^^^^^^^^^^^^
  File "/Users/pranavr/drift-retrainer/venv311/lib/python3.11/site-packages/airflow/models/dag.py", line 2851, in bulk_write_to_db
    session.flush()  # this is required to ensure each dataset has its PK loaded
    ^^^^^^^^^^^^^^^
  File "/Users/pranavr/drift-retrainer/venv311/lib/python3.11/site-packages/sqlalchemy/orm/session.py", line 3444, in flush
    self._flush(objects)
  File "/Users/pranavr/drift-retrainer/venv311/lib/python3.11/site-packages/sqlalchemy/orm/session.py", line 3583, in _flush
    with util.safe_reraise():
  File "/Users/pranavr/drift-retrainer/venv311/lib/python3.11/site-packages/sqlalchemy/util/langhelpers.py", line 70, in __exit__
    compat.raise_(
  File "/Users/pranavr/drift-retrainer/venv311/lib/python3.11/site-packages/sqlalchemy/util/compat.py", line 211, in raise_
    raise exception
  File "/Users/pranavr/drift-retrainer/venv311/lib/python3.11/site-packages/sqlalchemy/orm/session.py", line 3544, in _flush
    flush_context.execute()
  File "/Users/pranavr/drift-retrainer/venv311/lib/python3.11/site-packages/sqlalchemy/orm/unitofwork.py", line 456, in execute
    rec.execute(self)
  File "/Users/pranavr/drift-retrainer/venv311/lib/python3.11/site-packages/sqlalchemy/orm/unitofwork.py", line 630, in execute
    util.preloaded.orm_persistence.save_obj(
  File "/Users/pranavr/drift-retrainer/venv311/lib/python3.11/site-packages/sqlalchemy/orm/persistence.py", line 237, in save_obj
    _emit_update_statements(
  File "/Users/pranavr/drift-retrainer/venv311/lib/python3.11/site-packages/sqlalchemy/orm/persistence.py", line 1035, in _emit_update_statements
    raise orm_exc.StaleDataError(
sqlalchemy.orm.exc.StaleDataError: UPDATE statement on table 'serialized_dag' expected to update 1 row(s); 0 were matched.
[2025-06-13T14:22:46.159-0400] {processor.py:186} INFO - Started process (PID=7741) to work on /Users/pranavr/.pyenv/versions/3.11.6/lib/python3.11/site-packages/airflow/example_dags/example_external_task_marker_dag.py
[2025-06-13T14:22:46.162-0400] {processor.py:914} INFO - Processing file /Users/pranavr/.pyenv/versions/3.11.6/lib/python3.11/site-packages/airflow/example_dags/example_external_task_marker_dag.py for tasks to queue
[2025-06-13T14:22:46.164-0400] {logging_mixin.py:190} INFO - [2025-06-13T14:22:46.164-0400] {dagbag.py:588} INFO - Filling up the DagBag from /Users/pranavr/.pyenv/versions/3.11.6/lib/python3.11/site-packages/airflow/example_dags/example_external_task_marker_dag.py
[2025-06-13T14:22:46.172-0400] {processor.py:925} INFO - DAG(s) 'example_external_task_marker_parent', 'example_external_task_marker_child' retrieved from /Users/pranavr/.pyenv/versions/3.11.6/lib/python3.11/site-packages/airflow/example_dags/example_external_task_marker_dag.py
[2025-06-13T14:22:46.725-0400] {logging_mixin.py:190} INFO - [2025-06-13T14:22:46.724-0400] {dag.py:3239} INFO - Sync 2 DAGs
[2025-06-13T14:22:46.730-0400] {logging_mixin.py:190} INFO - [2025-06-13T14:22:46.730-0400] {dag.py:4180} INFO - Setting next_dagrun for example_external_task_marker_child to None, run_after=None
[2025-06-13T14:22:46.731-0400] {logging_mixin.py:190} INFO - [2025-06-13T14:22:46.731-0400] {dag.py:4180} INFO - Setting next_dagrun for example_external_task_marker_parent to None, run_after=None
[2025-06-13T14:22:46.739-0400] {processor.py:208} INFO - Processing /Users/pranavr/.pyenv/versions/3.11.6/lib/python3.11/site-packages/airflow/example_dags/example_external_task_marker_dag.py took 581.622 seconds
[2025-06-13T14:24:48.432-0400] {processor.py:186} INFO - Started process (PID=7940) to work on /Users/pranavr/.pyenv/versions/3.11.6/lib/python3.11/site-packages/airflow/example_dags/example_external_task_marker_dag.py
[2025-06-13T14:24:48.434-0400] {processor.py:914} INFO - Processing file /Users/pranavr/.pyenv/versions/3.11.6/lib/python3.11/site-packages/airflow/example_dags/example_external_task_marker_dag.py for tasks to queue
[2025-06-13T14:24:48.435-0400] {logging_mixin.py:190} INFO - [2025-06-13T14:24:48.435-0400] {dagbag.py:588} INFO - Filling up the DagBag from /Users/pranavr/.pyenv/versions/3.11.6/lib/python3.11/site-packages/airflow/example_dags/example_external_task_marker_dag.py
[2025-06-13T14:24:48.449-0400] {processor.py:925} INFO - DAG(s) 'example_external_task_marker_child', 'example_external_task_marker_parent' retrieved from /Users/pranavr/.pyenv/versions/3.11.6/lib/python3.11/site-packages/airflow/example_dags/example_external_task_marker_dag.py
[2025-06-13T14:24:48.904-0400] {logging_mixin.py:190} INFO - [2025-06-13T14:24:48.904-0400] {dag.py:3239} INFO - Sync 2 DAGs
[2025-06-13T14:24:48.910-0400] {logging_mixin.py:190} INFO - [2025-06-13T14:24:48.910-0400] {dag.py:4180} INFO - Setting next_dagrun for example_external_task_marker_child to None, run_after=None
[2025-06-13T14:24:48.912-0400] {logging_mixin.py:190} INFO - [2025-06-13T14:24:48.912-0400] {dag.py:4180} INFO - Setting next_dagrun for example_external_task_marker_parent to None, run_after=None
[2025-06-13T14:24:48.929-0400] {processor.py:208} INFO - Processing /Users/pranavr/.pyenv/versions/3.11.6/lib/python3.11/site-packages/airflow/example_dags/example_external_task_marker_dag.py took 499.083 seconds
[2025-06-13T14:27:51.754-0400] {processor.py:186} INFO - Started process (PID=8738) to work on /Users/pranavr/.pyenv/versions/3.11.6/lib/python3.11/site-packages/airflow/example_dags/example_external_task_marker_dag.py
[2025-06-13T14:27:51.756-0400] {processor.py:914} INFO - Processing file /Users/pranavr/.pyenv/versions/3.11.6/lib/python3.11/site-packages/airflow/example_dags/example_external_task_marker_dag.py for tasks to queue
[2025-06-13T14:27:51.757-0400] {logging_mixin.py:190} INFO - [2025-06-13T14:27:51.756-0400] {dagbag.py:588} INFO - Filling up the DagBag from /Users/pranavr/.pyenv/versions/3.11.6/lib/python3.11/site-packages/airflow/example_dags/example_external_task_marker_dag.py
[2025-06-13T14:27:51.764-0400] {processor.py:925} INFO - DAG(s) 'example_external_task_marker_parent', 'example_external_task_marker_child' retrieved from /Users/pranavr/.pyenv/versions/3.11.6/lib/python3.11/site-packages/airflow/example_dags/example_external_task_marker_dag.py
[2025-06-13T14:27:52.207-0400] {logging_mixin.py:190} INFO - [2025-06-13T14:27:52.207-0400] {dag.py:3239} INFO - Sync 2 DAGs
[2025-06-13T14:27:52.212-0400] {logging_mixin.py:190} INFO - [2025-06-13T14:27:52.211-0400] {dag.py:4180} INFO - Setting next_dagrun for example_external_task_marker_child to None, run_after=None
[2025-06-13T14:27:52.213-0400] {logging_mixin.py:190} INFO - [2025-06-13T14:27:52.213-0400] {dag.py:4180} INFO - Setting next_dagrun for example_external_task_marker_parent to None, run_after=None
[2025-06-13T14:27:52.222-0400] {processor.py:208} INFO - Processing /Users/pranavr/.pyenv/versions/3.11.6/lib/python3.11/site-packages/airflow/example_dags/example_external_task_marker_dag.py took 469.483 seconds
[2025-06-13T14:30:53.563-0400] {processor.py:186} INFO - Started process (PID=9228) to work on /Users/pranavr/.pyenv/versions/3.11.6/lib/python3.11/site-packages/airflow/example_dags/example_external_task_marker_dag.py
[2025-06-13T14:30:53.565-0400] {processor.py:914} INFO - Processing file /Users/pranavr/.pyenv/versions/3.11.6/lib/python3.11/site-packages/airflow/example_dags/example_external_task_marker_dag.py for tasks to queue
[2025-06-13T14:30:53.566-0400] {logging_mixin.py:190} INFO - [2025-06-13T14:30:53.566-0400] {dagbag.py:588} INFO - Filling up the DagBag from /Users/pranavr/.pyenv/versions/3.11.6/lib/python3.11/site-packages/airflow/example_dags/example_external_task_marker_dag.py
[2025-06-13T14:30:53.577-0400] {processor.py:925} INFO - DAG(s) 'example_external_task_marker_child', 'example_external_task_marker_parent' retrieved from /Users/pranavr/.pyenv/versions/3.11.6/lib/python3.11/site-packages/airflow/example_dags/example_external_task_marker_dag.py
[2025-06-13T14:30:53.978-0400] {logging_mixin.py:190} INFO - [2025-06-13T14:30:53.977-0400] {dag.py:3239} INFO - Sync 2 DAGs
[2025-06-13T14:30:53.983-0400] {logging_mixin.py:190} INFO - [2025-06-13T14:30:53.983-0400] {dag.py:4180} INFO - Setting next_dagrun for example_external_task_marker_child to None, run_after=None
[2025-06-13T14:30:53.985-0400] {logging_mixin.py:190} INFO - [2025-06-13T14:30:53.985-0400] {dag.py:4180} INFO - Setting next_dagrun for example_external_task_marker_parent to None, run_after=None
[2025-06-13T14:30:53.994-0400] {processor.py:208} INFO - Processing /Users/pranavr/.pyenv/versions/3.11.6/lib/python3.11/site-packages/airflow/example_dags/example_external_task_marker_dag.py took 432.306 seconds
[2025-06-13T14:33:55.592-0400] {processor.py:186} INFO - Started process (PID=9757) to work on /Users/pranavr/.pyenv/versions/3.11.6/lib/python3.11/site-packages/airflow/example_dags/example_external_task_marker_dag.py
[2025-06-13T14:33:55.594-0400] {processor.py:914} INFO - Processing file /Users/pranavr/.pyenv/versions/3.11.6/lib/python3.11/site-packages/airflow/example_dags/example_external_task_marker_dag.py for tasks to queue
[2025-06-13T14:33:55.595-0400] {logging_mixin.py:190} INFO - [2025-06-13T14:33:55.595-0400] {dagbag.py:588} INFO - Filling up the DagBag from /Users/pranavr/.pyenv/versions/3.11.6/lib/python3.11/site-packages/airflow/example_dags/example_external_task_marker_dag.py
[2025-06-13T14:33:55.601-0400] {processor.py:925} INFO - DAG(s) 'example_external_task_marker_parent', 'example_external_task_marker_child' retrieved from /Users/pranavr/.pyenv/versions/3.11.6/lib/python3.11/site-packages/airflow/example_dags/example_external_task_marker_dag.py
[2025-06-13T14:33:56.003-0400] {logging_mixin.py:190} INFO - [2025-06-13T14:33:56.003-0400] {dag.py:3239} INFO - Sync 2 DAGs
[2025-06-13T14:33:56.012-0400] {logging_mixin.py:190} INFO - [2025-06-13T14:33:56.012-0400] {dag.py:4180} INFO - Setting next_dagrun for example_external_task_marker_child to None, run_after=None
[2025-06-13T14:33:56.014-0400] {logging_mixin.py:190} INFO - [2025-06-13T14:33:56.014-0400] {dag.py:4180} INFO - Setting next_dagrun for example_external_task_marker_parent to None, run_after=None
[2025-06-13T14:33:56.026-0400] {processor.py:208} INFO - Processing /Users/pranavr/.pyenv/versions/3.11.6/lib/python3.11/site-packages/airflow/example_dags/example_external_task_marker_dag.py took 435.402 seconds
[2025-06-13T14:36:57.867-0400] {processor.py:186} INFO - Started process (PID=11006) to work on /Users/pranavr/.pyenv/versions/3.11.6/lib/python3.11/site-packages/airflow/example_dags/example_external_task_marker_dag.py
[2025-06-13T14:36:57.871-0400] {processor.py:914} INFO - Processing file /Users/pranavr/.pyenv/versions/3.11.6/lib/python3.11/site-packages/airflow/example_dags/example_external_task_marker_dag.py for tasks to queue
[2025-06-13T14:36:57.872-0400] {logging_mixin.py:190} INFO - [2025-06-13T14:36:57.872-0400] {dagbag.py:588} INFO - Filling up the DagBag from /Users/pranavr/.pyenv/versions/3.11.6/lib/python3.11/site-packages/airflow/example_dags/example_external_task_marker_dag.py
[2025-06-13T14:36:57.888-0400] {processor.py:925} INFO - DAG(s) 'example_external_task_marker_parent', 'example_external_task_marker_child' retrieved from /Users/pranavr/.pyenv/versions/3.11.6/lib/python3.11/site-packages/airflow/example_dags/example_external_task_marker_dag.py
[2025-06-13T14:36:58.318-0400] {logging_mixin.py:190} INFO - [2025-06-13T14:36:58.318-0400] {dag.py:3239} INFO - Sync 2 DAGs
[2025-06-13T14:36:58.324-0400] {logging_mixin.py:190} INFO - [2025-06-13T14:36:58.324-0400] {dag.py:4180} INFO - Setting next_dagrun for example_external_task_marker_child to None, run_after=None
[2025-06-13T14:36:58.326-0400] {logging_mixin.py:190} INFO - [2025-06-13T14:36:58.326-0400] {dag.py:4180} INFO - Setting next_dagrun for example_external_task_marker_parent to None, run_after=None
[2025-06-13T14:36:58.335-0400] {processor.py:208} INFO - Processing /Users/pranavr/.pyenv/versions/3.11.6/lib/python3.11/site-packages/airflow/example_dags/example_external_task_marker_dag.py took 472.625 seconds
[2025-06-13T14:39:50.172-0400] {processor.py:186} INFO - Started process (PID=11447) to work on /Users/pranavr/.pyenv/versions/3.11.6/lib/python3.11/site-packages/airflow/example_dags/example_external_task_marker_dag.py
[2025-06-13T14:39:50.175-0400] {processor.py:914} INFO - Processing file /Users/pranavr/.pyenv/versions/3.11.6/lib/python3.11/site-packages/airflow/example_dags/example_external_task_marker_dag.py for tasks to queue
[2025-06-13T14:39:50.175-0400] {logging_mixin.py:190} INFO - [2025-06-13T14:39:50.175-0400] {dagbag.py:588} INFO - Filling up the DagBag from /Users/pranavr/.pyenv/versions/3.11.6/lib/python3.11/site-packages/airflow/example_dags/example_external_task_marker_dag.py
[2025-06-13T14:39:50.180-0400] {processor.py:925} INFO - DAG(s) 'example_external_task_marker_child', 'example_external_task_marker_parent' retrieved from /Users/pranavr/.pyenv/versions/3.11.6/lib/python3.11/site-packages/airflow/example_dags/example_external_task_marker_dag.py
[2025-06-13T14:39:50.457-0400] {logging_mixin.py:190} INFO - [2025-06-13T14:39:50.457-0400] {dag.py:3239} INFO - Sync 2 DAGs
[2025-06-13T14:39:50.461-0400] {logging_mixin.py:190} INFO - [2025-06-13T14:39:50.461-0400] {dag.py:4180} INFO - Setting next_dagrun for example_external_task_marker_child to None, run_after=None
[2025-06-13T14:39:50.463-0400] {logging_mixin.py:190} INFO - [2025-06-13T14:39:50.463-0400] {dag.py:4180} INFO - Setting next_dagrun for example_external_task_marker_parent to None, run_after=None
[2025-06-13T14:39:50.469-0400] {processor.py:208} INFO - Processing /Users/pranavr/.pyenv/versions/3.11.6/lib/python3.11/site-packages/airflow/example_dags/example_external_task_marker_dag.py took 297.590 seconds
[2025-06-13T14:42:22.838-0400] {processor.py:186} INFO - Started process (PID=11831) to work on /Users/pranavr/.pyenv/versions/3.11.6/lib/python3.11/site-packages/airflow/example_dags/example_external_task_marker_dag.py
[2025-06-13T14:42:22.840-0400] {processor.py:914} INFO - Processing file /Users/pranavr/.pyenv/versions/3.11.6/lib/python3.11/site-packages/airflow/example_dags/example_external_task_marker_dag.py for tasks to queue
[2025-06-13T14:42:22.841-0400] {logging_mixin.py:190} INFO - [2025-06-13T14:42:22.840-0400] {dagbag.py:588} INFO - Filling up the DagBag from /Users/pranavr/.pyenv/versions/3.11.6/lib/python3.11/site-packages/airflow/example_dags/example_external_task_marker_dag.py
[2025-06-13T14:42:22.845-0400] {processor.py:925} INFO - DAG(s) 'example_external_task_marker_parent', 'example_external_task_marker_child' retrieved from /Users/pranavr/.pyenv/versions/3.11.6/lib/python3.11/site-packages/airflow/example_dags/example_external_task_marker_dag.py
[2025-06-13T14:42:23.104-0400] {logging_mixin.py:190} INFO - [2025-06-13T14:42:23.104-0400] {dag.py:3239} INFO - Sync 2 DAGs
[2025-06-13T14:42:23.108-0400] {logging_mixin.py:190} INFO - [2025-06-13T14:42:23.108-0400] {dag.py:4180} INFO - Setting next_dagrun for example_external_task_marker_child to None, run_after=None
[2025-06-13T14:42:23.110-0400] {logging_mixin.py:190} INFO - [2025-06-13T14:42:23.110-0400] {dag.py:4180} INFO - Setting next_dagrun for example_external_task_marker_parent to None, run_after=None
[2025-06-13T14:42:23.116-0400] {processor.py:208} INFO - Processing /Users/pranavr/.pyenv/versions/3.11.6/lib/python3.11/site-packages/airflow/example_dags/example_external_task_marker_dag.py took 279.963 seconds
[2025-06-13T14:44:48.370-0400] {processor.py:186} INFO - Started process (PID=12113) to work on /Users/pranavr/.pyenv/versions/3.11.6/lib/python3.11/site-packages/airflow/example_dags/example_external_task_marker_dag.py
[2025-06-13T14:44:48.372-0400] {processor.py:914} INFO - Processing file /Users/pranavr/.pyenv/versions/3.11.6/lib/python3.11/site-packages/airflow/example_dags/example_external_task_marker_dag.py for tasks to queue
[2025-06-13T14:44:48.372-0400] {logging_mixin.py:190} INFO - [2025-06-13T14:44:48.372-0400] {dagbag.py:588} INFO - Filling up the DagBag from /Users/pranavr/.pyenv/versions/3.11.6/lib/python3.11/site-packages/airflow/example_dags/example_external_task_marker_dag.py
[2025-06-13T14:44:48.377-0400] {processor.py:925} INFO - DAG(s) 'example_external_task_marker_parent', 'example_external_task_marker_child' retrieved from /Users/pranavr/.pyenv/versions/3.11.6/lib/python3.11/site-packages/airflow/example_dags/example_external_task_marker_dag.py
[2025-06-13T14:44:48.645-0400] {logging_mixin.py:190} INFO - [2025-06-13T14:44:48.645-0400] {dag.py:3239} INFO - Sync 2 DAGs
[2025-06-13T14:44:48.650-0400] {logging_mixin.py:190} INFO - [2025-06-13T14:44:48.649-0400] {dag.py:4180} INFO - Setting next_dagrun for example_external_task_marker_child to None, run_after=None
[2025-06-13T14:44:48.651-0400] {logging_mixin.py:190} INFO - [2025-06-13T14:44:48.651-0400] {dag.py:4180} INFO - Setting next_dagrun for example_external_task_marker_parent to None, run_after=None
[2025-06-13T14:44:48.657-0400] {processor.py:208} INFO - Processing /Users/pranavr/.pyenv/versions/3.11.6/lib/python3.11/site-packages/airflow/example_dags/example_external_task_marker_dag.py took 287.809 seconds
[2025-06-13T14:47:12.097-0400] {processor.py:186} INFO - Started process (PID=12385) to work on /Users/pranavr/.pyenv/versions/3.11.6/lib/python3.11/site-packages/airflow/example_dags/example_external_task_marker_dag.py
[2025-06-13T14:47:12.099-0400] {processor.py:914} INFO - Processing file /Users/pranavr/.pyenv/versions/3.11.6/lib/python3.11/site-packages/airflow/example_dags/example_external_task_marker_dag.py for tasks to queue
[2025-06-13T14:47:12.099-0400] {logging_mixin.py:190} INFO - [2025-06-13T14:47:12.099-0400] {dagbag.py:588} INFO - Filling up the DagBag from /Users/pranavr/.pyenv/versions/3.11.6/lib/python3.11/site-packages/airflow/example_dags/example_external_task_marker_dag.py
[2025-06-13T14:47:12.104-0400] {processor.py:925} INFO - DAG(s) 'example_external_task_marker_child', 'example_external_task_marker_parent' retrieved from /Users/pranavr/.pyenv/versions/3.11.6/lib/python3.11/site-packages/airflow/example_dags/example_external_task_marker_dag.py
[2025-06-13T14:47:12.356-0400] {logging_mixin.py:190} INFO - [2025-06-13T14:47:12.356-0400] {dag.py:3239} INFO - Sync 2 DAGs
[2025-06-13T14:47:12.360-0400] {logging_mixin.py:190} INFO - [2025-06-13T14:47:12.360-0400] {dag.py:4180} INFO - Setting next_dagrun for example_external_task_marker_child to None, run_after=None
[2025-06-13T14:47:12.361-0400] {logging_mixin.py:190} INFO - [2025-06-13T14:47:12.361-0400] {dag.py:4180} INFO - Setting next_dagrun for example_external_task_marker_parent to None, run_after=None
[2025-06-13T14:47:12.368-0400] {processor.py:208} INFO - Processing /Users/pranavr/.pyenv/versions/3.11.6/lib/python3.11/site-packages/airflow/example_dags/example_external_task_marker_dag.py took 272.000 seconds
[2025-06-13T14:49:42.429-0400] {processor.py:186} INFO - Started process (PID=12618) to work on /Users/pranavr/.pyenv/versions/3.11.6/lib/python3.11/site-packages/airflow/example_dags/example_external_task_marker_dag.py
[2025-06-13T14:49:42.432-0400] {processor.py:914} INFO - Processing file /Users/pranavr/.pyenv/versions/3.11.6/lib/python3.11/site-packages/airflow/example_dags/example_external_task_marker_dag.py for tasks to queue
[2025-06-13T14:49:42.432-0400] {logging_mixin.py:190} INFO - [2025-06-13T14:49:42.432-0400] {dagbag.py:588} INFO - Filling up the DagBag from /Users/pranavr/.pyenv/versions/3.11.6/lib/python3.11/site-packages/airflow/example_dags/example_external_task_marker_dag.py
[2025-06-13T14:49:42.437-0400] {processor.py:925} INFO - DAG(s) 'example_external_task_marker_parent', 'example_external_task_marker_child' retrieved from /Users/pranavr/.pyenv/versions/3.11.6/lib/python3.11/site-packages/airflow/example_dags/example_external_task_marker_dag.py
[2025-06-13T14:49:42.745-0400] {logging_mixin.py:190} INFO - [2025-06-13T14:49:42.744-0400] {dag.py:3239} INFO - Sync 2 DAGs
[2025-06-13T14:49:42.749-0400] {logging_mixin.py:190} INFO - [2025-06-13T14:49:42.749-0400] {dag.py:4180} INFO - Setting next_dagrun for example_external_task_marker_child to None, run_after=None
[2025-06-13T14:49:42.750-0400] {logging_mixin.py:190} INFO - [2025-06-13T14:49:42.750-0400] {dag.py:4180} INFO - Setting next_dagrun for example_external_task_marker_parent to None, run_after=None
[2025-06-13T14:49:42.757-0400] {processor.py:208} INFO - Processing /Users/pranavr/.pyenv/versions/3.11.6/lib/python3.11/site-packages/airflow/example_dags/example_external_task_marker_dag.py took 329.549 seconds
[2025-06-13T14:52:10.789-0400] {processor.py:186} INFO - Started process (PID=13975) to work on /Users/pranavr/.pyenv/versions/3.11.6/lib/python3.11/site-packages/airflow/example_dags/example_external_task_marker_dag.py
[2025-06-13T14:52:10.791-0400] {processor.py:914} INFO - Processing file /Users/pranavr/.pyenv/versions/3.11.6/lib/python3.11/site-packages/airflow/example_dags/example_external_task_marker_dag.py for tasks to queue
[2025-06-13T14:52:10.792-0400] {logging_mixin.py:190} INFO - [2025-06-13T14:52:10.792-0400] {dagbag.py:588} INFO - Filling up the DagBag from /Users/pranavr/.pyenv/versions/3.11.6/lib/python3.11/site-packages/airflow/example_dags/example_external_task_marker_dag.py
[2025-06-13T14:52:10.797-0400] {processor.py:925} INFO - DAG(s) 'example_external_task_marker_child', 'example_external_task_marker_parent' retrieved from /Users/pranavr/.pyenv/versions/3.11.6/lib/python3.11/site-packages/airflow/example_dags/example_external_task_marker_dag.py
[2025-06-13T14:52:11.108-0400] {logging_mixin.py:190} INFO - [2025-06-13T14:52:11.108-0400] {dag.py:3239} INFO - Sync 2 DAGs
[2025-06-13T14:52:11.112-0400] {logging_mixin.py:190} INFO - [2025-06-13T14:52:11.112-0400] {dag.py:4180} INFO - Setting next_dagrun for example_external_task_marker_child to None, run_after=None
[2025-06-13T14:52:11.113-0400] {logging_mixin.py:190} INFO - [2025-06-13T14:52:11.113-0400] {dag.py:4180} INFO - Setting next_dagrun for example_external_task_marker_parent to None, run_after=None
[2025-06-13T14:52:11.119-0400] {processor.py:208} INFO - Processing /Users/pranavr/.pyenv/versions/3.11.6/lib/python3.11/site-packages/airflow/example_dags/example_external_task_marker_dag.py took 331.698 seconds
[2025-06-13T14:54:40.773-0400] {processor.py:186} INFO - Started process (PID=14200) to work on /Users/pranavr/.pyenv/versions/3.11.6/lib/python3.11/site-packages/airflow/example_dags/example_external_task_marker_dag.py
[2025-06-13T14:54:40.776-0400] {processor.py:914} INFO - Processing file /Users/pranavr/.pyenv/versions/3.11.6/lib/python3.11/site-packages/airflow/example_dags/example_external_task_marker_dag.py for tasks to queue
[2025-06-13T14:54:40.776-0400] {logging_mixin.py:190} INFO - [2025-06-13T14:54:40.776-0400] {dagbag.py:588} INFO - Filling up the DagBag from /Users/pranavr/.pyenv/versions/3.11.6/lib/python3.11/site-packages/airflow/example_dags/example_external_task_marker_dag.py
[2025-06-13T14:54:40.782-0400] {processor.py:925} INFO - DAG(s) 'example_external_task_marker_child', 'example_external_task_marker_parent' retrieved from /Users/pranavr/.pyenv/versions/3.11.6/lib/python3.11/site-packages/airflow/example_dags/example_external_task_marker_dag.py
[2025-06-13T14:54:41.119-0400] {logging_mixin.py:190} INFO - [2025-06-13T14:54:41.119-0400] {dag.py:3239} INFO - Sync 2 DAGs
[2025-06-13T14:54:41.123-0400] {logging_mixin.py:190} INFO - [2025-06-13T14:54:41.123-0400] {dag.py:4180} INFO - Setting next_dagrun for example_external_task_marker_child to None, run_after=None
[2025-06-13T14:54:41.124-0400] {logging_mixin.py:190} INFO - [2025-06-13T14:54:41.124-0400] {dag.py:4180} INFO - Setting next_dagrun for example_external_task_marker_parent to None, run_after=None
[2025-06-13T14:54:41.131-0400] {processor.py:208} INFO - Processing /Users/pranavr/.pyenv/versions/3.11.6/lib/python3.11/site-packages/airflow/example_dags/example_external_task_marker_dag.py took 359.632 seconds
[2025-06-13T14:57:13.610-0400] {processor.py:186} INFO - Started process (PID=14444) to work on /Users/pranavr/.pyenv/versions/3.11.6/lib/python3.11/site-packages/airflow/example_dags/example_external_task_marker_dag.py
[2025-06-13T14:57:13.612-0400] {processor.py:914} INFO - Processing file /Users/pranavr/.pyenv/versions/3.11.6/lib/python3.11/site-packages/airflow/example_dags/example_external_task_marker_dag.py for tasks to queue
[2025-06-13T14:57:13.613-0400] {logging_mixin.py:190} INFO - [2025-06-13T14:57:13.613-0400] {dagbag.py:588} INFO - Filling up the DagBag from /Users/pranavr/.pyenv/versions/3.11.6/lib/python3.11/site-packages/airflow/example_dags/example_external_task_marker_dag.py
[2025-06-13T14:57:13.618-0400] {processor.py:925} INFO - DAG(s) 'example_external_task_marker_parent', 'example_external_task_marker_child' retrieved from /Users/pranavr/.pyenv/versions/3.11.6/lib/python3.11/site-packages/airflow/example_dags/example_external_task_marker_dag.py
[2025-06-13T14:57:13.953-0400] {logging_mixin.py:190} INFO - [2025-06-13T14:57:13.953-0400] {dag.py:3239} INFO - Sync 2 DAGs
[2025-06-13T14:57:13.958-0400] {logging_mixin.py:190} INFO - [2025-06-13T14:57:13.958-0400] {dag.py:4180} INFO - Setting next_dagrun for example_external_task_marker_child to None, run_after=None
[2025-06-13T14:57:13.959-0400] {logging_mixin.py:190} INFO - [2025-06-13T14:57:13.959-0400] {dag.py:4180} INFO - Setting next_dagrun for example_external_task_marker_parent to None, run_after=None
[2025-06-13T14:57:13.965-0400] {processor.py:208} INFO - Processing /Users/pranavr/.pyenv/versions/3.11.6/lib/python3.11/site-packages/airflow/example_dags/example_external_task_marker_dag.py took 356.899 seconds
[2025-06-13T14:59:59.248-0400] {processor.py:186} INFO - Started process (PID=14828) to work on /Users/pranavr/.pyenv/versions/3.11.6/lib/python3.11/site-packages/airflow/example_dags/example_external_task_marker_dag.py
[2025-06-13T14:59:59.250-0400] {processor.py:914} INFO - Processing file /Users/pranavr/.pyenv/versions/3.11.6/lib/python3.11/site-packages/airflow/example_dags/example_external_task_marker_dag.py for tasks to queue
[2025-06-13T14:59:59.250-0400] {logging_mixin.py:190} INFO - [2025-06-13T14:59:59.250-0400] {dagbag.py:588} INFO - Filling up the DagBag from /Users/pranavr/.pyenv/versions/3.11.6/lib/python3.11/site-packages/airflow/example_dags/example_external_task_marker_dag.py
[2025-06-13T14:59:59.257-0400] {processor.py:925} INFO - DAG(s) 'example_external_task_marker_child', 'example_external_task_marker_parent' retrieved from /Users/pranavr/.pyenv/versions/3.11.6/lib/python3.11/site-packages/airflow/example_dags/example_external_task_marker_dag.py
[2025-06-13T14:59:59.717-0400] {logging_mixin.py:190} INFO - [2025-06-13T14:59:59.717-0400] {dag.py:3239} INFO - Sync 2 DAGs
[2025-06-13T14:59:59.722-0400] {logging_mixin.py:190} INFO - [2025-06-13T14:59:59.722-0400] {dag.py:4180} INFO - Setting next_dagrun for example_external_task_marker_child to None, run_after=None
[2025-06-13T14:59:59.723-0400] {logging_mixin.py:190} INFO - [2025-06-13T14:59:59.723-0400] {dag.py:4180} INFO - Setting next_dagrun for example_external_task_marker_parent to None, run_after=None
[2025-06-13T14:59:59.730-0400] {processor.py:208} INFO - Processing /Users/pranavr/.pyenv/versions/3.11.6/lib/python3.11/site-packages/airflow/example_dags/example_external_task_marker_dag.py took 483.920 seconds
[2025-06-13T15:01:37.058-0400] {processor.py:186} INFO - Started process (PID=15150) to work on /Users/pranavr/.pyenv/versions/3.11.6/lib/python3.11/site-packages/airflow/example_dags/example_external_task_marker_dag.py
[2025-06-13T15:01:37.062-0400] {processor.py:914} INFO - Processing file /Users/pranavr/.pyenv/versions/3.11.6/lib/python3.11/site-packages/airflow/example_dags/example_external_task_marker_dag.py for tasks to queue
[2025-06-13T15:01:37.062-0400] {logging_mixin.py:190} INFO - [2025-06-13T15:01:37.062-0400] {dagbag.py:588} INFO - Filling up the DagBag from /Users/pranavr/.pyenv/versions/3.11.6/lib/python3.11/site-packages/airflow/example_dags/example_external_task_marker_dag.py
[2025-06-13T15:01:37.068-0400] {processor.py:925} INFO - DAG(s) 'example_external_task_marker_parent', 'example_external_task_marker_child' retrieved from /Users/pranavr/.pyenv/versions/3.11.6/lib/python3.11/site-packages/airflow/example_dags/example_external_task_marker_dag.py
[2025-06-13T15:01:37.539-0400] {logging_mixin.py:190} INFO - [2025-06-13T15:01:37.539-0400] {dag.py:3239} INFO - Sync 2 DAGs
[2025-06-13T15:01:37.544-0400] {logging_mixin.py:190} INFO - [2025-06-13T15:01:37.544-0400] {dag.py:4180} INFO - Setting next_dagrun for example_external_task_marker_child to None, run_after=None
[2025-06-13T15:01:37.546-0400] {logging_mixin.py:190} INFO - [2025-06-13T15:01:37.545-0400] {dag.py:4180} INFO - Setting next_dagrun for example_external_task_marker_parent to None, run_after=None
[2025-06-13T15:01:37.552-0400] {processor.py:208} INFO - Processing /Users/pranavr/.pyenv/versions/3.11.6/lib/python3.11/site-packages/airflow/example_dags/example_external_task_marker_dag.py took 496.173 seconds
[2025-06-13T15:03:43.046-0400] {processor.py:186} INFO - Started process (PID=15724) to work on /Users/pranavr/.pyenv/versions/3.11.6/lib/python3.11/site-packages/airflow/example_dags/example_external_task_marker_dag.py
[2025-06-13T15:03:43.048-0400] {processor.py:914} INFO - Processing file /Users/pranavr/.pyenv/versions/3.11.6/lib/python3.11/site-packages/airflow/example_dags/example_external_task_marker_dag.py for tasks to queue
[2025-06-13T15:03:43.048-0400] {logging_mixin.py:190} INFO - [2025-06-13T15:03:43.048-0400] {dagbag.py:588} INFO - Filling up the DagBag from /Users/pranavr/.pyenv/versions/3.11.6/lib/python3.11/site-packages/airflow/example_dags/example_external_task_marker_dag.py
[2025-06-13T15:03:43.054-0400] {processor.py:925} INFO - DAG(s) 'example_external_task_marker_parent', 'example_external_task_marker_child' retrieved from /Users/pranavr/.pyenv/versions/3.11.6/lib/python3.11/site-packages/airflow/example_dags/example_external_task_marker_dag.py
[2025-06-13T15:03:43.577-0400] {logging_mixin.py:190} INFO - [2025-06-13T15:03:43.577-0400] {dag.py:3239} INFO - Sync 2 DAGs
[2025-06-13T15:03:43.582-0400] {logging_mixin.py:190} INFO - [2025-06-13T15:03:43.582-0400] {dag.py:4180} INFO - Setting next_dagrun for example_external_task_marker_child to None, run_after=None
[2025-06-13T15:03:43.583-0400] {logging_mixin.py:190} INFO - [2025-06-13T15:03:43.583-0400] {dag.py:4180} INFO - Setting next_dagrun for example_external_task_marker_parent to None, run_after=None
[2025-06-13T15:03:43.590-0400] {processor.py:208} INFO - Processing /Users/pranavr/.pyenv/versions/3.11.6/lib/python3.11/site-packages/airflow/example_dags/example_external_task_marker_dag.py took 545.010 seconds
[2025-06-13T15:05:38.277-0400] {processor.py:186} INFO - Started process (PID=16134) to work on /Users/pranavr/.pyenv/versions/3.11.6/lib/python3.11/site-packages/airflow/example_dags/example_external_task_marker_dag.py
[2025-06-13T15:05:38.279-0400] {processor.py:914} INFO - Processing file /Users/pranavr/.pyenv/versions/3.11.6/lib/python3.11/site-packages/airflow/example_dags/example_external_task_marker_dag.py for tasks to queue
[2025-06-13T15:05:38.280-0400] {logging_mixin.py:190} INFO - [2025-06-13T15:05:38.280-0400] {dagbag.py:588} INFO - Filling up the DagBag from /Users/pranavr/.pyenv/versions/3.11.6/lib/python3.11/site-packages/airflow/example_dags/example_external_task_marker_dag.py
[2025-06-13T15:05:38.286-0400] {processor.py:925} INFO - DAG(s) 'example_external_task_marker_child', 'example_external_task_marker_parent' retrieved from /Users/pranavr/.pyenv/versions/3.11.6/lib/python3.11/site-packages/airflow/example_dags/example_external_task_marker_dag.py
[2025-06-13T15:05:38.737-0400] {logging_mixin.py:190} INFO - [2025-06-13T15:05:38.737-0400] {dag.py:3239} INFO - Sync 2 DAGs
[2025-06-13T15:05:38.741-0400] {logging_mixin.py:190} INFO - [2025-06-13T15:05:38.741-0400] {dag.py:4180} INFO - Setting next_dagrun for example_external_task_marker_child to None, run_after=None
[2025-06-13T15:05:38.742-0400] {logging_mixin.py:190} INFO - [2025-06-13T15:05:38.742-0400] {dag.py:4180} INFO - Setting next_dagrun for example_external_task_marker_parent to None, run_after=None
[2025-06-13T15:05:38.749-0400] {processor.py:208} INFO - Processing /Users/pranavr/.pyenv/versions/3.11.6/lib/python3.11/site-packages/airflow/example_dags/example_external_task_marker_dag.py took 473.606 seconds
[2025-06-13T15:07:28.931-0400] {processor.py:186} INFO - Started process (PID=16417) to work on /Users/pranavr/.pyenv/versions/3.11.6/lib/python3.11/site-packages/airflow/example_dags/example_external_task_marker_dag.py
[2025-06-13T15:07:28.933-0400] {processor.py:914} INFO - Processing file /Users/pranavr/.pyenv/versions/3.11.6/lib/python3.11/site-packages/airflow/example_dags/example_external_task_marker_dag.py for tasks to queue
[2025-06-13T15:07:28.933-0400] {logging_mixin.py:190} INFO - [2025-06-13T15:07:28.933-0400] {dagbag.py:588} INFO - Filling up the DagBag from /Users/pranavr/.pyenv/versions/3.11.6/lib/python3.11/site-packages/airflow/example_dags/example_external_task_marker_dag.py
[2025-06-13T15:07:28.939-0400] {processor.py:925} INFO - DAG(s) 'example_external_task_marker_child', 'example_external_task_marker_parent' retrieved from /Users/pranavr/.pyenv/versions/3.11.6/lib/python3.11/site-packages/airflow/example_dags/example_external_task_marker_dag.py
[2025-06-13T15:07:29.326-0400] {logging_mixin.py:190} INFO - [2025-06-13T15:07:29.326-0400] {dag.py:3239} INFO - Sync 2 DAGs
[2025-06-13T15:07:29.330-0400] {logging_mixin.py:190} INFO - [2025-06-13T15:07:29.330-0400] {dag.py:4180} INFO - Setting next_dagrun for example_external_task_marker_child to None, run_after=None
[2025-06-13T15:07:29.332-0400] {logging_mixin.py:190} INFO - [2025-06-13T15:07:29.331-0400] {dag.py:4180} INFO - Setting next_dagrun for example_external_task_marker_parent to None, run_after=None
[2025-06-13T15:07:29.339-0400] {processor.py:208} INFO - Processing /Users/pranavr/.pyenv/versions/3.11.6/lib/python3.11/site-packages/airflow/example_dags/example_external_task_marker_dag.py took 409.306 seconds
[2025-06-13T15:10:10.922-0400] {processor.py:186} INFO - Started process (PID=16749) to work on /Users/pranavr/.pyenv/versions/3.11.6/lib/python3.11/site-packages/airflow/example_dags/example_external_task_marker_dag.py
[2025-06-13T15:10:10.924-0400] {processor.py:914} INFO - Processing file /Users/pranavr/.pyenv/versions/3.11.6/lib/python3.11/site-packages/airflow/example_dags/example_external_task_marker_dag.py for tasks to queue
[2025-06-13T15:10:10.924-0400] {logging_mixin.py:190} INFO - [2025-06-13T15:10:10.924-0400] {dagbag.py:588} INFO - Filling up the DagBag from /Users/pranavr/.pyenv/versions/3.11.6/lib/python3.11/site-packages/airflow/example_dags/example_external_task_marker_dag.py
[2025-06-13T15:10:10.930-0400] {processor.py:925} INFO - DAG(s) 'example_external_task_marker_parent', 'example_external_task_marker_child' retrieved from /Users/pranavr/.pyenv/versions/3.11.6/lib/python3.11/site-packages/airflow/example_dags/example_external_task_marker_dag.py
[2025-06-13T15:10:11.379-0400] {logging_mixin.py:190} INFO - [2025-06-13T15:10:11.379-0400] {dag.py:3239} INFO - Sync 2 DAGs
[2025-06-13T15:10:11.384-0400] {logging_mixin.py:190} INFO - [2025-06-13T15:10:11.384-0400] {dag.py:4180} INFO - Setting next_dagrun for example_external_task_marker_child to None, run_after=None
[2025-06-13T15:10:11.385-0400] {logging_mixin.py:190} INFO - [2025-06-13T15:10:11.385-0400] {dag.py:4180} INFO - Setting next_dagrun for example_external_task_marker_parent to None, run_after=None
[2025-06-13T15:10:11.392-0400] {processor.py:208} INFO - Processing /Users/pranavr/.pyenv/versions/3.11.6/lib/python3.11/site-packages/airflow/example_dags/example_external_task_marker_dag.py took 471.703 seconds
[2025-06-13T15:13:00.520-0400] {processor.py:186} INFO - Started process (PID=16975) to work on /Users/pranavr/.pyenv/versions/3.11.6/lib/python3.11/site-packages/airflow/example_dags/example_external_task_marker_dag.py
[2025-06-13T15:13:00.523-0400] {processor.py:914} INFO - Processing file /Users/pranavr/.pyenv/versions/3.11.6/lib/python3.11/site-packages/airflow/example_dags/example_external_task_marker_dag.py for tasks to queue
[2025-06-13T15:13:00.523-0400] {logging_mixin.py:190} INFO - [2025-06-13T15:13:00.523-0400] {dagbag.py:588} INFO - Filling up the DagBag from /Users/pranavr/.pyenv/versions/3.11.6/lib/python3.11/site-packages/airflow/example_dags/example_external_task_marker_dag.py
[2025-06-13T15:13:00.529-0400] {processor.py:925} INFO - DAG(s) 'example_external_task_marker_child', 'example_external_task_marker_parent' retrieved from /Users/pranavr/.pyenv/versions/3.11.6/lib/python3.11/site-packages/airflow/example_dags/example_external_task_marker_dag.py
[2025-06-13T15:13:01.111-0400] {logging_mixin.py:190} INFO - [2025-06-13T15:13:01.111-0400] {dag.py:3239} INFO - Sync 2 DAGs
[2025-06-13T15:13:01.118-0400] {logging_mixin.py:190} INFO - [2025-06-13T15:13:01.118-0400] {dag.py:4180} INFO - Setting next_dagrun for example_external_task_marker_child to None, run_after=None
[2025-06-13T15:13:01.121-0400] {logging_mixin.py:190} INFO - [2025-06-13T15:13:01.121-0400] {dag.py:4180} INFO - Setting next_dagrun for example_external_task_marker_parent to None, run_after=None
[2025-06-13T15:13:01.135-0400] {processor.py:208} INFO - Processing /Users/pranavr/.pyenv/versions/3.11.6/lib/python3.11/site-packages/airflow/example_dags/example_external_task_marker_dag.py took 617.077 seconds
[2025-06-13T15:19:50.689-0400] {processor.py:186} INFO - Started process (PID=17839) to work on /Users/pranavr/.pyenv/versions/3.11.6/lib/python3.11/site-packages/airflow/example_dags/example_external_task_marker_dag.py
[2025-06-13T15:19:50.691-0400] {processor.py:914} INFO - Processing file /Users/pranavr/.pyenv/versions/3.11.6/lib/python3.11/site-packages/airflow/example_dags/example_external_task_marker_dag.py for tasks to queue
[2025-06-13T15:19:50.691-0400] {logging_mixin.py:190} INFO - [2025-06-13T15:19:50.691-0400] {dagbag.py:588} INFO - Filling up the DagBag from /Users/pranavr/.pyenv/versions/3.11.6/lib/python3.11/site-packages/airflow/example_dags/example_external_task_marker_dag.py
[2025-06-13T15:19:50.697-0400] {processor.py:925} INFO - DAG(s) 'example_external_task_marker_parent', 'example_external_task_marker_child' retrieved from /Users/pranavr/.pyenv/versions/3.11.6/lib/python3.11/site-packages/airflow/example_dags/example_external_task_marker_dag.py
[2025-06-13T15:19:51.165-0400] {logging_mixin.py:190} INFO - [2025-06-13T15:19:51.165-0400] {dag.py:3239} INFO - Sync 2 DAGs
[2025-06-13T15:19:51.170-0400] {logging_mixin.py:190} INFO - [2025-06-13T15:19:51.170-0400] {dag.py:4180} INFO - Setting next_dagrun for example_external_task_marker_child to None, run_after=None
[2025-06-13T15:19:51.171-0400] {logging_mixin.py:190} INFO - [2025-06-13T15:19:51.171-0400] {dag.py:4180} INFO - Setting next_dagrun for example_external_task_marker_parent to None, run_after=None
[2025-06-13T15:19:51.179-0400] {processor.py:208} INFO - Processing /Users/pranavr/.pyenv/versions/3.11.6/lib/python3.11/site-packages/airflow/example_dags/example_external_task_marker_dag.py took 491.571 seconds
[2025-06-13T15:26:04.486-0400] {processor.py:186} INFO - Started process (PID=18988) to work on /Users/pranavr/.pyenv/versions/3.11.6/lib/python3.11/site-packages/airflow/example_dags/example_external_task_marker_dag.py
[2025-06-13T15:26:04.488-0400] {processor.py:914} INFO - Processing file /Users/pranavr/.pyenv/versions/3.11.6/lib/python3.11/site-packages/airflow/example_dags/example_external_task_marker_dag.py for tasks to queue
[2025-06-13T15:26:04.489-0400] {logging_mixin.py:190} INFO - [2025-06-13T15:26:04.489-0400] {dagbag.py:588} INFO - Filling up the DagBag from /Users/pranavr/.pyenv/versions/3.11.6/lib/python3.11/site-packages/airflow/example_dags/example_external_task_marker_dag.py
[2025-06-13T15:26:04.497-0400] {processor.py:925} INFO - DAG(s) 'example_external_task_marker_child', 'example_external_task_marker_parent' retrieved from /Users/pranavr/.pyenv/versions/3.11.6/lib/python3.11/site-packages/airflow/example_dags/example_external_task_marker_dag.py
[2025-06-13T15:26:05.229-0400] {logging_mixin.py:190} INFO - [2025-06-13T15:26:05.229-0400] {override.py:1930} INFO - Created Permission View: can edit on DAG:example_external_task_marker_child
[2025-06-13T15:26:05.233-0400] {logging_mixin.py:190} INFO - [2025-06-13T15:26:05.233-0400] {override.py:1930} INFO - Created Permission View: can delete on DAG:example_external_task_marker_child
[2025-06-13T15:26:05.236-0400] {logging_mixin.py:190} INFO - [2025-06-13T15:26:05.236-0400] {override.py:1930} INFO - Created Permission View: can read on DAG:example_external_task_marker_child
[2025-06-13T15:26:05.239-0400] {logging_mixin.py:190} INFO - [2025-06-13T15:26:05.239-0400] {override.py:1930} INFO - Created Permission View: can delete on DAG Run:example_external_task_marker_child
[2025-06-13T15:26:05.242-0400] {logging_mixin.py:190} INFO - [2025-06-13T15:26:05.241-0400] {override.py:1930} INFO - Created Permission View: can create on DAG Run:example_external_task_marker_child
[2025-06-13T15:26:05.244-0400] {logging_mixin.py:190} INFO - [2025-06-13T15:26:05.244-0400] {override.py:1930} INFO - Created Permission View: menu access on DAG Run:example_external_task_marker_child
[2025-06-13T15:26:05.246-0400] {logging_mixin.py:190} INFO - [2025-06-13T15:26:05.246-0400] {override.py:1930} INFO - Created Permission View: can read on DAG Run:example_external_task_marker_child
[2025-06-13T15:26:05.252-0400] {logging_mixin.py:190} INFO - [2025-06-13T15:26:05.251-0400] {override.py:1930} INFO - Created Permission View: can edit on DAG:example_external_task_marker_parent
[2025-06-13T15:26:05.253-0400] {logging_mixin.py:190} INFO - [2025-06-13T15:26:05.253-0400] {override.py:1930} INFO - Created Permission View: can delete on DAG:example_external_task_marker_parent
[2025-06-13T15:26:05.256-0400] {logging_mixin.py:190} INFO - [2025-06-13T15:26:05.255-0400] {override.py:1930} INFO - Created Permission View: can read on DAG:example_external_task_marker_parent
[2025-06-13T15:26:05.259-0400] {logging_mixin.py:190} INFO - [2025-06-13T15:26:05.258-0400] {override.py:1930} INFO - Created Permission View: can delete on DAG Run:example_external_task_marker_parent
[2025-06-13T15:26:05.261-0400] {logging_mixin.py:190} INFO - [2025-06-13T15:26:05.261-0400] {override.py:1930} INFO - Created Permission View: can create on DAG Run:example_external_task_marker_parent
[2025-06-13T15:26:05.263-0400] {logging_mixin.py:190} INFO - [2025-06-13T15:26:05.263-0400] {override.py:1930} INFO - Created Permission View: menu access on DAG Run:example_external_task_marker_parent
[2025-06-13T15:26:05.265-0400] {logging_mixin.py:190} INFO - [2025-06-13T15:26:05.265-0400] {override.py:1930} INFO - Created Permission View: can read on DAG Run:example_external_task_marker_parent
[2025-06-13T15:26:05.266-0400] {logging_mixin.py:190} INFO - [2025-06-13T15:26:05.266-0400] {dag.py:3239} INFO - Sync 2 DAGs
[2025-06-13T15:26:05.271-0400] {logging_mixin.py:190} INFO - [2025-06-13T15:26:05.271-0400] {dag.py:3262} INFO - Creating ORM DAG for example_external_task_marker_child
[2025-06-13T15:26:05.271-0400] {logging_mixin.py:190} INFO - [2025-06-13T15:26:05.271-0400] {dag.py:3262} INFO - Creating ORM DAG for example_external_task_marker_parent
[2025-06-13T15:26:05.271-0400] {logging_mixin.py:190} INFO - [2025-06-13T15:26:05.271-0400] {dag.py:4180} INFO - Setting next_dagrun for example_external_task_marker_child to None, run_after=None
[2025-06-13T15:26:05.271-0400] {logging_mixin.py:190} INFO - [2025-06-13T15:26:05.271-0400] {dag.py:4180} INFO - Setting next_dagrun for example_external_task_marker_parent to None, run_after=None
[2025-06-13T15:26:05.279-0400] {processor.py:208} INFO - Processing /Users/pranavr/.pyenv/versions/3.11.6/lib/python3.11/site-packages/airflow/example_dags/example_external_task_marker_dag.py took 795.016 seconds
[2025-06-13T15:31:23.871-0400] {processor.py:186} INFO - Started process (PID=19948) to work on /Users/pranavr/.pyenv/versions/3.11.6/lib/python3.11/site-packages/airflow/example_dags/example_external_task_marker_dag.py
[2025-06-13T15:31:23.874-0400] {processor.py:914} INFO - Processing file /Users/pranavr/.pyenv/versions/3.11.6/lib/python3.11/site-packages/airflow/example_dags/example_external_task_marker_dag.py for tasks to queue
[2025-06-13T15:31:23.874-0400] {logging_mixin.py:190} INFO - [2025-06-13T15:31:23.874-0400] {dagbag.py:588} INFO - Filling up the DagBag from /Users/pranavr/.pyenv/versions/3.11.6/lib/python3.11/site-packages/airflow/example_dags/example_external_task_marker_dag.py
[2025-06-13T15:31:23.880-0400] {processor.py:925} INFO - DAG(s) 'example_external_task_marker_parent', 'example_external_task_marker_child' retrieved from /Users/pranavr/.pyenv/versions/3.11.6/lib/python3.11/site-packages/airflow/example_dags/example_external_task_marker_dag.py
[2025-06-13T15:31:23.988-0400] {logging_mixin.py:190} INFO - [2025-06-13T15:31:23.987-0400] {override.py:1930} INFO - Created Permission View: can read on DAG:example_external_task_marker_parent
[2025-06-13T15:31:23.992-0400] {logging_mixin.py:190} INFO - [2025-06-13T15:31:23.992-0400] {override.py:1930} INFO - Created Permission View: can delete on DAG:example_external_task_marker_parent
[2025-06-13T15:31:23.995-0400] {logging_mixin.py:190} INFO - [2025-06-13T15:31:23.995-0400] {override.py:1930} INFO - Created Permission View: can edit on DAG:example_external_task_marker_parent
[2025-06-13T15:31:23.998-0400] {logging_mixin.py:190} INFO - [2025-06-13T15:31:23.998-0400] {override.py:1930} INFO - Created Permission View: can read on DAG Run:example_external_task_marker_parent
[2025-06-13T15:31:24.000-0400] {logging_mixin.py:190} INFO - [2025-06-13T15:31:24.000-0400] {override.py:1930} INFO - Created Permission View: menu access on DAG Run:example_external_task_marker_parent
[2025-06-13T15:31:24.003-0400] {logging_mixin.py:190} INFO - [2025-06-13T15:31:24.003-0400] {override.py:1930} INFO - Created Permission View: can create on DAG Run:example_external_task_marker_parent
[2025-06-13T15:31:24.005-0400] {logging_mixin.py:190} INFO - [2025-06-13T15:31:24.005-0400] {override.py:1930} INFO - Created Permission View: can delete on DAG Run:example_external_task_marker_parent
[2025-06-13T15:31:24.452-0400] {logging_mixin.py:190} INFO - [2025-06-13T15:31:24.452-0400] {override.py:1930} INFO - Created Permission View: can read on DAG:example_external_task_marker_child
[2025-06-13T15:31:24.454-0400] {logging_mixin.py:190} INFO - [2025-06-13T15:31:24.454-0400] {override.py:1930} INFO - Created Permission View: can delete on DAG:example_external_task_marker_child
[2025-06-13T15:31:24.456-0400] {logging_mixin.py:190} INFO - [2025-06-13T15:31:24.456-0400] {override.py:1930} INFO - Created Permission View: can edit on DAG:example_external_task_marker_child
[2025-06-13T15:31:24.459-0400] {logging_mixin.py:190} INFO - [2025-06-13T15:31:24.459-0400] {override.py:1930} INFO - Created Permission View: can read on DAG Run:example_external_task_marker_child
[2025-06-13T15:31:24.462-0400] {logging_mixin.py:190} INFO - [2025-06-13T15:31:24.461-0400] {override.py:1930} INFO - Created Permission View: menu access on DAG Run:example_external_task_marker_child
[2025-06-13T15:31:24.464-0400] {logging_mixin.py:190} INFO - [2025-06-13T15:31:24.464-0400] {override.py:1930} INFO - Created Permission View: can create on DAG Run:example_external_task_marker_child
[2025-06-13T15:31:24.467-0400] {logging_mixin.py:190} INFO - [2025-06-13T15:31:24.467-0400] {override.py:1930} INFO - Created Permission View: can delete on DAG Run:example_external_task_marker_child
[2025-06-13T15:31:24.468-0400] {logging_mixin.py:190} INFO - [2025-06-13T15:31:24.467-0400] {dag.py:3239} INFO - Sync 2 DAGs
[2025-06-13T15:31:24.473-0400] {logging_mixin.py:190} INFO - [2025-06-13T15:31:24.473-0400] {dag.py:3262} INFO - Creating ORM DAG for example_external_task_marker_parent
[2025-06-13T15:31:24.473-0400] {logging_mixin.py:190} INFO - [2025-06-13T15:31:24.473-0400] {dag.py:3262} INFO - Creating ORM DAG for example_external_task_marker_child
[2025-06-13T15:31:24.473-0400] {logging_mixin.py:190} INFO - [2025-06-13T15:31:24.473-0400] {dag.py:4180} INFO - Setting next_dagrun for example_external_task_marker_child to None, run_after=None
[2025-06-13T15:31:24.473-0400] {logging_mixin.py:190} INFO - [2025-06-13T15:31:24.473-0400] {dag.py:4180} INFO - Setting next_dagrun for example_external_task_marker_parent to None, run_after=None
[2025-06-13T15:31:24.482-0400] {processor.py:208} INFO - Processing /Users/pranavr/.pyenv/versions/3.11.6/lib/python3.11/site-packages/airflow/example_dags/example_external_task_marker_dag.py took 611.912 seconds
[2025-06-13T15:36:56.847-0400] {processor.py:186} INFO - Started process (PID=20615) to work on /Users/pranavr/.pyenv/versions/3.11.6/lib/python3.11/site-packages/airflow/example_dags/example_external_task_marker_dag.py
[2025-06-13T15:36:56.849-0400] {processor.py:914} INFO - Processing file /Users/pranavr/.pyenv/versions/3.11.6/lib/python3.11/site-packages/airflow/example_dags/example_external_task_marker_dag.py for tasks to queue
[2025-06-13T15:36:56.850-0400] {logging_mixin.py:190} INFO - [2025-06-13T15:36:56.850-0400] {dagbag.py:588} INFO - Filling up the DagBag from /Users/pranavr/.pyenv/versions/3.11.6/lib/python3.11/site-packages/airflow/example_dags/example_external_task_marker_dag.py
[2025-06-13T15:36:56.856-0400] {processor.py:925} INFO - DAG(s) 'example_external_task_marker_child', 'example_external_task_marker_parent' retrieved from /Users/pranavr/.pyenv/versions/3.11.6/lib/python3.11/site-packages/airflow/example_dags/example_external_task_marker_dag.py
[2025-06-13T15:36:57.302-0400] {logging_mixin.py:190} INFO - [2025-06-13T15:36:57.302-0400] {override.py:1930} INFO - Created Permission View: can edit on DAG:example_external_task_marker_child
[2025-06-13T15:36:57.308-0400] {logging_mixin.py:190} INFO - [2025-06-13T15:36:57.308-0400] {override.py:1930} INFO - Created Permission View: can read on DAG:example_external_task_marker_child
[2025-06-13T15:36:57.311-0400] {logging_mixin.py:190} INFO - [2025-06-13T15:36:57.311-0400] {override.py:1930} INFO - Created Permission View: can delete on DAG:example_external_task_marker_child
[2025-06-13T15:36:57.315-0400] {logging_mixin.py:190} INFO - [2025-06-13T15:36:57.315-0400] {override.py:1930} INFO - Created Permission View: menu access on DAG Run:example_external_task_marker_child
[2025-06-13T15:36:57.318-0400] {logging_mixin.py:190} INFO - [2025-06-13T15:36:57.318-0400] {override.py:1930} INFO - Created Permission View: can read on DAG Run:example_external_task_marker_child
[2025-06-13T15:36:57.320-0400] {logging_mixin.py:190} INFO - [2025-06-13T15:36:57.320-0400] {override.py:1930} INFO - Created Permission View: can create on DAG Run:example_external_task_marker_child
[2025-06-13T15:36:57.323-0400] {logging_mixin.py:190} INFO - [2025-06-13T15:36:57.323-0400] {override.py:1930} INFO - Created Permission View: can delete on DAG Run:example_external_task_marker_child
[2025-06-13T15:36:57.329-0400] {logging_mixin.py:190} INFO - [2025-06-13T15:36:57.329-0400] {override.py:1930} INFO - Created Permission View: can edit on DAG:example_external_task_marker_parent
[2025-06-13T15:36:57.331-0400] {logging_mixin.py:190} INFO - [2025-06-13T15:36:57.331-0400] {override.py:1930} INFO - Created Permission View: can read on DAG:example_external_task_marker_parent
[2025-06-13T15:36:57.334-0400] {logging_mixin.py:190} INFO - [2025-06-13T15:36:57.333-0400] {override.py:1930} INFO - Created Permission View: can delete on DAG:example_external_task_marker_parent
[2025-06-13T15:36:57.337-0400] {logging_mixin.py:190} INFO - [2025-06-13T15:36:57.337-0400] {override.py:1930} INFO - Created Permission View: menu access on DAG Run:example_external_task_marker_parent
[2025-06-13T15:36:57.339-0400] {logging_mixin.py:190} INFO - [2025-06-13T15:36:57.339-0400] {override.py:1930} INFO - Created Permission View: can read on DAG Run:example_external_task_marker_parent
[2025-06-13T15:36:57.341-0400] {logging_mixin.py:190} INFO - [2025-06-13T15:36:57.341-0400] {override.py:1930} INFO - Created Permission View: can create on DAG Run:example_external_task_marker_parent
[2025-06-13T15:36:57.344-0400] {logging_mixin.py:190} INFO - [2025-06-13T15:36:57.344-0400] {override.py:1930} INFO - Created Permission View: can delete on DAG Run:example_external_task_marker_parent
[2025-06-13T15:36:57.344-0400] {logging_mixin.py:190} INFO - [2025-06-13T15:36:57.344-0400] {dag.py:3239} INFO - Sync 2 DAGs
[2025-06-13T15:36:57.349-0400] {logging_mixin.py:190} INFO - [2025-06-13T15:36:57.349-0400] {dag.py:3262} INFO - Creating ORM DAG for example_external_task_marker_parent
[2025-06-13T15:36:57.349-0400] {logging_mixin.py:190} INFO - [2025-06-13T15:36:57.349-0400] {dag.py:3262} INFO - Creating ORM DAG for example_external_task_marker_child
[2025-06-13T15:36:57.349-0400] {logging_mixin.py:190} INFO - [2025-06-13T15:36:57.349-0400] {dag.py:4180} INFO - Setting next_dagrun for example_external_task_marker_child to None, run_after=None
[2025-06-13T15:36:57.349-0400] {logging_mixin.py:190} INFO - [2025-06-13T15:36:57.349-0400] {dag.py:4180} INFO - Setting next_dagrun for example_external_task_marker_parent to None, run_after=None
[2025-06-13T15:36:57.357-0400] {processor.py:208} INFO - Processing /Users/pranavr/.pyenv/versions/3.11.6/lib/python3.11/site-packages/airflow/example_dags/example_external_task_marker_dag.py took 511.850 seconds
[2025-06-13T15:38:51.117-0400] {processor.py:186} INFO - Started process (PID=20793) to work on /Users/pranavr/.pyenv/versions/3.11.6/lib/python3.11/site-packages/airflow/example_dags/example_external_task_marker_dag.py
[2025-06-13T15:38:51.119-0400] {processor.py:914} INFO - Processing file /Users/pranavr/.pyenv/versions/3.11.6/lib/python3.11/site-packages/airflow/example_dags/example_external_task_marker_dag.py for tasks to queue
[2025-06-13T15:38:51.120-0400] {logging_mixin.py:190} INFO - [2025-06-13T15:38:51.120-0400] {dagbag.py:588} INFO - Filling up the DagBag from /Users/pranavr/.pyenv/versions/3.11.6/lib/python3.11/site-packages/airflow/example_dags/example_external_task_marker_dag.py
[2025-06-13T15:38:51.125-0400] {processor.py:925} INFO - DAG(s) 'example_external_task_marker_child', 'example_external_task_marker_parent' retrieved from /Users/pranavr/.pyenv/versions/3.11.6/lib/python3.11/site-packages/airflow/example_dags/example_external_task_marker_dag.py
[2025-06-13T15:38:51.465-0400] {logging_mixin.py:190} INFO - [2025-06-13T15:38:51.465-0400] {dag.py:3239} INFO - Sync 2 DAGs
[2025-06-13T15:38:51.469-0400] {logging_mixin.py:190} INFO - [2025-06-13T15:38:51.469-0400] {dag.py:4180} INFO - Setting next_dagrun for example_external_task_marker_child to None, run_after=None
[2025-06-13T15:38:51.470-0400] {logging_mixin.py:190} INFO - [2025-06-13T15:38:51.470-0400] {dag.py:4180} INFO - Setting next_dagrun for example_external_task_marker_parent to None, run_after=None
[2025-06-13T15:38:51.477-0400] {processor.py:208} INFO - Processing /Users/pranavr/.pyenv/versions/3.11.6/lib/python3.11/site-packages/airflow/example_dags/example_external_task_marker_dag.py took 360.839 seconds
[2025-06-13T15:41:44.517-0400] {processor.py:186} INFO - Started process (PID=21060) to work on /Users/pranavr/.pyenv/versions/3.11.6/lib/python3.11/site-packages/airflow/example_dags/example_external_task_marker_dag.py
[2025-06-13T15:41:44.519-0400] {processor.py:914} INFO - Processing file /Users/pranavr/.pyenv/versions/3.11.6/lib/python3.11/site-packages/airflow/example_dags/example_external_task_marker_dag.py for tasks to queue
[2025-06-13T15:41:44.519-0400] {logging_mixin.py:190} INFO - [2025-06-13T15:41:44.519-0400] {dagbag.py:588} INFO - Filling up the DagBag from /Users/pranavr/.pyenv/versions/3.11.6/lib/python3.11/site-packages/airflow/example_dags/example_external_task_marker_dag.py
[2025-06-13T15:41:44.525-0400] {processor.py:925} INFO - DAG(s) 'example_external_task_marker_child', 'example_external_task_marker_parent' retrieved from /Users/pranavr/.pyenv/versions/3.11.6/lib/python3.11/site-packages/airflow/example_dags/example_external_task_marker_dag.py
[2025-06-13T15:41:45.030-0400] {logging_mixin.py:190} INFO - [2025-06-13T15:41:45.030-0400] {dag.py:3239} INFO - Sync 2 DAGs
[2025-06-13T15:41:45.035-0400] {logging_mixin.py:190} INFO - [2025-06-13T15:41:45.035-0400] {dag.py:4180} INFO - Setting next_dagrun for example_external_task_marker_child to None, run_after=None
[2025-06-13T15:41:45.036-0400] {logging_mixin.py:190} INFO - [2025-06-13T15:41:45.036-0400] {dag.py:4180} INFO - Setting next_dagrun for example_external_task_marker_parent to None, run_after=None
[2025-06-13T15:41:45.043-0400] {processor.py:208} INFO - Processing /Users/pranavr/.pyenv/versions/3.11.6/lib/python3.11/site-packages/airflow/example_dags/example_external_task_marker_dag.py took 528.025 seconds
[2025-06-13T15:44:27.101-0400] {processor.py:186} INFO - Started process (PID=21620) to work on /Users/pranavr/.pyenv/versions/3.11.6/lib/python3.11/site-packages/airflow/example_dags/example_external_task_marker_dag.py
[2025-06-13T15:44:27.103-0400] {processor.py:914} INFO - Processing file /Users/pranavr/.pyenv/versions/3.11.6/lib/python3.11/site-packages/airflow/example_dags/example_external_task_marker_dag.py for tasks to queue
[2025-06-13T15:44:27.103-0400] {logging_mixin.py:190} INFO - [2025-06-13T15:44:27.103-0400] {dagbag.py:588} INFO - Filling up the DagBag from /Users/pranavr/.pyenv/versions/3.11.6/lib/python3.11/site-packages/airflow/example_dags/example_external_task_marker_dag.py
[2025-06-13T15:44:27.109-0400] {processor.py:925} INFO - DAG(s) 'example_external_task_marker_parent', 'example_external_task_marker_child' retrieved from /Users/pranavr/.pyenv/versions/3.11.6/lib/python3.11/site-packages/airflow/example_dags/example_external_task_marker_dag.py
[2025-06-13T15:44:27.224-0400] {logging_mixin.py:190} INFO - [2025-06-13T15:44:27.223-0400] {override.py:1930} INFO - Created Permission View: can delete on DAG:example_external_task_marker_parent
[2025-06-13T15:44:27.227-0400] {logging_mixin.py:190} INFO - [2025-06-13T15:44:27.227-0400] {override.py:1930} INFO - Created Permission View: can edit on DAG:example_external_task_marker_parent
[2025-06-13T15:44:27.230-0400] {logging_mixin.py:190} INFO - [2025-06-13T15:44:27.230-0400] {override.py:1930} INFO - Created Permission View: can read on DAG:example_external_task_marker_parent
[2025-06-13T15:44:27.234-0400] {logging_mixin.py:190} INFO - [2025-06-13T15:44:27.234-0400] {override.py:1930} INFO - Created Permission View: menu access on DAG Run:example_external_task_marker_parent
[2025-06-13T15:44:27.237-0400] {logging_mixin.py:190} INFO - [2025-06-13T15:44:27.237-0400] {override.py:1930} INFO - Created Permission View: can create on DAG Run:example_external_task_marker_parent
[2025-06-13T15:44:27.239-0400] {logging_mixin.py:190} INFO - [2025-06-13T15:44:27.239-0400] {override.py:1930} INFO - Created Permission View: can delete on DAG Run:example_external_task_marker_parent
[2025-06-13T15:44:27.242-0400] {logging_mixin.py:190} INFO - [2025-06-13T15:44:27.241-0400] {override.py:1930} INFO - Created Permission View: can read on DAG Run:example_external_task_marker_parent
[2025-06-13T15:44:27.747-0400] {logging_mixin.py:190} INFO - [2025-06-13T15:44:27.747-0400] {override.py:1930} INFO - Created Permission View: can delete on DAG:example_external_task_marker_child
[2025-06-13T15:44:27.749-0400] {logging_mixin.py:190} INFO - [2025-06-13T15:44:27.749-0400] {override.py:1930} INFO - Created Permission View: can edit on DAG:example_external_task_marker_child
[2025-06-13T15:44:27.752-0400] {logging_mixin.py:190} INFO - [2025-06-13T15:44:27.751-0400] {override.py:1930} INFO - Created Permission View: can read on DAG:example_external_task_marker_child
[2025-06-13T15:44:27.755-0400] {logging_mixin.py:190} INFO - [2025-06-13T15:44:27.755-0400] {override.py:1930} INFO - Created Permission View: menu access on DAG Run:example_external_task_marker_child
[2025-06-13T15:44:27.758-0400] {logging_mixin.py:190} INFO - [2025-06-13T15:44:27.758-0400] {override.py:1930} INFO - Created Permission View: can create on DAG Run:example_external_task_marker_child
[2025-06-13T15:44:27.761-0400] {logging_mixin.py:190} INFO - [2025-06-13T15:44:27.761-0400] {override.py:1930} INFO - Created Permission View: can delete on DAG Run:example_external_task_marker_child
[2025-06-13T15:44:27.763-0400] {logging_mixin.py:190} INFO - [2025-06-13T15:44:27.763-0400] {override.py:1930} INFO - Created Permission View: can read on DAG Run:example_external_task_marker_child
[2025-06-13T15:44:27.763-0400] {logging_mixin.py:190} INFO - [2025-06-13T15:44:27.763-0400] {dag.py:3239} INFO - Sync 2 DAGs
[2025-06-13T15:44:27.768-0400] {logging_mixin.py:190} INFO - [2025-06-13T15:44:27.768-0400] {dag.py:3262} INFO - Creating ORM DAG for example_external_task_marker_parent
[2025-06-13T15:44:27.768-0400] {logging_mixin.py:190} INFO - [2025-06-13T15:44:27.768-0400] {dag.py:3262} INFO - Creating ORM DAG for example_external_task_marker_child
[2025-06-13T15:44:27.768-0400] {logging_mixin.py:190} INFO - [2025-06-13T15:44:27.768-0400] {dag.py:4180} INFO - Setting next_dagrun for example_external_task_marker_child to None, run_after=None
[2025-06-13T15:44:27.768-0400] {logging_mixin.py:190} INFO - [2025-06-13T15:44:27.768-0400] {dag.py:4180} INFO - Setting next_dagrun for example_external_task_marker_parent to None, run_after=None
[2025-06-13T15:44:27.776-0400] {processor.py:208} INFO - Processing /Users/pranavr/.pyenv/versions/3.11.6/lib/python3.11/site-packages/airflow/example_dags/example_external_task_marker_dag.py took 676.481 seconds
[2025-06-13T15:46:27.103-0400] {processor.py:186} INFO - Started process (PID=21997) to work on /Users/pranavr/.pyenv/versions/3.11.6/lib/python3.11/site-packages/airflow/example_dags/example_external_task_marker_dag.py
[2025-06-13T15:46:27.105-0400] {processor.py:914} INFO - Processing file /Users/pranavr/.pyenv/versions/3.11.6/lib/python3.11/site-packages/airflow/example_dags/example_external_task_marker_dag.py for tasks to queue
[2025-06-13T15:46:27.106-0400] {logging_mixin.py:190} INFO - [2025-06-13T15:46:27.106-0400] {dagbag.py:588} INFO - Filling up the DagBag from /Users/pranavr/.pyenv/versions/3.11.6/lib/python3.11/site-packages/airflow/example_dags/example_external_task_marker_dag.py
[2025-06-13T15:46:27.114-0400] {processor.py:925} INFO - DAG(s) 'example_external_task_marker_child', 'example_external_task_marker_parent' retrieved from /Users/pranavr/.pyenv/versions/3.11.6/lib/python3.11/site-packages/airflow/example_dags/example_external_task_marker_dag.py
[2025-06-13T15:46:27.604-0400] {logging_mixin.py:190} INFO - [2025-06-13T15:46:27.604-0400] {dag.py:3239} INFO - Sync 2 DAGs
[2025-06-13T15:46:27.609-0400] {logging_mixin.py:190} INFO - [2025-06-13T15:46:27.609-0400] {dag.py:4180} INFO - Setting next_dagrun for example_external_task_marker_child to None, run_after=None
[2025-06-13T15:46:27.610-0400] {logging_mixin.py:190} INFO - [2025-06-13T15:46:27.610-0400] {dag.py:4180} INFO - Setting next_dagrun for example_external_task_marker_parent to None, run_after=None
[2025-06-13T15:46:27.617-0400] {processor.py:208} INFO - Processing /Users/pranavr/.pyenv/versions/3.11.6/lib/python3.11/site-packages/airflow/example_dags/example_external_task_marker_dag.py took 515.118 seconds
[2025-06-13T15:49:17.633-0400] {processor.py:186} INFO - Started process (PID=22250) to work on /Users/pranavr/.pyenv/versions/3.11.6/lib/python3.11/site-packages/airflow/example_dags/example_external_task_marker_dag.py
[2025-06-13T15:49:17.636-0400] {processor.py:914} INFO - Processing file /Users/pranavr/.pyenv/versions/3.11.6/lib/python3.11/site-packages/airflow/example_dags/example_external_task_marker_dag.py for tasks to queue
[2025-06-13T15:49:17.636-0400] {logging_mixin.py:190} INFO - [2025-06-13T15:49:17.636-0400] {dagbag.py:588} INFO - Filling up the DagBag from /Users/pranavr/.pyenv/versions/3.11.6/lib/python3.11/site-packages/airflow/example_dags/example_external_task_marker_dag.py
[2025-06-13T15:49:17.643-0400] {processor.py:925} INFO - DAG(s) 'example_external_task_marker_parent', 'example_external_task_marker_child' retrieved from /Users/pranavr/.pyenv/versions/3.11.6/lib/python3.11/site-packages/airflow/example_dags/example_external_task_marker_dag.py
[2025-06-13T15:49:18.154-0400] {logging_mixin.py:190} INFO - [2025-06-13T15:49:18.154-0400] {dag.py:3239} INFO - Sync 2 DAGs
[2025-06-13T15:49:18.159-0400] {logging_mixin.py:190} INFO - [2025-06-13T15:49:18.159-0400] {dag.py:4180} INFO - Setting next_dagrun for example_external_task_marker_child to None, run_after=None
[2025-06-13T15:49:18.161-0400] {logging_mixin.py:190} INFO - [2025-06-13T15:49:18.160-0400] {dag.py:4180} INFO - Setting next_dagrun for example_external_task_marker_parent to None, run_after=None
[2025-06-13T15:49:18.168-0400] {processor.py:208} INFO - Processing /Users/pranavr/.pyenv/versions/3.11.6/lib/python3.11/site-packages/airflow/example_dags/example_external_task_marker_dag.py took 536.677 seconds
[2025-06-13T15:51:55.068-0400] {processor.py:186} INFO - Started process (PID=22593) to work on /Users/pranavr/.pyenv/versions/3.11.6/lib/python3.11/site-packages/airflow/example_dags/example_external_task_marker_dag.py
[2025-06-13T15:51:55.071-0400] {processor.py:914} INFO - Processing file /Users/pranavr/.pyenv/versions/3.11.6/lib/python3.11/site-packages/airflow/example_dags/example_external_task_marker_dag.py for tasks to queue
[2025-06-13T15:51:55.072-0400] {logging_mixin.py:190} INFO - [2025-06-13T15:51:55.071-0400] {dagbag.py:588} INFO - Filling up the DagBag from /Users/pranavr/.pyenv/versions/3.11.6/lib/python3.11/site-packages/airflow/example_dags/example_external_task_marker_dag.py
[2025-06-13T15:51:55.077-0400] {processor.py:925} INFO - DAG(s) 'example_external_task_marker_parent', 'example_external_task_marker_child' retrieved from /Users/pranavr/.pyenv/versions/3.11.6/lib/python3.11/site-packages/airflow/example_dags/example_external_task_marker_dag.py
[2025-06-13T15:51:55.340-0400] {logging_mixin.py:190} INFO - [2025-06-13T15:51:55.340-0400] {dag.py:3239} INFO - Sync 2 DAGs
[2025-06-13T15:51:55.344-0400] {logging_mixin.py:190} INFO - [2025-06-13T15:51:55.344-0400] {dag.py:4180} INFO - Setting next_dagrun for example_external_task_marker_child to None, run_after=None
[2025-06-13T15:51:55.346-0400] {logging_mixin.py:190} INFO - [2025-06-13T15:51:55.345-0400] {dag.py:4180} INFO - Setting next_dagrun for example_external_task_marker_parent to None, run_after=None
[2025-06-13T15:51:55.353-0400] {processor.py:208} INFO - Processing /Users/pranavr/.pyenv/versions/3.11.6/lib/python3.11/site-packages/airflow/example_dags/example_external_task_marker_dag.py took 286.297 seconds
[2025-06-13T15:54:23.970-0400] {processor.py:186} INFO - Started process (PID=22856) to work on /Users/pranavr/.pyenv/versions/3.11.6/lib/python3.11/site-packages/airflow/example_dags/example_external_task_marker_dag.py
[2025-06-13T15:54:23.973-0400] {processor.py:914} INFO - Processing file /Users/pranavr/.pyenv/versions/3.11.6/lib/python3.11/site-packages/airflow/example_dags/example_external_task_marker_dag.py for tasks to queue
[2025-06-13T15:54:23.973-0400] {logging_mixin.py:190} INFO - [2025-06-13T15:54:23.973-0400] {dagbag.py:588} INFO - Filling up the DagBag from /Users/pranavr/.pyenv/versions/3.11.6/lib/python3.11/site-packages/airflow/example_dags/example_external_task_marker_dag.py
[2025-06-13T15:54:23.978-0400] {processor.py:925} INFO - DAG(s) 'example_external_task_marker_child', 'example_external_task_marker_parent' retrieved from /Users/pranavr/.pyenv/versions/3.11.6/lib/python3.11/site-packages/airflow/example_dags/example_external_task_marker_dag.py
[2025-06-13T15:54:24.238-0400] {logging_mixin.py:190} INFO - [2025-06-13T15:54:24.238-0400] {dag.py:3239} INFO - Sync 2 DAGs
[2025-06-13T15:54:24.242-0400] {logging_mixin.py:190} INFO - [2025-06-13T15:54:24.242-0400] {dag.py:4180} INFO - Setting next_dagrun for example_external_task_marker_child to None, run_after=None
[2025-06-13T15:54:24.243-0400] {logging_mixin.py:190} INFO - [2025-06-13T15:54:24.243-0400] {dag.py:4180} INFO - Setting next_dagrun for example_external_task_marker_parent to None, run_after=None
[2025-06-13T15:54:24.250-0400] {processor.py:208} INFO - Processing /Users/pranavr/.pyenv/versions/3.11.6/lib/python3.11/site-packages/airflow/example_dags/example_external_task_marker_dag.py took 281.104 seconds
[2025-06-13T15:56:49.052-0400] {processor.py:186} INFO - Started process (PID=23051) to work on /Users/pranavr/.pyenv/versions/3.11.6/lib/python3.11/site-packages/airflow/example_dags/example_external_task_marker_dag.py
[2025-06-13T15:56:49.054-0400] {processor.py:914} INFO - Processing file /Users/pranavr/.pyenv/versions/3.11.6/lib/python3.11/site-packages/airflow/example_dags/example_external_task_marker_dag.py for tasks to queue
[2025-06-13T15:56:49.054-0400] {logging_mixin.py:190} INFO - [2025-06-13T15:56:49.054-0400] {dagbag.py:588} INFO - Filling up the DagBag from /Users/pranavr/.pyenv/versions/3.11.6/lib/python3.11/site-packages/airflow/example_dags/example_external_task_marker_dag.py
[2025-06-13T15:56:49.060-0400] {processor.py:925} INFO - DAG(s) 'example_external_task_marker_child', 'example_external_task_marker_parent' retrieved from /Users/pranavr/.pyenv/versions/3.11.6/lib/python3.11/site-packages/airflow/example_dags/example_external_task_marker_dag.py
[2025-06-13T15:56:49.390-0400] {logging_mixin.py:190} INFO - [2025-06-13T15:56:49.390-0400] {dag.py:3239} INFO - Sync 2 DAGs
[2025-06-13T15:56:49.394-0400] {logging_mixin.py:190} INFO - [2025-06-13T15:56:49.394-0400] {dag.py:4180} INFO - Setting next_dagrun for example_external_task_marker_child to None, run_after=None
[2025-06-13T15:56:49.395-0400] {logging_mixin.py:190} INFO - [2025-06-13T15:56:49.395-0400] {dag.py:4180} INFO - Setting next_dagrun for example_external_task_marker_parent to None, run_after=None
[2025-06-13T15:56:49.401-0400] {processor.py:208} INFO - Processing /Users/pranavr/.pyenv/versions/3.11.6/lib/python3.11/site-packages/airflow/example_dags/example_external_task_marker_dag.py took 350.538 seconds
[2025-06-13T15:59:11.696-0400] {processor.py:186} INFO - Started process (PID=23374) to work on /Users/pranavr/.pyenv/versions/3.11.6/lib/python3.11/site-packages/airflow/example_dags/example_external_task_marker_dag.py
[2025-06-13T15:59:11.698-0400] {processor.py:914} INFO - Processing file /Users/pranavr/.pyenv/versions/3.11.6/lib/python3.11/site-packages/airflow/example_dags/example_external_task_marker_dag.py for tasks to queue
[2025-06-13T15:59:11.699-0400] {logging_mixin.py:190} INFO - [2025-06-13T15:59:11.699-0400] {dagbag.py:588} INFO - Filling up the DagBag from /Users/pranavr/.pyenv/versions/3.11.6/lib/python3.11/site-packages/airflow/example_dags/example_external_task_marker_dag.py
[2025-06-13T15:59:11.704-0400] {processor.py:925} INFO - DAG(s) 'example_external_task_marker_child', 'example_external_task_marker_parent' retrieved from /Users/pranavr/.pyenv/versions/3.11.6/lib/python3.11/site-packages/airflow/example_dags/example_external_task_marker_dag.py
[2025-06-13T15:59:12.031-0400] {logging_mixin.py:190} INFO - [2025-06-13T15:59:12.031-0400] {dag.py:3239} INFO - Sync 2 DAGs
[2025-06-13T15:59:12.035-0400] {logging_mixin.py:190} INFO - [2025-06-13T15:59:12.035-0400] {dag.py:4180} INFO - Setting next_dagrun for example_external_task_marker_child to None, run_after=None
[2025-06-13T15:59:12.036-0400] {logging_mixin.py:190} INFO - [2025-06-13T15:59:12.036-0400] {dag.py:4180} INFO - Setting next_dagrun for example_external_task_marker_parent to None, run_after=None
[2025-06-13T15:59:12.042-0400] {processor.py:208} INFO - Processing /Users/pranavr/.pyenv/versions/3.11.6/lib/python3.11/site-packages/airflow/example_dags/example_external_task_marker_dag.py took 347.169 seconds
[2025-06-13T16:01:41.716-0400] {processor.py:186} INFO - Started process (PID=23760) to work on /Users/pranavr/.pyenv/versions/3.11.6/lib/python3.11/site-packages/airflow/example_dags/example_external_task_marker_dag.py
[2025-06-13T16:01:41.725-0400] {processor.py:914} INFO - Processing file /Users/pranavr/.pyenv/versions/3.11.6/lib/python3.11/site-packages/airflow/example_dags/example_external_task_marker_dag.py for tasks to queue
[2025-06-13T16:01:41.725-0400] {logging_mixin.py:190} INFO - [2025-06-13T16:01:41.725-0400] {dagbag.py:588} INFO - Filling up the DagBag from /Users/pranavr/.pyenv/versions/3.11.6/lib/python3.11/site-packages/airflow/example_dags/example_external_task_marker_dag.py
[2025-06-13T16:01:41.730-0400] {processor.py:925} INFO - DAG(s) 'example_external_task_marker_parent', 'example_external_task_marker_child' retrieved from /Users/pranavr/.pyenv/versions/3.11.6/lib/python3.11/site-packages/airflow/example_dags/example_external_task_marker_dag.py
[2025-06-13T16:01:42.038-0400] {logging_mixin.py:190} INFO - [2025-06-13T16:01:42.038-0400] {dag.py:3239} INFO - Sync 2 DAGs
[2025-06-13T16:01:42.042-0400] {logging_mixin.py:190} INFO - [2025-06-13T16:01:42.042-0400] {dag.py:4180} INFO - Setting next_dagrun for example_external_task_marker_child to None, run_after=None
[2025-06-13T16:01:42.043-0400] {logging_mixin.py:190} INFO - [2025-06-13T16:01:42.043-0400] {dag.py:4180} INFO - Setting next_dagrun for example_external_task_marker_parent to None, run_after=None
[2025-06-13T16:01:42.050-0400] {processor.py:208} INFO - Processing /Users/pranavr/.pyenv/versions/3.11.6/lib/python3.11/site-packages/airflow/example_dags/example_external_task_marker_dag.py took 334.629 seconds
[2025-06-13T16:04:28.002-0400] {processor.py:186} INFO - Started process (PID=24182) to work on /Users/pranavr/.pyenv/versions/3.11.6/lib/python3.11/site-packages/airflow/example_dags/example_external_task_marker_dag.py
[2025-06-13T16:04:28.004-0400] {processor.py:914} INFO - Processing file /Users/pranavr/.pyenv/versions/3.11.6/lib/python3.11/site-packages/airflow/example_dags/example_external_task_marker_dag.py for tasks to queue
[2025-06-13T16:04:28.005-0400] {logging_mixin.py:190} INFO - [2025-06-13T16:04:28.004-0400] {dagbag.py:588} INFO - Filling up the DagBag from /Users/pranavr/.pyenv/versions/3.11.6/lib/python3.11/site-packages/airflow/example_dags/example_external_task_marker_dag.py
[2025-06-13T16:04:28.015-0400] {processor.py:925} INFO - DAG(s) 'example_external_task_marker_parent', 'example_external_task_marker_child' retrieved from /Users/pranavr/.pyenv/versions/3.11.6/lib/python3.11/site-packages/airflow/example_dags/example_external_task_marker_dag.py
[2025-06-13T16:04:28.647-0400] {logging_mixin.py:190} INFO - [2025-06-13T16:04:28.647-0400] {dag.py:3239} INFO - Sync 2 DAGs
[2025-06-13T16:04:28.653-0400] {logging_mixin.py:190} INFO - [2025-06-13T16:04:28.653-0400] {dag.py:4180} INFO - Setting next_dagrun for example_external_task_marker_child to None, run_after=None
[2025-06-13T16:04:28.654-0400] {logging_mixin.py:190} INFO - [2025-06-13T16:04:28.654-0400] {dag.py:4180} INFO - Setting next_dagrun for example_external_task_marker_parent to None, run_after=None
[2025-06-13T16:04:28.663-0400] {processor.py:208} INFO - Processing /Users/pranavr/.pyenv/versions/3.11.6/lib/python3.11/site-packages/airflow/example_dags/example_external_task_marker_dag.py took 662.696 seconds
