[2025-06-13T14:09:33.431-0400] {processor.py:153} INFO - Started process (PID=96535) to work on /Users/pranavr/drift-retrainer/venv311/lib/python3.11/site-packages/airflow/example_dags/tutorial_taskflow_api.py
[2025-06-13T14:09:33.433-0400] {processor.py:743} INFO - Processing file /Users/pranavr/drift-retrainer/venv311/lib/python3.11/site-packages/airflow/example_dags/tutorial_taskflow_api.py for tasks to queue
[2025-06-13T14:09:33.433-0400] {logging_mixin.py:137} INFO - [2025-06-13T14:09:33.433-0400] {dagbag.py:538} INFO - Filling up the DagBag from /Users/pranavr/drift-retrainer/venv311/lib/python3.11/site-packages/airflow/example_dags/tutorial_taskflow_api.py
[2025-06-13T14:09:33.475-0400] {processor.py:753} INFO - DAG(s) dict_keys(['tutorial_taskflow_api']) retrieved from /Users/pranavr/drift-retrainer/venv311/lib/python3.11/site-packages/airflow/example_dags/tutorial_taskflow_api.py
[2025-06-13T14:09:33.963-0400] {logging_mixin.py:137} INFO - [2025-06-13T14:09:33.963-0400] {manager.py:504} INFO - Created Permission View: can read on DAG:tutorial_taskflow_api
[2025-06-13T14:09:33.966-0400] {logging_mixin.py:137} INFO - [2025-06-13T14:09:33.966-0400] {manager.py:504} INFO - Created Permission View: can delete on DAG:tutorial_taskflow_api
[2025-06-13T14:09:33.968-0400] {logging_mixin.py:137} INFO - [2025-06-13T14:09:33.968-0400] {manager.py:504} INFO - Created Permission View: can edit on DAG:tutorial_taskflow_api
[2025-06-13T14:09:33.968-0400] {logging_mixin.py:137} INFO - [2025-06-13T14:09:33.968-0400] {dag.py:2690} INFO - Sync 1 DAGs
[2025-06-13T14:09:33.973-0400] {logging_mixin.py:137} INFO - [2025-06-13T14:09:33.973-0400] {dag.py:2711} INFO - Creating ORM DAG for tutorial_taskflow_api
[2025-06-13T14:09:33.976-0400] {logging_mixin.py:137} INFO - [2025-06-13T14:09:33.976-0400] {dag.py:3437} INFO - Setting next_dagrun for tutorial_taskflow_api to None, run_after=None
[2025-06-13T14:09:33.983-0400] {processor.py:175} INFO - Processing /Users/pranavr/drift-retrainer/venv311/lib/python3.11/site-packages/airflow/example_dags/tutorial_taskflow_api.py took 0.553 seconds
[2025-06-13T14:11:03.575-0400] {processor.py:153} INFO - Started process (PID=97215) to work on /Users/pranavr/drift-retrainer/venv311/lib/python3.11/site-packages/airflow/example_dags/tutorial_taskflow_api.py
[2025-06-13T14:11:03.582-0400] {processor.py:743} INFO - Processing file /Users/pranavr/drift-retrainer/venv311/lib/python3.11/site-packages/airflow/example_dags/tutorial_taskflow_api.py for tasks to queue
[2025-06-13T14:11:03.583-0400] {logging_mixin.py:137} INFO - [2025-06-13T14:11:03.583-0400] {dagbag.py:538} INFO - Filling up the DagBag from /Users/pranavr/drift-retrainer/venv311/lib/python3.11/site-packages/airflow/example_dags/tutorial_taskflow_api.py
[2025-06-13T14:11:03.612-0400] {processor.py:753} INFO - DAG(s) dict_keys(['tutorial_taskflow_api']) retrieved from /Users/pranavr/drift-retrainer/venv311/lib/python3.11/site-packages/airflow/example_dags/tutorial_taskflow_api.py
[2025-06-13T14:11:04.062-0400] {logging_mixin.py:137} INFO - [2025-06-13T14:11:04.062-0400] {dag.py:2690} INFO - Sync 1 DAGs
[2025-06-13T14:11:04.068-0400] {logging_mixin.py:137} INFO - [2025-06-13T14:11:04.068-0400] {dag.py:3437} INFO - Setting next_dagrun for tutorial_taskflow_api to None, run_after=None
[2025-06-13T14:11:04.076-0400] {processor.py:175} INFO - Processing /Users/pranavr/drift-retrainer/venv311/lib/python3.11/site-packages/airflow/example_dags/tutorial_taskflow_api.py took 0.502 seconds
[2025-06-13T14:12:04.261-0400] {processor.py:153} INFO - Started process (PID=97664) to work on /Users/pranavr/drift-retrainer/venv311/lib/python3.11/site-packages/airflow/example_dags/tutorial_taskflow_api.py
[2025-06-13T14:12:04.263-0400] {processor.py:743} INFO - Processing file /Users/pranavr/drift-retrainer/venv311/lib/python3.11/site-packages/airflow/example_dags/tutorial_taskflow_api.py for tasks to queue
[2025-06-13T14:12:04.263-0400] {logging_mixin.py:137} INFO - [2025-06-13T14:12:04.263-0400] {dagbag.py:538} INFO - Filling up the DagBag from /Users/pranavr/drift-retrainer/venv311/lib/python3.11/site-packages/airflow/example_dags/tutorial_taskflow_api.py
[2025-06-13T14:12:04.315-0400] {processor.py:753} INFO - DAG(s) dict_keys(['tutorial_taskflow_api']) retrieved from /Users/pranavr/drift-retrainer/venv311/lib/python3.11/site-packages/airflow/example_dags/tutorial_taskflow_api.py
[2025-06-13T14:12:04.765-0400] {logging_mixin.py:137} INFO - [2025-06-13T14:12:04.765-0400] {dag.py:2690} INFO - Sync 1 DAGs
[2025-06-13T14:12:04.772-0400] {logging_mixin.py:137} INFO - [2025-06-13T14:12:04.772-0400] {dag.py:3437} INFO - Setting next_dagrun for tutorial_taskflow_api to None, run_after=None
[2025-06-13T14:12:04.781-0400] {processor.py:175} INFO - Processing /Users/pranavr/drift-retrainer/venv311/lib/python3.11/site-packages/airflow/example_dags/tutorial_taskflow_api.py took 0.520 seconds
[2025-06-13T14:13:01.080-0400] {processor.py:153} INFO - Started process (PID=97756) to work on /Users/pranavr/drift-retrainer/venv311/lib/python3.11/site-packages/airflow/example_dags/tutorial_taskflow_api.py
[2025-06-13T14:13:01.082-0400] {processor.py:743} INFO - Processing file /Users/pranavr/drift-retrainer/venv311/lib/python3.11/site-packages/airflow/example_dags/tutorial_taskflow_api.py for tasks to queue
[2025-06-13T14:13:01.082-0400] {logging_mixin.py:137} INFO - [2025-06-13T14:13:01.082-0400] {dagbag.py:538} INFO - Filling up the DagBag from /Users/pranavr/drift-retrainer/venv311/lib/python3.11/site-packages/airflow/example_dags/tutorial_taskflow_api.py
[2025-06-13T14:13:01.110-0400] {processor.py:753} INFO - DAG(s) dict_keys(['tutorial_taskflow_api']) retrieved from /Users/pranavr/drift-retrainer/venv311/lib/python3.11/site-packages/airflow/example_dags/tutorial_taskflow_api.py
[2025-06-13T14:13:01.583-0400] {logging_mixin.py:137} INFO - [2025-06-13T14:13:01.583-0400] {dag.py:2690} INFO - Sync 1 DAGs
[2025-06-13T14:13:01.590-0400] {logging_mixin.py:137} INFO - [2025-06-13T14:13:01.590-0400] {dag.py:3437} INFO - Setting next_dagrun for tutorial_taskflow_api to None, run_after=None
[2025-06-13T14:13:01.599-0400] {processor.py:175} INFO - Processing /Users/pranavr/drift-retrainer/venv311/lib/python3.11/site-packages/airflow/example_dags/tutorial_taskflow_api.py took 0.519 seconds
[2025-06-13T14:13:56.080-0400] {processor.py:153} INFO - Started process (PID=97950) to work on /Users/pranavr/drift-retrainer/venv311/lib/python3.11/site-packages/airflow/example_dags/tutorial_taskflow_api.py
[2025-06-13T14:13:56.089-0400] {processor.py:743} INFO - Processing file /Users/pranavr/drift-retrainer/venv311/lib/python3.11/site-packages/airflow/example_dags/tutorial_taskflow_api.py for tasks to queue
[2025-06-13T14:13:56.090-0400] {logging_mixin.py:137} INFO - [2025-06-13T14:13:56.089-0400] {dagbag.py:538} INFO - Filling up the DagBag from /Users/pranavr/drift-retrainer/venv311/lib/python3.11/site-packages/airflow/example_dags/tutorial_taskflow_api.py
[2025-06-13T14:13:56.123-0400] {processor.py:753} INFO - DAG(s) dict_keys(['tutorial_taskflow_api']) retrieved from /Users/pranavr/drift-retrainer/venv311/lib/python3.11/site-packages/airflow/example_dags/tutorial_taskflow_api.py
[2025-06-13T14:13:56.637-0400] {logging_mixin.py:137} INFO - [2025-06-13T14:13:56.636-0400] {dag.py:2690} INFO - Sync 1 DAGs
[2025-06-13T14:13:56.645-0400] {logging_mixin.py:137} INFO - [2025-06-13T14:13:56.645-0400] {dag.py:3437} INFO - Setting next_dagrun for tutorial_taskflow_api to None, run_after=None
[2025-06-13T14:13:56.658-0400] {processor.py:175} INFO - Processing /Users/pranavr/drift-retrainer/venv311/lib/python3.11/site-packages/airflow/example_dags/tutorial_taskflow_api.py took 0.580 seconds
[2025-06-13T14:14:49.708-0400] {processor.py:153} INFO - Started process (PID=954) to work on /Users/pranavr/drift-retrainer/venv311/lib/python3.11/site-packages/airflow/example_dags/tutorial_taskflow_api.py
[2025-06-13T14:14:49.711-0400] {processor.py:743} INFO - Processing file /Users/pranavr/drift-retrainer/venv311/lib/python3.11/site-packages/airflow/example_dags/tutorial_taskflow_api.py for tasks to queue
[2025-06-13T14:14:49.711-0400] {logging_mixin.py:137} INFO - [2025-06-13T14:14:49.711-0400] {dagbag.py:538} INFO - Filling up the DagBag from /Users/pranavr/drift-retrainer/venv311/lib/python3.11/site-packages/airflow/example_dags/tutorial_taskflow_api.py
[2025-06-13T14:14:49.761-0400] {processor.py:753} INFO - DAG(s) dict_keys(['tutorial_taskflow_api']) retrieved from /Users/pranavr/drift-retrainer/venv311/lib/python3.11/site-packages/airflow/example_dags/tutorial_taskflow_api.py
[2025-06-13T14:14:50.234-0400] {logging_mixin.py:137} INFO - [2025-06-13T14:14:50.234-0400] {dag.py:2690} INFO - Sync 1 DAGs
[2025-06-13T14:14:50.240-0400] {logging_mixin.py:137} INFO - [2025-06-13T14:14:50.240-0400] {dag.py:3437} INFO - Setting next_dagrun for tutorial_taskflow_api to None, run_after=None
[2025-06-13T14:14:50.248-0400] {processor.py:175} INFO - Processing /Users/pranavr/drift-retrainer/venv311/lib/python3.11/site-packages/airflow/example_dags/tutorial_taskflow_api.py took 0.540 seconds
[2025-06-13T14:15:48.419-0400] {processor.py:153} INFO - Started process (PID=3258) to work on /Users/pranavr/drift-retrainer/venv311/lib/python3.11/site-packages/airflow/example_dags/tutorial_taskflow_api.py
[2025-06-13T14:15:48.421-0400] {processor.py:743} INFO - Processing file /Users/pranavr/drift-retrainer/venv311/lib/python3.11/site-packages/airflow/example_dags/tutorial_taskflow_api.py for tasks to queue
[2025-06-13T14:15:48.421-0400] {logging_mixin.py:137} INFO - [2025-06-13T14:15:48.421-0400] {dagbag.py:538} INFO - Filling up the DagBag from /Users/pranavr/drift-retrainer/venv311/lib/python3.11/site-packages/airflow/example_dags/tutorial_taskflow_api.py
[2025-06-13T14:15:48.454-0400] {processor.py:753} INFO - DAG(s) dict_keys(['tutorial_taskflow_api']) retrieved from /Users/pranavr/drift-retrainer/venv311/lib/python3.11/site-packages/airflow/example_dags/tutorial_taskflow_api.py
[2025-06-13T14:15:48.989-0400] {logging_mixin.py:137} INFO - [2025-06-13T14:15:48.989-0400] {dag.py:2690} INFO - Sync 1 DAGs
[2025-06-13T14:15:48.996-0400] {logging_mixin.py:137} INFO - [2025-06-13T14:15:48.996-0400] {dag.py:3437} INFO - Setting next_dagrun for tutorial_taskflow_api to None, run_after=None
[2025-06-13T14:15:49.008-0400] {processor.py:175} INFO - Processing /Users/pranavr/drift-retrainer/venv311/lib/python3.11/site-packages/airflow/example_dags/tutorial_taskflow_api.py took 0.590 seconds
[2025-06-13T14:16:47.268-0400] {processor.py:153} INFO - Started process (PID=3877) to work on /Users/pranavr/drift-retrainer/venv311/lib/python3.11/site-packages/airflow/example_dags/tutorial_taskflow_api.py
[2025-06-13T14:16:47.270-0400] {processor.py:743} INFO - Processing file /Users/pranavr/drift-retrainer/venv311/lib/python3.11/site-packages/airflow/example_dags/tutorial_taskflow_api.py for tasks to queue
[2025-06-13T14:16:47.271-0400] {logging_mixin.py:137} INFO - [2025-06-13T14:16:47.271-0400] {dagbag.py:538} INFO - Filling up the DagBag from /Users/pranavr/drift-retrainer/venv311/lib/python3.11/site-packages/airflow/example_dags/tutorial_taskflow_api.py
[2025-06-13T14:16:47.308-0400] {processor.py:753} INFO - DAG(s) dict_keys(['tutorial_taskflow_api']) retrieved from /Users/pranavr/drift-retrainer/venv311/lib/python3.11/site-packages/airflow/example_dags/tutorial_taskflow_api.py
[2025-06-13T14:16:47.785-0400] {logging_mixin.py:137} INFO - [2025-06-13T14:16:47.785-0400] {dag.py:2690} INFO - Sync 1 DAGs
[2025-06-13T14:16:47.791-0400] {logging_mixin.py:137} INFO - [2025-06-13T14:16:47.791-0400] {dag.py:3437} INFO - Setting next_dagrun for tutorial_taskflow_api to None, run_after=None
[2025-06-13T14:16:47.800-0400] {processor.py:175} INFO - Processing /Users/pranavr/drift-retrainer/venv311/lib/python3.11/site-packages/airflow/example_dags/tutorial_taskflow_api.py took 0.533 seconds
[2025-06-13T14:17:42.610-0400] {processor.py:153} INFO - Started process (PID=5162) to work on /Users/pranavr/drift-retrainer/venv311/lib/python3.11/site-packages/airflow/example_dags/tutorial_taskflow_api.py
[2025-06-13T14:17:42.613-0400] {processor.py:743} INFO - Processing file /Users/pranavr/drift-retrainer/venv311/lib/python3.11/site-packages/airflow/example_dags/tutorial_taskflow_api.py for tasks to queue
[2025-06-13T14:17:42.614-0400] {logging_mixin.py:137} INFO - [2025-06-13T14:17:42.614-0400] {dagbag.py:538} INFO - Filling up the DagBag from /Users/pranavr/drift-retrainer/venv311/lib/python3.11/site-packages/airflow/example_dags/tutorial_taskflow_api.py
[2025-06-13T14:17:42.658-0400] {processor.py:753} INFO - DAG(s) dict_keys(['tutorial_taskflow_api']) retrieved from /Users/pranavr/drift-retrainer/venv311/lib/python3.11/site-packages/airflow/example_dags/tutorial_taskflow_api.py
[2025-06-13T14:17:43.154-0400] {logging_mixin.py:137} INFO - [2025-06-13T14:17:43.154-0400] {dag.py:2690} INFO - Sync 1 DAGs
[2025-06-13T14:17:43.163-0400] {logging_mixin.py:137} INFO - [2025-06-13T14:17:43.163-0400] {dag.py:3437} INFO - Setting next_dagrun for tutorial_taskflow_api to None, run_after=None
[2025-06-13T14:17:43.174-0400] {processor.py:175} INFO - Processing /Users/pranavr/drift-retrainer/venv311/lib/python3.11/site-packages/airflow/example_dags/tutorial_taskflow_api.py took 0.564 seconds
[2025-06-13T14:18:42.679-0400] {processor.py:153} INFO - Started process (PID=6365) to work on /Users/pranavr/drift-retrainer/venv311/lib/python3.11/site-packages/airflow/example_dags/tutorial_taskflow_api.py
[2025-06-13T14:18:42.714-0400] {processor.py:743} INFO - Processing file /Users/pranavr/drift-retrainer/venv311/lib/python3.11/site-packages/airflow/example_dags/tutorial_taskflow_api.py for tasks to queue
[2025-06-13T14:18:42.716-0400] {logging_mixin.py:137} INFO - [2025-06-13T14:18:42.715-0400] {dagbag.py:538} INFO - Filling up the DagBag from /Users/pranavr/drift-retrainer/venv311/lib/python3.11/site-packages/airflow/example_dags/tutorial_taskflow_api.py
[2025-06-13T14:18:42.784-0400] {processor.py:753} INFO - DAG(s) dict_keys(['tutorial_taskflow_api']) retrieved from /Users/pranavr/drift-retrainer/venv311/lib/python3.11/site-packages/airflow/example_dags/tutorial_taskflow_api.py
[2025-06-13T14:18:43.250-0400] {logging_mixin.py:137} INFO - [2025-06-13T14:18:43.249-0400] {dag.py:2690} INFO - Sync 1 DAGs
[2025-06-13T14:18:43.259-0400] {logging_mixin.py:137} INFO - [2025-06-13T14:18:43.259-0400] {dag.py:3437} INFO - Setting next_dagrun for tutorial_taskflow_api to None, run_after=None
[2025-06-13T14:18:43.271-0400] {processor.py:175} INFO - Processing /Users/pranavr/drift-retrainer/venv311/lib/python3.11/site-packages/airflow/example_dags/tutorial_taskflow_api.py took 0.603 seconds
[2025-06-13T14:19:43.635-0400] {processor.py:153} INFO - Started process (PID=6523) to work on /Users/pranavr/drift-retrainer/venv311/lib/python3.11/site-packages/airflow/example_dags/tutorial_taskflow_api.py
[2025-06-13T14:19:43.637-0400] {processor.py:743} INFO - Processing file /Users/pranavr/drift-retrainer/venv311/lib/python3.11/site-packages/airflow/example_dags/tutorial_taskflow_api.py for tasks to queue
[2025-06-13T14:19:43.637-0400] {logging_mixin.py:137} INFO - [2025-06-13T14:19:43.637-0400] {dagbag.py:538} INFO - Filling up the DagBag from /Users/pranavr/drift-retrainer/venv311/lib/python3.11/site-packages/airflow/example_dags/tutorial_taskflow_api.py
[2025-06-13T14:19:43.677-0400] {processor.py:753} INFO - DAG(s) dict_keys(['tutorial_taskflow_api']) retrieved from /Users/pranavr/drift-retrainer/venv311/lib/python3.11/site-packages/airflow/example_dags/tutorial_taskflow_api.py
[2025-06-13T14:19:44.160-0400] {logging_mixin.py:137} INFO - [2025-06-13T14:19:44.160-0400] {dag.py:2690} INFO - Sync 1 DAGs
[2025-06-13T14:19:44.169-0400] {logging_mixin.py:137} INFO - [2025-06-13T14:19:44.169-0400] {dag.py:3437} INFO - Setting next_dagrun for tutorial_taskflow_api to None, run_after=None
[2025-06-13T14:19:44.178-0400] {processor.py:175} INFO - Processing /Users/pranavr/drift-retrainer/venv311/lib/python3.11/site-packages/airflow/example_dags/tutorial_taskflow_api.py took 0.543 seconds
[2025-06-13T14:21:32.701-0400] {processor.py:186} INFO - Started process (PID=7457) to work on /Users/pranavr/.pyenv/versions/3.11.6/lib/python3.11/site-packages/airflow/example_dags/tutorial_taskflow_api.py
[2025-06-13T14:21:32.703-0400] {processor.py:914} INFO - Processing file /Users/pranavr/.pyenv/versions/3.11.6/lib/python3.11/site-packages/airflow/example_dags/tutorial_taskflow_api.py for tasks to queue
[2025-06-13T14:21:32.704-0400] {logging_mixin.py:190} INFO - [2025-06-13T14:21:32.704-0400] {dagbag.py:588} INFO - Filling up the DagBag from /Users/pranavr/.pyenv/versions/3.11.6/lib/python3.11/site-packages/airflow/example_dags/tutorial_taskflow_api.py
[2025-06-13T14:21:32.723-0400] {processor.py:925} INFO - DAG(s) 'tutorial_taskflow_api' retrieved from /Users/pranavr/.pyenv/versions/3.11.6/lib/python3.11/site-packages/airflow/example_dags/tutorial_taskflow_api.py
[2025-06-13T14:21:32.849-0400] {logging_mixin.py:190} INFO - [2025-06-13T14:21:32.849-0400] {dag.py:3239} INFO - Sync 1 DAGs
[2025-06-13T14:21:32.854-0400] {logging_mixin.py:190} INFO - [2025-06-13T14:21:32.854-0400] {dag.py:4180} INFO - Setting next_dagrun for tutorial_taskflow_api to None, run_after=None
[2025-06-13T14:21:32.866-0400] {processor.py:208} INFO - Processing /Users/pranavr/.pyenv/versions/3.11.6/lib/python3.11/site-packages/airflow/example_dags/tutorial_taskflow_api.py took 166.732 seconds
[2025-06-13T14:23:39.784-0400] {processor.py:186} INFO - Started process (PID=7844) to work on /Users/pranavr/.pyenv/versions/3.11.6/lib/python3.11/site-packages/airflow/example_dags/tutorial_taskflow_api.py
[2025-06-13T14:23:39.787-0400] {processor.py:914} INFO - Processing file /Users/pranavr/.pyenv/versions/3.11.6/lib/python3.11/site-packages/airflow/example_dags/tutorial_taskflow_api.py for tasks to queue
[2025-06-13T14:23:39.788-0400] {logging_mixin.py:190} INFO - [2025-06-13T14:23:39.788-0400] {dagbag.py:588} INFO - Filling up the DagBag from /Users/pranavr/.pyenv/versions/3.11.6/lib/python3.11/site-packages/airflow/example_dags/tutorial_taskflow_api.py
[2025-06-13T14:23:39.819-0400] {processor.py:925} INFO - DAG(s) 'tutorial_taskflow_api' retrieved from /Users/pranavr/.pyenv/versions/3.11.6/lib/python3.11/site-packages/airflow/example_dags/tutorial_taskflow_api.py
[2025-06-13T14:23:39.927-0400] {logging_mixin.py:190} INFO - [2025-06-13T14:23:39.927-0400] {dag.py:3239} INFO - Sync 1 DAGs
[2025-06-13T14:23:39.934-0400] {logging_mixin.py:190} INFO - [2025-06-13T14:23:39.933-0400] {dag.py:4180} INFO - Setting next_dagrun for tutorial_taskflow_api to None, run_after=None
[2025-06-13T14:23:39.943-0400] {processor.py:208} INFO - Processing /Users/pranavr/.pyenv/versions/3.11.6/lib/python3.11/site-packages/airflow/example_dags/tutorial_taskflow_api.py took 161.119 seconds
[2025-06-13T14:25:11.534-0400] {processor.py:186} INFO - Started process (PID=7970) to work on /Users/pranavr/.pyenv/versions/3.11.6/lib/python3.11/site-packages/airflow/example_dags/tutorial_taskflow_api.py
[2025-06-13T14:25:11.536-0400] {processor.py:914} INFO - Processing file /Users/pranavr/.pyenv/versions/3.11.6/lib/python3.11/site-packages/airflow/example_dags/tutorial_taskflow_api.py for tasks to queue
[2025-06-13T14:25:11.537-0400] {logging_mixin.py:190} INFO - [2025-06-13T14:25:11.536-0400] {dagbag.py:588} INFO - Filling up the DagBag from /Users/pranavr/.pyenv/versions/3.11.6/lib/python3.11/site-packages/airflow/example_dags/tutorial_taskflow_api.py
[2025-06-13T14:25:11.554-0400] {processor.py:925} INFO - DAG(s) 'tutorial_taskflow_api' retrieved from /Users/pranavr/.pyenv/versions/3.11.6/lib/python3.11/site-packages/airflow/example_dags/tutorial_taskflow_api.py
[2025-06-13T14:25:11.640-0400] {logging_mixin.py:190} INFO - [2025-06-13T14:25:11.640-0400] {dag.py:3239} INFO - Sync 1 DAGs
[2025-06-13T14:25:11.646-0400] {logging_mixin.py:190} INFO - [2025-06-13T14:25:11.646-0400] {dag.py:4180} INFO - Setting next_dagrun for tutorial_taskflow_api to None, run_after=None
[2025-06-13T14:25:11.655-0400] {processor.py:208} INFO - Processing /Users/pranavr/.pyenv/versions/3.11.6/lib/python3.11/site-packages/airflow/example_dags/tutorial_taskflow_api.py took 122.313 seconds
[2025-06-13T14:26:43.198-0400] {processor.py:186} INFO - Started process (PID=8080) to work on /Users/pranavr/.pyenv/versions/3.11.6/lib/python3.11/site-packages/airflow/example_dags/tutorial_taskflow_api.py
[2025-06-13T14:26:43.205-0400] {processor.py:914} INFO - Processing file /Users/pranavr/.pyenv/versions/3.11.6/lib/python3.11/site-packages/airflow/example_dags/tutorial_taskflow_api.py for tasks to queue
[2025-06-13T14:26:43.206-0400] {logging_mixin.py:190} INFO - [2025-06-13T14:26:43.206-0400] {dagbag.py:588} INFO - Filling up the DagBag from /Users/pranavr/.pyenv/versions/3.11.6/lib/python3.11/site-packages/airflow/example_dags/tutorial_taskflow_api.py
[2025-06-13T14:26:43.225-0400] {processor.py:925} INFO - DAG(s) 'tutorial_taskflow_api' retrieved from /Users/pranavr/.pyenv/versions/3.11.6/lib/python3.11/site-packages/airflow/example_dags/tutorial_taskflow_api.py
[2025-06-13T14:26:43.323-0400] {logging_mixin.py:190} INFO - [2025-06-13T14:26:43.323-0400] {dag.py:3239} INFO - Sync 1 DAGs
[2025-06-13T14:26:43.328-0400] {logging_mixin.py:190} INFO - [2025-06-13T14:26:43.328-0400] {dag.py:4180} INFO - Setting next_dagrun for tutorial_taskflow_api to None, run_after=None
[2025-06-13T14:26:43.336-0400] {processor.py:208} INFO - Processing /Users/pranavr/.pyenv/versions/3.11.6/lib/python3.11/site-packages/airflow/example_dags/tutorial_taskflow_api.py took 140.249 seconds
[2025-06-13T14:28:14.445-0400] {processor.py:186} INFO - Started process (PID=8776) to work on /Users/pranavr/.pyenv/versions/3.11.6/lib/python3.11/site-packages/airflow/example_dags/tutorial_taskflow_api.py
[2025-06-13T14:28:14.448-0400] {processor.py:914} INFO - Processing file /Users/pranavr/.pyenv/versions/3.11.6/lib/python3.11/site-packages/airflow/example_dags/tutorial_taskflow_api.py for tasks to queue
[2025-06-13T14:28:14.448-0400] {logging_mixin.py:190} INFO - [2025-06-13T14:28:14.448-0400] {dagbag.py:588} INFO - Filling up the DagBag from /Users/pranavr/.pyenv/versions/3.11.6/lib/python3.11/site-packages/airflow/example_dags/tutorial_taskflow_api.py
[2025-06-13T14:28:14.466-0400] {processor.py:925} INFO - DAG(s) 'tutorial_taskflow_api' retrieved from /Users/pranavr/.pyenv/versions/3.11.6/lib/python3.11/site-packages/airflow/example_dags/tutorial_taskflow_api.py
[2025-06-13T14:28:14.547-0400] {logging_mixin.py:190} INFO - [2025-06-13T14:28:14.546-0400] {dag.py:3239} INFO - Sync 1 DAGs
[2025-06-13T14:28:14.551-0400] {logging_mixin.py:190} INFO - [2025-06-13T14:28:14.551-0400] {dag.py:4180} INFO - Setting next_dagrun for tutorial_taskflow_api to None, run_after=None
[2025-06-13T14:28:14.561-0400] {processor.py:208} INFO - Processing /Users/pranavr/.pyenv/versions/3.11.6/lib/python3.11/site-packages/airflow/example_dags/tutorial_taskflow_api.py took 116.620 seconds
[2025-06-13T14:29:46.646-0400] {processor.py:186} INFO - Started process (PID=8900) to work on /Users/pranavr/.pyenv/versions/3.11.6/lib/python3.11/site-packages/airflow/example_dags/tutorial_taskflow_api.py
[2025-06-13T14:29:46.648-0400] {processor.py:914} INFO - Processing file /Users/pranavr/.pyenv/versions/3.11.6/lib/python3.11/site-packages/airflow/example_dags/tutorial_taskflow_api.py for tasks to queue
[2025-06-13T14:29:46.648-0400] {logging_mixin.py:190} INFO - [2025-06-13T14:29:46.648-0400] {dagbag.py:588} INFO - Filling up the DagBag from /Users/pranavr/.pyenv/versions/3.11.6/lib/python3.11/site-packages/airflow/example_dags/tutorial_taskflow_api.py
[2025-06-13T14:29:46.671-0400] {processor.py:925} INFO - DAG(s) 'tutorial_taskflow_api' retrieved from /Users/pranavr/.pyenv/versions/3.11.6/lib/python3.11/site-packages/airflow/example_dags/tutorial_taskflow_api.py
[2025-06-13T14:29:46.754-0400] {logging_mixin.py:190} INFO - [2025-06-13T14:29:46.754-0400] {dag.py:3239} INFO - Sync 1 DAGs
[2025-06-13T14:29:46.760-0400] {logging_mixin.py:190} INFO - [2025-06-13T14:29:46.760-0400] {dag.py:4180} INFO - Setting next_dagrun for tutorial_taskflow_api to None, run_after=None
[2025-06-13T14:29:46.769-0400] {processor.py:208} INFO - Processing /Users/pranavr/.pyenv/versions/3.11.6/lib/python3.11/site-packages/airflow/example_dags/tutorial_taskflow_api.py took 124.778 seconds
[2025-06-13T14:31:15.355-0400] {processor.py:186} INFO - Started process (PID=9337) to work on /Users/pranavr/.pyenv/versions/3.11.6/lib/python3.11/site-packages/airflow/example_dags/tutorial_taskflow_api.py
[2025-06-13T14:31:15.357-0400] {processor.py:914} INFO - Processing file /Users/pranavr/.pyenv/versions/3.11.6/lib/python3.11/site-packages/airflow/example_dags/tutorial_taskflow_api.py for tasks to queue
[2025-06-13T14:31:15.358-0400] {logging_mixin.py:190} INFO - [2025-06-13T14:31:15.357-0400] {dagbag.py:588} INFO - Filling up the DagBag from /Users/pranavr/.pyenv/versions/3.11.6/lib/python3.11/site-packages/airflow/example_dags/tutorial_taskflow_api.py
[2025-06-13T14:31:15.376-0400] {processor.py:925} INFO - DAG(s) 'tutorial_taskflow_api' retrieved from /Users/pranavr/.pyenv/versions/3.11.6/lib/python3.11/site-packages/airflow/example_dags/tutorial_taskflow_api.py
[2025-06-13T14:31:15.458-0400] {logging_mixin.py:190} INFO - [2025-06-13T14:31:15.458-0400] {dag.py:3239} INFO - Sync 1 DAGs
[2025-06-13T14:31:15.464-0400] {logging_mixin.py:190} INFO - [2025-06-13T14:31:15.463-0400] {dag.py:4180} INFO - Setting next_dagrun for tutorial_taskflow_api to None, run_after=None
[2025-06-13T14:31:15.474-0400] {processor.py:208} INFO - Processing /Users/pranavr/.pyenv/versions/3.11.6/lib/python3.11/site-packages/airflow/example_dags/tutorial_taskflow_api.py took 120.798 seconds
[2025-06-13T14:32:46.771-0400] {processor.py:186} INFO - Started process (PID=9557) to work on /Users/pranavr/.pyenv/versions/3.11.6/lib/python3.11/site-packages/airflow/example_dags/tutorial_taskflow_api.py
[2025-06-13T14:32:46.773-0400] {processor.py:914} INFO - Processing file /Users/pranavr/.pyenv/versions/3.11.6/lib/python3.11/site-packages/airflow/example_dags/tutorial_taskflow_api.py for tasks to queue
[2025-06-13T14:32:46.773-0400] {logging_mixin.py:190} INFO - [2025-06-13T14:32:46.773-0400] {dagbag.py:588} INFO - Filling up the DagBag from /Users/pranavr/.pyenv/versions/3.11.6/lib/python3.11/site-packages/airflow/example_dags/tutorial_taskflow_api.py
[2025-06-13T14:32:46.800-0400] {processor.py:925} INFO - DAG(s) 'tutorial_taskflow_api' retrieved from /Users/pranavr/.pyenv/versions/3.11.6/lib/python3.11/site-packages/airflow/example_dags/tutorial_taskflow_api.py
[2025-06-13T14:32:46.917-0400] {logging_mixin.py:190} INFO - [2025-06-13T14:32:46.917-0400] {dag.py:3239} INFO - Sync 1 DAGs
[2025-06-13T14:32:46.935-0400] {logging_mixin.py:190} INFO - [2025-06-13T14:32:46.935-0400] {dag.py:4180} INFO - Setting next_dagrun for tutorial_taskflow_api to None, run_after=None
[2025-06-13T14:32:46.966-0400] {processor.py:208} INFO - Processing /Users/pranavr/.pyenv/versions/3.11.6/lib/python3.11/site-packages/airflow/example_dags/tutorial_taskflow_api.py took 196.435 seconds
[2025-06-13T14:34:17.497-0400] {processor.py:186} INFO - Started process (PID=9945) to work on /Users/pranavr/.pyenv/versions/3.11.6/lib/python3.11/site-packages/airflow/example_dags/tutorial_taskflow_api.py
[2025-06-13T14:34:17.500-0400] {processor.py:914} INFO - Processing file /Users/pranavr/.pyenv/versions/3.11.6/lib/python3.11/site-packages/airflow/example_dags/tutorial_taskflow_api.py for tasks to queue
[2025-06-13T14:34:17.501-0400] {logging_mixin.py:190} INFO - [2025-06-13T14:34:17.501-0400] {dagbag.py:588} INFO - Filling up the DagBag from /Users/pranavr/.pyenv/versions/3.11.6/lib/python3.11/site-packages/airflow/example_dags/tutorial_taskflow_api.py
[2025-06-13T14:34:17.523-0400] {processor.py:925} INFO - DAG(s) 'tutorial_taskflow_api' retrieved from /Users/pranavr/.pyenv/versions/3.11.6/lib/python3.11/site-packages/airflow/example_dags/tutorial_taskflow_api.py
[2025-06-13T14:34:17.607-0400] {logging_mixin.py:190} INFO - [2025-06-13T14:34:17.607-0400] {dag.py:3239} INFO - Sync 1 DAGs
[2025-06-13T14:34:17.613-0400] {logging_mixin.py:190} INFO - [2025-06-13T14:34:17.613-0400] {dag.py:4180} INFO - Setting next_dagrun for tutorial_taskflow_api to None, run_after=None
[2025-06-13T14:34:17.626-0400] {processor.py:208} INFO - Processing /Users/pranavr/.pyenv/versions/3.11.6/lib/python3.11/site-packages/airflow/example_dags/tutorial_taskflow_api.py took 130.871 seconds
[2025-06-13T14:35:49.783-0400] {processor.py:186} INFO - Started process (PID=10197) to work on /Users/pranavr/.pyenv/versions/3.11.6/lib/python3.11/site-packages/airflow/example_dags/tutorial_taskflow_api.py
[2025-06-13T14:35:49.786-0400] {processor.py:914} INFO - Processing file /Users/pranavr/.pyenv/versions/3.11.6/lib/python3.11/site-packages/airflow/example_dags/tutorial_taskflow_api.py for tasks to queue
[2025-06-13T14:35:49.789-0400] {logging_mixin.py:190} INFO - [2025-06-13T14:35:49.789-0400] {dagbag.py:588} INFO - Filling up the DagBag from /Users/pranavr/.pyenv/versions/3.11.6/lib/python3.11/site-packages/airflow/example_dags/tutorial_taskflow_api.py
[2025-06-13T14:35:49.826-0400] {processor.py:925} INFO - DAG(s) 'tutorial_taskflow_api' retrieved from /Users/pranavr/.pyenv/versions/3.11.6/lib/python3.11/site-packages/airflow/example_dags/tutorial_taskflow_api.py
[2025-06-13T14:35:49.925-0400] {logging_mixin.py:190} INFO - [2025-06-13T14:35:49.924-0400] {dag.py:3239} INFO - Sync 1 DAGs
[2025-06-13T14:35:49.930-0400] {logging_mixin.py:190} INFO - [2025-06-13T14:35:49.930-0400] {dag.py:4180} INFO - Setting next_dagrun for tutorial_taskflow_api to None, run_after=None
[2025-06-13T14:35:49.941-0400] {processor.py:208} INFO - Processing /Users/pranavr/.pyenv/versions/3.11.6/lib/python3.11/site-packages/airflow/example_dags/tutorial_taskflow_api.py took 160.451 seconds
[2025-06-13T14:37:19.743-0400] {processor.py:186} INFO - Started process (PID=11043) to work on /Users/pranavr/.pyenv/versions/3.11.6/lib/python3.11/site-packages/airflow/example_dags/tutorial_taskflow_api.py
[2025-06-13T14:37:19.745-0400] {processor.py:914} INFO - Processing file /Users/pranavr/.pyenv/versions/3.11.6/lib/python3.11/site-packages/airflow/example_dags/tutorial_taskflow_api.py for tasks to queue
[2025-06-13T14:37:19.746-0400] {logging_mixin.py:190} INFO - [2025-06-13T14:37:19.746-0400] {dagbag.py:588} INFO - Filling up the DagBag from /Users/pranavr/.pyenv/versions/3.11.6/lib/python3.11/site-packages/airflow/example_dags/tutorial_taskflow_api.py
[2025-06-13T14:37:19.765-0400] {processor.py:925} INFO - DAG(s) 'tutorial_taskflow_api' retrieved from /Users/pranavr/.pyenv/versions/3.11.6/lib/python3.11/site-packages/airflow/example_dags/tutorial_taskflow_api.py
[2025-06-13T14:37:19.845-0400] {logging_mixin.py:190} INFO - [2025-06-13T14:37:19.845-0400] {dag.py:3239} INFO - Sync 1 DAGs
[2025-06-13T14:37:19.851-0400] {logging_mixin.py:190} INFO - [2025-06-13T14:37:19.851-0400] {dag.py:4180} INFO - Setting next_dagrun for tutorial_taskflow_api to None, run_after=None
[2025-06-13T14:37:19.861-0400] {processor.py:208} INFO - Processing /Users/pranavr/.pyenv/versions/3.11.6/lib/python3.11/site-packages/airflow/example_dags/tutorial_taskflow_api.py took 119.861 seconds
[2025-06-13T14:38:49.389-0400] {processor.py:186} INFO - Started process (PID=11250) to work on /Users/pranavr/.pyenv/versions/3.11.6/lib/python3.11/site-packages/airflow/example_dags/tutorial_taskflow_api.py
[2025-06-13T14:38:49.391-0400] {processor.py:914} INFO - Processing file /Users/pranavr/.pyenv/versions/3.11.6/lib/python3.11/site-packages/airflow/example_dags/tutorial_taskflow_api.py for tasks to queue
[2025-06-13T14:38:49.391-0400] {logging_mixin.py:190} INFO - [2025-06-13T14:38:49.391-0400] {dagbag.py:588} INFO - Filling up the DagBag from /Users/pranavr/.pyenv/versions/3.11.6/lib/python3.11/site-packages/airflow/example_dags/tutorial_taskflow_api.py
[2025-06-13T14:38:49.411-0400] {processor.py:925} INFO - DAG(s) 'tutorial_taskflow_api' retrieved from /Users/pranavr/.pyenv/versions/3.11.6/lib/python3.11/site-packages/airflow/example_dags/tutorial_taskflow_api.py
[2025-06-13T14:38:49.493-0400] {logging_mixin.py:190} INFO - [2025-06-13T14:38:49.493-0400] {dag.py:3239} INFO - Sync 1 DAGs
[2025-06-13T14:38:49.498-0400] {logging_mixin.py:190} INFO - [2025-06-13T14:38:49.498-0400] {dag.py:4180} INFO - Setting next_dagrun for tutorial_taskflow_api to None, run_after=None
[2025-06-13T14:38:49.506-0400] {processor.py:208} INFO - Processing /Users/pranavr/.pyenv/versions/3.11.6/lib/python3.11/site-packages/airflow/example_dags/tutorial_taskflow_api.py took 118.900 seconds
[2025-06-13T14:40:09.993-0400] {processor.py:186} INFO - Started process (PID=11546) to work on /Users/pranavr/.pyenv/versions/3.11.6/lib/python3.11/site-packages/airflow/example_dags/tutorial_taskflow_api.py
[2025-06-13T14:40:09.995-0400] {processor.py:914} INFO - Processing file /Users/pranavr/.pyenv/versions/3.11.6/lib/python3.11/site-packages/airflow/example_dags/tutorial_taskflow_api.py for tasks to queue
[2025-06-13T14:40:09.995-0400] {logging_mixin.py:190} INFO - [2025-06-13T14:40:09.995-0400] {dagbag.py:588} INFO - Filling up the DagBag from /Users/pranavr/.pyenv/versions/3.11.6/lib/python3.11/site-packages/airflow/example_dags/tutorial_taskflow_api.py
[2025-06-13T14:40:10.010-0400] {processor.py:925} INFO - DAG(s) 'tutorial_taskflow_api' retrieved from /Users/pranavr/.pyenv/versions/3.11.6/lib/python3.11/site-packages/airflow/example_dags/tutorial_taskflow_api.py
[2025-06-13T14:40:10.076-0400] {logging_mixin.py:190} INFO - [2025-06-13T14:40:10.076-0400] {dag.py:3239} INFO - Sync 1 DAGs
[2025-06-13T14:40:10.081-0400] {logging_mixin.py:190} INFO - [2025-06-13T14:40:10.081-0400] {dag.py:4180} INFO - Setting next_dagrun for tutorial_taskflow_api to None, run_after=None
[2025-06-13T14:40:10.088-0400] {processor.py:208} INFO - Processing /Users/pranavr/.pyenv/versions/3.11.6/lib/python3.11/site-packages/airflow/example_dags/tutorial_taskflow_api.py took 96.464 seconds
[2025-06-13T14:41:26.933-0400] {processor.py:186} INFO - Started process (PID=11747) to work on /Users/pranavr/.pyenv/versions/3.11.6/lib/python3.11/site-packages/airflow/example_dags/tutorial_taskflow_api.py
[2025-06-13T14:41:26.937-0400] {processor.py:914} INFO - Processing file /Users/pranavr/.pyenv/versions/3.11.6/lib/python3.11/site-packages/airflow/example_dags/tutorial_taskflow_api.py for tasks to queue
[2025-06-13T14:41:26.938-0400] {logging_mixin.py:190} INFO - [2025-06-13T14:41:26.938-0400] {dagbag.py:588} INFO - Filling up the DagBag from /Users/pranavr/.pyenv/versions/3.11.6/lib/python3.11/site-packages/airflow/example_dags/tutorial_taskflow_api.py
[2025-06-13T14:41:26.953-0400] {processor.py:925} INFO - DAG(s) 'tutorial_taskflow_api' retrieved from /Users/pranavr/.pyenv/versions/3.11.6/lib/python3.11/site-packages/airflow/example_dags/tutorial_taskflow_api.py
[2025-06-13T14:41:27.020-0400] {logging_mixin.py:190} INFO - [2025-06-13T14:41:27.019-0400] {dag.py:3239} INFO - Sync 1 DAGs
[2025-06-13T14:41:27.024-0400] {logging_mixin.py:190} INFO - [2025-06-13T14:41:27.024-0400] {dag.py:4180} INFO - Setting next_dagrun for tutorial_taskflow_api to None, run_after=None
[2025-06-13T14:41:27.032-0400] {processor.py:208} INFO - Processing /Users/pranavr/.pyenv/versions/3.11.6/lib/python3.11/site-packages/airflow/example_dags/tutorial_taskflow_api.py took 100.068 seconds
[2025-06-13T14:42:41.372-0400] {processor.py:186} INFO - Started process (PID=11868) to work on /Users/pranavr/.pyenv/versions/3.11.6/lib/python3.11/site-packages/airflow/example_dags/tutorial_taskflow_api.py
[2025-06-13T14:42:41.374-0400] {processor.py:914} INFO - Processing file /Users/pranavr/.pyenv/versions/3.11.6/lib/python3.11/site-packages/airflow/example_dags/tutorial_taskflow_api.py for tasks to queue
[2025-06-13T14:42:41.374-0400] {logging_mixin.py:190} INFO - [2025-06-13T14:42:41.374-0400] {dagbag.py:588} INFO - Filling up the DagBag from /Users/pranavr/.pyenv/versions/3.11.6/lib/python3.11/site-packages/airflow/example_dags/tutorial_taskflow_api.py
[2025-06-13T14:42:41.389-0400] {processor.py:925} INFO - DAG(s) 'tutorial_taskflow_api' retrieved from /Users/pranavr/.pyenv/versions/3.11.6/lib/python3.11/site-packages/airflow/example_dags/tutorial_taskflow_api.py
[2025-06-13T14:42:41.453-0400] {logging_mixin.py:190} INFO - [2025-06-13T14:42:41.452-0400] {dag.py:3239} INFO - Sync 1 DAGs
[2025-06-13T14:42:41.457-0400] {logging_mixin.py:190} INFO - [2025-06-13T14:42:41.457-0400] {dag.py:4180} INFO - Setting next_dagrun for tutorial_taskflow_api to None, run_after=None
[2025-06-13T14:42:41.464-0400] {processor.py:208} INFO - Processing /Users/pranavr/.pyenv/versions/3.11.6/lib/python3.11/site-packages/airflow/example_dags/tutorial_taskflow_api.py took 92.991 seconds
[2025-06-13T14:43:54.438-0400] {processor.py:186} INFO - Started process (PID=11992) to work on /Users/pranavr/.pyenv/versions/3.11.6/lib/python3.11/site-packages/airflow/example_dags/tutorial_taskflow_api.py
[2025-06-13T14:43:54.439-0400] {processor.py:914} INFO - Processing file /Users/pranavr/.pyenv/versions/3.11.6/lib/python3.11/site-packages/airflow/example_dags/tutorial_taskflow_api.py for tasks to queue
[2025-06-13T14:43:54.440-0400] {logging_mixin.py:190} INFO - [2025-06-13T14:43:54.440-0400] {dagbag.py:588} INFO - Filling up the DagBag from /Users/pranavr/.pyenv/versions/3.11.6/lib/python3.11/site-packages/airflow/example_dags/tutorial_taskflow_api.py
[2025-06-13T14:43:54.453-0400] {processor.py:925} INFO - DAG(s) 'tutorial_taskflow_api' retrieved from /Users/pranavr/.pyenv/versions/3.11.6/lib/python3.11/site-packages/airflow/example_dags/tutorial_taskflow_api.py
[2025-06-13T14:43:54.513-0400] {logging_mixin.py:190} INFO - [2025-06-13T14:43:54.513-0400] {dag.py:3239} INFO - Sync 1 DAGs
[2025-06-13T14:43:54.517-0400] {logging_mixin.py:190} INFO - [2025-06-13T14:43:54.517-0400] {dag.py:4180} INFO - Setting next_dagrun for tutorial_taskflow_api to None, run_after=None
[2025-06-13T14:43:54.524-0400] {processor.py:208} INFO - Processing /Users/pranavr/.pyenv/versions/3.11.6/lib/python3.11/site-packages/airflow/example_dags/tutorial_taskflow_api.py took 87.773 seconds
[2025-06-13T14:45:08.487-0400] {processor.py:186} INFO - Started process (PID=12159) to work on /Users/pranavr/.pyenv/versions/3.11.6/lib/python3.11/site-packages/airflow/example_dags/tutorial_taskflow_api.py
[2025-06-13T14:45:08.489-0400] {processor.py:914} INFO - Processing file /Users/pranavr/.pyenv/versions/3.11.6/lib/python3.11/site-packages/airflow/example_dags/tutorial_taskflow_api.py for tasks to queue
[2025-06-13T14:45:08.490-0400] {logging_mixin.py:190} INFO - [2025-06-13T14:45:08.490-0400] {dagbag.py:588} INFO - Filling up the DagBag from /Users/pranavr/.pyenv/versions/3.11.6/lib/python3.11/site-packages/airflow/example_dags/tutorial_taskflow_api.py
[2025-06-13T14:45:08.505-0400] {processor.py:925} INFO - DAG(s) 'tutorial_taskflow_api' retrieved from /Users/pranavr/.pyenv/versions/3.11.6/lib/python3.11/site-packages/airflow/example_dags/tutorial_taskflow_api.py
[2025-06-13T14:45:08.571-0400] {logging_mixin.py:190} INFO - [2025-06-13T14:45:08.570-0400] {dag.py:3239} INFO - Sync 1 DAGs
[2025-06-13T14:45:08.575-0400] {logging_mixin.py:190} INFO - [2025-06-13T14:45:08.575-0400] {dag.py:4180} INFO - Setting next_dagrun for tutorial_taskflow_api to None, run_after=None
[2025-06-13T14:45:08.582-0400] {processor.py:208} INFO - Processing /Users/pranavr/.pyenv/versions/3.11.6/lib/python3.11/site-packages/airflow/example_dags/tutorial_taskflow_api.py took 96.050 seconds
[2025-06-13T14:46:19.836-0400] {processor.py:186} INFO - Started process (PID=12320) to work on /Users/pranavr/.pyenv/versions/3.11.6/lib/python3.11/site-packages/airflow/example_dags/tutorial_taskflow_api.py
[2025-06-13T14:46:19.838-0400] {processor.py:914} INFO - Processing file /Users/pranavr/.pyenv/versions/3.11.6/lib/python3.11/site-packages/airflow/example_dags/tutorial_taskflow_api.py for tasks to queue
[2025-06-13T14:46:19.838-0400] {logging_mixin.py:190} INFO - [2025-06-13T14:46:19.838-0400] {dagbag.py:588} INFO - Filling up the DagBag from /Users/pranavr/.pyenv/versions/3.11.6/lib/python3.11/site-packages/airflow/example_dags/tutorial_taskflow_api.py
[2025-06-13T14:46:19.853-0400] {processor.py:925} INFO - DAG(s) 'tutorial_taskflow_api' retrieved from /Users/pranavr/.pyenv/versions/3.11.6/lib/python3.11/site-packages/airflow/example_dags/tutorial_taskflow_api.py
[2025-06-13T14:46:19.918-0400] {logging_mixin.py:190} INFO - [2025-06-13T14:46:19.917-0400] {dag.py:3239} INFO - Sync 1 DAGs
[2025-06-13T14:46:19.922-0400] {logging_mixin.py:190} INFO - [2025-06-13T14:46:19.922-0400] {dag.py:4180} INFO - Setting next_dagrun for tutorial_taskflow_api to None, run_after=None
[2025-06-13T14:46:19.929-0400] {processor.py:208} INFO - Processing /Users/pranavr/.pyenv/versions/3.11.6/lib/python3.11/site-packages/airflow/example_dags/tutorial_taskflow_api.py took 94.122 seconds
[2025-06-13T14:47:32.466-0400] {processor.py:186} INFO - Started process (PID=12409) to work on /Users/pranavr/.pyenv/versions/3.11.6/lib/python3.11/site-packages/airflow/example_dags/tutorial_taskflow_api.py
[2025-06-13T14:47:32.467-0400] {processor.py:914} INFO - Processing file /Users/pranavr/.pyenv/versions/3.11.6/lib/python3.11/site-packages/airflow/example_dags/tutorial_taskflow_api.py for tasks to queue
[2025-06-13T14:47:32.468-0400] {logging_mixin.py:190} INFO - [2025-06-13T14:47:32.468-0400] {dagbag.py:588} INFO - Filling up the DagBag from /Users/pranavr/.pyenv/versions/3.11.6/lib/python3.11/site-packages/airflow/example_dags/tutorial_taskflow_api.py
[2025-06-13T14:47:32.481-0400] {processor.py:925} INFO - DAG(s) 'tutorial_taskflow_api' retrieved from /Users/pranavr/.pyenv/versions/3.11.6/lib/python3.11/site-packages/airflow/example_dags/tutorial_taskflow_api.py
[2025-06-13T14:47:32.542-0400] {logging_mixin.py:190} INFO - [2025-06-13T14:47:32.542-0400] {dag.py:3239} INFO - Sync 1 DAGs
[2025-06-13T14:47:32.546-0400] {logging_mixin.py:190} INFO - [2025-06-13T14:47:32.546-0400] {dag.py:4180} INFO - Setting next_dagrun for tutorial_taskflow_api to None, run_after=None
[2025-06-13T14:47:32.553-0400] {processor.py:208} INFO - Processing /Users/pranavr/.pyenv/versions/3.11.6/lib/python3.11/site-packages/airflow/example_dags/tutorial_taskflow_api.py took 88.654 seconds
[2025-06-13T14:48:48.628-0400] {processor.py:186} INFO - Started process (PID=12520) to work on /Users/pranavr/.pyenv/versions/3.11.6/lib/python3.11/site-packages/airflow/example_dags/tutorial_taskflow_api.py
[2025-06-13T14:48:48.630-0400] {processor.py:914} INFO - Processing file /Users/pranavr/.pyenv/versions/3.11.6/lib/python3.11/site-packages/airflow/example_dags/tutorial_taskflow_api.py for tasks to queue
[2025-06-13T14:48:48.630-0400] {logging_mixin.py:190} INFO - [2025-06-13T14:48:48.630-0400] {dagbag.py:588} INFO - Filling up the DagBag from /Users/pranavr/.pyenv/versions/3.11.6/lib/python3.11/site-packages/airflow/example_dags/tutorial_taskflow_api.py
[2025-06-13T14:48:48.644-0400] {processor.py:925} INFO - DAG(s) 'tutorial_taskflow_api' retrieved from /Users/pranavr/.pyenv/versions/3.11.6/lib/python3.11/site-packages/airflow/example_dags/tutorial_taskflow_api.py
[2025-06-13T14:48:48.705-0400] {logging_mixin.py:190} INFO - [2025-06-13T14:48:48.704-0400] {dag.py:3239} INFO - Sync 1 DAGs
[2025-06-13T14:48:48.709-0400] {logging_mixin.py:190} INFO - [2025-06-13T14:48:48.709-0400] {dag.py:4180} INFO - Setting next_dagrun for tutorial_taskflow_api to None, run_after=None
[2025-06-13T14:48:48.715-0400] {processor.py:208} INFO - Processing /Users/pranavr/.pyenv/versions/3.11.6/lib/python3.11/site-packages/airflow/example_dags/tutorial_taskflow_api.py took 88.854 seconds
[2025-06-13T14:50:01.704-0400] {processor.py:186} INFO - Started process (PID=12673) to work on /Users/pranavr/.pyenv/versions/3.11.6/lib/python3.11/site-packages/airflow/example_dags/tutorial_taskflow_api.py
[2025-06-13T14:50:01.706-0400] {processor.py:914} INFO - Processing file /Users/pranavr/.pyenv/versions/3.11.6/lib/python3.11/site-packages/airflow/example_dags/tutorial_taskflow_api.py for tasks to queue
[2025-06-13T14:50:01.706-0400] {logging_mixin.py:190} INFO - [2025-06-13T14:50:01.706-0400] {dagbag.py:588} INFO - Filling up the DagBag from /Users/pranavr/.pyenv/versions/3.11.6/lib/python3.11/site-packages/airflow/example_dags/tutorial_taskflow_api.py
[2025-06-13T14:50:01.720-0400] {processor.py:925} INFO - DAG(s) 'tutorial_taskflow_api' retrieved from /Users/pranavr/.pyenv/versions/3.11.6/lib/python3.11/site-packages/airflow/example_dags/tutorial_taskflow_api.py
[2025-06-13T14:50:01.786-0400] {logging_mixin.py:190} INFO - [2025-06-13T14:50:01.786-0400] {dag.py:3239} INFO - Sync 1 DAGs
[2025-06-13T14:50:01.791-0400] {logging_mixin.py:190} INFO - [2025-06-13T14:50:01.791-0400] {dag.py:4180} INFO - Setting next_dagrun for tutorial_taskflow_api to None, run_after=None
[2025-06-13T14:50:01.797-0400] {processor.py:208} INFO - Processing /Users/pranavr/.pyenv/versions/3.11.6/lib/python3.11/site-packages/airflow/example_dags/tutorial_taskflow_api.py took 94.421 seconds
[2025-06-13T14:51:15.114-0400] {processor.py:186} INFO - Started process (PID=12768) to work on /Users/pranavr/.pyenv/versions/3.11.6/lib/python3.11/site-packages/airflow/example_dags/tutorial_taskflow_api.py
[2025-06-13T14:51:15.116-0400] {processor.py:914} INFO - Processing file /Users/pranavr/.pyenv/versions/3.11.6/lib/python3.11/site-packages/airflow/example_dags/tutorial_taskflow_api.py for tasks to queue
[2025-06-13T14:51:15.117-0400] {logging_mixin.py:190} INFO - [2025-06-13T14:51:15.117-0400] {dagbag.py:588} INFO - Filling up the DagBag from /Users/pranavr/.pyenv/versions/3.11.6/lib/python3.11/site-packages/airflow/example_dags/tutorial_taskflow_api.py
[2025-06-13T14:51:15.131-0400] {processor.py:925} INFO - DAG(s) 'tutorial_taskflow_api' retrieved from /Users/pranavr/.pyenv/versions/3.11.6/lib/python3.11/site-packages/airflow/example_dags/tutorial_taskflow_api.py
[2025-06-13T14:51:15.195-0400] {logging_mixin.py:190} INFO - [2025-06-13T14:51:15.195-0400] {dag.py:3239} INFO - Sync 1 DAGs
[2025-06-13T14:51:15.200-0400] {logging_mixin.py:190} INFO - [2025-06-13T14:51:15.200-0400] {dag.py:4180} INFO - Setting next_dagrun for tutorial_taskflow_api to None, run_after=None
[2025-06-13T14:51:15.207-0400] {processor.py:208} INFO - Processing /Users/pranavr/.pyenv/versions/3.11.6/lib/python3.11/site-packages/airflow/example_dags/tutorial_taskflow_api.py took 93.364 seconds
[2025-06-13T14:52:30.586-0400] {processor.py:186} INFO - Started process (PID=14019) to work on /Users/pranavr/.pyenv/versions/3.11.6/lib/python3.11/site-packages/airflow/example_dags/tutorial_taskflow_api.py
[2025-06-13T14:52:30.589-0400] {processor.py:914} INFO - Processing file /Users/pranavr/.pyenv/versions/3.11.6/lib/python3.11/site-packages/airflow/example_dags/tutorial_taskflow_api.py for tasks to queue
[2025-06-13T14:52:30.589-0400] {logging_mixin.py:190} INFO - [2025-06-13T14:52:30.589-0400] {dagbag.py:588} INFO - Filling up the DagBag from /Users/pranavr/.pyenv/versions/3.11.6/lib/python3.11/site-packages/airflow/example_dags/tutorial_taskflow_api.py
[2025-06-13T14:52:30.606-0400] {processor.py:925} INFO - DAG(s) 'tutorial_taskflow_api' retrieved from /Users/pranavr/.pyenv/versions/3.11.6/lib/python3.11/site-packages/airflow/example_dags/tutorial_taskflow_api.py
[2025-06-13T14:52:30.672-0400] {logging_mixin.py:190} INFO - [2025-06-13T14:52:30.672-0400] {dag.py:3239} INFO - Sync 1 DAGs
[2025-06-13T14:52:30.677-0400] {logging_mixin.py:190} INFO - [2025-06-13T14:52:30.677-0400] {dag.py:4180} INFO - Setting next_dagrun for tutorial_taskflow_api to None, run_after=None
[2025-06-13T14:52:30.685-0400] {processor.py:208} INFO - Processing /Users/pranavr/.pyenv/versions/3.11.6/lib/python3.11/site-packages/airflow/example_dags/tutorial_taskflow_api.py took 100.530 seconds
[2025-06-13T14:53:44.438-0400] {processor.py:186} INFO - Started process (PID=14108) to work on /Users/pranavr/.pyenv/versions/3.11.6/lib/python3.11/site-packages/airflow/example_dags/tutorial_taskflow_api.py
[2025-06-13T14:53:44.439-0400] {processor.py:914} INFO - Processing file /Users/pranavr/.pyenv/versions/3.11.6/lib/python3.11/site-packages/airflow/example_dags/tutorial_taskflow_api.py for tasks to queue
[2025-06-13T14:53:44.440-0400] {logging_mixin.py:190} INFO - [2025-06-13T14:53:44.440-0400] {dagbag.py:588} INFO - Filling up the DagBag from /Users/pranavr/.pyenv/versions/3.11.6/lib/python3.11/site-packages/airflow/example_dags/tutorial_taskflow_api.py
[2025-06-13T14:53:44.454-0400] {processor.py:925} INFO - DAG(s) 'tutorial_taskflow_api' retrieved from /Users/pranavr/.pyenv/versions/3.11.6/lib/python3.11/site-packages/airflow/example_dags/tutorial_taskflow_api.py
[2025-06-13T14:53:44.515-0400] {logging_mixin.py:190} INFO - [2025-06-13T14:53:44.514-0400] {dag.py:3239} INFO - Sync 1 DAGs
[2025-06-13T14:53:44.519-0400] {logging_mixin.py:190} INFO - [2025-06-13T14:53:44.519-0400] {dag.py:4180} INFO - Setting next_dagrun for tutorial_taskflow_api to None, run_after=None
[2025-06-13T14:53:44.525-0400] {processor.py:208} INFO - Processing /Users/pranavr/.pyenv/versions/3.11.6/lib/python3.11/site-packages/airflow/example_dags/tutorial_taskflow_api.py took 88.904 seconds
[2025-06-13T14:55:02.197-0400] {processor.py:186} INFO - Started process (PID=14225) to work on /Users/pranavr/.pyenv/versions/3.11.6/lib/python3.11/site-packages/airflow/example_dags/tutorial_taskflow_api.py
[2025-06-13T14:55:02.200-0400] {processor.py:914} INFO - Processing file /Users/pranavr/.pyenv/versions/3.11.6/lib/python3.11/site-packages/airflow/example_dags/tutorial_taskflow_api.py for tasks to queue
[2025-06-13T14:55:02.200-0400] {logging_mixin.py:190} INFO - [2025-06-13T14:55:02.200-0400] {dagbag.py:588} INFO - Filling up the DagBag from /Users/pranavr/.pyenv/versions/3.11.6/lib/python3.11/site-packages/airflow/example_dags/tutorial_taskflow_api.py
[2025-06-13T14:55:02.216-0400] {processor.py:925} INFO - DAG(s) 'tutorial_taskflow_api' retrieved from /Users/pranavr/.pyenv/versions/3.11.6/lib/python3.11/site-packages/airflow/example_dags/tutorial_taskflow_api.py
[2025-06-13T14:55:02.283-0400] {logging_mixin.py:190} INFO - [2025-06-13T14:55:02.282-0400] {dag.py:3239} INFO - Sync 1 DAGs
[2025-06-13T14:55:02.287-0400] {logging_mixin.py:190} INFO - [2025-06-13T14:55:02.287-0400] {dag.py:4180} INFO - Setting next_dagrun for tutorial_taskflow_api to None, run_after=None
[2025-06-13T14:55:02.294-0400] {processor.py:208} INFO - Processing /Users/pranavr/.pyenv/versions/3.11.6/lib/python3.11/site-packages/airflow/example_dags/tutorial_taskflow_api.py took 98.505 seconds
[2025-06-13T14:56:19.484-0400] {processor.py:186} INFO - Started process (PID=14373) to work on /Users/pranavr/.pyenv/versions/3.11.6/lib/python3.11/site-packages/airflow/example_dags/tutorial_taskflow_api.py
[2025-06-13T14:56:19.486-0400] {processor.py:914} INFO - Processing file /Users/pranavr/.pyenv/versions/3.11.6/lib/python3.11/site-packages/airflow/example_dags/tutorial_taskflow_api.py for tasks to queue
[2025-06-13T14:56:19.487-0400] {logging_mixin.py:190} INFO - [2025-06-13T14:56:19.486-0400] {dagbag.py:588} INFO - Filling up the DagBag from /Users/pranavr/.pyenv/versions/3.11.6/lib/python3.11/site-packages/airflow/example_dags/tutorial_taskflow_api.py
[2025-06-13T14:56:19.500-0400] {processor.py:925} INFO - DAG(s) 'tutorial_taskflow_api' retrieved from /Users/pranavr/.pyenv/versions/3.11.6/lib/python3.11/site-packages/airflow/example_dags/tutorial_taskflow_api.py
[2025-06-13T14:56:19.562-0400] {logging_mixin.py:190} INFO - [2025-06-13T14:56:19.562-0400] {dag.py:3239} INFO - Sync 1 DAGs
[2025-06-13T14:56:19.566-0400] {logging_mixin.py:190} INFO - [2025-06-13T14:56:19.566-0400] {dag.py:4180} INFO - Setting next_dagrun for tutorial_taskflow_api to None, run_after=None
[2025-06-13T14:56:19.573-0400] {processor.py:208} INFO - Processing /Users/pranavr/.pyenv/versions/3.11.6/lib/python3.11/site-packages/airflow/example_dags/tutorial_taskflow_api.py took 90.360 seconds
[2025-06-13T14:57:33.618-0400] {processor.py:186} INFO - Started process (PID=14482) to work on /Users/pranavr/.pyenv/versions/3.11.6/lib/python3.11/site-packages/airflow/example_dags/tutorial_taskflow_api.py
[2025-06-13T14:57:33.620-0400] {processor.py:914} INFO - Processing file /Users/pranavr/.pyenv/versions/3.11.6/lib/python3.11/site-packages/airflow/example_dags/tutorial_taskflow_api.py for tasks to queue
[2025-06-13T14:57:33.621-0400] {logging_mixin.py:190} INFO - [2025-06-13T14:57:33.621-0400] {dagbag.py:588} INFO - Filling up the DagBag from /Users/pranavr/.pyenv/versions/3.11.6/lib/python3.11/site-packages/airflow/example_dags/tutorial_taskflow_api.py
[2025-06-13T14:57:33.638-0400] {processor.py:925} INFO - DAG(s) 'tutorial_taskflow_api' retrieved from /Users/pranavr/.pyenv/versions/3.11.6/lib/python3.11/site-packages/airflow/example_dags/tutorial_taskflow_api.py
[2025-06-13T14:57:33.707-0400] {logging_mixin.py:190} INFO - [2025-06-13T14:57:33.707-0400] {dag.py:3239} INFO - Sync 1 DAGs
[2025-06-13T14:57:33.712-0400] {logging_mixin.py:190} INFO - [2025-06-13T14:57:33.712-0400] {dag.py:4180} INFO - Setting next_dagrun for tutorial_taskflow_api to None, run_after=None
[2025-06-13T14:57:33.719-0400] {processor.py:208} INFO - Processing /Users/pranavr/.pyenv/versions/3.11.6/lib/python3.11/site-packages/airflow/example_dags/tutorial_taskflow_api.py took 103.093 seconds
[2025-06-13T14:58:59.060-0400] {processor.py:186} INFO - Started process (PID=14718) to work on /Users/pranavr/.pyenv/versions/3.11.6/lib/python3.11/site-packages/airflow/example_dags/tutorial_taskflow_api.py
[2025-06-13T14:58:59.062-0400] {processor.py:914} INFO - Processing file /Users/pranavr/.pyenv/versions/3.11.6/lib/python3.11/site-packages/airflow/example_dags/tutorial_taskflow_api.py for tasks to queue
[2025-06-13T14:58:59.063-0400] {logging_mixin.py:190} INFO - [2025-06-13T14:58:59.063-0400] {dagbag.py:588} INFO - Filling up the DagBag from /Users/pranavr/.pyenv/versions/3.11.6/lib/python3.11/site-packages/airflow/example_dags/tutorial_taskflow_api.py
[2025-06-13T14:58:59.079-0400] {processor.py:925} INFO - DAG(s) 'tutorial_taskflow_api' retrieved from /Users/pranavr/.pyenv/versions/3.11.6/lib/python3.11/site-packages/airflow/example_dags/tutorial_taskflow_api.py
[2025-06-13T14:58:59.152-0400] {logging_mixin.py:190} INFO - [2025-06-13T14:58:59.152-0400] {dag.py:3239} INFO - Sync 1 DAGs
[2025-06-13T14:58:59.157-0400] {logging_mixin.py:190} INFO - [2025-06-13T14:58:59.157-0400] {dag.py:4180} INFO - Setting next_dagrun for tutorial_taskflow_api to None, run_after=None
[2025-06-13T14:58:59.166-0400] {processor.py:208} INFO - Processing /Users/pranavr/.pyenv/versions/3.11.6/lib/python3.11/site-packages/airflow/example_dags/tutorial_taskflow_api.py took 107.338 seconds
[2025-06-13T15:00:28.988-0400] {processor.py:186} INFO - Started process (PID=15019) to work on /Users/pranavr/.pyenv/versions/3.11.6/lib/python3.11/site-packages/airflow/example_dags/tutorial_taskflow_api.py
[2025-06-13T15:00:28.990-0400] {processor.py:914} INFO - Processing file /Users/pranavr/.pyenv/versions/3.11.6/lib/python3.11/site-packages/airflow/example_dags/tutorial_taskflow_api.py for tasks to queue
[2025-06-13T15:00:28.991-0400] {logging_mixin.py:190} INFO - [2025-06-13T15:00:28.991-0400] {dagbag.py:588} INFO - Filling up the DagBag from /Users/pranavr/.pyenv/versions/3.11.6/lib/python3.11/site-packages/airflow/example_dags/tutorial_taskflow_api.py
[2025-06-13T15:00:29.009-0400] {processor.py:925} INFO - DAG(s) 'tutorial_taskflow_api' retrieved from /Users/pranavr/.pyenv/versions/3.11.6/lib/python3.11/site-packages/airflow/example_dags/tutorial_taskflow_api.py
[2025-06-13T15:00:29.080-0400] {logging_mixin.py:190} INFO - [2025-06-13T15:00:29.080-0400] {dag.py:3239} INFO - Sync 1 DAGs
[2025-06-13T15:00:29.086-0400] {logging_mixin.py:190} INFO - [2025-06-13T15:00:29.085-0400] {dag.py:4180} INFO - Setting next_dagrun for tutorial_taskflow_api to None, run_after=None
[2025-06-13T15:00:29.093-0400] {processor.py:208} INFO - Processing /Users/pranavr/.pyenv/versions/3.11.6/lib/python3.11/site-packages/airflow/example_dags/tutorial_taskflow_api.py took 106.537 seconds
[2025-06-13T15:02:30.504-0400] {processor.py:186} INFO - Started process (PID=15291) to work on /Users/pranavr/.pyenv/versions/3.11.6/lib/python3.11/site-packages/airflow/example_dags/tutorial_taskflow_api.py
[2025-06-13T15:02:30.506-0400] {processor.py:914} INFO - Processing file /Users/pranavr/.pyenv/versions/3.11.6/lib/python3.11/site-packages/airflow/example_dags/tutorial_taskflow_api.py for tasks to queue
[2025-06-13T15:02:30.507-0400] {logging_mixin.py:190} INFO - [2025-06-13T15:02:30.507-0400] {dagbag.py:588} INFO - Filling up the DagBag from /Users/pranavr/.pyenv/versions/3.11.6/lib/python3.11/site-packages/airflow/example_dags/tutorial_taskflow_api.py
[2025-06-13T15:02:30.530-0400] {processor.py:925} INFO - DAG(s) 'tutorial_taskflow_api' retrieved from /Users/pranavr/.pyenv/versions/3.11.6/lib/python3.11/site-packages/airflow/example_dags/tutorial_taskflow_api.py
[2025-06-13T15:02:30.603-0400] {logging_mixin.py:190} INFO - [2025-06-13T15:02:30.603-0400] {dag.py:3239} INFO - Sync 1 DAGs
[2025-06-13T15:02:30.609-0400] {logging_mixin.py:190} INFO - [2025-06-13T15:02:30.609-0400] {dag.py:4180} INFO - Setting next_dagrun for tutorial_taskflow_api to None, run_after=None
[2025-06-13T15:02:30.617-0400] {processor.py:208} INFO - Processing /Users/pranavr/.pyenv/versions/3.11.6/lib/python3.11/site-packages/airflow/example_dags/tutorial_taskflow_api.py took 114.895 seconds
