[2025-06-13T14:21:34.878-0400] {processor.py:186} INFO - Started process (PID=7493) to work on /Users/pranavr/.pyenv/versions/3.11.6/lib/python3.11/site-packages/airflow/example_dags/tutorial_objectstorage.py
[2025-06-13T14:21:34.880-0400] {processor.py:914} INFO - Processing file /Users/pranavr/.pyenv/versions/3.11.6/lib/python3.11/site-packages/airflow/example_dags/tutorial_objectstorage.py for tasks to queue
[2025-06-13T14:21:34.882-0400] {logging_mixin.py:190} INFO - [2025-06-13T14:21:34.881-0400] {dagbag.py:588} INFO - Filling up the DagBag from /Users/pranavr/.pyenv/versions/3.11.6/lib/python3.11/site-packages/airflow/example_dags/tutorial_objectstorage.py
[2025-06-13T14:21:34.900-0400] {processor.py:925} INFO - DAG(s) 'tutorial_objectstorage' retrieved from /Users/pranavr/.pyenv/versions/3.11.6/lib/python3.11/site-packages/airflow/example_dags/tutorial_objectstorage.py
[2025-06-13T14:21:35.017-0400] {logging_mixin.py:190} INFO - [2025-06-13T14:21:35.017-0400] {dag.py:3239} INFO - Sync 1 DAGs
[2025-06-13T14:21:35.023-0400] {logging_mixin.py:190} INFO - [2025-06-13T14:21:35.023-0400] {dag.py:4180} INFO - Setting next_dagrun for tutorial_objectstorage to None, run_after=None
[2025-06-13T14:21:35.034-0400] {processor.py:208} INFO - Processing /Users/pranavr/.pyenv/versions/3.11.6/lib/python3.11/site-packages/airflow/example_dags/tutorial_objectstorage.py took 157.018 seconds
[2025-06-13T14:23:41.912-0400] {processor.py:186} INFO - Started process (PID=7848) to work on /Users/pranavr/.pyenv/versions/3.11.6/lib/python3.11/site-packages/airflow/example_dags/tutorial_objectstorage.py
[2025-06-13T14:23:41.914-0400] {processor.py:914} INFO - Processing file /Users/pranavr/.pyenv/versions/3.11.6/lib/python3.11/site-packages/airflow/example_dags/tutorial_objectstorage.py for tasks to queue
[2025-06-13T14:23:41.915-0400] {logging_mixin.py:190} INFO - [2025-06-13T14:23:41.914-0400] {dagbag.py:588} INFO - Filling up the DagBag from /Users/pranavr/.pyenv/versions/3.11.6/lib/python3.11/site-packages/airflow/example_dags/tutorial_objectstorage.py
[2025-06-13T14:23:41.935-0400] {processor.py:925} INFO - DAG(s) 'tutorial_objectstorage' retrieved from /Users/pranavr/.pyenv/versions/3.11.6/lib/python3.11/site-packages/airflow/example_dags/tutorial_objectstorage.py
[2025-06-13T14:23:42.017-0400] {logging_mixin.py:190} INFO - [2025-06-13T14:23:42.017-0400] {dag.py:3239} INFO - Sync 1 DAGs
[2025-06-13T14:23:42.022-0400] {logging_mixin.py:190} INFO - [2025-06-13T14:23:42.022-0400] {dag.py:4180} INFO - Setting next_dagrun for tutorial_objectstorage to None, run_after=None
[2025-06-13T14:23:42.031-0400] {processor.py:208} INFO - Processing /Users/pranavr/.pyenv/versions/3.11.6/lib/python3.11/site-packages/airflow/example_dags/tutorial_objectstorage.py took 121.363 seconds
[2025-06-13T14:25:13.698-0400] {processor.py:186} INFO - Started process (PID=7972) to work on /Users/pranavr/.pyenv/versions/3.11.6/lib/python3.11/site-packages/airflow/example_dags/tutorial_objectstorage.py
[2025-06-13T14:25:13.701-0400] {processor.py:914} INFO - Processing file /Users/pranavr/.pyenv/versions/3.11.6/lib/python3.11/site-packages/airflow/example_dags/tutorial_objectstorage.py for tasks to queue
[2025-06-13T14:25:13.702-0400] {logging_mixin.py:190} INFO - [2025-06-13T14:25:13.702-0400] {dagbag.py:588} INFO - Filling up the DagBag from /Users/pranavr/.pyenv/versions/3.11.6/lib/python3.11/site-packages/airflow/example_dags/tutorial_objectstorage.py
[2025-06-13T14:25:13.722-0400] {processor.py:925} INFO - DAG(s) 'tutorial_objectstorage' retrieved from /Users/pranavr/.pyenv/versions/3.11.6/lib/python3.11/site-packages/airflow/example_dags/tutorial_objectstorage.py
[2025-06-13T14:25:13.808-0400] {logging_mixin.py:190} INFO - [2025-06-13T14:25:13.808-0400] {dag.py:3239} INFO - Sync 1 DAGs
[2025-06-13T14:25:13.814-0400] {logging_mixin.py:190} INFO - [2025-06-13T14:25:13.814-0400] {dag.py:4180} INFO - Setting next_dagrun for tutorial_objectstorage to None, run_after=None
[2025-06-13T14:25:13.824-0400] {processor.py:208} INFO - Processing /Users/pranavr/.pyenv/versions/3.11.6/lib/python3.11/site-packages/airflow/example_dags/tutorial_objectstorage.py took 127.231 seconds
[2025-06-13T14:26:45.522-0400] {processor.py:186} INFO - Started process (PID=8082) to work on /Users/pranavr/.pyenv/versions/3.11.6/lib/python3.11/site-packages/airflow/example_dags/tutorial_objectstorage.py
[2025-06-13T14:26:45.526-0400] {processor.py:914} INFO - Processing file /Users/pranavr/.pyenv/versions/3.11.6/lib/python3.11/site-packages/airflow/example_dags/tutorial_objectstorage.py for tasks to queue
[2025-06-13T14:26:45.526-0400] {logging_mixin.py:190} INFO - [2025-06-13T14:26:45.526-0400] {dagbag.py:588} INFO - Filling up the DagBag from /Users/pranavr/.pyenv/versions/3.11.6/lib/python3.11/site-packages/airflow/example_dags/tutorial_objectstorage.py
[2025-06-13T14:26:45.557-0400] {processor.py:925} INFO - DAG(s) 'tutorial_objectstorage' retrieved from /Users/pranavr/.pyenv/versions/3.11.6/lib/python3.11/site-packages/airflow/example_dags/tutorial_objectstorage.py
[2025-06-13T14:26:45.664-0400] {logging_mixin.py:190} INFO - [2025-06-13T14:26:45.664-0400] {dag.py:3239} INFO - Sync 1 DAGs
[2025-06-13T14:26:45.671-0400] {logging_mixin.py:190} INFO - [2025-06-13T14:26:45.671-0400] {dag.py:4180} INFO - Setting next_dagrun for tutorial_objectstorage to None, run_after=None
[2025-06-13T14:26:45.686-0400] {processor.py:208} INFO - Processing /Users/pranavr/.pyenv/versions/3.11.6/lib/python3.11/site-packages/airflow/example_dags/tutorial_objectstorage.py took 165.654 seconds
[2025-06-13T14:28:16.518-0400] {processor.py:186} INFO - Started process (PID=8778) to work on /Users/pranavr/.pyenv/versions/3.11.6/lib/python3.11/site-packages/airflow/example_dags/tutorial_objectstorage.py
[2025-06-13T14:28:16.520-0400] {processor.py:914} INFO - Processing file /Users/pranavr/.pyenv/versions/3.11.6/lib/python3.11/site-packages/airflow/example_dags/tutorial_objectstorage.py for tasks to queue
[2025-06-13T14:28:16.521-0400] {logging_mixin.py:190} INFO - [2025-06-13T14:28:16.521-0400] {dagbag.py:588} INFO - Filling up the DagBag from /Users/pranavr/.pyenv/versions/3.11.6/lib/python3.11/site-packages/airflow/example_dags/tutorial_objectstorage.py
[2025-06-13T14:28:16.538-0400] {processor.py:925} INFO - DAG(s) 'tutorial_objectstorage' retrieved from /Users/pranavr/.pyenv/versions/3.11.6/lib/python3.11/site-packages/airflow/example_dags/tutorial_objectstorage.py
[2025-06-13T14:28:16.619-0400] {logging_mixin.py:190} INFO - [2025-06-13T14:28:16.619-0400] {dag.py:3239} INFO - Sync 1 DAGs
[2025-06-13T14:28:16.625-0400] {logging_mixin.py:190} INFO - [2025-06-13T14:28:16.625-0400] {dag.py:4180} INFO - Setting next_dagrun for tutorial_objectstorage to None, run_after=None
[2025-06-13T14:28:16.633-0400] {processor.py:208} INFO - Processing /Users/pranavr/.pyenv/versions/3.11.6/lib/python3.11/site-packages/airflow/example_dags/tutorial_objectstorage.py took 116.603 seconds
[2025-06-13T14:29:48.767-0400] {processor.py:186} INFO - Started process (PID=8902) to work on /Users/pranavr/.pyenv/versions/3.11.6/lib/python3.11/site-packages/airflow/example_dags/tutorial_objectstorage.py
[2025-06-13T14:29:48.770-0400] {processor.py:914} INFO - Processing file /Users/pranavr/.pyenv/versions/3.11.6/lib/python3.11/site-packages/airflow/example_dags/tutorial_objectstorage.py for tasks to queue
[2025-06-13T14:29:48.770-0400] {logging_mixin.py:190} INFO - [2025-06-13T14:29:48.770-0400] {dagbag.py:588} INFO - Filling up the DagBag from /Users/pranavr/.pyenv/versions/3.11.6/lib/python3.11/site-packages/airflow/example_dags/tutorial_objectstorage.py
[2025-06-13T14:29:48.790-0400] {processor.py:925} INFO - DAG(s) 'tutorial_objectstorage' retrieved from /Users/pranavr/.pyenv/versions/3.11.6/lib/python3.11/site-packages/airflow/example_dags/tutorial_objectstorage.py
[2025-06-13T14:29:48.871-0400] {logging_mixin.py:190} INFO - [2025-06-13T14:29:48.871-0400] {dag.py:3239} INFO - Sync 1 DAGs
[2025-06-13T14:29:48.876-0400] {logging_mixin.py:190} INFO - [2025-06-13T14:29:48.876-0400] {dag.py:4180} INFO - Setting next_dagrun for tutorial_objectstorage to None, run_after=None
[2025-06-13T14:29:48.886-0400] {processor.py:208} INFO - Processing /Users/pranavr/.pyenv/versions/3.11.6/lib/python3.11/site-packages/airflow/example_dags/tutorial_objectstorage.py took 120.230 seconds
[2025-06-13T14:31:17.613-0400] {processor.py:186} INFO - Started process (PID=9341) to work on /Users/pranavr/.pyenv/versions/3.11.6/lib/python3.11/site-packages/airflow/example_dags/tutorial_objectstorage.py
[2025-06-13T14:31:17.616-0400] {processor.py:914} INFO - Processing file /Users/pranavr/.pyenv/versions/3.11.6/lib/python3.11/site-packages/airflow/example_dags/tutorial_objectstorage.py for tasks to queue
[2025-06-13T14:31:17.616-0400] {logging_mixin.py:190} INFO - [2025-06-13T14:31:17.616-0400] {dagbag.py:588} INFO - Filling up the DagBag from /Users/pranavr/.pyenv/versions/3.11.6/lib/python3.11/site-packages/airflow/example_dags/tutorial_objectstorage.py
[2025-06-13T14:31:17.641-0400] {processor.py:925} INFO - DAG(s) 'tutorial_objectstorage' retrieved from /Users/pranavr/.pyenv/versions/3.11.6/lib/python3.11/site-packages/airflow/example_dags/tutorial_objectstorage.py
[2025-06-13T14:31:17.717-0400] {logging_mixin.py:190} INFO - [2025-06-13T14:31:17.717-0400] {dag.py:3239} INFO - Sync 1 DAGs
[2025-06-13T14:31:17.723-0400] {logging_mixin.py:190} INFO - [2025-06-13T14:31:17.723-0400] {dag.py:4180} INFO - Setting next_dagrun for tutorial_objectstorage to None, run_after=None
[2025-06-13T14:31:17.731-0400] {processor.py:208} INFO - Processing /Users/pranavr/.pyenv/versions/3.11.6/lib/python3.11/site-packages/airflow/example_dags/tutorial_objectstorage.py took 120.260 seconds
[2025-06-13T14:32:49.242-0400] {processor.py:186} INFO - Started process (PID=9562) to work on /Users/pranavr/.pyenv/versions/3.11.6/lib/python3.11/site-packages/airflow/example_dags/tutorial_objectstorage.py
[2025-06-13T14:32:49.244-0400] {processor.py:914} INFO - Processing file /Users/pranavr/.pyenv/versions/3.11.6/lib/python3.11/site-packages/airflow/example_dags/tutorial_objectstorage.py for tasks to queue
[2025-06-13T14:32:49.244-0400] {logging_mixin.py:190} INFO - [2025-06-13T14:32:49.244-0400] {dagbag.py:588} INFO - Filling up the DagBag from /Users/pranavr/.pyenv/versions/3.11.6/lib/python3.11/site-packages/airflow/example_dags/tutorial_objectstorage.py
[2025-06-13T14:32:49.263-0400] {processor.py:925} INFO - DAG(s) 'tutorial_objectstorage' retrieved from /Users/pranavr/.pyenv/versions/3.11.6/lib/python3.11/site-packages/airflow/example_dags/tutorial_objectstorage.py
[2025-06-13T14:32:49.352-0400] {logging_mixin.py:190} INFO - [2025-06-13T14:32:49.352-0400] {dag.py:3239} INFO - Sync 1 DAGs
[2025-06-13T14:32:49.358-0400] {logging_mixin.py:190} INFO - [2025-06-13T14:32:49.358-0400] {dag.py:4180} INFO - Setting next_dagrun for tutorial_objectstorage to None, run_after=None
[2025-06-13T14:32:49.368-0400] {processor.py:208} INFO - Processing /Users/pranavr/.pyenv/versions/3.11.6/lib/python3.11/site-packages/airflow/example_dags/tutorial_objectstorage.py took 127.994 seconds
[2025-06-13T14:34:19.560-0400] {processor.py:186} INFO - Started process (PID=9949) to work on /Users/pranavr/.pyenv/versions/3.11.6/lib/python3.11/site-packages/airflow/example_dags/tutorial_objectstorage.py
[2025-06-13T14:34:19.563-0400] {processor.py:914} INFO - Processing file /Users/pranavr/.pyenv/versions/3.11.6/lib/python3.11/site-packages/airflow/example_dags/tutorial_objectstorage.py for tasks to queue
[2025-06-13T14:34:19.564-0400] {logging_mixin.py:190} INFO - [2025-06-13T14:34:19.564-0400] {dagbag.py:588} INFO - Filling up the DagBag from /Users/pranavr/.pyenv/versions/3.11.6/lib/python3.11/site-packages/airflow/example_dags/tutorial_objectstorage.py
[2025-06-13T14:34:19.589-0400] {processor.py:925} INFO - DAG(s) 'tutorial_objectstorage' retrieved from /Users/pranavr/.pyenv/versions/3.11.6/lib/python3.11/site-packages/airflow/example_dags/tutorial_objectstorage.py
[2025-06-13T14:34:19.688-0400] {logging_mixin.py:190} INFO - [2025-06-13T14:34:19.687-0400] {dag.py:3239} INFO - Sync 1 DAGs
[2025-06-13T14:34:19.695-0400] {logging_mixin.py:190} INFO - [2025-06-13T14:34:19.695-0400] {dag.py:4180} INFO - Setting next_dagrun for tutorial_objectstorage to None, run_after=None
[2025-06-13T14:34:19.705-0400] {processor.py:208} INFO - Processing /Users/pranavr/.pyenv/versions/3.11.6/lib/python3.11/site-packages/airflow/example_dags/tutorial_objectstorage.py took 149.179 seconds
[2025-06-13T14:35:51.719-0400] {processor.py:186} INFO - Started process (PID=10213) to work on /Users/pranavr/.pyenv/versions/3.11.6/lib/python3.11/site-packages/airflow/example_dags/tutorial_objectstorage.py
[2025-06-13T14:35:51.722-0400] {processor.py:914} INFO - Processing file /Users/pranavr/.pyenv/versions/3.11.6/lib/python3.11/site-packages/airflow/example_dags/tutorial_objectstorage.py for tasks to queue
[2025-06-13T14:35:51.722-0400] {logging_mixin.py:190} INFO - [2025-06-13T14:35:51.722-0400] {dagbag.py:588} INFO - Filling up the DagBag from /Users/pranavr/.pyenv/versions/3.11.6/lib/python3.11/site-packages/airflow/example_dags/tutorial_objectstorage.py
[2025-06-13T14:35:51.747-0400] {processor.py:925} INFO - DAG(s) 'tutorial_objectstorage' retrieved from /Users/pranavr/.pyenv/versions/3.11.6/lib/python3.11/site-packages/airflow/example_dags/tutorial_objectstorage.py
[2025-06-13T14:35:51.839-0400] {logging_mixin.py:190} INFO - [2025-06-13T14:35:51.839-0400] {dag.py:3239} INFO - Sync 1 DAGs
[2025-06-13T14:35:51.845-0400] {logging_mixin.py:190} INFO - [2025-06-13T14:35:51.845-0400] {dag.py:4180} INFO - Setting next_dagrun for tutorial_objectstorage to None, run_after=None
[2025-06-13T14:35:51.852-0400] {processor.py:208} INFO - Processing /Users/pranavr/.pyenv/versions/3.11.6/lib/python3.11/site-packages/airflow/example_dags/tutorial_objectstorage.py took 135.038 seconds
[2025-06-13T14:37:21.900-0400] {processor.py:186} INFO - Started process (PID=11047) to work on /Users/pranavr/.pyenv/versions/3.11.6/lib/python3.11/site-packages/airflow/example_dags/tutorial_objectstorage.py
[2025-06-13T14:37:21.902-0400] {processor.py:914} INFO - Processing file /Users/pranavr/.pyenv/versions/3.11.6/lib/python3.11/site-packages/airflow/example_dags/tutorial_objectstorage.py for tasks to queue
[2025-06-13T14:37:21.903-0400] {logging_mixin.py:190} INFO - [2025-06-13T14:37:21.902-0400] {dagbag.py:588} INFO - Filling up the DagBag from /Users/pranavr/.pyenv/versions/3.11.6/lib/python3.11/site-packages/airflow/example_dags/tutorial_objectstorage.py
[2025-06-13T14:37:21.924-0400] {processor.py:925} INFO - DAG(s) 'tutorial_objectstorage' retrieved from /Users/pranavr/.pyenv/versions/3.11.6/lib/python3.11/site-packages/airflow/example_dags/tutorial_objectstorage.py
[2025-06-13T14:37:22.002-0400] {logging_mixin.py:190} INFO - [2025-06-13T14:37:22.002-0400] {dag.py:3239} INFO - Sync 1 DAGs
[2025-06-13T14:37:22.008-0400] {logging_mixin.py:190} INFO - [2025-06-13T14:37:22.008-0400] {dag.py:4180} INFO - Setting next_dagrun for tutorial_objectstorage to None, run_after=None
[2025-06-13T14:37:22.017-0400] {processor.py:208} INFO - Processing /Users/pranavr/.pyenv/versions/3.11.6/lib/python3.11/site-packages/airflow/example_dags/tutorial_objectstorage.py took 119.020 seconds
[2025-06-13T14:38:50.835-0400] {processor.py:186} INFO - Started process (PID=11253) to work on /Users/pranavr/.pyenv/versions/3.11.6/lib/python3.11/site-packages/airflow/example_dags/tutorial_objectstorage.py
[2025-06-13T14:38:50.837-0400] {processor.py:914} INFO - Processing file /Users/pranavr/.pyenv/versions/3.11.6/lib/python3.11/site-packages/airflow/example_dags/tutorial_objectstorage.py for tasks to queue
[2025-06-13T14:38:50.837-0400] {logging_mixin.py:190} INFO - [2025-06-13T14:38:50.837-0400] {dagbag.py:588} INFO - Filling up the DagBag from /Users/pranavr/.pyenv/versions/3.11.6/lib/python3.11/site-packages/airflow/example_dags/tutorial_objectstorage.py
[2025-06-13T14:38:50.857-0400] {processor.py:925} INFO - DAG(s) 'tutorial_objectstorage' retrieved from /Users/pranavr/.pyenv/versions/3.11.6/lib/python3.11/site-packages/airflow/example_dags/tutorial_objectstorage.py
[2025-06-13T14:38:50.944-0400] {logging_mixin.py:190} INFO - [2025-06-13T14:38:50.943-0400] {dag.py:3239} INFO - Sync 1 DAGs
[2025-06-13T14:38:50.951-0400] {logging_mixin.py:190} INFO - [2025-06-13T14:38:50.951-0400] {dag.py:4180} INFO - Setting next_dagrun for tutorial_objectstorage to None, run_after=None
[2025-06-13T14:38:50.959-0400] {processor.py:208} INFO - Processing /Users/pranavr/.pyenv/versions/3.11.6/lib/python3.11/site-packages/airflow/example_dags/tutorial_objectstorage.py took 125.789 seconds
[2025-06-13T14:40:11.938-0400] {processor.py:186} INFO - Started process (PID=11549) to work on /Users/pranavr/.pyenv/versions/3.11.6/lib/python3.11/site-packages/airflow/example_dags/tutorial_objectstorage.py
[2025-06-13T14:40:11.940-0400] {processor.py:914} INFO - Processing file /Users/pranavr/.pyenv/versions/3.11.6/lib/python3.11/site-packages/airflow/example_dags/tutorial_objectstorage.py for tasks to queue
[2025-06-13T14:40:11.941-0400] {logging_mixin.py:190} INFO - [2025-06-13T14:40:11.940-0400] {dagbag.py:588} INFO - Filling up the DagBag from /Users/pranavr/.pyenv/versions/3.11.6/lib/python3.11/site-packages/airflow/example_dags/tutorial_objectstorage.py
[2025-06-13T14:40:11.956-0400] {processor.py:925} INFO - DAG(s) 'tutorial_objectstorage' retrieved from /Users/pranavr/.pyenv/versions/3.11.6/lib/python3.11/site-packages/airflow/example_dags/tutorial_objectstorage.py
[2025-06-13T14:40:12.024-0400] {logging_mixin.py:190} INFO - [2025-06-13T14:40:12.023-0400] {dag.py:3239} INFO - Sync 1 DAGs
[2025-06-13T14:40:12.029-0400] {logging_mixin.py:190} INFO - [2025-06-13T14:40:12.029-0400] {dag.py:4180} INFO - Setting next_dagrun for tutorial_objectstorage to None, run_after=None
[2025-06-13T14:40:12.036-0400] {processor.py:208} INFO - Processing /Users/pranavr/.pyenv/versions/3.11.6/lib/python3.11/site-packages/airflow/example_dags/tutorial_objectstorage.py took 99.409 seconds
[2025-06-13T14:41:28.880-0400] {processor.py:186} INFO - Started process (PID=11749) to work on /Users/pranavr/.pyenv/versions/3.11.6/lib/python3.11/site-packages/airflow/example_dags/tutorial_objectstorage.py
[2025-06-13T14:41:28.881-0400] {processor.py:914} INFO - Processing file /Users/pranavr/.pyenv/versions/3.11.6/lib/python3.11/site-packages/airflow/example_dags/tutorial_objectstorage.py for tasks to queue
[2025-06-13T14:41:28.882-0400] {logging_mixin.py:190} INFO - [2025-06-13T14:41:28.882-0400] {dagbag.py:588} INFO - Filling up the DagBag from /Users/pranavr/.pyenv/versions/3.11.6/lib/python3.11/site-packages/airflow/example_dags/tutorial_objectstorage.py
[2025-06-13T14:41:28.897-0400] {processor.py:925} INFO - DAG(s) 'tutorial_objectstorage' retrieved from /Users/pranavr/.pyenv/versions/3.11.6/lib/python3.11/site-packages/airflow/example_dags/tutorial_objectstorage.py
[2025-06-13T14:41:28.969-0400] {logging_mixin.py:190} INFO - [2025-06-13T14:41:28.969-0400] {dag.py:3239} INFO - Sync 1 DAGs
[2025-06-13T14:41:28.974-0400] {logging_mixin.py:190} INFO - [2025-06-13T14:41:28.974-0400] {dag.py:4180} INFO - Setting next_dagrun for tutorial_objectstorage to None, run_after=None
[2025-06-13T14:41:28.982-0400] {processor.py:208} INFO - Processing /Users/pranavr/.pyenv/versions/3.11.6/lib/python3.11/site-packages/airflow/example_dags/tutorial_objectstorage.py took 104.057 seconds
[2025-06-13T14:42:42.504-0400] {processor.py:186} INFO - Started process (PID=11870) to work on /Users/pranavr/.pyenv/versions/3.11.6/lib/python3.11/site-packages/airflow/example_dags/tutorial_objectstorage.py
[2025-06-13T14:42:42.505-0400] {processor.py:914} INFO - Processing file /Users/pranavr/.pyenv/versions/3.11.6/lib/python3.11/site-packages/airflow/example_dags/tutorial_objectstorage.py for tasks to queue
[2025-06-13T14:42:42.506-0400] {logging_mixin.py:190} INFO - [2025-06-13T14:42:42.506-0400] {dagbag.py:588} INFO - Filling up the DagBag from /Users/pranavr/.pyenv/versions/3.11.6/lib/python3.11/site-packages/airflow/example_dags/tutorial_objectstorage.py
[2025-06-13T14:42:42.521-0400] {processor.py:925} INFO - DAG(s) 'tutorial_objectstorage' retrieved from /Users/pranavr/.pyenv/versions/3.11.6/lib/python3.11/site-packages/airflow/example_dags/tutorial_objectstorage.py
[2025-06-13T14:42:42.583-0400] {logging_mixin.py:190} INFO - [2025-06-13T14:42:42.583-0400] {dag.py:3239} INFO - Sync 1 DAGs
[2025-06-13T14:42:42.587-0400] {logging_mixin.py:190} INFO - [2025-06-13T14:42:42.587-0400] {dag.py:4180} INFO - Setting next_dagrun for tutorial_objectstorage to None, run_after=None
[2025-06-13T14:42:42.594-0400] {processor.py:208} INFO - Processing /Users/pranavr/.pyenv/versions/3.11.6/lib/python3.11/site-packages/airflow/example_dags/tutorial_objectstorage.py took 91.933 seconds
[2025-06-13T14:43:56.251-0400] {processor.py:186} INFO - Started process (PID=11994) to work on /Users/pranavr/.pyenv/versions/3.11.6/lib/python3.11/site-packages/airflow/example_dags/tutorial_objectstorage.py
[2025-06-13T14:43:56.252-0400] {processor.py:914} INFO - Processing file /Users/pranavr/.pyenv/versions/3.11.6/lib/python3.11/site-packages/airflow/example_dags/tutorial_objectstorage.py for tasks to queue
[2025-06-13T14:43:56.253-0400] {logging_mixin.py:190} INFO - [2025-06-13T14:43:56.253-0400] {dagbag.py:588} INFO - Filling up the DagBag from /Users/pranavr/.pyenv/versions/3.11.6/lib/python3.11/site-packages/airflow/example_dags/tutorial_objectstorage.py
[2025-06-13T14:43:56.267-0400] {processor.py:925} INFO - DAG(s) 'tutorial_objectstorage' retrieved from /Users/pranavr/.pyenv/versions/3.11.6/lib/python3.11/site-packages/airflow/example_dags/tutorial_objectstorage.py
[2025-06-13T14:43:56.328-0400] {logging_mixin.py:190} INFO - [2025-06-13T14:43:56.328-0400] {dag.py:3239} INFO - Sync 1 DAGs
[2025-06-13T14:43:56.332-0400] {logging_mixin.py:190} INFO - [2025-06-13T14:43:56.332-0400] {dag.py:4180} INFO - Setting next_dagrun for tutorial_objectstorage to None, run_after=None
[2025-06-13T14:43:56.340-0400] {processor.py:208} INFO - Processing /Users/pranavr/.pyenv/versions/3.11.6/lib/python3.11/site-packages/airflow/example_dags/tutorial_objectstorage.py took 89.893 seconds
[2025-06-13T14:45:10.356-0400] {processor.py:186} INFO - Started process (PID=12163) to work on /Users/pranavr/.pyenv/versions/3.11.6/lib/python3.11/site-packages/airflow/example_dags/tutorial_objectstorage.py
[2025-06-13T14:45:10.358-0400] {processor.py:914} INFO - Processing file /Users/pranavr/.pyenv/versions/3.11.6/lib/python3.11/site-packages/airflow/example_dags/tutorial_objectstorage.py for tasks to queue
[2025-06-13T14:45:10.358-0400] {logging_mixin.py:190} INFO - [2025-06-13T14:45:10.358-0400] {dagbag.py:588} INFO - Filling up the DagBag from /Users/pranavr/.pyenv/versions/3.11.6/lib/python3.11/site-packages/airflow/example_dags/tutorial_objectstorage.py
[2025-06-13T14:45:10.373-0400] {processor.py:925} INFO - DAG(s) 'tutorial_objectstorage' retrieved from /Users/pranavr/.pyenv/versions/3.11.6/lib/python3.11/site-packages/airflow/example_dags/tutorial_objectstorage.py
[2025-06-13T14:45:10.436-0400] {logging_mixin.py:190} INFO - [2025-06-13T14:45:10.436-0400] {dag.py:3239} INFO - Sync 1 DAGs
[2025-06-13T14:45:10.440-0400] {logging_mixin.py:190} INFO - [2025-06-13T14:45:10.440-0400] {dag.py:4180} INFO - Setting next_dagrun for tutorial_objectstorage to None, run_after=None
[2025-06-13T14:45:10.447-0400] {processor.py:208} INFO - Processing /Users/pranavr/.pyenv/versions/3.11.6/lib/python3.11/site-packages/airflow/example_dags/tutorial_objectstorage.py took 92.817 seconds
[2025-06-13T14:46:21.695-0400] {processor.py:186} INFO - Started process (PID=12322) to work on /Users/pranavr/.pyenv/versions/3.11.6/lib/python3.11/site-packages/airflow/example_dags/tutorial_objectstorage.py
[2025-06-13T14:46:21.697-0400] {processor.py:914} INFO - Processing file /Users/pranavr/.pyenv/versions/3.11.6/lib/python3.11/site-packages/airflow/example_dags/tutorial_objectstorage.py for tasks to queue
[2025-06-13T14:46:21.697-0400] {logging_mixin.py:190} INFO - [2025-06-13T14:46:21.697-0400] {dagbag.py:588} INFO - Filling up the DagBag from /Users/pranavr/.pyenv/versions/3.11.6/lib/python3.11/site-packages/airflow/example_dags/tutorial_objectstorage.py
[2025-06-13T14:46:21.711-0400] {processor.py:925} INFO - DAG(s) 'tutorial_objectstorage' retrieved from /Users/pranavr/.pyenv/versions/3.11.6/lib/python3.11/site-packages/airflow/example_dags/tutorial_objectstorage.py
[2025-06-13T14:46:21.773-0400] {logging_mixin.py:190} INFO - [2025-06-13T14:46:21.773-0400] {dag.py:3239} INFO - Sync 1 DAGs
[2025-06-13T14:46:21.778-0400] {logging_mixin.py:190} INFO - [2025-06-13T14:46:21.777-0400] {dag.py:4180} INFO - Setting next_dagrun for tutorial_objectstorage to None, run_after=None
[2025-06-13T14:46:21.784-0400] {processor.py:208} INFO - Processing /Users/pranavr/.pyenv/versions/3.11.6/lib/python3.11/site-packages/airflow/example_dags/tutorial_objectstorage.py took 90.813 seconds
[2025-06-13T14:47:34.293-0400] {processor.py:186} INFO - Started process (PID=12411) to work on /Users/pranavr/.pyenv/versions/3.11.6/lib/python3.11/site-packages/airflow/example_dags/tutorial_objectstorage.py
[2025-06-13T14:47:34.295-0400] {processor.py:914} INFO - Processing file /Users/pranavr/.pyenv/versions/3.11.6/lib/python3.11/site-packages/airflow/example_dags/tutorial_objectstorage.py for tasks to queue
[2025-06-13T14:47:34.296-0400] {logging_mixin.py:190} INFO - [2025-06-13T14:47:34.296-0400] {dagbag.py:588} INFO - Filling up the DagBag from /Users/pranavr/.pyenv/versions/3.11.6/lib/python3.11/site-packages/airflow/example_dags/tutorial_objectstorage.py
[2025-06-13T14:47:34.309-0400] {processor.py:925} INFO - DAG(s) 'tutorial_objectstorage' retrieved from /Users/pranavr/.pyenv/versions/3.11.6/lib/python3.11/site-packages/airflow/example_dags/tutorial_objectstorage.py
[2025-06-13T14:47:34.371-0400] {logging_mixin.py:190} INFO - [2025-06-13T14:47:34.371-0400] {dag.py:3239} INFO - Sync 1 DAGs
[2025-06-13T14:47:34.375-0400] {logging_mixin.py:190} INFO - [2025-06-13T14:47:34.375-0400] {dag.py:4180} INFO - Setting next_dagrun for tutorial_objectstorage to None, run_after=None
[2025-06-13T14:47:34.382-0400] {processor.py:208} INFO - Processing /Users/pranavr/.pyenv/versions/3.11.6/lib/python3.11/site-packages/airflow/example_dags/tutorial_objectstorage.py took 89.491 seconds
[2025-06-13T14:48:50.517-0400] {processor.py:186} INFO - Started process (PID=12523) to work on /Users/pranavr/.pyenv/versions/3.11.6/lib/python3.11/site-packages/airflow/example_dags/tutorial_objectstorage.py
[2025-06-13T14:48:50.518-0400] {processor.py:914} INFO - Processing file /Users/pranavr/.pyenv/versions/3.11.6/lib/python3.11/site-packages/airflow/example_dags/tutorial_objectstorage.py for tasks to queue
[2025-06-13T14:48:50.519-0400] {logging_mixin.py:190} INFO - [2025-06-13T14:48:50.519-0400] {dagbag.py:588} INFO - Filling up the DagBag from /Users/pranavr/.pyenv/versions/3.11.6/lib/python3.11/site-packages/airflow/example_dags/tutorial_objectstorage.py
[2025-06-13T14:48:50.534-0400] {processor.py:925} INFO - DAG(s) 'tutorial_objectstorage' retrieved from /Users/pranavr/.pyenv/versions/3.11.6/lib/python3.11/site-packages/airflow/example_dags/tutorial_objectstorage.py
[2025-06-13T14:48:50.601-0400] {logging_mixin.py:190} INFO - [2025-06-13T14:48:50.601-0400] {dag.py:3239} INFO - Sync 1 DAGs
[2025-06-13T14:48:50.606-0400] {logging_mixin.py:190} INFO - [2025-06-13T14:48:50.606-0400] {dag.py:4180} INFO - Setting next_dagrun for tutorial_objectstorage to None, run_after=None
[2025-06-13T14:48:50.613-0400] {processor.py:208} INFO - Processing /Users/pranavr/.pyenv/versions/3.11.6/lib/python3.11/site-packages/airflow/example_dags/tutorial_objectstorage.py took 97.987 seconds
[2025-06-13T14:50:03.348-0400] {processor.py:186} INFO - Started process (PID=12675) to work on /Users/pranavr/.pyenv/versions/3.11.6/lib/python3.11/site-packages/airflow/example_dags/tutorial_objectstorage.py
[2025-06-13T14:50:03.350-0400] {processor.py:914} INFO - Processing file /Users/pranavr/.pyenv/versions/3.11.6/lib/python3.11/site-packages/airflow/example_dags/tutorial_objectstorage.py for tasks to queue
[2025-06-13T14:50:03.351-0400] {logging_mixin.py:190} INFO - [2025-06-13T14:50:03.351-0400] {dagbag.py:588} INFO - Filling up the DagBag from /Users/pranavr/.pyenv/versions/3.11.6/lib/python3.11/site-packages/airflow/example_dags/tutorial_objectstorage.py
[2025-06-13T14:50:03.364-0400] {processor.py:925} INFO - DAG(s) 'tutorial_objectstorage' retrieved from /Users/pranavr/.pyenv/versions/3.11.6/lib/python3.11/site-packages/airflow/example_dags/tutorial_objectstorage.py
[2025-06-13T14:50:03.425-0400] {logging_mixin.py:190} INFO - [2025-06-13T14:50:03.425-0400] {dag.py:3239} INFO - Sync 1 DAGs
[2025-06-13T14:50:03.429-0400] {logging_mixin.py:190} INFO - [2025-06-13T14:50:03.429-0400] {dag.py:4180} INFO - Setting next_dagrun for tutorial_objectstorage to None, run_after=None
[2025-06-13T14:50:03.435-0400] {processor.py:208} INFO - Processing /Users/pranavr/.pyenv/versions/3.11.6/lib/python3.11/site-packages/airflow/example_dags/tutorial_objectstorage.py took 88.879 seconds
[2025-06-13T14:51:17.003-0400] {processor.py:186} INFO - Started process (PID=12772) to work on /Users/pranavr/.pyenv/versions/3.11.6/lib/python3.11/site-packages/airflow/example_dags/tutorial_objectstorage.py
[2025-06-13T14:51:17.005-0400] {processor.py:914} INFO - Processing file /Users/pranavr/.pyenv/versions/3.11.6/lib/python3.11/site-packages/airflow/example_dags/tutorial_objectstorage.py for tasks to queue
[2025-06-13T14:51:17.006-0400] {logging_mixin.py:190} INFO - [2025-06-13T14:51:17.006-0400] {dagbag.py:588} INFO - Filling up the DagBag from /Users/pranavr/.pyenv/versions/3.11.6/lib/python3.11/site-packages/airflow/example_dags/tutorial_objectstorage.py
[2025-06-13T14:51:17.020-0400] {processor.py:925} INFO - DAG(s) 'tutorial_objectstorage' retrieved from /Users/pranavr/.pyenv/versions/3.11.6/lib/python3.11/site-packages/airflow/example_dags/tutorial_objectstorage.py
[2025-06-13T14:51:17.083-0400] {logging_mixin.py:190} INFO - [2025-06-13T14:51:17.082-0400] {dag.py:3239} INFO - Sync 1 DAGs
[2025-06-13T14:51:17.087-0400] {logging_mixin.py:190} INFO - [2025-06-13T14:51:17.087-0400] {dag.py:4180} INFO - Setting next_dagrun for tutorial_objectstorage to None, run_after=None
[2025-06-13T14:51:17.102-0400] {processor.py:208} INFO - Processing /Users/pranavr/.pyenv/versions/3.11.6/lib/python3.11/site-packages/airflow/example_dags/tutorial_objectstorage.py took 100.764 seconds
[2025-06-13T14:52:31.900-0400] {processor.py:186} INFO - Started process (PID=14021) to work on /Users/pranavr/.pyenv/versions/3.11.6/lib/python3.11/site-packages/airflow/example_dags/tutorial_objectstorage.py
[2025-06-13T14:52:31.902-0400] {processor.py:914} INFO - Processing file /Users/pranavr/.pyenv/versions/3.11.6/lib/python3.11/site-packages/airflow/example_dags/tutorial_objectstorage.py for tasks to queue
[2025-06-13T14:52:31.902-0400] {logging_mixin.py:190} INFO - [2025-06-13T14:52:31.902-0400] {dagbag.py:588} INFO - Filling up the DagBag from /Users/pranavr/.pyenv/versions/3.11.6/lib/python3.11/site-packages/airflow/example_dags/tutorial_objectstorage.py
[2025-06-13T14:52:31.918-0400] {processor.py:925} INFO - DAG(s) 'tutorial_objectstorage' retrieved from /Users/pranavr/.pyenv/versions/3.11.6/lib/python3.11/site-packages/airflow/example_dags/tutorial_objectstorage.py
[2025-06-13T14:52:31.985-0400] {logging_mixin.py:190} INFO - [2025-06-13T14:52:31.985-0400] {dag.py:3239} INFO - Sync 1 DAGs
[2025-06-13T14:52:31.989-0400] {logging_mixin.py:190} INFO - [2025-06-13T14:52:31.989-0400] {dag.py:4180} INFO - Setting next_dagrun for tutorial_objectstorage to None, run_after=None
[2025-06-13T14:52:31.997-0400] {processor.py:208} INFO - Processing /Users/pranavr/.pyenv/versions/3.11.6/lib/python3.11/site-packages/airflow/example_dags/tutorial_objectstorage.py took 99.222 seconds
[2025-06-13T14:53:45.738-0400] {processor.py:186} INFO - Started process (PID=14111) to work on /Users/pranavr/.pyenv/versions/3.11.6/lib/python3.11/site-packages/airflow/example_dags/tutorial_objectstorage.py
[2025-06-13T14:53:45.739-0400] {processor.py:914} INFO - Processing file /Users/pranavr/.pyenv/versions/3.11.6/lib/python3.11/site-packages/airflow/example_dags/tutorial_objectstorage.py for tasks to queue
[2025-06-13T14:53:45.740-0400] {logging_mixin.py:190} INFO - [2025-06-13T14:53:45.740-0400] {dagbag.py:588} INFO - Filling up the DagBag from /Users/pranavr/.pyenv/versions/3.11.6/lib/python3.11/site-packages/airflow/example_dags/tutorial_objectstorage.py
[2025-06-13T14:53:45.755-0400] {processor.py:925} INFO - DAG(s) 'tutorial_objectstorage' retrieved from /Users/pranavr/.pyenv/versions/3.11.6/lib/python3.11/site-packages/airflow/example_dags/tutorial_objectstorage.py
[2025-06-13T14:53:45.815-0400] {logging_mixin.py:190} INFO - [2025-06-13T14:53:45.815-0400] {dag.py:3239} INFO - Sync 1 DAGs
[2025-06-13T14:53:45.820-0400] {logging_mixin.py:190} INFO - [2025-06-13T14:53:45.820-0400] {dag.py:4180} INFO - Setting next_dagrun for tutorial_objectstorage to None, run_after=None
[2025-06-13T14:53:45.827-0400] {processor.py:208} INFO - Processing /Users/pranavr/.pyenv/versions/3.11.6/lib/python3.11/site-packages/airflow/example_dags/tutorial_objectstorage.py took 90.107 seconds
[2025-06-13T14:55:04.095-0400] {processor.py:186} INFO - Started process (PID=14227) to work on /Users/pranavr/.pyenv/versions/3.11.6/lib/python3.11/site-packages/airflow/example_dags/tutorial_objectstorage.py
[2025-06-13T14:55:04.097-0400] {processor.py:914} INFO - Processing file /Users/pranavr/.pyenv/versions/3.11.6/lib/python3.11/site-packages/airflow/example_dags/tutorial_objectstorage.py for tasks to queue
[2025-06-13T14:55:04.098-0400] {logging_mixin.py:190} INFO - [2025-06-13T14:55:04.098-0400] {dagbag.py:588} INFO - Filling up the DagBag from /Users/pranavr/.pyenv/versions/3.11.6/lib/python3.11/site-packages/airflow/example_dags/tutorial_objectstorage.py
[2025-06-13T14:55:04.112-0400] {processor.py:925} INFO - DAG(s) 'tutorial_objectstorage' retrieved from /Users/pranavr/.pyenv/versions/3.11.6/lib/python3.11/site-packages/airflow/example_dags/tutorial_objectstorage.py
[2025-06-13T14:55:04.172-0400] {logging_mixin.py:190} INFO - [2025-06-13T14:55:04.171-0400] {dag.py:3239} INFO - Sync 1 DAGs
[2025-06-13T14:55:04.176-0400] {logging_mixin.py:190} INFO - [2025-06-13T14:55:04.176-0400] {dag.py:4180} INFO - Setting next_dagrun for tutorial_objectstorage to None, run_after=None
[2025-06-13T14:55:04.183-0400] {processor.py:208} INFO - Processing /Users/pranavr/.pyenv/versions/3.11.6/lib/python3.11/site-packages/airflow/example_dags/tutorial_objectstorage.py took 89.022 seconds
[2025-06-13T14:56:21.336-0400] {processor.py:186} INFO - Started process (PID=14377) to work on /Users/pranavr/.pyenv/versions/3.11.6/lib/python3.11/site-packages/airflow/example_dags/tutorial_objectstorage.py
[2025-06-13T14:56:21.339-0400] {processor.py:914} INFO - Processing file /Users/pranavr/.pyenv/versions/3.11.6/lib/python3.11/site-packages/airflow/example_dags/tutorial_objectstorage.py for tasks to queue
[2025-06-13T14:56:21.340-0400] {logging_mixin.py:190} INFO - [2025-06-13T14:56:21.339-0400] {dagbag.py:588} INFO - Filling up the DagBag from /Users/pranavr/.pyenv/versions/3.11.6/lib/python3.11/site-packages/airflow/example_dags/tutorial_objectstorage.py
[2025-06-13T14:56:21.354-0400] {processor.py:925} INFO - DAG(s) 'tutorial_objectstorage' retrieved from /Users/pranavr/.pyenv/versions/3.11.6/lib/python3.11/site-packages/airflow/example_dags/tutorial_objectstorage.py
[2025-06-13T14:56:21.415-0400] {logging_mixin.py:190} INFO - [2025-06-13T14:56:21.415-0400] {dag.py:3239} INFO - Sync 1 DAGs
[2025-06-13T14:56:21.420-0400] {logging_mixin.py:190} INFO - [2025-06-13T14:56:21.420-0400] {dag.py:4180} INFO - Setting next_dagrun for tutorial_objectstorage to None, run_after=None
[2025-06-13T14:56:21.427-0400] {processor.py:208} INFO - Processing /Users/pranavr/.pyenv/versions/3.11.6/lib/python3.11/site-packages/airflow/example_dags/tutorial_objectstorage.py took 91.363 seconds
[2025-06-13T14:57:35.554-0400] {processor.py:186} INFO - Started process (PID=14484) to work on /Users/pranavr/.pyenv/versions/3.11.6/lib/python3.11/site-packages/airflow/example_dags/tutorial_objectstorage.py
[2025-06-13T14:57:35.556-0400] {processor.py:914} INFO - Processing file /Users/pranavr/.pyenv/versions/3.11.6/lib/python3.11/site-packages/airflow/example_dags/tutorial_objectstorage.py for tasks to queue
[2025-06-13T14:57:35.557-0400] {logging_mixin.py:190} INFO - [2025-06-13T14:57:35.557-0400] {dagbag.py:588} INFO - Filling up the DagBag from /Users/pranavr/.pyenv/versions/3.11.6/lib/python3.11/site-packages/airflow/example_dags/tutorial_objectstorage.py
[2025-06-13T14:57:35.571-0400] {processor.py:925} INFO - DAG(s) 'tutorial_objectstorage' retrieved from /Users/pranavr/.pyenv/versions/3.11.6/lib/python3.11/site-packages/airflow/example_dags/tutorial_objectstorage.py
[2025-06-13T14:57:35.633-0400] {logging_mixin.py:190} INFO - [2025-06-13T14:57:35.633-0400] {dag.py:3239} INFO - Sync 1 DAGs
[2025-06-13T14:57:35.638-0400] {logging_mixin.py:190} INFO - [2025-06-13T14:57:35.638-0400] {dag.py:4180} INFO - Setting next_dagrun for tutorial_objectstorage to None, run_after=None
[2025-06-13T14:57:35.646-0400] {processor.py:208} INFO - Processing /Users/pranavr/.pyenv/versions/3.11.6/lib/python3.11/site-packages/airflow/example_dags/tutorial_objectstorage.py took 93.051 seconds
[2025-06-13T14:59:00.369-0400] {processor.py:186} INFO - Started process (PID=14721) to work on /Users/pranavr/.pyenv/versions/3.11.6/lib/python3.11/site-packages/airflow/example_dags/tutorial_objectstorage.py
[2025-06-13T14:59:00.371-0400] {processor.py:914} INFO - Processing file /Users/pranavr/.pyenv/versions/3.11.6/lib/python3.11/site-packages/airflow/example_dags/tutorial_objectstorage.py for tasks to queue
[2025-06-13T14:59:00.372-0400] {logging_mixin.py:190} INFO - [2025-06-13T14:59:00.372-0400] {dagbag.py:588} INFO - Filling up the DagBag from /Users/pranavr/.pyenv/versions/3.11.6/lib/python3.11/site-packages/airflow/example_dags/tutorial_objectstorage.py
[2025-06-13T14:59:00.388-0400] {processor.py:925} INFO - DAG(s) 'tutorial_objectstorage' retrieved from /Users/pranavr/.pyenv/versions/3.11.6/lib/python3.11/site-packages/airflow/example_dags/tutorial_objectstorage.py
[2025-06-13T14:59:00.457-0400] {logging_mixin.py:190} INFO - [2025-06-13T14:59:00.456-0400] {dag.py:3239} INFO - Sync 1 DAGs
[2025-06-13T14:59:00.462-0400] {logging_mixin.py:190} INFO - [2025-06-13T14:59:00.462-0400] {dag.py:4180} INFO - Setting next_dagrun for tutorial_objectstorage to None, run_after=None
[2025-06-13T14:59:00.470-0400] {processor.py:208} INFO - Processing /Users/pranavr/.pyenv/versions/3.11.6/lib/python3.11/site-packages/airflow/example_dags/tutorial_objectstorage.py took 102.328 seconds
[2025-06-13T15:00:30.361-0400] {processor.py:186} INFO - Started process (PID=15022) to work on /Users/pranavr/.pyenv/versions/3.11.6/lib/python3.11/site-packages/airflow/example_dags/tutorial_objectstorage.py
[2025-06-13T15:00:30.364-0400] {processor.py:914} INFO - Processing file /Users/pranavr/.pyenv/versions/3.11.6/lib/python3.11/site-packages/airflow/example_dags/tutorial_objectstorage.py for tasks to queue
[2025-06-13T15:00:30.364-0400] {logging_mixin.py:190} INFO - [2025-06-13T15:00:30.364-0400] {dagbag.py:588} INFO - Filling up the DagBag from /Users/pranavr/.pyenv/versions/3.11.6/lib/python3.11/site-packages/airflow/example_dags/tutorial_objectstorage.py
[2025-06-13T15:00:30.380-0400] {processor.py:925} INFO - DAG(s) 'tutorial_objectstorage' retrieved from /Users/pranavr/.pyenv/versions/3.11.6/lib/python3.11/site-packages/airflow/example_dags/tutorial_objectstorage.py
[2025-06-13T15:00:30.453-0400] {logging_mixin.py:190} INFO - [2025-06-13T15:00:30.452-0400] {dag.py:3239} INFO - Sync 1 DAGs
[2025-06-13T15:00:30.458-0400] {logging_mixin.py:190} INFO - [2025-06-13T15:00:30.457-0400] {dag.py:4180} INFO - Setting next_dagrun for tutorial_objectstorage to None, run_after=None
[2025-06-13T15:00:30.465-0400] {processor.py:208} INFO - Processing /Users/pranavr/.pyenv/versions/3.11.6/lib/python3.11/site-packages/airflow/example_dags/tutorial_objectstorage.py took 105.053 seconds
[2025-06-13T15:02:32.110-0400] {processor.py:186} INFO - Started process (PID=15294) to work on /Users/pranavr/.pyenv/versions/3.11.6/lib/python3.11/site-packages/airflow/example_dags/tutorial_objectstorage.py
[2025-06-13T15:02:32.112-0400] {processor.py:914} INFO - Processing file /Users/pranavr/.pyenv/versions/3.11.6/lib/python3.11/site-packages/airflow/example_dags/tutorial_objectstorage.py for tasks to queue
[2025-06-13T15:02:32.112-0400] {logging_mixin.py:190} INFO - [2025-06-13T15:02:32.112-0400] {dagbag.py:588} INFO - Filling up the DagBag from /Users/pranavr/.pyenv/versions/3.11.6/lib/python3.11/site-packages/airflow/example_dags/tutorial_objectstorage.py
[2025-06-13T15:02:32.135-0400] {processor.py:925} INFO - DAG(s) 'tutorial_objectstorage' retrieved from /Users/pranavr/.pyenv/versions/3.11.6/lib/python3.11/site-packages/airflow/example_dags/tutorial_objectstorage.py
[2025-06-13T15:02:32.211-0400] {logging_mixin.py:190} INFO - [2025-06-13T15:02:32.210-0400] {dag.py:3239} INFO - Sync 1 DAGs
[2025-06-13T15:02:32.219-0400] {logging_mixin.py:190} INFO - [2025-06-13T15:02:32.218-0400] {dag.py:4180} INFO - Setting next_dagrun for tutorial_objectstorage to None, run_after=None
[2025-06-13T15:02:32.231-0400] {processor.py:208} INFO - Processing /Users/pranavr/.pyenv/versions/3.11.6/lib/python3.11/site-packages/airflow/example_dags/tutorial_objectstorage.py took 122.381 seconds
