[2025-06-13T14:09:35.735-0400] {processor.py:153} INFO - Started process (PID=96536) to work on /Users/pranavr/drift-retrainer/venv311/lib/python3.11/site-packages/airflow/example_dags/tutorial_dag.py
[2025-06-13T14:09:35.737-0400] {processor.py:743} INFO - Processing file /Users/pranavr/drift-retrainer/venv311/lib/python3.11/site-packages/airflow/example_dags/tutorial_dag.py for tasks to queue
[2025-06-13T14:09:35.737-0400] {logging_mixin.py:137} INFO - [2025-06-13T14:09:35.737-0400] {dagbag.py:538} INFO - Filling up the DagBag from /Users/pranavr/drift-retrainer/venv311/lib/python3.11/site-packages/airflow/example_dags/tutorial_dag.py
[2025-06-13T14:09:35.766-0400] {processor.py:753} INFO - DAG(s) dict_keys(['tutorial_dag']) retrieved from /Users/pranavr/drift-retrainer/venv311/lib/python3.11/site-packages/airflow/example_dags/tutorial_dag.py
[2025-06-13T14:09:36.287-0400] {logging_mixin.py:137} INFO - [2025-06-13T14:09:36.287-0400] {manager.py:504} INFO - Created Permission View: can delete on DAG:tutorial_dag
[2025-06-13T14:09:36.292-0400] {logging_mixin.py:137} INFO - [2025-06-13T14:09:36.292-0400] {manager.py:504} INFO - Created Permission View: can read on DAG:tutorial_dag
[2025-06-13T14:09:36.295-0400] {logging_mixin.py:137} INFO - [2025-06-13T14:09:36.295-0400] {manager.py:504} INFO - Created Permission View: can edit on DAG:tutorial_dag
[2025-06-13T14:09:36.295-0400] {logging_mixin.py:137} INFO - [2025-06-13T14:09:36.295-0400] {dag.py:2690} INFO - Sync 1 DAGs
[2025-06-13T14:09:36.299-0400] {logging_mixin.py:137} INFO - [2025-06-13T14:09:36.299-0400] {dag.py:2711} INFO - Creating ORM DAG for tutorial_dag
[2025-06-13T14:09:36.303-0400] {logging_mixin.py:137} INFO - [2025-06-13T14:09:36.302-0400] {dag.py:3437} INFO - Setting next_dagrun for tutorial_dag to None, run_after=None
[2025-06-13T14:09:36.310-0400] {processor.py:175} INFO - Processing /Users/pranavr/drift-retrainer/venv311/lib/python3.11/site-packages/airflow/example_dags/tutorial_dag.py took 0.575 seconds
[2025-06-13T14:11:05.853-0400] {processor.py:153} INFO - Started process (PID=97216) to work on /Users/pranavr/drift-retrainer/venv311/lib/python3.11/site-packages/airflow/example_dags/tutorial_dag.py
[2025-06-13T14:11:05.856-0400] {processor.py:743} INFO - Processing file /Users/pranavr/drift-retrainer/venv311/lib/python3.11/site-packages/airflow/example_dags/tutorial_dag.py for tasks to queue
[2025-06-13T14:11:05.856-0400] {logging_mixin.py:137} INFO - [2025-06-13T14:11:05.856-0400] {dagbag.py:538} INFO - Filling up the DagBag from /Users/pranavr/drift-retrainer/venv311/lib/python3.11/site-packages/airflow/example_dags/tutorial_dag.py
[2025-06-13T14:11:05.884-0400] {processor.py:753} INFO - DAG(s) dict_keys(['tutorial_dag']) retrieved from /Users/pranavr/drift-retrainer/venv311/lib/python3.11/site-packages/airflow/example_dags/tutorial_dag.py
[2025-06-13T14:11:06.324-0400] {logging_mixin.py:137} INFO - [2025-06-13T14:11:06.323-0400] {dag.py:2690} INFO - Sync 1 DAGs
[2025-06-13T14:11:06.332-0400] {logging_mixin.py:137} INFO - [2025-06-13T14:11:06.332-0400] {dag.py:3437} INFO - Setting next_dagrun for tutorial_dag to None, run_after=None
[2025-06-13T14:11:06.339-0400] {processor.py:175} INFO - Processing /Users/pranavr/drift-retrainer/venv311/lib/python3.11/site-packages/airflow/example_dags/tutorial_dag.py took 0.487 seconds
[2025-06-13T14:12:06.578-0400] {processor.py:153} INFO - Started process (PID=97703) to work on /Users/pranavr/drift-retrainer/venv311/lib/python3.11/site-packages/airflow/example_dags/tutorial_dag.py
[2025-06-13T14:12:06.580-0400] {processor.py:743} INFO - Processing file /Users/pranavr/drift-retrainer/venv311/lib/python3.11/site-packages/airflow/example_dags/tutorial_dag.py for tasks to queue
[2025-06-13T14:12:06.581-0400] {logging_mixin.py:137} INFO - [2025-06-13T14:12:06.581-0400] {dagbag.py:538} INFO - Filling up the DagBag from /Users/pranavr/drift-retrainer/venv311/lib/python3.11/site-packages/airflow/example_dags/tutorial_dag.py
[2025-06-13T14:12:06.602-0400] {processor.py:753} INFO - DAG(s) dict_keys(['tutorial_dag']) retrieved from /Users/pranavr/drift-retrainer/venv311/lib/python3.11/site-packages/airflow/example_dags/tutorial_dag.py
[2025-06-13T14:12:07.091-0400] {logging_mixin.py:137} INFO - [2025-06-13T14:12:07.091-0400] {dag.py:2690} INFO - Sync 1 DAGs
[2025-06-13T14:12:07.098-0400] {logging_mixin.py:137} INFO - [2025-06-13T14:12:07.098-0400] {dag.py:3437} INFO - Setting next_dagrun for tutorial_dag to None, run_after=None
[2025-06-13T14:12:07.108-0400] {processor.py:175} INFO - Processing /Users/pranavr/drift-retrainer/venv311/lib/python3.11/site-packages/airflow/example_dags/tutorial_dag.py took 0.530 seconds
[2025-06-13T14:13:03.336-0400] {processor.py:153} INFO - Started process (PID=97757) to work on /Users/pranavr/drift-retrainer/venv311/lib/python3.11/site-packages/airflow/example_dags/tutorial_dag.py
[2025-06-13T14:13:03.340-0400] {processor.py:743} INFO - Processing file /Users/pranavr/drift-retrainer/venv311/lib/python3.11/site-packages/airflow/example_dags/tutorial_dag.py for tasks to queue
[2025-06-13T14:13:03.340-0400] {logging_mixin.py:137} INFO - [2025-06-13T14:13:03.340-0400] {dagbag.py:538} INFO - Filling up the DagBag from /Users/pranavr/drift-retrainer/venv311/lib/python3.11/site-packages/airflow/example_dags/tutorial_dag.py
[2025-06-13T14:13:03.652-0400] {processor.py:753} INFO - DAG(s) dict_keys(['tutorial_dag']) retrieved from /Users/pranavr/drift-retrainer/venv311/lib/python3.11/site-packages/airflow/example_dags/tutorial_dag.py
[2025-06-13T14:13:04.223-0400] {logging_mixin.py:137} INFO - [2025-06-13T14:13:04.223-0400] {dag.py:2690} INFO - Sync 1 DAGs
[2025-06-13T14:13:04.241-0400] {logging_mixin.py:137} INFO - [2025-06-13T14:13:04.241-0400] {dag.py:3437} INFO - Setting next_dagrun for tutorial_dag to None, run_after=None
[2025-06-13T14:13:04.254-0400] {processor.py:175} INFO - Processing /Users/pranavr/drift-retrainer/venv311/lib/python3.11/site-packages/airflow/example_dags/tutorial_dag.py took 0.919 seconds
[2025-06-13T14:13:58.472-0400] {processor.py:153} INFO - Started process (PID=97953) to work on /Users/pranavr/drift-retrainer/venv311/lib/python3.11/site-packages/airflow/example_dags/tutorial_dag.py
[2025-06-13T14:13:58.476-0400] {processor.py:743} INFO - Processing file /Users/pranavr/drift-retrainer/venv311/lib/python3.11/site-packages/airflow/example_dags/tutorial_dag.py for tasks to queue
[2025-06-13T14:13:58.476-0400] {logging_mixin.py:137} INFO - [2025-06-13T14:13:58.476-0400] {dagbag.py:538} INFO - Filling up the DagBag from /Users/pranavr/drift-retrainer/venv311/lib/python3.11/site-packages/airflow/example_dags/tutorial_dag.py
[2025-06-13T14:13:58.521-0400] {processor.py:753} INFO - DAG(s) dict_keys(['tutorial_dag']) retrieved from /Users/pranavr/drift-retrainer/venv311/lib/python3.11/site-packages/airflow/example_dags/tutorial_dag.py
[2025-06-13T14:13:58.977-0400] {logging_mixin.py:137} INFO - [2025-06-13T14:13:58.977-0400] {dag.py:2690} INFO - Sync 1 DAGs
[2025-06-13T14:13:58.985-0400] {logging_mixin.py:137} INFO - [2025-06-13T14:13:58.985-0400] {dag.py:3437} INFO - Setting next_dagrun for tutorial_dag to None, run_after=None
[2025-06-13T14:13:58.994-0400] {processor.py:175} INFO - Processing /Users/pranavr/drift-retrainer/venv311/lib/python3.11/site-packages/airflow/example_dags/tutorial_dag.py took 0.522 seconds
[2025-06-13T14:14:51.529-0400] {processor.py:153} INFO - Started process (PID=955) to work on /Users/pranavr/drift-retrainer/venv311/lib/python3.11/site-packages/airflow/example_dags/tutorial_dag.py
[2025-06-13T14:14:51.531-0400] {processor.py:743} INFO - Processing file /Users/pranavr/drift-retrainer/venv311/lib/python3.11/site-packages/airflow/example_dags/tutorial_dag.py for tasks to queue
[2025-06-13T14:14:51.532-0400] {logging_mixin.py:137} INFO - [2025-06-13T14:14:51.531-0400] {dagbag.py:538} INFO - Filling up the DagBag from /Users/pranavr/drift-retrainer/venv311/lib/python3.11/site-packages/airflow/example_dags/tutorial_dag.py
[2025-06-13T14:14:51.641-0400] {processor.py:753} INFO - DAG(s) dict_keys(['tutorial_dag']) retrieved from /Users/pranavr/drift-retrainer/venv311/lib/python3.11/site-packages/airflow/example_dags/tutorial_dag.py
[2025-06-13T14:14:52.165-0400] {logging_mixin.py:137} INFO - [2025-06-13T14:14:52.165-0400] {dag.py:2690} INFO - Sync 1 DAGs
[2025-06-13T14:14:52.173-0400] {logging_mixin.py:137} INFO - [2025-06-13T14:14:52.173-0400] {dag.py:3437} INFO - Setting next_dagrun for tutorial_dag to None, run_after=None
[2025-06-13T14:14:52.182-0400] {processor.py:175} INFO - Processing /Users/pranavr/drift-retrainer/venv311/lib/python3.11/site-packages/airflow/example_dags/tutorial_dag.py took 0.653 seconds
[2025-06-13T14:15:50.761-0400] {processor.py:153} INFO - Started process (PID=3267) to work on /Users/pranavr/drift-retrainer/venv311/lib/python3.11/site-packages/airflow/example_dags/tutorial_dag.py
[2025-06-13T14:15:50.763-0400] {processor.py:743} INFO - Processing file /Users/pranavr/drift-retrainer/venv311/lib/python3.11/site-packages/airflow/example_dags/tutorial_dag.py for tasks to queue
[2025-06-13T14:15:50.764-0400] {logging_mixin.py:137} INFO - [2025-06-13T14:15:50.764-0400] {dagbag.py:538} INFO - Filling up the DagBag from /Users/pranavr/drift-retrainer/venv311/lib/python3.11/site-packages/airflow/example_dags/tutorial_dag.py
[2025-06-13T14:15:50.799-0400] {processor.py:753} INFO - DAG(s) dict_keys(['tutorial_dag']) retrieved from /Users/pranavr/drift-retrainer/venv311/lib/python3.11/site-packages/airflow/example_dags/tutorial_dag.py
[2025-06-13T14:15:51.285-0400] {logging_mixin.py:137} INFO - [2025-06-13T14:15:51.285-0400] {dag.py:2690} INFO - Sync 1 DAGs
[2025-06-13T14:15:51.296-0400] {logging_mixin.py:137} INFO - [2025-06-13T14:15:51.296-0400] {dag.py:3437} INFO - Setting next_dagrun for tutorial_dag to None, run_after=None
[2025-06-13T14:15:51.308-0400] {processor.py:175} INFO - Processing /Users/pranavr/drift-retrainer/venv311/lib/python3.11/site-packages/airflow/example_dags/tutorial_dag.py took 0.548 seconds
[2025-06-13T14:16:49.595-0400] {processor.py:153} INFO - Started process (PID=3888) to work on /Users/pranavr/drift-retrainer/venv311/lib/python3.11/site-packages/airflow/example_dags/tutorial_dag.py
[2025-06-13T14:16:49.598-0400] {processor.py:743} INFO - Processing file /Users/pranavr/drift-retrainer/venv311/lib/python3.11/site-packages/airflow/example_dags/tutorial_dag.py for tasks to queue
[2025-06-13T14:16:49.599-0400] {logging_mixin.py:137} INFO - [2025-06-13T14:16:49.598-0400] {dagbag.py:538} INFO - Filling up the DagBag from /Users/pranavr/drift-retrainer/venv311/lib/python3.11/site-packages/airflow/example_dags/tutorial_dag.py
[2025-06-13T14:16:49.636-0400] {processor.py:753} INFO - DAG(s) dict_keys(['tutorial_dag']) retrieved from /Users/pranavr/drift-retrainer/venv311/lib/python3.11/site-packages/airflow/example_dags/tutorial_dag.py
[2025-06-13T14:16:50.087-0400] {logging_mixin.py:137} INFO - [2025-06-13T14:16:50.087-0400] {dag.py:2690} INFO - Sync 1 DAGs
[2025-06-13T14:16:50.096-0400] {logging_mixin.py:137} INFO - [2025-06-13T14:16:50.096-0400] {dag.py:3437} INFO - Setting next_dagrun for tutorial_dag to None, run_after=None
[2025-06-13T14:16:50.109-0400] {processor.py:175} INFO - Processing /Users/pranavr/drift-retrainer/venv311/lib/python3.11/site-packages/airflow/example_dags/tutorial_dag.py took 0.514 seconds
[2025-06-13T14:17:44.266-0400] {processor.py:153} INFO - Started process (PID=5446) to work on /Users/pranavr/drift-retrainer/venv311/lib/python3.11/site-packages/airflow/example_dags/tutorial_dag.py
[2025-06-13T14:17:44.268-0400] {processor.py:743} INFO - Processing file /Users/pranavr/drift-retrainer/venv311/lib/python3.11/site-packages/airflow/example_dags/tutorial_dag.py for tasks to queue
[2025-06-13T14:17:44.268-0400] {logging_mixin.py:137} INFO - [2025-06-13T14:17:44.268-0400] {dagbag.py:538} INFO - Filling up the DagBag from /Users/pranavr/drift-retrainer/venv311/lib/python3.11/site-packages/airflow/example_dags/tutorial_dag.py
[2025-06-13T14:17:44.295-0400] {processor.py:753} INFO - DAG(s) dict_keys(['tutorial_dag']) retrieved from /Users/pranavr/drift-retrainer/venv311/lib/python3.11/site-packages/airflow/example_dags/tutorial_dag.py
[2025-06-13T14:17:44.806-0400] {logging_mixin.py:137} INFO - [2025-06-13T14:17:44.805-0400] {dag.py:2690} INFO - Sync 1 DAGs
[2025-06-13T14:17:44.816-0400] {logging_mixin.py:137} INFO - [2025-06-13T14:17:44.816-0400] {dag.py:3437} INFO - Setting next_dagrun for tutorial_dag to None, run_after=None
[2025-06-13T14:17:44.824-0400] {processor.py:175} INFO - Processing /Users/pranavr/drift-retrainer/venv311/lib/python3.11/site-packages/airflow/example_dags/tutorial_dag.py took 0.559 seconds
[2025-06-13T14:18:45.063-0400] {processor.py:153} INFO - Started process (PID=6376) to work on /Users/pranavr/drift-retrainer/venv311/lib/python3.11/site-packages/airflow/example_dags/tutorial_dag.py
[2025-06-13T14:18:45.065-0400] {processor.py:743} INFO - Processing file /Users/pranavr/drift-retrainer/venv311/lib/python3.11/site-packages/airflow/example_dags/tutorial_dag.py for tasks to queue
[2025-06-13T14:18:45.065-0400] {logging_mixin.py:137} INFO - [2025-06-13T14:18:45.065-0400] {dagbag.py:538} INFO - Filling up the DagBag from /Users/pranavr/drift-retrainer/venv311/lib/python3.11/site-packages/airflow/example_dags/tutorial_dag.py
[2025-06-13T14:18:45.087-0400] {processor.py:753} INFO - DAG(s) dict_keys(['tutorial_dag']) retrieved from /Users/pranavr/drift-retrainer/venv311/lib/python3.11/site-packages/airflow/example_dags/tutorial_dag.py
[2025-06-13T14:18:45.572-0400] {logging_mixin.py:137} INFO - [2025-06-13T14:18:45.572-0400] {dag.py:2690} INFO - Sync 1 DAGs
[2025-06-13T14:18:45.581-0400] {logging_mixin.py:137} INFO - [2025-06-13T14:18:45.581-0400] {dag.py:3437} INFO - Setting next_dagrun for tutorial_dag to None, run_after=None
[2025-06-13T14:18:45.589-0400] {processor.py:175} INFO - Processing /Users/pranavr/drift-retrainer/venv311/lib/python3.11/site-packages/airflow/example_dags/tutorial_dag.py took 0.527 seconds
[2025-06-13T14:19:46.284-0400] {processor.py:153} INFO - Started process (PID=6531) to work on /Users/pranavr/drift-retrainer/venv311/lib/python3.11/site-packages/airflow/example_dags/tutorial_dag.py
[2025-06-13T14:19:46.287-0400] {processor.py:743} INFO - Processing file /Users/pranavr/drift-retrainer/venv311/lib/python3.11/site-packages/airflow/example_dags/tutorial_dag.py for tasks to queue
[2025-06-13T14:19:46.287-0400] {logging_mixin.py:137} INFO - [2025-06-13T14:19:46.287-0400] {dagbag.py:538} INFO - Filling up the DagBag from /Users/pranavr/drift-retrainer/venv311/lib/python3.11/site-packages/airflow/example_dags/tutorial_dag.py
[2025-06-13T14:19:46.326-0400] {processor.py:753} INFO - DAG(s) dict_keys(['tutorial_dag']) retrieved from /Users/pranavr/drift-retrainer/venv311/lib/python3.11/site-packages/airflow/example_dags/tutorial_dag.py
[2025-06-13T14:19:46.828-0400] {logging_mixin.py:137} INFO - [2025-06-13T14:19:46.827-0400] {dag.py:2690} INFO - Sync 1 DAGs
[2025-06-13T14:19:46.836-0400] {logging_mixin.py:137} INFO - [2025-06-13T14:19:46.836-0400] {dag.py:3437} INFO - Setting next_dagrun for tutorial_dag to None, run_after=None
[2025-06-13T14:19:46.847-0400] {processor.py:175} INFO - Processing /Users/pranavr/drift-retrainer/venv311/lib/python3.11/site-packages/airflow/example_dags/tutorial_dag.py took 0.564 seconds
[2025-06-13T14:21:36.649-0400] {processor.py:186} INFO - Started process (PID=7499) to work on /Users/pranavr/.pyenv/versions/3.11.6/lib/python3.11/site-packages/airflow/example_dags/tutorial_dag.py
[2025-06-13T14:21:36.652-0400] {processor.py:914} INFO - Processing file /Users/pranavr/.pyenv/versions/3.11.6/lib/python3.11/site-packages/airflow/example_dags/tutorial_dag.py for tasks to queue
[2025-06-13T14:21:36.652-0400] {logging_mixin.py:190} INFO - [2025-06-13T14:21:36.652-0400] {dagbag.py:588} INFO - Filling up the DagBag from /Users/pranavr/.pyenv/versions/3.11.6/lib/python3.11/site-packages/airflow/example_dags/tutorial_dag.py
[2025-06-13T14:21:36.666-0400] {processor.py:925} INFO - DAG(s) 'tutorial_dag' retrieved from /Users/pranavr/.pyenv/versions/3.11.6/lib/python3.11/site-packages/airflow/example_dags/tutorial_dag.py
[2025-06-13T14:21:36.794-0400] {logging_mixin.py:190} INFO - [2025-06-13T14:21:36.794-0400] {dag.py:3239} INFO - Sync 1 DAGs
[2025-06-13T14:21:36.798-0400] {logging_mixin.py:190} INFO - [2025-06-13T14:21:36.798-0400] {dag.py:4180} INFO - Setting next_dagrun for tutorial_dag to None, run_after=None
[2025-06-13T14:21:36.807-0400] {processor.py:208} INFO - Processing /Users/pranavr/.pyenv/versions/3.11.6/lib/python3.11/site-packages/airflow/example_dags/tutorial_dag.py took 158.378 seconds
[2025-06-13T14:23:43.372-0400] {processor.py:186} INFO - Started process (PID=7852) to work on /Users/pranavr/.pyenv/versions/3.11.6/lib/python3.11/site-packages/airflow/example_dags/tutorial_dag.py
[2025-06-13T14:23:43.375-0400] {processor.py:914} INFO - Processing file /Users/pranavr/.pyenv/versions/3.11.6/lib/python3.11/site-packages/airflow/example_dags/tutorial_dag.py for tasks to queue
[2025-06-13T14:23:43.375-0400] {logging_mixin.py:190} INFO - [2025-06-13T14:23:43.375-0400] {dagbag.py:588} INFO - Filling up the DagBag from /Users/pranavr/.pyenv/versions/3.11.6/lib/python3.11/site-packages/airflow/example_dags/tutorial_dag.py
[2025-06-13T14:23:43.389-0400] {processor.py:925} INFO - DAG(s) 'tutorial_dag' retrieved from /Users/pranavr/.pyenv/versions/3.11.6/lib/python3.11/site-packages/airflow/example_dags/tutorial_dag.py
[2025-06-13T14:23:43.476-0400] {logging_mixin.py:190} INFO - [2025-06-13T14:23:43.476-0400] {dag.py:3239} INFO - Sync 1 DAGs
[2025-06-13T14:23:43.482-0400] {logging_mixin.py:190} INFO - [2025-06-13T14:23:43.482-0400] {dag.py:4180} INFO - Setting next_dagrun for tutorial_dag to None, run_after=None
[2025-06-13T14:23:43.492-0400] {processor.py:208} INFO - Processing /Users/pranavr/.pyenv/versions/3.11.6/lib/python3.11/site-packages/airflow/example_dags/tutorial_dag.py took 123.966 seconds
[2025-06-13T14:25:15.464-0400] {processor.py:186} INFO - Started process (PID=7974) to work on /Users/pranavr/.pyenv/versions/3.11.6/lib/python3.11/site-packages/airflow/example_dags/tutorial_dag.py
[2025-06-13T14:25:15.466-0400] {processor.py:914} INFO - Processing file /Users/pranavr/.pyenv/versions/3.11.6/lib/python3.11/site-packages/airflow/example_dags/tutorial_dag.py for tasks to queue
[2025-06-13T14:25:15.467-0400] {logging_mixin.py:190} INFO - [2025-06-13T14:25:15.466-0400] {dagbag.py:588} INFO - Filling up the DagBag from /Users/pranavr/.pyenv/versions/3.11.6/lib/python3.11/site-packages/airflow/example_dags/tutorial_dag.py
[2025-06-13T14:25:15.478-0400] {processor.py:925} INFO - DAG(s) 'tutorial_dag' retrieved from /Users/pranavr/.pyenv/versions/3.11.6/lib/python3.11/site-packages/airflow/example_dags/tutorial_dag.py
[2025-06-13T14:25:15.568-0400] {logging_mixin.py:190} INFO - [2025-06-13T14:25:15.568-0400] {dag.py:3239} INFO - Sync 1 DAGs
[2025-06-13T14:25:15.573-0400] {logging_mixin.py:190} INFO - [2025-06-13T14:25:15.573-0400] {dag.py:4180} INFO - Setting next_dagrun for tutorial_dag to None, run_after=None
[2025-06-13T14:25:15.583-0400] {processor.py:208} INFO - Processing /Users/pranavr/.pyenv/versions/3.11.6/lib/python3.11/site-packages/airflow/example_dags/tutorial_dag.py took 121.052 seconds
[2025-06-13T14:26:47.770-0400] {processor.py:186} INFO - Started process (PID=8084) to work on /Users/pranavr/.pyenv/versions/3.11.6/lib/python3.11/site-packages/airflow/example_dags/tutorial_dag.py
[2025-06-13T14:26:47.772-0400] {processor.py:914} INFO - Processing file /Users/pranavr/.pyenv/versions/3.11.6/lib/python3.11/site-packages/airflow/example_dags/tutorial_dag.py for tasks to queue
[2025-06-13T14:26:47.773-0400] {logging_mixin.py:190} INFO - [2025-06-13T14:26:47.773-0400] {dagbag.py:588} INFO - Filling up the DagBag from /Users/pranavr/.pyenv/versions/3.11.6/lib/python3.11/site-packages/airflow/example_dags/tutorial_dag.py
[2025-06-13T14:26:47.786-0400] {processor.py:925} INFO - DAG(s) 'tutorial_dag' retrieved from /Users/pranavr/.pyenv/versions/3.11.6/lib/python3.11/site-packages/airflow/example_dags/tutorial_dag.py
[2025-06-13T14:26:47.867-0400] {logging_mixin.py:190} INFO - [2025-06-13T14:26:47.867-0400] {dag.py:3239} INFO - Sync 1 DAGs
[2025-06-13T14:26:47.872-0400] {logging_mixin.py:190} INFO - [2025-06-13T14:26:47.872-0400] {dag.py:4180} INFO - Setting next_dagrun for tutorial_dag to None, run_after=None
[2025-06-13T14:26:47.881-0400] {processor.py:208} INFO - Processing /Users/pranavr/.pyenv/versions/3.11.6/lib/python3.11/site-packages/airflow/example_dags/tutorial_dag.py took 112.448 seconds
[2025-06-13T14:28:18.728-0400] {processor.py:186} INFO - Started process (PID=8780) to work on /Users/pranavr/.pyenv/versions/3.11.6/lib/python3.11/site-packages/airflow/example_dags/tutorial_dag.py
[2025-06-13T14:28:18.730-0400] {processor.py:914} INFO - Processing file /Users/pranavr/.pyenv/versions/3.11.6/lib/python3.11/site-packages/airflow/example_dags/tutorial_dag.py for tasks to queue
[2025-06-13T14:28:18.731-0400] {logging_mixin.py:190} INFO - [2025-06-13T14:28:18.731-0400] {dagbag.py:588} INFO - Filling up the DagBag from /Users/pranavr/.pyenv/versions/3.11.6/lib/python3.11/site-packages/airflow/example_dags/tutorial_dag.py
[2025-06-13T14:28:18.743-0400] {processor.py:925} INFO - DAG(s) 'tutorial_dag' retrieved from /Users/pranavr/.pyenv/versions/3.11.6/lib/python3.11/site-packages/airflow/example_dags/tutorial_dag.py
[2025-06-13T14:28:18.831-0400] {logging_mixin.py:190} INFO - [2025-06-13T14:28:18.831-0400] {dag.py:3239} INFO - Sync 1 DAGs
[2025-06-13T14:28:18.837-0400] {logging_mixin.py:190} INFO - [2025-06-13T14:28:18.837-0400] {dag.py:4180} INFO - Setting next_dagrun for tutorial_dag to None, run_after=None
[2025-06-13T14:28:18.845-0400] {processor.py:208} INFO - Processing /Users/pranavr/.pyenv/versions/3.11.6/lib/python3.11/site-packages/airflow/example_dags/tutorial_dag.py took 118.677 seconds
[2025-06-13T14:29:50.066-0400] {processor.py:186} INFO - Started process (PID=8905) to work on /Users/pranavr/.pyenv/versions/3.11.6/lib/python3.11/site-packages/airflow/example_dags/tutorial_dag.py
[2025-06-13T14:29:50.068-0400] {processor.py:914} INFO - Processing file /Users/pranavr/.pyenv/versions/3.11.6/lib/python3.11/site-packages/airflow/example_dags/tutorial_dag.py for tasks to queue
[2025-06-13T14:29:50.069-0400] {logging_mixin.py:190} INFO - [2025-06-13T14:29:50.069-0400] {dagbag.py:588} INFO - Filling up the DagBag from /Users/pranavr/.pyenv/versions/3.11.6/lib/python3.11/site-packages/airflow/example_dags/tutorial_dag.py
[2025-06-13T14:29:50.087-0400] {processor.py:925} INFO - DAG(s) 'tutorial_dag' retrieved from /Users/pranavr/.pyenv/versions/3.11.6/lib/python3.11/site-packages/airflow/example_dags/tutorial_dag.py
[2025-06-13T14:29:50.181-0400] {logging_mixin.py:190} INFO - [2025-06-13T14:29:50.180-0400] {dag.py:3239} INFO - Sync 1 DAGs
[2025-06-13T14:29:50.186-0400] {logging_mixin.py:190} INFO - [2025-06-13T14:29:50.186-0400] {dag.py:4180} INFO - Setting next_dagrun for tutorial_dag to None, run_after=None
[2025-06-13T14:29:50.194-0400] {processor.py:208} INFO - Processing /Users/pranavr/.pyenv/versions/3.11.6/lib/python3.11/site-packages/airflow/example_dags/tutorial_dag.py took 129.249 seconds
[2025-06-13T14:31:19.178-0400] {processor.py:186} INFO - Started process (PID=9344) to work on /Users/pranavr/.pyenv/versions/3.11.6/lib/python3.11/site-packages/airflow/example_dags/tutorial_dag.py
[2025-06-13T14:31:19.180-0400] {processor.py:914} INFO - Processing file /Users/pranavr/.pyenv/versions/3.11.6/lib/python3.11/site-packages/airflow/example_dags/tutorial_dag.py for tasks to queue
[2025-06-13T14:31:19.180-0400] {logging_mixin.py:190} INFO - [2025-06-13T14:31:19.180-0400] {dagbag.py:588} INFO - Filling up the DagBag from /Users/pranavr/.pyenv/versions/3.11.6/lib/python3.11/site-packages/airflow/example_dags/tutorial_dag.py
[2025-06-13T14:31:19.193-0400] {processor.py:925} INFO - DAG(s) 'tutorial_dag' retrieved from /Users/pranavr/.pyenv/versions/3.11.6/lib/python3.11/site-packages/airflow/example_dags/tutorial_dag.py
[2025-06-13T14:31:19.279-0400] {logging_mixin.py:190} INFO - [2025-06-13T14:31:19.279-0400] {dag.py:3239} INFO - Sync 1 DAGs
[2025-06-13T14:31:19.285-0400] {logging_mixin.py:190} INFO - [2025-06-13T14:31:19.285-0400] {dag.py:4180} INFO - Setting next_dagrun for tutorial_dag to None, run_after=None
[2025-06-13T14:31:19.293-0400] {processor.py:208} INFO - Processing /Users/pranavr/.pyenv/versions/3.11.6/lib/python3.11/site-packages/airflow/example_dags/tutorial_dag.py took 116.614 seconds
[2025-06-13T14:32:50.772-0400] {processor.py:186} INFO - Started process (PID=9565) to work on /Users/pranavr/.pyenv/versions/3.11.6/lib/python3.11/site-packages/airflow/example_dags/tutorial_dag.py
[2025-06-13T14:32:50.777-0400] {processor.py:914} INFO - Processing file /Users/pranavr/.pyenv/versions/3.11.6/lib/python3.11/site-packages/airflow/example_dags/tutorial_dag.py for tasks to queue
[2025-06-13T14:32:50.778-0400] {logging_mixin.py:190} INFO - [2025-06-13T14:32:50.777-0400] {dagbag.py:588} INFO - Filling up the DagBag from /Users/pranavr/.pyenv/versions/3.11.6/lib/python3.11/site-packages/airflow/example_dags/tutorial_dag.py
[2025-06-13T14:32:50.791-0400] {processor.py:925} INFO - DAG(s) 'tutorial_dag' retrieved from /Users/pranavr/.pyenv/versions/3.11.6/lib/python3.11/site-packages/airflow/example_dags/tutorial_dag.py
[2025-06-13T14:32:50.873-0400] {logging_mixin.py:190} INFO - [2025-06-13T14:32:50.873-0400] {dag.py:3239} INFO - Sync 1 DAGs
[2025-06-13T14:32:50.878-0400] {logging_mixin.py:190} INFO - [2025-06-13T14:32:50.878-0400] {dag.py:4180} INFO - Setting next_dagrun for tutorial_dag to None, run_after=None
[2025-06-13T14:32:50.887-0400] {processor.py:208} INFO - Processing /Users/pranavr/.pyenv/versions/3.11.6/lib/python3.11/site-packages/airflow/example_dags/tutorial_dag.py took 116.735 seconds
[2025-06-13T14:34:21.457-0400] {processor.py:186} INFO - Started process (PID=9954) to work on /Users/pranavr/.pyenv/versions/3.11.6/lib/python3.11/site-packages/airflow/example_dags/tutorial_dag.py
[2025-06-13T14:34:21.459-0400] {processor.py:914} INFO - Processing file /Users/pranavr/.pyenv/versions/3.11.6/lib/python3.11/site-packages/airflow/example_dags/tutorial_dag.py for tasks to queue
[2025-06-13T14:34:21.460-0400] {logging_mixin.py:190} INFO - [2025-06-13T14:34:21.460-0400] {dagbag.py:588} INFO - Filling up the DagBag from /Users/pranavr/.pyenv/versions/3.11.6/lib/python3.11/site-packages/airflow/example_dags/tutorial_dag.py
[2025-06-13T14:34:21.483-0400] {processor.py:925} INFO - DAG(s) 'tutorial_dag' retrieved from /Users/pranavr/.pyenv/versions/3.11.6/lib/python3.11/site-packages/airflow/example_dags/tutorial_dag.py
[2025-06-13T14:34:21.574-0400] {logging_mixin.py:190} INFO - [2025-06-13T14:34:21.574-0400] {dag.py:3239} INFO - Sync 1 DAGs
[2025-06-13T14:34:21.580-0400] {logging_mixin.py:190} INFO - [2025-06-13T14:34:21.580-0400] {dag.py:4180} INFO - Setting next_dagrun for tutorial_dag to None, run_after=None
[2025-06-13T14:34:21.592-0400] {processor.py:208} INFO - Processing /Users/pranavr/.pyenv/versions/3.11.6/lib/python3.11/site-packages/airflow/example_dags/tutorial_dag.py took 136.820 seconds
[2025-06-13T14:35:53.932-0400] {processor.py:186} INFO - Started process (PID=10297) to work on /Users/pranavr/.pyenv/versions/3.11.6/lib/python3.11/site-packages/airflow/example_dags/tutorial_dag.py
[2025-06-13T14:35:53.935-0400] {processor.py:914} INFO - Processing file /Users/pranavr/.pyenv/versions/3.11.6/lib/python3.11/site-packages/airflow/example_dags/tutorial_dag.py for tasks to queue
[2025-06-13T14:35:53.937-0400] {logging_mixin.py:190} INFO - [2025-06-13T14:35:53.937-0400] {dagbag.py:588} INFO - Filling up the DagBag from /Users/pranavr/.pyenv/versions/3.11.6/lib/python3.11/site-packages/airflow/example_dags/tutorial_dag.py
[2025-06-13T14:35:53.952-0400] {processor.py:925} INFO - DAG(s) 'tutorial_dag' retrieved from /Users/pranavr/.pyenv/versions/3.11.6/lib/python3.11/site-packages/airflow/example_dags/tutorial_dag.py
[2025-06-13T14:35:54.045-0400] {logging_mixin.py:190} INFO - [2025-06-13T14:35:54.045-0400] {dag.py:3239} INFO - Sync 1 DAGs
[2025-06-13T14:35:54.051-0400] {logging_mixin.py:190} INFO - [2025-06-13T14:35:54.050-0400] {dag.py:4180} INFO - Setting next_dagrun for tutorial_dag to None, run_after=None
[2025-06-13T14:35:54.058-0400] {processor.py:208} INFO - Processing /Users/pranavr/.pyenv/versions/3.11.6/lib/python3.11/site-packages/airflow/example_dags/tutorial_dag.py took 130.211 seconds
[2025-06-13T14:37:23.937-0400] {processor.py:186} INFO - Started process (PID=11055) to work on /Users/pranavr/.pyenv/versions/3.11.6/lib/python3.11/site-packages/airflow/example_dags/tutorial_dag.py
[2025-06-13T14:37:23.940-0400] {processor.py:914} INFO - Processing file /Users/pranavr/.pyenv/versions/3.11.6/lib/python3.11/site-packages/airflow/example_dags/tutorial_dag.py for tasks to queue
[2025-06-13T14:37:23.941-0400] {logging_mixin.py:190} INFO - [2025-06-13T14:37:23.940-0400] {dagbag.py:588} INFO - Filling up the DagBag from /Users/pranavr/.pyenv/versions/3.11.6/lib/python3.11/site-packages/airflow/example_dags/tutorial_dag.py
[2025-06-13T14:37:23.963-0400] {processor.py:925} INFO - DAG(s) 'tutorial_dag' retrieved from /Users/pranavr/.pyenv/versions/3.11.6/lib/python3.11/site-packages/airflow/example_dags/tutorial_dag.py
[2025-06-13T14:37:24.060-0400] {logging_mixin.py:190} INFO - [2025-06-13T14:37:24.060-0400] {dag.py:3239} INFO - Sync 1 DAGs
[2025-06-13T14:37:24.066-0400] {logging_mixin.py:190} INFO - [2025-06-13T14:37:24.066-0400] {dag.py:4180} INFO - Setting next_dagrun for tutorial_dag to None, run_after=None
[2025-06-13T14:37:24.076-0400] {processor.py:208} INFO - Processing /Users/pranavr/.pyenv/versions/3.11.6/lib/python3.11/site-packages/airflow/example_dags/tutorial_dag.py took 140.813 seconds
[2025-06-13T14:38:52.562-0400] {processor.py:186} INFO - Started process (PID=11257) to work on /Users/pranavr/.pyenv/versions/3.11.6/lib/python3.11/site-packages/airflow/example_dags/tutorial_dag.py
[2025-06-13T14:38:52.566-0400] {processor.py:914} INFO - Processing file /Users/pranavr/.pyenv/versions/3.11.6/lib/python3.11/site-packages/airflow/example_dags/tutorial_dag.py for tasks to queue
[2025-06-13T14:38:52.566-0400] {logging_mixin.py:190} INFO - [2025-06-13T14:38:52.566-0400] {dagbag.py:588} INFO - Filling up the DagBag from /Users/pranavr/.pyenv/versions/3.11.6/lib/python3.11/site-packages/airflow/example_dags/tutorial_dag.py
[2025-06-13T14:38:52.578-0400] {processor.py:925} INFO - DAG(s) 'tutorial_dag' retrieved from /Users/pranavr/.pyenv/versions/3.11.6/lib/python3.11/site-packages/airflow/example_dags/tutorial_dag.py
[2025-06-13T14:38:52.655-0400] {logging_mixin.py:190} INFO - [2025-06-13T14:38:52.655-0400] {dag.py:3239} INFO - Sync 1 DAGs
[2025-06-13T14:38:52.660-0400] {logging_mixin.py:190} INFO - [2025-06-13T14:38:52.660-0400] {dag.py:4180} INFO - Setting next_dagrun for tutorial_dag to None, run_after=None
[2025-06-13T14:38:52.668-0400] {processor.py:208} INFO - Processing /Users/pranavr/.pyenv/versions/3.11.6/lib/python3.11/site-packages/airflow/example_dags/tutorial_dag.py took 107.926 seconds
[2025-06-13T14:40:13.845-0400] {processor.py:186} INFO - Started process (PID=11551) to work on /Users/pranavr/.pyenv/versions/3.11.6/lib/python3.11/site-packages/airflow/example_dags/tutorial_dag.py
[2025-06-13T14:40:13.847-0400] {processor.py:914} INFO - Processing file /Users/pranavr/.pyenv/versions/3.11.6/lib/python3.11/site-packages/airflow/example_dags/tutorial_dag.py for tasks to queue
[2025-06-13T14:40:13.848-0400] {logging_mixin.py:190} INFO - [2025-06-13T14:40:13.847-0400] {dagbag.py:588} INFO - Filling up the DagBag from /Users/pranavr/.pyenv/versions/3.11.6/lib/python3.11/site-packages/airflow/example_dags/tutorial_dag.py
[2025-06-13T14:40:13.857-0400] {processor.py:925} INFO - DAG(s) 'tutorial_dag' retrieved from /Users/pranavr/.pyenv/versions/3.11.6/lib/python3.11/site-packages/airflow/example_dags/tutorial_dag.py
[2025-06-13T14:40:13.922-0400] {logging_mixin.py:190} INFO - [2025-06-13T14:40:13.922-0400] {dag.py:3239} INFO - Sync 1 DAGs
[2025-06-13T14:40:13.926-0400] {logging_mixin.py:190} INFO - [2025-06-13T14:40:13.926-0400] {dag.py:4180} INFO - Setting next_dagrun for tutorial_dag to None, run_after=None
[2025-06-13T14:40:13.933-0400] {processor.py:208} INFO - Processing /Users/pranavr/.pyenv/versions/3.11.6/lib/python3.11/site-packages/airflow/example_dags/tutorial_dag.py took 89.280 seconds
[2025-06-13T14:41:30.842-0400] {processor.py:186} INFO - Started process (PID=11752) to work on /Users/pranavr/.pyenv/versions/3.11.6/lib/python3.11/site-packages/airflow/example_dags/tutorial_dag.py
[2025-06-13T14:41:30.843-0400] {processor.py:914} INFO - Processing file /Users/pranavr/.pyenv/versions/3.11.6/lib/python3.11/site-packages/airflow/example_dags/tutorial_dag.py for tasks to queue
[2025-06-13T14:41:30.844-0400] {logging_mixin.py:190} INFO - [2025-06-13T14:41:30.844-0400] {dagbag.py:588} INFO - Filling up the DagBag from /Users/pranavr/.pyenv/versions/3.11.6/lib/python3.11/site-packages/airflow/example_dags/tutorial_dag.py
[2025-06-13T14:41:30.854-0400] {processor.py:925} INFO - DAG(s) 'tutorial_dag' retrieved from /Users/pranavr/.pyenv/versions/3.11.6/lib/python3.11/site-packages/airflow/example_dags/tutorial_dag.py
[2025-06-13T14:41:30.918-0400] {logging_mixin.py:190} INFO - [2025-06-13T14:41:30.918-0400] {dag.py:3239} INFO - Sync 1 DAGs
[2025-06-13T14:41:30.922-0400] {logging_mixin.py:190} INFO - [2025-06-13T14:41:30.922-0400] {dag.py:4180} INFO - Setting next_dagrun for tutorial_dag to None, run_after=None
[2025-06-13T14:41:30.929-0400] {processor.py:208} INFO - Processing /Users/pranavr/.pyenv/versions/3.11.6/lib/python3.11/site-packages/airflow/example_dags/tutorial_dag.py took 88.831 seconds
[2025-06-13T14:42:44.386-0400] {processor.py:186} INFO - Started process (PID=11877) to work on /Users/pranavr/.pyenv/versions/3.11.6/lib/python3.11/site-packages/airflow/example_dags/tutorial_dag.py
[2025-06-13T14:42:44.388-0400] {processor.py:914} INFO - Processing file /Users/pranavr/.pyenv/versions/3.11.6/lib/python3.11/site-packages/airflow/example_dags/tutorial_dag.py for tasks to queue
[2025-06-13T14:42:44.388-0400] {logging_mixin.py:190} INFO - [2025-06-13T14:42:44.388-0400] {dagbag.py:588} INFO - Filling up the DagBag from /Users/pranavr/.pyenv/versions/3.11.6/lib/python3.11/site-packages/airflow/example_dags/tutorial_dag.py
[2025-06-13T14:42:44.399-0400] {processor.py:925} INFO - DAG(s) 'tutorial_dag' retrieved from /Users/pranavr/.pyenv/versions/3.11.6/lib/python3.11/site-packages/airflow/example_dags/tutorial_dag.py
[2025-06-13T14:42:44.466-0400] {logging_mixin.py:190} INFO - [2025-06-13T14:42:44.466-0400] {dag.py:3239} INFO - Sync 1 DAGs
[2025-06-13T14:42:44.471-0400] {logging_mixin.py:190} INFO - [2025-06-13T14:42:44.471-0400] {dag.py:4180} INFO - Setting next_dagrun for tutorial_dag to None, run_after=None
[2025-06-13T14:42:44.479-0400] {processor.py:208} INFO - Processing /Users/pranavr/.pyenv/versions/3.11.6/lib/python3.11/site-packages/airflow/example_dags/tutorial_dag.py took 93.855 seconds
[2025-06-13T14:43:57.331-0400] {processor.py:186} INFO - Started process (PID=11996) to work on /Users/pranavr/.pyenv/versions/3.11.6/lib/python3.11/site-packages/airflow/example_dags/tutorial_dag.py
[2025-06-13T14:43:57.333-0400] {processor.py:914} INFO - Processing file /Users/pranavr/.pyenv/versions/3.11.6/lib/python3.11/site-packages/airflow/example_dags/tutorial_dag.py for tasks to queue
[2025-06-13T14:43:57.333-0400] {logging_mixin.py:190} INFO - [2025-06-13T14:43:57.333-0400] {dagbag.py:588} INFO - Filling up the DagBag from /Users/pranavr/.pyenv/versions/3.11.6/lib/python3.11/site-packages/airflow/example_dags/tutorial_dag.py
[2025-06-13T14:43:57.343-0400] {processor.py:925} INFO - DAG(s) 'tutorial_dag' retrieved from /Users/pranavr/.pyenv/versions/3.11.6/lib/python3.11/site-packages/airflow/example_dags/tutorial_dag.py
[2025-06-13T14:43:57.406-0400] {logging_mixin.py:190} INFO - [2025-06-13T14:43:57.406-0400] {dag.py:3239} INFO - Sync 1 DAGs
[2025-06-13T14:43:57.410-0400] {logging_mixin.py:190} INFO - [2025-06-13T14:43:57.410-0400] {dag.py:4180} INFO - Setting next_dagrun for tutorial_dag to None, run_after=None
[2025-06-13T14:43:57.417-0400] {processor.py:208} INFO - Processing /Users/pranavr/.pyenv/versions/3.11.6/lib/python3.11/site-packages/airflow/example_dags/tutorial_dag.py took 87.224 seconds
[2025-06-13T14:45:12.236-0400] {processor.py:186} INFO - Started process (PID=12167) to work on /Users/pranavr/.pyenv/versions/3.11.6/lib/python3.11/site-packages/airflow/example_dags/tutorial_dag.py
[2025-06-13T14:45:12.238-0400] {processor.py:914} INFO - Processing file /Users/pranavr/.pyenv/versions/3.11.6/lib/python3.11/site-packages/airflow/example_dags/tutorial_dag.py for tasks to queue
[2025-06-13T14:45:12.238-0400] {logging_mixin.py:190} INFO - [2025-06-13T14:45:12.238-0400] {dagbag.py:588} INFO - Filling up the DagBag from /Users/pranavr/.pyenv/versions/3.11.6/lib/python3.11/site-packages/airflow/example_dags/tutorial_dag.py
[2025-06-13T14:45:12.247-0400] {processor.py:925} INFO - DAG(s) 'tutorial_dag' retrieved from /Users/pranavr/.pyenv/versions/3.11.6/lib/python3.11/site-packages/airflow/example_dags/tutorial_dag.py
[2025-06-13T14:45:12.313-0400] {logging_mixin.py:190} INFO - [2025-06-13T14:45:12.313-0400] {dag.py:3239} INFO - Sync 1 DAGs
[2025-06-13T14:45:12.318-0400] {logging_mixin.py:190} INFO - [2025-06-13T14:45:12.318-0400] {dag.py:4180} INFO - Setting next_dagrun for tutorial_dag to None, run_after=None
[2025-06-13T14:45:12.325-0400] {processor.py:208} INFO - Processing /Users/pranavr/.pyenv/versions/3.11.6/lib/python3.11/site-packages/airflow/example_dags/tutorial_dag.py took 90.572 seconds
[2025-06-13T14:46:23.544-0400] {processor.py:186} INFO - Started process (PID=12324) to work on /Users/pranavr/.pyenv/versions/3.11.6/lib/python3.11/site-packages/airflow/example_dags/tutorial_dag.py
[2025-06-13T14:46:23.546-0400] {processor.py:914} INFO - Processing file /Users/pranavr/.pyenv/versions/3.11.6/lib/python3.11/site-packages/airflow/example_dags/tutorial_dag.py for tasks to queue
[2025-06-13T14:46:23.546-0400] {logging_mixin.py:190} INFO - [2025-06-13T14:46:23.546-0400] {dagbag.py:588} INFO - Filling up the DagBag from /Users/pranavr/.pyenv/versions/3.11.6/lib/python3.11/site-packages/airflow/example_dags/tutorial_dag.py
[2025-06-13T14:46:23.556-0400] {processor.py:925} INFO - DAG(s) 'tutorial_dag' retrieved from /Users/pranavr/.pyenv/versions/3.11.6/lib/python3.11/site-packages/airflow/example_dags/tutorial_dag.py
[2025-06-13T14:46:23.617-0400] {logging_mixin.py:190} INFO - [2025-06-13T14:46:23.617-0400] {dag.py:3239} INFO - Sync 1 DAGs
[2025-06-13T14:46:23.622-0400] {logging_mixin.py:190} INFO - [2025-06-13T14:46:23.622-0400] {dag.py:4180} INFO - Setting next_dagrun for tutorial_dag to None, run_after=None
[2025-06-13T14:46:23.628-0400] {processor.py:208} INFO - Processing /Users/pranavr/.pyenv/versions/3.11.6/lib/python3.11/site-packages/airflow/example_dags/tutorial_dag.py took 85.402 seconds
[2025-06-13T14:47:35.227-0400] {processor.py:186} INFO - Started process (PID=12413) to work on /Users/pranavr/.pyenv/versions/3.11.6/lib/python3.11/site-packages/airflow/example_dags/tutorial_dag.py
[2025-06-13T14:47:35.229-0400] {processor.py:914} INFO - Processing file /Users/pranavr/.pyenv/versions/3.11.6/lib/python3.11/site-packages/airflow/example_dags/tutorial_dag.py for tasks to queue
[2025-06-13T14:47:35.230-0400] {logging_mixin.py:190} INFO - [2025-06-13T14:47:35.229-0400] {dagbag.py:588} INFO - Filling up the DagBag from /Users/pranavr/.pyenv/versions/3.11.6/lib/python3.11/site-packages/airflow/example_dags/tutorial_dag.py
[2025-06-13T14:47:35.239-0400] {processor.py:925} INFO - DAG(s) 'tutorial_dag' retrieved from /Users/pranavr/.pyenv/versions/3.11.6/lib/python3.11/site-packages/airflow/example_dags/tutorial_dag.py
[2025-06-13T14:47:35.300-0400] {logging_mixin.py:190} INFO - [2025-06-13T14:47:35.300-0400] {dag.py:3239} INFO - Sync 1 DAGs
[2025-06-13T14:47:35.304-0400] {logging_mixin.py:190} INFO - [2025-06-13T14:47:35.304-0400] {dag.py:4180} INFO - Setting next_dagrun for tutorial_dag to None, run_after=None
[2025-06-13T14:47:35.311-0400] {processor.py:208} INFO - Processing /Users/pranavr/.pyenv/versions/3.11.6/lib/python3.11/site-packages/airflow/example_dags/tutorial_dag.py took 84.728 seconds
[2025-06-13T14:48:52.376-0400] {processor.py:186} INFO - Started process (PID=12525) to work on /Users/pranavr/.pyenv/versions/3.11.6/lib/python3.11/site-packages/airflow/example_dags/tutorial_dag.py
[2025-06-13T14:48:52.378-0400] {processor.py:914} INFO - Processing file /Users/pranavr/.pyenv/versions/3.11.6/lib/python3.11/site-packages/airflow/example_dags/tutorial_dag.py for tasks to queue
[2025-06-13T14:48:52.378-0400] {logging_mixin.py:190} INFO - [2025-06-13T14:48:52.378-0400] {dagbag.py:588} INFO - Filling up the DagBag from /Users/pranavr/.pyenv/versions/3.11.6/lib/python3.11/site-packages/airflow/example_dags/tutorial_dag.py
[2025-06-13T14:48:52.388-0400] {processor.py:925} INFO - DAG(s) 'tutorial_dag' retrieved from /Users/pranavr/.pyenv/versions/3.11.6/lib/python3.11/site-packages/airflow/example_dags/tutorial_dag.py
[2025-06-13T14:48:52.450-0400] {logging_mixin.py:190} INFO - [2025-06-13T14:48:52.450-0400] {dag.py:3239} INFO - Sync 1 DAGs
[2025-06-13T14:48:52.454-0400] {logging_mixin.py:190} INFO - [2025-06-13T14:48:52.454-0400] {dag.py:4180} INFO - Setting next_dagrun for tutorial_dag to None, run_after=None
[2025-06-13T14:48:52.461-0400] {processor.py:208} INFO - Processing /Users/pranavr/.pyenv/versions/3.11.6/lib/python3.11/site-packages/airflow/example_dags/tutorial_dag.py took 86.905 seconds
[2025-06-13T14:50:05.198-0400] {processor.py:186} INFO - Started process (PID=12677) to work on /Users/pranavr/.pyenv/versions/3.11.6/lib/python3.11/site-packages/airflow/example_dags/tutorial_dag.py
[2025-06-13T14:50:05.200-0400] {processor.py:914} INFO - Processing file /Users/pranavr/.pyenv/versions/3.11.6/lib/python3.11/site-packages/airflow/example_dags/tutorial_dag.py for tasks to queue
[2025-06-13T14:50:05.201-0400] {logging_mixin.py:190} INFO - [2025-06-13T14:50:05.201-0400] {dagbag.py:588} INFO - Filling up the DagBag from /Users/pranavr/.pyenv/versions/3.11.6/lib/python3.11/site-packages/airflow/example_dags/tutorial_dag.py
[2025-06-13T14:50:05.210-0400] {processor.py:925} INFO - DAG(s) 'tutorial_dag' retrieved from /Users/pranavr/.pyenv/versions/3.11.6/lib/python3.11/site-packages/airflow/example_dags/tutorial_dag.py
[2025-06-13T14:50:05.272-0400] {logging_mixin.py:190} INFO - [2025-06-13T14:50:05.272-0400] {dag.py:3239} INFO - Sync 1 DAGs
[2025-06-13T14:50:05.276-0400] {logging_mixin.py:190} INFO - [2025-06-13T14:50:05.276-0400] {dag.py:4180} INFO - Setting next_dagrun for tutorial_dag to None, run_after=None
[2025-06-13T14:50:05.283-0400] {processor.py:208} INFO - Processing /Users/pranavr/.pyenv/versions/3.11.6/lib/python3.11/site-packages/airflow/example_dags/tutorial_dag.py took 86.406 seconds
[2025-06-13T14:51:18.834-0400] {processor.py:186} INFO - Started process (PID=12774) to work on /Users/pranavr/.pyenv/versions/3.11.6/lib/python3.11/site-packages/airflow/example_dags/tutorial_dag.py
[2025-06-13T14:51:18.836-0400] {processor.py:914} INFO - Processing file /Users/pranavr/.pyenv/versions/3.11.6/lib/python3.11/site-packages/airflow/example_dags/tutorial_dag.py for tasks to queue
[2025-06-13T14:51:18.837-0400] {logging_mixin.py:190} INFO - [2025-06-13T14:51:18.837-0400] {dagbag.py:588} INFO - Filling up the DagBag from /Users/pranavr/.pyenv/versions/3.11.6/lib/python3.11/site-packages/airflow/example_dags/tutorial_dag.py
[2025-06-13T14:51:18.847-0400] {processor.py:925} INFO - DAG(s) 'tutorial_dag' retrieved from /Users/pranavr/.pyenv/versions/3.11.6/lib/python3.11/site-packages/airflow/example_dags/tutorial_dag.py
[2025-06-13T14:51:18.914-0400] {logging_mixin.py:190} INFO - [2025-06-13T14:51:18.913-0400] {dag.py:3239} INFO - Sync 1 DAGs
[2025-06-13T14:51:18.918-0400] {logging_mixin.py:190} INFO - [2025-06-13T14:51:18.918-0400] {dag.py:4180} INFO - Setting next_dagrun for tutorial_dag to None, run_after=None
[2025-06-13T14:51:18.925-0400] {processor.py:208} INFO - Processing /Users/pranavr/.pyenv/versions/3.11.6/lib/python3.11/site-packages/airflow/example_dags/tutorial_dag.py took 92.548 seconds
[2025-06-13T14:52:33.799-0400] {processor.py:186} INFO - Started process (PID=14023) to work on /Users/pranavr/.pyenv/versions/3.11.6/lib/python3.11/site-packages/airflow/example_dags/tutorial_dag.py
[2025-06-13T14:52:33.802-0400] {processor.py:914} INFO - Processing file /Users/pranavr/.pyenv/versions/3.11.6/lib/python3.11/site-packages/airflow/example_dags/tutorial_dag.py for tasks to queue
[2025-06-13T14:52:33.802-0400] {logging_mixin.py:190} INFO - [2025-06-13T14:52:33.802-0400] {dagbag.py:588} INFO - Filling up the DagBag from /Users/pranavr/.pyenv/versions/3.11.6/lib/python3.11/site-packages/airflow/example_dags/tutorial_dag.py
[2025-06-13T14:52:33.812-0400] {processor.py:925} INFO - DAG(s) 'tutorial_dag' retrieved from /Users/pranavr/.pyenv/versions/3.11.6/lib/python3.11/site-packages/airflow/example_dags/tutorial_dag.py
[2025-06-13T14:52:33.875-0400] {logging_mixin.py:190} INFO - [2025-06-13T14:52:33.875-0400] {dag.py:3239} INFO - Sync 1 DAGs
[2025-06-13T14:52:33.879-0400] {logging_mixin.py:190} INFO - [2025-06-13T14:52:33.879-0400] {dag.py:4180} INFO - Setting next_dagrun for tutorial_dag to None, run_after=None
[2025-06-13T14:52:33.887-0400] {processor.py:208} INFO - Processing /Users/pranavr/.pyenv/versions/3.11.6/lib/python3.11/site-packages/airflow/example_dags/tutorial_dag.py took 89.061 seconds
[2025-06-13T14:53:47.127-0400] {processor.py:186} INFO - Started process (PID=14113) to work on /Users/pranavr/.pyenv/versions/3.11.6/lib/python3.11/site-packages/airflow/example_dags/tutorial_dag.py
[2025-06-13T14:53:47.128-0400] {processor.py:914} INFO - Processing file /Users/pranavr/.pyenv/versions/3.11.6/lib/python3.11/site-packages/airflow/example_dags/tutorial_dag.py for tasks to queue
[2025-06-13T14:53:47.129-0400] {logging_mixin.py:190} INFO - [2025-06-13T14:53:47.129-0400] {dagbag.py:588} INFO - Filling up the DagBag from /Users/pranavr/.pyenv/versions/3.11.6/lib/python3.11/site-packages/airflow/example_dags/tutorial_dag.py
[2025-06-13T14:53:47.139-0400] {processor.py:925} INFO - DAG(s) 'tutorial_dag' retrieved from /Users/pranavr/.pyenv/versions/3.11.6/lib/python3.11/site-packages/airflow/example_dags/tutorial_dag.py
[2025-06-13T14:53:47.199-0400] {logging_mixin.py:190} INFO - [2025-06-13T14:53:47.199-0400] {dag.py:3239} INFO - Sync 1 DAGs
[2025-06-13T14:53:47.204-0400] {logging_mixin.py:190} INFO - [2025-06-13T14:53:47.204-0400] {dag.py:4180} INFO - Setting next_dagrun for tutorial_dag to None, run_after=None
[2025-06-13T14:53:47.211-0400] {processor.py:208} INFO - Processing /Users/pranavr/.pyenv/versions/3.11.6/lib/python3.11/site-packages/airflow/example_dags/tutorial_dag.py took 85.410 seconds
[2025-06-13T14:55:05.963-0400] {processor.py:186} INFO - Started process (PID=14229) to work on /Users/pranavr/.pyenv/versions/3.11.6/lib/python3.11/site-packages/airflow/example_dags/tutorial_dag.py
[2025-06-13T14:55:05.966-0400] {processor.py:914} INFO - Processing file /Users/pranavr/.pyenv/versions/3.11.6/lib/python3.11/site-packages/airflow/example_dags/tutorial_dag.py for tasks to queue
[2025-06-13T14:55:05.966-0400] {logging_mixin.py:190} INFO - [2025-06-13T14:55:05.966-0400] {dagbag.py:588} INFO - Filling up the DagBag from /Users/pranavr/.pyenv/versions/3.11.6/lib/python3.11/site-packages/airflow/example_dags/tutorial_dag.py
[2025-06-13T14:55:05.976-0400] {processor.py:925} INFO - DAG(s) 'tutorial_dag' retrieved from /Users/pranavr/.pyenv/versions/3.11.6/lib/python3.11/site-packages/airflow/example_dags/tutorial_dag.py
[2025-06-13T14:55:06.038-0400] {logging_mixin.py:190} INFO - [2025-06-13T14:55:06.038-0400] {dag.py:3239} INFO - Sync 1 DAGs
[2025-06-13T14:55:06.043-0400] {logging_mixin.py:190} INFO - [2025-06-13T14:55:06.042-0400] {dag.py:4180} INFO - Setting next_dagrun for tutorial_dag to None, run_after=None
[2025-06-13T14:55:06.050-0400] {processor.py:208} INFO - Processing /Users/pranavr/.pyenv/versions/3.11.6/lib/python3.11/site-packages/airflow/example_dags/tutorial_dag.py took 87.933 seconds
[2025-06-13T14:56:22.695-0400] {processor.py:186} INFO - Started process (PID=14379) to work on /Users/pranavr/.pyenv/versions/3.11.6/lib/python3.11/site-packages/airflow/example_dags/tutorial_dag.py
[2025-06-13T14:56:22.697-0400] {processor.py:914} INFO - Processing file /Users/pranavr/.pyenv/versions/3.11.6/lib/python3.11/site-packages/airflow/example_dags/tutorial_dag.py for tasks to queue
[2025-06-13T14:56:22.697-0400] {logging_mixin.py:190} INFO - [2025-06-13T14:56:22.697-0400] {dagbag.py:588} INFO - Filling up the DagBag from /Users/pranavr/.pyenv/versions/3.11.6/lib/python3.11/site-packages/airflow/example_dags/tutorial_dag.py
[2025-06-13T14:56:22.707-0400] {processor.py:925} INFO - DAG(s) 'tutorial_dag' retrieved from /Users/pranavr/.pyenv/versions/3.11.6/lib/python3.11/site-packages/airflow/example_dags/tutorial_dag.py
[2025-06-13T14:56:22.767-0400] {logging_mixin.py:190} INFO - [2025-06-13T14:56:22.767-0400] {dag.py:3239} INFO - Sync 1 DAGs
[2025-06-13T14:56:22.772-0400] {logging_mixin.py:190} INFO - [2025-06-13T14:56:22.772-0400] {dag.py:4180} INFO - Setting next_dagrun for tutorial_dag to None, run_after=None
[2025-06-13T14:56:22.779-0400] {processor.py:208} INFO - Processing /Users/pranavr/.pyenv/versions/3.11.6/lib/python3.11/site-packages/airflow/example_dags/tutorial_dag.py took 84.844 seconds
[2025-06-13T14:57:37.468-0400] {processor.py:186} INFO - Started process (PID=14543) to work on /Users/pranavr/.pyenv/versions/3.11.6/lib/python3.11/site-packages/airflow/example_dags/tutorial_dag.py
[2025-06-13T14:57:37.470-0400] {processor.py:914} INFO - Processing file /Users/pranavr/.pyenv/versions/3.11.6/lib/python3.11/site-packages/airflow/example_dags/tutorial_dag.py for tasks to queue
[2025-06-13T14:57:37.471-0400] {logging_mixin.py:190} INFO - [2025-06-13T14:57:37.471-0400] {dagbag.py:588} INFO - Filling up the DagBag from /Users/pranavr/.pyenv/versions/3.11.6/lib/python3.11/site-packages/airflow/example_dags/tutorial_dag.py
[2025-06-13T14:57:37.481-0400] {processor.py:925} INFO - DAG(s) 'tutorial_dag' retrieved from /Users/pranavr/.pyenv/versions/3.11.6/lib/python3.11/site-packages/airflow/example_dags/tutorial_dag.py
[2025-06-13T14:57:37.546-0400] {logging_mixin.py:190} INFO - [2025-06-13T14:57:37.546-0400] {dag.py:3239} INFO - Sync 1 DAGs
[2025-06-13T14:57:37.551-0400] {logging_mixin.py:190} INFO - [2025-06-13T14:57:37.551-0400] {dag.py:4180} INFO - Setting next_dagrun for tutorial_dag to None, run_after=None
[2025-06-13T14:57:37.559-0400] {processor.py:208} INFO - Processing /Users/pranavr/.pyenv/versions/3.11.6/lib/python3.11/site-packages/airflow/example_dags/tutorial_dag.py took 91.918 seconds
[2025-06-13T14:59:02.345-0400] {processor.py:186} INFO - Started process (PID=14726) to work on /Users/pranavr/.pyenv/versions/3.11.6/lib/python3.11/site-packages/airflow/example_dags/tutorial_dag.py
[2025-06-13T14:59:02.347-0400] {processor.py:914} INFO - Processing file /Users/pranavr/.pyenv/versions/3.11.6/lib/python3.11/site-packages/airflow/example_dags/tutorial_dag.py for tasks to queue
[2025-06-13T14:59:02.347-0400] {logging_mixin.py:190} INFO - [2025-06-13T14:59:02.347-0400] {dagbag.py:588} INFO - Filling up the DagBag from /Users/pranavr/.pyenv/versions/3.11.6/lib/python3.11/site-packages/airflow/example_dags/tutorial_dag.py
[2025-06-13T14:59:02.358-0400] {processor.py:925} INFO - DAG(s) 'tutorial_dag' retrieved from /Users/pranavr/.pyenv/versions/3.11.6/lib/python3.11/site-packages/airflow/example_dags/tutorial_dag.py
[2025-06-13T14:59:02.428-0400] {logging_mixin.py:190} INFO - [2025-06-13T14:59:02.428-0400] {dag.py:3239} INFO - Sync 1 DAGs
[2025-06-13T14:59:02.433-0400] {logging_mixin.py:190} INFO - [2025-06-13T14:59:02.432-0400] {dag.py:4180} INFO - Setting next_dagrun for tutorial_dag to None, run_after=None
[2025-06-13T14:59:02.440-0400] {processor.py:208} INFO - Processing /Users/pranavr/.pyenv/versions/3.11.6/lib/python3.11/site-packages/airflow/example_dags/tutorial_dag.py took 96.560 seconds
[2025-06-13T15:00:32.347-0400] {processor.py:186} INFO - Started process (PID=15024) to work on /Users/pranavr/.pyenv/versions/3.11.6/lib/python3.11/site-packages/airflow/example_dags/tutorial_dag.py
[2025-06-13T15:00:32.349-0400] {processor.py:914} INFO - Processing file /Users/pranavr/.pyenv/versions/3.11.6/lib/python3.11/site-packages/airflow/example_dags/tutorial_dag.py for tasks to queue
[2025-06-13T15:00:32.350-0400] {logging_mixin.py:190} INFO - [2025-06-13T15:00:32.350-0400] {dagbag.py:588} INFO - Filling up the DagBag from /Users/pranavr/.pyenv/versions/3.11.6/lib/python3.11/site-packages/airflow/example_dags/tutorial_dag.py
[2025-06-13T15:00:32.361-0400] {processor.py:925} INFO - DAG(s) 'tutorial_dag' retrieved from /Users/pranavr/.pyenv/versions/3.11.6/lib/python3.11/site-packages/airflow/example_dags/tutorial_dag.py
[2025-06-13T15:00:32.432-0400] {logging_mixin.py:190} INFO - [2025-06-13T15:00:32.432-0400] {dag.py:3239} INFO - Sync 1 DAGs
[2025-06-13T15:00:32.437-0400] {logging_mixin.py:190} INFO - [2025-06-13T15:00:32.437-0400] {dag.py:4180} INFO - Setting next_dagrun for tutorial_dag to None, run_after=None
[2025-06-13T15:00:32.446-0400] {processor.py:208} INFO - Processing /Users/pranavr/.pyenv/versions/3.11.6/lib/python3.11/site-packages/airflow/example_dags/tutorial_dag.py took 100.621 seconds
[2025-06-13T15:02:34.638-0400] {processor.py:186} INFO - Started process (PID=15296) to work on /Users/pranavr/.pyenv/versions/3.11.6/lib/python3.11/site-packages/airflow/example_dags/tutorial_dag.py
[2025-06-13T15:02:34.640-0400] {processor.py:914} INFO - Processing file /Users/pranavr/.pyenv/versions/3.11.6/lib/python3.11/site-packages/airflow/example_dags/tutorial_dag.py for tasks to queue
[2025-06-13T15:02:34.640-0400] {logging_mixin.py:190} INFO - [2025-06-13T15:02:34.640-0400] {dagbag.py:588} INFO - Filling up the DagBag from /Users/pranavr/.pyenv/versions/3.11.6/lib/python3.11/site-packages/airflow/example_dags/tutorial_dag.py
[2025-06-13T15:02:34.656-0400] {processor.py:925} INFO - DAG(s) 'tutorial_dag' retrieved from /Users/pranavr/.pyenv/versions/3.11.6/lib/python3.11/site-packages/airflow/example_dags/tutorial_dag.py
[2025-06-13T15:02:34.732-0400] {logging_mixin.py:190} INFO - [2025-06-13T15:02:34.732-0400] {dag.py:3239} INFO - Sync 1 DAGs
[2025-06-13T15:02:34.738-0400] {logging_mixin.py:190} INFO - [2025-06-13T15:02:34.738-0400] {dag.py:4180} INFO - Setting next_dagrun for tutorial_dag to None, run_after=None
[2025-06-13T15:02:34.746-0400] {processor.py:208} INFO - Processing /Users/pranavr/.pyenv/versions/3.11.6/lib/python3.11/site-packages/airflow/example_dags/tutorial_dag.py took 109.384 seconds
