[2025-06-13T14:21:28.640-0400] {processor.py:186} INFO - Started process (PID=7342) to work on /Users/pranavr/.pyenv/versions/3.11.6/lib/python3.11/site-packages/airflow/example_dags/tutorial_taskflow_templates.py
[2025-06-13T14:21:28.642-0400] {processor.py:914} INFO - Processing file /Users/pranavr/.pyenv/versions/3.11.6/lib/python3.11/site-packages/airflow/example_dags/tutorial_taskflow_templates.py for tasks to queue
[2025-06-13T14:21:28.643-0400] {logging_mixin.py:190} INFO - [2025-06-13T14:21:28.643-0400] {dagbag.py:588} INFO - Filling up the DagBag from /Users/pranavr/.pyenv/versions/3.11.6/lib/python3.11/site-packages/airflow/example_dags/tutorial_taskflow_templates.py
[2025-06-13T14:21:28.666-0400] {processor.py:925} INFO - DAG(s) 'tutorial_taskflow_templates' retrieved from /Users/pranavr/.pyenv/versions/3.11.6/lib/python3.11/site-packages/airflow/example_dags/tutorial_taskflow_templates.py
[2025-06-13T14:21:28.817-0400] {logging_mixin.py:190} INFO - [2025-06-13T14:21:28.817-0400] {dag.py:3239} INFO - Sync 1 DAGs
[2025-06-13T14:21:28.826-0400] {logging_mixin.py:190} INFO - [2025-06-13T14:21:28.826-0400] {dag.py:4180} INFO - Setting next_dagrun for tutorial_taskflow_templates to 2025-06-12T00:00:00+00:00, run_after=2025-06-13T00:00:00+00:00
[2025-06-13T14:21:28.837-0400] {processor.py:208} INFO - Processing /Users/pranavr/.pyenv/versions/3.11.6/lib/python3.11/site-packages/airflow/example_dags/tutorial_taskflow_templates.py took 197.656 seconds
[2025-06-13T14:23:36.301-0400] {processor.py:186} INFO - Started process (PID=7838) to work on /Users/pranavr/.pyenv/versions/3.11.6/lib/python3.11/site-packages/airflow/example_dags/tutorial_taskflow_templates.py
[2025-06-13T14:23:36.305-0400] {processor.py:914} INFO - Processing file /Users/pranavr/.pyenv/versions/3.11.6/lib/python3.11/site-packages/airflow/example_dags/tutorial_taskflow_templates.py for tasks to queue
[2025-06-13T14:23:36.305-0400] {logging_mixin.py:190} INFO - [2025-06-13T14:23:36.305-0400] {dagbag.py:588} INFO - Filling up the DagBag from /Users/pranavr/.pyenv/versions/3.11.6/lib/python3.11/site-packages/airflow/example_dags/tutorial_taskflow_templates.py
[2025-06-13T14:23:36.338-0400] {processor.py:925} INFO - DAG(s) 'tutorial_taskflow_templates' retrieved from /Users/pranavr/.pyenv/versions/3.11.6/lib/python3.11/site-packages/airflow/example_dags/tutorial_taskflow_templates.py
[2025-06-13T14:23:36.428-0400] {logging_mixin.py:190} INFO - [2025-06-13T14:23:36.427-0400] {dag.py:3239} INFO - Sync 1 DAGs
[2025-06-13T14:23:36.436-0400] {logging_mixin.py:190} INFO - [2025-06-13T14:23:36.436-0400] {dag.py:4180} INFO - Setting next_dagrun for tutorial_taskflow_templates to 2025-06-12T00:00:00+00:00, run_after=2025-06-13T00:00:00+00:00
[2025-06-13T14:23:36.446-0400] {processor.py:208} INFO - Processing /Users/pranavr/.pyenv/versions/3.11.6/lib/python3.11/site-packages/airflow/example_dags/tutorial_taskflow_templates.py took 149.059 seconds
[2025-06-13T14:25:07.565-0400] {processor.py:186} INFO - Started process (PID=7963) to work on /Users/pranavr/.pyenv/versions/3.11.6/lib/python3.11/site-packages/airflow/example_dags/tutorial_taskflow_templates.py
[2025-06-13T14:25:07.569-0400] {processor.py:914} INFO - Processing file /Users/pranavr/.pyenv/versions/3.11.6/lib/python3.11/site-packages/airflow/example_dags/tutorial_taskflow_templates.py for tasks to queue
[2025-06-13T14:25:07.569-0400] {logging_mixin.py:190} INFO - [2025-06-13T14:25:07.569-0400] {dagbag.py:588} INFO - Filling up the DagBag from /Users/pranavr/.pyenv/versions/3.11.6/lib/python3.11/site-packages/airflow/example_dags/tutorial_taskflow_templates.py
[2025-06-13T14:25:07.604-0400] {processor.py:925} INFO - DAG(s) 'tutorial_taskflow_templates' retrieved from /Users/pranavr/.pyenv/versions/3.11.6/lib/python3.11/site-packages/airflow/example_dags/tutorial_taskflow_templates.py
[2025-06-13T14:25:07.695-0400] {logging_mixin.py:190} INFO - [2025-06-13T14:25:07.695-0400] {dag.py:3239} INFO - Sync 1 DAGs
[2025-06-13T14:25:07.704-0400] {logging_mixin.py:190} INFO - [2025-06-13T14:25:07.704-0400] {dag.py:4180} INFO - Setting next_dagrun for tutorial_taskflow_templates to 2025-06-12T00:00:00+00:00, run_after=2025-06-13T00:00:00+00:00
[2025-06-13T14:25:07.714-0400] {processor.py:208} INFO - Processing /Users/pranavr/.pyenv/versions/3.11.6/lib/python3.11/site-packages/airflow/example_dags/tutorial_taskflow_templates.py took 149.666 seconds
[2025-06-13T14:26:39.220-0400] {processor.py:186} INFO - Started process (PID=8076) to work on /Users/pranavr/.pyenv/versions/3.11.6/lib/python3.11/site-packages/airflow/example_dags/tutorial_taskflow_templates.py
[2025-06-13T14:26:39.223-0400] {processor.py:914} INFO - Processing file /Users/pranavr/.pyenv/versions/3.11.6/lib/python3.11/site-packages/airflow/example_dags/tutorial_taskflow_templates.py for tasks to queue
[2025-06-13T14:26:39.224-0400] {logging_mixin.py:190} INFO - [2025-06-13T14:26:39.224-0400] {dagbag.py:588} INFO - Filling up the DagBag from /Users/pranavr/.pyenv/versions/3.11.6/lib/python3.11/site-packages/airflow/example_dags/tutorial_taskflow_templates.py
[2025-06-13T14:26:39.255-0400] {processor.py:925} INFO - DAG(s) 'tutorial_taskflow_templates' retrieved from /Users/pranavr/.pyenv/versions/3.11.6/lib/python3.11/site-packages/airflow/example_dags/tutorial_taskflow_templates.py
[2025-06-13T14:26:39.342-0400] {logging_mixin.py:190} INFO - [2025-06-13T14:26:39.342-0400] {dag.py:3239} INFO - Sync 1 DAGs
[2025-06-13T14:26:39.350-0400] {logging_mixin.py:190} INFO - [2025-06-13T14:26:39.350-0400] {dag.py:4180} INFO - Setting next_dagrun for tutorial_taskflow_templates to 2025-06-12T00:00:00+00:00, run_after=2025-06-13T00:00:00+00:00
[2025-06-13T14:26:39.362-0400] {processor.py:208} INFO - Processing /Users/pranavr/.pyenv/versions/3.11.6/lib/python3.11/site-packages/airflow/example_dags/tutorial_taskflow_templates.py took 143.192 seconds
[2025-06-13T14:28:10.367-0400] {processor.py:186} INFO - Started process (PID=8772) to work on /Users/pranavr/.pyenv/versions/3.11.6/lib/python3.11/site-packages/airflow/example_dags/tutorial_taskflow_templates.py
[2025-06-13T14:28:10.369-0400] {processor.py:914} INFO - Processing file /Users/pranavr/.pyenv/versions/3.11.6/lib/python3.11/site-packages/airflow/example_dags/tutorial_taskflow_templates.py for tasks to queue
[2025-06-13T14:28:10.370-0400] {logging_mixin.py:190} INFO - [2025-06-13T14:28:10.370-0400] {dagbag.py:588} INFO - Filling up the DagBag from /Users/pranavr/.pyenv/versions/3.11.6/lib/python3.11/site-packages/airflow/example_dags/tutorial_taskflow_templates.py
[2025-06-13T14:28:10.401-0400] {processor.py:925} INFO - DAG(s) 'tutorial_taskflow_templates' retrieved from /Users/pranavr/.pyenv/versions/3.11.6/lib/python3.11/site-packages/airflow/example_dags/tutorial_taskflow_templates.py
[2025-06-13T14:28:10.486-0400] {logging_mixin.py:190} INFO - [2025-06-13T14:28:10.486-0400] {dag.py:3239} INFO - Sync 1 DAGs
[2025-06-13T14:28:10.496-0400] {logging_mixin.py:190} INFO - [2025-06-13T14:28:10.496-0400] {dag.py:4180} INFO - Setting next_dagrun for tutorial_taskflow_templates to 2025-06-12T00:00:00+00:00, run_after=2025-06-13T00:00:00+00:00
[2025-06-13T14:28:10.508-0400] {processor.py:208} INFO - Processing /Users/pranavr/.pyenv/versions/3.11.6/lib/python3.11/site-packages/airflow/example_dags/tutorial_taskflow_templates.py took 142.348 seconds
[2025-06-13T14:29:42.808-0400] {processor.py:186} INFO - Started process (PID=8896) to work on /Users/pranavr/.pyenv/versions/3.11.6/lib/python3.11/site-packages/airflow/example_dags/tutorial_taskflow_templates.py
[2025-06-13T14:29:42.810-0400] {processor.py:914} INFO - Processing file /Users/pranavr/.pyenv/versions/3.11.6/lib/python3.11/site-packages/airflow/example_dags/tutorial_taskflow_templates.py for tasks to queue
[2025-06-13T14:29:42.810-0400] {logging_mixin.py:190} INFO - [2025-06-13T14:29:42.810-0400] {dagbag.py:588} INFO - Filling up the DagBag from /Users/pranavr/.pyenv/versions/3.11.6/lib/python3.11/site-packages/airflow/example_dags/tutorial_taskflow_templates.py
[2025-06-13T14:29:42.839-0400] {processor.py:925} INFO - DAG(s) 'tutorial_taskflow_templates' retrieved from /Users/pranavr/.pyenv/versions/3.11.6/lib/python3.11/site-packages/airflow/example_dags/tutorial_taskflow_templates.py
[2025-06-13T14:29:42.932-0400] {logging_mixin.py:190} INFO - [2025-06-13T14:29:42.932-0400] {dag.py:3239} INFO - Sync 1 DAGs
[2025-06-13T14:29:42.943-0400] {logging_mixin.py:190} INFO - [2025-06-13T14:29:42.943-0400] {dag.py:4180} INFO - Setting next_dagrun for tutorial_taskflow_templates to 2025-06-12T00:00:00+00:00, run_after=2025-06-13T00:00:00+00:00
[2025-06-13T14:29:42.952-0400] {processor.py:208} INFO - Processing /Users/pranavr/.pyenv/versions/3.11.6/lib/python3.11/site-packages/airflow/example_dags/tutorial_taskflow_templates.py took 145.759 seconds
[2025-06-13T14:31:11.295-0400] {processor.py:186} INFO - Started process (PID=9333) to work on /Users/pranavr/.pyenv/versions/3.11.6/lib/python3.11/site-packages/airflow/example_dags/tutorial_taskflow_templates.py
[2025-06-13T14:31:11.298-0400] {processor.py:914} INFO - Processing file /Users/pranavr/.pyenv/versions/3.11.6/lib/python3.11/site-packages/airflow/example_dags/tutorial_taskflow_templates.py for tasks to queue
[2025-06-13T14:31:11.299-0400] {logging_mixin.py:190} INFO - [2025-06-13T14:31:11.299-0400] {dagbag.py:588} INFO - Filling up the DagBag from /Users/pranavr/.pyenv/versions/3.11.6/lib/python3.11/site-packages/airflow/example_dags/tutorial_taskflow_templates.py
[2025-06-13T14:31:11.328-0400] {processor.py:925} INFO - DAG(s) 'tutorial_taskflow_templates' retrieved from /Users/pranavr/.pyenv/versions/3.11.6/lib/python3.11/site-packages/airflow/example_dags/tutorial_taskflow_templates.py
[2025-06-13T14:31:11.418-0400] {logging_mixin.py:190} INFO - [2025-06-13T14:31:11.418-0400] {dag.py:3239} INFO - Sync 1 DAGs
[2025-06-13T14:31:11.428-0400] {logging_mixin.py:190} INFO - [2025-06-13T14:31:11.428-0400] {dag.py:4180} INFO - Setting next_dagrun for tutorial_taskflow_templates to 2025-06-12T00:00:00+00:00, run_after=2025-06-13T00:00:00+00:00
[2025-06-13T14:31:11.437-0400] {processor.py:208} INFO - Processing /Users/pranavr/.pyenv/versions/3.11.6/lib/python3.11/site-packages/airflow/example_dags/tutorial_taskflow_templates.py took 142.936 seconds
[2025-06-13T14:32:42.783-0400] {processor.py:186} INFO - Started process (PID=9551) to work on /Users/pranavr/.pyenv/versions/3.11.6/lib/python3.11/site-packages/airflow/example_dags/tutorial_taskflow_templates.py
[2025-06-13T14:32:42.788-0400] {processor.py:914} INFO - Processing file /Users/pranavr/.pyenv/versions/3.11.6/lib/python3.11/site-packages/airflow/example_dags/tutorial_taskflow_templates.py for tasks to queue
[2025-06-13T14:32:42.789-0400] {logging_mixin.py:190} INFO - [2025-06-13T14:32:42.789-0400] {dagbag.py:588} INFO - Filling up the DagBag from /Users/pranavr/.pyenv/versions/3.11.6/lib/python3.11/site-packages/airflow/example_dags/tutorial_taskflow_templates.py
[2025-06-13T14:32:42.824-0400] {processor.py:925} INFO - DAG(s) 'tutorial_taskflow_templates' retrieved from /Users/pranavr/.pyenv/versions/3.11.6/lib/python3.11/site-packages/airflow/example_dags/tutorial_taskflow_templates.py
[2025-06-13T14:32:42.934-0400] {logging_mixin.py:190} INFO - [2025-06-13T14:32:42.933-0400] {dag.py:3239} INFO - Sync 1 DAGs
[2025-06-13T14:32:42.945-0400] {logging_mixin.py:190} INFO - [2025-06-13T14:32:42.945-0400] {dag.py:4180} INFO - Setting next_dagrun for tutorial_taskflow_templates to 2025-06-12T00:00:00+00:00, run_after=2025-06-13T00:00:00+00:00
[2025-06-13T14:32:42.957-0400] {processor.py:208} INFO - Processing /Users/pranavr/.pyenv/versions/3.11.6/lib/python3.11/site-packages/airflow/example_dags/tutorial_taskflow_templates.py took 180.877 seconds
[2025-06-13T14:34:13.101-0400] {processor.py:186} INFO - Started process (PID=9804) to work on /Users/pranavr/.pyenv/versions/3.11.6/lib/python3.11/site-packages/airflow/example_dags/tutorial_taskflow_templates.py
[2025-06-13T14:34:13.103-0400] {processor.py:914} INFO - Processing file /Users/pranavr/.pyenv/versions/3.11.6/lib/python3.11/site-packages/airflow/example_dags/tutorial_taskflow_templates.py for tasks to queue
[2025-06-13T14:34:13.104-0400] {logging_mixin.py:190} INFO - [2025-06-13T14:34:13.103-0400] {dagbag.py:588} INFO - Filling up the DagBag from /Users/pranavr/.pyenv/versions/3.11.6/lib/python3.11/site-packages/airflow/example_dags/tutorial_taskflow_templates.py
[2025-06-13T14:34:13.138-0400] {processor.py:925} INFO - DAG(s) 'tutorial_taskflow_templates' retrieved from /Users/pranavr/.pyenv/versions/3.11.6/lib/python3.11/site-packages/airflow/example_dags/tutorial_taskflow_templates.py
[2025-06-13T14:34:13.225-0400] {logging_mixin.py:190} INFO - [2025-06-13T14:34:13.225-0400] {dag.py:3239} INFO - Sync 1 DAGs
[2025-06-13T14:34:13.234-0400] {logging_mixin.py:190} INFO - [2025-06-13T14:34:13.234-0400] {dag.py:4180} INFO - Setting next_dagrun for tutorial_taskflow_templates to 2025-06-12T00:00:00+00:00, run_after=2025-06-13T00:00:00+00:00
[2025-06-13T14:34:13.245-0400] {processor.py:208} INFO - Processing /Users/pranavr/.pyenv/versions/3.11.6/lib/python3.11/site-packages/airflow/example_dags/tutorial_taskflow_templates.py took 146.149 seconds
[2025-06-13T14:35:45.490-0400] {processor.py:186} INFO - Started process (PID=10186) to work on /Users/pranavr/.pyenv/versions/3.11.6/lib/python3.11/site-packages/airflow/example_dags/tutorial_taskflow_templates.py
[2025-06-13T14:35:45.495-0400] {processor.py:914} INFO - Processing file /Users/pranavr/.pyenv/versions/3.11.6/lib/python3.11/site-packages/airflow/example_dags/tutorial_taskflow_templates.py for tasks to queue
[2025-06-13T14:35:45.496-0400] {logging_mixin.py:190} INFO - [2025-06-13T14:35:45.496-0400] {dagbag.py:588} INFO - Filling up the DagBag from /Users/pranavr/.pyenv/versions/3.11.6/lib/python3.11/site-packages/airflow/example_dags/tutorial_taskflow_templates.py
[2025-06-13T14:35:45.527-0400] {processor.py:925} INFO - DAG(s) 'tutorial_taskflow_templates' retrieved from /Users/pranavr/.pyenv/versions/3.11.6/lib/python3.11/site-packages/airflow/example_dags/tutorial_taskflow_templates.py
[2025-06-13T14:35:45.609-0400] {logging_mixin.py:190} INFO - [2025-06-13T14:35:45.609-0400] {dag.py:3239} INFO - Sync 1 DAGs
[2025-06-13T14:35:45.618-0400] {logging_mixin.py:190} INFO - [2025-06-13T14:35:45.618-0400] {dag.py:4180} INFO - Setting next_dagrun for tutorial_taskflow_templates to 2025-06-12T00:00:00+00:00, run_after=2025-06-13T00:00:00+00:00
[2025-06-13T14:35:45.626-0400] {processor.py:208} INFO - Processing /Users/pranavr/.pyenv/versions/3.11.6/lib/python3.11/site-packages/airflow/example_dags/tutorial_taskflow_templates.py took 147.373 seconds
[2025-06-13T14:37:15.411-0400] {processor.py:186} INFO - Started process (PID=11038) to work on /Users/pranavr/.pyenv/versions/3.11.6/lib/python3.11/site-packages/airflow/example_dags/tutorial_taskflow_templates.py
[2025-06-13T14:37:15.414-0400] {processor.py:914} INFO - Processing file /Users/pranavr/.pyenv/versions/3.11.6/lib/python3.11/site-packages/airflow/example_dags/tutorial_taskflow_templates.py for tasks to queue
[2025-06-13T14:37:15.414-0400] {logging_mixin.py:190} INFO - [2025-06-13T14:37:15.414-0400] {dagbag.py:588} INFO - Filling up the DagBag from /Users/pranavr/.pyenv/versions/3.11.6/lib/python3.11/site-packages/airflow/example_dags/tutorial_taskflow_templates.py
[2025-06-13T14:37:15.449-0400] {processor.py:925} INFO - DAG(s) 'tutorial_taskflow_templates' retrieved from /Users/pranavr/.pyenv/versions/3.11.6/lib/python3.11/site-packages/airflow/example_dags/tutorial_taskflow_templates.py
[2025-06-13T14:37:15.540-0400] {logging_mixin.py:190} INFO - [2025-06-13T14:37:15.539-0400] {dag.py:3239} INFO - Sync 1 DAGs
[2025-06-13T14:37:15.549-0400] {logging_mixin.py:190} INFO - [2025-06-13T14:37:15.549-0400] {dag.py:4180} INFO - Setting next_dagrun for tutorial_taskflow_templates to 2025-06-12T00:00:00+00:00, run_after=2025-06-13T00:00:00+00:00
[2025-06-13T14:37:15.560-0400] {processor.py:208} INFO - Processing /Users/pranavr/.pyenv/versions/3.11.6/lib/python3.11/site-packages/airflow/example_dags/tutorial_taskflow_templates.py took 149.919 seconds
[2025-06-13T14:38:45.385-0400] {processor.py:186} INFO - Started process (PID=11243) to work on /Users/pranavr/.pyenv/versions/3.11.6/lib/python3.11/site-packages/airflow/example_dags/tutorial_taskflow_templates.py
[2025-06-13T14:38:45.387-0400] {processor.py:914} INFO - Processing file /Users/pranavr/.pyenv/versions/3.11.6/lib/python3.11/site-packages/airflow/example_dags/tutorial_taskflow_templates.py for tasks to queue
[2025-06-13T14:38:45.387-0400] {logging_mixin.py:190} INFO - [2025-06-13T14:38:45.387-0400] {dagbag.py:588} INFO - Filling up the DagBag from /Users/pranavr/.pyenv/versions/3.11.6/lib/python3.11/site-packages/airflow/example_dags/tutorial_taskflow_templates.py
[2025-06-13T14:38:45.416-0400] {processor.py:925} INFO - DAG(s) 'tutorial_taskflow_templates' retrieved from /Users/pranavr/.pyenv/versions/3.11.6/lib/python3.11/site-packages/airflow/example_dags/tutorial_taskflow_templates.py
[2025-06-13T14:38:45.503-0400] {logging_mixin.py:190} INFO - [2025-06-13T14:38:45.502-0400] {dag.py:3239} INFO - Sync 1 DAGs
[2025-06-13T14:38:45.512-0400] {logging_mixin.py:190} INFO - [2025-06-13T14:38:45.512-0400] {dag.py:4180} INFO - Setting next_dagrun for tutorial_taskflow_templates to 2025-06-12T00:00:00+00:00, run_after=2025-06-13T00:00:00+00:00
[2025-06-13T14:38:45.522-0400] {processor.py:208} INFO - Processing /Users/pranavr/.pyenv/versions/3.11.6/lib/python3.11/site-packages/airflow/example_dags/tutorial_taskflow_templates.py took 138.870 seconds
[2025-06-13T14:40:06.852-0400] {processor.py:186} INFO - Started process (PID=11539) to work on /Users/pranavr/.pyenv/versions/3.11.6/lib/python3.11/site-packages/airflow/example_dags/tutorial_taskflow_templates.py
[2025-06-13T14:40:06.854-0400] {processor.py:914} INFO - Processing file /Users/pranavr/.pyenv/versions/3.11.6/lib/python3.11/site-packages/airflow/example_dags/tutorial_taskflow_templates.py for tasks to queue
[2025-06-13T14:40:06.854-0400] {logging_mixin.py:190} INFO - [2025-06-13T14:40:06.854-0400] {dagbag.py:588} INFO - Filling up the DagBag from /Users/pranavr/.pyenv/versions/3.11.6/lib/python3.11/site-packages/airflow/example_dags/tutorial_taskflow_templates.py
[2025-06-13T14:40:06.872-0400] {processor.py:925} INFO - DAG(s) 'tutorial_taskflow_templates' retrieved from /Users/pranavr/.pyenv/versions/3.11.6/lib/python3.11/site-packages/airflow/example_dags/tutorial_taskflow_templates.py
[2025-06-13T14:40:06.939-0400] {logging_mixin.py:190} INFO - [2025-06-13T14:40:06.939-0400] {dag.py:3239} INFO - Sync 1 DAGs
[2025-06-13T14:40:06.947-0400] {logging_mixin.py:190} INFO - [2025-06-13T14:40:06.947-0400] {dag.py:4180} INFO - Setting next_dagrun for tutorial_taskflow_templates to 2025-06-12T00:00:00+00:00, run_after=2025-06-13T00:00:00+00:00
[2025-06-13T14:40:06.954-0400] {processor.py:208} INFO - Processing /Users/pranavr/.pyenv/versions/3.11.6/lib/python3.11/site-packages/airflow/example_dags/tutorial_taskflow_templates.py took 103.589 seconds
[2025-06-13T14:41:23.867-0400] {processor.py:186} INFO - Started process (PID=11743) to work on /Users/pranavr/.pyenv/versions/3.11.6/lib/python3.11/site-packages/airflow/example_dags/tutorial_taskflow_templates.py
[2025-06-13T14:41:23.869-0400] {processor.py:914} INFO - Processing file /Users/pranavr/.pyenv/versions/3.11.6/lib/python3.11/site-packages/airflow/example_dags/tutorial_taskflow_templates.py for tasks to queue
[2025-06-13T14:41:23.870-0400] {logging_mixin.py:190} INFO - [2025-06-13T14:41:23.870-0400] {dagbag.py:588} INFO - Filling up the DagBag from /Users/pranavr/.pyenv/versions/3.11.6/lib/python3.11/site-packages/airflow/example_dags/tutorial_taskflow_templates.py
[2025-06-13T14:41:23.886-0400] {processor.py:925} INFO - DAG(s) 'tutorial_taskflow_templates' retrieved from /Users/pranavr/.pyenv/versions/3.11.6/lib/python3.11/site-packages/airflow/example_dags/tutorial_taskflow_templates.py
[2025-06-13T14:41:23.953-0400] {logging_mixin.py:190} INFO - [2025-06-13T14:41:23.952-0400] {dag.py:3239} INFO - Sync 1 DAGs
[2025-06-13T14:41:23.960-0400] {logging_mixin.py:190} INFO - [2025-06-13T14:41:23.960-0400] {dag.py:4180} INFO - Setting next_dagrun for tutorial_taskflow_templates to 2025-06-12T00:00:00+00:00, run_after=2025-06-13T00:00:00+00:00
[2025-06-13T14:41:23.968-0400] {processor.py:208} INFO - Processing /Users/pranavr/.pyenv/versions/3.11.6/lib/python3.11/site-packages/airflow/example_dags/tutorial_taskflow_templates.py took 102.030 seconds
[2025-06-13T14:42:37.623-0400] {processor.py:186} INFO - Started process (PID=11863) to work on /Users/pranavr/.pyenv/versions/3.11.6/lib/python3.11/site-packages/airflow/example_dags/tutorial_taskflow_templates.py
[2025-06-13T14:42:37.625-0400] {processor.py:914} INFO - Processing file /Users/pranavr/.pyenv/versions/3.11.6/lib/python3.11/site-packages/airflow/example_dags/tutorial_taskflow_templates.py for tasks to queue
[2025-06-13T14:42:37.626-0400] {logging_mixin.py:190} INFO - [2025-06-13T14:42:37.626-0400] {dagbag.py:588} INFO - Filling up the DagBag from /Users/pranavr/.pyenv/versions/3.11.6/lib/python3.11/site-packages/airflow/example_dags/tutorial_taskflow_templates.py
[2025-06-13T14:42:37.641-0400] {processor.py:925} INFO - DAG(s) 'tutorial_taskflow_templates' retrieved from /Users/pranavr/.pyenv/versions/3.11.6/lib/python3.11/site-packages/airflow/example_dags/tutorial_taskflow_templates.py
[2025-06-13T14:42:37.704-0400] {logging_mixin.py:190} INFO - [2025-06-13T14:42:37.704-0400] {dag.py:3239} INFO - Sync 1 DAGs
[2025-06-13T14:42:37.711-0400] {logging_mixin.py:190} INFO - [2025-06-13T14:42:37.711-0400] {dag.py:4180} INFO - Setting next_dagrun for tutorial_taskflow_templates to 2025-06-12T00:00:00+00:00, run_after=2025-06-13T00:00:00+00:00
[2025-06-13T14:42:37.718-0400] {processor.py:208} INFO - Processing /Users/pranavr/.pyenv/versions/3.11.6/lib/python3.11/site-packages/airflow/example_dags/tutorial_taskflow_templates.py took 95.827 seconds
[2025-06-13T14:43:51.458-0400] {processor.py:186} INFO - Started process (PID=11988) to work on /Users/pranavr/.pyenv/versions/3.11.6/lib/python3.11/site-packages/airflow/example_dags/tutorial_taskflow_templates.py
[2025-06-13T14:43:51.459-0400] {processor.py:914} INFO - Processing file /Users/pranavr/.pyenv/versions/3.11.6/lib/python3.11/site-packages/airflow/example_dags/tutorial_taskflow_templates.py for tasks to queue
[2025-06-13T14:43:51.460-0400] {logging_mixin.py:190} INFO - [2025-06-13T14:43:51.460-0400] {dagbag.py:588} INFO - Filling up the DagBag from /Users/pranavr/.pyenv/versions/3.11.6/lib/python3.11/site-packages/airflow/example_dags/tutorial_taskflow_templates.py
[2025-06-13T14:43:51.475-0400] {processor.py:925} INFO - DAG(s) 'tutorial_taskflow_templates' retrieved from /Users/pranavr/.pyenv/versions/3.11.6/lib/python3.11/site-packages/airflow/example_dags/tutorial_taskflow_templates.py
[2025-06-13T14:43:51.535-0400] {logging_mixin.py:190} INFO - [2025-06-13T14:43:51.535-0400] {dag.py:3239} INFO - Sync 1 DAGs
[2025-06-13T14:43:51.542-0400] {logging_mixin.py:190} INFO - [2025-06-13T14:43:51.542-0400] {dag.py:4180} INFO - Setting next_dagrun for tutorial_taskflow_templates to 2025-06-12T00:00:00+00:00, run_after=2025-06-13T00:00:00+00:00
[2025-06-13T14:43:51.549-0400] {processor.py:208} INFO - Processing /Users/pranavr/.pyenv/versions/3.11.6/lib/python3.11/site-packages/airflow/example_dags/tutorial_taskflow_templates.py took 92.658 seconds
[2025-06-13T14:45:05.029-0400] {processor.py:186} INFO - Started process (PID=12151) to work on /Users/pranavr/.pyenv/versions/3.11.6/lib/python3.11/site-packages/airflow/example_dags/tutorial_taskflow_templates.py
[2025-06-13T14:45:05.031-0400] {processor.py:914} INFO - Processing file /Users/pranavr/.pyenv/versions/3.11.6/lib/python3.11/site-packages/airflow/example_dags/tutorial_taskflow_templates.py for tasks to queue
[2025-06-13T14:45:05.032-0400] {logging_mixin.py:190} INFO - [2025-06-13T14:45:05.032-0400] {dagbag.py:588} INFO - Filling up the DagBag from /Users/pranavr/.pyenv/versions/3.11.6/lib/python3.11/site-packages/airflow/example_dags/tutorial_taskflow_templates.py
[2025-06-13T14:45:05.048-0400] {processor.py:925} INFO - DAG(s) 'tutorial_taskflow_templates' retrieved from /Users/pranavr/.pyenv/versions/3.11.6/lib/python3.11/site-packages/airflow/example_dags/tutorial_taskflow_templates.py
[2025-06-13T14:45:05.115-0400] {logging_mixin.py:190} INFO - [2025-06-13T14:45:05.115-0400] {dag.py:3239} INFO - Sync 1 DAGs
[2025-06-13T14:45:05.123-0400] {logging_mixin.py:190} INFO - [2025-06-13T14:45:05.123-0400] {dag.py:4180} INFO - Setting next_dagrun for tutorial_taskflow_templates to 2025-06-12T00:00:00+00:00, run_after=2025-06-13T00:00:00+00:00
[2025-06-13T14:45:05.131-0400] {processor.py:208} INFO - Processing /Users/pranavr/.pyenv/versions/3.11.6/lib/python3.11/site-packages/airflow/example_dags/tutorial_taskflow_templates.py took 102.928 seconds
[2025-06-13T14:46:16.979-0400] {processor.py:186} INFO - Started process (PID=12313) to work on /Users/pranavr/.pyenv/versions/3.11.6/lib/python3.11/site-packages/airflow/example_dags/tutorial_taskflow_templates.py
[2025-06-13T14:46:16.980-0400] {processor.py:914} INFO - Processing file /Users/pranavr/.pyenv/versions/3.11.6/lib/python3.11/site-packages/airflow/example_dags/tutorial_taskflow_templates.py for tasks to queue
[2025-06-13T14:46:16.981-0400] {logging_mixin.py:190} INFO - [2025-06-13T14:46:16.981-0400] {dagbag.py:588} INFO - Filling up the DagBag from /Users/pranavr/.pyenv/versions/3.11.6/lib/python3.11/site-packages/airflow/example_dags/tutorial_taskflow_templates.py
[2025-06-13T14:46:16.998-0400] {processor.py:925} INFO - DAG(s) 'tutorial_taskflow_templates' retrieved from /Users/pranavr/.pyenv/versions/3.11.6/lib/python3.11/site-packages/airflow/example_dags/tutorial_taskflow_templates.py
[2025-06-13T14:46:17.069-0400] {logging_mixin.py:190} INFO - [2025-06-13T14:46:17.069-0400] {dag.py:3239} INFO - Sync 1 DAGs
[2025-06-13T14:46:17.078-0400] {logging_mixin.py:190} INFO - [2025-06-13T14:46:17.078-0400] {dag.py:4180} INFO - Setting next_dagrun for tutorial_taskflow_templates to 2025-06-12T00:00:00+00:00, run_after=2025-06-13T00:00:00+00:00
[2025-06-13T14:46:17.088-0400] {processor.py:208} INFO - Processing /Users/pranavr/.pyenv/versions/3.11.6/lib/python3.11/site-packages/airflow/example_dags/tutorial_taskflow_templates.py took 110.099 seconds
[2025-06-13T14:47:28.790-0400] {processor.py:186} INFO - Started process (PID=12404) to work on /Users/pranavr/.pyenv/versions/3.11.6/lib/python3.11/site-packages/airflow/example_dags/tutorial_taskflow_templates.py
[2025-06-13T14:47:28.792-0400] {processor.py:914} INFO - Processing file /Users/pranavr/.pyenv/versions/3.11.6/lib/python3.11/site-packages/airflow/example_dags/tutorial_taskflow_templates.py for tasks to queue
[2025-06-13T14:47:28.792-0400] {logging_mixin.py:190} INFO - [2025-06-13T14:47:28.792-0400] {dagbag.py:588} INFO - Filling up the DagBag from /Users/pranavr/.pyenv/versions/3.11.6/lib/python3.11/site-packages/airflow/example_dags/tutorial_taskflow_templates.py
[2025-06-13T14:47:28.807-0400] {processor.py:925} INFO - DAG(s) 'tutorial_taskflow_templates' retrieved from /Users/pranavr/.pyenv/versions/3.11.6/lib/python3.11/site-packages/airflow/example_dags/tutorial_taskflow_templates.py
[2025-06-13T14:47:28.872-0400] {logging_mixin.py:190} INFO - [2025-06-13T14:47:28.872-0400] {dag.py:3239} INFO - Sync 1 DAGs
[2025-06-13T14:47:28.879-0400] {logging_mixin.py:190} INFO - [2025-06-13T14:47:28.879-0400] {dag.py:4180} INFO - Setting next_dagrun for tutorial_taskflow_templates to 2025-06-12T00:00:00+00:00, run_after=2025-06-13T00:00:00+00:00
[2025-06-13T14:47:28.886-0400] {processor.py:208} INFO - Processing /Users/pranavr/.pyenv/versions/3.11.6/lib/python3.11/site-packages/airflow/example_dags/tutorial_taskflow_templates.py took 96.709 seconds
[2025-06-13T14:48:44.966-0400] {processor.py:186} INFO - Started process (PID=12516) to work on /Users/pranavr/.pyenv/versions/3.11.6/lib/python3.11/site-packages/airflow/example_dags/tutorial_taskflow_templates.py
[2025-06-13T14:48:44.968-0400] {processor.py:914} INFO - Processing file /Users/pranavr/.pyenv/versions/3.11.6/lib/python3.11/site-packages/airflow/example_dags/tutorial_taskflow_templates.py for tasks to queue
[2025-06-13T14:48:44.969-0400] {logging_mixin.py:190} INFO - [2025-06-13T14:48:44.968-0400] {dagbag.py:588} INFO - Filling up the DagBag from /Users/pranavr/.pyenv/versions/3.11.6/lib/python3.11/site-packages/airflow/example_dags/tutorial_taskflow_templates.py
[2025-06-13T14:48:44.985-0400] {processor.py:925} INFO - DAG(s) 'tutorial_taskflow_templates' retrieved from /Users/pranavr/.pyenv/versions/3.11.6/lib/python3.11/site-packages/airflow/example_dags/tutorial_taskflow_templates.py
[2025-06-13T14:48:45.045-0400] {logging_mixin.py:190} INFO - [2025-06-13T14:48:45.045-0400] {dag.py:3239} INFO - Sync 1 DAGs
[2025-06-13T14:48:45.053-0400] {logging_mixin.py:190} INFO - [2025-06-13T14:48:45.053-0400] {dag.py:4180} INFO - Setting next_dagrun for tutorial_taskflow_templates to 2025-06-12T00:00:00+00:00, run_after=2025-06-13T00:00:00+00:00
[2025-06-13T14:48:45.059-0400] {processor.py:208} INFO - Processing /Users/pranavr/.pyenv/versions/3.11.6/lib/python3.11/site-packages/airflow/example_dags/tutorial_taskflow_templates.py took 94.141 seconds
[2025-06-13T14:49:57.961-0400] {processor.py:186} INFO - Started process (PID=12655) to work on /Users/pranavr/.pyenv/versions/3.11.6/lib/python3.11/site-packages/airflow/example_dags/tutorial_taskflow_templates.py
[2025-06-13T14:49:57.963-0400] {processor.py:914} INFO - Processing file /Users/pranavr/.pyenv/versions/3.11.6/lib/python3.11/site-packages/airflow/example_dags/tutorial_taskflow_templates.py for tasks to queue
[2025-06-13T14:49:57.964-0400] {logging_mixin.py:190} INFO - [2025-06-13T14:49:57.964-0400] {dagbag.py:588} INFO - Filling up the DagBag from /Users/pranavr/.pyenv/versions/3.11.6/lib/python3.11/site-packages/airflow/example_dags/tutorial_taskflow_templates.py
[2025-06-13T14:49:57.988-0400] {processor.py:925} INFO - DAG(s) 'tutorial_taskflow_templates' retrieved from /Users/pranavr/.pyenv/versions/3.11.6/lib/python3.11/site-packages/airflow/example_dags/tutorial_taskflow_templates.py
[2025-06-13T14:49:58.058-0400] {logging_mixin.py:190} INFO - [2025-06-13T14:49:58.058-0400] {dag.py:3239} INFO - Sync 1 DAGs
[2025-06-13T14:49:58.066-0400] {logging_mixin.py:190} INFO - [2025-06-13T14:49:58.066-0400] {dag.py:4180} INFO - Setting next_dagrun for tutorial_taskflow_templates to 2025-06-12T00:00:00+00:00, run_after=2025-06-13T00:00:00+00:00
[2025-06-13T14:49:58.073-0400] {processor.py:208} INFO - Processing /Users/pranavr/.pyenv/versions/3.11.6/lib/python3.11/site-packages/airflow/example_dags/tutorial_taskflow_templates.py took 113.045 seconds
[2025-06-13T14:51:11.339-0400] {processor.py:186} INFO - Started process (PID=12759) to work on /Users/pranavr/.pyenv/versions/3.11.6/lib/python3.11/site-packages/airflow/example_dags/tutorial_taskflow_templates.py
[2025-06-13T14:51:11.340-0400] {processor.py:914} INFO - Processing file /Users/pranavr/.pyenv/versions/3.11.6/lib/python3.11/site-packages/airflow/example_dags/tutorial_taskflow_templates.py for tasks to queue
[2025-06-13T14:51:11.341-0400] {logging_mixin.py:190} INFO - [2025-06-13T14:51:11.341-0400] {dagbag.py:588} INFO - Filling up the DagBag from /Users/pranavr/.pyenv/versions/3.11.6/lib/python3.11/site-packages/airflow/example_dags/tutorial_taskflow_templates.py
[2025-06-13T14:51:11.359-0400] {processor.py:925} INFO - DAG(s) 'tutorial_taskflow_templates' retrieved from /Users/pranavr/.pyenv/versions/3.11.6/lib/python3.11/site-packages/airflow/example_dags/tutorial_taskflow_templates.py
[2025-06-13T14:51:11.419-0400] {logging_mixin.py:190} INFO - [2025-06-13T14:51:11.419-0400] {dag.py:3239} INFO - Sync 1 DAGs
[2025-06-13T14:51:11.426-0400] {logging_mixin.py:190} INFO - [2025-06-13T14:51:11.426-0400] {dag.py:4180} INFO - Setting next_dagrun for tutorial_taskflow_templates to 2025-06-12T00:00:00+00:00, run_after=2025-06-13T00:00:00+00:00
[2025-06-13T14:51:11.433-0400] {processor.py:208} INFO - Processing /Users/pranavr/.pyenv/versions/3.11.6/lib/python3.11/site-packages/airflow/example_dags/tutorial_taskflow_templates.py took 94.931 seconds
[2025-06-13T14:52:27.584-0400] {processor.py:186} INFO - Started process (PID=14014) to work on /Users/pranavr/.pyenv/versions/3.11.6/lib/python3.11/site-packages/airflow/example_dags/tutorial_taskflow_templates.py
[2025-06-13T14:52:27.586-0400] {processor.py:914} INFO - Processing file /Users/pranavr/.pyenv/versions/3.11.6/lib/python3.11/site-packages/airflow/example_dags/tutorial_taskflow_templates.py for tasks to queue
[2025-06-13T14:52:27.587-0400] {logging_mixin.py:190} INFO - [2025-06-13T14:52:27.587-0400] {dagbag.py:588} INFO - Filling up the DagBag from /Users/pranavr/.pyenv/versions/3.11.6/lib/python3.11/site-packages/airflow/example_dags/tutorial_taskflow_templates.py
[2025-06-13T14:52:27.602-0400] {processor.py:925} INFO - DAG(s) 'tutorial_taskflow_templates' retrieved from /Users/pranavr/.pyenv/versions/3.11.6/lib/python3.11/site-packages/airflow/example_dags/tutorial_taskflow_templates.py
[2025-06-13T14:52:27.663-0400] {logging_mixin.py:190} INFO - [2025-06-13T14:52:27.663-0400] {dag.py:3239} INFO - Sync 1 DAGs
[2025-06-13T14:52:27.671-0400] {logging_mixin.py:190} INFO - [2025-06-13T14:52:27.671-0400] {dag.py:4180} INFO - Setting next_dagrun for tutorial_taskflow_templates to 2025-06-12T00:00:00+00:00, run_after=2025-06-13T00:00:00+00:00
[2025-06-13T14:52:27.677-0400] {processor.py:208} INFO - Processing /Users/pranavr/.pyenv/versions/3.11.6/lib/python3.11/site-packages/airflow/example_dags/tutorial_taskflow_templates.py took 94.790 seconds
[2025-06-13T14:53:41.716-0400] {processor.py:186} INFO - Started process (PID=14104) to work on /Users/pranavr/.pyenv/versions/3.11.6/lib/python3.11/site-packages/airflow/example_dags/tutorial_taskflow_templates.py
[2025-06-13T14:53:41.717-0400] {processor.py:914} INFO - Processing file /Users/pranavr/.pyenv/versions/3.11.6/lib/python3.11/site-packages/airflow/example_dags/tutorial_taskflow_templates.py for tasks to queue
[2025-06-13T14:53:41.718-0400] {logging_mixin.py:190} INFO - [2025-06-13T14:53:41.718-0400] {dagbag.py:588} INFO - Filling up the DagBag from /Users/pranavr/.pyenv/versions/3.11.6/lib/python3.11/site-packages/airflow/example_dags/tutorial_taskflow_templates.py
[2025-06-13T14:53:41.734-0400] {processor.py:925} INFO - DAG(s) 'tutorial_taskflow_templates' retrieved from /Users/pranavr/.pyenv/versions/3.11.6/lib/python3.11/site-packages/airflow/example_dags/tutorial_taskflow_templates.py
[2025-06-13T14:53:41.795-0400] {logging_mixin.py:190} INFO - [2025-06-13T14:53:41.795-0400] {dag.py:3239} INFO - Sync 1 DAGs
[2025-06-13T14:53:41.803-0400] {logging_mixin.py:190} INFO - [2025-06-13T14:53:41.803-0400] {dag.py:4180} INFO - Setting next_dagrun for tutorial_taskflow_templates to 2025-06-12T00:00:00+00:00, run_after=2025-06-13T00:00:00+00:00
[2025-06-13T14:53:41.810-0400] {processor.py:208} INFO - Processing /Users/pranavr/.pyenv/versions/3.11.6/lib/python3.11/site-packages/airflow/example_dags/tutorial_taskflow_templates.py took 94.928 seconds
[2025-06-13T14:54:58.654-0400] {processor.py:186} INFO - Started process (PID=14219) to work on /Users/pranavr/.pyenv/versions/3.11.6/lib/python3.11/site-packages/airflow/example_dags/tutorial_taskflow_templates.py
[2025-06-13T14:54:58.657-0400] {processor.py:914} INFO - Processing file /Users/pranavr/.pyenv/versions/3.11.6/lib/python3.11/site-packages/airflow/example_dags/tutorial_taskflow_templates.py for tasks to queue
[2025-06-13T14:54:58.657-0400] {logging_mixin.py:190} INFO - [2025-06-13T14:54:58.657-0400] {dagbag.py:588} INFO - Filling up the DagBag from /Users/pranavr/.pyenv/versions/3.11.6/lib/python3.11/site-packages/airflow/example_dags/tutorial_taskflow_templates.py
[2025-06-13T14:54:58.674-0400] {processor.py:925} INFO - DAG(s) 'tutorial_taskflow_templates' retrieved from /Users/pranavr/.pyenv/versions/3.11.6/lib/python3.11/site-packages/airflow/example_dags/tutorial_taskflow_templates.py
[2025-06-13T14:54:58.740-0400] {logging_mixin.py:190} INFO - [2025-06-13T14:54:58.740-0400] {dag.py:3239} INFO - Sync 1 DAGs
[2025-06-13T14:54:58.747-0400] {logging_mixin.py:190} INFO - [2025-06-13T14:54:58.747-0400] {dag.py:4180} INFO - Setting next_dagrun for tutorial_taskflow_templates to 2025-06-12T00:00:00+00:00, run_after=2025-06-13T00:00:00+00:00
[2025-06-13T14:54:58.755-0400] {processor.py:208} INFO - Processing /Users/pranavr/.pyenv/versions/3.11.6/lib/python3.11/site-packages/airflow/example_dags/tutorial_taskflow_templates.py took 101.793 seconds
[2025-06-13T14:56:16.844-0400] {processor.py:186} INFO - Started process (PID=14369) to work on /Users/pranavr/.pyenv/versions/3.11.6/lib/python3.11/site-packages/airflow/example_dags/tutorial_taskflow_templates.py
[2025-06-13T14:56:16.846-0400] {processor.py:914} INFO - Processing file /Users/pranavr/.pyenv/versions/3.11.6/lib/python3.11/site-packages/airflow/example_dags/tutorial_taskflow_templates.py for tasks to queue
[2025-06-13T14:56:16.847-0400] {logging_mixin.py:190} INFO - [2025-06-13T14:56:16.847-0400] {dagbag.py:588} INFO - Filling up the DagBag from /Users/pranavr/.pyenv/versions/3.11.6/lib/python3.11/site-packages/airflow/example_dags/tutorial_taskflow_templates.py
[2025-06-13T14:56:16.867-0400] {processor.py:925} INFO - DAG(s) 'tutorial_taskflow_templates' retrieved from /Users/pranavr/.pyenv/versions/3.11.6/lib/python3.11/site-packages/airflow/example_dags/tutorial_taskflow_templates.py
[2025-06-13T14:56:16.931-0400] {logging_mixin.py:190} INFO - [2025-06-13T14:56:16.931-0400] {dag.py:3239} INFO - Sync 1 DAGs
[2025-06-13T14:56:16.938-0400] {logging_mixin.py:190} INFO - [2025-06-13T14:56:16.938-0400] {dag.py:4180} INFO - Setting next_dagrun for tutorial_taskflow_templates to 2025-06-12T00:00:00+00:00, run_after=2025-06-13T00:00:00+00:00
[2025-06-13T14:56:16.944-0400] {processor.py:208} INFO - Processing /Users/pranavr/.pyenv/versions/3.11.6/lib/python3.11/site-packages/airflow/example_dags/tutorial_taskflow_templates.py took 102.085 seconds
[2025-06-13T14:57:30.205-0400] {processor.py:186} INFO - Started process (PID=14478) to work on /Users/pranavr/.pyenv/versions/3.11.6/lib/python3.11/site-packages/airflow/example_dags/tutorial_taskflow_templates.py
[2025-06-13T14:57:30.207-0400] {processor.py:914} INFO - Processing file /Users/pranavr/.pyenv/versions/3.11.6/lib/python3.11/site-packages/airflow/example_dags/tutorial_taskflow_templates.py for tasks to queue
[2025-06-13T14:57:30.207-0400] {logging_mixin.py:190} INFO - [2025-06-13T14:57:30.207-0400] {dagbag.py:588} INFO - Filling up the DagBag from /Users/pranavr/.pyenv/versions/3.11.6/lib/python3.11/site-packages/airflow/example_dags/tutorial_taskflow_templates.py
[2025-06-13T14:57:30.223-0400] {processor.py:925} INFO - DAG(s) 'tutorial_taskflow_templates' retrieved from /Users/pranavr/.pyenv/versions/3.11.6/lib/python3.11/site-packages/airflow/example_dags/tutorial_taskflow_templates.py
[2025-06-13T14:57:30.285-0400] {logging_mixin.py:190} INFO - [2025-06-13T14:57:30.285-0400] {dag.py:3239} INFO - Sync 1 DAGs
[2025-06-13T14:57:30.293-0400] {logging_mixin.py:190} INFO - [2025-06-13T14:57:30.293-0400] {dag.py:4180} INFO - Setting next_dagrun for tutorial_taskflow_templates to 2025-06-12T00:00:00+00:00, run_after=2025-06-13T00:00:00+00:00
[2025-06-13T14:57:30.299-0400] {processor.py:208} INFO - Processing /Users/pranavr/.pyenv/versions/3.11.6/lib/python3.11/site-packages/airflow/example_dags/tutorial_taskflow_templates.py took 95.596 seconds
[2025-06-13T14:58:55.106-0400] {processor.py:186} INFO - Started process (PID=14713) to work on /Users/pranavr/.pyenv/versions/3.11.6/lib/python3.11/site-packages/airflow/example_dags/tutorial_taskflow_templates.py
[2025-06-13T14:58:55.108-0400] {processor.py:914} INFO - Processing file /Users/pranavr/.pyenv/versions/3.11.6/lib/python3.11/site-packages/airflow/example_dags/tutorial_taskflow_templates.py for tasks to queue
[2025-06-13T14:58:55.108-0400] {logging_mixin.py:190} INFO - [2025-06-13T14:58:55.108-0400] {dagbag.py:588} INFO - Filling up the DagBag from /Users/pranavr/.pyenv/versions/3.11.6/lib/python3.11/site-packages/airflow/example_dags/tutorial_taskflow_templates.py
[2025-06-13T14:58:55.137-0400] {processor.py:925} INFO - DAG(s) 'tutorial_taskflow_templates' retrieved from /Users/pranavr/.pyenv/versions/3.11.6/lib/python3.11/site-packages/airflow/example_dags/tutorial_taskflow_templates.py
[2025-06-13T14:58:55.212-0400] {logging_mixin.py:190} INFO - [2025-06-13T14:58:55.212-0400] {dag.py:3239} INFO - Sync 1 DAGs
[2025-06-13T14:58:55.221-0400] {logging_mixin.py:190} INFO - [2025-06-13T14:58:55.221-0400] {dag.py:4180} INFO - Setting next_dagrun for tutorial_taskflow_templates to 2025-06-12T00:00:00+00:00, run_after=2025-06-13T00:00:00+00:00
[2025-06-13T14:58:55.231-0400] {processor.py:208} INFO - Processing /Users/pranavr/.pyenv/versions/3.11.6/lib/python3.11/site-packages/airflow/example_dags/tutorial_taskflow_templates.py took 126.722 seconds
[2025-06-13T15:00:25.054-0400] {processor.py:186} INFO - Started process (PID=15013) to work on /Users/pranavr/.pyenv/versions/3.11.6/lib/python3.11/site-packages/airflow/example_dags/tutorial_taskflow_templates.py
[2025-06-13T15:00:25.056-0400] {processor.py:914} INFO - Processing file /Users/pranavr/.pyenv/versions/3.11.6/lib/python3.11/site-packages/airflow/example_dags/tutorial_taskflow_templates.py for tasks to queue
[2025-06-13T15:00:25.057-0400] {logging_mixin.py:190} INFO - [2025-06-13T15:00:25.056-0400] {dagbag.py:588} INFO - Filling up the DagBag from /Users/pranavr/.pyenv/versions/3.11.6/lib/python3.11/site-packages/airflow/example_dags/tutorial_taskflow_templates.py
[2025-06-13T15:00:25.079-0400] {processor.py:925} INFO - DAG(s) 'tutorial_taskflow_templates' retrieved from /Users/pranavr/.pyenv/versions/3.11.6/lib/python3.11/site-packages/airflow/example_dags/tutorial_taskflow_templates.py
[2025-06-13T15:00:25.155-0400] {logging_mixin.py:190} INFO - [2025-06-13T15:00:25.155-0400] {dag.py:3239} INFO - Sync 1 DAGs
[2025-06-13T15:00:25.164-0400] {logging_mixin.py:190} INFO - [2025-06-13T15:00:25.164-0400] {dag.py:4180} INFO - Setting next_dagrun for tutorial_taskflow_templates to 2025-06-12T00:00:00+00:00, run_after=2025-06-13T00:00:00+00:00
[2025-06-13T15:00:25.173-0400] {processor.py:208} INFO - Processing /Users/pranavr/.pyenv/versions/3.11.6/lib/python3.11/site-packages/airflow/example_dags/tutorial_taskflow_templates.py took 120.818 seconds
[2025-06-13T15:02:25.680-0400] {processor.py:186} INFO - Started process (PID=15283) to work on /Users/pranavr/.pyenv/versions/3.11.6/lib/python3.11/site-packages/airflow/example_dags/tutorial_taskflow_templates.py
[2025-06-13T15:02:25.683-0400] {processor.py:914} INFO - Processing file /Users/pranavr/.pyenv/versions/3.11.6/lib/python3.11/site-packages/airflow/example_dags/tutorial_taskflow_templates.py for tasks to queue
[2025-06-13T15:02:25.683-0400] {logging_mixin.py:190} INFO - [2025-06-13T15:02:25.683-0400] {dagbag.py:588} INFO - Filling up the DagBag from /Users/pranavr/.pyenv/versions/3.11.6/lib/python3.11/site-packages/airflow/example_dags/tutorial_taskflow_templates.py
[2025-06-13T15:02:25.711-0400] {processor.py:925} INFO - DAG(s) 'tutorial_taskflow_templates' retrieved from /Users/pranavr/.pyenv/versions/3.11.6/lib/python3.11/site-packages/airflow/example_dags/tutorial_taskflow_templates.py
[2025-06-13T15:02:25.785-0400] {logging_mixin.py:190} INFO - [2025-06-13T15:02:25.785-0400] {dag.py:3239} INFO - Sync 1 DAGs
[2025-06-13T15:02:25.795-0400] {logging_mixin.py:190} INFO - [2025-06-13T15:02:25.795-0400] {dag.py:4180} INFO - Setting next_dagrun for tutorial_taskflow_templates to 2025-06-12T00:00:00+00:00, run_after=2025-06-13T00:00:00+00:00
[2025-06-13T15:02:25.803-0400] {processor.py:208} INFO - Processing /Users/pranavr/.pyenv/versions/3.11.6/lib/python3.11/site-packages/airflow/example_dags/tutorial_taskflow_templates.py took 123.780 seconds
